[INFO] Scanning for projects...
[WARNING] The project org.togglz.benchmark:togglz-benchmarks:jar:3.2.1-SNAPSHOT uses prerequisites which is only intended for maven-plugin projects but not for non maven-plugin projects. For such purposes you should use the maven-enforcer-plugin. See https://maven.apache.org/enforcer/enforcer-rules/requireMavenVersion.html
[INFO] ------------------------------------------------------------------------
[INFO] Reactor Build Order:
[INFO] 
[INFO] Togglz                                                             [pom]
[INFO] Togglz - Core Framework                                            [jar]
[INFO] Togglz - Test Harness                                              [jar]
[INFO] Togglz - Servlet integration                                       [jar]
[INFO] Togglz - Admin Console                                             [jar]
[INFO] Togglz - CDI integration                                           [jar]
[INFO] Togglz - Guice integration                                         [jar]
[INFO] Togglz - Spring Framework integration                              [jar]
[INFO] Togglz - Spring Web integration                                    [jar]
[INFO] Togglz - Spring Security integration                               [jar]
[INFO] Togglz - Spring Boot POM                                           [pom]
[INFO] Togglz - Spring Boot Starter                                       [jar]
[INFO] Togglz - DeltaSpike integration                                    [jar]
[INFO] Togglz - Apache Shiro integration                                  [jar]
[INFO] Togglz - Google App Engine Integration                             [jar]
[INFO] Togglz - Google Cloud Datastore Integration                        [jar]
[INFO] Togglz - Google Cloud Storage Integration                          [jar]
[INFO] Togglz - MongoDB integration                                       [jar]
[INFO] Togglz - Testing Support                                           [jar]
[INFO] Togglz - JUnit integration                                         [jar]
[INFO] Togglz - Spock integration                                         [jar]
[INFO] Togglz - Cassandra integration                                     [jar]
[INFO] Togglz - Hazelcast integration                                     [jar]
[INFO] Togglz - Apache Zookeeper Integration                              [jar]
[INFO] Togglz - DynamoDB integration                                      [jar]
[INFO] Togglz - Amazon S3 integration                                     [jar]
[INFO] Togglz - JMH benchmarks                                            [jar]
[INFO] Togglz - Slack integration                                         [jar]
[INFO] Togglz - Redis integration                                         [jar]
[INFO] Togglz - Kotlin wrapper                                            [jar]
[INFO] Togglz Samples                                                     [pom]
[INFO] Togglz Sample Spring Boot Hello World                              [jar]
[INFO] Togglz Sample Spring Boot Hello World Feature Enum                 [jar]
[INFO] Togglz Sample Spring Boot No Feature Provider Or Feature Enums     [jar]
[INFO] Togglz Sample Spring Boot Security                                 [jar]
[INFO] Togglz Sample Spring Boot Thymeleaf                                [jar]
[INFO] spring-boot-war                                                    [war]
[INFO] 
[INFO] ---------------------< org.togglz:togglz-project >----------------------
[INFO] Building Togglz 3.2.1-SNAPSHOT                                    [1/37]
[INFO] --------------------------------[ pom ]---------------------------------
[INFO] 
[INFO] --- maven-clean-plugin:2.5:clean (default-clean) @ togglz-project ---
[INFO] 
[INFO] --- maven-enforcer-plugin:1.0:enforce (enforce-maven) @ togglz-project ---
[INFO] 
[INFO] --- jacoco-maven-plugin:0.8.8:prepare-agent (default) @ togglz-project ---
[INFO] argLine set to -javaagent:/home/gabsko/.m2/repository/org/jacoco/org.jacoco.agent/0.8.8/org.jacoco.agent-0.8.8-runtime.jar=destfile=/home/gabsko/breaking-updates/target/jacoco.exec
[INFO] 
[INFO] --- maven-dependency-plugin:3.3.0:unpack (unpack-wildfly) @ togglz-project ---
[INFO] Configured Artifact: org.wildfly:wildfly-dist:22.0.1.Final:zip
[INFO] Downloading from central: https://repo.maven.apache.org/maven2/org/wildfly/wildfly-dist/22.0.1.Final/wildfly-dist-22.0.1.Final.pom
[INFO] Downloaded from central: https://repo.maven.apache.org/maven2/org/wildfly/wildfly-dist/22.0.1.Final/wildfly-dist-22.0.1.Final.pom (13 kB at 47 kB/s)
[INFO] Downloading from central: https://repo.maven.apache.org/maven2/org/wildfly/wildfly-parent/22.0.1.Final/wildfly-parent-22.0.1.Final.pom
[INFO] Downloaded from central: https://repo.maven.apache.org/maven2/org/wildfly/wildfly-parent/22.0.1.Final/wildfly-parent-22.0.1.Final.pom (462 kB at 2.0 MB/s)
[INFO] Downloading from central: https://repo.maven.apache.org/maven2/org/wildfly/core/wildfly-core-parent/14.0.1.Final/wildfly-core-parent-14.0.1.Final.pom
[INFO] Downloaded from central: https://repo.maven.apache.org/maven2/org/wildfly/core/wildfly-core-parent/14.0.1.Final/wildfly-core-parent-14.0.1.Final.pom (125 kB at 1.1 MB/s)
[INFO] Downloading from central: https://repo.maven.apache.org/maven2/org/wildfly/wildfly-dist/22.0.1.Final/wildfly-dist-22.0.1.Final.zip
[INFO] Downloaded from central: https://repo.maven.apache.org/maven2/org/wildfly/wildfly-dist/22.0.1.Final/wildfly-dist-22.0.1.Final.zip (203 MB at 21 MB/s)
[INFO] Unpacking /home/gabsko/.m2/repository/org/wildfly/wildfly-dist/22.0.1.Final/wildfly-dist-22.0.1.Final.zip to /home/gabsko/breaking-updates/target/container with includes "" and excludes ""
[INFO] 
[INFO] --- jacoco-maven-plugin:0.8.8:report (report) @ togglz-project ---
[INFO] Skipping JaCoCo execution due to missing execution data file.
[INFO] 
[INFO] -----------------------< org.togglz:togglz-core >-----------------------
[INFO] Building Togglz - Core Framework 3.2.1-SNAPSHOT                   [2/37]
[INFO] --------------------------------[ jar ]---------------------------------
[INFO] 
[INFO] --- maven-clean-plugin:2.5:clean (default-clean) @ togglz-core ---
[INFO] Deleting /home/gabsko/breaking-updates/core/target
[INFO] 
[INFO] --- maven-enforcer-plugin:1.0:enforce (enforce-maven) @ togglz-core ---
[INFO] 
[INFO] --- jacoco-maven-plugin:0.8.8:prepare-agent (default) @ togglz-core ---
[INFO] argLine set to -javaagent:/home/gabsko/.m2/repository/org/jacoco/org.jacoco.agent/0.8.8/org.jacoco.agent-0.8.8-runtime.jar=destfile=/home/gabsko/breaking-updates/core/target/jacoco.exec
[INFO] 
[INFO] --- maven-resources-plugin:2.6:resources (default-resources) @ togglz-core ---
[INFO] Using 'UTF-8' encoding to copy filtered resources.
[INFO] Copying 2 resources
[INFO] 
[INFO] --- maven-compiler-plugin:3.10.1:compile (default-compile) @ togglz-core ---
[INFO] Changes detected - recompiling the module!
[INFO] Compiling 93 source files to /home/gabsko/breaking-updates/core/target/classes
[INFO] /home/gabsko/breaking-updates/core/src/main/java/org/togglz/core/proxy/ByteBuddyProxyFactory.java: Some input files use or override a deprecated API.
[INFO] /home/gabsko/breaking-updates/core/src/main/java/org/togglz/core/proxy/ByteBuddyProxyFactory.java: Recompile with -Xlint:deprecation for details.
[INFO] /home/gabsko/breaking-updates/core/src/main/java/org/togglz/core/manager/FeatureManagerBuilder.java: Some input files use unchecked or unsafe operations.
[INFO] /home/gabsko/breaking-updates/core/src/main/java/org/togglz/core/manager/FeatureManagerBuilder.java: Recompile with -Xlint:unchecked for details.
[INFO] 
[INFO] --- maven-resources-plugin:2.6:testResources (default-testResources) @ togglz-core ---
[INFO] Using 'UTF-8' encoding to copy filtered resources.
[INFO] Copying 1 resource
[INFO] 
[INFO] --- maven-compiler-plugin:3.10.1:testCompile (default-testCompile) @ togglz-core ---
[INFO] Changes detected - recompiling the module!
[INFO] Compiling 41 source files to /home/gabsko/breaking-updates/core/target/test-classes
[INFO] /home/gabsko/breaking-updates/core/src/test/java/org/togglz/core/repository/FeatureStateTest.java: /home/gabsko/breaking-updates/core/src/test/java/org/togglz/core/repository/FeatureStateTest.java uses or overrides a deprecated API.
[INFO] /home/gabsko/breaking-updates/core/src/test/java/org/togglz/core/repository/FeatureStateTest.java: Recompile with -Xlint:deprecation for details.
[INFO] /home/gabsko/breaking-updates/core/src/test/java/org/togglz/core/manager/EnumBasedFeatureProviderTest.java: /home/gabsko/breaking-updates/core/src/test/java/org/togglz/core/manager/EnumBasedFeatureProviderTest.java uses unchecked or unsafe operations.
[INFO] /home/gabsko/breaking-updates/core/src/test/java/org/togglz/core/manager/EnumBasedFeatureProviderTest.java: Recompile with -Xlint:unchecked for details.
[INFO] 
[INFO] --- maven-surefire-plugin:2.22.2:test (default-test) @ togglz-core ---
[INFO] 
[INFO] -------------------------------------------------------
[INFO]  T E S T S
[INFO] -------------------------------------------------------
[INFO] Running org.togglz.core.user.SingleUserProviderTest
[INFO] Tests run: 1, Failures: 0, Errors: 0, Skipped: 0, Time elapsed: 0.053 s - in org.togglz.core.user.SingleUserProviderTest
[INFO] Running org.togglz.core.context.ContextClassLoaderFeatureManagerProviderTest
[INFO] Tests run: 1, Failures: 0, Errors: 0, Skipped: 0, Time elapsed: 0 s - in org.togglz.core.context.ContextClassLoaderFeatureManagerProviderTest
[INFO] Running org.togglz.core.context.ThreadLocalFeatureManagerProviderTest
[INFO] Tests run: 2, Failures: 0, Errors: 0, Skipped: 0, Time elapsed: 0.177 s - in org.togglz.core.context.ThreadLocalFeatureManagerProviderTest
[INFO] Running org.togglz.core.metadata.enums.AnnotationFeatureGroupTest
[INFO] Tests run: 4, Failures: 0, Errors: 0, Skipped: 0, Time elapsed: 0.001 s - in org.togglz.core.metadata.enums.AnnotationFeatureGroupTest
[INFO] Running org.togglz.core.metadata.enums.EnumFeatureMetaDataTest
[INFO] Tests run: 4, Failures: 0, Errors: 0, Skipped: 0, Time elapsed: 0.001 s - in org.togglz.core.metadata.enums.EnumFeatureMetaDataTest
[INFO] Running org.togglz.core.repository.file.FileBasedRepositoryPerformanceTest
[34mI[0;39m 22:39:47.779 [.file.ReloadablePropertiesFile] Reloaded file: /tmp/FileBasedRepositoryPerformanceTest6922789201612371014.tmp
[34mI[0;39m 22:39:47.787 [.file.ReloadablePropertiesFile] Reloaded file: /tmp/FileBasedRepositoryPerformanceTest6922789201612371014.tmp
[34mI[0;39m 22:39:47.979 [BasedRepositoryPerformanceTest] Time for EXISTING: 190
[34mI[0;39m 22:39:48.117 [BasedRepositoryPerformanceTest] Time for EXISTING: 138
[34mI[0;39m 22:39:48.266 [BasedRepositoryPerformanceTest] Time for EXISTING: 149
[34mI[0;39m 22:39:48.400 [BasedRepositoryPerformanceTest] Time for EXISTING: 134
[34mI[0;39m 22:39:48.530 [BasedRepositoryPerformanceTest] Time for EXISTING: 130
[34mI[0;39m 22:39:48.659 [BasedRepositoryPerformanceTest] Time for EXISTING: 129
[34mI[0;39m 22:39:48.661 [.file.ReloadablePropertiesFile] Reloaded file: /tmp/FileBasedRepositoryPerformanceTest5181945233546441815.tmp
[34mI[0;39m 22:39:48.661 [.file.ReloadablePropertiesFile] Reloaded file: /tmp/FileBasedRepositoryPerformanceTest5181945233546441815.tmp
[34mI[0;39m 22:39:48.777 [BasedRepositoryPerformanceTest] Time for MISSING: 115
[34mI[0;39m 22:39:48.887 [BasedRepositoryPerformanceTest] Time for MISSING: 109
[34mI[0;39m 22:39:49.039 [BasedRepositoryPerformanceTest] Time for MISSING: 152
[34mI[0;39m 22:39:49.162 [BasedRepositoryPerformanceTest] Time for MISSING: 122
[34mI[0;39m 22:39:49.272 [BasedRepositoryPerformanceTest] Time for MISSING: 110
[34mI[0;39m 22:39:49.381 [BasedRepositoryPerformanceTest] Time for MISSING: 109
[INFO] Tests run: 2, Failures: 0, Errors: 0, Skipped: 0, Time elapsed: 1.599 s - in org.togglz.core.repository.file.FileBasedRepositoryPerformanceTest
[INFO] Running org.togglz.core.repository.file.FileBasedStateRepositoryConcurrencyTest
[34mI[0;39m 22:39:49.384 [.file.ReloadablePropertiesFile] Reloaded file: /tmp/FileBasedStateRepositoryConcurrencyTest16166684068909449856test
[34mI[0;39m 22:39:49.386 [.file.ReloadablePropertiesFile] Reloaded file: /tmp/FileBasedStateRepositoryConcurrencyTest16166684068909449856test
[34mI[0;39m 22:39:49.389 [.file.ReloadablePropertiesFile] Reloaded file: /tmp/FileBasedStateRepositoryConcurrencyTest16166684068909449856test
[34mI[0;39m 22:39:49.390 [.file.ReloadablePropertiesFile] Reloaded file: /tmp/FileBasedStateRepositoryConcurrencyTest16166684068909449856test
[34mI[0;39m 22:39:49.391 [.file.ReloadablePropertiesFile] Reloaded file: /tmp/FileBasedStateRepositoryConcurrencyTest16166684068909449856test
[34mI[0;39m 22:39:49.392 [.file.ReloadablePropertiesFile] Reloaded file: /tmp/FileBasedStateRepositoryConcurrencyTest16166684068909449856test
[34mI[0;39m 22:39:49.393 [.file.ReloadablePropertiesFile] Reloaded file: /tmp/FileBasedStateRepositoryConcurrencyTest16166684068909449856test
[34mI[0;39m 22:39:49.395 [.file.ReloadablePropertiesFile] Reloaded file: /tmp/FileBasedStateRepositoryConcurrencyTest16166684068909449856test
[34mI[0;39m 22:39:49.396 [.file.ReloadablePropertiesFile] Reloaded file: /tmp/FileBasedStateRepositoryConcurrencyTest16166684068909449856test
[34mI[0;39m 22:39:49.397 [.file.ReloadablePropertiesFile] Reloaded file: /tmp/FileBasedStateRepositoryConcurrencyTest16166684068909449856test
[34mI[0;39m 22:39:49.399 [.file.ReloadablePropertiesFile] Reloaded file: /tmp/FileBasedStateRepositoryConcurrencyTest16166684068909449856test
[34mI[0;39m 22:39:49.400 [.file.ReloadablePropertiesFile] Reloaded file: /tmp/FileBasedStateRepositoryConcurrencyTest16166684068909449856test
[34mI[0;39m 22:39:49.401 [.file.ReloadablePropertiesFile] Reloaded file: /tmp/FileBasedStateRepositoryConcurrencyTest16166684068909449856test
[34mI[0;39m 22:39:49.403 [.file.ReloadablePropertiesFile] Reloaded file: /tmp/FileBasedStateRepositoryConcurrencyTest16166684068909449856test
[34mI[0;39m 22:39:49.404 [.file.ReloadablePropertiesFile] Reloaded file: /tmp/FileBasedStateRepositoryConcurrencyTest16166684068909449856test
[34mI[0;39m 22:39:49.405 [.file.ReloadablePropertiesFile] Reloaded file: /tmp/FileBasedStateRepositoryConcurrencyTest16166684068909449856test
[34mI[0;39m 22:39:49.411 [.file.ReloadablePropertiesFile] Reloaded file: /tmp/FileBasedStateRepositoryConcurrencyTest16166684068909449856test
[34mI[0;39m 22:39:49.413 [.file.ReloadablePropertiesFile] Reloaded file: /tmp/FileBasedStateRepositoryConcurrencyTest16166684068909449856test
[34mI[0;39m 22:39:49.414 [.file.ReloadablePropertiesFile] Reloaded file: /tmp/FileBasedStateRepositoryConcurrencyTest16166684068909449856test
[34mI[0;39m 22:39:49.416 [.file.ReloadablePropertiesFile] Reloaded file: /tmp/FileBasedStateRepositoryConcurrencyTest16166684068909449856test
[34mI[0;39m 22:39:49.419 [.file.ReloadablePropertiesFile] Reloaded file: /tmp/FileBasedStateRepositoryConcurrencyTest16166684068909449856test
[34mI[0;39m 22:39:49.420 [.file.ReloadablePropertiesFile] Reloaded file: /tmp/FileBasedStateRepositoryConcurrencyTest16166684068909449856test
[34mI[0;39m 22:39:49.421 [.file.ReloadablePropertiesFile] Reloaded file: /tmp/FileBasedStateRepositoryConcurrencyTest16166684068909449856test
[34mI[0;39m 22:39:49.423 [.file.ReloadablePropertiesFile] Reloaded file: /tmp/FileBasedStateRepositoryConcurrencyTest16166684068909449856test
[34mI[0;39m 22:39:49.425 [.file.ReloadablePropertiesFile] Reloaded file: /tmp/FileBasedStateRepositoryConcurrencyTest16166684068909449856test
[34mI[0;39m 22:39:49.426 [.file.ReloadablePropertiesFile] Reloaded file: /tmp/FileBasedStateRepositoryConcurrencyTest16166684068909449856test
[34mI[0;39m 22:39:49.428 [.file.ReloadablePropertiesFile] Reloaded file: /tmp/FileBasedStateRepositoryConcurrencyTest16166684068909449856test
[34mI[0;39m 22:39:49.430 [.file.ReloadablePropertiesFile] Reloaded file: /tmp/FileBasedStateRepositoryConcurrencyTest16166684068909449856test
[34mI[0;39m 22:39:49.432 [.file.ReloadablePropertiesFile] Reloaded file: /tmp/FileBasedStateRepositoryConcurrencyTest16166684068909449856test
[34mI[0;39m 22:39:49.434 [.file.ReloadablePropertiesFile] Reloaded file: /tmp/FileBasedStateRepositoryConcurrencyTest16166684068909449856test
[34mI[0;39m 22:39:49.436 [.file.ReloadablePropertiesFile] Reloaded file: /tmp/FileBasedStateRepositoryConcurrencyTest16166684068909449856test
[34mI[0;39m 22:39:49.437 [.file.ReloadablePropertiesFile] Reloaded file: /tmp/FileBasedStateRepositoryConcurrencyTest16166684068909449856test
[34mI[0;39m 22:39:49.440 [.file.ReloadablePropertiesFile] Reloaded file: /tmp/FileBasedStateRepositoryConcurrencyTest16166684068909449856test
[34mI[0;39m 22:39:49.442 [.file.ReloadablePropertiesFile] Reloaded file: /tmp/FileBasedStateRepositoryConcurrencyTest16166684068909449856test
[34mI[0;39m 22:39:49.444 [.file.ReloadablePropertiesFile] Reloaded file: /tmp/FileBasedStateRepositoryConcurrencyTest16166684068909449856test
[34mI[0;39m 22:39:49.446 [.file.ReloadablePropertiesFile] Reloaded file: /tmp/FileBasedStateRepositoryConcurrencyTest16166684068909449856test
[34mI[0;39m 22:39:49.448 [.file.ReloadablePropertiesFile] Reloaded file: /tmp/FileBasedStateRepositoryConcurrencyTest16166684068909449856test
[34mI[0;39m 22:39:49.450 [.file.ReloadablePropertiesFile] Reloaded file: /tmp/FileBasedStateRepositoryConcurrencyTest16166684068909449856test
[34mI[0;39m 22:39:49.452 [.file.ReloadablePropertiesFile] Reloaded file: /tmp/FileBasedStateRepositoryConcurrencyTest16166684068909449856test
[34mI[0;39m 22:39:49.454 [.file.ReloadablePropertiesFile] Reloaded file: /tmp/FileBasedStateRepositoryConcurrencyTest16166684068909449856test
[34mI[0;39m 22:39:49.457 [.file.ReloadablePropertiesFile] Reloaded file: /tmp/FileBasedStateRepositoryConcurrencyTest16166684068909449856test
[34mI[0;39m 22:39:49.459 [.file.ReloadablePropertiesFile] Reloaded file: /tmp/FileBasedStateRepositoryConcurrencyTest16166684068909449856test
[34mI[0;39m 22:39:49.460 [.file.ReloadablePropertiesFile] Reloaded file: /tmp/FileBasedStateRepositoryConcurrencyTest16166684068909449856test
[34mI[0;39m 22:39:49.462 [.file.ReloadablePropertiesFile] Reloaded file: /tmp/FileBasedStateRepositoryConcurrencyTest16166684068909449856test
[34mI[0;39m 22:39:49.464 [.file.ReloadablePropertiesFile] Reloaded file: /tmp/FileBasedStateRepositoryConcurrencyTest16166684068909449856test
[34mI[0;39m 22:39:49.466 [.file.ReloadablePropertiesFile] Reloaded file: /tmp/FileBasedStateRepositoryConcurrencyTest16166684068909449856test
[34mI[0;39m 22:39:49.468 [.file.ReloadablePropertiesFile] Reloaded file: /tmp/FileBasedStateRepositoryConcurrencyTest16166684068909449856test
[34mI[0;39m 22:39:49.469 [.file.ReloadablePropertiesFile] Reloaded file: /tmp/FileBasedStateRepositoryConcurrencyTest16166684068909449856test
[34mI[0;39m 22:39:49.471 [.file.ReloadablePropertiesFile] Reloaded file: /tmp/FileBasedStateRepositoryConcurrencyTest16166684068909449856test
[34mI[0;39m 22:39:49.472 [.file.ReloadablePropertiesFile] Reloaded file: /tmp/FileBasedStateRepositoryConcurrencyTest16166684068909449856test
[34mI[0;39m 22:39:49.473 [.file.ReloadablePropertiesFile] Reloaded file: /tmp/FileBasedStateRepositoryConcurrencyTest16166684068909449856test
[34mI[0;39m 22:39:49.475 [.file.ReloadablePropertiesFile] Reloaded file: /tmp/FileBasedStateRepositoryConcurrencyTest16166684068909449856test
[34mI[0;39m 22:39:49.476 [.file.ReloadablePropertiesFile] Reloaded file: /tmp/FileBasedStateRepositoryConcurrencyTest16166684068909449856test
[34mI[0;39m 22:39:49.479 [.file.ReloadablePropertiesFile] Reloaded file: /tmp/FileBasedStateRepositoryConcurrencyTest16166684068909449856test
[34mI[0;39m 22:39:49.480 [.file.ReloadablePropertiesFile] Reloaded file: /tmp/FileBasedStateRepositoryConcurrencyTest16166684068909449856test
[34mI[0;39m 22:39:49.481 [.file.ReloadablePropertiesFile] Reloaded file: /tmp/FileBasedStateRepositoryConcurrencyTest16166684068909449856test
[34mI[0;39m 22:39:49.483 [.file.ReloadablePropertiesFile] Reloaded file: /tmp/FileBasedStateRepositoryConcurrencyTest16166684068909449856test
[34mI[0;39m 22:39:49.484 [.file.ReloadablePropertiesFile] Reloaded file: /tmp/FileBasedStateRepositoryConcurrencyTest16166684068909449856test
[34mI[0;39m 22:39:49.485 [.file.ReloadablePropertiesFile] Reloaded file: /tmp/FileBasedStateRepositoryConcurrencyTest16166684068909449856test
[34mI[0;39m 22:39:49.486 [.file.ReloadablePropertiesFile] Reloaded file: /tmp/FileBasedStateRepositoryConcurrencyTest16166684068909449856test
[34mI[0;39m 22:39:49.488 [.file.ReloadablePropertiesFile] Reloaded file: /tmp/FileBasedStateRepositoryConcurrencyTest16166684068909449856test
[34mI[0;39m 22:39:49.489 [.file.ReloadablePropertiesFile] Reloaded file: /tmp/FileBasedStateRepositoryConcurrencyTest16166684068909449856test
[34mI[0;39m 22:39:49.491 [.file.ReloadablePropertiesFile] Reloaded file: /tmp/FileBasedStateRepositoryConcurrencyTest16166684068909449856test
[34mI[0;39m 22:39:49.493 [.file.ReloadablePropertiesFile] Reloaded file: /tmp/FileBasedStateRepositoryConcurrencyTest16166684068909449856test
[34mI[0;39m 22:39:49.494 [.file.ReloadablePropertiesFile] Reloaded file: /tmp/FileBasedStateRepositoryConcurrencyTest16166684068909449856test
[34mI[0;39m 22:39:49.496 [.file.ReloadablePropertiesFile] Reloaded file: /tmp/FileBasedStateRepositoryConcurrencyTest16166684068909449856test
[34mI[0;39m 22:39:49.497 [.file.ReloadablePropertiesFile] Reloaded file: /tmp/FileBasedStateRepositoryConcurrencyTest16166684068909449856test
[34mI[0;39m 22:39:49.498 [.file.ReloadablePropertiesFile] Reloaded file: /tmp/FileBasedStateRepositoryConcurrencyTest16166684068909449856test
[34mI[0;39m 22:39:49.499 [.file.ReloadablePropertiesFile] Reloaded file: /tmp/FileBasedStateRepositoryConcurrencyTest16166684068909449856test
[34mI[0;39m 22:39:49.501 [.file.ReloadablePropertiesFile] Reloaded file: /tmp/FileBasedStateRepositoryConcurrencyTest16166684068909449856test
[34mI[0;39m 22:39:49.502 [.file.ReloadablePropertiesFile] Reloaded file: /tmp/FileBasedStateRepositoryConcurrencyTest16166684068909449856test
[34mI[0;39m 22:39:49.504 [.file.ReloadablePropertiesFile] Reloaded file: /tmp/FileBasedStateRepositoryConcurrencyTest16166684068909449856test
[34mI[0;39m 22:39:49.506 [.file.ReloadablePropertiesFile] Reloaded file: /tmp/FileBasedStateRepositoryConcurrencyTest16166684068909449856test
[34mI[0;39m 22:39:49.508 [.file.ReloadablePropertiesFile] Reloaded file: /tmp/FileBasedStateRepositoryConcurrencyTest16166684068909449856test
[34mI[0;39m 22:39:49.510 [.file.ReloadablePropertiesFile] Reloaded file: /tmp/FileBasedStateRepositoryConcurrencyTest16166684068909449856test
[34mI[0;39m 22:39:49.511 [.file.ReloadablePropertiesFile] Reloaded file: /tmp/FileBasedStateRepositoryConcurrencyTest16166684068909449856test
[34mI[0;39m 22:39:49.512 [.file.ReloadablePropertiesFile] Reloaded file: /tmp/FileBasedStateRepositoryConcurrencyTest16166684068909449856test
[34mI[0;39m 22:39:49.514 [.file.ReloadablePropertiesFile] Reloaded file: /tmp/FileBasedStateRepositoryConcurrencyTest16166684068909449856test
[34mI[0;39m 22:39:49.515 [.file.ReloadablePropertiesFile] Reloaded file: /tmp/FileBasedStateRepositoryConcurrencyTest16166684068909449856test
[34mI[0;39m 22:39:49.517 [.file.ReloadablePropertiesFile] Reloaded file: /tmp/FileBasedStateRepositoryConcurrencyTest16166684068909449856test
[34mI[0;39m 22:39:49.518 [.file.ReloadablePropertiesFile] Reloaded file: /tmp/FileBasedStateRepositoryConcurrencyTest16166684068909449856test
[34mI[0;39m 22:39:49.519 [.file.ReloadablePropertiesFile] Reloaded file: /tmp/FileBasedStateRepositoryConcurrencyTest16166684068909449856test
[34mI[0;39m 22:39:49.521 [.file.ReloadablePropertiesFile] Reloaded file: /tmp/FileBasedStateRepositoryConcurrencyTest16166684068909449856test
[34mI[0;39m 22:39:49.523 [.file.ReloadablePropertiesFile] Reloaded file: /tmp/FileBasedStateRepositoryConcurrencyTest16166684068909449856test
[34mI[0;39m 22:39:49.524 [.file.ReloadablePropertiesFile] Reloaded file: /tmp/FileBasedStateRepositoryConcurrencyTest16166684068909449856test
[34mI[0;39m 22:39:49.526 [.file.ReloadablePropertiesFile] Reloaded file: /tmp/FileBasedStateRepositoryConcurrencyTest16166684068909449856test
[34mI[0;39m 22:39:49.527 [.file.ReloadablePropertiesFile] Reloaded file: /tmp/FileBasedStateRepositoryConcurrencyTest16166684068909449856test
[34mI[0;39m 22:39:49.529 [.file.ReloadablePropertiesFile] Reloaded file: /tmp/FileBasedStateRepositoryConcurrencyTest16166684068909449856test
[34mI[0;39m 22:39:49.531 [.file.ReloadablePropertiesFile] Reloaded file: /tmp/FileBasedStateRepositoryConcurrencyTest16166684068909449856test
[34mI[0;39m 22:39:49.532 [.file.ReloadablePropertiesFile] Reloaded file: /tmp/FileBasedStateRepositoryConcurrencyTest16166684068909449856test
[34mI[0;39m 22:39:49.534 [.file.ReloadablePropertiesFile] Reloaded file: /tmp/FileBasedStateRepositoryConcurrencyTest16166684068909449856test
[34mI[0;39m 22:39:49.535 [.file.ReloadablePropertiesFile] Reloaded file: /tmp/FileBasedStateRepositoryConcurrencyTest16166684068909449856test
[34mI[0;39m 22:39:49.537 [.file.ReloadablePropertiesFile] Reloaded file: /tmp/FileBasedStateRepositoryConcurrencyTest16166684068909449856test
[34mI[0;39m 22:39:49.539 [.file.ReloadablePropertiesFile] Reloaded file: /tmp/FileBasedStateRepositoryConcurrencyTest16166684068909449856test
[34mI[0;39m 22:39:49.541 [.file.ReloadablePropertiesFile] Reloaded file: /tmp/FileBasedStateRepositoryConcurrencyTest16166684068909449856test
[34mI[0;39m 22:39:49.543 [.file.ReloadablePropertiesFile] Reloaded file: /tmp/FileBasedStateRepositoryConcurrencyTest16166684068909449856test
[34mI[0;39m 22:39:49.544 [.file.ReloadablePropertiesFile] Reloaded file: /tmp/FileBasedStateRepositoryConcurrencyTest16166684068909449856test
[34mI[0;39m 22:39:49.546 [.file.ReloadablePropertiesFile] Reloaded file: /tmp/FileBasedStateRepositoryConcurrencyTest16166684068909449856test
[34mI[0;39m 22:39:49.548 [.file.ReloadablePropertiesFile] Reloaded file: /tmp/FileBasedStateRepositoryConcurrencyTest16166684068909449856test
[34mI[0;39m 22:39:49.550 [.file.ReloadablePropertiesFile] Reloaded file: /tmp/FileBasedStateRepositoryConcurrencyTest16166684068909449856test
[34mI[0;39m 22:39:49.552 [.file.ReloadablePropertiesFile] Reloaded file: /tmp/FileBasedStateRepositoryConcurrencyTest16166684068909449856test
[INFO] Tests run: 1, Failures: 0, Errors: 0, Skipped: 0, Time elapsed: 0.293 s - in org.togglz.core.repository.file.FileBasedStateRepositoryConcurrencyTest
[INFO] Running org.togglz.core.repository.file.FileBasedStateRepositoryTest
[34mI[0;39m 22:39:49.686 [.file.ReloadablePropertiesFile] Reloaded file: /tmp/test-file-repository5372866095421078414.tmp
[34mI[0;39m 22:39:49.686 [.file.ReloadablePropertiesFile] Reloaded file: /tmp/test-file-repository5372866095421078414.tmp
[34mI[0;39m 22:39:49.687 [.file.ReloadablePropertiesFile] Reloaded file: /tmp/test-file-repository16616416357810123018.tmp
[34mI[0;39m 22:39:49.688 [.file.ReloadablePropertiesFile] Reloaded file: /tmp/test-file-repository5235006464198373388.tmp
[34mI[0;39m 22:39:49.689 [.file.ReloadablePropertiesFile] Reloaded file: /tmp/test-file-repository3747008889043233749.tmp
[34mI[0;39m 22:39:49.690 [.file.ReloadablePropertiesFile] Reloaded file: /tmp/test-file-repository5798522901422709180.tmp
[34mI[0;39m 22:39:49.691 [.file.ReloadablePropertiesFile] Reloaded file: /tmp/test-file-repository351351702902122365.tmp
[34mI[0;39m 22:39:49.692 [.file.ReloadablePropertiesFile] Reloaded file: /tmp/test-file-repository13773404721236587627.tmp
[34mI[0;39m 22:39:49.693 [.file.ReloadablePropertiesFile] Reloaded file: /tmp/test-file-repository17268227785778955082.tmp
[34mI[0;39m 22:39:49.694 [.file.ReloadablePropertiesFile] Reloaded file: /home/gabsko/breaking-updates/core/test.properties
[INFO] Tests run: 9, Failures: 0, Errors: 0, Skipped: 0, Time elapsed: 0.008 s - in org.togglz.core.repository.file.FileBasedStateRepositoryTest
[INFO] Running org.togglz.core.repository.composite.CompositeStateRepositoryTest
[INFO] Tests run: 7, Failures: 0, Errors: 0, Skipped: 0, Time elapsed: 0.004 s - in org.togglz.core.repository.composite.CompositeStateRepositoryTest
[INFO] Running org.togglz.core.repository.cache.CachingStateRepositoryTest
[INFO] Tests run: 6, Failures: 0, Errors: 0, Skipped: 0, Time elapsed: 1.91 s - in org.togglz.core.repository.cache.CachingStateRepositoryTest
[INFO] Running org.togglz.core.repository.util.DefaultMapSerializerTest
[INFO] Tests run: 7, Failures: 0, Errors: 0, Skipped: 0, Time elapsed: 0.008 s - in org.togglz.core.repository.util.DefaultMapSerializerTest
[INFO] Running org.togglz.core.repository.mem.InMemoryStateRepositoryTest
[INFO] Tests run: 3, Failures: 0, Errors: 0, Skipped: 0, Time elapsed: 0.002 s - in org.togglz.core.repository.mem.InMemoryStateRepositoryTest
[INFO] Running org.togglz.core.repository.FeatureStateTest
[INFO] Tests run: 2, Failures: 0, Errors: 0, Skipped: 0, Time elapsed: 0 s - in org.togglz.core.repository.FeatureStateTest
[INFO] Running org.togglz.core.repository.jdbc.TextPostgresJDBCStateRepositoryTest
[31mW[0;39m 22:39:51.749 [ty.TestcontainersConfiguration] Attempted to read Testcontainers configuration file at file:/home/gabsko/.testcontainers.properties but the file was not found. Exception message: FileNotFoundException: /home/gabsko/.testcontainers.properties (No such file or directory)
[34mI[0;39m 22:39:51.757 [s.utility.ImageNameSubstitutor] Image name substitution will be performed by: DefaultImageNameSubstitutor (composite of 'ConfigurationFileImageNameSubstitutor' and 'PrefixingImageNameSubstitutor')
[31mW[0;39m 22:39:51.877 [t.DockerClientProviderStrategy] DOCKER_HOST unix:///var/run/docker.sock is not listening
[34mI[0;39m 22:39:51.881 [rMachineClientProviderStrategy] docker-machine executable was not found on PATH ([/home/gabsko/apache-maven-3.8.6/bin, /usr/local/sbin, /usr/local/bin, /usr/sbin, /usr/bin, /sbin, /bin, /usr/games, /usr/local/games, /snap/bin])
[1;31mE[0;39m 22:39:51.881 [t.DockerClientProviderStrategy] Could not find a valid Docker environment. Please check configuration. Attempted configurations were:
[1;31mE[0;39m 22:39:51.881 [t.DockerClientProviderStrategy] As no valid configuration was found, execution cannot continue
[ERROR] Tests run: 1, Failures: 0, Errors: 1, Skipped: 0, Time elapsed: 0.223 s <<< FAILURE! - in org.togglz.core.repository.jdbc.TextPostgresJDBCStateRepositoryTest
[ERROR] org.togglz.core.repository.jdbc.TextPostgresJDBCStateRepositoryTest  Time elapsed: 0.222 s  <<< ERROR!
java.lang.IllegalStateException: Could not find a valid Docker environment. Please see logs and check configuration

[INFO] Running org.togglz.core.repository.jdbc.DefaultPostgresJDBCStateRepositoryTest
[ERROR] Tests run: 1, Failures: 0, Errors: 1, Skipped: 0, Time elapsed: 0 s <<< FAILURE! - in org.togglz.core.repository.jdbc.DefaultPostgresJDBCStateRepositoryTest
[ERROR] org.togglz.core.repository.jdbc.DefaultPostgresJDBCStateRepositoryTest  Time elapsed: 0 s  <<< ERROR!
java.lang.IllegalStateException: Previous attempts to find a Docker environment failed. Will not retry. Please see logs and check configuration

[INFO] Running org.togglz.core.repository.jdbc.SchemaUpdaterTest
[INFO] Tests run: 4, Failures: 0, Errors: 0, Skipped: 0, Time elapsed: 0.504 s - in org.togglz.core.repository.jdbc.SchemaUpdaterTest
[INFO] Running org.togglz.core.repository.jdbc.H2JDBCStateRepositoryTest
[INFO] Tests run: 7, Failures: 0, Errors: 0, Skipped: 0, Time elapsed: 0.346 s - in org.togglz.core.repository.jdbc.H2JDBCStateRepositoryTest
[INFO] Running org.togglz.core.repository.jdbc.JDBCRepositoryAutoCommitTest
[INFO] Tests run: 2, Failures: 0, Errors: 0, Skipped: 0, Time elapsed: 0.017 s - in org.togglz.core.repository.jdbc.JDBCRepositoryAutoCommitTest
[INFO] Running org.togglz.core.repository.listener.ListenableStateRepositoryTest
[INFO] Tests run: 5, Failures: 0, Errors: 0, Skipped: 0, Time elapsed: 0.089 s - in org.togglz.core.repository.listener.ListenableStateRepositoryTest
[INFO] Running org.togglz.core.util.StringsTest
[INFO] Tests run: 7, Failures: 0, Errors: 0, Skipped: 0, Time elapsed: 0.001 s - in org.togglz.core.util.StringsTest
[INFO] Running org.togglz.core.util.FeatureAnnotationsTest
[INFO] Tests run: 7, Failures: 0, Errors: 0, Skipped: 0, Time elapsed: 0.003 s - in org.togglz.core.util.FeatureAnnotationsTest
[INFO] Running org.togglz.core.util.NamedFeatureTest
[INFO] Tests run: 1, Failures: 0, Errors: 0, Skipped: 0, Time elapsed: 0.005 s - in org.togglz.core.util.NamedFeatureTest
[INFO] Running org.togglz.core.util.FeatureStateTest
[INFO] Tests run: 1, Failures: 0, Errors: 0, Skipped: 0, Time elapsed: 0 s - in org.togglz.core.util.FeatureStateTest
[INFO] Running org.togglz.core.util.FeatureMapTest
[INFO] Tests run: 4, Failures: 0, Errors: 0, Skipped: 0, Time elapsed: 0.139 s - in org.togglz.core.util.FeatureMapTest
[INFO] Running org.togglz.core.util.WeightedTest
[INFO] Tests run: 3, Failures: 0, Errors: 0, Skipped: 0, Time elapsed: 0 s - in org.togglz.core.util.WeightedTest
[INFO] Running org.togglz.core.proxy.FeatureProxyInvocationHandlerTest
[INFO] Tests run: 1, Failures: 0, Errors: 0, Skipped: 0, Time elapsed: 0 s - in org.togglz.core.proxy.FeatureProxyInvocationHandlerTest
[INFO] Running org.togglz.core.proxy.ByteBuddyProxyFactoryTest
[INFO] Tests run: 5, Failures: 0, Errors: 0, Skipped: 0, Time elapsed: 0.049 s - in org.togglz.core.proxy.ByteBuddyProxyFactoryTest
[INFO] Running org.togglz.core.logging.LoggingStateRepositoryTest
[INFO] Tests run: 4, Failures: 0, Errors: 0, Skipped: 0, Time elapsed: 0.155 s - in org.togglz.core.logging.LoggingStateRepositoryTest
[INFO] Running org.togglz.core.manager.FeatureManagerBuilderTest
[INFO] Tests run: 2, Failures: 0, Errors: 0, Skipped: 0, Time elapsed: 0.029 s - in org.togglz.core.manager.FeatureManagerBuilderTest
[INFO] Running org.togglz.core.manager.EnumBasedFeatureProviderTest
[INFO] Tests run: 18, Failures: 0, Errors: 0, Skipped: 0, Time elapsed: 0.009 s - in org.togglz.core.manager.EnumBasedFeatureProviderTest
[INFO] Running org.togglz.core.manager.PropertyFeatureProviderTest
[INFO] Tests run: 7, Failures: 0, Errors: 0, Skipped: 0, Time elapsed: 0.005 s - in org.togglz.core.manager.PropertyFeatureProviderTest
[INFO] Running org.togglz.core.manager.CompositeFeatureProviderTest
[INFO] Tests run: 2, Failures: 0, Errors: 0, Skipped: 0, Time elapsed: 0 s - in org.togglz.core.manager.CompositeFeatureProviderTest
[INFO] Running org.togglz.core.manager.DefaultFeatureManagerTest
[INFO] Tests run: 6, Failures: 0, Errors: 0, Skipped: 0, Time elapsed: 0.16 s - in org.togglz.core.manager.DefaultFeatureManagerTest
[INFO] Running org.togglz.core.activation.UsernameActivationStrategyTest
[INFO] Tests run: 5, Failures: 0, Errors: 0, Skipped: 0, Time elapsed: 0 s - in org.togglz.core.activation.UsernameActivationStrategyTest
[INFO] Running org.togglz.core.activation.UserRoleActivationStrategyTest
[INFO] Tests run: 10, Failures: 0, Errors: 0, Skipped: 0, Time elapsed: 0.186 s - in org.togglz.core.activation.UserRoleActivationStrategyTest
[INFO] Running org.togglz.core.activation.DefaultActivationStrategyProviderTest
[INFO] Tests run: 4, Failures: 0, Errors: 0, Skipped: 0, Time elapsed: 0.003 s - in org.togglz.core.activation.DefaultActivationStrategyProviderTest
[INFO] Running org.togglz.core.activation.ScriptEngineActivationStrategyTest
[To redirect Truffle log output to a file use one of the following options:
* '--log.file=<path>' if the option is passed using a guest language launcher.
* '-Dpolyglot.log.file=<path>' if the option is passed using the host Java launcher.
* Configure logging using the polyglot embedding API.]
[engine] WARNING: The polyglot context is using an implementation that does not support runtime compilation.
The guest application code will therefore be executed in interpreted mode only.
Execution only in interpreted mode will strongly impact the guest application performance.
For more information on using GraalVM see https://www.graalvm.org/java/quickstart/.
To disable this warning the '--engine.WarnInterpreterOnly=false' option or use the '-Dpolyglot.engine.WarnInterpreterOnly=false' system property.
[engine] WARNING: The polyglot context is using an implementation that does not support runtime compilation.
The guest application code will therefore be executed in interpreted mode only.
Execution only in interpreted mode will strongly impact the guest application performance.
For more information on using GraalVM see https://www.graalvm.org/java/quickstart/.
To disable this warning the '--engine.WarnInterpreterOnly=false' option or use the '-Dpolyglot.engine.WarnInterpreterOnly=false' system property.
[To redirect Truffle log output to a file use one of the following options:
* '--log.file=<path>' if the option is passed using a guest language launcher.
* '-Dpolyglot.log.file=<path>' if the option is passed using the host Java launcher.
* Configure logging using the polyglot embedding API.]
[engine] WARNING: The polyglot context is using an implementation that does not support runtime compilation.
The guest application code will therefore be executed in interpreted mode only.
Execution only in interpreted mode will strongly impact the guest application performance.
For more information on using GraalVM see https://www.graalvm.org/java/quickstart/.
To disable this warning the '--engine.WarnInterpreterOnly=false' option or use the '-Dpolyglot.engine.WarnInterpreterOnly=false' system property.
[engine] WARNING: The polyglot context is using an implementation that does not support runtime compilation.
The guest application code will therefore be executed in interpreted mode only.
Execution only in interpreted mode will strongly impact the guest application performance.
For more information on using GraalVM see https://www.graalvm.org/java/quickstart/.
To disable this warning the '--engine.WarnInterpreterOnly=false' option or use the '-Dpolyglot.engine.WarnInterpreterOnly=false' system property.
[To redirect Truffle log output to a file use one of the following options:
* '--log.file=<path>' if the option is passed using a guest language launcher.
* '-Dpolyglot.log.file=<path>' if the option is passed using the host Java launcher.
* Configure logging using the polyglot embedding API.]
[engine] WARNING: The polyglot context is using an implementation that does not support runtime compilation.
The guest application code will therefore be executed in interpreted mode only.
Execution only in interpreted mode will strongly impact the guest application performance.
For more information on using GraalVM see https://www.graalvm.org/java/quickstart/.
To disable this warning the '--engine.WarnInterpreterOnly=false' option or use the '-Dpolyglot.engine.WarnInterpreterOnly=false' system property.
[engine] WARNING: The polyglot context is using an implementation that does not support runtime compilation.
The guest application code will therefore be executed in interpreted mode only.
Execution only in interpreted mode will strongly impact the guest application performance.
For more information on using GraalVM see https://www.graalvm.org/java/quickstart/.
To disable this warning the '--engine.WarnInterpreterOnly=false' option or use the '-Dpolyglot.engine.WarnInterpreterOnly=false' system property.
[To redirect Truffle log output to a file use one of the following options:
* '--log.file=<path>' if the option is passed using a guest language launcher.
* '-Dpolyglot.log.file=<path>' if the option is passed using the host Java launcher.
* Configure logging using the polyglot embedding API.]
[engine] WARNING: The polyglot context is using an implementation that does not support runtime compilation.
The guest application code will therefore be executed in interpreted mode only.
Execution only in interpreted mode will strongly impact the guest application performance.
For more information on using GraalVM see https://www.graalvm.org/java/quickstart/.
To disable this warning the '--engine.WarnInterpreterOnly=false' option or use the '-Dpolyglot.engine.WarnInterpreterOnly=false' system property.
[engine] WARNING: The polyglot context is using an implementation that does not support runtime compilation.
The guest application code will therefore be executed in interpreted mode only.
Execution only in interpreted mode will strongly impact the guest application performance.
For more information on using GraalVM see https://www.graalvm.org/java/quickstart/.
To disable this warning the '--engine.WarnInterpreterOnly=false' option or use the '-Dpolyglot.engine.WarnInterpreterOnly=false' system property.
[To redirect Truffle log output to a file use one of the following options:
* '--log.file=<path>' if the option is passed using a guest language launcher.
* '-Dpolyglot.log.file=<path>' if the option is passed using the host Java launcher.
* Configure logging using the polyglot embedding API.]
[engine] WARNING: The polyglot context is using an implementation that does not support runtime compilation.
The guest application code will therefore be executed in interpreted mode only.
Execution only in interpreted mode will strongly impact the guest application performance.
For more information on using GraalVM see https://www.graalvm.org/java/quickstart/.
To disable this warning the '--engine.WarnInterpreterOnly=false' option or use the '-Dpolyglot.engine.WarnInterpreterOnly=false' system property.
[engine] WARNING: The polyglot context is using an implementation that does not support runtime compilation.
The guest application code will therefore be executed in interpreted mode only.
Execution only in interpreted mode will strongly impact the guest application performance.
For more information on using GraalVM see https://www.graalvm.org/java/quickstart/.
To disable this warning the '--engine.WarnInterpreterOnly=false' option or use the '-Dpolyglot.engine.WarnInterpreterOnly=false' system property.
[1;31mE[0;39m 22:39:55.224 [ScriptEngineActivationStrategy] Could not find script engine for: some language that doesn't exist
[To redirect Truffle log output to a file use one of the following options:
* '--log.file=<path>' if the option is passed using a guest language launcher.
* '-Dpolyglot.log.file=<path>' if the option is passed using the host Java launcher.
* Configure logging using the polyglot embedding API.]
[engine] WARNING: The polyglot context is using an implementation that does not support runtime compilation.
The guest application code will therefore be executed in interpreted mode only.
Execution only in interpreted mode will strongly impact the guest application performance.
For more information on using GraalVM see https://www.graalvm.org/java/quickstart/.
To disable this warning the '--engine.WarnInterpreterOnly=false' option or use the '-Dpolyglot.engine.WarnInterpreterOnly=false' system property.
[engine] WARNING: The polyglot context is using an implementation that does not support runtime compilation.
The guest application code will therefore be executed in interpreted mode only.
Execution only in interpreted mode will strongly impact the guest application performance.
For more information on using GraalVM see https://www.graalvm.org/java/quickstart/.
To disable this warning the '--engine.WarnInterpreterOnly=false' option or use the '-Dpolyglot.engine.WarnInterpreterOnly=false' system property.
[To redirect Truffle log output to a file use one of the following options:
* '--log.file=<path>' if the option is passed using a guest language launcher.
* '-Dpolyglot.log.file=<path>' if the option is passed using the host Java launcher.
* Configure logging using the polyglot embedding API.]
[engine] WARNING: The polyglot context is using an implementation that does not support runtime compilation.
The guest application code will therefore be executed in interpreted mode only.
Execution only in interpreted mode will strongly impact the guest application performance.
For more information on using GraalVM see https://www.graalvm.org/java/quickstart/.
To disable this warning the '--engine.WarnInterpreterOnly=false' option or use the '-Dpolyglot.engine.WarnInterpreterOnly=false' system property.
[1;31mE[0;39m 22:39:55.387 [ScriptEngineActivationStrategy] Could not evaluate script for feature FEATURE: org.graalvm.polyglot.PolyglotException: SyntaxError: <eval>:1:1 Expected an operand but found =
 = ,;
 ^

[INFO] Tests run: 17, Failures: 0, Errors: 0, Skipped: 0, Time elapsed: 1.693 s - in org.togglz.core.activation.ScriptEngineActivationStrategyTest
[INFO] Running org.togglz.core.activation.SystemPropertyActivationStrategyTest
[INFO] Tests run: 8, Failures: 0, Errors: 0, Skipped: 0, Time elapsed: 0.003 s - in org.togglz.core.activation.SystemPropertyActivationStrategyTest
[INFO] Running org.togglz.core.activation.IPActivationStrategyTest
[INFO] Tests run: 4, Failures: 0, Errors: 0, Skipped: 0, Time elapsed: 0.005 s - in org.togglz.core.activation.IPActivationStrategyTest
[INFO] Running org.togglz.core.activation.GradualActivationStrategyTest
[1;31mE[0;39m 22:39:55.410 [tion.GradualActivationStrategy] Invalid gradual rollout percentage for feature FEATURE: 100x
[1;31mE[0;39m 22:39:55.410 [tion.GradualActivationStrategy] Invalid gradual rollout percentage for feature FEATURE: 100x
[INFO] Tests run: 6, Failures: 0, Errors: 0, Skipped: 0, Time elapsed: 0.005 s - in org.togglz.core.activation.GradualActivationStrategyTest
[INFO] Running org.togglz.core.activation.ParameterBuilderTest
[INFO] Tests run: 6, Failures: 0, Errors: 0, Skipped: 0, Time elapsed: 0.01 s - in org.togglz.core.activation.ParameterBuilderTest
[INFO] 
[INFO] Results:
[INFO] 
[ERROR] Errors: 
[ERROR]   DefaultPostgresJDBCStateRepositoryTest Â» IllegalState Previous attempts to fin...
[ERROR]   TextPostgresJDBCStateRepositoryTest Â» IllegalState Could not find a valid Dock...
[INFO] 
[ERROR] Tests run: 197, Failures: 0, Errors: 2, Skipped: 0
[INFO] 
[INFO] ------------------------------------------------------------------------
[INFO] Reactor Summary:
[INFO] 
[INFO] Togglz 3.2.1-SNAPSHOT .............................. SUCCESS [ 13.778 s]
[INFO] Togglz - Core Framework 3.2.1-SNAPSHOT ............. FAILURE [ 12.973 s]
[INFO] Togglz - Test Harness 3.2.1-SNAPSHOT ............... SKIPPED
[INFO] Togglz - Servlet integration 3.2.1-SNAPSHOT ........ SKIPPED
[INFO] Togglz - Admin Console 3.2.1-SNAPSHOT .............. SKIPPED
[INFO] Togglz - CDI integration 3.2.1-SNAPSHOT ............ SKIPPED
[INFO] Togglz - Guice integration 3.2.1-SNAPSHOT .......... SKIPPED
[INFO] Togglz - Spring Framework integration 3.2.1-SNAPSHOT SKIPPED
[INFO] Togglz - Spring Web integration 3.2.1-SNAPSHOT ..... SKIPPED
[INFO] Togglz - Spring Security integration 3.2.1-SNAPSHOT  SKIPPED
[INFO] Togglz - Spring Boot POM 3.2.1-SNAPSHOT ............ SKIPPED
[INFO] Togglz - Spring Boot Starter 3.2.1-SNAPSHOT ........ SKIPPED
[INFO] Togglz - DeltaSpike integration 3.2.1-SNAPSHOT ..... SKIPPED
[INFO] Togglz - Apache Shiro integration 3.2.1-SNAPSHOT ... SKIPPED
[INFO] Togglz - Google App Engine Integration 3.2.1-SNAPSHOT SKIPPED
[INFO] Togglz - Google Cloud Datastore Integration 3.2.1-SNAPSHOT SKIPPED
[INFO] Togglz - Google Cloud Storage Integration 3.2.1-SNAPSHOT SKIPPED
[INFO] Togglz - MongoDB integration 3.2.1-SNAPSHOT ........ SKIPPED
[INFO] Togglz - Testing Support 3.2.1-SNAPSHOT ............ SKIPPED
[INFO] Togglz - JUnit integration 3.2.1-SNAPSHOT .......... SKIPPED
[INFO] Togglz - Spock integration 3.2.1-SNAPSHOT .......... SKIPPED
[INFO] Togglz - Cassandra integration 3.2.1-SNAPSHOT ...... SKIPPED
[INFO] Togglz - Hazelcast integration 3.2.1-SNAPSHOT ...... SKIPPED
[INFO] Togglz - Apache Zookeeper Integration 3.2.1-SNAPSHOT SKIPPED
[INFO] Togglz - DynamoDB integration 3.2.1-SNAPSHOT ....... SKIPPED
[INFO] Togglz - Amazon S3 integration 3.2.1-SNAPSHOT ...... SKIPPED
[INFO] Togglz - JMH benchmarks 3.2.1-SNAPSHOT ............. SKIPPED
[INFO] Togglz - Slack integration 3.2.1-SNAPSHOT .......... SKIPPED
[INFO] Togglz - Redis integration 3.2.1-SNAPSHOT .......... SKIPPED
[INFO] Togglz - Kotlin wrapper 3.2.1-SNAPSHOT ............. SKIPPED
[INFO] Togglz Samples 1.0.0-SNAPSHOT ...................... SKIPPED
[INFO] Togglz Sample Spring Boot Hello World 1.0.0-SNAPSHOT SKIPPED
[INFO] Togglz Sample Spring Boot Hello World Feature Enum 1.0.0-SNAPSHOT SKIPPED
[INFO] Togglz Sample Spring Boot No Feature Provider Or Feature Enums 1.0.0-SNAPSHOT SKIPPED
[INFO] Togglz Sample Spring Boot Security 1.0.0-SNAPSHOT .. SKIPPED
[INFO] Togglz Sample Spring Boot Thymeleaf 1.0.0-SNAPSHOT . SKIPPED
[INFO] spring-boot-war 0.0.1-SNAPSHOT ..................... SKIPPED
[INFO] ------------------------------------------------------------------------
[INFO] BUILD FAILURE
[INFO] ------------------------------------------------------------------------
[INFO] Total time:  26.968 s
[INFO] Finished at: 2023-01-13T22:39:57Z
[INFO] ------------------------------------------------------------------------
[ERROR] Failed to execute goal org.apache.maven.plugins:maven-surefire-plugin:2.22.2:test (default-test) on project togglz-core: There are test failures.
[ERROR] 
[ERROR] Please refer to /home/gabsko/breaking-updates/core/target/surefire-reports for the individual test results.
[ERROR] Please refer to dump files (if any exist) [date].dump, [date]-jvmRun[N].dump and [date].dumpstream.
[ERROR] -> [Help 1]
[ERROR] 
[ERROR] To see the full stack trace of the errors, re-run Maven with the -e switch.
[ERROR] Re-run Maven using the -X switch to enable full debug logging.
[ERROR] 
[ERROR] For more information about the errors and possible solutions, please read the following articles:
[ERROR] [Help 1] http://cwiki.apache.org/confluence/display/MAVEN/MojoFailureException
[ERROR] 
[ERROR] After correcting the problems, you can resume the build with the command
[ERROR]   mvn <args> -rf :togglz-core
