[INFO] Scanning for projects...
[INFO] Inspecting build with total of 137 modules...
[INFO] Installing Nexus Staging features:
[INFO]   ... total of 137 executions of maven-deploy-plugin replaced with nexus-staging-maven-plugin
[INFO] ------------------------------------------------------------------------
[INFO] Reactor Build Order:
[INFO] 
[INFO] Forge - BOM                                                        [pom]
[INFO] Forge - Parent                                                     [pom]
[INFO] Forge - Addon Manager - Parent                                     [pom]
[INFO] Forge - Addon Manager SPI                                          [jar]
[INFO] Forge - JavaEE Parent                                              [pom]
[INFO] Forge - JavaEE SPI Addon                                           [jar]
[INFO] Forge - Facets Addon Parent                                        [pom]
[INFO] Forge - Facets Addon API                                           [jar]
[INFO] Forge - Facets Addon Impl                                          [jar]
[INFO] Forge - Facets Addon                                               [jar]
[INFO] Forge - Resource Addon Parent                                      [pom]
[INFO] Forge - Resource Addon API                                         [jar]
[INFO] Forge - Convert Addon Parent                                       [pom]
[INFO] Forge - Convert API                                                [jar]
[INFO] Forge - Dependencies Addon Parent                                  [pom]
[INFO] Forge - Dependencies API                                           [jar]
[INFO] Forge - Addon Manager API                                          [jar]
[INFO] Forge - Environment Addon Parent                                   [pom]
[INFO] Forge - Environment API                                            [jar]
[INFO] Forge - Environment Impl                                           [jar]
[INFO] Forge - Environment Addon                                          [jar]
[INFO] Forge - UI Addon Parent                                            [pom]
[INFO] Forge - UI Addon SPI                                               [jar]
[INFO] Forge - UI API                                                     [jar]
[INFO] Forge - Convert Impl                                               [jar]
[INFO] Forge - Convert Addon                                              [jar]
[INFO] Forge - UI Impl                                                    [jar]
[INFO] Forge - UI Addon                                                   [jar]
[INFO] Forge - Resource Addon Impl                                        [jar]
[INFO] Forge - Resource Addon                                             [jar]
[INFO] Forge - Shell Addon Parent                                         [pom]
[INFO] Forge - Shell SPI Addon                                            [jar]
[INFO] Forge - Dependencies Impl                                          [jar]
[INFO] Forge - Dependencies Addon                                         [jar]
[INFO] Forge - Projects Addon Parent                                      [pom]
[INFO] Forge - Projects API                                               [jar]
[INFO] Forge - Projects Impl                                              [jar]
[INFO] Forge - Projects Addon                                             [jar]
[INFO] Forge - Git Addon Parent                                           [pom]
[INFO] Forge - Git API                                                    [jar]
[INFO] Forge - Configuration Parent                                       [pom]
[INFO] Forge - Configuration API                                          [jar]
[INFO] Forge - Configuration Impl                                         [jar]
[INFO] Forge - Configuration Addon                                        [jar]
[INFO] Forge - Git Impl                                                   [jar]
[INFO] Forge - Git Addon                                                  [jar]
[INFO] Forge - Shell Addon API                                            [jar]
[INFO] Forge - Text Addon                                                 [jar]
[INFO] Forge - Java Parser Addon Parent                                   [pom]
[INFO] Forge - Java Parser Addon API                                      [jar]
[INFO] Forge - Java Parser Addon Implementation                           [jar]
[INFO] Forge - Java Parser Addon                                          [jar]
[INFO] Forge - Shell Addon Impl                                           [jar]
[INFO] Forge - Shell Addon                                                [jar]
[INFO] Forge - Shell Addon Test Harness                                   [jar]
[INFO] Forge - Script                                                     [jar]
[INFO] Forge - Addon Manager - Impl                                       [jar]
[INFO] Forge - XML Parser Addon Parent                                    [pom]
[INFO] Forge - XML Parser Addon API                                       [jar]
[INFO] Forge - XML Parser Addon Implementation                            [jar]
[INFO] Forge - XML Parser Addon                                           [jar]
[INFO] Forge - Maven Addon Parent                                         [pom]
[INFO] Forge - Maven API                                                  [jar]
[INFO] Forge - Maven Impl                                                 [jar]
[INFO] Forge - Bean Validation Addon Parent                               [pom]
[INFO] Forge - Bean Validation API                                        [jar]
[INFO] Forge - Bean Validation Impl                                       [jar]
[INFO] Forge - Bean Validation Addon                                      [jar]
[INFO] Forge - JavaEE API                                                 [jar]
[INFO] Forge - Templates Addon Parent                                     [pom]
[INFO] Forge - Templates Addon SPI                                        [jar]
[INFO] Forge - Templates Addon API                                        [jar]
[INFO] Forge - Freemarker SPI impl in Templates Addon                     [jar]
[INFO] Forge - Templates Addon Impl                                       [jar]
[INFO] Forge - Templates Addon                                            [jar]
[INFO] Forge - JavaEE Impl                                                [jar]
[INFO] Forge - Rest Client Addon Parent                                   [pom]
[INFO] Forge - Rest Client Addon                                          [jar]
[INFO] Forge - JavaEE Addon                                               [jar]
[INFO] Forge - Maven Projects Impl                                        [jar]
[INFO] Forge - Maven Addon                                                [jar]
[INFO] Forge - Addon Manager Addon                                        [jar]
[INFO] Forge - UI Test Harness                                            [jar]
[INFO] Forge - Addon Manager - Tests                                      [jar]
[INFO] Forge - Addon Development Addon Parent                             [pom]
[INFO] Forge - Addon Development Addon API                                [jar]
[INFO] Forge - Addon Development Addon Impl                               [jar]
[INFO] Forge - Addon Development Addon                                    [jar]
[INFO] Forge - Addon Development Addon Tests                              [jar]
[INFO] Forge - Bean Validation Addon Tests                                [jar]
[INFO] Forge - Convert Addon Tests                                        [jar]
[INFO] Forge - Configuration Tests                                        [jar]
[INFO] Forge - Database Tools Addon Parent                                [pom]
[INFO] Forge - Database Tools API                                         [jar]
[INFO] Forge - Database Tools Impl                                        [jar]
[INFO] Forge - Database Tools Addon                                       [jar]
[INFO] Forge - Database Tools Addon Tests                                 [jar]
[INFO] Forge - Dependencies Addon Tests                                   [jar]
[INFO] Forge - Dev Tools - Java                                           [jar]
[INFO] Forge - Environment Addon Tests                                    [jar]
[INFO] Forge - Facets Addon Tests                                         [jar]
[INFO] Forge - Scaffold Parent                                            [pom]
[INFO] Forge - Scaffold SPI                                               [jar]
[INFO] Forge - Scaffold API                                               [jar]
[INFO] Forge - Scaffold Impl                                              [jar]
[INFO] Forge - Scaffold Addon                                             [jar]
[INFO] Forge - Faces Scaffold provider                                    [jar]
[INFO] Forge - JavaEE Tests                                               [jar]
[INFO] Forge - Maven Addon Tests                                          [jar]
[INFO] Forge - Projects Generic Addon                                     [jar]
[INFO] Forge - Projects Addon Tests                                       [jar]
[INFO] Forge - Java Parser Addon Tests                                    [jar]
[INFO] Forge - Json Parser Addon Parent                                   [pom]
[INFO] Forge - Json Parser Addon API                                      [jar]
[INFO] Forge - Json Parser Addon Implementation                           [jar]
[INFO] Forge - Json Parser Addon                                          [jar]
[INFO] Forge - Json Parser Addon Tests                                    [jar]
[INFO] Forge - XML Parser Addon Tests                                     [jar]
[INFO] Forge - YAML Parser Addon                                          [jar]
[INFO] Forge - Resources Addon Tests                                      [jar]
[INFO] Forge - Rest Client Addon Integration Tests                        [jar]
[INFO] Forge - UI Addon Example                                           [jar]
[INFO] Forge - UI Addon Tests                                             [jar]
[INFO] Forge - Scaffold Tests                                             [jar]
[INFO] Forge - Shell Addon Tests                                          [jar]
[INFO] Forge - Templates Addon Tests                                      [jar]
[INFO] Forge - Testing Addon Parent                                       [pom]
[INFO] Forge - Testing Addon API                                          [jar]
[INFO] Forge - Testing Addon Implementation                               [jar]
[INFO] Forge - Testing Addon                                              [jar]
[INFO] Forge - Testing Addon Tests                                        [jar]
[INFO] Forge - Git Addon Tests                                            [jar]
[INFO] Forge - Core Addon Parent                                          [pom]
[INFO] Forge - Core Addon                                                 [jar]
[INFO] Forge - Core Addon Tests (Addon Integration Tests)                 [jar]
[INFO] Forge - Bootstrap module                                           [jar]
[INFO] Forge - Distribution Build                                         [pom]
[INFO] 
[INFO] ---------------------< org.jboss.forge:forge-bom >----------------------
[INFO] Building Forge - BOM 3.9.9-SNAPSHOT                              [1/137]
[INFO] --------------------------------[ pom ]---------------------------------
[INFO] 
[INFO] --- maven-clean-plugin:3.1.0:clean (default-clean) @ forge-bom ---
[INFO] 
[INFO] --- maven-enforcer-plugin:3.0.0-M2:enforce (enforce-java-version) @ forge-bom ---
[INFO] 
[INFO] --- maven-enforcer-plugin:3.0.0-M2:enforce (enforce-maven-version) @ forge-bom ---
[INFO] 
[INFO] --- buildnumber-maven-plugin:1.4:create (get-scm-revision) @ forge-bom ---
[INFO] Executing: /bin/sh -c cd '/home/gabsko/breaking-updates/bom' && 'git' 'rev-parse' '--verify' 'HEAD'
[INFO] Working directory: /home/gabsko/breaking-updates/bom
[INFO] Storing buildNumber: 47080f8aab8b9d26fd4bec1e012ce234fffc5c26 at timestamp: 1673631208942
[WARNING] Cannot get the branch information from the git repository: 
Detecting the current branch failed: fatal: ref HEAD is not a symbolic ref

[INFO] Executing: /bin/sh -c cd '/home/gabsko/breaking-updates/bom' && 'git' 'rev-parse' '--verify' 'HEAD'
[INFO] Working directory: /home/gabsko/breaking-updates/bom
[INFO] Storing buildScmBranch: UNKNOWN
[INFO] 
[INFO] --------------------< org.jboss.forge:forge-parent >--------------------
[INFO] Building Forge - Parent 3.9.9-SNAPSHOT                           [2/137]
[INFO] --------------------------------[ pom ]---------------------------------
[INFO] 
[INFO] --- maven-clean-plugin:3.1.0:clean (default-clean) @ forge-parent ---
[INFO] 
[INFO] --- maven-enforcer-plugin:3.0.0-M2:enforce (enforce-java-version) @ forge-parent ---
[INFO] 
[INFO] --- maven-enforcer-plugin:3.0.0-M2:enforce (enforce-maven-version) @ forge-parent ---
[INFO] 
[INFO] --- buildnumber-maven-plugin:1.4:create (get-scm-revision) @ forge-parent ---
[INFO] 
[INFO] --- jandex-maven-plugin:1.0.5:jandex (make-index) @ forge-parent ---
[INFO] [SKIP] Cannot process fileset in directory: /home/gabsko/breaking-updates/target/classes. Directory does not exist!
[INFO] 
[INFO] -------------< org.jboss.forge.addon:addon-manager-parent >-------------
[INFO] Building Forge - Addon Manager - Parent 3.9.9-SNAPSHOT           [3/137]
[INFO] --------------------------------[ pom ]---------------------------------
[INFO] 
[INFO] --- maven-clean-plugin:3.1.0:clean (default-clean) @ addon-manager-parent ---
[INFO] 
[INFO] --- maven-enforcer-plugin:3.0.0-M2:enforce (enforce-java-version) @ addon-manager-parent ---
[INFO] 
[INFO] --- maven-enforcer-plugin:3.0.0-M2:enforce (enforce-maven-version) @ addon-manager-parent ---
[INFO] 
[INFO] --- buildnumber-maven-plugin:1.4:create (get-scm-revision) @ addon-manager-parent ---
[INFO] 
[INFO] --- jandex-maven-plugin:1.0.5:jandex (make-index) @ addon-manager-parent ---
[INFO] [SKIP] Cannot process fileset in directory: /home/gabsko/breaking-updates/addon-manager/target/classes. Directory does not exist!
[INFO] 
[INFO] --------------< org.jboss.forge.addon:addon-manager-spi >---------------
[INFO] Building Forge - Addon Manager SPI 3.9.9-SNAPSHOT                [4/137]
[INFO] --------------------------------[ jar ]---------------------------------
[INFO] 
[INFO] --- maven-clean-plugin:3.1.0:clean (default-clean) @ addon-manager-spi ---
[INFO] Deleting /home/gabsko/breaking-updates/addon-manager/spi/target
[INFO] 
[INFO] --- maven-enforcer-plugin:3.0.0-M2:enforce (enforce-java-version) @ addon-manager-spi ---
[INFO] 
[INFO] --- maven-enforcer-plugin:3.0.0-M2:enforce (enforce-maven-version) @ addon-manager-spi ---
[INFO] 
[INFO] --- buildnumber-maven-plugin:1.4:create (get-scm-revision) @ addon-manager-spi ---
[INFO] 
[INFO] --- maven-resources-plugin:3.1.0:resources (default-resources) @ addon-manager-spi ---
[INFO] Using 'UTF-8' encoding to copy filtered resources.
[INFO] skip non existing resourceDirectory /home/gabsko/breaking-updates/addon-manager/spi/src/main/resources
[INFO] 
[INFO] --- maven-compiler-plugin:3.8.0-jboss-2:compile (default-compile) @ addon-manager-spi ---
[INFO] Changes detected - recompiling the module!
[INFO] Compiling 1 source file to /home/gabsko/breaking-updates/addon-manager/spi/target/classes
[WARNING] bootstrap class path not set in conjunction with -source 8
[INFO] 
[INFO] --- jandex-maven-plugin:1.0.5:jandex (make-index) @ addon-manager-spi ---
[INFO] 
[INFO] --- maven-resources-plugin:3.1.0:testResources (default-testResources) @ addon-manager-spi ---
[INFO] Using 'UTF-8' encoding to copy filtered resources.
[INFO] skip non existing resourceDirectory /home/gabsko/breaking-updates/addon-manager/spi/src/test/resources
[INFO] 
[INFO] --- maven-compiler-plugin:3.8.0-jboss-2:testCompile (default-testCompile) @ addon-manager-spi ---
[INFO] No sources to compile
[INFO] 
[INFO] --- maven-surefire-plugin:2.22.0:test (default-test) @ addon-manager-spi ---
[INFO] No tests to run.
[INFO] 
[INFO] ----------------< org.jboss.forge.addon:javaee-parent >-----------------
[INFO] Building Forge - JavaEE Parent 3.9.9-SNAPSHOT                    [5/137]
[INFO] --------------------------------[ pom ]---------------------------------
[INFO] 
[INFO] --- maven-clean-plugin:3.1.0:clean (default-clean) @ javaee-parent ---
[INFO] 
[INFO] --- maven-enforcer-plugin:3.0.0-M2:enforce (enforce-java-version) @ javaee-parent ---
[INFO] 
[INFO] --- maven-enforcer-plugin:3.0.0-M2:enforce (enforce-maven-version) @ javaee-parent ---
[INFO] 
[INFO] --- buildnumber-maven-plugin:1.4:create (get-scm-revision) @ javaee-parent ---
[INFO] 
[INFO] --- jandex-maven-plugin:1.0.5:jandex (make-index) @ javaee-parent ---
[INFO] [SKIP] Cannot process fileset in directory: /home/gabsko/breaking-updates/javaee/target/classes. Directory does not exist!
[INFO] 
[INFO] ------------------< org.jboss.forge.addon:javaee-spi >------------------
[INFO] Building Forge - JavaEE SPI Addon 3.9.9-SNAPSHOT                 [6/137]
[INFO] --------------------------------[ jar ]---------------------------------
[INFO] 
[INFO] --- maven-clean-plugin:3.1.0:clean (default-clean) @ javaee-spi ---
[INFO] Deleting /home/gabsko/breaking-updates/javaee/spi/target
[INFO] 
[INFO] --- maven-enforcer-plugin:3.0.0-M2:enforce (enforce-java-version) @ javaee-spi ---
[INFO] 
[INFO] --- maven-enforcer-plugin:3.0.0-M2:enforce (enforce-maven-version) @ javaee-spi ---
[INFO] 
[INFO] --- buildnumber-maven-plugin:1.4:create (get-scm-revision) @ javaee-spi ---
[INFO] 
[INFO] --- maven-resources-plugin:3.1.0:resources (default-resources) @ javaee-spi ---
[INFO] Using 'UTF-8' encoding to copy filtered resources.
[INFO] skip non existing resourceDirectory /home/gabsko/breaking-updates/javaee/spi/src/main/resources
[INFO] 
[INFO] --- maven-compiler-plugin:3.8.0-jboss-2:compile (default-compile) @ javaee-spi ---
[INFO] Changes detected - recompiling the module!
[INFO] Compiling 1 source file to /home/gabsko/breaking-updates/javaee/spi/target/classes
[WARNING] bootstrap class path not set in conjunction with -source 8
[INFO] 
[INFO] --- jandex-maven-plugin:1.0.5:jandex (make-index) @ javaee-spi ---
[INFO] 
[INFO] --- maven-resources-plugin:3.1.0:testResources (default-testResources) @ javaee-spi ---
[INFO] Using 'UTF-8' encoding to copy filtered resources.
[INFO] skip non existing resourceDirectory /home/gabsko/breaking-updates/javaee/spi/src/test/resources
[INFO] 
[INFO] --- maven-compiler-plugin:3.8.0-jboss-2:testCompile (default-testCompile) @ javaee-spi ---
[INFO] No sources to compile
[INFO] 
[INFO] --- maven-surefire-plugin:2.22.0:test (default-test) @ javaee-spi ---
[INFO] No tests to run.
[INFO] 
[INFO] ----------------< org.jboss.forge.addon:facets-parent >-----------------
[INFO] Building Forge - Facets Addon Parent 3.9.9-SNAPSHOT              [7/137]
[INFO] --------------------------------[ pom ]---------------------------------
[INFO] 
[INFO] --- maven-clean-plugin:3.1.0:clean (default-clean) @ facets-parent ---
[INFO] 
[INFO] --- maven-enforcer-plugin:3.0.0-M2:enforce (enforce-java-version) @ facets-parent ---
[INFO] 
[INFO] --- maven-enforcer-plugin:3.0.0-M2:enforce (enforce-maven-version) @ facets-parent ---
[INFO] 
[INFO] --- buildnumber-maven-plugin:1.4:create (get-scm-revision) @ facets-parent ---
[INFO] 
[INFO] --- jandex-maven-plugin:1.0.5:jandex (make-index) @ facets-parent ---
[INFO] [SKIP] Cannot process fileset in directory: /home/gabsko/breaking-updates/facets/target/classes. Directory does not exist!
[INFO] 
[INFO] ------------------< org.jboss.forge.addon:facets-api >------------------
[INFO] Building Forge - Facets Addon API 3.9.9-SNAPSHOT                 [8/137]
[INFO] --------------------------------[ jar ]---------------------------------
[INFO] 
[INFO] --- maven-clean-plugin:3.1.0:clean (default-clean) @ facets-api ---
[INFO] Deleting /home/gabsko/breaking-updates/facets/api/target
[INFO] 
[INFO] --- maven-enforcer-plugin:3.0.0-M2:enforce (enforce-java-version) @ facets-api ---
[INFO] 
[INFO] --- maven-enforcer-plugin:3.0.0-M2:enforce (enforce-maven-version) @ facets-api ---
[INFO] 
[INFO] --- buildnumber-maven-plugin:1.4:create (get-scm-revision) @ facets-api ---
[INFO] 
[INFO] --- maven-resources-plugin:3.1.0:resources (default-resources) @ facets-api ---
[INFO] Using 'UTF-8' encoding to copy filtered resources.
[INFO] skip non existing resourceDirectory /home/gabsko/breaking-updates/facets/api/src/main/resources
[INFO] 
[INFO] --- maven-compiler-plugin:3.8.0-jboss-2:compile (default-compile) @ facets-api ---
[INFO] Changes detected - recompiling the module!
[INFO] Compiling 17 source files to /home/gabsko/breaking-updates/facets/api/target/classes
[WARNING] bootstrap class path not set in conjunction with -source 8
[WARNING] /home/gabsko/breaking-updates/facets/api/src/main/java/org/jboss/forge/addon/facets/Faceted.java:[27,55] Possible heap pollution from parameterized vararg type java.lang.Class<? extends FACETTYPE>
[WARNING] /home/gabsko/breaking-updates/facets/api/src/main/java/org/jboss/forge/addon/facets/AbstractFaceted.java:[33,62] Possible heap pollution from parameterized vararg type java.lang.Class<? extends FACETTYPE>
[INFO] 
[INFO] --- jandex-maven-plugin:1.0.5:jandex (make-index) @ facets-api ---
[INFO] 
[INFO] --- maven-resources-plugin:3.1.0:testResources (default-testResources) @ facets-api ---
[INFO] Using 'UTF-8' encoding to copy filtered resources.
[INFO] skip non existing resourceDirectory /home/gabsko/breaking-updates/facets/api/src/test/resources
[INFO] 
[INFO] --- maven-compiler-plugin:3.8.0-jboss-2:testCompile (default-testCompile) @ facets-api ---
[INFO] Changes detected - recompiling the module!
[INFO] Compiling 7 source files to /home/gabsko/breaking-updates/facets/api/target/test-classes
[WARNING] bootstrap class path not set in conjunction with -source 8
[WARNING] /home/gabsko/breaking-updates/facets/api/src/test/java/org/jboss/forge/addon/facets/FacetedTest.java:[92,45] unchecked generic array creation for varargs parameter of type java.lang.Class<? extends org.jboss.forge.addon.facets.MockFacet>[]
[INFO] 
[INFO] --- maven-surefire-plugin:2.22.0:test (default-test) @ facets-api ---
[INFO] 
[INFO] -------------------------------------------------------
[INFO]  T E S T S
[INFO] -------------------------------------------------------
[INFO] Running test.org.jboss.forge.addon.facets.constraints.FacetInspectorTest
[INFO] Tests run: 1, Failures: 0, Errors: 0, Skipped: 0, Time elapsed: 0.024 s - in test.org.jboss.forge.addon.facets.constraints.FacetInspectorTest
[INFO] Running org.jboss.forge.addon.facets.FacetTest
[INFO] Tests run: 1, Failures: 0, Errors: 0, Skipped: 0, Time elapsed: 0 s - in org.jboss.forge.addon.facets.FacetTest
[INFO] Running org.jboss.forge.addon.facets.FacetedTest
[INFO] Tests run: 9, Failures: 0, Errors: 0, Skipped: 0, Time elapsed: 0 s - in org.jboss.forge.addon.facets.FacetedTest
[INFO] 
[INFO] Results:
[INFO] 
[INFO] Tests run: 11, Failures: 0, Errors: 0, Skipped: 0
[INFO] 
[INFO] 
[INFO] -----------------< org.jboss.forge.addon:facets-impl >------------------
[INFO] Building Forge - Facets Addon Impl 3.9.9-SNAPSHOT                [9/137]
[INFO] --------------------------------[ jar ]---------------------------------
[INFO] 
[INFO] --- maven-clean-plugin:3.1.0:clean (default-clean) @ facets-impl ---
[INFO] Deleting /home/gabsko/breaking-updates/facets/impl/target
[INFO] 
[INFO] --- maven-enforcer-plugin:3.0.0-M2:enforce (enforce-java-version) @ facets-impl ---
[INFO] 
[INFO] --- maven-enforcer-plugin:3.0.0-M2:enforce (enforce-maven-version) @ facets-impl ---
[INFO] 
[INFO] --- buildnumber-maven-plugin:1.4:create (get-scm-revision) @ facets-impl ---
[INFO] 
[INFO] --- maven-resources-plugin:3.1.0:resources (default-resources) @ facets-impl ---
[INFO] Using 'UTF-8' encoding to copy filtered resources.
[INFO] Copying 1 resource
[INFO] 
[INFO] --- maven-compiler-plugin:3.8.0-jboss-2:compile (default-compile) @ facets-impl ---
[INFO] Changes detected - recompiling the module!
[INFO] Compiling 4 source files to /home/gabsko/breaking-updates/facets/impl/target/classes
[WARNING] bootstrap class path not set in conjunction with -source 8
[INFO] 
[INFO] --- jandex-maven-plugin:1.0.5:jandex (make-index) @ facets-impl ---
[INFO] 
[INFO] --- maven-resources-plugin:3.1.0:testResources (default-testResources) @ facets-impl ---
[INFO] Using 'UTF-8' encoding to copy filtered resources.
[INFO] skip non existing resourceDirectory /home/gabsko/breaking-updates/facets/impl/src/test/resources
[INFO] 
[INFO] --- maven-compiler-plugin:3.8.0-jboss-2:testCompile (default-testCompile) @ facets-impl ---
[INFO] No sources to compile
[INFO] 
[INFO] --- maven-surefire-plugin:2.22.0:test (default-test) @ facets-impl ---
[INFO] No tests to run.
[INFO] 
[INFO] --------------------< org.jboss.forge.addon:facets >--------------------
[INFO] Building Forge - Facets Addon 3.9.9-SNAPSHOT                    [10/137]
[INFO] --------------------------------[ jar ]---------------------------------
[INFO] 
[INFO] --- maven-clean-plugin:3.1.0:clean (default-clean) @ facets ---
[INFO] Deleting /home/gabsko/breaking-updates/facets/addon/target
[INFO] 
[INFO] --- maven-enforcer-plugin:3.0.0-M2:enforce (enforce-java-version) @ facets ---
[INFO] 
[INFO] --- maven-enforcer-plugin:3.0.0-M2:enforce (enforce-maven-version) @ facets ---
[INFO] 
[INFO] --- buildnumber-maven-plugin:1.4:create (get-scm-revision) @ facets ---
[INFO] 
[INFO] --- maven-resources-plugin:3.1.0:resources (default-resources) @ facets ---
[INFO] Using 'UTF-8' encoding to copy filtered resources.
[INFO] skip non existing resourceDirectory /home/gabsko/breaking-updates/facets/addon/src/main/resources
[INFO] 
[INFO] --- maven-compiler-plugin:3.8.0-jboss-2:compile (default-compile) @ facets ---
[INFO] Changes detected - recompiling the module!
[INFO] Compiling 1 source file to /home/gabsko/breaking-updates/facets/addon/target/classes
[WARNING] bootstrap class path not set in conjunction with -source 8
[INFO] 
[INFO] --- jandex-maven-plugin:1.0.5:jandex (make-index) @ facets ---
[INFO] 
[INFO] --- maven-resources-plugin:3.1.0:testResources (default-testResources) @ facets ---
[INFO] Using 'UTF-8' encoding to copy filtered resources.
[INFO] skip non existing resourceDirectory /home/gabsko/breaking-updates/facets/addon/src/test/resources
[INFO] 
[INFO] --- maven-compiler-plugin:3.8.0-jboss-2:testCompile (default-testCompile) @ facets ---
[INFO] No sources to compile
[INFO] 
[INFO] --- maven-surefire-plugin:2.22.0:test (default-test) @ facets ---
[INFO] No tests to run.
[INFO] 
[INFO] ---------------< org.jboss.forge.addon:resources-parent >---------------
[INFO] Building Forge - Resource Addon Parent 3.9.9-SNAPSHOT           [11/137]
[INFO] --------------------------------[ pom ]---------------------------------
[INFO] 
[INFO] --- maven-clean-plugin:3.1.0:clean (default-clean) @ resources-parent ---
[INFO] 
[INFO] --- maven-enforcer-plugin:3.0.0-M2:enforce (enforce-java-version) @ resources-parent ---
[INFO] 
[INFO] --- maven-enforcer-plugin:3.0.0-M2:enforce (enforce-maven-version) @ resources-parent ---
[INFO] 
[INFO] --- buildnumber-maven-plugin:1.4:create (get-scm-revision) @ resources-parent ---
[INFO] 
[INFO] --- jandex-maven-plugin:1.0.5:jandex (make-index) @ resources-parent ---
[INFO] [SKIP] Cannot process fileset in directory: /home/gabsko/breaking-updates/resources/target/classes. Directory does not exist!
[INFO] 
[INFO] ----------------< org.jboss.forge.addon:resources-api >-----------------
[INFO] Building Forge - Resource Addon API 3.9.9-SNAPSHOT              [12/137]
[INFO] --------------------------------[ jar ]---------------------------------
[INFO] 
[INFO] --- maven-clean-plugin:3.1.0:clean (default-clean) @ resources-api ---
[INFO] Deleting /home/gabsko/breaking-updates/resources/api/target
[INFO] 
[INFO] --- maven-enforcer-plugin:3.0.0-M2:enforce (enforce-java-version) @ resources-api ---
[INFO] 
[INFO] --- maven-enforcer-plugin:3.0.0-M2:enforce (enforce-maven-version) @ resources-api ---
[INFO] 
[INFO] --- buildnumber-maven-plugin:1.4:create (get-scm-revision) @ resources-api ---
[INFO] 
[INFO] --- maven-resources-plugin:3.1.0:resources (default-resources) @ resources-api ---
[INFO] Using 'UTF-8' encoding to copy filtered resources.
[INFO] Copying 1 resource
[INFO] 
[INFO] --- maven-compiler-plugin:3.8.0-jboss-2:compile (default-compile) @ resources-api ---
[INFO] Changes detected - recompiling the module!
[INFO] Compiling 34 source files to /home/gabsko/breaking-updates/resources/api/target/classes
[WARNING] bootstrap class path not set in conjunction with -source 8
[INFO] 
[INFO] --- jandex-maven-plugin:1.0.5:jandex (make-index) @ resources-api ---
[INFO] 
[INFO] --- maven-resources-plugin:3.1.0:testResources (default-testResources) @ resources-api ---
[INFO] Using 'UTF-8' encoding to copy filtered resources.
[INFO] skip non existing resourceDirectory /home/gabsko/breaking-updates/resources/api/src/test/resources
[INFO] 
[INFO] --- maven-compiler-plugin:3.8.0-jboss-2:testCompile (default-testCompile) @ resources-api ---
[INFO] No sources to compile
[INFO] 
[INFO] --- maven-surefire-plugin:2.22.0:test (default-test) @ resources-api ---
[INFO] No tests to run.
[INFO] 
[INFO] ----------------< org.jboss.forge.addon:convert-parent >----------------
[INFO] Building Forge - Convert Addon Parent 3.9.9-SNAPSHOT            [13/137]
[INFO] --------------------------------[ pom ]---------------------------------
[INFO] 
[INFO] --- maven-clean-plugin:3.1.0:clean (default-clean) @ convert-parent ---
[INFO] 
[INFO] --- maven-enforcer-plugin:3.0.0-M2:enforce (enforce-java-version) @ convert-parent ---
[INFO] 
[INFO] --- maven-enforcer-plugin:3.0.0-M2:enforce (enforce-maven-version) @ convert-parent ---
[INFO] 
[INFO] --- buildnumber-maven-plugin:1.4:create (get-scm-revision) @ convert-parent ---
[INFO] 
[INFO] --- jandex-maven-plugin:1.0.5:jandex (make-index) @ convert-parent ---
[INFO] [SKIP] Cannot process fileset in directory: /home/gabsko/breaking-updates/convert/target/classes. Directory does not exist!
[INFO] 
[INFO] -----------------< org.jboss.forge.addon:convert-api >------------------
[INFO] Building Forge - Convert API 3.9.9-SNAPSHOT                     [14/137]
[INFO] --------------------------------[ jar ]---------------------------------
[INFO] 
[INFO] --- maven-clean-plugin:3.1.0:clean (default-clean) @ convert-api ---
[INFO] Deleting /home/gabsko/breaking-updates/convert/api/target
[INFO] 
[INFO] --- maven-enforcer-plugin:3.0.0-M2:enforce (enforce-java-version) @ convert-api ---
[INFO] 
[INFO] --- maven-enforcer-plugin:3.0.0-M2:enforce (enforce-maven-version) @ convert-api ---
[INFO] 
[INFO] --- buildnumber-maven-plugin:1.4:create (get-scm-revision) @ convert-api ---
[INFO] 
[INFO] --- maven-resources-plugin:3.1.0:resources (default-resources) @ convert-api ---
[INFO] Using 'UTF-8' encoding to copy filtered resources.
[INFO] skip non existing resourceDirectory /home/gabsko/breaking-updates/convert/api/src/main/resources
[INFO] 
[INFO] --- maven-compiler-plugin:3.8.0-jboss-2:compile (default-compile) @ convert-api ---
[INFO] Changes detected - recompiling the module!
[INFO] Compiling 7 source files to /home/gabsko/breaking-updates/convert/api/target/classes
[WARNING] bootstrap class path not set in conjunction with -source 8
[INFO] 
[INFO] --- jandex-maven-plugin:1.0.5:jandex (make-index) @ convert-api ---
[INFO] 
[INFO] --- maven-resources-plugin:3.1.0:testResources (default-testResources) @ convert-api ---
[INFO] Using 'UTF-8' encoding to copy filtered resources.
[INFO] skip non existing resourceDirectory /home/gabsko/breaking-updates/convert/api/src/test/resources
[INFO] 
[INFO] --- maven-compiler-plugin:3.8.0-jboss-2:testCompile (default-testCompile) @ convert-api ---
[INFO] No sources to compile
[INFO] 
[INFO] --- maven-surefire-plugin:2.22.0:test (default-test) @ convert-api ---
[INFO] No tests to run.
[INFO] 
[INFO] -------------< org.jboss.forge.addon:dependencies-parent >--------------
[INFO] Building Forge - Dependencies Addon Parent 3.9.9-SNAPSHOT       [15/137]
[INFO] --------------------------------[ pom ]---------------------------------
[INFO] 
[INFO] --- maven-clean-plugin:3.1.0:clean (default-clean) @ dependencies-parent ---
[INFO] 
[INFO] --- maven-enforcer-plugin:3.0.0-M2:enforce (enforce-java-version) @ dependencies-parent ---
[INFO] 
[INFO] --- maven-enforcer-plugin:3.0.0-M2:enforce (enforce-maven-version) @ dependencies-parent ---
[INFO] 
[INFO] --- buildnumber-maven-plugin:1.4:create (get-scm-revision) @ dependencies-parent ---
[INFO] 
[INFO] --- jandex-maven-plugin:1.0.5:jandex (make-index) @ dependencies-parent ---
[INFO] [SKIP] Cannot process fileset in directory: /home/gabsko/breaking-updates/dependencies/target/classes. Directory does not exist!
[INFO] 
[INFO] ---------------< org.jboss.forge.addon:dependencies-api >---------------
[INFO] Building Forge - Dependencies API 3.9.9-SNAPSHOT                [16/137]
[INFO] --------------------------------[ jar ]---------------------------------
[INFO] 
[INFO] --- maven-clean-plugin:3.1.0:clean (default-clean) @ dependencies-api ---
[INFO] Deleting /home/gabsko/breaking-updates/dependencies/api/target
[INFO] 
[INFO] --- maven-enforcer-plugin:3.0.0-M2:enforce (enforce-java-version) @ dependencies-api ---
[INFO] 
[INFO] --- maven-enforcer-plugin:3.0.0-M2:enforce (enforce-maven-version) @ dependencies-api ---
[INFO] 
[INFO] --- buildnumber-maven-plugin:1.4:create (get-scm-revision) @ dependencies-api ---
[INFO] 
[INFO] --- maven-resources-plugin:3.1.0:resources (default-resources) @ dependencies-api ---
[INFO] Using 'UTF-8' encoding to copy filtered resources.
[INFO] skip non existing resourceDirectory /home/gabsko/breaking-updates/dependencies/api/src/main/resources
[INFO] 
[INFO] --- maven-compiler-plugin:3.8.0-jboss-2:compile (default-compile) @ dependencies-api ---
[INFO] Changes detected - recompiling the module!
[INFO] Compiling 17 source files to /home/gabsko/breaking-updates/dependencies/api/target/classes
[WARNING] bootstrap class path not set in conjunction with -source 8
[INFO] 
[INFO] --- jandex-maven-plugin:1.0.5:jandex (make-index) @ dependencies-api ---
[INFO] 
[INFO] --- maven-resources-plugin:3.1.0:testResources (default-testResources) @ dependencies-api ---
[INFO] Using 'UTF-8' encoding to copy filtered resources.
[INFO] skip non existing resourceDirectory /home/gabsko/breaking-updates/dependencies/api/src/test/resources
[INFO] 
[INFO] --- maven-compiler-plugin:3.8.0-jboss-2:testCompile (default-testCompile) @ dependencies-api ---
[INFO] Changes detected - recompiling the module!
[INFO] Compiling 3 source files to /home/gabsko/breaking-updates/dependencies/api/target/test-classes
[WARNING] bootstrap class path not set in conjunction with -source 8
[INFO] 
[INFO] --- maven-surefire-plugin:2.22.0:test (default-test) @ dependencies-api ---
[INFO] 
[INFO] -------------------------------------------------------
[INFO]  T E S T S
[INFO] -------------------------------------------------------
[INFO] Running org.jboss.forge.addon.dependencies.util.DependenciesTest
[INFO] Tests run: 2, Failures: 0, Errors: 0, Skipped: 0, Time elapsed: 0.04 s - in org.jboss.forge.addon.dependencies.util.DependenciesTest
[INFO] Running org.jboss.forge.addon.dependencies.builder.CoordinateBuilderTest
[INFO] Tests run: 3, Failures: 0, Errors: 0, Skipped: 0, Time elapsed: 0.004 s - in org.jboss.forge.addon.dependencies.builder.CoordinateBuilderTest
[INFO] Running org.jboss.forge.addon.dependencies.collection.DependencyNodeUtilTest
[INFO] Tests run: 3, Failures: 0, Errors: 0, Skipped: 0, Time elapsed: 0.001 s - in org.jboss.forge.addon.dependencies.collection.DependencyNodeUtilTest
[INFO] 
[INFO] Results:
[INFO] 
[INFO] Tests run: 8, Failures: 0, Errors: 0, Skipped: 0
[INFO] 
[INFO] 
[INFO] --------------< org.jboss.forge.addon:addon-manager-api >---------------
[INFO] Building Forge - Addon Manager API 3.9.9-SNAPSHOT               [17/137]
[INFO] --------------------------------[ jar ]---------------------------------
[INFO] 
[INFO] --- maven-clean-plugin:3.1.0:clean (default-clean) @ addon-manager-api ---
[INFO] Deleting /home/gabsko/breaking-updates/addon-manager/api/target
[INFO] 
[INFO] --- maven-enforcer-plugin:3.0.0-M2:enforce (enforce-java-version) @ addon-manager-api ---
[INFO] 
[INFO] --- maven-enforcer-plugin:3.0.0-M2:enforce (enforce-maven-version) @ addon-manager-api ---
[INFO] 
[INFO] --- buildnumber-maven-plugin:1.4:create (get-scm-revision) @ addon-manager-api ---
[INFO] 
[INFO] --- maven-resources-plugin:3.1.0:resources (default-resources) @ addon-manager-api ---
[INFO] Using 'UTF-8' encoding to copy filtered resources.
[INFO] skip non existing resourceDirectory /home/gabsko/breaking-updates/addon-manager/api/src/main/resources
[INFO] 
[INFO] --- maven-compiler-plugin:3.8.0-jboss-2:compile (default-compile) @ addon-manager-api ---
[INFO] Changes detected - recompiling the module!
[INFO] Compiling 7 source files to /home/gabsko/breaking-updates/addon-manager/api/target/classes
[WARNING] bootstrap class path not set in conjunction with -source 8
[INFO] 
[INFO] --- jandex-maven-plugin:1.0.5:jandex (make-index) @ addon-manager-api ---
[INFO] 
[INFO] --- maven-resources-plugin:3.1.0:testResources (default-testResources) @ addon-manager-api ---
[INFO] Using 'UTF-8' encoding to copy filtered resources.
[INFO] skip non existing resourceDirectory /home/gabsko/breaking-updates/addon-manager/api/src/test/resources
[INFO] 
[INFO] --- maven-compiler-plugin:3.8.0-jboss-2:testCompile (default-testCompile) @ addon-manager-api ---
[INFO] No sources to compile
[INFO] 
[INFO] --- maven-surefire-plugin:2.22.0:test (default-test) @ addon-manager-api ---
[INFO] No tests to run.
[INFO] 
[INFO] --------------< org.jboss.forge.addon:environment-parent >--------------
[INFO] Building Forge - Environment Addon Parent 3.9.9-SNAPSHOT        [18/137]
[INFO] --------------------------------[ pom ]---------------------------------
[INFO] 
[INFO] --- maven-clean-plugin:3.1.0:clean (default-clean) @ environment-parent ---
[INFO] 
[INFO] --- maven-enforcer-plugin:3.0.0-M2:enforce (enforce-java-version) @ environment-parent ---
[INFO] 
[INFO] --- maven-enforcer-plugin:3.0.0-M2:enforce (enforce-maven-version) @ environment-parent ---
[INFO] 
[INFO] --- buildnumber-maven-plugin:1.4:create (get-scm-revision) @ environment-parent ---
[INFO] 
[INFO] --- jandex-maven-plugin:1.0.5:jandex (make-index) @ environment-parent ---
[INFO] [SKIP] Cannot process fileset in directory: /home/gabsko/breaking-updates/environment/target/classes. Directory does not exist!
[INFO] 
[INFO] ---------------< org.jboss.forge.addon:environment-api >----------------
[INFO] Building Forge - Environment API 3.9.9-SNAPSHOT                 [19/137]
[INFO] --------------------------------[ jar ]---------------------------------
[INFO] 
[INFO] --- maven-clean-plugin:3.1.0:clean (default-clean) @ environment-api ---
[INFO] Deleting /home/gabsko/breaking-updates/environment/api/target
[INFO] 
[INFO] --- maven-enforcer-plugin:3.0.0-M2:enforce (enforce-java-version) @ environment-api ---
[INFO] 
[INFO] --- maven-enforcer-plugin:3.0.0-M2:enforce (enforce-maven-version) @ environment-api ---
[INFO] 
[INFO] --- buildnumber-maven-plugin:1.4:create (get-scm-revision) @ environment-api ---
[INFO] 
[INFO] --- maven-resources-plugin:3.1.0:resources (default-resources) @ environment-api ---
[INFO] Using 'UTF-8' encoding to copy filtered resources.
[INFO] skip non existing resourceDirectory /home/gabsko/breaking-updates/environment/api/src/main/resources
[INFO] 
[INFO] --- maven-compiler-plugin:3.8.0-jboss-2:compile (default-compile) @ environment-api ---
[INFO] Changes detected - recompiling the module!
[INFO] Compiling 2 source files to /home/gabsko/breaking-updates/environment/api/target/classes
[WARNING] bootstrap class path not set in conjunction with -source 8
[INFO] 
[INFO] --- jandex-maven-plugin:1.0.5:jandex (make-index) @ environment-api ---
[INFO] 
[INFO] --- maven-resources-plugin:3.1.0:testResources (default-testResources) @ environment-api ---
[INFO] Using 'UTF-8' encoding to copy filtered resources.
[INFO] skip non existing resourceDirectory /home/gabsko/breaking-updates/environment/api/src/test/resources
[INFO] 
[INFO] --- maven-compiler-plugin:3.8.0-jboss-2:testCompile (default-testCompile) @ environment-api ---
[INFO] No sources to compile
[INFO] 
[INFO] --- maven-surefire-plugin:2.22.0:test (default-test) @ environment-api ---
[INFO] No tests to run.
[INFO] 
[INFO] ---------------< org.jboss.forge.addon:environment-impl >---------------
[INFO] Building Forge - Environment Impl 3.9.9-SNAPSHOT                [20/137]
[INFO] --------------------------------[ jar ]---------------------------------
[INFO] 
[INFO] --- maven-clean-plugin:3.1.0:clean (default-clean) @ environment-impl ---
[INFO] Deleting /home/gabsko/breaking-updates/environment/impl/target
[INFO] 
[INFO] --- maven-enforcer-plugin:3.0.0-M2:enforce (enforce-java-version) @ environment-impl ---
[INFO] 
[INFO] --- maven-enforcer-plugin:3.0.0-M2:enforce (enforce-maven-version) @ environment-impl ---
[INFO] 
[INFO] --- buildnumber-maven-plugin:1.4:create (get-scm-revision) @ environment-impl ---
[INFO] 
[INFO] --- maven-resources-plugin:3.1.0:resources (default-resources) @ environment-impl ---
[INFO] Using 'UTF-8' encoding to copy filtered resources.
[INFO] Copying 1 resource
[INFO] 
[INFO] --- maven-compiler-plugin:3.8.0-jboss-2:compile (default-compile) @ environment-impl ---
[INFO] Changes detected - recompiling the module!
[INFO] Compiling 1 source file to /home/gabsko/breaking-updates/environment/impl/target/classes
[WARNING] bootstrap class path not set in conjunction with -source 8
[INFO] 
[INFO] --- jandex-maven-plugin:1.0.5:jandex (make-index) @ environment-impl ---
[INFO] 
[INFO] --- maven-resources-plugin:3.1.0:testResources (default-testResources) @ environment-impl ---
[INFO] Using 'UTF-8' encoding to copy filtered resources.
[INFO] skip non existing resourceDirectory /home/gabsko/breaking-updates/environment/impl/src/test/resources
[INFO] 
[INFO] --- maven-compiler-plugin:3.8.0-jboss-2:testCompile (default-testCompile) @ environment-impl ---
[INFO] No sources to compile
[INFO] 
[INFO] --- maven-surefire-plugin:2.22.0:test (default-test) @ environment-impl ---
[INFO] No tests to run.
[INFO] 
[INFO] -----------------< org.jboss.forge.addon:environment >------------------
[INFO] Building Forge - Environment Addon 3.9.9-SNAPSHOT               [21/137]
[INFO] --------------------------------[ jar ]---------------------------------
[INFO] 
[INFO] --- maven-clean-plugin:3.1.0:clean (default-clean) @ environment ---
[INFO] Deleting /home/gabsko/breaking-updates/environment/addon/target
[INFO] 
[INFO] --- maven-enforcer-plugin:3.0.0-M2:enforce (enforce-java-version) @ environment ---
[INFO] 
[INFO] --- maven-enforcer-plugin:3.0.0-M2:enforce (enforce-maven-version) @ environment ---
[INFO] 
[INFO] --- buildnumber-maven-plugin:1.4:create (get-scm-revision) @ environment ---
[INFO] 
[INFO] --- maven-resources-plugin:3.1.0:resources (default-resources) @ environment ---
[INFO] Using 'UTF-8' encoding to copy filtered resources.
[INFO] skip non existing resourceDirectory /home/gabsko/breaking-updates/environment/addon/src/main/resources
[INFO] 
[INFO] --- maven-compiler-plugin:3.8.0-jboss-2:compile (default-compile) @ environment ---
[INFO] Changes detected - recompiling the module!
[INFO] Compiling 1 source file to /home/gabsko/breaking-updates/environment/addon/target/classes
[WARNING] bootstrap class path not set in conjunction with -source 8
[INFO] 
[INFO] --- jandex-maven-plugin:1.0.5:jandex (make-index) @ environment ---
[INFO] 
[INFO] --- maven-resources-plugin:3.1.0:testResources (default-testResources) @ environment ---
[INFO] Using 'UTF-8' encoding to copy filtered resources.
[INFO] skip non existing resourceDirectory /home/gabsko/breaking-updates/environment/addon/src/test/resources
[INFO] 
[INFO] --- maven-compiler-plugin:3.8.0-jboss-2:testCompile (default-testCompile) @ environment ---
[INFO] No sources to compile
[INFO] 
[INFO] --- maven-surefire-plugin:2.22.0:test (default-test) @ environment ---
[INFO] No tests to run.
[INFO] 
[INFO] ------------------< org.jboss.forge.addon:ui-parent >-------------------
[INFO] Building Forge - UI Addon Parent 3.9.9-SNAPSHOT                 [22/137]
[INFO] --------------------------------[ pom ]---------------------------------
[INFO] 
[INFO] --- maven-clean-plugin:3.1.0:clean (default-clean) @ ui-parent ---
[INFO] 
[INFO] --- maven-enforcer-plugin:3.0.0-M2:enforce (enforce-java-version) @ ui-parent ---
[INFO] 
[INFO] --- maven-enforcer-plugin:3.0.0-M2:enforce (enforce-maven-version) @ ui-parent ---
[INFO] 
[INFO] --- buildnumber-maven-plugin:1.4:create (get-scm-revision) @ ui-parent ---
[INFO] 
[INFO] --- jandex-maven-plugin:1.0.5:jandex (make-index) @ ui-parent ---
[INFO] [SKIP] Cannot process fileset in directory: /home/gabsko/breaking-updates/ui/target/classes. Directory does not exist!
[INFO] 
[INFO] --------------------< org.jboss.forge.addon:ui-spi >--------------------
[INFO] Building Forge - UI Addon SPI 3.9.9-SNAPSHOT                    [23/137]
[INFO] --------------------------------[ jar ]---------------------------------
[INFO] 
[INFO] --- maven-clean-plugin:3.1.0:clean (default-clean) @ ui-spi ---
[INFO] Deleting /home/gabsko/breaking-updates/ui/spi/target
[INFO] 
[INFO] --- maven-enforcer-plugin:3.0.0-M2:enforce (enforce-java-version) @ ui-spi ---
[INFO] 
[INFO] --- maven-enforcer-plugin:3.0.0-M2:enforce (enforce-maven-version) @ ui-spi ---
[INFO] 
[INFO] --- buildnumber-maven-plugin:1.4:create (get-scm-revision) @ ui-spi ---
[INFO] 
[INFO] --- maven-resources-plugin:3.1.0:resources (default-resources) @ ui-spi ---
[INFO] Using 'UTF-8' encoding to copy filtered resources.
[INFO] skip non existing resourceDirectory /home/gabsko/breaking-updates/ui/spi/src/main/resources
[INFO] 
[INFO] --- maven-compiler-plugin:3.8.0-jboss-2:compile (default-compile) @ ui-spi ---
[INFO] Changes detected - recompiling the module!
[INFO] Compiling 2 source files to /home/gabsko/breaking-updates/ui/spi/target/classes
[WARNING] bootstrap class path not set in conjunction with -source 8
[INFO] 
[INFO] --- jandex-maven-plugin:1.0.5:jandex (make-index) @ ui-spi ---
[INFO] 
[INFO] --- maven-resources-plugin:3.1.0:testResources (default-testResources) @ ui-spi ---
[INFO] Using 'UTF-8' encoding to copy filtered resources.
[INFO] skip non existing resourceDirectory /home/gabsko/breaking-updates/ui/spi/src/test/resources
[INFO] 
[INFO] --- maven-compiler-plugin:3.8.0-jboss-2:testCompile (default-testCompile) @ ui-spi ---
[INFO] No sources to compile
[INFO] 
[INFO] --- maven-surefire-plugin:2.22.0:test (default-test) @ ui-spi ---
[INFO] No tests to run.
[INFO] 
[INFO] --------------------< org.jboss.forge.addon:ui-api >--------------------
[INFO] Building Forge - UI API 3.9.9-SNAPSHOT                          [24/137]
[INFO] --------------------------------[ jar ]---------------------------------
[INFO] 
[INFO] --- maven-clean-plugin:3.1.0:clean (default-clean) @ ui-api ---
[INFO] Deleting /home/gabsko/breaking-updates/ui/api/target
[INFO] 
[INFO] --- maven-enforcer-plugin:3.0.0-M2:enforce (enforce-java-version) @ ui-api ---
[INFO] 
[INFO] --- maven-enforcer-plugin:3.0.0-M2:enforce (enforce-maven-version) @ ui-api ---
[INFO] 
[INFO] --- buildnumber-maven-plugin:1.4:create (get-scm-revision) @ ui-api ---
[INFO] 
[INFO] --- maven-resources-plugin:3.1.0:resources (default-resources) @ ui-api ---
[INFO] Using 'UTF-8' encoding to copy filtered resources.
[INFO] Copying 1 resource
[INFO] 
[INFO] --- maven-compiler-plugin:3.8.0-jboss-2:compile (default-compile) @ ui-api ---
[INFO] Changes detected - recompiling the module!
[INFO] Compiling 90 source files to /home/gabsko/breaking-updates/ui/api/target/classes
[WARNING] bootstrap class path not set in conjunction with -source 8
[INFO] 
[INFO] --- jandex-maven-plugin:1.0.5:jandex (make-index) @ ui-api ---
[INFO] 
[INFO] --- maven-resources-plugin:3.1.0:testResources (default-testResources) @ ui-api ---
[INFO] Using 'UTF-8' encoding to copy filtered resources.
[INFO] Copying 1 resource
[INFO] 
[INFO] --- maven-compiler-plugin:3.8.0-jboss-2:testCompile (default-testCompile) @ ui-api ---
[INFO] Changes detected - recompiling the module!
[INFO] Compiling 11 source files to /home/gabsko/breaking-updates/ui/api/target/test-classes
[WARNING] bootstrap class path not set in conjunction with -source 8
[WARNING] /home/gabsko/breaking-updates/ui/api/src/test/java/org/jboss/forge/addon/ui/result/ResultsTest.java:[32,7] <T>assertThat(T,org.hamcrest.Matcher<? super T>) in org.junit.Assert has been deprecated
[WARNING] /home/gabsko/breaking-updates/ui/api/src/test/java/org/jboss/forge/addon/ui/result/ResultsTest.java:[33,7] <T>assertThat(T,org.hamcrest.Matcher<? super T>) in org.junit.Assert has been deprecated
[WARNING] /home/gabsko/breaking-updates/ui/api/src/test/java/org/jboss/forge/addon/ui/result/ResultsTest.java:[43,7] <T>assertThat(T,org.hamcrest.Matcher<? super T>) in org.junit.Assert has been deprecated
[WARNING] /home/gabsko/breaking-updates/ui/api/src/test/java/org/jboss/forge/addon/ui/result/ResultsTest.java:[44,7] <T>assertThat(T,org.hamcrest.Matcher<? super T>) in org.junit.Assert has been deprecated
[WARNING] /home/gabsko/breaking-updates/ui/api/src/test/java/org/jboss/forge/addon/ui/result/ResultsTest.java:[55,7] <T>assertThat(T,org.hamcrest.Matcher<? super T>) in org.junit.Assert has been deprecated
[WARNING] /home/gabsko/breaking-updates/ui/api/src/test/java/org/jboss/forge/addon/ui/result/ResultsTest.java:[56,7] <T>assertThat(T,org.hamcrest.Matcher<? super T>) in org.junit.Assert has been deprecated
[WARNING] /home/gabsko/breaking-updates/ui/api/src/test/java/org/jboss/forge/addon/ui/result/ResultsTest.java:[67,7] <T>assertThat(T,org.hamcrest.Matcher<? super T>) in org.junit.Assert has been deprecated
[WARNING] /home/gabsko/breaking-updates/ui/api/src/test/java/org/jboss/forge/addon/ui/result/ResultsTest.java:[68,7] <T>assertThat(T,org.hamcrest.Matcher<? super T>) in org.junit.Assert has been deprecated
[WARNING] /home/gabsko/breaking-updates/ui/api/src/test/java/org/jboss/forge/addon/ui/result/ResultsTest.java:[69,7] <T>assertThat(T,org.hamcrest.Matcher<? super T>) in org.junit.Assert has been deprecated
[WARNING] /home/gabsko/breaking-updates/ui/api/src/test/java/org/jboss/forge/addon/ui/result/ResultsTest.java:[79,7] <T>assertThat(T,org.hamcrest.Matcher<? super T>) in org.junit.Assert has been deprecated
[WARNING] /home/gabsko/breaking-updates/ui/api/src/test/java/org/jboss/forge/addon/ui/result/ResultsTest.java:[80,7] <T>assertThat(T,org.hamcrest.Matcher<? super T>) in org.junit.Assert has been deprecated
[WARNING] /home/gabsko/breaking-updates/ui/api/src/test/java/org/jboss/forge/addon/ui/result/ResultsTest.java:[81,7] <T>assertThat(T,org.hamcrest.Matcher<? super T>) in org.junit.Assert has been deprecated
[WARNING] /home/gabsko/breaking-updates/ui/api/src/test/java/org/jboss/forge/addon/ui/result/ResultsTest.java:[92,7] <T>assertThat(T,org.hamcrest.Matcher<? super T>) in org.junit.Assert has been deprecated
[WARNING] /home/gabsko/breaking-updates/ui/api/src/test/java/org/jboss/forge/addon/ui/result/ResultsTest.java:[94,7] <T>assertThat(T,org.hamcrest.Matcher<? super T>) in org.junit.Assert has been deprecated
[WARNING] /home/gabsko/breaking-updates/ui/api/src/test/java/org/jboss/forge/addon/ui/result/ResultsTest.java:[107,7] <T>assertThat(T,org.hamcrest.Matcher<? super T>) in org.junit.Assert has been deprecated
[WARNING] /home/gabsko/breaking-updates/ui/api/src/test/java/org/jboss/forge/addon/ui/result/ResultsTest.java:[109,7] <T>assertThat(T,org.hamcrest.Matcher<? super T>) in org.junit.Assert has been deprecated
[INFO] 
[INFO] --- maven-surefire-plugin:2.22.0:test (default-test) @ ui-api ---
[INFO] 
[INFO] -------------------------------------------------------
[INFO]  T E S T S
[INFO] -------------------------------------------------------
[INFO] Running org.jboss.forge.addon.ui.util.CategoriesTest
[INFO] Tests run: 3, Failures: 0, Errors: 0, Skipped: 0, Time elapsed: 0.052 s - in org.jboss.forge.addon.ui.util.CategoriesTest
[INFO] Running org.jboss.forge.addon.ui.util.SelectionsTest
[INFO] Tests run: 1, Failures: 0, Errors: 0, Skipped: 0, Time elapsed: 0.001 s - in org.jboss.forge.addon.ui.util.SelectionsTest
[INFO] Running org.jboss.forge.addon.ui.util.CompositeUIValidatorTest
[INFO] Tests run: 2, Failures: 0, Errors: 0, Skipped: 0, Time elapsed: 0.001 s - in org.jboss.forge.addon.ui.util.CompositeUIValidatorTest
[INFO] Running org.jboss.forge.addon.ui.util.MetadataTest
[INFO] Tests run: 3, Failures: 0, Errors: 0, Skipped: 0, Time elapsed: 0.009 s - in org.jboss.forge.addon.ui.util.MetadataTest
[INFO] Running org.jboss.forge.addon.ui.util.CommandsTest
[INFO] Tests run: 2, Failures: 0, Errors: 0, Skipped: 0, Time elapsed: 0.013 s - in org.jboss.forge.addon.ui.util.CommandsTest
[INFO] Running org.jboss.forge.addon.ui.result.navigation.NavigationResultBuilderTest
[INFO] Tests run: 5, Failures: 0, Errors: 0, Skipped: 0, Time elapsed: 0.003 s - in org.jboss.forge.addon.ui.result.navigation.NavigationResultBuilderTest
[INFO] Running org.jboss.forge.addon.ui.result.ResultsTest
[INFO] Tests run: 7, Failures: 0, Errors: 0, Skipped: 0, Time elapsed: 0.003 s - in org.jboss.forge.addon.ui.result.ResultsTest
[INFO] 
[INFO] Results:
[INFO] 
[INFO] Tests run: 23, Failures: 0, Errors: 0, Skipped: 0
[INFO] 
[INFO] 
[INFO] -----------------< org.jboss.forge.addon:convert-impl >-----------------
[INFO] Building Forge - Convert Impl 3.9.9-SNAPSHOT                    [25/137]
[INFO] --------------------------------[ jar ]---------------------------------
[INFO] 
[INFO] --- maven-clean-plugin:3.1.0:clean (default-clean) @ convert-impl ---
[INFO] Deleting /home/gabsko/breaking-updates/convert/impl/target
[INFO] 
[INFO] --- maven-enforcer-plugin:3.0.0-M2:enforce (enforce-java-version) @ convert-impl ---
[INFO] 
[INFO] --- maven-enforcer-plugin:3.0.0-M2:enforce (enforce-maven-version) @ convert-impl ---
[INFO] 
[INFO] --- buildnumber-maven-plugin:1.4:create (get-scm-revision) @ convert-impl ---
[INFO] 
[INFO] --- maven-resources-plugin:3.1.0:resources (default-resources) @ convert-impl ---
[INFO] Using 'UTF-8' encoding to copy filtered resources.
[INFO] Copying 1 resource
[INFO] 
[INFO] --- maven-compiler-plugin:3.8.0-jboss-2:compile (default-compile) @ convert-impl ---
[INFO] Changes detected - recompiling the module!
[INFO] Compiling 7 source files to /home/gabsko/breaking-updates/convert/impl/target/classes
[WARNING] bootstrap class path not set in conjunction with -source 8
[INFO] 
[INFO] --- jandex-maven-plugin:1.0.5:jandex (make-index) @ convert-impl ---
[INFO] 
[INFO] --- maven-resources-plugin:3.1.0:testResources (default-testResources) @ convert-impl ---
[INFO] Using 'UTF-8' encoding to copy filtered resources.
[INFO] skip non existing resourceDirectory /home/gabsko/breaking-updates/convert/impl/src/test/resources
[INFO] 
[INFO] --- maven-compiler-plugin:3.8.0-jboss-2:testCompile (default-testCompile) @ convert-impl ---
[INFO] No sources to compile
[INFO] 
[INFO] --- maven-surefire-plugin:2.22.0:test (default-test) @ convert-impl ---
[INFO] No tests to run.
[INFO] 
[INFO] -------------------< org.jboss.forge.addon:convert >--------------------
[INFO] Building Forge - Convert Addon 3.9.9-SNAPSHOT                   [26/137]
[INFO] --------------------------------[ jar ]---------------------------------
[INFO] 
[INFO] --- maven-clean-plugin:3.1.0:clean (default-clean) @ convert ---
[INFO] Deleting /home/gabsko/breaking-updates/convert/addon/target
[INFO] 
[INFO] --- maven-enforcer-plugin:3.0.0-M2:enforce (enforce-java-version) @ convert ---
[INFO] 
[INFO] --- maven-enforcer-plugin:3.0.0-M2:enforce (enforce-maven-version) @ convert ---
[INFO] 
[INFO] --- buildnumber-maven-plugin:1.4:create (get-scm-revision) @ convert ---
[INFO] 
[INFO] --- maven-resources-plugin:3.1.0:resources (default-resources) @ convert ---
[INFO] Using 'UTF-8' encoding to copy filtered resources.
[INFO] skip non existing resourceDirectory /home/gabsko/breaking-updates/convert/addon/src/main/resources
[INFO] 
[INFO] --- maven-compiler-plugin:3.8.0-jboss-2:compile (default-compile) @ convert ---
[INFO] Changes detected - recompiling the module!
[INFO] Compiling 1 source file to /home/gabsko/breaking-updates/convert/addon/target/classes
[WARNING] bootstrap class path not set in conjunction with -source 8
[INFO] 
[INFO] --- jandex-maven-plugin:1.0.5:jandex (make-index) @ convert ---
[INFO] 
[INFO] --- maven-resources-plugin:3.1.0:testResources (default-testResources) @ convert ---
[INFO] Using 'UTF-8' encoding to copy filtered resources.
[INFO] skip non existing resourceDirectory /home/gabsko/breaking-updates/convert/addon/src/test/resources
[INFO] 
[INFO] --- maven-compiler-plugin:3.8.0-jboss-2:testCompile (default-testCompile) @ convert ---
[INFO] No sources to compile
[INFO] 
[INFO] --- maven-surefire-plugin:2.22.0:test (default-test) @ convert ---
[INFO] No tests to run.
[INFO] 
[INFO] -------------------< org.jboss.forge.addon:ui-impl >--------------------
[INFO] Building Forge - UI Impl 3.9.9-SNAPSHOT                         [27/137]
[INFO] --------------------------------[ jar ]---------------------------------
[INFO] Downloading from central: https://repo.maven.apache.org/maven2/org/jboss/forge/furnace/test/arquillian-furnace-classpath/2.29.0.Final/arquillian-furnace-classpath-2.29.0.Final.jar
[INFO] Downloading from central: https://repo.maven.apache.org/maven2/org/jboss/forge/furnace/test/arquillian-furnace-core/2.29.0.Final/arquillian-furnace-core-2.29.0.Final.jar
[INFO] Downloading from central: https://repo.maven.apache.org/maven2/org/jboss/forge/furnace/test/furnace-test-harness/2.29.0.Final/furnace-test-harness-2.29.0.Final.jar
[INFO] Downloaded from central: https://repo.maven.apache.org/maven2/org/jboss/forge/furnace/test/arquillian-furnace-core/2.29.0.Final/arquillian-furnace-core-2.29.0.Final.jar (66 kB at 149 kB/s)
[INFO] Downloaded from central: https://repo.maven.apache.org/maven2/org/jboss/forge/furnace/test/furnace-test-harness/2.29.0.Final/furnace-test-harness-2.29.0.Final.jar (2.3 kB at 4.6 kB/s)
[INFO] Downloaded from central: https://repo.maven.apache.org/maven2/org/jboss/forge/furnace/test/arquillian-furnace-classpath/2.29.0.Final/arquillian-furnace-classpath-2.29.0.Final.jar (18 kB at 27 kB/s)
[INFO] 
[INFO] --- maven-clean-plugin:3.1.0:clean (default-clean) @ ui-impl ---
[INFO] Deleting /home/gabsko/breaking-updates/ui/impl/target
[INFO] 
[INFO] --- maven-enforcer-plugin:3.0.0-M2:enforce (enforce-java-version) @ ui-impl ---
[INFO] 
[INFO] --- maven-enforcer-plugin:3.0.0-M2:enforce (enforce-maven-version) @ ui-impl ---
[INFO] 
[INFO] --- buildnumber-maven-plugin:1.4:create (get-scm-revision) @ ui-impl ---
[INFO] 
[INFO] --- maven-resources-plugin:3.1.0:resources (default-resources) @ ui-impl ---
[INFO] Using 'UTF-8' encoding to copy filtered resources.
[INFO] Copying 2 resources
[INFO] 
[INFO] --- maven-compiler-plugin:3.8.0-jboss-2:compile (default-compile) @ ui-impl ---
[INFO] Changes detected - recompiling the module!
[INFO] Compiling 32 source files to /home/gabsko/breaking-updates/ui/impl/target/classes
[WARNING] bootstrap class path not set in conjunction with -source 8
[INFO] 
[INFO] --- jandex-maven-plugin:1.0.5:jandex (make-index) @ ui-impl ---
[INFO] 
[INFO] --- maven-resources-plugin:3.1.0:testResources (default-testResources) @ ui-impl ---
[INFO] Using 'UTF-8' encoding to copy filtered resources.
[INFO] skip non existing resourceDirectory /home/gabsko/breaking-updates/ui/impl/src/test/resources
[INFO] 
[INFO] --- maven-compiler-plugin:3.8.0-jboss-2:testCompile (default-testCompile) @ ui-impl ---
[INFO] Changes detected - recompiling the module!
[INFO] Compiling 1 source file to /home/gabsko/breaking-updates/ui/impl/target/test-classes
[WARNING] bootstrap class path not set in conjunction with -source 8
[INFO] 
[INFO] --- maven-surefire-plugin:2.22.0:test (default-test) @ ui-impl ---
[INFO] 
[INFO] -------------------------------------------------------
[INFO]  T E S T S
[INFO] -------------------------------------------------------
[INFO] Running org.jboss.forge.addon.ui.impl.annotation.ReservedParametersTest
[INFO] Tests run: 1, Failures: 0, Errors: 0, Skipped: 0, Time elapsed: 0.042 s - in org.jboss.forge.addon.ui.impl.annotation.ReservedParametersTest
[INFO] 
[INFO] Results:
[INFO] 
[INFO] Tests run: 1, Failures: 0, Errors: 0, Skipped: 0
[INFO] 
[INFO] 
[INFO] ----------------------< org.jboss.forge.addon:ui >----------------------
[INFO] Building Forge - UI Addon 3.9.9-SNAPSHOT                        [28/137]
[INFO] --------------------------------[ jar ]---------------------------------
[INFO] 
[INFO] --- maven-clean-plugin:3.1.0:clean (default-clean) @ ui ---
[INFO] Deleting /home/gabsko/breaking-updates/ui/addon/target
[INFO] 
[INFO] --- maven-enforcer-plugin:3.0.0-M2:enforce (enforce-java-version) @ ui ---
[INFO] 
[INFO] --- maven-enforcer-plugin:3.0.0-M2:enforce (enforce-maven-version) @ ui ---
[INFO] 
[INFO] --- buildnumber-maven-plugin:1.4:create (get-scm-revision) @ ui ---
[INFO] 
[INFO] --- maven-resources-plugin:3.1.0:resources (default-resources) @ ui ---
[INFO] Using 'UTF-8' encoding to copy filtered resources.
[INFO] skip non existing resourceDirectory /home/gabsko/breaking-updates/ui/addon/src/main/resources
[INFO] 
[INFO] --- maven-compiler-plugin:3.8.0-jboss-2:compile (default-compile) @ ui ---
[INFO] Changes detected - recompiling the module!
[INFO] Compiling 1 source file to /home/gabsko/breaking-updates/ui/addon/target/classes
[WARNING] bootstrap class path not set in conjunction with -source 8
[INFO] 
[INFO] --- jandex-maven-plugin:1.0.5:jandex (make-index) @ ui ---
[INFO] 
[INFO] --- maven-resources-plugin:3.1.0:testResources (default-testResources) @ ui ---
[INFO] Using 'UTF-8' encoding to copy filtered resources.
[INFO] skip non existing resourceDirectory /home/gabsko/breaking-updates/ui/addon/src/test/resources
[INFO] 
[INFO] --- maven-compiler-plugin:3.8.0-jboss-2:testCompile (default-testCompile) @ ui ---
[INFO] No sources to compile
[INFO] 
[INFO] --- maven-surefire-plugin:2.22.0:test (default-test) @ ui ---
[INFO] No tests to run.
[INFO] 
[INFO] ----------------< org.jboss.forge.addon:resources-impl >----------------
[INFO] Building Forge - Resource Addon Impl 3.9.9-SNAPSHOT             [29/137]
[INFO] --------------------------------[ jar ]---------------------------------
[INFO] 
[INFO] --- maven-clean-plugin:3.1.0:clean (default-clean) @ resources-impl ---
[INFO] Deleting /home/gabsko/breaking-updates/resources/impl/target
[INFO] 
[INFO] --- maven-enforcer-plugin:3.0.0-M2:enforce (enforce-java-version) @ resources-impl ---
[INFO] 
[INFO] --- maven-enforcer-plugin:3.0.0-M2:enforce (enforce-maven-version) @ resources-impl ---
[INFO] 
[INFO] --- buildnumber-maven-plugin:1.4:create (get-scm-revision) @ resources-impl ---
[INFO] 
[INFO] --- maven-resources-plugin:3.1.0:resources (default-resources) @ resources-impl ---
[INFO] Using 'UTF-8' encoding to copy filtered resources.
[INFO] Copying 2 resources
[INFO] 
[INFO] --- maven-compiler-plugin:3.8.0-jboss-2:compile (default-compile) @ resources-impl ---
[INFO] Changes detected - recompiling the module!
[INFO] Compiling 23 source files to /home/gabsko/breaking-updates/resources/impl/target/classes
[WARNING] bootstrap class path not set in conjunction with -source 8
[INFO] 
[INFO] --- jandex-maven-plugin:1.0.5:jandex (make-index) @ resources-impl ---
[INFO] 
[INFO] --- maven-resources-plugin:3.1.0:testResources (default-testResources) @ resources-impl ---
[INFO] Using 'UTF-8' encoding to copy filtered resources.
[INFO] skip non existing resourceDirectory /home/gabsko/breaking-updates/resources/impl/src/test/resources
[INFO] 
[INFO] --- maven-compiler-plugin:3.8.0-jboss-2:testCompile (default-testCompile) @ resources-impl ---
[INFO] No sources to compile
[INFO] 
[INFO] --- maven-surefire-plugin:2.22.0:test (default-test) @ resources-impl ---
[INFO] No tests to run.
[INFO] 
[INFO] ------------------< org.jboss.forge.addon:resources >-------------------
[INFO] Building Forge - Resource Addon 3.9.9-SNAPSHOT                  [30/137]
[INFO] --------------------------------[ jar ]---------------------------------
[INFO] 
[INFO] --- maven-clean-plugin:3.1.0:clean (default-clean) @ resources ---
[INFO] Deleting /home/gabsko/breaking-updates/resources/addon/target
[INFO] 
[INFO] --- maven-enforcer-plugin:3.0.0-M2:enforce (enforce-java-version) @ resources ---
[INFO] 
[INFO] --- maven-enforcer-plugin:3.0.0-M2:enforce (enforce-maven-version) @ resources ---
[INFO] 
[INFO] --- buildnumber-maven-plugin:1.4:create (get-scm-revision) @ resources ---
[INFO] 
[INFO] --- maven-resources-plugin:3.1.0:resources (default-resources) @ resources ---
[INFO] Using 'UTF-8' encoding to copy filtered resources.
[INFO] skip non existing resourceDirectory /home/gabsko/breaking-updates/resources/addon/src/main/resources
[INFO] 
[INFO] --- maven-compiler-plugin:3.8.0-jboss-2:compile (default-compile) @ resources ---
[INFO] Changes detected - recompiling the module!
[INFO] Compiling 1 source file to /home/gabsko/breaking-updates/resources/addon/target/classes
[WARNING] bootstrap class path not set in conjunction with -source 8
[INFO] 
[INFO] --- jandex-maven-plugin:1.0.5:jandex (make-index) @ resources ---
[INFO] 
[INFO] --- maven-resources-plugin:3.1.0:testResources (default-testResources) @ resources ---
[INFO] Using 'UTF-8' encoding to copy filtered resources.
[INFO] skip non existing resourceDirectory /home/gabsko/breaking-updates/resources/addon/src/test/resources
[INFO] 
[INFO] --- maven-compiler-plugin:3.8.0-jboss-2:testCompile (default-testCompile) @ resources ---
[INFO] No sources to compile
[INFO] 
[INFO] --- maven-surefire-plugin:2.22.0:test (default-test) @ resources ---
[INFO] No tests to run.
[INFO] 
[INFO] -----------------< org.jboss.forge.addon:shell-parent >-----------------
[INFO] Building Forge - Shell Addon Parent 3.9.9-SNAPSHOT              [31/137]
[INFO] --------------------------------[ pom ]---------------------------------
[INFO] 
[INFO] --- maven-clean-plugin:3.1.0:clean (default-clean) @ shell-parent ---
[INFO] 
[INFO] --- maven-enforcer-plugin:3.0.0-M2:enforce (enforce-java-version) @ shell-parent ---
[INFO] 
[INFO] --- maven-enforcer-plugin:3.0.0-M2:enforce (enforce-maven-version) @ shell-parent ---
[INFO] 
[INFO] --- buildnumber-maven-plugin:1.4:create (get-scm-revision) @ shell-parent ---
[INFO] 
[INFO] --- jandex-maven-plugin:1.0.5:jandex (make-index) @ shell-parent ---
[INFO] [SKIP] Cannot process fileset in directory: /home/gabsko/breaking-updates/shell/target/classes. Directory does not exist!
[INFO] 
[INFO] ------------------< org.jboss.forge.addon:shell-spi >-------------------
[INFO] Building Forge - Shell SPI Addon 3.9.9-SNAPSHOT                 [32/137]
[INFO] --------------------------------[ jar ]---------------------------------
[INFO] 
[INFO] --- maven-clean-plugin:3.1.0:clean (default-clean) @ shell-spi ---
[INFO] Deleting /home/gabsko/breaking-updates/shell/spi/target
[INFO] 
[INFO] --- maven-enforcer-plugin:3.0.0-M2:enforce (enforce-java-version) @ shell-spi ---
[INFO] 
[INFO] --- maven-enforcer-plugin:3.0.0-M2:enforce (enforce-maven-version) @ shell-spi ---
[INFO] 
[INFO] --- buildnumber-maven-plugin:1.4:create (get-scm-revision) @ shell-spi ---
[INFO] 
[INFO] --- maven-resources-plugin:3.1.0:resources (default-resources) @ shell-spi ---
[INFO] Using 'UTF-8' encoding to copy filtered resources.
[INFO] skip non existing resourceDirectory /home/gabsko/breaking-updates/shell/spi/src/main/resources
[INFO] 
[INFO] --- maven-compiler-plugin:3.8.0-jboss-2:compile (default-compile) @ shell-spi ---
[INFO] Changes detected - recompiling the module!
[INFO] Compiling 5 source files to /home/gabsko/breaking-updates/shell/spi/target/classes
[WARNING] bootstrap class path not set in conjunction with -source 8
[INFO] 
[INFO] --- jandex-maven-plugin:1.0.5:jandex (make-index) @ shell-spi ---
[INFO] 
[INFO] --- maven-resources-plugin:3.1.0:testResources (default-testResources) @ shell-spi ---
[INFO] Using 'UTF-8' encoding to copy filtered resources.
[INFO] skip non existing resourceDirectory /home/gabsko/breaking-updates/shell/spi/src/test/resources
[INFO] 
[INFO] --- maven-compiler-plugin:3.8.0-jboss-2:testCompile (default-testCompile) @ shell-spi ---
[INFO] No sources to compile
[INFO] 
[INFO] --- maven-surefire-plugin:2.22.0:test (default-test) @ shell-spi ---
[INFO] No tests to run.
[INFO] 
[INFO] --------------< org.jboss.forge.addon:dependencies-impl >---------------
[INFO] Building Forge - Dependencies Impl 3.9.9-SNAPSHOT               [33/137]
[INFO] --------------------------------[ jar ]---------------------------------
[INFO] 
[INFO] --- maven-clean-plugin:3.1.0:clean (default-clean) @ dependencies-impl ---
[INFO] Deleting /home/gabsko/breaking-updates/dependencies/impl/target
[INFO] 
[INFO] --- maven-enforcer-plugin:3.0.0-M2:enforce (enforce-java-version) @ dependencies-impl ---
[INFO] 
[INFO] --- maven-enforcer-plugin:3.0.0-M2:enforce (enforce-maven-version) @ dependencies-impl ---
[INFO] 
[INFO] --- buildnumber-maven-plugin:1.4:create (get-scm-revision) @ dependencies-impl ---
[INFO] 
[INFO] --- maven-resources-plugin:3.1.0:resources (default-resources) @ dependencies-impl ---
[INFO] Using 'UTF-8' encoding to copy filtered resources.
[INFO] Copying 1 resource
[INFO] 
[INFO] --- maven-compiler-plugin:3.8.0-jboss-2:compile (default-compile) @ dependencies-impl ---
[INFO] Changes detected - recompiling the module!
[INFO] Compiling 1 source file to /home/gabsko/breaking-updates/dependencies/impl/target/classes
[WARNING] bootstrap class path not set in conjunction with -source 8
[INFO] 
[INFO] --- jandex-maven-plugin:1.0.5:jandex (make-index) @ dependencies-impl ---
[INFO] 
[INFO] --- maven-resources-plugin:3.1.0:testResources (default-testResources) @ dependencies-impl ---
[INFO] Using 'UTF-8' encoding to copy filtered resources.
[INFO] skip non existing resourceDirectory /home/gabsko/breaking-updates/dependencies/impl/src/test/resources
[INFO] 
[INFO] --- maven-compiler-plugin:3.8.0-jboss-2:testCompile (default-testCompile) @ dependencies-impl ---
[INFO] No sources to compile
[INFO] 
[INFO] --- maven-surefire-plugin:2.22.0:test (default-test) @ dependencies-impl ---
[INFO] No tests to run.
[INFO] 
[INFO] -----------------< org.jboss.forge.addon:dependencies >-----------------
[INFO] Building Forge - Dependencies Addon 3.9.9-SNAPSHOT              [34/137]
[INFO] --------------------------------[ jar ]---------------------------------
[INFO] 
[INFO] --- maven-clean-plugin:3.1.0:clean (default-clean) @ dependencies ---
[INFO] Deleting /home/gabsko/breaking-updates/dependencies/addon/target
[INFO] 
[INFO] --- maven-enforcer-plugin:3.0.0-M2:enforce (enforce-java-version) @ dependencies ---
[INFO] 
[INFO] --- maven-enforcer-plugin:3.0.0-M2:enforce (enforce-maven-version) @ dependencies ---
[INFO] 
[INFO] --- buildnumber-maven-plugin:1.4:create (get-scm-revision) @ dependencies ---
[INFO] 
[INFO] --- maven-resources-plugin:3.1.0:resources (default-resources) @ dependencies ---
[INFO] Using 'UTF-8' encoding to copy filtered resources.
[INFO] skip non existing resourceDirectory /home/gabsko/breaking-updates/dependencies/addon/src/main/resources
[INFO] 
[INFO] --- maven-compiler-plugin:3.8.0-jboss-2:compile (default-compile) @ dependencies ---
[INFO] Changes detected - recompiling the module!
[INFO] Compiling 1 source file to /home/gabsko/breaking-updates/dependencies/addon/target/classes
[WARNING] bootstrap class path not set in conjunction with -source 8
[INFO] 
[INFO] --- jandex-maven-plugin:1.0.5:jandex (make-index) @ dependencies ---
[INFO] 
[INFO] --- maven-resources-plugin:3.1.0:testResources (default-testResources) @ dependencies ---
[INFO] Using 'UTF-8' encoding to copy filtered resources.
[INFO] skip non existing resourceDirectory /home/gabsko/breaking-updates/dependencies/addon/src/test/resources
[INFO] 
[INFO] --- maven-compiler-plugin:3.8.0-jboss-2:testCompile (default-testCompile) @ dependencies ---
[INFO] No sources to compile
[INFO] 
[INFO] --- maven-surefire-plugin:2.22.0:test (default-test) @ dependencies ---
[INFO] No tests to run.
[INFO] 
[INFO] ---------------< org.jboss.forge.addon:projects-parent >----------------
[INFO] Building Forge - Projects Addon Parent 3.9.9-SNAPSHOT           [35/137]
[INFO] --------------------------------[ pom ]---------------------------------
[INFO] 
[INFO] --- maven-clean-plugin:3.1.0:clean (default-clean) @ projects-parent ---
[INFO] 
[INFO] --- maven-enforcer-plugin:3.0.0-M2:enforce (enforce-java-version) @ projects-parent ---
[INFO] 
[INFO] --- maven-enforcer-plugin:3.0.0-M2:enforce (enforce-maven-version) @ projects-parent ---
[INFO] 
[INFO] --- buildnumber-maven-plugin:1.4:create (get-scm-revision) @ projects-parent ---
[INFO] 
[INFO] --- jandex-maven-plugin:1.0.5:jandex (make-index) @ projects-parent ---
[INFO] [SKIP] Cannot process fileset in directory: /home/gabsko/breaking-updates/projects/target/classes. Directory does not exist!
[INFO] 
[INFO] -----------------< org.jboss.forge.addon:projects-api >-----------------
[INFO] Building Forge - Projects API 3.9.9-SNAPSHOT                    [36/137]
[INFO] --------------------------------[ jar ]---------------------------------
[INFO] 
[INFO] --- maven-clean-plugin:3.1.0:clean (default-clean) @ projects-api ---
[INFO] Deleting /home/gabsko/breaking-updates/projects/api/target
[INFO] 
[INFO] --- maven-enforcer-plugin:3.0.0-M2:enforce (enforce-java-version) @ projects-api ---
[INFO] 
[INFO] --- maven-enforcer-plugin:3.0.0-M2:enforce (enforce-maven-version) @ projects-api ---
[INFO] 
[INFO] --- buildnumber-maven-plugin:1.4:create (get-scm-revision) @ projects-api ---
[INFO] 
[INFO] --- maven-resources-plugin:3.1.0:resources (default-resources) @ projects-api ---
[INFO] Using 'UTF-8' encoding to copy filtered resources.
[INFO] Copying 1 resource
[INFO] 
[INFO] --- maven-compiler-plugin:3.8.0-jboss-2:compile (default-compile) @ projects-api ---
[INFO] Changes detected - recompiling the module!
[INFO] Compiling 48 source files to /home/gabsko/breaking-updates/projects/api/target/classes
[WARNING] bootstrap class path not set in conjunction with -source 8
[INFO] 
[INFO] --- jandex-maven-plugin:1.0.5:jandex (make-index) @ projects-api ---
[INFO] 
[INFO] --- maven-resources-plugin:3.1.0:testResources (default-testResources) @ projects-api ---
[INFO] Using 'UTF-8' encoding to copy filtered resources.
[INFO] skip non existing resourceDirectory /home/gabsko/breaking-updates/projects/api/src/test/resources
[INFO] 
[INFO] --- maven-compiler-plugin:3.8.0-jboss-2:testCompile (default-testCompile) @ projects-api ---
[INFO] No sources to compile
[INFO] 
[INFO] --- maven-surefire-plugin:2.22.0:test (default-test) @ projects-api ---
[INFO] No tests to run.
[INFO] 
[INFO] ----------------< org.jboss.forge.addon:projects-impl >-----------------
[INFO] Building Forge - Projects Impl 3.9.9-SNAPSHOT                   [37/137]
[INFO] --------------------------------[ jar ]---------------------------------
[INFO] 
[INFO] --- maven-clean-plugin:3.1.0:clean (default-clean) @ projects-impl ---
[INFO] Deleting /home/gabsko/breaking-updates/projects/impl/target
[INFO] 
[INFO] --- maven-enforcer-plugin:3.0.0-M2:enforce (enforce-java-version) @ projects-impl ---
[INFO] 
[INFO] --- maven-enforcer-plugin:3.0.0-M2:enforce (enforce-maven-version) @ projects-impl ---
[INFO] 
[INFO] --- buildnumber-maven-plugin:1.4:create (get-scm-revision) @ projects-impl ---
[INFO] 
[INFO] --- maven-resources-plugin:3.1.0:resources (default-resources) @ projects-impl ---
[INFO] Using 'UTF-8' encoding to copy filtered resources.
[INFO] Copying 2 resources
[INFO] 
[INFO] --- maven-compiler-plugin:3.8.0-jboss-2:compile (default-compile) @ projects-impl ---
[INFO] Changes detected - recompiling the module!
[INFO] Compiling 24 source files to /home/gabsko/breaking-updates/projects/impl/target/classes
[WARNING] bootstrap class path not set in conjunction with -source 8
[INFO] 
[INFO] --- jandex-maven-plugin:1.0.5:jandex (make-index) @ projects-impl ---
[INFO] 
[INFO] --- maven-resources-plugin:3.1.0:testResources (default-testResources) @ projects-impl ---
[INFO] Using 'UTF-8' encoding to copy filtered resources.
[INFO] skip non existing resourceDirectory /home/gabsko/breaking-updates/projects/impl/src/test/resources
[INFO] 
[INFO] --- maven-compiler-plugin:3.8.0-jboss-2:testCompile (default-testCompile) @ projects-impl ---
[INFO] No sources to compile
[INFO] 
[INFO] --- maven-surefire-plugin:2.22.0:test (default-test) @ projects-impl ---
[INFO] No tests to run.
[INFO] 
[INFO] -------------------< org.jboss.forge.addon:projects >-------------------
[INFO] Building Forge - Projects Addon 3.9.9-SNAPSHOT                  [38/137]
[INFO] --------------------------------[ jar ]---------------------------------
[INFO] 
[INFO] --- maven-clean-plugin:3.1.0:clean (default-clean) @ projects ---
[INFO] Deleting /home/gabsko/breaking-updates/projects/addon/target
[INFO] 
[INFO] --- maven-enforcer-plugin:3.0.0-M2:enforce (enforce-java-version) @ projects ---
[INFO] 
[INFO] --- maven-enforcer-plugin:3.0.0-M2:enforce (enforce-maven-version) @ projects ---
[INFO] 
[INFO] --- buildnumber-maven-plugin:1.4:create (get-scm-revision) @ projects ---
[INFO] 
[INFO] --- maven-resources-plugin:3.1.0:resources (default-resources) @ projects ---
[INFO] Using 'UTF-8' encoding to copy filtered resources.
[INFO] skip non existing resourceDirectory /home/gabsko/breaking-updates/projects/addon/src/main/resources
[INFO] 
[INFO] --- maven-compiler-plugin:3.8.0-jboss-2:compile (default-compile) @ projects ---
[INFO] Changes detected - recompiling the module!
[INFO] Compiling 1 source file to /home/gabsko/breaking-updates/projects/addon/target/classes
[WARNING] bootstrap class path not set in conjunction with -source 8
[INFO] 
[INFO] --- jandex-maven-plugin:1.0.5:jandex (make-index) @ projects ---
[INFO] 
[INFO] --- maven-resources-plugin:3.1.0:testResources (default-testResources) @ projects ---
[INFO] Using 'UTF-8' encoding to copy filtered resources.
[INFO] skip non existing resourceDirectory /home/gabsko/breaking-updates/projects/addon/src/test/resources
[INFO] 
[INFO] --- maven-compiler-plugin:3.8.0-jboss-2:testCompile (default-testCompile) @ projects ---
[INFO] No sources to compile
[INFO] 
[INFO] --- maven-surefire-plugin:2.22.0:test (default-test) @ projects ---
[INFO] No tests to run.
[INFO] 
[INFO] ------------------< org.jboss.forge.addon:git-parent >------------------
[INFO] Building Forge - Git Addon Parent 3.9.9-SNAPSHOT                [39/137]
[INFO] --------------------------------[ pom ]---------------------------------
[INFO] 
[INFO] --- maven-clean-plugin:3.1.0:clean (default-clean) @ git-parent ---
[INFO] 
[INFO] --- maven-enforcer-plugin:3.0.0-M2:enforce (enforce-java-version) @ git-parent ---
[INFO] 
[INFO] --- maven-enforcer-plugin:3.0.0-M2:enforce (enforce-maven-version) @ git-parent ---
[INFO] 
[INFO] --- buildnumber-maven-plugin:1.4:create (get-scm-revision) @ git-parent ---
[INFO] 
[INFO] --- jandex-maven-plugin:1.0.5:jandex (make-index) @ git-parent ---
[INFO] [SKIP] Cannot process fileset in directory: /home/gabsko/breaking-updates/git/target/classes. Directory does not exist!
[INFO] 
[INFO] -------------------< org.jboss.forge.addon:git-api >--------------------
[INFO] Building Forge - Git API 3.9.9-SNAPSHOT                         [40/137]
[INFO] --------------------------------[ jar ]---------------------------------
[INFO] 
[INFO] --- maven-clean-plugin:3.1.0:clean (default-clean) @ git-api ---
[INFO] Deleting /home/gabsko/breaking-updates/git/api/target
[INFO] 
[INFO] --- maven-enforcer-plugin:3.0.0-M2:enforce (enforce-java-version) @ git-api ---
[INFO] 
[INFO] --- maven-enforcer-plugin:3.0.0-M2:enforce (enforce-maven-version) @ git-api ---
[INFO] 
[INFO] --- buildnumber-maven-plugin:1.4:create (get-scm-revision) @ git-api ---
[INFO] 
[INFO] --- maven-resources-plugin:3.1.0:resources (default-resources) @ git-api ---
[INFO] Using 'UTF-8' encoding to copy filtered resources.
[INFO] skip non existing resourceDirectory /home/gabsko/breaking-updates/git/api/src/main/resources
[INFO] 
[INFO] --- maven-compiler-plugin:3.8.0-jboss-2:compile (default-compile) @ git-api ---
[INFO] Changes detected - recompiling the module!
[INFO] Compiling 21 source files to /home/gabsko/breaking-updates/git/api/target/classes
[WARNING] bootstrap class path not set in conjunction with -source 8
[INFO] 
[INFO] --- jandex-maven-plugin:1.0.5:jandex (make-index) @ git-api ---
[INFO] 
[INFO] --- maven-resources-plugin:3.1.0:testResources (default-testResources) @ git-api ---
[INFO] Using 'UTF-8' encoding to copy filtered resources.
[INFO] skip non existing resourceDirectory /home/gabsko/breaking-updates/git/api/src/test/resources
[INFO] 
[INFO] --- maven-compiler-plugin:3.8.0-jboss-2:testCompile (default-testCompile) @ git-api ---
[INFO] No sources to compile
[INFO] 
[INFO] --- maven-surefire-plugin:2.22.0:test (default-test) @ git-api ---
[INFO] No tests to run.
[INFO] 
[INFO] -------------< org.jboss.forge.addon:configuration-parent >-------------
[INFO] Building Forge - Configuration Parent 3.9.9-SNAPSHOT            [41/137]
[INFO] --------------------------------[ pom ]---------------------------------
[INFO] 
[INFO] --- maven-clean-plugin:3.1.0:clean (default-clean) @ configuration-parent ---
[INFO] 
[INFO] --- maven-enforcer-plugin:3.0.0-M2:enforce (enforce-java-version) @ configuration-parent ---
[INFO] 
[INFO] --- maven-enforcer-plugin:3.0.0-M2:enforce (enforce-maven-version) @ configuration-parent ---
[INFO] 
[INFO] --- buildnumber-maven-plugin:1.4:create (get-scm-revision) @ configuration-parent ---
[INFO] 
[INFO] --- jandex-maven-plugin:1.0.5:jandex (make-index) @ configuration-parent ---
[INFO] [SKIP] Cannot process fileset in directory: /home/gabsko/breaking-updates/configuration/target/classes. Directory does not exist!
[INFO] 
[INFO] --------------< org.jboss.forge.addon:configuration-api >---------------
[INFO] Building Forge - Configuration API 3.9.9-SNAPSHOT               [42/137]
[INFO] --------------------------------[ jar ]---------------------------------
[INFO] 
[INFO] --- maven-clean-plugin:3.1.0:clean (default-clean) @ configuration-api ---
[INFO] Deleting /home/gabsko/breaking-updates/configuration/api/target
[INFO] 
[INFO] --- maven-enforcer-plugin:3.0.0-M2:enforce (enforce-java-version) @ configuration-api ---
[INFO] 
[INFO] --- maven-enforcer-plugin:3.0.0-M2:enforce (enforce-maven-version) @ configuration-api ---
[INFO] 
[INFO] --- buildnumber-maven-plugin:1.4:create (get-scm-revision) @ configuration-api ---
[INFO] 
[INFO] --- maven-resources-plugin:3.1.0:resources (default-resources) @ configuration-api ---
[INFO] Using 'UTF-8' encoding to copy filtered resources.
[INFO] Copying 1 resource
[INFO] 
[INFO] --- maven-compiler-plugin:3.8.0-jboss-2:compile (default-compile) @ configuration-api ---
[INFO] Changes detected - recompiling the module!
[INFO] Compiling 5 source files to /home/gabsko/breaking-updates/configuration/api/target/classes
[WARNING] bootstrap class path not set in conjunction with -source 8
[INFO] 
[INFO] --- jandex-maven-plugin:1.0.5:jandex (make-index) @ configuration-api ---
[INFO] 
[INFO] --- maven-resources-plugin:3.1.0:testResources (default-testResources) @ configuration-api ---
[INFO] Using 'UTF-8' encoding to copy filtered resources.
[INFO] skip non existing resourceDirectory /home/gabsko/breaking-updates/configuration/api/src/test/resources
[INFO] 
[INFO] --- maven-compiler-plugin:3.8.0-jboss-2:testCompile (default-testCompile) @ configuration-api ---
[INFO] No sources to compile
[INFO] 
[INFO] --- maven-surefire-plugin:2.22.0:test (default-test) @ configuration-api ---
[INFO] No tests to run.
[INFO] 
[INFO] --------------< org.jboss.forge.addon:configuration-impl >--------------
[INFO] Building Forge - Configuration Impl 3.9.9-SNAPSHOT              [43/137]
[INFO] --------------------------------[ jar ]---------------------------------
[INFO] 
[INFO] --- maven-clean-plugin:3.1.0:clean (default-clean) @ configuration-impl ---
[INFO] Deleting /home/gabsko/breaking-updates/configuration/impl/target
[INFO] 
[INFO] --- maven-enforcer-plugin:3.0.0-M2:enforce (enforce-java-version) @ configuration-impl ---
[INFO] 
[INFO] --- maven-enforcer-plugin:3.0.0-M2:enforce (enforce-maven-version) @ configuration-impl ---
[INFO] 
[INFO] --- buildnumber-maven-plugin:1.4:create (get-scm-revision) @ configuration-impl ---
[INFO] 
[INFO] --- maven-resources-plugin:3.1.0:resources (default-resources) @ configuration-impl ---
[INFO] Using 'UTF-8' encoding to copy filtered resources.
[INFO] Copying 1 resource
[INFO] 
[INFO] --- maven-compiler-plugin:3.8.0-jboss-2:compile (default-compile) @ configuration-impl ---
[INFO] Changes detected - recompiling the module!
[INFO] Compiling 9 source files to /home/gabsko/breaking-updates/configuration/impl/target/classes
[WARNING] bootstrap class path not set in conjunction with -source 8
[INFO] 
[INFO] --- jandex-maven-plugin:1.0.5:jandex (make-index) @ configuration-impl ---
[INFO] 
[INFO] --- maven-resources-plugin:3.1.0:testResources (default-testResources) @ configuration-impl ---
[INFO] Using 'UTF-8' encoding to copy filtered resources.
[INFO] skip non existing resourceDirectory /home/gabsko/breaking-updates/configuration/impl/src/test/resources
[INFO] 
[INFO] --- maven-compiler-plugin:3.8.0-jboss-2:testCompile (default-testCompile) @ configuration-impl ---
[INFO] No sources to compile
[INFO] 
[INFO] --- maven-surefire-plugin:2.22.0:test (default-test) @ configuration-impl ---
[INFO] No tests to run.
[INFO] 
[INFO] ----------------< org.jboss.forge.addon:configuration >-----------------
[INFO] Building Forge - Configuration Addon 3.9.9-SNAPSHOT             [44/137]
[INFO] --------------------------------[ jar ]---------------------------------
[INFO] 
[INFO] --- maven-clean-plugin:3.1.0:clean (default-clean) @ configuration ---
[INFO] Deleting /home/gabsko/breaking-updates/configuration/addon/target
[INFO] 
[INFO] --- maven-enforcer-plugin:3.0.0-M2:enforce (enforce-java-version) @ configuration ---
[INFO] 
[INFO] --- maven-enforcer-plugin:3.0.0-M2:enforce (enforce-maven-version) @ configuration ---
[INFO] 
[INFO] --- buildnumber-maven-plugin:1.4:create (get-scm-revision) @ configuration ---
[INFO] 
[INFO] --- maven-resources-plugin:3.1.0:resources (default-resources) @ configuration ---
[INFO] Using 'UTF-8' encoding to copy filtered resources.
[INFO] Copying 1 resource
[INFO] 
[INFO] --- maven-compiler-plugin:3.8.0-jboss-2:compile (default-compile) @ configuration ---
[INFO] No sources to compile
[INFO] 
[INFO] --- jandex-maven-plugin:1.0.5:jandex (make-index) @ configuration ---
[INFO] 
[INFO] --- maven-resources-plugin:3.1.0:testResources (default-testResources) @ configuration ---
[INFO] Using 'UTF-8' encoding to copy filtered resources.
[INFO] skip non existing resourceDirectory /home/gabsko/breaking-updates/configuration/addon/src/test/resources
[INFO] 
[INFO] --- maven-compiler-plugin:3.8.0-jboss-2:testCompile (default-testCompile) @ configuration ---
[INFO] No sources to compile
[INFO] 
[INFO] --- maven-surefire-plugin:2.22.0:test (default-test) @ configuration ---
[INFO] No tests to run.
[INFO] 
[INFO] -------------------< org.jboss.forge.addon:git-impl >-------------------
[INFO] Building Forge - Git Impl 3.9.9-SNAPSHOT                        [45/137]
[INFO] --------------------------------[ jar ]---------------------------------
[INFO] 
[INFO] --- maven-clean-plugin:3.1.0:clean (default-clean) @ git-impl ---
[INFO] Deleting /home/gabsko/breaking-updates/git/impl/target
[INFO] 
[INFO] --- maven-enforcer-plugin:3.0.0-M2:enforce (enforce-java-version) @ git-impl ---
[INFO] 
[INFO] --- maven-enforcer-plugin:3.0.0-M2:enforce (enforce-maven-version) @ git-impl ---
[INFO] 
[INFO] --- buildnumber-maven-plugin:1.4:create (get-scm-revision) @ git-impl ---
[INFO] 
[INFO] --- maven-resources-plugin:3.1.0:resources (default-resources) @ git-impl ---
[INFO] Using 'UTF-8' encoding to copy filtered resources.
[INFO] Copying 4 resources
[INFO] 
[INFO] --- maven-compiler-plugin:3.8.0-jboss-2:compile (default-compile) @ git-impl ---
[INFO] Changes detected - recompiling the module!
[INFO] Compiling 20 source files to /home/gabsko/breaking-updates/git/impl/target/classes
[WARNING] bootstrap class path not set in conjunction with -source 8
[INFO] 
[INFO] --- jandex-maven-plugin:1.0.5:jandex (make-index) @ git-impl ---
[INFO] 
[INFO] --- maven-resources-plugin:3.1.0:testResources (default-testResources) @ git-impl ---
[INFO] Using 'UTF-8' encoding to copy filtered resources.
[INFO] skip non existing resourceDirectory /home/gabsko/breaking-updates/git/impl/src/test/resources
[INFO] 
[INFO] --- maven-compiler-plugin:3.8.0-jboss-2:testCompile (default-testCompile) @ git-impl ---
[INFO] No sources to compile
[INFO] 
[INFO] --- maven-surefire-plugin:2.22.0:test (default-test) @ git-impl ---
[INFO] No tests to run.
[INFO] 
[INFO] ---------------------< org.jboss.forge.addon:git >----------------------
[INFO] Building Forge - Git Addon 3.9.9-SNAPSHOT                       [46/137]
[INFO] --------------------------------[ jar ]---------------------------------
[INFO] 
[INFO] --- maven-clean-plugin:3.1.0:clean (default-clean) @ git ---
[INFO] Deleting /home/gabsko/breaking-updates/git/addon/target
[INFO] 
[INFO] --- maven-enforcer-plugin:3.0.0-M2:enforce (enforce-java-version) @ git ---
[INFO] 
[INFO] --- maven-enforcer-plugin:3.0.0-M2:enforce (enforce-maven-version) @ git ---
[INFO] 
[INFO] --- buildnumber-maven-plugin:1.4:create (get-scm-revision) @ git ---
[INFO] 
[INFO] --- maven-resources-plugin:3.1.0:resources (default-resources) @ git ---
[INFO] Using 'UTF-8' encoding to copy filtered resources.
[INFO] Copying 1 resource
[INFO] 
[INFO] --- maven-compiler-plugin:3.8.0-jboss-2:compile (default-compile) @ git ---
[INFO] No sources to compile
[INFO] 
[INFO] --- jandex-maven-plugin:1.0.5:jandex (make-index) @ git ---
[INFO] 
[INFO] --- maven-resources-plugin:3.1.0:testResources (default-testResources) @ git ---
[INFO] Using 'UTF-8' encoding to copy filtered resources.
[INFO] skip non existing resourceDirectory /home/gabsko/breaking-updates/git/addon/src/test/resources
[INFO] 
[INFO] --- maven-compiler-plugin:3.8.0-jboss-2:testCompile (default-testCompile) @ git ---
[INFO] No sources to compile
[INFO] 
[INFO] --- maven-surefire-plugin:2.22.0:test (default-test) @ git ---
[INFO] No tests to run.
[INFO] 
[INFO] ------------------< org.jboss.forge.addon:shell-api >-------------------
[INFO] Building Forge - Shell Addon API 3.9.9-SNAPSHOT                 [47/137]
[INFO] --------------------------------[ jar ]---------------------------------
[INFO] 
[INFO] --- maven-clean-plugin:3.1.0:clean (default-clean) @ shell-api ---
[INFO] Deleting /home/gabsko/breaking-updates/shell/api/target
[INFO] 
[INFO] --- maven-enforcer-plugin:3.0.0-M2:enforce (enforce-java-version) @ shell-api ---
[INFO] 
[INFO] --- maven-enforcer-plugin:3.0.0-M2:enforce (enforce-maven-version) @ shell-api ---
[INFO] 
[INFO] --- buildnumber-maven-plugin:1.4:create (get-scm-revision) @ shell-api ---
[INFO] 
[INFO] --- maven-resources-plugin:3.1.0:resources (default-resources) @ shell-api ---
[INFO] Using 'UTF-8' encoding to copy filtered resources.
[INFO] Copying 1 resource
[INFO] 
[INFO] --- maven-compiler-plugin:3.8.0-jboss-2:compile (default-compile) @ shell-api ---
[INFO] Changes detected - recompiling the module!
[INFO] Compiling 7 source files to /home/gabsko/breaking-updates/shell/api/target/classes
[WARNING] bootstrap class path not set in conjunction with -source 8
[INFO] 
[INFO] --- jandex-maven-plugin:1.0.5:jandex (make-index) @ shell-api ---
[INFO] 
[INFO] --- maven-resources-plugin:3.1.0:testResources (default-testResources) @ shell-api ---
[INFO] Using 'UTF-8' encoding to copy filtered resources.
[INFO] skip non existing resourceDirectory /home/gabsko/breaking-updates/shell/api/src/test/resources
[INFO] 
[INFO] --- maven-compiler-plugin:3.8.0-jboss-2:testCompile (default-testCompile) @ shell-api ---
[INFO] No sources to compile
[INFO] 
[INFO] --- maven-surefire-plugin:2.22.0:test (default-test) @ shell-api ---
[INFO] No tests to run.
[INFO] 
[INFO] ---------------------< org.jboss.forge.addon:text >---------------------
[INFO] Building Forge - Text Addon 3.9.9-SNAPSHOT                      [48/137]
[INFO] --------------------------------[ jar ]---------------------------------
[INFO] Downloading from central: https://repo.maven.apache.org/maven2/org/jboss/forge/addon/assertj/3.6.2/assertj-3.6.2-forge-addon.jar
[INFO] Downloading from central: https://repo.maven.apache.org/maven2/org/assertj/assertj-core/3.6.2/assertj-core-3.6.2.jar
[INFO] Downloaded from central: https://repo.maven.apache.org/maven2/org/assertj/assertj-core/3.6.2/assertj-core-3.6.2.jar (1.1 MB at 12 MB/s)
[INFO] Downloaded from central: https://repo.maven.apache.org/maven2/org/jboss/forge/addon/assertj/3.6.2/assertj-3.6.2-forge-addon.jar (2.7 kB at 13 kB/s)
[INFO] 
[INFO] --- maven-clean-plugin:3.1.0:clean (default-clean) @ text ---
[INFO] Deleting /home/gabsko/breaking-updates/text/target
[INFO] 
[INFO] --- maven-enforcer-plugin:3.0.0-M2:enforce (enforce-java-version) @ text ---
[INFO] 
[INFO] --- maven-enforcer-plugin:3.0.0-M2:enforce (enforce-maven-version) @ text ---
[INFO] 
[INFO] --- buildnumber-maven-plugin:1.4:create (get-scm-revision) @ text ---
[INFO] 
[INFO] --- maven-resources-plugin:3.1.0:resources (default-resources) @ text ---
[INFO] Using 'UTF-8' encoding to copy filtered resources.
[INFO] Copying 1 resource
[INFO] 
[INFO] --- maven-compiler-plugin:3.8.0-jboss-2:compile (default-compile) @ text ---
[INFO] Changes detected - recompiling the module!
[INFO] Compiling 24 source files to /home/gabsko/breaking-updates/text/target/classes
[WARNING] bootstrap class path not set in conjunction with -source 8
[WARNING] /home/gabsko/breaking-updates/text/src/main/java/org/jboss/forge/addon/text/highlight/Scanner.java:[106,30] newInstance() in java.lang.Class has been deprecated
[INFO] 
[INFO] --- jandex-maven-plugin:1.0.5:jandex (make-index) @ text ---
[INFO] 
[INFO] --- maven-resources-plugin:3.1.0:testResources (default-testResources) @ text ---
[INFO] Using 'UTF-8' encoding to copy filtered resources.
[INFO] Copying 311 resources
[INFO] 
[INFO] --- maven-compiler-plugin:3.8.0-jboss-2:testCompile (default-testCompile) @ text ---
[INFO] Changes detected - recompiling the module!
[INFO] Compiling 19 source files to /home/gabsko/breaking-updates/text/target/test-classes
[WARNING] bootstrap class path not set in conjunction with -source 8
[INFO] 
[INFO] --- maven-surefire-plugin:2.22.0:test (default-test) @ text ---
[INFO] 
[INFO] -------------------------------------------------------
[INFO]  T E S T S
[INFO] -------------------------------------------------------
[INFO] Running org.jboss.forge.addon.text.highlight.StringScannerTestCase
[WARNING] Tests run: 6, Failures: 0, Errors: 0, Skipped: 1, Time elapsed: 0.036 s - in org.jboss.forge.addon.text.highlight.StringScannerTestCase
[INFO] Running org.jboss.forge.addon.text.highlight.HighlighterTestCase
[ERROR] Tests run: 1, Failures: 0, Errors: 1, Skipped: 0, Time elapsed: 0.685 s <<< FAILURE! - in org.jboss.forge.addon.text.highlight.HighlighterTestCase
[ERROR] org.jboss.forge.addon.text.highlight.HighlighterTestCase  Time elapsed: 0.685 s  <<< ERROR!
java.lang.RuntimeException: Could not generate @Deployment for org.jboss.forge.addon.text.highlight.HighlighterTestCase.getDeployment()
	at org.jboss.forge.arquillian.impl.FurnaceDeploymentScenarioGenerator.generate(FurnaceDeploymentScenarioGenerator.java:110)
	at org.jboss.arquillian.container.test.impl.client.deployment.DeploymentGenerator.generateDeployment(DeploymentGenerator.java:79)
	at java.base/jdk.internal.reflect.NativeMethodAccessorImpl.invoke0(Native Method)
	at java.base/jdk.internal.reflect.NativeMethodAccessorImpl.invoke(NativeMethodAccessorImpl.java:62)
	at java.base/jdk.internal.reflect.DelegatingMethodAccessorImpl.invoke(DelegatingMethodAccessorImpl.java:43)
	at java.base/java.lang.reflect.Method.invoke(Method.java:566)
	at org.jboss.arquillian.core.impl.ObserverImpl.invoke(ObserverImpl.java:96)
	at org.jboss.arquillian.core.impl.EventContextImpl.invokeObservers(EventContextImpl.java:99)
	at org.jboss.arquillian.core.impl.EventContextImpl.proceed(EventContextImpl.java:81)
	at org.jboss.arquillian.core.impl.ManagerImpl.fire(ManagerImpl.java:145)
	at org.jboss.arquillian.core.impl.ManagerImpl.fire(ManagerImpl.java:116)
	at org.jboss.arquillian.core.impl.EventImpl.fire(EventImpl.java:67)
	at org.jboss.arquillian.container.test.impl.client.ContainerEventController.execute(ContainerEventController.java:100)
	at java.base/jdk.internal.reflect.NativeMethodAccessorImpl.invoke0(Native Method)
	at java.base/jdk.internal.reflect.NativeMethodAccessorImpl.invoke(NativeMethodAccessorImpl.java:62)
	at java.base/jdk.internal.reflect.DelegatingMethodAccessorImpl.invoke(DelegatingMethodAccessorImpl.java:43)
	at java.base/java.lang.reflect.Method.invoke(Method.java:566)
	at org.jboss.arquillian.core.impl.ObserverImpl.invoke(ObserverImpl.java:96)
	at org.jboss.arquillian.core.impl.EventContextImpl.invokeObservers(EventContextImpl.java:99)
	at org.jboss.arquillian.core.impl.EventContextImpl.proceed(EventContextImpl.java:81)
	at org.jboss.arquillian.test.impl.TestContextHandler.createClassContext(TestContextHandler.java:92)
	at java.base/jdk.internal.reflect.NativeMethodAccessorImpl.invoke0(Native Method)
	at java.base/jdk.internal.reflect.NativeMethodAccessorImpl.invoke(NativeMethodAccessorImpl.java:62)
	at java.base/jdk.internal.reflect.DelegatingMethodAccessorImpl.invoke(DelegatingMethodAccessorImpl.java:43)
	at java.base/java.lang.reflect.Method.invoke(Method.java:566)
	at org.jboss.arquillian.core.impl.ObserverImpl.invoke(ObserverImpl.java:96)
	at org.jboss.arquillian.core.impl.EventContextImpl.proceed(EventContextImpl.java:88)
	at org.jboss.arquillian.test.impl.TestContextHandler.createSuiteContext(TestContextHandler.java:73)
	at java.base/jdk.internal.reflect.NativeMethodAccessorImpl.invoke0(Native Method)
	at java.base/jdk.internal.reflect.NativeMethodAccessorImpl.invoke(NativeMethodAccessorImpl.java:62)
	at java.base/jdk.internal.reflect.DelegatingMethodAccessorImpl.invoke(DelegatingMethodAccessorImpl.java:43)
	at java.base/java.lang.reflect.Method.invoke(Method.java:566)
	at org.jboss.arquillian.core.impl.ObserverImpl.invoke(ObserverImpl.java:96)
	at org.jboss.arquillian.core.impl.EventContextImpl.proceed(EventContextImpl.java:88)
	at org.jboss.arquillian.core.impl.ManagerImpl.fire(ManagerImpl.java:145)
	at org.jboss.arquillian.core.impl.ManagerImpl.fire(ManagerImpl.java:116)
	at org.jboss.arquillian.test.impl.EventTestRunnerAdaptor.beforeClass(EventTestRunnerAdaptor.java:87)
	at org.jboss.arquillian.junit.Arquillian$2.evaluate(Arquillian.java:202)
	at org.jboss.arquillian.junit.Arquillian.multiExecute(Arquillian.java:431)
	at org.jboss.arquillian.junit.Arquillian.access$200(Arquillian.java:55)
	at org.jboss.arquillian.junit.Arquillian$3.evaluate(Arquillian.java:219)
	at org.junit.runners.ParentRunner$3.evaluate(ParentRunner.java:306)
	at org.junit.runners.ParentRunner.run(ParentRunner.java:413)
	at org.jboss.arquillian.junit.Arquillian.run(Arquillian.java:167)
	at org.apache.maven.surefire.junit4.JUnit4Provider.execute(JUnit4Provider.java:365)
	at org.apache.maven.surefire.junit4.JUnit4Provider.executeWithRerun(JUnit4Provider.java:273)
	at org.apache.maven.surefire.junit4.JUnit4Provider.executeTestSet(JUnit4Provider.java:238)
	at org.apache.maven.surefire.junit4.JUnit4Provider.invoke(JUnit4Provider.java:159)
	at org.apache.maven.surefire.booter.ForkedBooter.invokeProviderInSameClassLoader(ForkedBooter.java:383)
	at org.apache.maven.surefire.booter.ForkedBooter.runSuitesInProcess(ForkedBooter.java:344)
	at org.apache.maven.surefire.booter.ForkedBooter.execute(ForkedBooter.java:125)
	at org.apache.maven.surefire.booter.ForkedBooter.main(ForkedBooter.java:417)
Caused by: java.lang.IllegalStateException: Could not resolve the version for [org.jboss.forge.addon:text]. Either specify the version for this @AddonDependency in [org.jboss.forge.addon.text.highlight.HighlighterTestCase] or add it to pom.xml located at [/home/gabsko/breaking-updates/text/pom.xml]
	at org.jboss.forge.arquillian.impl.FurnaceDeploymentScenarioGenerator.createAnnotatedDeployment(FurnaceDeploymentScenarioGenerator.java:315)
	at org.jboss.forge.arquillian.impl.FurnaceDeploymentScenarioGenerator.generateAnnotatedDeployments(FurnaceDeploymentScenarioGenerator.java:216)
	at org.jboss.forge.arquillian.impl.FurnaceDeploymentScenarioGenerator.generate(FurnaceDeploymentScenarioGenerator.java:103)
	... 51 more

[INFO] Running org.jboss.forge.addon.text.highlight.scanner.JSONScannerTestCase
[WARNING] Tests run: 5, Failures: 0, Errors: 0, Skipped: 1, Time elapsed: 0.026 s - in org.jboss.forge.addon.text.highlight.scanner.JSONScannerTestCase
[INFO] Running org.jboss.forge.addon.text.highlight.scanner.YAMLScannerTestCase
[INFO] Tests run: 9, Failures: 0, Errors: 0, Skipped: 0, Time elapsed: 0.082 s - in org.jboss.forge.addon.text.highlight.scanner.YAMLScannerTestCase
[INFO] Running org.jboss.forge.addon.text.highlight.scanner.JavaScriptScannerTestCase
[WARNING] Tests run: 9, Failures: 0, Errors: 0, Skipped: 2, Time elapsed: 0.424 s - in org.jboss.forge.addon.text.highlight.scanner.JavaScriptScannerTestCase
[INFO] Running org.jboss.forge.addon.text.highlight.scanner.PropertiesScannerTestCase
[INFO] Tests run: 1, Failures: 0, Errors: 0, Skipped: 0, Time elapsed: 0.001 s - in org.jboss.forge.addon.text.highlight.scanner.PropertiesScannerTestCase
[INFO] Running org.jboss.forge.addon.text.highlight.scanner.CSSScannerTestCase
[WARNING] Tests run: 8, Failures: 0, Errors: 0, Skipped: 4, Time elapsed: 0.013 s - in org.jboss.forge.addon.text.highlight.scanner.CSSScannerTestCase
[INFO] Running org.jboss.forge.addon.text.highlight.scanner.XMLScannerTestCase
[WARNING] Tests run: 3, Failures: 0, Errors: 0, Skipped: 1, Time elapsed: 0 s - in org.jboss.forge.addon.text.highlight.scanner.XMLScannerTestCase
[INFO] Running org.jboss.forge.addon.text.highlight.scanner.GroovyScannerTestCase
[INFO] Tests run: 4, Failures: 0, Errors: 0, Skipped: 0, Time elapsed: 0.12 s - in org.jboss.forge.addon.text.highlight.scanner.GroovyScannerTestCase
[INFO] Running org.jboss.forge.addon.text.highlight.scanner.JavaScannerTestCase
[WARNING] Tests run: 3, Failures: 0, Errors: 0, Skipped: 1, Time elapsed: 0.449 s - in org.jboss.forge.addon.text.highlight.scanner.JavaScannerTestCase
[INFO] Running org.jboss.forge.addon.text.highlight.scanner.HTMLScannerTestCase
[WARNING] Tests run: 9, Failures: 0, Errors: 0, Skipped: 2, Time elapsed: 0.112 s - in org.jboss.forge.addon.text.highlight.scanner.HTMLScannerTestCase
[INFO] Running org.jboss.forge.addon.text.highlight.scanner.SQLScannerTestCase
[INFO] Tests run: 9, Failures: 0, Errors: 0, Skipped: 0, Time elapsed: 0.018 s - in org.jboss.forge.addon.text.highlight.scanner.SQLScannerTestCase
[INFO] Running org.jboss.forge.addon.text.InflectorServiceTest
[ERROR] Tests run: 1, Failures: 0, Errors: 1, Skipped: 0, Time elapsed: 0.671 s <<< FAILURE! - in org.jboss.forge.addon.text.InflectorServiceTest
[ERROR] testInflectorInjection(org.jboss.forge.addon.text.InflectorServiceTest)  Time elapsed: 0.059 s  <<< ERROR!
java.lang.reflect.InvocationTargetException
	at java.base/jdk.internal.reflect.NativeMethodAccessorImpl.invoke0(Native Method)
	at java.base/jdk.internal.reflect.NativeMethodAccessorImpl.invoke(NativeMethodAccessorImpl.java:62)
	at java.base/jdk.internal.reflect.DelegatingMethodAccessorImpl.invoke(DelegatingMethodAccessorImpl.java:43)
	at java.base/java.lang.reflect.Method.invoke(Method.java:566)
	at org.jboss.forge.furnace.proxy.ClassLoaderInterceptor$1.call(ClassLoaderInterceptor.java:87)
	at org.jboss.forge.furnace.util.ClassLoaders.executeIn(ClassLoaders.java:42)
	at org.jboss.forge.furnace.proxy.ClassLoaderInterceptor.invoke(ClassLoaderInterceptor.java:103)
	at _DEFAULT_:2c47b453-2b05-484f-a549-6c89ba395bb2_e5849194-00bb-4150-a04a-705b86af2a0d//org.jboss.forge.addon.text.InflectorServiceTest_$$_jvst135_0.setUp(InflectorServiceTest_$$_jvst135_0.java)
	at java.base/jdk.internal.reflect.NativeMethodAccessorImpl.invoke0(Native Method)
	at java.base/jdk.internal.reflect.NativeMethodAccessorImpl.invoke(NativeMethodAccessorImpl.java:62)
	at java.base/jdk.internal.reflect.DelegatingMethodAccessorImpl.invoke(DelegatingMethodAccessorImpl.java:43)
	at java.base/java.lang.reflect.Method.invoke(Method.java:566)
	at org.jboss.forge.furnace.proxy.ClassLoaderAdapterCallback$2.call(ClassLoaderAdapterCallback.java:124)
	at org.jboss.forge.furnace.util.ClassLoaders.executeIn(ClassLoaders.java:42)
	at org.jboss.forge.furnace.proxy.ClassLoaderAdapterCallback.invoke(ClassLoaderAdapterCallback.java:97)
	at org.jboss.forge.addon.text.InflectorServiceTest_$$_jvst135_1.setUp(InflectorServiceTest_$$_jvst135_1.java)
	at java.base/jdk.internal.reflect.NativeMethodAccessorImpl.invoke0(Native Method)
	at java.base/jdk.internal.reflect.NativeMethodAccessorImpl.invoke(NativeMethodAccessorImpl.java:62)
	at java.base/jdk.internal.reflect.DelegatingMethodAccessorImpl.invoke(DelegatingMethodAccessorImpl.java:43)
	at java.base/java.lang.reflect.Method.invoke(Method.java:566)
	at org.jboss.forge.arquillian.impl.FurnaceTestMethodExecutor.invokeBefore(FurnaceTestMethodExecutor.java:304)
	at org.jboss.forge.arquillian.impl.FurnaceTestMethodExecutor.invokeBefore(FurnaceTestMethodExecutor.java:297)
	at org.jboss.forge.arquillian.impl.FurnaceTestMethodExecutor.invoke(FurnaceTestMethodExecutor.java:137)
	at org.jboss.arquillian.container.test.impl.execution.RemoteTestExecuter.execute(RemoteTestExecuter.java:109)
	at java.base/jdk.internal.reflect.NativeMethodAccessorImpl.invoke0(Native Method)
	at java.base/jdk.internal.reflect.NativeMethodAccessorImpl.invoke(NativeMethodAccessorImpl.java:62)
	at java.base/jdk.internal.reflect.DelegatingMethodAccessorImpl.invoke(DelegatingMethodAccessorImpl.java:43)
	at java.base/java.lang.reflect.Method.invoke(Method.java:566)
	at org.jboss.arquillian.core.impl.ObserverImpl.invoke(ObserverImpl.java:96)
	at org.jboss.arquillian.core.impl.EventContextImpl.invokeObservers(EventContextImpl.java:99)
	at org.jboss.arquillian.core.impl.EventContextImpl.proceed(EventContextImpl.java:81)
	at org.jboss.arquillian.core.impl.ManagerImpl.fire(ManagerImpl.java:145)
	at org.jboss.arquillian.core.impl.ManagerImpl.fire(ManagerImpl.java:116)
	at org.jboss.arquillian.core.impl.EventImpl.fire(EventImpl.java:67)
	at org.jboss.arquillian.container.test.impl.execution.ClientTestExecuter.execute(ClientTestExecuter.java:57)
	at java.base/jdk.internal.reflect.NativeMethodAccessorImpl.invoke0(Native Method)
	at java.base/jdk.internal.reflect.NativeMethodAccessorImpl.invoke(NativeMethodAccessorImpl.java:62)
	at java.base/jdk.internal.reflect.DelegatingMethodAccessorImpl.invoke(DelegatingMethodAccessorImpl.java:43)
	at java.base/java.lang.reflect.Method.invoke(Method.java:566)
	at org.jboss.arquillian.core.impl.ObserverImpl.invoke(ObserverImpl.java:96)
	at org.jboss.arquillian.core.impl.EventContextImpl.invokeObservers(EventContextImpl.java:99)
	at org.jboss.arquillian.core.impl.EventContextImpl.proceed(EventContextImpl.java:81)
	at org.jboss.arquillian.container.test.impl.client.ContainerEventController.createContext(ContainerEventController.java:142)
	at org.jboss.arquillian.container.test.impl.client.ContainerEventController.createTestContext(ContainerEventController.java:129)
	at java.base/jdk.internal.reflect.NativeMethodAccessorImpl.invoke0(Native Method)
	at java.base/jdk.internal.reflect.NativeMethodAccessorImpl.invoke(NativeMethodAccessorImpl.java:62)
	at java.base/jdk.internal.reflect.DelegatingMethodAccessorImpl.invoke(DelegatingMethodAccessorImpl.java:43)
	at java.base/java.lang.reflect.Method.invoke(Method.java:566)
	at org.jboss.arquillian.core.impl.ObserverImpl.invoke(ObserverImpl.java:96)
	at org.jboss.arquillian.core.impl.EventContextImpl.proceed(EventContextImpl.java:88)
	at org.jboss.arquillian.test.impl.TestContextHandler.createTestContext(TestContextHandler.java:130)
	at java.base/jdk.internal.reflect.NativeMethodAccessorImpl.invoke0(Native Method)
	at java.base/jdk.internal.reflect.NativeMethodAccessorImpl.invoke(NativeMethodAccessorImpl.java:62)
	at java.base/jdk.internal.reflect.DelegatingMethodAccessorImpl.invoke(DelegatingMethodAccessorImpl.java:43)
	at java.base/java.lang.reflect.Method.invoke(Method.java:566)
	at org.jboss.arquillian.core.impl.ObserverImpl.invoke(ObserverImpl.java:96)
	at org.jboss.arquillian.core.impl.EventContextImpl.proceed(EventContextImpl.java:88)
	at org.jboss.arquillian.test.impl.TestContextHandler.createClassContext(TestContextHandler.java:92)
	at java.base/jdk.internal.reflect.NativeMethodAccessorImpl.invoke0(Native Method)
	at java.base/jdk.internal.reflect.NativeMethodAccessorImpl.invoke(NativeMethodAccessorImpl.java:62)
	at java.base/jdk.internal.reflect.DelegatingMethodAccessorImpl.invoke(DelegatingMethodAccessorImpl.java:43)
	at java.base/java.lang.reflect.Method.invoke(Method.java:566)
	at org.jboss.arquillian.core.impl.ObserverImpl.invoke(ObserverImpl.java:96)
	at org.jboss.arquillian.core.impl.EventContextImpl.proceed(EventContextImpl.java:88)
	at org.jboss.arquillian.test.impl.TestContextHandler.createSuiteContext(TestContextHandler.java:73)
	at java.base/jdk.internal.reflect.NativeMethodAccessorImpl.invoke0(Native Method)
	at java.base/jdk.internal.reflect.NativeMethodAccessorImpl.invoke(NativeMethodAccessorImpl.java:62)
	at java.base/jdk.internal.reflect.DelegatingMethodAccessorImpl.invoke(DelegatingMethodAccessorImpl.java:43)
	at java.base/java.lang.reflect.Method.invoke(Method.java:566)
	at org.jboss.arquillian.core.impl.ObserverImpl.invoke(ObserverImpl.java:96)
	at org.jboss.arquillian.core.impl.EventContextImpl.proceed(EventContextImpl.java:88)
	at org.jboss.arquillian.core.impl.ManagerImpl.fire(ManagerImpl.java:145)
	at org.jboss.arquillian.test.impl.EventTestRunnerAdaptor.test(EventTestRunnerAdaptor.java:136)
	at org.jboss.arquillian.junit.Arquillian$8.evaluate(Arquillian.java:372)
	at org.jboss.arquillian.junit.Arquillian$4.evaluate(Arquillian.java:246)
	at org.jboss.arquillian.junit.Arquillian.multiExecute(Arquillian.java:431)
	at org.jboss.arquillian.junit.Arquillian.access$200(Arquillian.java:55)
	at org.jboss.arquillian.junit.Arquillian$5.evaluate(Arquillian.java:260)
	at org.jboss.arquillian.junit.Arquillian$7.evaluate(Arquillian.java:330)
	at org.junit.runners.BlockJUnit4ClassRunner$1.evaluate(BlockJUnit4ClassRunner.java:100)
	at org.junit.runners.ParentRunner.runLeaf(ParentRunner.java:366)
	at org.junit.runners.BlockJUnit4ClassRunner.runChild(BlockJUnit4ClassRunner.java:103)
	at org.junit.runners.BlockJUnit4ClassRunner.runChild(BlockJUnit4ClassRunner.java:63)
	at org.junit.runners.ParentRunner$4.run(ParentRunner.java:331)
	at org.junit.runners.ParentRunner$1.schedule(ParentRunner.java:79)
	at org.junit.runners.ParentRunner.runChildren(ParentRunner.java:329)
	at org.junit.runners.ParentRunner.access$100(ParentRunner.java:66)
	at org.junit.runners.ParentRunner$2.evaluate(ParentRunner.java:293)
	at org.jboss.arquillian.junit.Arquillian$2.evaluate(Arquillian.java:205)
	at org.jboss.arquillian.junit.Arquillian.multiExecute(Arquillian.java:431)
	at org.jboss.arquillian.junit.Arquillian.access$200(Arquillian.java:55)
	at org.jboss.arquillian.junit.Arquillian$3.evaluate(Arquillian.java:219)
	at org.junit.runners.ParentRunner$3.evaluate(ParentRunner.java:306)
	at org.junit.runners.ParentRunner.run(ParentRunner.java:413)
	at org.jboss.arquillian.junit.Arquillian.run(Arquillian.java:167)
	at org.apache.maven.surefire.junit4.JUnit4Provider.execute(JUnit4Provider.java:365)
	at org.apache.maven.surefire.junit4.JUnit4Provider.executeWithRerun(JUnit4Provider.java:273)
	at org.apache.maven.surefire.junit4.JUnit4Provider.executeTestSet(JUnit4Provider.java:238)
	at org.apache.maven.surefire.junit4.JUnit4Provider.invoke(JUnit4Provider.java:159)
	at org.apache.maven.surefire.booter.ForkedBooter.invokeProviderInSameClassLoader(ForkedBooter.java:383)
	at org.apache.maven.surefire.booter.ForkedBooter.runSuitesInProcess(ForkedBooter.java:344)
	at org.apache.maven.surefire.booter.ForkedBooter.execute(ForkedBooter.java:125)
	at org.apache.maven.surefire.booter.ForkedBooter.main(ForkedBooter.java:417)
Caused by: java.lang.NoClassDefFoundError: org/jboss/forge/addon/text/Inflector
	at _DEFAULT_:2c47b453-2b05-484f-a549-6c89ba395bb2_e5849194-00bb-4150-a04a-705b86af2a0d//org.jboss.forge.addon.text.InflectorServiceTest.setUp(InflectorServiceTest.java:25)
	... 103 more
Caused by: java.lang.ClassNotFoundException: org.jboss.forge.addon.text.Inflector from [Module "_DEFAULT_:2c47b453-2b05-484f-a549-6c89ba395bb2_e5849194-00bb-4150-a04a-705b86af2a0d" from AddonModuleLoader]
	at org.jboss.modules.ModuleClassLoader.findClass(ModuleClassLoader.java:255)
	at org.jboss.modules.ConcurrentClassLoader.performLoadClassUnchecked(ConcurrentClassLoader.java:410)
	at org.jboss.modules.ConcurrentClassLoader.performLoadClass(ConcurrentClassLoader.java:398)
	at org.jboss.modules.ConcurrentClassLoader.loadClass(ConcurrentClassLoader.java:116)
	... 104 more

[INFO] Running org.jboss.forge.addon.text.InflectorTest
[INFO] Tests run: 8, Failures: 0, Errors: 0, Skipped: 0, Time elapsed: 0.007 s - in org.jboss.forge.addon.text.InflectorTest
[INFO] 
[INFO] Results:
[INFO] 
[ERROR] Errors: 
[ERROR]   InflectorServiceTest.testInflectorInjection  InvocationTarget
[ERROR]   HighlighterTestCase.org.jboss.forge.addon.text.highlight.HighlighterTestCase  Runtime
[INFO] 
[ERROR] Tests run: 76, Failures: 0, Errors: 2, Skipped: 12
[INFO] 
[INFO] ------------------------------------------------------------------------
[INFO] Reactor Summary for Forge - Parent 3.9.9-SNAPSHOT:
[INFO] 
[INFO] Forge - BOM ........................................ SUCCESS [  0.320 s]
[INFO] Forge - Parent ..................................... SUCCESS [  0.059 s]
[INFO] Forge - Addon Manager - Parent ..................... SUCCESS [  0.005 s]
[INFO] Forge - Addon Manager SPI .......................... SUCCESS [  0.493 s]
[INFO] Forge - JavaEE Parent .............................. SUCCESS [  0.006 s]
[INFO] Forge - JavaEE SPI Addon ........................... SUCCESS [  0.058 s]
[INFO] Forge - Facets Addon Parent ........................ SUCCESS [  0.004 s]
[INFO] Forge - Facets Addon API ........................... SUCCESS [  1.050 s]
[INFO] Forge - Facets Addon Impl .......................... SUCCESS [  0.127 s]
[INFO] Forge - Facets Addon ............................... SUCCESS [  0.021 s]
[INFO] Forge - Resource Addon Parent ...................... SUCCESS [  0.004 s]
[INFO] Forge - Resource Addon API ......................... SUCCESS [  0.262 s]
[INFO] Forge - Convert Addon Parent ....................... SUCCESS [  0.004 s]
[INFO] Forge - Convert API ................................ SUCCESS [  0.046 s]
[INFO] Forge - Dependencies Addon Parent .................. SUCCESS [  0.003 s]
[INFO] Forge - Dependencies API ........................... SUCCESS [  0.684 s]
[INFO] Forge - Addon Manager API .......................... SUCCESS [  0.069 s]
[INFO] Forge - Environment Addon Parent ................... SUCCESS [  0.003 s]
[INFO] Forge - Environment API ............................ SUCCESS [  0.020 s]
[INFO] Forge - Environment Impl ........................... SUCCESS [  0.025 s]
[INFO] Forge - Environment Addon .......................... SUCCESS [  0.015 s]
[INFO] Forge - UI Addon Parent ............................ SUCCESS [  0.003 s]
[INFO] Forge - UI Addon SPI ............................... SUCCESS [  0.025 s]
[INFO] Forge - UI API ..................................... SUCCESS [  1.019 s]
[INFO] Forge - Convert Impl ............................... SUCCESS [  0.061 s]
[INFO] Forge - Convert Addon .............................. SUCCESS [  0.024 s]
[INFO] Forge - UI Impl .................................... SUCCESS [  1.911 s]
[INFO] Forge - UI Addon ................................... SUCCESS [  0.025 s]
[INFO] Forge - Resource Addon Impl ........................ SUCCESS [  0.174 s]
[INFO] Forge - Resource Addon ............................. SUCCESS [  0.018 s]
[INFO] Forge - Shell Addon Parent ......................... SUCCESS [  0.003 s]
[INFO] Forge - Shell SPI Addon ............................ SUCCESS [  0.029 s]
[INFO] Forge - Dependencies Impl .......................... SUCCESS [  0.018 s]
[INFO] Forge - Dependencies Addon ......................... SUCCESS [  0.015 s]
[INFO] Forge - Projects Addon Parent ...................... SUCCESS [  0.002 s]
[INFO] Forge - Projects API ............................... SUCCESS [  0.109 s]
[INFO] Forge - Projects Impl .............................. SUCCESS [  0.178 s]
[INFO] Forge - Projects Addon ............................. SUCCESS [  0.021 s]
[INFO] Forge - Git Addon Parent ........................... SUCCESS [  0.002 s]
[INFO] Forge - Git API .................................... SUCCESS [  0.074 s]
[INFO] Forge - Configuration Parent ....................... SUCCESS [  0.002 s]
[INFO] Forge - Configuration API .......................... SUCCESS [  0.029 s]
[INFO] Forge - Configuration Impl ......................... SUCCESS [  0.085 s]
[INFO] Forge - Configuration Addon ........................ SUCCESS [  0.008 s]
[INFO] Forge - Git Impl ................................... SUCCESS [  0.163 s]
[INFO] Forge - Git Addon .................................. SUCCESS [  0.012 s]
[INFO] Forge - Shell Addon API ............................ SUCCESS [  0.040 s]
[INFO] Forge - Text Addon ................................. FAILURE [  3.957 s]
[INFO] Forge - Java Parser Addon Parent ................... SKIPPED
[INFO] Forge - Java Parser Addon API ...................... SKIPPED
[INFO] Forge - Java Parser Addon Implementation ........... SKIPPED
[INFO] Forge - Java Parser Addon .......................... SKIPPED
[INFO] Forge - Shell Addon Impl ........................... SKIPPED
[INFO] Forge - Shell Addon ................................ SKIPPED
[INFO] Forge - Shell Addon Test Harness ................... SKIPPED
[INFO] Forge - Script ..................................... SKIPPED
[INFO] Forge - Addon Manager - Impl ....................... SKIPPED
[INFO] Forge - XML Parser Addon Parent .................... SKIPPED
[INFO] Forge - XML Parser Addon API ....................... SKIPPED
[INFO] Forge - XML Parser Addon Implementation ............ SKIPPED
[INFO] Forge - XML Parser Addon ........................... SKIPPED
[INFO] Forge - Maven Addon Parent ......................... SKIPPED
[INFO] Forge - Maven API .................................. SKIPPED
[INFO] Forge - Maven Impl ................................. SKIPPED
[INFO] Forge - Bean Validation Addon Parent ............... SKIPPED
[INFO] Forge - Bean Validation API ........................ SKIPPED
[INFO] Forge - Bean Validation Impl ....................... SKIPPED
[INFO] Forge - Bean Validation Addon ...................... SKIPPED
[INFO] Forge - JavaEE API ................................. SKIPPED
[INFO] Forge - Templates Addon Parent ..................... SKIPPED
[INFO] Forge - Templates Addon SPI ........................ SKIPPED
[INFO] Forge - Templates Addon API ........................ SKIPPED
[INFO] Forge - Freemarker SPI impl in Templates Addon ..... SKIPPED
[INFO] Forge - Templates Addon Impl ....................... SKIPPED
[INFO] Forge - Templates Addon ............................ SKIPPED
[INFO] Forge - JavaEE Impl ................................ SKIPPED
[INFO] Forge - Rest Client Addon Parent ................... SKIPPED
[INFO] Forge - Rest Client Addon .......................... SKIPPED
[INFO] Forge - JavaEE Addon ............................... SKIPPED
[INFO] Forge - Maven Projects Impl ........................ SKIPPED
[INFO] Forge - Maven Addon ................................ SKIPPED
[INFO] Forge - Addon Manager Addon ........................ SKIPPED
[INFO] Forge - UI Test Harness ............................ SKIPPED
[INFO] Forge - Addon Manager - Tests ...................... SKIPPED
[INFO] Forge - Addon Development Addon Parent ............. SKIPPED
[INFO] Forge - Addon Development Addon API ................ SKIPPED
[INFO] Forge - Addon Development Addon Impl ............... SKIPPED
[INFO] Forge - Addon Development Addon .................... SKIPPED
[INFO] Forge - Addon Development Addon Tests .............. SKIPPED
[INFO] Forge - Bean Validation Addon Tests ................ SKIPPED
[INFO] Forge - Convert Addon Tests ........................ SKIPPED
[INFO] Forge - Configuration Tests ........................ SKIPPED
[INFO] Forge - Database Tools Addon Parent ................ SKIPPED
[INFO] Forge - Database Tools API ......................... SKIPPED
[INFO] Forge - Database Tools Impl ........................ SKIPPED
[INFO] Forge - Database Tools Addon ....................... SKIPPED
[INFO] Forge - Database Tools Addon Tests ................. SKIPPED
[INFO] Forge - Dependencies Addon Tests ................... SKIPPED
[INFO] Forge - Dev Tools - Java ........................... SKIPPED
[INFO] Forge - Environment Addon Tests .................... SKIPPED
[INFO] Forge - Facets Addon Tests ......................... SKIPPED
[INFO] Forge - Scaffold Parent ............................ SKIPPED
[INFO] Forge - Scaffold SPI ............................... SKIPPED
[INFO] Forge - Scaffold API ............................... SKIPPED
[INFO] Forge - Scaffold Impl .............................. SKIPPED
[INFO] Forge - Scaffold Addon ............................. SKIPPED
[INFO] Forge - Faces Scaffold provider .................... SKIPPED
[INFO] Forge - JavaEE Tests ............................... SKIPPED
[INFO] Forge - Maven Addon Tests .......................... SKIPPED
[INFO] Forge - Projects Generic Addon ..................... SKIPPED
[INFO] Forge - Projects Addon Tests ....................... SKIPPED
[INFO] Forge - Java Parser Addon Tests .................... SKIPPED
[INFO] Forge - Json Parser Addon Parent ................... SKIPPED
[INFO] Forge - Json Parser Addon API ...................... SKIPPED
[INFO] Forge - Json Parser Addon Implementation ........... SKIPPED
[INFO] Forge - Json Parser Addon .......................... SKIPPED
[INFO] Forge - Json Parser Addon Tests .................... SKIPPED
[INFO] Forge - XML Parser Addon Tests ..................... SKIPPED
[INFO] Forge - YAML Parser Addon .......................... SKIPPED
[INFO] Forge - Resources Addon Tests ...................... SKIPPED
[INFO] Forge - Rest Client Addon Integration Tests ........ SKIPPED
[INFO] Forge - UI Addon Example ........................... SKIPPED
[INFO] Forge - UI Addon Tests ............................. SKIPPED
[INFO] Forge - Scaffold Tests ............................. SKIPPED
[INFO] Forge - Shell Addon Tests .......................... SKIPPED
[INFO] Forge - Templates Addon Tests ...................... SKIPPED
[INFO] Forge - Testing Addon Parent ....................... SKIPPED
[INFO] Forge - Testing Addon API .......................... SKIPPED
[INFO] Forge - Testing Addon Implementation ............... SKIPPED
[INFO] Forge - Testing Addon .............................. SKIPPED
[INFO] Forge - Testing Addon Tests ........................ SKIPPED
[INFO] Forge - Git Addon Tests ............................ SKIPPED
[INFO] Forge - Core Addon Parent .......................... SKIPPED
[INFO] Forge - Core Addon ................................. SKIPPED
[INFO] Forge - Core Addon Tests (Addon Integration Tests) . SKIPPED
[INFO] Forge - Bootstrap module ........................... SKIPPED
[INFO] Forge - Distribution Build ......................... SKIPPED
[INFO] ------------------------------------------------------------------------
[INFO] BUILD FAILURE
[INFO] ------------------------------------------------------------------------
[INFO] Total time:  12.259 s
[INFO] Finished at: 2023-01-13T17:33:39Z
[INFO] ------------------------------------------------------------------------
[ERROR] Failed to execute goal org.apache.maven.plugins:maven-surefire-plugin:2.22.0:test (default-test) on project text: There are test failures.
[ERROR] 
[ERROR] Please refer to /home/gabsko/breaking-updates/text/target/surefire-reports for the individual test results.
[ERROR] Please refer to dump files (if any exist) [date]-jvmRun[N].dump, [date].dumpstream and [date]-jvmRun[N].dumpstream.
[ERROR] -> [Help 1]
[ERROR] 
[ERROR] To see the full stack trace of the errors, re-run Maven with the -e switch.
[ERROR] Re-run Maven using the -X switch to enable full debug logging.
[ERROR] 
[ERROR] For more information about the errors and possible solutions, please read the following articles:
[ERROR] [Help 1] http://cwiki.apache.org/confluence/display/MAVEN/MojoFailureException
[ERROR] 
[ERROR] After correcting the problems, you can resume the build with the command
[ERROR]   mvn <args> -rf :text
