[INFO] Scanning for projects...
[INFO] ------------------------------------------------------------------------
[INFO] Reactor Build Order:
[INFO] 
[INFO] Layrry Aggregator                                                  [pom]
[INFO] Layrry Platform                                                    [jar]
[INFO] Layrry Config                                                      [jar]
[INFO] YAML config support for Layrry                                     [jar]
[INFO] TOML config support for Layrry                                     [jar]
[INFO] Layrry Core                                                        [jar]
[INFO] Layrry Launcher                                                    [jar]
[INFO] Layrry Integration Test - Aggregator                               [pom]
[INFO] Layrry Integration Test - Greeter                                  [jar]
[INFO] Layrry Integration Test - Greeter                                  [jar]
[INFO] Layrry Integration Test - Foo                                      [jar]
[INFO] Layrry Integration Test - Bar                                      [jar]
[INFO] Layrry Integration Test - App                                      [jar]
[INFO] Layrry Integration Test - Log Config                               [jar]
[INFO] Layrry Integration Test - Runner                                   [jar]
[INFO] Layrry Example Aggregator                                          [pom]
[INFO] Layrry Plug-in Example                                             [pom]
[INFO] Geeter API                                                         [jar]
[INFO] Greeter Date Util                                                  [jar]
[INFO] Greeter Date Util                                                  [jar]
[INFO] Greeter EN                                                         [jar]
[INFO] Greeter DE                                                         [jar]
[INFO] Greeter FR                                                         [jar]
[INFO] Layrry Plugin Example Runner                                       [jar]
[INFO] Layrry Links Example                                               [pom]
[INFO] Layrry Links Log Configuration                                     [jar]
[INFO] Layrry Links Core                                                  [jar]
[INFO] Layrry Links Membership Plug-in                                    [jar]
[INFO] Layrry Links Tournament Plug-in                                    [jar]
[INFO] Layrry Links Greenkeeping Plug-in                                  [jar]
[INFO] Layrry Links Runner                                                [jar]
[INFO] 
[INFO] ---------------< org.moditect.layrry:layrry-aggregator >----------------
[INFO] Building Layrry Aggregator 1.0.0-SNAPSHOT                         [1/31]
[INFO] --------------------------------[ pom ]---------------------------------
[INFO] 
[INFO] --- maven-clean-plugin:3.1.0:clean (default-clean) @ layrry-aggregator ---
[INFO] Deleting /home/gabsko/breaking-updates/target
[INFO] 
[INFO] --- git-commit-id-plugin:4.9.10:revision (resolve-git-properties) @ layrry-aggregator ---
[INFO] 
[INFO] --- directory-maven-plugin:0.3.1:highest-basedir (resolve-rootdir) @ layrry-aggregator ---
[INFO] Highest basedir set to: /home/gabsko/breaking-updates
[INFO] 
[INFO] --- formatter-maven-plugin:2.16.0:format (format) @ layrry-aggregator ---
[INFO] Using 'UTF-8' encoding to format source files.
[INFO] Number of files to be formatted: 0
[INFO] 
[INFO] --- impsort-maven-plugin:1.6.2:sort (sort-imports) @ layrry-aggregator ---
[INFO] Processed 0 files in 00:00.001 (Already Sorted: 0, Needed Sorting: 0)
[INFO] 
[INFO] ----------------< org.moditect.layrry:layrry-platform >-----------------
[INFO] Building Layrry Platform 1.0.0-SNAPSHOT                           [2/31]
[INFO] --------------------------------[ jar ]---------------------------------
[INFO] 
[INFO] --- maven-clean-plugin:3.1.0:clean (default-clean) @ layrry-platform ---
[INFO] Deleting /home/gabsko/breaking-updates/layrry-platform/target
[INFO] 
[INFO] --- git-commit-id-plugin:4.9.10:revision (resolve-git-properties) @ layrry-platform ---
[INFO] 
[INFO] --- directory-maven-plugin:0.3.1:highest-basedir (resolve-rootdir) @ layrry-platform ---
[INFO] Highest basedir set to: /home/gabsko/breaking-updates
[INFO] 
[INFO] --- formatter-maven-plugin:2.16.0:format (format) @ layrry-platform ---
[INFO] Using 'UTF-8' encoding to format source files.
[INFO] Number of files to be formatted: 4
[INFO] Successfully formatted:          0 file(s)
[INFO] Fail to format:                  0 file(s)
[INFO] Skipped:                         4 file(s)
[INFO] Read only skipped:               0 file(s)
[INFO] Approximate time taken:          0s
[INFO] 
[INFO] --- impsort-maven-plugin:1.6.2:sort (sort-imports) @ layrry-platform ---
[INFO] Processed 4 files in 00:00.159 (Already Sorted: 4, Needed Sorting: 0)
[INFO] 
[INFO] --- maven-resources-plugin:3.2.0:resources (default-resources) @ layrry-platform ---
[INFO] Using 'UTF-8' encoding to copy filtered resources.
[INFO] Using 'UTF-8' encoding to copy filtered properties files.
[INFO] skip non existing resourceDirectory /home/gabsko/breaking-updates/layrry-platform/src/main/resources
[INFO] 
[INFO] --- maven-compiler-plugin:3.9.0:compile (default-compile) @ layrry-platform ---
[INFO] Changes detected - recompiling the module!
[INFO] Compiling 4 source files to /home/gabsko/breaking-updates/layrry-platform/target/classes
[INFO] 
[INFO] --- maven-resources-plugin:3.2.0:testResources (default-testResources) @ layrry-platform ---
[INFO] Using 'UTF-8' encoding to copy filtered resources.
[INFO] Using 'UTF-8' encoding to copy filtered properties files.
[INFO] skip non existing resourceDirectory /home/gabsko/breaking-updates/layrry-platform/src/test/resources
[INFO] 
[INFO] --- maven-compiler-plugin:3.9.0:testCompile (default-testCompile) @ layrry-platform ---
[INFO] No sources to compile
[INFO] 
[INFO] --- maven-surefire-plugin:3.0.0-M5:test (default-test) @ layrry-platform ---
[INFO] No tests to run.
[INFO] 
[INFO] -----------------< org.moditect.layrry:layrry-config >------------------
[INFO] Building Layrry Config 1.0.0-SNAPSHOT                             [3/31]
[INFO] --------------------------------[ jar ]---------------------------------
[INFO] 
[INFO] --- maven-clean-plugin:3.1.0:clean (default-clean) @ layrry-config ---
[INFO] Deleting /home/gabsko/breaking-updates/layrry-config/target
[INFO] 
[INFO] --- git-commit-id-plugin:4.9.10:revision (resolve-git-properties) @ layrry-config ---
[INFO] 
[INFO] --- directory-maven-plugin:0.3.1:highest-basedir (resolve-rootdir) @ layrry-config ---
[INFO] Highest basedir set to: /home/gabsko/breaking-updates
[INFO] 
[INFO] --- formatter-maven-plugin:2.16.0:format (format) @ layrry-config ---
[INFO] Using 'UTF-8' encoding to format source files.
[INFO] Number of files to be formatted: 8
[INFO] Successfully formatted:          0 file(s)
[INFO] Fail to format:                  0 file(s)
[INFO] Skipped:                         8 file(s)
[INFO] Read only skipped:               0 file(s)
[INFO] Approximate time taken:          0s
[INFO] 
[INFO] --- impsort-maven-plugin:1.6.2:sort (sort-imports) @ layrry-config ---
[INFO] Processed 8 files in 00:00.082 (Already Sorted: 8, Needed Sorting: 0)
[INFO] 
[INFO] --- maven-resources-plugin:3.2.0:resources (default-resources) @ layrry-config ---
[INFO] Using 'UTF-8' encoding to copy filtered resources.
[INFO] Using 'UTF-8' encoding to copy filtered properties files.
[INFO] skip non existing resourceDirectory /home/gabsko/breaking-updates/layrry-config/src/main/resources
[INFO] 
[INFO] --- maven-compiler-plugin:3.9.0:compile (default-compile) @ layrry-config ---
[INFO] Changes detected - recompiling the module!
[INFO] Compiling 8 source files to /home/gabsko/breaking-updates/layrry-config/target/classes
[INFO] 
[INFO] --- maven-resources-plugin:3.2.0:testResources (default-testResources) @ layrry-config ---
[INFO] Using 'UTF-8' encoding to copy filtered resources.
[INFO] Using 'UTF-8' encoding to copy filtered properties files.
[INFO] skip non existing resourceDirectory /home/gabsko/breaking-updates/layrry-config/src/test/resources
[INFO] 
[INFO] --- maven-compiler-plugin:3.9.0:testCompile (default-testCompile) @ layrry-config ---
[INFO] No sources to compile
[INFO] 
[INFO] --- maven-surefire-plugin:3.0.0-M5:test (default-test) @ layrry-config ---
[INFO] No tests to run.
[INFO] 
[INFO] ---------------< org.moditect.layrry:layrry-config-yaml >---------------
[INFO] Building YAML config support for Layrry 1.0.0-SNAPSHOT            [4/31]
[INFO] --------------------------------[ jar ]---------------------------------
[INFO] 
[INFO] --- maven-clean-plugin:3.1.0:clean (default-clean) @ layrry-config-yaml ---
[INFO] Deleting /home/gabsko/breaking-updates/layrry-config-yaml/target
[INFO] 
[INFO] --- git-commit-id-plugin:4.9.10:revision (resolve-git-properties) @ layrry-config-yaml ---
[INFO] 
[INFO] --- directory-maven-plugin:0.3.1:highest-basedir (resolve-rootdir) @ layrry-config-yaml ---
[INFO] Highest basedir set to: /home/gabsko/breaking-updates
[INFO] 
[INFO] --- formatter-maven-plugin:2.16.0:format (format) @ layrry-config-yaml ---
[INFO] Using 'UTF-8' encoding to format source files.
[INFO] Number of files to be formatted: 1
[INFO] Successfully formatted:          0 file(s)
[INFO] Fail to format:                  0 file(s)
[INFO] Skipped:                         1 file(s)
[INFO] Read only skipped:               0 file(s)
[INFO] Approximate time taken:          0s
[INFO] 
[INFO] --- impsort-maven-plugin:1.6.2:sort (sort-imports) @ layrry-config-yaml ---
[INFO] Processed 1 files in 00:00.015 (Already Sorted: 1, Needed Sorting: 0)
[INFO] 
[INFO] --- maven-resources-plugin:3.2.0:resources (default-resources) @ layrry-config-yaml ---
[INFO] Using 'UTF-8' encoding to copy filtered resources.
[INFO] Using 'UTF-8' encoding to copy filtered properties files.
[INFO] Copying 1 resource
[INFO] 
[INFO] --- maven-compiler-plugin:3.9.0:compile (default-compile) @ layrry-config-yaml ---
[INFO] Changes detected - recompiling the module!
[INFO] Compiling 1 source file to /home/gabsko/breaking-updates/layrry-config-yaml/target/classes
[INFO] 
[INFO] --- maven-resources-plugin:3.2.0:testResources (default-testResources) @ layrry-config-yaml ---
[INFO] Using 'UTF-8' encoding to copy filtered resources.
[INFO] Using 'UTF-8' encoding to copy filtered properties files.
[INFO] skip non existing resourceDirectory /home/gabsko/breaking-updates/layrry-config-yaml/src/test/resources
[INFO] 
[INFO] --- maven-compiler-plugin:3.9.0:testCompile (default-testCompile) @ layrry-config-yaml ---
[INFO] No sources to compile
[INFO] 
[INFO] --- maven-surefire-plugin:3.0.0-M5:test (default-test) @ layrry-config-yaml ---
[INFO] No tests to run.
[INFO] 
[INFO] ---------------< org.moditect.layrry:layrry-config-toml >---------------
[INFO] Building TOML config support for Layrry 1.0.0-SNAPSHOT            [5/31]
[INFO] --------------------------------[ jar ]---------------------------------
[INFO] 
[INFO] --- maven-clean-plugin:3.1.0:clean (default-clean) @ layrry-config-toml ---
[INFO] Deleting /home/gabsko/breaking-updates/layrry-config-toml/target
[INFO] 
[INFO] --- git-commit-id-plugin:4.9.10:revision (resolve-git-properties) @ layrry-config-toml ---
[INFO] 
[INFO] --- directory-maven-plugin:0.3.1:highest-basedir (resolve-rootdir) @ layrry-config-toml ---
[INFO] Highest basedir set to: /home/gabsko/breaking-updates
[INFO] 
[INFO] --- formatter-maven-plugin:2.16.0:format (format) @ layrry-config-toml ---
[INFO] Using 'UTF-8' encoding to format source files.
[INFO] Number of files to be formatted: 1
[INFO] Successfully formatted:          0 file(s)
[INFO] Fail to format:                  0 file(s)
[INFO] Skipped:                         1 file(s)
[INFO] Read only skipped:               0 file(s)
[INFO] Approximate time taken:          0s
[INFO] 
[INFO] --- impsort-maven-plugin:1.6.2:sort (sort-imports) @ layrry-config-toml ---
[INFO] Processed 1 files in 00:00.008 (Already Sorted: 1, Needed Sorting: 0)
[INFO] 
[INFO] --- maven-resources-plugin:3.2.0:resources (default-resources) @ layrry-config-toml ---
[INFO] Using 'UTF-8' encoding to copy filtered resources.
[INFO] Using 'UTF-8' encoding to copy filtered properties files.
[INFO] Copying 1 resource
[INFO] 
[INFO] --- maven-compiler-plugin:3.9.0:compile (default-compile) @ layrry-config-toml ---
[INFO] Changes detected - recompiling the module!
[INFO] Compiling 1 source file to /home/gabsko/breaking-updates/layrry-config-toml/target/classes
[INFO] /home/gabsko/breaking-updates/layrry-config-toml/src/main/java/org/moditect/layrry/config/toml/TomlLayersConfigParser.java: /home/gabsko/breaking-updates/layrry-config-toml/src/main/java/org/moditect/layrry/config/toml/TomlLayersConfigParser.java uses unchecked or unsafe operations.
[INFO] /home/gabsko/breaking-updates/layrry-config-toml/src/main/java/org/moditect/layrry/config/toml/TomlLayersConfigParser.java: Recompile with -Xlint:unchecked for details.
[INFO] 
[INFO] --- maven-resources-plugin:3.2.0:testResources (default-testResources) @ layrry-config-toml ---
[INFO] Using 'UTF-8' encoding to copy filtered resources.
[INFO] Using 'UTF-8' encoding to copy filtered properties files.
[INFO] skip non existing resourceDirectory /home/gabsko/breaking-updates/layrry-config-toml/src/test/resources
[INFO] 
[INFO] --- maven-compiler-plugin:3.9.0:testCompile (default-testCompile) @ layrry-config-toml ---
[INFO] No sources to compile
[INFO] 
[INFO] --- maven-surefire-plugin:3.0.0-M5:test (default-test) @ layrry-config-toml ---
[INFO] No tests to run.
[INFO] 
[INFO] ------------------< org.moditect.layrry:layrry-core >-------------------
[INFO] Building Layrry Core 1.0.0-SNAPSHOT                               [6/31]
[INFO] --------------------------------[ jar ]---------------------------------
[INFO] 
[INFO] --- maven-clean-plugin:3.1.0:clean (default-clean) @ layrry-core ---
[INFO] Deleting /home/gabsko/breaking-updates/layrry-core/target
[INFO] 
[INFO] --- git-commit-id-plugin:4.9.10:revision (resolve-git-properties) @ layrry-core ---
[INFO] 
[INFO] --- directory-maven-plugin:0.3.1:highest-basedir (resolve-rootdir) @ layrry-core ---
[INFO] Highest basedir set to: /home/gabsko/breaking-updates
[INFO] 
[INFO] --- formatter-maven-plugin:2.16.0:format (format) @ layrry-core ---
[INFO] Using 'UTF-8' encoding to format source files.
[INFO] Number of files to be formatted: 46
[INFO] Successfully formatted:          0 file(s)
[INFO] Fail to format:                  0 file(s)
[INFO] Skipped:                         46 file(s)
[INFO] Read only skipped:               0 file(s)
[INFO] Approximate time taken:          0s
[INFO] 
[INFO] --- impsort-maven-plugin:1.6.2:sort (sort-imports) @ layrry-core ---
[INFO] Processed 46 files in 00:00.187 (Already Sorted: 46, Needed Sorting: 0)
[INFO] 
[INFO] --- maven-resources-plugin:3.2.0:resources (default-resources) @ layrry-core ---
[INFO] Using 'UTF-8' encoding to copy filtered resources.
[INFO] Using 'UTF-8' encoding to copy filtered properties files.
[INFO] skip non existing resourceDirectory /home/gabsko/breaking-updates/layrry-core/src/main/resources
[INFO] 
[INFO] --- maven-compiler-plugin:3.9.0:compile (default-compile) @ layrry-core ---
[INFO] Changes detected - recompiling the module!
[INFO] Compiling 44 source files to /home/gabsko/breaking-updates/layrry-core/target/classes
[INFO] 
[INFO] --- maven-resources-plugin:3.2.0:testResources (default-testResources) @ layrry-core ---
[INFO] Using 'UTF-8' encoding to copy filtered resources.
[INFO] Using 'UTF-8' encoding to copy filtered properties files.
[INFO] skip non existing resourceDirectory /home/gabsko/breaking-updates/layrry-core/src/test/resources
[INFO] 
[INFO] --- maven-compiler-plugin:3.9.0:testCompile (default-testCompile) @ layrry-core ---
[INFO] Changes detected - recompiling the module!
[INFO] Compiling 2 source files to /home/gabsko/breaking-updates/layrry-core/target/test-classes
[INFO] 
[INFO] --- maven-surefire-plugin:3.0.0-M5:test (default-test) @ layrry-core ---
[INFO] 
[INFO] -------------------------------------------------------
[INFO]  T E S T S
[INFO] -------------------------------------------------------
[INFO] Running org.moditect.layrry.internal.resolver.FlatLocalRepositoryTest
[INFO] Tests run: 1, Failures: 0, Errors: 0, Skipped: 0, Time elapsed: 0.128 s - in org.moditect.layrry.internal.resolver.FlatLocalRepositoryTest
[INFO] Running org.moditect.layrry.internal.resolver.DefaultLocalRepositoryTest
[INFO] Tests run: 1, Failures: 0, Errors: 0, Skipped: 0, Time elapsed: 0.025 s - in org.moditect.layrry.internal.resolver.DefaultLocalRepositoryTest
[INFO] 
[INFO] Results:
[INFO] 
[INFO] Tests run: 2, Failures: 0, Errors: 0, Skipped: 0
[INFO] 
[INFO] 
[INFO] ----------------< org.moditect.layrry:layrry-launcher >-----------------
[INFO] Building Layrry Launcher 1.0.0-SNAPSHOT                           [7/31]
[INFO] --------------------------------[ jar ]---------------------------------
[INFO] 
[INFO] --- maven-clean-plugin:3.1.0:clean (default-clean) @ layrry-launcher ---
[INFO] Deleting /home/gabsko/breaking-updates/layrry-launcher/target
[INFO] 
[INFO] --- git-commit-id-plugin:4.9.10:revision (resolve-git-properties) @ layrry-launcher ---
[INFO] 
[INFO] --- directory-maven-plugin:0.3.1:highest-basedir (resolve-rootdir) @ layrry-launcher ---
[INFO] Highest basedir set to: /home/gabsko/breaking-updates
[INFO] 
[INFO] --- formatter-maven-plugin:2.16.0:format (format) @ layrry-launcher ---
[INFO] Using 'UTF-8' encoding to format source files.
[INFO] Number of files to be formatted: 2
[INFO] Successfully formatted:          0 file(s)
[INFO] Fail to format:                  0 file(s)
[INFO] Skipped:                         2 file(s)
[INFO] Read only skipped:               0 file(s)
[INFO] Approximate time taken:          0s
[INFO] 
[INFO] --- impsort-maven-plugin:1.6.2:sort (sort-imports) @ layrry-launcher ---
[INFO] Processed 2 files in 00:00.020 (Already Sorted: 2, Needed Sorting: 0)
[INFO] 
[INFO] --- maven-resources-plugin:3.2.0:resources (default-resources) @ layrry-launcher ---
[INFO] Using 'UTF-8' encoding to copy filtered resources.
[INFO] Using 'UTF-8' encoding to copy filtered properties files.
[INFO] skip non existing resourceDirectory /home/gabsko/breaking-updates/layrry-launcher/src/main/resources
[INFO] 
[INFO] --- maven-compiler-plugin:3.9.0:compile (default-compile) @ layrry-launcher ---
[INFO] Changes detected - recompiling the module!
[INFO] Compiling 2 source files to /home/gabsko/breaking-updates/layrry-launcher/target/classes
[INFO] 
[INFO] --- maven-resources-plugin:3.2.0:testResources (default-testResources) @ layrry-launcher ---
[INFO] Using 'UTF-8' encoding to copy filtered resources.
[INFO] Using 'UTF-8' encoding to copy filtered properties files.
[INFO] skip non existing resourceDirectory /home/gabsko/breaking-updates/layrry-launcher/src/test/resources
[INFO] 
[INFO] --- maven-compiler-plugin:3.9.0:testCompile (default-testCompile) @ layrry-launcher ---
[INFO] No sources to compile
[INFO] 
[INFO] --- maven-surefire-plugin:3.0.0-M5:test (default-test) @ layrry-launcher ---
[INFO] No tests to run.
[INFO] 
[INFO] -----------< org.moditect.layrry.it:layrry-integrationtest >------------
[INFO] Building Layrry Integration Test - Aggregator 1.0.0-SNAPSHOT      [8/31]
[INFO] --------------------------------[ pom ]---------------------------------
[INFO] 
[INFO] --- maven-clean-plugin:3.1.0:clean (default-clean) @ layrry-integrationtest ---
[INFO] Deleting /home/gabsko/breaking-updates/integration-test/target
[INFO] 
[INFO] --- git-commit-id-plugin:4.9.10:revision (resolve-git-properties) @ layrry-integrationtest ---
[INFO] 
[INFO] --- directory-maven-plugin:0.3.1:highest-basedir (resolve-rootdir) @ layrry-integrationtest ---
[INFO] Highest basedir set to: /home/gabsko/breaking-updates
[INFO] 
[INFO] --- formatter-maven-plugin:2.16.0:format (format) @ layrry-integrationtest ---
[INFO] Using 'UTF-8' encoding to format source files.
[INFO] Number of files to be formatted: 0
[INFO] 
[INFO] --- impsort-maven-plugin:1.6.2:sort (sort-imports) @ layrry-integrationtest ---
[INFO] Processed 0 files in 00:00.000 (Already Sorted: 0, Needed Sorting: 0)
[INFO] 
[INFO] -----------------< org.moditect.layrry.it:it-greeter >------------------
[INFO] Building Layrry Integration Test - Greeter 1.0.0                  [9/31]
[INFO] --------------------------------[ jar ]---------------------------------
[INFO] 
[INFO] --- maven-clean-plugin:3.1.0:clean (default-clean) @ it-greeter ---
[INFO] Deleting /home/gabsko/breaking-updates/integration-test/it-greeter-1.0.0/target
[INFO] 
[INFO] --- git-commit-id-plugin:4.9.10:revision (resolve-git-properties) @ it-greeter ---
[INFO] 
[INFO] --- directory-maven-plugin:0.3.1:highest-basedir (resolve-rootdir) @ it-greeter ---
[INFO] Highest basedir set to: /home/gabsko/breaking-updates
[INFO] 
[INFO] --- formatter-maven-plugin:2.16.0:format (format) @ it-greeter ---
[INFO] Using 'UTF-8' encoding to format source files.
[INFO] Number of files to be formatted: 2
[INFO] Successfully formatted:          0 file(s)
[INFO] Fail to format:                  0 file(s)
[INFO] Skipped:                         2 file(s)
[INFO] Read only skipped:               0 file(s)
[INFO] Approximate time taken:          0s
[INFO] 
[INFO] --- impsort-maven-plugin:1.6.2:sort (sort-imports) @ it-greeter ---
[INFO] Processed 2 files in 00:00.001 (Already Sorted: 2, Needed Sorting: 0)
[INFO] 
[INFO] --- maven-resources-plugin:3.2.0:resources (default-resources) @ it-greeter ---
[INFO] Using 'UTF-8' encoding to copy filtered resources.
[INFO] Using 'UTF-8' encoding to copy filtered properties files.
[INFO] skip non existing resourceDirectory /home/gabsko/breaking-updates/integration-test/it-greeter-1.0.0/src/main/resources
[INFO] 
[INFO] --- maven-compiler-plugin:3.9.0:compile (default-compile) @ it-greeter ---
[INFO] Changes detected - recompiling the module!
[INFO] Compiling 2 source files to /home/gabsko/breaking-updates/integration-test/it-greeter-1.0.0/target/classes
[INFO] 
[INFO] --- maven-resources-plugin:3.2.0:testResources (default-testResources) @ it-greeter ---
[INFO] Using 'UTF-8' encoding to copy filtered resources.
[INFO] Using 'UTF-8' encoding to copy filtered properties files.
[INFO] skip non existing resourceDirectory /home/gabsko/breaking-updates/integration-test/it-greeter-1.0.0/src/test/resources
[INFO] 
[INFO] --- maven-compiler-plugin:3.9.0:testCompile (default-testCompile) @ it-greeter ---
[INFO] No sources to compile
[INFO] 
[INFO] --- maven-surefire-plugin:3.0.0-M5:test (default-test) @ it-greeter ---
[INFO] No tests to run.
[INFO] 
[INFO] -----------------< org.moditect.layrry.it:it-greeter >------------------
[INFO] Building Layrry Integration Test - Greeter 2.0.0                 [10/31]
[INFO] --------------------------------[ jar ]---------------------------------
[INFO] 
[INFO] --- maven-clean-plugin:3.1.0:clean (default-clean) @ it-greeter ---
[INFO] Deleting /home/gabsko/breaking-updates/integration-test/it-greeter-2.0.0/target
[INFO] 
[INFO] --- git-commit-id-plugin:4.9.10:revision (resolve-git-properties) @ it-greeter ---
[INFO] 
[INFO] --- directory-maven-plugin:0.3.1:highest-basedir (resolve-rootdir) @ it-greeter ---
[INFO] Highest basedir set to: /home/gabsko/breaking-updates
[INFO] 
[INFO] --- formatter-maven-plugin:2.16.0:format (format) @ it-greeter ---
[INFO] Using 'UTF-8' encoding to format source files.
[INFO] Number of files to be formatted: 2
[INFO] Successfully formatted:          0 file(s)
[INFO] Fail to format:                  0 file(s)
[INFO] Skipped:                         2 file(s)
[INFO] Read only skipped:               0 file(s)
[INFO] Approximate time taken:          0s
[INFO] 
[INFO] --- impsort-maven-plugin:1.6.2:sort (sort-imports) @ it-greeter ---
[INFO] Processed 2 files in 00:00.003 (Already Sorted: 2, Needed Sorting: 0)
[INFO] 
[INFO] --- maven-resources-plugin:3.2.0:resources (default-resources) @ it-greeter ---
[INFO] Using 'UTF-8' encoding to copy filtered resources.
[INFO] Using 'UTF-8' encoding to copy filtered properties files.
[INFO] skip non existing resourceDirectory /home/gabsko/breaking-updates/integration-test/it-greeter-2.0.0/src/main/resources
[INFO] 
[INFO] --- maven-compiler-plugin:3.9.0:compile (default-compile) @ it-greeter ---
[INFO] Changes detected - recompiling the module!
[INFO] Compiling 2 source files to /home/gabsko/breaking-updates/integration-test/it-greeter-2.0.0/target/classes
[INFO] 
[INFO] --- maven-resources-plugin:3.2.0:testResources (default-testResources) @ it-greeter ---
[INFO] Using 'UTF-8' encoding to copy filtered resources.
[INFO] Using 'UTF-8' encoding to copy filtered properties files.
[INFO] skip non existing resourceDirectory /home/gabsko/breaking-updates/integration-test/it-greeter-2.0.0/src/test/resources
[INFO] 
[INFO] --- maven-compiler-plugin:3.9.0:testCompile (default-testCompile) @ it-greeter ---
[INFO] No sources to compile
[INFO] 
[INFO] --- maven-surefire-plugin:3.0.0-M5:test (default-test) @ it-greeter ---
[INFO] No tests to run.
[INFO] 
[INFO] -------------------< org.moditect.layrry.it:it-foo >--------------------
[INFO] Building Layrry Integration Test - Foo 1.0.0                     [11/31]
[INFO] --------------------------------[ jar ]---------------------------------
[INFO] 
[INFO] --- maven-clean-plugin:3.1.0:clean (default-clean) @ it-foo ---
[INFO] Deleting /home/gabsko/breaking-updates/integration-test/it-foo/target
[INFO] 
[INFO] --- git-commit-id-plugin:4.9.10:revision (resolve-git-properties) @ it-foo ---
[INFO] 
[INFO] --- directory-maven-plugin:0.3.1:highest-basedir (resolve-rootdir) @ it-foo ---
[INFO] Highest basedir set to: /home/gabsko/breaking-updates
[INFO] 
[INFO] --- formatter-maven-plugin:2.16.0:format (format) @ it-foo ---
[INFO] Using 'UTF-8' encoding to format source files.
[INFO] Number of files to be formatted: 2
[INFO] Successfully formatted:          0 file(s)
[INFO] Fail to format:                  0 file(s)
[INFO] Skipped:                         2 file(s)
[INFO] Read only skipped:               0 file(s)
[INFO] Approximate time taken:          0s
[INFO] 
[INFO] --- impsort-maven-plugin:1.6.2:sort (sort-imports) @ it-foo ---
[INFO] Processed 2 files in 00:00.003 (Already Sorted: 2, Needed Sorting: 0)
[INFO] 
[INFO] --- maven-resources-plugin:3.2.0:resources (default-resources) @ it-foo ---
[INFO] Using 'UTF-8' encoding to copy filtered resources.
[INFO] Using 'UTF-8' encoding to copy filtered properties files.
[INFO] skip non existing resourceDirectory /home/gabsko/breaking-updates/integration-test/it-foo/src/main/resources
[INFO] 
[INFO] --- maven-compiler-plugin:3.9.0:compile (default-compile) @ it-foo ---
[INFO] Changes detected - recompiling the module!
[INFO] Compiling 2 source files to /home/gabsko/breaking-updates/integration-test/it-foo/target/classes
[INFO] 
[INFO] --- maven-resources-plugin:3.2.0:testResources (default-testResources) @ it-foo ---
[INFO] Using 'UTF-8' encoding to copy filtered resources.
[INFO] Using 'UTF-8' encoding to copy filtered properties files.
[INFO] skip non existing resourceDirectory /home/gabsko/breaking-updates/integration-test/it-foo/src/test/resources
[INFO] 
[INFO] --- maven-compiler-plugin:3.9.0:testCompile (default-testCompile) @ it-foo ---
[INFO] No sources to compile
[INFO] 
[INFO] --- maven-surefire-plugin:3.0.0-M5:test (default-test) @ it-foo ---
[INFO] No tests to run.
[INFO] 
[INFO] -------------------< org.moditect.layrry.it:it-bar >--------------------
[INFO] Building Layrry Integration Test - Bar 1.0.0                     [12/31]
[INFO] --------------------------------[ jar ]---------------------------------
[INFO] 
[INFO] --- maven-clean-plugin:3.1.0:clean (default-clean) @ it-bar ---
[INFO] Deleting /home/gabsko/breaking-updates/integration-test/it-bar/target
[INFO] 
[INFO] --- git-commit-id-plugin:4.9.10:revision (resolve-git-properties) @ it-bar ---
[INFO] 
[INFO] --- directory-maven-plugin:0.3.1:highest-basedir (resolve-rootdir) @ it-bar ---
[INFO] Highest basedir set to: /home/gabsko/breaking-updates
[INFO] 
[INFO] --- formatter-maven-plugin:2.16.0:format (format) @ it-bar ---
[INFO] Using 'UTF-8' encoding to format source files.
[INFO] Number of files to be formatted: 2
[INFO] Successfully formatted:          0 file(s)
[INFO] Fail to format:                  0 file(s)
[INFO] Skipped:                         2 file(s)
[INFO] Read only skipped:               0 file(s)
[INFO] Approximate time taken:          0s
[INFO] 
[INFO] --- impsort-maven-plugin:1.6.2:sort (sort-imports) @ it-bar ---
[INFO] Processed 2 files in 00:00.003 (Already Sorted: 2, Needed Sorting: 0)
[INFO] 
[INFO] --- maven-resources-plugin:3.2.0:resources (default-resources) @ it-bar ---
[INFO] Using 'UTF-8' encoding to copy filtered resources.
[INFO] Using 'UTF-8' encoding to copy filtered properties files.
[INFO] skip non existing resourceDirectory /home/gabsko/breaking-updates/integration-test/it-bar/src/main/resources
[INFO] 
[INFO] --- maven-compiler-plugin:3.9.0:compile (default-compile) @ it-bar ---
[INFO] Changes detected - recompiling the module!
[INFO] Compiling 2 source files to /home/gabsko/breaking-updates/integration-test/it-bar/target/classes
[INFO] 
[INFO] --- maven-resources-plugin:3.2.0:testResources (default-testResources) @ it-bar ---
[INFO] Using 'UTF-8' encoding to copy filtered resources.
[INFO] Using 'UTF-8' encoding to copy filtered properties files.
[INFO] skip non existing resourceDirectory /home/gabsko/breaking-updates/integration-test/it-bar/src/test/resources
[INFO] 
[INFO] --- maven-compiler-plugin:3.9.0:testCompile (default-testCompile) @ it-bar ---
[INFO] No sources to compile
[INFO] 
[INFO] --- maven-surefire-plugin:3.0.0-M5:test (default-test) @ it-bar ---
[INFO] No tests to run.
[INFO] 
[INFO] -------------------< org.moditect.layrry.it:it-app >--------------------
[INFO] Building Layrry Integration Test - App 1.0.0                     [13/31]
[INFO] --------------------------------[ jar ]---------------------------------
[INFO] 
[INFO] --- maven-clean-plugin:3.1.0:clean (default-clean) @ it-app ---
[INFO] Deleting /home/gabsko/breaking-updates/integration-test/it-app/target
[INFO] 
[INFO] --- git-commit-id-plugin:4.9.10:revision (resolve-git-properties) @ it-app ---
[INFO] 
[INFO] --- maven-enforcer-plugin:3.0.0:enforce (default) @ it-app ---
[INFO] 
[INFO] --- directory-maven-plugin:0.3.1:highest-basedir (resolve-rootdir) @ it-app ---
[INFO] Highest basedir set to: /home/gabsko/breaking-updates
[INFO] 
[INFO] --- formatter-maven-plugin:2.16.0:format (format) @ it-app ---
[INFO] Using 'UTF-8' encoding to format source files.
[INFO] Number of files to be formatted: 2
[INFO] Successfully formatted:          0 file(s)
[INFO] Fail to format:                  0 file(s)
[INFO] Skipped:                         2 file(s)
[INFO] Read only skipped:               0 file(s)
[INFO] Approximate time taken:          0s
[INFO] 
[INFO] --- impsort-maven-plugin:1.6.2:sort (sort-imports) @ it-app ---
[INFO] Processed 2 files in 00:00.002 (Already Sorted: 2, Needed Sorting: 0)
[INFO] 
[INFO] --- maven-resources-plugin:3.2.0:resources (default-resources) @ it-app ---
[INFO] Using 'UTF-8' encoding to copy filtered resources.
[INFO] Using 'UTF-8' encoding to copy filtered properties files.
[INFO] skip non existing resourceDirectory /home/gabsko/breaking-updates/integration-test/it-app/src/main/resources
[INFO] 
[INFO] --- maven-compiler-plugin:3.9.0:compile (default-compile) @ it-app ---
[INFO] Changes detected - recompiling the module!
[INFO] Compiling 2 source files to /home/gabsko/breaking-updates/integration-test/it-app/target/classes
[INFO] 
[INFO] --- maven-resources-plugin:3.2.0:testResources (default-testResources) @ it-app ---
[INFO] Using 'UTF-8' encoding to copy filtered resources.
[INFO] Using 'UTF-8' encoding to copy filtered properties files.
[INFO] skip non existing resourceDirectory /home/gabsko/breaking-updates/integration-test/it-app/src/test/resources
[INFO] 
[INFO] --- maven-compiler-plugin:3.9.0:testCompile (default-testCompile) @ it-app ---
[INFO] No sources to compile
[INFO] 
[INFO] --- maven-surefire-plugin:3.0.0-M5:test (default-test) @ it-app ---
[INFO] No tests to run.
[INFO] 
[INFO] ----------------< org.moditect.layrry.it:it-logconfig >-----------------
[INFO] Building Layrry Integration Test - Log Config 1.0.0              [14/31]
[INFO] --------------------------------[ jar ]---------------------------------
[INFO] 
[INFO] --- maven-clean-plugin:3.1.0:clean (default-clean) @ it-logconfig ---
[INFO] Deleting /home/gabsko/breaking-updates/integration-test/it-logconfig/target
[INFO] 
[INFO] --- git-commit-id-plugin:4.9.10:revision (resolve-git-properties) @ it-logconfig ---
[INFO] 
[INFO] --- directory-maven-plugin:0.3.1:highest-basedir (resolve-rootdir) @ it-logconfig ---
[INFO] Highest basedir set to: /home/gabsko/breaking-updates
[INFO] 
[INFO] --- formatter-maven-plugin:2.16.0:format (format) @ it-logconfig ---
[INFO] Using 'UTF-8' encoding to format source files.
[INFO] Number of files to be formatted: 0
[INFO] 
[INFO] --- impsort-maven-plugin:1.6.2:sort (sort-imports) @ it-logconfig ---
[INFO] Processed 0 files in 00:00.000 (Already Sorted: 0, Needed Sorting: 0)
[INFO] 
[INFO] --- maven-resources-plugin:3.2.0:resources (default-resources) @ it-logconfig ---
[INFO] Using 'UTF-8' encoding to copy filtered resources.
[INFO] Using 'UTF-8' encoding to copy filtered properties files.
[INFO] Copying 1 resource
[INFO] 
[INFO] --- maven-compiler-plugin:3.9.0:compile (default-compile) @ it-logconfig ---
[INFO] No sources to compile
[INFO] 
[INFO] --- maven-resources-plugin:3.2.0:testResources (default-testResources) @ it-logconfig ---
[INFO] Using 'UTF-8' encoding to copy filtered resources.
[INFO] Using 'UTF-8' encoding to copy filtered properties files.
[INFO] skip non existing resourceDirectory /home/gabsko/breaking-updates/integration-test/it-logconfig/src/test/resources
[INFO] 
[INFO] --- maven-compiler-plugin:3.9.0:testCompile (default-testCompile) @ it-logconfig ---
[INFO] No sources to compile
[INFO] 
[INFO] --- maven-surefire-plugin:3.0.0-M5:test (default-test) @ it-logconfig ---
[INFO] No tests to run.
[INFO] 
[INFO] --------< org.moditect.layrry.it:layrry-integrationtest-runner >--------
[INFO] Building Layrry Integration Test - Runner 1.0.0-SNAPSHOT         [15/31]
[INFO] --------------------------------[ jar ]---------------------------------
[INFO] 
[INFO] --- maven-clean-plugin:3.1.0:clean (default-clean) @ layrry-integrationtest-runner ---
[INFO] Deleting /home/gabsko/breaking-updates/integration-test/it-runner/target
[INFO] 
[INFO] --- git-commit-id-plugin:4.9.10:revision (resolve-git-properties) @ layrry-integrationtest-runner ---
[INFO] 
[INFO] --- directory-maven-plugin:0.3.1:highest-basedir (resolve-rootdir) @ layrry-integrationtest-runner ---
[INFO] Highest basedir set to: /home/gabsko/breaking-updates
[INFO] 
[INFO] --- formatter-maven-plugin:2.16.0:format (format) @ layrry-integrationtest-runner ---
[INFO] Using 'UTF-8' encoding to format source files.
[INFO] Number of files to be formatted: 6
[INFO] Successfully formatted:          0 file(s)
[INFO] Fail to format:                  0 file(s)
[INFO] Skipped:                         6 file(s)
[INFO] Read only skipped:               0 file(s)
[INFO] Approximate time taken:          0s
[INFO] 
[INFO] --- impsort-maven-plugin:1.6.2:sort (sort-imports) @ layrry-integrationtest-runner ---
[INFO] Processed 6 files in 00:00.014 (Already Sorted: 6, Needed Sorting: 0)
[INFO] 
[INFO] --- maven-resources-plugin:3.2.0:resources (default-resources) @ layrry-integrationtest-runner ---
[INFO] Using 'UTF-8' encoding to copy filtered resources.
[INFO] Using 'UTF-8' encoding to copy filtered properties files.
[INFO] skip non existing resourceDirectory /home/gabsko/breaking-updates/integration-test/it-runner/src/main/resources
[INFO] 
[INFO] --- maven-compiler-plugin:3.9.0:compile (default-compile) @ layrry-integrationtest-runner ---
[INFO] No sources to compile
[INFO] 
[INFO] --- maven-resources-plugin:3.2.0:testResources (default-testResources) @ layrry-integrationtest-runner ---
[INFO] Using 'UTF-8' encoding to copy filtered resources.
[INFO] Using 'UTF-8' encoding to copy filtered properties files.
[INFO] Copying 6 resources
[INFO] 
[INFO] --- maven-compiler-plugin:3.9.0:testCompile (default-testCompile) @ layrry-integrationtest-runner ---
[INFO] Changes detected - recompiling the module!
[INFO] Compiling 6 source files to /home/gabsko/breaking-updates/integration-test/it-runner/target/test-classes
[INFO] 
[INFO] --- maven-surefire-plugin:3.0.0-M5:test (default-test) @ layrry-integrationtest-runner ---
[INFO] 
[INFO] -------------------------------------------------------
[INFO]  T E S T S
[INFO] -------------------------------------------------------
[INFO] Running org.moditect.layrry.it.test.ContentNegotiationRemoteIntegrationTest
[main] INFO org.eclipse.jetty.util.log - Logging initialized @294ms to org.eclipse.jetty.util.log.Slf4jLog
[main] INFO org.eclipse.jetty.server.Server - jetty-9.4.41.v20210516; built: 2021-05-16T23:56:28.993Z; git: 98607f93c7833e7dc59489b13f3cb0a114fb9f4c; jvm 11.0.17+8-post-Ubuntu-1ubuntu218.04
[main] INFO org.eclipse.jetty.server.AbstractConnector - Started ServerConnector@58a90037{HTTP/1.1, (http/1.1)}{0.0.0.0:37363}
[main] INFO org.eclipse.jetty.server.Server - Started @417ms
Jan 17, 2023 8:43:26 PM org.jboss.shrinkwrap.resolver.impl.maven.logging.LogTransferListener transferFailed
WARNING: Failed downloading org/moditect/layrry/it/it-logconfig/1.0.0/it-logconfig-1.0.0.pom from https://repo1.maven.org/maven2/. Reason: 
org.eclipse.aether.transfer.ArtifactNotFoundException: Could not find artifact org.moditect.layrry.it:it-logconfig:pom:1.0.0 in central (https://repo1.maven.org/maven2)
Jan 17, 2023 8:43:26 PM org.jboss.shrinkwrap.resolver.impl.maven.logging.LogRepositoryListener artifactDescriptorMissing
WARNING: Missing artifact descriptor for org.moditect.layrry.it:it-logconfig:jar:1.0.0
Jan 17, 2023 8:43:26 PM org.jboss.shrinkwrap.resolver.impl.maven.logging.LogTransferListener transferFailed
WARNING: Failed downloading org/moditect/layrry/it/it-logconfig/1.0.0/it-logconfig-1.0.0.jar from https://repo1.maven.org/maven2/. Reason: 
org.eclipse.aether.transfer.ArtifactNotFoundException: Could not find artifact org.moditect.layrry.it:it-logconfig:jar:1.0.0 in central (https://repo1.maven.org/maven2)
Jan 17, 2023 8:43:26 PM org.jboss.shrinkwrap.resolver.impl.maven.logging.LogTransferListener transferFailed
WARNING: Failed downloading org/moditect/layrry/it/it-logconfig/1.0.0/it-logconfig-1.0.0.pom from https://repo1.maven.org/maven2/. Reason: 
org.eclipse.aether.transfer.ArtifactNotFoundException: Could not find artifact org.moditect.layrry.it:it-logconfig:pom:1.0.0 in central (https://repo1.maven.org/maven2)
Jan 17, 2023 8:43:26 PM org.jboss.shrinkwrap.resolver.impl.maven.logging.LogRepositoryListener artifactDescriptorMissing
WARNING: Missing artifact descriptor for org.moditect.layrry.it:it-logconfig:jar:1.0.0
Jan 17, 2023 8:43:27 PM org.jboss.shrinkwrap.resolver.impl.maven.logging.LogTransferListener transferFailed
WARNING: Failed downloading org/moditect/layrry/it/it-logconfig/1.0.0/it-logconfig-1.0.0.jar from https://repo1.maven.org/maven2/. Reason: 
org.eclipse.aether.transfer.ArtifactNotFoundException: Could not find artifact org.moditect.layrry.it:it-logconfig:jar:1.0.0 in central (https://repo1.maven.org/maven2)
[main] INFO org.eclipse.jetty.server.AbstractConnector - Stopped ServerConnector@58a90037{HTTP/1.1, (http/1.1)}{0.0.0.0:0}
[ERROR] Tests run: 2, Failures: 0, Errors: 2, Skipped: 0, Time elapsed: 1.499 s <<< FAILURE! - in org.moditect.layrry.it.test.ContentNegotiationRemoteIntegrationTest
[ERROR] org.moditect.layrry.it.test.ContentNegotiationRemoteIntegrationTest.runLayersFromToml  Time elapsed: 1.141 s  <<< ERROR!
org.jboss.shrinkwrap.resolver.api.NoResolvedResultException: Unable to collect/resolve dependency tree for a resolution due to: Could not find artifact org.moditect.layrry.it:it-logconfig:jar:1.0.0 in central (https://repo1.maven.org/maven2), caused by: Could not find artifact org.moditect.layrry.it:it-logconfig:jar:1.0.0 in central (https://repo1.maven.org/maven2)
	at org.moditect.layrry.it.test.ContentNegotiationRemoteIntegrationTest.runLayersFromToml(ContentNegotiationRemoteIntegrationTest.java:58)
Caused by: org.eclipse.aether.resolution.DependencyResolutionException: Could not find artifact org.moditect.layrry.it:it-logconfig:jar:1.0.0 in central (https://repo1.maven.org/maven2)
	at org.moditect.layrry.it.test.ContentNegotiationRemoteIntegrationTest.runLayersFromToml(ContentNegotiationRemoteIntegrationTest.java:58)
Caused by: org.eclipse.aether.resolution.ArtifactResolutionException: Could not find artifact org.moditect.layrry.it:it-logconfig:jar:1.0.0 in central (https://repo1.maven.org/maven2)
	at org.moditect.layrry.it.test.ContentNegotiationRemoteIntegrationTest.runLayersFromToml(ContentNegotiationRemoteIntegrationTest.java:58)
Caused by: org.eclipse.aether.transfer.ArtifactNotFoundException: Could not find artifact org.moditect.layrry.it:it-logconfig:jar:1.0.0 in central (https://repo1.maven.org/maven2)
	at org.moditect.layrry.it.test.ContentNegotiationRemoteIntegrationTest.runLayersFromToml(ContentNegotiationRemoteIntegrationTest.java:58)

[ERROR] org.moditect.layrry.it.test.ContentNegotiationRemoteIntegrationTest.runLayersFromYaml  Time elapsed: 0.149 s  <<< ERROR!
org.jboss.shrinkwrap.resolver.api.NoResolvedResultException: Unable to collect/resolve dependency tree for a resolution due to: Could not find artifact org.moditect.layrry.it:it-logconfig:jar:1.0.0 in central (https://repo1.maven.org/maven2), caused by: Could not find artifact org.moditect.layrry.it:it-logconfig:jar:1.0.0 in central (https://repo1.maven.org/maven2)
	at org.moditect.layrry.it.test.ContentNegotiationRemoteIntegrationTest.runLayersFromYaml(ContentNegotiationRemoteIntegrationTest.java:49)
Caused by: org.eclipse.aether.resolution.DependencyResolutionException: Could not find artifact org.moditect.layrry.it:it-logconfig:jar:1.0.0 in central (https://repo1.maven.org/maven2)
	at org.moditect.layrry.it.test.ContentNegotiationRemoteIntegrationTest.runLayersFromYaml(ContentNegotiationRemoteIntegrationTest.java:49)
Caused by: org.eclipse.aether.resolution.ArtifactResolutionException: Could not find artifact org.moditect.layrry.it:it-logconfig:jar:1.0.0 in central (https://repo1.maven.org/maven2)
	at org.moditect.layrry.it.test.ContentNegotiationRemoteIntegrationTest.runLayersFromYaml(ContentNegotiationRemoteIntegrationTest.java:49)
Caused by: org.eclipse.aether.transfer.ArtifactNotFoundException: Could not find artifact org.moditect.layrry.it:it-logconfig:jar:1.0.0 in central (https://repo1.maven.org/maven2)
	at org.moditect.layrry.it.test.ContentNegotiationRemoteIntegrationTest.runLayersFromYaml(ContentNegotiationRemoteIntegrationTest.java:49)

[INFO] Running org.moditect.layrry.it.test.ContentDispositionRemoteIntegrationTest
[main] INFO org.eclipse.jetty.server.Server - jetty-9.4.41.v20210516; built: 2021-05-16T23:56:28.993Z; git: 98607f93c7833e7dc59489b13f3cb0a114fb9f4c; jvm 11.0.17+8-post-Ubuntu-1ubuntu218.04
[main] INFO org.eclipse.jetty.server.AbstractConnector - Started ServerConnector@460510aa{HTTP/1.1, (http/1.1)}{0.0.0.0:37267}
[main] INFO org.eclipse.jetty.server.Server - Started @1740ms
Jan 17, 2023 8:43:27 PM org.jboss.shrinkwrap.resolver.impl.maven.logging.LogTransferListener transferFailed
WARNING: Failed downloading org/moditect/layrry/it/it-logconfig/1.0.0/it-logconfig-1.0.0.pom from https://repo1.maven.org/maven2/. Reason: 
org.eclipse.aether.transfer.ArtifactNotFoundException: Could not find artifact org.moditect.layrry.it:it-logconfig:pom:1.0.0 in central (https://repo1.maven.org/maven2)
Jan 17, 2023 8:43:27 PM org.jboss.shrinkwrap.resolver.impl.maven.logging.LogRepositoryListener artifactDescriptorMissing
WARNING: Missing artifact descriptor for org.moditect.layrry.it:it-logconfig:jar:1.0.0
Jan 17, 2023 8:43:27 PM org.jboss.shrinkwrap.resolver.impl.maven.logging.LogTransferListener transferFailed
WARNING: Failed downloading org/moditect/layrry/it/it-logconfig/1.0.0/it-logconfig-1.0.0.jar from https://repo1.maven.org/maven2/. Reason: 
org.eclipse.aether.transfer.ArtifactNotFoundException: Could not find artifact org.moditect.layrry.it:it-logconfig:jar:1.0.0 in central (https://repo1.maven.org/maven2)
Jan 17, 2023 8:43:27 PM org.jboss.shrinkwrap.resolver.impl.maven.logging.LogTransferListener transferFailed
WARNING: Failed downloading org/moditect/layrry/it/it-logconfig/1.0.0/it-logconfig-1.0.0.pom from https://repo1.maven.org/maven2/. Reason: 
org.eclipse.aether.transfer.ArtifactNotFoundException: Could not find artifact org.moditect.layrry.it:it-logconfig:pom:1.0.0 in central (https://repo1.maven.org/maven2)
Jan 17, 2023 8:43:27 PM org.jboss.shrinkwrap.resolver.impl.maven.logging.LogRepositoryListener artifactDescriptorMissing
WARNING: Missing artifact descriptor for org.moditect.layrry.it:it-logconfig:jar:1.0.0
Jan 17, 2023 8:43:27 PM org.jboss.shrinkwrap.resolver.impl.maven.logging.LogTransferListener transferFailed
WARNING: Failed downloading org/moditect/layrry/it/it-logconfig/1.0.0/it-logconfig-1.0.0.jar from https://repo1.maven.org/maven2/. Reason: 
org.eclipse.aether.transfer.ArtifactNotFoundException: Could not find artifact org.moditect.layrry.it:it-logconfig:jar:1.0.0 in central (https://repo1.maven.org/maven2)
[main] INFO org.eclipse.jetty.server.AbstractConnector - Stopped ServerConnector@460510aa{HTTP/1.1, (http/1.1)}{0.0.0.0:0}
[ERROR] Tests run: 2, Failures: 0, Errors: 2, Skipped: 0, Time elapsed: 0.179 s <<< FAILURE! - in org.moditect.layrry.it.test.ContentDispositionRemoteIntegrationTest
[ERROR] org.moditect.layrry.it.test.ContentDispositionRemoteIntegrationTest.runLayersFromToml  Time elapsed: 0.076 s  <<< ERROR!
org.jboss.shrinkwrap.resolver.api.NoResolvedResultException: Unable to collect/resolve dependency tree for a resolution due to: Could not find artifact org.moditect.layrry.it:it-logconfig:jar:1.0.0 in central (https://repo1.maven.org/maven2), caused by: Could not find artifact org.moditect.layrry.it:it-logconfig:jar:1.0.0 in central (https://repo1.maven.org/maven2)
	at org.moditect.layrry.it.test.ContentDispositionRemoteIntegrationTest.runLayersFromToml(ContentDispositionRemoteIntegrationTest.java:56)
Caused by: org.eclipse.aether.resolution.DependencyResolutionException: Could not find artifact org.moditect.layrry.it:it-logconfig:jar:1.0.0 in central (https://repo1.maven.org/maven2)
	at org.moditect.layrry.it.test.ContentDispositionRemoteIntegrationTest.runLayersFromToml(ContentDispositionRemoteIntegrationTest.java:56)
Caused by: org.eclipse.aether.resolution.ArtifactResolutionException: Could not find artifact org.moditect.layrry.it:it-logconfig:jar:1.0.0 in central (https://repo1.maven.org/maven2)
	at org.moditect.layrry.it.test.ContentDispositionRemoteIntegrationTest.runLayersFromToml(ContentDispositionRemoteIntegrationTest.java:56)
Caused by: org.eclipse.aether.transfer.ArtifactNotFoundException: Could not find artifact org.moditect.layrry.it:it-logconfig:jar:1.0.0 in central (https://repo1.maven.org/maven2)
	at org.moditect.layrry.it.test.ContentDispositionRemoteIntegrationTest.runLayersFromToml(ContentDispositionRemoteIntegrationTest.java:56)

[ERROR] org.moditect.layrry.it.test.ContentDispositionRemoteIntegrationTest.runLayersFromYaml  Time elapsed: 0.093 s  <<< ERROR!
org.jboss.shrinkwrap.resolver.api.NoResolvedResultException: Unable to collect/resolve dependency tree for a resolution due to: Could not find artifact org.moditect.layrry.it:it-logconfig:jar:1.0.0 in central (https://repo1.maven.org/maven2), caused by: Could not find artifact org.moditect.layrry.it:it-logconfig:jar:1.0.0 in central (https://repo1.maven.org/maven2)
	at org.moditect.layrry.it.test.ContentDispositionRemoteIntegrationTest.runLayersFromYaml(ContentDispositionRemoteIntegrationTest.java:47)
Caused by: org.eclipse.aether.resolution.DependencyResolutionException: Could not find artifact org.moditect.layrry.it:it-logconfig:jar:1.0.0 in central (https://repo1.maven.org/maven2)
	at org.moditect.layrry.it.test.ContentDispositionRemoteIntegrationTest.runLayersFromYaml(ContentDispositionRemoteIntegrationTest.java:47)
Caused by: org.eclipse.aether.resolution.ArtifactResolutionException: Could not find artifact org.moditect.layrry.it:it-logconfig:jar:1.0.0 in central (https://repo1.maven.org/maven2)
	at org.moditect.layrry.it.test.ContentDispositionRemoteIntegrationTest.runLayersFromYaml(ContentDispositionRemoteIntegrationTest.java:47)
Caused by: org.eclipse.aether.transfer.ArtifactNotFoundException: Could not find artifact org.moditect.layrry.it:it-logconfig:jar:1.0.0 in central (https://repo1.maven.org/maven2)
	at org.moditect.layrry.it.test.ContentDispositionRemoteIntegrationTest.runLayersFromYaml(ContentDispositionRemoteIntegrationTest.java:47)

[INFO] Running org.moditect.layrry.it.test.LayrryRemoteIntegrationTest
[main] INFO org.eclipse.jetty.server.Server - jetty-9.4.41.v20210516; built: 2021-05-16T23:56:28.993Z; git: 98607f93c7833e7dc59489b13f3cb0a114fb9f4c; jvm 11.0.17+8-post-Ubuntu-1ubuntu218.04
[main] INFO org.eclipse.jetty.server.AbstractConnector - Started ServerConnector@65a5d4f9{HTTP/1.1, (http/1.1)}{0.0.0.0:46335}
[main] INFO org.eclipse.jetty.server.Server - Started @1928ms
Jan 17, 2023 8:43:27 PM org.jboss.shrinkwrap.resolver.impl.maven.logging.LogTransferListener transferFailed
WARNING: Failed downloading org/moditect/layrry/it/it-logconfig/1.0.0/it-logconfig-1.0.0.pom from https://repo1.maven.org/maven2/. Reason: 
org.eclipse.aether.transfer.ArtifactNotFoundException: Could not find artifact org.moditect.layrry.it:it-logconfig:pom:1.0.0 in central (https://repo1.maven.org/maven2)
Jan 17, 2023 8:43:27 PM org.jboss.shrinkwrap.resolver.impl.maven.logging.LogRepositoryListener artifactDescriptorMissing
WARNING: Missing artifact descriptor for org.moditect.layrry.it:it-logconfig:jar:1.0.0
Jan 17, 2023 8:43:27 PM org.jboss.shrinkwrap.resolver.impl.maven.logging.LogTransferListener transferFailed
WARNING: Failed downloading org/moditect/layrry/it/it-logconfig/1.0.0/it-logconfig-1.0.0.jar from https://repo1.maven.org/maven2/. Reason: 
org.eclipse.aether.transfer.ArtifactNotFoundException: Could not find artifact org.moditect.layrry.it:it-logconfig:jar:1.0.0 in central (https://repo1.maven.org/maven2)
Jan 17, 2023 8:43:27 PM org.jboss.shrinkwrap.resolver.impl.maven.logging.LogTransferListener transferFailed
WARNING: Failed downloading org/moditect/layrry/it/it-logconfig/1.0.0/it-logconfig-1.0.0.pom from https://repo1.maven.org/maven2/. Reason: 
org.eclipse.aether.transfer.ArtifactNotFoundException: Could not find artifact org.moditect.layrry.it:it-logconfig:pom:1.0.0 in central (https://repo1.maven.org/maven2)
Jan 17, 2023 8:43:27 PM org.jboss.shrinkwrap.resolver.impl.maven.logging.LogRepositoryListener artifactDescriptorMissing
WARNING: Missing artifact descriptor for org.moditect.layrry.it:it-logconfig:jar:1.0.0
Jan 17, 2023 8:43:27 PM org.jboss.shrinkwrap.resolver.impl.maven.logging.LogTransferListener transferFailed
WARNING: Failed downloading org/moditect/layrry/it/it-logconfig/1.0.0/it-logconfig-1.0.0.jar from https://repo1.maven.org/maven2/. Reason: 
org.eclipse.aether.transfer.ArtifactNotFoundException: Could not find artifact org.moditect.layrry.it:it-logconfig:jar:1.0.0 in central (https://repo1.maven.org/maven2)
Jan 17, 2023 8:43:27 PM org.jboss.shrinkwrap.resolver.impl.maven.logging.LogTransferListener transferFailed
WARNING: Failed downloading org/moditect/layrry/it/it-logconfig/1.0.0/it-logconfig-1.0.0.pom from https://repo1.maven.org/maven2/. Reason: 
org.eclipse.aether.transfer.ArtifactNotFoundException: Could not find artifact org.moditect.layrry.it:it-logconfig:pom:1.0.0 in central (https://repo1.maven.org/maven2)
Jan 17, 2023 8:43:27 PM org.jboss.shrinkwrap.resolver.impl.maven.logging.LogRepositoryListener artifactDescriptorMissing
WARNING: Missing artifact descriptor for org.moditect.layrry.it:it-logconfig:jar:1.0.0
Jan 17, 2023 8:43:27 PM org.jboss.shrinkwrap.resolver.impl.maven.logging.LogTransferListener transferFailed
WARNING: Failed downloading org/moditect/layrry/it/it-logconfig/1.0.0/it-logconfig-1.0.0.jar from https://repo1.maven.org/maven2/. Reason: 
org.eclipse.aether.transfer.ArtifactNotFoundException: Could not find artifact org.moditect.layrry.it:it-logconfig:jar:1.0.0 in central (https://repo1.maven.org/maven2)
[main] INFO org.eclipse.jetty.server.AbstractConnector - Stopped ServerConnector@65a5d4f9{HTTP/1.1, (http/1.1)}{0.0.0.0:0}
[ERROR] Tests run: 3, Failures: 0, Errors: 3, Skipped: 0, Time elapsed: 0.225 s <<< FAILURE! - in org.moditect.layrry.it.test.LayrryRemoteIntegrationTest
[ERROR] org.moditect.layrry.it.test.LayrryRemoteIntegrationTest.runLayersFromToml  Time elapsed: 0.097 s  <<< ERROR!
org.jboss.shrinkwrap.resolver.api.NoResolvedResultException: Unable to collect/resolve dependency tree for a resolution due to: Could not find artifact org.moditect.layrry.it:it-logconfig:jar:1.0.0 in central (https://repo1.maven.org/maven2), caused by: Could not find artifact org.moditect.layrry.it:it-logconfig:jar:1.0.0 in central (https://repo1.maven.org/maven2)
	at org.moditect.layrry.it.test.LayrryRemoteIntegrationTest.runLayersFromToml(LayrryRemoteIntegrationTest.java:40)
Caused by: org.eclipse.aether.resolution.DependencyResolutionException: Could not find artifact org.moditect.layrry.it:it-logconfig:jar:1.0.0 in central (https://repo1.maven.org/maven2)
	at org.moditect.layrry.it.test.LayrryRemoteIntegrationTest.runLayersFromToml(LayrryRemoteIntegrationTest.java:40)
Caused by: org.eclipse.aether.resolution.ArtifactResolutionException: Could not find artifact org.moditect.layrry.it:it-logconfig:jar:1.0.0 in central (https://repo1.maven.org/maven2)
	at org.moditect.layrry.it.test.LayrryRemoteIntegrationTest.runLayersFromToml(LayrryRemoteIntegrationTest.java:40)
Caused by: org.eclipse.aether.transfer.ArtifactNotFoundException: Could not find artifact org.moditect.layrry.it:it-logconfig:jar:1.0.0 in central (https://repo1.maven.org/maven2)
	at org.moditect.layrry.it.test.LayrryRemoteIntegrationTest.runLayersFromToml(LayrryRemoteIntegrationTest.java:40)

[ERROR] org.moditect.layrry.it.test.LayrryRemoteIntegrationTest.runLayersFromYaml  Time elapsed: 0.061 s  <<< ERROR!
org.jboss.shrinkwrap.resolver.api.NoResolvedResultException: Unable to collect/resolve dependency tree for a resolution due to: Could not find artifact org.moditect.layrry.it:it-logconfig:jar:1.0.0 in central (https://repo1.maven.org/maven2), caused by: Could not find artifact org.moditect.layrry.it:it-logconfig:jar:1.0.0 in central (https://repo1.maven.org/maven2)
	at org.moditect.layrry.it.test.LayrryRemoteIntegrationTest.runLayersFromYaml(LayrryRemoteIntegrationTest.java:31)
Caused by: org.eclipse.aether.resolution.DependencyResolutionException: Could not find artifact org.moditect.layrry.it:it-logconfig:jar:1.0.0 in central (https://repo1.maven.org/maven2)
	at org.moditect.layrry.it.test.LayrryRemoteIntegrationTest.runLayersFromYaml(LayrryRemoteIntegrationTest.java:31)
Caused by: org.eclipse.aether.resolution.ArtifactResolutionException: Could not find artifact org.moditect.layrry.it:it-logconfig:jar:1.0.0 in central (https://repo1.maven.org/maven2)
	at org.moditect.layrry.it.test.LayrryRemoteIntegrationTest.runLayersFromYaml(LayrryRemoteIntegrationTest.java:31)
Caused by: org.eclipse.aether.transfer.ArtifactNotFoundException: Could not find artifact org.moditect.layrry.it:it-logconfig:jar:1.0.0 in central (https://repo1.maven.org/maven2)
	at org.moditect.layrry.it.test.LayrryRemoteIntegrationTest.runLayersFromYaml(LayrryRemoteIntegrationTest.java:31)

[ERROR] org.moditect.layrry.it.test.LayrryRemoteIntegrationTest.runVersionedLayersFromYaml  Time elapsed: 0.058 s  <<< ERROR!
org.jboss.shrinkwrap.resolver.api.NoResolvedResultException: Unable to collect/resolve dependency tree for a resolution due to: Could not find artifact org.moditect.layrry.it:it-logconfig:jar:1.0.0 in central (https://repo1.maven.org/maven2), caused by: Could not find artifact org.moditect.layrry.it:it-logconfig:jar:1.0.0 in central (https://repo1.maven.org/maven2)
	at org.moditect.layrry.it.test.LayrryRemoteIntegrationTest.runVersionedLayersFromYaml(LayrryRemoteIntegrationTest.java:49)
Caused by: org.eclipse.aether.resolution.DependencyResolutionException: Could not find artifact org.moditect.layrry.it:it-logconfig:jar:1.0.0 in central (https://repo1.maven.org/maven2)
	at org.moditect.layrry.it.test.LayrryRemoteIntegrationTest.runVersionedLayersFromYaml(LayrryRemoteIntegrationTest.java:49)
Caused by: org.eclipse.aether.resolution.ArtifactResolutionException: Could not find artifact org.moditect.layrry.it:it-logconfig:jar:1.0.0 in central (https://repo1.maven.org/maven2)
	at org.moditect.layrry.it.test.LayrryRemoteIntegrationTest.runVersionedLayersFromYaml(LayrryRemoteIntegrationTest.java:49)
Caused by: org.eclipse.aether.transfer.ArtifactNotFoundException: Could not find artifact org.moditect.layrry.it:it-logconfig:jar:1.0.0 in central (https://repo1.maven.org/maven2)
	at org.moditect.layrry.it.test.LayrryRemoteIntegrationTest.runVersionedLayersFromYaml(LayrryRemoteIntegrationTest.java:49)

[INFO] 
[INFO] Results:
[INFO] 
[ERROR] Errors: 
[ERROR]   ContentDispositionRemoteIntegrationTest.runLayersFromToml:56  NoResolvedResult
[ERROR]   ContentDispositionRemoteIntegrationTest.runLayersFromYaml:47  NoResolvedResult
[ERROR]   ContentNegotiationRemoteIntegrationTest.runLayersFromToml:58  NoResolvedResult
[ERROR]   ContentNegotiationRemoteIntegrationTest.runLayersFromYaml:49  NoResolvedResult
[ERROR]   LayrryRemoteIntegrationTest.runLayersFromToml:40  NoResolvedResult Unable to ...
[ERROR]   LayrryRemoteIntegrationTest.runLayersFromYaml:31  NoResolvedResult Unable to ...
[ERROR]   LayrryRemoteIntegrationTest.runVersionedLayersFromYaml:49  NoResolvedResult U...
[INFO] 
[ERROR] Tests run: 7, Failures: 0, Errors: 7, Skipped: 0
[INFO] 
[INFO] ------------------------------------------------------------------------
[INFO] Reactor Summary:
[INFO] 
[INFO] Layrry Aggregator 1.0.0-SNAPSHOT ................... SUCCESS [  0.498 s]
[INFO] Layrry Platform 1.0.0-SNAPSHOT ..................... SUCCESS [  4.845 s]
[INFO] Layrry Config 1.0.0-SNAPSHOT ....................... SUCCESS [  2.869 s]
[INFO] YAML config support for Layrry 1.0.0-SNAPSHOT ...... SUCCESS [  2.325 s]
[INFO] TOML config support for Layrry 1.0.0-SNAPSHOT ...... SUCCESS [  2.721 s]
[INFO] Layrry Core 1.0.0-SNAPSHOT ......................... SUCCESS [  3.575 s]
[INFO] Layrry Launcher 1.0.0-SNAPSHOT ..................... SUCCESS [  2.310 s]
[INFO] Layrry Integration Test - Aggregator 1.0.0-SNAPSHOT  SUCCESS [  0.006 s]
[INFO] Layrry Integration Test - Greeter 1.0.0 ............ SUCCESS [  2.021 s]
[INFO] Layrry Integration Test - Greeter 2.0.0 ............ SUCCESS [  2.104 s]
[INFO] Layrry Integration Test - Foo 1.0.0 ................ SUCCESS [  2.024 s]
[INFO] Layrry Integration Test - Bar 1.0.0 ................ SUCCESS [  2.052 s]
[INFO] Layrry Integration Test - App 1.0.0 ................ SUCCESS [  2.164 s]
[INFO] Layrry Integration Test - Log Config 1.0.0 ......... SUCCESS [  2.032 s]
[INFO] Layrry Integration Test - Runner 1.0.0-SNAPSHOT .... FAILURE [  4.837 s]
[INFO] Layrry Example Aggregator 1.0.0-SNAPSHOT ........... SKIPPED
[INFO] Layrry Plug-in Example 1.0.0-SNAPSHOT .............. SKIPPED
[INFO] Geeter API 1.0.0 ................................... SKIPPED
[INFO] Greeter Date Util 1.0.0 ............................ SKIPPED
[INFO] Greeter Date Util 2.0.0 ............................ SKIPPED
[INFO] Greeter EN 1.0.0 ................................... SKIPPED
[INFO] Greeter DE 1.0.0 ................................... SKIPPED
[INFO] Greeter FR 1.0.0 ................................... SKIPPED
[INFO] Layrry Plugin Example Runner 1.0.0-SNAPSHOT ........ SKIPPED
[INFO] Layrry Links Example 1.0.0-SNAPSHOT ................ SKIPPED
[INFO] Layrry Links Log Configuration 1.0.0 ............... SKIPPED
[INFO] Layrry Links Core 1.0.0 ............................ SKIPPED
[INFO] Layrry Links Membership Plug-in 1.0.0 .............. SKIPPED
[INFO] Layrry Links Tournament Plug-in 1.0.0 .............. SKIPPED
[INFO] Layrry Links Greenkeeping Plug-in 1.0.0 ............ SKIPPED
[INFO] Layrry Links Runner 1.0.0-SNAPSHOT ................. SKIPPED
[INFO] ------------------------------------------------------------------------
[INFO] BUILD FAILURE
[INFO] ------------------------------------------------------------------------
[INFO] Total time:  36.573 s
[INFO] Finished at: 2023-01-17T20:43:27Z
[INFO] ------------------------------------------------------------------------
[ERROR] Failed to execute goal org.apache.maven.plugins:maven-surefire-plugin:3.0.0-M5:test (default-test) on project layrry-integrationtest-runner: There are test failures.
[ERROR] 
[ERROR] Please refer to /home/gabsko/breaking-updates/integration-test/it-runner/target/surefire-reports for the individual test results.
[ERROR] Please refer to dump files (if any exist) [date].dump, [date]-jvmRun[N].dump and [date].dumpstream.
[ERROR] -> [Help 1]
[ERROR] 
[ERROR] To see the full stack trace of the errors, re-run Maven with the -e switch.
[ERROR] Re-run Maven using the -X switch to enable full debug logging.
[ERROR] 
[ERROR] For more information about the errors and possible solutions, please read the following articles:
[ERROR] [Help 1] http://cwiki.apache.org/confluence/display/MAVEN/MojoFailureException
[ERROR] 
[ERROR] After correcting the problems, you can resume the build with the command
[ERROR]   mvn <args> -rf :layrry-integrationtest-runner
