[INFO] Scanning for projects...
[INFO] ------------------------------------------------------------------------
[INFO] Reactor Build Order:
[INFO] 
[INFO] Quarkus - Logging Cloudwatch - Parent                              [pom]
[INFO] Quarkus - Logging Cloudwatch - Runtime                             [jar]
[INFO] Quarkus - Logging Cloudwatch - Deployment                          [jar]
[INFO] Quarkus - Logging Cloudwatch - Integration Tests                   [jar]
[INFO] 
[INFO] --< io.quarkiverse.logging.cloudwatch:quarkus-logging-cloudwatch-parent >--
[INFO] Building Quarkus - Logging Cloudwatch - Parent 1.0.0-SNAPSHOT      [1/4]
[INFO] --------------------------------[ pom ]---------------------------------
[INFO] 
[INFO] --- maven-clean-plugin:3.1.0:clean (default-clean) @ quarkus-logging-cloudwatch-parent ---
[INFO] Deleting /home/gabsko/breaking-updates/target
[INFO] 
[INFO] --- maven-enforcer-plugin:3.0.0-M3:enforce (enforce-java-version) @ quarkus-logging-cloudwatch-parent ---
[INFO] 
[INFO] --- maven-enforcer-plugin:3.0.0-M3:enforce (enforce-maven-version) @ quarkus-logging-cloudwatch-parent ---
[INFO] 
[INFO] --- buildnumber-maven-plugin:1.4:create (get-scm-revision) @ quarkus-logging-cloudwatch-parent ---
[INFO] Executing: /bin/sh -c cd '/home/gabsko/breaking-updates' && 'git' 'rev-parse' '--verify' 'HEAD'
[INFO] Working directory: /home/gabsko/breaking-updates
[INFO] Storing buildNumber: 1853781ec4cee62ed238c5898978901281b9ef99 at timestamp: 1673994031518
[WARNING] Cannot get the branch information from the git repository: 
Detecting the current branch failed: fatal: ref HEAD is not a symbolic ref

[INFO] Executing: /bin/sh -c cd '/home/gabsko/breaking-updates' && 'git' 'rev-parse' '--verify' 'HEAD'
[INFO] Working directory: /home/gabsko/breaking-updates
[INFO] Storing buildScmBranch: UNKNOWN
[INFO] 
[INFO] --- formatter-maven-plugin:2.15.0:format (default) @ quarkus-logging-cloudwatch-parent ---
[INFO] Using 'UTF-8' encoding to format source files.
[INFO] Number of files to be formatted: 0
[INFO] 
[INFO] --- impsort-maven-plugin:1.6.0:sort (sort-imports) @ quarkus-logging-cloudwatch-parent ---
[INFO] Processed 0 files in 00:00.002 (Already Sorted: 0, Needed Sorting: 0)
[INFO] 
[INFO] ----< io.quarkiverse.logging.cloudwatch:quarkus-logging-cloudwatch >----
[INFO] Building Quarkus - Logging Cloudwatch - Runtime 1.0.0-SNAPSHOT     [2/4]
[INFO] --------------------------------[ jar ]---------------------------------
[INFO] 
[INFO] --- maven-clean-plugin:3.1.0:clean (default-clean) @ quarkus-logging-cloudwatch ---
[INFO] Deleting /home/gabsko/breaking-updates/runtime/target
[INFO] 
[INFO] --- maven-enforcer-plugin:3.0.0-M3:enforce (enforce-java-version) @ quarkus-logging-cloudwatch ---
[INFO] 
[INFO] --- maven-enforcer-plugin:3.0.0-M3:enforce (enforce-maven-version) @ quarkus-logging-cloudwatch ---
[INFO] 
[INFO] --- buildnumber-maven-plugin:1.4:create (get-scm-revision) @ quarkus-logging-cloudwatch ---
[INFO] 
[INFO] --- formatter-maven-plugin:2.15.0:format (default) @ quarkus-logging-cloudwatch ---
[INFO] Using 'UTF-8' encoding to format source files.
[INFO] Number of files to be formatted: 6
[INFO] Successfully formatted:          0 file(s)
[INFO] Fail to format:                  0 file(s)
[INFO] Skipped:                         6 file(s)
[INFO] Read only skipped:               0 file(s)
[INFO] Approximate time taken:          0s
[INFO] 
[INFO] --- impsort-maven-plugin:1.6.0:sort (sort-imports) @ quarkus-logging-cloudwatch ---
[INFO] Processed 6 files in 00:00.224 (Already Sorted: 6, Needed Sorting: 0)
[INFO] 
[INFO] --- maven-resources-plugin:3.1.0:resources (default-resources) @ quarkus-logging-cloudwatch ---
[INFO] Using 'UTF-8' encoding to copy filtered resources.
[INFO] Copying 1 resource
[INFO] 
[INFO] --- maven-compiler-plugin:3.8.1:compile (default-compile) @ quarkus-logging-cloudwatch ---
[INFO] Changes detected - recompiling the module!
[INFO] Compiling 5 source files to /home/gabsko/breaking-updates/runtime/target/classes
[WARNING] bootstrap class path not set in conjunction with -source 8
[INFO] 
[INFO] --- quarkus-bootstrap-maven-plugin:2.0.0.Alpha1:extension-descriptor (default) @ quarkus-logging-cloudwatch ---
[INFO] 
[INFO] --- maven-resources-plugin:3.1.0:testResources (default-testResources) @ quarkus-logging-cloudwatch ---
[INFO] Using 'UTF-8' encoding to copy filtered resources.
[INFO] skip non existing resourceDirectory /home/gabsko/breaking-updates/runtime/src/test/resources
[INFO] 
[INFO] --- maven-compiler-plugin:3.8.1:testCompile (default-testCompile) @ quarkus-logging-cloudwatch ---
[INFO] Changes detected - recompiling the module!
[INFO] Compiling 1 source file to /home/gabsko/breaking-updates/runtime/target/test-classes
[WARNING] bootstrap class path not set in conjunction with -source 8
[INFO] 
[INFO] --- maven-surefire-plugin:2.22.2:test (default-test) @ quarkus-logging-cloudwatch ---
[INFO] 
[INFO] -------------------------------------------------------
[INFO]  T E S T S
[INFO] -------------------------------------------------------
[INFO] 
[INFO] Results:
[INFO] 
[INFO] Tests run: 0, Failures: 0, Errors: 0, Skipped: 0
[INFO] 
[INFO] 
[INFO] --< io.quarkiverse.logging.cloudwatch:quarkus-logging-cloudwatch-deployment >--
[INFO] Building Quarkus - Logging Cloudwatch - Deployment 1.0.0-SNAPSHOT  [3/4]
[INFO] --------------------------------[ jar ]---------------------------------
[INFO] Downloading from central: https://repo.maven.apache.org/maven2/io/quarkus/quarkus-junit5-internal/2.0.0.Alpha1/quarkus-junit5-internal-2.0.0.Alpha1.jar
[INFO] Downloading from central: https://repo.maven.apache.org/maven2/io/quarkus/quarkus-jsonp/2.0.0.Alpha1/quarkus-jsonp-2.0.0.Alpha1.jar
[INFO] Downloading from central: https://repo.maven.apache.org/maven2/io/quarkus/quarkus-test-common/2.0.0.Alpha1/quarkus-test-common-2.0.0.Alpha1.jar
[INFO] Downloading from central: https://repo.maven.apache.org/maven2/io/quarkus/quarkus-jsonp-deployment/2.0.0.Alpha1/quarkus-jsonp-deployment-2.0.0.Alpha1.jar
[INFO] Downloaded from central: https://repo.maven.apache.org/maven2/io/quarkus/quarkus-jsonp/2.0.0.Alpha1/quarkus-jsonp-2.0.0.Alpha1.jar (2.9 kB at 6.5 kB/s)
[INFO] Downloaded from central: https://repo.maven.apache.org/maven2/io/quarkus/quarkus-junit5-internal/2.0.0.Alpha1/quarkus-junit5-internal-2.0.0.Alpha1.jar (54 kB at 114 kB/s)
[INFO] Downloaded from central: https://repo.maven.apache.org/maven2/io/quarkus/quarkus-test-common/2.0.0.Alpha1/quarkus-test-common-2.0.0.Alpha1.jar (66 kB at 141 kB/s)
[INFO] Downloaded from central: https://repo.maven.apache.org/maven2/io/quarkus/quarkus-jsonp-deployment/2.0.0.Alpha1/quarkus-jsonp-deployment-2.0.0.Alpha1.jar (3.8 kB at 6.8 kB/s)
[INFO] 
[INFO] --- maven-clean-plugin:3.1.0:clean (default-clean) @ quarkus-logging-cloudwatch-deployment ---
[INFO] Deleting /home/gabsko/breaking-updates/deployment/target
[INFO] 
[INFO] --- maven-enforcer-plugin:3.0.0-M3:enforce (enforce-java-version) @ quarkus-logging-cloudwatch-deployment ---
[INFO] 
[INFO] --- maven-enforcer-plugin:3.0.0-M3:enforce (enforce-maven-version) @ quarkus-logging-cloudwatch-deployment ---
[INFO] 
[INFO] --- buildnumber-maven-plugin:1.4:create (get-scm-revision) @ quarkus-logging-cloudwatch-deployment ---
[INFO] 
[INFO] --- formatter-maven-plugin:2.15.0:format (default) @ quarkus-logging-cloudwatch-deployment ---
[INFO] Using 'UTF-8' encoding to format source files.
[INFO] Number of files to be formatted: 3
[INFO] Successfully formatted:          0 file(s)
[INFO] Fail to format:                  0 file(s)
[INFO] Skipped:                         3 file(s)
[INFO] Read only skipped:               0 file(s)
[INFO] Approximate time taken:          0s
[INFO] 
[INFO] --- impsort-maven-plugin:1.6.0:sort (sort-imports) @ quarkus-logging-cloudwatch-deployment ---
[INFO] Processed 3 files in 00:00.010 (Already Sorted: 3, Needed Sorting: 0)
[INFO] 
[INFO] --- maven-resources-plugin:3.1.0:resources (default-resources) @ quarkus-logging-cloudwatch-deployment ---
[INFO] Using 'UTF-8' encoding to copy filtered resources.
[INFO] skip non existing resourceDirectory /home/gabsko/breaking-updates/deployment/src/main/resources
[INFO] 
[INFO] --- maven-compiler-plugin:3.8.1:compile (default-compile) @ quarkus-logging-cloudwatch-deployment ---
[INFO] Changes detected - recompiling the module!
[INFO] Compiling 1 source file to /home/gabsko/breaking-updates/deployment/target/classes
[WARNING] bootstrap class path not set in conjunction with -source 8
[INFO] 
[INFO] --- maven-resources-plugin:3.1.0:testResources (default-testResources) @ quarkus-logging-cloudwatch-deployment ---
[INFO] Using 'UTF-8' encoding to copy filtered resources.
[INFO] Copying 1 resource
[INFO] 
[INFO] --- maven-compiler-plugin:3.8.1:testCompile (default-testCompile) @ quarkus-logging-cloudwatch-deployment ---
[INFO] Changes detected - recompiling the module!
[INFO] Compiling 2 source files to /home/gabsko/breaking-updates/deployment/target/test-classes
[WARNING] bootstrap class path not set in conjunction with -source 8
[INFO] 
[INFO] --- maven-surefire-plugin:2.22.2:test (default-test) @ quarkus-logging-cloudwatch-deployment ---
[INFO] 
[INFO] -------------------------------------------------------
[INFO]  T E S T S
[INFO] -------------------------------------------------------
[INFO] Running io.quarkiverse.logging.cloudwatch.test.LoggingCloudwatchTest
Downloading from central: https://repo.maven.apache.org/maven2/io/quarkus/quarkus-bom-quarkus-platform-properties/2.0.0.Alpha1/quarkus-bom-quarkus-platform-properties-2.0.0.Alpha1.properties
Progress (1): quarkus-bom-quarkus-platform-properties-2.0.0.Alpha1.properties (90 B)                                                                                    Downloaded from central: https://repo.maven.apache.org/maven2/io/quarkus/quarkus-bom-quarkus-platform-properties/2.0.0.Alpha1/quarkus-bom-quarkus-platform-properties-2.0.0.Alpha1.properties (90 B at 174 B/s)
2023-01-17 22:20:39,824 WARN  [io.qua.config] (main) Unrecognized configuration key "quarkus.log.cloudwatch.enabled" was provided; it will be ignored; verify that the dependency extension for this configuration is set or that you did not make a typo
2023-01-17 22:20:39,905 INFO  [io.quarkus] (main) Quarkus 2.0.0.Alpha1 on JVM started in 0.120s. 
2023-01-17 22:20:39,905 INFO  [io.quarkus] (main) Profile test activated. 
2023-01-17 22:20:39,906 INFO  [io.quarkus] (main) Installed features: [cdi, logging-cloudwatch]
2023-01-17 22:20:39,929 INFO  [io.quarkus] (main) Quarkus stopped in 0.002s
[INFO] Tests run: 1, Failures: 0, Errors: 0, Skipped: 0, Time elapsed: 2.677 s - in io.quarkiverse.logging.cloudwatch.test.LoggingCloudwatchTest
[INFO] Running io.quarkiverse.logging.cloudwatch.test.LoggingCloudwatchDevModeTest
__  ____  __  _____   ___  __ ____  ______ 
 --/ __ \/ / / / _ | / _ \/ //_/ / / / __/ 
 -/ /_/ / /_/ / __ |/ , _/ ,< / /_/ /\ \   
--\___\_\____/_/ |_/_/|_/_/|_|\____/___/   
2023-01-17 22:20:40,973 WARN  [io.qua.config] (Quarkus Main Thread) Unrecognized configuration key "quarkus.log.cloudwatch.enabled" was provided; it will be ignored; verify that the dependency extension for this configuration is set or that you did not make a typo
2023-01-17 22:20:41,015 WARN  [io.qua.config] (Quarkus Main Thread) Unrecognized configuration key "quarkus.log.cloudwatch.enabled" was provided; it will be ignored; verify that the dependency extension for this configuration is set or that you did not make a typo
2023-01-17 22:20:41,042 INFO  [io.quarkus] (Quarkus Main Thread) Quarkus 2.0.0.Alpha1 on JVM started in 0.647s. 
2023-01-17 22:20:41,042 INFO  [io.quarkus] (Quarkus Main Thread) Profile dev activated. Live Coding activated.
2023-01-17 22:20:41,043 INFO  [io.quarkus] (Quarkus Main Thread) Installed features: [cdi, logging-cloudwatch]
2023-01-17 22:20:41,125 INFO  [io.quarkus] (Quarkus Main Thread) Quarkus stopped in 0.079s
[INFO] Tests run: 1, Failures: 0, Errors: 0, Skipped: 0, Time elapsed: 1.178 s - in io.quarkiverse.logging.cloudwatch.test.LoggingCloudwatchDevModeTest
[INFO] 
[INFO] Results:
[INFO] 
[INFO] Tests run: 2, Failures: 0, Errors: 0, Skipped: 0
[INFO] 
[INFO] 
[INFO] --< io.quarkiverse.logging.cloudwatch:quarkus-logging-cloudwatch-integration-tests >--
[INFO] Building Quarkus - Logging Cloudwatch - Integration Tests 1.0.0-SNAPSHOT [4/4]
[INFO] --------------------------------[ jar ]---------------------------------
[INFO] Downloading from central: https://repo.maven.apache.org/maven2/org/testcontainers/localstack/1.15.3/localstack-1.15.3.jar
[INFO] Downloading from central: https://repo.maven.apache.org/maven2/io/quarkus/quarkus-junit5/2.0.0.Alpha1/quarkus-junit5-2.0.0.Alpha1.jar
[INFO] Downloading from central: https://repo.maven.apache.org/maven2/io/quarkus/quarkus-datasource-deployment-spi/2.0.0.Alpha1/quarkus-datasource-deployment-spi-2.0.0.Alpha1.jar
[INFO] Downloading from central: https://repo.maven.apache.org/maven2/io/quarkus/quarkus-datasource-common/2.0.0.Alpha1/quarkus-datasource-common-2.0.0.Alpha1.jar
[INFO] Downloading from central: https://repo.maven.apache.org/maven2/io/quarkus/quarkus-mongodb-client-deployment-spi/2.0.0.Alpha1/quarkus-mongodb-client-deployment-spi-2.0.0.Alpha1.jar
[INFO] Downloaded from central: https://repo.maven.apache.org/maven2/org/testcontainers/localstack/1.15.3/localstack-1.15.3.jar (7.9 kB at 609 kB/s)
[INFO] Downloading from central: https://repo.maven.apache.org/maven2/com/amazonaws/aws-java-sdk-s3/1.11.946/aws-java-sdk-s3-1.11.946.jar
[INFO] Downloaded from central: https://repo.maven.apache.org/maven2/io/quarkus/quarkus-mongodb-client-deployment-spi/2.0.0.Alpha1/quarkus-mongodb-client-deployment-spi-2.0.0.Alpha1.jar (4.3 kB at 22 kB/s)
[INFO] Downloading from central: https://repo.maven.apache.org/maven2/com/amazonaws/aws-java-sdk-kms/1.11.836/aws-java-sdk-kms-1.11.836.jar
[INFO] Downloaded from central: https://repo.maven.apache.org/maven2/io/quarkus/quarkus-datasource-deployment-spi/2.0.0.Alpha1/quarkus-datasource-deployment-spi-2.0.0.Alpha1.jar (15 kB at 76 kB/s)
[INFO] Downloaded from central: https://repo.maven.apache.org/maven2/io/quarkus/quarkus-datasource-common/2.0.0.Alpha1/quarkus-datasource-common-2.0.0.Alpha1.jar (6.7 kB at 24 kB/s)
[INFO] Downloaded from central: https://repo.maven.apache.org/maven2/io/quarkus/quarkus-junit5/2.0.0.Alpha1/quarkus-junit5-2.0.0.Alpha1.jar (87 kB at 296 kB/s)
[INFO] Downloaded from central: https://repo.maven.apache.org/maven2/com/amazonaws/aws-java-sdk-s3/1.11.946/aws-java-sdk-s3-1.11.946.jar (1.2 MB at 3.4 MB/s)
[INFO] Downloaded from central: https://repo.maven.apache.org/maven2/com/amazonaws/aws-java-sdk-kms/1.11.836/aws-java-sdk-kms-1.11.836.jar (592 kB at 1.3 MB/s)
[INFO] 
[INFO] --- maven-clean-plugin:3.1.0:clean (default-clean) @ quarkus-logging-cloudwatch-integration-tests ---
[INFO] Deleting /home/gabsko/breaking-updates/integration-tests/target
[INFO] 
[INFO] --- maven-enforcer-plugin:3.0.0-M3:enforce (enforce-java-version) @ quarkus-logging-cloudwatch-integration-tests ---
[INFO] 
[INFO] --- maven-enforcer-plugin:3.0.0-M3:enforce (enforce-maven-version) @ quarkus-logging-cloudwatch-integration-tests ---
[INFO] 
[INFO] --- buildnumber-maven-plugin:1.4:create (get-scm-revision) @ quarkus-logging-cloudwatch-integration-tests ---
[INFO] 
[INFO] --- formatter-maven-plugin:2.15.0:format (default) @ quarkus-logging-cloudwatch-integration-tests ---
[INFO] Using 'UTF-8' encoding to format source files.
[INFO] Number of files to be formatted: 4
[INFO] Successfully formatted:          0 file(s)
[INFO] Fail to format:                  0 file(s)
[INFO] Skipped:                         4 file(s)
[INFO] Read only skipped:               0 file(s)
[INFO] Approximate time taken:          0s
[INFO] 
[INFO] --- impsort-maven-plugin:1.6.0:sort (sort-imports) @ quarkus-logging-cloudwatch-integration-tests ---
[INFO] Processed 4 files in 00:00.010 (Already Sorted: 4, Needed Sorting: 0)
[INFO] 
[INFO] --- maven-resources-plugin:3.1.0:resources (default-resources) @ quarkus-logging-cloudwatch-integration-tests ---
[INFO] Using 'UTF-8' encoding to copy filtered resources.
[INFO] skip non existing resourceDirectory /home/gabsko/breaking-updates/integration-tests/src/main/resources
[INFO] 
[INFO] --- maven-compiler-plugin:3.8.1:compile (default-compile) @ quarkus-logging-cloudwatch-integration-tests ---
[INFO] Changes detected - recompiling the module!
[INFO] Compiling 1 source file to /home/gabsko/breaking-updates/integration-tests/target/classes
[WARNING] bootstrap class path not set in conjunction with -source 8
[INFO] 
[INFO] --- maven-resources-plugin:3.1.0:testResources (default-testResources) @ quarkus-logging-cloudwatch-integration-tests ---
[INFO] Using 'UTF-8' encoding to copy filtered resources.
[INFO] Copying 1 resource
[INFO] 
[INFO] --- maven-compiler-plugin:3.8.1:testCompile (default-testCompile) @ quarkus-logging-cloudwatch-integration-tests ---
[INFO] Changes detected - recompiling the module!
[INFO] Compiling 3 source files to /home/gabsko/breaking-updates/integration-tests/target/test-classes
[WARNING] bootstrap class path not set in conjunction with -source 8
[INFO] 
[INFO] --- maven-surefire-plugin:2.22.2:test (default-test) @ quarkus-logging-cloudwatch-integration-tests ---
[INFO] 
[INFO] -------------------------------------------------------
[INFO]  T E S T S
[INFO] -------------------------------------------------------
[INFO] Running io.quarkiverse.logging.cloudwatch.it.LoggingCloudwatchHandlerResourceTest
Downloading from central: https://repo.maven.apache.org/maven2/io/quarkus/quarkus-resteasy-deployment/2.0.0.Alpha1/quarkus-resteasy-deployment-2.0.0.Alpha1.pom
Progress (1): quarkus-resteasy-deployment-2.0.0.Alpha1.pom (2.7/3.8 kB)Progress (1): quarkus-resteasy-deployment-2.0.0.Alpha1.pom (3.8 kB)                                                                       Downloaded from central: https://repo.maven.apache.org/maven2/io/quarkus/quarkus-resteasy-deployment/2.0.0.Alpha1/quarkus-resteasy-deployment-2.0.0.Alpha1.pom (3.8 kB at 11 kB/s)
Downloading from central: https://repo.maven.apache.org/maven2/io/quarkus/quarkus-resteasy-server-common-deployment/2.0.0.Alpha1/quarkus-resteasy-server-common-deployment-2.0.0.Alpha1.pom
Progress (1): quarkus-resteasy-server-common-deployment-2.0.0.Alpha1.pom (2.2 kB)                                                                                 Downloaded from central: https://repo.maven.apache.org/maven2/io/quarkus/quarkus-resteasy-server-common-deployment/2.0.0.Alpha1/quarkus-resteasy-server-common-deployment-2.0.0.Alpha1.pom (2.2 kB at 7.5 kB/s)
Downloading from central: https://repo.maven.apache.org/maven2/io/quarkus/quarkus-resteasy-common-deployment/2.0.0.Alpha1/quarkus-resteasy-common-deployment-2.0.0.Alpha1.pom
Progress (1): quarkus-resteasy-common-deployment-2.0.0.Alpha1.pom (1.8 kB)                                                                          Downloaded from central: https://repo.maven.apache.org/maven2/io/quarkus/quarkus-resteasy-common-deployment/2.0.0.Alpha1/quarkus-resteasy-common-deployment-2.0.0.Alpha1.pom (1.8 kB at 8.5 kB/s)
Downloading from central: https://repo.maven.apache.org/maven2/io/quarkus/quarkus-resteasy-common-spi/2.0.0.Alpha1/quarkus-resteasy-common-spi-2.0.0.Alpha1.pom
Progress (1): quarkus-resteasy-common-spi-2.0.0.Alpha1.pom (777 B)                                                                  Downloaded from central: https://repo.maven.apache.org/maven2/io/quarkus/quarkus-resteasy-common-spi/2.0.0.Alpha1/quarkus-resteasy-common-spi-2.0.0.Alpha1.pom (777 B at 5.8 kB/s)
Downloading from central: https://repo.maven.apache.org/maven2/io/quarkus/quarkus-resteasy-server-common-spi/2.0.0.Alpha1/quarkus-resteasy-server-common-spi-2.0.0.Alpha1.pom
Progress (1): quarkus-resteasy-server-common-spi-2.0.0.Alpha1.pom (890 B)                                                                         Downloaded from central: https://repo.maven.apache.org/maven2/io/quarkus/quarkus-resteasy-server-common-spi/2.0.0.Alpha1/quarkus-resteasy-server-common-spi-2.0.0.Alpha1.pom (890 B at 4.6 kB/s)
Downloading from central: https://repo.maven.apache.org/maven2/io/quarkus/quarkus-undertow-spi/2.0.0.Alpha1/quarkus-undertow-spi-2.0.0.Alpha1.pom
Progress (1): quarkus-undertow-spi-2.0.0.Alpha1.pom (2.0 kB)                                                            Downloaded from central: https://repo.maven.apache.org/maven2/io/quarkus/quarkus-undertow-spi/2.0.0.Alpha1/quarkus-undertow-spi-2.0.0.Alpha1.pom (2.0 kB at 7.5 kB/s)
Downloading from central: https://repo.maven.apache.org/maven2/io/quarkus/quarkus-http-parent/2.0.0.Alpha1/quarkus-http-parent-2.0.0.Alpha1.pom
Progress (1): quarkus-http-parent-2.0.0.Alpha1.pom (770 B)                                                          Downloaded from central: https://repo.maven.apache.org/maven2/io/quarkus/quarkus-http-parent/2.0.0.Alpha1/quarkus-http-parent-2.0.0.Alpha1.pom (770 B at 4.6 kB/s)
Downloading from central: https://repo.maven.apache.org/maven2/io/quarkus/http/quarkus-http-servlet/4.0.0.Alpha4/quarkus-http-servlet-4.0.0.Alpha4.pom
Progress (1): quarkus-http-servlet-4.0.0.Alpha4.pom (2.7/19 kB)Progress (1): quarkus-http-servlet-4.0.0.Alpha4.pom (5.5/19 kB)Progress (1): quarkus-http-servlet-4.0.0.Alpha4.pom (8.2/19 kB)Progress (1): quarkus-http-servlet-4.0.0.Alpha4.pom (11/19 kB) Progress (1): quarkus-http-servlet-4.0.0.Alpha4.pom (14/19 kB)Progress (1): quarkus-http-servlet-4.0.0.Alpha4.pom (16/19 kB)Progress (1): quarkus-http-servlet-4.0.0.Alpha4.pom (19/19 kB)Progress (1): quarkus-http-servlet-4.0.0.Alpha4.pom (19 kB)                                                              Downloaded from central: https://repo.maven.apache.org/maven2/io/quarkus/http/quarkus-http-servlet/4.0.0.Alpha4/quarkus-http-servlet-4.0.0.Alpha4.pom (19 kB at 127 kB/s)
Downloading from central: https://repo.maven.apache.org/maven2/io/quarkus/http/quarkus-http-parent/4.0.0.Alpha4/quarkus-http-parent-4.0.0.Alpha4.pom
Progress (1): quarkus-http-parent-4.0.0.Alpha4.pom (2.7/30 kB)Progress (1): quarkus-http-parent-4.0.0.Alpha4.pom (5.5/30 kB)Progress (1): quarkus-http-parent-4.0.0.Alpha4.pom (8.2/30 kB)Progress (1): quarkus-http-parent-4.0.0.Alpha4.pom (11/30 kB) Progress (1): quarkus-http-parent-4.0.0.Alpha4.pom (14/30 kB)Progress (1): quarkus-http-parent-4.0.0.Alpha4.pom (16/30 kB)Progress (1): quarkus-http-parent-4.0.0.Alpha4.pom (20/30 kB)Progress (1): quarkus-http-parent-4.0.0.Alpha4.pom (24/30 kB)Progress (1): quarkus-http-parent-4.0.0.Alpha4.pom (28/30 kB)Progress (1): quarkus-http-parent-4.0.0.Alpha4.pom (30 kB)                                                             Downloaded from central: https://repo.maven.apache.org/maven2/io/quarkus/http/quarkus-http-parent/4.0.0.Alpha4/quarkus-http-parent-4.0.0.Alpha4.pom (30 kB at 155 kB/s)
Downloading from central: https://repo.maven.apache.org/maven2/io/quarkus/http/quarkus-http-core/4.0.0.Alpha4/quarkus-http-core-4.0.0.Alpha4.pom
Progress (1): quarkus-http-core-4.0.0.Alpha4.pom (4.1/27 kB)Progress (1): quarkus-http-core-4.0.0.Alpha4.pom (8.2/27 kB)Progress (1): quarkus-http-core-4.0.0.Alpha4.pom (12/27 kB) Progress (1): quarkus-http-core-4.0.0.Alpha4.pom (16/27 kB)Progress (1): quarkus-http-core-4.0.0.Alpha4.pom (20/27 kB)Progress (1): quarkus-http-core-4.0.0.Alpha4.pom (25/27 kB)Progress (1): quarkus-http-core-4.0.0.Alpha4.pom (27 kB)                                                           Downloaded from central: https://repo.maven.apache.org/maven2/io/quarkus/http/quarkus-http-core/4.0.0.Alpha4/quarkus-http-core-4.0.0.Alpha4.pom (27 kB at 122 kB/s)
Downloading from central: https://repo.maven.apache.org/maven2/io/quarkus/http/quarkus-http-http-core/4.0.0.Alpha4/quarkus-http-http-core-4.0.0.Alpha4.pom
Progress (1): quarkus-http-http-core-4.0.0.Alpha4.pom (4.1/4.9 kB)Progress (1): quarkus-http-http-core-4.0.0.Alpha4.pom (4.9 kB)                                                                  Downloaded from central: https://repo.maven.apache.org/maven2/io/quarkus/http/quarkus-http-http-core/4.0.0.Alpha4/quarkus-http-http-core-4.0.0.Alpha4.pom (4.9 kB at 39 kB/s)
Downloading from central: https://repo.maven.apache.org/maven2/io/quarkus/quarkus-vertx-http-deployment/2.0.0.Alpha1/quarkus-vertx-http-deployment-2.0.0.Alpha1.pom
Progress (1): quarkus-vertx-http-deployment-2.0.0.Alpha1.pom (4.1/9.5 kB)Progress (1): quarkus-vertx-http-deployment-2.0.0.Alpha1.pom (8.2/9.5 kB)Progress (1): quarkus-vertx-http-deployment-2.0.0.Alpha1.pom (9.5 kB)                                                                         Downloaded from central: https://repo.maven.apache.org/maven2/io/quarkus/quarkus-vertx-http-deployment/2.0.0.Alpha1/quarkus-vertx-http-deployment-2.0.0.Alpha1.pom (9.5 kB at 91 kB/s)
Downloading from central: https://repo.maven.apache.org/maven2/io/quarkus/quarkus-vertx-core-deployment/2.0.0.Alpha1/quarkus-vertx-core-deployment-2.0.0.Alpha1.pom
LogManager error of type WRITE_FAILURE: The delayed handler's queue was overrun and log record(s) were lost. Did you forget to configure logging?
Progress (1): quarkus-vertx-core-deployment-2.0.0.Alpha1.pom (2.3 kB)                                                                     Downloaded from central: https://repo.maven.apache.org/maven2/io/quarkus/quarkus-vertx-core-deployment/2.0.0.Alpha1/quarkus-vertx-core-deployment-2.0.0.Alpha1.pom (2.3 kB at 11 kB/s)
Downloading from central: https://repo.maven.apache.org/maven2/io/quarkus/quarkus-netty-deployment/2.0.0.Alpha1/quarkus-netty-deployment-2.0.0.Alpha1.pom
Progress (1): quarkus-netty-deployment-2.0.0.Alpha1.pom (1.5 kB)                                                                Downloaded from central: https://repo.maven.apache.org/maven2/io/quarkus/quarkus-netty-deployment/2.0.0.Alpha1/quarkus-netty-deployment-2.0.0.Alpha1.pom (1.5 kB at 7.8 kB/s)
Downloading from central: https://repo.maven.apache.org/maven2/io/quarkus/quarkus-mutiny-deployment/2.0.0.Alpha1/quarkus-mutiny-deployment-2.0.0.Alpha1.pom
Progress (1): quarkus-mutiny-deployment-2.0.0.Alpha1.pom (2.0 kB)                                                                 Downloaded from central: https://repo.maven.apache.org/maven2/io/quarkus/quarkus-mutiny-deployment/2.0.0.Alpha1/quarkus-mutiny-deployment-2.0.0.Alpha1.pom (2.0 kB at 10 kB/s)
Downloading from central: https://repo.maven.apache.org/maven2/io/quarkus/quarkus-smallrye-context-propagation-deployment/2.0.0.Alpha1/quarkus-smallrye-context-propagation-deployment-2.0.0.Alpha1.pom
Progress (1): quarkus-smallrye-context-propagation-deployment-2.0.0.Alpha1.pom (1.7 kB)                                                                                       Downloaded from central: https://repo.maven.apache.org/maven2/io/quarkus/quarkus-smallrye-context-propagation-deployment/2.0.0.Alpha1/quarkus-smallrye-context-propagation-deployment-2.0.0.Alpha1.pom (1.7 kB at 6.5 kB/s)
Downloading from central: https://repo.maven.apache.org/maven2/io/quarkus/quarkus-kubernetes-spi/2.0.0.Alpha1/quarkus-kubernetes-spi-2.0.0.Alpha1.pom
Progress (1): quarkus-kubernetes-spi-2.0.0.Alpha1.pom (1.2 kB)                                                              Downloaded from central: https://repo.maven.apache.org/maven2/io/quarkus/quarkus-kubernetes-spi/2.0.0.Alpha1/quarkus-kubernetes-spi-2.0.0.Alpha1.pom (1.2 kB at 3.2 kB/s)
Downloading from central: https://repo.maven.apache.org/maven2/io/quarkus/quarkus-kubernetes-parent/2.0.0.Alpha1/quarkus-kubernetes-parent-2.0.0.Alpha1.pom
Progress (1): quarkus-kubernetes-parent-2.0.0.Alpha1.pom (810 B)                                                                Downloaded from central: https://repo.maven.apache.org/maven2/io/quarkus/quarkus-kubernetes-parent/2.0.0.Alpha1/quarkus-kubernetes-parent-2.0.0.Alpha1.pom (810 B at 4.8 kB/s)
Downloading from central: https://repo.maven.apache.org/maven2/io/quarkus/qute/qute-core/2.0.0.Alpha1/qute-core-2.0.0.Alpha1.pom
Progress (1): qute-core-2.0.0.Alpha1.pom (1.0 kB)                                                 Downloaded from central: https://repo.maven.apache.org/maven2/io/quarkus/qute/qute-core/2.0.0.Alpha1/qute-core-2.0.0.Alpha1.pom (1.0 kB at 5.2 kB/s)
Downloading from central: https://repo.maven.apache.org/maven2/io/quarkus/qute/qute-parent/2.0.0.Alpha1/qute-parent-2.0.0.Alpha1.pom
Progress (1): qute-parent-2.0.0.Alpha1.pom (4.1/21 kB)Progress (1): qute-parent-2.0.0.Alpha1.pom (8.2/21 kB)Progress (1): qute-parent-2.0.0.Alpha1.pom (12/21 kB) Progress (1): qute-parent-2.0.0.Alpha1.pom (16/21 kB)Progress (1): qute-parent-2.0.0.Alpha1.pom (20/21 kB)Progress (1): qute-parent-2.0.0.Alpha1.pom (21 kB)                                                     Downloaded from central: https://repo.maven.apache.org/maven2/io/quarkus/qute/qute-parent/2.0.0.Alpha1/qute-parent-2.0.0.Alpha1.pom (21 kB at 108 kB/s)
Downloading from central: https://repo.maven.apache.org/maven2/io/quarkus/quarkus-security-spi/2.0.0.Alpha1/quarkus-security-spi-2.0.0.Alpha1.pom
Progress (1): quarkus-security-spi-2.0.0.Alpha1.pom (1.5 kB)                                                            Downloaded from central: https://repo.maven.apache.org/maven2/io/quarkus/quarkus-security-spi/2.0.0.Alpha1/quarkus-security-spi-2.0.0.Alpha1.pom (1.5 kB at 7.8 kB/s)
Downloading from central: https://repo.maven.apache.org/maven2/io/quarkus/quarkus-resteasy-common-spi/2.0.0.Alpha1/quarkus-resteasy-common-spi-2.0.0.Alpha1.jar
Downloading from central: https://repo.maven.apache.org/maven2/io/quarkus/quarkus-resteasy-common-deployment/2.0.0.Alpha1/quarkus-resteasy-common-deployment-2.0.0.Alpha1.jar
Downloading from central: https://repo.maven.apache.org/maven2/io/quarkus/quarkus-resteasy-server-common-spi/2.0.0.Alpha1/quarkus-resteasy-server-common-spi-2.0.0.Alpha1.jar
Downloading from central: https://repo.maven.apache.org/maven2/io/quarkus/quarkus-resteasy-server-common-deployment/2.0.0.Alpha1/quarkus-resteasy-server-common-deployment-2.0.0.Alpha1.jar
Downloading from central: https://repo.maven.apache.org/maven2/io/quarkus/http/quarkus-http-http-core/4.0.0.Alpha4/quarkus-http-http-core-4.0.0.Alpha4.jar
Progress (1): quarkus-resteasy-common-spi-2.0.0.Alpha1.jar (4.1/9.1 kB)Progress (1): quarkus-resteasy-common-spi-2.0.0.Alpha1.jar (8.2/9.1 kB)Progress (1): quarkus-resteasy-common-spi-2.0.0.Alpha1.jar (9.1 kB)    Progress (2): quarkus-resteasy-common-spi-2.0.0.Alpha1.jar (9.1 kB) | quarkus-resteasy-common-deployment-2.0.0.Alpha1.jar (2.7/22 kB)Progress (3): quarkus-resteasy-common-spi-2.0.0.Alpha1.jar (9.1 kB) | quarkus-resteasy-common-deployment-2.0.0.Alpha1.jar (2.7/22 kB) | quarkus-http-http-core-4.0.0.Alpha4.jar (2.7/39 kB)Progress (3): quarkus-resteasy-common-spi-2.0.0.Alpha1.jar (9.1 kB) | quarkus-resteasy-common-deployment-2.0.0.Alpha1.jar (5.5/22 kB) | quarkus-http-http-core-4.0.0.Alpha4.jar (2.7/39 kB)Progress (3): quarkus-resteasy-common-spi-2.0.0.Alpha1.jar (9.1 kB) | quarkus-resteasy-common-deployment-2.0.0.Alpha1.jar (5.5/22 kB) | quarkus-http-http-core-4.0.0.Alpha4.jar (5.5/39 kB)Progress (3): quarkus-resteasy-common-spi-2.0.0.Alpha1.jar (9.1 kB) | quarkus-resteasy-common-deployment-2.0.0.Alpha1.jar (8.2/22 kB) | quarkus-http-http-core-4.0.0.Alpha4.jar (5.5/39 kB)Progress (3): quarkus-resteasy-common-spi-2.0.0.Alpha1.jar (9.1 kB) | quarkus-resteasy-common-deployment-2.0.0.Alpha1.jar (8.2/22 kB) | quarkus-http-http-core-4.0.0.Alpha4.jar (8.2/39 kB)Progress (3): quarkus-resteasy-common-spi-2.0.0.Alpha1.jar (9.1 kB) | quarkus-resteasy-common-deployment-2.0.0.Alpha1.jar (11/22 kB) | quarkus-http-http-core-4.0.0.Alpha4.jar (8.2/39 kB) Progress (3): quarkus-resteasy-common-spi-2.0.0.Alpha1.jar (9.1 kB) | quarkus-resteasy-common-deployment-2.0.0.Alpha1.jar (11/22 kB) | quarkus-http-http-core-4.0.0.Alpha4.jar (11/39 kB) Progress (3): quarkus-resteasy-common-spi-2.0.0.Alpha1.jar (9.1 kB) | quarkus-resteasy-common-deployment-2.0.0.Alpha1.jar (14/22 kB) | quarkus-http-http-core-4.0.0.Alpha4.jar (11/39 kB)Progress (3): quarkus-resteasy-common-spi-2.0.0.Alpha1.jar (9.1 kB) | quarkus-resteasy-common-deployment-2.0.0.Alpha1.jar (14/22 kB) | quarkus-http-http-core-4.0.0.Alpha4.jar (14/39 kB)Progress (3): quarkus-resteasy-common-spi-2.0.0.Alpha1.jar (9.1 kB) | quarkus-resteasy-common-deployment-2.0.0.Alpha1.jar (16/22 kB) | quarkus-http-http-core-4.0.0.Alpha4.jar (14/39 kB)Progress (3): quarkus-resteasy-common-spi-2.0.0.Alpha1.jar (9.1 kB) | quarkus-resteasy-common-deployment-2.0.0.Alpha1.jar (16/22 kB) | quarkus-http-http-core-4.0.0.Alpha4.jar (16/39 kB)Progress (3): quarkus-resteasy-common-spi-2.0.0.Alpha1.jar (9.1 kB) | quarkus-resteasy-common-deployment-2.0.0.Alpha1.jar (19/22 kB) | quarkus-http-http-core-4.0.0.Alpha4.jar (16/39 kB)Progress (3): quarkus-resteasy-common-spi-2.0.0.Alpha1.jar (9.1 kB) | quarkus-resteasy-common-deployment-2.0.0.Alpha1.jar (21/22 kB) | quarkus-http-http-core-4.0.0.Alpha4.jar (16/39 kB)Progress (3): quarkus-resteasy-common-spi-2.0.0.Alpha1.jar (9.1 kB) | quarkus-resteasy-common-deployment-2.0.0.Alpha1.jar (21/22 kB) | quarkus-http-http-core-4.0.0.Alpha4.jar (19/39 kB)Progress (3): quarkus-resteasy-common-spi-2.0.0.Alpha1.jar (9.1 kB) | quarkus-resteasy-common-deployment-2.0.0.Alpha1.jar (22 kB) | quarkus-http-http-core-4.0.0.Alpha4.jar (19/39 kB)   Progress (3): quarkus-resteasy-common-spi-2.0.0.Alpha1.jar (9.1 kB) | quarkus-resteasy-common-deployment-2.0.0.Alpha1.jar (22 kB) | quarkus-http-http-core-4.0.0.Alpha4.jar (22/39 kB)Progress (3): quarkus-resteasy-common-spi-2.0.0.Alpha1.jar (9.1 kB) | quarkus-resteasy-common-deployment-2.0.0.Alpha1.jar (22 kB) | quarkus-http-http-core-4.0.0.Alpha4.jar (25/39 kB)Progress (3): quarkus-resteasy-common-spi-2.0.0.Alpha1.jar (9.1 kB) | quarkus-resteasy-common-deployment-2.0.0.Alpha1.jar (22 kB) | quarkus-http-http-core-4.0.0.Alpha4.jar (27/39 kB)Progress (3): quarkus-resteasy-common-spi-2.0.0.Alpha1.jar (9.1 kB) | quarkus-resteasy-common-deployment-2.0.0.Alpha1.jar (22 kB) | quarkus-http-http-core-4.0.0.Alpha4.jar (30/39 kB)Progress (3): quarkus-resteasy-common-spi-2.0.0.Alpha1.jar (9.1 kB) | quarkus-resteasy-common-deployment-2.0.0.Alpha1.jar (22 kB) | quarkus-http-http-core-4.0.0.Alpha4.jar (33/39 kB)Progress (3): quarkus-resteasy-common-spi-2.0.0.Alpha1.jar (9.1 kB) | quarkus-resteasy-common-deployment-2.0.0.Alpha1.jar (22 kB) | quarkus-http-http-core-4.0.0.Alpha4.jar (36/39 kB)Progress (3): quarkus-resteasy-common-spi-2.0.0.Alpha1.jar (9.1 kB) | quarkus-resteasy-common-deployment-2.0.0.Alpha1.jar (22 kB) | quarkus-http-http-core-4.0.0.Alpha4.jar (38/39 kB)Progress (3): quarkus-resteasy-common-spi-2.0.0.Alpha1.jar (9.1 kB) | quarkus-resteasy-common-deployment-2.0.0.Alpha1.jar (22 kB) | quarkus-http-http-core-4.0.0.Alpha4.jar (39 kB)                                                                                                                                                                                      Downloaded from central: https://repo.maven.apache.org/maven2/io/quarkus/quarkus-resteasy-common-spi/2.0.0.Alpha1/quarkus-resteasy-common-spi-2.0.0.Alpha1.jar (9.1 kB at 44 kB/s)
Downloading from central: https://repo.maven.apache.org/maven2/io/quarkus/http/quarkus-http-core/4.0.0.Alpha4/quarkus-http-core-4.0.0.Alpha4.jar
Progress (3): quarkus-resteasy-common-deployment-2.0.0.Alpha1.jar (22 kB) | quarkus-http-http-core-4.0.0.Alpha4.jar (39 kB) | quarkus-resteasy-server-common-spi-2.0.0.Alpha1.jar (2.7/6.3 kB)Progress (3): quarkus-resteasy-common-deployment-2.0.0.Alpha1.jar (22 kB) | quarkus-http-http-core-4.0.0.Alpha4.jar (39 kB) | quarkus-resteasy-server-common-spi-2.0.0.Alpha1.jar (5.5/6.3 kB)Progress (3): quarkus-resteasy-common-deployment-2.0.0.Alpha1.jar (22 kB) | quarkus-http-http-core-4.0.0.Alpha4.jar (39 kB) | quarkus-resteasy-server-common-spi-2.0.0.Alpha1.jar (6.3 kB)                                                                                                                                                                                              Downloaded from central: https://repo.maven.apache.org/maven2/io/quarkus/quarkus-resteasy-common-deployment/2.0.0.Alpha1/quarkus-resteasy-common-deployment-2.0.0.Alpha1.jar (22 kB at 93 kB/s)
Downloading from central: https://repo.maven.apache.org/maven2/io/quarkus/http/quarkus-http-servlet/4.0.0.Alpha4/quarkus-http-servlet-4.0.0.Alpha4.jar
Downloaded from central: https://repo.maven.apache.org/maven2/io/quarkus/http/quarkus-http-http-core/4.0.0.Alpha4/quarkus-http-http-core-4.0.0.Alpha4.jar (39 kB at 158 kB/s)
Downloading from central: https://repo.maven.apache.org/maven2/io/quarkus/quarkus-undertow-spi/2.0.0.Alpha1/quarkus-undertow-spi-2.0.0.Alpha1.jar
Progress (2): quarkus-resteasy-server-common-spi-2.0.0.Alpha1.jar (6.3 kB) | quarkus-resteasy-server-common-deployment-2.0.0.Alpha1.jar (2.7/32 kB)Progress (2): quarkus-resteasy-server-common-spi-2.0.0.Alpha1.jar (6.3 kB) | quarkus-resteasy-server-common-deployment-2.0.0.Alpha1.jar (5.5/32 kB)Progress (2): quarkus-resteasy-server-common-spi-2.0.0.Alpha1.jar (6.3 kB) | quarkus-resteasy-server-common-deployment-2.0.0.Alpha1.jar (8.2/32 kB)Progress (2): quarkus-resteasy-server-common-spi-2.0.0.Alpha1.jar (6.3 kB) | quarkus-resteasy-server-common-deployment-2.0.0.Alpha1.jar (11/32 kB) Progress (2): quarkus-resteasy-server-common-spi-2.0.0.Alpha1.jar (6.3 kB) | quarkus-resteasy-server-common-deployment-2.0.0.Alpha1.jar (14/32 kB)Progress (2): quarkus-resteasy-server-common-spi-2.0.0.Alpha1.jar (6.3 kB) | quarkus-resteasy-server-common-deployment-2.0.0.Alpha1.jar (16/32 kB)Progress (2): quarkus-resteasy-server-common-spi-2.0.0.Alpha1.jar (6.3 kB) | quarkus-resteasy-server-common-deployment-2.0.0.Alpha1.jar (19/32 kB)Progress (2): quarkus-resteasy-server-common-spi-2.0.0.Alpha1.jar (6.3 kB) | quarkus-resteasy-server-common-deployment-2.0.0.Alpha1.jar (21/32 kB)Progress (2): quarkus-resteasy-server-common-spi-2.0.0.Alpha1.jar (6.3 kB) | quarkus-resteasy-server-common-deployment-2.0.0.Alpha1.jar (24/32 kB)Progress (2): quarkus-resteasy-server-common-spi-2.0.0.Alpha1.jar (6.3 kB) | quarkus-resteasy-server-common-deployment-2.0.0.Alpha1.jar (27/32 kB)Progress (2): quarkus-resteasy-server-common-spi-2.0.0.Alpha1.jar (6.3 kB) | quarkus-resteasy-server-common-deployment-2.0.0.Alpha1.jar (30/32 kB)Progress (2): quarkus-resteasy-server-common-spi-2.0.0.Alpha1.jar (6.3 kB) | quarkus-resteasy-server-common-deployment-2.0.0.Alpha1.jar (32 kB)   Progress (3): quarkus-resteasy-server-common-spi-2.0.0.Alpha1.jar (6.3 kB) | quarkus-resteasy-server-common-deployment-2.0.0.Alpha1.jar (32 kB) | quarkus-http-core-4.0.0.Alpha4.jar (8.2/930 kB)Progress (3): quarkus-resteasy-server-common-spi-2.0.0.Alpha1.jar (6.3 kB) | quarkus-resteasy-server-common-deployment-2.0.0.Alpha1.jar (32 kB) | quarkus-http-core-4.0.0.Alpha4.jar (16/930 kB) Progress (3): quarkus-resteasy-server-common-spi-2.0.0.Alpha1.jar (6.3 kB) | quarkus-resteasy-server-common-deployment-2.0.0.Alpha1.jar (32 kB) | quarkus-http-core-4.0.0.Alpha4.jar (24/930 kB)Progress (3): quarkus-resteasy-server-common-spi-2.0.0.Alpha1.jar (6.3 kB) | quarkus-resteasy-server-common-deployment-2.0.0.Alpha1.jar (32 kB) | quarkus-http-core-4.0.0.Alpha4.jar (32/930 kB)Progress (3): quarkus-resteasy-server-common-spi-2.0.0.Alpha1.jar (6.3 kB) | quarkus-resteasy-server-common-deployment-2.0.0.Alpha1.jar (32 kB) | quarkus-http-core-4.0.0.Alpha4.jar (40/930 kB)                                                                                                                                                                                                Downloaded from central: https://repo.maven.apache.org/maven2/io/quarkus/quarkus-resteasy-server-common-spi/2.0.0.Alpha1/quarkus-resteasy-server-common-spi-2.0.0.Alpha1.jar (6.3 kB at 20 kB/s)
Progress (2): quarkus-resteasy-server-common-deployment-2.0.0.Alpha1.jar (32 kB) | quarkus-http-core-4.0.0.Alpha4.jar (49/930 kB)                                                                                                                                 Downloading from central: https://repo.maven.apache.org/maven2/io/quarkus/quarkus-netty-deployment/2.0.0.Alpha1/quarkus-netty-deployment-2.0.0.Alpha1.jar
Progress (2): quarkus-resteasy-server-common-deployment-2.0.0.Alpha1.jar (32 kB) | quarkus-http-core-4.0.0.Alpha4.jar (57/930 kB)Progress (2): quarkus-resteasy-server-common-deployment-2.0.0.Alpha1.jar (32 kB) | quarkus-http-core-4.0.0.Alpha4.jar (65/930 kB)Progress (2): quarkus-resteasy-server-common-deployment-2.0.0.Alpha1.jar (32 kB) | quarkus-http-core-4.0.0.Alpha4.jar (73/930 kB)Progress (2): quarkus-resteasy-server-common-deployment-2.0.0.Alpha1.jar (32 kB) | quarkus-http-core-4.0.0.Alpha4.jar (81/930 kB)Progress (2): quarkus-resteasy-server-common-deployment-2.0.0.Alpha1.jar (32 kB) | quarkus-http-core-4.0.0.Alpha4.jar (90/930 kB)Progress (2): quarkus-resteasy-server-common-deployment-2.0.0.Alpha1.jar (32 kB) | quarkus-http-core-4.0.0.Alpha4.jar (98/930 kB)Progress (2): quarkus-resteasy-server-common-deployment-2.0.0.Alpha1.jar (32 kB) | quarkus-http-core-4.0.0.Alpha4.jar (106/930 kB)Progress (2): quarkus-resteasy-server-common-deployment-2.0.0.Alpha1.jar (32 kB) | quarkus-http-core-4.0.0.Alpha4.jar (114/930 kB)Progress (2): quarkus-resteasy-server-common-deployment-2.0.0.Alpha1.jar (32 kB) | quarkus-http-core-4.0.0.Alpha4.jar (122/930 kB)Progress (2): quarkus-resteasy-server-common-deployment-2.0.0.Alpha1.jar (32 kB) | quarkus-http-core-4.0.0.Alpha4.jar (131/930 kB)Progress (2): quarkus-resteasy-server-common-deployment-2.0.0.Alpha1.jar (32 kB) | quarkus-http-core-4.0.0.Alpha4.jar (139/930 kB)Progress (2): quarkus-resteasy-server-common-deployment-2.0.0.Alpha1.jar (32 kB) | quarkus-http-core-4.0.0.Alpha4.jar (147/930 kB)Progress (2): quarkus-resteasy-server-common-deployment-2.0.0.Alpha1.jar (32 kB) | quarkus-http-core-4.0.0.Alpha4.jar (155/930 kB)Progress (2): quarkus-resteasy-server-common-deployment-2.0.0.Alpha1.jar (32 kB) | quarkus-http-core-4.0.0.Alpha4.jar (163/930 kB)Progress (2): quarkus-resteasy-server-common-deployment-2.0.0.Alpha1.jar (32 kB) | quarkus-http-core-4.0.0.Alpha4.jar (171/930 kB)Progress (2): quarkus-resteasy-server-common-deployment-2.0.0.Alpha1.jar (32 kB) | quarkus-http-core-4.0.0.Alpha4.jar (180/930 kB)Progress (2): quarkus-resteasy-server-common-deployment-2.0.0.Alpha1.jar (32 kB) | quarkus-http-core-4.0.0.Alpha4.jar (188/930 kB)Progress (3): quarkus-resteasy-server-common-deployment-2.0.0.Alpha1.jar (32 kB) | quarkus-http-core-4.0.0.Alpha4.jar (188/930 kB) | quarkus-undertow-spi-2.0.0.Alpha1.jar (2.7/23 kB)Progress (3): quarkus-resteasy-server-common-deployment-2.0.0.Alpha1.jar (32 kB) | quarkus-http-core-4.0.0.Alpha4.jar (196/930 kB) | quarkus-undertow-spi-2.0.0.Alpha1.jar (2.7/23 kB)Progress (3): quarkus-resteasy-server-common-deployment-2.0.0.Alpha1.jar (32 kB) | quarkus-http-core-4.0.0.Alpha4.jar (196/930 kB) | quarkus-undertow-spi-2.0.0.Alpha1.jar (5.5/23 kB)Progress (3): quarkus-resteasy-server-common-deployment-2.0.0.Alpha1.jar (32 kB) | quarkus-http-core-4.0.0.Alpha4.jar (204/930 kB) | quarkus-undertow-spi-2.0.0.Alpha1.jar (5.5/23 kB)Progress (3): quarkus-resteasy-server-common-deployment-2.0.0.Alpha1.jar (32 kB) | quarkus-http-core-4.0.0.Alpha4.jar (204/930 kB) | quarkus-undertow-spi-2.0.0.Alpha1.jar (8.2/23 kB)Progress (3): quarkus-resteasy-server-common-deployment-2.0.0.Alpha1.jar (32 kB) | quarkus-http-core-4.0.0.Alpha4.jar (212/930 kB) | quarkus-undertow-spi-2.0.0.Alpha1.jar (8.2/23 kB)Progress (3): quarkus-resteasy-server-common-deployment-2.0.0.Alpha1.jar (32 kB) | quarkus-http-core-4.0.0.Alpha4.jar (212/930 kB) | quarkus-undertow-spi-2.0.0.Alpha1.jar (11/23 kB) Progress (3): quarkus-resteasy-server-common-deployment-2.0.0.Alpha1.jar (32 kB) | quarkus-http-core-4.0.0.Alpha4.jar (221/930 kB) | quarkus-undertow-spi-2.0.0.Alpha1.jar (11/23 kB)Progress (3): quarkus-resteasy-server-common-deployment-2.0.0.Alpha1.jar (32 kB) | quarkus-http-core-4.0.0.Alpha4.jar (229/930 kB) | quarkus-undertow-spi-2.0.0.Alpha1.jar (11/23 kB)Progress (3): quarkus-resteasy-server-common-deployment-2.0.0.Alpha1.jar (32 kB) | quarkus-http-core-4.0.0.Alpha4.jar (229/930 kB) | quarkus-undertow-spi-2.0.0.Alpha1.jar (14/23 kB)Progress (3): quarkus-resteasy-server-common-deployment-2.0.0.Alpha1.jar (32 kB) | quarkus-http-core-4.0.0.Alpha4.jar (229/930 kB) | quarkus-undertow-spi-2.0.0.Alpha1.jar (16/23 kB)Progress (3): quarkus-resteasy-server-common-deployment-2.0.0.Alpha1.jar (32 kB) | quarkus-http-core-4.0.0.Alpha4.jar (237/930 kB) | quarkus-undertow-spi-2.0.0.Alpha1.jar (16/23 kB)Progress (3): quarkus-resteasy-server-common-deployment-2.0.0.Alpha1.jar (32 kB) | quarkus-http-core-4.0.0.Alpha4.jar (245/930 kB) | quarkus-undertow-spi-2.0.0.Alpha1.jar (16/23 kB)Progress (3): quarkus-resteasy-server-common-deployment-2.0.0.Alpha1.jar (32 kB) | quarkus-http-core-4.0.0.Alpha4.jar (245/930 kB) | quarkus-undertow-spi-2.0.0.Alpha1.jar (19/23 kB)Progress (3): quarkus-resteasy-server-common-deployment-2.0.0.Alpha1.jar (32 kB) | quarkus-http-core-4.0.0.Alpha4.jar (245/930 kB) | quarkus-undertow-spi-2.0.0.Alpha1.jar (22/23 kB)Progress (3): quarkus-resteasy-server-common-deployment-2.0.0.Alpha1.jar (32 kB) | quarkus-http-core-4.0.0.Alpha4.jar (253/930 kB) | quarkus-undertow-spi-2.0.0.Alpha1.jar (22/23 kB)Progress (3): quarkus-resteasy-server-common-deployment-2.0.0.Alpha1.jar (32 kB) | quarkus-http-core-4.0.0.Alpha4.jar (253/930 kB) | quarkus-undertow-spi-2.0.0.Alpha1.jar (23 kB)   Progress (3): quarkus-resteasy-server-common-deployment-2.0.0.Alpha1.jar (32 kB) | quarkus-http-core-4.0.0.Alpha4.jar (262/930 kB) | quarkus-undertow-spi-2.0.0.Alpha1.jar (23 kB)Progress (3): quarkus-resteasy-server-common-deployment-2.0.0.Alpha1.jar (32 kB) | quarkus-http-core-4.0.0.Alpha4.jar (270/930 kB) | quarkus-undertow-spi-2.0.0.Alpha1.jar (23 kB)Progress (3): quarkus-resteasy-server-common-deployment-2.0.0.Alpha1.jar (32 kB) | quarkus-http-core-4.0.0.Alpha4.jar (278/930 kB) | quarkus-undertow-spi-2.0.0.Alpha1.jar (23 kB)Progress (3): quarkus-resteasy-server-common-deployment-2.0.0.Alpha1.jar (32 kB) | quarkus-http-core-4.0.0.Alpha4.jar (286/930 kB) | quarkus-undertow-spi-2.0.0.Alpha1.jar (23 kB)Progress (3): quarkus-resteasy-server-common-deployment-2.0.0.Alpha1.jar (32 kB) | quarkus-http-core-4.0.0.Alpha4.jar (294/930 kB) | quarkus-undertow-spi-2.0.0.Alpha1.jar (23 kB)Progress (3): quarkus-resteasy-server-common-deployment-2.0.0.Alpha1.jar (32 kB) | quarkus-http-core-4.0.0.Alpha4.jar (303/930 kB) | quarkus-undertow-spi-2.0.0.Alpha1.jar (23 kB)Progress (3): quarkus-resteasy-server-common-deployment-2.0.0.Alpha1.jar (32 kB) | quarkus-http-core-4.0.0.Alpha4.jar (311/930 kB) | quarkus-undertow-spi-2.0.0.Alpha1.jar (23 kB)Progress (3): quarkus-resteasy-server-common-deployment-2.0.0.Alpha1.jar (32 kB) | quarkus-http-core-4.0.0.Alpha4.jar (319/930 kB) | quarkus-undertow-spi-2.0.0.Alpha1.jar (23 kB)Progress (3): quarkus-resteasy-server-common-deployment-2.0.0.Alpha1.jar (32 kB) | quarkus-http-core-4.0.0.Alpha4.jar (327/930 kB) | quarkus-undertow-spi-2.0.0.Alpha1.jar (23 kB)Progress (3): quarkus-resteasy-server-common-deployment-2.0.0.Alpha1.jar (32 kB) | quarkus-http-core-4.0.0.Alpha4.jar (335/930 kB) | quarkus-undertow-spi-2.0.0.Alpha1.jar (23 kB)Progress (3): quarkus-resteasy-server-common-deployment-2.0.0.Alpha1.jar (32 kB) | quarkus-http-core-4.0.0.Alpha4.jar (344/930 kB) | quarkus-undertow-spi-2.0.0.Alpha1.jar (23 kB)Progress (3): quarkus-resteasy-server-common-deployment-2.0.0.Alpha1.jar (32 kB) | quarkus-http-core-4.0.0.Alpha4.jar (352/930 kB) | quarkus-undertow-spi-2.0.0.Alpha1.jar (23 kB)Progress (3): quarkus-resteasy-server-common-deployment-2.0.0.Alpha1.jar (32 kB) | quarkus-http-core-4.0.0.Alpha4.jar (360/930 kB) | quarkus-undertow-spi-2.0.0.Alpha1.jar (23 kB)Progress (3): quarkus-resteasy-server-common-deployment-2.0.0.Alpha1.jar (32 kB) | quarkus-http-core-4.0.0.Alpha4.jar (368/930 kB) | quarkus-undertow-spi-2.0.0.Alpha1.jar (23 kB)Progress (3): quarkus-resteasy-server-common-deployment-2.0.0.Alpha1.jar (32 kB) | quarkus-http-core-4.0.0.Alpha4.jar (376/930 kB) | quarkus-undertow-spi-2.0.0.Alpha1.jar (23 kB)Progress (3): quarkus-resteasy-server-common-deployment-2.0.0.Alpha1.jar (32 kB) | quarkus-http-core-4.0.0.Alpha4.jar (384/930 kB) | quarkus-undertow-spi-2.0.0.Alpha1.jar (23 kB)Progress (3): quarkus-resteasy-server-common-deployment-2.0.0.Alpha1.jar (32 kB) | quarkus-http-core-4.0.0.Alpha4.jar (393/930 kB) | quarkus-undertow-spi-2.0.0.Alpha1.jar (23 kB)Progress (3): quarkus-resteasy-server-common-deployment-2.0.0.Alpha1.jar (32 kB) | quarkus-http-core-4.0.0.Alpha4.jar (401/930 kB) | quarkus-undertow-spi-2.0.0.Alpha1.jar (23 kB)Progress (3): quarkus-resteasy-server-common-deployment-2.0.0.Alpha1.jar (32 kB) | quarkus-http-core-4.0.0.Alpha4.jar (409/930 kB) | quarkus-undertow-spi-2.0.0.Alpha1.jar (23 kB)Progress (3): quarkus-resteasy-server-common-deployment-2.0.0.Alpha1.jar (32 kB) | quarkus-http-core-4.0.0.Alpha4.jar (417/930 kB) | quarkus-undertow-spi-2.0.0.Alpha1.jar (23 kB)Progress (3): quarkus-resteasy-server-common-deployment-2.0.0.Alpha1.jar (32 kB) | quarkus-http-core-4.0.0.Alpha4.jar (425/930 kB) | quarkus-undertow-spi-2.0.0.Alpha1.jar (23 kB)Progress (3): quarkus-resteasy-server-common-deployment-2.0.0.Alpha1.jar (32 kB) | quarkus-http-core-4.0.0.Alpha4.jar (434/930 kB) | quarkus-undertow-spi-2.0.0.Alpha1.jar (23 kB)Progress (3): quarkus-resteasy-server-common-deployment-2.0.0.Alpha1.jar (32 kB) | quarkus-http-core-4.0.0.Alpha4.jar (442/930 kB) | quarkus-undertow-spi-2.0.0.Alpha1.jar (23 kB)Progress (3): quarkus-resteasy-server-common-deployment-2.0.0.Alpha1.jar (32 kB) | quarkus-http-core-4.0.0.Alpha4.jar (450/930 kB) | quarkus-undertow-spi-2.0.0.Alpha1.jar (23 kB)Progress (3): quarkus-resteasy-server-common-deployment-2.0.0.Alpha1.jar (32 kB) | quarkus-http-core-4.0.0.Alpha4.jar (458/930 kB) | quarkus-undertow-spi-2.0.0.Alpha1.jar (23 kB)Progress (3): quarkus-resteasy-server-common-deployment-2.0.0.Alpha1.jar (32 kB) | quarkus-http-core-4.0.0.Alpha4.jar (466/930 kB) | quarkus-undertow-spi-2.0.0.Alpha1.jar (23 kB)Progress (3): quarkus-resteasy-server-common-deployment-2.0.0.Alpha1.jar (32 kB) | quarkus-http-core-4.0.0.Alpha4.jar (475/930 kB) | quarkus-undertow-spi-2.0.0.Alpha1.jar (23 kB)Progress (3): quarkus-resteasy-server-common-deployment-2.0.0.Alpha1.jar (32 kB) | quarkus-http-core-4.0.0.Alpha4.jar (483/930 kB) | quarkus-undertow-spi-2.0.0.Alpha1.jar (23 kB)Progress (3): quarkus-resteasy-server-common-deployment-2.0.0.Alpha1.jar (32 kB) | quarkus-http-core-4.0.0.Alpha4.jar (491/930 kB) | quarkus-undertow-spi-2.0.0.Alpha1.jar (23 kB)Progress (3): quarkus-resteasy-server-common-deployment-2.0.0.Alpha1.jar (32 kB) | quarkus-http-core-4.0.0.Alpha4.jar (499/930 kB) | quarkus-undertow-spi-2.0.0.Alpha1.jar (23 kB)Progress (3): quarkus-resteasy-server-common-deployment-2.0.0.Alpha1.jar (32 kB) | quarkus-http-core-4.0.0.Alpha4.jar (507/930 kB) | quarkus-undertow-spi-2.0.0.Alpha1.jar (23 kB)Progress (3): quarkus-resteasy-server-common-deployment-2.0.0.Alpha1.jar (32 kB) | quarkus-http-core-4.0.0.Alpha4.jar (516/930 kB) | quarkus-undertow-spi-2.0.0.Alpha1.jar (23 kB)Progress (3): quarkus-resteasy-server-common-deployment-2.0.0.Alpha1.jar (32 kB) | quarkus-http-core-4.0.0.Alpha4.jar (524/930 kB) | quarkus-undertow-spi-2.0.0.Alpha1.jar (23 kB)Progress (3): quarkus-resteasy-server-common-deployment-2.0.0.Alpha1.jar (32 kB) | quarkus-http-core-4.0.0.Alpha4.jar (532/930 kB) | quarkus-undertow-spi-2.0.0.Alpha1.jar (23 kB)Progress (3): quarkus-resteasy-server-common-deployment-2.0.0.Alpha1.jar (32 kB) | quarkus-http-core-4.0.0.Alpha4.jar (540/930 kB) | quarkus-undertow-spi-2.0.0.Alpha1.jar (23 kB)Progress (3): quarkus-resteasy-server-common-deployment-2.0.0.Alpha1.jar (32 kB) | quarkus-http-core-4.0.0.Alpha4.jar (548/930 kB) | quarkus-undertow-spi-2.0.0.Alpha1.jar (23 kB)Progress (3): quarkus-resteasy-server-common-deployment-2.0.0.Alpha1.jar (32 kB) | quarkus-http-core-4.0.0.Alpha4.jar (557/930 kB) | quarkus-undertow-spi-2.0.0.Alpha1.jar (23 kB)Progress (3): quarkus-resteasy-server-common-deployment-2.0.0.Alpha1.jar (32 kB) | quarkus-http-core-4.0.0.Alpha4.jar (565/930 kB) | quarkus-undertow-spi-2.0.0.Alpha1.jar (23 kB)Progress (3): quarkus-resteasy-server-common-deployment-2.0.0.Alpha1.jar (32 kB) | quarkus-http-core-4.0.0.Alpha4.jar (573/930 kB) | quarkus-undertow-spi-2.0.0.Alpha1.jar (23 kB)Progress (3): quarkus-resteasy-server-common-deployment-2.0.0.Alpha1.jar (32 kB) | quarkus-http-core-4.0.0.Alpha4.jar (581/930 kB) | quarkus-undertow-spi-2.0.0.Alpha1.jar (23 kB)Progress (3): quarkus-resteasy-server-common-deployment-2.0.0.Alpha1.jar (32 kB) | quarkus-http-core-4.0.0.Alpha4.jar (589/930 kB) | quarkus-undertow-spi-2.0.0.Alpha1.jar (23 kB)Progress (3): quarkus-resteasy-server-common-deployment-2.0.0.Alpha1.jar (32 kB) | quarkus-http-core-4.0.0.Alpha4.jar (597/930 kB) | quarkus-undertow-spi-2.0.0.Alpha1.jar (23 kB)Progress (3): quarkus-resteasy-server-common-deployment-2.0.0.Alpha1.jar (32 kB) | quarkus-http-core-4.0.0.Alpha4.jar (606/930 kB) | quarkus-undertow-spi-2.0.0.Alpha1.jar (23 kB)Progress (3): quarkus-resteasy-server-common-deployment-2.0.0.Alpha1.jar (32 kB) | quarkus-http-core-4.0.0.Alpha4.jar (614/930 kB) | quarkus-undertow-spi-2.0.0.Alpha1.jar (23 kB)Progress (3): quarkus-resteasy-server-common-deployment-2.0.0.Alpha1.jar (32 kB) | quarkus-http-core-4.0.0.Alpha4.jar (622/930 kB) | quarkus-undertow-spi-2.0.0.Alpha1.jar (23 kB)Progress (3): quarkus-resteasy-server-common-deployment-2.0.0.Alpha1.jar (32 kB) | quarkus-http-core-4.0.0.Alpha4.jar (630/930 kB) | quarkus-undertow-spi-2.0.0.Alpha1.jar (23 kB)Progress (3): quarkus-resteasy-server-common-deployment-2.0.0.Alpha1.jar (32 kB) | quarkus-http-core-4.0.0.Alpha4.jar (638/930 kB) | quarkus-undertow-spi-2.0.0.Alpha1.jar (23 kB)Progress (3): quarkus-resteasy-server-common-deployment-2.0.0.Alpha1.jar (32 kB) | quarkus-http-core-4.0.0.Alpha4.jar (647/930 kB) | quarkus-undertow-spi-2.0.0.Alpha1.jar (23 kB)Progress (3): quarkus-resteasy-server-common-deployment-2.0.0.Alpha1.jar (32 kB) | quarkus-http-core-4.0.0.Alpha4.jar (655/930 kB) | quarkus-undertow-spi-2.0.0.Alpha1.jar (23 kB)Progress (3): quarkus-resteasy-server-common-deployment-2.0.0.Alpha1.jar (32 kB) | quarkus-http-core-4.0.0.Alpha4.jar (663/930 kB) | quarkus-undertow-spi-2.0.0.Alpha1.jar (23 kB)Progress (3): quarkus-resteasy-server-common-deployment-2.0.0.Alpha1.jar (32 kB) | quarkus-http-core-4.0.0.Alpha4.jar (671/930 kB) | quarkus-undertow-spi-2.0.0.Alpha1.jar (23 kB)Progress (3): quarkus-resteasy-server-common-deployment-2.0.0.Alpha1.jar (32 kB) | quarkus-http-core-4.0.0.Alpha4.jar (679/930 kB) | quarkus-undertow-spi-2.0.0.Alpha1.jar (23 kB)Progress (3): quarkus-resteasy-server-common-deployment-2.0.0.Alpha1.jar (32 kB) | quarkus-http-core-4.0.0.Alpha4.jar (688/930 kB) | quarkus-undertow-spi-2.0.0.Alpha1.jar (23 kB)Progress (3): quarkus-resteasy-server-common-deployment-2.0.0.Alpha1.jar (32 kB) | quarkus-http-core-4.0.0.Alpha4.jar (696/930 kB) | quarkus-undertow-spi-2.0.0.Alpha1.jar (23 kB)Progress (3): quarkus-resteasy-server-common-deployment-2.0.0.Alpha1.jar (32 kB) | quarkus-http-core-4.0.0.Alpha4.jar (704/930 kB) | quarkus-undertow-spi-2.0.0.Alpha1.jar (23 kB)Progress (3): quarkus-resteasy-server-common-deployment-2.0.0.Alpha1.jar (32 kB) | quarkus-http-core-4.0.0.Alpha4.jar (712/930 kB) | quarkus-undertow-spi-2.0.0.Alpha1.jar (23 kB)Progress (3): quarkus-resteasy-server-common-deployment-2.0.0.Alpha1.jar (32 kB) | quarkus-http-core-4.0.0.Alpha4.jar (720/930 kB) | quarkus-undertow-spi-2.0.0.Alpha1.jar (23 kB)Progress (3): quarkus-resteasy-server-common-deployment-2.0.0.Alpha1.jar (32 kB) | quarkus-http-core-4.0.0.Alpha4.jar (729/930 kB) | quarkus-undertow-spi-2.0.0.Alpha1.jar (23 kB)Progress (3): quarkus-resteasy-server-common-deployment-2.0.0.Alpha1.jar (32 kB) | quarkus-http-core-4.0.0.Alpha4.jar (737/930 kB) | quarkus-undertow-spi-2.0.0.Alpha1.jar (23 kB)Progress (3): quarkus-resteasy-server-common-deployment-2.0.0.Alpha1.jar (32 kB) | quarkus-http-core-4.0.0.Alpha4.jar (745/930 kB) | quarkus-undertow-spi-2.0.0.Alpha1.jar (23 kB)Progress (3): quarkus-resteasy-server-common-deployment-2.0.0.Alpha1.jar (32 kB) | quarkus-http-core-4.0.0.Alpha4.jar (753/930 kB) | quarkus-undertow-spi-2.0.0.Alpha1.jar (23 kB)Progress (3): quarkus-resteasy-server-common-deployment-2.0.0.Alpha1.jar (32 kB) | quarkus-http-core-4.0.0.Alpha4.jar (761/930 kB) | quarkus-undertow-spi-2.0.0.Alpha1.jar (23 kB)Progress (3): quarkus-resteasy-server-common-deployment-2.0.0.Alpha1.jar (32 kB) | quarkus-http-core-4.0.0.Alpha4.jar (770/930 kB) | quarkus-undertow-spi-2.0.0.Alpha1.jar (23 kB)Progress (3): quarkus-resteasy-server-common-deployment-2.0.0.Alpha1.jar (32 kB) | quarkus-http-core-4.0.0.Alpha4.jar (778/930 kB) | quarkus-undertow-spi-2.0.0.Alpha1.jar (23 kB)Progress (3): quarkus-resteasy-server-common-deployment-2.0.0.Alpha1.jar (32 kB) | quarkus-http-core-4.0.0.Alpha4.jar (786/930 kB) | quarkus-undertow-spi-2.0.0.Alpha1.jar (23 kB)Progress (4): quarkus-resteasy-server-common-deployment-2.0.0.Alpha1.jar (32 kB) | quarkus-http-core-4.0.0.Alpha4.jar (786/930 kB) | quarkus-undertow-spi-2.0.0.Alpha1.jar (23 kB) | quarkus-netty-deployment-2.0.0.Alpha1.jar (2.7/12 kB)Progress (4): quarkus-resteasy-server-common-deployment-2.0.0.Alpha1.jar (32 kB) | quarkus-http-core-4.0.0.Alpha4.jar (794/930 kB) | quarkus-undertow-spi-2.0.0.Alpha1.jar (23 kB) | quarkus-netty-deployment-2.0.0.Alpha1.jar (2.7/12 kB)Progress (4): quarkus-resteasy-server-common-deployment-2.0.0.Alpha1.jar (32 kB) | quarkus-http-core-4.0.0.Alpha4.jar (794/930 kB) | quarkus-undertow-spi-2.0.0.Alpha1.jar (23 kB) | quarkus-netty-deployment-2.0.0.Alpha1.jar (5.5/12 kB)Progress (4): quarkus-resteasy-server-common-deployment-2.0.0.Alpha1.jar (32 kB) | quarkus-http-core-4.0.0.Alpha4.jar (802/930 kB) | quarkus-undertow-spi-2.0.0.Alpha1.jar (23 kB) | quarkus-netty-deployment-2.0.0.Alpha1.jar (5.5/12 kB)Progress (4): quarkus-resteasy-server-common-deployment-2.0.0.Alpha1.jar (32 kB) | quarkus-http-core-4.0.0.Alpha4.jar (802/930 kB) | quarkus-undertow-spi-2.0.0.Alpha1.jar (23 kB) | quarkus-netty-deployment-2.0.0.Alpha1.jar (8.2/12 kB)Progress (4): quarkus-resteasy-server-common-deployment-2.0.0.Alpha1.jar (32 kB) | quarkus-http-core-4.0.0.Alpha4.jar (810/930 kB) | quarkus-undertow-spi-2.0.0.Alpha1.jar (23 kB) | quarkus-netty-deployment-2.0.0.Alpha1.jar (8.2/12 kB)Progress (4): quarkus-resteasy-server-common-deployment-2.0.0.Alpha1.jar (32 kB) | quarkus-http-core-4.0.0.Alpha4.jar (810/930 kB) | quarkus-undertow-spi-2.0.0.Alpha1.jar (23 kB) | quarkus-netty-deployment-2.0.0.Alpha1.jar (11/12 kB) Progress (4): quarkus-resteasy-server-common-deployment-2.0.0.Alpha1.jar (32 kB) | quarkus-http-core-4.0.0.Alpha4.jar (810/930 kB) | quarkus-undertow-spi-2.0.0.Alpha1.jar (23 kB) | quarkus-netty-deployment-2.0.0.Alpha1.jar (12 kB)   Progress (4): quarkus-resteasy-server-common-deployment-2.0.0.Alpha1.jar (32 kB) | quarkus-http-core-4.0.0.Alpha4.jar (819/930 kB) | quarkus-undertow-spi-2.0.0.Alpha1.jar (23 kB) | quarkus-netty-deployment-2.0.0.Alpha1.jar (12 kB)Progress (4): quarkus-resteasy-server-common-deployment-2.0.0.Alpha1.jar (32 kB) | quarkus-http-core-4.0.0.Alpha4.jar (827/930 kB) | quarkus-undertow-spi-2.0.0.Alpha1.jar (23 kB) | quarkus-netty-deployment-2.0.0.Alpha1.jar (12 kB)Progress (4): quarkus-resteasy-server-common-deployment-2.0.0.Alpha1.jar (32 kB) | quarkus-http-core-4.0.0.Alpha4.jar (835/930 kB) | quarkus-undertow-spi-2.0.0.Alpha1.jar (23 kB) | quarkus-netty-deployment-2.0.0.Alpha1.jar (12 kB)Progress (4): quarkus-resteasy-server-common-deployment-2.0.0.Alpha1.jar (32 kB) | quarkus-http-core-4.0.0.Alpha4.jar (843/930 kB) | quarkus-undertow-spi-2.0.0.Alpha1.jar (23 kB) | quarkus-netty-deployment-2.0.0.Alpha1.jar (12 kB)Progress (4): quarkus-resteasy-server-common-deployment-2.0.0.Alpha1.jar (32 kB) | quarkus-http-core-4.0.0.Alpha4.jar (851/930 kB) | quarkus-undertow-spi-2.0.0.Alpha1.jar (23 kB) | quarkus-netty-deployment-2.0.0.Alpha1.jar (12 kB)                                                                                                                                                                                                                                      Downloaded from central: https://repo.maven.apache.org/maven2/io/quarkus/quarkus-resteasy-server-common-deployment/2.0.0.Alpha1/quarkus-resteasy-server-common-deployment-2.0.0.Alpha1.jar (32 kB at 74 kB/s)
Downloading from central: https://repo.maven.apache.org/maven2/io/quarkus/quarkus-vertx-core-deployment/2.0.0.Alpha1/quarkus-vertx-core-deployment-2.0.0.Alpha1.jar
Progress (3): quarkus-http-core-4.0.0.Alpha4.jar (860/930 kB) | quarkus-undertow-spi-2.0.0.Alpha1.jar (23 kB) | quarkus-netty-deployment-2.0.0.Alpha1.jar (12 kB)Progress (3): quarkus-http-core-4.0.0.Alpha4.jar (868/930 kB) | quarkus-undertow-spi-2.0.0.Alpha1.jar (23 kB) | quarkus-netty-deployment-2.0.0.Alpha1.jar (12 kB)Progress (3): quarkus-http-core-4.0.0.Alpha4.jar (876/930 kB) | quarkus-undertow-spi-2.0.0.Alpha1.jar (23 kB) | quarkus-netty-deployment-2.0.0.Alpha1.jar (12 kB)Progress (3): quarkus-http-core-4.0.0.Alpha4.jar (884/930 kB) | quarkus-undertow-spi-2.0.0.Alpha1.jar (23 kB) | quarkus-netty-deployment-2.0.0.Alpha1.jar (12 kB)Progress (3): quarkus-http-core-4.0.0.Alpha4.jar (892/930 kB) | quarkus-undertow-spi-2.0.0.Alpha1.jar (23 kB) | quarkus-netty-deployment-2.0.0.Alpha1.jar (12 kB)Progress (3): quarkus-http-core-4.0.0.Alpha4.jar (901/930 kB) | quarkus-undertow-spi-2.0.0.Alpha1.jar (23 kB) | quarkus-netty-deployment-2.0.0.Alpha1.jar (12 kB)Progress (3): quarkus-http-core-4.0.0.Alpha4.jar (909/930 kB) | quarkus-undertow-spi-2.0.0.Alpha1.jar (23 kB) | quarkus-netty-deployment-2.0.0.Alpha1.jar (12 kB)Progress (3): quarkus-http-core-4.0.0.Alpha4.jar (917/930 kB) | quarkus-undertow-spi-2.0.0.Alpha1.jar (23 kB) | quarkus-netty-deployment-2.0.0.Alpha1.jar (12 kB)Progress (3): quarkus-http-core-4.0.0.Alpha4.jar (925/930 kB) | quarkus-undertow-spi-2.0.0.Alpha1.jar (23 kB) | quarkus-netty-deployment-2.0.0.Alpha1.jar (12 kB)Progress (3): quarkus-http-core-4.0.0.Alpha4.jar (930 kB) | quarkus-undertow-spi-2.0.0.Alpha1.jar (23 kB) | quarkus-netty-deployment-2.0.0.Alpha1.jar (12 kB)                                                                                                                                                                 Downloaded from central: https://repo.maven.apache.org/maven2/io/quarkus/quarkus-undertow-spi/2.0.0.Alpha1/quarkus-undertow-spi-2.0.0.Alpha1.jar (23 kB at 51 kB/s)
Downloading from central: https://repo.maven.apache.org/maven2/io/quarkus/quarkus-smallrye-context-propagation-deployment/2.0.0.Alpha1/quarkus-smallrye-context-propagation-deployment-2.0.0.Alpha1.jar
Progress (3): quarkus-http-core-4.0.0.Alpha4.jar (930 kB) | quarkus-netty-deployment-2.0.0.Alpha1.jar (12 kB) | quarkus-http-servlet-4.0.0.Alpha4.jar (4.1/496 kB)Progress (3): quarkus-http-core-4.0.0.Alpha4.jar (930 kB) | quarkus-netty-deployment-2.0.0.Alpha1.jar (12 kB) | quarkus-http-servlet-4.0.0.Alpha4.jar (8.2/496 kB)Progress (3): quarkus-http-core-4.0.0.Alpha4.jar (930 kB) | quarkus-netty-deployment-2.0.0.Alpha1.jar (12 kB) | quarkus-http-servlet-4.0.0.Alpha4.jar (12/496 kB) Progress (3): quarkus-http-core-4.0.0.Alpha4.jar (930 kB) | quarkus-netty-deployment-2.0.0.Alpha1.jar (12 kB) | quarkus-http-servlet-4.0.0.Alpha4.jar (16/496 kB)Progress (3): quarkus-http-core-4.0.0.Alpha4.jar (930 kB) | quarkus-netty-deployment-2.0.0.Alpha1.jar (12 kB) | quarkus-http-servlet-4.0.0.Alpha4.jar (20/496 kB)Progress (3): quarkus-http-core-4.0.0.Alpha4.jar (930 kB) | quarkus-netty-deployment-2.0.0.Alpha1.jar (12 kB) | quarkus-http-servlet-4.0.0.Alpha4.jar (25/496 kB)Progress (3): quarkus-http-core-4.0.0.Alpha4.jar (930 kB) | quarkus-netty-deployment-2.0.0.Alpha1.jar (12 kB) | quarkus-http-servlet-4.0.0.Alpha4.jar (29/496 kB)Progress (3): quarkus-http-core-4.0.0.Alpha4.jar (930 kB) | quarkus-netty-deployment-2.0.0.Alpha1.jar (12 kB) | quarkus-http-servlet-4.0.0.Alpha4.jar (33/496 kB)Progress (3): quarkus-http-core-4.0.0.Alpha4.jar (930 kB) | quarkus-netty-deployment-2.0.0.Alpha1.jar (12 kB) | quarkus-http-servlet-4.0.0.Alpha4.jar (37/496 kB)Progress (3): quarkus-http-core-4.0.0.Alpha4.jar (930 kB) | quarkus-netty-deployment-2.0.0.Alpha1.jar (12 kB) | quarkus-http-servlet-4.0.0.Alpha4.jar (41/496 kB)Progress (3): quarkus-http-core-4.0.0.Alpha4.jar (930 kB) | quarkus-netty-deployment-2.0.0.Alpha1.jar (12 kB) | quarkus-http-servlet-4.0.0.Alpha4.jar (45/496 kB)Progress (3): quarkus-http-core-4.0.0.Alpha4.jar (930 kB) | quarkus-netty-deployment-2.0.0.Alpha1.jar (12 kB) | quarkus-http-servlet-4.0.0.Alpha4.jar (49/496 kB)Progress (3): quarkus-http-core-4.0.0.Alpha4.jar (930 kB) | quarkus-netty-deployment-2.0.0.Alpha1.jar (12 kB) | quarkus-http-servlet-4.0.0.Alpha4.jar (53/496 kB)Progress (3): quarkus-http-core-4.0.0.Alpha4.jar (930 kB) | quarkus-netty-deployment-2.0.0.Alpha1.jar (12 kB) | quarkus-http-servlet-4.0.0.Alpha4.jar (57/496 kB)Progress (3): quarkus-http-core-4.0.0.Alpha4.jar (930 kB) | quarkus-netty-deployment-2.0.0.Alpha1.jar (12 kB) | quarkus-http-servlet-4.0.0.Alpha4.jar (61/496 kB)Progress (3): quarkus-http-core-4.0.0.Alpha4.jar (930 kB) | quarkus-netty-deployment-2.0.0.Alpha1.jar (12 kB) | quarkus-http-servlet-4.0.0.Alpha4.jar (66/496 kB)Progress (3): quarkus-http-core-4.0.0.Alpha4.jar (930 kB) | quarkus-netty-deployment-2.0.0.Alpha1.jar (12 kB) | quarkus-http-servlet-4.0.0.Alpha4.jar (70/496 kB)Progress (3): quarkus-http-core-4.0.0.Alpha4.jar (930 kB) | quarkus-netty-deployment-2.0.0.Alpha1.jar (12 kB) | quarkus-http-servlet-4.0.0.Alpha4.jar (74/496 kB)Progress (3): quarkus-http-core-4.0.0.Alpha4.jar (930 kB) | quarkus-netty-deployment-2.0.0.Alpha1.jar (12 kB) | quarkus-http-servlet-4.0.0.Alpha4.jar (78/496 kB)Progress (3): quarkus-http-core-4.0.0.Alpha4.jar (930 kB) | quarkus-netty-deployment-2.0.0.Alpha1.jar (12 kB) | quarkus-http-servlet-4.0.0.Alpha4.jar (82/496 kB)Progress (3): quarkus-http-core-4.0.0.Alpha4.jar (930 kB) | quarkus-netty-deployment-2.0.0.Alpha1.jar (12 kB) | quarkus-http-servlet-4.0.0.Alpha4.jar (86/496 kB)Progress (3): quarkus-http-core-4.0.0.Alpha4.jar (930 kB) | quarkus-netty-deployment-2.0.0.Alpha1.jar (12 kB) | quarkus-http-servlet-4.0.0.Alpha4.jar (90/496 kB)Progress (3): quarkus-http-core-4.0.0.Alpha4.jar (930 kB) | quarkus-netty-deployment-2.0.0.Alpha1.jar (12 kB) | quarkus-http-servlet-4.0.0.Alpha4.jar (94/496 kB)Progress (3): quarkus-http-core-4.0.0.Alpha4.jar (930 kB) | quarkus-netty-deployment-2.0.0.Alpha1.jar (12 kB) | quarkus-http-servlet-4.0.0.Alpha4.jar (98/496 kB)Progress (3): quarkus-http-core-4.0.0.Alpha4.jar (930 kB) | quarkus-netty-deployment-2.0.0.Alpha1.jar (12 kB) | quarkus-http-servlet-4.0.0.Alpha4.jar (102/496 kB)Progress (3): quarkus-http-core-4.0.0.Alpha4.jar (930 kB) | quarkus-netty-deployment-2.0.0.Alpha1.jar (12 kB) | quarkus-http-servlet-4.0.0.Alpha4.jar (106/496 kB)Progress (3): quarkus-http-core-4.0.0.Alpha4.jar (930 kB) | quarkus-netty-deployment-2.0.0.Alpha1.jar (12 kB) | quarkus-http-servlet-4.0.0.Alpha4.jar (111/496 kB)Progress (3): quarkus-http-core-4.0.0.Alpha4.jar (930 kB) | quarkus-netty-deployment-2.0.0.Alpha1.jar (12 kB) | quarkus-http-servlet-4.0.0.Alpha4.jar (115/496 kB)Progress (3): quarkus-http-core-4.0.0.Alpha4.jar (930 kB) | quarkus-netty-deployment-2.0.0.Alpha1.jar (12 kB) | quarkus-http-servlet-4.0.0.Alpha4.jar (119/496 kB)Progress (3): quarkus-http-core-4.0.0.Alpha4.jar (930 kB) | quarkus-netty-deployment-2.0.0.Alpha1.jar (12 kB) | quarkus-http-servlet-4.0.0.Alpha4.jar (123/496 kB)Progress (3): quarkus-http-core-4.0.0.Alpha4.jar (930 kB) | quarkus-netty-deployment-2.0.0.Alpha1.jar (12 kB) | quarkus-http-servlet-4.0.0.Alpha4.jar (127/496 kB)Progress (3): quarkus-http-core-4.0.0.Alpha4.jar (930 kB) | quarkus-netty-deployment-2.0.0.Alpha1.jar (12 kB) | quarkus-http-servlet-4.0.0.Alpha4.jar (131/496 kB)Progress (3): quarkus-http-core-4.0.0.Alpha4.jar (930 kB) | quarkus-netty-deployment-2.0.0.Alpha1.jar (12 kB) | quarkus-http-servlet-4.0.0.Alpha4.jar (135/496 kB)Progress (3): quarkus-http-core-4.0.0.Alpha4.jar (930 kB) | quarkus-netty-deployment-2.0.0.Alpha1.jar (12 kB) | quarkus-http-servlet-4.0.0.Alpha4.jar (139/496 kB)Progress (3): quarkus-http-core-4.0.0.Alpha4.jar (930 kB) | quarkus-netty-deployment-2.0.0.Alpha1.jar (12 kB) | quarkus-http-servlet-4.0.0.Alpha4.jar (143/496 kB)Progress (3): quarkus-http-core-4.0.0.Alpha4.jar (930 kB) | quarkus-netty-deployment-2.0.0.Alpha1.jar (12 kB) | quarkus-http-servlet-4.0.0.Alpha4.jar (147/496 kB)Progress (3): quarkus-http-core-4.0.0.Alpha4.jar (930 kB) | quarkus-netty-deployment-2.0.0.Alpha1.jar (12 kB) | quarkus-http-servlet-4.0.0.Alpha4.jar (152/496 kB)Progress (3): quarkus-http-core-4.0.0.Alpha4.jar (930 kB) | quarkus-netty-deployment-2.0.0.Alpha1.jar (12 kB) | quarkus-http-servlet-4.0.0.Alpha4.jar (156/496 kB)Progress (3): quarkus-http-core-4.0.0.Alpha4.jar (930 kB) | quarkus-netty-deployment-2.0.0.Alpha1.jar (12 kB) | quarkus-http-servlet-4.0.0.Alpha4.jar (160/496 kB)Progress (3): quarkus-http-core-4.0.0.Alpha4.jar (930 kB) | quarkus-netty-deployment-2.0.0.Alpha1.jar (12 kB) | quarkus-http-servlet-4.0.0.Alpha4.jar (164/496 kB)Progress (3): quarkus-http-core-4.0.0.Alpha4.jar (930 kB) | quarkus-netty-deployment-2.0.0.Alpha1.jar (12 kB) | quarkus-http-servlet-4.0.0.Alpha4.jar (168/496 kB)Progress (3): quarkus-http-core-4.0.0.Alpha4.jar (930 kB) | quarkus-netty-deployment-2.0.0.Alpha1.jar (12 kB) | quarkus-http-servlet-4.0.0.Alpha4.jar (172/496 kB)Progress (3): quarkus-http-core-4.0.0.Alpha4.jar (930 kB) | quarkus-netty-deployment-2.0.0.Alpha1.jar (12 kB) | quarkus-http-servlet-4.0.0.Alpha4.jar (176/496 kB)Progress (3): quarkus-http-core-4.0.0.Alpha4.jar (930 kB) | quarkus-netty-deployment-2.0.0.Alpha1.jar (12 kB) | quarkus-http-servlet-4.0.0.Alpha4.jar (180/496 kB)Progress (3): quarkus-http-core-4.0.0.Alpha4.jar (930 kB) | quarkus-netty-deployment-2.0.0.Alpha1.jar (12 kB) | quarkus-http-servlet-4.0.0.Alpha4.jar (184/496 kB)Progress (3): quarkus-http-core-4.0.0.Alpha4.jar (930 kB) | quarkus-netty-deployment-2.0.0.Alpha1.jar (12 kB) | quarkus-http-servlet-4.0.0.Alpha4.jar (188/496 kB)Progress (3): quarkus-http-core-4.0.0.Alpha4.jar (930 kB) | quarkus-netty-deployment-2.0.0.Alpha1.jar (12 kB) | quarkus-http-servlet-4.0.0.Alpha4.jar (193/496 kB)Progress (3): quarkus-http-core-4.0.0.Alpha4.jar (930 kB) | quarkus-netty-deployment-2.0.0.Alpha1.jar (12 kB) | quarkus-http-servlet-4.0.0.Alpha4.jar (197/496 kB)Progress (3): quarkus-http-core-4.0.0.Alpha4.jar (930 kB) | quarkus-netty-deployment-2.0.0.Alpha1.jar (12 kB) | quarkus-http-servlet-4.0.0.Alpha4.jar (201/496 kB)Progress (3): quarkus-http-core-4.0.0.Alpha4.jar (930 kB) | quarkus-netty-deployment-2.0.0.Alpha1.jar (12 kB) | quarkus-http-servlet-4.0.0.Alpha4.jar (205/496 kB)Progress (3): quarkus-http-core-4.0.0.Alpha4.jar (930 kB) | quarkus-netty-deployment-2.0.0.Alpha1.jar (12 kB) | quarkus-http-servlet-4.0.0.Alpha4.jar (209/496 kB)Progress (3): quarkus-http-core-4.0.0.Alpha4.jar (930 kB) | quarkus-netty-deployment-2.0.0.Alpha1.jar (12 kB) | quarkus-http-servlet-4.0.0.Alpha4.jar (213/496 kB)Progress (3): quarkus-http-core-4.0.0.Alpha4.jar (930 kB) | quarkus-netty-deployment-2.0.0.Alpha1.jar (12 kB) | quarkus-http-servlet-4.0.0.Alpha4.jar (217/496 kB)Progress (3): quarkus-http-core-4.0.0.Alpha4.jar (930 kB) | quarkus-netty-deployment-2.0.0.Alpha1.jar (12 kB) | quarkus-http-servlet-4.0.0.Alpha4.jar (221/496 kB)Progress (3): quarkus-http-core-4.0.0.Alpha4.jar (930 kB) | quarkus-netty-deployment-2.0.0.Alpha1.jar (12 kB) | quarkus-http-servlet-4.0.0.Alpha4.jar (225/496 kB)Progress (3): quarkus-http-core-4.0.0.Alpha4.jar (930 kB) | quarkus-netty-deployment-2.0.0.Alpha1.jar (12 kB) | quarkus-http-servlet-4.0.0.Alpha4.jar (229/496 kB)Progress (3): quarkus-http-core-4.0.0.Alpha4.jar (930 kB) | quarkus-netty-deployment-2.0.0.Alpha1.jar (12 kB) | quarkus-http-servlet-4.0.0.Alpha4.jar (233/496 kB)Progress (3): quarkus-http-core-4.0.0.Alpha4.jar (930 kB) | quarkus-netty-deployment-2.0.0.Alpha1.jar (12 kB) | quarkus-http-servlet-4.0.0.Alpha4.jar (238/496 kB)Progress (3): quarkus-http-core-4.0.0.Alpha4.jar (930 kB) | quarkus-netty-deployment-2.0.0.Alpha1.jar (12 kB) | quarkus-http-servlet-4.0.0.Alpha4.jar (242/496 kB)Progress (3): quarkus-http-core-4.0.0.Alpha4.jar (930 kB) | quarkus-netty-deployment-2.0.0.Alpha1.jar (12 kB) | quarkus-http-servlet-4.0.0.Alpha4.jar (246/496 kB)Progress (3): quarkus-http-core-4.0.0.Alpha4.jar (930 kB) | quarkus-netty-deployment-2.0.0.Alpha1.jar (12 kB) | quarkus-http-servlet-4.0.0.Alpha4.jar (250/496 kB)Progress (3): quarkus-http-core-4.0.0.Alpha4.jar (930 kB) | quarkus-netty-deployment-2.0.0.Alpha1.jar (12 kB) | quarkus-http-servlet-4.0.0.Alpha4.jar (254/496 kB)Progress (3): quarkus-http-core-4.0.0.Alpha4.jar (930 kB) | quarkus-netty-deployment-2.0.0.Alpha1.jar (12 kB) | quarkus-http-servlet-4.0.0.Alpha4.jar (258/496 kB)Progress (3): quarkus-http-core-4.0.0.Alpha4.jar (930 kB) | quarkus-netty-deployment-2.0.0.Alpha1.jar (12 kB) | quarkus-http-servlet-4.0.0.Alpha4.jar (262/496 kB)Progress (3): quarkus-http-core-4.0.0.Alpha4.jar (930 kB) | quarkus-netty-deployment-2.0.0.Alpha1.jar (12 kB) | quarkus-http-servlet-4.0.0.Alpha4.jar (266/496 kB)Progress (4): quarkus-http-core-4.0.0.Alpha4.jar (930 kB) | quarkus-netty-deployment-2.0.0.Alpha1.jar (12 kB) | quarkus-http-servlet-4.0.0.Alpha4.jar (266/496 kB) | quarkus-vertx-core-deployment-2.0.0.Alpha1.jar (2.7/9.2 kB)Progress (4): quarkus-http-core-4.0.0.Alpha4.jar (930 kB) | quarkus-netty-deployment-2.0.0.Alpha1.jar (12 kB) | quarkus-http-servlet-4.0.0.Alpha4.jar (270/496 kB) | quarkus-vertx-core-deployment-2.0.0.Alpha1.jar (2.7/9.2 kB)Progress (4): quarkus-http-core-4.0.0.Alpha4.jar (930 kB) | quarkus-netty-deployment-2.0.0.Alpha1.jar (12 kB) | quarkus-http-servlet-4.0.0.Alpha4.jar (270/496 kB) | quarkus-vertx-core-deployment-2.0.0.Alpha1.jar (5.5/9.2 kB)Progress (4): quarkus-http-core-4.0.0.Alpha4.jar (930 kB) | quarkus-netty-deployment-2.0.0.Alpha1.jar (12 kB) | quarkus-http-servlet-4.0.0.Alpha4.jar (270/496 kB) | quarkus-vertx-core-deployment-2.0.0.Alpha1.jar (8.2/9.2 kB)Progress (4): quarkus-http-core-4.0.0.Alpha4.jar (930 kB) | quarkus-netty-deployment-2.0.0.Alpha1.jar (12 kB) | quarkus-http-servlet-4.0.0.Alpha4.jar (274/496 kB) | quarkus-vertx-core-deployment-2.0.0.Alpha1.jar (8.2/9.2 kB)Progress (4): quarkus-http-core-4.0.0.Alpha4.jar (930 kB) | quarkus-netty-deployment-2.0.0.Alpha1.jar (12 kB) | quarkus-http-servlet-4.0.0.Alpha4.jar (274/496 kB) | quarkus-vertx-core-deployment-2.0.0.Alpha1.jar (9.2 kB)    Progress (4): quarkus-http-core-4.0.0.Alpha4.jar (930 kB) | quarkus-netty-deployment-2.0.0.Alpha1.jar (12 kB) | quarkus-http-servlet-4.0.0.Alpha4.jar (279/496 kB) | quarkus-vertx-core-deployment-2.0.0.Alpha1.jar (9.2 kB)Progress (4): quarkus-http-core-4.0.0.Alpha4.jar (930 kB) | quarkus-netty-deployment-2.0.0.Alpha1.jar (12 kB) | quarkus-http-servlet-4.0.0.Alpha4.jar (283/496 kB) | quarkus-vertx-core-deployment-2.0.0.Alpha1.jar (9.2 kB)Progress (4): quarkus-http-core-4.0.0.Alpha4.jar (930 kB) | quarkus-netty-deployment-2.0.0.Alpha1.jar (12 kB) | quarkus-http-servlet-4.0.0.Alpha4.jar (287/496 kB) | quarkus-vertx-core-deployment-2.0.0.Alpha1.jar (9.2 kB)Progress (4): quarkus-http-core-4.0.0.Alpha4.jar (930 kB) | quarkus-netty-deployment-2.0.0.Alpha1.jar (12 kB) | quarkus-http-servlet-4.0.0.Alpha4.jar (291/496 kB) | quarkus-vertx-core-deployment-2.0.0.Alpha1.jar (9.2 kB)Progress (4): quarkus-http-core-4.0.0.Alpha4.jar (930 kB) | quarkus-netty-deployment-2.0.0.Alpha1.jar (12 kB) | quarkus-http-servlet-4.0.0.Alpha4.jar (295/496 kB) | quarkus-vertx-core-deployment-2.0.0.Alpha1.jar (9.2 kB)                                                                                                                                                                                                                            Downloaded from central: https://repo.maven.apache.org/maven2/io/quarkus/http/quarkus-http-core/4.0.0.Alpha4/quarkus-http-core-4.0.0.Alpha4.jar (930 kB at 1.7 MB/s)
Downloading from central: https://repo.maven.apache.org/maven2/io/quarkus/quarkus-mutiny-deployment/2.0.0.Alpha1/quarkus-mutiny-deployment-2.0.0.Alpha1.jar
Progress (3): quarkus-netty-deployment-2.0.0.Alpha1.jar (12 kB) | quarkus-http-servlet-4.0.0.Alpha4.jar (299/496 kB) | quarkus-vertx-core-deployment-2.0.0.Alpha1.jar (9.2 kB)Progress (3): quarkus-netty-deployment-2.0.0.Alpha1.jar (12 kB) | quarkus-http-servlet-4.0.0.Alpha4.jar (303/496 kB) | quarkus-vertx-core-deployment-2.0.0.Alpha1.jar (9.2 kB)Progress (3): quarkus-netty-deployment-2.0.0.Alpha1.jar (12 kB) | quarkus-http-servlet-4.0.0.Alpha4.jar (307/496 kB) | quarkus-vertx-core-deployment-2.0.0.Alpha1.jar (9.2 kB)Progress (3): quarkus-netty-deployment-2.0.0.Alpha1.jar (12 kB) | quarkus-http-servlet-4.0.0.Alpha4.jar (311/496 kB) | quarkus-vertx-core-deployment-2.0.0.Alpha1.jar (9.2 kB)Progress (3): quarkus-netty-deployment-2.0.0.Alpha1.jar (12 kB) | quarkus-http-servlet-4.0.0.Alpha4.jar (315/496 kB) | quarkus-vertx-core-deployment-2.0.0.Alpha1.jar (9.2 kB)Progress (3): quarkus-netty-deployment-2.0.0.Alpha1.jar (12 kB) | quarkus-http-servlet-4.0.0.Alpha4.jar (319/496 kB) | quarkus-vertx-core-deployment-2.0.0.Alpha1.jar (9.2 kB)Progress (3): quarkus-netty-deployment-2.0.0.Alpha1.jar (12 kB) | quarkus-http-servlet-4.0.0.Alpha4.jar (324/496 kB) | quarkus-vertx-core-deployment-2.0.0.Alpha1.jar (9.2 kB)Progress (3): quarkus-netty-deployment-2.0.0.Alpha1.jar (12 kB) | quarkus-http-servlet-4.0.0.Alpha4.jar (328/496 kB) | quarkus-vertx-core-deployment-2.0.0.Alpha1.jar (9.2 kB)Progress (3): quarkus-netty-deployment-2.0.0.Alpha1.jar (12 kB) | quarkus-http-servlet-4.0.0.Alpha4.jar (332/496 kB) | quarkus-vertx-core-deployment-2.0.0.Alpha1.jar (9.2 kB)Progress (3): quarkus-netty-deployment-2.0.0.Alpha1.jar (12 kB) | quarkus-http-servlet-4.0.0.Alpha4.jar (336/496 kB) | quarkus-vertx-core-deployment-2.0.0.Alpha1.jar (9.2 kB)Progress (3): quarkus-netty-deployment-2.0.0.Alpha1.jar (12 kB) | quarkus-http-servlet-4.0.0.Alpha4.jar (340/496 kB) | quarkus-vertx-core-deployment-2.0.0.Alpha1.jar (9.2 kB)Progress (3): quarkus-netty-deployment-2.0.0.Alpha1.jar (12 kB) | quarkus-http-servlet-4.0.0.Alpha4.jar (344/496 kB) | quarkus-vertx-core-deployment-2.0.0.Alpha1.jar (9.2 kB)Progress (3): quarkus-netty-deployment-2.0.0.Alpha1.jar (12 kB) | quarkus-http-servlet-4.0.0.Alpha4.jar (348/496 kB) | quarkus-vertx-core-deployment-2.0.0.Alpha1.jar (9.2 kB)Progress (3): quarkus-netty-deployment-2.0.0.Alpha1.jar (12 kB) | quarkus-http-servlet-4.0.0.Alpha4.jar (352/496 kB) | quarkus-vertx-core-deployment-2.0.0.Alpha1.jar (9.2 kB)Progress (3): quarkus-netty-deployment-2.0.0.Alpha1.jar (12 kB) | quarkus-http-servlet-4.0.0.Alpha4.jar (356/496 kB) | quarkus-vertx-core-deployment-2.0.0.Alpha1.jar (9.2 kB)Progress (3): quarkus-netty-deployment-2.0.0.Alpha1.jar (12 kB) | quarkus-http-servlet-4.0.0.Alpha4.jar (360/496 kB) | quarkus-vertx-core-deployment-2.0.0.Alpha1.jar (9.2 kB)Progress (3): quarkus-netty-deployment-2.0.0.Alpha1.jar (12 kB) | quarkus-http-servlet-4.0.0.Alpha4.jar (365/496 kB) | quarkus-vertx-core-deployment-2.0.0.Alpha1.jar (9.2 kB)Progress (3): quarkus-netty-deployment-2.0.0.Alpha1.jar (12 kB) | quarkus-http-servlet-4.0.0.Alpha4.jar (369/496 kB) | quarkus-vertx-core-deployment-2.0.0.Alpha1.jar (9.2 kB)Progress (3): quarkus-netty-deployment-2.0.0.Alpha1.jar (12 kB) | quarkus-http-servlet-4.0.0.Alpha4.jar (373/496 kB) | quarkus-vertx-core-deployment-2.0.0.Alpha1.jar (9.2 kB)Progress (3): quarkus-netty-deployment-2.0.0.Alpha1.jar (12 kB) | quarkus-http-servlet-4.0.0.Alpha4.jar (377/496 kB) | quarkus-vertx-core-deployment-2.0.0.Alpha1.jar (9.2 kB)Progress (3): quarkus-netty-deployment-2.0.0.Alpha1.jar (12 kB) | quarkus-http-servlet-4.0.0.Alpha4.jar (381/496 kB) | quarkus-vertx-core-deployment-2.0.0.Alpha1.jar (9.2 kB)Progress (4): quarkus-netty-deployment-2.0.0.Alpha1.jar (12 kB) | quarkus-http-servlet-4.0.0.Alpha4.jar (381/496 kB) | quarkus-vertx-core-deployment-2.0.0.Alpha1.jar (9.2 kB) | quarkus-smallrye-context-propagation-deployment-2.0.0.Alpha1.jar (4.1/6.8 kB)Progress (4): quarkus-netty-deployment-2.0.0.Alpha1.jar (12 kB) | quarkus-http-servlet-4.0.0.Alpha4.jar (385/496 kB) | quarkus-vertx-core-deployment-2.0.0.Alpha1.jar (9.2 kB) | quarkus-smallrye-context-propagation-deployment-2.0.0.Alpha1.jar (4.1/6.8 kB)Progress (4): quarkus-netty-deployment-2.0.0.Alpha1.jar (12 kB) | quarkus-http-servlet-4.0.0.Alpha4.jar (385/496 kB) | quarkus-vertx-core-deployment-2.0.0.Alpha1.jar (9.2 kB) | quarkus-smallrye-context-propagation-deployment-2.0.0.Alpha1.jar (6.8 kB)    Progress (4): quarkus-netty-deployment-2.0.0.Alpha1.jar (12 kB) | quarkus-http-servlet-4.0.0.Alpha4.jar (389/496 kB) | quarkus-vertx-core-deployment-2.0.0.Alpha1.jar (9.2 kB) | quarkus-smallrye-context-propagation-deployment-2.0.0.Alpha1.jar (6.8 kB)Progress (4): quarkus-netty-deployment-2.0.0.Alpha1.jar (12 kB) | quarkus-http-servlet-4.0.0.Alpha4.jar (393/496 kB) | quarkus-vertx-core-deployment-2.0.0.Alpha1.jar (9.2 kB) | quarkus-smallrye-context-propagation-deployment-2.0.0.Alpha1.jar (6.8 kB)Progress (4): quarkus-netty-deployment-2.0.0.Alpha1.jar (12 kB) | quarkus-http-servlet-4.0.0.Alpha4.jar (397/496 kB) | quarkus-vertx-core-deployment-2.0.0.Alpha1.jar (9.2 kB) | quarkus-smallrye-context-propagation-deployment-2.0.0.Alpha1.jar (6.8 kB)Progress (4): quarkus-netty-deployment-2.0.0.Alpha1.jar (12 kB) | quarkus-http-servlet-4.0.0.Alpha4.jar (401/496 kB) | quarkus-vertx-core-deployment-2.0.0.Alpha1.jar (9.2 kB) | quarkus-smallrye-context-propagation-deployment-2.0.0.Alpha1.jar (6.8 kB)Progress (4): quarkus-netty-deployment-2.0.0.Alpha1.jar (12 kB) | quarkus-http-servlet-4.0.0.Alpha4.jar (406/496 kB) | quarkus-vertx-core-deployment-2.0.0.Alpha1.jar (9.2 kB) | quarkus-smallrye-context-propagation-deployment-2.0.0.Alpha1.jar (6.8 kB)Progress (4): quarkus-netty-deployment-2.0.0.Alpha1.jar (12 kB) | quarkus-http-servlet-4.0.0.Alpha4.jar (410/496 kB) | quarkus-vertx-core-deployment-2.0.0.Alpha1.jar (9.2 kB) | quarkus-smallrye-context-propagation-deployment-2.0.0.Alpha1.jar (6.8 kB)Progress (4): quarkus-netty-deployment-2.0.0.Alpha1.jar (12 kB) | quarkus-http-servlet-4.0.0.Alpha4.jar (414/496 kB) | quarkus-vertx-core-deployment-2.0.0.Alpha1.jar (9.2 kB) | quarkus-smallrye-context-propagation-deployment-2.0.0.Alpha1.jar (6.8 kB)Progress (4): quarkus-netty-deployment-2.0.0.Alpha1.jar (12 kB) | quarkus-http-servlet-4.0.0.Alpha4.jar (418/496 kB) | quarkus-vertx-core-deployment-2.0.0.Alpha1.jar (9.2 kB) | quarkus-smallrye-context-propagation-deployment-2.0.0.Alpha1.jar (6.8 kB)Progress (4): quarkus-netty-deployment-2.0.0.Alpha1.jar (12 kB) | quarkus-http-servlet-4.0.0.Alpha4.jar (422/496 kB) | quarkus-vertx-core-deployment-2.0.0.Alpha1.jar (9.2 kB) | quarkus-smallrye-context-propagation-deployment-2.0.0.Alpha1.jar (6.8 kB)Progress (4): quarkus-netty-deployment-2.0.0.Alpha1.jar (12 kB) | quarkus-http-servlet-4.0.0.Alpha4.jar (426/496 kB) | quarkus-vertx-core-deployment-2.0.0.Alpha1.jar (9.2 kB) | quarkus-smallrye-context-propagation-deployment-2.0.0.Alpha1.jar (6.8 kB)Progress (4): quarkus-netty-deployment-2.0.0.Alpha1.jar (12 kB) | quarkus-http-servlet-4.0.0.Alpha4.jar (430/496 kB) | quarkus-vertx-core-deployment-2.0.0.Alpha1.jar (9.2 kB) | quarkus-smallrye-context-propagation-deployment-2.0.0.Alpha1.jar (6.8 kB)Progress (4): quarkus-netty-deployment-2.0.0.Alpha1.jar (12 kB) | quarkus-http-servlet-4.0.0.Alpha4.jar (434/496 kB) | quarkus-vertx-core-deployment-2.0.0.Alpha1.jar (9.2 kB) | quarkus-smallrye-context-propagation-deployment-2.0.0.Alpha1.jar (6.8 kB)Progress (4): quarkus-netty-deployment-2.0.0.Alpha1.jar (12 kB) | quarkus-http-servlet-4.0.0.Alpha4.jar (438/496 kB) | quarkus-vertx-core-deployment-2.0.0.Alpha1.jar (9.2 kB) | quarkus-smallrye-context-propagation-deployment-2.0.0.Alpha1.jar (6.8 kB)Progress (4): quarkus-netty-deployment-2.0.0.Alpha1.jar (12 kB) | quarkus-http-servlet-4.0.0.Alpha4.jar (442/496 kB) | quarkus-vertx-core-deployment-2.0.0.Alpha1.jar (9.2 kB) | quarkus-smallrye-context-propagation-deployment-2.0.0.Alpha1.jar (6.8 kB)Progress (4): quarkus-netty-deployment-2.0.0.Alpha1.jar (12 kB) | quarkus-http-servlet-4.0.0.Alpha4.jar (446/496 kB) | quarkus-vertx-core-deployment-2.0.0.Alpha1.jar (9.2 kB) | quarkus-smallrye-context-propagation-deployment-2.0.0.Alpha1.jar (6.8 kB)Progress (4): quarkus-netty-deployment-2.0.0.Alpha1.jar (12 kB) | quarkus-http-servlet-4.0.0.Alpha4.jar (451/496 kB) | quarkus-vertx-core-deployment-2.0.0.Alpha1.jar (9.2 kB) | quarkus-smallrye-context-propagation-deployment-2.0.0.Alpha1.jar (6.8 kB)Progress (4): quarkus-netty-deployment-2.0.0.Alpha1.jar (12 kB) | quarkus-http-servlet-4.0.0.Alpha4.jar (455/496 kB) | quarkus-vertx-core-deployment-2.0.0.Alpha1.jar (9.2 kB) | quarkus-smallrye-context-propagation-deployment-2.0.0.Alpha1.jar (6.8 kB)Progress (4): quarkus-netty-deployment-2.0.0.Alpha1.jar (12 kB) | quarkus-http-servlet-4.0.0.Alpha4.jar (459/496 kB) | quarkus-vertx-core-deployment-2.0.0.Alpha1.jar (9.2 kB) | quarkus-smallrye-context-propagation-deployment-2.0.0.Alpha1.jar (6.8 kB)Progress (4): quarkus-netty-deployment-2.0.0.Alpha1.jar (12 kB) | quarkus-http-servlet-4.0.0.Alpha4.jar (463/496 kB) | quarkus-vertx-core-deployment-2.0.0.Alpha1.jar (9.2 kB) | quarkus-smallrye-context-propagation-deployment-2.0.0.Alpha1.jar (6.8 kB)Progress (4): quarkus-netty-deployment-2.0.0.Alpha1.jar (12 kB) | quarkus-http-servlet-4.0.0.Alpha4.jar (467/496 kB) | quarkus-vertx-core-deployment-2.0.0.Alpha1.jar (9.2 kB) | quarkus-smallrye-context-propagation-deployment-2.0.0.Alpha1.jar (6.8 kB)Progress (4): quarkus-netty-deployment-2.0.0.Alpha1.jar (12 kB) | quarkus-http-servlet-4.0.0.Alpha4.jar (471/496 kB) | quarkus-vertx-core-deployment-2.0.0.Alpha1.jar (9.2 kB) | quarkus-smallrye-context-propagation-deployment-2.0.0.Alpha1.jar (6.8 kB)Progress (4): quarkus-netty-deployment-2.0.0.Alpha1.jar (12 kB) | quarkus-http-servlet-4.0.0.Alpha4.jar (475/496 kB) | quarkus-vertx-core-deployment-2.0.0.Alpha1.jar (9.2 kB) | quarkus-smallrye-context-propagation-deployment-2.0.0.Alpha1.jar (6.8 kB)Progress (4): quarkus-netty-deployment-2.0.0.Alpha1.jar (12 kB) | quarkus-http-servlet-4.0.0.Alpha4.jar (479/496 kB) | quarkus-vertx-core-deployment-2.0.0.Alpha1.jar (9.2 kB) | quarkus-smallrye-context-propagation-deployment-2.0.0.Alpha1.jar (6.8 kB)Progress (4): quarkus-netty-deployment-2.0.0.Alpha1.jar (12 kB) | quarkus-http-servlet-4.0.0.Alpha4.jar (483/496 kB) | quarkus-vertx-core-deployment-2.0.0.Alpha1.jar (9.2 kB) | quarkus-smallrye-context-propagation-deployment-2.0.0.Alpha1.jar (6.8 kB)Progress (4): quarkus-netty-deployment-2.0.0.Alpha1.jar (12 kB) | quarkus-http-servlet-4.0.0.Alpha4.jar (487/496 kB) | quarkus-vertx-core-deployment-2.0.0.Alpha1.jar (9.2 kB) | quarkus-smallrye-context-propagation-deployment-2.0.0.Alpha1.jar (6.8 kB)Progress (4): quarkus-netty-deployment-2.0.0.Alpha1.jar (12 kB) | quarkus-http-servlet-4.0.0.Alpha4.jar (492/496 kB) | quarkus-vertx-core-deployment-2.0.0.Alpha1.jar (9.2 kB) | quarkus-smallrye-context-propagation-deployment-2.0.0.Alpha1.jar (6.8 kB)Progress (4): quarkus-netty-deployment-2.0.0.Alpha1.jar (12 kB) | quarkus-http-servlet-4.0.0.Alpha4.jar (496/496 kB) | quarkus-vertx-core-deployment-2.0.0.Alpha1.jar (9.2 kB) | quarkus-smallrye-context-propagation-deployment-2.0.0.Alpha1.jar (6.8 kB)Progress (4): quarkus-netty-deployment-2.0.0.Alpha1.jar (12 kB) | quarkus-http-servlet-4.0.0.Alpha4.jar (496 kB) | quarkus-vertx-core-deployment-2.0.0.Alpha1.jar (9.2 kB) | quarkus-smallrye-context-propagation-deployment-2.0.0.Alpha1.jar (6.8 kB)    Progress (5): quarkus-netty-deployment-2.0.0.Alpha1.jar (12 kB) | quarkus-http-servlet-4.0.0.Alpha4.jar (496 kB) | quarkus-vertx-core-deployment-2.0.0.Alpha1.jar (9.2 kB) | quarkus-smallrye-context-propagation-deployment-2.0.0.Alpha1.jar (6.8 kB) | quarkus-mutiny-deployment-2.0.0.Alpha1.jar (4.0 kB)                                                                                                                                                                                                                                                                                                            Downloaded from central: https://repo.maven.apache.org/maven2/io/quarkus/quarkus-netty-deployment/2.0.0.Alpha1/quarkus-netty-deployment-2.0.0.Alpha1.jar (12 kB at 19 kB/s)
Downloading from central: https://repo.maven.apache.org/maven2/io/quarkus/quarkus-kubernetes-spi/2.0.0.Alpha1/quarkus-kubernetes-spi-2.0.0.Alpha1.jar
Downloaded from central: https://repo.maven.apache.org/maven2/io/quarkus/quarkus-vertx-core-deployment/2.0.0.Alpha1/quarkus-vertx-core-deployment-2.0.0.Alpha1.jar (9.2 kB at 13 kB/s)
Downloading from central: https://repo.maven.apache.org/maven2/io/quarkus/qute/qute-core/2.0.0.Alpha1/qute-core-2.0.0.Alpha1.jar
Progress (4): quarkus-http-servlet-4.0.0.Alpha4.jar (496 kB) | quarkus-smallrye-context-propagation-deployment-2.0.0.Alpha1.jar (6.8 kB) | quarkus-mutiny-deployment-2.0.0.Alpha1.jar (4.0 kB) | quarkus-kubernetes-spi-2.0.0.Alpha1.jar (2.7/19 kB)Progress (4): quarkus-http-servlet-4.0.0.Alpha4.jar (496 kB) | quarkus-smallrye-context-propagation-deployment-2.0.0.Alpha1.jar (6.8 kB) | quarkus-mutiny-deployment-2.0.0.Alpha1.jar (4.0 kB) | quarkus-kubernetes-spi-2.0.0.Alpha1.jar (5.5/19 kB)Progress (4): quarkus-http-servlet-4.0.0.Alpha4.jar (496 kB) | quarkus-smallrye-context-propagation-deployment-2.0.0.Alpha1.jar (6.8 kB) | quarkus-mutiny-deployment-2.0.0.Alpha1.jar (4.0 kB) | quarkus-kubernetes-spi-2.0.0.Alpha1.jar (8.2/19 kB)Progress (4): quarkus-http-servlet-4.0.0.Alpha4.jar (496 kB) | quarkus-smallrye-context-propagation-deployment-2.0.0.Alpha1.jar (6.8 kB) | quarkus-mutiny-deployment-2.0.0.Alpha1.jar (4.0 kB) | quarkus-kubernetes-spi-2.0.0.Alpha1.jar (11/19 kB)                                                                                                                                                                                                                                                    Downloaded from central: https://repo.maven.apache.org/maven2/io/quarkus/quarkus-mutiny-deployment/2.0.0.Alpha1/quarkus-mutiny-deployment-2.0.0.Alpha1.jar (4.0 kB at 5.5 kB/s)
Downloaded from central: https://repo.maven.apache.org/maven2/io/quarkus/http/quarkus-http-servlet/4.0.0.Alpha4/quarkus-http-servlet-4.0.0.Alpha4.jar (496 kB at 679 kB/s)
Downloading from central: https://repo.maven.apache.org/maven2/io/quarkus/quarkus-vertx-http-deployment/2.0.0.Alpha1/quarkus-vertx-http-deployment-2.0.0.Alpha1.jar
Downloading from central: https://repo.maven.apache.org/maven2/io/quarkus/quarkus-security-spi/2.0.0.Alpha1/quarkus-security-spi-2.0.0.Alpha1.jar
Progress (2): quarkus-smallrye-context-propagation-deployment-2.0.0.Alpha1.jar (6.8 kB) | quarkus-kubernetes-spi-2.0.0.Alpha1.jar (14/19 kB)Progress (2): quarkus-smallrye-context-propagation-deployment-2.0.0.Alpha1.jar (6.8 kB) | quarkus-kubernetes-spi-2.0.0.Alpha1.jar (16/19 kB)Progress (2): quarkus-smallrye-context-propagation-deployment-2.0.0.Alpha1.jar (6.8 kB) | quarkus-kubernetes-spi-2.0.0.Alpha1.jar (19/19 kB)Progress (2): quarkus-smallrye-context-propagation-deployment-2.0.0.Alpha1.jar (6.8 kB) | quarkus-kubernetes-spi-2.0.0.Alpha1.jar (19 kB)                                                                                                                                            Downloaded from central: https://repo.maven.apache.org/maven2/io/quarkus/quarkus-smallrye-context-propagation-deployment/2.0.0.Alpha1/quarkus-smallrye-context-propagation-deployment-2.0.0.Alpha1.jar (6.8 kB at 8.9 kB/s)
Downloading from central: https://repo.maven.apache.org/maven2/io/quarkus/quarkus-resteasy-deployment/2.0.0.Alpha1/quarkus-resteasy-deployment-2.0.0.Alpha1.jar
Progress (2): quarkus-kubernetes-spi-2.0.0.Alpha1.jar (19 kB) | qute-core-2.0.0.Alpha1.jar (2.7/210 kB)Progress (2): quarkus-kubernetes-spi-2.0.0.Alpha1.jar (19 kB) | qute-core-2.0.0.Alpha1.jar (5.5/210 kB)Progress (2): quarkus-kubernetes-spi-2.0.0.Alpha1.jar (19 kB) | qute-core-2.0.0.Alpha1.jar (8.2/210 kB)Progress (2): quarkus-kubernetes-spi-2.0.0.Alpha1.jar (19 kB) | qute-core-2.0.0.Alpha1.jar (11/210 kB) Progress (2): quarkus-kubernetes-spi-2.0.0.Alpha1.jar (19 kB) | qute-core-2.0.0.Alpha1.jar (14/210 kB)Progress (2): quarkus-kubernetes-spi-2.0.0.Alpha1.jar (19 kB) | qute-core-2.0.0.Alpha1.jar (16/210 kB)Progress (2): quarkus-kubernetes-spi-2.0.0.Alpha1.jar (19 kB) | qute-core-2.0.0.Alpha1.jar (20/210 kB)Progress (2): quarkus-kubernetes-spi-2.0.0.Alpha1.jar (19 kB) | qute-core-2.0.0.Alpha1.jar (24/210 kB)Progress (2): quarkus-kubernetes-spi-2.0.0.Alpha1.jar (19 kB) | qute-core-2.0.0.Alpha1.jar (28/210 kB)Progress (2): quarkus-kubernetes-spi-2.0.0.Alpha1.jar (19 kB) | qute-core-2.0.0.Alpha1.jar (32/210 kB)Progress (2): quarkus-kubernetes-spi-2.0.0.Alpha1.jar (19 kB) | qute-core-2.0.0.Alpha1.jar (36/210 kB)Progress (2): quarkus-kubernetes-spi-2.0.0.Alpha1.jar (19 kB) | qute-core-2.0.0.Alpha1.jar (40/210 kB)Progress (2): quarkus-kubernetes-spi-2.0.0.Alpha1.jar (19 kB) | qute-core-2.0.0.Alpha1.jar (45/210 kB)Progress (2): quarkus-kubernetes-spi-2.0.0.Alpha1.jar (19 kB) | qute-core-2.0.0.Alpha1.jar (49/210 kB)Progress (2): quarkus-kubernetes-spi-2.0.0.Alpha1.jar (19 kB) | qute-core-2.0.0.Alpha1.jar (53/210 kB)Progress (2): quarkus-kubernetes-spi-2.0.0.Alpha1.jar (19 kB) | qute-core-2.0.0.Alpha1.jar (57/210 kB)Progress (2): quarkus-kubernetes-spi-2.0.0.Alpha1.jar (19 kB) | qute-core-2.0.0.Alpha1.jar (61/210 kB)Progress (2): quarkus-kubernetes-spi-2.0.0.Alpha1.jar (19 kB) | qute-core-2.0.0.Alpha1.jar (65/210 kB)Progress (2): quarkus-kubernetes-spi-2.0.0.Alpha1.jar (19 kB) | qute-core-2.0.0.Alpha1.jar (69/210 kB)Progress (2): quarkus-kubernetes-spi-2.0.0.Alpha1.jar (19 kB) | qute-core-2.0.0.Alpha1.jar (73/210 kB)Progress (2): quarkus-kubernetes-spi-2.0.0.Alpha1.jar (19 kB) | qute-core-2.0.0.Alpha1.jar (77/210 kB)Progress (2): quarkus-kubernetes-spi-2.0.0.Alpha1.jar (19 kB) | qute-core-2.0.0.Alpha1.jar (81/210 kB)Progress (2): quarkus-kubernetes-spi-2.0.0.Alpha1.jar (19 kB) | qute-core-2.0.0.Alpha1.jar (85/210 kB)Progress (2): quarkus-kubernetes-spi-2.0.0.Alpha1.jar (19 kB) | qute-core-2.0.0.Alpha1.jar (90/210 kB)Progress (2): quarkus-kubernetes-spi-2.0.0.Alpha1.jar (19 kB) | qute-core-2.0.0.Alpha1.jar (94/210 kB)Progress (2): quarkus-kubernetes-spi-2.0.0.Alpha1.jar (19 kB) | qute-core-2.0.0.Alpha1.jar (98/210 kB)Progress (2): quarkus-kubernetes-spi-2.0.0.Alpha1.jar (19 kB) | qute-core-2.0.0.Alpha1.jar (102/210 kB)Progress (2): quarkus-kubernetes-spi-2.0.0.Alpha1.jar (19 kB) | qute-core-2.0.0.Alpha1.jar (106/210 kB)Progress (2): quarkus-kubernetes-spi-2.0.0.Alpha1.jar (19 kB) | qute-core-2.0.0.Alpha1.jar (110/210 kB)Progress (2): quarkus-kubernetes-spi-2.0.0.Alpha1.jar (19 kB) | qute-core-2.0.0.Alpha1.jar (114/210 kB)Progress (2): quarkus-kubernetes-spi-2.0.0.Alpha1.jar (19 kB) | qute-core-2.0.0.Alpha1.jar (118/210 kB)Progress (2): quarkus-kubernetes-spi-2.0.0.Alpha1.jar (19 kB) | qute-core-2.0.0.Alpha1.jar (122/210 kB)Progress (2): quarkus-kubernetes-spi-2.0.0.Alpha1.jar (19 kB) | qute-core-2.0.0.Alpha1.jar (126/210 kB)Progress (2): quarkus-kubernetes-spi-2.0.0.Alpha1.jar (19 kB) | qute-core-2.0.0.Alpha1.jar (131/210 kB)Progress (2): quarkus-kubernetes-spi-2.0.0.Alpha1.jar (19 kB) | qute-core-2.0.0.Alpha1.jar (135/210 kB)Progress (2): quarkus-kubernetes-spi-2.0.0.Alpha1.jar (19 kB) | qute-core-2.0.0.Alpha1.jar (139/210 kB)Progress (2): quarkus-kubernetes-spi-2.0.0.Alpha1.jar (19 kB) | qute-core-2.0.0.Alpha1.jar (143/210 kB)Progress (2): quarkus-kubernetes-spi-2.0.0.Alpha1.jar (19 kB) | qute-core-2.0.0.Alpha1.jar (147/210 kB)Progress (2): quarkus-kubernetes-spi-2.0.0.Alpha1.jar (19 kB) | qute-core-2.0.0.Alpha1.jar (151/210 kB)Progress (2): quarkus-kubernetes-spi-2.0.0.Alpha1.jar (19 kB) | qute-core-2.0.0.Alpha1.jar (155/210 kB)Progress (2): quarkus-kubernetes-spi-2.0.0.Alpha1.jar (19 kB) | qute-core-2.0.0.Alpha1.jar (159/210 kB)Progress (2): quarkus-kubernetes-spi-2.0.0.Alpha1.jar (19 kB) | qute-core-2.0.0.Alpha1.jar (163/210 kB)Progress (2): quarkus-kubernetes-spi-2.0.0.Alpha1.jar (19 kB) | qute-core-2.0.0.Alpha1.jar (167/210 kB)Progress (2): quarkus-kubernetes-spi-2.0.0.Alpha1.jar (19 kB) | qute-core-2.0.0.Alpha1.jar (171/210 kB)Progress (2): quarkus-kubernetes-spi-2.0.0.Alpha1.jar (19 kB) | qute-core-2.0.0.Alpha1.jar (176/210 kB)Progress (2): quarkus-kubernetes-spi-2.0.0.Alpha1.jar (19 kB) | qute-core-2.0.0.Alpha1.jar (180/210 kB)Progress (2): quarkus-kubernetes-spi-2.0.0.Alpha1.jar (19 kB) | qute-core-2.0.0.Alpha1.jar (184/210 kB)Progress (2): quarkus-kubernetes-spi-2.0.0.Alpha1.jar (19 kB) | qute-core-2.0.0.Alpha1.jar (188/210 kB)Progress (2): quarkus-kubernetes-spi-2.0.0.Alpha1.jar (19 kB) | qute-core-2.0.0.Alpha1.jar (192/210 kB)Progress (2): quarkus-kubernetes-spi-2.0.0.Alpha1.jar (19 kB) | qute-core-2.0.0.Alpha1.jar (196/210 kB)Progress (2): quarkus-kubernetes-spi-2.0.0.Alpha1.jar (19 kB) | qute-core-2.0.0.Alpha1.jar (200/210 kB)Progress (2): quarkus-kubernetes-spi-2.0.0.Alpha1.jar (19 kB) | qute-core-2.0.0.Alpha1.jar (204/210 kB)Progress (2): quarkus-kubernetes-spi-2.0.0.Alpha1.jar (19 kB) | qute-core-2.0.0.Alpha1.jar (208/210 kB)Progress (2): quarkus-kubernetes-spi-2.0.0.Alpha1.jar (19 kB) | qute-core-2.0.0.Alpha1.jar (210 kB)    Progress (3): quarkus-kubernetes-spi-2.0.0.Alpha1.jar (19 kB) | qute-core-2.0.0.Alpha1.jar (210 kB) | quarkus-security-spi-2.0.0.Alpha1.jar (4.1/4.5 kB)Progress (3): quarkus-kubernetes-spi-2.0.0.Alpha1.jar (19 kB) | qute-core-2.0.0.Alpha1.jar (210 kB) | quarkus-security-spi-2.0.0.Alpha1.jar (4.5 kB)    Progress (4): quarkus-kubernetes-spi-2.0.0.Alpha1.jar (19 kB) | qute-core-2.0.0.Alpha1.jar (210 kB) | quarkus-security-spi-2.0.0.Alpha1.jar (4.5 kB) | quarkus-resteasy-deployment-2.0.0.Alpha1.jar (4.1/18 kB)Progress (4): quarkus-kubernetes-spi-2.0.0.Alpha1.jar (19 kB) | qute-core-2.0.0.Alpha1.jar (210 kB) | quarkus-security-spi-2.0.0.Alpha1.jar (4.5 kB) | quarkus-resteasy-deployment-2.0.0.Alpha1.jar (8.2/18 kB)Progress (4): quarkus-kubernetes-spi-2.0.0.Alpha1.jar (19 kB) | qute-core-2.0.0.Alpha1.jar (210 kB) | quarkus-security-spi-2.0.0.Alpha1.jar (4.5 kB) | quarkus-resteasy-deployment-2.0.0.Alpha1.jar (12/18 kB) Progress (4): quarkus-kubernetes-spi-2.0.0.Alpha1.jar (19 kB) | qute-core-2.0.0.Alpha1.jar (210 kB) | quarkus-security-spi-2.0.0.Alpha1.jar (4.5 kB) | quarkus-resteasy-deployment-2.0.0.Alpha1.jar (16/18 kB)Progress (4): quarkus-kubernetes-spi-2.0.0.Alpha1.jar (19 kB) | qute-core-2.0.0.Alpha1.jar (210 kB) | quarkus-security-spi-2.0.0.Alpha1.jar (4.5 kB) | quarkus-resteasy-deployment-2.0.0.Alpha1.jar (18 kB)                                                                                                                                                                                                              Downloaded from central: https://repo.maven.apache.org/maven2/io/quarkus/quarkus-kubernetes-spi/2.0.0.Alpha1/quarkus-kubernetes-spi-2.0.0.Alpha1.jar (19 kB at 21 kB/s)
Downloaded from central: https://repo.maven.apache.org/maven2/io/quarkus/quarkus-security-spi/2.0.0.Alpha1/quarkus-security-spi-2.0.0.Alpha1.jar (4.5 kB at 4.9 kB/s)
Downloaded from central: https://repo.maven.apache.org/maven2/io/quarkus/qute/qute-core/2.0.0.Alpha1/qute-core-2.0.0.Alpha1.jar (210 kB at 220 kB/s)
Downloaded from central: https://repo.maven.apache.org/maven2/io/quarkus/quarkus-resteasy-deployment/2.0.0.Alpha1/quarkus-resteasy-deployment-2.0.0.Alpha1.jar (18 kB at 17 kB/s)
Progress (1): quarkus-vertx-http-deployment-2.0.0.Alpha1.jar (0/1.8 MB)Progress (1): quarkus-vertx-http-deployment-2.0.0.Alpha1.jar (0/1.8 MB)Progress (1): quarkus-vertx-http-deployment-2.0.0.Alpha1.jar (0/1.8 MB)Progress (1): quarkus-vertx-http-deployment-2.0.0.Alpha1.jar (0/1.8 MB)Progress (1): quarkus-vertx-http-deployment-2.0.0.Alpha1.jar (0/1.8 MB)Progress (1): quarkus-vertx-http-deployment-2.0.0.Alpha1.jar (0/1.8 MB)Progress (1): quarkus-vertx-http-deployment-2.0.0.Alpha1.jar (0.1/1.8 MB)Progress (1): quarkus-vertx-http-deployment-2.0.0.Alpha1.jar (0.1/1.8 MB)Progress (1): quarkus-vertx-http-deployment-2.0.0.Alpha1.jar (0.1/1.8 MB)Progress (1): quarkus-vertx-http-deployment-2.0.0.Alpha1.jar (0.1/1.8 MB)Progress (1): quarkus-vertx-http-deployment-2.0.0.Alpha1.jar (0.1/1.8 MB)Progress (1): quarkus-vertx-http-deployment-2.0.0.Alpha1.jar (0.1/1.8 MB)Progress (1): quarkus-vertx-http-deployment-2.0.0.Alpha1.jar (0.1/1.8 MB)Progress (1): quarkus-vertx-http-deployment-2.0.0.Alpha1.jar (0.1/1.8 MB)Progress (1): quarkus-vertx-http-deployment-2.0.0.Alpha1.jar (0.1/1.8 MB)Progress (1): quarkus-vertx-http-deployment-2.0.0.Alpha1.jar (0.1/1.8 MB)Progress (1): quarkus-vertx-http-deployment-2.0.0.Alpha1.jar (0.1/1.8 MB)Progress (1): quarkus-vertx-http-deployment-2.0.0.Alpha1.jar (0.1/1.8 MB)Progress (1): quarkus-vertx-http-deployment-2.0.0.Alpha1.jar (0.2/1.8 MB)Progress (1): quarkus-vertx-http-deployment-2.0.0.Alpha1.jar (0.2/1.8 MB)Progress (1): quarkus-vertx-http-deployment-2.0.0.Alpha1.jar (0.2/1.8 MB)Progress (1): quarkus-vertx-http-deployment-2.0.0.Alpha1.jar (0.2/1.8 MB)Progress (1): quarkus-vertx-http-deployment-2.0.0.Alpha1.jar (0.2/1.8 MB)Progress (1): quarkus-vertx-http-deployment-2.0.0.Alpha1.jar (0.2/1.8 MB)Progress (1): quarkus-vertx-http-deployment-2.0.0.Alpha1.jar (0.2/1.8 MB)Progress (1): quarkus-vertx-http-deployment-2.0.0.Alpha1.jar (0.2/1.8 MB)Progress (1): quarkus-vertx-http-deployment-2.0.0.Alpha1.jar (0.2/1.8 MB)Progress (1): quarkus-vertx-http-deployment-2.0.0.Alpha1.jar (0.2/1.8 MB)Progress (1): quarkus-vertx-http-deployment-2.0.0.Alpha1.jar (0.2/1.8 MB)Progress (1): quarkus-vertx-http-deployment-2.0.0.Alpha1.jar (0.2/1.8 MB)Progress (1): quarkus-vertx-http-deployment-2.0.0.Alpha1.jar (0.3/1.8 MB)Progress (1): quarkus-vertx-http-deployment-2.0.0.Alpha1.jar (0.3/1.8 MB)Progress (1): quarkus-vertx-http-deployment-2.0.0.Alpha1.jar (0.3/1.8 MB)Progress (1): quarkus-vertx-http-deployment-2.0.0.Alpha1.jar (0.3/1.8 MB)Progress (1): quarkus-vertx-http-deployment-2.0.0.Alpha1.jar (0.3/1.8 MB)Progress (1): quarkus-vertx-http-deployment-2.0.0.Alpha1.jar (0.3/1.8 MB)Progress (1): quarkus-vertx-http-deployment-2.0.0.Alpha1.jar (0.3/1.8 MB)Progress (1): quarkus-vertx-http-deployment-2.0.0.Alpha1.jar (0.3/1.8 MB)Progress (1): quarkus-vertx-http-deployment-2.0.0.Alpha1.jar (0.3/1.8 MB)Progress (1): quarkus-vertx-http-deployment-2.0.0.Alpha1.jar (0.3/1.8 MB)Progress (1): quarkus-vertx-http-deployment-2.0.0.Alpha1.jar (0.3/1.8 MB)Progress (1): quarkus-vertx-http-deployment-2.0.0.Alpha1.jar (0.3/1.8 MB)Progress (1): quarkus-vertx-http-deployment-2.0.0.Alpha1.jar (0.4/1.8 MB)Progress (1): quarkus-vertx-http-deployment-2.0.0.Alpha1.jar (0.4/1.8 MB)Progress (1): quarkus-vertx-http-deployment-2.0.0.Alpha1.jar (0.4/1.8 MB)Progress (1): quarkus-vertx-http-deployment-2.0.0.Alpha1.jar (0.4/1.8 MB)Progress (1): quarkus-vertx-http-deployment-2.0.0.Alpha1.jar (0.4/1.8 MB)Progress (1): quarkus-vertx-http-deployment-2.0.0.Alpha1.jar (0.4/1.8 MB)Progress (1): quarkus-vertx-http-deployment-2.0.0.Alpha1.jar (0.4/1.8 MB)Progress (1): quarkus-vertx-http-deployment-2.0.0.Alpha1.jar (0.4/1.8 MB)Progress (1): quarkus-vertx-http-deployment-2.0.0.Alpha1.jar (0.4/1.8 MB)Progress (1): quarkus-vertx-http-deployment-2.0.0.Alpha1.jar (0.4/1.8 MB)Progress (1): quarkus-vertx-http-deployment-2.0.0.Alpha1.jar (0.4/1.8 MB)Progress (1): quarkus-vertx-http-deployment-2.0.0.Alpha1.jar (0.4/1.8 MB)Progress (1): quarkus-vertx-http-deployment-2.0.0.Alpha1.jar (0.5/1.8 MB)Progress (1): quarkus-vertx-http-deployment-2.0.0.Alpha1.jar (0.5/1.8 MB)Progress (1): quarkus-vertx-http-deployment-2.0.0.Alpha1.jar (0.5/1.8 MB)Progress (1): quarkus-vertx-http-deployment-2.0.0.Alpha1.jar (0.5/1.8 MB)Progress (1): quarkus-vertx-http-deployment-2.0.0.Alpha1.jar (0.5/1.8 MB)Progress (1): quarkus-vertx-http-deployment-2.0.0.Alpha1.jar (0.5/1.8 MB)Progress (1): quarkus-vertx-http-deployment-2.0.0.Alpha1.jar (0.5/1.8 MB)Progress (1): quarkus-vertx-http-deployment-2.0.0.Alpha1.jar (0.5/1.8 MB)Progress (1): quarkus-vertx-http-deployment-2.0.0.Alpha1.jar (0.5/1.8 MB)Progress (1): quarkus-vertx-http-deployment-2.0.0.Alpha1.jar (0.5/1.8 MB)Progress (1): quarkus-vertx-http-deployment-2.0.0.Alpha1.jar (0.5/1.8 MB)Progress (1): quarkus-vertx-http-deployment-2.0.0.Alpha1.jar (0.5/1.8 MB)Progress (1): quarkus-vertx-http-deployment-2.0.0.Alpha1.jar (0.6/1.8 MB)Progress (1): quarkus-vertx-http-deployment-2.0.0.Alpha1.jar (0.6/1.8 MB)Progress (1): quarkus-vertx-http-deployment-2.0.0.Alpha1.jar (0.6/1.8 MB)Progress (1): quarkus-vertx-http-deployment-2.0.0.Alpha1.jar (0.6/1.8 MB)Progress (1): quarkus-vertx-http-deployment-2.0.0.Alpha1.jar (0.6/1.8 MB)Progress (1): quarkus-vertx-http-deployment-2.0.0.Alpha1.jar (0.6/1.8 MB)Progress (1): quarkus-vertx-http-deployment-2.0.0.Alpha1.jar (0.6/1.8 MB)Progress (1): quarkus-vertx-http-deployment-2.0.0.Alpha1.jar (0.6/1.8 MB)Progress (1): quarkus-vertx-http-deployment-2.0.0.Alpha1.jar (0.6/1.8 MB)Progress (1): quarkus-vertx-http-deployment-2.0.0.Alpha1.jar (0.6/1.8 MB)Progress (1): quarkus-vertx-http-deployment-2.0.0.Alpha1.jar (0.6/1.8 MB)Progress (1): quarkus-vertx-http-deployment-2.0.0.Alpha1.jar (0.6/1.8 MB)Progress (1): quarkus-vertx-http-deployment-2.0.0.Alpha1.jar (0.6/1.8 MB)Progress (1): quarkus-vertx-http-deployment-2.0.0.Alpha1.jar (0.7/1.8 MB)Progress (1): quarkus-vertx-http-deployment-2.0.0.Alpha1.jar (0.7/1.8 MB)Progress (1): quarkus-vertx-http-deployment-2.0.0.Alpha1.jar (0.7/1.8 MB)Progress (1): quarkus-vertx-http-deployment-2.0.0.Alpha1.jar (0.7/1.8 MB)Progress (1): quarkus-vertx-http-deployment-2.0.0.Alpha1.jar (0.7/1.8 MB)Progress (1): quarkus-vertx-http-deployment-2.0.0.Alpha1.jar (0.7/1.8 MB)Progress (1): quarkus-vertx-http-deployment-2.0.0.Alpha1.jar (0.7/1.8 MB)Progress (1): quarkus-vertx-http-deployment-2.0.0.Alpha1.jar (0.7/1.8 MB)Progress (1): quarkus-vertx-http-deployment-2.0.0.Alpha1.jar (0.7/1.8 MB)Progress (1): quarkus-vertx-http-deployment-2.0.0.Alpha1.jar (0.7/1.8 MB)Progress (1): quarkus-vertx-http-deployment-2.0.0.Alpha1.jar (0.7/1.8 MB)Progress (1): quarkus-vertx-http-deployment-2.0.0.Alpha1.jar (0.7/1.8 MB)Progress (1): quarkus-vertx-http-deployment-2.0.0.Alpha1.jar (0.8/1.8 MB)Progress (1): quarkus-vertx-http-deployment-2.0.0.Alpha1.jar (0.8/1.8 MB)Progress (1): quarkus-vertx-http-deployment-2.0.0.Alpha1.jar (0.8/1.8 MB)Progress (1): quarkus-vertx-http-deployment-2.0.0.Alpha1.jar (0.8/1.8 MB)Progress (1): quarkus-vertx-http-deployment-2.0.0.Alpha1.jar (0.8/1.8 MB)Progress (1): quarkus-vertx-http-deployment-2.0.0.Alpha1.jar (0.8/1.8 MB)Progress (1): quarkus-vertx-http-deployment-2.0.0.Alpha1.jar (0.8/1.8 MB)Progress (1): quarkus-vertx-http-deployment-2.0.0.Alpha1.jar (0.8/1.8 MB)Progress (1): quarkus-vertx-http-deployment-2.0.0.Alpha1.jar (0.8/1.8 MB)Progress (1): quarkus-vertx-http-deployment-2.0.0.Alpha1.jar (0.8/1.8 MB)Progress (1): quarkus-vertx-http-deployment-2.0.0.Alpha1.jar (0.8/1.8 MB)Progress (1): quarkus-vertx-http-deployment-2.0.0.Alpha1.jar (0.8/1.8 MB)Progress (1): quarkus-vertx-http-deployment-2.0.0.Alpha1.jar (0.9/1.8 MB)Progress (1): quarkus-vertx-http-deployment-2.0.0.Alpha1.jar (0.9/1.8 MB)Progress (1): quarkus-vertx-http-deployment-2.0.0.Alpha1.jar (0.9/1.8 MB)Progress (1): quarkus-vertx-http-deployment-2.0.0.Alpha1.jar (0.9/1.8 MB)Progress (1): quarkus-vertx-http-deployment-2.0.0.Alpha1.jar (0.9/1.8 MB)Progress (1): quarkus-vertx-http-deployment-2.0.0.Alpha1.jar (0.9/1.8 MB)Progress (1): quarkus-vertx-http-deployment-2.0.0.Alpha1.jar (0.9/1.8 MB)Progress (1): quarkus-vertx-http-deployment-2.0.0.Alpha1.jar (0.9/1.8 MB)Progress (1): quarkus-vertx-http-deployment-2.0.0.Alpha1.jar (0.9/1.8 MB)Progress (1): quarkus-vertx-http-deployment-2.0.0.Alpha1.jar (0.9/1.8 MB)Progress (1): quarkus-vertx-http-deployment-2.0.0.Alpha1.jar (0.9/1.8 MB)Progress (1): quarkus-vertx-http-deployment-2.0.0.Alpha1.jar (0.9/1.8 MB)Progress (1): quarkus-vertx-http-deployment-2.0.0.Alpha1.jar (1.0/1.8 MB)Progress (1): quarkus-vertx-http-deployment-2.0.0.Alpha1.jar (1.0/1.8 MB)Progress (1): quarkus-vertx-http-deployment-2.0.0.Alpha1.jar (1.0/1.8 MB)Progress (1): quarkus-vertx-http-deployment-2.0.0.Alpha1.jar (1.0/1.8 MB)Progress (1): quarkus-vertx-http-deployment-2.0.0.Alpha1.jar (1.0/1.8 MB)Progress (1): quarkus-vertx-http-deployment-2.0.0.Alpha1.jar (1.0/1.8 MB)Progress (1): quarkus-vertx-http-deployment-2.0.0.Alpha1.jar (1.0/1.8 MB)Progress (1): quarkus-vertx-http-deployment-2.0.0.Alpha1.jar (1.0/1.8 MB)Progress (1): quarkus-vertx-http-deployment-2.0.0.Alpha1.jar (1.0/1.8 MB)Progress (1): quarkus-vertx-http-deployment-2.0.0.Alpha1.jar (1.0/1.8 MB)Progress (1): quarkus-vertx-http-deployment-2.0.0.Alpha1.jar (1.0/1.8 MB)Progress (1): quarkus-vertx-http-deployment-2.0.0.Alpha1.jar (1.0/1.8 MB)Progress (1): quarkus-vertx-http-deployment-2.0.0.Alpha1.jar (1.1/1.8 MB)Progress (1): quarkus-vertx-http-deployment-2.0.0.Alpha1.jar (1.1/1.8 MB)Progress (1): quarkus-vertx-http-deployment-2.0.0.Alpha1.jar (1.1/1.8 MB)Progress (1): quarkus-vertx-http-deployment-2.0.0.Alpha1.jar (1.1/1.8 MB)Progress (1): quarkus-vertx-http-deployment-2.0.0.Alpha1.jar (1.1/1.8 MB)Progress (1): quarkus-vertx-http-deployment-2.0.0.Alpha1.jar (1.1/1.8 MB)Progress (1): quarkus-vertx-http-deployment-2.0.0.Alpha1.jar (1.1/1.8 MB)Progress (1): quarkus-vertx-http-deployment-2.0.0.Alpha1.jar (1.1/1.8 MB)Progress (1): quarkus-vertx-http-deployment-2.0.0.Alpha1.jar (1.1/1.8 MB)Progress (1): quarkus-vertx-http-deployment-2.0.0.Alpha1.jar (1.1/1.8 MB)Progress (1): quarkus-vertx-http-deployment-2.0.0.Alpha1.jar (1.1/1.8 MB)Progress (1): quarkus-vertx-http-deployment-2.0.0.Alpha1.jar (1.1/1.8 MB)Progress (1): quarkus-vertx-http-deployment-2.0.0.Alpha1.jar (1.2/1.8 MB)Progress (1): quarkus-vertx-http-deployment-2.0.0.Alpha1.jar (1.2/1.8 MB)Progress (1): quarkus-vertx-http-deployment-2.0.0.Alpha1.jar (1.2/1.8 MB)Progress (1): quarkus-vertx-http-deployment-2.0.0.Alpha1.jar (1.2/1.8 MB)Progress (1): quarkus-vertx-http-deployment-2.0.0.Alpha1.jar (1.2/1.8 MB)Progress (1): quarkus-vertx-http-deployment-2.0.0.Alpha1.jar (1.2/1.8 MB)Progress (1): quarkus-vertx-http-deployment-2.0.0.Alpha1.jar (1.2/1.8 MB)Progress (1): quarkus-vertx-http-deployment-2.0.0.Alpha1.jar (1.2/1.8 MB)Progress (1): quarkus-vertx-http-deployment-2.0.0.Alpha1.jar (1.2/1.8 MB)Progress (1): quarkus-vertx-http-deployment-2.0.0.Alpha1.jar (1.2/1.8 MB)Progress (1): quarkus-vertx-http-deployment-2.0.0.Alpha1.jar (1.2/1.8 MB)Progress (1): quarkus-vertx-http-deployment-2.0.0.Alpha1.jar (1.2/1.8 MB)Progress (1): quarkus-vertx-http-deployment-2.0.0.Alpha1.jar (1.3/1.8 MB)Progress (1): quarkus-vertx-http-deployment-2.0.0.Alpha1.jar (1.3/1.8 MB)Progress (1): quarkus-vertx-http-deployment-2.0.0.Alpha1.jar (1.3/1.8 MB)Progress (1): quarkus-vertx-http-deployment-2.0.0.Alpha1.jar (1.3/1.8 MB)Progress (1): quarkus-vertx-http-deployment-2.0.0.Alpha1.jar (1.3/1.8 MB)Progress (1): quarkus-vertx-http-deployment-2.0.0.Alpha1.jar (1.3/1.8 MB)Progress (1): quarkus-vertx-http-deployment-2.0.0.Alpha1.jar (1.3/1.8 MB)Progress (1): quarkus-vertx-http-deployment-2.0.0.Alpha1.jar (1.3/1.8 MB)Progress (1): quarkus-vertx-http-deployment-2.0.0.Alpha1.jar (1.3/1.8 MB)Progress (1): quarkus-vertx-http-deployment-2.0.0.Alpha1.jar (1.3/1.8 MB)Progress (1): quarkus-vertx-http-deployment-2.0.0.Alpha1.jar (1.3/1.8 MB)Progress (1): quarkus-vertx-http-deployment-2.0.0.Alpha1.jar (1.3/1.8 MB)Progress (1): quarkus-vertx-http-deployment-2.0.0.Alpha1.jar (1.3/1.8 MB)Progress (1): quarkus-vertx-http-deployment-2.0.0.Alpha1.jar (1.4/1.8 MB)Progress (1): quarkus-vertx-http-deployment-2.0.0.Alpha1.jar (1.4/1.8 MB)Progress (1): quarkus-vertx-http-deployment-2.0.0.Alpha1.jar (1.4/1.8 MB)Progress (1): quarkus-vertx-http-deployment-2.0.0.Alpha1.jar (1.4/1.8 MB)Progress (1): quarkus-vertx-http-deployment-2.0.0.Alpha1.jar (1.4/1.8 MB)Progress (1): quarkus-vertx-http-deployment-2.0.0.Alpha1.jar (1.4/1.8 MB)Progress (1): quarkus-vertx-http-deployment-2.0.0.Alpha1.jar (1.4/1.8 MB)Progress (1): quarkus-vertx-http-deployment-2.0.0.Alpha1.jar (1.4/1.8 MB)Progress (1): quarkus-vertx-http-deployment-2.0.0.Alpha1.jar (1.4/1.8 MB)Progress (1): quarkus-vertx-http-deployment-2.0.0.Alpha1.jar (1.4/1.8 MB)Progress (1): quarkus-vertx-http-deployment-2.0.0.Alpha1.jar (1.4/1.8 MB)Progress (1): quarkus-vertx-http-deployment-2.0.0.Alpha1.jar (1.5/1.8 MB)Progress (1): quarkus-vertx-http-deployment-2.0.0.Alpha1.jar (1.5/1.8 MB)Progress (1): quarkus-vertx-http-deployment-2.0.0.Alpha1.jar (1.5/1.8 MB)Progress (1): quarkus-vertx-http-deployment-2.0.0.Alpha1.jar (1.5/1.8 MB)Progress (1): quarkus-vertx-http-deployment-2.0.0.Alpha1.jar (1.5/1.8 MB)Progress (1): quarkus-vertx-http-deployment-2.0.0.Alpha1.jar (1.5/1.8 MB)Progress (1): quarkus-vertx-http-deployment-2.0.0.Alpha1.jar (1.5/1.8 MB)Progress (1): quarkus-vertx-http-deployment-2.0.0.Alpha1.jar (1.5/1.8 MB)Progress (1): quarkus-vertx-http-deployment-2.0.0.Alpha1.jar (1.5/1.8 MB)Progress (1): quarkus-vertx-http-deployment-2.0.0.Alpha1.jar (1.5/1.8 MB)Progress (1): quarkus-vertx-http-deployment-2.0.0.Alpha1.jar (1.5/1.8 MB)Progress (1): quarkus-vertx-http-deployment-2.0.0.Alpha1.jar (1.5/1.8 MB)Progress (1): quarkus-vertx-http-deployment-2.0.0.Alpha1.jar (1.5/1.8 MB)Progress (1): quarkus-vertx-http-deployment-2.0.0.Alpha1.jar (1.6/1.8 MB)Progress (1): quarkus-vertx-http-deployment-2.0.0.Alpha1.jar (1.6/1.8 MB)Progress (1): quarkus-vertx-http-deployment-2.0.0.Alpha1.jar (1.6/1.8 MB)Progress (1): quarkus-vertx-http-deployment-2.0.0.Alpha1.jar (1.6/1.8 MB)Progress (1): quarkus-vertx-http-deployment-2.0.0.Alpha1.jar (1.6/1.8 MB)Progress (1): quarkus-vertx-http-deployment-2.0.0.Alpha1.jar (1.6/1.8 MB)Progress (1): quarkus-vertx-http-deployment-2.0.0.Alpha1.jar (1.6/1.8 MB)Progress (1): quarkus-vertx-http-deployment-2.0.0.Alpha1.jar (1.6/1.8 MB)Progress (1): quarkus-vertx-http-deployment-2.0.0.Alpha1.jar (1.6/1.8 MB)Progress (1): quarkus-vertx-http-deployment-2.0.0.Alpha1.jar (1.6/1.8 MB)Progress (1): quarkus-vertx-http-deployment-2.0.0.Alpha1.jar (1.6/1.8 MB)Progress (1): quarkus-vertx-http-deployment-2.0.0.Alpha1.jar (1.6/1.8 MB)Progress (1): quarkus-vertx-http-deployment-2.0.0.Alpha1.jar (1.7/1.8 MB)Progress (1): quarkus-vertx-http-deployment-2.0.0.Alpha1.jar (1.7/1.8 MB)Progress (1): quarkus-vertx-http-deployment-2.0.0.Alpha1.jar (1.7/1.8 MB)Progress (1): quarkus-vertx-http-deployment-2.0.0.Alpha1.jar (1.7/1.8 MB)Progress (1): quarkus-vertx-http-deployment-2.0.0.Alpha1.jar (1.7/1.8 MB)Progress (1): quarkus-vertx-http-deployment-2.0.0.Alpha1.jar (1.7/1.8 MB)Progress (1): quarkus-vertx-http-deployment-2.0.0.Alpha1.jar (1.7/1.8 MB)Progress (1): quarkus-vertx-http-deployment-2.0.0.Alpha1.jar (1.7/1.8 MB)Progress (1): quarkus-vertx-http-deployment-2.0.0.Alpha1.jar (1.7/1.8 MB)Progress (1): quarkus-vertx-http-deployment-2.0.0.Alpha1.jar (1.7/1.8 MB)Progress (1): quarkus-vertx-http-deployment-2.0.0.Alpha1.jar (1.7/1.8 MB)Progress (1): quarkus-vertx-http-deployment-2.0.0.Alpha1.jar (1.7/1.8 MB)Progress (1): quarkus-vertx-http-deployment-2.0.0.Alpha1.jar (1.8/1.8 MB)Progress (1): quarkus-vertx-http-deployment-2.0.0.Alpha1.jar (1.8/1.8 MB)Progress (1): quarkus-vertx-http-deployment-2.0.0.Alpha1.jar (1.8/1.8 MB)Progress (1): quarkus-vertx-http-deployment-2.0.0.Alpha1.jar (1.8/1.8 MB)Progress (1): quarkus-vertx-http-deployment-2.0.0.Alpha1.jar (1.8/1.8 MB)Progress (1): quarkus-vertx-http-deployment-2.0.0.Alpha1.jar (1.8/1.8 MB)Progress (1): quarkus-vertx-http-deployment-2.0.0.Alpha1.jar (1.8 MB)                                                                         Downloaded from central: https://repo.maven.apache.org/maven2/io/quarkus/quarkus-vertx-http-deployment/2.0.0.Alpha1/quarkus-vertx-http-deployment-2.0.0.Alpha1.jar (1.8 MB at 1.4 MB/s)
[ERROR] Tests run: 2, Failures: 0, Errors: 1, Skipped: 1, Time elapsed: 38.709 s <<< FAILURE! - in io.quarkiverse.logging.cloudwatch.it.LoggingCloudwatchHandlerResourceTest
[ERROR] someTestMethod  Time elapsed: 0.013 s  <<< ERROR!
java.lang.RuntimeException: java.lang.reflect.InvocationTargetException
	at io.quarkus.test.junit.QuarkusTestExtension.throwBootFailureException(QuarkusTestExtension.java:690)
	at io.quarkus.test.junit.QuarkusTestExtension.interceptTestClassConstructor(QuarkusTestExtension.java:763)
	at org.junit.jupiter.engine.execution.ExecutableInvoker.lambda$invoke$0(ExecutableInvoker.java:105)
	at org.junit.jupiter.engine.execution.InvocationInterceptorChain$InterceptedInvocation.proceed(InvocationInterceptorChain.java:106)
	at org.junit.jupiter.api.extension.InvocationInterceptor.interceptTestClassConstructor(InvocationInterceptor.java:72)
	at org.junit.jupiter.engine.execution.ExecutableInvoker.lambda$invoke$0(ExecutableInvoker.java:105)
	at org.junit.jupiter.engine.execution.InvocationInterceptorChain$InterceptedInvocation.proceed(InvocationInterceptorChain.java:106)
	at org.junit.jupiter.engine.execution.InvocationInterceptorChain.proceed(InvocationInterceptorChain.java:64)
	at org.junit.jupiter.engine.execution.InvocationInterceptorChain.chainAndInvoke(InvocationInterceptorChain.java:45)
	at org.junit.jupiter.engine.execution.InvocationInterceptorChain.invoke(InvocationInterceptorChain.java:37)
	at org.junit.jupiter.engine.execution.ExecutableInvoker.invoke(ExecutableInvoker.java:104)
	at org.junit.jupiter.engine.execution.ExecutableInvoker.invoke(ExecutableInvoker.java:77)
	at org.junit.jupiter.engine.descriptor.ClassBasedTestDescriptor.invokeTestClassConstructor(ClassBasedTestDescriptor.java:342)
	at org.junit.jupiter.engine.descriptor.ClassBasedTestDescriptor.instantiateTestClass(ClassBasedTestDescriptor.java:289)
	at org.junit.jupiter.engine.descriptor.ClassTestDescriptor.instantiateTestClass(ClassTestDescriptor.java:79)
	at org.junit.jupiter.engine.descriptor.ClassBasedTestDescriptor.instantiateAndPostProcessTestInstance(ClassBasedTestDescriptor.java:267)
	at org.junit.jupiter.engine.descriptor.ClassBasedTestDescriptor.lambda$testInstancesProvider$2(ClassBasedTestDescriptor.java:259)
	at java.base/java.util.Optional.orElseGet(Optional.java:369)
	at org.junit.jupiter.engine.descriptor.ClassBasedTestDescriptor.lambda$testInstancesProvider$3(ClassBasedTestDescriptor.java:258)
	at org.junit.jupiter.engine.execution.TestInstancesProvider.getTestInstances(TestInstancesProvider.java:31)
	at org.junit.jupiter.engine.descriptor.TestMethodTestDescriptor.lambda$prepare$0(TestMethodTestDescriptor.java:101)
	at org.junit.platform.engine.support.hierarchical.ThrowableCollector.execute(ThrowableCollector.java:73)
	at org.junit.jupiter.engine.descriptor.TestMethodTestDescriptor.prepare(TestMethodTestDescriptor.java:100)
	at org.junit.jupiter.engine.descriptor.TestMethodTestDescriptor.prepare(TestMethodTestDescriptor.java:65)
	at org.junit.platform.engine.support.hierarchical.NodeTestTask.lambda$prepare$1(NodeTestTask.java:111)
	at org.junit.platform.engine.support.hierarchical.ThrowableCollector.execute(ThrowableCollector.java:73)
	at org.junit.platform.engine.support.hierarchical.NodeTestTask.prepare(NodeTestTask.java:111)
	at org.junit.platform.engine.support.hierarchical.NodeTestTask.execute(NodeTestTask.java:79)
	at java.base/java.util.ArrayList.forEach(ArrayList.java:1541)
	at org.junit.platform.engine.support.hierarchical.SameThreadHierarchicalTestExecutorService.invokeAll(SameThreadHierarchicalTestExecutorService.java:38)
	at org.junit.platform.engine.support.hierarchical.NodeTestTask.lambda$executeRecursively$5(NodeTestTask.java:143)
	at org.junit.platform.engine.support.hierarchical.ThrowableCollector.execute(ThrowableCollector.java:73)
	at org.junit.platform.engine.support.hierarchical.NodeTestTask.lambda$executeRecursively$7(NodeTestTask.java:129)
	at org.junit.platform.engine.support.hierarchical.Node.around(Node.java:137)
	at org.junit.platform.engine.support.hierarchical.NodeTestTask.lambda$executeRecursively$8(NodeTestTask.java:127)
	at org.junit.platform.engine.support.hierarchical.ThrowableCollector.execute(ThrowableCollector.java:73)
	at org.junit.platform.engine.support.hierarchical.NodeTestTask.executeRecursively(NodeTestTask.java:126)
	at org.junit.platform.engine.support.hierarchical.NodeTestTask.execute(NodeTestTask.java:84)
	at java.base/java.util.ArrayList.forEach(ArrayList.java:1541)
	at org.junit.platform.engine.support.hierarchical.SameThreadHierarchicalTestExecutorService.invokeAll(SameThreadHierarchicalTestExecutorService.java:38)
	at org.junit.platform.engine.support.hierarchical.NodeTestTask.lambda$executeRecursively$5(NodeTestTask.java:143)
	at org.junit.platform.engine.support.hierarchical.ThrowableCollector.execute(ThrowableCollector.java:73)
	at org.junit.platform.engine.support.hierarchical.NodeTestTask.lambda$executeRecursively$7(NodeTestTask.java:129)
	at org.junit.platform.engine.support.hierarchical.Node.around(Node.java:137)
	at org.junit.platform.engine.support.hierarchical.NodeTestTask.lambda$executeRecursively$8(NodeTestTask.java:127)
	at org.junit.platform.engine.support.hierarchical.ThrowableCollector.execute(ThrowableCollector.java:73)
	at org.junit.platform.engine.support.hierarchical.NodeTestTask.executeRecursively(NodeTestTask.java:126)
	at org.junit.platform.engine.support.hierarchical.NodeTestTask.execute(NodeTestTask.java:84)
	at org.junit.platform.engine.support.hierarchical.SameThreadHierarchicalTestExecutorService.submit(SameThreadHierarchicalTestExecutorService.java:32)
	at org.junit.platform.engine.support.hierarchical.HierarchicalTestExecutor.execute(HierarchicalTestExecutor.java:57)
	at org.junit.platform.engine.support.hierarchical.HierarchicalTestEngine.execute(HierarchicalTestEngine.java:51)
	at org.junit.platform.launcher.core.EngineExecutionOrchestrator.execute(EngineExecutionOrchestrator.java:108)
	at org.junit.platform.launcher.core.EngineExecutionOrchestrator.execute(EngineExecutionOrchestrator.java:88)
	at org.junit.platform.launcher.core.EngineExecutionOrchestrator.lambda$execute$0(EngineExecutionOrchestrator.java:54)
	at org.junit.platform.launcher.core.EngineExecutionOrchestrator.withInterceptedStreams(EngineExecutionOrchestrator.java:67)
	at org.junit.platform.launcher.core.EngineExecutionOrchestrator.execute(EngineExecutionOrchestrator.java:52)
	at org.junit.platform.launcher.core.DefaultLauncher.execute(DefaultLauncher.java:96)
	at org.junit.platform.launcher.core.DefaultLauncher.execute(DefaultLauncher.java:75)
	at org.apache.maven.surefire.junitplatform.JUnitPlatformProvider.invokeAllTests(JUnitPlatformProvider.java:150)
	at org.apache.maven.surefire.junitplatform.JUnitPlatformProvider.invoke(JUnitPlatformProvider.java:124)
	at org.apache.maven.surefire.booter.ForkedBooter.invokeProviderInSameClassLoader(ForkedBooter.java:384)
	at org.apache.maven.surefire.booter.ForkedBooter.runSuitesInProcess(ForkedBooter.java:345)
	at org.apache.maven.surefire.booter.ForkedBooter.execute(ForkedBooter.java:126)
	at org.apache.maven.surefire.booter.ForkedBooter.main(ForkedBooter.java:418)
Caused by: java.lang.reflect.InvocationTargetException
	at java.base/jdk.internal.reflect.NativeConstructorAccessorImpl.newInstance0(Native Method)
	at java.base/jdk.internal.reflect.NativeConstructorAccessorImpl.newInstance(NativeConstructorAccessorImpl.java:62)
	at java.base/jdk.internal.reflect.DelegatingConstructorAccessorImpl.newInstance(DelegatingConstructorAccessorImpl.java:45)
	at java.base/java.lang.reflect.Constructor.newInstance(Constructor.java:490)
	at io.quarkus.test.junit.QuarkusTestExtension.doJavaStart(QuarkusTestExtension.java:332)
	at io.quarkus.test.junit.QuarkusTestExtension.ensureStarted(QuarkusTestExtension.java:658)
	at io.quarkus.test.junit.QuarkusTestExtension.beforeAll(QuarkusTestExtension.java:705)
	at org.junit.jupiter.engine.descriptor.ClassBasedTestDescriptor.lambda$invokeBeforeAllCallbacks$8(ClassBasedTestDescriptor.java:368)
	at org.junit.platform.engine.support.hierarchical.ThrowableCollector.execute(ThrowableCollector.java:73)
	at org.junit.jupiter.engine.descriptor.ClassBasedTestDescriptor.invokeBeforeAllCallbacks(ClassBasedTestDescriptor.java:368)
	at org.junit.jupiter.engine.descriptor.ClassBasedTestDescriptor.before(ClassBasedTestDescriptor.java:192)
	at org.junit.jupiter.engine.descriptor.ClassBasedTestDescriptor.before(ClassBasedTestDescriptor.java:78)
	at org.junit.platform.engine.support.hierarchical.NodeTestTask.lambda$executeRecursively$5(NodeTestTask.java:136)
	... 33 more
Caused by: java.lang.RuntimeException: Unable to instantiate the test resource io.quarkiverse.logging.cloudwatch.it.LoggingCloudwatchResource
	at io.quarkus.test.common.TestResourceManager.buildTestResourceEntry(TestResourceManager.java:249)
	at io.quarkus.test.common.TestResourceManager.initSequentialTestResources(TestResourceManager.java:213)
	at io.quarkus.test.common.TestResourceManager.<init>(TestResourceManager.java:60)
	... 46 more
Caused by: java.lang.reflect.InvocationTargetException
	at java.base/jdk.internal.reflect.NativeConstructorAccessorImpl.newInstance0(Native Method)
	at java.base/jdk.internal.reflect.NativeConstructorAccessorImpl.newInstance(NativeConstructorAccessorImpl.java:62)
	at java.base/jdk.internal.reflect.DelegatingConstructorAccessorImpl.newInstance(DelegatingConstructorAccessorImpl.java:45)
	at java.base/java.lang.reflect.Constructor.newInstance(Constructor.java:490)
	at io.quarkus.test.common.TestResourceManager.buildTestResourceEntry(TestResourceManager.java:242)
	... 48 more
Caused by: java.lang.IllegalStateException: Could not find a valid Docker environment. Please see logs and check configuration
	at org.testcontainers.dockerclient.DockerClientProviderStrategy.lambda$getFirstValidStrategy$7(DockerClientProviderStrategy.java:215)
	at java.base/java.util.Optional.orElseThrow(Optional.java:408)
	at org.testcontainers.dockerclient.DockerClientProviderStrategy.getFirstValidStrategy(DockerClientProviderStrategy.java:207)
	at org.testcontainers.DockerClientFactory.getOrInitializeStrategy(DockerClientFactory.java:136)
	at org.testcontainers.DockerClientFactory.getTransportConfig(DockerClientFactory.java:142)
	at org.testcontainers.DockerClientFactory.getRemoteDockerUnixSocketPath(DockerClientFactory.java:152)
	at org.testcontainers.containers.localstack.LocalStackContainer.<init>(LocalStackContainer.java:96)
	at org.testcontainers.containers.localstack.LocalStackContainer.<init>(LocalStackContainer.java:82)
	at io.quarkiverse.logging.cloudwatch.it.LoggingCloudwatchResource.<init>(LoggingCloudwatchResource.java:42)
	... 53 more

[INFO] 
[INFO] Results:
[INFO] 
[ERROR] Errors: 
[ERROR]   LoggingCloudwatchHandlerResourceTest.someTestMethod  Runtime java.lang.reflec...
[INFO] 
[ERROR] Tests run: 2, Failures: 0, Errors: 1, Skipped: 1
[INFO] 
[INFO] ------------------------------------------------------------------------
[INFO] Reactor Summary for Quarkus - Logging Cloudwatch - Parent 1.0.0-SNAPSHOT:
[INFO] 
[INFO] Quarkus - Logging Cloudwatch - Parent .............. SUCCESS [  0.732 s]
[INFO] Quarkus - Logging Cloudwatch - Runtime ............. SUCCESS [  3.541 s]
[INFO] Quarkus - Logging Cloudwatch - Deployment .......... SUCCESS [  6.240 s]
[INFO] Quarkus - Logging Cloudwatch - Integration Tests ... FAILURE [ 40.515 s]
[INFO] ------------------------------------------------------------------------
[INFO] BUILD FAILURE
[INFO] ------------------------------------------------------------------------
[INFO] Total time:  51.181 s
[INFO] Finished at: 2023-01-17T22:21:22Z
[INFO] ------------------------------------------------------------------------
[ERROR] Failed to execute goal org.apache.maven.plugins:maven-surefire-plugin:2.22.2:test (default-test) on project quarkus-logging-cloudwatch-integration-tests: There are test failures.
[ERROR] 
[ERROR] Please refer to /home/gabsko/breaking-updates/integration-tests/target/surefire-reports for the individual test results.
[ERROR] Please refer to dump files (if any exist) [date].dump, [date]-jvmRun[N].dump and [date].dumpstream.
[ERROR] -> [Help 1]
[ERROR] 
[ERROR] To see the full stack trace of the errors, re-run Maven with the -e switch.
[ERROR] Re-run Maven using the -X switch to enable full debug logging.
[ERROR] 
[ERROR] For more information about the errors and possible solutions, please read the following articles:
[ERROR] [Help 1] http://cwiki.apache.org/confluence/display/MAVEN/MojoFailureException
[ERROR] 
[ERROR] After correcting the problems, you can resume the build with the command
[ERROR]   mvn <args> -rf :quarkus-logging-cloudwatch-integration-tests
