[INFO] Scanning for projects...
[INFO] ------------------------------------------------------------------------
[INFO] Reactor Build Order:
[INFO] 
[INFO] Layrry Aggregator                                                  [pom]
[INFO] Layrry Platform                                                    [jar]
[INFO] Layrry Config                                                      [jar]
[INFO] YAML config support for Layrry                                     [jar]
[INFO] TOML config support for Layrry                                     [jar]
[INFO] Layrry Core                                                        [jar]
[INFO] Layrry Launcher                                                    [jar]
[INFO] Layrry Integration Test - Aggregator                               [pom]
[INFO] Layrry Integration Test - Greeter                                  [jar]
[INFO] Layrry Integration Test - Greeter                                  [jar]
[INFO] Layrry Integration Test - Foo                                      [jar]
[INFO] Layrry Integration Test - Bar                                      [jar]
[INFO] Layrry Integration Test - App                                      [jar]
[INFO] Layrry Integration Test - Log Config                               [jar]
[INFO] Layrry Integration Test - Runner                                   [jar]
[INFO] Layrry Example Aggregator                                          [pom]
[INFO] Layrry Plug-in Example                                             [pom]
[INFO] Geeter API                                                         [jar]
[INFO] Greeter Date Util                                                  [jar]
[INFO] Greeter Date Util                                                  [jar]
[INFO] Greeter EN                                                         [jar]
[INFO] Greeter DE                                                         [jar]
[INFO] Greeter FR                                                         [jar]
[INFO] Layrry Plugin Example Runner                                       [jar]
[INFO] Layrry Links Example                                               [pom]
[INFO] Layrry Links Log Configuration                                     [jar]
[INFO] Layrry Links Core                                                  [jar]
[INFO] Layrry Links Membership Plug-in                                    [jar]
[INFO] Layrry Links Tournament Plug-in                                    [jar]
[INFO] Layrry Links Greenkeeping Plug-in                                  [jar]
[INFO] Layrry Links Runner                                                [jar]
[INFO] 
[INFO] ---------------< org.moditect.layrry:layrry-aggregator >----------------
[INFO] Building Layrry Aggregator 1.0.0-SNAPSHOT                         [1/31]
[INFO] --------------------------------[ pom ]---------------------------------
[INFO] 
[INFO] --- maven-clean-plugin:3.1.0:clean (default-clean) @ layrry-aggregator ---
[INFO] Deleting /home/gabsko/breaking-updates/target
[INFO] 
[INFO] --- git-commit-id-plugin:3.0.1:revision (get-the-git-infos) @ layrry-aggregator ---
[INFO] 
[INFO] --- maven-enforcer-plugin:3.0.0-M3:enforce (default) @ layrry-aggregator ---
[INFO] 
[INFO] --- copy-rename-maven-plugin:1.0:copy (copy-license-file) @ layrry-aggregator ---
[INFO] Copied /home/gabsko/breaking-updates/LICENSE.txt to /home/gabsko/breaking-updates/target/classes/META-INF/LICENSE-layrry
[INFO] 
[INFO] ----------------< org.moditect.layrry:layrry-platform >-----------------
[INFO] Building Layrry Platform 1.0.0-SNAPSHOT                           [2/31]
[INFO] --------------------------------[ jar ]---------------------------------
[INFO] 
[INFO] --- maven-clean-plugin:3.1.0:clean (default-clean) @ layrry-platform ---
[INFO] Deleting /home/gabsko/breaking-updates/layrry-platform/target
[INFO] 
[INFO] --- git-commit-id-plugin:3.0.1:revision (get-the-git-infos) @ layrry-platform ---
[INFO] 
[INFO] --- maven-enforcer-plugin:3.0.0-M3:enforce (default) @ layrry-platform ---
[INFO] 
[INFO] --- copy-rename-maven-plugin:1.0:copy (copy-license-file) @ layrry-platform ---
[INFO] Copied /home/gabsko/breaking-updates/LICENSE.txt to /home/gabsko/breaking-updates/layrry-platform/target/classes/META-INF/LICENSE-layrry
[INFO] 
[INFO] --- maven-resources-plugin:3.1.0:resources (default-resources) @ layrry-platform ---
[INFO] Using 'UTF-8' encoding to copy filtered resources.
[INFO] skip non existing resourceDirectory /home/gabsko/breaking-updates/layrry-platform/src/main/resources
[INFO] 
[INFO] --- maven-compiler-plugin:3.8.1:compile (default-compile) @ layrry-platform ---
[INFO] Changes detected - recompiling the module!
[INFO] Compiling 4 source files to /home/gabsko/breaking-updates/layrry-platform/target/classes
[INFO] 
[INFO] --- maven-resources-plugin:3.1.0:testResources (default-testResources) @ layrry-platform ---
[INFO] Using 'UTF-8' encoding to copy filtered resources.
[INFO] skip non existing resourceDirectory /home/gabsko/breaking-updates/layrry-platform/src/test/resources
[INFO] 
[INFO] --- maven-compiler-plugin:3.8.1:testCompile (default-testCompile) @ layrry-platform ---
[INFO] No sources to compile
[INFO] 
[INFO] --- maven-surefire-plugin:3.0.0-M4:test (default-test) @ layrry-platform ---
[INFO] No tests to run.
[INFO] 
[INFO] -----------------< org.moditect.layrry:layrry-config >------------------
[INFO] Building Layrry Config 1.0.0-SNAPSHOT                             [3/31]
[INFO] --------------------------------[ jar ]---------------------------------
[INFO] 
[INFO] --- maven-clean-plugin:3.1.0:clean (default-clean) @ layrry-config ---
[INFO] Deleting /home/gabsko/breaking-updates/layrry-config/target
[INFO] 
[INFO] --- git-commit-id-plugin:3.0.1:revision (get-the-git-infos) @ layrry-config ---
[INFO] 
[INFO] --- maven-enforcer-plugin:3.0.0-M3:enforce (default) @ layrry-config ---
[INFO] 
[INFO] --- copy-rename-maven-plugin:1.0:copy (copy-license-file) @ layrry-config ---
[INFO] Copied /home/gabsko/breaking-updates/LICENSE.txt to /home/gabsko/breaking-updates/layrry-config/target/classes/META-INF/LICENSE-layrry
[INFO] 
[INFO] --- maven-resources-plugin:3.1.0:resources (default-resources) @ layrry-config ---
[INFO] Using 'UTF-8' encoding to copy filtered resources.
[INFO] skip non existing resourceDirectory /home/gabsko/breaking-updates/layrry-config/src/main/resources
[INFO] 
[INFO] --- maven-compiler-plugin:3.8.1:compile (default-compile) @ layrry-config ---
[INFO] Changes detected - recompiling the module!
[INFO] Compiling 8 source files to /home/gabsko/breaking-updates/layrry-config/target/classes
[INFO] 
[INFO] --- maven-resources-plugin:3.1.0:testResources (default-testResources) @ layrry-config ---
[INFO] Using 'UTF-8' encoding to copy filtered resources.
[INFO] skip non existing resourceDirectory /home/gabsko/breaking-updates/layrry-config/src/test/resources
[INFO] 
[INFO] --- maven-compiler-plugin:3.8.1:testCompile (default-testCompile) @ layrry-config ---
[INFO] No sources to compile
[INFO] 
[INFO] --- maven-surefire-plugin:3.0.0-M4:test (default-test) @ layrry-config ---
[INFO] No tests to run.
[INFO] 
[INFO] ---------------< org.moditect.layrry:layrry-config-yaml >---------------
[INFO] Building YAML config support for Layrry 1.0.0-SNAPSHOT            [4/31]
[INFO] --------------------------------[ jar ]---------------------------------
[INFO] 
[INFO] --- maven-clean-plugin:3.1.0:clean (default-clean) @ layrry-config-yaml ---
[INFO] Deleting /home/gabsko/breaking-updates/layrry-config-yaml/target
[INFO] 
[INFO] --- git-commit-id-plugin:3.0.1:revision (get-the-git-infos) @ layrry-config-yaml ---
[INFO] 
[INFO] --- maven-enforcer-plugin:3.0.0-M3:enforce (default) @ layrry-config-yaml ---
[INFO] 
[INFO] --- copy-rename-maven-plugin:1.0:copy (copy-license-file) @ layrry-config-yaml ---
[INFO] Copied /home/gabsko/breaking-updates/LICENSE.txt to /home/gabsko/breaking-updates/layrry-config-yaml/target/classes/META-INF/LICENSE-layrry
[INFO] 
[INFO] --- maven-resources-plugin:3.1.0:resources (default-resources) @ layrry-config-yaml ---
[INFO] Using 'UTF-8' encoding to copy filtered resources.
[INFO] Copying 1 resource
[INFO] 
[INFO] --- maven-compiler-plugin:3.8.1:compile (default-compile) @ layrry-config-yaml ---
[INFO] Changes detected - recompiling the module!
[INFO] Compiling 1 source file to /home/gabsko/breaking-updates/layrry-config-yaml/target/classes
[INFO] 
[INFO] --- maven-resources-plugin:3.1.0:testResources (default-testResources) @ layrry-config-yaml ---
[INFO] Using 'UTF-8' encoding to copy filtered resources.
[INFO] skip non existing resourceDirectory /home/gabsko/breaking-updates/layrry-config-yaml/src/test/resources
[INFO] 
[INFO] --- maven-compiler-plugin:3.8.1:testCompile (default-testCompile) @ layrry-config-yaml ---
[INFO] No sources to compile
[INFO] 
[INFO] --- maven-surefire-plugin:3.0.0-M4:test (default-test) @ layrry-config-yaml ---
[INFO] No tests to run.
[INFO] 
[INFO] ---------------< org.moditect.layrry:layrry-config-toml >---------------
[INFO] Building TOML config support for Layrry 1.0.0-SNAPSHOT            [5/31]
[INFO] --------------------------------[ jar ]---------------------------------
[INFO] 
[INFO] --- maven-clean-plugin:3.1.0:clean (default-clean) @ layrry-config-toml ---
[INFO] Deleting /home/gabsko/breaking-updates/layrry-config-toml/target
[INFO] 
[INFO] --- git-commit-id-plugin:3.0.1:revision (get-the-git-infos) @ layrry-config-toml ---
[INFO] 
[INFO] --- maven-enforcer-plugin:3.0.0-M3:enforce (default) @ layrry-config-toml ---
[INFO] 
[INFO] --- copy-rename-maven-plugin:1.0:copy (copy-license-file) @ layrry-config-toml ---
[INFO] Copied /home/gabsko/breaking-updates/LICENSE.txt to /home/gabsko/breaking-updates/layrry-config-toml/target/classes/META-INF/LICENSE-layrry
[INFO] 
[INFO] --- maven-resources-plugin:3.1.0:resources (default-resources) @ layrry-config-toml ---
[INFO] Using 'UTF-8' encoding to copy filtered resources.
[INFO] Copying 1 resource
[INFO] 
[INFO] --- maven-compiler-plugin:3.8.1:compile (default-compile) @ layrry-config-toml ---
[INFO] Changes detected - recompiling the module!
[INFO] Compiling 1 source file to /home/gabsko/breaking-updates/layrry-config-toml/target/classes
[INFO] /home/gabsko/breaking-updates/layrry-config-toml/src/main/java/org/moditect/layrry/config/toml/TomlLayersConfigParser.java: /home/gabsko/breaking-updates/layrry-config-toml/src/main/java/org/moditect/layrry/config/toml/TomlLayersConfigParser.java uses unchecked or unsafe operations.
[INFO] /home/gabsko/breaking-updates/layrry-config-toml/src/main/java/org/moditect/layrry/config/toml/TomlLayersConfigParser.java: Recompile with -Xlint:unchecked for details.
[INFO] 
[INFO] --- maven-resources-plugin:3.1.0:testResources (default-testResources) @ layrry-config-toml ---
[INFO] Using 'UTF-8' encoding to copy filtered resources.
[INFO] skip non existing resourceDirectory /home/gabsko/breaking-updates/layrry-config-toml/src/test/resources
[INFO] 
[INFO] --- maven-compiler-plugin:3.8.1:testCompile (default-testCompile) @ layrry-config-toml ---
[INFO] No sources to compile
[INFO] 
[INFO] --- maven-surefire-plugin:3.0.0-M4:test (default-test) @ layrry-config-toml ---
[INFO] No tests to run.
[INFO] 
[INFO] ------------------< org.moditect.layrry:layrry-core >-------------------
[INFO] Building Layrry Core 1.0.0-SNAPSHOT                               [6/31]
[INFO] --------------------------------[ jar ]---------------------------------
[INFO] 
[INFO] --- maven-clean-plugin:3.1.0:clean (default-clean) @ layrry-core ---
[INFO] Deleting /home/gabsko/breaking-updates/layrry-core/target
[INFO] 
[INFO] --- git-commit-id-plugin:3.0.1:revision (get-the-git-infos) @ layrry-core ---
[INFO] 
[INFO] --- maven-enforcer-plugin:3.0.0-M3:enforce (default) @ layrry-core ---
[INFO] 
[INFO] --- copy-rename-maven-plugin:1.0:copy (copy-license-file) @ layrry-core ---
[INFO] Copied /home/gabsko/breaking-updates/LICENSE.txt to /home/gabsko/breaking-updates/layrry-core/target/classes/META-INF/LICENSE-layrry
[INFO] 
[INFO] --- maven-resources-plugin:3.1.0:resources (default-resources) @ layrry-core ---
[INFO] Using 'UTF-8' encoding to copy filtered resources.
[INFO] skip non existing resourceDirectory /home/gabsko/breaking-updates/layrry-core/src/main/resources
[INFO] 
[INFO] --- maven-compiler-plugin:3.8.1:compile (default-compile) @ layrry-core ---
[INFO] Changes detected - recompiling the module!
[INFO] Compiling 44 source files to /home/gabsko/breaking-updates/layrry-core/target/classes
[INFO] 
[INFO] --- maven-resources-plugin:3.1.0:testResources (default-testResources) @ layrry-core ---
[INFO] Using 'UTF-8' encoding to copy filtered resources.
[INFO] skip non existing resourceDirectory /home/gabsko/breaking-updates/layrry-core/src/test/resources
[INFO] 
[INFO] --- maven-compiler-plugin:3.8.1:testCompile (default-testCompile) @ layrry-core ---
[INFO] Changes detected - recompiling the module!
[INFO] Compiling 2 source files to /home/gabsko/breaking-updates/layrry-core/target/test-classes
[INFO] 
[INFO] --- maven-surefire-plugin:3.0.0-M4:test (default-test) @ layrry-core ---
[INFO] 
[INFO] -------------------------------------------------------
[INFO]  T E S T S
[INFO] -------------------------------------------------------
[INFO] Running org.moditect.layrry.internal.resolver.FlatLocalRepositoryTest
[INFO] Tests run: 1, Failures: 0, Errors: 0, Skipped: 0, Time elapsed: 0.187 s - in org.moditect.layrry.internal.resolver.FlatLocalRepositoryTest
[INFO] Running org.moditect.layrry.internal.resolver.DefaultLocalRepositoryTest
[INFO] Tests run: 1, Failures: 0, Errors: 0, Skipped: 0, Time elapsed: 0.039 s - in org.moditect.layrry.internal.resolver.DefaultLocalRepositoryTest
[INFO] 
[INFO] Results:
[INFO] 
[INFO] Tests run: 2, Failures: 0, Errors: 0, Skipped: 0
[INFO] 
[INFO] 
[INFO] ----------------< org.moditect.layrry:layrry-launcher >-----------------
[INFO] Building Layrry Launcher 1.0.0-SNAPSHOT                           [7/31]
[INFO] --------------------------------[ jar ]---------------------------------
[INFO] 
[INFO] --- maven-clean-plugin:3.1.0:clean (default-clean) @ layrry-launcher ---
[INFO] Deleting /home/gabsko/breaking-updates/layrry-launcher/target
[INFO] 
[INFO] --- git-commit-id-plugin:3.0.1:revision (get-the-git-infos) @ layrry-launcher ---
[INFO] 
[INFO] --- maven-enforcer-plugin:3.0.0-M3:enforce (default) @ layrry-launcher ---
[INFO] 
[INFO] --- copy-rename-maven-plugin:1.0:copy (copy-license-file) @ layrry-launcher ---
[INFO] Copied /home/gabsko/breaking-updates/LICENSE.txt to /home/gabsko/breaking-updates/layrry-launcher/target/classes/META-INF/LICENSE-layrry
[INFO] 
[INFO] --- maven-resources-plugin:3.1.0:resources (default-resources) @ layrry-launcher ---
[INFO] Using 'UTF-8' encoding to copy filtered resources.
[INFO] skip non existing resourceDirectory /home/gabsko/breaking-updates/layrry-launcher/src/main/resources
[INFO] 
[INFO] --- maven-compiler-plugin:3.8.1:compile (default-compile) @ layrry-launcher ---
[INFO] Changes detected - recompiling the module!
[INFO] Compiling 2 source files to /home/gabsko/breaking-updates/layrry-launcher/target/classes
[INFO] 
[INFO] --- maven-resources-plugin:3.1.0:testResources (default-testResources) @ layrry-launcher ---
[INFO] Using 'UTF-8' encoding to copy filtered resources.
[INFO] skip non existing resourceDirectory /home/gabsko/breaking-updates/layrry-launcher/src/test/resources
[INFO] 
[INFO] --- maven-compiler-plugin:3.8.1:testCompile (default-testCompile) @ layrry-launcher ---
[INFO] No sources to compile
[INFO] 
[INFO] --- maven-surefire-plugin:3.0.0-M4:test (default-test) @ layrry-launcher ---
[INFO] No tests to run.
[INFO] 
[INFO] -----------< org.moditect.layrry.it:layrry-integrationtest >------------
[INFO] Building Layrry Integration Test - Aggregator 1.0.0-SNAPSHOT      [8/31]
[INFO] --------------------------------[ pom ]---------------------------------
[INFO] 
[INFO] --- maven-clean-plugin:3.1.0:clean (default-clean) @ layrry-integrationtest ---
[INFO] Deleting /home/gabsko/breaking-updates/integration-test/target
[INFO] 
[INFO] --- git-commit-id-plugin:3.0.1:revision (get-the-git-infos) @ layrry-integrationtest ---
[INFO] 
[INFO] --- maven-enforcer-plugin:3.0.0-M3:enforce (default) @ layrry-integrationtest ---
[INFO] 
[INFO] --- copy-rename-maven-plugin:1.0:copy (copy-license-file) @ layrry-integrationtest ---
[INFO] Copied /home/gabsko/breaking-updates/LICENSE.txt to /home/gabsko/breaking-updates/integration-test/target/classes/META-INF/LICENSE-layrry
[INFO] 
[INFO] -----------------< org.moditect.layrry.it:it-greeter >------------------
[INFO] Building Layrry Integration Test - Greeter 1.0.0                  [9/31]
[INFO] --------------------------------[ jar ]---------------------------------
[INFO] 
[INFO] --- maven-clean-plugin:3.1.0:clean (default-clean) @ it-greeter ---
[INFO] Deleting /home/gabsko/breaking-updates/integration-test/it-greeter-1.0.0/target
[INFO] 
[INFO] --- git-commit-id-plugin:3.0.1:revision (get-the-git-infos) @ it-greeter ---
[INFO] 
[INFO] --- maven-enforcer-plugin:3.0.0-M3:enforce (default) @ it-greeter ---
[INFO] 
[INFO] --- copy-rename-maven-plugin:1.0:copy (copy-license-file) @ it-greeter ---
[INFO] Copied /home/gabsko/breaking-updates/LICENSE.txt to /home/gabsko/breaking-updates/integration-test/it-greeter-1.0.0/target/classes/META-INF/LICENSE-layrry
[INFO] 
[INFO] --- maven-resources-plugin:3.1.0:resources (default-resources) @ it-greeter ---
[INFO] Using 'UTF-8' encoding to copy filtered resources.
[INFO] skip non existing resourceDirectory /home/gabsko/breaking-updates/integration-test/it-greeter-1.0.0/src/main/resources
[INFO] 
[INFO] --- maven-compiler-plugin:3.8.1:compile (default-compile) @ it-greeter ---
[INFO] Changes detected - recompiling the module!
[INFO] Compiling 2 source files to /home/gabsko/breaking-updates/integration-test/it-greeter-1.0.0/target/classes
[INFO] 
[INFO] --- maven-resources-plugin:3.1.0:testResources (default-testResources) @ it-greeter ---
[INFO] Using 'UTF-8' encoding to copy filtered resources.
[INFO] skip non existing resourceDirectory /home/gabsko/breaking-updates/integration-test/it-greeter-1.0.0/src/test/resources
[INFO] 
[INFO] --- maven-compiler-plugin:3.8.1:testCompile (default-testCompile) @ it-greeter ---
[INFO] No sources to compile
[INFO] 
[INFO] --- maven-surefire-plugin:3.0.0-M4:test (default-test) @ it-greeter ---
[INFO] No tests to run.
[INFO] 
[INFO] -----------------< org.moditect.layrry.it:it-greeter >------------------
[INFO] Building Layrry Integration Test - Greeter 2.0.0                 [10/31]
[INFO] --------------------------------[ jar ]---------------------------------
[INFO] 
[INFO] --- maven-clean-plugin:3.1.0:clean (default-clean) @ it-greeter ---
[INFO] Deleting /home/gabsko/breaking-updates/integration-test/it-greeter-2.0.0/target
[INFO] 
[INFO] --- git-commit-id-plugin:3.0.1:revision (get-the-git-infos) @ it-greeter ---
[INFO] 
[INFO] --- maven-enforcer-plugin:3.0.0-M3:enforce (default) @ it-greeter ---
[INFO] 
[INFO] --- copy-rename-maven-plugin:1.0:copy (copy-license-file) @ it-greeter ---
[INFO] Copied /home/gabsko/breaking-updates/LICENSE.txt to /home/gabsko/breaking-updates/integration-test/it-greeter-2.0.0/target/classes/META-INF/LICENSE-layrry
[INFO] 
[INFO] --- maven-resources-plugin:3.1.0:resources (default-resources) @ it-greeter ---
[INFO] Using 'UTF-8' encoding to copy filtered resources.
[INFO] skip non existing resourceDirectory /home/gabsko/breaking-updates/integration-test/it-greeter-2.0.0/src/main/resources
[INFO] 
[INFO] --- maven-compiler-plugin:3.8.1:compile (default-compile) @ it-greeter ---
[INFO] Changes detected - recompiling the module!
[INFO] Compiling 2 source files to /home/gabsko/breaking-updates/integration-test/it-greeter-2.0.0/target/classes
[INFO] 
[INFO] --- maven-resources-plugin:3.1.0:testResources (default-testResources) @ it-greeter ---
[INFO] Using 'UTF-8' encoding to copy filtered resources.
[INFO] skip non existing resourceDirectory /home/gabsko/breaking-updates/integration-test/it-greeter-2.0.0/src/test/resources
[INFO] 
[INFO] --- maven-compiler-plugin:3.8.1:testCompile (default-testCompile) @ it-greeter ---
[INFO] No sources to compile
[INFO] 
[INFO] --- maven-surefire-plugin:3.0.0-M4:test (default-test) @ it-greeter ---
[INFO] No tests to run.
[INFO] 
[INFO] -------------------< org.moditect.layrry.it:it-foo >--------------------
[INFO] Building Layrry Integration Test - Foo 1.0.0                     [11/31]
[INFO] --------------------------------[ jar ]---------------------------------
[INFO] 
[INFO] --- maven-clean-plugin:3.1.0:clean (default-clean) @ it-foo ---
[INFO] Deleting /home/gabsko/breaking-updates/integration-test/it-foo/target
[INFO] 
[INFO] --- git-commit-id-plugin:3.0.1:revision (get-the-git-infos) @ it-foo ---
[INFO] 
[INFO] --- maven-enforcer-plugin:3.0.0-M3:enforce (default) @ it-foo ---
[INFO] 
[INFO] --- copy-rename-maven-plugin:1.0:copy (copy-license-file) @ it-foo ---
[INFO] Copied /home/gabsko/breaking-updates/LICENSE.txt to /home/gabsko/breaking-updates/integration-test/it-foo/target/classes/META-INF/LICENSE-layrry
[INFO] 
[INFO] --- maven-resources-plugin:3.1.0:resources (default-resources) @ it-foo ---
[INFO] Using 'UTF-8' encoding to copy filtered resources.
[INFO] skip non existing resourceDirectory /home/gabsko/breaking-updates/integration-test/it-foo/src/main/resources
[INFO] 
[INFO] --- maven-compiler-plugin:3.8.1:compile (default-compile) @ it-foo ---
[INFO] Changes detected - recompiling the module!
[INFO] Compiling 2 source files to /home/gabsko/breaking-updates/integration-test/it-foo/target/classes
[INFO] 
[INFO] --- maven-resources-plugin:3.1.0:testResources (default-testResources) @ it-foo ---
[INFO] Using 'UTF-8' encoding to copy filtered resources.
[INFO] skip non existing resourceDirectory /home/gabsko/breaking-updates/integration-test/it-foo/src/test/resources
[INFO] 
[INFO] --- maven-compiler-plugin:3.8.1:testCompile (default-testCompile) @ it-foo ---
[INFO] No sources to compile
[INFO] 
[INFO] --- maven-surefire-plugin:3.0.0-M4:test (default-test) @ it-foo ---
[INFO] No tests to run.
[INFO] 
[INFO] -------------------< org.moditect.layrry.it:it-bar >--------------------
[INFO] Building Layrry Integration Test - Bar 1.0.0                     [12/31]
[INFO] --------------------------------[ jar ]---------------------------------
[INFO] 
[INFO] --- maven-clean-plugin:3.1.0:clean (default-clean) @ it-bar ---
[INFO] Deleting /home/gabsko/breaking-updates/integration-test/it-bar/target
[INFO] 
[INFO] --- git-commit-id-plugin:3.0.1:revision (get-the-git-infos) @ it-bar ---
[INFO] 
[INFO] --- maven-enforcer-plugin:3.0.0-M3:enforce (default) @ it-bar ---
[INFO] 
[INFO] --- copy-rename-maven-plugin:1.0:copy (copy-license-file) @ it-bar ---
[INFO] Copied /home/gabsko/breaking-updates/LICENSE.txt to /home/gabsko/breaking-updates/integration-test/it-bar/target/classes/META-INF/LICENSE-layrry
[INFO] 
[INFO] --- maven-resources-plugin:3.1.0:resources (default-resources) @ it-bar ---
[INFO] Using 'UTF-8' encoding to copy filtered resources.
[INFO] skip non existing resourceDirectory /home/gabsko/breaking-updates/integration-test/it-bar/src/main/resources
[INFO] 
[INFO] --- maven-compiler-plugin:3.8.1:compile (default-compile) @ it-bar ---
[INFO] Changes detected - recompiling the module!
[INFO] Compiling 2 source files to /home/gabsko/breaking-updates/integration-test/it-bar/target/classes
[INFO] 
[INFO] --- maven-resources-plugin:3.1.0:testResources (default-testResources) @ it-bar ---
[INFO] Using 'UTF-8' encoding to copy filtered resources.
[INFO] skip non existing resourceDirectory /home/gabsko/breaking-updates/integration-test/it-bar/src/test/resources
[INFO] 
[INFO] --- maven-compiler-plugin:3.8.1:testCompile (default-testCompile) @ it-bar ---
[INFO] No sources to compile
[INFO] 
[INFO] --- maven-surefire-plugin:3.0.0-M4:test (default-test) @ it-bar ---
[INFO] No tests to run.
[INFO] 
[INFO] -------------------< org.moditect.layrry.it:it-app >--------------------
[INFO] Building Layrry Integration Test - App 1.0.0                     [13/31]
[INFO] --------------------------------[ jar ]---------------------------------
[INFO] 
[INFO] --- maven-clean-plugin:3.1.0:clean (default-clean) @ it-app ---
[INFO] Deleting /home/gabsko/breaking-updates/integration-test/it-app/target
[INFO] 
[INFO] --- git-commit-id-plugin:3.0.1:revision (get-the-git-infos) @ it-app ---
[INFO] 
[INFO] --- maven-enforcer-plugin:3.0.0-M3:enforce (default) @ it-app ---
[INFO] 
[INFO] --- copy-rename-maven-plugin:1.0:copy (copy-license-file) @ it-app ---
[INFO] Copied /home/gabsko/breaking-updates/LICENSE.txt to /home/gabsko/breaking-updates/integration-test/it-app/target/classes/META-INF/LICENSE-layrry
[INFO] 
[INFO] --- maven-resources-plugin:3.1.0:resources (default-resources) @ it-app ---
[INFO] Using 'UTF-8' encoding to copy filtered resources.
[INFO] skip non existing resourceDirectory /home/gabsko/breaking-updates/integration-test/it-app/src/main/resources
[INFO] 
[INFO] --- maven-compiler-plugin:3.8.1:compile (default-compile) @ it-app ---
[INFO] Changes detected - recompiling the module!
[INFO] Compiling 2 source files to /home/gabsko/breaking-updates/integration-test/it-app/target/classes
[INFO] 
[INFO] --- maven-resources-plugin:3.1.0:testResources (default-testResources) @ it-app ---
[INFO] Using 'UTF-8' encoding to copy filtered resources.
[INFO] skip non existing resourceDirectory /home/gabsko/breaking-updates/integration-test/it-app/src/test/resources
[INFO] 
[INFO] --- maven-compiler-plugin:3.8.1:testCompile (default-testCompile) @ it-app ---
[INFO] No sources to compile
[INFO] 
[INFO] --- maven-surefire-plugin:3.0.0-M4:test (default-test) @ it-app ---
[INFO] No tests to run.
[INFO] 
[INFO] ----------------< org.moditect.layrry.it:it-logconfig >-----------------
[INFO] Building Layrry Integration Test - Log Config 1.0.0              [14/31]
[INFO] --------------------------------[ jar ]---------------------------------
[INFO] 
[INFO] --- maven-clean-plugin:3.1.0:clean (default-clean) @ it-logconfig ---
[INFO] Deleting /home/gabsko/breaking-updates/integration-test/it-logconfig/target
[INFO] 
[INFO] --- git-commit-id-plugin:3.0.1:revision (get-the-git-infos) @ it-logconfig ---
[INFO] 
[INFO] --- maven-enforcer-plugin:3.0.0-M3:enforce (default) @ it-logconfig ---
[INFO] 
[INFO] --- copy-rename-maven-plugin:1.0:copy (copy-license-file) @ it-logconfig ---
[INFO] Copied /home/gabsko/breaking-updates/LICENSE.txt to /home/gabsko/breaking-updates/integration-test/it-logconfig/target/classes/META-INF/LICENSE-layrry
[INFO] 
[INFO] --- maven-resources-plugin:3.1.0:resources (default-resources) @ it-logconfig ---
[INFO] Using 'UTF-8' encoding to copy filtered resources.
[INFO] Copying 1 resource
[INFO] 
[INFO] --- maven-compiler-plugin:3.8.1:compile (default-compile) @ it-logconfig ---
[INFO] No sources to compile
[INFO] 
[INFO] --- maven-resources-plugin:3.1.0:testResources (default-testResources) @ it-logconfig ---
[INFO] Using 'UTF-8' encoding to copy filtered resources.
[INFO] skip non existing resourceDirectory /home/gabsko/breaking-updates/integration-test/it-logconfig/src/test/resources
[INFO] 
[INFO] --- maven-compiler-plugin:3.8.1:testCompile (default-testCompile) @ it-logconfig ---
[INFO] No sources to compile
[INFO] 
[INFO] --- maven-surefire-plugin:3.0.0-M4:test (default-test) @ it-logconfig ---
[INFO] No tests to run.
[INFO] 
[INFO] --------< org.moditect.layrry.it:layrry-integrationtest-runner >--------
[INFO] Building Layrry Integration Test - Runner 1.0.0-SNAPSHOT         [15/31]
[INFO] --------------------------------[ jar ]---------------------------------
[INFO] 
[INFO] --- maven-clean-plugin:3.1.0:clean (default-clean) @ layrry-integrationtest-runner ---
[INFO] Deleting /home/gabsko/breaking-updates/integration-test/it-runner/target
[INFO] 
[INFO] --- git-commit-id-plugin:3.0.1:revision (get-the-git-infos) @ layrry-integrationtest-runner ---
[INFO] 
[INFO] --- maven-enforcer-plugin:3.0.0-M3:enforce (default) @ layrry-integrationtest-runner ---
[INFO] 
[INFO] --- copy-rename-maven-plugin:1.0:copy (copy-license-file) @ layrry-integrationtest-runner ---
[INFO] Copied /home/gabsko/breaking-updates/LICENSE.txt to /home/gabsko/breaking-updates/integration-test/it-runner/target/classes/META-INF/LICENSE-layrry
[INFO] 
[INFO] --- maven-resources-plugin:3.1.0:resources (default-resources) @ layrry-integrationtest-runner ---
[INFO] Using 'UTF-8' encoding to copy filtered resources.
[INFO] skip non existing resourceDirectory /home/gabsko/breaking-updates/integration-test/it-runner/src/main/resources
[INFO] 
[INFO] --- maven-compiler-plugin:3.8.1:compile (default-compile) @ layrry-integrationtest-runner ---
[INFO] No sources to compile
[INFO] 
[INFO] --- maven-resources-plugin:3.1.0:testResources (default-testResources) @ layrry-integrationtest-runner ---
[INFO] Using 'UTF-8' encoding to copy filtered resources.
[INFO] Copying 6 resources
[INFO] 
[INFO] --- maven-compiler-plugin:3.8.1:testCompile (default-testCompile) @ layrry-integrationtest-runner ---
[INFO] Changes detected - recompiling the module!
[INFO] Compiling 6 source files to /home/gabsko/breaking-updates/integration-test/it-runner/target/test-classes
[INFO] 
[INFO] --- maven-surefire-plugin:3.0.0-M4:test (default-test) @ layrry-integrationtest-runner ---
[INFO] 
[INFO] -------------------------------------------------------
[INFO]  T E S T S
[INFO] -------------------------------------------------------
[INFO] Running org.moditect.layrry.it.test.ContentNegotiationRemoteIntegrationTest
[main] INFO org.eclipse.jetty.util.log - Logging initialized @299ms to org.eclipse.jetty.util.log.Slf4jLog
[main] INFO org.eclipse.jetty.server.Server - jetty-9.4.36.v20210114; built: 2021-01-14T16:44:28.689Z; git: 238ec6997c7806b055319a6d11f8ae7564adc0de; jvm 11.0.17+8-post-Ubuntu-1ubuntu218.04
[main] INFO org.eclipse.jetty.server.AbstractConnector - Started ServerConnector@6366ebe0{HTTP/1.1, (http/1.1)}{0.0.0.0:37935}
[main] INFO org.eclipse.jetty.server.Server - Started @397ms
Jan 17, 2023 8:47:39 PM org.jboss.shrinkwrap.resolver.impl.maven.logging.LogTransferListener transferFailed
WARNING: Failed downloading org/moditect/layrry/it/it-logconfig/1.0.0/it-logconfig-1.0.0.pom from https://repo1.maven.org/maven2/. Reason: 
org.eclipse.aether.transfer.ArtifactNotFoundException: Could not find artifact org.moditect.layrry.it:it-logconfig:pom:1.0.0 in central (https://repo1.maven.org/maven2)
Jan 17, 2023 8:47:39 PM org.jboss.shrinkwrap.resolver.impl.maven.logging.LogRepositoryListener artifactDescriptorMissing
WARNING: Missing artifact descriptor for org.moditect.layrry.it:it-logconfig:jar:1.0.0
Jan 17, 2023 8:47:39 PM org.jboss.shrinkwrap.resolver.impl.maven.logging.LogTransferListener transferFailed
WARNING: Failed downloading org/moditect/layrry/it/it-logconfig/1.0.0/it-logconfig-1.0.0.jar from https://repo1.maven.org/maven2/. Reason: 
org.eclipse.aether.transfer.ArtifactNotFoundException: Could not find artifact org.moditect.layrry.it:it-logconfig:jar:1.0.0 in central (https://repo1.maven.org/maven2)
Jan 17, 2023 8:47:39 PM org.jboss.shrinkwrap.resolver.impl.maven.logging.LogTransferListener transferFailed
WARNING: Failed downloading org/moditect/layrry/it/it-logconfig/1.0.0/it-logconfig-1.0.0.pom from https://repo1.maven.org/maven2/. Reason: 
org.eclipse.aether.transfer.ArtifactNotFoundException: Could not find artifact org.moditect.layrry.it:it-logconfig:pom:1.0.0 in central (https://repo1.maven.org/maven2)
Jan 17, 2023 8:47:39 PM org.jboss.shrinkwrap.resolver.impl.maven.logging.LogRepositoryListener artifactDescriptorMissing
WARNING: Missing artifact descriptor for org.moditect.layrry.it:it-logconfig:jar:1.0.0
Jan 17, 2023 8:47:39 PM org.jboss.shrinkwrap.resolver.impl.maven.logging.LogTransferListener transferFailed
WARNING: Failed downloading org/moditect/layrry/it/it-logconfig/1.0.0/it-logconfig-1.0.0.jar from https://repo1.maven.org/maven2/. Reason: 
org.eclipse.aether.transfer.ArtifactNotFoundException: Could not find artifact org.moditect.layrry.it:it-logconfig:jar:1.0.0 in central (https://repo1.maven.org/maven2)
[main] INFO org.eclipse.jetty.server.AbstractConnector - Stopped ServerConnector@6366ebe0{HTTP/1.1, (http/1.1)}{0.0.0.0:0}
[ERROR] Tests run: 2, Failures: 0, Errors: 2, Skipped: 0, Time elapsed: 1.163 s <<< FAILURE! - in org.moditect.layrry.it.test.ContentNegotiationRemoteIntegrationTest
[ERROR] org.moditect.layrry.it.test.ContentNegotiationRemoteIntegrationTest.runLayersFromToml  Time elapsed: 0.875 s  <<< ERROR!
org.jboss.shrinkwrap.resolver.api.NoResolvedResultException: Unable to collect/resolve dependency tree for a resolution due to: Could not find artifact org.moditect.layrry.it:it-logconfig:jar:1.0.0 in central (https://repo1.maven.org/maven2), caused by: Could not find artifact org.moditect.layrry.it:it-logconfig:jar:1.0.0 in central (https://repo1.maven.org/maven2)
	at org.moditect.layrry.it.test.ContentNegotiationRemoteIntegrationTest.runLayersFromToml(ContentNegotiationRemoteIntegrationTest.java:57)
Caused by: org.eclipse.aether.resolution.DependencyResolutionException: Could not find artifact org.moditect.layrry.it:it-logconfig:jar:1.0.0 in central (https://repo1.maven.org/maven2)
	at org.moditect.layrry.it.test.ContentNegotiationRemoteIntegrationTest.runLayersFromToml(ContentNegotiationRemoteIntegrationTest.java:57)
Caused by: org.eclipse.aether.resolution.ArtifactResolutionException: Could not find artifact org.moditect.layrry.it:it-logconfig:jar:1.0.0 in central (https://repo1.maven.org/maven2)
	at org.moditect.layrry.it.test.ContentNegotiationRemoteIntegrationTest.runLayersFromToml(ContentNegotiationRemoteIntegrationTest.java:57)
Caused by: org.eclipse.aether.transfer.ArtifactNotFoundException: Could not find artifact org.moditect.layrry.it:it-logconfig:jar:1.0.0 in central (https://repo1.maven.org/maven2)
	at org.moditect.layrry.it.test.ContentNegotiationRemoteIntegrationTest.runLayersFromToml(ContentNegotiationRemoteIntegrationTest.java:57)

[ERROR] org.moditect.layrry.it.test.ContentNegotiationRemoteIntegrationTest.runLayersFromYaml  Time elapsed: 0.106 s  <<< ERROR!
org.jboss.shrinkwrap.resolver.api.NoResolvedResultException: Unable to collect/resolve dependency tree for a resolution due to: Could not find artifact org.moditect.layrry.it:it-logconfig:jar:1.0.0 in central (https://repo1.maven.org/maven2), caused by: Could not find artifact org.moditect.layrry.it:it-logconfig:jar:1.0.0 in central (https://repo1.maven.org/maven2)
	at org.moditect.layrry.it.test.ContentNegotiationRemoteIntegrationTest.runLayersFromYaml(ContentNegotiationRemoteIntegrationTest.java:48)
Caused by: org.eclipse.aether.resolution.DependencyResolutionException: Could not find artifact org.moditect.layrry.it:it-logconfig:jar:1.0.0 in central (https://repo1.maven.org/maven2)
	at org.moditect.layrry.it.test.ContentNegotiationRemoteIntegrationTest.runLayersFromYaml(ContentNegotiationRemoteIntegrationTest.java:48)
Caused by: org.eclipse.aether.resolution.ArtifactResolutionException: Could not find artifact org.moditect.layrry.it:it-logconfig:jar:1.0.0 in central (https://repo1.maven.org/maven2)
	at org.moditect.layrry.it.test.ContentNegotiationRemoteIntegrationTest.runLayersFromYaml(ContentNegotiationRemoteIntegrationTest.java:48)
Caused by: org.eclipse.aether.transfer.ArtifactNotFoundException: Could not find artifact org.moditect.layrry.it:it-logconfig:jar:1.0.0 in central (https://repo1.maven.org/maven2)
	at org.moditect.layrry.it.test.ContentNegotiationRemoteIntegrationTest.runLayersFromYaml(ContentNegotiationRemoteIntegrationTest.java:48)

[INFO] Running org.moditect.layrry.it.test.ContentDispositionRemoteIntegrationTest
[main] INFO org.eclipse.jetty.server.Server - jetty-9.4.36.v20210114; built: 2021-01-14T16:44:28.689Z; git: 238ec6997c7806b055319a6d11f8ae7564adc0de; jvm 11.0.17+8-post-Ubuntu-1ubuntu218.04
[main] INFO org.eclipse.jetty.server.AbstractConnector - Started ServerConnector@33b082c5{HTTP/1.1, (http/1.1)}{0.0.0.0:40183}
[main] INFO org.eclipse.jetty.server.Server - Started @1401ms
Jan 17, 2023 8:47:39 PM org.jboss.shrinkwrap.resolver.impl.maven.logging.LogTransferListener transferFailed
WARNING: Failed downloading org/moditect/layrry/it/it-logconfig/1.0.0/it-logconfig-1.0.0.pom from https://repo1.maven.org/maven2/. Reason: 
org.eclipse.aether.transfer.ArtifactNotFoundException: Could not find artifact org.moditect.layrry.it:it-logconfig:pom:1.0.0 in central (https://repo1.maven.org/maven2)
Jan 17, 2023 8:47:39 PM org.jboss.shrinkwrap.resolver.impl.maven.logging.LogRepositoryListener artifactDescriptorMissing
WARNING: Missing artifact descriptor for org.moditect.layrry.it:it-logconfig:jar:1.0.0
Jan 17, 2023 8:47:39 PM org.jboss.shrinkwrap.resolver.impl.maven.logging.LogTransferListener transferFailed
WARNING: Failed downloading org/moditect/layrry/it/it-logconfig/1.0.0/it-logconfig-1.0.0.jar from https://repo1.maven.org/maven2/. Reason: 
org.eclipse.aether.transfer.ArtifactNotFoundException: Could not find artifact org.moditect.layrry.it:it-logconfig:jar:1.0.0 in central (https://repo1.maven.org/maven2)
Jan 17, 2023 8:47:39 PM org.jboss.shrinkwrap.resolver.impl.maven.logging.LogTransferListener transferFailed
WARNING: Failed downloading org/moditect/layrry/it/it-logconfig/1.0.0/it-logconfig-1.0.0.pom from https://repo1.maven.org/maven2/. Reason: 
org.eclipse.aether.transfer.ArtifactNotFoundException: Could not find artifact org.moditect.layrry.it:it-logconfig:pom:1.0.0 in central (https://repo1.maven.org/maven2)
Jan 17, 2023 8:47:39 PM org.jboss.shrinkwrap.resolver.impl.maven.logging.LogRepositoryListener artifactDescriptorMissing
WARNING: Missing artifact descriptor for org.moditect.layrry.it:it-logconfig:jar:1.0.0
Jan 17, 2023 8:47:39 PM org.jboss.shrinkwrap.resolver.impl.maven.logging.LogTransferListener transferFailed
WARNING: Failed downloading org/moditect/layrry/it/it-logconfig/1.0.0/it-logconfig-1.0.0.jar from https://repo1.maven.org/maven2/. Reason: 
org.eclipse.aether.transfer.ArtifactNotFoundException: Could not find artifact org.moditect.layrry.it:it-logconfig:jar:1.0.0 in central (https://repo1.maven.org/maven2)
[main] INFO org.eclipse.jetty.server.AbstractConnector - Stopped ServerConnector@33b082c5{HTTP/1.1, (http/1.1)}{0.0.0.0:0}
[ERROR] Tests run: 2, Failures: 0, Errors: 2, Skipped: 0, Time elapsed: 0.204 s <<< FAILURE! - in org.moditect.layrry.it.test.ContentDispositionRemoteIntegrationTest
[ERROR] org.moditect.layrry.it.test.ContentDispositionRemoteIntegrationTest.runLayersFromToml  Time elapsed: 0.094 s  <<< ERROR!
org.jboss.shrinkwrap.resolver.api.NoResolvedResultException: Unable to collect/resolve dependency tree for a resolution due to: Could not find artifact org.moditect.layrry.it:it-logconfig:jar:1.0.0 in central (https://repo1.maven.org/maven2), caused by: Could not find artifact org.moditect.layrry.it:it-logconfig:jar:1.0.0 in central (https://repo1.maven.org/maven2)
	at org.moditect.layrry.it.test.ContentDispositionRemoteIntegrationTest.runLayersFromToml(ContentDispositionRemoteIntegrationTest.java:55)
Caused by: org.eclipse.aether.resolution.DependencyResolutionException: Could not find artifact org.moditect.layrry.it:it-logconfig:jar:1.0.0 in central (https://repo1.maven.org/maven2)
	at org.moditect.layrry.it.test.ContentDispositionRemoteIntegrationTest.runLayersFromToml(ContentDispositionRemoteIntegrationTest.java:55)
Caused by: org.eclipse.aether.resolution.ArtifactResolutionException: Could not find artifact org.moditect.layrry.it:it-logconfig:jar:1.0.0 in central (https://repo1.maven.org/maven2)
	at org.moditect.layrry.it.test.ContentDispositionRemoteIntegrationTest.runLayersFromToml(ContentDispositionRemoteIntegrationTest.java:55)
Caused by: org.eclipse.aether.transfer.ArtifactNotFoundException: Could not find artifact org.moditect.layrry.it:it-logconfig:jar:1.0.0 in central (https://repo1.maven.org/maven2)
	at org.moditect.layrry.it.test.ContentDispositionRemoteIntegrationTest.runLayersFromToml(ContentDispositionRemoteIntegrationTest.java:55)

[ERROR] org.moditect.layrry.it.test.ContentDispositionRemoteIntegrationTest.runLayersFromYaml  Time elapsed: 0.098 s  <<< ERROR!
org.jboss.shrinkwrap.resolver.api.NoResolvedResultException: Unable to collect/resolve dependency tree for a resolution due to: Could not find artifact org.moditect.layrry.it:it-logconfig:jar:1.0.0 in central (https://repo1.maven.org/maven2), caused by: Could not find artifact org.moditect.layrry.it:it-logconfig:jar:1.0.0 in central (https://repo1.maven.org/maven2)
	at org.moditect.layrry.it.test.ContentDispositionRemoteIntegrationTest.runLayersFromYaml(ContentDispositionRemoteIntegrationTest.java:46)
Caused by: org.eclipse.aether.resolution.DependencyResolutionException: Could not find artifact org.moditect.layrry.it:it-logconfig:jar:1.0.0 in central (https://repo1.maven.org/maven2)
	at org.moditect.layrry.it.test.ContentDispositionRemoteIntegrationTest.runLayersFromYaml(ContentDispositionRemoteIntegrationTest.java:46)
Caused by: org.eclipse.aether.resolution.ArtifactResolutionException: Could not find artifact org.moditect.layrry.it:it-logconfig:jar:1.0.0 in central (https://repo1.maven.org/maven2)
	at org.moditect.layrry.it.test.ContentDispositionRemoteIntegrationTest.runLayersFromYaml(ContentDispositionRemoteIntegrationTest.java:46)
Caused by: org.eclipse.aether.transfer.ArtifactNotFoundException: Could not find artifact org.moditect.layrry.it:it-logconfig:jar:1.0.0 in central (https://repo1.maven.org/maven2)
	at org.moditect.layrry.it.test.ContentDispositionRemoteIntegrationTest.runLayersFromYaml(ContentDispositionRemoteIntegrationTest.java:46)

[INFO] Running org.moditect.layrry.it.test.LayrryRemoteIntegrationTest
[main] INFO org.eclipse.jetty.server.Server - jetty-9.4.36.v20210114; built: 2021-01-14T16:44:28.689Z; git: 238ec6997c7806b055319a6d11f8ae7564adc0de; jvm 11.0.17+8-post-Ubuntu-1ubuntu218.04
[main] INFO org.eclipse.jetty.server.AbstractConnector - Started ServerConnector@7d0614f{HTTP/1.1, (http/1.1)}{0.0.0.0:42229}
[main] INFO org.eclipse.jetty.server.Server - Started @1614ms
Jan 17, 2023 8:47:40 PM org.jboss.shrinkwrap.resolver.impl.maven.logging.LogTransferListener transferFailed
WARNING: Failed downloading org/moditect/layrry/it/it-logconfig/1.0.0/it-logconfig-1.0.0.pom from https://repo1.maven.org/maven2/. Reason: 
org.eclipse.aether.transfer.ArtifactNotFoundException: Could not find artifact org.moditect.layrry.it:it-logconfig:pom:1.0.0 in central (https://repo1.maven.org/maven2)
Jan 17, 2023 8:47:40 PM org.jboss.shrinkwrap.resolver.impl.maven.logging.LogRepositoryListener artifactDescriptorMissing
WARNING: Missing artifact descriptor for org.moditect.layrry.it:it-logconfig:jar:1.0.0
Jan 17, 2023 8:47:40 PM org.jboss.shrinkwrap.resolver.impl.maven.logging.LogTransferListener transferFailed
WARNING: Failed downloading org/moditect/layrry/it/it-logconfig/1.0.0/it-logconfig-1.0.0.jar from https://repo1.maven.org/maven2/. Reason: 
org.eclipse.aether.transfer.ArtifactNotFoundException: Could not find artifact org.moditect.layrry.it:it-logconfig:jar:1.0.0 in central (https://repo1.maven.org/maven2)
Jan 17, 2023 8:47:40 PM org.jboss.shrinkwrap.resolver.impl.maven.logging.LogTransferListener transferFailed
WARNING: Failed downloading org/moditect/layrry/it/it-logconfig/1.0.0/it-logconfig-1.0.0.pom from https://repo1.maven.org/maven2/. Reason: 
org.eclipse.aether.transfer.ArtifactNotFoundException: Could not find artifact org.moditect.layrry.it:it-logconfig:pom:1.0.0 in central (https://repo1.maven.org/maven2)
Jan 17, 2023 8:47:40 PM org.jboss.shrinkwrap.resolver.impl.maven.logging.LogRepositoryListener artifactDescriptorMissing
WARNING: Missing artifact descriptor for org.moditect.layrry.it:it-logconfig:jar:1.0.0
Jan 17, 2023 8:47:40 PM org.jboss.shrinkwrap.resolver.impl.maven.logging.LogTransferListener transferFailed
WARNING: Failed downloading org/moditect/layrry/it/it-logconfig/1.0.0/it-logconfig-1.0.0.jar from https://repo1.maven.org/maven2/. Reason: 
org.eclipse.aether.transfer.ArtifactNotFoundException: Could not find artifact org.moditect.layrry.it:it-logconfig:jar:1.0.0 in central (https://repo1.maven.org/maven2)
Jan 17, 2023 8:47:40 PM org.jboss.shrinkwrap.resolver.impl.maven.logging.LogTransferListener transferFailed
WARNING: Failed downloading org/moditect/layrry/it/it-logconfig/1.0.0/it-logconfig-1.0.0.pom from https://repo1.maven.org/maven2/. Reason: 
org.eclipse.aether.transfer.ArtifactNotFoundException: Could not find artifact org.moditect.layrry.it:it-logconfig:pom:1.0.0 in central (https://repo1.maven.org/maven2)
Jan 17, 2023 8:47:40 PM org.jboss.shrinkwrap.resolver.impl.maven.logging.LogRepositoryListener artifactDescriptorMissing
WARNING: Missing artifact descriptor for org.moditect.layrry.it:it-logconfig:jar:1.0.0
Jan 17, 2023 8:47:40 PM org.jboss.shrinkwrap.resolver.impl.maven.logging.LogTransferListener transferFailed
WARNING: Failed downloading org/moditect/layrry/it/it-logconfig/1.0.0/it-logconfig-1.0.0.jar from https://repo1.maven.org/maven2/. Reason: 
org.eclipse.aether.transfer.ArtifactNotFoundException: Could not find artifact org.moditect.layrry.it:it-logconfig:jar:1.0.0 in central (https://repo1.maven.org/maven2)
[main] INFO org.eclipse.jetty.server.AbstractConnector - Stopped ServerConnector@7d0614f{HTTP/1.1, (http/1.1)}{0.0.0.0:0}
[ERROR] Tests run: 3, Failures: 0, Errors: 3, Skipped: 0, Time elapsed: 0.482 s <<< FAILURE! - in org.moditect.layrry.it.test.LayrryRemoteIntegrationTest
[ERROR] org.moditect.layrry.it.test.LayrryRemoteIntegrationTest.runLayersFromToml  Time elapsed: 0.099 s  <<< ERROR!
org.jboss.shrinkwrap.resolver.api.NoResolvedResultException: Unable to collect/resolve dependency tree for a resolution due to: Could not find artifact org.moditect.layrry.it:it-logconfig:jar:1.0.0 in central (https://repo1.maven.org/maven2), caused by: Could not find artifact org.moditect.layrry.it:it-logconfig:jar:1.0.0 in central (https://repo1.maven.org/maven2)
	at org.moditect.layrry.it.test.LayrryRemoteIntegrationTest.runLayersFromToml(LayrryRemoteIntegrationTest.java:40)
Caused by: org.eclipse.aether.resolution.DependencyResolutionException: Could not find artifact org.moditect.layrry.it:it-logconfig:jar:1.0.0 in central (https://repo1.maven.org/maven2)
	at org.moditect.layrry.it.test.LayrryRemoteIntegrationTest.runLayersFromToml(LayrryRemoteIntegrationTest.java:40)
Caused by: org.eclipse.aether.resolution.ArtifactResolutionException: Could not find artifact org.moditect.layrry.it:it-logconfig:jar:1.0.0 in central (https://repo1.maven.org/maven2)
	at org.moditect.layrry.it.test.LayrryRemoteIntegrationTest.runLayersFromToml(LayrryRemoteIntegrationTest.java:40)
Caused by: org.eclipse.aether.transfer.ArtifactNotFoundException: Could not find artifact org.moditect.layrry.it:it-logconfig:jar:1.0.0 in central (https://repo1.maven.org/maven2)
	at org.moditect.layrry.it.test.LayrryRemoteIntegrationTest.runLayersFromToml(LayrryRemoteIntegrationTest.java:40)

[ERROR] org.moditect.layrry.it.test.LayrryRemoteIntegrationTest.runLayersFromYaml  Time elapsed: 0.071 s  <<< ERROR!
org.jboss.shrinkwrap.resolver.api.NoResolvedResultException: Unable to collect/resolve dependency tree for a resolution due to: Could not find artifact org.moditect.layrry.it:it-logconfig:jar:1.0.0 in central (https://repo1.maven.org/maven2), caused by: Could not find artifact org.moditect.layrry.it:it-logconfig:jar:1.0.0 in central (https://repo1.maven.org/maven2)
	at org.moditect.layrry.it.test.LayrryRemoteIntegrationTest.runLayersFromYaml(LayrryRemoteIntegrationTest.java:31)
Caused by: org.eclipse.aether.resolution.DependencyResolutionException: Could not find artifact org.moditect.layrry.it:it-logconfig:jar:1.0.0 in central (https://repo1.maven.org/maven2)
	at org.moditect.layrry.it.test.LayrryRemoteIntegrationTest.runLayersFromYaml(LayrryRemoteIntegrationTest.java:31)
Caused by: org.eclipse.aether.resolution.ArtifactResolutionException: Could not find artifact org.moditect.layrry.it:it-logconfig:jar:1.0.0 in central (https://repo1.maven.org/maven2)
	at org.moditect.layrry.it.test.LayrryRemoteIntegrationTest.runLayersFromYaml(LayrryRemoteIntegrationTest.java:31)
Caused by: org.eclipse.aether.transfer.ArtifactNotFoundException: Could not find artifact org.moditect.layrry.it:it-logconfig:jar:1.0.0 in central (https://repo1.maven.org/maven2)
	at org.moditect.layrry.it.test.LayrryRemoteIntegrationTest.runLayersFromYaml(LayrryRemoteIntegrationTest.java:31)

[ERROR] org.moditect.layrry.it.test.LayrryRemoteIntegrationTest.runVersionedLayersFromYaml  Time elapsed: 0.297 s  <<< ERROR!
org.jboss.shrinkwrap.resolver.api.NoResolvedResultException: Unable to collect/resolve dependency tree for a resolution due to: Could not find artifact org.moditect.layrry.it:it-logconfig:jar:1.0.0 in central (https://repo1.maven.org/maven2), caused by: Could not find artifact org.moditect.layrry.it:it-logconfig:jar:1.0.0 in central (https://repo1.maven.org/maven2)
	at org.moditect.layrry.it.test.LayrryRemoteIntegrationTest.runVersionedLayersFromYaml(LayrryRemoteIntegrationTest.java:49)
Caused by: org.eclipse.aether.resolution.DependencyResolutionException: Could not find artifact org.moditect.layrry.it:it-logconfig:jar:1.0.0 in central (https://repo1.maven.org/maven2)
	at org.moditect.layrry.it.test.LayrryRemoteIntegrationTest.runVersionedLayersFromYaml(LayrryRemoteIntegrationTest.java:49)
Caused by: org.eclipse.aether.resolution.ArtifactResolutionException: Could not find artifact org.moditect.layrry.it:it-logconfig:jar:1.0.0 in central (https://repo1.maven.org/maven2)
	at org.moditect.layrry.it.test.LayrryRemoteIntegrationTest.runVersionedLayersFromYaml(LayrryRemoteIntegrationTest.java:49)
Caused by: org.eclipse.aether.transfer.ArtifactNotFoundException: Could not find artifact org.moditect.layrry.it:it-logconfig:jar:1.0.0 in central (https://repo1.maven.org/maven2)

[INFO] 
[INFO] Results:
[INFO] 
[ERROR] Errors: 
[ERROR]   ContentDispositionRemoteIntegrationTest.runLayersFromToml:55  NoResolvedResult
[ERROR]   ContentDispositionRemoteIntegrationTest.runLayersFromYaml:46  NoResolvedResult
[ERROR]   ContentNegotiationRemoteIntegrationTest.runLayersFromToml:57  NoResolvedResult
[ERROR]   ContentNegotiationRemoteIntegrationTest.runLayersFromYaml:48  NoResolvedResult
[ERROR]   LayrryRemoteIntegrationTest.runLayersFromToml:40  NoResolvedResult Unable to ...
[ERROR]   LayrryRemoteIntegrationTest.runLayersFromYaml:31  NoResolvedResult Unable to ...
[ERROR]   LayrryRemoteIntegrationTest.runVersionedLayersFromYaml:49  NoResolvedResult U...
[INFO] 
[ERROR] Tests run: 7, Failures: 0, Errors: 7, Skipped: 0
[INFO] 
[INFO] ------------------------------------------------------------------------
[INFO] Reactor Summary:
[INFO] 
[INFO] Layrry Aggregator 1.0.0-SNAPSHOT ................... SUCCESS [  0.407 s]
[INFO] Layrry Platform 1.0.0-SNAPSHOT ..................... SUCCESS [  3.943 s]
[INFO] Layrry Config 1.0.0-SNAPSHOT ....................... SUCCESS [  2.553 s]
[INFO] YAML config support for Layrry 1.0.0-SNAPSHOT ...... SUCCESS [  2.373 s]
[INFO] TOML config support for Layrry 1.0.0-SNAPSHOT ...... SUCCESS [  3.070 s]
[INFO] Layrry Core 1.0.0-SNAPSHOT ......................... SUCCESS [  3.897 s]
[INFO] Layrry Launcher 1.0.0-SNAPSHOT ..................... SUCCESS [  2.152 s]
[INFO] Layrry Integration Test - Aggregator 1.0.0-SNAPSHOT  SUCCESS [  0.007 s]
[INFO] Layrry Integration Test - Greeter 1.0.0 ............ SUCCESS [  2.087 s]
[INFO] Layrry Integration Test - Greeter 2.0.0 ............ SUCCESS [  2.035 s]
[INFO] Layrry Integration Test - Foo 1.0.0 ................ SUCCESS [  2.089 s]
[INFO] Layrry Integration Test - Bar 1.0.0 ................ SUCCESS [  1.999 s]
[INFO] Layrry Integration Test - App 1.0.0 ................ SUCCESS [  2.044 s]
[INFO] Layrry Integration Test - Log Config 1.0.0 ......... SUCCESS [  1.964 s]
[INFO] Layrry Integration Test - Runner 1.0.0-SNAPSHOT .... FAILURE [  4.632 s]
[INFO] Layrry Example Aggregator 1.0.0-SNAPSHOT ........... SKIPPED
[INFO] Layrry Plug-in Example 1.0.0-SNAPSHOT .............. SKIPPED
[INFO] Geeter API 1.0.0 ................................... SKIPPED
[INFO] Greeter Date Util 1.0.0 ............................ SKIPPED
[INFO] Greeter Date Util 2.0.0 ............................ SKIPPED
[INFO] Greeter EN 1.0.0 ................................... SKIPPED
[INFO] Greeter DE 1.0.0 ................................... SKIPPED
[INFO] Greeter FR 1.0.0 ................................... SKIPPED
[INFO] Layrry Plugin Example Runner 1.0.0-SNAPSHOT ........ SKIPPED
[INFO] Layrry Links Example 1.0.0-SNAPSHOT ................ SKIPPED
[INFO] Layrry Links Log Configuration 1.0.0 ............... SKIPPED
[INFO] Layrry Links Core 1.0.0 ............................ SKIPPED
[INFO] Layrry Links Membership Plug-in 1.0.0 .............. SKIPPED
[INFO] Layrry Links Tournament Plug-in 1.0.0 .............. SKIPPED
[INFO] Layrry Links Greenkeeping Plug-in 1.0.0 ............ SKIPPED
[INFO] Layrry Links Runner 1.0.0-SNAPSHOT ................. SKIPPED
[INFO] ------------------------------------------------------------------------
[INFO] BUILD FAILURE
[INFO] ------------------------------------------------------------------------
[INFO] Total time:  35.425 s
[INFO] Finished at: 2023-01-17T20:47:40Z
[INFO] ------------------------------------------------------------------------
[ERROR] Failed to execute goal org.apache.maven.plugins:maven-surefire-plugin:3.0.0-M4:test (default-test) on project layrry-integrationtest-runner: There are test failures.
[ERROR] 
[ERROR] Please refer to /home/gabsko/breaking-updates/integration-test/it-runner/target/surefire-reports for the individual test results.
[ERROR] Please refer to dump files (if any exist) [date].dump, [date]-jvmRun[N].dump and [date].dumpstream.
[ERROR] -> [Help 1]
[ERROR] 
[ERROR] To see the full stack trace of the errors, re-run Maven with the -e switch.
[ERROR] Re-run Maven using the -X switch to enable full debug logging.
[ERROR] 
[ERROR] For more information about the errors and possible solutions, please read the following articles:
[ERROR] [Help 1] http://cwiki.apache.org/confluence/display/MAVEN/MojoFailureException
[ERROR] 
[ERROR] After correcting the problems, you can resume the build with the command
[ERROR]   mvn <args> -rf :layrry-integrationtest-runner
