[INFO] Scanning for projects...
[INFO] 
[INFO] ------------------------< io.tackle:pathfinder >------------------------
[INFO] Building pathfinder 0.0.1-SNAPSHOT
[INFO] --------------------------------[ jar ]---------------------------------
[INFO] Downloading from jitpack.io: https://jitpack.io/io/quarkus/quarkus-test-common/2.5.4.Final/quarkus-test-common-2.5.4.Final.jar
[INFO] Downloading from jitpack.io: https://jitpack.io/io/quarkus/quarkus-panache-mock/2.5.4.Final/quarkus-panache-mock-2.5.4.Final.jar
[INFO] Downloading from jitpack.io: https://jitpack.io/org/testcontainers/postgresql/1.16.0/postgresql-1.16.0.jar
[INFO] Downloading from jitpack.io: https://jitpack.io/com/github/konveyor/tackle-commons-rest/commons-rest-test/0.0.2/commons-rest-test-0.0.2.jar
[INFO] Downloading from jitpack.io: https://jitpack.io/io/quarkus/quarkus-junit5/2.5.4.Final/quarkus-junit5-2.5.4.Final.jar
[INFO] Downloading from jitpack.io: https://jitpack.io/io/quarkus/quarkus-junit5-mockito/2.5.4.Final/quarkus-junit5-mockito-2.5.4.Final.jar
[INFO] Downloaded from jitpack.io: https://jitpack.io/com/github/konveyor/tackle-commons-rest/commons-rest-test/0.0.2/commons-rest-test-0.0.2.jar (7.4 kB at 9.3 kB/s)
[INFO] Downloading from central: https://repo.maven.apache.org/maven2/io/quarkus/quarkus-junit5/2.5.4.Final/quarkus-junit5-2.5.4.Final.jar
[INFO] Downloading from central: https://repo.maven.apache.org/maven2/io/quarkus/quarkus-test-common/2.5.4.Final/quarkus-test-common-2.5.4.Final.jar
[INFO] Downloading from central: https://repo.maven.apache.org/maven2/org/testcontainers/postgresql/1.16.0/postgresql-1.16.0.jar
[INFO] Downloading from central: https://repo.maven.apache.org/maven2/io/quarkus/quarkus-panache-mock/2.5.4.Final/quarkus-panache-mock-2.5.4.Final.jar
[INFO] Downloading from central: https://repo.maven.apache.org/maven2/io/quarkus/quarkus-junit5-mockito/2.5.4.Final/quarkus-junit5-mockito-2.5.4.Final.jar
[INFO] Downloaded from central: https://repo.maven.apache.org/maven2/org/testcontainers/postgresql/1.16.0/postgresql-1.16.0.jar (0 B at 0 B/s)
[INFO] Downloaded from central: https://repo.maven.apache.org/maven2/io/quarkus/quarkus-panache-mock/2.5.4.Final/quarkus-panache-mock-2.5.4.Final.jar (14 kB at 53 kB/s)
[INFO] Downloaded from central: https://repo.maven.apache.org/maven2/io/quarkus/quarkus-test-common/2.5.4.Final/quarkus-test-common-2.5.4.Final.jar (90 kB at 346 kB/s)
[INFO] Downloaded from central: https://repo.maven.apache.org/maven2/io/quarkus/quarkus-junit5-mockito/2.5.4.Final/quarkus-junit5-mockito-2.5.4.Final.jar (30 kB at 117 kB/s)
[INFO] Downloaded from central: https://repo.maven.apache.org/maven2/io/quarkus/quarkus-junit5/2.5.4.Final/quarkus-junit5-2.5.4.Final.jar (148 kB at 510 kB/s)
[INFO] 
[INFO] --- maven-clean-plugin:2.5:clean (default-clean) @ pathfinder ---
[INFO] Deleting /home/gabsko/breaking-updates/target
[INFO] 
[INFO] --- license-maven-plugin:4.1:format (license-header) @ pathfinder ---
[INFO] Updating license headers...
[INFO] 
[INFO] --- maven-resources-plugin:2.6:resources (default-resources) @ pathfinder ---
[INFO] Using 'UTF-8' encoding to copy filtered resources.
[INFO] Copying 23 resources
[INFO] 
[INFO] --- quarkus-maven-plugin:2.5.4.Final:generate-code (default) @ pathfinder ---
[INFO] 
[INFO] --- maven-compiler-plugin:3.8.1:compile (default-compile) @ pathfinder ---
[INFO] Changes detected - recompiling the module!
[INFO] Compiling 52 source files to /home/gabsko/breaking-updates/target/classes
[INFO] /home/gabsko/breaking-updates/src/main/java/io/tackle/pathfinder/services/AssessmentSvc.java: /home/gabsko/breaking-updates/src/main/java/io/tackle/pathfinder/services/AssessmentSvc.java uses unchecked or unsafe operations.
[INFO] /home/gabsko/breaking-updates/src/main/java/io/tackle/pathfinder/services/AssessmentSvc.java: Recompile with -Xlint:unchecked for details.
[INFO] 
[INFO] --- quarkus-maven-plugin:2.5.4.Final:generate-code-tests (default) @ pathfinder ---
[INFO] 
[INFO] --- exec-maven-plugin:3.0.0:exec (start-async-podman-service) @ pathfinder ---
[INFO] 
[INFO] --- maven-resources-plugin:2.6:testResources (default-testResources) @ pathfinder ---
[INFO] Using 'UTF-8' encoding to copy filtered resources.
[INFO] Copying 1 resource
[INFO] 
[INFO] --- maven-compiler-plugin:3.8.1:testCompile (default-testCompile) @ pathfinder ---
[ERROR] Async process failed for: [podman, system, service, -t, 0]
org.apache.commons.exec.ExecuteException: Execution failed (Exit value: -559038737. Caused by java.io.IOException: Cannot run program "podman" (in directory "/home/gabsko/breaking-updates"): error=2, No such file or directory)
    at org.apache.commons.exec.DefaultExecutor$1.run (DefaultExecutor.java:205)
    at java.lang.Thread.run (Thread.java:829)
Caused by: java.io.IOException: Cannot run program "podman" (in directory "/home/gabsko/breaking-updates"): error=2, No such file or directory
    at java.lang.ProcessBuilder.start (ProcessBuilder.java:1128)
    at java.lang.ProcessBuilder.start (ProcessBuilder.java:1071)
    at java.lang.Runtime.exec (Runtime.java:592)
    at org.apache.commons.exec.launcher.Java13CommandLauncher.exec (Java13CommandLauncher.java:61)
    at org.apache.commons.exec.DefaultExecutor.launch (DefaultExecutor.java:279)
    at org.apache.commons.exec.DefaultExecutor.executeInternal (DefaultExecutor.java:336)
    at org.apache.commons.exec.DefaultExecutor.access$200 (DefaultExecutor.java:48)
    at org.apache.commons.exec.DefaultExecutor$1.run (DefaultExecutor.java:200)
    at java.lang.Thread.run (Thread.java:829)
Caused by: java.io.IOException: error=2, No such file or directory
    at java.lang.ProcessImpl.forkAndExec (Native Method)
    at java.lang.ProcessImpl.<init> (ProcessImpl.java:340)
    at java.lang.ProcessImpl.start (ProcessImpl.java:271)
    at java.lang.ProcessBuilder.start (ProcessBuilder.java:1107)
    at java.lang.ProcessBuilder.start (ProcessBuilder.java:1071)
    at java.lang.Runtime.exec (Runtime.java:592)
    at org.apache.commons.exec.launcher.Java13CommandLauncher.exec (Java13CommandLauncher.java:61)
    at org.apache.commons.exec.DefaultExecutor.launch (DefaultExecutor.java:279)
    at org.apache.commons.exec.DefaultExecutor.executeInternal (DefaultExecutor.java:336)
    at org.apache.commons.exec.DefaultExecutor.access$200 (DefaultExecutor.java:48)
    at org.apache.commons.exec.DefaultExecutor$1.run (DefaultExecutor.java:200)
    at java.lang.Thread.run (Thread.java:829)
[INFO] Changes detected - recompiling the module!
[INFO] Compiling 11 source files to /home/gabsko/breaking-updates/target/test-classes
[INFO] 
[INFO] --- maven-surefire-plugin:3.0.0-M5:test (default-test) @ pathfinder ---
[INFO] 
[INFO] -------------------------------------------------------
[INFO]  T E S T S
[INFO] -------------------------------------------------------
[INFO] Running io.tackle.pathfinder.controllers.TranslatorResourceTest
2023-01-17 20:05:36,627 INFO  [io.qua.fly.FlywayProcessor] (build-12) Adding application migrations in path '/home/gabsko/breaking-updates/target/classes/db/migration/' using protocol 'file'
2023-01-17 20:05:36,633 INFO  [io.qua.fly.FlywayProcessor] (build-12) Adding application migrations in path '/home/gabsko/breaking-updates/target/classes/db/test-data/' using protocol 'file'
[ERROR] Tests run: 1, Failures: 0, Errors: 1, Skipped: 0, Time elapsed: 14.646 s <<< FAILURE! - in io.tackle.pathfinder.controllers.TranslatorResourceTest
[ERROR] io.tackle.pathfinder.controllers.TranslatorResourceTest  Time elapsed: 14.646 s  <<< ERROR!
java.lang.RuntimeException: java.lang.reflect.InvocationTargetException
	at io.quarkus.test.junit.QuarkusTestExtension.throwBootFailureException(QuarkusTestExtension.java:584)
	at io.quarkus.test.junit.QuarkusTestExtension.interceptBeforeAllMethod(QuarkusTestExtension.java:641)
	at org.junit.jupiter.engine.execution.ExecutableInvoker$ReflectiveInterceptorCall.lambda$ofVoidMethod$0(ExecutableInvoker.java:115)
	at org.junit.jupiter.engine.execution.ExecutableInvoker.lambda$invoke$0(ExecutableInvoker.java:105)
	at org.junit.jupiter.engine.execution.InvocationInterceptorChain$InterceptedInvocation.proceed(InvocationInterceptorChain.java:106)
	at org.junit.jupiter.engine.extension.TimeoutExtension.intercept(TimeoutExtension.java:149)
	at org.junit.jupiter.engine.extension.TimeoutExtension.interceptLifecycleMethod(TimeoutExtension.java:126)
	at org.junit.jupiter.engine.extension.TimeoutExtension.interceptBeforeAllMethod(TimeoutExtension.java:68)
	at org.junit.jupiter.engine.execution.ExecutableInvoker$ReflectiveInterceptorCall.lambda$ofVoidMethod$0(ExecutableInvoker.java:115)
	at org.junit.jupiter.engine.execution.ExecutableInvoker.lambda$invoke$0(ExecutableInvoker.java:105)
	at org.junit.jupiter.engine.execution.InvocationInterceptorChain$InterceptedInvocation.proceed(InvocationInterceptorChain.java:106)
	at org.junit.jupiter.engine.execution.InvocationInterceptorChain.proceed(InvocationInterceptorChain.java:64)
	at org.junit.jupiter.engine.execution.InvocationInterceptorChain.chainAndInvoke(InvocationInterceptorChain.java:45)
	at org.junit.jupiter.engine.execution.InvocationInterceptorChain.invoke(InvocationInterceptorChain.java:37)
	at org.junit.jupiter.engine.execution.ExecutableInvoker.invoke(ExecutableInvoker.java:104)
	at org.junit.jupiter.engine.execution.ExecutableInvoker.invoke(ExecutableInvoker.java:98)
	at org.junit.jupiter.engine.descriptor.ClassBasedTestDescriptor.lambda$invokeBeforeAllMethods$11(ClassBasedTestDescriptor.java:397)
	at org.junit.platform.engine.support.hierarchical.ThrowableCollector.execute(ThrowableCollector.java:73)
	at org.junit.jupiter.engine.descriptor.ClassBasedTestDescriptor.invokeBeforeAllMethods(ClassBasedTestDescriptor.java:395)
	at org.junit.jupiter.engine.descriptor.ClassBasedTestDescriptor.before(ClassBasedTestDescriptor.java:209)
	at org.junit.jupiter.engine.descriptor.ClassBasedTestDescriptor.before(ClassBasedTestDescriptor.java:80)
	at org.junit.platform.engine.support.hierarchical.NodeTestTask.lambda$executeRecursively$6(NodeTestTask.java:148)
	at org.junit.platform.engine.support.hierarchical.ThrowableCollector.execute(ThrowableCollector.java:73)
	at org.junit.platform.engine.support.hierarchical.NodeTestTask.lambda$executeRecursively$8(NodeTestTask.java:141)
	at org.junit.platform.engine.support.hierarchical.Node.around(Node.java:137)
	at org.junit.platform.engine.support.hierarchical.NodeTestTask.lambda$executeRecursively$9(NodeTestTask.java:139)
	at org.junit.platform.engine.support.hierarchical.ThrowableCollector.execute(ThrowableCollector.java:73)
	at org.junit.platform.engine.support.hierarchical.NodeTestTask.executeRecursively(NodeTestTask.java:138)
	at org.junit.platform.engine.support.hierarchical.NodeTestTask.execute(NodeTestTask.java:95)
	at java.base/java.util.ArrayList.forEach(ArrayList.java:1541)
	at org.junit.platform.engine.support.hierarchical.SameThreadHierarchicalTestExecutorService.invokeAll(SameThreadHierarchicalTestExecutorService.java:41)
	at org.junit.platform.engine.support.hierarchical.NodeTestTask.lambda$executeRecursively$6(NodeTestTask.java:155)
	at org.junit.platform.engine.support.hierarchical.ThrowableCollector.execute(ThrowableCollector.java:73)
	at org.junit.platform.engine.support.hierarchical.NodeTestTask.lambda$executeRecursively$8(NodeTestTask.java:141)
	at org.junit.platform.engine.support.hierarchical.Node.around(Node.java:137)
	at org.junit.platform.engine.support.hierarchical.NodeTestTask.lambda$executeRecursively$9(NodeTestTask.java:139)
	at org.junit.platform.engine.support.hierarchical.ThrowableCollector.execute(ThrowableCollector.java:73)
	at org.junit.platform.engine.support.hierarchical.NodeTestTask.executeRecursively(NodeTestTask.java:138)
	at org.junit.platform.engine.support.hierarchical.NodeTestTask.execute(NodeTestTask.java:95)
	at org.junit.platform.engine.support.hierarchical.SameThreadHierarchicalTestExecutorService.submit(SameThreadHierarchicalTestExecutorService.java:35)
	at org.junit.platform.engine.support.hierarchical.HierarchicalTestExecutor.execute(HierarchicalTestExecutor.java:57)
	at org.junit.platform.engine.support.hierarchical.HierarchicalTestEngine.execute(HierarchicalTestEngine.java:54)
	at org.junit.platform.launcher.core.EngineExecutionOrchestrator.execute(EngineExecutionOrchestrator.java:107)
	at org.junit.platform.launcher.core.EngineExecutionOrchestrator.execute(EngineExecutionOrchestrator.java:88)
	at org.junit.platform.launcher.core.EngineExecutionOrchestrator.lambda$execute$0(EngineExecutionOrchestrator.java:54)
	at org.junit.platform.launcher.core.EngineExecutionOrchestrator.withInterceptedStreams(EngineExecutionOrchestrator.java:67)
	at org.junit.platform.launcher.core.EngineExecutionOrchestrator.execute(EngineExecutionOrchestrator.java:52)
	at org.junit.platform.launcher.core.DefaultLauncher.execute(DefaultLauncher.java:114)
	at org.junit.platform.launcher.core.DefaultLauncher.execute(DefaultLauncher.java:86)
	at org.junit.platform.launcher.core.DefaultLauncherSession$DelegatingLauncher.execute(DefaultLauncherSession.java:86)
	at org.junit.platform.launcher.core.SessionPerRequestLauncher.execute(SessionPerRequestLauncher.java:53)
	at org.apache.maven.surefire.junitplatform.JUnitPlatformProvider.execute(JUnitPlatformProvider.java:188)
	at org.apache.maven.surefire.junitplatform.JUnitPlatformProvider.invokeAllTests(JUnitPlatformProvider.java:154)
	at org.apache.maven.surefire.junitplatform.JUnitPlatformProvider.invoke(JUnitPlatformProvider.java:128)
	at org.apache.maven.surefire.booter.ForkedBooter.runSuitesInProcess(ForkedBooter.java:428)
	at org.apache.maven.surefire.booter.ForkedBooter.execute(ForkedBooter.java:162)
	at org.apache.maven.surefire.booter.ForkedBooter.run(ForkedBooter.java:562)
	at org.apache.maven.surefire.booter.ForkedBooter.main(ForkedBooter.java:548)
Caused by: java.lang.reflect.InvocationTargetException
	at java.base/jdk.internal.reflect.NativeMethodAccessorImpl.invoke0(Native Method)
	at java.base/jdk.internal.reflect.NativeMethodAccessorImpl.invoke(NativeMethodAccessorImpl.java:62)
	at java.base/jdk.internal.reflect.DelegatingMethodAccessorImpl.invoke(DelegatingMethodAccessorImpl.java:43)
	at java.base/java.lang.reflect.Method.invoke(Method.java:566)
	at io.quarkus.test.junit.QuarkusTestExtension.doJavaStart(QuarkusTestExtension.java:232)
	at io.quarkus.test.junit.QuarkusTestExtension.ensureStarted(QuarkusTestExtension.java:561)
	at io.quarkus.test.junit.QuarkusTestExtension.beforeAll(QuarkusTestExtension.java:599)
	at org.junit.jupiter.engine.descriptor.ClassBasedTestDescriptor.lambda$invokeBeforeAllCallbacks$10(ClassBasedTestDescriptor.java:381)
	at org.junit.platform.engine.support.hierarchical.ThrowableCollector.execute(ThrowableCollector.java:73)
	at org.junit.jupiter.engine.descriptor.ClassBasedTestDescriptor.invokeBeforeAllCallbacks(ClassBasedTestDescriptor.java:381)
	at org.junit.jupiter.engine.descriptor.ClassBasedTestDescriptor.before(ClassBasedTestDescriptor.java:205)
	... 38 more
Caused by: java.lang.RuntimeException: Error waiting for test resource future to finish.
	at io.quarkus.test.common.TestResourceManager.waitForAllFutures(TestResourceManager.java:159)
	at io.quarkus.test.common.TestResourceManager.start(TestResourceManager.java:144)
	... 49 more
Caused by: java.util.concurrent.ExecutionException: java.lang.RuntimeException: Unable to start Quarkus test resource io.tackle.commons.testcontainers.PostgreSQLDatabaseTestResource@318f8f4f
	at java.base/java.util.concurrent.FutureTask.report(FutureTask.java:122)
	at java.base/java.util.concurrent.FutureTask.get(FutureTask.java:191)
	at io.quarkus.test.common.TestResourceManager.waitForAllFutures(TestResourceManager.java:157)
	... 50 more
Caused by: java.lang.RuntimeException: Unable to start Quarkus test resource io.tackle.commons.testcontainers.PostgreSQLDatabaseTestResource@318f8f4f
	at io.quarkus.test.common.TestResourceManager.lambda$start$1(TestResourceManager.java:138)
	at java.base/java.util.concurrent.Executors$RunnableAdapter.call(Executors.java:515)
	at java.base/java.util.concurrent.FutureTask.run(FutureTask.java:264)
	at java.base/java.util.concurrent.ThreadPoolExecutor.runWorker(ThreadPoolExecutor.java:1128)
	at java.base/java.util.concurrent.ThreadPoolExecutor$Worker.run(ThreadPoolExecutor.java:628)
	at java.base/java.lang.Thread.run(Thread.java:829)
Caused by: java.lang.IllegalStateException: Could not find a valid Docker environment. Please see logs and check configuration
	at org.testcontainers.dockerclient.DockerClientProviderStrategy.lambda$getFirstValidStrategy$4(DockerClientProviderStrategy.java:156)
	at java.base/java.util.Optional.orElseThrow(Optional.java:408)
	at org.testcontainers.dockerclient.DockerClientProviderStrategy.getFirstValidStrategy(DockerClientProviderStrategy.java:148)
	at org.testcontainers.DockerClientFactory.getOrInitializeStrategy(DockerClientFactory.java:146)
	at org.testcontainers.DockerClientFactory.client(DockerClientFactory.java:188)
	at org.testcontainers.DockerClientFactory$1.getDockerClient(DockerClientFactory.java:101)
	at com.github.dockerjava.api.DockerClientDelegate.authConfig(DockerClientDelegate.java:107)
	at org.testcontainers.containers.GenericContainer.start(GenericContainer.java:316)
	at io.tackle.commons.testcontainers.PostgreSQLDatabaseTestResource.start(PostgreSQLDatabaseTestResource.java:35)
	at io.quarkus.test.common.TestResourceManager.lambda$start$1(TestResourceManager.java:133)
	... 5 more

[INFO] Running io.tackle.pathfinder.controllers.AssessmentsResourceTest
[INFO] Tests run: 0, Failures: 0, Errors: 0, Skipped: 0, Time elapsed: 0.001 s - in io.tackle.pathfinder.controllers.AssessmentsResourceTest
[INFO] Running io.tackle.pathfinder.controllers.QuestionnairesResourceTest
[INFO] Tests run: 0, Failures: 0, Errors: 0, Skipped: 0, Time elapsed: 0.001 s - in io.tackle.pathfinder.controllers.QuestionnairesResourceTest
[INFO] Running io.tackle.pathfinder.controllers.NoAuthResourceTest
2023-01-17 20:05:37,829 WARN  [org.tes.uti.TestcontainersConfiguration] (pool-4-thread-1) Attempted to read Testcontainers configuration file at file:/home/gabsko/.testcontainers.properties but the file was not found. Exception message: FileNotFoundException: /home/gabsko/.testcontainers.properties (No such file or directory)
2023-01-17 20:05:38,074 INFO  [com.git.doc.zer.sha.org.apa.hc.cli.htt.imp.cla.HttpRequestRetryExec] (ducttape-0) Recoverable I/O exception (java.io.IOException) caught when processing request to {}->unix://localhost:2375
2023-01-17 20:05:38,176 INFO  [com.git.doc.zer.sha.org.apa.hc.cli.htt.imp.cla.HttpRequestRetryExec] (ducttape-0) Recoverable I/O exception (java.io.IOException) caught when processing request to {}->unix://localhost:2375
2023-01-17 20:05:38,279 INFO  [com.git.doc.zer.sha.org.apa.hc.cli.htt.imp.cla.HttpRequestRetryExec] (ducttape-0) Recoverable I/O exception (java.io.IOException) caught when processing request to {}->unix://localhost:2375
2023-01-17 20:05:38,381 INFO  [com.git.doc.zer.sha.org.apa.hc.cli.htt.imp.cla.HttpRequestRetryExec] (ducttape-0) Recoverable I/O exception (java.io.IOException) caught when processing request to {}->unix://localhost:2375
2023-01-17 20:05:38,484 INFO  [com.git.doc.zer.sha.org.apa.hc.cli.htt.imp.cla.HttpRequestRetryExec] (ducttape-0) Recoverable I/O exception (java.io.IOException) caught when processing request to {}->unix://localhost:2375
2023-01-17 20:05:38,587 INFO  [com.git.doc.zer.sha.org.apa.hc.cli.htt.imp.cla.HttpRequestRetryExec] (ducttape-0) Recoverable I/O exception (java.io.IOException) caught when processing request to {}->unix://localhost:2375
2023-01-17 20:05:38,690 INFO  [com.git.doc.zer.sha.org.apa.hc.cli.htt.imp.cla.HttpRequestRetryExec] (ducttape-0) Recoverable I/O exception (java.io.IOException) caught when processing request to {}->unix://localhost:2375
2023-01-17 20:05:38,792 INFO  [com.git.doc.zer.sha.org.apa.hc.cli.htt.imp.cla.HttpRequestRetryExec] (ducttape-0) Recoverable I/O exception (java.io.IOException) caught when processing request to {}->unix://localhost:2375
2023-01-17 20:05:38,895 INFO  [com.git.doc.zer.sha.org.apa.hc.cli.htt.imp.cla.HttpRequestRetryExec] (ducttape-0) Recoverable I/O exception (java.io.IOException) caught when processing request to {}->unix://localhost:2375
2023-01-17 20:05:39,001 INFO  [com.git.doc.zer.sha.org.apa.hc.cli.htt.imp.cla.HttpRequestRetryExec] (ducttape-0) Recoverable I/O exception (java.io.IOException) caught when processing request to {}->unix://localhost:2375
2023-01-17 20:05:39,106 INFO  [com.git.doc.zer.sha.org.apa.hc.cli.htt.imp.cla.HttpRequestRetryExec] (ducttape-0) Recoverable I/O exception (java.io.IOException) caught when processing request to {}->unix://localhost:2375
2023-01-17 20:05:39,209 INFO  [com.git.doc.zer.sha.org.apa.hc.cli.htt.imp.cla.HttpRequestRetryExec] (ducttape-0) Recoverable I/O exception (java.io.IOException) caught when processing request to {}->unix://localhost:2375
2023-01-17 20:05:39,312 INFO  [com.git.doc.zer.sha.org.apa.hc.cli.htt.imp.cla.HttpRequestRetryExec] (ducttape-0) Recoverable I/O exception (java.io.IOException) caught when processing request to {}->unix://localhost:2375
2023-01-17 20:05:39,415 INFO  [com.git.doc.zer.sha.org.apa.hc.cli.htt.imp.cla.HttpRequestRetryExec] (ducttape-0) Recoverable I/O exception (java.io.IOException) caught when processing request to {}->unix://localhost:2375
2023-01-17 20:05:39,521 INFO  [com.git.doc.zer.sha.org.apa.hc.cli.htt.imp.cla.HttpRequestRetryExec] (ducttape-0) Recoverable I/O exception (java.io.IOException) caught when processing request to {}->unix://localhost:2375
2023-01-17 20:05:39,624 INFO  [com.git.doc.zer.sha.org.apa.hc.cli.htt.imp.cla.HttpRequestRetryExec] (ducttape-0) Recoverable I/O exception (java.io.IOException) caught when processing request to {}->unix://localhost:2375
2023-01-17 20:05:39,726 INFO  [com.git.doc.zer.sha.org.apa.hc.cli.htt.imp.cla.HttpRequestRetryExec] (ducttape-0) Recoverable I/O exception (java.io.IOException) caught when processing request to {}->unix://localhost:2375
2023-01-17 20:05:39,829 INFO  [com.git.doc.zer.sha.org.apa.hc.cli.htt.imp.cla.HttpRequestRetryExec] (ducttape-0) Recoverable I/O exception (java.io.IOException) caught when processing request to {}->unix://localhost:2375
2023-01-17 20:05:39,932 INFO  [com.git.doc.zer.sha.org.apa.hc.cli.htt.imp.cla.HttpRequestRetryExec] (ducttape-0) Recoverable I/O exception (java.io.IOException) caught when processing request to {}->unix://localhost:2375
2023-01-17 20:05:40,035 INFO  [com.git.doc.zer.sha.org.apa.hc.cli.htt.imp.cla.HttpRequestRetryExec] (ducttape-0) Recoverable I/O exception (java.io.IOException) caught when processing request to {}->unix://localhost:2375
2023-01-17 20:05:40,138 INFO  [com.git.doc.zer.sha.org.apa.hc.cli.htt.imp.cla.HttpRequestRetryExec] (ducttape-0) Recoverable I/O exception (java.io.IOException) caught when processing request to {}->unix://localhost:2375
2023-01-17 20:05:40,241 INFO  [com.git.doc.zer.sha.org.apa.hc.cli.htt.imp.cla.HttpRequestRetryExec] (ducttape-0) Recoverable I/O exception (java.io.IOException) caught when processing request to {}->unix://localhost:2375
2023-01-17 20:05:40,372 INFO  [com.git.doc.zer.sha.org.apa.hc.cli.htt.imp.cla.HttpRequestRetryExec] (ducttape-0) Recoverable I/O exception (java.io.IOException) caught when processing request to {}->unix://localhost:2375
2023-01-17 20:05:40,475 INFO  [com.git.doc.zer.sha.org.apa.hc.cli.htt.imp.cla.HttpRequestRetryExec] (ducttape-0) Recoverable I/O exception (java.io.IOException) caught when processing request to {}->unix://localhost:2375
2023-01-17 20:05:40,577 INFO  [com.git.doc.zer.sha.org.apa.hc.cli.htt.imp.cla.HttpRequestRetryExec] (ducttape-0) Recoverable I/O exception (java.io.IOException) caught when processing request to {}->unix://localhost:2375
2023-01-17 20:05:40,680 INFO  [com.git.doc.zer.sha.org.apa.hc.cli.htt.imp.cla.HttpRequestRetryExec] (ducttape-0) Recoverable I/O exception (java.io.IOException) caught when processing request to {}->unix://localhost:2375
2023-01-17 20:05:40,782 INFO  [com.git.doc.zer.sha.org.apa.hc.cli.htt.imp.cla.HttpRequestRetryExec] (ducttape-0) Recoverable I/O exception (java.io.IOException) caught when processing request to {}->unix://localhost:2375
2023-01-17 20:05:40,885 INFO  [com.git.doc.zer.sha.org.apa.hc.cli.htt.imp.cla.HttpRequestRetryExec] (ducttape-0) Recoverable I/O exception (java.io.IOException) caught when processing request to {}->unix://localhost:2375
2023-01-17 20:05:40,988 INFO  [com.git.doc.zer.sha.org.apa.hc.cli.htt.imp.cla.HttpRequestRetryExec] (ducttape-0) Recoverable I/O exception (java.io.IOException) caught when processing request to {}->unix://localhost:2375
2023-01-17 20:05:41,091 INFO  [com.git.doc.zer.sha.org.apa.hc.cli.htt.imp.cla.HttpRequestRetryExec] (ducttape-0) Recoverable I/O exception (java.io.IOException) caught when processing request to {}->unix://localhost:2375
2023-01-17 20:05:41,194 INFO  [com.git.doc.zer.sha.org.apa.hc.cli.htt.imp.cla.HttpRequestRetryExec] (ducttape-0) Recoverable I/O exception (java.io.IOException) caught when processing request to {}->unix://localhost:2375
2023-01-17 20:05:41,295 INFO  [com.git.doc.zer.sha.org.apa.hc.cli.htt.imp.cla.HttpRequestRetryExec] (ducttape-0) Recoverable I/O exception (java.io.IOException) caught when processing request to {}->unix://localhost:2375
2023-01-17 20:05:41,398 INFO  [com.git.doc.zer.sha.org.apa.hc.cli.htt.imp.cla.HttpRequestRetryExec] (ducttape-0) Recoverable I/O exception (java.io.IOException) caught when processing request to {}->unix://localhost:2375
2023-01-17 20:05:41,501 INFO  [com.git.doc.zer.sha.org.apa.hc.cli.htt.imp.cla.HttpRequestRetryExec] (ducttape-0) Recoverable I/O exception (java.io.IOException) caught when processing request to {}->unix://localhost:2375
2023-01-17 20:05:41,604 INFO  [com.git.doc.zer.sha.org.apa.hc.cli.htt.imp.cla.HttpRequestRetryExec] (ducttape-0) Recoverable I/O exception (java.io.IOException) caught when processing request to {}->unix://localhost:2375
2023-01-17 20:05:41,706 INFO  [com.git.doc.zer.sha.org.apa.hc.cli.htt.imp.cla.HttpRequestRetryExec] (ducttape-0) Recoverable I/O exception (java.io.IOException) caught when processing request to {}->unix://localhost:2375
2023-01-17 20:05:41,809 INFO  [com.git.doc.zer.sha.org.apa.hc.cli.htt.imp.cla.HttpRequestRetryExec] (ducttape-0) Recoverable I/O exception (java.io.IOException) caught when processing request to {}->unix://localhost:2375
2023-01-17 20:05:41,912 INFO  [com.git.doc.zer.sha.org.apa.hc.cli.htt.imp.cla.HttpRequestRetryExec] (ducttape-0) Recoverable I/O exception (java.io.IOException) caught when processing request to {}->unix://localhost:2375
2023-01-17 20:05:42,014 INFO  [com.git.doc.zer.sha.org.apa.hc.cli.htt.imp.cla.HttpRequestRetryExec] (ducttape-0) Recoverable I/O exception (java.io.IOException) caught when processing request to {}->unix://localhost:2375
2023-01-17 20:05:42,116 INFO  [com.git.doc.zer.sha.org.apa.hc.cli.htt.imp.cla.HttpRequestRetryExec] (ducttape-0) Recoverable I/O exception (java.io.IOException) caught when processing request to {}->unix://localhost:2375
2023-01-17 20:05:42,218 INFO  [com.git.doc.zer.sha.org.apa.hc.cli.htt.imp.cla.HttpRequestRetryExec] (ducttape-0) Recoverable I/O exception (java.io.IOException) caught when processing request to {}->unix://localhost:2375
2023-01-17 20:05:42,321 INFO  [com.git.doc.zer.sha.org.apa.hc.cli.htt.imp.cla.HttpRequestRetryExec] (ducttape-0) Recoverable I/O exception (java.io.IOException) caught when processing request to {}->unix://localhost:2375
2023-01-17 20:05:42,423 INFO  [com.git.doc.zer.sha.org.apa.hc.cli.htt.imp.cla.HttpRequestRetryExec] (ducttape-0) Recoverable I/O exception (java.io.IOException) caught when processing request to {}->unix://localhost:2375
2023-01-17 20:05:42,526 INFO  [com.git.doc.zer.sha.org.apa.hc.cli.htt.imp.cla.HttpRequestRetryExec] (ducttape-0) Recoverable I/O exception (java.io.IOException) caught when processing request to {}->unix://localhost:2375
2023-01-17 20:05:42,628 INFO  [com.git.doc.zer.sha.org.apa.hc.cli.htt.imp.cla.HttpRequestRetryExec] (ducttape-0) Recoverable I/O exception (java.io.IOException) caught when processing request to {}->unix://localhost:2375
2023-01-17 20:05:42,731 INFO  [com.git.doc.zer.sha.org.apa.hc.cli.htt.imp.cla.HttpRequestRetryExec] (ducttape-0) Recoverable I/O exception (java.io.IOException) caught when processing request to {}->unix://localhost:2375
2023-01-17 20:05:42,833 INFO  [com.git.doc.zer.sha.org.apa.hc.cli.htt.imp.cla.HttpRequestRetryExec] (ducttape-0) Recoverable I/O exception (java.io.IOException) caught when processing request to {}->unix://localhost:2375
2023-01-17 20:05:42,936 INFO  [com.git.doc.zer.sha.org.apa.hc.cli.htt.imp.cla.HttpRequestRetryExec] (ducttape-0) Recoverable I/O exception (java.io.IOException) caught when processing request to {}->unix://localhost:2375
2023-01-17 20:05:43,021 INFO  [com.git.doc.zer.sha.org.apa.hc.cli.htt.imp.cla.HttpRequestRetryExec] (ducttape-1) Recoverable I/O exception (java.io.IOException) caught when processing request to {}->unix://localhost:2375
2023-01-17 20:05:43,123 INFO  [com.git.doc.zer.sha.org.apa.hc.cli.htt.imp.cla.HttpRequestRetryExec] (ducttape-1) Recoverable I/O exception (java.io.IOException) caught when processing request to {}->unix://localhost:2375
2023-01-17 20:05:43,226 INFO  [com.git.doc.zer.sha.org.apa.hc.cli.htt.imp.cla.HttpRequestRetryExec] (ducttape-1) Recoverable I/O exception (java.io.IOException) caught when processing request to {}->unix://localhost:2375
2023-01-17 20:05:43,329 INFO  [com.git.doc.zer.sha.org.apa.hc.cli.htt.imp.cla.HttpRequestRetryExec] (ducttape-1) Recoverable I/O exception (java.io.IOException) caught when processing request to {}->unix://localhost:2375
2023-01-17 20:05:43,431 INFO  [com.git.doc.zer.sha.org.apa.hc.cli.htt.imp.cla.HttpRequestRetryExec] (ducttape-1) Recoverable I/O exception (java.io.IOException) caught when processing request to {}->unix://localhost:2375
2023-01-17 20:05:43,534 INFO  [com.git.doc.zer.sha.org.apa.hc.cli.htt.imp.cla.HttpRequestRetryExec] (ducttape-1) Recoverable I/O exception (java.io.IOException) caught when processing request to {}->unix://localhost:2375
2023-01-17 20:05:43,637 INFO  [com.git.doc.zer.sha.org.apa.hc.cli.htt.imp.cla.HttpRequestRetryExec] (ducttape-1) Recoverable I/O exception (java.io.IOException) caught when processing request to {}->unix://localhost:2375
2023-01-17 20:05:43,739 INFO  [com.git.doc.zer.sha.org.apa.hc.cli.htt.imp.cla.HttpRequestRetryExec] (ducttape-1) Recoverable I/O exception (java.io.IOException) caught when processing request to {}->unix://localhost:2375
2023-01-17 20:05:43,842 INFO  [com.git.doc.zer.sha.org.apa.hc.cli.htt.imp.cla.HttpRequestRetryExec] (ducttape-1) Recoverable I/O exception (java.io.IOException) caught when processing request to {}->unix://localhost:2375
2023-01-17 20:05:43,944 INFO  [com.git.doc.zer.sha.org.apa.hc.cli.htt.imp.cla.HttpRequestRetryExec] (ducttape-1) Recoverable I/O exception (java.io.IOException) caught when processing request to {}->unix://localhost:2375
2023-01-17 20:05:44,046 INFO  [com.git.doc.zer.sha.org.apa.hc.cli.htt.imp.cla.HttpRequestRetryExec] (ducttape-1) Recoverable I/O exception (java.io.IOException) caught when processing request to {}->unix://localhost:2375
2023-01-17 20:05:44,149 INFO  [com.git.doc.zer.sha.org.apa.hc.cli.htt.imp.cla.HttpRequestRetryExec] (ducttape-1) Recoverable I/O exception (java.io.IOException) caught when processing request to {}->unix://localhost:2375
2023-01-17 20:05:44,251 INFO  [com.git.doc.zer.sha.org.apa.hc.cli.htt.imp.cla.HttpRequestRetryExec] (ducttape-1) Recoverable I/O exception (java.io.IOException) caught when processing request to {}->unix://localhost:2375
2023-01-17 20:05:44,354 INFO  [com.git.doc.zer.sha.org.apa.hc.cli.htt.imp.cla.HttpRequestRetryExec] (ducttape-1) Recoverable I/O exception (java.io.IOException) caught when processing request to {}->unix://localhost:2375
2023-01-17 20:05:44,456 INFO  [com.git.doc.zer.sha.org.apa.hc.cli.htt.imp.cla.HttpRequestRetryExec] (ducttape-1) Recoverable I/O exception (java.io.IOException) caught when processing request to {}->unix://localhost:2375
2023-01-17 20:05:44,559 INFO  [com.git.doc.zer.sha.org.apa.hc.cli.htt.imp.cla.HttpRequestRetryExec] (ducttape-1) Recoverable I/O exception (java.io.IOException) caught when processing request to {}->unix://localhost:2375
2023-01-17 20:05:44,662 INFO  [com.git.doc.zer.sha.org.apa.hc.cli.htt.imp.cla.HttpRequestRetryExec] (ducttape-1) Recoverable I/O exception (java.io.IOException) caught when processing request to {}->unix://localhost:2375
2023-01-17 20:05:44,764 INFO  [com.git.doc.zer.sha.org.apa.hc.cli.htt.imp.cla.HttpRequestRetryExec] (ducttape-1) Recoverable I/O exception (java.io.IOException) caught when processing request to {}->unix://localhost:2375
2023-01-17 20:05:44,867 INFO  [com.git.doc.zer.sha.org.apa.hc.cli.htt.imp.cla.HttpRequestRetryExec] (ducttape-1) Recoverable I/O exception (java.io.IOException) caught when processing request to {}->unix://localhost:2375
2023-01-17 20:05:44,968 INFO  [com.git.doc.zer.sha.org.apa.hc.cli.htt.imp.cla.HttpRequestRetryExec] (ducttape-1) Recoverable I/O exception (java.io.IOException) caught when processing request to {}->unix://localhost:2375
2023-01-17 20:05:45,071 INFO  [com.git.doc.zer.sha.org.apa.hc.cli.htt.imp.cla.HttpRequestRetryExec] (ducttape-1) Recoverable I/O exception (java.io.IOException) caught when processing request to {}->unix://localhost:2375
2023-01-17 20:05:45,173 INFO  [com.git.doc.zer.sha.org.apa.hc.cli.htt.imp.cla.HttpRequestRetryExec] (ducttape-1) Recoverable I/O exception (java.io.IOException) caught when processing request to {}->unix://localhost:2375
2023-01-17 20:05:45,275 INFO  [com.git.doc.zer.sha.org.apa.hc.cli.htt.imp.cla.HttpRequestRetryExec] (ducttape-1) Recoverable I/O exception (java.io.IOException) caught when processing request to {}->unix://localhost:2375
2023-01-17 20:05:45,377 INFO  [com.git.doc.zer.sha.org.apa.hc.cli.htt.imp.cla.HttpRequestRetryExec] (ducttape-1) Recoverable I/O exception (java.io.IOException) caught when processing request to {}->unix://localhost:2375
2023-01-17 20:05:45,480 INFO  [com.git.doc.zer.sha.org.apa.hc.cli.htt.imp.cla.HttpRequestRetryExec] (ducttape-1) Recoverable I/O exception (java.io.IOException) caught when processing request to {}->unix://localhost:2375
2023-01-17 20:05:45,582 INFO  [com.git.doc.zer.sha.org.apa.hc.cli.htt.imp.cla.HttpRequestRetryExec] (ducttape-1) Recoverable I/O exception (java.io.IOException) caught when processing request to {}->unix://localhost:2375
2023-01-17 20:05:45,684 INFO  [com.git.doc.zer.sha.org.apa.hc.cli.htt.imp.cla.HttpRequestRetryExec] (ducttape-1) Recoverable I/O exception (java.io.IOException) caught when processing request to {}->unix://localhost:2375
2023-01-17 20:05:45,787 INFO  [com.git.doc.zer.sha.org.apa.hc.cli.htt.imp.cla.HttpRequestRetryExec] (ducttape-1) Recoverable I/O exception (java.io.IOException) caught when processing request to {}->unix://localhost:2375
2023-01-17 20:05:45,889 INFO  [com.git.doc.zer.sha.org.apa.hc.cli.htt.imp.cla.HttpRequestRetryExec] (ducttape-1) Recoverable I/O exception (java.io.IOException) caught when processing request to {}->unix://localhost:2375
2023-01-17 20:05:45,991 INFO  [com.git.doc.zer.sha.org.apa.hc.cli.htt.imp.cla.HttpRequestRetryExec] (ducttape-1) Recoverable I/O exception (java.io.IOException) caught when processing request to {}->unix://localhost:2375
2023-01-17 20:05:46,094 INFO  [com.git.doc.zer.sha.org.apa.hc.cli.htt.imp.cla.HttpRequestRetryExec] (ducttape-1) Recoverable I/O exception (java.io.IOException) caught when processing request to {}->unix://localhost:2375
2023-01-17 20:05:46,196 INFO  [com.git.doc.zer.sha.org.apa.hc.cli.htt.imp.cla.HttpRequestRetryExec] (ducttape-1) Recoverable I/O exception (java.io.IOException) caught when processing request to {}->unix://localhost:2375
2023-01-17 20:05:46,298 INFO  [com.git.doc.zer.sha.org.apa.hc.cli.htt.imp.cla.HttpRequestRetryExec] (ducttape-1) Recoverable I/O exception (java.io.IOException) caught when processing request to {}->unix://localhost:2375
2023-01-17 20:05:46,400 INFO  [com.git.doc.zer.sha.org.apa.hc.cli.htt.imp.cla.HttpRequestRetryExec] (ducttape-1) Recoverable I/O exception (java.io.IOException) caught when processing request to {}->unix://localhost:2375
2023-01-17 20:05:46,503 INFO  [com.git.doc.zer.sha.org.apa.hc.cli.htt.imp.cla.HttpRequestRetryExec] (ducttape-1) Recoverable I/O exception (java.io.IOException) caught when processing request to {}->unix://localhost:2375
2023-01-17 20:05:46,606 INFO  [com.git.doc.zer.sha.org.apa.hc.cli.htt.imp.cla.HttpRequestRetryExec] (ducttape-1) Recoverable I/O exception (java.io.IOException) caught when processing request to {}->unix://localhost:2375
2023-01-17 20:05:46,708 INFO  [com.git.doc.zer.sha.org.apa.hc.cli.htt.imp.cla.HttpRequestRetryExec] (ducttape-1) Recoverable I/O exception (java.io.IOException) caught when processing request to {}->unix://localhost:2375
2023-01-17 20:05:46,811 INFO  [com.git.doc.zer.sha.org.apa.hc.cli.htt.imp.cla.HttpRequestRetryExec] (ducttape-1) Recoverable I/O exception (java.io.IOException) caught when processing request to {}->unix://localhost:2375
2023-01-17 20:05:46,913 INFO  [com.git.doc.zer.sha.org.apa.hc.cli.htt.imp.cla.HttpRequestRetryExec] (ducttape-1) Recoverable I/O exception (java.io.IOException) caught when processing request to {}->unix://localhost:2375
2023-01-17 20:05:47,015 INFO  [com.git.doc.zer.sha.org.apa.hc.cli.htt.imp.cla.HttpRequestRetryExec] (ducttape-1) Recoverable I/O exception (java.io.IOException) caught when processing request to {}->unix://localhost:2375
2023-01-17 20:05:47,117 INFO  [com.git.doc.zer.sha.org.apa.hc.cli.htt.imp.cla.HttpRequestRetryExec] (ducttape-1) Recoverable I/O exception (java.io.IOException) caught when processing request to {}->unix://localhost:2375
2023-01-17 20:05:47,219 INFO  [com.git.doc.zer.sha.org.apa.hc.cli.htt.imp.cla.HttpRequestRetryExec] (ducttape-1) Recoverable I/O exception (java.io.IOException) caught when processing request to {}->unix://localhost:2375
2023-01-17 20:05:47,322 INFO  [com.git.doc.zer.sha.org.apa.hc.cli.htt.imp.cla.HttpRequestRetryExec] (ducttape-1) Recoverable I/O exception (java.io.IOException) caught when processing request to {}->unix://localhost:2375
2023-01-17 20:05:47,424 INFO  [com.git.doc.zer.sha.org.apa.hc.cli.htt.imp.cla.HttpRequestRetryExec] (ducttape-1) Recoverable I/O exception (java.io.IOException) caught when processing request to {}->unix://localhost:2375
2023-01-17 20:05:47,526 INFO  [com.git.doc.zer.sha.org.apa.hc.cli.htt.imp.cla.HttpRequestRetryExec] (ducttape-1) Recoverable I/O exception (java.io.IOException) caught when processing request to {}->unix://localhost:2375
2023-01-17 20:05:47,628 INFO  [com.git.doc.zer.sha.org.apa.hc.cli.htt.imp.cla.HttpRequestRetryExec] (ducttape-1) Recoverable I/O exception (java.io.IOException) caught when processing request to {}->unix://localhost:2375
2023-01-17 20:05:47,730 INFO  [com.git.doc.zer.sha.org.apa.hc.cli.htt.imp.cla.HttpRequestRetryExec] (ducttape-1) Recoverable I/O exception (java.io.IOException) caught when processing request to {}->unix://localhost:2375
2023-01-17 20:05:47,832 INFO  [com.git.doc.zer.sha.org.apa.hc.cli.htt.imp.cla.HttpRequestRetryExec] (ducttape-1) Recoverable I/O exception (java.io.IOException) caught when processing request to {}->unix://localhost:2375
2023-01-17 20:05:47,936 INFO  [com.git.doc.zer.sha.org.apa.hc.cli.htt.imp.cla.HttpRequestRetryExec] (ducttape-1) Recoverable I/O exception (java.io.IOException) caught when processing request to {}->unix://localhost:2375
2023-01-17 20:05:48,021 INFO  [org.tes.doc.DockerMachineClientProviderStrategy] (pool-4-thread-1) docker-machine executable was not found on PATH ([/home/gabsko/apache-maven-3.8.6/bin, /usr/local/sbin, /usr/local/bin, /usr/sbin, /usr/bin, /sbin, /bin, /usr/games, /usr/local/games, /snap/bin])
2023-01-17 20:05:48,022 ERROR [org.tes.doc.DockerClientProviderStrategy] (pool-4-thread-1) Could not find a valid Docker environment. Please check configuration. Attempted configurations were:
2023-01-17 20:05:48,022 ERROR [org.tes.doc.DockerClientProviderStrategy] (pool-4-thread-1)     EnvironmentAndSystemPropertyClientProviderStrategy: failed with exception TimeoutException (Timeout waiting for result with exception). Root cause LastErrorException ([2] No such file or directory)
2023-01-17 20:05:48,022 ERROR [org.tes.doc.DockerClientProviderStrategy] (pool-4-thread-1)     UnixSocketClientProviderStrategy: failed with exception TimeoutException (Timeout waiting for result with exception). Root cause LastErrorException ([13] Permission denied)
2023-01-17 20:05:48,022 ERROR [org.tes.doc.DockerClientProviderStrategy] (pool-4-thread-1) As no valid configuration was found, execution cannot continue
2023-01-17 20:05:49,045 INFO  [io.qua.fly.FlywayProcessor] (build-4) Adding application migrations in path '/home/gabsko/breaking-updates/target/classes/db/migration/' using protocol 'file'
2023-01-17 20:05:49,047 INFO  [io.qua.fly.FlywayProcessor] (build-4) Adding application migrations in path '/home/gabsko/breaking-updates/target/classes/db/test-data/' using protocol 'file'
[ERROR] Tests run: 3, Failures: 0, Errors: 1, Skipped: 2, Time elapsed: 11.971 s <<< FAILURE! - in io.tackle.pathfinder.controllers.NoAuthResourceTest
[ERROR] io.tackle.pathfinder.controllers.NoAuthResourceTest.getQuestionnaires  Time elapsed: 0.006 s  <<< ERROR!
java.lang.RuntimeException: java.lang.reflect.InvocationTargetException
	at io.quarkus.test.junit.QuarkusTestExtension.throwBootFailureException(QuarkusTestExtension.java:584)
	at io.quarkus.test.junit.QuarkusTestExtension.interceptTestClassConstructor(QuarkusTestExtension.java:657)
	at org.junit.jupiter.engine.execution.ExecutableInvoker.lambda$invoke$0(ExecutableInvoker.java:105)
	at org.junit.jupiter.engine.execution.InvocationInterceptorChain$InterceptedInvocation.proceed(InvocationInterceptorChain.java:106)
	at org.junit.jupiter.api.extension.InvocationInterceptor.interceptTestClassConstructor(InvocationInterceptor.java:73)
	at org.junit.jupiter.engine.execution.ExecutableInvoker.lambda$invoke$0(ExecutableInvoker.java:105)
	at org.junit.jupiter.engine.execution.InvocationInterceptorChain$InterceptedInvocation.proceed(InvocationInterceptorChain.java:106)
	at org.junit.jupiter.engine.execution.InvocationInterceptorChain.proceed(InvocationInterceptorChain.java:64)
	at org.junit.jupiter.engine.execution.InvocationInterceptorChain.chainAndInvoke(InvocationInterceptorChain.java:45)
	at org.junit.jupiter.engine.execution.InvocationInterceptorChain.invoke(InvocationInterceptorChain.java:37)
	at org.junit.jupiter.engine.execution.ExecutableInvoker.invoke(ExecutableInvoker.java:104)
	at org.junit.jupiter.engine.execution.ExecutableInvoker.invoke(ExecutableInvoker.java:77)
	at org.junit.jupiter.engine.descriptor.ClassBasedTestDescriptor.invokeTestClassConstructor(ClassBasedTestDescriptor.java:355)
	at org.junit.jupiter.engine.descriptor.ClassBasedTestDescriptor.instantiateTestClass(ClassBasedTestDescriptor.java:302)
	at org.junit.jupiter.engine.descriptor.ClassTestDescriptor.instantiateTestClass(ClassTestDescriptor.java:79)
	at org.junit.jupiter.engine.descriptor.ClassBasedTestDescriptor.instantiateAndPostProcessTestInstance(ClassBasedTestDescriptor.java:280)
	at org.junit.jupiter.engine.descriptor.ClassBasedTestDescriptor.lambda$testInstancesProvider$4(ClassBasedTestDescriptor.java:272)
	at java.base/java.util.Optional.orElseGet(Optional.java:369)
	at org.junit.jupiter.engine.descriptor.ClassBasedTestDescriptor.lambda$testInstancesProvider$5(ClassBasedTestDescriptor.java:271)
	at org.junit.jupiter.engine.execution.TestInstancesProvider.getTestInstances(TestInstancesProvider.java:31)
	at org.junit.jupiter.engine.descriptor.TestMethodTestDescriptor.lambda$prepare$0(TestMethodTestDescriptor.java:102)
	at org.junit.platform.engine.support.hierarchical.ThrowableCollector.execute(ThrowableCollector.java:73)
	at org.junit.jupiter.engine.descriptor.TestMethodTestDescriptor.prepare(TestMethodTestDescriptor.java:101)
	at org.junit.jupiter.engine.descriptor.TestMethodTestDescriptor.prepare(TestMethodTestDescriptor.java:66)
	at org.junit.platform.engine.support.hierarchical.NodeTestTask.lambda$prepare$2(NodeTestTask.java:123)
	at org.junit.platform.engine.support.hierarchical.ThrowableCollector.execute(ThrowableCollector.java:73)
	at org.junit.platform.engine.support.hierarchical.NodeTestTask.prepare(NodeTestTask.java:123)
	at org.junit.platform.engine.support.hierarchical.NodeTestTask.execute(NodeTestTask.java:90)
	at java.base/java.util.ArrayList.forEach(ArrayList.java:1541)
	at org.junit.platform.engine.support.hierarchical.SameThreadHierarchicalTestExecutorService.invokeAll(SameThreadHierarchicalTestExecutorService.java:41)
	at org.junit.platform.engine.support.hierarchical.NodeTestTask.lambda$executeRecursively$6(NodeTestTask.java:155)
	at org.junit.platform.engine.support.hierarchical.ThrowableCollector.execute(ThrowableCollector.java:73)
	at org.junit.platform.engine.support.hierarchical.NodeTestTask.lambda$executeRecursively$8(NodeTestTask.java:141)
	at org.junit.platform.engine.support.hierarchical.Node.around(Node.java:137)
	at org.junit.platform.engine.support.hierarchical.NodeTestTask.lambda$executeRecursively$9(NodeTestTask.java:139)
	at org.junit.platform.engine.support.hierarchical.ThrowableCollector.execute(ThrowableCollector.java:73)
	at org.junit.platform.engine.support.hierarchical.NodeTestTask.executeRecursively(NodeTestTask.java:138)
	at org.junit.platform.engine.support.hierarchical.NodeTestTask.execute(NodeTestTask.java:95)
	at java.base/java.util.ArrayList.forEach(ArrayList.java:1541)
	at org.junit.platform.engine.support.hierarchical.SameThreadHierarchicalTestExecutorService.invokeAll(SameThreadHierarchicalTestExecutorService.java:41)
	at org.junit.platform.engine.support.hierarchical.NodeTestTask.lambda$executeRecursively$6(NodeTestTask.java:155)
	at org.junit.platform.engine.support.hierarchical.ThrowableCollector.execute(ThrowableCollector.java:73)
	at org.junit.platform.engine.support.hierarchical.NodeTestTask.lambda$executeRecursively$8(NodeTestTask.java:141)
	at org.junit.platform.engine.support.hierarchical.Node.around(Node.java:137)
	at org.junit.platform.engine.support.hierarchical.NodeTestTask.lambda$executeRecursively$9(NodeTestTask.java:139)
	at org.junit.platform.engine.support.hierarchical.ThrowableCollector.execute(ThrowableCollector.java:73)
	at org.junit.platform.engine.support.hierarchical.NodeTestTask.executeRecursively(NodeTestTask.java:138)
	at org.junit.platform.engine.support.hierarchical.NodeTestTask.execute(NodeTestTask.java:95)
	at org.junit.platform.engine.support.hierarchical.SameThreadHierarchicalTestExecutorService.submit(SameThreadHierarchicalTestExecutorService.java:35)
	at org.junit.platform.engine.support.hierarchical.HierarchicalTestExecutor.execute(HierarchicalTestExecutor.java:57)
	at org.junit.platform.engine.support.hierarchical.HierarchicalTestEngine.execute(HierarchicalTestEngine.java:54)
	at org.junit.platform.launcher.core.EngineExecutionOrchestrator.execute(EngineExecutionOrchestrator.java:107)
	at org.junit.platform.launcher.core.EngineExecutionOrchestrator.execute(EngineExecutionOrchestrator.java:88)
	at org.junit.platform.launcher.core.EngineExecutionOrchestrator.lambda$execute$0(EngineExecutionOrchestrator.java:54)
	at org.junit.platform.launcher.core.EngineExecutionOrchestrator.withInterceptedStreams(EngineExecutionOrchestrator.java:67)
	at org.junit.platform.launcher.core.EngineExecutionOrchestrator.execute(EngineExecutionOrchestrator.java:52)
	at org.junit.platform.launcher.core.DefaultLauncher.execute(DefaultLauncher.java:114)
	at org.junit.platform.launcher.core.DefaultLauncher.execute(DefaultLauncher.java:86)
	at org.junit.platform.launcher.core.DefaultLauncherSession$DelegatingLauncher.execute(DefaultLauncherSession.java:86)
	at org.junit.platform.launcher.core.SessionPerRequestLauncher.execute(SessionPerRequestLauncher.java:53)
	at org.apache.maven.surefire.junitplatform.JUnitPlatformProvider.execute(JUnitPlatformProvider.java:188)
	at org.apache.maven.surefire.junitplatform.JUnitPlatformProvider.invokeAllTests(JUnitPlatformProvider.java:154)
	at org.apache.maven.surefire.junitplatform.JUnitPlatformProvider.invoke(JUnitPlatformProvider.java:128)
	at org.apache.maven.surefire.booter.ForkedBooter.runSuitesInProcess(ForkedBooter.java:428)
	at org.apache.maven.surefire.booter.ForkedBooter.execute(ForkedBooter.java:162)
	at org.apache.maven.surefire.booter.ForkedBooter.run(ForkedBooter.java:562)
	at org.apache.maven.surefire.booter.ForkedBooter.main(ForkedBooter.java:548)
Caused by: java.lang.reflect.InvocationTargetException
	at java.base/jdk.internal.reflect.NativeMethodAccessorImpl.invoke0(Native Method)
	at java.base/jdk.internal.reflect.NativeMethodAccessorImpl.invoke(NativeMethodAccessorImpl.java:62)
	at java.base/jdk.internal.reflect.DelegatingMethodAccessorImpl.invoke(DelegatingMethodAccessorImpl.java:43)
	at java.base/java.lang.reflect.Method.invoke(Method.java:566)
	at io.quarkus.test.junit.QuarkusTestExtension.doJavaStart(QuarkusTestExtension.java:232)
	at io.quarkus.test.junit.QuarkusTestExtension.ensureStarted(QuarkusTestExtension.java:561)
	at io.quarkus.test.junit.QuarkusTestExtension.beforeAll(QuarkusTestExtension.java:599)
	at org.junit.jupiter.engine.descriptor.ClassBasedTestDescriptor.lambda$invokeBeforeAllCallbacks$10(ClassBasedTestDescriptor.java:381)
	at org.junit.platform.engine.support.hierarchical.ThrowableCollector.execute(ThrowableCollector.java:73)
	at org.junit.jupiter.engine.descriptor.ClassBasedTestDescriptor.invokeBeforeAllCallbacks(ClassBasedTestDescriptor.java:381)
	at org.junit.jupiter.engine.descriptor.ClassBasedTestDescriptor.before(ClassBasedTestDescriptor.java:205)
	at org.junit.jupiter.engine.descriptor.ClassBasedTestDescriptor.before(ClassBasedTestDescriptor.java:80)
	at org.junit.platform.engine.support.hierarchical.NodeTestTask.lambda$executeRecursively$6(NodeTestTask.java:148)
	... 36 more
Caused by: java.lang.RuntimeException: Error waiting for test resource future to finish.
	at io.quarkus.test.common.TestResourceManager.waitForAllFutures(TestResourceManager.java:159)
	at io.quarkus.test.common.TestResourceManager.start(TestResourceManager.java:144)
	... 49 more
Caused by: java.util.concurrent.ExecutionException: java.lang.RuntimeException: Unable to start Quarkus test resource io.tackle.commons.testcontainers.PostgreSQLDatabaseTestResource@c102968
	at java.base/java.util.concurrent.FutureTask.report(FutureTask.java:122)
	at java.base/java.util.concurrent.FutureTask.get(FutureTask.java:191)
	at io.quarkus.test.common.TestResourceManager.waitForAllFutures(TestResourceManager.java:157)
	... 50 more
Caused by: java.lang.RuntimeException: Unable to start Quarkus test resource io.tackle.commons.testcontainers.PostgreSQLDatabaseTestResource@c102968
	at io.quarkus.test.common.TestResourceManager.lambda$start$1(TestResourceManager.java:138)
	at java.base/java.util.concurrent.Executors$RunnableAdapter.call(Executors.java:515)
	at java.base/java.util.concurrent.FutureTask.run(FutureTask.java:264)
	at java.base/java.util.concurrent.ThreadPoolExecutor.runWorker(ThreadPoolExecutor.java:1128)
	at java.base/java.util.concurrent.ThreadPoolExecutor$Worker.run(ThreadPoolExecutor.java:628)
	at java.base/java.lang.Thread.run(Thread.java:829)
Caused by: java.lang.IllegalStateException: Could not find a valid Docker environment. Please see logs and check configuration
	at org.testcontainers.dockerclient.DockerClientProviderStrategy.lambda$getFirstValidStrategy$4(DockerClientProviderStrategy.java:156)
	at java.base/java.util.Optional.orElseThrow(Optional.java:408)
	at org.testcontainers.dockerclient.DockerClientProviderStrategy.getFirstValidStrategy(DockerClientProviderStrategy.java:148)
	at org.testcontainers.DockerClientFactory.getOrInitializeStrategy(DockerClientFactory.java:146)
	at org.testcontainers.DockerClientFactory.client(DockerClientFactory.java:188)
	at org.testcontainers.DockerClientFactory$1.getDockerClient(DockerClientFactory.java:101)
	at com.github.dockerjava.api.DockerClientDelegate.authConfig(DockerClientDelegate.java:107)
	at org.testcontainers.containers.GenericContainer.start(GenericContainer.java:316)
	at io.tackle.commons.testcontainers.PostgreSQLDatabaseTestResource.start(PostgreSQLDatabaseTestResource.java:35)
	at io.quarkus.test.common.TestResourceManager.lambda$start$1(TestResourceManager.java:133)
	... 5 more

[INFO] Running io.tackle.pathfinder.services.TranslatorSvcTest
2023-01-17 20:05:49,902 WARN  [org.tes.uti.TestcontainersConfiguration] (pool-7-thread-1) Attempted to read Testcontainers configuration file at file:/home/gabsko/.testcontainers.properties but the file was not found. Exception message: FileNotFoundException: /home/gabsko/.testcontainers.properties (No such file or directory)
2023-01-17 20:05:50,121 INFO  [com.git.doc.zer.sha.org.apa.hc.cli.htt.imp.cla.HttpRequestRetryExec] (ducttape-0) Recoverable I/O exception (java.io.IOException) caught when processing request to {}->unix://localhost:2375
2023-01-17 20:05:50,223 INFO  [com.git.doc.zer.sha.org.apa.hc.cli.htt.imp.cla.HttpRequestRetryExec] (ducttape-0) Recoverable I/O exception (java.io.IOException) caught when processing request to {}->unix://localhost:2375
2023-01-17 20:05:50,326 INFO  [com.git.doc.zer.sha.org.apa.hc.cli.htt.imp.cla.HttpRequestRetryExec] (ducttape-0) Recoverable I/O exception (java.io.IOException) caught when processing request to {}->unix://localhost:2375
2023-01-17 20:05:50,428 INFO  [com.git.doc.zer.sha.org.apa.hc.cli.htt.imp.cla.HttpRequestRetryExec] (ducttape-0) Recoverable I/O exception (java.io.IOException) caught when processing request to {}->unix://localhost:2375
2023-01-17 20:05:50,531 INFO  [com.git.doc.zer.sha.org.apa.hc.cli.htt.imp.cla.HttpRequestRetryExec] (ducttape-0) Recoverable I/O exception (java.io.IOException) caught when processing request to {}->unix://localhost:2375
2023-01-17 20:05:50,634 INFO  [com.git.doc.zer.sha.org.apa.hc.cli.htt.imp.cla.HttpRequestRetryExec] (ducttape-0) Recoverable I/O exception (java.io.IOException) caught when processing request to {}->unix://localhost:2375
2023-01-17 20:05:50,737 INFO  [com.git.doc.zer.sha.org.apa.hc.cli.htt.imp.cla.HttpRequestRetryExec] (ducttape-0) Recoverable I/O exception (java.io.IOException) caught when processing request to {}->unix://localhost:2375
2023-01-17 20:05:50,839 INFO  [com.git.doc.zer.sha.org.apa.hc.cli.htt.imp.cla.HttpRequestRetryExec] (ducttape-0) Recoverable I/O exception (java.io.IOException) caught when processing request to {}->unix://localhost:2375
2023-01-17 20:05:50,942 INFO  [com.git.doc.zer.sha.org.apa.hc.cli.htt.imp.cla.HttpRequestRetryExec] (ducttape-0) Recoverable I/O exception (java.io.IOException) caught when processing request to {}->unix://localhost:2375
2023-01-17 20:05:51,044 INFO  [com.git.doc.zer.sha.org.apa.hc.cli.htt.imp.cla.HttpRequestRetryExec] (ducttape-0) Recoverable I/O exception (java.io.IOException) caught when processing request to {}->unix://localhost:2375
2023-01-17 20:05:51,147 INFO  [com.git.doc.zer.sha.org.apa.hc.cli.htt.imp.cla.HttpRequestRetryExec] (ducttape-0) Recoverable I/O exception (java.io.IOException) caught when processing request to {}->unix://localhost:2375
2023-01-17 20:05:51,249 INFO  [com.git.doc.zer.sha.org.apa.hc.cli.htt.imp.cla.HttpRequestRetryExec] (ducttape-0) Recoverable I/O exception (java.io.IOException) caught when processing request to {}->unix://localhost:2375
2023-01-17 20:05:51,352 INFO  [com.git.doc.zer.sha.org.apa.hc.cli.htt.imp.cla.HttpRequestRetryExec] (ducttape-0) Recoverable I/O exception (java.io.IOException) caught when processing request to {}->unix://localhost:2375
2023-01-17 20:05:51,454 INFO  [com.git.doc.zer.sha.org.apa.hc.cli.htt.imp.cla.HttpRequestRetryExec] (ducttape-0) Recoverable I/O exception (java.io.IOException) caught when processing request to {}->unix://localhost:2375
2023-01-17 20:05:51,556 INFO  [com.git.doc.zer.sha.org.apa.hc.cli.htt.imp.cla.HttpRequestRetryExec] (ducttape-0) Recoverable I/O exception (java.io.IOException) caught when processing request to {}->unix://localhost:2375
2023-01-17 20:05:51,659 INFO  [com.git.doc.zer.sha.org.apa.hc.cli.htt.imp.cla.HttpRequestRetryExec] (ducttape-0) Recoverable I/O exception (java.io.IOException) caught when processing request to {}->unix://localhost:2375
2023-01-17 20:05:51,761 INFO  [com.git.doc.zer.sha.org.apa.hc.cli.htt.imp.cla.HttpRequestRetryExec] (ducttape-0) Recoverable I/O exception (java.io.IOException) caught when processing request to {}->unix://localhost:2375
2023-01-17 20:05:51,863 INFO  [com.git.doc.zer.sha.org.apa.hc.cli.htt.imp.cla.HttpRequestRetryExec] (ducttape-0) Recoverable I/O exception (java.io.IOException) caught when processing request to {}->unix://localhost:2375
2023-01-17 20:05:51,965 INFO  [com.git.doc.zer.sha.org.apa.hc.cli.htt.imp.cla.HttpRequestRetryExec] (ducttape-0) Recoverable I/O exception (java.io.IOException) caught when processing request to {}->unix://localhost:2375
2023-01-17 20:05:52,067 INFO  [com.git.doc.zer.sha.org.apa.hc.cli.htt.imp.cla.HttpRequestRetryExec] (ducttape-0) Recoverable I/O exception (java.io.IOException) caught when processing request to {}->unix://localhost:2375
2023-01-17 20:05:52,170 INFO  [com.git.doc.zer.sha.org.apa.hc.cli.htt.imp.cla.HttpRequestRetryExec] (ducttape-0) Recoverable I/O exception (java.io.IOException) caught when processing request to {}->unix://localhost:2375
2023-01-17 20:05:52,272 INFO  [com.git.doc.zer.sha.org.apa.hc.cli.htt.imp.cla.HttpRequestRetryExec] (ducttape-0) Recoverable I/O exception (java.io.IOException) caught when processing request to {}->unix://localhost:2375
2023-01-17 20:05:52,374 INFO  [com.git.doc.zer.sha.org.apa.hc.cli.htt.imp.cla.HttpRequestRetryExec] (ducttape-0) Recoverable I/O exception (java.io.IOException) caught when processing request to {}->unix://localhost:2375
2023-01-17 20:05:52,476 INFO  [com.git.doc.zer.sha.org.apa.hc.cli.htt.imp.cla.HttpRequestRetryExec] (ducttape-0) Recoverable I/O exception (java.io.IOException) caught when processing request to {}->unix://localhost:2375
2023-01-17 20:05:52,578 INFO  [com.git.doc.zer.sha.org.apa.hc.cli.htt.imp.cla.HttpRequestRetryExec] (ducttape-0) Recoverable I/O exception (java.io.IOException) caught when processing request to {}->unix://localhost:2375
2023-01-17 20:05:52,680 INFO  [com.git.doc.zer.sha.org.apa.hc.cli.htt.imp.cla.HttpRequestRetryExec] (ducttape-0) Recoverable I/O exception (java.io.IOException) caught when processing request to {}->unix://localhost:2375
2023-01-17 20:05:52,781 INFO  [com.git.doc.zer.sha.org.apa.hc.cli.htt.imp.cla.HttpRequestRetryExec] (ducttape-0) Recoverable I/O exception (java.io.IOException) caught when processing request to {}->unix://localhost:2375
2023-01-17 20:05:52,883 INFO  [com.git.doc.zer.sha.org.apa.hc.cli.htt.imp.cla.HttpRequestRetryExec] (ducttape-0) Recoverable I/O exception (java.io.IOException) caught when processing request to {}->unix://localhost:2375
2023-01-17 20:05:52,985 INFO  [com.git.doc.zer.sha.org.apa.hc.cli.htt.imp.cla.HttpRequestRetryExec] (ducttape-0) Recoverable I/O exception (java.io.IOException) caught when processing request to {}->unix://localhost:2375
2023-01-17 20:05:53,088 INFO  [com.git.doc.zer.sha.org.apa.hc.cli.htt.imp.cla.HttpRequestRetryExec] (ducttape-0) Recoverable I/O exception (java.io.IOException) caught when processing request to {}->unix://localhost:2375
2023-01-17 20:05:53,190 INFO  [com.git.doc.zer.sha.org.apa.hc.cli.htt.imp.cla.HttpRequestRetryExec] (ducttape-0) Recoverable I/O exception (java.io.IOException) caught when processing request to {}->unix://localhost:2375
2023-01-17 20:05:53,292 INFO  [com.git.doc.zer.sha.org.apa.hc.cli.htt.imp.cla.HttpRequestRetryExec] (ducttape-0) Recoverable I/O exception (java.io.IOException) caught when processing request to {}->unix://localhost:2375
2023-01-17 20:05:53,395 INFO  [com.git.doc.zer.sha.org.apa.hc.cli.htt.imp.cla.HttpRequestRetryExec] (ducttape-0) Recoverable I/O exception (java.io.IOException) caught when processing request to {}->unix://localhost:2375
2023-01-17 20:05:53,497 INFO  [com.git.doc.zer.sha.org.apa.hc.cli.htt.imp.cla.HttpRequestRetryExec] (ducttape-0) Recoverable I/O exception (java.io.IOException) caught when processing request to {}->unix://localhost:2375
2023-01-17 20:05:53,599 INFO  [com.git.doc.zer.sha.org.apa.hc.cli.htt.imp.cla.HttpRequestRetryExec] (ducttape-0) Recoverable I/O exception (java.io.IOException) caught when processing request to {}->unix://localhost:2375
2023-01-17 20:05:53,701 INFO  [com.git.doc.zer.sha.org.apa.hc.cli.htt.imp.cla.HttpRequestRetryExec] (ducttape-0) Recoverable I/O exception (java.io.IOException) caught when processing request to {}->unix://localhost:2375
2023-01-17 20:05:53,804 INFO  [com.git.doc.zer.sha.org.apa.hc.cli.htt.imp.cla.HttpRequestRetryExec] (ducttape-0) Recoverable I/O exception (java.io.IOException) caught when processing request to {}->unix://localhost:2375
2023-01-17 20:05:53,906 INFO  [com.git.doc.zer.sha.org.apa.hc.cli.htt.imp.cla.HttpRequestRetryExec] (ducttape-0) Recoverable I/O exception (java.io.IOException) caught when processing request to {}->unix://localhost:2375
2023-01-17 20:05:54,008 INFO  [com.git.doc.zer.sha.org.apa.hc.cli.htt.imp.cla.HttpRequestRetryExec] (ducttape-0) Recoverable I/O exception (java.io.IOException) caught when processing request to {}->unix://localhost:2375
2023-01-17 20:05:54,111 INFO  [com.git.doc.zer.sha.org.apa.hc.cli.htt.imp.cla.HttpRequestRetryExec] (ducttape-0) Recoverable I/O exception (java.io.IOException) caught when processing request to {}->unix://localhost:2375
2023-01-17 20:05:54,213 INFO  [com.git.doc.zer.sha.org.apa.hc.cli.htt.imp.cla.HttpRequestRetryExec] (ducttape-0) Recoverable I/O exception (java.io.IOException) caught when processing request to {}->unix://localhost:2375
2023-01-17 20:05:54,315 INFO  [com.git.doc.zer.sha.org.apa.hc.cli.htt.imp.cla.HttpRequestRetryExec] (ducttape-0) Recoverable I/O exception (java.io.IOException) caught when processing request to {}->unix://localhost:2375
2023-01-17 20:05:54,417 INFO  [com.git.doc.zer.sha.org.apa.hc.cli.htt.imp.cla.HttpRequestRetryExec] (ducttape-0) Recoverable I/O exception (java.io.IOException) caught when processing request to {}->unix://localhost:2375
2023-01-17 20:05:54,520 INFO  [com.git.doc.zer.sha.org.apa.hc.cli.htt.imp.cla.HttpRequestRetryExec] (ducttape-0) Recoverable I/O exception (java.io.IOException) caught when processing request to {}->unix://localhost:2375
2023-01-17 20:05:54,622 INFO  [com.git.doc.zer.sha.org.apa.hc.cli.htt.imp.cla.HttpRequestRetryExec] (ducttape-0) Recoverable I/O exception (java.io.IOException) caught when processing request to {}->unix://localhost:2375
2023-01-17 20:05:54,724 INFO  [com.git.doc.zer.sha.org.apa.hc.cli.htt.imp.cla.HttpRequestRetryExec] (ducttape-0) Recoverable I/O exception (java.io.IOException) caught when processing request to {}->unix://localhost:2375
2023-01-17 20:05:54,826 INFO  [com.git.doc.zer.sha.org.apa.hc.cli.htt.imp.cla.HttpRequestRetryExec] (ducttape-0) Recoverable I/O exception (java.io.IOException) caught when processing request to {}->unix://localhost:2375
2023-01-17 20:05:54,929 INFO  [com.git.doc.zer.sha.org.apa.hc.cli.htt.imp.cla.HttpRequestRetryExec] (ducttape-0) Recoverable I/O exception (java.io.IOException) caught when processing request to {}->unix://localhost:2375
2023-01-17 20:05:55,031 INFO  [com.git.doc.zer.sha.org.apa.hc.cli.htt.imp.cla.HttpRequestRetryExec] (ducttape-0) Recoverable I/O exception (java.io.IOException) caught when processing request to {}->unix://localhost:2375
2023-01-17 20:05:55,068 INFO  [com.git.doc.zer.sha.org.apa.hc.cli.htt.imp.cla.HttpRequestRetryExec] (ducttape-1) Recoverable I/O exception (java.io.IOException) caught when processing request to {}->unix://localhost:2375
2023-01-17 20:05:55,171 INFO  [com.git.doc.zer.sha.org.apa.hc.cli.htt.imp.cla.HttpRequestRetryExec] (ducttape-1) Recoverable I/O exception (java.io.IOException) caught when processing request to {}->unix://localhost:2375
2023-01-17 20:05:55,273 INFO  [com.git.doc.zer.sha.org.apa.hc.cli.htt.imp.cla.HttpRequestRetryExec] (ducttape-1) Recoverable I/O exception (java.io.IOException) caught when processing request to {}->unix://localhost:2375
2023-01-17 20:05:55,375 INFO  [com.git.doc.zer.sha.org.apa.hc.cli.htt.imp.cla.HttpRequestRetryExec] (ducttape-1) Recoverable I/O exception (java.io.IOException) caught when processing request to {}->unix://localhost:2375
2023-01-17 20:05:55,477 INFO  [com.git.doc.zer.sha.org.apa.hc.cli.htt.imp.cla.HttpRequestRetryExec] (ducttape-1) Recoverable I/O exception (java.io.IOException) caught when processing request to {}->unix://localhost:2375
2023-01-17 20:05:55,579 INFO  [com.git.doc.zer.sha.org.apa.hc.cli.htt.imp.cla.HttpRequestRetryExec] (ducttape-1) Recoverable I/O exception (java.io.IOException) caught when processing request to {}->unix://localhost:2375
2023-01-17 20:05:55,682 INFO  [com.git.doc.zer.sha.org.apa.hc.cli.htt.imp.cla.HttpRequestRetryExec] (ducttape-1) Recoverable I/O exception (java.io.IOException) caught when processing request to {}->unix://localhost:2375
2023-01-17 20:05:55,784 INFO  [com.git.doc.zer.sha.org.apa.hc.cli.htt.imp.cla.HttpRequestRetryExec] (ducttape-1) Recoverable I/O exception (java.io.IOException) caught when processing request to {}->unix://localhost:2375
2023-01-17 20:05:55,886 INFO  [com.git.doc.zer.sha.org.apa.hc.cli.htt.imp.cla.HttpRequestRetryExec] (ducttape-1) Recoverable I/O exception (java.io.IOException) caught when processing request to {}->unix://localhost:2375
2023-01-17 20:05:55,988 INFO  [com.git.doc.zer.sha.org.apa.hc.cli.htt.imp.cla.HttpRequestRetryExec] (ducttape-1) Recoverable I/O exception (java.io.IOException) caught when processing request to {}->unix://localhost:2375
2023-01-17 20:05:56,091 INFO  [com.git.doc.zer.sha.org.apa.hc.cli.htt.imp.cla.HttpRequestRetryExec] (ducttape-1) Recoverable I/O exception (java.io.IOException) caught when processing request to {}->unix://localhost:2375
2023-01-17 20:05:56,193 INFO  [com.git.doc.zer.sha.org.apa.hc.cli.htt.imp.cla.HttpRequestRetryExec] (ducttape-1) Recoverable I/O exception (java.io.IOException) caught when processing request to {}->unix://localhost:2375
2023-01-17 20:05:56,295 INFO  [com.git.doc.zer.sha.org.apa.hc.cli.htt.imp.cla.HttpRequestRetryExec] (ducttape-1) Recoverable I/O exception (java.io.IOException) caught when processing request to {}->unix://localhost:2375
2023-01-17 20:05:56,398 INFO  [com.git.doc.zer.sha.org.apa.hc.cli.htt.imp.cla.HttpRequestRetryExec] (ducttape-1) Recoverable I/O exception (java.io.IOException) caught when processing request to {}->unix://localhost:2375
2023-01-17 20:05:56,500 INFO  [com.git.doc.zer.sha.org.apa.hc.cli.htt.imp.cla.HttpRequestRetryExec] (ducttape-1) Recoverable I/O exception (java.io.IOException) caught when processing request to {}->unix://localhost:2375
2023-01-17 20:05:56,602 INFO  [com.git.doc.zer.sha.org.apa.hc.cli.htt.imp.cla.HttpRequestRetryExec] (ducttape-1) Recoverable I/O exception (java.io.IOException) caught when processing request to {}->unix://localhost:2375
2023-01-17 20:05:56,704 INFO  [com.git.doc.zer.sha.org.apa.hc.cli.htt.imp.cla.HttpRequestRetryExec] (ducttape-1) Recoverable I/O exception (java.io.IOException) caught when processing request to {}->unix://localhost:2375
2023-01-17 20:05:56,806 INFO  [com.git.doc.zer.sha.org.apa.hc.cli.htt.imp.cla.HttpRequestRetryExec] (ducttape-1) Recoverable I/O exception (java.io.IOException) caught when processing request to {}->unix://localhost:2375
2023-01-17 20:05:56,908 INFO  [com.git.doc.zer.sha.org.apa.hc.cli.htt.imp.cla.HttpRequestRetryExec] (ducttape-1) Recoverable I/O exception (java.io.IOException) caught when processing request to {}->unix://localhost:2375
2023-01-17 20:05:57,010 INFO  [com.git.doc.zer.sha.org.apa.hc.cli.htt.imp.cla.HttpRequestRetryExec] (ducttape-1) Recoverable I/O exception (java.io.IOException) caught when processing request to {}->unix://localhost:2375
2023-01-17 20:05:57,113 INFO  [com.git.doc.zer.sha.org.apa.hc.cli.htt.imp.cla.HttpRequestRetryExec] (ducttape-1) Recoverable I/O exception (java.io.IOException) caught when processing request to {}->unix://localhost:2375
2023-01-17 20:05:57,215 INFO  [com.git.doc.zer.sha.org.apa.hc.cli.htt.imp.cla.HttpRequestRetryExec] (ducttape-1) Recoverable I/O exception (java.io.IOException) caught when processing request to {}->unix://localhost:2375
2023-01-17 20:05:57,317 INFO  [com.git.doc.zer.sha.org.apa.hc.cli.htt.imp.cla.HttpRequestRetryExec] (ducttape-1) Recoverable I/O exception (java.io.IOException) caught when processing request to {}->unix://localhost:2375
2023-01-17 20:05:57,419 INFO  [com.git.doc.zer.sha.org.apa.hc.cli.htt.imp.cla.HttpRequestRetryExec] (ducttape-1) Recoverable I/O exception (java.io.IOException) caught when processing request to {}->unix://localhost:2375
2023-01-17 20:05:57,521 INFO  [com.git.doc.zer.sha.org.apa.hc.cli.htt.imp.cla.HttpRequestRetryExec] (ducttape-1) Recoverable I/O exception (java.io.IOException) caught when processing request to {}->unix://localhost:2375
2023-01-17 20:05:57,623 INFO  [com.git.doc.zer.sha.org.apa.hc.cli.htt.imp.cla.HttpRequestRetryExec] (ducttape-1) Recoverable I/O exception (java.io.IOException) caught when processing request to {}->unix://localhost:2375
2023-01-17 20:05:57,725 INFO  [com.git.doc.zer.sha.org.apa.hc.cli.htt.imp.cla.HttpRequestRetryExec] (ducttape-1) Recoverable I/O exception (java.io.IOException) caught when processing request to {}->unix://localhost:2375
2023-01-17 20:05:57,827 INFO  [com.git.doc.zer.sha.org.apa.hc.cli.htt.imp.cla.HttpRequestRetryExec] (ducttape-1) Recoverable I/O exception (java.io.IOException) caught when processing request to {}->unix://localhost:2375
2023-01-17 20:05:57,929 INFO  [com.git.doc.zer.sha.org.apa.hc.cli.htt.imp.cla.HttpRequestRetryExec] (ducttape-1) Recoverable I/O exception (java.io.IOException) caught when processing request to {}->unix://localhost:2375
2023-01-17 20:05:58,031 INFO  [com.git.doc.zer.sha.org.apa.hc.cli.htt.imp.cla.HttpRequestRetryExec] (ducttape-1) Recoverable I/O exception (java.io.IOException) caught when processing request to {}->unix://localhost:2375
2023-01-17 20:05:58,133 INFO  [com.git.doc.zer.sha.org.apa.hc.cli.htt.imp.cla.HttpRequestRetryExec] (ducttape-1) Recoverable I/O exception (java.io.IOException) caught when processing request to {}->unix://localhost:2375
2023-01-17 20:05:58,235 INFO  [com.git.doc.zer.sha.org.apa.hc.cli.htt.imp.cla.HttpRequestRetryExec] (ducttape-1) Recoverable I/O exception (java.io.IOException) caught when processing request to {}->unix://localhost:2375
2023-01-17 20:05:58,337 INFO  [com.git.doc.zer.sha.org.apa.hc.cli.htt.imp.cla.HttpRequestRetryExec] (ducttape-1) Recoverable I/O exception (java.io.IOException) caught when processing request to {}->unix://localhost:2375
2023-01-17 20:05:58,440 INFO  [com.git.doc.zer.sha.org.apa.hc.cli.htt.imp.cla.HttpRequestRetryExec] (ducttape-1) Recoverable I/O exception (java.io.IOException) caught when processing request to {}->unix://localhost:2375
2023-01-17 20:05:58,542 INFO  [com.git.doc.zer.sha.org.apa.hc.cli.htt.imp.cla.HttpRequestRetryExec] (ducttape-1) Recoverable I/O exception (java.io.IOException) caught when processing request to {}->unix://localhost:2375
2023-01-17 20:05:58,644 INFO  [com.git.doc.zer.sha.org.apa.hc.cli.htt.imp.cla.HttpRequestRetryExec] (ducttape-1) Recoverable I/O exception (java.io.IOException) caught when processing request to {}->unix://localhost:2375
2023-01-17 20:05:58,746 INFO  [com.git.doc.zer.sha.org.apa.hc.cli.htt.imp.cla.HttpRequestRetryExec] (ducttape-1) Recoverable I/O exception (java.io.IOException) caught when processing request to {}->unix://localhost:2375
2023-01-17 20:05:58,848 INFO  [com.git.doc.zer.sha.org.apa.hc.cli.htt.imp.cla.HttpRequestRetryExec] (ducttape-1) Recoverable I/O exception (java.io.IOException) caught when processing request to {}->unix://localhost:2375
2023-01-17 20:05:58,949 INFO  [com.git.doc.zer.sha.org.apa.hc.cli.htt.imp.cla.HttpRequestRetryExec] (ducttape-1) Recoverable I/O exception (java.io.IOException) caught when processing request to {}->unix://localhost:2375
2023-01-17 20:05:59,051 INFO  [com.git.doc.zer.sha.org.apa.hc.cli.htt.imp.cla.HttpRequestRetryExec] (ducttape-1) Recoverable I/O exception (java.io.IOException) caught when processing request to {}->unix://localhost:2375
2023-01-17 20:05:59,153 INFO  [com.git.doc.zer.sha.org.apa.hc.cli.htt.imp.cla.HttpRequestRetryExec] (ducttape-1) Recoverable I/O exception (java.io.IOException) caught when processing request to {}->unix://localhost:2375
2023-01-17 20:05:59,255 INFO  [com.git.doc.zer.sha.org.apa.hc.cli.htt.imp.cla.HttpRequestRetryExec] (ducttape-1) Recoverable I/O exception (java.io.IOException) caught when processing request to {}->unix://localhost:2375
2023-01-17 20:05:59,357 INFO  [com.git.doc.zer.sha.org.apa.hc.cli.htt.imp.cla.HttpRequestRetryExec] (ducttape-1) Recoverable I/O exception (java.io.IOException) caught when processing request to {}->unix://localhost:2375
2023-01-17 20:05:59,459 INFO  [com.git.doc.zer.sha.org.apa.hc.cli.htt.imp.cla.HttpRequestRetryExec] (ducttape-1) Recoverable I/O exception (java.io.IOException) caught when processing request to {}->unix://localhost:2375
2023-01-17 20:05:59,561 INFO  [com.git.doc.zer.sha.org.apa.hc.cli.htt.imp.cla.HttpRequestRetryExec] (ducttape-1) Recoverable I/O exception (java.io.IOException) caught when processing request to {}->unix://localhost:2375
2023-01-17 20:05:59,663 INFO  [com.git.doc.zer.sha.org.apa.hc.cli.htt.imp.cla.HttpRequestRetryExec] (ducttape-1) Recoverable I/O exception (java.io.IOException) caught when processing request to {}->unix://localhost:2375
2023-01-17 20:05:59,765 INFO  [com.git.doc.zer.sha.org.apa.hc.cli.htt.imp.cla.HttpRequestRetryExec] (ducttape-1) Recoverable I/O exception (java.io.IOException) caught when processing request to {}->unix://localhost:2375
2023-01-17 20:05:59,867 INFO  [com.git.doc.zer.sha.org.apa.hc.cli.htt.imp.cla.HttpRequestRetryExec] (ducttape-1) Recoverable I/O exception (java.io.IOException) caught when processing request to {}->unix://localhost:2375
2023-01-17 20:05:59,969 INFO  [com.git.doc.zer.sha.org.apa.hc.cli.htt.imp.cla.HttpRequestRetryExec] (ducttape-1) Recoverable I/O exception (java.io.IOException) caught when processing request to {}->unix://localhost:2375
2023-01-17 20:06:00,069 INFO  [org.tes.doc.DockerMachineClientProviderStrategy] (pool-7-thread-1) docker-machine executable was not found on PATH ([/home/gabsko/apache-maven-3.8.6/bin, /usr/local/sbin, /usr/local/bin, /usr/sbin, /usr/bin, /sbin, /bin, /usr/games, /usr/local/games, /snap/bin])
2023-01-17 20:06:00,070 ERROR [org.tes.doc.DockerClientProviderStrategy] (pool-7-thread-1) Could not find a valid Docker environment. Please check configuration. Attempted configurations were:
2023-01-17 20:06:00,070 ERROR [org.tes.doc.DockerClientProviderStrategy] (pool-7-thread-1)     EnvironmentAndSystemPropertyClientProviderStrategy: failed with exception TimeoutException (Timeout waiting for result with exception). Root cause LastErrorException ([2] No such file or directory)
2023-01-17 20:06:00,070 ERROR [org.tes.doc.DockerClientProviderStrategy] (pool-7-thread-1)     UnixSocketClientProviderStrategy: failed with exception TimeoutException (Timeout waiting for result with exception). Root cause LastErrorException ([13] Permission denied)
2023-01-17 20:06:00,070 ERROR [org.tes.doc.DockerClientProviderStrategy] (pool-7-thread-1) As no valid configuration was found, execution cannot continue
2023-01-17 20:06:01,036 INFO  [io.qua.fly.FlywayProcessor] (build-4) Adding application migrations in path '/home/gabsko/breaking-updates/target/classes/db/migration/' using protocol 'file'
2023-01-17 20:06:01,038 INFO  [io.qua.fly.FlywayProcessor] (build-4) Adding application migrations in path '/home/gabsko/breaking-updates/target/classes/db/test-data/' using protocol 'file'
[INFO] jboss/keycloak:12.0.3 starting...
[ERROR] Tests run: 5, Failures: 0, Errors: 1, Skipped: 4, Time elapsed: 11.87 s <<< FAILURE! - in io.tackle.pathfinder.services.TranslatorSvcTest
[ERROR] io.tackle.pathfinder.services.TranslatorSvcTest.given_OldAssessmentWithUnexistingQuestionnaireIds_when_RequestedInAnyLanguage_then_OriginalTextsAndNoExceptionAreReturned  Time elapsed: 0.001 s  <<< ERROR!
java.lang.RuntimeException: java.lang.reflect.InvocationTargetException
	at io.quarkus.test.junit.QuarkusTestExtension.throwBootFailureException(QuarkusTestExtension.java:584)
	at io.quarkus.test.junit.QuarkusTestExtension.interceptTestClassConstructor(QuarkusTestExtension.java:657)
	at org.junit.jupiter.engine.execution.ExecutableInvoker.lambda$invoke$0(ExecutableInvoker.java:105)
	at org.junit.jupiter.engine.execution.InvocationInterceptorChain$InterceptedInvocation.proceed(InvocationInterceptorChain.java:106)
	at org.junit.jupiter.api.extension.InvocationInterceptor.interceptTestClassConstructor(InvocationInterceptor.java:73)
	at org.junit.jupiter.engine.execution.ExecutableInvoker.lambda$invoke$0(ExecutableInvoker.java:105)
	at org.junit.jupiter.engine.execution.InvocationInterceptorChain$InterceptedInvocation.proceed(InvocationInterceptorChain.java:106)
	at org.junit.jupiter.engine.execution.InvocationInterceptorChain.proceed(InvocationInterceptorChain.java:64)
	at org.junit.jupiter.engine.execution.InvocationInterceptorChain.chainAndInvoke(InvocationInterceptorChain.java:45)
	at org.junit.jupiter.engine.execution.InvocationInterceptorChain.invoke(InvocationInterceptorChain.java:37)
	at org.junit.jupiter.engine.execution.ExecutableInvoker.invoke(ExecutableInvoker.java:104)
	at org.junit.jupiter.engine.execution.ExecutableInvoker.invoke(ExecutableInvoker.java:77)
	at org.junit.jupiter.engine.descriptor.ClassBasedTestDescriptor.invokeTestClassConstructor(ClassBasedTestDescriptor.java:355)
	at org.junit.jupiter.engine.descriptor.ClassBasedTestDescriptor.instantiateTestClass(ClassBasedTestDescriptor.java:302)
	at org.junit.jupiter.engine.descriptor.ClassTestDescriptor.instantiateTestClass(ClassTestDescriptor.java:79)
	at org.junit.jupiter.engine.descriptor.ClassBasedTestDescriptor.instantiateAndPostProcessTestInstance(ClassBasedTestDescriptor.java:280)
	at org.junit.jupiter.engine.descriptor.ClassBasedTestDescriptor.lambda$testInstancesProvider$4(ClassBasedTestDescriptor.java:272)
	at java.base/java.util.Optional.orElseGet(Optional.java:369)
	at org.junit.jupiter.engine.descriptor.ClassBasedTestDescriptor.lambda$testInstancesProvider$5(ClassBasedTestDescriptor.java:271)
	at org.junit.jupiter.engine.execution.TestInstancesProvider.getTestInstances(TestInstancesProvider.java:31)
	at org.junit.jupiter.engine.descriptor.TestMethodTestDescriptor.lambda$prepare$0(TestMethodTestDescriptor.java:102)
	at org.junit.platform.engine.support.hierarchical.ThrowableCollector.execute(ThrowableCollector.java:73)
	at org.junit.jupiter.engine.descriptor.TestMethodTestDescriptor.prepare(TestMethodTestDescriptor.java:101)
	at org.junit.jupiter.engine.descriptor.TestMethodTestDescriptor.prepare(TestMethodTestDescriptor.java:66)
	at org.junit.platform.engine.support.hierarchical.NodeTestTask.lambda$prepare$2(NodeTestTask.java:123)
	at org.junit.platform.engine.support.hierarchical.ThrowableCollector.execute(ThrowableCollector.java:73)
	at org.junit.platform.engine.support.hierarchical.NodeTestTask.prepare(NodeTestTask.java:123)
	at org.junit.platform.engine.support.hierarchical.NodeTestTask.execute(NodeTestTask.java:90)
	at java.base/java.util.ArrayList.forEach(ArrayList.java:1541)
	at org.junit.platform.engine.support.hierarchical.SameThreadHierarchicalTestExecutorService.invokeAll(SameThreadHierarchicalTestExecutorService.java:41)
	at org.junit.platform.engine.support.hierarchical.NodeTestTask.lambda$executeRecursively$6(NodeTestTask.java:155)
	at org.junit.platform.engine.support.hierarchical.ThrowableCollector.execute(ThrowableCollector.java:73)
	at org.junit.platform.engine.support.hierarchical.NodeTestTask.lambda$executeRecursively$8(NodeTestTask.java:141)
	at org.junit.platform.engine.support.hierarchical.Node.around(Node.java:137)
	at org.junit.platform.engine.support.hierarchical.NodeTestTask.lambda$executeRecursively$9(NodeTestTask.java:139)
	at org.junit.platform.engine.support.hierarchical.ThrowableCollector.execute(ThrowableCollector.java:73)
	at org.junit.platform.engine.support.hierarchical.NodeTestTask.executeRecursively(NodeTestTask.java:138)
	at org.junit.platform.engine.support.hierarchical.NodeTestTask.execute(NodeTestTask.java:95)
	at java.base/java.util.ArrayList.forEach(ArrayList.java:1541)
	at org.junit.platform.engine.support.hierarchical.SameThreadHierarchicalTestExecutorService.invokeAll(SameThreadHierarchicalTestExecutorService.java:41)
	at org.junit.platform.engine.support.hierarchical.NodeTestTask.lambda$executeRecursively$6(NodeTestTask.java:155)
	at org.junit.platform.engine.support.hierarchical.ThrowableCollector.execute(ThrowableCollector.java:73)
	at org.junit.platform.engine.support.hierarchical.NodeTestTask.lambda$executeRecursively$8(NodeTestTask.java:141)
	at org.junit.platform.engine.support.hierarchical.Node.around(Node.java:137)
	at org.junit.platform.engine.support.hierarchical.NodeTestTask.lambda$executeRecursively$9(NodeTestTask.java:139)
	at org.junit.platform.engine.support.hierarchical.ThrowableCollector.execute(ThrowableCollector.java:73)
	at org.junit.platform.engine.support.hierarchical.NodeTestTask.executeRecursively(NodeTestTask.java:138)
	at org.junit.platform.engine.support.hierarchical.NodeTestTask.execute(NodeTestTask.java:95)
	at org.junit.platform.engine.support.hierarchical.SameThreadHierarchicalTestExecutorService.submit(SameThreadHierarchicalTestExecutorService.java:35)
	at org.junit.platform.engine.support.hierarchical.HierarchicalTestExecutor.execute(HierarchicalTestExecutor.java:57)
	at org.junit.platform.engine.support.hierarchical.HierarchicalTestEngine.execute(HierarchicalTestEngine.java:54)
	at org.junit.platform.launcher.core.EngineExecutionOrchestrator.execute(EngineExecutionOrchestrator.java:107)
	at org.junit.platform.launcher.core.EngineExecutionOrchestrator.execute(EngineExecutionOrchestrator.java:88)
	at org.junit.platform.launcher.core.EngineExecutionOrchestrator.lambda$execute$0(EngineExecutionOrchestrator.java:54)
	at org.junit.platform.launcher.core.EngineExecutionOrchestrator.withInterceptedStreams(EngineExecutionOrchestrator.java:67)
	at org.junit.platform.launcher.core.EngineExecutionOrchestrator.execute(EngineExecutionOrchestrator.java:52)
	at org.junit.platform.launcher.core.DefaultLauncher.execute(DefaultLauncher.java:114)
	at org.junit.platform.launcher.core.DefaultLauncher.execute(DefaultLauncher.java:86)
	at org.junit.platform.launcher.core.DefaultLauncherSession$DelegatingLauncher.execute(DefaultLauncherSession.java:86)
	at org.junit.platform.launcher.core.SessionPerRequestLauncher.execute(SessionPerRequestLauncher.java:53)
	at org.apache.maven.surefire.junitplatform.JUnitPlatformProvider.execute(JUnitPlatformProvider.java:188)
	at org.apache.maven.surefire.junitplatform.JUnitPlatformProvider.invokeAllTests(JUnitPlatformProvider.java:154)
	at org.apache.maven.surefire.junitplatform.JUnitPlatformProvider.invoke(JUnitPlatformProvider.java:128)
	at org.apache.maven.surefire.booter.ForkedBooter.runSuitesInProcess(ForkedBooter.java:428)
	at org.apache.maven.surefire.booter.ForkedBooter.execute(ForkedBooter.java:162)
	at org.apache.maven.surefire.booter.ForkedBooter.run(ForkedBooter.java:562)
	at org.apache.maven.surefire.booter.ForkedBooter.main(ForkedBooter.java:548)
Caused by: java.lang.reflect.InvocationTargetException
	at java.base/jdk.internal.reflect.NativeMethodAccessorImpl.invoke0(Native Method)
	at java.base/jdk.internal.reflect.NativeMethodAccessorImpl.invoke(NativeMethodAccessorImpl.java:62)
	at java.base/jdk.internal.reflect.DelegatingMethodAccessorImpl.invoke(DelegatingMethodAccessorImpl.java:43)
	at java.base/java.lang.reflect.Method.invoke(Method.java:566)
	at io.quarkus.test.junit.QuarkusTestExtension.doJavaStart(QuarkusTestExtension.java:232)
	at io.quarkus.test.junit.QuarkusTestExtension.ensureStarted(QuarkusTestExtension.java:561)
	at io.quarkus.test.junit.QuarkusTestExtension.beforeAll(QuarkusTestExtension.java:599)
	at org.junit.jupiter.engine.descriptor.ClassBasedTestDescriptor.lambda$invokeBeforeAllCallbacks$10(ClassBasedTestDescriptor.java:381)
	at org.junit.platform.engine.support.hierarchical.ThrowableCollector.execute(ThrowableCollector.java:73)
	at org.junit.jupiter.engine.descriptor.ClassBasedTestDescriptor.invokeBeforeAllCallbacks(ClassBasedTestDescriptor.java:381)
	at org.junit.jupiter.engine.descriptor.ClassBasedTestDescriptor.before(ClassBasedTestDescriptor.java:205)
	at org.junit.jupiter.engine.descriptor.ClassBasedTestDescriptor.before(ClassBasedTestDescriptor.java:80)
	at org.junit.platform.engine.support.hierarchical.NodeTestTask.lambda$executeRecursively$6(NodeTestTask.java:148)
	... 36 more
Caused by: java.lang.RuntimeException: Error waiting for test resource future to finish.
	at io.quarkus.test.common.TestResourceManager.waitForAllFutures(TestResourceManager.java:159)
	at io.quarkus.test.common.TestResourceManager.start(TestResourceManager.java:144)
	... 49 more
Caused by: java.util.concurrent.ExecutionException: java.lang.RuntimeException: Unable to start Quarkus test resource io.tackle.commons.testcontainers.KeycloakTestResource@28e50d87
	at java.base/java.util.concurrent.FutureTask.report(FutureTask.java:122)
	at java.base/java.util.concurrent.FutureTask.get(FutureTask.java:191)
	at io.quarkus.test.common.TestResourceManager.waitForAllFutures(TestResourceManager.java:157)
	... 50 more
Caused by: java.lang.RuntimeException: Unable to start Quarkus test resource io.tackle.commons.testcontainers.KeycloakTestResource@28e50d87
	at io.quarkus.test.common.TestResourceManager.lambda$start$1(TestResourceManager.java:138)
	at java.base/java.util.concurrent.Executors$RunnableAdapter.call(Executors.java:515)
	at java.base/java.util.concurrent.FutureTask.run(FutureTask.java:264)
	at java.base/java.util.concurrent.ThreadPoolExecutor.runWorker(ThreadPoolExecutor.java:1128)
	at java.base/java.util.concurrent.ThreadPoolExecutor$Worker.run(ThreadPoolExecutor.java:628)
	at java.base/java.lang.Thread.run(Thread.java:829)
Caused by: java.lang.IllegalStateException: Could not find a valid Docker environment. Please see logs and check configuration
	at org.testcontainers.dockerclient.DockerClientProviderStrategy.lambda$getFirstValidStrategy$4(DockerClientProviderStrategy.java:156)
	at java.base/java.util.Optional.orElseThrow(Optional.java:408)
	at org.testcontainers.dockerclient.DockerClientProviderStrategy.getFirstValidStrategy(DockerClientProviderStrategy.java:148)
	at org.testcontainers.DockerClientFactory.getOrInitializeStrategy(DockerClientFactory.java:146)
	at org.testcontainers.DockerClientFactory.client(DockerClientFactory.java:188)
	at org.testcontainers.DockerClientFactory$1.getDockerClient(DockerClientFactory.java:101)
	at com.github.dockerjava.api.DockerClientDelegate.authConfig(DockerClientDelegate.java:107)
	at org.testcontainers.containers.GenericContainer.start(GenericContainer.java:316)
	at io.tackle.commons.testcontainers.KeycloakTestResource.start(KeycloakTestResource.java:54)
	at io.quarkus.test.common.TestResourceManager.lambda$start$1(TestResourceManager.java:133)
	... 5 more

[INFO] Running io.tackle.pathfinder.services.QuestionnaireSvcTest
[WARNING] Tests run: 2, Failures: 0, Errors: 0, Skipped: 2, Time elapsed: 0.003 s - in io.tackle.pathfinder.services.QuestionnaireSvcTest
[INFO] Running io.tackle.pathfinder.services.AssessmentSvcTest
[WARNING] Tests run: 21, Failures: 0, Errors: 0, Skipped: 21, Time elapsed: 0.019 s - in io.tackle.pathfinder.services.AssessmentSvcTest
[INFO] 
[INFO] Results:
[INFO] 
[ERROR] Errors: 
[ERROR]   NoAuthResourceTest.getQuestionnaires  Runtime java.lang.reflect.InvocationTar...
[ERROR]   TranslatorResourceTest  Runtime java.lang.reflect.InvocationTargetException
[ERROR]   TranslatorSvcTest.given_OldAssessmentWithUnexistingQuestionnaireIds_when_RequestedInAnyLanguage_then_OriginalTextsAndNoExceptionAreReturned  Runtime
[INFO] 
[ERROR] Tests run: 32, Failures: 0, Errors: 3, Skipped: 29
[INFO] 
[INFO] ------------------------------------------------------------------------
[INFO] BUILD FAILURE
[INFO] ------------------------------------------------------------------------
[INFO] Total time:  48.620 s
[INFO] Finished at: 2023-01-17T20:06:12Z
[INFO] ------------------------------------------------------------------------
[ERROR] Failed to execute goal org.apache.maven.plugins:maven-surefire-plugin:3.0.0-M5:test (default-test) on project pathfinder: There are test failures.
[ERROR] 
[ERROR] Please refer to /home/gabsko/breaking-updates/target/surefire-reports for the individual test results.
[ERROR] Please refer to dump files (if any exist) [date].dump, [date]-jvmRun[N].dump and [date].dumpstream.
[ERROR] -> [Help 1]
[ERROR] 
[ERROR] To see the full stack trace of the errors, re-run Maven with the -e switch.
[ERROR] Re-run Maven using the -X switch to enable full debug logging.
[ERROR] 
[ERROR] For more information about the errors and possible solutions, please read the following articles:
[ERROR] [Help 1] http://cwiki.apache.org/confluence/display/MAVEN/MojoFailureException
