[INFO] Scanning for projects...
[INFO] ------------------------------------------------------------------------
[INFO] Reactor Build Order:
[INFO] 
[INFO] OpenVidu                                                           [pom]
[INFO] OpenVidu Client                                                    [jar]
[INFO] OpenVidu Java Client                                               [jar]
[INFO] OpenVidu Test Browsers                                             [jar]
[INFO] OpenVidu Server                                                    [jar]
[INFO] OpenVidu Test e2e                                                  [jar]
[INFO] 
[INFO] --------------------< io.openvidu:openvidu-parent >---------------------
[INFO] Building OpenVidu 2.0.0                                            [1/6]
[INFO] --------------------------------[ pom ]---------------------------------
[INFO] 
[INFO] --- maven-clean-plugin:2.5:clean (default-clean) @ openvidu-parent ---
[INFO] 
[INFO] --- maven-enforcer-plugin:3.0.0-M3:enforce (enforce-java-version) @ openvidu-parent ---
[INFO] 
[INFO] --- maven-enforcer-plugin:3.0.0-M3:enforce (enforce-maven-version) @ openvidu-parent ---
[INFO] 
[INFO] --- maven-enforcer-plugin:3.0.0-M3:enforce (enforce-bytecode-version) @ openvidu-parent ---
[INFO] 
[INFO] --- maven-enforcer-plugin:3.0.0-M3:enforce (enforce-ban-duplicate-classes) @ openvidu-parent ---
[INFO] Adding ignore: module-info
[INFO] Adding ignore: META-INF/versions/*/module-info
[INFO] 
[INFO] --- maven-enforcer-plugin:3.0.0-M3:enforce (enforce-ban-circular-dependencies) @ openvidu-parent ---
[INFO] 
[INFO] --------------------< io.openvidu:openvidu-client >---------------------
[INFO] Building OpenVidu Client 1.1.0                                     [2/6]
[INFO] --------------------------------[ jar ]---------------------------------
[INFO] 
[INFO] --- maven-clean-plugin:2.5:clean (default-clean) @ openvidu-client ---
[INFO] Deleting /home/gabsko/breaking-updates/openvidu-client/target
[INFO] 
[INFO] --- maven-enforcer-plugin:3.0.0-M3:enforce (enforce-java-version) @ openvidu-client ---
[INFO] 
[INFO] --- maven-enforcer-plugin:3.0.0-M3:enforce (enforce-maven-version) @ openvidu-client ---
[INFO] 
[INFO] --- maven-enforcer-plugin:3.0.0-M3:enforce (enforce-bytecode-version) @ openvidu-client ---
[INFO] 
[INFO] --- maven-enforcer-plugin:3.0.0-M3:enforce (enforce-ban-duplicate-classes) @ openvidu-client ---
[INFO] Adding ignore: module-info
[INFO] Adding ignore: META-INF/versions/*/module-info
[INFO] 
[INFO] --- maven-enforcer-plugin:3.0.0-M3:enforce (enforce-ban-circular-dependencies) @ openvidu-client ---
[INFO] 
[INFO] --- maven-resources-plugin:2.6:resources (default-resources) @ openvidu-client ---
[INFO] Using 'UTF-8' encoding to copy filtered resources.
[INFO] skip non existing resourceDirectory /home/gabsko/breaking-updates/openvidu-client/src/main/resources
[INFO] 
[INFO] --- maven-compiler-plugin:3.1:compile (default-compile) @ openvidu-client ---
[INFO] Changes detected - recompiling the module!
[INFO] Compiling 16 source files to /home/gabsko/breaking-updates/openvidu-client/target/classes
[WARNING] /home/gabsko/breaking-updates/openvidu-client/src/main/java/io/openvidu/client/OpenViduClient.java: /home/gabsko/breaking-updates/openvidu-client/src/main/java/io/openvidu/client/OpenViduClient.java uses or overrides a deprecated API.
[WARNING] /home/gabsko/breaking-updates/openvidu-client/src/main/java/io/openvidu/client/OpenViduClient.java: Recompile with -Xlint:deprecation for details.
[INFO] 
[INFO] --- maven-resources-plugin:2.6:testResources (default-testResources) @ openvidu-client ---
[INFO] Using 'UTF-8' encoding to copy filtered resources.
[INFO] skip non existing resourceDirectory /home/gabsko/breaking-updates/openvidu-client/src/test/resources
[INFO] 
[INFO] --- maven-compiler-plugin:3.1:testCompile (default-testCompile) @ openvidu-client ---
[INFO] Changes detected - recompiling the module!
[INFO] Compiling 1 source file to /home/gabsko/breaking-updates/openvidu-client/target/test-classes
[WARNING] /home/gabsko/breaking-updates/openvidu-client/src/test/java/io/openvidu/client/test/OpenViduClientTest.java: /home/gabsko/breaking-updates/openvidu-client/src/test/java/io/openvidu/client/test/OpenViduClientTest.java uses or overrides a deprecated API.
[WARNING] /home/gabsko/breaking-updates/openvidu-client/src/test/java/io/openvidu/client/test/OpenViduClientTest.java: Recompile with -Xlint:deprecation for details.
[INFO] 
[INFO] --- maven-surefire-plugin:2.12.4:test (default-test) @ openvidu-client ---
[INFO] Surefire report directory: /home/gabsko/breaking-updates/openvidu-client/target/surefire-reports

-------------------------------------------------------
 T E S T S
-------------------------------------------------------
Running io.openvidu.client.test.OpenViduClientTest
SLF4J: Failed to load class "org.slf4j.impl.StaticLoggerBinder".
SLF4J: Defaulting to no-operation (NOP) logger implementation
SLF4J: See http://www.slf4j.org/codes.html#StaticLoggerBinder for further details.
Tests run: 1, Failures: 0, Errors: 0, Skipped: 0, Time elapsed: 0.421 sec

Results :

Tests run: 1, Failures: 0, Errors: 0, Skipped: 0

[INFO] 
[INFO] ------------------< io.openvidu:openvidu-java-client >------------------
[INFO] Building OpenVidu Java Client 2.22.0                               [3/6]
[INFO] --------------------------------[ jar ]---------------------------------
[INFO] 
[INFO] --- maven-clean-plugin:2.5:clean (default-clean) @ openvidu-java-client ---
[INFO] Deleting /home/gabsko/breaking-updates/openvidu-java-client/target
[INFO] 
[INFO] --- maven-enforcer-plugin:3.0.0-M3:enforce (enforce-java-version) @ openvidu-java-client ---
[INFO] 
[INFO] --- maven-enforcer-plugin:3.0.0-M3:enforce (enforce-maven-version) @ openvidu-java-client ---
[INFO] 
[INFO] --- maven-enforcer-plugin:3.0.0-M3:enforce (enforce-bytecode-version) @ openvidu-java-client ---
[INFO] Adding ignore: module-info
[INFO] 
[INFO] --- maven-enforcer-plugin:3.0.0-M3:enforce (enforce-ban-duplicate-classes) @ openvidu-java-client ---
[INFO] Adding ignore: module-info
[INFO] Adding ignore: META-INF/versions/*/module-info
[INFO] 
[INFO] --- maven-enforcer-plugin:3.0.0-M3:enforce (enforce-ban-circular-dependencies) @ openvidu-java-client ---
[INFO] 
[INFO] --- maven-resources-plugin:2.6:resources (default-resources) @ openvidu-java-client ---
[INFO] Using 'UTF-8' encoding to copy filtered resources.
[INFO] skip non existing resourceDirectory /home/gabsko/breaking-updates/openvidu-java-client/src/main/resources
[INFO] 
[INFO] --- maven-compiler-plugin:3.1:compile (default-compile) @ openvidu-java-client ---
[INFO] Changes detected - recompiling the module!
[INFO] Compiling 20 source files to /home/gabsko/breaking-updates/openvidu-java-client/target/classes
[INFO] 
[INFO] --- maven-resources-plugin:2.6:testResources (default-testResources) @ openvidu-java-client ---
[INFO] Using 'UTF-8' encoding to copy filtered resources.
[INFO] skip non existing resourceDirectory /home/gabsko/breaking-updates/openvidu-java-client/src/test/resources
[INFO] 
[INFO] --- maven-compiler-plugin:3.1:testCompile (default-testCompile) @ openvidu-java-client ---
[INFO] Changes detected - recompiling the module!
[INFO] Compiling 3 source files to /home/gabsko/breaking-updates/openvidu-java-client/target/test-classes
[INFO] 
[INFO] --- maven-surefire-plugin:2.12.4:test (default-test) @ openvidu-java-client ---
[INFO] Surefire report directory: /home/gabsko/breaking-updates/openvidu-java-client/target/surefire-reports

-------------------------------------------------------
 T E S T S
-------------------------------------------------------
Running io.openvidu.java.client.test.OpenViduTest
Tests run: 1, Failures: 0, Errors: 0, Skipped: 0, Time elapsed: 0.025 sec
Running io.openvidu.java.client.OpenViduHttpExceptionTest
Tests run: 1, Failures: 0, Errors: 0, Skipped: 0, Time elapsed: 0.021 sec
Running io.openvidu.java.client.OpenViduJavaClientExceptionTest
Tests run: 1, Failures: 0, Errors: 0, Skipped: 0, Time elapsed: 0 sec

Results :

Tests run: 3, Failures: 0, Errors: 0, Skipped: 0

[INFO] 
[INFO] -----------------< io.openvidu:openvidu-test-browsers >-----------------
[INFO] Building OpenVidu Test Browsers 1.1.0                              [4/6]
[INFO] --------------------------------[ jar ]---------------------------------
[INFO] 
[INFO] --- maven-clean-plugin:2.5:clean (default-clean) @ openvidu-test-browsers ---
[INFO] Deleting /home/gabsko/breaking-updates/openvidu-test-browsers/target
[INFO] 
[INFO] --- maven-enforcer-plugin:3.0.0-M3:enforce (enforce-java-version) @ openvidu-test-browsers ---
[INFO] 
[INFO] --- maven-enforcer-plugin:3.0.0-M3:enforce (enforce-maven-version) @ openvidu-test-browsers ---
[INFO] 
[INFO] --- maven-enforcer-plugin:3.0.0-M3:enforce (enforce-bytecode-version) @ openvidu-test-browsers ---
[INFO] 
[INFO] --- maven-enforcer-plugin:3.0.0-M3:enforce (enforce-ban-duplicate-classes) @ openvidu-test-browsers ---
[INFO] Adding ignore: module-info
[INFO] Adding ignore: META-INF/versions/*/module-info
[WARNING] Rule 0: org.apache.maven.plugins.enforcer.BanDuplicateClasses failed with message:
Duplicate classes found:

  Found in:
    org.seleniumhq.selenium:selenium-api:jar:3.141.59:compile
    io.appium:java-client:jar:7.6.0:compile
  Duplicate classes:
    org/openqa/selenium/WebDriver$ImeHandler.class
    org/openqa/selenium/WebDriver$TargetLocator.class
    org/openqa/selenium/internal/FindsById.class
    org/openqa/selenium/internal/FindsByClassName.class
    org/openqa/selenium/internal/FindsByLinkText.class
    org/openqa/selenium/WebElement.class
    org/openqa/selenium/internal/FindsByCssSelector.class
    org/openqa/selenium/internal/FindsByTagName.class
    org/openqa/selenium/internal/FindsByXPath.class
    org/openqa/selenium/WebDriver$Navigation.class
    org/openqa/selenium/SearchContext.class
    org/openqa/selenium/WebDriver$Window.class
    org/openqa/selenium/internal/FindsByName.class
    org/openqa/selenium/WebDriver$Options.class
    org/openqa/selenium/WebDriver.class
    org/openqa/selenium/WebDriver$Timeouts.class

  Found in:
    commons-logging:commons-logging:jar:1.2:compile
    org.springframework:spring-jcl:jar:5.2.15.RELEASE:compile
  Duplicate classes:
    org/apache/commons/logging/Log.class
    org/apache/commons/logging/impl/SimpleLog.class
    org/apache/commons/logging/LogFactory$1.class
    org/apache/commons/logging/impl/NoOpLog.class
    org/apache/commons/logging/LogFactory.class

[INFO] 
[INFO] --- maven-enforcer-plugin:3.0.0-M3:enforce (enforce-ban-circular-dependencies) @ openvidu-test-browsers ---
[INFO] 
[INFO] --- maven-resources-plugin:2.6:resources (default-resources) @ openvidu-test-browsers ---
[INFO] Using 'UTF-8' encoding to copy filtered resources.
[INFO] Copying 3 resources
[INFO] 
[INFO] --- maven-compiler-plugin:3.1:compile (default-compile) @ openvidu-test-browsers ---
[INFO] Changes detected - recompiling the module!
[INFO] Compiling 16 source files to /home/gabsko/breaking-updates/openvidu-test-browsers/target/classes
[INFO] 
[INFO] --- maven-resources-plugin:2.6:testResources (default-testResources) @ openvidu-test-browsers ---
[INFO] Using 'UTF-8' encoding to copy filtered resources.
[INFO] skip non existing resourceDirectory /home/gabsko/breaking-updates/openvidu-test-browsers/src/test/resources
[INFO] 
[INFO] --- maven-compiler-plugin:3.1:testCompile (default-testCompile) @ openvidu-test-browsers ---
[INFO] Changes detected - recompiling the module!
[INFO] Compiling 1 source file to /home/gabsko/breaking-updates/openvidu-test-browsers/target/test-classes
[INFO] 
[INFO] --- maven-surefire-plugin:2.12.4:test (default-test) @ openvidu-test-browsers ---
[INFO] Surefire report directory: /home/gabsko/breaking-updates/openvidu-test-browsers/target/surefire-reports

-------------------------------------------------------
 T E S T S
-------------------------------------------------------
Running io.openvidu.test.browsers.CustomHttpClientTest
Tests run: 2, Failures: 0, Errors: 0, Skipped: 0, Time elapsed: 0.19 sec

Results :

Tests run: 2, Failures: 0, Errors: 0, Skipped: 0

[INFO] 
[INFO] --------------------< io.openvidu:openvidu-server >---------------------
[INFO] Building OpenVidu Server 2.22.0                                    [5/6]
[INFO] --------------------------------[ jar ]---------------------------------
[INFO] 
[INFO] --- maven-clean-plugin:2.5:clean (default-clean) @ openvidu-server ---
[INFO] Deleting /home/gabsko/breaking-updates/openvidu-server/target
[INFO] 
[INFO] --- maven-enforcer-plugin:3.0.0-M3:enforce (enforce-java-version) @ openvidu-server ---
[INFO] 
[INFO] --- maven-enforcer-plugin:3.0.0-M3:enforce (enforce-maven-version) @ openvidu-server ---
[INFO] 
[INFO] --- maven-enforcer-plugin:3.0.0-M3:enforce (enforce-bytecode-version) @ openvidu-server ---
[INFO] 
[INFO] --- maven-enforcer-plugin:3.0.0-M3:enforce (enforce-ban-duplicate-classes) @ openvidu-server ---
[INFO] Adding ignore: module-info
[INFO] Adding ignore: META-INF/versions/*/module-info
[WARNING] Rule 0: org.apache.maven.plugins.enforcer.BanDuplicateClasses failed with message:
Duplicate classes found:

  Found in:
    io.appium:java-client:jar:7.6.0:test
    org.seleniumhq.selenium:selenium-api:jar:3.141.59:test
  Duplicate classes:
    org/openqa/selenium/WebDriver$TargetLocator.class
    org/openqa/selenium/WebDriver$Window.class
    org/openqa/selenium/internal/FindsByName.class
    org/openqa/selenium/internal/FindsById.class
    org/openqa/selenium/internal/FindsByClassName.class
    org/openqa/selenium/WebElement.class
    org/openqa/selenium/internal/FindsByTagName.class
    org/openqa/selenium/SearchContext.class
    org/openqa/selenium/WebDriver$ImeHandler.class
    org/openqa/selenium/internal/FindsByXPath.class
    org/openqa/selenium/WebDriver$Options.class
    org/openqa/selenium/internal/FindsByLinkText.class
    org/openqa/selenium/internal/FindsByCssSelector.class
    org/openqa/selenium/WebDriver$Navigation.class
    org/openqa/selenium/WebDriver.class
    org/openqa/selenium/WebDriver$Timeouts.class

  Found in:
    commons-logging:commons-logging:jar:1.2:compile
    org.slf4j:jcl-over-slf4j:jar:1.7.30:compile
  Duplicate classes:
    org/apache/commons/logging/LogConfigurationException.class
    org/apache/commons/logging/impl/SimpleLog$1.class

  Found in:
    jakarta.activation:jakarta.activation-api:jar:1.2.1:compile
    com.sun.activation:jakarta.activation:jar:1.2.1:compile
  Duplicate classes:
    javax/activation/DataContentHandlerFactory.class
    javax/activation/DataContentHandler.class
    javax/activation/CommandObject.class
    javax/activation/SecuritySupport$2.class
    javax/activation/MimeTypeParameterList.class
    javax/activation/DataHandlerDataSource.class
    javax/activation/CommandMap.class
    javax/activation/MimeTypeParseException.class
    javax/activation/MimeType.class
    javax/activation/ActivationDataFlavor.class
    javax/activation/MailcapCommandMap$1.class
    javax/activation/MimetypesFileTypeMap.class
    javax/activation/SecuritySupport$3.class
    javax/activation/DataSourceDataContentHandler.class
    javax/activation/CommandInfo$Beans$1.class
    javax/activation/ObjectDataContentHandler.class
    javax/activation/FileTypeMap.class
    javax/activation/CommandInfo.class
    javax/activation/MailcapCommandMap.class
    javax/activation/DataHandler$1.class
    javax/activation/UnsupportedDataTypeException.class
    javax/activation/URLDataSource.class
    javax/activation/SecuritySupport$4.class
    javax/activation/SecuritySupport$1.class
    javax/activation/DataSource.class
    javax/activation/DataHandler.class
    javax/activation/FileDataSource.class
    javax/activation/CommandInfo$Beans.class
    javax/activation/SecuritySupport$5.class
    javax/activation/SecuritySupport.class
    javax/activation/MimetypesFileTypeMap$1.class

  Found in:
    org.springframework:spring-aop:jar:5.2.15.RELEASE:compile
    org.glassfish.hk2.external:aopalliance-repackaged:jar:2.6.1:compile
  Duplicate classes:
    org/aopalliance/intercept/ConstructorInterceptor.class
    org/aopalliance/intercept/Invocation.class
    org/aopalliance/intercept/Joinpoint.class
    org/aopalliance/aop/Advice.class
    org/aopalliance/intercept/MethodInvocation.class
    org/aopalliance/intercept/ConstructorInvocation.class
    org/aopalliance/aop/AspectException.class
    org/aopalliance/intercept/Interceptor.class
    org/aopalliance/intercept/MethodInterceptor.class

  Found in:
    commons-logging:commons-logging:jar:1.2:compile
    org.slf4j:jcl-over-slf4j:jar:1.7.30:compile
    org.springframework:spring-jcl:jar:5.2.15.RELEASE:compile
  Duplicate classes:
    org/apache/commons/logging/Log.class
    org/apache/commons/logging/LogFactory.class
    org/apache/commons/logging/impl/SimpleLog.class
    org/apache/commons/logging/impl/NoOpLog.class

  Found in:
    javax.annotation:javax.annotation-api:jar:1.3.2:compile
    jakarta.annotation:jakarta.annotation-api:jar:1.3.5:compile
  Duplicate classes:
    javax/annotation/security/RunAs.class
    javax/annotation/security/PermitAll.class
    javax/annotation/sql/DataSourceDefinition.class
    javax/annotation/PreDestroy.class
    javax/annotation/Resource$AuthenticationType.class
    javax/annotation/Generated.class
    javax/annotation/security/RolesAllowed.class
    javax/annotation/Resources.class
    javax/annotation/PostConstruct.class
    javax/annotation/security/DeclareRoles.class
    javax/annotation/Priority.class
    javax/annotation/Resource.class
    javax/annotation/ManagedBean.class
    javax/annotation/security/DenyAll.class
    javax/annotation/sql/DataSourceDefinitions.class

  Found in:
    javax.inject:javax.inject:jar:1:compile
    org.glassfish.hk2.external:jakarta.inject:jar:2.6.1:compile
  Duplicate classes:
    javax/inject/Inject.class
    javax/inject/Provider.class
    javax/inject/Named.class
    javax/inject/Scope.class
    javax/inject/Qualifier.class
    javax/inject/Singleton.class

  Found in:
    commons-logging:commons-logging:jar:1.2:compile
    org.springframework:spring-jcl:jar:5.2.15.RELEASE:compile
  Duplicate classes:
    org/apache/commons/logging/LogFactory$1.class

[INFO] 
[INFO] --- maven-enforcer-plugin:3.0.0-M3:enforce (enforce-ban-circular-dependencies) @ openvidu-server ---
[INFO] 
[INFO] --- spring-boot-maven-plugin:2.3.12.RELEASE:build-info (default) @ openvidu-server ---
[INFO] 
[INFO] --- maven-resources-plugin:2.6:resources (default-resources) @ openvidu-server ---
[INFO] Using 'UTF-8' encoding to copy filtered resources.
[INFO] Copying 10 resources
[INFO] Copying 1 resource
[INFO] 
[INFO] --- maven-compiler-plugin:3.1:compile (default-compile) @ openvidu-server ---
[INFO] Changes detected - recompiling the module!
[INFO] Compiling 111 source files to /home/gabsko/breaking-updates/openvidu-server/target/classes
[WARNING] /home/gabsko/breaking-updates/openvidu-server/src/main/java/io/openvidu/server/resources/FrontendResourceHandler.java: /home/gabsko/breaking-updates/openvidu-server/src/main/java/io/openvidu/server/resources/FrontendResourceHandler.java uses or overrides a deprecated API.
[WARNING] /home/gabsko/breaking-updates/openvidu-server/src/main/java/io/openvidu/server/resources/FrontendResourceHandler.java: Recompile with -Xlint:deprecation for details.
[WARNING] /home/gabsko/breaking-updates/openvidu-server/src/main/java/io/openvidu/server/config/OpenviduConfig.java: Some input files use unchecked or unsafe operations.
[WARNING] /home/gabsko/breaking-updates/openvidu-server/src/main/java/io/openvidu/server/config/OpenviduConfig.java: Recompile with -Xlint:unchecked for details.
[INFO] 
[INFO] --- maven-resources-plugin:2.6:testResources (default-testResources) @ openvidu-server ---
[INFO] Using 'UTF-8' encoding to copy filtered resources.
[INFO] Copying 8 resources
[INFO] 
[INFO] --- maven-compiler-plugin:3.1:testCompile (default-testCompile) @ openvidu-server ---
[INFO] Changes detected - recompiling the module!
[INFO] Compiling 8 source files to /home/gabsko/breaking-updates/openvidu-server/target/test-classes
[WARNING] /home/gabsko/breaking-updates/openvidu-server/src/test/java/io/openvidu/server/test/integration/config/IntegrationTestConfiguration.java: /home/gabsko/breaking-updates/openvidu-server/src/test/java/io/openvidu/server/test/integration/config/IntegrationTestConfiguration.java uses unchecked or unsafe operations.
[WARNING] /home/gabsko/breaking-updates/openvidu-server/src/test/java/io/openvidu/server/test/integration/config/IntegrationTestConfiguration.java: Recompile with -Xlint:unchecked for details.
[INFO] 
[INFO] --- maven-surefire-plugin:3.0.0-M5:test (default-test) @ openvidu-server ---
[INFO] 
[INFO] -------------------------------------------------------
[INFO]  T E S T S
[INFO] -------------------------------------------------------
[INFO] Running io.openvidu.server.test.unit.DotenvTest
10:29:20.375 [main] DEBUG io.openvidu.server.config.Dotenv - Reading line '# Comment 1'
10:29:20.377 [main] DEBUG io.openvidu.server.config.Dotenv - Reading line 'PROPERTY_ONE=value1'
10:29:20.377 [main] DEBUG io.openvidu.server.config.Dotenv - Setting property PROPERTY_ONE=value1
10:29:20.377 [main] DEBUG io.openvidu.server.config.Dotenv - Reading line ''
10:29:20.377 [main] DEBUG io.openvidu.server.config.Dotenv - Reading line '# Comment 2'
10:29:20.378 [main] DEBUG io.openvidu.server.config.Dotenv - Reading line 'PROPERTY_TWO=value2'
10:29:20.378 [main] DEBUG io.openvidu.server.config.Dotenv - Setting property PROPERTY_TWO=value2
10:29:20.395 [main] DEBUG io.openvidu.server.config.Dotenv - Reading line '# Comment 1'
10:29:20.395 [main] DEBUG io.openvidu.server.config.Dotenv - Reading line 'PROPERTY_ONE=value1'
10:29:20.395 [main] DEBUG io.openvidu.server.config.Dotenv - Setting property PROPERTY_ONE=value1
10:29:20.395 [main] DEBUG io.openvidu.server.config.Dotenv - Reading line ''
10:29:20.395 [main] DEBUG io.openvidu.server.config.Dotenv - Reading line '# Comment 2'
10:29:20.395 [main] DEBUG io.openvidu.server.config.Dotenv - Reading line 'PROPERTY_TWO=value2'
10:29:20.395 [main] DEBUG io.openvidu.server.config.Dotenv - Setting property PROPERTY_TWO=value2
10:29:20.396 [main] DEBUG io.openvidu.server.config.Dotenv - Reading line '# Comment 1'
10:29:20.396 [main] DEBUG io.openvidu.server.config.Dotenv - Reading line 'PROPERTY_ONE=value_one'
10:29:20.396 [main] DEBUG io.openvidu.server.config.Dotenv - Setting property PROPERTY_ONE=value_one
10:29:20.396 [main] DEBUG io.openvidu.server.config.Dotenv - Reading line ''
10:29:20.396 [main] DEBUG io.openvidu.server.config.Dotenv - Reading line '# Comment 2'
10:29:20.396 [main] DEBUG io.openvidu.server.config.Dotenv - Reading line 'PROPERTY_TWO=value_two'
10:29:20.396 [main] DEBUG io.openvidu.server.config.Dotenv - Setting property PROPERTY_TWO=value_two
10:29:20.396 [main] DEBUG io.openvidu.server.config.Dotenv - Reading line 'PROPERTY_THREE=value_three'
10:29:20.396 [main] DEBUG io.openvidu.server.config.Dotenv - Setting property PROPERTY_THREE=value_three
10:29:20.398 [main] DEBUG io.openvidu.server.config.Dotenv - Reading line '# Comment 1'
10:29:20.398 [main] DEBUG io.openvidu.server.config.Dotenv - Reading line 'PROPERTY_ONE=value1'
10:29:20.398 [main] DEBUG io.openvidu.server.config.Dotenv - Setting property PROPERTY_ONE=value1
10:29:20.398 [main] DEBUG io.openvidu.server.config.Dotenv - Reading line ''
10:29:20.398 [main] DEBUG io.openvidu.server.config.Dotenv - Reading line '# Comment 2'
10:29:20.398 [main] DEBUG io.openvidu.server.config.Dotenv - Reading line 'PROPERTY_TWO=value2'
10:29:20.398 [main] DEBUG io.openvidu.server.config.Dotenv - Setting property PROPERTY_TWO=value2
[INFO] Tests run: 3, Failures: 0, Errors: 0, Skipped: 0, Time elapsed: 0.092 s - in io.openvidu.server.test.unit.DotenvTest
[INFO] Running io.openvidu.server.test.unit.VersionComparatorTest
[INFO] Tests run: 4, Failures: 0, Errors: 0, Skipped: 0, Time elapsed: 0.052 s - in io.openvidu.server.test.unit.VersionComparatorTest
[INFO] Running io.openvidu.server.test.unit.FormatCheckerTest
[INFO] Tests run: 3, Failures: 0, Errors: 0, Skipped: 0, Time elapsed: 0.004 s - in io.openvidu.server.test.unit.FormatCheckerTest
[INFO] Running io.openvidu.server.test.integration.WebhookIntegrationTest
10:29:20.507 [main] DEBUG org.springframework.test.context.BootstrapUtils - Instantiating CacheAwareContextLoaderDelegate from class [org.springframework.test.context.cache.DefaultCacheAwareContextLoaderDelegate]
10:29:20.517 [main] DEBUG org.springframework.test.context.BootstrapUtils - Instantiating BootstrapContext using constructor [public org.springframework.test.context.support.DefaultBootstrapContext(java.lang.Class,org.springframework.test.context.CacheAwareContextLoaderDelegate)]
10:29:20.549 [main] DEBUG org.springframework.test.context.BootstrapUtils - Instantiating TestContextBootstrapper for test class [io.openvidu.server.test.integration.WebhookIntegrationTest] from class [org.springframework.boot.test.context.SpringBootTestContextBootstrapper]
10:29:20.574 [main] DEBUG org.springframework.test.context.support.AbstractContextLoader - Did not detect default resource location for test class [io.openvidu.server.test.integration.WebhookIntegrationTest]: class path resource [io/openvidu/server/test/integration/WebhookIntegrationTest-context.xml] does not exist
10:29:20.574 [main] DEBUG org.springframework.test.context.support.AbstractContextLoader - Did not detect default resource location for test class [io.openvidu.server.test.integration.WebhookIntegrationTest]: class path resource [io/openvidu/server/test/integration/WebhookIntegrationTestContext.groovy] does not exist
10:29:20.574 [main] INFO org.springframework.test.context.support.AbstractContextLoader - Could not detect default resource locations for test class [io.openvidu.server.test.integration.WebhookIntegrationTest]: no resource found for suffixes {-context.xml, Context.groovy}.
10:29:20.628 [main] DEBUG org.springframework.test.context.support.ActiveProfilesUtils - Could not find an 'annotation declaring class' for annotation type [org.springframework.test.context.ActiveProfiles] and class [io.openvidu.server.test.integration.WebhookIntegrationTest]
10:29:20.680 [main] DEBUG org.springframework.context.annotation.ClassPathScanningCandidateComponentProvider - Identified candidate component class: file [/home/gabsko/breaking-updates/openvidu-server/target/classes/io/openvidu/server/OpenViduServer.class]
10:29:20.681 [main] INFO org.springframework.boot.test.context.SpringBootTestContextBootstrapper - Found @SpringBootConfiguration io.openvidu.server.OpenViduServer for test class io.openvidu.server.test.integration.WebhookIntegrationTest
10:29:20.748 [main] DEBUG org.springframework.boot.test.context.SpringBootTestContextBootstrapper - @TestExecutionListeners is not present for class [io.openvidu.server.test.integration.WebhookIntegrationTest]: using defaults.
10:29:20.749 [main] INFO org.springframework.boot.test.context.SpringBootTestContextBootstrapper - Loaded default TestExecutionListener class names from location [META-INF/spring.factories]: [org.springframework.boot.test.mock.mockito.MockitoTestExecutionListener, org.springframework.boot.test.mock.mockito.ResetMocksTestExecutionListener, org.springframework.boot.test.autoconfigure.restdocs.RestDocsTestExecutionListener, org.springframework.boot.test.autoconfigure.web.client.MockRestServiceServerResetTestExecutionListener, org.springframework.boot.test.autoconfigure.web.servlet.MockMvcPrintOnlyOnFailureTestExecutionListener, org.springframework.boot.test.autoconfigure.web.servlet.WebDriverTestExecutionListener, org.springframework.boot.test.autoconfigure.webservices.client.MockWebServiceServerTestExecutionListener, org.springframework.test.context.web.ServletTestExecutionListener, org.springframework.test.context.support.DirtiesContextBeforeModesTestExecutionListener, org.springframework.test.context.support.DependencyInjectionTestExecutionListener, org.springframework.test.context.support.DirtiesContextTestExecutionListener, org.springframework.test.context.transaction.TransactionalTestExecutionListener, org.springframework.test.context.jdbc.SqlScriptsTestExecutionListener, org.springframework.test.context.event.EventPublishingTestExecutionListener]
10:29:20.762 [main] DEBUG org.springframework.boot.test.context.SpringBootTestContextBootstrapper - Skipping candidate TestExecutionListener [org.springframework.test.context.transaction.TransactionalTestExecutionListener] due to a missing dependency. Specify custom listener classes or make the default listener classes and their required dependencies available. Offending class: [org/springframework/transaction/interceptor/TransactionAttributeSource]
10:29:20.762 [main] DEBUG org.springframework.boot.test.context.SpringBootTestContextBootstrapper - Skipping candidate TestExecutionListener [org.springframework.test.context.jdbc.SqlScriptsTestExecutionListener] due to a missing dependency. Specify custom listener classes or make the default listener classes and their required dependencies available. Offending class: [org/springframework/transaction/interceptor/TransactionAttribute]
10:29:20.763 [main] INFO org.springframework.boot.test.context.SpringBootTestContextBootstrapper - Using TestExecutionListeners: [org.springframework.test.context.web.ServletTestExecutionListener@19553973, org.springframework.test.context.support.DirtiesContextBeforeModesTestExecutionListener@7bb6ab3a, org.springframework.boot.test.mock.mockito.MockitoTestExecutionListener@7fe7c640, org.springframework.boot.test.autoconfigure.SpringBootDependencyInjectionTestExecutionListener@4c4748bf, org.springframework.test.context.support.DirtiesContextTestExecutionListener@7ce97ee5, org.springframework.test.context.event.EventPublishingTestExecutionListener@32c8e539, org.springframework.boot.test.mock.mockito.ResetMocksTestExecutionListener@73dce0e6, org.springframework.boot.test.autoconfigure.restdocs.RestDocsTestExecutionListener@5a85c92, org.springframework.boot.test.autoconfigure.web.client.MockRestServiceServerResetTestExecutionListener@32811494, org.springframework.boot.test.autoconfigure.web.servlet.MockMvcPrintOnlyOnFailureTestExecutionListener@4795ded0, org.springframework.boot.test.autoconfigure.web.servlet.WebDriverTestExecutionListener@53dacd14, org.springframework.boot.test.autoconfigure.webservices.client.MockWebServiceServerTestExecutionListener@14d14731]
10:29:20.794 [main] DEBUG org.springframework.test.context.support.AbstractDirtiesContextTestExecutionListener - Before test class: context [DefaultTestContext@2f6e28bc testClass = WebhookIntegrationTest, testInstance = [null], testMethod = [null], testException = [null], mergedContextConfiguration = [WebMergedContextConfiguration@7c098bb3 testClass = WebhookIntegrationTest, locations = '{}', classes = '{class io.openvidu.server.OpenViduServer, class io.openvidu.server.test.integration.config.IntegrationTestConfiguration}', contextInitializerClasses = '[]', activeProfiles = '{}', propertySourceLocations = '{classpath:integration-test.properties}', propertySourceProperties = '{OPENVIDU_WEBHOOK=true, OPENVIDU_WEBHOOK_ENDPOINT=http://localhost:7777/webhook, OPENVIDU_WEBHOOK_HEADERS=[], OPENVIDU_WEBHOOK_EVENTS=["sessionCreated","participantJoined","participantLeft","signalSent"], org.springframework.boot.test.context.SpringBootTestContextBootstrapper=true}', contextCustomizers = set[org.springframework.boot.test.context.filter.ExcludeFilterContextCustomizer@62833051, org.springframework.boot.test.json.DuplicateJsonObjectContextCustomizerFactory$DuplicateJsonObjectContextCustomizer@5d99c6b5, org.springframework.boot.test.mock.mockito.MockitoContextCustomizer@21d181ac, org.springframework.boot.test.web.client.TestRestTemplateContextCustomizer@4b34fff9, org.springframework.boot.test.autoconfigure.properties.PropertyMappingContextCustomizer@0, org.springframework.boot.test.autoconfigure.web.servlet.WebDriverContextCustomizerFactory$Customizer@490caf5f, org.springframework.test.context.web.socket.MockServerContainerContextCustomizer@31920ade, org.springframework.boot.test.context.SpringBootTestArgs@1, org.springframework.boot.test.context.SpringBootTestWebEnvironment@48ae9b55], resourceBasePath = 'src/main/webapp', contextLoader = 'org.springframework.boot.test.context.SpringBootContextLoader', parent = [null]], attributes = map['org.springframework.test.context.web.ServletTestExecutionListener.activateListener' -> true]], class annotated with @DirtiesContext [false] with mode [null].
10:29:20.811 [main] DEBUG org.springframework.test.context.support.TestPropertySourceUtils - Adding inlined properties to environment: {spring.jmx.enabled=false, OPENVIDU_WEBHOOK=true, OPENVIDU_WEBHOOK_ENDPOINT=http://localhost:7777/webhook, OPENVIDU_WEBHOOK_HEADERS=[], OPENVIDU_WEBHOOK_EVENTS=["sessionCreated","participantJoined","participantLeft","signalSent"], org.springframework.boot.test.context.SpringBootTestContextBootstrapper=true}

______________________________________________
   ____               __      ___     _       
  / __ \              \ \    / (_)   | |      
 | |  | |_ __   ___ _ _\ \  / / _  __| |_   _
 | |  | | '_ \ / _ \ '_ \ \/ / | |/ _` | | | |
 | |__| | |_) |  __/ | | \  /  | | (_| | |_| |
  \____/| .__/ \___|_| |_|\/   |_|\__,_|\__,_|
        | |
        |_|                     version 2.22.0
______________________________________________                                          

[INFO] 2023-01-26 10:29:21,206 [main] io.openvidu.server.test.integration.WebhookIntegrationTest - Starting WebhookIntegrationTest on repairnator with PID 17693 (started by gabsko in /home/gabsko/breaking-updates/openvidu-server)
[INFO] 2023-01-26 10:29:21,207 [main] io.openvidu.server.test.integration.WebhookIntegrationTest - No active profile set, falling back to default profiles: default
[WARN] 2023-01-26 10:29:21,954 [main] io.openvidu.server.config.OpenviduConfig - DOTENV_PATH configuration property is not defined
[WARN] 2023-01-26 10:29:21,960 [main] io.openvidu.server.config.OpenviduConfig - COTURN_SHARED_SECRET_KEY is not defined. Using OPENVIDU_SECRET
[INFO] 2023-01-26 10:29:22,505 [main] io.openvidu.server.OpenViduServer - OpenVidu CDR service is disabled (may be enable with 'OPENVIDU_CDR=true')
[INFO] 2023-01-26 10:29:22,505 [main] io.openvidu.server.OpenViduServer - OpenVidu Webhook service is enabled
[INFO] 2023-01-26 10:29:22,890 [main] io.openvidu.server.recording.service.RecordingManager - OpenVidu recording service is disabled
[INFO] 2023-01-26 10:29:22,910 [main] io.openvidu.server.core.SessionManager - Garbage collector for non active sessions initialized. Running every 900 seconds and cleaning up non active Sessions more than 3600 seconds old
[INFO] 2023-01-26 10:29:22,949 [main] org.springframework.scheduling.concurrent.ThreadPoolTaskScheduler - Initializing ExecutorService 'jsonrpcTaskScheduler'
[INFO] 2023-01-26 10:29:23,194 [main] org.springframework.scheduling.concurrent.ThreadPoolTaskExecutor - Initializing ExecutorService 'applicationTaskExecutor'
[INFO] 2023-01-26 10:29:23,288 [main] org.springframework.boot.autoconfigure.web.servlet.WelcomePageHandlerMapping - Adding welcome page: class path resource [static/index.html]
[INFO] 2023-01-26 10:29:23,564 [main] org.springframework.security.web.DefaultSecurityFilterChain - Creating filter chain: any request, [org.springframework.security.web.context.request.async.WebAsyncManagerIntegrationFilter@71687d8f, org.springframework.security.web.context.SecurityContextPersistenceFilter@554d040d, org.springframework.security.web.header.HeaderWriterFilter@3134b261, org.springframework.web.filter.CorsFilter@443253a6, org.springframework.security.web.authentication.logout.LogoutFilter@3f87780b, org.springframework.security.web.authentication.www.BasicAuthenticationFilter@5151accb, org.springframework.security.web.savedrequest.RequestCacheAwareFilter@7d6019d5, org.springframework.security.web.servletapi.SecurityContextHolderAwareRequestFilter@338270ea, org.springframework.security.web.authentication.AnonymousAuthenticationFilter@191774d6, org.springframework.security.web.session.SessionManagementFilter@3d2b13b1, org.springframework.security.web.access.ExceptionTranslationFilter@2aac6fa7, org.springframework.security.web.access.intercept.FilterSecurityInterceptor@47d81427]
[INFO] 2023-01-26 10:29:23,624 [main] io.openvidu.server.test.integration.WebhookIntegrationTest - Started WebhookIntegrationTest in 2.805 seconds (JVM running for 4.044)
[INFO] 2023-01-26 10:29:23,626 [main] io.openvidu.server.OpenViduServer - 

----------------------------------------------------

   OpenVidu is ready!
   ---------------------------

   * OpenVidu Server URL: https://localhost:4443/

   * OpenVidu Dashboard: https://localhost:4443/dashboard

----------------------------------------------------

[INFO] 2023-01-26 10:29:23,644 [main] io.openvidu.server.test.integration.WebhookIntegrationTest - Webhook event and RPC event should not interfere with each other

______________________________________________
   ____               __      ___     _       
  / __ \              \ \    / (_)   | |      
 | |  | |_ __   ___ _ _\ \  / / _  __| |_   _
 | |  | | '_ \ / _ \ '_ \ \/ / | |/ _` | | | |
 | |__| | |_) |  __/ | | \  /  | | (_| | |_| |
  \____/| .__/ \___|_| |_|\/   |_|\__,_|\__,_|
        | |
        |_|                     version 2.22.0
______________________________________________                                          

[INFO] 2023-01-26 10:29:23,721 [main] io.openvidu.test.browsers.utils.webhook.CustomWebhook - Starting CustomWebhook on repairnator with PID 17693 (started by gabsko in /home/gabsko/breaking-updates/openvidu-server)
[INFO] 2023-01-26 10:29:23,721 [main] io.openvidu.test.browsers.utils.webhook.CustomWebhook - No active profile set, falling back to default profiles: default
[INFO] 2023-01-26 10:29:23,926 [main] org.springframework.boot.web.embedded.tomcat.TomcatWebServer - Tomcat initialized with port(s): 7777 (http)
[INFO] 2023-01-26 10:29:23,934 [main] org.apache.coyote.http11.Http11NioProtocol - Initializing ProtocolHandler ["http-nio-7777"]
[INFO] 2023-01-26 10:29:23,934 [main] org.apache.catalina.core.StandardService - Starting service [Tomcat]
[INFO] 2023-01-26 10:29:23,934 [main] org.apache.catalina.core.StandardEngine - Starting Servlet engine: [Apache Tomcat/9.0.46]
[INFO] 2023-01-26 10:29:24,040 [main] org.apache.catalina.core.ContainerBase.[Tomcat].[localhost].[/] - Initializing Spring embedded WebApplicationContext
[INFO] 2023-01-26 10:29:24,041 [main] org.springframework.boot.web.servlet.context.ServletWebServerApplicationContext - Root WebApplicationContext: initialization completed in 318 ms
[INFO] 2023-01-26 10:29:24,136 [main] org.springframework.scheduling.concurrent.ThreadPoolTaskExecutor - Initializing ExecutorService 'applicationTaskExecutor'
[INFO] 2023-01-26 10:29:24,148 [main] org.springframework.boot.autoconfigure.web.servlet.WelcomePageHandlerMapping - Adding welcome page: class path resource [static/index.html]
[INFO] 2023-01-26 10:29:24,178 [main] org.springframework.boot.autoconfigure.security.servlet.UserDetailsServiceAutoConfiguration - 

Using generated security password: c5e13c90-9610-4af4-aff5-5c607411621b

[INFO] 2023-01-26 10:29:24,184 [main] org.springframework.security.web.access.channel.ChannelProcessingFilter - Validated configuration attributes
[INFO] 2023-01-26 10:29:24,185 [main] org.springframework.security.web.DefaultSecurityFilterChain - Creating filter chain: any request, [org.springframework.security.web.access.channel.ChannelProcessingFilter@c31419f, org.springframework.security.web.context.request.async.WebAsyncManagerIntegrationFilter@59d29065, org.springframework.security.web.context.SecurityContextPersistenceFilter@f252762, org.springframework.security.web.header.HeaderWriterFilter@2123a61c, org.springframework.security.web.authentication.logout.LogoutFilter@c14bbab, org.springframework.security.web.savedrequest.RequestCacheAwareFilter@5b74bb75, org.springframework.security.web.servletapi.SecurityContextHolderAwareRequestFilter@675bf541, org.springframework.security.web.authentication.AnonymousAuthenticationFilter@7a13ad55, org.springframework.security.web.session.SessionManagementFilter@2e5c7cd5, org.springframework.security.web.access.ExceptionTranslationFilter@6686507b, org.springframework.security.web.access.intercept.FilterSecurityInterceptor@745c8a04]
[INFO] 2023-01-26 10:29:24,192 [main] org.apache.coyote.http11.Http11NioProtocol - Starting ProtocolHandler ["http-nio-7777"]
[INFO] 2023-01-26 10:29:24,222 [main] org.springframework.boot.web.embedded.tomcat.TomcatWebServer - Tomcat started on port(s): 7777 (http) with context path ''
[INFO] 2023-01-26 10:29:24,225 [main] io.openvidu.test.browsers.utils.webhook.CustomWebhook - Started CustomWebhook in 0.526 seconds (JVM running for 4.645)
[INFO] 2023-01-26 10:29:24,226 [main] io.openvidu.server.rest.SessionRestController - REST API: POST /openvidu/api/sessions {customSessionId=WEBHOOK_TEST_SESSION}
[INFO] 2023-01-26 10:29:24,231 [main] io.openvidu.server.rest.SessionRestController - New session WEBHOOK_TEST_SESSION created [WEBHOOK_TEST_SESSION]
[INFO] 2023-01-26 10:29:24,828 [http-nio-7777-exec-1] org.apache.catalina.core.ContainerBase.[Tomcat].[localhost].[/] - Initializing Spring DispatcherServlet 'dispatcherServlet'
[INFO] 2023-01-26 10:29:24,828 [http-nio-7777-exec-1] org.springframework.web.servlet.DispatcherServlet - Initializing Servlet 'dispatcherServlet'
[INFO] 2023-01-26 10:29:24,834 [http-nio-7777-exec-1] org.springframework.web.servlet.DispatcherServlet - Completed initialization in 6 ms
Webhook event: {"sessionId":"WEBHOOK_TEST_SESSION","uniqueSessionId":"WEBHOOK_TEST_SESSION_1674728964229","timestamp":1674728964229,"event":"sessionCreated"}
[INFO] 2023-01-26 10:29:24,869 [main] io.openvidu.server.rest.SessionRestController - REST API: POST /openvidu/api/sessions/WEBHOOK_TEST_SESSION/connection {}
[INFO] 2023-01-26 10:29:24,879 [main] io.openvidu.server.rest.SessionRestController - Generated token wss://localhost:4443?sessionId=WEBHOOK_TEST_SESSION&token=tok_YeYzJl8m30mHMpw6
[INFO] 2023-01-26 10:29:24,888 [pool-3-thread-1] io.openvidu.server.webhook.HttpWebhookSender - Event sessionCreated successfully posted to uri http://localhost:7777/webhook
[INFO] 2023-01-26 10:29:24,894 [main] io.openvidu.server.core.SessionManager - Participant con_YTuhPLM1IC of session WEBHOOK_TEST_SESSION is a final user connecting to this session for the first time
[INFO] 2023-01-26 10:29:24,896 [main] io.openvidu.server.kurento.core.KurentoSessionManager - KMS less loaded is ws://localhost:8888/kurento with a load of 1.0
[INFO] 2023-01-26 10:29:24,896 [main] io.openvidu.server.kurento.core.KurentoSessionManager - No session 'WEBHOOK_TEST_SESSION' exists yet. Created one on KMS 'media_EQErHBBu' with ip 'localhost'
[INFO] 2023-01-26 10:29:24,896 [main] io.openvidu.server.kurento.core.KurentoSession - SESSION WEBHOOK_TEST_SESSION: Creating MediaPipeline
[INFO] 2023-01-26 10:29:25,065 [main] io.openvidu.server.kurento.core.KurentoSession - SESSION WEBHOOK_TEST_SESSION: Added participant [participantPrivateId=participantPrivateId, participantPublicId=con_YTuhPLM1IC, streaming=false]
[WARN] 2023-01-26 10:29:25,066 [main] io.openvidu.server.rpc.RpcNotificationService - Invalid WebSocket session id participantPrivateId
[ERROR] 2023-01-26 10:29:25,066 [main] io.openvidu.server.rpc.RpcNotificationService - No transaction 1 found for paticipant with private id participantPrivateId, unable to send result {"id":"con_YTuhPLM1IC","finalUserId":"finalUserId","createdAt":1674728964894,"metadata":"","value":[],"session":"WEBHOOK_TEST_SESSION","version":"2.22.0","mediaServer":"kurento","videoSimulcast":false,"record":null,"coturnIp":"localhost","coturnPort":0}
Webhook event: {"sessionId":"WEBHOOK_TEST_SESSION","uniqueSessionId":"WEBHOOK_TEST_SESSION_1674728964229","timestamp":1674728964894,"participantId":"con_YTuhPLM1IC","connectionId":"con_YTuhPLM1IC","location":"Mock for GeoLocation, hashCode: 677455094","ip":null,"platform":"platform","clientData":"","serverData":null,"event":"participantJoined"}
[INFO] 2023-01-26 10:29:25,573 [pool-3-thread-1] io.openvidu.server.webhook.HttpWebhookSender - Event participantJoined successfully posted to uri http://localhost:7777/webhook
[INFO] 2023-01-26 10:29:25,597 [main] io.openvidu.server.rest.SessionRestController - REST API: POST /openvidu/api/signal {session=WEBHOOK_TEST_SESSION, type=1}
[ERROR] 2023-01-26 10:29:25,597 [main] io.openvidu.server.rpc.RpcNotificationService - No rpc session found for private id participantPrivateId, unable to send notification sendMessage: {"type":"1"}
[INFO] 2023-01-26 10:29:25,598 [main] io.openvidu.server.rest.SessionRestController - REST API: POST /openvidu/api/signal {session=WEBHOOK_TEST_SESSION, type=2}
[ERROR] 2023-01-26 10:29:25,598 [main] io.openvidu.server.rpc.RpcNotificationService - No rpc session found for private id participantPrivateId, unable to send notification sendMessage: {"type":"2"}
Webhook event: {"sessionId":"WEBHOOK_TEST_SESSION","uniqueSessionId":"WEBHOOK_TEST_SESSION_1674728964229","timestamp":1674728965598,"from":null,"to":["con_YTuhPLM1IC"],"type":"1","data":null,"event":"signalSent"}
[INFO] 2023-01-26 10:29:25,604 [pool-3-thread-1] io.openvidu.server.webhook.HttpWebhookSender - Event signalSent successfully posted to uri http://localhost:7777/webhook
Webhook event: {"sessionId":"WEBHOOK_TEST_SESSION","uniqueSessionId":"WEBHOOK_TEST_SESSION_1674728964229","timestamp":1674728965598,"from":null,"to":["con_YTuhPLM1IC"],"type":"2","data":null,"event":"signalSent"}
[INFO] 2023-01-26 10:29:25,610 [pool-3-thread-1] io.openvidu.server.webhook.HttpWebhookSender - Event signalSent successfully posted to uri http://localhost:7777/webhook
[INFO] 2023-01-26 10:29:25,617 [main] io.openvidu.server.rest.SessionRestController - REST API: POST /openvidu/api/signal {session=WEBHOOK_TEST_SESSION, type=3}
[ERROR] 2023-01-26 10:29:25,617 [main] io.openvidu.server.rpc.RpcNotificationService - No rpc session found for private id participantPrivateId, unable to send notification sendMessage: {"type":"3"}
[INFO] 2023-01-26 10:29:25,642 [main] io.openvidu.server.rest.SessionRestController - REST API: POST /openvidu/api/signal {session=WEBHOOK_TEST_SESSION, type=4}
[ERROR] 2023-01-26 10:29:25,642 [main] io.openvidu.server.rpc.RpcNotificationService - No rpc session found for private id participantPrivateId, unable to send notification sendMessage: {"type":"4"}
[INFO] 2023-01-26 10:29:25,643 [main] io.openvidu.server.rest.SessionRestController - REST API: POST /openvidu/api/signal {session=WEBHOOK_TEST_SESSION, type=5}
[ERROR] 2023-01-26 10:29:25,643 [main] io.openvidu.server.rpc.RpcNotificationService - No rpc session found for private id participantPrivateId, unable to send notification sendMessage: {"type":"5"}
Webhook event: {"sessionId":"WEBHOOK_TEST_SESSION","uniqueSessionId":"WEBHOOK_TEST_SESSION_1674728964229","timestamp":1674728965617,"from":null,"to":["con_YTuhPLM1IC"],"type":"3","data":null,"event":"signalSent"}
[INFO] 2023-01-26 10:29:26,125 [pool-3-thread-1] io.openvidu.server.webhook.HttpWebhookSender - Event signalSent successfully posted to uri http://localhost:7777/webhook
Webhook event: {"sessionId":"WEBHOOK_TEST_SESSION","uniqueSessionId":"WEBHOOK_TEST_SESSION_1674728964229","timestamp":1674728965643,"from":null,"to":["con_YTuhPLM1IC"],"type":"4","data":null,"event":"signalSent"}
[INFO] 2023-01-26 10:29:26,133 [pool-3-thread-1] io.openvidu.server.webhook.HttpWebhookSender - Event signalSent successfully posted to uri http://localhost:7777/webhook
Webhook event: {"sessionId":"WEBHOOK_TEST_SESSION","uniqueSessionId":"WEBHOOK_TEST_SESSION_1674728964229","timestamp":1674728965643,"from":null,"to":["con_YTuhPLM1IC"],"type":"5","data":null,"event":"signalSent"}
[INFO] 2023-01-26 10:29:26,139 [main] io.openvidu.server.rest.SessionRestController - REST API: DELETE /openvidu/api/sessions/WEBHOOK_TEST_SESSION/connection/con_YTuhPLM1IC
[INFO] 2023-01-26 10:29:26,139 [main] io.openvidu.server.kurento.core.KurentoSessionManager - Request [LEAVE_ROOM] for participant con_YTuhPLM1IC of session WEBHOOK_TEST_SESSION with reason forceDisconnectByServer
[INFO] 2023-01-26 10:29:26,140 [main] io.openvidu.server.kurento.core.KurentoSession - PARTICIPANT con_YTuhPLM1IC: Leaving session WEBHOOK_TEST_SESSION
[INFO] 2023-01-26 10:29:26,140 [pool-3-thread-1] io.openvidu.server.webhook.HttpWebhookSender - Event signalSent successfully posted to uri http://localhost:7777/webhook
[INFO] 2023-01-26 10:29:26,141 [main] io.openvidu.server.kurento.core.KurentoSessionManager - No more participants in session 'WEBHOOK_TEST_SESSION', removing it and closing it
[INFO] 2023-01-26 10:29:26,145 [main] io.openvidu.server.core.SessionManager - Session 'WEBHOOK_TEST_SESSION' removed and closed
[ERROR] 2023-01-26 10:29:26,145 [main] io.openvidu.server.rpc.RpcNotificationService - No rpc session found for private id participantPrivateId, unable to send notification participantEvicted: {"connectionId":"con_YTuhPLM1IC","reason":"forceDisconnectByServer"}
[ERROR] 2023-01-26 10:29:26,146 [main] io.openvidu.server.rpc.RpcNotificationService - No rpc session found for private id participantPrivateId, unable to send notification participantEvicted: {"connectionId":"con_YTuhPLM1IC","reason":"forceDisconnectByServer"}
Webhook event: {"sessionId":"WEBHOOK_TEST_SESSION","uniqueSessionId":"WEBHOOK_TEST_SESSION_1674728964229","timestamp":1674728966141,"startTime":1674728964894,"duration":1,"reason":"forceDisconnectByServer","participantId":"con_YTuhPLM1IC","connectionId":"con_YTuhPLM1IC","location":"Mock for GeoLocation, hashCode: 677455094","ip":null,"platform":"platform","clientData":"","serverData":null,"event":"participantLeft"}
[INFO] 2023-01-26 10:29:26,150 [pool-3-thread-1] io.openvidu.server.webhook.HttpWebhookSender - Event participantLeft successfully posted to uri http://localhost:7777/webhook
[INFO] 2023-01-26 10:29:27,170 [main] org.springframework.scheduling.concurrent.ThreadPoolTaskExecutor - Shutting down ExecutorService 'applicationTaskExecutor'
[INFO] Tests run: 1, Failures: 0, Errors: 0, Skipped: 0, Time elapsed: 6.686 s - in io.openvidu.server.test.integration.WebhookIntegrationTest
[INFO] Running io.openvidu.server.test.integration.SessionGarbageCollectorIntegrationTest
[INFO] 2023-01-26 10:29:27,179 [main] org.springframework.test.context.support.AbstractContextLoader - Could not detect default resource locations for test class [io.openvidu.server.test.integration.SessionGarbageCollectorIntegrationTest]: no resource found for suffixes {-context.xml, Context.groovy}.
[INFO] 2023-01-26 10:29:27,181 [main] org.springframework.boot.test.context.SpringBootTestContextBootstrapper - Found @SpringBootConfiguration io.openvidu.server.OpenViduServer for test class io.openvidu.server.test.integration.SessionGarbageCollectorIntegrationTest
[INFO] 2023-01-26 10:29:27,182 [main] org.springframework.boot.test.context.SpringBootTestContextBootstrapper - Loaded default TestExecutionListener class names from location [META-INF/spring.factories]: [org.springframework.boot.test.mock.mockito.MockitoTestExecutionListener, org.springframework.boot.test.mock.mockito.ResetMocksTestExecutionListener, org.springframework.boot.test.autoconfigure.restdocs.RestDocsTestExecutionListener, org.springframework.boot.test.autoconfigure.web.client.MockRestServiceServerResetTestExecutionListener, org.springframework.boot.test.autoconfigure.web.servlet.MockMvcPrintOnlyOnFailureTestExecutionListener, org.springframework.boot.test.autoconfigure.web.servlet.WebDriverTestExecutionListener, org.springframework.boot.test.autoconfigure.webservices.client.MockWebServiceServerTestExecutionListener, org.springframework.test.context.web.ServletTestExecutionListener, org.springframework.test.context.support.DirtiesContextBeforeModesTestExecutionListener, org.springframework.test.context.support.DependencyInjectionTestExecutionListener, org.springframework.test.context.support.DirtiesContextTestExecutionListener, org.springframework.test.context.transaction.TransactionalTestExecutionListener, org.springframework.test.context.jdbc.SqlScriptsTestExecutionListener, org.springframework.test.context.event.EventPublishingTestExecutionListener]
[INFO] 2023-01-26 10:29:27,183 [main] org.springframework.boot.test.context.SpringBootTestContextBootstrapper - Using TestExecutionListeners: [org.springframework.test.context.web.ServletTestExecutionListener@28b4b10e, org.springframework.test.context.support.DirtiesContextBeforeModesTestExecutionListener@2c0d7099, org.springframework.boot.test.mock.mockito.MockitoTestExecutionListener@74844f8a, org.springframework.boot.test.autoconfigure.SpringBootDependencyInjectionTestExecutionListener@5c945ee7, org.springframework.test.context.support.DirtiesContextTestExecutionListener@51a5a8ba, org.springframework.test.context.event.EventPublishingTestExecutionListener@16eb93af, org.springframework.boot.test.mock.mockito.ResetMocksTestExecutionListener@404566e7, org.springframework.boot.test.autoconfigure.restdocs.RestDocsTestExecutionListener@3ed87b6e, org.springframework.boot.test.autoconfigure.web.client.MockRestServiceServerResetTestExecutionListener@4244e477, org.springframework.boot.test.autoconfigure.web.servlet.MockMvcPrintOnlyOnFailureTestExecutionListener@8f8717b, org.springframework.boot.test.autoconfigure.web.servlet.WebDriverTestExecutionListener@63614cdd, org.springframework.boot.test.autoconfigure.webservices.client.MockWebServiceServerTestExecutionListener@1e9f48d4]

______________________________________________
   ____               __      ___     _       
  / __ \              \ \    / (_)   | |      
 | |  | |_ __   ___ _ _\ \  / / _  __| |_   _
 | |  | | '_ \ / _ \ '_ \ \/ / | |/ _` | | | |
 | |__| | |_) |  __/ | | \  /  | | (_| | |_| |
  \____/| .__/ \___|_| |_|\/   |_|\__,_|\__,_|
        | |
        |_|                     version 2.22.0
______________________________________________                                          

[INFO] 2023-01-26 10:29:27,217 [main] io.openvidu.server.test.integration.SessionGarbageCollectorIntegrationTest - Starting SessionGarbageCollectorIntegrationTest on repairnator with PID 17693 (started by gabsko in /home/gabsko/breaking-updates/openvidu-server)
[INFO] 2023-01-26 10:29:27,217 [main] io.openvidu.server.test.integration.SessionGarbageCollectorIntegrationTest - No active profile set, falling back to default profiles: default
[WARN] 2023-01-26 10:29:27,396 [main] io.openvidu.server.config.OpenviduConfig - DOTENV_PATH configuration property is not defined
[WARN] 2023-01-26 10:29:27,397 [main] io.openvidu.server.config.OpenviduConfig - COTURN_SHARED_SECRET_KEY is not defined. Using OPENVIDU_SECRET
[INFO] 2023-01-26 10:29:27,471 [main] io.openvidu.server.OpenViduServer - OpenVidu CDR service is disabled (may be enable with 'OPENVIDU_CDR=true')
[INFO] 2023-01-26 10:29:27,471 [main] io.openvidu.server.OpenViduServer - OpenVidu Webhook service is disabled (may be enabled with 'OPENVIDU_WEBHOOK=true')
[INFO] 2023-01-26 10:29:27,487 [main] io.openvidu.server.recording.service.RecordingManager - OpenVidu recording service is disabled
[INFO] 2023-01-26 10:29:27,503 [main] io.openvidu.server.core.SessionManager - Garbage collector for non active sessions initialized. Running every 1 seconds and cleaning up non active Sessions more than 1 seconds old
[INFO] 2023-01-26 10:29:27,524 [main] org.springframework.scheduling.concurrent.ThreadPoolTaskScheduler - Initializing ExecutorService 'jsonrpcTaskScheduler'
[INFO] 2023-01-26 10:29:27,693 [main] org.springframework.scheduling.concurrent.ThreadPoolTaskExecutor - Initializing ExecutorService 'applicationTaskExecutor'
[INFO] 2023-01-26 10:29:27,722 [main] org.springframework.boot.autoconfigure.web.servlet.WelcomePageHandlerMapping - Adding welcome page: class path resource [static/index.html]
[INFO] 2023-01-26 10:29:27,895 [main] org.springframework.security.web.DefaultSecurityFilterChain - Creating filter chain: any request, [org.springframework.security.web.context.request.async.WebAsyncManagerIntegrationFilter@235dacd7, org.springframework.security.web.context.SecurityContextPersistenceFilter@1028a747, org.springframework.security.web.header.HeaderWriterFilter@71c69628, org.springframework.web.filter.CorsFilter@74070994, org.springframework.security.web.authentication.logout.LogoutFilter@7205a8b7, org.springframework.security.web.authentication.www.BasicAuthenticationFilter@3549c070, org.springframework.security.web.savedrequest.RequestCacheAwareFilter@24890021, org.springframework.security.web.servletapi.SecurityContextHolderAwareRequestFilter@613ba54e, org.springframework.security.web.authentication.AnonymousAuthenticationFilter@7c816f46, org.springframework.security.web.session.SessionManagementFilter@4dc16fc9, org.springframework.security.web.access.ExceptionTranslationFilter@9d7a853, org.springframework.security.web.access.intercept.FilterSecurityInterceptor@563bd6a4]
[INFO] 2023-01-26 10:29:27,926 [main] io.openvidu.server.test.integration.SessionGarbageCollectorIntegrationTest - Started SessionGarbageCollectorIntegrationTest in 0.741 seconds (JVM running for 8.346)
[INFO] 2023-01-26 10:29:27,927 [main] io.openvidu.server.OpenViduServer - 

----------------------------------------------------

   OpenVidu is ready!
   ---------------------------

   * OpenVidu Server URL: https://localhost:4443/

   * OpenVidu Dashboard: https://localhost:4443/dashboard

----------------------------------------------------

[INFO] 2023-01-26 10:29:27,932 [main] io.openvidu.server.test.integration.SessionGarbageCollectorIntegrationTest - Sessions not active garbage collector
[INFO] 2023-01-26 10:29:27,932 [main] io.openvidu.server.rest.SessionRestController - REST API: POST /openvidu/api/sessions {}
[INFO] 2023-01-26 10:29:27,932 [main] io.openvidu.server.rest.SessionRestController - New session ses_YHZto5kG7B created [ses_YHZto5kG7B]
[INFO] 2023-01-26 10:29:27,933 [main] io.openvidu.server.rest.SessionRestController - REST API: GET /openvidu/api/sessions
[INFO] 2023-01-26 10:29:28,504 [Timer-1] io.openvidu.server.core.SessionManager - Running non active sessions garbage collector...
[INFO] 2023-01-26 10:29:29,504 [Timer-1] io.openvidu.server.core.SessionManager - Running non active sessions garbage collector...
[INFO] 2023-01-26 10:29:29,505 [Timer-1] io.openvidu.server.core.SessionManager - Non active session ses_YHZto5kG7B cleaned up
[INFO] 2023-01-26 10:29:29,934 [main] io.openvidu.server.rest.SessionRestController - REST API: GET /openvidu/api/sessions
[INFO] 2023-01-26 10:29:29,935 [main] io.openvidu.server.rest.SessionRestController - REST API: POST /openvidu/api/sessions {}
[INFO] 2023-01-26 10:29:29,935 [main] io.openvidu.server.rest.SessionRestController - New session ses_MZCJGmsS3g created [ses_MZCJGmsS3g]
[INFO] 2023-01-26 10:29:29,937 [main] io.openvidu.server.rest.SessionRestController - REST API: POST /openvidu/api/sessions {}
[INFO] 2023-01-26 10:29:29,937 [main] io.openvidu.server.rest.SessionRestController - New session ses_OIsLB5AYLQ created [ses_MZCJGmsS3g, ses_OIsLB5AYLQ]
[INFO] 2023-01-26 10:29:29,938 [main] io.openvidu.server.rest.SessionRestController - REST API: POST /openvidu/api/sessions {}
[INFO] 2023-01-26 10:29:29,938 [main] io.openvidu.server.rest.SessionRestController - New session ses_QBG6DBAi03 created [ses_MZCJGmsS3g, ses_OIsLB5AYLQ, ses_QBG6DBAi03]
[INFO] 2023-01-26 10:29:29,939 [main] io.openvidu.server.rest.SessionRestController - REST API: GET /openvidu/api/sessions
[INFO] 2023-01-26 10:29:29,941 [main] io.openvidu.server.rest.SessionRestController - REST API: POST /openvidu/api/sessions/ses_QBG6DBAi03/connection {}
[INFO] 2023-01-26 10:29:29,942 [main] io.openvidu.server.rest.SessionRestController - Generated token wss://localhost:4443?sessionId=ses_QBG6DBAi03&token=tok_CNv2VZUl9RDCwRhJ
[INFO] 2023-01-26 10:29:29,944 [main] io.openvidu.server.core.SessionManager - Participant con_IIq3yvwjUR of session ses_QBG6DBAi03 is a final user connecting to this session for the first time
[INFO] 2023-01-26 10:29:29,945 [main] io.openvidu.server.kurento.core.KurentoSessionManager - KMS less loaded is ws://localhost:8888/kurento with a load of 1.0
[INFO] 2023-01-26 10:29:29,945 [main] io.openvidu.server.kurento.core.KurentoSessionManager - No session 'ses_QBG6DBAi03' exists yet. Created one on KMS 'media_QxnPV1wL' with ip 'localhost'
[INFO] 2023-01-26 10:29:29,945 [main] io.openvidu.server.kurento.core.KurentoSession - SESSION ses_QBG6DBAi03: Creating MediaPipeline
[INFO] 2023-01-26 10:29:30,023 [main] io.openvidu.server.kurento.core.KurentoSession - SESSION ses_QBG6DBAi03: Added participant [participantPrivateId=PARTICIPANT_PRIVATE_ID_b65370aa-81a4-40be-9d47-f59dd21bc62d, participantPublicId=con_IIq3yvwjUR, streaming=false]
[WARN] 2023-01-26 10:29:30,024 [main] io.openvidu.server.rpc.RpcNotificationService - Invalid WebSocket session id PARTICIPANT_PRIVATE_ID_b65370aa-81a4-40be-9d47-f59dd21bc62d
[ERROR] 2023-01-26 10:29:30,024 [main] io.openvidu.server.rpc.RpcNotificationService - No transaction null found for paticipant with private id PARTICIPANT_PRIVATE_ID_b65370aa-81a4-40be-9d47-f59dd21bc62d, unable to send result {"id":"con_IIq3yvwjUR","finalUserId":"FINAL_USER_ID_b65370aa-81a4-40be-9d47-f59dd21bc62d","createdAt":1674728969944,"metadata":"CLIENT_METADATA%/%SERVER_METADATA","value":[],"session":"ses_QBG6DBAi03","version":"2.22.0","mediaServer":"kurento","videoSimulcast":false,"record":null,"coturnIp":"localhost","coturnPort":0}
[INFO] 2023-01-26 10:29:30,504 [Timer-1] io.openvidu.server.core.SessionManager - Running non active sessions garbage collector...
[INFO] 2023-01-26 10:29:31,504 [Timer-1] io.openvidu.server.core.SessionManager - Running non active sessions garbage collector...
[INFO] 2023-01-26 10:29:31,505 [Timer-1] io.openvidu.server.core.SessionManager - Non active session ses_MZCJGmsS3g cleaned up
[INFO] 2023-01-26 10:29:31,505 [Timer-1] io.openvidu.server.core.SessionManager - Non active session ses_OIsLB5AYLQ cleaned up
[INFO] 2023-01-26 10:29:32,025 [main] io.openvidu.server.rest.SessionRestController - REST API: GET /openvidu/api/sessions
[INFO] Tests run: 1, Failures: 0, Errors: 0, Skipped: 0, Time elapsed: 4.85 s - in io.openvidu.server.test.integration.SessionGarbageCollectorIntegrationTest
[INFO] Running io.openvidu.server.test.unit.IceServerPropertiesTest
[INFO] Tests run: 2, Failures: 0, Errors: 0, Skipped: 0, Time elapsed: 0.068 s - in io.openvidu.server.test.unit.IceServerPropertiesTest
[INFO] Running io.openvidu.server.test.unit.SDPMungingTest
[INFO] 2023-01-26 10:29:32,114 [main] io.openvidu.server.utils.SDPMunging - [setCodecPreference] codec: VP9
[INFO] 2023-01-26 10:29:32,118 [main] io.openvidu.server.utils.SDPMunging - [setCodecPreference] codec: VP9
[INFO] 2023-01-26 10:29:32,119 [main] io.openvidu.server.utils.SDPMunging - [setCodecPreference] codec: VP8
[INFO] 2023-01-26 10:29:32,122 [main] io.openvidu.server.utils.SDPMunging - [setCodecPreference] codec: VP8
[INFO] 2023-01-26 10:29:32,130 [main] io.openvidu.server.utils.SDPMunging - [setCodecPreference] codec: VP8
[INFO] 2023-01-26 10:29:32,132 [main] io.openvidu.server.utils.SDPMunging - [setCodecPreference] codec: VP8
[INFO] 2023-01-26 10:29:32,134 [main] io.openvidu.server.utils.SDPMunging - [setCodecPreference] codec: VP9
[INFO] 2023-01-26 10:29:32,138 [main] io.openvidu.server.utils.SDPMunging - [setCodecPreference] codec: VP9
[INFO] 2023-01-26 10:29:32,139 [main] io.openvidu.server.utils.SDPMunging - [setCodecPreference] codec: H264
[INFO] 2023-01-26 10:29:32,141 [main] io.openvidu.server.utils.SDPMunging - [setCodecPreference] codec: H264
[INFO] 2023-01-26 10:29:32,144 [main] io.openvidu.server.utils.SDPMunging - [setCodecPreference] codec: H264
[INFO] 2023-01-26 10:29:32,145 [main] io.openvidu.server.utils.SDPMunging - [setCodecPreference] codec: H264
[INFO] Tests run: 4, Failures: 0, Errors: 0, Skipped: 0, Time elapsed: 0.036 s - in io.openvidu.server.test.unit.SDPMungingTest
[INFO] 
[INFO] Results:
[INFO] 
[INFO] Tests run: 18, Failures: 0, Errors: 0, Skipped: 0
[INFO] 
[INFO] 
[INFO] -------------------< io.openvidu:openvidu-test-e2e >--------------------
[INFO] Building OpenVidu Test e2e 1.1.1                                   [6/6]
[INFO] --------------------------------[ jar ]---------------------------------
[INFO] 
[INFO] --- maven-clean-plugin:2.5:clean (default-clean) @ openvidu-test-e2e ---
[INFO] Deleting /home/gabsko/breaking-updates/openvidu-test-e2e/target
[INFO] 
[INFO] --- maven-enforcer-plugin:3.0.0-M3:enforce (enforce-java-version) @ openvidu-test-e2e ---
[INFO] 
[INFO] --- maven-enforcer-plugin:3.0.0-M3:enforce (enforce-maven-version) @ openvidu-test-e2e ---
[INFO] 
[INFO] --- maven-enforcer-plugin:3.0.0-M3:enforce (enforce-bytecode-version) @ openvidu-test-e2e ---
[INFO] 
[INFO] --- maven-enforcer-plugin:3.0.0-M3:enforce (enforce-ban-duplicate-classes) @ openvidu-test-e2e ---
[INFO] Adding ignore: module-info
[INFO] Adding ignore: META-INF/versions/*/module-info
[WARNING] Rule 0: org.apache.maven.plugins.enforcer.BanDuplicateClasses failed with message:
Duplicate classes found:

  Found in:
    io.appium:java-client:jar:7.6.0:compile
    org.seleniumhq.selenium:selenium-api:jar:3.141.59:compile
  Duplicate classes:
    org/openqa/selenium/WebDriver$TargetLocator.class
    org/openqa/selenium/WebDriver$Window.class
    org/openqa/selenium/internal/FindsByName.class
    org/openqa/selenium/internal/FindsById.class
    org/openqa/selenium/internal/FindsByClassName.class
    org/openqa/selenium/WebElement.class
    org/openqa/selenium/internal/FindsByTagName.class
    org/openqa/selenium/SearchContext.class
    org/openqa/selenium/WebDriver$ImeHandler.class
    org/openqa/selenium/internal/FindsByXPath.class
    org/openqa/selenium/WebDriver$Options.class
    org/openqa/selenium/internal/FindsByLinkText.class
    org/openqa/selenium/internal/FindsByCssSelector.class
    org/openqa/selenium/WebDriver$Navigation.class
    org/openqa/selenium/WebDriver.class
    org/openqa/selenium/WebDriver$Timeouts.class

  Found in:
    org.hamcrest:hamcrest:jar:2.2:compile
    org.hamcrest:hamcrest-core:jar:1.3:compile
  Duplicate classes:
    org/hamcrest/core/StringContains.class
    org/hamcrest/MatcherAssert.class
    org/hamcrest/SelfDescribing.class
    org/hamcrest/core/IsCollectionContaining.class
    org/hamcrest/core/CombinableMatcher$CombinableEitherMatcher.class
    org/hamcrest/core/CombinableMatcher$CombinableBothMatcher.class
    org/hamcrest/internal/SelfDescribingValueIterator.class
    org/hamcrest/core/IsAnything.class
    org/hamcrest/core/AnyOf.class
    org/hamcrest/Condition$NotMatched.class
    org/hamcrest/core/StringStartsWith.class
    org/hamcrest/Condition$Matched.class
    org/hamcrest/core/AllOf.class
    org/hamcrest/CustomMatcher.class
    org/hamcrest/core/SubstringMatcher.class
    org/hamcrest/core/Every.class
    org/hamcrest/core/IsEqual.class
    org/hamcrest/core/IsNull.class
    org/hamcrest/Description$NullDescription.class
    org/hamcrest/Description.class
    org/hamcrest/TypeSafeDiagnosingMatcher.class
    org/hamcrest/Condition$Step.class
    org/hamcrest/BaseDescription.class
    org/hamcrest/Condition$1.class
    org/hamcrest/core/IsSame.class
    org/hamcrest/core/DescribedAs.class
    org/hamcrest/BaseMatcher.class
    org/hamcrest/FeatureMatcher.class
    org/hamcrest/core/ShortcutCombination.class
    org/hamcrest/CustomTypeSafeMatcher.class
    org/hamcrest/core/IsNot.class
    org/hamcrest/Condition.class
    org/hamcrest/internal/SelfDescribingValue.class
    org/hamcrest/CoreMatchers.class
    org/hamcrest/core/CombinableMatcher.class
    org/hamcrest/internal/ReflectiveTypeFinder.class
    org/hamcrest/core/StringEndsWith.class
    org/hamcrest/internal/ArrayIterator.class
    org/hamcrest/DiagnosingMatcher.class
    org/hamcrest/core/Is.class
    org/hamcrest/Matcher.class
    org/hamcrest/StringDescription.class
    org/hamcrest/TypeSafeMatcher.class
    org/hamcrest/core/IsInstanceOf.class

  Found in:
    commons-logging:commons-logging:jar:1.2:compile
    org.springframework:spring-jcl:jar:5.2.15.RELEASE:compile
  Duplicate classes:
    org/apache/commons/logging/Log.class
    org/apache/commons/logging/LogFactory.class
    org/apache/commons/logging/LogFactory$1.class
    org/apache/commons/logging/impl/SimpleLog.class
    org/apache/commons/logging/impl/NoOpLog.class

[INFO] 
[INFO] --- maven-enforcer-plugin:3.0.0-M3:enforce (enforce-ban-circular-dependencies) @ openvidu-test-e2e ---
[INFO] 
[INFO] --- maven-resources-plugin:2.6:resources (default-resources) @ openvidu-test-e2e ---
[INFO] Using 'UTF-8' encoding to copy filtered resources.
[INFO] skip non existing resourceDirectory /home/gabsko/breaking-updates/openvidu-test-e2e/src/main/resources
[INFO] 
[INFO] --- maven-compiler-plugin:3.1:compile (default-compile) @ openvidu-test-e2e ---
[INFO] Changes detected - recompiling the module!
[INFO] Compiling 2 source files to /home/gabsko/breaking-updates/openvidu-test-e2e/target/classes
[WARNING] /home/gabsko/breaking-updates/openvidu-test-e2e/src/main/java/io/openvidu/test/e2e/OpenViduEventManager.java: /home/gabsko/breaking-updates/openvidu-test-e2e/src/main/java/io/openvidu/test/e2e/OpenViduEventManager.java uses unchecked or unsafe operations.
[WARNING] /home/gabsko/breaking-updates/openvidu-test-e2e/src/main/java/io/openvidu/test/e2e/OpenViduEventManager.java: Recompile with -Xlint:unchecked for details.
[INFO] 
[INFO] --- maven-resources-plugin:2.6:testResources (default-testResources) @ openvidu-test-e2e ---
[INFO] Using 'UTF-8' encoding to copy filtered resources.
[INFO] Copying 2 resources
[INFO] 
[INFO] --- maven-compiler-plugin:3.1:testCompile (default-testCompile) @ openvidu-test-e2e ---
[INFO] Changes detected - recompiling the module!
[INFO] Compiling 5 source files to /home/gabsko/breaking-updates/openvidu-test-e2e/target/test-classes
[WARNING] /home/gabsko/breaking-updates/openvidu-test-e2e/src/test/java/io/openvidu/test/e2e/OpenViduTestAppE2eTest.java: /home/gabsko/breaking-updates/openvidu-test-e2e/src/test/java/io/openvidu/test/e2e/OpenViduTestAppE2eTest.java uses unchecked or unsafe operations.
[WARNING] /home/gabsko/breaking-updates/openvidu-test-e2e/src/test/java/io/openvidu/test/e2e/OpenViduTestAppE2eTest.java: Recompile with -Xlint:unchecked for details.
[INFO] 
[INFO] --- maven-surefire-plugin:3.0.0-M5:test (default-test) @ openvidu-test-e2e ---
[INFO] 
[INFO] -------------------------------------------------------
[INFO]  T E S T S
[INFO] -------------------------------------------------------
[INFO] Running io.openvidu.test.e2e.OpenViduTestAppE2eTest
10:29:34,231 |-INFO in ch.qos.logback.classic.LoggerContext[default] - Could NOT find resource [logback-test.xml]
10:29:34,232 |-INFO in ch.qos.logback.classic.LoggerContext[default] - Could NOT find resource [logback.groovy]
10:29:34,232 |-INFO in ch.qos.logback.classic.LoggerContext[default] - Found resource [logback.xml] at [file:/home/gabsko/breaking-updates/openvidu-test-e2e/target/test-classes/logback.xml]
10:29:34,279 |-INFO in ch.qos.logback.classic.joran.action.ConfigurationAction - debug attribute not set
10:29:34,280 |-INFO in ch.qos.logback.core.joran.action.TimestampAction - Using context birth as time reference.
10:29:34,293 |-INFO in ch.qos.logback.core.joran.action.TimestampAction - Adding property to the context with key="myTimestamp" and value="10-29-34" to the LOCAL scope
10:29:34,294 |-INFO in ch.qos.logback.core.joran.action.AppenderAction - About to instantiate appender of type [ch.qos.logback.core.ConsoleAppender]
10:29:34,298 |-INFO in ch.qos.logback.core.joran.action.AppenderAction - Naming appender as [STDOUT]
10:29:34,314 |-WARN in ch.qos.logback.core.ConsoleAppender[STDOUT] - This appender no longer admits a layout as a sub-component, set an encoder instead.
10:29:34,314 |-WARN in ch.qos.logback.core.ConsoleAppender[STDOUT] - To ensure compatibility, wrapping your layout in LayoutWrappingEncoder.
10:29:34,314 |-WARN in ch.qos.logback.core.ConsoleAppender[STDOUT] - See also http://logback.qos.ch/codes.html#layoutInsteadOfEncoder for details
10:29:34,314 |-INFO in ch.qos.logback.classic.joran.action.LevelAction - ROOT level set to INFO
10:29:34,314 |-INFO in ch.qos.logback.core.joran.action.AppenderRefAction - Attaching appender named [STDOUT] to Logger[ROOT]
10:29:34,314 |-INFO in ch.qos.logback.classic.joran.action.ConfigurationAction - End of configuration.
10:29:34,315 |-INFO in ch.qos.logback.classic.joran.JoranConfigurator@7ce026d3 - Registering current configuration as safe fallback point

[INFO] 2023-01-26 10:29:34,363 [main] org.springframework.test.context.support.DefaultTestContextBootstrapper (buildDefaultMergedContextConfiguration) - Neither @ContextConfiguration nor @ContextHierarchy found for test class [io.openvidu.test.e2e.OpenViduTestAppE2eTest], using DelegatingSmartContextLoader
[INFO] 2023-01-26 10:29:34,369 [main] org.springframework.test.context.support.AbstractContextLoader (generateDefaultLocations) - Could not detect default resource locations for test class [io.openvidu.test.e2e.OpenViduTestAppE2eTest]: no resource found for suffixes {-context.xml}.
[INFO] 2023-01-26 10:29:34,371 [main] org.springframework.test.context.support.AnnotationConfigContextLoaderUtils (detectDefaultConfigurationClasses) - Could not detect default configuration classes for test class [io.openvidu.test.e2e.OpenViduTestAppE2eTest]: OpenViduTestAppE2eTest does not declare any static, non-private, non-final, nested classes annotated with @Configuration.
[INFO] 2023-01-26 10:29:34,411 [main] org.springframework.test.context.support.DefaultTestContextBootstrapper (getDefaultTestExecutionListenerClassNames) - Loaded default TestExecutionListener class names from location [META-INF/spring.factories]: [org.springframework.boot.test.mock.mockito.MockitoTestExecutionListener, org.springframework.boot.test.mock.mockito.ResetMocksTestExecutionListener, org.springframework.boot.test.autoconfigure.restdocs.RestDocsTestExecutionListener, org.springframework.boot.test.autoconfigure.web.client.MockRestServiceServerResetTestExecutionListener, org.springframework.boot.test.autoconfigure.web.servlet.MockMvcPrintOnlyOnFailureTestExecutionListener, org.springframework.boot.test.autoconfigure.web.servlet.WebDriverTestExecutionListener, org.springframework.boot.test.autoconfigure.webservices.client.MockWebServiceServerTestExecutionListener, org.springframework.test.context.web.ServletTestExecutionListener, org.springframework.test.context.support.DirtiesContextBeforeModesTestExecutionListener, org.springframework.test.context.support.DependencyInjectionTestExecutionListener, org.springframework.test.context.support.DirtiesContextTestExecutionListener, org.springframework.test.context.transaction.TransactionalTestExecutionListener, org.springframework.test.context.jdbc.SqlScriptsTestExecutionListener, org.springframework.test.context.event.EventPublishingTestExecutionListener]
[INFO] 2023-01-26 10:29:34,420 [main] org.springframework.test.context.support.DefaultTestContextBootstrapper (getTestExecutionListeners) - Using TestExecutionListeners: [org.springframework.test.context.web.ServletTestExecutionListener@6853425f, org.springframework.test.context.support.DirtiesContextBeforeModesTestExecutionListener@352c1b98, org.springframework.boot.test.mock.mockito.MockitoTestExecutionListener@21129f1f, org.springframework.test.context.support.DependencyInjectionTestExecutionListener@5a9f4771, org.springframework.test.context.support.DirtiesContextTestExecutionListener@282cb7c7, org.springframework.test.context.event.EventPublishingTestExecutionListener@7d898981, org.springframework.boot.test.mock.mockito.ResetMocksTestExecutionListener@48d61b48, org.springframework.boot.test.autoconfigure.restdocs.RestDocsTestExecutionListener@68d279ec, org.springframework.boot.test.autoconfigure.web.client.MockRestServiceServerResetTestExecutionListener@258d79be, org.springframework.boot.test.autoconfigure.web.servlet.MockMvcPrintOnlyOnFailureTestExecutionListener@14f9390f, org.springframework.boot.test.autoconfigure.web.servlet.WebDriverTestExecutionListener@6c0d7c83, org.springframework.boot.test.autoconfigure.webservices.client.MockWebServiceServerTestExecutionListener@176b75f7]
[INFO] 2023-01-26 10:29:34,448 [main] io.openvidu.test.e2e.OpenViduTestE2e (checkFfmpegInstallation) - ffmpeg is installed and accesible
[INFO] 2023-01-26 10:29:34,448 [main] io.openvidu.test.e2e.OpenViduTestE2e (loadEnvironmentVariables) - Using URL https://localhost:4200/ to connect to openvidu-testapp
[INFO] 2023-01-26 10:29:34,449 [main] io.openvidu.test.e2e.OpenViduTestE2e (loadEnvironmentVariables) - Using URL http://localhost:4114 to connect to external custom layout
[INFO] 2023-01-26 10:29:34,449 [main] io.openvidu.test.e2e.OpenViduTestE2e (loadEnvironmentVariables) - Using URL sessionId,CUSTOM_LAYOUT_SESSION,secret,MY_SECRET to connect to external custom layout
[INFO] 2023-01-26 10:29:34,450 [main] io.openvidu.test.e2e.OpenViduTestE2e (loadEnvironmentVariables) - Using URL https://localhost:4443/ to connect to openvidu-server
[INFO] 2023-01-26 10:29:34,450 [main] io.openvidu.test.e2e.OpenViduTestE2e (loadEnvironmentVariables) - Using secret MY_SECRET to connect to openvidu-server
[INFO] 2023-01-26 10:29:34,450 [main] io.openvidu.test.e2e.OpenViduTestE2e (loadEnvironmentVariables) - Using media server kurento/kurento-media-server:6.16.0 for e2e tests
[INFO] 2023-01-26 10:29:34,450 [main] io.openvidu.test.e2e.OpenViduTestE2e (loadEnvironmentVariables) - Using Chrome latest
[INFO] 2023-01-26 10:29:34,450 [main] io.openvidu.test.e2e.OpenViduTestE2e (loadEnvironmentVariables) - Using Firefox latest
[INFO] 2023-01-26 10:29:34,450 [main] io.openvidu.test.e2e.OpenViduTestE2e (loadEnvironmentVariables) - Using Opera latest
[INFO] 2023-01-26 10:29:34,450 [main] io.openvidu.test.e2e.OpenViduTestE2e (loadEnvironmentVariables) - Using Edge latest
[INFO] 2023-01-26 10:29:34,682 [main] io.github.bonigarcia.wdm.WebDriverManager (resolveDriverVersion) - Using chromedriver 102.0.5005.61 (resolved driver for Chrome 102)
[INFO] 2023-01-26 10:29:34,697 [main] io.github.bonigarcia.wdm.WebDriverManager (exportDriver) - Exporting webdriver.chrome.driver as /home/gabsko/.cache/selenium/chromedriver/linux64/102.0.5005.61/chromedriver
[INFO] 2023-01-26 10:29:35,010 [main] io.github.bonigarcia.wdm.WebDriverManager (resolveDriverVersion) - Using geckodriver 0.32.0 (resolved driver for Firefox 107)
[INFO] 2023-01-26 10:29:35,015 [main] io.github.bonigarcia.wdm.WebDriverManager (exportDriver) - Exporting webdriver.gecko.driver as /home/gabsko/.cache/selenium/geckodriver/linux64/0.32.0/geckodriver
[INFO] 2023-01-26 10:29:35,023 [main] io.github.bonigarcia.wdm.WebDriverManager (logSeekRepo) - Reading https://api.github.com/repos/operasoftware/operachromiumdriver/releases to seek operadriver
[INFO] 2023-01-26 10:29:35,727 [main] io.github.bonigarcia.wdm.online.Downloader (downloadAndExtract) - Downloading https://github.com/operasoftware/operachromiumdriver/releases/download/v.108.0.5359.99/operadriver_linux64.zip
[INFO] 2023-01-26 10:29:36,650 [main] io.github.bonigarcia.wdm.online.Downloader (extract) - Extracting driver from compressed file operadriver_linux64.zip
[INFO] 2023-01-26 10:29:36,736 [main] io.github.bonigarcia.wdm.WebDriverManager (postDownload) - Operadriver: /tmp/4097503925048758480/operadriver_linux64/operadriver
[INFO] 2023-01-26 10:29:36,739 [main] io.github.bonigarcia.wdm.WebDriverManager (exportDriver) - Exporting webdriver.opera.driver as /home/gabsko/.cache/selenium/operadriver/linux64/108.0.5359.99/operadriver
[INFO] 2023-01-26 10:29:37,595 [main] io.github.bonigarcia.wdm.WebDriverManager (logSeekRepo) - Reading https://msedgedriver.azureedge.net/?restype=container&comp=list to seek msedgedriver
[INFO] 2023-01-26 10:29:38,045 [main] io.github.bonigarcia.wdm.online.Downloader (downloadAndExtract) - Downloading https://msedgewebdriverstorage.blob.core.windows.net/edgewebdriver/109.0.1518.69/edgedriver_linux64.zip
[ERROR] 2023-01-26 10:29:38,835 [main] io.github.bonigarcia.wdm.online.HttpClient (execute) - Error HTTP 404 executing https://msedgewebdriverstorage.blob.core.windows.net/edgewebdriver/109.0.1518.69/edgedriver_linux64.zip
[INFO] 2023-01-26 10:29:38,837 [main] io.github.bonigarcia.wdm.cache.ResolutionCache (clear) - Clearing WebDriverManager resolution cache
[WARN] 2023-01-26 10:29:38,838 [main] io.github.bonigarcia.wdm.WebDriverManager (handleException) - There was an error managing msedgedriver 109.0.1518.69 (Error HTTP 404 executing https://msedgewebdriverstorage.blob.core.windows.net/edgewebdriver/109.0.1518.69/edgedriver_linux64.zip) ... trying again avoiding reading release from repository
[INFO] 2023-01-26 10:29:38,848 [main] io.github.bonigarcia.wdm.WebDriverManager (logSeekRepo) - Reading https://msedgedriver.azureedge.net/?restype=container&comp=list to seek msedgedriver
[INFO] 2023-01-26 10:29:39,490 [main] io.github.bonigarcia.wdm.WebDriverManager (createUrlHandler) - No proper driver found for msedgedriver (latest version) ... seeking another version
[INFO] 2023-01-26 10:29:39,711 [main] io.github.bonigarcia.wdm.WebDriverManager (createUrlHandler) - No proper driver found for msedgedriver (latest version) ... seeking another version
[INFO] 2023-01-26 10:29:39,911 [main] io.github.bonigarcia.wdm.WebDriverManager (createUrlHandler) - No proper driver found for msedgedriver (latest version) ... seeking another version
[INFO] 2023-01-26 10:29:40,115 [main] io.github.bonigarcia.wdm.WebDriverManager (createUrlHandler) - No proper driver found for msedgedriver (latest version) ... seeking another version
[INFO] 2023-01-26 10:29:40,351 [main] io.github.bonigarcia.wdm.WebDriverManager (createUrlHandler) - No proper driver found for msedgedriver (latest version) ... seeking another version
[INFO] 2023-01-26 10:29:40,555 [main] io.github.bonigarcia.wdm.WebDriverManager (createUrlHandler) - No proper driver found for msedgedriver (latest version) ... seeking another version
[INFO] 2023-01-26 10:29:40,758 [main] io.github.bonigarcia.wdm.online.Downloader (downloadAndExtract) - Downloading https://msedgedriver.azureedge.net/111.0.1619.2/edgedriver_linux64.zip
[INFO] 2023-01-26 10:29:45,669 [main] io.github.bonigarcia.wdm.online.Downloader (extract) - Extracting driver from compressed file edgedriver_linux64.zip
[INFO] 2023-01-26 10:29:45,779 [main] io.github.bonigarcia.wdm.WebDriverManager (exportDriver) - Exporting webdriver.edge.driver as /home/gabsko/.cache/selenium/msedgedriver/linux64/111.0.1619.2/msedgedriver
[INFO] 2023-01-26 10:29:45,780 [main] io.openvidu.test.e2e.OpenViduTestE2e (cleanFoldersAndSetUpOpenViduJavaClient) - Cleaning folder /opt/openvidu/recordings
[ERROR] Tests run: 1, Failures: 0, Errors: 1, Skipped: 0, Time elapsed: 11.592 s <<< FAILURE! - in io.openvidu.test.e2e.OpenViduTestAppE2eTest
[ERROR] io.openvidu.test.e2e.OpenViduTestAppE2eTest  Time elapsed: 11.592 s  <<< ERROR!
java.lang.IllegalArgumentException: /opt/openvidu/recordings does not exist
	at io.openvidu.test.e2e.OpenViduTestAppE2eTest.setupAll(OpenViduTestAppE2eTest.java:108)

[INFO] Running io.openvidu.test.e2e.OpenViduProTestAppE2eTest
[INFO] 2023-01-26 10:29:45,796 [main] io.openvidu.test.e2e.OpenViduTestE2e (checkFfmpegInstallation) - ffmpeg is installed and accesible
[INFO] 2023-01-26 10:29:45,796 [main] io.openvidu.test.e2e.OpenViduTestE2e (loadEnvironmentVariables) - Using URL https://localhost:4200/ to connect to openvidu-testapp
[INFO] 2023-01-26 10:29:45,797 [main] io.openvidu.test.e2e.OpenViduTestE2e (loadEnvironmentVariables) - Using URL http://localhost:4114 to connect to external custom layout
[INFO] 2023-01-26 10:29:45,797 [main] io.openvidu.test.e2e.OpenViduTestE2e (loadEnvironmentVariables) - Using URL sessionId,CUSTOM_LAYOUT_SESSION,secret,MY_SECRET to connect to external custom layout
[INFO] 2023-01-26 10:29:45,797 [main] io.openvidu.test.e2e.OpenViduTestE2e (loadEnvironmentVariables) - Using URL https://localhost:4443/ to connect to openvidu-server
[INFO] 2023-01-26 10:29:45,797 [main] io.openvidu.test.e2e.OpenViduTestE2e (loadEnvironmentVariables) - Using secret MY_SECRET to connect to openvidu-server
[INFO] 2023-01-26 10:29:45,797 [main] io.openvidu.test.e2e.OpenViduTestE2e (loadEnvironmentVariables) - Using media server kurento/kurento-media-server:6.16.0 for e2e tests
[INFO] 2023-01-26 10:29:45,797 [main] io.openvidu.test.e2e.OpenViduTestE2e (loadEnvironmentVariables) - Using Chrome latest
[INFO] 2023-01-26 10:29:45,797 [main] io.openvidu.test.e2e.OpenViduTestE2e (loadEnvironmentVariables) - Using Firefox latest
[INFO] 2023-01-26 10:29:45,797 [main] io.openvidu.test.e2e.OpenViduTestE2e (loadEnvironmentVariables) - Using Opera latest
[INFO] 2023-01-26 10:29:45,798 [main] io.openvidu.test.e2e.OpenViduTestE2e (loadEnvironmentVariables) - Using Edge latest
[INFO] 2023-01-26 10:29:45,951 [main] io.github.bonigarcia.wdm.WebDriverManager (resolveDriverVersion) - Using chromedriver 102.0.5005.61 (resolved driver for Chrome 102)
[INFO] 2023-01-26 10:29:45,954 [main] io.github.bonigarcia.wdm.WebDriverManager (exportDriver) - Exporting webdriver.chrome.driver as /home/gabsko/.cache/selenium/chromedriver/linux64/102.0.5005.61/chromedriver
[INFO] 2023-01-26 10:29:45,954 [main] io.openvidu.test.e2e.OpenViduTestE2e (cleanFoldersAndSetUpOpenViduJavaClient) - Cleaning folder /opt/openvidu/recordings
[ERROR] Tests run: 1, Failures: 0, Errors: 1, Skipped: 0, Time elapsed: 0.162 s <<< FAILURE! - in io.openvidu.test.e2e.OpenViduProTestAppE2eTest
[ERROR] io.openvidu.test.e2e.OpenViduProTestAppE2eTest  Time elapsed: 0.162 s  <<< ERROR!
java.lang.IllegalArgumentException: /opt/openvidu/recordings does not exist
	at io.openvidu.test.e2e.OpenViduProTestAppE2eTest.setupAll(OpenViduProTestAppE2eTest.java:63)

[INFO] 
[INFO] Results:
[INFO] 
[ERROR] Errors: 
[ERROR]   OpenViduProTestAppE2eTest.setupAll:63->OpenViduTestE2e.cleanFoldersAndSetUpOpenViduJavaClient:212  IllegalArgument
[ERROR]   OpenViduTestAppE2eTest.setupAll:108->OpenViduTestE2e.cleanFoldersAndSetUpOpenViduJavaClient:212  IllegalArgument
[INFO] 
[ERROR] Tests run: 2, Failures: 0, Errors: 2, Skipped: 0
[INFO] 
[INFO] ------------------------------------------------------------------------
[INFO] Reactor Summary:
[INFO] 
[INFO] OpenVidu 2.0.0 ..................................... SUCCESS [  0.310 s]
[INFO] OpenVidu Client 1.1.0 .............................. SUCCESS [  2.324 s]
[INFO] OpenVidu Java Client 2.22.0 ........................ SUCCESS [  0.831 s]
[INFO] OpenVidu Test Browsers 1.1.0 ....................... SUCCESS [  1.638 s]
[INFO] OpenVidu Server 2.22.0 ............................. SUCCESS [ 16.285 s]
[INFO] OpenVidu Test e2e 1.1.1 ............................ FAILURE [ 13.760 s]
[INFO] ------------------------------------------------------------------------
[INFO] BUILD FAILURE
[INFO] ------------------------------------------------------------------------
[INFO] Total time:  35.256 s
[INFO] Finished at: 2023-01-26T10:29:46Z
[INFO] ------------------------------------------------------------------------
[ERROR] Failed to execute goal org.apache.maven.plugins:maven-surefire-plugin:3.0.0-M5:test (default-test) on project openvidu-test-e2e: There are test failures.
[ERROR] 
[ERROR] Please refer to /home/gabsko/breaking-updates/openvidu-test-e2e/target/surefire-reports for the individual test results.
[ERROR] Please refer to dump files (if any exist) [date].dump, [date]-jvmRun[N].dump and [date].dumpstream.
[ERROR] -> [Help 1]
[ERROR] 
[ERROR] To see the full stack trace of the errors, re-run Maven with the -e switch.
[ERROR] Re-run Maven using the -X switch to enable full debug logging.
[ERROR] 
[ERROR] For more information about the errors and possible solutions, please read the following articles:
[ERROR] [Help 1] http://cwiki.apache.org/confluence/display/MAVEN/MojoFailureException
[ERROR] 
[ERROR] After correcting the problems, you can resume the build with the command
[ERROR]   mvn <args> -rf :openvidu-test-e2e
