[INFO] Scanning for projects...
[INFO] ------------------------------------------------------------------------
[INFO] Reactor Build Order:
[INFO] 
[INFO] FluentLenium                                                       [pom]
[INFO] FluentLenium Core                                                  [jar]
[INFO] FluentLenium TestNG                                                [jar]
[INFO] FluentLenium AssertJ                                               [jar]
[INFO] FluentLenium JUnit Jupiter                                         [jar]
[INFO] FluentLenium Integration Tests                                     [jar]
[INFO] FluentLenium JUnit                                                 [jar]
[INFO] FluentLenium Spring TestNG                                         [jar]
[INFO] FluentLenium Cucumber                                              [jar]
[INFO] FluentLenium Spock                                                 [jar]
[INFO] FluentLenium Kotest                                                [jar]
[INFO] FluentLenium Kotest Assertions                                     [jar]
[INFO] FluentLenium Coverage Report                                       [jar]
[INFO] 
[INFO] ----------------< org.fluentlenium:fluentlenium-parent >----------------
[INFO] Building FluentLenium 5.0.2-SNAPSHOT                              [1/13]
[INFO] --------------------------------[ pom ]---------------------------------
[INFO] 
[INFO] --- maven-clean-plugin:3.1.0:clean (default-clean) @ fluentlenium-parent ---
[INFO] 
[INFO] --- flatten-maven-plugin:1.2.7:clean (flatten.clean) @ fluentlenium-parent ---
[INFO] Deleting /home/gabsko/breaking-updates/.flattened-pom.xml
[INFO] 
[INFO] --- maven-enforcer-plugin:3.0.0:enforce (enforce-maven) @ fluentlenium-parent ---
[INFO] 
[INFO] --- jacoco-maven-plugin:0.8.7:prepare-agent (prepare-agent) @ fluentlenium-parent ---
[INFO] argLine set to -javaagent:/home/gabsko/.m2/repository/org/jacoco/org.jacoco.agent/0.8.7/org.jacoco.agent-0.8.7-runtime.jar=destfile=/home/gabsko/breaking-updates/target/jacoco.exec,excludes=**com.steadystate*:**com/gargoylesoftware*
[INFO] 
[INFO] --- flatten-maven-plugin:1.2.7:flatten (flatten) @ fluentlenium-parent ---
[INFO] Generating flattened POM of project org.fluentlenium:fluentlenium-parent:pom:5.0.2-SNAPSHOT...
[INFO] 
[INFO] -----------------< org.fluentlenium:fluentlenium-core >-----------------
[INFO] Building FluentLenium Core 5.0.2-SNAPSHOT                         [2/13]
[INFO] --------------------------------[ jar ]---------------------------------
[INFO] 
[INFO] --- maven-clean-plugin:3.1.0:clean (default-clean) @ fluentlenium-core ---
[INFO] Deleting /home/gabsko/breaking-updates/fluentlenium-core/target
[INFO] 
[INFO] --- flatten-maven-plugin:1.2.7:clean (flatten.clean) @ fluentlenium-core ---
[INFO] Deleting /home/gabsko/breaking-updates/fluentlenium-core/.flattened-pom.xml
[INFO] 
[INFO] --- maven-enforcer-plugin:3.0.0:enforce (enforce-maven) @ fluentlenium-core ---
[INFO] 
[INFO] --- jacoco-maven-plugin:0.8.7:prepare-agent (prepare-agent) @ fluentlenium-core ---
[INFO] argLine set to -javaagent:/home/gabsko/.m2/repository/org/jacoco/org.jacoco.agent/0.8.7/org.jacoco.agent-0.8.7-runtime.jar=destfile=/home/gabsko/breaking-updates/fluentlenium-core/target/jacoco.exec,excludes=**com.steadystate*:**com/gargoylesoftware*
[INFO] 
[INFO] --- maven-resources-plugin:3.2.0:resources (default-resources) @ fluentlenium-core ---
[INFO] Using 'UTF-8' encoding to copy filtered resources.
[INFO] Using 'UTF-8' encoding to copy filtered properties files.
[INFO] Copying 2 resources
[INFO] 
[INFO] --- flatten-maven-plugin:1.2.7:flatten (flatten) @ fluentlenium-core ---
[INFO] Generating flattened POM of project org.fluentlenium:fluentlenium-core:jar:5.0.2-SNAPSHOT...
[INFO] 
[INFO] --- maven-compiler-plugin:3.8.1:compile (default-compile) @ fluentlenium-core ---
[INFO] Changes detected - recompiling the module!
[INFO] Compiling 346 source files to /home/gabsko/breaking-updates/fluentlenium-core/target/classes
[INFO] /home/gabsko/breaking-updates/fluentlenium-core/src/main/java/org/fluentlenium/core/events/EventsRegistry.java: Some input files use or override a deprecated API.
[INFO] /home/gabsko/breaking-updates/fluentlenium-core/src/main/java/org/fluentlenium/core/events/EventsRegistry.java: Recompile with -Xlint:deprecation for details.
[INFO] /home/gabsko/breaking-updates/fluentlenium-core/src/main/java/org/fluentlenium/core/domain/FluentWebElement.java: Some input files use unchecked or unsafe operations.
[INFO] /home/gabsko/breaking-updates/fluentlenium-core/src/main/java/org/fluentlenium/core/domain/FluentWebElement.java: Recompile with -Xlint:unchecked for details.
[INFO] 
[INFO] --- maven-resources-plugin:3.2.0:testResources (default-testResources) @ fluentlenium-core ---
[INFO] Using 'UTF-8' encoding to copy filtered resources.
[INFO] Using 'UTF-8' encoding to copy filtered properties files.
[INFO] Copying 14 resources
[INFO] 
[INFO] --- maven-compiler-plugin:3.8.1:testCompile (default-testCompile) @ fluentlenium-core ---
[INFO] Changes detected - recompiling the module!
[INFO] Compiling 142 source files to /home/gabsko/breaking-updates/fluentlenium-core/target/test-classes
[INFO] /home/gabsko/breaking-updates/fluentlenium-core/src/test/java/org/fluentlenium/core/performance/HtmlUnitPerformanceTimingMetricsTest.java: Some input files use or override a deprecated API.
[INFO] /home/gabsko/breaking-updates/fluentlenium-core/src/test/java/org/fluentlenium/core/performance/HtmlUnitPerformanceTimingMetricsTest.java: Recompile with -Xlint:deprecation for details.
[INFO] /home/gabsko/breaking-updates/fluentlenium-core/src/test/java/org/fluentlenium/core/proxy/ProxyHookTest.java: Some input files use unchecked or unsafe operations.
[INFO] /home/gabsko/breaking-updates/fluentlenium-core/src/test/java/org/fluentlenium/core/proxy/ProxyHookTest.java: Recompile with -Xlint:unchecked for details.
[INFO] 
[INFO] --- maven-surefire-plugin:3.0.0-M5:test (default-test) @ fluentlenium-core ---
[INFO] 
[INFO] -------------------------------------------------------
[INFO]  T E S T S
[INFO] -------------------------------------------------------
[INFO] Running org.fluentlenium.core.performance.DefaultPerformanceTimingMetricsIndividualEventsTest
[INFO] Tests run: 20, Failures: 0, Errors: 0, Skipped: 0, Time elapsed: 0.125 s - in org.fluentlenium.core.performance.DefaultPerformanceTimingMetricsIndividualEventsTest
[INFO] Running org.fluentlenium.core.performance.PerformanceTimingSpecificEventValueInTimeUnitTest
[INFO] Tests run: 20, Failures: 0, Errors: 0, Skipped: 0, Time elapsed: 0.778 s - in org.fluentlenium.core.performance.PerformanceTimingSpecificEventValueInTimeUnitTest
[INFO] Running org.fluentlenium.core.performance.PerformanceTimingSpecificEventValuesTest
[INFO] Tests run: 20, Failures: 0, Errors: 0, Skipped: 0, Time elapsed: 0.029 s - in org.fluentlenium.core.performance.PerformanceTimingSpecificEventValuesTest
[INFO] Running org.fluentlenium.configuration.WebDriversRegistryImplSpecificDriversTest
[INFO] Tests run: 6, Failures: 0, Errors: 0, Skipped: 0, Time elapsed: 0.062 s - in org.fluentlenium.configuration.WebDriversRegistryImplSpecificDriversTest
[INFO] Running org.fluentlenium.utils.ReflectionUtilsTest
[INFO] Tests run: 3, Failures: 0, Errors: 0, Skipped: 0, Time elapsed: 0.041 s - in org.fluentlenium.utils.ReflectionUtilsTest
[INFO] Running org.fluentlenium.utils.SeleniumVersionCheckerRetrieveVersionTest
[INFO] Tests run: 4, Failures: 0, Errors: 0, Skipped: 0, Time elapsed: 0.35 s - in org.fluentlenium.utils.SeleniumVersionCheckerRetrieveVersionTest
[INFO] Running org.fluentlenium.utils.UrlUtilsTest
[INFO] Tests run: 17, Failures: 0, Errors: 0, Skipped: 0, Time elapsed: 0.015 s - in org.fluentlenium.utils.UrlUtilsTest
[INFO] Running org.fluentlenium.core.inject.InjectionAnnotationsTest
[WARNING] Tests run: 8, Failures: 0, Errors: 0, Skipped: 1, Time elapsed: 0.041 s - in org.fluentlenium.core.inject.InjectionAnnotationsTest
[INFO] Running org.fluentlenium.core.inject.LabelAnnotationsTest
[INFO] Tests run: 5, Failures: 0, Errors: 0, Skipped: 0, Time elapsed: 0.009 s - in org.fluentlenium.core.inject.LabelAnnotationsTest
[INFO] Running org.fluentlenium.core.ScreenshotTest
08:48:52.552 [pool-2-thread-7] INFO  FluentDriverScreenshotPersister - Created screenshot at: /tmp/junit1152355424718427650/test.jpg
[INFO] Tests run: 2, Failures: 0, Errors: 0, Skipped: 0, Time elapsed: 0.076 s - in org.fluentlenium.core.ScreenshotTest
[INFO] Running org.fluentlenium.core.events.ListenerPriorityComparatorTest
[INFO] Tests run: 3, Failures: 0, Errors: 0, Skipped: 0, Time elapsed: 0.002 s - in org.fluentlenium.core.events.ListenerPriorityComparatorTest
[INFO] Running org.fluentlenium.core.wait.TimeToChronoUnitConverterTest
[INFO] Tests run: 1, Failures: 0, Errors: 0, Skipped: 0, Time elapsed: 0.986 s - in org.fluentlenium.core.wait.TimeToChronoUnitConverterTest
[INFO] Running org.fluentlenium.core.url.UrlTemplateTest
[INFO] Tests run: 25, Failures: 0, Errors: 0, Skipped: 0, Time elapsed: 0.031 s - in org.fluentlenium.core.url.UrlTemplateTest
[INFO] Running org.fluentlenium.core.conditions.IntegerConditionsTest
[INFO] Tests run: 3, Failures: 0, Errors: 0, Skipped: 0, Time elapsed: 0.005 s - in org.fluentlenium.core.conditions.IntegerConditionsTest
[INFO] Running org.fluentlenium.core.conditions.StringConditionsImplTest
[INFO] Tests run: 21, Failures: 0, Errors: 0, Skipped: 0, Time elapsed: 0.004 s - in org.fluentlenium.core.conditions.StringConditionsImplTest
[INFO] Running org.fluentlenium.core.conditions.message.MessageProxyTest
[INFO] Tests run: 3, Failures: 0, Errors: 0, Skipped: 0, Time elapsed: 0.078 s - in org.fluentlenium.core.conditions.message.MessageProxyTest
[INFO] Running org.fluentlenium.core.performance.DefaultPerformanceTimingTest
[INFO] Tests run: 7, Failures: 0, Errors: 0, Skipped: 0, Time elapsed: 0.004 s - in org.fluentlenium.core.performance.DefaultPerformanceTimingTest
[INFO] Running org.fluentlenium.core.performance.PerformanceTimingMetricsFactoryTest
[INFO] Tests run: 3, Failures: 0, Errors: 0, Skipped: 0, Time elapsed: 0.046 s - in org.fluentlenium.core.performance.PerformanceTimingMetricsFactoryTest
[INFO] Running org.fluentlenium.core.performance.PerformanceTimingNavigationStartTest
[INFO] Tests run: 1, Failures: 0, Errors: 0, Skipped: 0, Time elapsed: 0.001 s - in org.fluentlenium.core.performance.PerformanceTimingNavigationStartTest
[INFO] Running org.fluentlenium.core.performance.DefaultPerformanceTimingMetricsTest
[INFO] Tests run: 5, Failures: 0, Errors: 0, Skipped: 0, Time elapsed: 0.271 s - in org.fluentlenium.core.performance.DefaultPerformanceTimingMetricsTest
[INFO] Running org.fluentlenium.core.performance.HtmlUnitPerformanceTimingMetricsTest
[INFO] Tests run: 6, Failures: 0, Errors: 0, Skipped: 0, Time elapsed: 0.24 s - in org.fluentlenium.core.performance.HtmlUnitPerformanceTimingMetricsTest
[INFO] Running org.fluentlenium.core.filter.AttributeFilterTest
[INFO] Tests run: 13, Failures: 0, Errors: 0, Skipped: 0, Time elapsed: 0.249 s - in org.fluentlenium.core.filter.AttributeFilterTest
[INFO] Running org.fluentlenium.core.filter.matcher.StartsWithMatcherTest
[INFO] Tests run: 4, Failures: 0, Errors: 0, Skipped: 0, Time elapsed: 0.002 s - in org.fluentlenium.core.filter.matcher.StartsWithMatcherTest
[INFO] Running org.fluentlenium.core.filter.matcher.ContainsWordMatcherTest
[INFO] Tests run: 2, Failures: 0, Errors: 0, Skipped: 0, Time elapsed: 0.002 s - in org.fluentlenium.core.filter.matcher.ContainsWordMatcherTest
[INFO] Running org.fluentlenium.core.filter.matcher.CalculateServiceTest
[INFO] Tests run: 20, Failures: 0, Errors: 0, Skipped: 0, Time elapsed: 0.002 s - in org.fluentlenium.core.filter.matcher.CalculateServiceTest
[INFO] Running org.fluentlenium.core.filter.matcher.EndsWithMatcherTest
[INFO] Tests run: 4, Failures: 0, Errors: 0, Skipped: 0, Time elapsed: 0.008 s - in org.fluentlenium.core.filter.matcher.EndsWithMatcherTest
[INFO] Running org.fluentlenium.core.filter.matcher.ContainsMatcherTest
[INFO] Tests run: 4, Failures: 0, Errors: 0, Skipped: 0, Time elapsed: 0.001 s - in org.fluentlenium.core.filter.matcher.ContainsMatcherTest
[INFO] Running org.fluentlenium.core.filter.matcher.NotStartsWithMatcherTest
[INFO] Tests run: 4, Failures: 0, Errors: 0, Skipped: 0, Time elapsed: 0.001 s - in org.fluentlenium.core.filter.matcher.NotStartsWithMatcherTest
[INFO] Running org.fluentlenium.core.filter.matcher.EqualMatcherTest
[INFO] Tests run: 4, Failures: 0, Errors: 0, Skipped: 0, Time elapsed: 0.001 s - in org.fluentlenium.core.filter.matcher.EqualMatcherTest
[INFO] Running org.fluentlenium.core.filter.matcher.NotContainsMatcherTest
[INFO] Tests run: 4, Failures: 0, Errors: 0, Skipped: 0, Time elapsed: 0.001 s - in org.fluentlenium.core.filter.matcher.NotContainsMatcherTest
[INFO] Running org.fluentlenium.core.filter.matcher.NotEndsWithMatcherTest
[INFO] Tests run: 4, Failures: 0, Errors: 0, Skipped: 0, Time elapsed: 0.001 s - in org.fluentlenium.core.filter.matcher.NotEndsWithMatcherTest
[INFO] Running org.fluentlenium.adapter.sharedwebdriver.JvmSharedWebDriverContainerTest
[INFO] Tests run: 1, Failures: 0, Errors: 0, Skipped: 0, Time elapsed: 0.018 s - in org.fluentlenium.adapter.sharedwebdriver.JvmSharedWebDriverContainerTest
[INFO] Running org.fluentlenium.adapter.sharedwebdriver.SharedWebDriverContainerTest
[INFO] Tests run: 2, Failures: 0, Errors: 0, Skipped: 0, Time elapsed: 0.018 s - in org.fluentlenium.adapter.sharedwebdriver.SharedWebDriverContainerTest
[INFO] Running org.fluentlenium.adapter.sharedwebdriver.ThreadSharedWebDriverContainerTest
[INFO] Tests run: 4, Failures: 0, Errors: 0, Skipped: 0, Time elapsed: 0.015 s - in org.fluentlenium.adapter.sharedwebdriver.ThreadSharedWebDriverContainerTest
[INFO] Running org.fluentlenium.adapter.sharedwebdriver.MethodSharedWebDriverContainerTest
[INFO] Tests run: 3, Failures: 0, Errors: 0, Skipped: 0, Time elapsed: 0.003 s - in org.fluentlenium.adapter.sharedwebdriver.MethodSharedWebDriverContainerTest
[INFO] Running org.fluentlenium.adapter.sharedwebdriver.ClassSharedWebDriverContainerTest
[INFO] Tests run: 2, Failures: 0, Errors: 0, Skipped: 0, Time elapsed: 0.001 s - in org.fluentlenium.adapter.sharedwebdriver.ClassSharedWebDriverContainerTest
[INFO] Running org.fluentlenium.adapter.DefaultSharedMutatorTest
[INFO] Tests run: 1, Failures: 0, Errors: 0, Skipped: 0, Time elapsed: 0.001 s - in org.fluentlenium.adapter.DefaultSharedMutatorTest
[INFO] Running org.fluentlenium.configuration.ConfigurationFactoryProviderTest
[INFO] Tests run: 6, Failures: 0, Errors: 0, Skipped: 0, Time elapsed: 0.005 s - in org.fluentlenium.configuration.ConfigurationFactoryProviderTest
[INFO] Running org.fluentlenium.configuration.WebDriversRegistryImplTest
[INFO] Tests run: 8, Failures: 0, Errors: 0, Skipped: 0, Time elapsed: 0.747 s - in org.fluentlenium.configuration.WebDriversRegistryImplTest
[INFO] Running org.fluentlenium.configuration.RemoteWebDriverTest
[INFO] Tests run: 5, Failures: 0, Errors: 0, Skipped: 0, Time elapsed: 0.033 s - in org.fluentlenium.configuration.RemoteWebDriverTest
[INFO] Running org.fluentlenium.configuration.ConfigurationDefaultsFactoryTest
[INFO] Tests run: 4, Failures: 0, Errors: 0, Skipped: 0, Time elapsed: 0.013 s - in org.fluentlenium.configuration.ConfigurationDefaultsFactoryTest
[INFO] Running org.fluentlenium.configuration.ComposedConfigurationTest
[INFO] Tests run: 16, Failures: 0, Errors: 0, Skipped: 0, Time elapsed: 0.016 s - in org.fluentlenium.configuration.ComposedConfigurationTest
[INFO] Running org.fluentlenium.configuration.CapabilitiesJsonParsingTest
[INFO] Tests run: 1, Failures: 0, Errors: 0, Skipped: 0, Time elapsed: 0.014 s - in org.fluentlenium.configuration.CapabilitiesJsonParsingTest
[INFO] Running org.fluentlenium.configuration.AnnotationConfigurationTest
[WARNING] Tests run: 29, Failures: 0, Errors: 0, Skipped: 1, Time elapsed: 10.132 s - in org.fluentlenium.configuration.AnnotationConfigurationTest
[INFO] Running org.fluentlenium.configuration.ConfigurationDefaultsTest
[INFO] Tests run: 1, Failures: 0, Errors: 0, Skipped: 0, Time elapsed: 0.009 s - in org.fluentlenium.configuration.ConfigurationDefaultsTest
[INFO] Running org.fluentlenium.configuration.ReflectiveWebDriverFactoryTest
[INFO] Tests run: 9, Failures: 0, Errors: 0, Skipped: 0, Time elapsed: 0.06 s - in org.fluentlenium.configuration.ReflectiveWebDriverFactoryTest
[INFO] Running org.fluentlenium.configuration.CapabilitiesRegistryImplTest
[INFO] Tests run: 4, Failures: 0, Errors: 0, Skipped: 0, Time elapsed: 0.002 s - in org.fluentlenium.configuration.CapabilitiesRegistryImplTest
[INFO] Running org.fluentlenium.configuration.ProgrammaticConfigurationTest
[INFO] Tests run: 2, Failures: 0, Errors: 0, Skipped: 0, Time elapsed: 0.019 s - in org.fluentlenium.configuration.ProgrammaticConfigurationTest
[INFO] Running org.fluentlenium.configuration.CapabilitiesConfigurationPropertyRetrieverTest
[INFO] Tests run: 7, Failures: 0, Errors: 0, Skipped: 0, Time elapsed: 131.26 s - in org.fluentlenium.configuration.CapabilitiesConfigurationPropertyRetrieverTest
[INFO] Running org.fluentlenium.utils.SeleniumVersionCheckLoggingTest
08:51:16.895 [maven-surefire-plugin@NotThreadSafe] INFO  SeleniumVersionChecker - FluentLenium wasn't able to read Selenium version from your pom.xml. Skipped compatibility check. Please make sure you are using correct Selenium version - 4.1.0
08:51:16.899 [maven-surefire-plugin@NotThreadSafe] WARN  SeleniumVersionChecker - You are using incompatible Selenium version. Please change it to 4.1.0. You can find example on project main page https://github.com/FluentLenium/FluentLenium
[INFO] Tests run: 4, Failures: 0, Errors: 0, Skipped: 0, Time elapsed: 0.024 s - in org.fluentlenium.utils.SeleniumVersionCheckLoggingTest
[INFO] Running org.fluentlenium.utils.ChromiumApiTest
08:51:16.983 [main] ERROR ChromiumApi - Failed to define command via reflection
08:51:16.986 [main] ERROR ChromiumApi - Failed to define command via reflection
08:51:16.987 [main] INFO  ChromiumApi - Command "" executed with null state
08:51:16.989 [main] ERROR ChromiumApi - Failed to define command via reflection
08:51:16.993 [main] ERROR ChromiumApi - Failed to define command via reflection
08:51:16.994 [main] INFO  ChromiumApi - Command "" executed with null state
[INFO] Tests run: 4, Failures: 0, Errors: 0, Skipped: 0, Time elapsed: 0.093 s - in org.fluentlenium.utils.ChromiumApiTest
[INFO] Running org.fluentlenium.core.domain.FluentListSearchTest
[INFO] Tests run: 6, Failures: 0, Errors: 0, Skipped: 0, Time elapsed: 0.038 s - in org.fluentlenium.core.domain.FluentListSearchTest
[INFO] Running org.fluentlenium.core.domain.FluentWebElementTest
[INFO] Tests run: 43, Failures: 0, Errors: 0, Skipped: 0, Time elapsed: 0.321 s - in org.fluentlenium.core.domain.FluentWebElementTest
[INFO] Running org.fluentlenium.core.domain.FluentListImplTest
[INFO] Tests run: 27, Failures: 0, Errors: 0, Skipped: 0, Time elapsed: 0.216 s - in org.fluentlenium.core.domain.FluentListImplTest
[INFO] Running org.fluentlenium.core.domain.FluentJavascriptTest
[INFO] Tests run: 2, Failures: 0, Errors: 0, Skipped: 0, Time elapsed: 0.018 s - in org.fluentlenium.core.domain.FluentJavascriptTest
[INFO] Running org.fluentlenium.core.FluentDriverHtmlDumperTest
08:51:17.604 [main] INFO  FluentDriverHtmlDumper - Created HTML dump at: /tmp/htmldump.html16212121505291876472
08:51:17.616 [main] INFO  FluentDriverHtmlDumper - Created HTML dump at: /tmp/htmldump.html278276376217224580
[INFO] Tests run: 2, Failures: 0, Errors: 0, Skipped: 0, Time elapsed: 0.027 s - in org.fluentlenium.core.FluentDriverHtmlDumperTest
[INFO] Running org.fluentlenium.core.FluentDriverScreenshotPersisterTest
08:51:17.627 [main] INFO  FluentDriverScreenshotPersister - Created screenshot at: /tmp/screenshot.png644624896073814258
08:51:17.628 [main] INFO  FluentDriverScreenshotPersister - Created screenshot at: /tmp/screenshot.png8739180303236062780
[INFO] Tests run: 2, Failures: 0, Errors: 0, Skipped: 0, Time elapsed: 0.011 s - in org.fluentlenium.core.FluentDriverScreenshotPersisterTest
[INFO] Running org.fluentlenium.core.FluentDriverTest
[INFO] Tests run: 14, Failures: 0, Errors: 0, Skipped: 0, Time elapsed: 0.219 s - in org.fluentlenium.core.FluentDriverTest
[INFO] Running org.fluentlenium.core.inject.FluentInjectorHookTest
[ERROR] WARNING: An illegal reflective access operation has occurred
[ERROR] WARNING: Illegal reflective access by org.fluentlenium.utils.ReflectionUtils (file:/home/gabsko/breaking-updates/fluentlenium-core/target/classes/) to field java.lang.reflect.Proxy.serialVersionUID
[ERROR] WARNING: Please consider reporting this to the maintainers of org.fluentlenium.utils.ReflectionUtils
[ERROR] WARNING: Use --illegal-access=warn to enable warnings of further illegal reflective access operations
[ERROR] WARNING: All illegal access operations will be denied in a future release
[INFO] Tests run: 9, Failures: 0, Errors: 0, Skipped: 0, Time elapsed: 0.044 s - in org.fluentlenium.core.inject.FluentInjectorHookTest
[INFO] Running org.fluentlenium.core.inject.FluentInjectorComponentTest
[INFO] Tests run: 2, Failures: 0, Errors: 0, Skipped: 0, Time elapsed: 0.012 s - in org.fluentlenium.core.inject.FluentInjectorComponentTest
[INFO] Running org.fluentlenium.core.inject.FluentInjectorListComponentTest
[INFO] Tests run: 1, Failures: 0, Errors: 0, Skipped: 0, Time elapsed: 0.005 s - in org.fluentlenium.core.inject.FluentInjectorListComponentTest
[INFO] Running org.fluentlenium.core.inject.ElementLocatorSearchContextTest
[INFO] Tests run: 2, Failures: 0, Errors: 0, Skipped: 0, Time elapsed: 0.012 s - in org.fluentlenium.core.inject.ElementLocatorSearchContextTest
[INFO] Running org.fluentlenium.core.inject.FluentInjectorContainerTest
[INFO] Tests run: 4, Failures: 0, Errors: 0, Skipped: 0, Time elapsed: 0.009 s - in org.fluentlenium.core.inject.FluentInjectorContainerTest
[INFO] Running org.fluentlenium.core.inject.FluentElementInjectionSupportValidatorTest
[INFO] Tests run: 20, Failures: 0, Errors: 0, Skipped: 0, Time elapsed: 0.046 s - in org.fluentlenium.core.inject.FluentElementInjectionSupportValidatorTest
[INFO] Running org.fluentlenium.core.inject.UnshadowerTest
[INFO] Tests run: 1, Failures: 0, Errors: 0, Skipped: 0, Time elapsed: 0.02 s - in org.fluentlenium.core.inject.UnshadowerTest
[INFO] Running org.fluentlenium.core.inject.FluentInjectorElementTest
[INFO] Tests run: 11, Failures: 0, Errors: 0, Skipped: 0, Time elapsed: 0.022 s - in org.fluentlenium.core.inject.FluentInjectorElementTest
[INFO] Running org.fluentlenium.core.FluentDriverWaitTest
[INFO] Tests run: 2, Failures: 0, Errors: 0, Skipped: 0, Time elapsed: 0.01 s - in org.fluentlenium.core.FluentDriverWaitTest
[INFO] Running org.fluentlenium.core.switchto.FluentTargetLocatorTest
[INFO] Tests run: 9, Failures: 0, Errors: 0, Skipped: 0, Time elapsed: 0.008 s - in org.fluentlenium.core.switchto.FluentTargetLocatorTest
[INFO] Running org.fluentlenium.core.events.EventsTest
[INFO] Tests run: 5, Failures: 0, Errors: 0, Skipped: 0, Time elapsed: 0.155 s - in org.fluentlenium.core.events.EventsTest
[INFO] Running org.fluentlenium.core.hook.BaseHookTest
[INFO] Tests run: 6, Failures: 0, Errors: 0, Skipped: 0, Time elapsed: 0.022 s - in org.fluentlenium.core.hook.BaseHookTest
[INFO] Running org.fluentlenium.core.hook.wait.WaitHookOptionsTest
[INFO] Tests run: 3, Failures: 0, Errors: 0, Skipped: 0, Time elapsed: 0.03 s - in org.fluentlenium.core.hook.wait.WaitHookOptionsTest
[INFO] Running org.fluentlenium.core.hook.wait.WaitHookTest
[INFO] Tests run: 9, Failures: 0, Errors: 0, Skipped: 0, Time elapsed: 0.251 s - in org.fluentlenium.core.hook.wait.WaitHookTest
[INFO] Running org.fluentlenium.core.hook.SearchHookTest
[INFO] Tests run: 10, Failures: 0, Errors: 0, Skipped: 0, Time elapsed: 0.018 s - in org.fluentlenium.core.hook.SearchHookTest
[INFO] Running org.fluentlenium.core.hook.HookControlTest
[INFO] Tests run: 8, Failures: 0, Errors: 0, Skipped: 0, Time elapsed: 0.038 s - in org.fluentlenium.core.hook.HookControlTest
[INFO] Running org.fluentlenium.core.hook.DefaultHookChainBuilderTest
[INFO] Tests run: 3, Failures: 0, Errors: 0, Skipped: 0, Time elapsed: 0.124 s - in org.fluentlenium.core.hook.DefaultHookChainBuilderTest
[INFO] Running org.fluentlenium.core.hook.BaseFluentHookTest
[INFO] Tests run: 1, Failures: 0, Errors: 0, Skipped: 0, Time elapsed: 0.035 s - in org.fluentlenium.core.hook.BaseFluentHookTest
[INFO] Running org.fluentlenium.core.FluentPageParameterQueryTest
[INFO] Tests run: 8, Failures: 0, Errors: 0, Skipped: 0, Time elapsed: 0.013 s - in org.fluentlenium.core.FluentPageParameterQueryTest
[INFO] Running org.fluentlenium.core.FluentDriverTimeoutConfigurerTest
[INFO] Tests run: 4, Failures: 0, Errors: 0, Skipped: 0, Time elapsed: 0.003 s - in org.fluentlenium.core.FluentDriverTimeoutConfigurerTest
[INFO] Running org.fluentlenium.core.wait.FluentWaitEachElementMatcherTest
[INFO] Tests run: 19, Failures: 0, Errors: 0, Skipped: 0, Time elapsed: 0.458 s - in org.fluentlenium.core.wait.FluentWaitEachElementMatcherTest
[INFO] Running org.fluentlenium.core.wait.FluentWaitElementMatcherTest
[INFO] Tests run: 15, Failures: 0, Errors: 0, Skipped: 0, Time elapsed: 0.269 s - in org.fluentlenium.core.wait.FluentWaitElementMatcherTest
[INFO] Running org.fluentlenium.core.wait.FluentWaitRectangleMatcherTest
[INFO] Tests run: 1, Failures: 0, Errors: 0, Skipped: 0, Time elapsed: 0.007 s - in org.fluentlenium.core.wait.FluentWaitRectangleMatcherTest
[INFO] Running org.fluentlenium.core.wait.WaitForPageToLoadTest
[INFO] Tests run: 2, Failures: 0, Errors: 0, Skipped: 0, Time elapsed: 0.003 s - in org.fluentlenium.core.wait.WaitForPageToLoadTest
[INFO] Running org.fluentlenium.core.wait.FluentWaitTest
[INFO] Tests run: 6, Failures: 0, Errors: 0, Skipped: 0, Time elapsed: 0.02 s - in org.fluentlenium.core.wait.FluentWaitTest
[INFO] Running org.fluentlenium.core.wait.FluentWaitElementListMatcherTest
[INFO] Tests run: 18, Failures: 0, Errors: 0, Skipped: 0, Time elapsed: 0.439 s - in org.fluentlenium.core.wait.FluentWaitElementListMatcherTest
[INFO] Running org.fluentlenium.core.wait.FluentWaitElementTest
[INFO] Tests run: 30, Failures: 0, Errors: 0, Skipped: 0, Time elapsed: 0.035 s - in org.fluentlenium.core.wait.FluentWaitElementTest
[INFO] Running org.fluentlenium.core.wait.FluentWaitElementListTest
[INFO] Tests run: 31, Failures: 0, Errors: 0, Skipped: 0, Time elapsed: 0.046 s - in org.fluentlenium.core.wait.FluentWaitElementListTest
[INFO] Running org.fluentlenium.core.wait.FluentWaitIntegerMatcherTest
[INFO] Tests run: 1, Failures: 0, Errors: 0, Skipped: 0, Time elapsed: 0.004 s - in org.fluentlenium.core.wait.FluentWaitIntegerMatcherTest
[INFO] Running org.fluentlenium.core.wait.FluentWaitSupplierListMatcherTest
[INFO] Tests run: 1, Failures: 0, Errors: 0, Skipped: 0, Time elapsed: 0.026 s - in org.fluentlenium.core.wait.FluentWaitSupplierListMatcherTest
[INFO] Running org.fluentlenium.core.wait.FluentWaitSupplierMatcherTest
[INFO] Tests run: 1, Failures: 0, Errors: 0, Skipped: 0, Time elapsed: 0.024 s - in org.fluentlenium.core.wait.FluentWaitSupplierMatcherTest
[INFO] Running org.fluentlenium.core.wait.FluentWaitWindowMatcherTest
[INFO] Tests run: 1, Failures: 0, Errors: 0, Skipped: 0, Time elapsed: 0.025 s - in org.fluentlenium.core.wait.FluentWaitWindowMatcherTest
[INFO] Running org.fluentlenium.core.alert.AlertTest
[INFO] Tests run: 2, Failures: 0, Errors: 0, Skipped: 0, Time elapsed: 0.002 s - in org.fluentlenium.core.alert.AlertTest
[INFO] Running org.fluentlenium.core.proxy.ProxyListenerTest
[INFO] Tests run: 2, Failures: 0, Errors: 0, Skipped: 0, Time elapsed: 0.015 s - in org.fluentlenium.core.proxy.ProxyListenerTest
[INFO] Running org.fluentlenium.core.proxy.ProxyHookTest
[INFO] Tests run: 2, Failures: 0, Errors: 0, Skipped: 0, Time elapsed: 0.003 s - in org.fluentlenium.core.proxy.ProxyHookTest
[INFO] Running org.fluentlenium.core.proxy.ProxyMessageTest
[INFO] Tests run: 2, Failures: 0, Errors: 0, Skipped: 0, Time elapsed: 0.002 s - in org.fluentlenium.core.proxy.ProxyMessageTest
[INFO] Running org.fluentlenium.core.proxy.AbstractLocatorAndInvocationHandlerTest
[WARNING] Tests run: 12, Failures: 0, Errors: 0, Skipped: 3, Time elapsed: 0.032 s - in org.fluentlenium.core.proxy.AbstractLocatorAndInvocationHandlerTest
[INFO] Running org.fluentlenium.core.proxy.ElementInstanceLocatorTest
[INFO] Tests run: 2, Failures: 0, Errors: 0, Skipped: 0, Time elapsed: 0.001 s - in org.fluentlenium.core.proxy.ElementInstanceLocatorTest
[INFO] Running org.fluentlenium.core.proxy.IndexSupplierLocatorTest
[INFO] Tests run: 6, Failures: 0, Errors: 0, Skipped: 0, Time elapsed: 0.009 s - in org.fluentlenium.core.proxy.IndexSupplierLocatorTest
[INFO] Running org.fluentlenium.core.proxy.ElementSupplierLocatorTest
[INFO] Tests run: 2, Failures: 0, Errors: 0, Skipped: 0, Time elapsed: 0.001 s - in org.fluentlenium.core.proxy.ElementSupplierLocatorTest
[INFO] Running org.fluentlenium.core.proxy.ProxiesTest
[INFO] Tests run: 16, Failures: 0, Errors: 0, Skipped: 0, Time elapsed: 0.017 s - in org.fluentlenium.core.proxy.ProxiesTest
[INFO] Running org.fluentlenium.core.proxy.ElementListInstanceLocatorTest
[INFO] Tests run: 2, Failures: 0, Errors: 0, Skipped: 0, Time elapsed: 0.001 s - in org.fluentlenium.core.proxy.ElementListInstanceLocatorTest
[INFO] Running org.fluentlenium.core.proxy.AbstractLocatorHandlerTest
[INFO] Tests run: 18, Failures: 0, Errors: 0, Skipped: 0, Time elapsed: 0.056 s - in org.fluentlenium.core.proxy.AbstractLocatorHandlerTest
[INFO] Running org.fluentlenium.core.proxy.ElementListSupplierLocatorTest
[INFO] Tests run: 2, Failures: 0, Errors: 0, Skipped: 0, Time elapsed: 0.002 s - in org.fluentlenium.core.proxy.ElementListSupplierLocatorTest
[INFO] Running org.fluentlenium.core.conditions.IntegerListConditionsTest
[INFO] Tests run: 2, Failures: 0, Errors: 0, Skipped: 0, Time elapsed: 0.017 s - in org.fluentlenium.core.conditions.IntegerListConditionsTest
[INFO] Running org.fluentlenium.core.conditions.AtLeastOneElementConditionsTest
[INFO] Tests run: 22, Failures: 0, Errors: 0, Skipped: 0, Time elapsed: 0.015 s - in org.fluentlenium.core.conditions.AtLeastOneElementConditionsTest
[INFO] Running org.fluentlenium.core.conditions.wait.WaitConditionTest
[INFO] Tests run: 7, Failures: 0, Errors: 0, Skipped: 0, Time elapsed: 3.449 s - in org.fluentlenium.core.conditions.wait.WaitConditionTest
[INFO] Running org.fluentlenium.core.conditions.RectangleConditionsTest
[INFO] Tests run: 9, Failures: 0, Errors: 0, Skipped: 0, Time elapsed: 0.017 s - in org.fluentlenium.core.conditions.RectangleConditionsTest
[INFO] Running org.fluentlenium.core.conditions.RectangleListConditionsTest
[INFO] Tests run: 2, Failures: 0, Errors: 0, Skipped: 0, Time elapsed: 0.02 s - in org.fluentlenium.core.conditions.RectangleListConditionsTest
[INFO] Running org.fluentlenium.core.conditions.WebElementConditionsTest
[INFO] Tests run: 12, Failures: 0, Errors: 0, Skipped: 0, Time elapsed: 0.01 s - in org.fluentlenium.core.conditions.WebElementConditionsTest
[INFO] Running org.fluentlenium.core.conditions.EachElementConditionsTest
[INFO] Tests run: 21, Failures: 0, Errors: 0, Skipped: 0, Time elapsed: 0.024 s - in org.fluentlenium.core.conditions.EachElementConditionsTest
[INFO] Running org.fluentlenium.core.css.CssSupportImplTest
[WARNING] Tests run: 8, Failures: 0, Errors: 0, Skipped: 2, Time elapsed: 0.041 s - in org.fluentlenium.core.css.CssSupportImplTest
[INFO] Running org.fluentlenium.core.FluentDriverWrappedCapabilitiesProviderTest
[INFO] Tests run: 1, Failures: 0, Errors: 0, Skipped: 0, Time elapsed: 0.046 s - in org.fluentlenium.core.FluentDriverWrappedCapabilitiesProviderTest
[INFO] Running org.fluentlenium.core.dom.DomTest
[INFO] Tests run: 7, Failures: 0, Errors: 0, Skipped: 0, Time elapsed: 0.015 s - in org.fluentlenium.core.dom.DomTest
[INFO] Running org.fluentlenium.core.search.NoSuchElementMessageTest
[INFO] Tests run: 6, Failures: 0, Errors: 0, Skipped: 0, Time elapsed: 0.021 s - in org.fluentlenium.core.search.NoSuchElementMessageTest
[INFO] Running org.fluentlenium.core.search.SearchTest
[INFO] Tests run: 15, Failures: 0, Errors: 0, Skipped: 0, Time elapsed: 0.018 s - in org.fluentlenium.core.search.SearchTest
[INFO] Running org.fluentlenium.core.FluentPageUrlTemplateTest
[INFO] Tests run: 15, Failures: 0, Errors: 0, Skipped: 0, Time elapsed: 0.235 s - in org.fluentlenium.core.FluentPageUrlTemplateTest
[INFO] Running org.fluentlenium.core.label.FluentLabelImplTest
[INFO] Tests run: 1, Failures: 0, Errors: 0, Skipped: 0, Time elapsed: 0.001 s - in org.fluentlenium.core.label.FluentLabelImplTest
[INFO] Running org.fluentlenium.core.action.MouseElementActionsTest
Jan 26, 2023 8:51:24 AM org.openqa.selenium.interactions.Actions moveToElement
INFO: When using the W3C Action commands, offsets are from the element's in-view center point
Jan 26, 2023 8:51:24 AM org.openqa.selenium.interactions.Actions moveToElement
INFO: When using the W3C Action commands, offsets are from the element's in-view center point
Jan 26, 2023 8:51:24 AM org.openqa.selenium.interactions.Actions moveToElement
INFO: When using the W3C Action commands, offsets are from the element's in-view center point
[INFO] Tests run: 15, Failures: 0, Errors: 0, Skipped: 0, Time elapsed: 0.043 s - in org.fluentlenium.core.action.MouseElementActionsTest
[INFO] Running org.fluentlenium.core.action.FluentJavascriptActionsTest
[INFO] Tests run: 4, Failures: 0, Errors: 0, Skipped: 0, Time elapsed: 0.006 s - in org.fluentlenium.core.action.FluentJavascriptActionsTest
[INFO] Running org.fluentlenium.core.action.FillSelectTest
[INFO] Tests run: 3, Failures: 0, Errors: 0, Skipped: 0, Time elapsed: 0.025 s - in org.fluentlenium.core.action.FillSelectTest
[INFO] Running org.fluentlenium.core.action.KeyboardElementActionsTest
[INFO] Tests run: 5, Failures: 0, Errors: 0, Skipped: 0, Time elapsed: 0.031 s - in org.fluentlenium.core.action.KeyboardElementActionsTest
[INFO] Running org.fluentlenium.core.action.WindowActionsTest
[INFO] Tests run: 15, Failures: 0, Errors: 0, Skipped: 0, Time elapsed: 0.051 s - in org.fluentlenium.core.action.WindowActionsTest
[INFO] Running org.fluentlenium.core.action.FillTest
[INFO] Tests run: 2, Failures: 0, Errors: 0, Skipped: 0, Time elapsed: 0.004 s - in org.fluentlenium.core.action.FillTest
[INFO] Running org.fluentlenium.core.action.KeyboardActionsTest
[INFO] Tests run: 4, Failures: 0, Errors: 0, Skipped: 0, Time elapsed: 0.01 s - in org.fluentlenium.core.action.KeyboardActionsTest
[INFO] Running org.fluentlenium.core.action.MouseActionsTest
[INFO] Tests run: 7, Failures: 0, Errors: 0, Skipped: 0, Time elapsed: 0.016 s - in org.fluentlenium.core.action.MouseActionsTest
[INFO] Running org.fluentlenium.core.filter.PredicateFilterTest
[INFO] Tests run: 1, Failures: 0, Errors: 0, Skipped: 0, Time elapsed: 0.002 s - in org.fluentlenium.core.filter.PredicateFilterTest
[INFO] Running org.fluentlenium.core.filter.AttributeFilterPredicateTest
[INFO] Tests run: 4, Failures: 0, Errors: 0, Skipped: 0, Time elapsed: 0.004 s - in org.fluentlenium.core.filter.AttributeFilterPredicateTest
[INFO] Running org.fluentlenium.core.FluentPageTest
[INFO] Tests run: 9, Failures: 0, Errors: 0, Skipped: 0, Time elapsed: 0.01 s - in org.fluentlenium.core.FluentPageTest
[INFO] Running org.fluentlenium.adapter.FluentAdapterTest
[INFO] Tests run: 10, Failures: 0, Errors: 0, Skipped: 0, Time elapsed: 0.073 s - in org.fluentlenium.adapter.FluentAdapterTest
[INFO] Running org.fluentlenium.adapter.FluentTestRunnerAdapterRetriesTest
[INFO] Tests run: 2, Failures: 0, Errors: 0, Skipped: 0, Time elapsed: 0.123 s - in org.fluentlenium.adapter.FluentTestRunnerAdapterRetriesTest
[INFO] Running org.fluentlenium.adapter.IsolatedTestTest
[INFO] Tests run: 1, Failures: 0, Errors: 0, Skipped: 0, Time elapsed: 0.089 s - in org.fluentlenium.adapter.IsolatedTestTest
[INFO] Running org.fluentlenium.adapter.DriverContainerTest
[INFO] Tests run: 1, Failures: 0, Errors: 0, Skipped: 0, Time elapsed: 0.002 s - in org.fluentlenium.adapter.DriverContainerTest
[INFO] Running org.fluentlenium.adapter.FluentTestRunnerAdapterTest
08:51:24.661 [main] INFO  FluentDriverScreenshotPersister - Created screenshot at: /tmp/testFailedWhenDriverAvailable13462990879613829544/FluentTestRunnerAdapter$MockitoMock$1226567177_test.png
[INFO] Tests run: 7, Failures: 0, Errors: 0, Skipped: 0, Time elapsed: 0.07 s - in org.fluentlenium.adapter.FluentTestRunnerAdapterTest
[INFO] Running org.fluentlenium.configuration.PropertiesBackendConfigurationTest
[INFO] Tests run: 30, Failures: 0, Errors: 0, Skipped: 0, Time elapsed: 0.017 s - in org.fluentlenium.configuration.PropertiesBackendConfigurationTest
[INFO] 
[INFO] Results:
[INFO] 
[WARNING] Tests run: 1015, Failures: 0, Errors: 0, Skipped: 7
[INFO] 
[INFO] 
[INFO] ----------------< org.fluentlenium:fluentlenium-testng >----------------
[INFO] Building FluentLenium TestNG 5.0.2-SNAPSHOT                       [3/13]
[INFO] --------------------------------[ jar ]---------------------------------
[INFO] 
[INFO] --- maven-clean-plugin:3.1.0:clean (default-clean) @ fluentlenium-testng ---
[INFO] Deleting /home/gabsko/breaking-updates/fluentlenium-testng/target
[INFO] 
[INFO] --- flatten-maven-plugin:1.2.7:clean (flatten.clean) @ fluentlenium-testng ---
[INFO] Deleting /home/gabsko/breaking-updates/fluentlenium-testng/.flattened-pom.xml
[INFO] 
[INFO] --- maven-enforcer-plugin:3.0.0:enforce (enforce-maven) @ fluentlenium-testng ---
[INFO] 
[INFO] --- jacoco-maven-plugin:0.8.7:prepare-agent (prepare-agent) @ fluentlenium-testng ---
[INFO] argLine set to -javaagent:/home/gabsko/.m2/repository/org/jacoco/org.jacoco.agent/0.8.7/org.jacoco.agent-0.8.7-runtime.jar=destfile=/home/gabsko/breaking-updates/fluentlenium-testng/target/jacoco.exec,excludes=**com.steadystate*:**com/gargoylesoftware*
[INFO] 
[INFO] --- maven-resources-plugin:3.2.0:resources (default-resources) @ fluentlenium-testng ---
[INFO] Using 'UTF-8' encoding to copy filtered resources.
[INFO] Using 'UTF-8' encoding to copy filtered properties files.
[INFO] skip non existing resourceDirectory /home/gabsko/breaking-updates/fluentlenium-testng/src/main/resources
[INFO] 
[INFO] --- flatten-maven-plugin:1.2.7:flatten (flatten) @ fluentlenium-testng ---
[INFO] Generating flattened POM of project org.fluentlenium:fluentlenium-testng:jar:5.0.2-SNAPSHOT...
[INFO] 
[INFO] --- maven-compiler-plugin:3.8.1:compile (default-compile) @ fluentlenium-testng ---
[INFO] Changes detected - recompiling the module!
[INFO] Compiling 1 source file to /home/gabsko/breaking-updates/fluentlenium-testng/target/classes
[INFO] 
[INFO] --- maven-resources-plugin:3.2.0:testResources (default-testResources) @ fluentlenium-testng ---
[INFO] Using 'UTF-8' encoding to copy filtered resources.
[INFO] Using 'UTF-8' encoding to copy filtered properties files.
[INFO] Copying 4 resources
[INFO] 
[INFO] --- maven-compiler-plugin:3.8.1:testCompile (default-testCompile) @ fluentlenium-testng ---
[INFO] Changes detected - recompiling the module!
[INFO] Compiling 18 source files to /home/gabsko/breaking-updates/fluentlenium-testng/target/test-classes
[INFO] 
[INFO] --- maven-surefire-plugin:3.0.0-M5:test (default-test) @ fluentlenium-testng ---
[INFO] 
[INFO] ---------------< org.fluentlenium:fluentlenium-assertj >----------------
[INFO] Building FluentLenium AssertJ 5.0.2-SNAPSHOT                      [4/13]
[INFO] --------------------------------[ jar ]---------------------------------
[INFO] 
[INFO] --- maven-clean-plugin:3.1.0:clean (default-clean) @ fluentlenium-assertj ---
[INFO] Deleting /home/gabsko/breaking-updates/fluentlenium-assertj/target
[INFO] 
[INFO] --- flatten-maven-plugin:1.2.7:clean (flatten.clean) @ fluentlenium-assertj ---
[INFO] Deleting /home/gabsko/breaking-updates/fluentlenium-assertj/.flattened-pom.xml
[INFO] 
[INFO] --- maven-enforcer-plugin:3.0.0:enforce (enforce-maven) @ fluentlenium-assertj ---
[INFO] 
[INFO] --- jacoco-maven-plugin:0.8.7:prepare-agent (prepare-agent) @ fluentlenium-assertj ---
[INFO] argLine set to -javaagent:/home/gabsko/.m2/repository/org/jacoco/org.jacoco.agent/0.8.7/org.jacoco.agent-0.8.7-runtime.jar=destfile=/home/gabsko/breaking-updates/fluentlenium-assertj/target/jacoco.exec,excludes=**com.steadystate*:**com/gargoylesoftware*
[INFO] 
[INFO] --- maven-resources-plugin:3.2.0:resources (default-resources) @ fluentlenium-assertj ---
[INFO] Using 'UTF-8' encoding to copy filtered resources.
[INFO] Using 'UTF-8' encoding to copy filtered properties files.
[INFO] skip non existing resourceDirectory /home/gabsko/breaking-updates/fluentlenium-assertj/src/main/resources
[INFO] 
[INFO] --- flatten-maven-plugin:1.2.7:flatten (flatten) @ fluentlenium-assertj ---
[INFO] Generating flattened POM of project org.fluentlenium:fluentlenium-assertj:jar:5.0.2-SNAPSHOT...
[INFO] 
[INFO] --- maven-compiler-plugin:3.8.1:compile (default-compile) @ fluentlenium-assertj ---
[INFO] Changes detected - recompiling the module!
[INFO] Compiling 16 source files to /home/gabsko/breaking-updates/fluentlenium-assertj/target/classes
[INFO] 
[INFO] --- maven-resources-plugin:3.2.0:testResources (default-testResources) @ fluentlenium-assertj ---
[INFO] Using 'UTF-8' encoding to copy filtered resources.
[INFO] Using 'UTF-8' encoding to copy filtered properties files.
[INFO] Copying 4 resources
[INFO] 
[INFO] --- maven-compiler-plugin:3.8.1:testCompile (default-testCompile) @ fluentlenium-assertj ---
[INFO] Changes detected - recompiling the module!
[INFO] Compiling 38 source files to /home/gabsko/breaking-updates/fluentlenium-assertj/target/test-classes
[INFO] /home/gabsko/breaking-updates/fluentlenium-assertj/src/test/java/org/fluentlenium/assertj/custom/FluentListAssertTest.java: Some input files use or override a deprecated API.
[INFO] /home/gabsko/breaking-updates/fluentlenium-assertj/src/test/java/org/fluentlenium/assertj/custom/FluentListAssertTest.java: Recompile with -Xlint:deprecation for details.
[INFO] 
[INFO] --- maven-surefire-plugin:3.0.0-M5:test (default-test) @ fluentlenium-assertj ---
[INFO] 
[INFO] -------------------------------------------------------
[INFO]  T E S T S
[INFO] -------------------------------------------------------
[INFO] Running TestSuite
[ERROR] OpenJDK 64-Bit Server VM warning: Sharing is only supported for boot loader classes because bootstrap classpath has been appended
[INFO] Tests run: 142, Failures: 0, Errors: 0, Skipped: 0, Time elapsed: 4.377 s - in TestSuite
[INFO] 
[INFO] Results:
[INFO] 
[INFO] Tests run: 142, Failures: 0, Errors: 0, Skipped: 0
[INFO] 
[INFO] 
[INFO] ------------< org.fluentlenium:fluentlenium-junit-jupiter >-------------
[INFO] Building FluentLenium JUnit Jupiter 5.0.2-SNAPSHOT                [5/13]
[INFO] --------------------------------[ jar ]---------------------------------
[INFO] 
[INFO] --- maven-clean-plugin:3.1.0:clean (default-clean) @ fluentlenium-junit-jupiter ---
[INFO] Deleting /home/gabsko/breaking-updates/fluentlenium-junit-jupiter/target
[INFO] 
[INFO] --- flatten-maven-plugin:1.2.7:clean (flatten.clean) @ fluentlenium-junit-jupiter ---
[INFO] Deleting /home/gabsko/breaking-updates/fluentlenium-junit-jupiter/.flattened-pom.xml
[INFO] 
[INFO] --- maven-enforcer-plugin:3.0.0:enforce (enforce-maven) @ fluentlenium-junit-jupiter ---
[INFO] 
[INFO] --- jacoco-maven-plugin:0.8.7:prepare-agent (prepare-agent) @ fluentlenium-junit-jupiter ---
[INFO] argLine set to -javaagent:/home/gabsko/.m2/repository/org/jacoco/org.jacoco.agent/0.8.7/org.jacoco.agent-0.8.7-runtime.jar=destfile=/home/gabsko/breaking-updates/fluentlenium-junit-jupiter/target/jacoco.exec,excludes=**com.steadystate*:**com/gargoylesoftware*
[INFO] 
[INFO] --- maven-resources-plugin:3.2.0:resources (default-resources) @ fluentlenium-junit-jupiter ---
[INFO] Using 'UTF-8' encoding to copy filtered resources.
[INFO] Using 'UTF-8' encoding to copy filtered properties files.
[INFO] skip non existing resourceDirectory /home/gabsko/breaking-updates/fluentlenium-junit-jupiter/src/main/resources
[INFO] 
[INFO] --- flatten-maven-plugin:1.2.7:flatten (flatten) @ fluentlenium-junit-jupiter ---
[INFO] Generating flattened POM of project org.fluentlenium:fluentlenium-junit-jupiter:jar:5.0.2-SNAPSHOT...
[INFO] 
[INFO] --- maven-compiler-plugin:3.8.1:compile (default-compile) @ fluentlenium-junit-jupiter ---
[INFO] Changes detected - recompiling the module!
[INFO] Compiling 3 source files to /home/gabsko/breaking-updates/fluentlenium-junit-jupiter/target/classes
[INFO] 
[INFO] --- maven-resources-plugin:3.2.0:testResources (default-testResources) @ fluentlenium-junit-jupiter ---
[INFO] Using 'UTF-8' encoding to copy filtered resources.
[INFO] Using 'UTF-8' encoding to copy filtered properties files.
[INFO] Copying 3 resources
[INFO] 
[INFO] --- maven-compiler-plugin:3.8.1:testCompile (default-testCompile) @ fluentlenium-junit-jupiter ---
[INFO] Changes detected - recompiling the module!
[INFO] Compiling 10 source files to /home/gabsko/breaking-updates/fluentlenium-junit-jupiter/target/test-classes
[INFO] 
[INFO] --- maven-surefire-plugin:3.0.0-M5:test (default-test) @ fluentlenium-junit-jupiter ---
[INFO] 
[INFO] -------------------------------------------------------
[INFO]  T E S T S
[INFO] -------------------------------------------------------
[INFO] Running org.fluentlenium.adapter.junit.jupiter.FluentJUnitJupiterTest
08:51:35.661 [main] INFO  WebDriverManager - Using chromedriver 102.0.5005.61 (resolved driver for Chrome 102)
08:51:35.688 [main] INFO  WebDriverManager - Exporting webdriver.chrome.driver as /home/gabsko/.cache/selenium/chromedriver/linux64/102.0.5005.61/chromedriver
08:51:36.143 [main] INFO  WebDriverManager - Using chromedriver 102.0.5005.61 (resolved driver for Chrome 102)
08:51:36.148 [main] INFO  WebDriverManager - Exporting webdriver.chrome.driver as /home/gabsko/.cache/selenium/chromedriver/linux64/102.0.5005.61/chromedriver
ChromeDriver was started successfully.
08:52:36.276 [main] INFO  WebDriverManager - Using chromedriver 102.0.5005.61 (resolved driver for Chrome 102)
08:52:36.280 [main] INFO  WebDriverManager - Exporting webdriver.chrome.driver as /home/gabsko/.cache/selenium/chromedriver/linux64/102.0.5005.61/chromedriver
08:52:36.305 [main] INFO  WebDriverManager - Using chromedriver 102.0.5005.61 (resolved driver for Chrome 102)
08:52:36.308 [main] INFO  WebDriverManager - Exporting webdriver.chrome.driver as /home/gabsko/.cache/selenium/chromedriver/linux64/102.0.5005.61/chromedriver
[ERROR] Tests run: 4, Failures: 0, Errors: 1, Skipped: 0, Time elapsed: 62.523 s <<< FAILURE! - in org.fluentlenium.adapter.junit.jupiter.FluentJUnitJupiterTest
[ERROR] org.fluentlenium.adapter.junit.jupiter.FluentJUnitJupiterTest.testBeforeEach  Time elapsed: 60.115 s  <<< ERROR!
org.openqa.selenium.WebDriverException: 
Browser failed to start, test [ test1 ] execution interrupted.
Caused by: [ NettyHttpHandler request interrupted]
Build info: version: '4.1.0', revision: '87802e897b'
System info: host: 'repairnator', ip: '127.0.1.1', os.name: 'Linux', os.arch: 'amd64', os.version: '5.4.0-113-generic', java.version: '11.0.17'
Driver info: driver.version: unknown
	at org.fluentlenium.adapter.junit.jupiter.FluentJUnitJupiterTest.testBeforeEach(FluentJUnitJupiterTest.java:49)
Caused by: java.util.concurrent.ExecutionException: org.fluentlenium.configuration.ConfigurationException: Can't create new WebDriver instance
	at org.fluentlenium.adapter.junit.jupiter.FluentJUnitJupiterTest.testBeforeEach(FluentJUnitJupiterTest.java:49)
Caused by: org.fluentlenium.configuration.ConfigurationException: Can't create new WebDriver instance
Caused by: java.lang.reflect.InvocationTargetException
Caused by: org.openqa.selenium.SessionNotCreatedException: 
Could not start a new session. Possible causes are invalid address of the remote server or browser start-up failure.
Build info: version: '4.1.0', revision: '87802e897b'
System info: host: 'repairnator', ip: '127.0.1.1', os.name: 'Linux', os.arch: 'amd64', os.version: '5.4.0-113-generic', java.version: '11.0.17'
Driver info: org.openqa.selenium.chrome.ChromeDriver
Command: [null, newSession {capabilities=[Capabilities {goog:chromeOptions: {args: [headless, no-sandbox, disable-gpu, disable-dev-shm-usage]}}], desiredCapabilities=Capabilities {chromeOptions: {args: [headless, no-sandbox, disable-gpu, disable-dev-shm-usage]}}}]
Caused by: java.lang.RuntimeException: NettyHttpHandler request interrupted
Caused by: java.lang.InterruptedException

[INFO] 
[INFO] Results:
[INFO] 
[ERROR] Errors: 
[ERROR]   FluentJUnitJupiterTest.testBeforeEach:49 Â» WebDriver Browser failed to start, ...
[INFO] 
[ERROR] Tests run: 4, Failures: 0, Errors: 1, Skipped: 0
[INFO] 
[INFO] ------------------------------------------------------------------------
[INFO] Reactor Summary for FluentLenium 5.0.2-SNAPSHOT:
[INFO] 
[INFO] FluentLenium ....................................... SUCCESS [  0.602 s]
[INFO] FluentLenium Core .................................. SUCCESS [02:42 min]
[INFO] FluentLenium TestNG ................................ SUCCESS [  0.958 s]
[INFO] FluentLenium AssertJ ............................... SUCCESS [  6.178 s]
[INFO] FluentLenium JUnit Jupiter ......................... FAILURE [01:04 min]
[INFO] FluentLenium Integration Tests ..................... SKIPPED
[INFO] FluentLenium JUnit ................................. SKIPPED
[INFO] FluentLenium Spring TestNG ......................... SKIPPED
[INFO] FluentLenium Cucumber .............................. SKIPPED
[INFO] FluentLenium Spock ................................. SKIPPED
[INFO] FluentLenium Kotest ................................ SKIPPED
[INFO] FluentLenium Kotest Assertions ..................... SKIPPED
[INFO] FluentLenium Coverage Report ....................... SKIPPED
[INFO] ------------------------------------------------------------------------
[INFO] BUILD FAILURE
[INFO] ------------------------------------------------------------------------
[INFO] Total time:  03:54 min
[INFO] Finished at: 2023-01-26T08:52:36Z
[INFO] ------------------------------------------------------------------------
[ERROR] Failed to execute goal org.apache.maven.plugins:maven-surefire-plugin:3.0.0-M5:test (default-test) on project fluentlenium-junit-jupiter: There are test failures.
[ERROR] 
[ERROR] Please refer to /home/gabsko/breaking-updates/fluentlenium-junit-jupiter/target/surefire-reports for the individual test results.
[ERROR] Please refer to dump files (if any exist) [date].dump, [date]-jvmRun[N].dump and [date].dumpstream.
[ERROR] -> [Help 1]
[ERROR] 
[ERROR] To see the full stack trace of the errors, re-run Maven with the -e switch.
[ERROR] Re-run Maven using the -X switch to enable full debug logging.
[ERROR] 
[ERROR] For more information about the errors and possible solutions, please read the following articles:
[ERROR] [Help 1] http://cwiki.apache.org/confluence/display/MAVEN/MojoFailureException
[ERROR] 
[ERROR] After correcting the problems, you can resume the build with the command
[ERROR]   mvn <args> -rf :fluentlenium-junit-jupiter
