[INFO] Scanning for projects...
[INFO] 
[INFO] -----------< org.apache.maven.plugins:maven-javadoc-plugin >------------
[INFO] Building Apache Maven Javadoc Plugin 3.3.1-SNAPSHOT
[INFO] ----------------------------[ maven-plugin ]----------------------------
[INFO] 
[INFO] --- maven-clean-plugin:3.1.0:clean (default-clean) @ maven-javadoc-plugin ---
[INFO] Deleting /home/gabsko/breaking-updates/target
[INFO] 
[INFO] --- maven-enforcer-plugin:1.4.1:enforce (enforce-maven-version) @ maven-javadoc-plugin ---
[INFO] 
[INFO] --- maven-enforcer-plugin:1.4.1:enforce (enforce-bytecode-version) @ maven-javadoc-plugin ---
[INFO] Adding ignore: module-info
[INFO] 
[INFO] --- maven-enforcer-plugin:1.4.1:enforce (ensure-no-container-api) @ maven-javadoc-plugin ---
[INFO] 
[INFO] --- apache-rat-plugin:0.13:check (rat-check) @ maven-javadoc-plugin ---
[INFO] Enabled default license matchers.
[INFO] Will parse SCM ignores for exclusions...
[INFO] Parsing exclusions from /home/gabsko/breaking-updates/.gitignore
[INFO] Finished adding exclusions from SCM ignore files.
[INFO] 74 implicit excludes (use -debug for more details).
[INFO] 13 explicit excludes (use -debug for more details).
[INFO] 888 resources included (use -debug for more details)
[INFO] Rat check: Summary over all files. Unapproved: 0, unknown: 0, generated: 0, approved: 861 licenses.
[INFO] 
[INFO] --- modello-maven-plugin:1.9.1:java (default) @ maven-javadoc-plugin ---
[INFO] outputDirectory: /home/gabsko/breaking-updates/target/generated-sources/modello
[INFO] Working on model: src/main/mdo/javadocOptions.mdo
[INFO] Generating current version: 1.1.0
[INFO] 
[INFO] --- modello-maven-plugin:1.9.1:xpp3-reader (default) @ maven-javadoc-plugin ---
[INFO] outputDirectory: /home/gabsko/breaking-updates/target/generated-sources/modello
[INFO] Working on model: src/main/mdo/javadocOptions.mdo
[INFO] Generating current version: 1.1.0
[INFO] 
[INFO] --- modello-maven-plugin:1.9.1:xpp3-writer (default) @ maven-javadoc-plugin ---
[INFO] outputDirectory: /home/gabsko/breaking-updates/target/generated-sources/modello
[INFO] Working on model: src/main/mdo/javadocOptions.mdo
[INFO] Generating current version: 1.1.0
[INFO] 
[INFO] --- maven-plugin-plugin:3.6.1:helpmojo (generate-helpmojo) @ maven-javadoc-plugin ---
[INFO] Using 'UTF-8' encoding to read mojo source files.
[INFO] java-javadoc mojo extractor found 0 mojo descriptor.
[INFO] ant mojo extractor found 0 mojo descriptor.
[INFO] bsh mojo extractor found 0 mojo descriptor.
[INFO] java-annotations mojo extractor found 0 mojo descriptor.
[INFO] 
[INFO] --- maven-remote-resources-plugin:1.7.0:process (process-resource-bundles) @ maven-javadoc-plugin ---
[INFO] Preparing remote bundle org.apache:apache-jar-resource-bundle:1.4
[INFO] Copying 3 resources from 1 bundle.
[INFO] 
[INFO] --- maven-resources-plugin:3.1.0:resources (default-resources) @ maven-javadoc-plugin ---
[INFO] Using 'UTF-8' encoding to copy filtered resources.
[INFO] Copying 30 resources
[INFO] Copying 3 resources
[INFO] 
[INFO] --- maven-compiler-plugin:3.8.1:compile (default-compile) @ maven-javadoc-plugin ---
[INFO] Changes detected - recompiling the module!
[INFO] Compiling 42 source files to /home/gabsko/breaking-updates/target/classes
[INFO] /home/gabsko/breaking-updates/src/main/java/org/apache/maven/plugins/javadoc/resolver/ResourceResolver.java: Some input files use or override a deprecated API.
[INFO] /home/gabsko/breaking-updates/src/main/java/org/apache/maven/plugins/javadoc/resolver/ResourceResolver.java: Recompile with -Xlint:deprecation for details.
[INFO] /home/gabsko/breaking-updates/src/main/java/org/apache/maven/plugins/javadoc/AbstractJavadocMojo.java: Some input files use unchecked or unsafe operations.
[INFO] /home/gabsko/breaking-updates/src/main/java/org/apache/maven/plugins/javadoc/AbstractJavadocMojo.java: Recompile with -Xlint:unchecked for details.
[INFO] 
[INFO] --- maven-plugin-plugin:3.6.1:descriptor (default-descriptor) @ maven-javadoc-plugin ---
[INFO] Using 'UTF-8' encoding to read mojo source files.
[INFO] java-javadoc mojo extractor found 0 mojo descriptor.
[INFO] ant mojo extractor found 0 mojo descriptor.
[INFO] bsh mojo extractor found 0 mojo descriptor.
[INFO] java-annotations mojo extractor found 17 mojo descriptors.
[INFO] 
[INFO] --- plexus-component-metadata:2.0.0:generate-metadata (default) @ maven-javadoc-plugin ---
[INFO] Discovered 1 component descriptors(s)
[INFO] 
[INFO] --- maven-resources-plugin:3.1.0:testResources (default-testResources) @ maven-javadoc-plugin ---
[INFO] Using 'UTF-8' encoding to copy filtered resources.
[INFO] Copying 180 resources
[INFO] Copying 3 resources
[INFO] 
[INFO] --- maven-compiler-plugin:3.8.1:testCompile (default-testCompile) @ maven-javadoc-plugin ---
[INFO] Changes detected - recompiling the module!
[INFO] Compiling 55 source files to /home/gabsko/breaking-updates/target/test-classes
[INFO] /home/gabsko/breaking-updates/src/test/java/org/apache/maven/plugins/javadoc/stubs/StylesheetFileMavenProjectStub.java: Some input files use or override a deprecated API.
[INFO] /home/gabsko/breaking-updates/src/test/java/org/apache/maven/plugins/javadoc/stubs/StylesheetFileMavenProjectStub.java: Recompile with -Xlint:deprecation for details.
[INFO] 
[INFO] --- plexus-component-metadata:2.0.0:generate-test-metadata (default) @ maven-javadoc-plugin ---
[INFO] 
[INFO] --- maven-surefire-plugin:2.22.0:test (default-test) @ maven-javadoc-plugin ---
[INFO] 
[INFO] -------------------------------------------------------
[INFO]  T E S T S
[INFO] -------------------------------------------------------
[INFO] Running org.apache.maven.plugins.javadoc.JavadocReportTest
[ERROR] ProjectBuildingException for Mock for Artifact, hashCode: 871065432: Error resolving project artifact: Could not find artifact commons-logging:commons-logging:pom:1.1.1 for project null
[main] INFO org.eclipse.jetty.util.log - Logging initialized @4777ms to org.eclipse.jetty.util.log.Slf4jLog
[main] INFO org.eclipse.jetty.server.Server - jetty-9.4.43.v20210629; built: 2021-06-30T11:07:22.254Z; git: 526006ecfa3af7f1a27ef3a288e2bef7ea9dd7e8; jvm 11.0.17+8-post-Ubuntu-1ubuntu218.04
[main] INFO org.eclipse.jetty.server.session - DefaultSessionIdManager workerName=node0
[main] INFO org.eclipse.jetty.server.session - No SessionScavenger set, using defaults
[main] INFO org.eclipse.jetty.server.session - node0 Scavenging every 660000ms
[main] INFO org.eclipse.jetty.server.handler.ContextHandler - Started o.e.j.s.ServletContextHandler@74b00247{/,null,AVAILABLE}
[main] INFO org.eclipse.jetty.server.AbstractConnector - Started ServerConnector@5f61371d{HTTP/1.1, (http/1.1)}{localhost:35573}
[main] INFO org.eclipse.jetty.server.Server - Started @5177ms
[ERROR] ProjectBuildingException for Mock for Artifact, hashCode: 1917214386: Error resolving project artifact: Could not find artifact commons-logging:commons-logging:pom:1.1.1 for project null
[main] INFO org.eclipse.jetty.server.AbstractConnector - Stopped ServerConnector@5f61371d{HTTP/1.1, (http/1.1)}{localhost:0}
[main] INFO org.eclipse.jetty.server.session - node0 Stopped scavenging
[main] INFO org.eclipse.jetty.server.handler.ContextHandler - Stopped o.e.j.s.ServletContextHandler@74b00247{/,null,STOPPED}
[main] INFO org.eclipse.jetty.server.Server - jetty-9.4.43.v20210629; built: 2021-06-30T11:07:22.254Z; git: 526006ecfa3af7f1a27ef3a288e2bef7ea9dd7e8; jvm 11.0.17+8-post-Ubuntu-1ubuntu218.04
[main] INFO org.eclipse.jetty.server.session - DefaultSessionIdManager workerName=node0
[main] INFO org.eclipse.jetty.server.session - No SessionScavenger set, using defaults
[main] INFO org.eclipse.jetty.server.session - node0 Scavenging every 660000ms
[main] INFO org.eclipse.jetty.server.handler.ContextHandler - Started o.e.j.s.ServletContextHandler@752b69e3{/,null,AVAILABLE}
[main] INFO org.eclipse.jetty.server.AbstractConnector - Started ServerConnector@1f916219{HTTP/1.1, (http/1.1)}{localhost:46685}
[main] INFO org.eclipse.jetty.server.Server - Started @6101ms
[ERROR] ProjectBuildingException for Mock for Artifact, hashCode: 1561936660: Error resolving project artifact: Could not find artifact commons-logging:commons-logging:pom:1.1.1 for project null
[main] INFO org.eclipse.jetty.server.AbstractConnector - Stopped ServerConnector@1f916219{HTTP/1.1, (http/1.1)}{localhost:0}
[main] INFO org.eclipse.jetty.server.session - node0 Stopped scavenging
[main] INFO org.eclipse.jetty.server.handler.ContextHandler - Stopped o.e.j.s.ServletContextHandler@752b69e3{/,null,STOPPED}
[WARNING] Unsupported option <locale/> with variant 'fr_CA_wrong', trying to use <locale/> without variant, i.e. 'fr_CA'
[WARNING] Source files encoding has not been set, using platform encoding UTF-8, i.e. build is platform dependent!
[ERROR] Tests run: 23, Failures: 1, Errors: 8, Skipped: 0, Time elapsed: 16.572 s <<< FAILURE! - in org.apache.maven.plugins.javadoc.JavadocReportTest
[ERROR] testToFindJavadoc(org.apache.maven.plugins.javadoc.JavadocReportTest)  Time elapsed: 0.074 s  <<< ERROR!
org.apache.maven.plugin.MojoExecutionException: An error has occurred in Javadoc report generation: Unable to find javadoc command: The environment variable JAVA_HOME is not correctly set.
	at org.apache.maven.plugins.javadoc.AbstractJavadocMojo.failOnError(AbstractJavadocMojo.java:7065)
	at org.apache.maven.plugins.javadoc.JavadocReport.doExecute(JavadocReport.java:328)
	at org.apache.maven.plugins.javadoc.AbstractJavadocMojo.execute(AbstractJavadocMojo.java:2016)
	at org.apache.maven.plugins.javadoc.JavadocReportTest.testToFindJavadoc(JavadocReportTest.java:752)
	at java.base/jdk.internal.reflect.NativeMethodAccessorImpl.invoke0(Native Method)
	at java.base/jdk.internal.reflect.NativeMethodAccessorImpl.invoke(NativeMethodAccessorImpl.java:62)
	at java.base/jdk.internal.reflect.DelegatingMethodAccessorImpl.invoke(DelegatingMethodAccessorImpl.java:43)
	at java.base/java.lang.reflect.Method.invoke(Method.java:566)
	at junit.framework.TestCase.runTest(TestCase.java:177)
	at junit.framework.TestCase.runBare(TestCase.java:142)
	at junit.framework.TestResult$1.protect(TestResult.java:122)
	at junit.framework.TestResult.runProtected(TestResult.java:142)
	at junit.framework.TestResult.run(TestResult.java:125)
	at junit.framework.TestCase.run(TestCase.java:130)
	at junit.framework.TestSuite.runTest(TestSuite.java:241)
	at junit.framework.TestSuite.run(TestSuite.java:236)
	at org.junit.internal.runners.JUnit38ClassRunner.run(JUnit38ClassRunner.java:90)
	at org.apache.maven.surefire.junit4.JUnit4Provider.execute(JUnit4Provider.java:365)
	at org.apache.maven.surefire.junit4.JUnit4Provider.executeWithRerun(JUnit4Provider.java:273)
	at org.apache.maven.surefire.junit4.JUnit4Provider.executeTestSet(JUnit4Provider.java:238)
	at org.apache.maven.surefire.junit4.JUnit4Provider.invoke(JUnit4Provider.java:159)
	at org.apache.maven.surefire.booter.ForkedBooter.invokeProviderInSameClassLoader(ForkedBooter.java:383)
	at org.apache.maven.surefire.booter.ForkedBooter.runSuitesInProcess(ForkedBooter.java:344)
	at org.apache.maven.surefire.booter.ForkedBooter.execute(ForkedBooter.java:125)
	at org.apache.maven.surefire.booter.ForkedBooter.main(ForkedBooter.java:417)
Caused by: org.apache.maven.reporting.MavenReportException: Unable to find javadoc command: The environment variable JAVA_HOME is not correctly set.
	at org.apache.maven.plugins.javadoc.AbstractJavadocMojo.executeReport(AbstractJavadocMojo.java:2102)
	at org.apache.maven.plugins.javadoc.JavadocReport.generate(JavadocReport.java:135)
	at org.apache.maven.plugins.javadoc.JavadocReport.doExecute(JavadocReport.java:324)
	... 23 more
Caused by: java.io.IOException: The environment variable JAVA_HOME is not correctly set.
	at org.apache.maven.plugins.javadoc.AbstractJavadocMojo.getJavadocExecutable(AbstractJavadocMojo.java:4000)
	at org.apache.maven.plugins.javadoc.AbstractJavadocMojo.executeReport(AbstractJavadocMojo.java:2098)
	... 25 more

[ERROR] testQuotedPath(org.apache.maven.plugins.javadoc.JavadocReportTest)  Time elapsed: 0.056 s  <<< ERROR!
org.apache.maven.plugin.MojoExecutionException: An error has occurred in Javadoc report generation: Unable to find javadoc command: The environment variable JAVA_HOME is not correctly set.
	at org.apache.maven.plugins.javadoc.AbstractJavadocMojo.failOnError(AbstractJavadocMojo.java:7065)
	at org.apache.maven.plugins.javadoc.JavadocReport.doExecute(JavadocReport.java:328)
	at org.apache.maven.plugins.javadoc.AbstractJavadocMojo.execute(AbstractJavadocMojo.java:2016)
	at org.apache.maven.plugins.javadoc.JavadocReportTest.testQuotedPath(JavadocReportTest.java:550)
	at java.base/jdk.internal.reflect.NativeMethodAccessorImpl.invoke0(Native Method)
	at java.base/jdk.internal.reflect.NativeMethodAccessorImpl.invoke(NativeMethodAccessorImpl.java:62)
	at java.base/jdk.internal.reflect.DelegatingMethodAccessorImpl.invoke(DelegatingMethodAccessorImpl.java:43)
	at java.base/java.lang.reflect.Method.invoke(Method.java:566)
	at junit.framework.TestCase.runTest(TestCase.java:177)
	at junit.framework.TestCase.runBare(TestCase.java:142)
	at junit.framework.TestResult$1.protect(TestResult.java:122)
	at junit.framework.TestResult.runProtected(TestResult.java:142)
	at junit.framework.TestResult.run(TestResult.java:125)
	at junit.framework.TestCase.run(TestCase.java:130)
	at junit.framework.TestSuite.runTest(TestSuite.java:241)
	at junit.framework.TestSuite.run(TestSuite.java:236)
	at org.junit.internal.runners.JUnit38ClassRunner.run(JUnit38ClassRunner.java:90)
	at org.apache.maven.surefire.junit4.JUnit4Provider.execute(JUnit4Provider.java:365)
	at org.apache.maven.surefire.junit4.JUnit4Provider.executeWithRerun(JUnit4Provider.java:273)
	at org.apache.maven.surefire.junit4.JUnit4Provider.executeTestSet(JUnit4Provider.java:238)
	at org.apache.maven.surefire.junit4.JUnit4Provider.invoke(JUnit4Provider.java:159)
	at org.apache.maven.surefire.booter.ForkedBooter.invokeProviderInSameClassLoader(ForkedBooter.java:383)
	at org.apache.maven.surefire.booter.ForkedBooter.runSuitesInProcess(ForkedBooter.java:344)
	at org.apache.maven.surefire.booter.ForkedBooter.execute(ForkedBooter.java:125)
	at org.apache.maven.surefire.booter.ForkedBooter.main(ForkedBooter.java:417)
Caused by: org.apache.maven.reporting.MavenReportException: Unable to find javadoc command: The environment variable JAVA_HOME is not correctly set.
	at org.apache.maven.plugins.javadoc.AbstractJavadocMojo.executeReport(AbstractJavadocMojo.java:2102)
	at org.apache.maven.plugins.javadoc.JavadocReport.generate(JavadocReport.java:135)
	at org.apache.maven.plugins.javadoc.JavadocReport.doExecute(JavadocReport.java:324)
	... 23 more
Caused by: java.io.IOException: The environment variable JAVA_HOME is not correctly set.
	at org.apache.maven.plugins.javadoc.AbstractJavadocMojo.getJavadocExecutable(AbstractJavadocMojo.java:4000)
	at org.apache.maven.plugins.javadoc.AbstractJavadocMojo.executeReport(AbstractJavadocMojo.java:2098)
	... 25 more

[ERROR] testDefaultConfiguration(org.apache.maven.plugins.javadoc.JavadocReportTest)  Time elapsed: 0.074 s  <<< ERROR!
org.apache.maven.plugin.MojoExecutionException: An error has occurred in Javadoc report generation: Unable to find javadoc command: The environment variable JAVA_HOME is not correctly set.
	at org.apache.maven.plugins.javadoc.AbstractJavadocMojo.failOnError(AbstractJavadocMojo.java:7065)
	at org.apache.maven.plugins.javadoc.JavadocReport.doExecute(JavadocReport.java:328)
	at org.apache.maven.plugins.javadoc.AbstractJavadocMojo.execute(AbstractJavadocMojo.java:2016)
	at org.apache.maven.plugins.javadoc.JavadocReportTest.testDefaultConfiguration(JavadocReportTest.java:251)
	at java.base/jdk.internal.reflect.NativeMethodAccessorImpl.invoke0(Native Method)
	at java.base/jdk.internal.reflect.NativeMethodAccessorImpl.invoke(NativeMethodAccessorImpl.java:62)
	at java.base/jdk.internal.reflect.DelegatingMethodAccessorImpl.invoke(DelegatingMethodAccessorImpl.java:43)
	at java.base/java.lang.reflect.Method.invoke(Method.java:566)
	at junit.framework.TestCase.runTest(TestCase.java:177)
	at junit.framework.TestCase.runBare(TestCase.java:142)
	at junit.framework.TestResult$1.protect(TestResult.java:122)
	at junit.framework.TestResult.runProtected(TestResult.java:142)
	at junit.framework.TestResult.run(TestResult.java:125)
	at junit.framework.TestCase.run(TestCase.java:130)
	at junit.framework.TestSuite.runTest(TestSuite.java:241)
	at junit.framework.TestSuite.run(TestSuite.java:236)
	at org.junit.internal.runners.JUnit38ClassRunner.run(JUnit38ClassRunner.java:90)
	at org.apache.maven.surefire.junit4.JUnit4Provider.execute(JUnit4Provider.java:365)
	at org.apache.maven.surefire.junit4.JUnit4Provider.executeWithRerun(JUnit4Provider.java:273)
	at org.apache.maven.surefire.junit4.JUnit4Provider.executeTestSet(JUnit4Provider.java:238)
	at org.apache.maven.surefire.junit4.JUnit4Provider.invoke(JUnit4Provider.java:159)
	at org.apache.maven.surefire.booter.ForkedBooter.invokeProviderInSameClassLoader(ForkedBooter.java:383)
	at org.apache.maven.surefire.booter.ForkedBooter.runSuitesInProcess(ForkedBooter.java:344)
	at org.apache.maven.surefire.booter.ForkedBooter.execute(ForkedBooter.java:125)
	at org.apache.maven.surefire.booter.ForkedBooter.main(ForkedBooter.java:417)
Caused by: org.apache.maven.reporting.MavenReportException: Unable to find javadoc command: The environment variable JAVA_HOME is not correctly set.
	at org.apache.maven.plugins.javadoc.AbstractJavadocMojo.executeReport(AbstractJavadocMojo.java:2102)
	at org.apache.maven.plugins.javadoc.JavadocReport.generate(JavadocReport.java:135)
	at org.apache.maven.plugins.javadoc.JavadocReport.doExecute(JavadocReport.java:324)
	... 23 more
Caused by: java.io.IOException: The environment variable JAVA_HOME is not correctly set.
	at org.apache.maven.plugins.javadoc.AbstractJavadocMojo.getJavadocExecutable(AbstractJavadocMojo.java:4000)
	at org.apache.maven.plugins.javadoc.AbstractJavadocMojo.executeReport(AbstractJavadocMojo.java:2098)
	... 25 more

[ERROR] testCustomConfiguration(org.apache.maven.plugins.javadoc.JavadocReportTest)  Time elapsed: 0.082 s  <<< ERROR!
org.apache.maven.plugin.MojoExecutionException: An error has occurred in Javadoc report generation: Unable to find javadoc command: The environment variable JAVA_HOME is not correctly set.
	at org.apache.maven.plugins.javadoc.AbstractJavadocMojo.failOnError(AbstractJavadocMojo.java:7065)
	at org.apache.maven.plugins.javadoc.JavadocReport.doExecute(JavadocReport.java:328)
	at org.apache.maven.plugins.javadoc.AbstractJavadocMojo.execute(AbstractJavadocMojo.java:2016)
	at org.apache.maven.plugins.javadoc.JavadocReportTest.testCustomConfiguration(JavadocReportTest.java:413)
	at java.base/jdk.internal.reflect.NativeMethodAccessorImpl.invoke0(Native Method)
	at java.base/jdk.internal.reflect.NativeMethodAccessorImpl.invoke(NativeMethodAccessorImpl.java:62)
	at java.base/jdk.internal.reflect.DelegatingMethodAccessorImpl.invoke(DelegatingMethodAccessorImpl.java:43)
	at java.base/java.lang.reflect.Method.invoke(Method.java:566)
	at junit.framework.TestCase.runTest(TestCase.java:177)
	at junit.framework.TestCase.runBare(TestCase.java:142)
	at junit.framework.TestResult$1.protect(TestResult.java:122)
	at junit.framework.TestResult.runProtected(TestResult.java:142)
	at junit.framework.TestResult.run(TestResult.java:125)
	at junit.framework.TestCase.run(TestCase.java:130)
	at junit.framework.TestSuite.runTest(TestSuite.java:241)
	at junit.framework.TestSuite.run(TestSuite.java:236)
	at org.junit.internal.runners.JUnit38ClassRunner.run(JUnit38ClassRunner.java:90)
	at org.apache.maven.surefire.junit4.JUnit4Provider.execute(JUnit4Provider.java:365)
	at org.apache.maven.surefire.junit4.JUnit4Provider.executeWithRerun(JUnit4Provider.java:273)
	at org.apache.maven.surefire.junit4.JUnit4Provider.executeTestSet(JUnit4Provider.java:238)
	at org.apache.maven.surefire.junit4.JUnit4Provider.invoke(JUnit4Provider.java:159)
	at org.apache.maven.surefire.booter.ForkedBooter.invokeProviderInSameClassLoader(ForkedBooter.java:383)
	at org.apache.maven.surefire.booter.ForkedBooter.runSuitesInProcess(ForkedBooter.java:344)
	at org.apache.maven.surefire.booter.ForkedBooter.execute(ForkedBooter.java:125)
	at org.apache.maven.surefire.booter.ForkedBooter.main(ForkedBooter.java:417)
Caused by: org.apache.maven.reporting.MavenReportException: Unable to find javadoc command: The environment variable JAVA_HOME is not correctly set.
	at org.apache.maven.plugins.javadoc.AbstractJavadocMojo.executeReport(AbstractJavadocMojo.java:2102)
	at org.apache.maven.plugins.javadoc.JavadocReport.generate(JavadocReport.java:135)
	at org.apache.maven.plugins.javadoc.JavadocReport.doExecute(JavadocReport.java:324)
	... 23 more
Caused by: java.io.IOException: The environment variable JAVA_HOME is not correctly set.
	at org.apache.maven.plugins.javadoc.AbstractJavadocMojo.getJavadocExecutable(AbstractJavadocMojo.java:4000)
	at org.apache.maven.plugins.javadoc.AbstractJavadocMojo.executeReport(AbstractJavadocMojo.java:2098)
	... 25 more

[ERROR] testSubpackages(org.apache.maven.plugins.javadoc.JavadocReportTest)  Time elapsed: 0.078 s  <<< ERROR!
org.apache.maven.plugin.MojoExecutionException: An error has occurred in Javadoc report generation: Unable to find javadoc command: The environment variable JAVA_HOME is not correctly set.
	at org.apache.maven.plugins.javadoc.AbstractJavadocMojo.failOnError(AbstractJavadocMojo.java:7065)
	at org.apache.maven.plugins.javadoc.JavadocReport.doExecute(JavadocReport.java:328)
	at org.apache.maven.plugins.javadoc.AbstractJavadocMojo.execute(AbstractJavadocMojo.java:2016)
	at org.apache.maven.plugins.javadoc.JavadocReportTest.testSubpackages(JavadocReportTest.java:337)
	at java.base/jdk.internal.reflect.NativeMethodAccessorImpl.invoke0(Native Method)
	at java.base/jdk.internal.reflect.NativeMethodAccessorImpl.invoke(NativeMethodAccessorImpl.java:62)
	at java.base/jdk.internal.reflect.DelegatingMethodAccessorImpl.invoke(DelegatingMethodAccessorImpl.java:43)
	at java.base/java.lang.reflect.Method.invoke(Method.java:566)
	at junit.framework.TestCase.runTest(TestCase.java:177)
	at junit.framework.TestCase.runBare(TestCase.java:142)
	at junit.framework.TestResult$1.protect(TestResult.java:122)
	at junit.framework.TestResult.runProtected(TestResult.java:142)
	at junit.framework.TestResult.run(TestResult.java:125)
	at junit.framework.TestCase.run(TestCase.java:130)
	at junit.framework.TestSuite.runTest(TestSuite.java:241)
	at junit.framework.TestSuite.run(TestSuite.java:236)
	at org.junit.internal.runners.JUnit38ClassRunner.run(JUnit38ClassRunner.java:90)
	at org.apache.maven.surefire.junit4.JUnit4Provider.execute(JUnit4Provider.java:365)
	at org.apache.maven.surefire.junit4.JUnit4Provider.executeWithRerun(JUnit4Provider.java:273)
	at org.apache.maven.surefire.junit4.JUnit4Provider.executeTestSet(JUnit4Provider.java:238)
	at org.apache.maven.surefire.junit4.JUnit4Provider.invoke(JUnit4Provider.java:159)
	at org.apache.maven.surefire.booter.ForkedBooter.invokeProviderInSameClassLoader(ForkedBooter.java:383)
	at org.apache.maven.surefire.booter.ForkedBooter.runSuitesInProcess(ForkedBooter.java:344)
	at org.apache.maven.surefire.booter.ForkedBooter.execute(ForkedBooter.java:125)
	at org.apache.maven.surefire.booter.ForkedBooter.main(ForkedBooter.java:417)
Caused by: org.apache.maven.reporting.MavenReportException: Unable to find javadoc command: The environment variable JAVA_HOME is not correctly set.
	at org.apache.maven.plugins.javadoc.AbstractJavadocMojo.executeReport(AbstractJavadocMojo.java:2102)
	at org.apache.maven.plugins.javadoc.JavadocReport.generate(JavadocReport.java:135)
	at org.apache.maven.plugins.javadoc.JavadocReport.doExecute(JavadocReport.java:324)
	... 23 more
Caused by: java.io.IOException: The environment variable JAVA_HOME is not correctly set.
	at org.apache.maven.plugins.javadoc.AbstractJavadocMojo.getJavadocExecutable(AbstractJavadocMojo.java:4000)
	at org.apache.maven.plugins.javadoc.AbstractJavadocMojo.executeReport(AbstractJavadocMojo.java:2098)
	... 25 more

[ERROR] testDoclets(org.apache.maven.plugins.javadoc.JavadocReportTest)  Time elapsed: 0.078 s  <<< ERROR!
org.apache.maven.plugin.MojoExecutionException: An error has occurred in Javadoc report generation: Unable to find javadoc command: The environment variable JAVA_HOME is not correctly set.
	at org.apache.maven.plugins.javadoc.AbstractJavadocMojo.failOnError(AbstractJavadocMojo.java:7065)
	at org.apache.maven.plugins.javadoc.JavadocReport.doExecute(JavadocReport.java:328)
	at org.apache.maven.plugins.javadoc.AbstractJavadocMojo.execute(AbstractJavadocMojo.java:2016)
	at org.apache.maven.plugins.javadoc.JavadocReportTest.testDoclets(JavadocReportTest.java:510)
	at java.base/jdk.internal.reflect.NativeMethodAccessorImpl.invoke0(Native Method)
	at java.base/jdk.internal.reflect.NativeMethodAccessorImpl.invoke(NativeMethodAccessorImpl.java:62)
	at java.base/jdk.internal.reflect.DelegatingMethodAccessorImpl.invoke(DelegatingMethodAccessorImpl.java:43)
	at java.base/java.lang.reflect.Method.invoke(Method.java:566)
	at junit.framework.TestCase.runTest(TestCase.java:177)
	at junit.framework.TestCase.runBare(TestCase.java:142)
	at junit.framework.TestResult$1.protect(TestResult.java:122)
	at junit.framework.TestResult.runProtected(TestResult.java:142)
	at junit.framework.TestResult.run(TestResult.java:125)
	at junit.framework.TestCase.run(TestCase.java:130)
	at junit.framework.TestSuite.runTest(TestSuite.java:241)
	at junit.framework.TestSuite.run(TestSuite.java:236)
	at org.junit.internal.runners.JUnit38ClassRunner.run(JUnit38ClassRunner.java:90)
	at org.apache.maven.surefire.junit4.JUnit4Provider.execute(JUnit4Provider.java:365)
	at org.apache.maven.surefire.junit4.JUnit4Provider.executeWithRerun(JUnit4Provider.java:273)
	at org.apache.maven.surefire.junit4.JUnit4Provider.executeTestSet(JUnit4Provider.java:238)
	at org.apache.maven.surefire.junit4.JUnit4Provider.invoke(JUnit4Provider.java:159)
	at org.apache.maven.surefire.booter.ForkedBooter.invokeProviderInSameClassLoader(ForkedBooter.java:383)
	at org.apache.maven.surefire.booter.ForkedBooter.runSuitesInProcess(ForkedBooter.java:344)
	at org.apache.maven.surefire.booter.ForkedBooter.execute(ForkedBooter.java:125)
	at org.apache.maven.surefire.booter.ForkedBooter.main(ForkedBooter.java:417)
Caused by: org.apache.maven.reporting.MavenReportException: Unable to find javadoc command: The environment variable JAVA_HOME is not correctly set.
	at org.apache.maven.plugins.javadoc.AbstractJavadocMojo.executeReport(AbstractJavadocMojo.java:2102)
	at org.apache.maven.plugins.javadoc.JavadocReport.generate(JavadocReport.java:135)
	at org.apache.maven.plugins.javadoc.JavadocReport.doExecute(JavadocReport.java:324)
	... 23 more
Caused by: java.io.IOException: The environment variable JAVA_HOME is not correctly set.
	at org.apache.maven.plugins.javadoc.AbstractJavadocMojo.getJavadocExecutable(AbstractJavadocMojo.java:4000)
	at org.apache.maven.plugins.javadoc.AbstractJavadocMojo.executeReport(AbstractJavadocMojo.java:2098)
	... 25 more

[ERROR] testNewline(org.apache.maven.plugins.javadoc.JavadocReportTest)  Time elapsed: 0.056 s  <<< FAILURE!
junit.framework.AssertionFailedError: Doesn't handle correctly newline for string parameters. See options and packages files.
	at junit.framework.Assert.fail(Assert.java:57)
	at junit.framework.TestCase.fail(TestCase.java:223)
	at org.apache.maven.plugins.javadoc.JavadocReportTest.testNewline(JavadocReportTest.java:898)
	at java.base/jdk.internal.reflect.NativeMethodAccessorImpl.invoke0(Native Method)
	at java.base/jdk.internal.reflect.NativeMethodAccessorImpl.invoke(NativeMethodAccessorImpl.java:62)
	at java.base/jdk.internal.reflect.DelegatingMethodAccessorImpl.invoke(DelegatingMethodAccessorImpl.java:43)
	at java.base/java.lang.reflect.Method.invoke(Method.java:566)
	at junit.framework.TestCase.runTest(TestCase.java:177)
	at junit.framework.TestCase.runBare(TestCase.java:142)
	at junit.framework.TestResult$1.protect(TestResult.java:122)
	at junit.framework.TestResult.runProtected(TestResult.java:142)
	at junit.framework.TestResult.run(TestResult.java:125)
	at junit.framework.TestCase.run(TestCase.java:130)
	at junit.framework.TestSuite.runTest(TestSuite.java:241)
	at junit.framework.TestSuite.run(TestSuite.java:236)
	at org.junit.internal.runners.JUnit38ClassRunner.run(JUnit38ClassRunner.java:90)
	at org.apache.maven.surefire.junit4.JUnit4Provider.execute(JUnit4Provider.java:365)
	at org.apache.maven.surefire.junit4.JUnit4Provider.executeWithRerun(JUnit4Provider.java:273)
	at org.apache.maven.surefire.junit4.JUnit4Provider.executeTestSet(JUnit4Provider.java:238)
	at org.apache.maven.surefire.junit4.JUnit4Provider.invoke(JUnit4Provider.java:159)
	at org.apache.maven.surefire.booter.ForkedBooter.invokeProviderInSameClassLoader(ForkedBooter.java:383)
	at org.apache.maven.surefire.booter.ForkedBooter.runSuitesInProcess(ForkedBooter.java:344)
	at org.apache.maven.surefire.booter.ForkedBooter.execute(ForkedBooter.java:125)
	at org.apache.maven.surefire.booter.ForkedBooter.main(ForkedBooter.java:417)

[ERROR] testOptionsUmlautEncoding(org.apache.maven.plugins.javadoc.JavadocReportTest)  Time elapsed: 0.052 s  <<< ERROR!
org.apache.maven.plugin.MojoExecutionException: An error has occurred in Javadoc report generation: Unable to find javadoc command: The environment variable JAVA_HOME is not correctly set.
	at org.apache.maven.plugins.javadoc.AbstractJavadocMojo.failOnError(AbstractJavadocMojo.java:7065)
	at org.apache.maven.plugins.javadoc.JavadocReport.doExecute(JavadocReport.java:328)
	at org.apache.maven.plugins.javadoc.AbstractJavadocMojo.execute(AbstractJavadocMojo.java:2016)
	at org.apache.maven.plugins.javadoc.JavadocReportTest.testOptionsUmlautEncoding(JavadocReportTest.java:584)
	at java.base/jdk.internal.reflect.NativeMethodAccessorImpl.invoke0(Native Method)
	at java.base/jdk.internal.reflect.NativeMethodAccessorImpl.invoke(NativeMethodAccessorImpl.java:62)
	at java.base/jdk.internal.reflect.DelegatingMethodAccessorImpl.invoke(DelegatingMethodAccessorImpl.java:43)
	at java.base/java.lang.reflect.Method.invoke(Method.java:566)
	at junit.framework.TestCase.runTest(TestCase.java:177)
	at junit.framework.TestCase.runBare(TestCase.java:142)
	at junit.framework.TestResult$1.protect(TestResult.java:122)
	at junit.framework.TestResult.runProtected(TestResult.java:142)
	at junit.framework.TestResult.run(TestResult.java:125)
	at junit.framework.TestCase.run(TestCase.java:130)
	at junit.framework.TestSuite.runTest(TestSuite.java:241)
	at junit.framework.TestSuite.run(TestSuite.java:236)
	at org.junit.internal.runners.JUnit38ClassRunner.run(JUnit38ClassRunner.java:90)
	at org.apache.maven.surefire.junit4.JUnit4Provider.execute(JUnit4Provider.java:365)
	at org.apache.maven.surefire.junit4.JUnit4Provider.executeWithRerun(JUnit4Provider.java:273)
	at org.apache.maven.surefire.junit4.JUnit4Provider.executeTestSet(JUnit4Provider.java:238)
	at org.apache.maven.surefire.junit4.JUnit4Provider.invoke(JUnit4Provider.java:159)
	at org.apache.maven.surefire.booter.ForkedBooter.invokeProviderInSameClassLoader(ForkedBooter.java:383)
	at org.apache.maven.surefire.booter.ForkedBooter.runSuitesInProcess(ForkedBooter.java:344)
	at org.apache.maven.surefire.booter.ForkedBooter.execute(ForkedBooter.java:125)
	at org.apache.maven.surefire.booter.ForkedBooter.main(ForkedBooter.java:417)
Caused by: org.apache.maven.reporting.MavenReportException: Unable to find javadoc command: The environment variable JAVA_HOME is not correctly set.
	at org.apache.maven.plugins.javadoc.AbstractJavadocMojo.executeReport(AbstractJavadocMojo.java:2102)
	at org.apache.maven.plugins.javadoc.JavadocReport.generate(JavadocReport.java:135)
	at org.apache.maven.plugins.javadoc.JavadocReport.doExecute(JavadocReport.java:324)
	... 23 more
Caused by: java.io.IOException: The environment variable JAVA_HOME is not correctly set.
	at org.apache.maven.plugins.javadoc.AbstractJavadocMojo.getJavadocExecutable(AbstractJavadocMojo.java:4000)
	at org.apache.maven.plugins.javadoc.AbstractJavadocMojo.executeReport(AbstractJavadocMojo.java:2098)
	... 25 more

[ERROR] testStylesheetfile(org.apache.maven.plugins.javadoc.JavadocReportTest)  Time elapsed: 0.054 s  <<< ERROR!
org.apache.maven.plugin.MojoExecutionException: An error has occurred in Javadoc report generation: Unable to find javadoc command: The environment variable JAVA_HOME is not correctly set.
	at org.apache.maven.plugins.javadoc.AbstractJavadocMojo.failOnError(AbstractJavadocMojo.java:7065)
	at org.apache.maven.plugins.javadoc.JavadocReport.doExecute(JavadocReport.java:328)
	at org.apache.maven.plugins.javadoc.AbstractJavadocMojo.execute(AbstractJavadocMojo.java:2016)
	at org.apache.maven.plugins.javadoc.JavadocReportTest.testStylesheetfile(JavadocReportTest.java:1272)
	at java.base/jdk.internal.reflect.NativeMethodAccessorImpl.invoke0(Native Method)
	at java.base/jdk.internal.reflect.NativeMethodAccessorImpl.invoke(NativeMethodAccessorImpl.java:62)
	at java.base/jdk.internal.reflect.DelegatingMethodAccessorImpl.invoke(DelegatingMethodAccessorImpl.java:43)
	at java.base/java.lang.reflect.Method.invoke(Method.java:566)
	at junit.framework.TestCase.runTest(TestCase.java:177)
	at junit.framework.TestCase.runBare(TestCase.java:142)
	at junit.framework.TestResult$1.protect(TestResult.java:122)
	at junit.framework.TestResult.runProtected(TestResult.java:142)
	at junit.framework.TestResult.run(TestResult.java:125)
	at junit.framework.TestCase.run(TestCase.java:130)
	at junit.framework.TestSuite.runTest(TestSuite.java:241)
	at junit.framework.TestSuite.run(TestSuite.java:236)
	at org.junit.internal.runners.JUnit38ClassRunner.run(JUnit38ClassRunner.java:90)
	at org.apache.maven.surefire.junit4.JUnit4Provider.execute(JUnit4Provider.java:365)
	at org.apache.maven.surefire.junit4.JUnit4Provider.executeWithRerun(JUnit4Provider.java:273)
	at org.apache.maven.surefire.junit4.JUnit4Provider.executeTestSet(JUnit4Provider.java:238)
	at org.apache.maven.surefire.junit4.JUnit4Provider.invoke(JUnit4Provider.java:159)
	at org.apache.maven.surefire.booter.ForkedBooter.invokeProviderInSameClassLoader(ForkedBooter.java:383)
	at org.apache.maven.surefire.booter.ForkedBooter.runSuitesInProcess(ForkedBooter.java:344)
	at org.apache.maven.surefire.booter.ForkedBooter.execute(ForkedBooter.java:125)
	at org.apache.maven.surefire.booter.ForkedBooter.main(ForkedBooter.java:417)
Caused by: org.apache.maven.reporting.MavenReportException: Unable to find javadoc command: The environment variable JAVA_HOME is not correctly set.
	at org.apache.maven.plugins.javadoc.AbstractJavadocMojo.executeReport(AbstractJavadocMojo.java:2102)
	at org.apache.maven.plugins.javadoc.JavadocReport.generate(JavadocReport.java:135)
	at org.apache.maven.plugins.javadoc.JavadocReport.doExecute(JavadocReport.java:324)
	... 23 more
Caused by: java.io.IOException: The environment variable JAVA_HOME is not correctly set.
	at org.apache.maven.plugins.javadoc.AbstractJavadocMojo.getJavadocExecutable(AbstractJavadocMojo.java:4000)
	at org.apache.maven.plugins.javadoc.AbstractJavadocMojo.executeReport(AbstractJavadocMojo.java:2098)
	... 25 more

[INFO] Running org.apache.maven.plugins.javadoc.AbstractFixJavadocMojoTest
[INFO] Tests run: 10, Failures: 0, Errors: 0, Skipped: 0, Time elapsed: 0.026 s - in org.apache.maven.plugins.javadoc.AbstractFixJavadocMojoTest
[INFO] Running org.apache.maven.plugins.javadoc.options.io.xpp3.JavadocOptionsXpp3ReaderTest
[INFO] Tests run: 2, Failures: 0, Errors: 0, Skipped: 0, Time elapsed: 0 s - in org.apache.maven.plugins.javadoc.options.io.xpp3.JavadocOptionsXpp3ReaderTest
[INFO] Running org.apache.maven.plugins.javadoc.AggregatorJavadocReportTest
[ERROR] Tests run: 3, Failures: 0, Errors: 3, Skipped: 0, Time elapsed: 0.166 s <<< FAILURE! - in org.apache.maven.plugins.javadoc.AggregatorJavadocReportTest
[ERROR] testAggregateWithModulsNotInSubFolders(org.apache.maven.plugins.javadoc.AggregatorJavadocReportTest)  Time elapsed: 0.063 s  <<< ERROR!
org.apache.maven.plugin.MojoExecutionException: An error has occurred in Javadoc report generation: Unable to find javadoc command: The environment variable JAVA_HOME is not correctly set.
	at org.apache.maven.plugins.javadoc.AbstractJavadocMojo.failOnError(AbstractJavadocMojo.java:7065)
	at org.apache.maven.plugins.javadoc.JavadocReport.doExecute(JavadocReport.java:328)
	at org.apache.maven.plugins.javadoc.AbstractJavadocMojo.execute(AbstractJavadocMojo.java:2016)
	at org.apache.maven.plugins.javadoc.AggregatorJavadocReportTest.testAggregateWithModulsNotInSubFolders(AggregatorJavadocReportTest.java:251)
	at java.base/jdk.internal.reflect.NativeMethodAccessorImpl.invoke0(Native Method)
	at java.base/jdk.internal.reflect.NativeMethodAccessorImpl.invoke(NativeMethodAccessorImpl.java:62)
	at java.base/jdk.internal.reflect.DelegatingMethodAccessorImpl.invoke(DelegatingMethodAccessorImpl.java:43)
	at java.base/java.lang.reflect.Method.invoke(Method.java:566)
	at junit.framework.TestCase.runTest(TestCase.java:177)
	at junit.framework.TestCase.runBare(TestCase.java:142)
	at junit.framework.TestResult$1.protect(TestResult.java:122)
	at junit.framework.TestResult.runProtected(TestResult.java:142)
	at junit.framework.TestResult.run(TestResult.java:125)
	at junit.framework.TestCase.run(TestCase.java:130)
	at junit.framework.TestSuite.runTest(TestSuite.java:241)
	at junit.framework.TestSuite.run(TestSuite.java:236)
	at org.junit.internal.runners.JUnit38ClassRunner.run(JUnit38ClassRunner.java:90)
	at org.apache.maven.surefire.junit4.JUnit4Provider.execute(JUnit4Provider.java:365)
	at org.apache.maven.surefire.junit4.JUnit4Provider.executeWithRerun(JUnit4Provider.java:273)
	at org.apache.maven.surefire.junit4.JUnit4Provider.executeTestSet(JUnit4Provider.java:238)
	at org.apache.maven.surefire.junit4.JUnit4Provider.invoke(JUnit4Provider.java:159)
	at org.apache.maven.surefire.booter.ForkedBooter.invokeProviderInSameClassLoader(ForkedBooter.java:383)
	at org.apache.maven.surefire.booter.ForkedBooter.runSuitesInProcess(ForkedBooter.java:344)
	at org.apache.maven.surefire.booter.ForkedBooter.execute(ForkedBooter.java:125)
	at org.apache.maven.surefire.booter.ForkedBooter.main(ForkedBooter.java:417)
Caused by: org.apache.maven.reporting.MavenReportException: Unable to find javadoc command: The environment variable JAVA_HOME is not correctly set.
	at org.apache.maven.plugins.javadoc.AbstractJavadocMojo.executeReport(AbstractJavadocMojo.java:2102)
	at org.apache.maven.plugins.javadoc.JavadocReport.generate(JavadocReport.java:135)
	at org.apache.maven.plugins.javadoc.JavadocReport.doExecute(JavadocReport.java:324)
	... 23 more
Caused by: java.io.IOException: The environment variable JAVA_HOME is not correctly set.
	at org.apache.maven.plugins.javadoc.AbstractJavadocMojo.getJavadocExecutable(AbstractJavadocMojo.java:4000)
	at org.apache.maven.plugins.javadoc.AbstractJavadocMojo.executeReport(AbstractJavadocMojo.java:2098)
	... 25 more

[ERROR] testAggregateJavadocResources(org.apache.maven.plugins.javadoc.AggregatorJavadocReportTest)  Time elapsed: 0.051 s  <<< ERROR!
org.apache.maven.plugin.MojoExecutionException: An error has occurred in Javadoc report generation: Unable to find javadoc command: The environment variable JAVA_HOME is not correctly set.
	at org.apache.maven.plugins.javadoc.AbstractJavadocMojo.failOnError(AbstractJavadocMojo.java:7065)
	at org.apache.maven.plugins.javadoc.JavadocReport.doExecute(JavadocReport.java:328)
	at org.apache.maven.plugins.javadoc.AbstractJavadocMojo.execute(AbstractJavadocMojo.java:2016)
	at org.apache.maven.plugins.javadoc.AggregatorJavadocReportTest.testAggregateJavadocResources(AggregatorJavadocReportTest.java:224)
	at java.base/jdk.internal.reflect.NativeMethodAccessorImpl.invoke0(Native Method)
	at java.base/jdk.internal.reflect.NativeMethodAccessorImpl.invoke(NativeMethodAccessorImpl.java:62)
	at java.base/jdk.internal.reflect.DelegatingMethodAccessorImpl.invoke(DelegatingMethodAccessorImpl.java:43)
	at java.base/java.lang.reflect.Method.invoke(Method.java:566)
	at junit.framework.TestCase.runTest(TestCase.java:177)
	at junit.framework.TestCase.runBare(TestCase.java:142)
	at junit.framework.TestResult$1.protect(TestResult.java:122)
	at junit.framework.TestResult.runProtected(TestResult.java:142)
	at junit.framework.TestResult.run(TestResult.java:125)
	at junit.framework.TestCase.run(TestCase.java:130)
	at junit.framework.TestSuite.runTest(TestSuite.java:241)
	at junit.framework.TestSuite.run(TestSuite.java:236)
	at org.junit.internal.runners.JUnit38ClassRunner.run(JUnit38ClassRunner.java:90)
	at org.apache.maven.surefire.junit4.JUnit4Provider.execute(JUnit4Provider.java:365)
	at org.apache.maven.surefire.junit4.JUnit4Provider.executeWithRerun(JUnit4Provider.java:273)
	at org.apache.maven.surefire.junit4.JUnit4Provider.executeTestSet(JUnit4Provider.java:238)
	at org.apache.maven.surefire.junit4.JUnit4Provider.invoke(JUnit4Provider.java:159)
	at org.apache.maven.surefire.booter.ForkedBooter.invokeProviderInSameClassLoader(ForkedBooter.java:383)
	at org.apache.maven.surefire.booter.ForkedBooter.runSuitesInProcess(ForkedBooter.java:344)
	at org.apache.maven.surefire.booter.ForkedBooter.execute(ForkedBooter.java:125)
	at org.apache.maven.surefire.booter.ForkedBooter.main(ForkedBooter.java:417)
Caused by: org.apache.maven.reporting.MavenReportException: Unable to find javadoc command: The environment variable JAVA_HOME is not correctly set.
	at org.apache.maven.plugins.javadoc.AbstractJavadocMojo.executeReport(AbstractJavadocMojo.java:2102)
	at org.apache.maven.plugins.javadoc.JavadocReport.generate(JavadocReport.java:135)
	at org.apache.maven.plugins.javadoc.JavadocReport.doExecute(JavadocReport.java:324)
	... 23 more
Caused by: java.io.IOException: The environment variable JAVA_HOME is not correctly set.
	at org.apache.maven.plugins.javadoc.AbstractJavadocMojo.getJavadocExecutable(AbstractJavadocMojo.java:4000)
	at org.apache.maven.plugins.javadoc.AbstractJavadocMojo.executeReport(AbstractJavadocMojo.java:2098)
	... 25 more

[ERROR] testAggregate(org.apache.maven.plugins.javadoc.AggregatorJavadocReportTest)  Time elapsed: 0.052 s  <<< ERROR!
org.apache.maven.plugin.MojoExecutionException: An error has occurred in Javadoc report generation: Unable to find javadoc command: The environment variable JAVA_HOME is not correctly set.
	at org.apache.maven.plugins.javadoc.AbstractJavadocMojo.failOnError(AbstractJavadocMojo.java:7065)
	at org.apache.maven.plugins.javadoc.JavadocReport.doExecute(JavadocReport.java:328)
	at org.apache.maven.plugins.javadoc.AbstractJavadocMojo.execute(AbstractJavadocMojo.java:2016)
	at org.apache.maven.plugins.javadoc.AggregatorJavadocReportTest.testAggregate(AggregatorJavadocReportTest.java:197)
	at java.base/jdk.internal.reflect.NativeMethodAccessorImpl.invoke0(Native Method)
	at java.base/jdk.internal.reflect.NativeMethodAccessorImpl.invoke(NativeMethodAccessorImpl.java:62)
	at java.base/jdk.internal.reflect.DelegatingMethodAccessorImpl.invoke(DelegatingMethodAccessorImpl.java:43)
	at java.base/java.lang.reflect.Method.invoke(Method.java:566)
	at junit.framework.TestCase.runTest(TestCase.java:177)
	at junit.framework.TestCase.runBare(TestCase.java:142)
	at junit.framework.TestResult$1.protect(TestResult.java:122)
	at junit.framework.TestResult.runProtected(TestResult.java:142)
	at junit.framework.TestResult.run(TestResult.java:125)
	at junit.framework.TestCase.run(TestCase.java:130)
	at junit.framework.TestSuite.runTest(TestSuite.java:241)
	at junit.framework.TestSuite.run(TestSuite.java:236)
	at org.junit.internal.runners.JUnit38ClassRunner.run(JUnit38ClassRunner.java:90)
	at org.apache.maven.surefire.junit4.JUnit4Provider.execute(JUnit4Provider.java:365)
	at org.apache.maven.surefire.junit4.JUnit4Provider.executeWithRerun(JUnit4Provider.java:273)
	at org.apache.maven.surefire.junit4.JUnit4Provider.executeTestSet(JUnit4Provider.java:238)
	at org.apache.maven.surefire.junit4.JUnit4Provider.invoke(JUnit4Provider.java:159)
	at org.apache.maven.surefire.booter.ForkedBooter.invokeProviderInSameClassLoader(ForkedBooter.java:383)
	at org.apache.maven.surefire.booter.ForkedBooter.runSuitesInProcess(ForkedBooter.java:344)
	at org.apache.maven.surefire.booter.ForkedBooter.execute(ForkedBooter.java:125)
	at org.apache.maven.surefire.booter.ForkedBooter.main(ForkedBooter.java:417)
Caused by: org.apache.maven.reporting.MavenReportException: Unable to find javadoc command: The environment variable JAVA_HOME is not correctly set.
	at org.apache.maven.plugins.javadoc.AbstractJavadocMojo.executeReport(AbstractJavadocMojo.java:2102)
	at org.apache.maven.plugins.javadoc.JavadocReport.generate(JavadocReport.java:135)
	at org.apache.maven.plugins.javadoc.JavadocReport.doExecute(JavadocReport.java:324)
	... 23 more
Caused by: java.io.IOException: The environment variable JAVA_HOME is not correctly set.
	at org.apache.maven.plugins.javadoc.AbstractJavadocMojo.getJavadocExecutable(AbstractJavadocMojo.java:4000)
	at org.apache.maven.plugins.javadoc.AbstractJavadocMojo.executeReport(AbstractJavadocMojo.java:2098)
	... 25 more

[INFO] Running org.apache.maven.plugins.javadoc.FixJavadocMojoTest
[debug] Removing ' * @throws java.lang.Exception'; Throwable not specified by a.b.c.Clazz#method() and it is not a RuntimeException.
[warn] Ignoring unknown throws 'com.foo.FatalException' defined on a.b.c.Clazz#method()
[warn] Found unknown throws 'com.foo.FatalException' defined on a.b.c.Clazz#method()
[warn] File encoding has not been set, using platform encoding UTF-8, i.e. build is platform dependent!
[warn] Unrecognized 'fake_value' for fixTags parameter. Ignored it!
[ERROR] Tests run: 9, Failures: 0, Errors: 1, Skipped: 0, Time elapsed: 0.448 s <<< FAILURE! - in org.apache.maven.plugins.javadoc.FixJavadocMojoTest
[ERROR] testFix(org.apache.maven.plugins.javadoc.FixJavadocMojoTest)  Time elapsed: 0.051 s  <<< ERROR!
java.lang.NullPointerException
	at java.base/java.io.File.<init>(File.java:278)
	at org.apache.maven.plugins.javadoc.JavadocUtil.getJavaHome(JavadocUtil.java:1242)
	at org.apache.maven.plugins.javadoc.JavadocUtil.invokeMaven(JavadocUtil.java:872)
	at org.apache.maven.plugins.javadoc.FixJavadocMojoTest.invokeCompileGoal(FixJavadocMojoTest.java:595)
	at org.apache.maven.plugins.javadoc.FixJavadocMojoTest.executeMojoAndTest(FixJavadocMojoTest.java:542)
	at org.apache.maven.plugins.javadoc.FixJavadocMojoTest.testFix(FixJavadocMojoTest.java:124)
	at java.base/jdk.internal.reflect.NativeMethodAccessorImpl.invoke0(Native Method)
	at java.base/jdk.internal.reflect.NativeMethodAccessorImpl.invoke(NativeMethodAccessorImpl.java:62)
	at java.base/jdk.internal.reflect.DelegatingMethodAccessorImpl.invoke(DelegatingMethodAccessorImpl.java:43)
	at java.base/java.lang.reflect.Method.invoke(Method.java:566)
	at junit.framework.TestCase.runTest(TestCase.java:177)
	at junit.framework.TestCase.runBare(TestCase.java:142)
	at junit.framework.TestResult$1.protect(TestResult.java:122)
	at junit.framework.TestResult.runProtected(TestResult.java:142)
	at junit.framework.TestResult.run(TestResult.java:125)
	at junit.framework.TestCase.run(TestCase.java:130)
	at junit.framework.TestSuite.runTest(TestSuite.java:241)
	at junit.framework.TestSuite.run(TestSuite.java:236)
	at org.junit.internal.runners.JUnit38ClassRunner.run(JUnit38ClassRunner.java:90)
	at org.apache.maven.surefire.junit4.JUnit4Provider.execute(JUnit4Provider.java:365)
	at org.apache.maven.surefire.junit4.JUnit4Provider.executeWithRerun(JUnit4Provider.java:273)
	at org.apache.maven.surefire.junit4.JUnit4Provider.executeTestSet(JUnit4Provider.java:238)
	at org.apache.maven.surefire.junit4.JUnit4Provider.invoke(JUnit4Provider.java:159)
	at org.apache.maven.surefire.booter.ForkedBooter.invokeProviderInSameClassLoader(ForkedBooter.java:383)
	at org.apache.maven.surefire.booter.ForkedBooter.runSuitesInProcess(ForkedBooter.java:344)
	at org.apache.maven.surefire.booter.ForkedBooter.execute(ForkedBooter.java:125)
	at org.apache.maven.surefire.booter.ForkedBooter.main(ForkedBooter.java:417)

[INFO] Running org.apache.maven.plugins.javadoc.JavadocJarTest
[ERROR] MavenReportException: Error while generating Javadoc: Unable to find javadoc command: The environment variable JAVA_HOME is not correctly set.
org.apache.maven.reporting.MavenReportException: Unable to find javadoc command: The environment variable JAVA_HOME is not correctly set.
	at org.apache.maven.plugins.javadoc.AbstractJavadocMojo.executeReport(AbstractJavadocMojo.java:2102)
	at org.apache.maven.plugins.javadoc.JavadocJar.doExecute(JavadocJar.java:189)
	at org.apache.maven.plugins.javadoc.AbstractJavadocMojo.execute(AbstractJavadocMojo.java:2016)
	at org.apache.maven.plugins.javadoc.JavadocJarTest.testContinueIfFailOnErrorIsFalse(JavadocJarTest.java:164)
	at java.base/jdk.internal.reflect.NativeMethodAccessorImpl.invoke0(Native Method)
	at java.base/jdk.internal.reflect.NativeMethodAccessorImpl.invoke(NativeMethodAccessorImpl.java:62)
	at java.base/jdk.internal.reflect.DelegatingMethodAccessorImpl.invoke(DelegatingMethodAccessorImpl.java:43)
	at java.base/java.lang.reflect.Method.invoke(Method.java:566)
	at junit.framework.TestCase.runTest(TestCase.java:177)
	at junit.framework.TestCase.runBare(TestCase.java:142)
	at junit.framework.TestResult$1.protect(TestResult.java:122)
	at junit.framework.TestResult.runProtected(TestResult.java:142)
	at junit.framework.TestResult.run(TestResult.java:125)
	at junit.framework.TestCase.run(TestCase.java:130)
	at junit.framework.TestSuite.runTest(TestSuite.java:241)
	at junit.framework.TestSuite.run(TestSuite.java:236)
	at org.junit.internal.runners.JUnit38ClassRunner.run(JUnit38ClassRunner.java:90)
	at org.apache.maven.surefire.junit4.JUnit4Provider.execute(JUnit4Provider.java:365)
	at org.apache.maven.surefire.junit4.JUnit4Provider.executeWithRerun(JUnit4Provider.java:273)
	at org.apache.maven.surefire.junit4.JUnit4Provider.executeTestSet(JUnit4Provider.java:238)
	at org.apache.maven.surefire.junit4.JUnit4Provider.invoke(JUnit4Provider.java:159)
	at org.apache.maven.surefire.booter.ForkedBooter.invokeProviderInSameClassLoader(ForkedBooter.java:383)
	at org.apache.maven.surefire.booter.ForkedBooter.runSuitesInProcess(ForkedBooter.java:344)
	at org.apache.maven.surefire.booter.ForkedBooter.execute(ForkedBooter.java:125)
	at org.apache.maven.surefire.booter.ForkedBooter.main(ForkedBooter.java:417)
Caused by: java.io.IOException: The environment variable JAVA_HOME is not correctly set.
	at org.apache.maven.plugins.javadoc.AbstractJavadocMojo.getJavadocExecutable(AbstractJavadocMojo.java:4000)
	at org.apache.maven.plugins.javadoc.AbstractJavadocMojo.executeReport(AbstractJavadocMojo.java:2098)
	... 24 more
[ERROR] Tests run: 4, Failures: 1, Errors: 3, Skipped: 0, Time elapsed: 0.221 s <<< FAILURE! - in org.apache.maven.plugins.javadoc.JavadocJarTest
[ERROR] testDefaultConfig(org.apache.maven.plugins.javadoc.JavadocJarTest)  Time elapsed: 0.056 s  <<< ERROR!
org.apache.maven.plugin.MojoExecutionException: MavenReportException: Error while generating Javadoc: Unable to find javadoc command: The environment variable JAVA_HOME is not correctly set.
	at org.apache.maven.plugins.javadoc.AbstractJavadocMojo.failOnError(AbstractJavadocMojo.java:7065)
	at org.apache.maven.plugins.javadoc.JavadocJar.doExecute(JavadocJar.java:193)
	at org.apache.maven.plugins.javadoc.AbstractJavadocMojo.execute(AbstractJavadocMojo.java:2016)
	at org.apache.maven.plugins.javadoc.JavadocJarTest.testDefaultConfig(JavadocJarTest.java:76)
	at java.base/jdk.internal.reflect.NativeMethodAccessorImpl.invoke0(Native Method)
	at java.base/jdk.internal.reflect.NativeMethodAccessorImpl.invoke(NativeMethodAccessorImpl.java:62)
	at java.base/jdk.internal.reflect.DelegatingMethodAccessorImpl.invoke(DelegatingMethodAccessorImpl.java:43)
	at java.base/java.lang.reflect.Method.invoke(Method.java:566)
	at junit.framework.TestCase.runTest(TestCase.java:177)
	at junit.framework.TestCase.runBare(TestCase.java:142)
	at junit.framework.TestResult$1.protect(TestResult.java:122)
	at junit.framework.TestResult.runProtected(TestResult.java:142)
	at junit.framework.TestResult.run(TestResult.java:125)
	at junit.framework.TestCase.run(TestCase.java:130)
	at junit.framework.TestSuite.runTest(TestSuite.java:241)
	at junit.framework.TestSuite.run(TestSuite.java:236)
	at org.junit.internal.runners.JUnit38ClassRunner.run(JUnit38ClassRunner.java:90)
	at org.apache.maven.surefire.junit4.JUnit4Provider.execute(JUnit4Provider.java:365)
	at org.apache.maven.surefire.junit4.JUnit4Provider.executeWithRerun(JUnit4Provider.java:273)
	at org.apache.maven.surefire.junit4.JUnit4Provider.executeTestSet(JUnit4Provider.java:238)
	at org.apache.maven.surefire.junit4.JUnit4Provider.invoke(JUnit4Provider.java:159)
	at org.apache.maven.surefire.booter.ForkedBooter.invokeProviderInSameClassLoader(ForkedBooter.java:383)
	at org.apache.maven.surefire.booter.ForkedBooter.runSuitesInProcess(ForkedBooter.java:344)
	at org.apache.maven.surefire.booter.ForkedBooter.execute(ForkedBooter.java:125)
	at org.apache.maven.surefire.booter.ForkedBooter.main(ForkedBooter.java:417)
Caused by: org.apache.maven.reporting.MavenReportException: Unable to find javadoc command: The environment variable JAVA_HOME is not correctly set.
	at org.apache.maven.plugins.javadoc.AbstractJavadocMojo.executeReport(AbstractJavadocMojo.java:2102)
	at org.apache.maven.plugins.javadoc.JavadocJar.doExecute(JavadocJar.java:189)
	... 23 more
Caused by: java.io.IOException: The environment variable JAVA_HOME is not correctly set.
	at org.apache.maven.plugins.javadoc.AbstractJavadocMojo.getJavadocExecutable(AbstractJavadocMojo.java:4000)
	at org.apache.maven.plugins.javadoc.AbstractJavadocMojo.executeReport(AbstractJavadocMojo.java:2098)
	... 24 more

[ERROR] testContinueIfFailOnErrorIsFalse(org.apache.maven.plugins.javadoc.JavadocJarTest)  Time elapsed: 0.066 s  <<< FAILURE!
java.lang.AssertionError: 

Expecting file:
  /home/gabsko/breaking-updates/target/test/unit/javadocjar-failonerror/target/javadocjar-failonerror-javadoc.jar
to exist.
	at org.apache.maven.plugins.javadoc.JavadocJarTest.testContinueIfFailOnErrorIsFalse(JavadocJarTest.java:169)
	at java.base/jdk.internal.reflect.NativeMethodAccessorImpl.invoke0(Native Method)
	at java.base/jdk.internal.reflect.NativeMethodAccessorImpl.invoke(NativeMethodAccessorImpl.java:62)
	at java.base/jdk.internal.reflect.DelegatingMethodAccessorImpl.invoke(DelegatingMethodAccessorImpl.java:43)
	at java.base/java.lang.reflect.Method.invoke(Method.java:566)
	at junit.framework.TestCase.runTest(TestCase.java:177)
	at junit.framework.TestCase.runBare(TestCase.java:142)
	at junit.framework.TestResult$1.protect(TestResult.java:122)
	at junit.framework.TestResult.runProtected(TestResult.java:142)
	at junit.framework.TestResult.run(TestResult.java:125)
	at junit.framework.TestCase.run(TestCase.java:130)
	at junit.framework.TestSuite.runTest(TestSuite.java:241)
	at junit.framework.TestSuite.run(TestSuite.java:236)
	at org.junit.internal.runners.JUnit38ClassRunner.run(JUnit38ClassRunner.java:90)
	at org.apache.maven.surefire.junit4.JUnit4Provider.execute(JUnit4Provider.java:365)
	at org.apache.maven.surefire.junit4.JUnit4Provider.executeWithRerun(JUnit4Provider.java:273)
	at org.apache.maven.surefire.junit4.JUnit4Provider.executeTestSet(JUnit4Provider.java:238)
	at org.apache.maven.surefire.junit4.JUnit4Provider.invoke(JUnit4Provider.java:159)
	at org.apache.maven.surefire.booter.ForkedBooter.invokeProviderInSameClassLoader(ForkedBooter.java:383)
	at org.apache.maven.surefire.booter.ForkedBooter.runSuitesInProcess(ForkedBooter.java:344)
	at org.apache.maven.surefire.booter.ForkedBooter.execute(ForkedBooter.java:125)
	at org.apache.maven.surefire.booter.ForkedBooter.main(ForkedBooter.java:417)

[ERROR] testIncludeMavenDescriptorWhenExplicitlyConfigured(org.apache.maven.plugins.javadoc.JavadocJarTest)  Time elapsed: 0.05 s  <<< ERROR!
org.apache.maven.plugin.MojoExecutionException: MavenReportException: Error while generating Javadoc: Unable to find javadoc command: The environment variable JAVA_HOME is not correctly set.
	at org.apache.maven.plugins.javadoc.AbstractJavadocMojo.failOnError(AbstractJavadocMojo.java:7065)
	at org.apache.maven.plugins.javadoc.JavadocJar.doExecute(JavadocJar.java:193)
	at org.apache.maven.plugins.javadoc.AbstractJavadocMojo.execute(AbstractJavadocMojo.java:2016)
	at org.apache.maven.plugins.javadoc.JavadocJarTest.testIncludeMavenDescriptorWhenExplicitlyConfigured(JavadocJarTest.java:177)
	at java.base/jdk.internal.reflect.NativeMethodAccessorImpl.invoke0(Native Method)
	at java.base/jdk.internal.reflect.NativeMethodAccessorImpl.invoke(NativeMethodAccessorImpl.java:62)
	at java.base/jdk.internal.reflect.DelegatingMethodAccessorImpl.invoke(DelegatingMethodAccessorImpl.java:43)
	at java.base/java.lang.reflect.Method.invoke(Method.java:566)
	at junit.framework.TestCase.runTest(TestCase.java:177)
	at junit.framework.TestCase.runBare(TestCase.java:142)
	at junit.framework.TestResult$1.protect(TestResult.java:122)
	at junit.framework.TestResult.runProtected(TestResult.java:142)
	at junit.framework.TestResult.run(TestResult.java:125)
	at junit.framework.TestCase.run(TestCase.java:130)
	at junit.framework.TestSuite.runTest(TestSuite.java:241)
	at junit.framework.TestSuite.run(TestSuite.java:236)
	at org.junit.internal.runners.JUnit38ClassRunner.run(JUnit38ClassRunner.java:90)
	at org.apache.maven.surefire.junit4.JUnit4Provider.execute(JUnit4Provider.java:365)
	at org.apache.maven.surefire.junit4.JUnit4Provider.executeWithRerun(JUnit4Provider.java:273)
	at org.apache.maven.surefire.junit4.JUnit4Provider.executeTestSet(JUnit4Provider.java:238)
	at org.apache.maven.surefire.junit4.JUnit4Provider.invoke(JUnit4Provider.java:159)
	at org.apache.maven.surefire.booter.ForkedBooter.invokeProviderInSameClassLoader(ForkedBooter.java:383)
	at org.apache.maven.surefire.booter.ForkedBooter.runSuitesInProcess(ForkedBooter.java:344)
	at org.apache.maven.surefire.booter.ForkedBooter.execute(ForkedBooter.java:125)
	at org.apache.maven.surefire.booter.ForkedBooter.main(ForkedBooter.java:417)
Caused by: org.apache.maven.reporting.MavenReportException: Unable to find javadoc command: The environment variable JAVA_HOME is not correctly set.
	at org.apache.maven.plugins.javadoc.AbstractJavadocMojo.executeReport(AbstractJavadocMojo.java:2102)
	at org.apache.maven.plugins.javadoc.JavadocJar.doExecute(JavadocJar.java:189)
	... 23 more
Caused by: java.io.IOException: The environment variable JAVA_HOME is not correctly set.
	at org.apache.maven.plugins.javadoc.AbstractJavadocMojo.getJavadocExecutable(AbstractJavadocMojo.java:4000)
	at org.apache.maven.plugins.javadoc.AbstractJavadocMojo.executeReport(AbstractJavadocMojo.java:2098)
	... 24 more

[ERROR] testInvalidDestdir(org.apache.maven.plugins.javadoc.JavadocJarTest)  Time elapsed: 0.047 s  <<< ERROR!
org.apache.maven.plugin.MojoExecutionException: MavenReportException: Error while generating Javadoc: Unable to find javadoc command: The environment variable JAVA_HOME is not correctly set.
	at org.apache.maven.plugins.javadoc.AbstractJavadocMojo.failOnError(AbstractJavadocMojo.java:7065)
	at org.apache.maven.plugins.javadoc.JavadocJar.doExecute(JavadocJar.java:193)
	at org.apache.maven.plugins.javadoc.AbstractJavadocMojo.execute(AbstractJavadocMojo.java:2016)
	at org.apache.maven.plugins.javadoc.JavadocJarTest.testInvalidDestdir(JavadocJarTest.java:151)
	at java.base/jdk.internal.reflect.NativeMethodAccessorImpl.invoke0(Native Method)
	at java.base/jdk.internal.reflect.NativeMethodAccessorImpl.invoke(NativeMethodAccessorImpl.java:62)
	at java.base/jdk.internal.reflect.DelegatingMethodAccessorImpl.invoke(DelegatingMethodAccessorImpl.java:43)
	at java.base/java.lang.reflect.Method.invoke(Method.java:566)
	at junit.framework.TestCase.runTest(TestCase.java:177)
	at junit.framework.TestCase.runBare(TestCase.java:142)
	at junit.framework.TestResult$1.protect(TestResult.java:122)
	at junit.framework.TestResult.runProtected(TestResult.java:142)
	at junit.framework.TestResult.run(TestResult.java:125)
	at junit.framework.TestCase.run(TestCase.java:130)
	at junit.framework.TestSuite.runTest(TestSuite.java:241)
	at junit.framework.TestSuite.run(TestSuite.java:236)
	at org.junit.internal.runners.JUnit38ClassRunner.run(JUnit38ClassRunner.java:90)
	at org.apache.maven.surefire.junit4.JUnit4Provider.execute(JUnit4Provider.java:365)
	at org.apache.maven.surefire.junit4.JUnit4Provider.executeWithRerun(JUnit4Provider.java:273)
	at org.apache.maven.surefire.junit4.JUnit4Provider.executeTestSet(JUnit4Provider.java:238)
	at org.apache.maven.surefire.junit4.JUnit4Provider.invoke(JUnit4Provider.java:159)
	at org.apache.maven.surefire.booter.ForkedBooter.invokeProviderInSameClassLoader(ForkedBooter.java:383)
	at org.apache.maven.surefire.booter.ForkedBooter.runSuitesInProcess(ForkedBooter.java:344)
	at org.apache.maven.surefire.booter.ForkedBooter.execute(ForkedBooter.java:125)
	at org.apache.maven.surefire.booter.ForkedBooter.main(ForkedBooter.java:417)
Caused by: org.apache.maven.reporting.MavenReportException: Unable to find javadoc command: The environment variable JAVA_HOME is not correctly set.
	at org.apache.maven.plugins.javadoc.AbstractJavadocMojo.executeReport(AbstractJavadocMojo.java:2102)
	at org.apache.maven.plugins.javadoc.JavadocJar.doExecute(JavadocJar.java:189)
	... 23 more
Caused by: java.io.IOException: The environment variable JAVA_HOME is not correctly set.
	at org.apache.maven.plugins.javadoc.AbstractJavadocMojo.getJavadocExecutable(AbstractJavadocMojo.java:4000)
	at org.apache.maven.plugins.javadoc.AbstractJavadocMojo.executeReport(AbstractJavadocMojo.java:2098)
	... 24 more

[INFO] Running org.apache.maven.plugins.javadoc.JavadocUtilTest
[main] INFO org.eclipse.jetty.server.Server - jetty-9.4.43.v20210629; built: 2021-06-30T11:07:22.254Z; git: 526006ecfa3af7f1a27ef3a288e2bef7ea9dd7e8; jvm 11.0.17+8-post-Ubuntu-1ubuntu218.04
[main] INFO org.eclipse.jetty.server.session - DefaultSessionIdManager workerName=node0
[main] INFO org.eclipse.jetty.server.session - No SessionScavenger set, using defaults
[main] INFO org.eclipse.jetty.server.session - node0 Scavenging every 660000ms
[main] INFO org.eclipse.jetty.server.handler.ContextHandler - Started o.e.j.s.ServletContextHandler@5d571179{/,null,AVAILABLE}
[main] INFO org.eclipse.jetty.server.AbstractConnector - Started ServerConnector@223e51e4{HTTP/1.1, (http/1.1)}{localhost:32999}
[main] INFO org.eclipse.jetty.server.Server - Started @18172ms
[main] INFO org.eclipse.jetty.server.AbstractConnector - Stopped ServerConnector@223e51e4{HTTP/1.1, (http/1.1)}{localhost:0}
[main] INFO org.eclipse.jetty.server.session - node0 Stopped scavenging
[main] INFO org.eclipse.jetty.server.handler.ContextHandler - Stopped o.e.j.s.ServletContextHandler@5d571179{/,null,STOPPED}
[main] INFO org.eclipse.jetty.server.Server - jetty-9.4.43.v20210629; built: 2021-06-30T11:07:22.254Z; git: 526006ecfa3af7f1a27ef3a288e2bef7ea9dd7e8; jvm 11.0.17+8-post-Ubuntu-1ubuntu218.04
[main] INFO org.eclipse.jetty.server.session - DefaultSessionIdManager workerName=node0
[main] INFO org.eclipse.jetty.server.session - No SessionScavenger set, using defaults
[main] INFO org.eclipse.jetty.server.session - node0 Scavenging every 600000ms
[main] INFO org.eclipse.jetty.server.handler.ContextHandler - Started o.e.j.s.ServletContextHandler@1a819769{/,null,AVAILABLE}
[main] INFO org.eclipse.jetty.server.AbstractConnector - Started ServerConnector@345effd7{HTTP/1.1, (http/1.1)}{localhost:46529}
[main] INFO org.eclipse.jetty.server.Server - Started @18278ms
[main] INFO org.eclipse.jetty.server.AbstractConnector - Stopped ServerConnector@345effd7{HTTP/1.1, (http/1.1)}{localhost:0}
[main] INFO org.eclipse.jetty.server.session - node0 Stopped scavenging
[main] INFO org.eclipse.jetty.server.handler.ContextHandler - Stopped o.e.j.s.ServletContextHandler@1a819769{/,null,STOPPED}
[main] INFO org.eclipse.jetty.server.Server - jetty-9.4.43.v20210629; built: 2021-06-30T11:07:22.254Z; git: 526006ecfa3af7f1a27ef3a288e2bef7ea9dd7e8; jvm 11.0.17+8-post-Ubuntu-1ubuntu218.04
[main] INFO org.eclipse.jetty.server.session - DefaultSessionIdManager workerName=node0
[main] INFO org.eclipse.jetty.server.session - No SessionScavenger set, using defaults
[main] INFO org.eclipse.jetty.server.session - node0 Scavenging every 660000ms
[main] INFO org.eclipse.jetty.server.handler.ContextHandler - Started o.e.j.s.ServletContextHandler@50720344{/,null,AVAILABLE}
[main] INFO org.eclipse.jetty.server.AbstractConnector - Started ServerConnector@6385b07d{HTTP/1.1, (http/1.1)}{localhost:38315}
[main] INFO org.eclipse.jetty.server.Server - Started @18364ms
[main] INFO org.eclipse.jetty.server.AbstractConnector - Stopped ServerConnector@6385b07d{HTTP/1.1, (http/1.1)}{localhost:0}
[main] INFO org.eclipse.jetty.server.session - node0 Stopped scavenging
[main] INFO org.eclipse.jetty.server.handler.ContextHandler - Stopped o.e.j.s.ServletContextHandler@50720344{/,null,STOPPED}
[main] INFO org.eclipse.jetty.server.Server - jetty-9.4.43.v20210629; built: 2021-06-30T11:07:22.254Z; git: 526006ecfa3af7f1a27ef3a288e2bef7ea9dd7e8; jvm 11.0.17+8-post-Ubuntu-1ubuntu218.04
[main] INFO org.eclipse.jetty.server.session - DefaultSessionIdManager workerName=node0
[main] INFO org.eclipse.jetty.server.session - No SessionScavenger set, using defaults
[main] INFO org.eclipse.jetty.server.session - node0 Scavenging every 600000ms
[main] INFO org.eclipse.jetty.server.handler.ContextHandler - Started o.e.j.s.ServletContextHandler@438fcca3{/,null,AVAILABLE}
[main] INFO org.eclipse.jetty.server.AbstractConnector - Started ServerConnector@7f0b32c0{HTTP/1.1, (http/1.1)}{localhost:36453}
[main] INFO org.eclipse.jetty.server.Server - Started @18523ms
[main] INFO org.eclipse.jetty.server.AbstractConnector - Stopped ServerConnector@7f0b32c0{HTTP/1.1, (http/1.1)}{localhost:0}
[main] INFO org.eclipse.jetty.server.session - node0 Stopped scavenging
[main] INFO org.eclipse.jetty.server.handler.ContextHandler - Stopped o.e.j.s.ServletContextHandler@438fcca3{/,null,STOPPED}
[main] INFO org.eclipse.jetty.server.Server - jetty-9.4.43.v20210629; built: 2021-06-30T11:07:22.254Z; git: 526006ecfa3af7f1a27ef3a288e2bef7ea9dd7e8; jvm 11.0.17+8-post-Ubuntu-1ubuntu218.04
[main] INFO org.eclipse.jetty.server.session - DefaultSessionIdManager workerName=node0
[main] INFO org.eclipse.jetty.server.session - No SessionScavenger set, using defaults
[main] INFO org.eclipse.jetty.server.session - node0 Scavenging every 660000ms
[main] INFO org.eclipse.jetty.server.handler.ContextHandler - Started o.e.j.s.ServletContextHandler@68893394{/,null,AVAILABLE}
[main] INFO org.eclipse.jetty.server.AbstractConnector - Started ServerConnector@4fda9fde{HTTP/1.1, (http/1.1)}{localhost:46595}
[main] INFO org.eclipse.jetty.server.Server - Started @23556ms
[main] INFO org.eclipse.jetty.server.AbstractConnector - Stopped ServerConnector@4fda9fde{HTTP/1.1, (http/1.1)}{localhost:0}
[main] INFO org.eclipse.jetty.server.session - node0 Stopped scavenging
[main] INFO org.eclipse.jetty.server.handler.ContextHandler - Stopped o.e.j.s.ServletContextHandler@68893394{/,null,STOPPED}
[main] INFO org.eclipse.jetty.server.Server - jetty-9.4.43.v20210629; built: 2021-06-30T11:07:22.254Z; git: 526006ecfa3af7f1a27ef3a288e2bef7ea9dd7e8; jvm 11.0.17+8-post-Ubuntu-1ubuntu218.04
[main] INFO org.eclipse.jetty.server.AbstractConnector - Started ServerConnector@26c7940a{HTTP/1.1, (http/1.1)}{0.0.0.0:44637}
[main] INFO org.eclipse.jetty.server.Server - Started @23593ms
[main] INFO org.eclipse.jetty.server.Server - jetty-9.4.43.v20210629; built: 2021-06-30T11:07:22.254Z; git: 526006ecfa3af7f1a27ef3a288e2bef7ea9dd7e8; jvm 11.0.17+8-post-Ubuntu-1ubuntu218.04
[main] INFO org.eclipse.jetty.server.handler.ContextHandler - Started o.e.j.s.h.MovedContextHandler@386cc1c4{/,null,AVAILABLE}
[main] INFO org.eclipse.jetty.server.AbstractConnector - Started ServerConnector@592efd6{HTTP/1.1, (http/1.1)}{0.0.0.0:42653}
[main] INFO org.eclipse.jetty.server.Server - Started @23605ms
[main] INFO org.eclipse.jetty.server.AbstractConnector - Stopped ServerConnector@592efd6{HTTP/1.1, (http/1.1)}{0.0.0.0:0}
[main] INFO org.eclipse.jetty.server.handler.ContextHandler - Stopped o.e.j.s.h.MovedContextHandler@386cc1c4{/,null,STOPPED}
[main] INFO org.eclipse.jetty.server.AbstractConnector - Stopped ServerConnector@26c7940a{HTTP/1.1, (http/1.1)}{0.0.0.0:0}
[main] INFO org.eclipse.jetty.server.Server - jetty-9.4.43.v20210629; built: 2021-06-30T11:07:22.254Z; git: 526006ecfa3af7f1a27ef3a288e2bef7ea9dd7e8; jvm 11.0.17+8-post-Ubuntu-1ubuntu218.04
[main] INFO org.eclipse.jetty.server.AbstractConnector - Started ServerConnector@1849d35a{HTTP/1.1, (http/1.1)}{0.0.0.0:44245}
[main] INFO org.eclipse.jetty.server.Server - Started @23629ms
[main] INFO org.eclipse.jetty.server.AbstractConnector - Stopped ServerConnector@1849d35a{HTTP/1.1, (http/1.1)}{0.0.0.0:0}
[main] INFO org.eclipse.jetty.server.Server - jetty-9.4.43.v20210629; built: 2021-06-30T11:07:22.254Z; git: 526006ecfa3af7f1a27ef3a288e2bef7ea9dd7e8; jvm 11.0.17+8-post-Ubuntu-1ubuntu218.04
[main] INFO org.eclipse.jetty.server.AbstractConnector - Started ServerConnector@740ddb41{HTTP/1.1, (http/1.1)}{0.0.0.0:42679}
[main] INFO org.eclipse.jetty.server.Server - Started @23638ms
[main] INFO org.eclipse.jetty.server.AbstractConnector - Stopped ServerConnector@740ddb41{HTTP/1.1, (http/1.1)}{0.0.0.0:0}
[INFO] Tests run: 12, Failures: 0, Errors: 0, Skipped: 0, Time elapsed: 5.799 s - in org.apache.maven.plugins.javadoc.JavadocUtilTest
[INFO] Running org.apache.maven.plugins.javadoc.JavadocVersionTest
[INFO] Tests run: 2, Failures: 0, Errors: 0, Skipped: 0, Time elapsed: 0 s - in org.apache.maven.plugins.javadoc.JavadocVersionTest
[INFO] Running org.apache.maven.plugins.javadoc.AbstractJavadocMojoTest
[INFO] Tests run: 2, Failures: 0, Errors: 0, Skipped: 0, Time elapsed: 2.279 s - in org.apache.maven.plugins.javadoc.AbstractJavadocMojoTest
[INFO] Running org.apache.maven.plugins.javadoc.TestJavadocReportTest
[ERROR] Tests run: 1, Failures: 0, Errors: 1, Skipped: 0, Time elapsed: 0.086 s <<< FAILURE! - in org.apache.maven.plugins.javadoc.TestJavadocReportTest
[ERROR] testTestJavadoc(org.apache.maven.plugins.javadoc.TestJavadocReportTest)  Time elapsed: 0.086 s  <<< ERROR!
org.apache.maven.plugin.MojoExecutionException: An error has occurred in Test Javadoc report generation: Unable to find javadoc command: The environment variable JAVA_HOME is not correctly set.
	at org.apache.maven.plugins.javadoc.AbstractJavadocMojo.failOnError(AbstractJavadocMojo.java:7065)
	at org.apache.maven.plugins.javadoc.JavadocReport.doExecute(JavadocReport.java:328)
	at org.apache.maven.plugins.javadoc.AbstractJavadocMojo.execute(AbstractJavadocMojo.java:2016)
	at org.apache.maven.plugins.javadoc.TestJavadocReportTest.testTestJavadoc(TestJavadocReportTest.java:62)
	at java.base/jdk.internal.reflect.NativeMethodAccessorImpl.invoke0(Native Method)
	at java.base/jdk.internal.reflect.NativeMethodAccessorImpl.invoke(NativeMethodAccessorImpl.java:62)
	at java.base/jdk.internal.reflect.DelegatingMethodAccessorImpl.invoke(DelegatingMethodAccessorImpl.java:43)
	at java.base/java.lang.reflect.Method.invoke(Method.java:566)
	at junit.framework.TestCase.runTest(TestCase.java:177)
	at junit.framework.TestCase.runBare(TestCase.java:142)
	at junit.framework.TestResult$1.protect(TestResult.java:122)
	at junit.framework.TestResult.runProtected(TestResult.java:142)
	at junit.framework.TestResult.run(TestResult.java:125)
	at junit.framework.TestCase.run(TestCase.java:130)
	at junit.framework.TestSuite.runTest(TestSuite.java:241)
	at junit.framework.TestSuite.run(TestSuite.java:236)
	at org.junit.internal.runners.JUnit38ClassRunner.run(JUnit38ClassRunner.java:90)
	at org.apache.maven.surefire.junit4.JUnit4Provider.execute(JUnit4Provider.java:365)
	at org.apache.maven.surefire.junit4.JUnit4Provider.executeWithRerun(JUnit4Provider.java:273)
	at org.apache.maven.surefire.junit4.JUnit4Provider.executeTestSet(JUnit4Provider.java:238)
	at org.apache.maven.surefire.junit4.JUnit4Provider.invoke(JUnit4Provider.java:159)
	at org.apache.maven.surefire.booter.ForkedBooter.invokeProviderInSameClassLoader(ForkedBooter.java:383)
	at org.apache.maven.surefire.booter.ForkedBooter.runSuitesInProcess(ForkedBooter.java:344)
	at org.apache.maven.surefire.booter.ForkedBooter.execute(ForkedBooter.java:125)
	at org.apache.maven.surefire.booter.ForkedBooter.main(ForkedBooter.java:417)
Caused by: org.apache.maven.reporting.MavenReportException: Unable to find javadoc command: The environment variable JAVA_HOME is not correctly set.
	at org.apache.maven.plugins.javadoc.AbstractJavadocMojo.executeReport(AbstractJavadocMojo.java:2102)
	at org.apache.maven.plugins.javadoc.TestJavadocReport.executeReport(TestJavadocReport.java:162)
	at org.apache.maven.plugins.javadoc.JavadocReport.generate(JavadocReport.java:135)
	at org.apache.maven.plugins.javadoc.JavadocReport.doExecute(JavadocReport.java:324)
	... 23 more
Caused by: java.io.IOException: The environment variable JAVA_HOME is not correctly set.
	at org.apache.maven.plugins.javadoc.AbstractJavadocMojo.getJavadocExecutable(AbstractJavadocMojo.java:4000)
	at org.apache.maven.plugins.javadoc.AbstractJavadocMojo.executeReport(AbstractJavadocMojo.java:2098)
	... 26 more

[INFO] 
[INFO] Results:
[INFO] 
[ERROR] Failures: 
[ERROR]   JavadocJarTest.testContinueIfFailOnErrorIsFalse:169 
Expecting file:
  /home/gabsko/breaking-updates/target/test/unit/javadocjar-failonerror/target/javadocjar-failonerror-javadoc.jar
to exist.
[ERROR]   JavadocReportTest.testNewline:898 Doesn't handle correctly newline for string parameters. See options and packages files.
[ERROR] Errors: 
[ERROR]   AggregatorJavadocReportTest.testAggregate:197  MojoExecution An error has occ...
[ERROR]   AggregatorJavadocReportTest.testAggregateJavadocResources:224  MojoExecution ...
[ERROR]   AggregatorJavadocReportTest.testAggregateWithModulsNotInSubFolders:251  MojoExecution
[ERROR]   FixJavadocMojoTest.testFix:124->executeMojoAndTest:542->invokeCompileGoal:595  NullPointer
[ERROR]   JavadocJarTest.testDefaultConfig:76  MojoExecution MavenReportException: Erro...
[ERROR]   JavadocJarTest.testIncludeMavenDescriptorWhenExplicitlyConfigured:177  MojoExecution
[ERROR]   JavadocJarTest.testInvalidDestdir:151  MojoExecution MavenReportException: Er...
[ERROR]   JavadocReportTest.testCustomConfiguration:413  MojoExecution An error has occ...
[ERROR]   JavadocReportTest.testDefaultConfiguration:251  MojoExecution An error has oc...
[ERROR]   JavadocReportTest.testDoclets:510  MojoExecution An error has occurred in Jav...
[ERROR]   JavadocReportTest.testOptionsUmlautEncoding:584  MojoExecution An error has o...
[ERROR]   JavadocReportTest.testQuotedPath:550  MojoExecution An error has occurred in ...
[ERROR]   JavadocReportTest.testStylesheetfile:1272  MojoExecution An error has occurre...
[ERROR]   JavadocReportTest.testSubpackages:337  MojoExecution An error has occurred in...
[ERROR]   JavadocReportTest.testToFindJavadoc:752  MojoExecution An error has occurred ...
[ERROR]   TestJavadocReportTest.testTestJavadoc:62  MojoExecution An error has occurred...
[INFO] 
[ERROR] Tests run: 68, Failures: 2, Errors: 16, Skipped: 0
[INFO] 
[INFO] ------------------------------------------------------------------------
[INFO] BUILD FAILURE
[INFO] ------------------------------------------------------------------------
[INFO] Total time:  35.107 s
[INFO] Finished at: 2023-01-26T11:50:49Z
[INFO] ------------------------------------------------------------------------
[ERROR] Failed to execute goal org.apache.maven.plugins:maven-surefire-plugin:2.22.0:test (default-test) on project maven-javadoc-plugin: There are test failures.
[ERROR] 
[ERROR] Please refer to /home/gabsko/breaking-updates/target/surefire-reports for the individual test results.
[ERROR] Please refer to dump files (if any exist) [date]-jvmRun[N].dump, [date].dumpstream and [date]-jvmRun[N].dumpstream.
[ERROR] -> [Help 1]
[ERROR] 
[ERROR] To see the full stack trace of the errors, re-run Maven with the -e switch.
[ERROR] Re-run Maven using the -X switch to enable full debug logging.
[ERROR] 
[ERROR] For more information about the errors and possible solutions, please read the following articles:
[ERROR] [Help 1] http://cwiki.apache.org/confluence/display/MAVEN/MojoFailureException
