[INFO] Scanning for projects...
[INFO] ------------------------------------------------------------------------
[INFO] Reactor Build Order:
[INFO] 
[INFO] Yamcs                                                              [pom]
[INFO] Yamcs :: API                                                       [jar]
[INFO] Yamcs :: Yamcs Client                                              [jar]
[INFO] Yamcs :: XTCE                                                      [jar]
[INFO] Yamcs :: Core                                                      [jar]
[INFO] Yamcs :: TSE                                                       [jar]
[INFO] Yamcs :: Simulator                                                 [jar]
[INFO] Yamcs :: Web Interface                                             [jar]
[INFO] Yamcs :: Examples                                                  [pom]
[INFO] Yamcs :: Examples :: CCSDS Frames                                  [jar]
[INFO] Yamcs :: Examples :: CFDP                                          [jar]
[INFO] Yamcs :: Examples :: Perftest1                                     [jar]
[INFO] Yamcs :: Examples :: Perftest2                                     [jar]
[INFO] Yamcs :: Examples :: PUS                                           [jar]
[INFO] Yamcs :: Examples :: Replication1                                  [jar]
[INFO] Yamcs :: Examples :: Replication2                                  [jar]
[INFO] Yamcs :: Examples :: Replication3                                  [jar]
[INFO] Yamcs :: Examples :: Simulation                                    [jar]
[INFO] Yamcs :: Examples :: Snippets                                      [jar]
[INFO] Yamcs :: Examples :: Templates                                     [jar]
[INFO] Yamcs :: Packet Viewer                                             [jar]
[INFO] Yamcs :: Tests                                                     [jar]
[INFO] Yamcs :: Distribution                                              [pom]
[INFO] 
[INFO] --------------------------< org.yamcs:yamcs >---------------------------
[INFO] Building Yamcs 5.7.0-SNAPSHOT                                     [1/23]
[INFO] --------------------------------[ pom ]---------------------------------
[INFO] 
[INFO] --- maven-clean-plugin:2.4.1:clean (default-clean) @ yamcs ---
[INFO] 
[INFO] ------------------------< org.yamcs:yamcs-api >-------------------------
[INFO] Building Yamcs :: API 5.7.0-SNAPSHOT                              [2/23]
[INFO] --------------------------------[ jar ]---------------------------------
[INFO] 
[INFO] --- maven-clean-plugin:2.4.1:clean (default-clean) @ yamcs-api ---
[INFO] Deleting /home/gabsko/breaking-updates/yamcs-api/target
[INFO] 
[INFO] --- os-maven-plugin:1.6.2:detect (default) @ yamcs-api ---
[INFO] ------------------------------------------------------------------------
[INFO] Detecting the operating system and CPU architecture
[INFO] ------------------------------------------------------------------------
[INFO] os.detected.name: linux
[INFO] os.detected.arch: x86_64
[INFO] os.detected.version: 5.4
[INFO] os.detected.version.major: 5
[INFO] os.detected.version.minor: 4
[INFO] os.detected.release: ubuntu
[INFO] os.detected.release.version: 18.04
[INFO] os.detected.release.like.ubuntu: true
[INFO] os.detected.release.like.debian: true
[INFO] os.detected.classifier: linux-x86_64
[INFO] 
[INFO] --- protobuf-maven-plugin:0.6.1:compile (default) @ yamcs-api ---
[INFO] Building protoc plugin: yamcs
[INFO] Will write descriptor set:
[INFO]  /home/gabsko/breaking-updates/yamcs-api/target/generated-resources/protobuf/yamcs-api.protobin
[INFO] Compiling 39 proto file(s) to /home/gabsko/breaking-updates/yamcs-api/target/generated-sources/protobuf/java
[INFO] 
[INFO] --- maven-resources-plugin:3.1.0:resources (default-resources) @ yamcs-api ---
[INFO] Using 'UTF-8' encoding to copy filtered resources.
[INFO] skip non existing resourceDirectory /home/gabsko/breaking-updates/yamcs-api/src/main/resources
[INFO] Copying 1 resource
[INFO] Copying 39 resources
[INFO] 
[INFO] --- maven-compiler-plugin:3.8.1:compile (default-compile) @ yamcs-api ---
[INFO] Changes detected - recompiling the module!
[INFO] Compiling 734 source files to /home/gabsko/breaking-updates/yamcs-api/target/classes
[INFO] /home/gabsko/breaking-updates/yamcs-api/target/generated-sources/protobuf/java/org/yamcs/protobuf/UpdateParameterRequest.java: Some input files use or override a deprecated API.
[INFO] /home/gabsko/breaking-updates/yamcs-api/target/generated-sources/protobuf/java/org/yamcs/protobuf/UpdateParameterRequest.java: Recompile with -Xlint:deprecation for details.
[INFO] 
[INFO] --- maven-resources-plugin:3.1.0:testResources (default-testResources) @ yamcs-api ---
[INFO] Using 'UTF-8' encoding to copy filtered resources.
[INFO] skip non existing resourceDirectory /home/gabsko/breaking-updates/yamcs-api/src/test/resources
[INFO] 
[INFO] --- maven-compiler-plugin:3.8.1:testCompile (default-testCompile) @ yamcs-api ---
[INFO] No sources to compile
[INFO] 
[INFO] --- maven-surefire-plugin:3.0.0-M3:test (default-test) @ yamcs-api ---
[INFO] No tests to run.
[INFO] 
[INFO] -----------------------< org.yamcs:yamcs-client >-----------------------
[INFO] Building Yamcs :: Yamcs Client 5.7.0-SNAPSHOT                     [3/23]
[INFO] --------------------------------[ jar ]---------------------------------
[INFO] 
[INFO] --- maven-clean-plugin:2.4.1:clean (default-clean) @ yamcs-client ---
[INFO] Deleting /home/gabsko/breaking-updates/yamcs-client/target
[INFO] 
[INFO] --- maven-resources-plugin:3.1.0:resources (default-resources) @ yamcs-client ---
[INFO] Using 'UTF-8' encoding to copy filtered resources.
[INFO] skip non existing resourceDirectory /home/gabsko/breaking-updates/yamcs-client/src/main/resources
[INFO] 
[INFO] --- maven-compiler-plugin:3.8.1:compile (default-compile) @ yamcs-client ---
[INFO] Changes detected - recompiling the module!
[INFO] Compiling 57 source files to /home/gabsko/breaking-updates/yamcs-client/target/classes
[INFO] 
[INFO] --- maven-resources-plugin:3.1.0:testResources (default-testResources) @ yamcs-client ---
[INFO] Using 'UTF-8' encoding to copy filtered resources.
[INFO] skip non existing resourceDirectory /home/gabsko/breaking-updates/yamcs-client/src/test/resources
[INFO] 
[INFO] --- maven-compiler-plugin:3.8.1:testCompile (default-testCompile) @ yamcs-client ---
[INFO] Changes detected - recompiling the module!
[INFO] Compiling 1 source file to /home/gabsko/breaking-updates/yamcs-client/target/test-classes
[INFO] 
[INFO] --- maven-surefire-plugin:3.0.0-M3:test (default-test) @ yamcs-client ---
[INFO] 
[INFO] -------------------------------------------------------
[INFO]  T E S T S
[INFO] -------------------------------------------------------
[INFO] Running org.yamcs.client.ServerURLTest
[INFO] Tests run: 9, Failures: 0, Errors: 0, Skipped: 0, Time elapsed: 0.045 s - in org.yamcs.client.ServerURLTest
[INFO] 
[INFO] Results:
[INFO] 
[INFO] Tests run: 9, Failures: 0, Errors: 0, Skipped: 0
[INFO] 
[INFO] 
[INFO] ------------------------< org.yamcs:yamcs-xtce >------------------------
[INFO] Building Yamcs :: XTCE 5.7.0-SNAPSHOT                             [4/23]
[INFO] --------------------------------[ jar ]---------------------------------
[INFO] 
[INFO] --- maven-clean-plugin:2.4.1:clean (default-clean) @ yamcs-xtce ---
[INFO] Deleting /home/gabsko/breaking-updates/yamcs-xtce/target
[INFO] 
[INFO] --- maven-resources-plugin:3.1.0:resources (default-resources) @ yamcs-xtce ---
[INFO] Using 'UTF-8' encoding to copy filtered resources.
[INFO] skip non existing resourceDirectory /home/gabsko/breaking-updates/yamcs-xtce/src/main/resources
[INFO] 
[INFO] --- maven-compiler-plugin:3.8.1:compile (default-compile) @ yamcs-xtce ---
[INFO] Changes detected - recompiling the module!
[INFO] Compiling 142 source files to /home/gabsko/breaking-updates/yamcs-xtce/target/classes
[INFO] /home/gabsko/breaking-updates/yamcs-xtce/src/main/java/org/yamcs/xtce/xml/XtceStaxReader.java: /home/gabsko/breaking-updates/yamcs-xtce/src/main/java/org/yamcs/xtce/xml/XtceStaxReader.java uses or overrides a deprecated API.
[INFO] /home/gabsko/breaking-updates/yamcs-xtce/src/main/java/org/yamcs/xtce/xml/XtceStaxReader.java: Recompile with -Xlint:deprecation for details.
[INFO] /home/gabsko/breaking-updates/yamcs-xtce/src/main/java/org/yamcs/xtce/AggregateDataType.java: /home/gabsko/breaking-updates/yamcs-xtce/src/main/java/org/yamcs/xtce/AggregateDataType.java uses unchecked or unsafe operations.
[INFO] /home/gabsko/breaking-updates/yamcs-xtce/src/main/java/org/yamcs/xtce/AggregateDataType.java: Recompile with -Xlint:unchecked for details.
[INFO] 
[INFO] --- maven-resources-plugin:3.1.0:testResources (default-testResources) @ yamcs-xtce ---
[INFO] Using 'UTF-8' encoding to copy filtered resources.
[INFO] Copying 3 resources
[INFO] 
[INFO] --- maven-compiler-plugin:3.8.1:testCompile (default-testCompile) @ yamcs-xtce ---
[INFO] Changes detected - recompiling the module!
[INFO] Compiling 12 source files to /home/gabsko/breaking-updates/yamcs-xtce/target/test-classes
[INFO] 
[INFO] --- maven-surefire-plugin:3.0.0-M3:test (default-test) @ yamcs-xtce ---
[INFO] 
[INFO] -------------------------------------------------------
[INFO]  T E S T S
[INFO] -------------------------------------------------------
[INFO] Running org.yamcs.xtce.TestBaseType
SLF4J: Failed to load class "org.slf4j.impl.StaticLoggerBinder".
SLF4J: Defaulting to no-operation (NOP) logger implementation
SLF4J: See http://www.slf4j.org/codes.html#StaticLoggerBinder for further details.
[INFO] Tests run: 1, Failures: 0, Errors: 0, Skipped: 0, Time elapsed: 0.107 s - in org.yamcs.xtce.TestBaseType
[INFO] Running org.yamcs.xtce.ArrayDataTypeTest
[INFO] Tests run: 2, Failures: 0, Errors: 0, Skipped: 0, Time elapsed: 0.022 s - in org.yamcs.xtce.ArrayDataTypeTest
[INFO] Running org.yamcs.xtce.PathElementTest
[INFO] Tests run: 3, Failures: 0, Errors: 0, Skipped: 0, Time elapsed: 0 s - in org.yamcs.xtce.PathElementTest
[INFO] Running org.yamcs.xtce.IntegerDataTypeTest
[INFO] Tests run: 2, Failures: 0, Errors: 0, Skipped: 0, Time elapsed: 0.009 s - in org.yamcs.xtce.IntegerDataTypeTest
[INFO] Running org.yamcs.xtce.AggregateDataTypeTest
[INFO] Tests run: 21, Failures: 0, Errors: 0, Skipped: 0, Time elapsed: 0.043 s - in org.yamcs.xtce.AggregateDataTypeTest
[INFO] Running org.yamcs.xtce.TestInclusiveExclusiveRange
[INFO] Tests run: 1, Failures: 0, Errors: 0, Skipped: 0, Time elapsed: 0.032 s - in org.yamcs.xtce.TestInclusiveExclusiveRange
[INFO] Running org.yamcs.xtce.TestParameterTypeConstructors
[INFO] Tests run: 1, Failures: 0, Errors: 0, Skipped: 0, Time elapsed: 0.017 s - in org.yamcs.xtce.TestParameterTypeConstructors
[INFO] Running org.yamcs.xtce.HistoryTest
[INFO] Tests run: 2, Failures: 0, Errors: 0, Skipped: 0, Time elapsed: 0.002 s - in org.yamcs.xtce.HistoryTest
[INFO] Running org.yamcs.xtce.XtceParameterArrayTest
[INFO] Tests run: 1, Failures: 0, Errors: 0, Skipped: 0, Time elapsed: 0.01 s - in org.yamcs.xtce.XtceParameterArrayTest
[INFO] Running org.yamcs.xtce.TestReferenceFinder
[INFO] Tests run: 2, Failures: 0, Errors: 0, Skipped: 0, Time elapsed: 0.001 s - in org.yamcs.xtce.TestReferenceFinder
[INFO] Running org.yamcs.xtce.TestValidRange
[INFO] Tests run: 3, Failures: 0, Errors: 0, Skipped: 0, Time elapsed: 0.013 s - in org.yamcs.xtce.TestValidRange
[INFO] Running org.yamcs.xtce.TestAncillaryData
[INFO] Tests run: 1, Failures: 0, Errors: 0, Skipped: 0, Time elapsed: 0.008 s - in org.yamcs.xtce.TestAncillaryData
[INFO] 
[INFO] Results:
[INFO] 
[INFO] Tests run: 40, Failures: 0, Errors: 0, Skipped: 0
[INFO] 
[INFO] 
[INFO] ------------------------< org.yamcs:yamcs-core >------------------------
[INFO] Building Yamcs :: Core 5.7.0-SNAPSHOT                             [5/23]
[INFO] --------------------------------[ jar ]---------------------------------
[INFO] 
[INFO] --- maven-clean-plugin:2.4.1:clean (default-clean) @ yamcs-core ---
[INFO] Deleting /home/gabsko/breaking-updates/yamcs-core/target
[INFO] 
[INFO] --- os-maven-plugin:1.6.2:detect (default) @ yamcs-core ---
[INFO] ------------------------------------------------------------------------
[INFO] Detecting the operating system and CPU architecture
[INFO] ------------------------------------------------------------------------
[INFO] os.detected.name: linux
[INFO] os.detected.arch: x86_64
[INFO] os.detected.version: 5.4
[INFO] os.detected.version.major: 5
[INFO] os.detected.version.minor: 4
[INFO] os.detected.release: ubuntu
[INFO] os.detected.release.version: 18.04
[INFO] os.detected.release.like.ubuntu: true
[INFO] os.detected.release.like.debian: true
[INFO] os.detected.classifier: linux-x86_64
[INFO] 
[INFO] --- protobuf-maven-plugin:0.6.1:compile (protoc-core) @ yamcs-core ---
[INFO] Compiling 5 proto file(s) to /home/gabsko/breaking-updates/yamcs-core/target/generated-sources/protobuf/java
[INFO] 
[INFO] --- exec-maven-plugin:1.6.0:exec (generate-version) @ yamcs-core ---
[INFO] 
[INFO] --- maven-resources-plugin:3.1.0:resources (default-resources) @ yamcs-core ---
[INFO] Using 'UTF-8' encoding to copy filtered resources.
[INFO] Copying 10 resources
[INFO] Copying 1 resource
[INFO] Copying 5 resources
[INFO] 
[INFO] --- maven-compiler-plugin:3.8.1:compile (default-compile) @ yamcs-core ---
[INFO] Changes detected - recompiling the module!
[INFO] Compiling 923 source files to /home/gabsko/breaking-updates/yamcs-core/target/classes
[INFO] /home/gabsko/breaking-updates/yamcs-core/target/generated-sources/protobuf/java/org/yamcs/yarch/protobuf/Db.java: Some input files use or override a deprecated API.
[INFO] /home/gabsko/breaking-updates/yamcs-core/target/generated-sources/protobuf/java/org/yamcs/yarch/protobuf/Db.java: Recompile with -Xlint:deprecation for details.
[INFO] /home/gabsko/breaking-updates/yamcs-core/src/main/java/org/yamcs/yarch/Tuple.java: Some input files use unchecked or unsafe operations.
[INFO] /home/gabsko/breaking-updates/yamcs-core/src/main/java/org/yamcs/yarch/Tuple.java: Recompile with -Xlint:unchecked for details.
[INFO] 
[INFO] --- maven-resources-plugin:3.1.0:testResources (default-testResources) @ yamcs-core ---
[INFO] Using 'UTF-8' encoding to copy filtered resources.
[INFO] Copying 43 resources
[INFO] 
[INFO] --- maven-compiler-plugin:3.8.1:testCompile (default-testCompile) @ yamcs-core ---
[INFO] Changes detected - recompiling the module!
[INFO] Compiling 188 source files to /home/gabsko/breaking-updates/yamcs-core/target/test-classes
[INFO] /home/gabsko/breaking-updates/yamcs-core/src/test/java/org/yamcs/parameter/ArrayParameterCacheTest.java: Some input files use or override a deprecated API.
[INFO] /home/gabsko/breaking-updates/yamcs-core/src/test/java/org/yamcs/parameter/ArrayParameterCacheTest.java: Recompile with -Xlint:deprecation for details.
[INFO] /home/gabsko/breaking-updates/yamcs-core/src/test/java/org/yamcs/yarch/rocksdb/RdbSequenceTest.java: Some input files use unchecked or unsafe operations.
[INFO] /home/gabsko/breaking-updates/yamcs-core/src/test/java/org/yamcs/yarch/rocksdb/RdbSequenceTest.java: Recompile with -Xlint:unchecked for details.
[INFO] 
[INFO] --- maven-surefire-plugin:3.0.0-M3:test (default-test) @ yamcs-core ---
[INFO] 
[INFO] -------------------------------------------------------
[INFO]  T E S T S
[INFO] -------------------------------------------------------
[INFO] Running org.yamcs.SpecTest
[INFO] Tests run: 26, Failures: 0, Errors: 0, Skipped: 0, Time elapsed: 0.09 s - in org.yamcs.SpecTest
[INFO] Running org.yamcs.parameter.ValueArrayTest
[INFO] Tests run: 1, Failures: 0, Errors: 0, Skipped: 0, Time elapsed: 0.023 s - in org.yamcs.parameter.ValueArrayTest
[INFO] Running org.yamcs.parameter.ArrayParameterCacheTest
[INFO] Tests run: 5, Failures: 0, Errors: 0, Skipped: 0, Time elapsed: 0.089 s - in org.yamcs.parameter.ArrayParameterCacheTest
[INFO] Running org.yamcs.parameter.SubsriptionArrayTest
[INFO] Tests run: 1, Failures: 0, Errors: 0, Skipped: 0, Time elapsed: 0.024 s - in org.yamcs.parameter.SubsriptionArrayTest
[INFO] Running org.yamcs.parameter.ValueTest
[WARNING] Tests run: 1, Failures: 0, Errors: 0, Skipped: 1, Time elapsed: 0.014 s - in org.yamcs.parameter.ValueTest
[INFO] Running org.yamcs.parameter.ParameterCacheImplTest
[WARNING] Tests run: 6, Failures: 0, Errors: 0, Skipped: 1, Time elapsed: 0.104 s - in org.yamcs.parameter.ParameterCacheImplTest
[INFO] Running org.yamcs.parameter.LastValueCacheTest
[INFO] Tests run: 6, Failures: 0, Errors: 0, Skipped: 0, Time elapsed: 0.097 s - in org.yamcs.parameter.LastValueCacheTest
[INFO] Running org.yamcs.parameter.LocalParameterManagerTest
[INFO] Tests run: 6, Failures: 0, Errors: 0, Skipped: 0, Time elapsed: 4.073 s - in org.yamcs.parameter.LocalParameterManagerTest
[INFO] Running org.yamcs.parameter.ParameterValueListTest
[INFO] Tests run: 6, Failures: 0, Errors: 0, Skipped: 0, Time elapsed: 0.121 s - in org.yamcs.parameter.ParameterValueListTest
[INFO] Running org.yamcs.time.TimeOfFlightEstimatorTest
[INFO] Tests run: 2, Failures: 0, Errors: 0, Skipped: 0, Time elapsed: 0.657 s - in org.yamcs.time.TimeOfFlightEstimatorTest
[INFO] Running org.yamcs.time.TimeCorrelationServiceTest
[INFO] Tests run: 6, Failures: 0, Errors: 0, Skipped: 0, Time elapsed: 0.675 s - in org.yamcs.time.TimeCorrelationServiceTest
[INFO] Running org.yamcs.time.FixedSizeTimeDecoderTest
[INFO] Tests run: 6, Failures: 0, Errors: 0, Skipped: 0, Time elapsed: 0.034 s - in org.yamcs.time.FixedSizeTimeDecoderTest
[INFO] Running org.yamcs.time.InstantTest
[INFO] Tests run: 7, Failures: 0, Errors: 0, Skipped: 0, Time elapsed: 0.048 s - in org.yamcs.time.InstantTest
[INFO] Running org.yamcs.algorithms.AlgorithmManagerErrorTest
[INFO] Tests run: 1, Failures: 0, Errors: 0, Skipped: 0, Time elapsed: 1.435 s - in org.yamcs.algorithms.AlgorithmManagerErrorTest
[INFO] Running org.yamcs.algorithms.RefXtceAlgorithmTest
[INFO] Tests run: 4, Failures: 0, Errors: 0, Skipped: 0, Time elapsed: 1.089 s - in org.yamcs.algorithms.RefXtceAlgorithmTest
[INFO] Running org.yamcs.algorithms.XtceAlgorithmTest
[INFO] Tests run: 2, Failures: 0, Errors: 0, Skipped: 0, Time elapsed: 1.068 s - in org.yamcs.algorithms.XtceAlgorithmTest
[INFO] Running org.yamcs.mdb.BogusSat2Test
[INFO] Tests run: 7, Failures: 0, Errors: 0, Skipped: 0, Time elapsed: 0.481 s - in org.yamcs.mdb.BogusSat2Test
[INFO] Running org.yamcs.mdb.VariableBinaryDecodingTest
[INFO] Tests run: 1, Failures: 0, Errors: 0, Skipped: 0, Time elapsed: 0.337 s - in org.yamcs.mdb.VariableBinaryDecodingTest
[INFO] Running org.yamcs.mdb.XtceFilesetTest
[INFO] Tests run: 1, Failures: 0, Errors: 0, Skipped: 0, Time elapsed: 0.302 s - in org.yamcs.mdb.XtceFilesetTest
[INFO] Running org.yamcs.mdb.CcsdsGreenBookTmTest
[INFO] Tests run: 3, Failures: 0, Errors: 0, Skipped: 0, Time elapsed: 0.43 s - in org.yamcs.mdb.CcsdsGreenBookTmTest
[INFO] Running org.yamcs.mdb.ParameterValidityRangesTest
[INFO] Tests run: 1, Failures: 0, Errors: 0, Skipped: 0, Time elapsed: 0.6 s - in org.yamcs.mdb.ParameterValidityRangesTest
[INFO] Running org.yamcs.mdb.EnumArgTest
[INFO] Tests run: 3, Failures: 0, Errors: 0, Skipped: 0, Time elapsed: 0.394 s - in org.yamcs.mdb.EnumArgTest
[INFO] Running org.yamcs.mdb.XmlLoaderTest
[INFO] Tests run: 9, Failures: 0, Errors: 0, Skipped: 0, Time elapsed: 0.709 s - in org.yamcs.mdb.XmlLoaderTest
[INFO] Running org.yamcs.mdb.RefMdbCommandEncodingTest
[INFO] Tests run: 27, Failures: 0, Errors: 0, Skipped: 0, Time elapsed: 1.42 s - in org.yamcs.mdb.RefMdbCommandEncodingTest
[INFO] Running org.yamcs.mdb.PathElementTest
[INFO] Tests run: 4, Failures: 0, Errors: 0, Skipped: 0, Time elapsed: 0.031 s - in org.yamcs.mdb.PathElementTest
[INFO] Running org.yamcs.mdb.JavaExpressionCalibratorFactoryTest
[INFO] Tests run: 3, Failures: 0, Errors: 0, Skipped: 0, Time elapsed: 0.245 s - in org.yamcs.mdb.JavaExpressionCalibratorFactoryTest
[INFO] Running org.yamcs.mdb.RefXtceCommandingTest
[INFO] Tests run: 18, Failures: 0, Errors: 0, Skipped: 0, Time elapsed: 6.282 s - in org.yamcs.mdb.RefXtceCommandingTest
[INFO] Running org.yamcs.mdb.RefXtceDecodingTest
[INFO] Tests run: 3, Failures: 0, Errors: 0, Skipped: 0, Time elapsed: 0.389 s - in org.yamcs.mdb.RefXtceDecodingTest
[INFO] Running org.yamcs.mdb.CcsdsGreenBookCommandEncodingTest
[INFO] Tests run: 1, Failures: 0, Errors: 0, Skipped: 0, Time elapsed: 0.332 s - in org.yamcs.mdb.CcsdsGreenBookCommandEncodingTest
[INFO] Running org.yamcs.mdb.XtceAssemblerTest
[INFO] Tests run: 2, Failures: 0, Errors: 0, Skipped: 0, Time elapsed: 0.682 s - in org.yamcs.mdb.XtceAssemblerTest
[INFO] Running org.yamcs.mdb.SpreadsheetLoaderTest
[INFO] Tests run: 12, Failures: 0, Errors: 0, Skipped: 0, Time elapsed: 2.739 s - in org.yamcs.mdb.SpreadsheetLoaderTest
[INFO] Running org.yamcs.mdb.VariableBinaryXtceTest
[INFO] Tests run: 1, Failures: 0, Errors: 0, Skipped: 0, Time elapsed: 0.323 s - in org.yamcs.mdb.VariableBinaryXtceTest
[INFO] Running org.yamcs.mdb.XtceStringDecodingTest
[INFO] Tests run: 8, Failures: 0, Errors: 0, Skipped: 0, Time elapsed: 0.422 s - in org.yamcs.mdb.XtceStringDecodingTest
[INFO] Running org.yamcs.mdb.RefSolverTest
[INFO] Tests run: 1, Failures: 0, Errors: 0, Skipped: 0, Time elapsed: 0.367 s - in org.yamcs.mdb.RefSolverTest
[INFO] Running org.yamcs.mdb.VariableBinaryCommandEncodingTest
[INFO] Tests run: 4, Failures: 0, Errors: 0, Skipped: 0, Time elapsed: 0.392 s - in org.yamcs.mdb.VariableBinaryCommandEncodingTest
[INFO] Running org.yamcs.mdb.ProcessorDataTest
[INFO] Tests run: 1, Failures: 0, Errors: 0, Skipped: 0, Time elapsed: 0.862 s - in org.yamcs.mdb.ProcessorDataTest
[INFO] Running org.yamcs.mdb.XtceBooleansTest
[INFO] Tests run: 10, Failures: 0, Errors: 0, Skipped: 0, Time elapsed: 0.369 s - in org.yamcs.mdb.XtceBooleansTest
[INFO] Running org.yamcs.mdb.EmptyMatchCriteriaTest
[INFO] Tests run: 1, Failures: 0, Errors: 0, Skipped: 0, Time elapsed: 0.414 s - in org.yamcs.mdb.EmptyMatchCriteriaTest
[INFO] Running org.yamcs.mdb.XtceDbFactoryTest
[INFO] Tests run: 1, Failures: 0, Errors: 0, Skipped: 0, Time elapsed: 0.735 s - in org.yamcs.mdb.XtceDbFactoryTest
[INFO] Running org.yamcs.mdb.TestMdbLoadingSpeed
[WARNING] Tests run: 1, Failures: 0, Errors: 0, Skipped: 1, Time elapsed: 0.012 s - in org.yamcs.mdb.TestMdbLoadingSpeed
[INFO] Running org.yamcs.mdb.ArrayArgTest
[INFO] Tests run: 5, Failures: 0, Errors: 0, Skipped: 0, Time elapsed: 0.468 s - in org.yamcs.mdb.ArrayArgTest
[INFO] Running org.yamcs.mdb.XtceStringEncodingTest
[INFO] Tests run: 12, Failures: 0, Errors: 0, Skipped: 0, Time elapsed: 0.498 s - in org.yamcs.mdb.XtceStringEncodingTest
[INFO] Running org.yamcs.parameterarchive.LongValueSegmentTest
[INFO] Tests run: 3, Failures: 0, Errors: 0, Skipped: 0, Time elapsed: 0.033 s - in org.yamcs.parameterarchive.LongValueSegmentTest
[INFO] Running org.yamcs.parameterarchive.ParameterGroupIdMapTest
[INFO] Tests run: 1, Failures: 0, Errors: 0, Skipped: 0, Time elapsed: 0.361 s - in org.yamcs.parameterarchive.ParameterGroupIdMapTest
[INFO] Running org.yamcs.parameterarchive.TimeSegmentTest
[INFO] Tests run: 1, Failures: 0, Errors: 0, Skipped: 0, Time elapsed: 0.077 s - in org.yamcs.parameterarchive.TimeSegmentTest
[INFO] Running org.yamcs.parameterarchive.TestStructure
[WARNING] Tests run: 2, Failures: 0, Errors: 0, Skipped: 2, Time elapsed: 0.015 s - in org.yamcs.parameterarchive.TestStructure
[INFO] Running org.yamcs.parameterarchive.StringValueSegmentTest
[INFO] Tests run: 1, Failures: 0, Errors: 0, Skipped: 0, Time elapsed: 0.04 s - in org.yamcs.parameterarchive.StringValueSegmentTest
[INFO] Running org.yamcs.parameterarchive.AggarrayBuilderTest
[INFO] Tests run: 6, Failures: 0, Errors: 0, Skipped: 0, Time elapsed: 0.046 s - in org.yamcs.parameterarchive.AggarrayBuilderTest
[INFO] Running org.yamcs.parameterarchive.TestCompression
[WARNING] Tests run: 1, Failures: 0, Errors: 0, Skipped: 1, Time elapsed: 0.012 s - in org.yamcs.parameterarchive.TestCompression
[INFO] Running org.yamcs.parameterarchive.ArrayAndAggregatesTest
[INFO] Tests run: 1, Failures: 0, Errors: 0, Skipped: 0, Time elapsed: 0.744 s - in org.yamcs.parameterarchive.ArrayAndAggregatesTest
[INFO] Running org.yamcs.parameterarchive.DoubleValueSegmentTest
[INFO] Tests run: 1, Failures: 0, Errors: 0, Skipped: 0, Time elapsed: 0.027 s - in org.yamcs.parameterarchive.DoubleValueSegmentTest
[INFO] Running org.yamcs.parameterarchive.ParameterIdDbTest
[INFO] Tests run: 4, Failures: 0, Errors: 0, Skipped: 0, Time elapsed: 0.85 s - in org.yamcs.parameterarchive.ParameterIdDbTest
[INFO] Running org.yamcs.parameterarchive.RealtimeArchiveFillerTest
[INFO] Tests run: 8, Failures: 0, Errors: 0, Skipped: 0, Time elapsed: 1.056 s - in org.yamcs.parameterarchive.RealtimeArchiveFillerTest
[INFO] Running org.yamcs.parameterarchive.IntValueSegmentTest
[INFO] Tests run: 3, Failures: 0, Errors: 0, Skipped: 0, Time elapsed: 0.039 s - in org.yamcs.parameterarchive.IntValueSegmentTest
[INFO] Running org.yamcs.parameterarchive.ParameterStatusTest
[INFO] Tests run: 1, Failures: 0, Errors: 0, Skipped: 0, Time elapsed: 0.044 s - in org.yamcs.parameterarchive.ParameterStatusTest
[INFO] Running org.yamcs.parameterarchive.ObjectSegmentTest
[INFO] Tests run: 4, Failures: 0, Errors: 0, Skipped: 0, Time elapsed: 0.11 s - in org.yamcs.parameterarchive.ObjectSegmentTest
[INFO] Running org.yamcs.parameterarchive.BooleanValueSegmentTest
[INFO] Tests run: 1, Failures: 0, Errors: 0, Skipped: 0, Time elapsed: 0.04 s - in org.yamcs.parameterarchive.BooleanValueSegmentTest
[INFO] Running org.yamcs.parameterarchive.FloatValueSegmentTest
[INFO] Tests run: 2, Failures: 0, Errors: 0, Skipped: 0, Time elapsed: 0.04 s - in org.yamcs.parameterarchive.FloatValueSegmentTest
[INFO] Running org.yamcs.parameterarchive.ParameterArchiveTest
[INFO] Tests run: 24, Failures: 0, Errors: 0, Skipped: 0, Time elapsed: 4.379 s - in org.yamcs.parameterarchive.ParameterArchiveTest
[INFO] Running org.yamcs.parameterarchive.SegmentQueueTest
[INFO] Tests run: 4, Failures: 0, Errors: 0, Skipped: 0, Time elapsed: 0.062 s - in org.yamcs.parameterarchive.SegmentQueueTest
[INFO] Running org.yamcs.tctm.TcpTcDataLinkTest
[INFO] Tests run: 2, Failures: 0, Errors: 0, Skipped: 0, Time elapsed: 10.14 s - in org.yamcs.tctm.TcpTcDataLinkTest
[INFO] Running org.yamcs.tctm.FilePollingTmDataLinkTest
[INFO] Tests run: 2, Failures: 0, Errors: 0, Skipped: 0, Time elapsed: 0.5 s - in org.yamcs.tctm.FilePollingTmDataLinkTest
[INFO] Running org.yamcs.tctm.Iso16CrcCalculatorTest
[INFO] Tests run: 3, Failures: 0, Errors: 0, Skipped: 0, Time elapsed: 0.027 s - in org.yamcs.tctm.Iso16CrcCalculatorTest
[INFO] Running org.yamcs.tctm.ccsds.AosFrameDecoderTest
[INFO] Tests run: 2, Failures: 0, Errors: 0, Skipped: 0, Time elapsed: 0.05 s - in org.yamcs.tctm.ccsds.AosFrameDecoderTest
[INFO] Running org.yamcs.tctm.ccsds.PacketDecoderTest
[INFO] Tests run: 10, Failures: 0, Errors: 0, Skipped: 0, Time elapsed: 0.047 s - in org.yamcs.tctm.ccsds.PacketDecoderTest
[INFO] Running org.yamcs.tctm.ccsds.Cop1TcPacketHandlerTest
Jan 31 00:38:35.617 test [30] org.yamcs.tctm.ccsds.Cop1TcPacketHandler[test] [SEVERE] VC 0 Invalid state of the queue sentQueue[3] is null
Jan 31 00:38:35.623 test [30] org.yamcs.tctm.ccsds.Cop1TcPacketHandler[test] [SEVERE] VC 0 Invalid state of the queue sentQueue[4] is null
[INFO] Tests run: 23, Failures: 0, Errors: 0, Skipped: 0, Time elapsed: 11.271 s - in org.yamcs.tctm.ccsds.Cop1TcPacketHandlerTest
[INFO] Running org.yamcs.tctm.ccsds.error.LdpcEncoderTest
[WARNING] Tests run: 5, Failures: 0, Errors: 0, Skipped: 2, Time elapsed: 0.058 s - in org.yamcs.tctm.ccsds.error.LdpcEncoderTest
[INFO] Running org.yamcs.tctm.ccsds.error.Crc32Test
[INFO] Tests run: 1, Failures: 0, Errors: 0, Skipped: 0, Time elapsed: 0.022 s - in org.yamcs.tctm.ccsds.error.Crc32Test
[INFO] Running org.yamcs.tctm.ccsds.error.CrcCciitCalculatorTest
[INFO] Tests run: 1, Failures: 0, Errors: 0, Skipped: 0, Time elapsed: 0.03 s - in org.yamcs.tctm.ccsds.error.CrcCciitCalculatorTest
[INFO] Running org.yamcs.tctm.ccsds.error.AosFrameHeaderErrorCorrTest
[INFO] Tests run: 3, Failures: 0, Errors: 0, Skipped: 0, Time elapsed: 0.032 s - in org.yamcs.tctm.ccsds.error.AosFrameHeaderErrorCorrTest
[INFO] Running org.yamcs.tctm.ccsds.error.BchCltuGeneratorTest
[INFO] Tests run: 3, Failures: 0, Errors: 0, Skipped: 0, Time elapsed: 0.027 s - in org.yamcs.tctm.ccsds.error.BchCltuGeneratorTest
[INFO] Running org.yamcs.tctm.ccsds.error.ProximityCrcTest
[INFO] Tests run: 1, Failures: 0, Errors: 0, Skipped: 0, Time elapsed: 0.031 s - in org.yamcs.tctm.ccsds.error.ProximityCrcTest
[INFO] Running org.yamcs.tctm.ccsds.RandomizerTest
[INFO] Tests run: 1, Failures: 0, Errors: 0, Skipped: 0, Time elapsed: 0.046 s - in org.yamcs.tctm.ccsds.RandomizerTest
[INFO] Running org.yamcs.tctm.ccsds.TmFrameDecoderTest
[INFO] Tests run: 2, Failures: 0, Errors: 0, Skipped: 0, Time elapsed: 0.052 s - in org.yamcs.tctm.ccsds.TmFrameDecoderTest
[INFO] Running org.yamcs.tctm.UdpTmDataLinkTest
[INFO] Tests run: 1, Failures: 0, Errors: 0, Skipped: 0, Time elapsed: 2.399 s - in org.yamcs.tctm.UdpTmDataLinkTest
[INFO] Running org.yamcs.tctm.CcsdsPacketTest
[INFO] Tests run: 2, Failures: 0, Errors: 0, Skipped: 0, Time elapsed: 0.081 s - in org.yamcs.tctm.CcsdsPacketTest
[INFO] Running org.yamcs.tctm.TcpTcUplinkerTest
[INFO] Tests run: 2, Failures: 0, Errors: 0, Skipped: 0, Time elapsed: 0.338 s - in org.yamcs.tctm.TcpTcUplinkerTest
[INFO] Running org.yamcs.tctm.CucTimeDecoderTest
[INFO] Tests run: 2, Failures: 0, Errors: 0, Skipped: 0, Time elapsed: 0.029 s - in org.yamcs.tctm.CucTimeDecoderTest
[INFO] Running org.yamcs.tctm.UsocPacketInputStreamTest
[INFO] Tests run: 2, Failures: 0, Errors: 0, Skipped: 0, Time elapsed: 0.102 s - in org.yamcs.tctm.UsocPacketInputStreamTest
[INFO] Running org.yamcs.archive.CcsdsTmIndexTest
[WARNING] Tests run: 3, Failures: 0, Errors: 0, Skipped: 1, Time elapsed: 0.631 s - in org.yamcs.archive.CcsdsTmIndexTest
[INFO] Running org.yamcs.archive.CmdHistoryRecordingTest
[INFO] Tests run: 1, Failures: 0, Errors: 0, Skipped: 0, Time elapsed: 1.295 s - in org.yamcs.archive.CmdHistoryRecordingTest
[INFO] Running org.yamcs.cfdp.DataFileTest
[INFO] Tests run: 8, Failures: 0, Errors: 0, Skipped: 0, Time elapsed: 0.034 s - in org.yamcs.cfdp.DataFileTest
[INFO] Running org.yamcs.cfdp.ChecksumTest
[INFO] Tests run: 3, Failures: 0, Errors: 0, Skipped: 0, Time elapsed: 0.04 s - in org.yamcs.cfdp.ChecksumTest
[INFO] Running org.yamcs.cfdp.CfdpDownlinkIntegrationTest
Jan 31 00:39:09.272 _global [259] org.yamcs.http.RouteHandler [SEVERE] 107: Responding '500 Internal Server Error': java.lang.NullPointerException: Name is null: org.yamcs.http.InternalServerErrorException: java.lang.NullPointerException: Name is null
	org.yamcs.http.RouteHandler.handleException(RouteHandler.java:133)
	org.yamcs.http.RouteHandler.dispatch(RouteHandler.java:92)
	org.yamcs.http.RouteHandler.handle(RouteHandler.java:56)
	org.yamcs.http.Handler.channelRead0(Handler.java:19)
	org.yamcs.http.Handler.channelRead0(Handler.java:9)
	io.netty.channel.SimpleChannelInboundHandler.channelRead(SimpleChannelInboundHandler.java:99)
	io.netty.channel.AbstractChannelHandlerContext.invokeChannelRead(AbstractChannelHandlerContext.java:379)
	io.netty.channel.AbstractChannelHandlerContext.invokeChannelRead(AbstractChannelHandlerContext.java:365)
	io.netty.channel.AbstractChannelHandlerContext.fireChannelRead(AbstractChannelHandlerContext.java:357)
	io.netty.handler.codec.MessageToMessageDecoder.channelRead(MessageToMessageDecoder.java:103)
	io.netty.channel.AbstractChannelHandlerContext.invokeChannelRead(AbstractChannelHandlerContext.java:379)
	io.netty.channel.AbstractChannelHandlerContext.invokeChannelRead(AbstractChannelHandlerContext.java:365)
	io.netty.channel.AbstractChannelHandlerContext.fireChannelRead(AbstractChannelHandlerContext.java:357)
	io.netty.handler.codec.MessageToMessageDecoder.channelRead(MessageToMessageDecoder.java:103)
	io.netty.handler.codec.MessageToMessageCodec.channelRead(MessageToMessageCodec.java:111)
	io.netty.channel.AbstractChannelHandlerContext.invokeChannelRead(AbstractChannelHandlerContext.java:379)
	io.netty.channel.AbstractChannelHandlerContext.invokeChannelRead(AbstractChannelHandlerContext.java:365)
	io.netty.channel.AbstractChannelHandlerContext.fireChannelRead(AbstractChannelHandlerContext.java:357)
	org.yamcs.http.HttpRequestHandler.channelRead(HttpRequestHandler.java:167)
	io.netty.channel.AbstractChannelHandlerContext.invokeChannelRead(AbstractChannelHandlerContext.java:379)
	io.netty.channel.AbstractChannelHandlerContext.invokeChannelRead(AbstractChannelHandlerContext.java:365)
	io.netty.channel.AbstractChannelHandlerContext.fireChannelRead(AbstractChannelHandlerContext.java:357)
	io.netty.channel.CombinedChannelDuplexHandler$DelegatingChannelHandlerContext.fireChannelRead(CombinedChannelDuplexHandler.java:436)
	io.netty.handler.codec.ByteToMessageDecoder.fireChannelRead(ByteToMessageDecoder.java:327)
	io.netty.handler.codec.ByteToMessageDecoder.channelRead(ByteToMessageDecoder.java:299)
	io.netty.channel.CombinedChannelDuplexHandler.channelRead(CombinedChannelDuplexHandler.java:251)
	io.netty.channel.AbstractChannelHandlerContext.invokeChannelRead(AbstractChannelHandlerContext.java:379)
	io.netty.channel.AbstractChannelHandlerContext.invokeChannelRead(AbstractChannelHandlerContext.java:365)
	io.netty.channel.AbstractChannelHandlerContext.fireChannelRead(AbstractChannelHandlerContext.java:357)
	io.netty.handler.traffic.AbstractTrafficShapingHandler.channelRead(AbstractTrafficShapingHandler.java:506)
	io.netty.channel.AbstractChannelHandlerContext.invokeChannelRead(AbstractChannelHandlerContext.java:379)
	io.netty.channel.AbstractChannelHandlerContext.invokeChannelRead(AbstractChannelHandlerContext.java:365)
	io.netty.channel.AbstractChannelHandlerContext.fireChannelRead(AbstractChannelHandlerContext.java:357)
	io.netty.handler.traffic.AbstractTrafficShapingHandler.channelRead(AbstractTrafficShapingHandler.java:506)
	io.netty.channel.AbstractChannelHandlerContext.invokeChannelRead(AbstractChannelHandlerContext.java:379)
	io.netty.channel.AbstractChannelHandlerContext.invokeChannelRead(AbstractChannelHandlerContext.java:365)
	io.netty.channel.AbstractChannelHandlerContext.fireChannelRead(AbstractChannelHandlerContext.java:357)
	io.netty.channel.DefaultChannelPipeline$HeadContext.channelRead(DefaultChannelPipeline.java:1410)
	io.netty.channel.AbstractChannelHandlerContext.invokeChannelRead(AbstractChannelHandlerContext.java:379)
	io.netty.channel.AbstractChannelHandlerContext.invokeChannelRead(AbstractChannelHandlerContext.java:365)
	io.netty.channel.DefaultChannelPipeline.fireChannelRead(DefaultChannelPipeline.java:919)
	io.netty.channel.nio.AbstractNioByteChannel$NioByteUnsafe.read(AbstractNioByteChannel.java:166)
	io.netty.channel.nio.NioEventLoop.processSelectedKey(NioEventLoop.java:722)
	io.netty.channel.nio.NioEventLoop.processSelectedKeysOptimized(NioEventLoop.java:658)
	io.netty.channel.nio.NioEventLoop.processSelectedKeys(NioEventLoop.java:584)
	io.netty.channel.nio.NioEventLoop.run(NioEventLoop.java:496)
	io.netty.util.concurrent.SingleThreadEventExecutor$4.run(SingleThreadEventExecutor.java:995)
	io.netty.util.internal.ThreadExecutorMap$2.run(ThreadExecutorMap.java:74)
	io.netty.util.concurrent.FastThreadLocalRunnable.run(FastThreadLocalRunnable.java:30)
	java.base/java.lang.Thread.run(Thread.java:829)
Caused by: java.lang.NullPointerException: Name is null
	java.base/java.lang.Enum.valueOf(Enum.java:238)
	org.yamcs.protobuf.TransferDirection.valueOf(TransferDirection.java:9)
	org.yamcs.cfdp.CompletedTransfer.getDirection(CompletedTransfer.java:94)
	org.yamcs.http.api.FileTransferApi.toTransferInfo(FileTransferApi.java:269)
	org.yamcs.http.api.FileTransferApi.listTransfers(FileTransferApi.java:81)
	org.yamcs.http.api.FileTransferApi.listTransfers(FileTransferApi.java:49)
	org.yamcs.protobuf.AbstractFileTransferApi.callMethod(AbstractFileTransferApi.java:142)
	org.yamcs.http.RouteHandler.dispatch(RouteHandler.java:89)
	org.yamcs.http.RouteHandler.handle(RouteHandler.java:56)
	org.yamcs.http.Handler.channelRead0(Handler.java:19)
	org.yamcs.http.Handler.channelRead0(Handler.java:9)
	io.netty.channel.SimpleChannelInboundHandler.channelRead(SimpleChannelInboundHandler.java:99)
	io.netty.channel.AbstractChannelHandlerContext.invokeChannelRead(AbstractChannelHandlerContext.java:379)
	io.netty.channel.AbstractChannelHandlerContext.invokeChannelRead(AbstractChannelHandlerContext.java:365)
	io.netty.channel.AbstractChannelHandlerContext.fireChannelRead(AbstractChannelHandlerContext.java:357)
	io.netty.handler.codec.MessageToMessageDecoder.channelRead(MessageToMessageDecoder.java:103)
	io.netty.channel.AbstractChannelHandlerContext.invokeChannelRead(AbstractChannelHandlerContext.java:379)
	io.netty.channel.AbstractChannelHandlerContext.invokeChannelRead(AbstractChannelHandlerContext.java:365)
	io.netty.channel.AbstractChannelHandlerContext.fireChannelRead(AbstractChannelHandlerContext.java:357)
	io.netty.handler.codec.MessageToMessageDecoder.channelRead(MessageToMessageDecoder.java:103)
	io.netty.handler.codec.MessageToMessageCodec.channelRead(MessageToMessageCodec.java:111)
	io.netty.channel.AbstractChannelHandlerContext.invokeChannelRead(AbstractChannelHandlerContext.java:379)
	io.netty.channel.AbstractChannelHandlerContext.invokeChannelRead(AbstractChannelHandlerContext.java:365)
	io.netty.channel.AbstractChannelHandlerContext.fireChannelRead(AbstractChannelHandlerContext.java:357)
	org.yamcs.http.HttpRequestHandler.channelRead(HttpRequestHandler.java:167)
	io.netty.channel.AbstractChannelHandlerContext.invokeChannelRead(AbstractChannelHandlerContext.java:379)
	io.netty.channel.AbstractChannelHandlerContext.invokeChannelRead(AbstractChannelHandlerContext.java:365)
	io.netty.channel.AbstractChannelHandlerContext.fireChannelRead(AbstractChannelHandlerContext.java:357)
	io.netty.channel.CombinedChannelDuplexHandler$DelegatingChannelHandlerContext.fireChannelRead(CombinedChannelDuplexHandler.java:436)
	io.netty.handler.codec.ByteToMessageDecoder.fireChannelRead(ByteToMessageDecoder.java:327)
	io.netty.handler.codec.ByteToMessageDecoder.channelRead(ByteToMessageDecoder.java:299)
	io.netty.channel.CombinedChannelDuplexHandler.channelRead(CombinedChannelDuplexHandler.java:251)
	io.netty.channel.AbstractChannelHandlerContext.invokeChannelRead(AbstractChannelHandlerContext.java:379)
	io.netty.channel.AbstractChannelHandlerContext.invokeChannelRead(AbstractChannelHandlerContext.java:365)
	io.netty.channel.AbstractChannelHandlerContext.fireChannelRead(AbstractChannelHandlerContext.java:357)
	io.netty.handler.traffic.AbstractTrafficShapingHandler.channelRead(AbstractTrafficShapingHandler.java:506)
	io.netty.channel.AbstractChannelHandlerContext.invokeChannelRead(AbstractChannelHandlerContext.java:379)
	io.netty.channel.AbstractChannelHandlerContext.invokeChannelRead(AbstractChannelHandlerContext.java:365)
	io.netty.channel.AbstractChannelHandlerContext.fireChannelRead(AbstractChannelHandlerContext.java:357)
	io.netty.handler.traffic.AbstractTrafficShapingHandler.channelRead(AbstractTrafficShapingHandler.java:506)
	io.netty.channel.AbstractChannelHandlerContext.invokeChannelRead(AbstractChannelHandlerContext.java:379)
	io.netty.channel.AbstractChannelHandlerContext.invokeChannelRead(AbstractChannelHandlerContext.java:365)
	io.netty.channel.AbstractChannelHandlerContext.fireChannelRead(AbstractChannelHandlerContext.java:357)
	io.netty.channel.DefaultChannelPipeline$HeadContext.channelRead(DefaultChannelPipeline.java:1410)
	io.netty.channel.AbstractChannelHandlerContext.invokeChannelRead(AbstractChannelHandlerContext.java:379)
	io.netty.channel.AbstractChannelHandlerContext.invokeChannelRead(AbstractChannelHandlerContext.java:365)
	io.netty.channel.DefaultChannelPipeline.fireChannelRead(DefaultChannelPipeline.java:919)
	io.netty.channel.nio.AbstractNioByteChannel$NioByteUnsafe.read(AbstractNioByteChannel.java:166)
	io.netty.channel.nio.NioEventLoop.processSelectedKey(NioEventLoop.java:722)
	io.netty.channel.nio.NioEventLoop.processSelectedKeysOptimized(NioEventLoop.java:658)
	io.netty.channel.nio.NioEventLoop.processSelectedKeys(NioEventLoop.java:584)
	io.netty.channel.nio.NioEventLoop.run(NioEventLoop.java:496)
	io.netty.util.concurrent.SingleThreadEventExecutor$4.run(SingleThreadEventExecutor.java:995)
	io.netty.util.internal.ThreadExecutorMap$2.run(ThreadExecutorMap.java:74)
	io.netty.util.concurrent.FastThreadLocalRunnable.run(FastThreadLocalRunnable.java:30)
	java.base/java.lang.Thread.run(Thread.java:829)

Jan 31 00:39:09.273 _global [259] org.yamcs.http.CallObserver [SEVERE] Internal server error while handling call: org.yamcs.http.InternalServerErrorException: java.lang.NullPointerException: Name is null
	org.yamcs.http.RouteHandler.handleException(RouteHandler.java:133)
	org.yamcs.http.RouteHandler.dispatch(RouteHandler.java:92)
	org.yamcs.http.RouteHandler.handle(RouteHandler.java:56)
	org.yamcs.http.Handler.channelRead0(Handler.java:19)
	org.yamcs.http.Handler.channelRead0(Handler.java:9)
	io.netty.channel.SimpleChannelInboundHandler.channelRead(SimpleChannelInboundHandler.java:99)
	io.netty.channel.AbstractChannelHandlerContext.invokeChannelRead(AbstractChannelHandlerContext.java:379)
	io.netty.channel.AbstractChannelHandlerContext.invokeChannelRead(AbstractChannelHandlerContext.java:365)
	io.netty.channel.AbstractChannelHandlerContext.fireChannelRead(AbstractChannelHandlerContext.java:357)
	io.netty.handler.codec.MessageToMessageDecoder.channelRead(MessageToMessageDecoder.java:103)
	io.netty.channel.AbstractChannelHandlerContext.invokeChannelRead(AbstractChannelHandlerContext.java:379)
	io.netty.channel.AbstractChannelHandlerContext.invokeChannelRead(AbstractChannelHandlerContext.java:365)
	io.netty.channel.AbstractChannelHandlerContext.fireChannelRead(AbstractChannelHandlerContext.java:357)
	io.netty.handler.codec.MessageToMessageDecoder.channelRead(MessageToMessageDecoder.java:103)
	io.netty.handler.codec.MessageToMessageCodec.channelRead(MessageToMessageCodec.java:111)
	io.netty.channel.AbstractChannelHandlerContext.invokeChannelRead(AbstractChannelHandlerContext.java:379)
	io.netty.channel.AbstractChannelHandlerContext.invokeChannelRead(AbstractChannelHandlerContext.java:365)
	io.netty.channel.AbstractChannelHandlerContext.fireChannelRead(AbstractChannelHandlerContext.java:357)
	org.yamcs.http.HttpRequestHandler.channelRead(HttpRequestHandler.java:167)
	io.netty.channel.AbstractChannelHandlerContext.invokeChannelRead(AbstractChannelHandlerContext.java:379)
	io.netty.channel.AbstractChannelHandlerContext.invokeChannelRead(AbstractChannelHandlerContext.java:365)
	io.netty.channel.AbstractChannelHandlerContext.fireChannelRead(AbstractChannelHandlerContext.java:357)
	io.netty.channel.CombinedChannelDuplexHandler$DelegatingChannelHandlerContext.fireChannelRead(CombinedChannelDuplexHandler.java:436)
	io.netty.handler.codec.ByteToMessageDecoder.fireChannelRead(ByteToMessageDecoder.java:327)
	io.netty.handler.codec.ByteToMessageDecoder.channelRead(ByteToMessageDecoder.java:299)
	io.netty.channel.CombinedChannelDuplexHandler.channelRead(CombinedChannelDuplexHandler.java:251)
	io.netty.channel.AbstractChannelHandlerContext.invokeChannelRead(AbstractChannelHandlerContext.java:379)
	io.netty.channel.AbstractChannelHandlerContext.invokeChannelRead(AbstractChannelHandlerContext.java:365)
	io.netty.channel.AbstractChannelHandlerContext.fireChannelRead(AbstractChannelHandlerContext.java:357)
	io.netty.handler.traffic.AbstractTrafficShapingHandler.channelRead(AbstractTrafficShapingHandler.java:506)
	io.netty.channel.AbstractChannelHandlerContext.invokeChannelRead(AbstractChannelHandlerContext.java:379)
	io.netty.channel.AbstractChannelHandlerContext.invokeChannelRead(AbstractChannelHandlerContext.java:365)
	io.netty.channel.AbstractChannelHandlerContext.fireChannelRead(AbstractChannelHandlerContext.java:357)
	io.netty.handler.traffic.AbstractTrafficShapingHandler.channelRead(AbstractTrafficShapingHandler.java:506)
	io.netty.channel.AbstractChannelHandlerContext.invokeChannelRead(AbstractChannelHandlerContext.java:379)
	io.netty.channel.AbstractChannelHandlerContext.invokeChannelRead(AbstractChannelHandlerContext.java:365)
	io.netty.channel.AbstractChannelHandlerContext.fireChannelRead(AbstractChannelHandlerContext.java:357)
	io.netty.channel.DefaultChannelPipeline$HeadContext.channelRead(DefaultChannelPipeline.java:1410)
	io.netty.channel.AbstractChannelHandlerContext.invokeChannelRead(AbstractChannelHandlerContext.java:379)
	io.netty.channel.AbstractChannelHandlerContext.invokeChannelRead(AbstractChannelHandlerContext.java:365)
	io.netty.channel.DefaultChannelPipeline.fireChannelRead(DefaultChannelPipeline.java:919)
	io.netty.channel.nio.AbstractNioByteChannel$NioByteUnsafe.read(AbstractNioByteChannel.java:166)
	io.netty.channel.nio.NioEventLoop.processSelectedKey(NioEventLoop.java:722)
	io.netty.channel.nio.NioEventLoop.processSelectedKeysOptimized(NioEventLoop.java:658)
	io.netty.channel.nio.NioEventLoop.processSelectedKeys(NioEventLoop.java:584)
	io.netty.channel.nio.NioEventLoop.run(NioEventLoop.java:496)
	io.netty.util.concurrent.SingleThreadEventExecutor$4.run(SingleThreadEventExecutor.java:995)
	io.netty.util.internal.ThreadExecutorMap$2.run(ThreadExecutorMap.java:74)
	io.netty.util.concurrent.FastThreadLocalRunnable.run(FastThreadLocalRunnable.java:30)
	java.base/java.lang.Thread.run(Thread.java:829)
Caused by: java.lang.NullPointerException: Name is null
	java.base/java.lang.Enum.valueOf(Enum.java:238)
	org.yamcs.protobuf.TransferDirection.valueOf(TransferDirection.java:9)
	org.yamcs.cfdp.CompletedTransfer.getDirection(CompletedTransfer.java:94)
	org.yamcs.http.api.FileTransferApi.toTransferInfo(FileTransferApi.java:269)
	org.yamcs.http.api.FileTransferApi.listTransfers(FileTransferApi.java:81)
	org.yamcs.http.api.FileTransferApi.listTransfers(FileTransferApi.java:49)
	org.yamcs.protobuf.AbstractFileTransferApi.callMethod(AbstractFileTransferApi.java:142)
	org.yamcs.http.RouteHandler.dispatch(RouteHandler.java:89)
	org.yamcs.http.RouteHandler.handle(RouteHandler.java:56)
	org.yamcs.http.Handler.channelRead0(Handler.java:19)
	org.yamcs.http.Handler.channelRead0(Handler.java:9)
	io.netty.channel.SimpleChannelInboundHandler.channelRead(SimpleChannelInboundHandler.java:99)
	io.netty.channel.AbstractChannelHandlerContext.invokeChannelRead(AbstractChannelHandlerContext.java:379)
	io.netty.channel.AbstractChannelHandlerContext.invokeChannelRead(AbstractChannelHandlerContext.java:365)
	io.netty.channel.AbstractChannelHandlerContext.fireChannelRead(AbstractChannelHandlerContext.java:357)
	io.netty.handler.codec.MessageToMessageDecoder.channelRead(MessageToMessageDecoder.java:103)
	io.netty.channel.AbstractChannelHandlerContext.invokeChannelRead(AbstractChannelHandlerContext.java:379)
	io.netty.channel.AbstractChannelHandlerContext.invokeChannelRead(AbstractChannelHandlerContext.java:365)
	io.netty.channel.AbstractChannelHandlerContext.fireChannelRead(AbstractChannelHandlerContext.java:357)
	io.netty.handler.codec.MessageToMessageDecoder.channelRead(MessageToMessageDecoder.java:103)
	io.netty.handler.codec.MessageToMessageCodec.channelRead(MessageToMessageCodec.java:111)
	io.netty.channel.AbstractChannelHandlerContext.invokeChannelRead(AbstractChannelHandlerContext.java:379)
	io.netty.channel.AbstractChannelHandlerContext.invokeChannelRead(AbstractChannelHandlerContext.java:365)
	io.netty.channel.AbstractChannelHandlerContext.fireChannelRead(AbstractChannelHandlerContext.java:357)
	org.yamcs.http.HttpRequestHandler.channelRead(HttpRequestHandler.java:167)
	io.netty.channel.AbstractChannelHandlerContext.invokeChannelRead(AbstractChannelHandlerContext.java:379)
	io.netty.channel.AbstractChannelHandlerContext.invokeChannelRead(AbstractChannelHandlerContext.java:365)
	io.netty.channel.AbstractChannelHandlerContext.fireChannelRead(AbstractChannelHandlerContext.java:357)
	io.netty.channel.CombinedChannelDuplexHandler$DelegatingChannelHandlerContext.fireChannelRead(CombinedChannelDuplexHandler.java:436)
	io.netty.handler.codec.ByteToMessageDecoder.fireChannelRead(ByteToMessageDecoder.java:327)
	io.netty.handler.codec.ByteToMessageDecoder.channelRead(ByteToMessageDecoder.java:299)
	io.netty.channel.CombinedChannelDuplexHandler.channelRead(CombinedChannelDuplexHandler.java:251)
	io.netty.channel.AbstractChannelHandlerContext.invokeChannelRead(AbstractChannelHandlerContext.java:379)
	io.netty.channel.AbstractChannelHandlerContext.invokeChannelRead(AbstractChannelHandlerContext.java:365)
	io.netty.channel.AbstractChannelHandlerContext.fireChannelRead(AbstractChannelHandlerContext.java:357)
	io.netty.handler.traffic.AbstractTrafficShapingHandler.channelRead(AbstractTrafficShapingHandler.java:506)
	io.netty.channel.AbstractChannelHandlerContext.invokeChannelRead(AbstractChannelHandlerContext.java:379)
	io.netty.channel.AbstractChannelHandlerContext.invokeChannelRead(AbstractChannelHandlerContext.java:365)
	io.netty.channel.AbstractChannelHandlerContext.fireChannelRead(AbstractChannelHandlerContext.java:357)
	io.netty.handler.traffic.AbstractTrafficShapingHandler.channelRead(AbstractTrafficShapingHandler.java:506)
	io.netty.channel.AbstractChannelHandlerContext.invokeChannelRead(AbstractChannelHandlerContext.java:379)
	io.netty.channel.AbstractChannelHandlerContext.invokeChannelRead(AbstractChannelHandlerContext.java:365)
	io.netty.channel.AbstractChannelHandlerContext.fireChannelRead(AbstractChannelHandlerContext.java:357)
	io.netty.channel.DefaultChannelPipeline$HeadContext.channelRead(DefaultChannelPipeline.java:1410)
	io.netty.channel.AbstractChannelHandlerContext.invokeChannelRead(AbstractChannelHandlerContext.java:379)
	io.netty.channel.AbstractChannelHandlerContext.invokeChannelRead(AbstractChannelHandlerContext.java:365)
	io.netty.channel.DefaultChannelPipeline.fireChannelRead(DefaultChannelPipeline.java:919)
	io.netty.channel.nio.AbstractNioByteChannel$NioByteUnsafe.read(AbstractNioByteChannel.java:166)
	io.netty.channel.nio.NioEventLoop.processSelectedKey(NioEventLoop.java:722)
	io.netty.channel.nio.NioEventLoop.processSelectedKeysOptimized(NioEventLoop.java:658)
	io.netty.channel.nio.NioEventLoop.processSelectedKeys(NioEventLoop.java:584)
	io.netty.channel.nio.NioEventLoop.run(NioEventLoop.java:496)
	io.netty.util.concurrent.SingleThreadEventExecutor$4.run(SingleThreadEventExecutor.java:995)
	io.netty.util.internal.ThreadExecutorMap$2.run(ThreadExecutorMap.java:74)
	io.netty.util.concurrent.FastThreadLocalRunnable.run(FastThreadLocalRunnable.java:30)
	java.base/java.lang.Thread.run(Thread.java:829)

[ERROR] Tests run: 11, Failures: 1, Errors: 1, Skipped: 0, Time elapsed: 6.744 s <<< FAILURE! - in org.yamcs.cfdp.CfdpDownlinkIntegrationTest
[ERROR] testMaxDownlinkLimit  Time elapsed: 0.618 s  <<< FAILURE!
org.opentest4j.AssertionFailedError: expected: <CANCELLING> but was: <FAILED>
	at org.yamcs.cfdp.CfdpDownlinkIntegrationTest.testMaxDownlinkLimit(CfdpDownlinkIntegrationTest.java:294)

[ERROR] testClass2NoFinAck  Time elapsed: 1.037 s  <<< ERROR!
java.util.concurrent.ExecutionException: org.yamcs.client.ClientException: Name is null
	at org.yamcs.cfdp.CfdpDownlinkIntegrationTest.getTransfer(CfdpDownlinkIntegrationTest.java:330)
	at org.yamcs.cfdp.CfdpDownlinkIntegrationTest.downloadAndCheck(CfdpDownlinkIntegrationTest.java:318)
	at org.yamcs.cfdp.CfdpDownlinkIntegrationTest.testClass2NoFinAck(CfdpDownlinkIntegrationTest.java:219)
Caused by: org.yamcs.client.ClientException: Name is null

[INFO] Running org.yamcs.cfdp.CfdpUplinkIntegrationTest
[INFO] Tests run: 14, Failures: 0, Errors: 0, Skipped: 0, Time elapsed: 19.49 s - in org.yamcs.cfdp.CfdpUplinkIntegrationTest
[INFO] Running org.yamcs.cfdp.ConfigTest
[INFO] Tests run: 6, Failures: 0, Errors: 0, Skipped: 0, Time elapsed: 0.677 s - in org.yamcs.cfdp.ConfigTest
[INFO] Running org.yamcs.cfdp.PacketParseTest
[INFO] Tests run: 4, Failures: 0, Errors: 0, Skipped: 0, Time elapsed: 0.075 s - in org.yamcs.cfdp.PacketParseTest
[INFO] Running org.yamcs.utils.FilterParserTest
[INFO] Tests run: 1, Failures: 0, Errors: 0, Skipped: 0, Time elapsed: 0.024 s - in org.yamcs.utils.FilterParserTest
[INFO] Running org.yamcs.utils.TimeIntervalTest
[INFO] Tests run: 1, Failures: 0, Errors: 0, Skipped: 0, Time elapsed: 0.023 s - in org.yamcs.utils.TimeIntervalTest
[INFO] Running org.yamcs.utils.SortedIntArrayTest
[WARNING] Tests run: 8, Failures: 0, Errors: 0, Skipped: 1, Time elapsed: 0.031 s - in org.yamcs.utils.SortedIntArrayTest
[INFO] Running org.yamcs.utils.TimeEncodingTest
[INFO] Tests run: 21, Failures: 0, Errors: 0, Skipped: 0, Time elapsed: 0.114 s - in org.yamcs.utils.TimeEncodingTest
[INFO] Running org.yamcs.utils.VarIntUtilTest
[INFO] Tests run: 6, Failures: 0, Errors: 0, Skipped: 0, Time elapsed: 0.032 s - in org.yamcs.utils.VarIntUtilTest
[INFO] Running org.yamcs.utils.TaiUtcConverterTest
[INFO] Tests run: 6, Failures: 0, Errors: 0, Skipped: 0, Time elapsed: 0.177 s - in org.yamcs.utils.TaiUtcConverterTest
[INFO] Running org.yamcs.utils.AggregateUtilTest
[INFO] Tests run: 6, Failures: 0, Errors: 0, Skipped: 0, Time elapsed: 0.072 s - in org.yamcs.utils.AggregateUtilTest
[INFO] Running org.yamcs.utils.GlobFileFinderTest
[INFO] Tests run: 4, Failures: 0, Errors: 0, Skipped: 0, Time elapsed: 0.091 s - in org.yamcs.utils.GlobFileFinderTest
[INFO] Running org.yamcs.utils.TimestampUtilsTest
[INFO] Tests run: 3, Failures: 0, Errors: 0, Skipped: 0, Time elapsed: 0.036 s - in org.yamcs.utils.TimestampUtilsTest
[INFO] Running org.yamcs.utils.ByteArrayUtilsTest
[INFO] Tests run: 18, Failures: 0, Errors: 0, Skipped: 0, Time elapsed: 0.041 s - in org.yamcs.utils.ByteArrayUtilsTest
[INFO] Running org.yamcs.utils.BitBufferTest
[INFO] Tests run: 12, Failures: 0, Errors: 0, Skipped: 0, Time elapsed: 0.034 s - in org.yamcs.utils.BitBufferTest
[INFO] Running org.yamcs.utils.ParititionedTimeTest
[INFO] Tests run: 4, Failures: 0, Errors: 0, Skipped: 0, Time elapsed: 0.033 s - in org.yamcs.utils.ParititionedTimeTest
[INFO] Running org.yamcs.utils.Mil1750ATest
[INFO] Tests run: 4, Failures: 0, Errors: 0, Skipped: 0, Time elapsed: 0.029 s - in org.yamcs.utils.Mil1750ATest
[INFO] Running org.yamcs.utils.BooleanArrayTest
[INFO] Tests run: 2, Failures: 0, Errors: 0, Skipped: 0, Time elapsed: 0.026 s - in org.yamcs.utils.BooleanArrayTest
[INFO] Running org.yamcs.utils.ByteArrayTest
[INFO] Tests run: 4, Failures: 0, Errors: 0, Skipped: 0, Time elapsed: 0.03 s - in org.yamcs.utils.ByteArrayTest
[INFO] Running org.yamcs.utils.IntArrayTest
[INFO] Tests run: 8, Failures: 0, Errors: 0, Skipped: 0, Time elapsed: 0.071 s - in org.yamcs.utils.IntArrayTest
[INFO] Running org.yamcs.YConfigurationTest
[INFO] Tests run: 5, Failures: 0, Errors: 0, Skipped: 0, Time elapsed: 0.072 s - in org.yamcs.YConfigurationTest
[INFO] Running org.yamcs.http.JwtHelperTest
[INFO] Tests run: 2, Failures: 0, Errors: 0, Skipped: 0, Time elapsed: 0.251 s - in org.yamcs.http.JwtHelperTest
[INFO] Running org.yamcs.http.api.ParameterRangerTest
[INFO] Tests run: 5, Failures: 0, Errors: 0, Skipped: 0, Time elapsed: 0.079 s - in org.yamcs.http.api.ParameterRangerTest
[INFO] Running org.yamcs.http.api.XtceToGpbAssemblerTest
[INFO] Tests run: 3, Failures: 0, Errors: 0, Skipped: 0, Time elapsed: 1.322 s - in org.yamcs.http.api.XtceToGpbAssemblerTest
[INFO] Running org.yamcs.http.api.NameDescriptionSearchMatcherTest
[INFO] Tests run: 1, Failures: 0, Errors: 0, Skipped: 0, Time elapsed: 0.88 s - in org.yamcs.http.api.NameDescriptionSearchMatcherTest
[INFO] Running org.yamcs.http.api.DownsamplerTest
[INFO] Tests run: 3, Failures: 0, Errors: 0, Skipped: 0, Time elapsed: 0.042 s - in org.yamcs.http.api.DownsamplerTest
[INFO] Running org.yamcs.events.AbstractEventProducerTest
[INFO] Tests run: 5, Failures: 0, Errors: 0, Skipped: 0, Time elapsed: 0.186 s - in org.yamcs.events.AbstractEventProducerTest
[INFO] Running org.yamcs.replication.ReplicationFileTest
[INFO] Tests run: 6, Failures: 0, Errors: 0, Skipped: 0, Time elapsed: 0.609 s - in org.yamcs.replication.ReplicationFileTest
[INFO] Running org.yamcs.security.Pbkdf2PasswordHasherTest
[INFO] Tests run: 1, Failures: 0, Errors: 0, Skipped: 0, Time elapsed: 0.137 s - in org.yamcs.security.Pbkdf2PasswordHasherTest
[INFO] Running org.yamcs.rs.ReedSolomonTest
[INFO] Tests run: 2, Failures: 0, Errors: 0, Skipped: 0, Time elapsed: 0.069 s - in org.yamcs.rs.ReedSolomonTest
[INFO] Running org.yamcs.xtce.xlsv6.XlsV6LoaderTest
[INFO] Tests run: 8, Failures: 0, Errors: 0, Skipped: 0, Time elapsed: 1.104 s - in org.yamcs.xtce.xlsv6.XlsV6LoaderTest
[INFO] Running org.yamcs.xtce.xlsv7.XlsV7LoaderTest
[INFO] Tests run: 9, Failures: 0, Errors: 0, Skipped: 0, Time elapsed: 2.421 s - in org.yamcs.xtce.xlsv7.XlsV7LoaderTest
[INFO] Running org.yamcs.templating.TemplateProcessorTest
[INFO] Tests run: 8, Failures: 0, Errors: 0, Skipped: 0, Time elapsed: 0.054 s - in org.yamcs.templating.TemplateProcessorTest
[INFO] Running org.yamcs.cli.ConfCheckTest
[INFO] Tests run: 3, Failures: 0, Errors: 0, Skipped: 0, Time elapsed: 0.517 s - in org.yamcs.cli.ConfCheckTest
[INFO] Running org.yamcs.cli.YamcsCliTest
[INFO] Tests run: 4, Failures: 0, Errors: 0, Skipped: 0, Time elapsed: 0.223 s - in org.yamcs.cli.YamcsCliTest
[INFO] Running org.yamcs.cli.XtceDbTest































































































































































































































































































































































































































































































































[INFO] Tests run: 2, Failures: 0, Errors: 0, Skipped: 0, Time elapsed: 1.28 s - in org.yamcs.cli.XtceDbTest
[INFO] Running org.yamcs.cli.BackupCliTest
[INFO] Tests run: 1, Failures: 0, Errors: 0, Skipped: 0, Time elapsed: 0.928 s - in org.yamcs.cli.BackupCliTest
[INFO] Running org.yamcs.cli.PasswordHashTest
[INFO] Tests run: 2, Failures: 0, Errors: 0, Skipped: 0, Time elapsed: 0.414 s - in org.yamcs.cli.PasswordHashTest
[INFO] Running org.yamcs.cli.UsersCliTest
dataDir: /tmp/etcdata-16313537494420298086/yamcs-data
[INFO] Tests run: 2, Failures: 0, Errors: 0, Skipped: 0, Time elapsed: 0.569 s - in org.yamcs.cli.UsersCliTest
[INFO] Running org.yamcs.cli.RocksDbTest
sizeMb: 1
[INFO] Tests run: 2, Failures: 0, Errors: 0, Skipped: 0, Time elapsed: 0.81 s - in org.yamcs.cli.RocksDbTest
[INFO] Running org.yamcs.EventCrashHandlerTest
[INFO] Tests run: 1, Failures: 0, Errors: 0, Skipped: 0, Time elapsed: 0.091 s - in org.yamcs.EventCrashHandlerTest
[INFO] Running org.yamcs.yarch.StandaloneStreamTest
[INFO] Tests run: 2, Failures: 0, Errors: 0, Skipped: 0, Time elapsed: 0.493 s - in org.yamcs.yarch.StandaloneStreamTest
[INFO] Running org.yamcs.yarch.EnumTest
[INFO] Tests run: 7, Failures: 0, Errors: 0, Skipped: 0, Time elapsed: 1.298 s - in org.yamcs.yarch.EnumTest
[INFO] Running org.yamcs.yarch.Enum2Test
[INFO] Tests run: 7, Failures: 0, Errors: 0, Skipped: 0, Time elapsed: 1.218 s - in org.yamcs.yarch.Enum2Test
[INFO] Running org.yamcs.yarch.StreamSelectBinaryFunctionTest
[INFO] Tests run: 6, Failures: 0, Errors: 0, Skipped: 0, Time elapsed: 1.062 s - in org.yamcs.yarch.StreamSelectBinaryFunctionTest
[INFO] Running org.yamcs.yarch.TimePartitionSchemaTest
[INFO] Tests run: 5, Failures: 0, Errors: 0, Skipped: 0, Time elapsed: 0.097 s - in org.yamcs.yarch.TimePartitionSchemaTest
[INFO] Running org.yamcs.yarch.ArrayTest
[INFO] Tests run: 5, Failures: 0, Errors: 0, Skipped: 0, Time elapsed: 1.247 s - in org.yamcs.yarch.ArrayTest
[INFO] Running org.yamcs.yarch.StreamSelect1Test
[INFO] Tests run: 4, Failures: 0, Errors: 0, Skipped: 0, Time elapsed: 0.812 s - in org.yamcs.yarch.StreamSelect1Test
[INFO] Running org.yamcs.yarch.StreamSelectNullTest
[INFO] Tests run: 2, Failures: 0, Errors: 0, Skipped: 0, Time elapsed: 0.741 s - in org.yamcs.yarch.StreamSelectNullTest
[INFO] Running org.yamcs.yarch.ColumnSerializerTest
[INFO] Tests run: 2, Failures: 0, Errors: 0, Skipped: 0, Time elapsed: 0.148 s - in org.yamcs.yarch.ColumnSerializerTest
[INFO] Running org.yamcs.yarch.TableRowDeleteTest
[INFO] Tests run: 6, Failures: 0, Errors: 0, Skipped: 0, Time elapsed: 1.446 s - in org.yamcs.yarch.TableRowDeleteTest
[INFO] Running org.yamcs.yarch.Enum3Test
[INFO] Tests run: 7, Failures: 0, Errors: 0, Skipped: 0, Time elapsed: 1.265 s - in org.yamcs.yarch.Enum3Test
[INFO] Running org.yamcs.yarch.SecondaryIndexTest
[INFO] Tests run: 3, Failures: 0, Errors: 0, Skipped: 0, Time elapsed: 0.945 s - in org.yamcs.yarch.SecondaryIndexTest
[INFO] Running org.yamcs.yarch.ConcurrencyTest
[INFO] Tests run: 1, Failures: 0, Errors: 0, Skipped: 0, Time elapsed: 12.55 s - in org.yamcs.yarch.ConcurrencyTest
[INFO] Running org.yamcs.yarch.UUIDTest
[INFO] Tests run: 3, Failures: 0, Errors: 0, Skipped: 0, Time elapsed: 0.807 s - in org.yamcs.yarch.UUIDTest
[INFO] Running org.yamcs.yarch.InsertTest
[INFO] Tests run: 1, Failures: 0, Errors: 0, Skipped: 0, Time elapsed: 0.564 s - in org.yamcs.yarch.InsertTest
[INFO] Running org.yamcs.yarch.StreamSqlParserTest
[INFO] Tests run: 4, Failures: 0, Errors: 0, Skipped: 0, Time elapsed: 0.864 s - in org.yamcs.yarch.StreamSqlParserTest
[INFO] Running org.yamcs.yarch.NegativeValuesPKTest
[INFO] Tests run: 6, Failures: 0, Errors: 0, Skipped: 0, Time elapsed: 1.018 s - in org.yamcs.yarch.NegativeValuesPKTest
[INFO] Running org.yamcs.yarch.StreamSelectTest
[INFO] Tests run: 4, Failures: 0, Errors: 0, Skipped: 0, Time elapsed: 0.875 s - in org.yamcs.yarch.StreamSelectTest
[INFO] Running org.yamcs.yarch.HistogramStreamTest
[INFO] Tests run: 5, Failures: 0, Errors: 0, Skipped: 0, Time elapsed: 1.3 s - in org.yamcs.yarch.HistogramStreamTest
[INFO] Running org.yamcs.yarch.DynamicSchemaTableTest
[INFO] Tests run: 4, Failures: 0, Errors: 0, Skipped: 0, Time elapsed: 0.803 s - in org.yamcs.yarch.DynamicSchemaTableTest
[INFO] Running org.yamcs.yarch.WriterTest
[INFO] Tests run: 3, Failures: 0, Errors: 0, Skipped: 0, Time elapsed: 0.805 s - in org.yamcs.yarch.WriterTest
[INFO] Running org.yamcs.yarch.SecondaryIndex2Test
[INFO] Tests run: 1, Failures: 0, Errors: 0, Skipped: 0, Time elapsed: 0.71 s - in org.yamcs.yarch.SecondaryIndex2Test
[INFO] Running org.yamcs.yarch.rocksdb.RdbEngineTest
[INFO] Tests run: 3, Failures: 0, Errors: 0, Skipped: 0, Time elapsed: 6.156 s - in org.yamcs.yarch.rocksdb.RdbEngineTest
[INFO] Running org.yamcs.yarch.rocksdb.RDBFactoryTest
[INFO] Tests run: 2, Failures: 0, Errors: 0, Skipped: 0, Time elapsed: 18.605 s - in org.yamcs.yarch.rocksdb.RDBFactoryTest
[INFO] Running org.yamcs.yarch.rocksdb.TablespaceTest
[INFO] Tests run: 3, Failures: 0, Errors: 0, Skipped: 0, Time elapsed: 0.597 s - in org.yamcs.yarch.rocksdb.TablespaceTest
[INFO] Running org.yamcs.yarch.rocksdb.RdbSelectPerfTest
[WARNING] Tests run: 1, Failures: 0, Errors: 0, Skipped: 1, Time elapsed: 0.001 s - in org.yamcs.yarch.rocksdb.RdbSelectPerfTest
[INFO] Running org.yamcs.yarch.rocksdb.RdbSequenceTest
[INFO] Tests run: 3, Failures: 0, Errors: 0, Skipped: 0, Time elapsed: 0.814 s - in org.yamcs.yarch.rocksdb.RdbSequenceTest
[INFO] Running org.yamcs.yarch.rocksdb.PartitioningTest
[INFO] Tests run: 3, Failures: 0, Errors: 0, Skipped: 0, Time elapsed: 1.431 s - in org.yamcs.yarch.rocksdb.PartitioningTest
[INFO] Running org.yamcs.yarch.rocksdb.HistogramRebuilderTest
[WARNING] Tests run: 4, Failures: 0, Errors: 0, Skipped: 1, Time elapsed: 1.216 s - in org.yamcs.yarch.rocksdb.HistogramRebuilderTest
[INFO] Running org.yamcs.yarch.rocksdb.RdbPartitionManagerTest
[INFO] Tests run: 2, Failures: 0, Errors: 0, Skipped: 0, Time elapsed: 0.591 s - in org.yamcs.yarch.rocksdb.RdbPartitionManagerTest
[INFO] Running org.yamcs.yarch.rocksdb.RdbHistogramIteratorTest
[INFO] Tests run: 1, Failures: 0, Errors: 0, Skipped: 0, Time elapsed: 0.839 s - in org.yamcs.yarch.rocksdb.RdbHistogramIteratorTest
[INFO] Running org.yamcs.yarch.rocksdb.BucketDbTest
[INFO] Tests run: 4, Failures: 0, Errors: 0, Skipped: 0, Time elapsed: 1.303 s - in org.yamcs.yarch.rocksdb.BucketDbTest
[INFO] Running org.yamcs.yarch.rocksdb.RdbSelectTest
[INFO] Tests run: 7, Failures: 0, Errors: 0, Skipped: 0, Time elapsed: 1.961 s - in org.yamcs.yarch.rocksdb.RdbSelectTest
[INFO] Running org.yamcs.yarch.StreamSelectProtobufTest
[INFO] Tests run: 5, Failures: 0, Errors: 0, Skipped: 0, Time elapsed: 1.038 s - in org.yamcs.yarch.StreamSelectProtobufTest
[INFO] Running org.yamcs.yarch.TestRenameTable
[INFO] Tests run: 1, Failures: 0, Errors: 0, Skipped: 0, Time elapsed: 0.584 s - in org.yamcs.yarch.TestRenameTable
[INFO] Running org.yamcs.yarch.AutoincrementTest
[INFO] Tests run: 4, Failures: 0, Errors: 0, Skipped: 0, Time elapsed: 0.835 s - in org.yamcs.yarch.AutoincrementTest
[INFO] Running org.yamcs.yarch.StreamMergeTest
[INFO] Tests run: 4, Failures: 0, Errors: 0, Skipped: 0, Time elapsed: 1.221 s - in org.yamcs.yarch.StreamMergeTest
[INFO] Running org.yamcs.yarch.StreamSelectPerfTest
[INFO] Tests run: 1, Failures: 0, Errors: 0, Skipped: 0, Time elapsed: 1.314 s - in org.yamcs.yarch.StreamSelectPerfTest
[INFO] Running org.yamcs.yarch.HistogramSegmentTest
[INFO] Tests run: 12, Failures: 0, Errors: 0, Skipped: 0, Time elapsed: 0.239 s - in org.yamcs.yarch.HistogramSegmentTest
[INFO] Running org.yamcs.yarch.TableUpdateTest
[INFO] Tests run: 11, Failures: 0, Errors: 0, Skipped: 0, Time elapsed: 1.619 s - in org.yamcs.yarch.TableUpdateTest
[INFO] Running org.yamcs.yarch.StreamSelect2Test
[INFO] Tests run: 15, Failures: 0, Errors: 0, Skipped: 0, Time elapsed: 1.774 s - in org.yamcs.yarch.StreamSelect2Test
[INFO] Running org.yamcs.yarch.SecondaryIndex3Test
[INFO] Tests run: 2, Failures: 0, Errors: 0, Skipped: 0, Time elapsed: 0.854 s - in org.yamcs.yarch.SecondaryIndex3Test
[INFO] Running org.yamcs.yarch.StarSelectTest
[INFO] Tests run: 1, Failures: 0, Errors: 0, Skipped: 0, Time elapsed: 0.545 s - in org.yamcs.yarch.StarSelectTest
[INFO] Running org.yamcs.yarch.StreamSelectCoalesceTest
[INFO] Tests run: 2, Failures: 0, Errors: 0, Skipped: 0, Time elapsed: 0.761 s - in org.yamcs.yarch.StreamSelectCoalesceTest
[INFO] Running org.yamcs.yarch.EnumWithPartitionTest
[INFO] Tests run: 4, Failures: 0, Errors: 0, Skipped: 0, Time elapsed: 1.313 s - in org.yamcs.yarch.EnumWithPartitionTest
[INFO] Running org.yamcs.yarch.StreamSelectParameterValueTest
[INFO] Tests run: 1, Failures: 0, Errors: 0, Skipped: 0, Time elapsed: 0.642 s - in org.yamcs.yarch.StreamSelectParameterValueTest
[INFO] Running org.yamcs.yarch.CreateStreamAsSelectTest
[INFO] Tests run: 1, Failures: 0, Errors: 0, Skipped: 0, Time elapsed: 0.454 s - in org.yamcs.yarch.CreateStreamAsSelectTest
[INFO] Running org.yamcs.yarch.Enum4Test
[INFO] Tests run: 1, Failures: 0, Errors: 0, Skipped: 0, Time elapsed: 0.555 s - in org.yamcs.yarch.Enum4Test
[INFO] Running org.yamcs.alarms.EventIdTest
[INFO] Tests run: 8, Failures: 0, Errors: 0, Skipped: 0, Time elapsed: 0.167 s - in org.yamcs.alarms.EventIdTest
[INFO] Running org.yamcs.alarms.AlarmServerTest
[INFO] Tests run: 7, Failures: 0, Errors: 0, Skipped: 0, Time elapsed: 0.642 s - in org.yamcs.alarms.AlarmServerTest
[INFO] 
[INFO] Results:
[INFO] 
[ERROR] Failures: 
[ERROR]   CfdpDownlinkIntegrationTest.testMaxDownlinkLimit:294 expected: <CANCELLING> but was: <FAILED>
[ERROR] Errors: 
[ERROR]   CfdpDownlinkIntegrationTest.testClass2NoFinAck:219->downloadAndCheck:318->getTransfer:330  Execution
[INFO] 
[ERROR] Tests run: 796, Failures: 1, Errors: 1, Skipped: 12
[INFO] 
[INFO] ------------------------------------------------------------------------
[INFO] Reactor Summary for Yamcs 5.7.0-SNAPSHOT:
[INFO] 
[INFO] Yamcs .............................................. SUCCESS [  0.066 s]
[INFO] Yamcs :: API ....................................... SUCCESS [ 16.175 s]
[INFO] Yamcs :: Yamcs Client .............................. SUCCESS [  1.672 s]
[INFO] Yamcs :: XTCE ...................................... SUCCESS [  1.738 s]
[INFO] Yamcs :: Core ...................................... FAILURE [05:21 min]
[INFO] Yamcs :: TSE ....................................... SKIPPED
[INFO] Yamcs :: Simulator ................................. SKIPPED
[INFO] Yamcs :: Web Interface ............................. SKIPPED
[INFO] Yamcs :: Examples .................................. SKIPPED
[INFO] Yamcs :: Examples :: CCSDS Frames .................. SKIPPED
[INFO] Yamcs :: Examples :: CFDP .......................... SKIPPED
[INFO] Yamcs :: Examples :: Perftest1 ..................... SKIPPED
[INFO] Yamcs :: Examples :: Perftest2 ..................... SKIPPED
[INFO] Yamcs :: Examples :: PUS ........................... SKIPPED
[INFO] Yamcs :: Examples :: Replication1 .................. SKIPPED
[INFO] Yamcs :: Examples :: Replication2 .................. SKIPPED
[INFO] Yamcs :: Examples :: Replication3 .................. SKIPPED
[INFO] Yamcs :: Examples :: Simulation .................... SKIPPED
[INFO] Yamcs :: Examples :: Snippets ...................... SKIPPED
[INFO] Yamcs :: Examples :: Templates ..................... SKIPPED
[INFO] Yamcs :: Packet Viewer ............................. SKIPPED
[INFO] Yamcs :: Tests ..................................... SKIPPED
[INFO] Yamcs :: Distribution .............................. SKIPPED
[INFO] ------------------------------------------------------------------------
[INFO] BUILD FAILURE
[INFO] ------------------------------------------------------------------------
[INFO] Total time:  05:41 min
[INFO] Finished at: 2023-01-31T00:42:12Z
[INFO] ------------------------------------------------------------------------
[ERROR] Failed to execute goal org.apache.maven.plugins:maven-surefire-plugin:3.0.0-M3:test (default-test) on project yamcs-core: There are test failures.
[ERROR] 
[ERROR] Please refer to /home/gabsko/breaking-updates/yamcs-core/target/surefire-reports for the individual test results.
[ERROR] Please refer to dump files (if any exist) [date].dump, [date]-jvmRun[N].dump and [date].dumpstream.
[ERROR] -> [Help 1]
[ERROR] 
[ERROR] To see the full stack trace of the errors, re-run Maven with the -e switch.
[ERROR] Re-run Maven using the -X switch to enable full debug logging.
[ERROR] 
[ERROR] For more information about the errors and possible solutions, please read the following articles:
[ERROR] [Help 1] http://cwiki.apache.org/confluence/display/MAVEN/MojoFailureException
[ERROR] 
[ERROR] After correcting the problems, you can resume the build with the command
[ERROR]   mvn <args> -rf :yamcs-core
