[INFO] Scanning for projects...
[INFO] ------------------------------------------------------------------------
[INFO] Reactor Build Order:
[INFO] 
[INFO] Apache Commons VFS Project                                         [pom]
[INFO] Apache Commons VFS                                                 [jar]
[INFO] Apache Commons VFS Jackrabbit 1                                    [jar]
[INFO] Apache Commons VFS Jackrabbit 2                                    [jar]
[INFO] Apache Commons VFS Examples                                        [jar]
[INFO] Apache Commons VFS Distribution                                    [pom]
[INFO] 
[INFO] --------------< org.apache.commons:commons-vfs2-project >---------------
[INFO] Building Apache Commons VFS Project 2.10.0-SNAPSHOT                [1/6]
[INFO] --------------------------------[ pom ]---------------------------------
[INFO] 
[INFO] --- maven-clean-plugin:3.1.0:clean (default-clean) @ commons-vfs2-project ---
[INFO] Deleting /home/gabsko/breaking-updates/target
[INFO] 
[INFO] --- maven-enforcer-plugin:3.0.0-M3:enforce (enforce-maven-version) @ commons-vfs2-project ---
[INFO] 
[INFO] --- maven-enforcer-plugin:3.0.0-M3:enforce (enforce-maven-3) @ commons-vfs2-project ---
[INFO] 
[INFO] --- apache-rat-plugin:0.13:check (rat-check) @ commons-vfs2-project ---
[INFO] Enabled default license matchers.
[INFO] Will parse SCM ignores for exclusions...
[INFO] Parsing exclusions from /home/gabsko/breaking-updates/.gitignore
[INFO] Finished adding exclusions from SCM ignore files.
[INFO] 78 implicit excludes (use -debug for more details).
[INFO] 16 explicit excludes (use -debug for more details).
[INFO] 30 resources included (use -debug for more details)
[INFO] Rat check: Summary over all files. Unapproved: 0, unknown: 0, generated: 0, approved: 24 licenses.
[INFO] 
[INFO] --- build-helper-maven-plugin:3.2.0:parse-version (parse-version) @ commons-vfs2-project ---
[INFO] 
[INFO] --- maven-antrun-plugin:1.8:run (javadoc.resources) @ commons-vfs2-project ---
[INFO] Executing tasks

main:
     [copy] Copying 2 files to /home/gabsko/breaking-updates/target/apidocs/META-INF
[INFO] Executed tasks
[INFO] 
[INFO] --- maven-antrun-plugin:1.8:run (vfs-jar-manifest) @ commons-vfs2-project ---
[INFO] Executing tasks

main:
    [mkdir] Created dir: /home/gabsko/breaking-updates/target/osgi
    [touch] Creating /home/gabsko/breaking-updates/target/osgi/MANIFEST.MF
[INFO] Executed tasks
[INFO] 
[INFO] --- maven-remote-resources-plugin:1.7.0:process (process-resource-bundles) @ commons-vfs2-project ---
[INFO] Skipping remote resources execution.
[INFO] 
[INFO] --- buildnumber-maven-plugin:1.4:create (default) @ commons-vfs2-project ---
[INFO] Executing: /bin/sh -c cd '/home/gabsko/breaking-updates' && 'git' 'rev-parse' '--verify' 'HEAD'
[INFO] Working directory: /home/gabsko/breaking-updates
[INFO] Storing buildNumber: 16796cd6ad4ec7f380383ab2e70f391b059e7553 at timestamp: 1674731069356
[WARNING] Cannot get the branch information from the git repository: 
Detecting the current branch failed: fatal: ref HEAD is not a symbolic ref

[INFO] Executing: /bin/sh -c cd '/home/gabsko/breaking-updates' && 'git' 'rev-parse' '--verify' 'HEAD'
[INFO] Working directory: /home/gabsko/breaking-updates
[INFO] Storing buildScmBranch: UNKNOWN
[INFO] 
[INFO] --- maven-bundle-plugin:5.1.2:manifest (bundle-manifest) @ commons-vfs2-project ---
[WARNING] Ignoring project type pom - supportedProjectTypes = [jar, bundle]
[INFO] 
[INFO] --- animal-sniffer-maven-plugin:1.20:check (checkAPIcompatibility) @ commons-vfs2-project ---
[INFO] Checking unresolved references to org.codehaus.mojo.signature:java18:1.0
[INFO] 
[INFO] ------------------< org.apache.commons:commons-vfs2 >-------------------
[INFO] Building Apache Commons VFS 2.10.0-SNAPSHOT                        [2/6]
[INFO] --------------------------------[ jar ]---------------------------------
[INFO] 
[INFO] --- maven-clean-plugin:3.1.0:clean (default-clean) @ commons-vfs2 ---
[INFO] Deleting /home/gabsko/breaking-updates/commons-vfs2/target
[INFO] 
[INFO] --- maven-enforcer-plugin:3.0.0-M3:enforce (enforce-maven-version) @ commons-vfs2 ---
[INFO] 
[INFO] --- maven-enforcer-plugin:3.0.0-M3:enforce (enforce-maven-3) @ commons-vfs2 ---
[INFO] 
[INFO] --- apache-rat-plugin:0.13:check (rat-check) @ commons-vfs2 ---
[INFO] Enabled default license matchers.
[INFO] Will parse SCM ignores for exclusions...
[INFO] Finished adding exclusions from SCM ignore files.
[INFO] 62 implicit excludes (use -debug for more details).
[INFO] 16 explicit excludes (use -debug for more details).
[INFO] 544 resources included (use -debug for more details)
[INFO] Rat check: Summary over all files. Unapproved: 0, unknown: 0, generated: 0, approved: 530 licenses.
[INFO] 
[INFO] --- build-helper-maven-plugin:3.2.0:parse-version (parse-version) @ commons-vfs2 ---
[INFO] 
[INFO] --- maven-antrun-plugin:1.8:run (javadoc.resources) @ commons-vfs2 ---
[INFO] Executing tasks

main:
     [copy] Copying 2 files to /home/gabsko/breaking-updates/commons-vfs2/target/apidocs/META-INF
[INFO] Executed tasks
[INFO] 
[INFO] --- maven-antrun-plugin:1.8:run (vfs-jar-manifest) @ commons-vfs2 ---
[INFO] Executing tasks

main:
    [mkdir] Created dir: /home/gabsko/breaking-updates/commons-vfs2/target/osgi
    [touch] Creating /home/gabsko/breaking-updates/commons-vfs2/target/osgi/MANIFEST.MF
[INFO] Executed tasks
[INFO] 
[INFO] --- maven-remote-resources-plugin:1.7.0:process (process-resource-bundles) @ commons-vfs2 ---
[INFO] Skipping remote resources execution.
[INFO] 
[INFO] --- buildnumber-maven-plugin:1.4:create (default) @ commons-vfs2 ---
[INFO] Executing: /bin/sh -c cd '/home/gabsko/breaking-updates/commons-vfs2' && 'git' 'rev-parse' '--verify' 'HEAD'
[INFO] Working directory: /home/gabsko/breaking-updates/commons-vfs2
[INFO] Storing buildNumber: 16796cd6ad4ec7f380383ab2e70f391b059e7553 at timestamp: 1674731070600
[WARNING] Cannot get the branch information from the git repository: 
Detecting the current branch failed: fatal: ref HEAD is not a symbolic ref

[INFO] Executing: /bin/sh -c cd '/home/gabsko/breaking-updates/commons-vfs2' && 'git' 'rev-parse' '--verify' 'HEAD'
[INFO] Working directory: /home/gabsko/breaking-updates/commons-vfs2
[INFO] Storing buildScmBranch: UNKNOWN
[INFO] 
[INFO] --- maven-resources-plugin:3.1.0:resources (default-resources) @ commons-vfs2 ---
[INFO] Using 'UTF-8' encoding to copy filtered resources.
[INFO] Copying 4 resources
[INFO] Copying 2 resources to META-INF
[INFO] 
[INFO] --- maven-compiler-plugin:3.8.1:compile (default-compile) @ commons-vfs2 ---
[INFO] Changes detected - recompiling the module!
[INFO] Compiling 328 source files to /home/gabsko/breaking-updates/commons-vfs2/target/classes
[INFO] /home/gabsko/breaking-updates/commons-vfs2/src/main/java/org/apache/commons/vfs2/provider/sftp/SftpFileNameParser.java: Some input files use or override a deprecated API.
[INFO] /home/gabsko/breaking-updates/commons-vfs2/src/main/java/org/apache/commons/vfs2/provider/sftp/SftpFileNameParser.java: Recompile with -Xlint:deprecation for details.
[INFO] /home/gabsko/breaking-updates/commons-vfs2/src/main/java/org/apache/commons/vfs2/FileSystemOptions.java: Some input files use unchecked or unsafe operations.
[INFO] /home/gabsko/breaking-updates/commons-vfs2/src/main/java/org/apache/commons/vfs2/FileSystemOptions.java: Recompile with -Xlint:unchecked for details.
[INFO] 
[INFO] --- maven-bundle-plugin:5.1.2:manifest (bundle-manifest) @ commons-vfs2 ---
[INFO] 
[INFO] --- maven-resources-plugin:3.1.0:testResources (default-testResources) @ commons-vfs2 ---
[INFO] Using 'UTF-8' encoding to copy filtered resources.
[INFO] Copying 64 resources
[INFO] Copying 2 resources to META-INF
[INFO] 
[INFO] --- maven-compiler-plugin:3.8.1:testCompile (default-testCompile) @ commons-vfs2 ---
[INFO] Changes detected - recompiling the module!
[INFO] Compiling 177 source files to /home/gabsko/breaking-updates/commons-vfs2/target/test-classes
[INFO] /home/gabsko/breaking-updates/commons-vfs2/src/test/java/org/apache/commons/vfs2/util/NHttpFileServer.java: Some input files use or override a deprecated API.
[INFO] /home/gabsko/breaking-updates/commons-vfs2/src/test/java/org/apache/commons/vfs2/util/NHttpFileServer.java: Recompile with -Xlint:deprecation for details.
[INFO] /home/gabsko/breaking-updates/commons-vfs2/src/test/java/org/apache/commons/vfs2/provider/ftp/FtpProviderTestCase.java: Some input files use unchecked or unsafe operations.
[INFO] /home/gabsko/breaking-updates/commons-vfs2/src/test/java/org/apache/commons/vfs2/provider/ftp/FtpProviderTestCase.java: Recompile with -Xlint:unchecked for details.
[INFO] 
[INFO] --- maven-antrun-plugin:1.8:run (default) @ commons-vfs2 ---
[INFO] Executing tasks

main:
     [move] Moving 2 files to /home/gabsko/breaking-updates/commons-vfs2/target/test-classes/test-data/code
[INFO] Executed tasks
[INFO] 
[INFO] --- animal-sniffer-maven-plugin:1.20:check (checkAPIcompatibility) @ commons-vfs2 ---
[INFO] Checking unresolved references to org.codehaus.mojo.signature:java18:1.0
[INFO] 
[INFO] --- maven-surefire-plugin:3.0.0-M5:test (default-test) @ commons-vfs2 ---
[INFO] 
[INFO] -------------------------------------------------------
[INFO]  T E S T S
[INFO] -------------------------------------------------------
[INFO] Running org.apache.commons.vfs2.function.VfsConsumerTest
[INFO] Tests run: 1, Failures: 0, Errors: 0, Skipped: 0, Time elapsed: 0.116 s - in org.apache.commons.vfs2.function.VfsConsumerTest
[INFO] Running org.apache.commons.vfs2.operations.BasicOperationsTest
[INFO] Tests run: 4, Failures: 0, Errors: 0, Skipped: 0, Time elapsed: 0.018 s - in org.apache.commons.vfs2.operations.BasicOperationsTest
[INFO] Running org.apache.commons.vfs2.FileTypeSelectorTest
[INFO] Tests run: 3, Failures: 0, Errors: 0, Skipped: 0, Time elapsed: 0.017 s - in org.apache.commons.vfs2.FileTypeSelectorTest
[INFO] Running org.apache.commons.vfs2.FileSystemManagerFactoryTest
[ERROR] Tests run: 1, Failures: 0, Errors: 1, Skipped: 0, Time elapsed: 0.011 s <<< FAILURE! - in org.apache.commons.vfs2.FileSystemManagerFactoryTest
[ERROR] org.apache.commons.vfs2.FileSystemManagerFactoryTest.testDefaultInstance  Time elapsed: 0.007 s  <<< ERROR!
org.apache.commons.vfs2.FileSystemException: Could not find a file provider that can handle file "file:///home/gabsko/breaking-updates/commons-vfs2/target/test-classes/test-data/test.jar".
	at org.apache.commons.vfs2.FileSystemException.requireNonNull(FileSystemException.java:186)
	at org.apache.commons.vfs2.impl.DefaultFileSystemManager.createFileSystem(DefaultFileSystemManager.java:436)
	at org.apache.commons.vfs2.FileSystemManagerFactoryTest.check(FileSystemManagerFactoryTest.java:40)
	at org.apache.commons.vfs2.FileSystemManagerFactoryTest.testDefaultInstance(FileSystemManagerFactoryTest.java:59)
	at java.base/jdk.internal.reflect.NativeMethodAccessorImpl.invoke0(Native Method)
	at java.base/jdk.internal.reflect.NativeMethodAccessorImpl.invoke(NativeMethodAccessorImpl.java:62)
	at java.base/jdk.internal.reflect.DelegatingMethodAccessorImpl.invoke(DelegatingMethodAccessorImpl.java:43)
	at java.base/java.lang.reflect.Method.invoke(Method.java:566)
	at org.junit.platform.commons.util.ReflectionUtils.invokeMethod(ReflectionUtils.java:725)
	at org.junit.jupiter.engine.execution.MethodInvocation.proceed(MethodInvocation.java:60)
	at org.junit.jupiter.engine.execution.InvocationInterceptorChain$ValidatingInvocation.proceed(InvocationInterceptorChain.java:131)
	at org.junit.jupiter.engine.extension.TimeoutExtension.intercept(TimeoutExtension.java:149)
	at org.junit.jupiter.engine.extension.TimeoutExtension.interceptTestableMethod(TimeoutExtension.java:140)
	at org.junit.jupiter.engine.extension.TimeoutExtension.interceptTestMethod(TimeoutExtension.java:84)
	at org.junit.jupiter.engine.execution.ExecutableInvoker$ReflectiveInterceptorCall.lambda$ofVoidMethod$0(ExecutableInvoker.java:115)
	at org.junit.jupiter.engine.execution.ExecutableInvoker.lambda$invoke$0(ExecutableInvoker.java:105)
	at org.junit.jupiter.engine.execution.InvocationInterceptorChain$InterceptedInvocation.proceed(InvocationInterceptorChain.java:106)
	at org.junit.jupiter.engine.execution.InvocationInterceptorChain.proceed(InvocationInterceptorChain.java:64)
	at org.junit.jupiter.engine.execution.InvocationInterceptorChain.chainAndInvoke(InvocationInterceptorChain.java:45)
	at org.junit.jupiter.engine.execution.InvocationInterceptorChain.invoke(InvocationInterceptorChain.java:37)
	at org.junit.jupiter.engine.execution.ExecutableInvoker.invoke(ExecutableInvoker.java:104)
	at org.junit.jupiter.engine.execution.ExecutableInvoker.invoke(ExecutableInvoker.java:98)
	at org.junit.jupiter.engine.descriptor.TestMethodTestDescriptor.lambda$invokeTestMethod$7(TestMethodTestDescriptor.java:214)
	at org.junit.platform.engine.support.hierarchical.ThrowableCollector.execute(ThrowableCollector.java:73)
	at org.junit.jupiter.engine.descriptor.TestMethodTestDescriptor.invokeTestMethod(TestMethodTestDescriptor.java:210)
	at org.junit.jupiter.engine.descriptor.TestMethodTestDescriptor.execute(TestMethodTestDescriptor.java:135)
	at org.junit.jupiter.engine.descriptor.TestMethodTestDescriptor.execute(TestMethodTestDescriptor.java:66)
	at org.junit.platform.engine.support.hierarchical.NodeTestTask.lambda$executeRecursively$6(NodeTestTask.java:151)
	at org.junit.platform.engine.support.hierarchical.ThrowableCollector.execute(ThrowableCollector.java:73)
	at org.junit.platform.engine.support.hierarchical.NodeTestTask.lambda$executeRecursively$8(NodeTestTask.java:141)
	at org.junit.platform.engine.support.hierarchical.Node.around(Node.java:137)
	at org.junit.platform.engine.support.hierarchical.NodeTestTask.lambda$executeRecursively$9(NodeTestTask.java:139)
	at org.junit.platform.engine.support.hierarchical.ThrowableCollector.execute(ThrowableCollector.java:73)
	at org.junit.platform.engine.support.hierarchical.NodeTestTask.executeRecursively(NodeTestTask.java:138)
	at org.junit.platform.engine.support.hierarchical.NodeTestTask.execute(NodeTestTask.java:95)
	at java.base/java.util.ArrayList.forEach(ArrayList.java:1541)
	at org.junit.platform.engine.support.hierarchical.SameThreadHierarchicalTestExecutorService.invokeAll(SameThreadHierarchicalTestExecutorService.java:41)
	at org.junit.platform.engine.support.hierarchical.NodeTestTask.lambda$executeRecursively$6(NodeTestTask.java:155)
	at org.junit.platform.engine.support.hierarchical.ThrowableCollector.execute(ThrowableCollector.java:73)
	at org.junit.platform.engine.support.hierarchical.NodeTestTask.lambda$executeRecursively$8(NodeTestTask.java:141)
	at org.junit.platform.engine.support.hierarchical.Node.around(Node.java:137)
	at org.junit.platform.engine.support.hierarchical.NodeTestTask.lambda$executeRecursively$9(NodeTestTask.java:139)
	at org.junit.platform.engine.support.hierarchical.ThrowableCollector.execute(ThrowableCollector.java:73)
	at org.junit.platform.engine.support.hierarchical.NodeTestTask.executeRecursively(NodeTestTask.java:138)
	at org.junit.platform.engine.support.hierarchical.NodeTestTask.execute(NodeTestTask.java:95)
	at java.base/java.util.ArrayList.forEach(ArrayList.java:1541)
	at org.junit.platform.engine.support.hierarchical.SameThreadHierarchicalTestExecutorService.invokeAll(SameThreadHierarchicalTestExecutorService.java:41)
	at org.junit.platform.engine.support.hierarchical.NodeTestTask.lambda$executeRecursively$6(NodeTestTask.java:155)
	at org.junit.platform.engine.support.hierarchical.ThrowableCollector.execute(ThrowableCollector.java:73)
	at org.junit.platform.engine.support.hierarchical.NodeTestTask.lambda$executeRecursively$8(NodeTestTask.java:141)
	at org.junit.platform.engine.support.hierarchical.Node.around(Node.java:137)
	at org.junit.platform.engine.support.hierarchical.NodeTestTask.lambda$executeRecursively$9(NodeTestTask.java:139)
	at org.junit.platform.engine.support.hierarchical.ThrowableCollector.execute(ThrowableCollector.java:73)
	at org.junit.platform.engine.support.hierarchical.NodeTestTask.executeRecursively(NodeTestTask.java:138)
	at org.junit.platform.engine.support.hierarchical.NodeTestTask.execute(NodeTestTask.java:95)
	at org.junit.platform.engine.support.hierarchical.SameThreadHierarchicalTestExecutorService.submit(SameThreadHierarchicalTestExecutorService.java:35)
	at org.junit.platform.engine.support.hierarchical.HierarchicalTestExecutor.execute(HierarchicalTestExecutor.java:57)
	at org.junit.platform.engine.support.hierarchical.HierarchicalTestEngine.execute(HierarchicalTestEngine.java:54)
	at org.junit.platform.launcher.core.EngineExecutionOrchestrator.execute(EngineExecutionOrchestrator.java:107)
	at org.junit.platform.launcher.core.EngineExecutionOrchestrator.execute(EngineExecutionOrchestrator.java:88)
	at org.junit.platform.launcher.core.EngineExecutionOrchestrator.lambda$execute$0(EngineExecutionOrchestrator.java:54)
	at org.junit.platform.launcher.core.EngineExecutionOrchestrator.withInterceptedStreams(EngineExecutionOrchestrator.java:67)
	at org.junit.platform.launcher.core.EngineExecutionOrchestrator.execute(EngineExecutionOrchestrator.java:52)
	at org.junit.platform.launcher.core.DefaultLauncher.execute(DefaultLauncher.java:114)
	at org.junit.platform.launcher.core.DefaultLauncher.execute(DefaultLauncher.java:86)
	at org.junit.platform.launcher.core.DefaultLauncherSession$DelegatingLauncher.execute(DefaultLauncherSession.java:86)
	at org.junit.platform.launcher.core.SessionPerRequestLauncher.execute(SessionPerRequestLauncher.java:53)
	at org.apache.maven.surefire.junitplatform.JUnitPlatformProvider.execute(JUnitPlatformProvider.java:188)
	at org.apache.maven.surefire.junitplatform.JUnitPlatformProvider.invokeAllTests(JUnitPlatformProvider.java:154)
	at org.apache.maven.surefire.junitplatform.JUnitPlatformProvider.invoke(JUnitPlatformProvider.java:128)
	at org.apache.maven.surefire.booter.ForkedBooter.runSuitesInProcess(ForkedBooter.java:428)
	at org.apache.maven.surefire.booter.ForkedBooter.execute(ForkedBooter.java:162)
	at org.apache.maven.surefire.booter.ForkedBooter.run(ForkedBooter.java:562)
	at org.apache.maven.surefire.booter.ForkedBooter.main(ForkedBooter.java:548)

[INFO] Running org.apache.commons.vfs2.FileExtensionSelectorTest
[INFO] Tests run: 5, Failures: 0, Errors: 0, Skipped: 0, Time elapsed: 0.013 s - in org.apache.commons.vfs2.FileExtensionSelectorTest
[INFO] Running org.apache.commons.vfs2.impl.StandardFileSystemManagerTest
[INFO] Tests run: 1, Failures: 0, Errors: 0, Skipped: 0, Time elapsed: 0.013 s - in org.apache.commons.vfs2.impl.StandardFileSystemManagerTest
[INFO] Running org.apache.commons.vfs2.impl.DefaultFileMonitorTest
[WARNING] Tests run: 9, Failures: 0, Errors: 0, Skipped: 2, Time elapsed: 10.841 s - in org.apache.commons.vfs2.impl.DefaultFileMonitorTest
[INFO] Running org.apache.commons.vfs2.impl.DefaultFileSystemManagerTest
[ERROR] Tests run: 13, Failures: 0, Errors: 2, Skipped: 1, Time elapsed: 0.369 s <<< FAILURE! - in org.apache.commons.vfs2.impl.DefaultFileSystemManagerTest
[ERROR] org.apache.commons.vfs2.impl.DefaultFileSystemManagerTest.testCreateJarFileSystem  Time elapsed: 0.002 s  <<< ERROR!
org.apache.commons.vfs2.FileSystemException: Could not find a file provider that can handle file "file:///home/gabsko/breaking-updates/commons-vfs2/src/test/resources/test-data/nested.jar".
	at org.apache.commons.vfs2.FileSystemException.requireNonNull(FileSystemException.java:186)
	at org.apache.commons.vfs2.impl.DefaultFileSystemManager.createFileSystem(DefaultFileSystemManager.java:436)
	at org.apache.commons.vfs2.impl.DefaultFileSystemManagerTest.testCreateFileSystem(DefaultFileSystemManagerTest.java:99)
	at org.apache.commons.vfs2.impl.DefaultFileSystemManagerTest.testCreateJarFileSystem(DefaultFileSystemManagerTest.java:112)
	at java.base/jdk.internal.reflect.NativeMethodAccessorImpl.invoke0(Native Method)
	at java.base/jdk.internal.reflect.NativeMethodAccessorImpl.invoke(NativeMethodAccessorImpl.java:62)
	at java.base/jdk.internal.reflect.DelegatingMethodAccessorImpl.invoke(DelegatingMethodAccessorImpl.java:43)
	at java.base/java.lang.reflect.Method.invoke(Method.java:566)
	at org.junit.platform.commons.util.ReflectionUtils.invokeMethod(ReflectionUtils.java:725)
	at org.junit.jupiter.engine.execution.MethodInvocation.proceed(MethodInvocation.java:60)
	at org.junit.jupiter.engine.execution.InvocationInterceptorChain$ValidatingInvocation.proceed(InvocationInterceptorChain.java:131)
	at org.junit.jupiter.engine.extension.TimeoutExtension.intercept(TimeoutExtension.java:149)
	at org.junit.jupiter.engine.extension.TimeoutExtension.interceptTestableMethod(TimeoutExtension.java:140)
	at org.junit.jupiter.engine.extension.TimeoutExtension.interceptTestMethod(TimeoutExtension.java:84)
	at org.junit.jupiter.engine.execution.ExecutableInvoker$ReflectiveInterceptorCall.lambda$ofVoidMethod$0(ExecutableInvoker.java:115)
	at org.junit.jupiter.engine.execution.ExecutableInvoker.lambda$invoke$0(ExecutableInvoker.java:105)
	at org.junit.jupiter.engine.execution.InvocationInterceptorChain$InterceptedInvocation.proceed(InvocationInterceptorChain.java:106)
	at org.junit.jupiter.engine.execution.InvocationInterceptorChain.proceed(InvocationInterceptorChain.java:64)
	at org.junit.jupiter.engine.execution.InvocationInterceptorChain.chainAndInvoke(InvocationInterceptorChain.java:45)
	at org.junit.jupiter.engine.execution.InvocationInterceptorChain.invoke(InvocationInterceptorChain.java:37)
	at org.junit.jupiter.engine.execution.ExecutableInvoker.invoke(ExecutableInvoker.java:104)
	at org.junit.jupiter.engine.execution.ExecutableInvoker.invoke(ExecutableInvoker.java:98)
	at org.junit.jupiter.engine.descriptor.TestMethodTestDescriptor.lambda$invokeTestMethod$7(TestMethodTestDescriptor.java:214)
	at org.junit.platform.engine.support.hierarchical.ThrowableCollector.execute(ThrowableCollector.java:73)
	at org.junit.jupiter.engine.descriptor.TestMethodTestDescriptor.invokeTestMethod(TestMethodTestDescriptor.java:210)
	at org.junit.jupiter.engine.descriptor.TestMethodTestDescriptor.execute(TestMethodTestDescriptor.java:135)
	at org.junit.jupiter.engine.descriptor.TestMethodTestDescriptor.execute(TestMethodTestDescriptor.java:66)
	at org.junit.platform.engine.support.hierarchical.NodeTestTask.lambda$executeRecursively$6(NodeTestTask.java:151)
	at org.junit.platform.engine.support.hierarchical.ThrowableCollector.execute(ThrowableCollector.java:73)
	at org.junit.platform.engine.support.hierarchical.NodeTestTask.lambda$executeRecursively$8(NodeTestTask.java:141)
	at org.junit.platform.engine.support.hierarchical.Node.around(Node.java:137)
	at org.junit.platform.engine.support.hierarchical.NodeTestTask.lambda$executeRecursively$9(NodeTestTask.java:139)
	at org.junit.platform.engine.support.hierarchical.ThrowableCollector.execute(ThrowableCollector.java:73)
	at org.junit.platform.engine.support.hierarchical.NodeTestTask.executeRecursively(NodeTestTask.java:138)
	at org.junit.platform.engine.support.hierarchical.NodeTestTask.execute(NodeTestTask.java:95)
	at java.base/java.util.ArrayList.forEach(ArrayList.java:1541)
	at org.junit.platform.engine.support.hierarchical.SameThreadHierarchicalTestExecutorService.invokeAll(SameThreadHierarchicalTestExecutorService.java:41)
	at org.junit.platform.engine.support.hierarchical.NodeTestTask.lambda$executeRecursively$6(NodeTestTask.java:155)
	at org.junit.platform.engine.support.hierarchical.ThrowableCollector.execute(ThrowableCollector.java:73)
	at org.junit.platform.engine.support.hierarchical.NodeTestTask.lambda$executeRecursively$8(NodeTestTask.java:141)
	at org.junit.platform.engine.support.hierarchical.Node.around(Node.java:137)
	at org.junit.platform.engine.support.hierarchical.NodeTestTask.lambda$executeRecursively$9(NodeTestTask.java:139)
	at org.junit.platform.engine.support.hierarchical.ThrowableCollector.execute(ThrowableCollector.java:73)
	at org.junit.platform.engine.support.hierarchical.NodeTestTask.executeRecursively(NodeTestTask.java:138)
	at org.junit.platform.engine.support.hierarchical.NodeTestTask.execute(NodeTestTask.java:95)
	at java.base/java.util.ArrayList.forEach(ArrayList.java:1541)
	at org.junit.platform.engine.support.hierarchical.SameThreadHierarchicalTestExecutorService.invokeAll(SameThreadHierarchicalTestExecutorService.java:41)
	at org.junit.platform.engine.support.hierarchical.NodeTestTask.lambda$executeRecursively$6(NodeTestTask.java:155)
	at org.junit.platform.engine.support.hierarchical.ThrowableCollector.execute(ThrowableCollector.java:73)
	at org.junit.platform.engine.support.hierarchical.NodeTestTask.lambda$executeRecursively$8(NodeTestTask.java:141)
	at org.junit.platform.engine.support.hierarchical.Node.around(Node.java:137)
	at org.junit.platform.engine.support.hierarchical.NodeTestTask.lambda$executeRecursively$9(NodeTestTask.java:139)
	at org.junit.platform.engine.support.hierarchical.ThrowableCollector.execute(ThrowableCollector.java:73)
	at org.junit.platform.engine.support.hierarchical.NodeTestTask.executeRecursively(NodeTestTask.java:138)
	at org.junit.platform.engine.support.hierarchical.NodeTestTask.execute(NodeTestTask.java:95)
	at org.junit.platform.engine.support.hierarchical.SameThreadHierarchicalTestExecutorService.submit(SameThreadHierarchicalTestExecutorService.java:35)
	at org.junit.platform.engine.support.hierarchical.HierarchicalTestExecutor.execute(HierarchicalTestExecutor.java:57)
	at org.junit.platform.engine.support.hierarchical.HierarchicalTestEngine.execute(HierarchicalTestEngine.java:54)
	at org.junit.platform.launcher.core.EngineExecutionOrchestrator.execute(EngineExecutionOrchestrator.java:107)
	at org.junit.platform.launcher.core.EngineExecutionOrchestrator.execute(EngineExecutionOrchestrator.java:88)
	at org.junit.platform.launcher.core.EngineExecutionOrchestrator.lambda$execute$0(EngineExecutionOrchestrator.java:54)
	at org.junit.platform.launcher.core.EngineExecutionOrchestrator.withInterceptedStreams(EngineExecutionOrchestrator.java:67)
	at org.junit.platform.launcher.core.EngineExecutionOrchestrator.execute(EngineExecutionOrchestrator.java:52)
	at org.junit.platform.launcher.core.DefaultLauncher.execute(DefaultLauncher.java:114)
	at org.junit.platform.launcher.core.DefaultLauncher.execute(DefaultLauncher.java:86)
	at org.junit.platform.launcher.core.DefaultLauncherSession$DelegatingLauncher.execute(DefaultLauncherSession.java:86)
	at org.junit.platform.launcher.core.SessionPerRequestLauncher.execute(SessionPerRequestLauncher.java:53)
	at org.apache.maven.surefire.junitplatform.JUnitPlatformProvider.execute(JUnitPlatformProvider.java:188)
	at org.apache.maven.surefire.junitplatform.JUnitPlatformProvider.invokeAllTests(JUnitPlatformProvider.java:154)
	at org.apache.maven.surefire.junitplatform.JUnitPlatformProvider.invoke(JUnitPlatformProvider.java:128)
	at org.apache.maven.surefire.booter.ForkedBooter.runSuitesInProcess(ForkedBooter.java:428)
	at org.apache.maven.surefire.booter.ForkedBooter.execute(ForkedBooter.java:162)
	at org.apache.maven.surefire.booter.ForkedBooter.run(ForkedBooter.java:562)
	at org.apache.maven.surefire.booter.ForkedBooter.main(ForkedBooter.java:548)

[ERROR] org.apache.commons.vfs2.impl.DefaultFileSystemManagerTest.testCreateBz2FileSystem  Time elapsed: 0.002 s  <<< ERROR!
org.apache.commons.vfs2.FileSystemException: Could not find a file provider that can handle file "file:///home/gabsko/breaking-updates/commons-vfs2/src/test/resources/test-data/bla.txt.bz2".
	at org.apache.commons.vfs2.FileSystemException.requireNonNull(FileSystemException.java:186)
	at org.apache.commons.vfs2.impl.DefaultFileSystemManager.createFileSystem(DefaultFileSystemManager.java:436)
	at org.apache.commons.vfs2.impl.DefaultFileSystemManagerTest.testCreateFileSystem(DefaultFileSystemManagerTest.java:99)
	at org.apache.commons.vfs2.impl.DefaultFileSystemManagerTest.testCreateBz2FileSystem(DefaultFileSystemManagerTest.java:93)
	at java.base/jdk.internal.reflect.NativeMethodAccessorImpl.invoke0(Native Method)
	at java.base/jdk.internal.reflect.NativeMethodAccessorImpl.invoke(NativeMethodAccessorImpl.java:62)
	at java.base/jdk.internal.reflect.DelegatingMethodAccessorImpl.invoke(DelegatingMethodAccessorImpl.java:43)
	at java.base/java.lang.reflect.Method.invoke(Method.java:566)
	at org.junit.platform.commons.util.ReflectionUtils.invokeMethod(ReflectionUtils.java:725)
	at org.junit.jupiter.engine.execution.MethodInvocation.proceed(MethodInvocation.java:60)
	at org.junit.jupiter.engine.execution.InvocationInterceptorChain$ValidatingInvocation.proceed(InvocationInterceptorChain.java:131)
	at org.junit.jupiter.engine.extension.TimeoutExtension.intercept(TimeoutExtension.java:149)
	at org.junit.jupiter.engine.extension.TimeoutExtension.interceptTestableMethod(TimeoutExtension.java:140)
	at org.junit.jupiter.engine.extension.TimeoutExtension.interceptTestMethod(TimeoutExtension.java:84)
	at org.junit.jupiter.engine.execution.ExecutableInvoker$ReflectiveInterceptorCall.lambda$ofVoidMethod$0(ExecutableInvoker.java:115)
	at org.junit.jupiter.engine.execution.ExecutableInvoker.lambda$invoke$0(ExecutableInvoker.java:105)
	at org.junit.jupiter.engine.execution.InvocationInterceptorChain$InterceptedInvocation.proceed(InvocationInterceptorChain.java:106)
	at org.junit.jupiter.engine.execution.InvocationInterceptorChain.proceed(InvocationInterceptorChain.java:64)
	at org.junit.jupiter.engine.execution.InvocationInterceptorChain.chainAndInvoke(InvocationInterceptorChain.java:45)
	at org.junit.jupiter.engine.execution.InvocationInterceptorChain.invoke(InvocationInterceptorChain.java:37)
	at org.junit.jupiter.engine.execution.ExecutableInvoker.invoke(ExecutableInvoker.java:104)
	at org.junit.jupiter.engine.execution.ExecutableInvoker.invoke(ExecutableInvoker.java:98)
	at org.junit.jupiter.engine.descriptor.TestMethodTestDescriptor.lambda$invokeTestMethod$7(TestMethodTestDescriptor.java:214)
	at org.junit.platform.engine.support.hierarchical.ThrowableCollector.execute(ThrowableCollector.java:73)
	at org.junit.jupiter.engine.descriptor.TestMethodTestDescriptor.invokeTestMethod(TestMethodTestDescriptor.java:210)
	at org.junit.jupiter.engine.descriptor.TestMethodTestDescriptor.execute(TestMethodTestDescriptor.java:135)
	at org.junit.jupiter.engine.descriptor.TestMethodTestDescriptor.execute(TestMethodTestDescriptor.java:66)
	at org.junit.platform.engine.support.hierarchical.NodeTestTask.lambda$executeRecursively$6(NodeTestTask.java:151)
	at org.junit.platform.engine.support.hierarchical.ThrowableCollector.execute(ThrowableCollector.java:73)
	at org.junit.platform.engine.support.hierarchical.NodeTestTask.lambda$executeRecursively$8(NodeTestTask.java:141)
	at org.junit.platform.engine.support.hierarchical.Node.around(Node.java:137)
	at org.junit.platform.engine.support.hierarchical.NodeTestTask.lambda$executeRecursively$9(NodeTestTask.java:139)
	at org.junit.platform.engine.support.hierarchical.ThrowableCollector.execute(ThrowableCollector.java:73)
	at org.junit.platform.engine.support.hierarchical.NodeTestTask.executeRecursively(NodeTestTask.java:138)
	at org.junit.platform.engine.support.hierarchical.NodeTestTask.execute(NodeTestTask.java:95)
	at java.base/java.util.ArrayList.forEach(ArrayList.java:1541)
	at org.junit.platform.engine.support.hierarchical.SameThreadHierarchicalTestExecutorService.invokeAll(SameThreadHierarchicalTestExecutorService.java:41)
	at org.junit.platform.engine.support.hierarchical.NodeTestTask.lambda$executeRecursively$6(NodeTestTask.java:155)
	at org.junit.platform.engine.support.hierarchical.ThrowableCollector.execute(ThrowableCollector.java:73)
	at org.junit.platform.engine.support.hierarchical.NodeTestTask.lambda$executeRecursively$8(NodeTestTask.java:141)
	at org.junit.platform.engine.support.hierarchical.Node.around(Node.java:137)
	at org.junit.platform.engine.support.hierarchical.NodeTestTask.lambda$executeRecursively$9(NodeTestTask.java:139)
	at org.junit.platform.engine.support.hierarchical.ThrowableCollector.execute(ThrowableCollector.java:73)
	at org.junit.platform.engine.support.hierarchical.NodeTestTask.executeRecursively(NodeTestTask.java:138)
	at org.junit.platform.engine.support.hierarchical.NodeTestTask.execute(NodeTestTask.java:95)
	at java.base/java.util.ArrayList.forEach(ArrayList.java:1541)
	at org.junit.platform.engine.support.hierarchical.SameThreadHierarchicalTestExecutorService.invokeAll(SameThreadHierarchicalTestExecutorService.java:41)
	at org.junit.platform.engine.support.hierarchical.NodeTestTask.lambda$executeRecursively$6(NodeTestTask.java:155)
	at org.junit.platform.engine.support.hierarchical.ThrowableCollector.execute(ThrowableCollector.java:73)
	at org.junit.platform.engine.support.hierarchical.NodeTestTask.lambda$executeRecursively$8(NodeTestTask.java:141)
	at org.junit.platform.engine.support.hierarchical.Node.around(Node.java:137)
	at org.junit.platform.engine.support.hierarchical.NodeTestTask.lambda$executeRecursively$9(NodeTestTask.java:139)
	at org.junit.platform.engine.support.hierarchical.ThrowableCollector.execute(ThrowableCollector.java:73)
	at org.junit.platform.engine.support.hierarchical.NodeTestTask.executeRecursively(NodeTestTask.java:138)
	at org.junit.platform.engine.support.hierarchical.NodeTestTask.execute(NodeTestTask.java:95)
	at org.junit.platform.engine.support.hierarchical.SameThreadHierarchicalTestExecutorService.submit(SameThreadHierarchicalTestExecutorService.java:35)
	at org.junit.platform.engine.support.hierarchical.HierarchicalTestExecutor.execute(HierarchicalTestExecutor.java:57)
	at org.junit.platform.engine.support.hierarchical.HierarchicalTestEngine.execute(HierarchicalTestEngine.java:54)
	at org.junit.platform.launcher.core.EngineExecutionOrchestrator.execute(EngineExecutionOrchestrator.java:107)
	at org.junit.platform.launcher.core.EngineExecutionOrchestrator.execute(EngineExecutionOrchestrator.java:88)
	at org.junit.platform.launcher.core.EngineExecutionOrchestrator.lambda$execute$0(EngineExecutionOrchestrator.java:54)
	at org.junit.platform.launcher.core.EngineExecutionOrchestrator.withInterceptedStreams(EngineExecutionOrchestrator.java:67)
	at org.junit.platform.launcher.core.EngineExecutionOrchestrator.execute(EngineExecutionOrchestrator.java:52)
	at org.junit.platform.launcher.core.DefaultLauncher.execute(DefaultLauncher.java:114)
	at org.junit.platform.launcher.core.DefaultLauncher.execute(DefaultLauncher.java:86)
	at org.junit.platform.launcher.core.DefaultLauncherSession$DelegatingLauncher.execute(DefaultLauncherSession.java:86)
	at org.junit.platform.launcher.core.SessionPerRequestLauncher.execute(SessionPerRequestLauncher.java:53)
	at org.apache.maven.surefire.junitplatform.JUnitPlatformProvider.execute(JUnitPlatformProvider.java:188)
	at org.apache.maven.surefire.junitplatform.JUnitPlatformProvider.invokeAllTests(JUnitPlatformProvider.java:154)
	at org.apache.maven.surefire.junitplatform.JUnitPlatformProvider.invoke(JUnitPlatformProvider.java:128)
	at org.apache.maven.surefire.booter.ForkedBooter.runSuitesInProcess(ForkedBooter.java:428)
	at org.apache.maven.surefire.booter.ForkedBooter.execute(ForkedBooter.java:162)
	at org.apache.maven.surefire.booter.ForkedBooter.run(ForkedBooter.java:562)
	at org.apache.maven.surefire.booter.ForkedBooter.main(ForkedBooter.java:548)

[INFO] Running org.apache.commons.vfs2.FileChangeEventTest
[INFO] Tests run: 1, Failures: 0, Errors: 0, Skipped: 0, Time elapsed: 0.001 s - in org.apache.commons.vfs2.FileChangeEventTest
[INFO] Running org.apache.commons.vfs2.FileSystemExceptionTest
[INFO] Tests run: 3, Failures: 0, Errors: 0, Skipped: 0, Time elapsed: 0.002 s - in org.apache.commons.vfs2.FileSystemExceptionTest
[INFO] Running org.apache.commons.vfs2.auth.StaticUserAuthenticatorTest
[INFO] Tests run: 2, Failures: 0, Errors: 0, Skipped: 0, Time elapsed: 0.007 s - in org.apache.commons.vfs2.auth.StaticUserAuthenticatorTest
[INFO] Running org.apache.commons.vfs2.util.FileObjectUtilsTest
[INFO] Tests run: 9, Failures: 0, Errors: 0, Skipped: 0, Time elapsed: 0.011 s - in org.apache.commons.vfs2.util.FileObjectUtilsTest
[INFO] Running org.apache.commons.vfs2.util.EncryptDecryptTest
[INFO] Tests run: 2, Failures: 0, Errors: 0, Skipped: 0, Time elapsed: 0.042 s - in org.apache.commons.vfs2.util.EncryptDecryptTest
[INFO] Running org.apache.commons.vfs2.util.RandomAccessModeTest
[INFO] Tests run: 6, Failures: 0, Errors: 0, Skipped: 0, Time elapsed: 0.005 s - in org.apache.commons.vfs2.util.RandomAccessModeTest
[INFO] Running org.apache.commons.vfs2.util.DelegatingFileSystemOptionsBuilderTest
[INFO] Tests run: 3, Failures: 0, Errors: 0, Skipped: 0, Time elapsed: 0.023 s - in org.apache.commons.vfs2.util.DelegatingFileSystemOptionsBuilderTest
[INFO] Running org.apache.commons.vfs2.FileSystemOptionsTest
[INFO] Tests run: 2, Failures: 0, Errors: 0, Skipped: 0, Time elapsed: 0.001 s - in org.apache.commons.vfs2.FileSystemOptionsTest
[INFO] Running org.apache.commons.vfs2.VFSTest
[INFO] Tests run: 4, Failures: 0, Errors: 0, Skipped: 0, Time elapsed: 0.012 s - in org.apache.commons.vfs2.VFSTest
[INFO] Running org.apache.commons.vfs2.FileObjectEscapeCharacterInPathTest
[INFO] Tests run: 4, Failures: 0, Errors: 0, Skipped: 0, Time elapsed: 0.038 s - in org.apache.commons.vfs2.FileObjectEscapeCharacterInPathTest
[INFO] Running org.apache.commons.vfs2.InvertIncludeFileSelectorTest
[INFO] Tests run: 2, Failures: 0, Errors: 0, Skipped: 0, Time elapsed: 0.005 s - in org.apache.commons.vfs2.InvertIncludeFileSelectorTest
[INFO] Running org.apache.commons.vfs2.FileObjectContentOutputStreamCloseTest
[INFO] Tests run: 1, Failures: 0, Errors: 0, Skipped: 0, Time elapsed: 0.004 s - in org.apache.commons.vfs2.FileObjectContentOutputStreamCloseTest
[INFO] Running org.apache.commons.vfs2.provider.bzip2.Bzip2Test
[INFO] Tests run: 1, Failures: 0, Errors: 0, Skipped: 0, Time elapsed: 0.006 s - in org.apache.commons.vfs2.provider.bzip2.Bzip2Test
[INFO] Running org.apache.commons.vfs2.provider.ram.RamFileRandomAccessContentTest
[INFO] Tests run: 1, Failures: 0, Errors: 0, Skipped: 0, Time elapsed: 0.001 s - in org.apache.commons.vfs2.provider.ram.RamFileRandomAccessContentTest
[INFO] Running org.apache.commons.vfs2.provider.ram.CustomRamProviderTest
[INFO] Tests run: 12, Failures: 0, Errors: 0, Skipped: 0, Time elapsed: 0.023 s - in org.apache.commons.vfs2.provider.ram.CustomRamProviderTest
[INFO] Running org.apache.commons.vfs2.provider.http5.Http5FilesCacheTest
[INFO] Tests run: 1, Failures: 0, Errors: 0, Skipped: 0, Time elapsed: 0.43 s - in org.apache.commons.vfs2.provider.http5.Http5FilesCacheTest
[INFO] Running org.apache.commons.vfs2.provider.http5.Http5GetContentInfoTest
[INFO] Tests run: 2, Failures: 0, Errors: 0, Skipped: 0, Time elapsed: 0.225 s - in org.apache.commons.vfs2.provider.http5.Http5GetContentInfoTest
[INFO] Running org.apache.commons.vfs2.provider.AbstractFileNameTest
[INFO] Tests run: 1, Failures: 0, Errors: 0, Skipped: 0, Time elapsed: 0.001 s - in org.apache.commons.vfs2.provider.AbstractFileNameTest
[INFO] Running org.apache.commons.vfs2.provider.sftp.SftpFileSystemConfigBuilderTest
[INFO] Tests run: 2, Failures: 0, Errors: 0, Skipped: 0, Time elapsed: 0.002 s - in org.apache.commons.vfs2.provider.sftp.SftpFileSystemConfigBuilderTest
[INFO] Running org.apache.commons.vfs2.provider.ftp.FtpFileNameParserTest
[INFO] Tests run: 2, Failures: 0, Errors: 0, Skipped: 0, Time elapsed: 0.001 s - in org.apache.commons.vfs2.provider.ftp.FtpFileNameParserTest
[INFO] Running org.apache.commons.vfs2.provider.ftp.MultipleConnectionTest
[INFO] Tests run: 2, Failures: 0, Errors: 0, Skipped: 0, Time elapsed: 0.238 s - in org.apache.commons.vfs2.provider.ftp.MultipleConnectionTest
[INFO] Running org.apache.commons.vfs2.provider.ftp.FtpFileSystemConfigBuilderTest
[INFO] Tests run: 2, Failures: 0, Errors: 0, Skipped: 0, Time elapsed: 0.003 s - in org.apache.commons.vfs2.provider.ftp.FtpFileSystemConfigBuilderTest
[INFO] Running org.apache.commons.vfs2.provider.UriParserTest
[INFO] Tests run: 8, Failures: 0, Errors: 0, Skipped: 0, Time elapsed: 0.003 s - in org.apache.commons.vfs2.provider.UriParserTest
[INFO] Running org.apache.commons.vfs2.provider.http.HttpGetContentInfoFunctionalTest
[INFO] Tests run: 1, Failures: 0, Errors: 0, Skipped: 0, Time elapsed: 0.089 s - in org.apache.commons.vfs2.provider.http.HttpGetContentInfoFunctionalTest
[INFO] Running org.apache.commons.vfs2.provider.http.HttpFilesCacheTest
[INFO] Tests run: 1, Failures: 0, Errors: 0, Skipped: 0, Time elapsed: 0.001 s - in org.apache.commons.vfs2.provider.http.HttpFilesCacheTest
[INFO] Running org.apache.commons.vfs2.provider.http5s.Http5sGetContentInfoTest
[INFO] Tests run: 2, Failures: 0, Errors: 0, Skipped: 0, Time elapsed: 0.026 s - in org.apache.commons.vfs2.provider.http5s.Http5sGetContentInfoTest
[INFO] Running org.apache.commons.vfs2.provider.http4s.Http4sGetContentInfoTest
[INFO] Tests run: 1, Failures: 0, Errors: 0, Skipped: 0, Time elapsed: 0.007 s - in org.apache.commons.vfs2.provider.http4s.Http4sGetContentInfoTest
[INFO] Running org.apache.commons.vfs2.provider.tar.CreateFileSystemTest
[INFO] Tests run: 3, Failures: 0, Errors: 0, Skipped: 0, Time elapsed: 0.03 s - in org.apache.commons.vfs2.provider.tar.CreateFileSystemTest
[INFO] Running org.apache.commons.vfs2.provider.tar.TarFileSystemTest
[INFO] Tests run: 6, Failures: 0, Errors: 0, Skipped: 0, Time elapsed: 125.415 s - in org.apache.commons.vfs2.provider.tar.TarFileSystemTest
[INFO] Running org.apache.commons.vfs2.provider.tar.LargeTarTest
[INFO] Tests run: 1, Failures: 0, Errors: 0, Skipped: 0, Time elapsed: 6.018 s - in org.apache.commons.vfs2.provider.tar.LargeTarTest
[INFO] Running org.apache.commons.vfs2.provider.tar.TarFileObjectTest
[INFO] Tests run: 3, Failures: 0, Errors: 0, Skipped: 0, Time elapsed: 0.008 s - in org.apache.commons.vfs2.provider.tar.TarFileObjectTest
[INFO] Running org.apache.commons.vfs2.provider.ftps.MultipleConnectionTest
[INFO] Tests run: 2, Failures: 0, Errors: 0, Skipped: 0, Time elapsed: 0.179 s - in org.apache.commons.vfs2.provider.ftps.MultipleConnectionTest
[INFO] Running org.apache.commons.vfs2.provider.hdfs.HdfsFileProviderTest
[INFO] Tests run: 13, Failures: 0, Errors: 0, Skipped: 0, Time elapsed: 2.941 s - in org.apache.commons.vfs2.provider.hdfs.HdfsFileProviderTest
[INFO] Running org.apache.commons.vfs2.provider.url.UrlFileNameParserTest
[INFO] Tests run: 3, Failures: 0, Errors: 0, Skipped: 0, Time elapsed: 0.002 s - in org.apache.commons.vfs2.provider.url.UrlFileNameParserTest
[INFO] Running org.apache.commons.vfs2.provider.jar.JarAttributesTest
[INFO] Tests run: 2, Failures: 0, Errors: 0, Skipped: 0, Time elapsed: 0.005 s - in org.apache.commons.vfs2.provider.jar.JarAttributesTest
[INFO] Running org.apache.commons.vfs2.provider.test.GenericFileNameTest
[INFO] Tests run: 2, Failures: 0, Errors: 0, Skipped: 0, Time elapsed: 0.002 s - in org.apache.commons.vfs2.provider.test.GenericFileNameTest
[INFO] Running org.apache.commons.vfs2.provider.test.FileObjectSortTest
[INFO] Tests run: 5, Failures: 0, Errors: 0, Skipped: 0, Time elapsed: 0.051 s - in org.apache.commons.vfs2.provider.test.FileObjectSortTest
[INFO] Running org.apache.commons.vfs2.provider.res.ResSchemeTest
[INFO] Tests run: 14, Failures: 0, Errors: 0, Skipped: 0, Time elapsed: 0.014 s - in org.apache.commons.vfs2.provider.res.ResSchemeTest
[INFO] Running org.apache.commons.vfs2.provider.zip.ZipFileSystemTest
[INFO] Tests run: 1, Failures: 0, Errors: 0, Skipped: 0, Time elapsed: 38.58 s - in org.apache.commons.vfs2.provider.zip.ZipFileSystemTest
[INFO] Running org.apache.commons.vfs2.provider.zip.FileLockTest
[WARNING] Tests run: 10, Failures: 0, Errors: 0, Skipped: 1, Time elapsed: 0.018 s - in org.apache.commons.vfs2.provider.zip.FileLockTest
[INFO] Running org.apache.commons.vfs2.provider.zip.Jira733Test
[INFO] Tests run: 14, Failures: 0, Errors: 0, Skipped: 0, Time elapsed: 0.204 s - in org.apache.commons.vfs2.provider.zip.Jira733Test
[INFO] Running org.apache.commons.vfs2.provider.zip.ZipFileObjectTest
[WARNING] Tests run: 6, Failures: 0, Errors: 0, Skipped: 1, Time elapsed: 0.022 s - in org.apache.commons.vfs2.provider.zip.ZipFileObjectTest
[INFO] Running org.apache.commons.vfs2.provider.zip.ParseXmlInZipTest
[INFO] Tests run: 7, Failures: 0, Errors: 0, Skipped: 0, Time elapsed: 0.095 s - in org.apache.commons.vfs2.provider.zip.ParseXmlInZipTest
[INFO] Running org.apache.commons.vfs2.provider.https.HttpsGetContentInfoFunctionalTest
[INFO] Tests run: 1, Failures: 0, Errors: 0, Skipped: 0, Time elapsed: 0.035 s - in org.apache.commons.vfs2.provider.https.HttpsGetContentInfoFunctionalTest
[INFO] Running org.apache.commons.vfs2.provider.http4.Http4FilesCacheTest
[INFO] Tests run: 8, Failures: 0, Errors: 0, Skipped: 0, Time elapsed: 0.009 s - in org.apache.commons.vfs2.provider.http4.Http4FilesCacheTest
[INFO] Running org.apache.commons.vfs2.provider.http4.Http4GetContentInfoTest
[INFO] Tests run: 2, Failures: 0, Errors: 0, Skipped: 0, Time elapsed: 0.031 s - in org.apache.commons.vfs2.provider.http4.Http4GetContentInfoTest
[INFO] Running org.apache.commons.vfs2.provider.DefaultFileContentTest
[INFO] Tests run: 12, Failures: 0, Errors: 0, Skipped: 0, Time elapsed: 0.021 s - in org.apache.commons.vfs2.provider.DefaultFileContentTest
[INFO] Running org.apache.commons.vfs2.provider.local.ConversionTest
[WARNING] Tests run: 2, Failures: 0, Errors: 0, Skipped: 2, Time elapsed: 0.001 s - in org.apache.commons.vfs2.provider.local.ConversionTest
[INFO] Running org.apache.commons.vfs2.provider.local.LocalFileRandomAccessContentTest
[INFO] Tests run: 1, Failures: 0, Errors: 0, Skipped: 0, Time elapsed: 0.001 s - in org.apache.commons.vfs2.provider.local.LocalFileRandomAccessContentTest
[INFO] Running org.apache.commons.vfs2.FileIteratorTest
[INFO] Tests run: 1, Failures: 0, Errors: 0, Skipped: 0, Time elapsed: 0.002 s - in org.apache.commons.vfs2.FileIteratorTest
[INFO] Running org.apache.commons.vfs2.UserAuthenticationDataTest
[INFO] Tests run: 2, Failures: 0, Errors: 0, Skipped: 0, Time elapsed: 0.001 s - in org.apache.commons.vfs2.UserAuthenticationDataTest
[INFO] Running org.apache.commons.vfs2.PatternFileSelectorTest
[INFO] Tests run: 5, Failures: 0, Errors: 0, Skipped: 0, Time elapsed: 0.004 s - in org.apache.commons.vfs2.PatternFileSelectorTest
[INFO] Running org.apache.commons.vfs2.FileTypeTest
[INFO] Tests run: 5, Failures: 0, Errors: 0, Skipped: 0, Time elapsed: 0.007 s - in org.apache.commons.vfs2.FileTypeTest
[INFO] Running org.apache.commons.vfs2.filter.CanReadFileFilterTest
[INFO] Tests run: 4, Failures: 0, Errors: 0, Skipped: 0, Time elapsed: 0.005 s - in org.apache.commons.vfs2.filter.CanReadFileFilterTest
[INFO] Running org.apache.commons.vfs2.filter.DirectoryAndFileFilterTest
[INFO] Tests run: 3, Failures: 0, Errors: 0, Skipped: 0, Time elapsed: 0.008 s - in org.apache.commons.vfs2.filter.DirectoryAndFileFilterTest
[INFO] Running org.apache.commons.vfs2.filter.OrFileFilterTest
[INFO] Tests run: 6, Failures: 0, Errors: 0, Skipped: 0, Time elapsed: 0.003 s - in org.apache.commons.vfs2.filter.OrFileFilterTest
[INFO] Running org.apache.commons.vfs2.filter.SizeFileFilterTest
[INFO] Tests run: 4, Failures: 0, Errors: 0, Skipped: 0, Time elapsed: 0.006 s - in org.apache.commons.vfs2.filter.SizeFileFilterTest
[INFO] Running org.apache.commons.vfs2.filter.AndFileFilterTest
[INFO] Tests run: 7, Failures: 0, Errors: 0, Skipped: 0, Time elapsed: 0.002 s - in org.apache.commons.vfs2.filter.AndFileFilterTest
[INFO] Running org.apache.commons.vfs2.filter.WildcardFileFilterTest
[INFO] Tests run: 6, Failures: 0, Errors: 0, Skipped: 0, Time elapsed: 0.004 s - in org.apache.commons.vfs2.filter.WildcardFileFilterTest
[INFO] Running org.apache.commons.vfs2.filter.AgeFileFilterTest
[WARNING] Tests run: 7, Failures: 0, Errors: 0, Skipped: 1, Time elapsed: 0.006 s - in org.apache.commons.vfs2.filter.AgeFileFilterTest
[INFO] Running org.apache.commons.vfs2.filter.SuffixFileFilterTest
[INFO] Tests run: 6, Failures: 0, Errors: 0, Skipped: 0, Time elapsed: 0.003 s - in org.apache.commons.vfs2.filter.SuffixFileFilterTest
[INFO] Running org.apache.commons.vfs2.filter.PrefixFileFilterTest
[INFO] Tests run: 6, Failures: 0, Errors: 0, Skipped: 0, Time elapsed: 0.003 s - in org.apache.commons.vfs2.filter.PrefixFileFilterTest
[INFO] Running org.apache.commons.vfs2.filter.EmptyFileFilterTest
[INFO] Tests run: 3, Failures: 0, Errors: 0, Skipped: 0, Time elapsed: 0.005 s - in org.apache.commons.vfs2.filter.EmptyFileFilterTest
[INFO] Running org.apache.commons.vfs2.filter.NameFileFilterTest
[INFO] Tests run: 6, Failures: 0, Errors: 0, Skipped: 0, Time elapsed: 0.003 s - in org.apache.commons.vfs2.filter.NameFileFilterTest
[INFO] Running org.apache.commons.vfs2.filter.CanWriteFileFilterTest
[INFO] Tests run: 3, Failures: 0, Errors: 0, Skipped: 0, Time elapsed: 0.002 s - in org.apache.commons.vfs2.filter.CanWriteFileFilterTest
[INFO] Running org.apache.commons.vfs2.filter.HiddenFileFilterTest
[INFO] Tests run: 3, Failures: 0, Errors: 0, Skipped: 0, Time elapsed: 0.002 s - in org.apache.commons.vfs2.filter.HiddenFileFilterTest
[INFO] Running org.apache.commons.vfs2.filter.RegexFileFilterTest
[INFO] Tests run: 5, Failures: 0, Errors: 0, Skipped: 0, Time elapsed: 0.002 s - in org.apache.commons.vfs2.filter.RegexFileFilterTest
[INFO] Running org.apache.commons.vfs2.filter.SymbolicLinkFileFilterTest
[INFO] Tests run: 0, Failures: 0, Errors: 0, Skipped: 0, Time elapsed: 0.001 s - in org.apache.commons.vfs2.filter.SymbolicLinkFileFilterTest
[INFO] Running org.apache.commons.vfs2.filter.NotFileFilterTest
[INFO] Tests run: 1, Failures: 0, Errors: 0, Skipped: 0, Time elapsed: 0.008 s - in org.apache.commons.vfs2.filter.NotFileFilterTest
[INFO] Running org.apache.commons.vfs2.cache.SoftRefFilesCacheTestCase
[INFO] Tests run: 4, Failures: 0, Errors: 0, Skipped: 0, Time elapsed: 4.238 s - in org.apache.commons.vfs2.cache.SoftRefFilesCacheTestCase
[INFO] Running org.apache.commons.vfs2.cache.WeakRefFilesCacheTestCase
[INFO] Tests run: 4, Failures: 0, Errors: 0, Skipped: 0, Time elapsed: 4.323 s - in org.apache.commons.vfs2.cache.WeakRefFilesCacheTestCase
[INFO] Running org.apache.commons.vfs2.cache.NullFilesCacheTestCase
[INFO] Tests run: 4, Failures: 0, Errors: 0, Skipped: 0, Time elapsed: 4.311 s - in org.apache.commons.vfs2.cache.NullFilesCacheTestCase
[INFO] Running org.apache.commons.vfs2.cache.LRUFilesCacheTestCase
[INFO] Tests run: 4, Failures: 0, Errors: 0, Skipped: 0, Time elapsed: 4.296 s - in org.apache.commons.vfs2.cache.LRUFilesCacheTestCase
[INFO] Running org.apache.commons.vfs2.cache.DefaultFilesCacheTestCase
[INFO] Tests run: 3, Failures: 0, Errors: 0, Skipped: 0, Time elapsed: 4.341 s - in org.apache.commons.vfs2.cache.DefaultFilesCacheTestCase
[INFO] Running org.apache.commons.vfs2.provider.ram.RamProviderTestCase
VfsClassLoaderTests no layered .jar provider, skipping.
[INFO] Tests run: 95, Failures: 0, Errors: 0, Skipped: 0, Time elapsed: 4.537 s - in org.apache.commons.vfs2.provider.ram.RamProviderTestCase
[INFO] Running org.apache.commons.vfs2.provider.http5.Http5ProviderTestCase
VfsClassLoaderTests no layered .jar provider, skipping.
[ERROR] WARNING: An illegal reflective access operation has occurred
[ERROR] WARNING: Illegal reflective access by org.apache.commons.vfs2.AbstractTestSuite (file:/home/gabsko/breaking-updates/commons-vfs2/target/test-classes/) to field java.lang.Thread.target
[ERROR] WARNING: Please consider reporting this to the maintainers of org.apache.commons.vfs2.AbstractTestSuite
[ERROR] WARNING: Use --illegal-access=warn to enable warnings of further illegal reflective access operations
[ERROR] WARNING: All illegal access operations will be denied in a future release
[INFO] Tests run: 100, Failures: 0, Errors: 0, Skipped: 0, Time elapsed: 4.483 s - in org.apache.commons.vfs2.provider.http5.Http5ProviderTestCase
[INFO] Running org.apache.commons.vfs2.provider.sftp.SftpProviderTestCase
VfsClassLoaderTests no layered .jar provider, skipping.
[INFO] Tests run: 99, Failures: 0, Errors: 0, Skipped: 0, Time elapsed: 9.758 s - in org.apache.commons.vfs2.provider.sftp.SftpProviderTestCase
[INFO] Running org.apache.commons.vfs2.provider.sftp.SftpPermissionExceptionTestCase
[INFO] Tests run: 1, Failures: 0, Errors: 0, Skipped: 0, Time elapsed: 4.714 s - in org.apache.commons.vfs2.provider.sftp.SftpPermissionExceptionTestCase
[INFO] Running org.apache.commons.vfs2.provider.sftp.SftpProviderStreamProxyModeTestCase
[INFO] Tests run: 19, Failures: 0, Errors: 0, Skipped: 0, Time elapsed: 5.121 s - in org.apache.commons.vfs2.provider.sftp.SftpProviderStreamProxyModeTestCase
[INFO] Running org.apache.commons.vfs2.provider.sftp.SftpProviderClosedExecChannelTestCase
[INFO] Tests run: 51, Failures: 0, Errors: 0, Skipped: 0, Time elapsed: 5.524 s - in org.apache.commons.vfs2.provider.sftp.SftpProviderClosedExecChannelTestCase
[INFO] Running org.apache.commons.vfs2.provider.ftp.FtpProviderMdtmOnTestCase
Threads still running (3) at 2023-01-26T11:08:45.552193Z, live threads:
	Thread[0]  ID 475, Thread[NioProcessor-227,5,main],	RUNNABLE,	non_daemon,	java.util.concurrent.ThreadPoolExecutor.Worker
	Thread[1]  ID 479, Thread[NioProcessor-239,5,main],	RUNNABLE,	non_daemon,	java.util.concurrent.ThreadPoolExecutor.Worker
	Thread[2]  ID 480, Thread[pool-45-thread-3,5,main],	RUNNABLE,	non_daemon,	java.util.concurrent.ThreadPoolExecutor.Worker
[INFO] Tests run: 6, Failures: 0, Errors: 0, Skipped: 0, Time elapsed: 4.405 s - in org.apache.commons.vfs2.provider.ftp.FtpProviderMdtmOnTestCase
[INFO] Running org.apache.commons.vfs2.provider.ftp.FtpProviderTestCase
VfsClassLoaderTests no layered .jar provider, skipping.
Threads still running (5) at 2023-01-26T11:08:52.473644Z, live threads:
	Thread[0]  ID 482, Thread[NioProcessor-265,5,main],	RUNNABLE,	non_daemon,	java.util.concurrent.ThreadPoolExecutor.Worker
	Thread[1]  ID 486, Thread[NioProcessor-278,5,main],	RUNNABLE,	non_daemon,	java.util.concurrent.ThreadPoolExecutor.Worker
	Thread[2]  ID 487, Thread[NioProcessor-279,5,main],	RUNNABLE,	non_daemon,	java.util.concurrent.ThreadPoolExecutor.Worker
	Thread[3]  ID 488, Thread[NioProcessor-280,5,main],	RUNNABLE,	non_daemon,	java.util.concurrent.ThreadPoolExecutor.Worker
	Thread[4]  ID 489, Thread[pool-48-thread-5,5,main],	TIMED_WAITING,	non_daemon,	java.util.concurrent.ThreadPoolExecutor.Worker
[INFO] Tests run: 95, Failures: 0, Errors: 0, Skipped: 0, Time elapsed: 6.92 s - in org.apache.commons.vfs2.provider.ftp.FtpProviderTestCase
[INFO] Running org.apache.commons.vfs2.provider.ftp.FtpProviderMdtmOnRefreshTestCase
Threads still running (4) at 2023-01-26T11:08:56.905376Z, live threads:
	Thread[0]  ID 495, Thread[pool-51-thread-1,5,main],	TIMED_WAITING,	non_daemon,	java.util.concurrent.ThreadPoolExecutor.Worker
	Thread[1]  ID 499, Thread[NioProcessor-304,5,main],	RUNNABLE,	non_daemon,	java.util.concurrent.ThreadPoolExecutor.Worker
	Thread[2]  ID 500, Thread[pool-51-thread-3,5,main],	TIMED_WAITING,	non_daemon,	java.util.concurrent.ThreadPoolExecutor.Worker
	Thread[3]  ID 501, Thread[pool-51-thread-4,5,main],	TIMED_WAITING,	non_daemon,	java.util.concurrent.ThreadPoolExecutor.Worker
[INFO] Tests run: 6, Failures: 0, Errors: 0, Skipped: 0, Time elapsed: 4.428 s - in org.apache.commons.vfs2.provider.ftp.FtpProviderMdtmOnRefreshTestCase
[INFO] Running org.apache.commons.vfs2.provider.ftp.FtpProviderUserDirTestCase
VfsClassLoaderTests no layered .jar provider, skipping.
Threads still running (7) at 2023-01-26T11:09:03.546788Z, live threads:
	Thread[0]  ID 504, Thread[pool-54-thread-1,5,main],	TIMED_WAITING,	non_daemon,	java.util.concurrent.ThreadPoolExecutor.Worker
	Thread[1]  ID 508, Thread[NioProcessor-344,5,main],	RUNNABLE,	non_daemon,	java.util.concurrent.ThreadPoolExecutor.Worker
	Thread[2]  ID 509, Thread[NioProcessor-345,5,main],	RUNNABLE,	non_daemon,	java.util.concurrent.ThreadPoolExecutor.Worker
	Thread[3]  ID 510, Thread[NioProcessor-346,5,main],	RUNNABLE,	non_daemon,	java.util.concurrent.ThreadPoolExecutor.Worker
	Thread[4]  ID 511, Thread[pool-54-thread-5,5,main],	TIMED_WAITING,	non_daemon,	java.util.concurrent.ThreadPoolExecutor.Worker
	Thread[5]  ID 513, Thread[pool-54-thread-6,5,main],	TIMED_WAITING,	non_daemon,	java.util.concurrent.ThreadPoolExecutor.Worker
	Thread[6]  ID 514, Thread[NioProcessor-340,5,main],	RUNNABLE,	non_daemon,	java.util.concurrent.ThreadPoolExecutor.Worker
[INFO] Tests run: 95, Failures: 0, Errors: 0, Skipped: 0, Time elapsed: 6.641 s - in org.apache.commons.vfs2.provider.ftp.FtpProviderUserDirTestCase
[INFO] Running org.apache.commons.vfs2.provider.ftp.FtpProviderMdtmOffTestCase
Threads still running (1) at 2023-01-26T11:09:07.918845Z, live threads:
	Thread[0]  ID 516, Thread[pool-57-thread-1,5,main],	RUNNABLE,	non_daemon,	java.util.concurrent.ThreadPoolExecutor.Worker
[INFO] Tests run: 6, Failures: 0, Errors: 0, Skipped: 0, Time elapsed: 4.37 s - in org.apache.commons.vfs2.provider.ftp.FtpProviderMdtmOffTestCase
[INFO] Running org.apache.commons.vfs2.provider.http.HttpProviderTestCase
VfsClassLoaderTests no layered .jar provider, skipping.
[INFO] Tests run: 100, Failures: 0, Errors: 0, Skipped: 0, Time elapsed: 4.651 s - in org.apache.commons.vfs2.provider.http.HttpProviderTestCase
[INFO] Running org.apache.commons.vfs2.provider.tar.TgzProviderTestCase
VfsClassLoaderTests no layered .jar provider, skipping.
[INFO] Tests run: 95, Failures: 0, Errors: 0, Skipped: 0, Time elapsed: 4.425 s - in org.apache.commons.vfs2.provider.tar.TgzProviderTestCase
[INFO] Running org.apache.commons.vfs2.provider.tar.TarProviderTestCase
VfsClassLoaderTests no layered .jar provider, skipping.
[INFO] Tests run: 95, Failures: 0, Errors: 0, Skipped: 0, Time elapsed: 4.382 s - in org.apache.commons.vfs2.provider.tar.TarProviderTestCase
[INFO] Running org.apache.commons.vfs2.provider.tar.Tbz2ProviderTestCase
VfsClassLoaderTests no layered .jar provider, skipping.
[INFO] Tests run: 95, Failures: 0, Errors: 0, Skipped: 0, Time elapsed: 4.424 s - in org.apache.commons.vfs2.provider.tar.Tbz2ProviderTestCase
[INFO] Running org.apache.commons.vfs2.provider.tar.NestedTbz2TestCase
VfsClassLoaderTests no layered .jar provider, skipping.
[INFO] Tests run: 95, Failures: 0, Errors: 0, Skipped: 0, Time elapsed: 4.421 s - in org.apache.commons.vfs2.provider.tar.NestedTbz2TestCase
[INFO] Running org.apache.commons.vfs2.provider.tar.NestedTgzTestCase
VfsClassLoaderTests no layered .jar provider, skipping.
[INFO] Tests run: 95, Failures: 0, Errors: 0, Skipped: 0, Time elapsed: 4.389 s - in org.apache.commons.vfs2.provider.tar.NestedTgzTestCase
[INFO] Running org.apache.commons.vfs2.provider.tar.NestedTarTestCase
VfsClassLoaderTests no layered .jar provider, skipping.
[INFO] Tests run: 95, Failures: 0, Errors: 0, Skipped: 0, Time elapsed: 4.382 s - in org.apache.commons.vfs2.provider.tar.NestedTarTestCase
[INFO] Running org.apache.commons.vfs2.provider.ftps.FtpsProviderImplicitTestCase
2023-01-26 11:09:41,897 [pool-62-thread-2] ERROR Exception caught, closing session
java.lang.IllegalMonitorStateException: null
	at java.lang.Object.notifyAll(Native Method) ~[?:?]
	at org.apache.mina.filter.ssl.SslHandler.checkStatus(SslHandler.java:542) ~[mina-core-2.1.6.jar:?]
	at org.apache.mina.filter.ssl.SslHandler.messageReceived(SslHandler.java:373) ~[mina-core-2.1.6.jar:?]
	at org.apache.mina.filter.ssl.SslFilter.messageReceived(SslFilter.java:524) ~[mina-core-2.1.6.jar:?]
	at org.apache.mina.core.filterchain.DefaultIoFilterChain.callNextMessageReceived(DefaultIoFilterChain.java:650) ~[mina-core-2.1.6.jar:?]
	at org.apache.mina.core.filterchain.DefaultIoFilterChain.access$1300(DefaultIoFilterChain.java:49) ~[mina-core-2.1.6.jar:?]
	at org.apache.mina.core.filterchain.DefaultIoFilterChain$EntryImpl$1.messageReceived(DefaultIoFilterChain.java:1128) ~[mina-core-2.1.6.jar:?]
	at org.apache.mina.core.filterchain.IoFilterAdapter.messageReceived(IoFilterAdapter.java:122) ~[mina-core-2.1.6.jar:?]
	at org.apache.mina.core.filterchain.DefaultIoFilterChain.callNextMessageReceived(DefaultIoFilterChain.java:650) ~[mina-core-2.1.6.jar:?]
	at org.apache.mina.core.filterchain.DefaultIoFilterChain.fireMessageReceived(DefaultIoFilterChain.java:643) ~[mina-core-2.1.6.jar:?]
	at org.apache.mina.core.polling.AbstractPollingIoProcessor.read(AbstractPollingIoProcessor.java:539) ~[mina-core-2.1.6.jar:?]
	at org.apache.mina.core.polling.AbstractPollingIoProcessor.access$1200(AbstractPollingIoProcessor.java:68) ~[mina-core-2.1.6.jar:?]
	at org.apache.mina.core.polling.AbstractPollingIoProcessor$Processor.process(AbstractPollingIoProcessor.java:1224) ~[mina-core-2.1.6.jar:?]
	at org.apache.mina.core.polling.AbstractPollingIoProcessor$Processor.process(AbstractPollingIoProcessor.java:1213) ~[mina-core-2.1.6.jar:?]
	at org.apache.mina.core.polling.AbstractPollingIoProcessor$Processor.run(AbstractPollingIoProcessor.java:683) ~[mina-core-2.1.6.jar:?]
	at org.apache.mina.util.NamePreservingRunnable.run(NamePreservingRunnable.java:64) ~[mina-core-2.1.6.jar:?]
	at java.util.concurrent.ThreadPoolExecutor.runWorker(ThreadPoolExecutor.java:1128) ~[?:?]
	at java.util.concurrent.ThreadPoolExecutor$Worker.run(ThreadPoolExecutor.java:628) ~[?:?]
	at java.lang.Thread.run(Thread.java:829) ~[?:?]
VfsClassLoaderTests no layered .jar provider, skipping.
Threads still running (5) at 2023-01-26T11:09:47.009829Z, live threads:
	Thread[0]  ID 572, Thread[pool-60-thread-1,5,main],	TIMED_WAITING,	non_daemon,	java.util.concurrent.ThreadPoolExecutor.Worker
	Thread[1]  ID 576, Thread[NioProcessor-407,5,main],	RUNNABLE,	non_daemon,	java.util.concurrent.ThreadPoolExecutor.Worker
	Thread[2]  ID 577, Thread[pool-60-thread-3,5,main],	TIMED_WAITING,	non_daemon,	java.util.concurrent.ThreadPoolExecutor.Worker
	Thread[3]  ID 578, Thread[pool-60-thread-4,5,main],	TIMED_WAITING,	non_daemon,	java.util.concurrent.ThreadPoolExecutor.Worker
	Thread[4]  ID 579, Thread[pool-60-thread-5,5,main],	TIMED_WAITING,	non_daemon,	java.util.concurrent.ThreadPoolExecutor.Worker
[INFO] Tests run: 95, Failures: 0, Errors: 0, Skipped: 0, Time elapsed: 8.006 s - in org.apache.commons.vfs2.provider.ftps.FtpsProviderImplicitTestCase
[INFO] Running org.apache.commons.vfs2.provider.ftps.FtpsProviderExplicitTestCase
2023-01-26 11:09:56,252 [pool-65-thread-2] ERROR Exception caught, closing session
java.lang.IllegalMonitorStateException: null
	at java.lang.Object.notifyAll(Native Method) ~[?:?]
	at org.apache.mina.filter.ssl.SslHandler.checkStatus(SslHandler.java:542) ~[mina-core-2.1.6.jar:?]
	at org.apache.mina.filter.ssl.SslHandler.messageReceived(SslHandler.java:373) ~[mina-core-2.1.6.jar:?]
	at org.apache.mina.filter.ssl.SslFilter.messageReceived(SslFilter.java:524) ~[mina-core-2.1.6.jar:?]
	at org.apache.mina.core.filterchain.DefaultIoFilterChain.callNextMessageReceived(DefaultIoFilterChain.java:650) ~[mina-core-2.1.6.jar:?]
	at org.apache.mina.core.filterchain.DefaultIoFilterChain.access$1300(DefaultIoFilterChain.java:49) ~[mina-core-2.1.6.jar:?]
	at org.apache.mina.core.filterchain.DefaultIoFilterChain$EntryImpl$1.messageReceived(DefaultIoFilterChain.java:1128) ~[mina-core-2.1.6.jar:?]
	at org.apache.mina.core.filterchain.IoFilterAdapter.messageReceived(IoFilterAdapter.java:122) ~[mina-core-2.1.6.jar:?]
	at org.apache.mina.core.filterchain.DefaultIoFilterChain.callNextMessageReceived(DefaultIoFilterChain.java:650) ~[mina-core-2.1.6.jar:?]
	at org.apache.mina.core.filterchain.DefaultIoFilterChain.fireMessageReceived(DefaultIoFilterChain.java:643) ~[mina-core-2.1.6.jar:?]
	at org.apache.mina.core.polling.AbstractPollingIoProcessor.read(AbstractPollingIoProcessor.java:539) ~[mina-core-2.1.6.jar:?]
	at org.apache.mina.core.polling.AbstractPollingIoProcessor.access$1200(AbstractPollingIoProcessor.java:68) ~[mina-core-2.1.6.jar:?]
	at org.apache.mina.core.polling.AbstractPollingIoProcessor$Processor.process(AbstractPollingIoProcessor.java:1224) ~[mina-core-2.1.6.jar:?]
	at org.apache.mina.core.polling.AbstractPollingIoProcessor$Processor.process(AbstractPollingIoProcessor.java:1213) ~[mina-core-2.1.6.jar:?]
	at org.apache.mina.core.polling.AbstractPollingIoProcessor$Processor.run(AbstractPollingIoProcessor.java:683) ~[mina-core-2.1.6.jar:?]
	at org.apache.mina.util.NamePreservingRunnable.run(NamePreservingRunnable.java:64) ~[mina-core-2.1.6.jar:?]
	at java.util.concurrent.ThreadPoolExecutor.runWorker(ThreadPoolExecutor.java:1128) ~[?:?]
	at java.util.concurrent.ThreadPoolExecutor$Worker.run(ThreadPoolExecutor.java:628) ~[?:?]
	at java.lang.Thread.run(Thread.java:829) ~[?:?]
2023-01-26 11:09:56,276 [pool-65-thread-2] ERROR Exception caught, closing session
java.lang.IllegalMonitorStateException: null
	at java.lang.Object.notifyAll(Native Method) ~[?:?]
	at org.apache.mina.filter.ssl.SslHandler.checkStatus(SslHandler.java:542) ~[mina-core-2.1.6.jar:?]
	at org.apache.mina.filter.ssl.SslHandler.messageReceived(SslHandler.java:373) ~[mina-core-2.1.6.jar:?]
	at org.apache.mina.filter.ssl.SslFilter.messageReceived(SslFilter.java:524) ~[mina-core-2.1.6.jar:?]
	at org.apache.mina.core.filterchain.DefaultIoFilterChain.callNextMessageReceived(DefaultIoFilterChain.java:650) ~[mina-core-2.1.6.jar:?]
	at org.apache.mina.core.filterchain.DefaultIoFilterChain.access$1300(DefaultIoFilterChain.java:49) ~[mina-core-2.1.6.jar:?]
	at org.apache.mina.core.filterchain.DefaultIoFilterChain$EntryImpl$1.messageReceived(DefaultIoFilterChain.java:1128) ~[mina-core-2.1.6.jar:?]
	at org.apache.mina.core.filterchain.IoFilterAdapter.messageReceived(IoFilterAdapter.java:122) ~[mina-core-2.1.6.jar:?]
	at org.apache.mina.core.filterchain.DefaultIoFilterChain.callNextMessageReceived(DefaultIoFilterChain.java:650) ~[mina-core-2.1.6.jar:?]
	at org.apache.mina.core.filterchain.DefaultIoFilterChain.fireMessageReceived(DefaultIoFilterChain.java:643) ~[mina-core-2.1.6.jar:?]
	at org.apache.mina.core.polling.AbstractPollingIoProcessor.read(AbstractPollingIoProcessor.java:539) ~[mina-core-2.1.6.jar:?]
	at org.apache.mina.core.polling.AbstractPollingIoProcessor.access$1200(AbstractPollingIoProcessor.java:68) ~[mina-core-2.1.6.jar:?]
	at org.apache.mina.core.polling.AbstractPollingIoProcessor$Processor.process(AbstractPollingIoProcessor.java:1224) ~[mina-core-2.1.6.jar:?]
	at org.apache.mina.core.polling.AbstractPollingIoProcessor$Processor.process(AbstractPollingIoProcessor.java:1213) ~[mina-core-2.1.6.jar:?]
	at org.apache.mina.core.polling.AbstractPollingIoProcessor$Processor.run(AbstractPollingIoProcessor.java:683) ~[mina-core-2.1.6.jar:?]
	at org.apache.mina.util.NamePreservingRunnable.run(NamePreservingRunnable.java:64) ~[mina-core-2.1.6.jar:?]
	at java.util.concurrent.ThreadPoolExecutor.runWorker(ThreadPoolExecutor.java:1128) ~[?:?]
	at java.util.concurrent.ThreadPoolExecutor$Worker.run(ThreadPoolExecutor.java:628) ~[?:?]
	at java.lang.Thread.run(Thread.java:829) ~[?:?]
VfsClassLoaderTests no layered .jar provider, skipping.
Threads still running (5) at 2023-01-26T11:10:03.778366Z, live threads:
	Thread[0]  ID 584, Thread[pool-63-thread-1,5,main],	TIMED_WAITING,	non_daemon,	java.util.concurrent.ThreadPoolExecutor.Worker
	Thread[1]  ID 588, Thread[pool-63-thread-2,5,main],	TIMED_WAITING,	non_daemon,	java.util.concurrent.ThreadPoolExecutor.Worker
	Thread[2]  ID 589, Thread[NioProcessor-470,5,main],	RUNNABLE,	non_daemon,	java.util.concurrent.ThreadPoolExecutor.Worker
	Thread[3]  ID 590, Thread[NioProcessor-471,5,main],	RUNNABLE,	non_daemon,	java.util.concurrent.ThreadPoolExecutor.Worker
	Thread[4]  ID 591, Thread[pool-63-thread-5,5,main],	TIMED_WAITING,	non_daemon,	java.util.concurrent.ThreadPoolExecutor.Worker
[INFO] Tests run: 95, Failures: 0, Errors: 0, Skipped: 0, Time elapsed: 16.767 s - in org.apache.commons.vfs2.provider.ftps.FtpsProviderExplicitTestCase
[INFO] Running org.apache.commons.vfs2.provider.hdfs.HdfsFileProviderTestCase
VfsClassLoaderTests no layered .jar provider, skipping.
Threads still running (3) at 2023-01-26T11:10:53.983360Z, live threads:
	Thread[0]  ID 1185, Thread[org.apache.hadoop.hdfs.PeerCache@489989eb,5,main],	TIMED_WAITING,	daemon,	null
	Thread[1]  ID 1222, Thread[Async disk worker #0 for volume /home/gabsko/breaking-updates/commons-vfs2/target/test/hdfstestcasedata/dfs/data/data1,5,FsDatasetAsyncDiskService],	TIMED_WAITING,	daemon,	java.util.concurrent.ThreadPoolExecutor.Worker
	Thread[2]  ID 1223, Thread[Async disk worker #0 for volume /home/gabsko/breaking-updates/commons-vfs2/target/test/hdfstestcasedata/dfs/data/data2,5,FsDatasetAsyncDiskService],	TIMED_WAITING,	daemon,	java.util.concurrent.ThreadPoolExecutor.Worker
[INFO] Tests run: 95, Failures: 0, Errors: 0, Skipped: 0, Time elapsed: 50.204 s - in org.apache.commons.vfs2.provider.hdfs.HdfsFileProviderTestCase
[INFO] Running org.apache.commons.vfs2.provider.url.UrlHttpProviderTestCase
VfsClassLoaderTests no layered .jar provider, skipping.
[INFO] Tests run: 95, Failures: 0, Errors: 0, Skipped: 0, Time elapsed: 4.354 s - in org.apache.commons.vfs2.provider.url.UrlHttpProviderTestCase
[INFO] Running org.apache.commons.vfs2.provider.url.UrlProviderTestCase
VfsClassLoaderTests no local file provider, skipping.
VfsClassLoaderTests no local file provider, skipping.
[INFO] Tests run: 95, Failures: 0, Errors: 0, Skipped: 0, Time elapsed: 4.38 s - in org.apache.commons.vfs2.provider.url.UrlProviderTestCase
[INFO] Running org.apache.commons.vfs2.provider.url.UrlProviderHttpTestCase
VfsClassLoaderTests no layered .jar provider, skipping.
Threads still running (19) at 2023-01-26T11:11:07.268998Z, live threads:
	Thread[0]  ID 153, Thread[org.apache.hadoop.hdfs.server.datanode.DataXceiverServer@21d3d6ec,5,dataXceiverServer],	RUNNABLE,	daemon,	org.apache.hadoop.hdfs.server.datanode.DataXceiverServer
	Thread[1]  ID 665, Thread[org.apache.hadoop.hdfs.server.datanode.DataXceiverServer@397b5b2d,5,dataXceiverServer],	RUNNABLE,	daemon,	org.apache.hadoop.hdfs.server.datanode.DataXceiverServer
	Thread[2]  ID 1222, Thread[Async disk worker #0 for volume /home/gabsko/breaking-updates/commons-vfs2/target/test/hdfstestcasedata/dfs/data/data1,5,FsDatasetAsyncDiskService],	TIMED_WAITING,	daemon,	java.util.concurrent.ThreadPoolExecutor.Worker
	Thread[3]  ID 1223, Thread[Async disk worker #0 for volume /home/gabsko/breaking-updates/commons-vfs2/target/test/hdfstestcasedata/dfs/data/data2,5,FsDatasetAsyncDiskService],	TIMED_WAITING,	daemon,	java.util.concurrent.ThreadPoolExecutor.Worker
	Thread[4]  ID 22, Thread[Common-Cleaner,8,InnocuousThreadGroup],	TIMED_WAITING,	daemon,	jdk.internal.ref.CleanerImpl
	Thread[5]  ID 1365, Thread[Keep-Alive-Timer,8,InnocuousThreadGroup],	TIMED_WAITING,	daemon,	sun.net.www.http.KeepAliveCache
[INFO] Tests run: 95, Failures: 0, Errors: 0, Skipped: 0, Time elapsed: 4.545 s - in org.apache.commons.vfs2.provider.url.UrlProviderHttpTestCase
[INFO] Running org.apache.commons.vfs2.provider.jar.JarProviderTestCase
VfsClassLoaderTests no layered .jar provider, skipping.
[INFO] Tests run: 95, Failures: 0, Errors: 0, Skipped: 0, Time elapsed: 4.336 s - in org.apache.commons.vfs2.provider.jar.JarProviderTestCase
[INFO] Running org.apache.commons.vfs2.provider.jar.NestedJarTestCase
[ERROR] Tests run: 1, Failures: 0, Errors: 1, Skipped: 0, Time elapsed: 0.007 s <<< FAILURE! - in org.apache.commons.vfs2.provider.jar.NestedJarTestCase
[ERROR] org.apache.commons.vfs2.ProviderTestSuite  Time elapsed: 0.001 s  <<< ERROR!
org.apache.commons.vfs2.FileSystemException: Could not find a file provider that can handle file "jar:file:///home/gabsko/breaking-updates/commons-vfs2/target/test-classes/test-data/nested.jar!/test.jar".
	at org.apache.commons.vfs2.FileSystemException.requireNonNull(FileSystemException.java:186)
	at org.apache.commons.vfs2.impl.DefaultFileSystemManager.createFileSystem(DefaultFileSystemManager.java:436)
	at org.apache.commons.vfs2.provider.jar.NestedJarTestCase.getBaseTestFolder(NestedJarTestCase.java:54)
	at org.apache.commons.vfs2.AbstractTestSuite.setUp(AbstractTestSuite.java:268)
	at org.apache.commons.vfs2.AbstractTestSuite.lambda$run$0(AbstractTestSuite.java:234)
	at junit.framework.TestResult.runProtected(TestResult.java:142)
	at org.apache.commons.vfs2.AbstractTestSuite.run(AbstractTestSuite.java:239)
	at org.junit.internal.runners.JUnit38ClassRunner.run(JUnit38ClassRunner.java:90)
	at org.junit.runner.JUnitCore.run(JUnitCore.java:137)
	at org.junit.runner.JUnitCore.run(JUnitCore.java:115)
	at org.junit.vintage.engine.execution.RunnerExecutor.execute(RunnerExecutor.java:42)
	at org.junit.vintage.engine.VintageTestEngine.executeAllChildren(VintageTestEngine.java:80)
	at org.junit.vintage.engine.VintageTestEngine.execute(VintageTestEngine.java:72)
	at org.junit.platform.launcher.core.EngineExecutionOrchestrator.execute(EngineExecutionOrchestrator.java:107)
	at org.junit.platform.launcher.core.EngineExecutionOrchestrator.execute(EngineExecutionOrchestrator.java:88)
	at org.junit.platform.launcher.core.EngineExecutionOrchestrator.lambda$execute$0(EngineExecutionOrchestrator.java:54)
	at org.junit.platform.launcher.core.EngineExecutionOrchestrator.withInterceptedStreams(EngineExecutionOrchestrator.java:67)
	at org.junit.platform.launcher.core.EngineExecutionOrchestrator.execute(EngineExecutionOrchestrator.java:52)
	at org.junit.platform.launcher.core.DefaultLauncher.execute(DefaultLauncher.java:114)
	at org.junit.platform.launcher.core.DefaultLauncher.execute(DefaultLauncher.java:86)
	at org.junit.platform.launcher.core.DefaultLauncherSession$DelegatingLauncher.execute(DefaultLauncherSession.java:86)
	at org.junit.platform.launcher.core.SessionPerRequestLauncher.execute(SessionPerRequestLauncher.java:53)
	at org.apache.maven.surefire.junitplatform.JUnitPlatformProvider.execute(JUnitPlatformProvider.java:188)
	at org.apache.maven.surefire.junitplatform.JUnitPlatformProvider.invokeAllTests(JUnitPlatformProvider.java:154)
	at org.apache.maven.surefire.junitplatform.JUnitPlatformProvider.invoke(JUnitPlatformProvider.java:128)
	at org.apache.maven.surefire.booter.ForkedBooter.runSuitesInProcess(ForkedBooter.java:428)
	at org.apache.maven.surefire.booter.ForkedBooter.execute(ForkedBooter.java:162)
	at org.apache.maven.surefire.booter.ForkedBooter.run(ForkedBooter.java:562)
	at org.apache.maven.surefire.booter.ForkedBooter.main(ForkedBooter.java:548)

[INFO] Running org.apache.commons.vfs2.provider.test.VirtualProviderTestCase
[INFO] Tests run: 97, Failures: 0, Errors: 0, Skipped: 0, Time elapsed: 4.326 s - in org.apache.commons.vfs2.provider.test.VirtualProviderTestCase
[INFO] Running org.apache.commons.vfs2.provider.res.ResourceProviderTestCase
VfsClassLoaderTests no local file provider, skipping.
VfsClassLoaderTests no local file provider, skipping.
[INFO] Tests run: 95, Failures: 0, Errors: 0, Skipped: 0, Time elapsed: 4.338 s - in org.apache.commons.vfs2.provider.res.ResourceProviderTestCase
[INFO] Running org.apache.commons.vfs2.provider.res.Vfs444TestCase
VfsClassLoaderTests no layered .jar provider, skipping.
[INFO] Tests run: 103, Failures: 0, Errors: 0, Skipped: 0, Time elapsed: 4.327 s - in org.apache.commons.vfs2.provider.res.Vfs444TestCase
[INFO] Running org.apache.commons.vfs2.provider.zip.ZipProviderTestCase
VfsClassLoaderTests no layered .jar provider, skipping.
[INFO] Tests run: 95, Failures: 0, Errors: 0, Skipped: 0, Time elapsed: 4.318 s - in org.apache.commons.vfs2.provider.zip.ZipProviderTestCase
[INFO] Running org.apache.commons.vfs2.provider.zip.ZipProviderWithCharsetNullTestCase
VfsClassLoaderTests no layered .jar provider, skipping.
[INFO] Tests run: 95, Failures: 0, Errors: 0, Skipped: 0, Time elapsed: 4.344 s - in org.apache.commons.vfs2.provider.zip.ZipProviderWithCharsetNullTestCase
[INFO] Running org.apache.commons.vfs2.provider.zip.ZipProviderWithCharsetTestCase
VfsClassLoaderTests no layered .jar provider, skipping.
[INFO] Tests run: 95, Failures: 0, Errors: 0, Skipped: 0, Time elapsed: 4.358 s - in org.apache.commons.vfs2.provider.zip.ZipProviderWithCharsetTestCase
[INFO] Running org.apache.commons.vfs2.provider.zip.NestedZipTestCase
VfsClassLoaderTests no layered .jar provider, skipping.
[INFO] Tests run: 95, Failures: 0, Errors: 0, Skipped: 0, Time elapsed: 4.336 s - in org.apache.commons.vfs2.provider.zip.NestedZipTestCase
[INFO] Running org.apache.commons.vfs2.provider.temp.TemporaryProviderTestCase
VfsClassLoaderTests no layered .jar provider, skipping.
[INFO] Tests run: 95, Failures: 0, Errors: 0, Skipped: 0, Time elapsed: 4.463 s - in org.apache.commons.vfs2.provider.temp.TemporaryProviderTestCase
[INFO] Running org.apache.commons.vfs2.provider.http4.Http4ProviderTestCase
VfsClassLoaderTests no layered .jar provider, skipping.
Threads still running (20) at 2023-01-26T11:11:50.938466Z, live threads:
	Thread[1]  ID 153, Thread[org.apache.hadoop.hdfs.server.datanode.DataXceiverServer@21d3d6ec,5,dataXceiverServer],	RUNNABLE,	daemon,	org.apache.hadoop.hdfs.server.datanode.DataXceiverServer
	Thread[2]  ID 665, Thread[org.apache.hadoop.hdfs.server.datanode.DataXceiverServer@397b5b2d,5,dataXceiverServer],	RUNNABLE,	daemon,	org.apache.hadoop.hdfs.server.datanode.DataXceiverServer
	Thread[3]  ID 1222, Thread[Async disk worker #0 for volume /home/gabsko/breaking-updates/commons-vfs2/target/test/hdfstestcasedata/dfs/data/data1,5,FsDatasetAsyncDiskService],	TIMED_WAITING,	daemon,	java.util.concurrent.ThreadPoolExecutor.Worker
	Thread[4]  ID 1223, Thread[Async disk worker #0 for volume /home/gabsko/breaking-updates/commons-vfs2/target/test/hdfstestcasedata/dfs/data/data2,5,FsDatasetAsyncDiskService],	TIMED_WAITING,	daemon,	java.util.concurrent.ThreadPoolExecutor.Worker
	Thread[5]  ID 22, Thread[Common-Cleaner,8,InnocuousThreadGroup],	TIMED_WAITING,	daemon,	jdk.internal.ref.CleanerImpl
[INFO] Tests run: 100, Failures: 0, Errors: 0, Skipped: 0, Time elapsed: 4.496 s - in org.apache.commons.vfs2.provider.http4.Http4ProviderTestCase
[INFO] Running org.apache.commons.vfs2.provider.local.LocalProviderTestCase
VfsClassLoaderTests no layered .jar provider, skipping.
[INFO] Tests run: 101, Failures: 0, Errors: 0, Skipped: 0, Time elapsed: 4.392 s - in org.apache.commons.vfs2.provider.local.LocalProviderTestCase
[INFO] 
[INFO] Results:
[INFO] 
[ERROR] Errors: 
[ERROR]   FileSystemManagerFactoryTest.testDefaultInstance:59->check:40  FileSystem Cou...
[ERROR]   ProviderTestSuite>AbstractTestSuite.run:239->AbstractTestSuite.lambda$run$0:234->AbstractTestSuite.setUp:268  FileSystem
[ERROR]   DefaultFileSystemManagerTest.testCreateBz2FileSystem:93->testCreateFileSystem:99  FileSystem
[ERROR]   DefaultFileSystemManagerTest.testCreateJarFileSystem:112->testCreateFileSystem:99  FileSystem
[INFO] 
[ERROR] Tests run: 3215, Failures: 0, Errors: 4, Skipped: 8
[INFO] 
[INFO] ------------------------------------------------------------------------
[INFO] Reactor Summary for Apache Commons VFS Project 2.10.0-SNAPSHOT:
[INFO] 
[INFO] Apache Commons VFS Project ......................... SUCCESS [  2.368 s]
[INFO] Apache Commons VFS ................................. FAILURE [07:25 min]
[INFO] Apache Commons VFS Jackrabbit 1 .................... SKIPPED
[INFO] Apache Commons VFS Jackrabbit 2 .................... SKIPPED
[INFO] Apache Commons VFS Examples ........................ SKIPPED
[INFO] Apache Commons VFS Distribution .................... SKIPPED
[INFO] ------------------------------------------------------------------------
[INFO] BUILD FAILURE
[INFO] ------------------------------------------------------------------------
[INFO] Total time:  07:28 min
[INFO] Finished at: 2023-01-26T11:11:55Z
[INFO] ------------------------------------------------------------------------
[ERROR] Failed to execute goal org.apache.maven.plugins:maven-surefire-plugin:3.0.0-M5:test (default-test) on project commons-vfs2: There are test failures.
[ERROR] 
[ERROR] Please refer to /home/gabsko/breaking-updates/commons-vfs2/target/surefire-reports for the individual test results.
[ERROR] Please refer to dump files (if any exist) [date].dump, [date]-jvmRun[N].dump and [date].dumpstream.
[ERROR] -> [Help 1]
[ERROR] 
[ERROR] To see the full stack trace of the errors, re-run Maven with the -e switch.
[ERROR] Re-run Maven using the -X switch to enable full debug logging.
[ERROR] 
[ERROR] For more information about the errors and possible solutions, please read the following articles:
[ERROR] [Help 1] http://cwiki.apache.org/confluence/display/MAVEN/MojoFailureException
[ERROR] 
[ERROR] After correcting the problems, you can resume the build with the command
[ERROR]   mvn <args> -rf :commons-vfs2
