[INFO] Scanning for projects...
[WARNING] The POM for org.jenkins-ci.tools:maven-hpi-plugin:jar:3.17 is missing, no dependency information available
[WARNING] Failed to build parent project for org.jvnet.hudson.plugins:analysis-pom:pom:5.9.0
[WARNING] Failed to build parent project for io.jenkins.plugins:warnings-ng:hpi:9.6.0-SNAPSHOT
[INFO] Inspecting build with total of 3 modules...
[INFO] Installing Nexus Staging features:
[INFO]   ... total of 1 executions of maven-deploy-plugin replaced with nexus-staging-maven-plugin
[INFO] ------------------------------------------------------------------------
[INFO] Reactor Build Order:
[INFO] 
[INFO] Warnings Next Generation Plugin                                    [hpi]
[INFO] UI Tests of Warnings Plugin                                        [jar]
[INFO] Aggregator for Warnings Plugin                                     [pom]
[INFO] 
[INFO] -------------------< io.jenkins.plugins:warnings-ng >-------------------
[INFO] Building Warnings Next Generation Plugin 9.6.0-SNAPSHOT            [1/3]
[INFO] --------------------------------[ hpi ]---------------------------------
[INFO] 
[INFO] --- maven-clean-plugin:3.1.0:clean (default-clean) @ warnings-ng ---
[INFO] Deleting /home/gabsko/breaking-updates/plugin/target
[INFO] 
[INFO] --- maven-hpi-plugin:3.17:validate (default-validate) @ warnings-ng ---
[INFO] 
[INFO] --- maven-hpi-plugin:3.17:validate-hpi (default-validate-hpi) @ warnings-ng ---
[INFO] 
[INFO] --- maven-enforcer-plugin:3.0.0-M3:display-info (display-info) @ warnings-ng ---
[INFO] Maven Version: 3.8.6
[INFO] JDK Version: 11.0.17 normalized as: 11.0.17
[INFO] OS Info: Arch: amd64 Family: unix Name: linux Version: 5.4.0-113-generic
[INFO] 
[INFO] --- maven-enforcer-plugin:3.0.0-M3:enforce (display-info) @ warnings-ng ---
[INFO] Ignoring requireUpperBoundDeps in org.slf4j:slf4j-api
[INFO] Ignoring requireUpperBoundDeps in com.google.guava:guava
[INFO] Adding ignore: module-info
[INFO] Adding ignore: module-info
[INFO] Adding ignore: **/ModuleUtils*
[WARNING] Invalid bytecodeVersion for com.fasterxml.jackson.module:jackson-module-jaxb-annotations:jar:2.12.3:compile : META-INF/versions/11/module-info.class: expected 55, but was 53
[INFO] 
[INFO] --- maven-enforcer-plugin:3.0.0-M3:enforce (no-snapshots-in-release) @ warnings-ng ---
[INFO] 
[INFO] --- gmavenplus-plugin:1.12.1:addTestSources (test-in-groovy) @ warnings-ng ---
[INFO] 
[INFO] --- localizer-maven-plugin:1.31:generate (default) @ warnings-ng ---
[INFO] 
[INFO] >>> maven-javadoc-plugin:3.3.0:javadoc (default) > generate-sources @ warnings-ng >>>
[INFO] 
[INFO] --- maven-hpi-plugin:3.17:validate (default-validate) @ warnings-ng ---
[INFO] 
[INFO] --- maven-hpi-plugin:3.17:validate-hpi (default-validate-hpi) @ warnings-ng ---
[INFO] 
[INFO] --- maven-enforcer-plugin:3.0.0-M3:display-info (display-info) @ warnings-ng ---
[INFO] Maven Version: 3.8.6
[INFO] JDK Version: 11.0.17 normalized as: 11.0.17
[INFO] OS Info: Arch: amd64 Family: unix Name: linux Version: 5.4.0-113-generic
[INFO] 
[INFO] --- maven-enforcer-plugin:3.0.0-M3:enforce (display-info) @ warnings-ng ---
[INFO] Ignoring requireUpperBoundDeps in org.slf4j:slf4j-api
[INFO] Ignoring requireUpperBoundDeps in com.google.guava:guava
[INFO] Adding ignore: module-info
[INFO] Adding ignore: module-info
[INFO] Adding ignore: **/ModuleUtils*
[WARNING] Invalid bytecodeVersion for com.fasterxml.jackson.module:jackson-module-jaxb-annotations:jar:2.12.3:compile : META-INF/versions/11/module-info.class: expected 55, but was 53
[INFO] 
[INFO] --- maven-enforcer-plugin:3.0.0-M3:enforce (no-snapshots-in-release) @ warnings-ng ---
[INFO] 
[INFO] --- gmavenplus-plugin:1.12.1:addTestSources (test-in-groovy) @ warnings-ng ---
[INFO] 
[INFO] --- localizer-maven-plugin:1.31:generate (default) @ warnings-ng ---
[INFO] 
[INFO] <<< maven-javadoc-plugin:3.3.0:javadoc (default) < generate-sources @ warnings-ng <<<
[INFO] 
[INFO] 
[INFO] --- maven-javadoc-plugin:3.3.0:javadoc (default) @ warnings-ng ---
[INFO] No previous run data found, generating javadoc.
[INFO] 
[INFO] --- maven-resources-plugin:3.2.0:resources (default-resources) @ warnings-ng ---
[INFO] Using 'UTF-8' encoding to copy filtered resources.
[INFO] Using 'UTF-8' encoding to copy filtered properties files.
[INFO] Copying 199 resources
[INFO] 
[INFO] --- maven-compiler-plugin:3.8.1:compile (default-compile) @ warnings-ng ---
[INFO] Changes detected - recompiling the module!
[INFO] Compiling 260 source files to /home/gabsko/breaking-updates/plugin/target/classes
[WARNING] /home/gabsko/breaking-updates/plugin/src/main/java/io/jenkins/plugins/analysis/core/model/StaticAnalysisLabelProvider.java:[379,42] getImagePath(hudson.model.BallColor) in io.jenkins.plugins.util.JenkinsFacade has been deprecated
[INFO] 
[INFO] --- access-modifier-checker:1.21:enforce (default-enforce) @ warnings-ng ---
[INFO] 
[INFO] --- maven-hpi-plugin:3.17:insert-test (default-insert-test) @ warnings-ng ---
[INFO] 
[INFO] --- assertj-assertions-generator-maven-plugin:2.2.0:generate-assertions (default) @ warnings-ng ---
[INFO] Downloading from repo.jenkins-ci.org: https://repo.jenkins-ci.org/public/org/assertj/assertj-core/maven-metadata.xml
[INFO] Downloaded from repo.jenkins-ci.org: https://repo.jenkins-ci.org/public/org/assertj/assertj-core/maven-metadata.xml (2.4 kB at 3.2 kB/s)
[INFO] 
[INFO] --- gmavenplus-plugin:1.12.1:generateTestStubs (test-in-groovy) @ warnings-ng ---
[INFO] No sources specified for stub generation. Skipping.
[INFO] Generated 0 stubs.
[INFO] 
[INFO] --- maven-antrun-plugin:3.0.0:run (createTempDir) @ warnings-ng ---
[INFO] Executing tasks
[INFO]     [mkdir] Created dir: /home/gabsko/breaking-updates/plugin/target/tmp
[INFO] Executed tasks
[INFO] 
[INFO] --- maven-resources-plugin:3.2.0:testResources (default-testResources) @ warnings-ng ---
[INFO] Using 'UTF-8' encoding to copy filtered resources.
[INFO] Using 'UTF-8' encoding to copy filtered properties files.
[INFO] Copying 321 resources
[INFO] 
[INFO] --- maven-compiler-plugin:3.8.1:testCompile (default-testCompile) @ warnings-ng ---
[INFO] Changes detected - recompiling the module!
[INFO] Compiling 205 source files to /home/gabsko/breaking-updates/plugin/target/test-classes
[WARNING] /home/gabsko/breaking-updates/plugin/src/test/java/io/jenkins/plugins/analysis/core/model/SummaryTest.java:[352,21] getImagePath(hudson.model.BallColor) in io.jenkins.plugins.util.JenkinsFacade has been deprecated
[WARNING] /home/gabsko/breaking-updates/plugin/src/test/java/io/jenkins/plugins/analysis/warnings/steps/GitForensicsITest.java:[75,22] GitSCM(java.util.List<hudson.plugins.git.UserRemoteConfig>,java.util.List<hudson.plugins.git.BranchSpec>,java.lang.Boolean,java.util.Collection<hudson.plugins.git.SubmoduleConfig>,hudson.plugins.git.browser.GitRepositoryBrowser,java.lang.String,java.util.List<hudson.plugins.git.extensions.GitSCMExtension>) in hudson.plugins.git.GitSCM has been deprecated
[WARNING] /home/gabsko/breaking-updates/plugin/src/test/java/io/jenkins/plugins/analysis/warnings/steps/GitForensicsITest.java:[150,22] GitSCM(java.util.List<hudson.plugins.git.UserRemoteConfig>,java.util.List<hudson.plugins.git.BranchSpec>,java.lang.Boolean,java.util.Collection<hudson.plugins.git.SubmoduleConfig>,hudson.plugins.git.browser.GitRepositoryBrowser,java.lang.String,java.util.List<hudson.plugins.git.extensions.GitSCMExtension>) in hudson.plugins.git.GitSCM has been deprecated
[INFO] 
[INFO] --- maven-hpi-plugin:3.17:test-hpl (default-test-hpl) @ warnings-ng ---
[INFO] Generating /home/gabsko/breaking-updates/plugin/target/test-classes/the.hpl
[INFO] 
[INFO] --- maven-hpi-plugin:3.17:resolve-test-dependencies (default-resolve-test-dependencies) @ warnings-ng ---
[INFO] Downloading from repo.jenkins-ci.org: https://repo.jenkins-ci.org/public/io/jenkins/plugins/analysis-model-api/10.3.0/analysis-model-api-10.3.0.hpi
[INFO] Downloaded from repo.jenkins-ci.org: https://repo.jenkins-ci.org/public/io/jenkins/plugins/analysis-model-api/10.3.0/analysis-model-api-10.3.0.hpi (16 MB at 5.6 MB/s)
[INFO] Downloading from repo.jenkins-ci.org: https://repo.jenkins-ci.org/public/io/jenkins/plugins/data-tables-api/1.10.25-3/data-tables-api-1.10.25-3.hpi
[INFO] Downloaded from repo.jenkins-ci.org: https://repo.jenkins-ci.org/public/io/jenkins/plugins/data-tables-api/1.10.25-3/data-tables-api-1.10.25-3.hpi (253 kB at 340 kB/s)
[INFO] Downloading from repo.jenkins-ci.org: https://repo.jenkins-ci.org/public/io/jenkins/plugins/echarts-api/5.1.2-5/echarts-api-5.1.2-5.hpi
[INFO] Downloaded from repo.jenkins-ci.org: https://repo.jenkins-ci.org/public/io/jenkins/plugins/echarts-api/5.1.2-5/echarts-api-5.1.2-5.hpi (17 MB at 8.5 MB/s)
[INFO] Downloading from repo.jenkins-ci.org: https://repo.jenkins-ci.org/public/io/jenkins/plugins/git-forensics/1.1.0/git-forensics-1.1.0.hpi
[INFO] Downloaded from repo.jenkins-ci.org: https://repo.jenkins-ci.org/public/io/jenkins/plugins/git-forensics/1.1.0/git-forensics-1.1.0.hpi (11 MB at 6.5 MB/s)
[INFO] Downloading from repo.jenkins-ci.org: https://repo.jenkins-ci.org/public/org/jenkins-ci/plugins/dashboard-view/2.16/dashboard-view-2.16.hpi
[INFO] Downloaded from repo.jenkins-ci.org: https://repo.jenkins-ci.org/public/org/jenkins-ci/plugins/dashboard-view/2.16/dashboard-view-2.16.hpi (666 kB at 1.0 MB/s)
[INFO] Downloading from repo.jenkins-ci.org: https://repo.jenkins-ci.org/public/org/jenkins-ci/plugins/job-dsl/1.77/job-dsl-1.77.hpi
[INFO] Downloaded from repo.jenkins-ci.org: https://repo.jenkins-ci.org/public/org/jenkins-ci/plugins/job-dsl/1.77/job-dsl-1.77.hpi (3.0 MB at 3.5 MB/s)
[INFO] Downloading from repo.jenkins-ci.org: https://repo.jenkins-ci.org/public/org/jenkins-ci/plugins/ssh-slaves/1.31.5/ssh-slaves-1.31.5.hpi
[INFO] Downloaded from repo.jenkins-ci.org: https://repo.jenkins-ci.org/public/org/jenkins-ci/plugins/ssh-slaves/1.31.5/ssh-slaves-1.31.5.hpi (99 kB at 144 kB/s)
[INFO] Downloading from repo.jenkins-ci.org: https://repo.jenkins-ci.org/public/org/jenkinsci/plugins/pipeline-model-definition/1.8.5/pipeline-model-definition-1.8.5.hpi
[INFO] Downloaded from repo.jenkins-ci.org: https://repo.jenkins-ci.org/public/org/jenkinsci/plugins/pipeline-model-definition/1.8.5/pipeline-model-definition-1.8.5.hpi (979 kB at 1.7 MB/s)
[INFO] 
[INFO] --- gmavenplus-plugin:1.12.1:compileTests (test-in-groovy) @ warnings-ng ---
[INFO] No sources specified for compilation. Skipping.
[INFO] 
[INFO] --- jacoco-maven-plugin:0.8.7:prepare-agent (default) @ warnings-ng ---
[INFO] argLine set to -javaagent:/home/gabsko/.m2/repository/org/jacoco/org.jacoco.agent/0.8.7/org.jacoco.agent-0.8.7-runtime.jar=destfile=/home/gabsko/breaking-updates/plugin/target/jacoco.exec,includes=io/jenkins/plugins/**/*,excludes=**/JenkinsFacade.*:**/*BlameRunner.*:**/NullAnalysisHistory.* -Djava.awt.headless=true -Xmx1024m -Djenkins.test.timeout=1000
[INFO] 
[INFO] --- maven-surefire-plugin:3.0.0-M4:test (default-test) @ warnings-ng ---
[INFO] 
[INFO] -------------------------------------------------------
[INFO]  T E S T S
[INFO] -------------------------------------------------------
[INFO] Running io.jenkins.plugins.analysis.core.charts.CompositeBuildResultTest
[INFO] Tests run: 6, Failures: 0, Errors: 0, Skipped: 0, Time elapsed: 0.723 s - in io.jenkins.plugins.analysis.core.charts.CompositeBuildResultTest
[INFO] Running io.jenkins.plugins.analysis.core.charts.HealthSeriesBuilderTest
[INFO] Tests run: 8, Failures: 0, Errors: 0, Skipped: 0, Time elapsed: 0.175 s - in io.jenkins.plugins.analysis.core.charts.HealthSeriesBuilderTest
[INFO] Running io.jenkins.plugins.analysis.core.charts.HealthTrendChartTest
[INFO] Tests run: 2, Failures: 0, Errors: 0, Skipped: 0, Time elapsed: 0.23 s - in io.jenkins.plugins.analysis.core.charts.HealthTrendChartTest
[INFO] Running io.jenkins.plugins.analysis.core.charts.NewVersusFixedPieChartTest
[INFO] Tests run: 1, Failures: 0, Errors: 0, Skipped: 0, Time elapsed: 0.121 s - in io.jenkins.plugins.analysis.core.charts.NewVersusFixedPieChartTest
[INFO] Running io.jenkins.plugins.analysis.core.charts.NewVersusFixedSeriesBuilderTest
[INFO] Tests run: 1, Failures: 0, Errors: 0, Skipped: 0, Time elapsed: 0.016 s - in io.jenkins.plugins.analysis.core.charts.NewVersusFixedSeriesBuilderTest
[INFO] Running io.jenkins.plugins.analysis.core.charts.NewVersusFixedTrendChartTest
[INFO] Tests run: 1, Failures: 0, Errors: 0, Skipped: 0, Time elapsed: 0.016 s - in io.jenkins.plugins.analysis.core.charts.NewVersusFixedTrendChartTest
[INFO] Running io.jenkins.plugins.analysis.core.charts.SeverityPieChartTest
[INFO] Tests run: 3, Failures: 0, Errors: 0, Skipped: 0, Time elapsed: 0.01 s - in io.jenkins.plugins.analysis.core.charts.SeverityPieChartTest
[INFO] Running io.jenkins.plugins.analysis.core.charts.SeveritySeriesBuilderTest
[INFO] Tests run: 3, Failures: 0, Errors: 0, Skipped: 0, Time elapsed: 0.018 s - in io.jenkins.plugins.analysis.core.charts.SeveritySeriesBuilderTest
[INFO] Running io.jenkins.plugins.analysis.core.charts.SeverityTrendChartTest
[INFO] Tests run: 5, Failures: 0, Errors: 0, Skipped: 0, Time elapsed: 0.035 s - in io.jenkins.plugins.analysis.core.charts.SeverityTrendChartTest
[INFO] Running io.jenkins.plugins.analysis.core.charts.ToolsTrendChartTest
[INFO] Tests run: 2, Failures: 0, Errors: 0, Skipped: 0, Time elapsed: 0.009 s - in io.jenkins.plugins.analysis.core.charts.ToolsTrendChartTest
[INFO] Running io.jenkins.plugins.analysis.core.columns.IssuesTotalColumnTest
[INFO] Tests run: 11, Failures: 0, Errors: 0, Skipped: 0, Time elapsed: 0.767 s - in io.jenkins.plugins.analysis.core.columns.IssuesTotalColumnTest
[INFO] Running io.jenkins.plugins.analysis.core.filter.RegexpFilterTest
[INFO] Tests run: 14, Failures: 0, Errors: 0, Skipped: 0, Time elapsed: 0.111 s - in io.jenkins.plugins.analysis.core.filter.RegexpFilterTest
[INFO] Running io.jenkins.plugins.analysis.core.model.AggregationActionTest
[INFO] Tests run: 4, Failures: 0, Errors: 0, Skipped: 0, Time elapsed: 0.022 s - in io.jenkins.plugins.analysis.core.model.AggregationActionTest
[INFO] Running io.jenkins.plugins.analysis.core.model.AnalysisHistoryTest
[INFO] Tests run: 35, Failures: 0, Errors: 0, Skipped: 0, Time elapsed: 0.083 s - in io.jenkins.plugins.analysis.core.model.AnalysisHistoryTest
[INFO] Running io.jenkins.plugins.analysis.core.model.AnalysisResultTest
[INFO] Tests run: 1, Failures: 0, Errors: 0, Skipped: 0, Time elapsed: 0.094 s - in io.jenkins.plugins.analysis.core.model.AnalysisResultTest
[INFO] Running io.jenkins.plugins.analysis.core.model.BlamesModelTest
[INFO] Tests run: 3, Failures: 0, Errors: 0, Skipped: 0, Time elapsed: 0.119 s - in io.jenkins.plugins.analysis.core.model.BlamesModelTest
[INFO] Running io.jenkins.plugins.analysis.core.model.ByIdResultSelectorTest
[INFO] Tests run: 6, Failures: 0, Errors: 0, Skipped: 0, Time elapsed: 0.004 s - in io.jenkins.plugins.analysis.core.model.ByIdResultSelectorTest
[INFO] Running io.jenkins.plugins.analysis.core.model.ConsoleDetailTest
[INFO] Tests run: 5, Failures: 0, Errors: 0, Skipped: 0, Time elapsed: 0.009 s - in io.jenkins.plugins.analysis.core.model.ConsoleDetailTest
[INFO] Running io.jenkins.plugins.analysis.core.model.DeltaReportTest
[INFO] Tests run: 3, Failures: 0, Errors: 0, Skipped: 0, Time elapsed: 0.038 s - in io.jenkins.plugins.analysis.core.model.DeltaReportTest
[INFO] Running io.jenkins.plugins.analysis.core.model.DetailFactoryTest
[INFO] Tests run: 14, Failures: 0, Errors: 0, Skipped: 0, Time elapsed: 0.134 s - in io.jenkins.plugins.analysis.core.model.DetailFactoryTest
[INFO] Running io.jenkins.plugins.analysis.core.model.DetailsTableModelTest
[INFO] Tests run: 2, Failures: 0, Errors: 0, Skipped: 0, Time elapsed: 0.005 s - in io.jenkins.plugins.analysis.core.model.DetailsTableModelTest
[INFO] Running io.jenkins.plugins.analysis.core.model.FileNameRendererTest
[INFO] Tests run: 4, Failures: 0, Errors: 0, Skipped: 0, Time elapsed: 0.004 s - in io.jenkins.plugins.analysis.core.model.FileNameRendererTest
[INFO] Running io.jenkins.plugins.analysis.core.model.FixedWarningsDetailTest
[INFO] Tests run: 1, Failures: 0, Errors: 0, Skipped: 0, Time elapsed: 0.005 s - in io.jenkins.plugins.analysis.core.model.FixedWarningsDetailTest
[INFO] Running io.jenkins.plugins.analysis.core.model.ForensicsModelTest
[INFO] Tests run: 3, Failures: 0, Errors: 0, Skipped: 0, Time elapsed: 0.049 s - in io.jenkins.plugins.analysis.core.model.ForensicsModelTest
[INFO] Running io.jenkins.plugins.analysis.core.model.HealthDescriptorTest
[INFO] Tests run: 1, Failures: 0, Errors: 0, Skipped: 0, Time elapsed: 0.002 s - in io.jenkins.plugins.analysis.core.model.HealthDescriptorTest
[INFO] Running io.jenkins.plugins.analysis.core.model.HealthReportBuilderTest
[INFO] Tests run: 10, Failures: 0, Errors: 0, Skipped: 0, Time elapsed: 0.02 s - in io.jenkins.plugins.analysis.core.model.HealthReportBuilderTest
[INFO] Running io.jenkins.plugins.analysis.core.model.IconLabelProviderTest
[INFO] Tests run: 2, Failures: 0, Errors: 0, Skipped: 0, Time elapsed: 0.002 s - in io.jenkins.plugins.analysis.core.model.IconLabelProviderTest
[INFO] Running io.jenkins.plugins.analysis.core.model.IssuesModelTest
[INFO] Tests run: 2, Failures: 0, Errors: 0, Skipped: 0, Time elapsed: 0.013 s - in io.jenkins.plugins.analysis.core.model.IssuesModelTest
[INFO] Running io.jenkins.plugins.analysis.core.model.JobActionTest
[INFO] Tests run: 3, Failures: 0, Errors: 0, Skipped: 0, Time elapsed: 0.066 s - in io.jenkins.plugins.analysis.core.model.JobActionTest
[INFO] Running io.jenkins.plugins.analysis.core.model.PropertyStatisticsTest
[INFO] Tests run: 34, Failures: 0, Errors: 0, Skipped: 0, Time elapsed: 0.023 s - in io.jenkins.plugins.analysis.core.model.PropertyStatisticsTest
[INFO] Running io.jenkins.plugins.analysis.core.model.ReportLocationsTest
[INFO] Tests run: 4, Failures: 0, Errors: 0, Skipped: 0, Time elapsed: 0.004 s - in io.jenkins.plugins.analysis.core.model.ReportLocationsTest
[INFO] Running io.jenkins.plugins.analysis.core.model.ReportXmlStreamTest
[INFO] Tests run: 3, Failures: 0, Errors: 0, Skipped: 0, Time elapsed: 0.133 s - in io.jenkins.plugins.analysis.core.model.ReportXmlStreamTest
[INFO] Running io.jenkins.plugins.analysis.core.model.ResetQualityGateCommandTest
[INFO] Tests run: 7, Failures: 0, Errors: 0, Skipped: 0, Time elapsed: 0.136 s - in io.jenkins.plugins.analysis.core.model.ResetQualityGateCommandTest
[INFO] Running io.jenkins.plugins.analysis.core.model.ResultActionTest
[INFO] Tests run: 2, Failures: 0, Errors: 0, Skipped: 0, Time elapsed: 0.024 s - in io.jenkins.plugins.analysis.core.model.ResultActionTest
[INFO] Running io.jenkins.plugins.analysis.core.model.SourcePrinterTest
[INFO] Tests run: 7, Failures: 0, Errors: 0, Skipped: 0, Time elapsed: 0.082 s - in io.jenkins.plugins.analysis.core.model.SourcePrinterTest
[INFO] Running io.jenkins.plugins.analysis.core.model.StaticAnalysisLabelProviderTest
[INFO] Running io.jenkins.plugins.analysis.core.model.StaticAnalysisLabelProviderTest$AgeBuilderTest
[INFO] Tests run: 3, Failures: 0, Errors: 0, Skipped: 0, Time elapsed: 0.002 s - in io.jenkins.plugins.analysis.core.model.StaticAnalysisLabelProviderTest$AgeBuilderTest
[INFO] Running io.jenkins.plugins.analysis.core.model.StaticAnalysisLabelProviderTest$CompositeLocalizableTest
[INFO] Tests run: 1, Failures: 0, Errors: 0, Skipped: 0, Time elapsed: 0 s - in io.jenkins.plugins.analysis.core.model.StaticAnalysisLabelProviderTest$CompositeLocalizableTest
[INFO] Tests run: 3, Failures: 0, Errors: 0, Skipped: 0, Time elapsed: 0.007 s - in io.jenkins.plugins.analysis.core.model.StaticAnalysisLabelProviderTest
[INFO] Running io.jenkins.plugins.analysis.core.model.SummaryTest
[INFO] Tests run: 20, Failures: 0, Errors: 0, Skipped: 0, Time elapsed: 0.145 s - in io.jenkins.plugins.analysis.core.model.SummaryTest
[INFO] Running io.jenkins.plugins.analysis.core.model.TabLabelProviderTest
[INFO] Tests run: 8, Failures: 0, Errors: 0, Skipped: 0, Time elapsed: 0.032 s - in io.jenkins.plugins.analysis.core.model.TabLabelProviderTest
[INFO] Running io.jenkins.plugins.analysis.core.model.ToolSelectionDescriptorTest
[INFO] Tests run: 5, Failures: 0, Errors: 0, Skipped: 0, Time elapsed: 0.037 s - in io.jenkins.plugins.analysis.core.model.ToolSelectionDescriptorTest
[INFO] Running io.jenkins.plugins.analysis.core.model.WarningsPluginConfigurationTest
[INFO] Tests run: 3, Failures: 0, Errors: 0, Skipped: 0, Time elapsed: 0.025 s - in io.jenkins.plugins.analysis.core.model.WarningsPluginConfigurationTest
[INFO] Running io.jenkins.plugins.analysis.core.portlets.IssuesTablePortletTest
[INFO] Tests run: 10, Failures: 0, Errors: 0, Skipped: 0, Time elapsed: 0.047 s - in io.jenkins.plugins.analysis.core.portlets.IssuesTablePortletTest
[INFO] Running io.jenkins.plugins.analysis.core.steps.AnalysisStepDescriptorTest
[INFO] Tests run: 1, Failures: 0, Errors: 0, Skipped: 0, Time elapsed: 0.066 s - in io.jenkins.plugins.analysis.core.steps.AnalysisStepDescriptorTest
[INFO] Running io.jenkins.plugins.analysis.core.steps.AnnotatedReportTest
[INFO] Tests run: 8, Failures: 0, Errors: 0, Skipped: 0, Time elapsed: 0.015 s - in io.jenkins.plugins.analysis.core.steps.AnnotatedReportTest
[INFO] Running io.jenkins.plugins.analysis.core.steps.IssuesAggregatorTest
[INFO] Tests run: 5, Failures: 0, Errors: 0, Skipped: 0, Time elapsed: 0.447 s - in io.jenkins.plugins.analysis.core.steps.IssuesAggregatorTest
[INFO] Running io.jenkins.plugins.analysis.core.steps.MatrixBridgeTest
[INFO] Tests run: 3, Failures: 0, Errors: 0, Skipped: 0, Time elapsed: 0.19 s - in io.jenkins.plugins.analysis.core.steps.MatrixBridgeTest
[INFO] Running io.jenkins.plugins.analysis.core.tokens.IssuesSizeTokenMacroTest
[INFO] Tests run: 5, Failures: 0, Errors: 0, Skipped: 0, Time elapsed: 0.017 s - in io.jenkins.plugins.analysis.core.tokens.IssuesSizeTokenMacroTest
[INFO] Running io.jenkins.plugins.analysis.core.util.AffectedFilesResolverTest
[INFO] Running io.jenkins.plugins.analysis.core.util.AffectedFilesResolverTest$RemoteFacadeTest
[INFO] Tests run: 2, Failures: 0, Errors: 0, Skipped: 0, Time elapsed: 0.004 s - in io.jenkins.plugins.analysis.core.util.AffectedFilesResolverTest$RemoteFacadeTest
[WARNING] Tests run: 9, Failures: 0, Errors: 0, Skipped: 1, Time elapsed: 0.556 s - in io.jenkins.plugins.analysis.core.util.AffectedFilesResolverTest
[INFO] Running io.jenkins.plugins.analysis.core.util.BlameTest
[INFO] Tests run: 2, Failures: 0, Errors: 0, Skipped: 0, Time elapsed: 0.003 s - in io.jenkins.plugins.analysis.core.util.BlameTest
[INFO] Running io.jenkins.plugins.analysis.core.util.BuildResultNavigatorTest
[INFO] Tests run: 4, Failures: 0, Errors: 0, Skipped: 0, Time elapsed: 0.119 s - in io.jenkins.plugins.analysis.core.util.BuildResultNavigatorTest
[INFO] Running io.jenkins.plugins.analysis.core.util.IssuesStatisticsTest
[INFO] Tests run: 3, Failures: 0, Errors: 0, Skipped: 0, Time elapsed: 0.007 s - in io.jenkins.plugins.analysis.core.util.IssuesStatisticsTest
[INFO] Running io.jenkins.plugins.analysis.core.util.LocalizedSeverityTest
[INFO] Tests run: 2, Failures: 0, Errors: 0, Skipped: 0, Time elapsed: 0.007 s - in io.jenkins.plugins.analysis.core.util.LocalizedSeverityTest
[INFO] Running io.jenkins.plugins.analysis.core.util.LogHandlerTest
[INFO] Tests run: 2, Failures: 0, Errors: 0, Skipped: 0, Time elapsed: 0.013 s - in io.jenkins.plugins.analysis.core.util.LogHandlerTest
[INFO] Running io.jenkins.plugins.analysis.core.util.ModelValidationTest
[INFO] Tests run: 28, Failures: 0, Errors: 0, Skipped: 0, Time elapsed: 0.023 s - in io.jenkins.plugins.analysis.core.util.ModelValidationTest
[INFO] Running io.jenkins.plugins.analysis.core.util.QualityGateEvaluatorTest
[INFO] Tests run: 6, Failures: 0, Errors: 0, Skipped: 0, Time elapsed: 0.011 s - in io.jenkins.plugins.analysis.core.util.QualityGateEvaluatorTest
[INFO] Running io.jenkins.plugins.analysis.core.util.QualityGateStatusTest
[INFO] Tests run: 2, Failures: 0, Errors: 0, Skipped: 0, Time elapsed: 0.001 s - in io.jenkins.plugins.analysis.core.util.QualityGateStatusTest
[INFO] Running io.jenkins.plugins.analysis.core.util.QualityGateTest
[INFO] Tests run: 2, Failures: 0, Errors: 0, Skipped: 0, Time elapsed: 0.003 s - in io.jenkins.plugins.analysis.core.util.QualityGateTest
[INFO] Running io.jenkins.plugins.analysis.core.util.SanitizerTest
[INFO] Tests run: 1, Failures: 0, Errors: 0, Skipped: 0, Time elapsed: 0 s - in io.jenkins.plugins.analysis.core.util.SanitizerTest
[INFO] Running io.jenkins.plugins.analysis.core.util.StageResultHandlerTest
[INFO] Tests run: 2, Failures: 0, Errors: 0, Skipped: 0, Time elapsed: 0.027 s - in io.jenkins.plugins.analysis.core.util.StageResultHandlerTest
[INFO] Running io.jenkins.plugins.analysis.warnings.DryTableModelTest
[INFO] Tests run: 1, Failures: 0, Errors: 0, Skipped: 0, Time elapsed: 0.01 s - in io.jenkins.plugins.analysis.warnings.DryTableModelTest
[INFO] Running io.jenkins.plugins.analysis.warnings.DryThresholdValidationTest
[INFO] Tests run: 8, Failures: 0, Errors: 0, Skipped: 0, Time elapsed: 0.029 s - in io.jenkins.plugins.analysis.warnings.DryThresholdValidationTest
[INFO] Running io.jenkins.plugins.analysis.warnings.axivion.AxivionParserTest
[INFO] Tests run: 9, Failures: 0, Errors: 0, Skipped: 0, Time elapsed: 0.015 s - in io.jenkins.plugins.analysis.warnings.axivion.AxivionParserTest
[INFO] Running io.jenkins.plugins.analysis.warnings.axivion.AxivionSuiteSerializationTest
[INFO] Tests run: 1, Failures: 0, Errors: 0, Skipped: 0, Time elapsed: 0.004 s - in io.jenkins.plugins.analysis.warnings.axivion.AxivionSuiteSerializationTest
[INFO] Running io.jenkins.plugins.analysis.warnings.axivion.AxivionSuiteTest
[INFO] Tests run: 1, Failures: 0, Errors: 0, Skipped: 0, Time elapsed: 0.015 s - in io.jenkins.plugins.analysis.warnings.axivion.AxivionSuiteTest
[INFO] Running io.jenkins.plugins.analysis.warnings.groovy.DynamicDocumentParserTest
[INFO] Tests run: 2, Failures: 0, Errors: 0, Skipped: 0, Time elapsed: 0.558 s - in io.jenkins.plugins.analysis.warnings.groovy.DynamicDocumentParserTest
[INFO] Running io.jenkins.plugins.analysis.warnings.groovy.DynamicLineParserTest
[INFO] Tests run: 3, Failures: 0, Errors: 0, Skipped: 0, Time elapsed: 0.218 s - in io.jenkins.plugins.analysis.warnings.groovy.DynamicLineParserTest
[INFO] Running io.jenkins.plugins.analysis.warnings.groovy.GroovyExpressionMatcherTest
[INFO] Tests run: 6, Failures: 0, Errors: 0, Skipped: 0, Time elapsed: 0.054 s - in io.jenkins.plugins.analysis.warnings.groovy.GroovyExpressionMatcherTest
[INFO] Running io.jenkins.plugins.analysis.warnings.groovy.GroovyParserTest
[INFO] Tests run: 16, Failures: 0, Errors: 0, Skipped: 0, Time elapsed: 0.191 s - in io.jenkins.plugins.analysis.warnings.groovy.GroovyParserTest
[INFO] Running io.jenkins.plugins.analysis.warnings.groovy.ParserConfigurationTest
[INFO] Tests run: 5, Failures: 0, Errors: 0, Skipped: 0, Time elapsed: 0.011 s - in io.jenkins.plugins.analysis.warnings.groovy.ParserConfigurationTest
[INFO] Running io.jenkins.plugins.analysis.warnings.tasks.AgentScannerTest
[INFO] Tests run: 2, Failures: 0, Errors: 0, Skipped: 0, Time elapsed: 0.052 s - in io.jenkins.plugins.analysis.warnings.tasks.AgentScannerTest
[INFO] Running io.jenkins.plugins.analysis.warnings.tasks.TaskScannerTest
[INFO] Tests run: 19, Failures: 0, Errors: 0, Skipped: 0, Time elapsed: 0.018 s - in io.jenkins.plugins.analysis.warnings.tasks.TaskScannerTest
[INFO] Running io.jenkins.plugins.analysis.warnings.PackageArchitectureTest
[INFO] Tests run: 1, Failures: 0, Errors: 0, Skipped: 0, Time elapsed: 2.35 s - in io.jenkins.plugins.analysis.warnings.PackageArchitectureTest
[INFO] Running io.jenkins.plugins.analysis.warnings.PluginArchitectureTest
[INFO] Tests run: 14, Failures: 0, Errors: 0, Skipped: 0, Time elapsed: 1.868 s - in io.jenkins.plugins.analysis.warnings.PluginArchitectureTest
[INFO] 
[INFO] Results:
[INFO] 
[WARNING] Tests run: 441, Failures: 0, Errors: 0, Skipped: 1
[INFO] 
[INFO] 
[INFO] --- animal-sniffer-maven-plugin:1.20:check (check) @ warnings-ng ---
[INFO] Resolved signature org.codehaus.mojo.signature:java18 version as 1.0 from dependencyManagement
[INFO] Checking unresolved references to org.codehaus.mojo.signature:java18:1.0
[INFO] 
[INFO] --------------< io.jenkins.plugins:warnings-ng-ui-tests >---------------
[INFO] Building UI Tests of Warnings Plugin UNVERSIONED                   [2/3]
[INFO] --------------------------------[ jar ]---------------------------------
[INFO] 
[INFO] --- maven-clean-plugin:3.1.0:clean (default-clean) @ warnings-ng-ui-tests ---
[INFO] Deleting /home/gabsko/breaking-updates/ui-tests/target
[INFO] 
[INFO] --- maven-enforcer-plugin:3.0.0-M3:enforce (enforce-java) @ warnings-ng-ui-tests ---
[INFO] 
[INFO] --- maven-resources-plugin:3.2.0:resources (default-resources) @ warnings-ng-ui-tests ---
[INFO] Using 'UTF-8' encoding to copy filtered resources.
[INFO] Using 'UTF-8' encoding to copy filtered properties files.
[INFO] skip non existing resourceDirectory /home/gabsko/breaking-updates/ui-tests/src/main/resources
[INFO] 
[INFO] --- maven-resources-plugin:3.2.0:copy-resources (copy-resources) @ warnings-ng-ui-tests ---
[INFO] Using 'UTF-8' encoding to copy filtered resources.
[INFO] Using 'UTF-8' encoding to copy filtered properties files.
[INFO] Copying 0 resource
[INFO] 
[INFO] --- maven-compiler-plugin:3.8.1:compile (default-compile) @ warnings-ng-ui-tests ---
[INFO] Changes detected - recompiling the module!
[INFO] Compiling 28 source files to /home/gabsko/breaking-updates/ui-tests/target/classes
[WARNING] Unable to autodetect 'javac' path, using 'javac' from the environment.
[WARNING] [path] bad path element "/home/gabsko/.m2/repository/xalan/xalan/2.7.2/xercesImpl.jar": no such file or directory
[WARNING] [path] bad path element "/home/gabsko/.m2/repository/xalan/xalan/2.7.2/xml-apis.jar": no such file or directory
[WARNING] [path] bad path element "/home/gabsko/.m2/repository/xalan/xalan/2.7.2/serializer.jar": no such file or directory
[WARNING] [path] bad path element "/home/gabsko/.m2/repository/xalan/serializer/2.7.2/xml-apis.jar": no such file or directory
[WARNING] [path] bad path element "/home/gabsko/.m2/repository/javax/xml/soap/saaj-api/1.3/jaxp-api.jar": no such file or directory
[WARNING] [path] bad path element "/home/gabsko/.m2/repository/javax/xml/soap/saaj-api/1.3/jax-qname.jar": no such file or directory
[WARNING] [path] bad path element "/home/gabsko/.m2/repository/javax/xml/soap/saaj-api/1.3/activation.jar": no such file or directory
[WARNING] [path] bad path element "/home/gabsko/.m2/repository/javax/xml/soap/saaj-api/1.3/servlet.jar": no such file or directory
[WARNING] [options] bootstrap class path not set in conjunction with -source 8
[WARNING] /home/gabsko/breaking-updates/ui-tests/src/main/java/io/jenkins/plugins/analysis/warnings/ForensicsTableRow.java:[24,28] [UnusedVariable] The field 'A_TAG' is never read.
    (see https://errorprone.info/bugpattern/UnusedVariable)
  Did you mean to remove this line or 'static { By.tagName("a"); }'?
[WARNING] /home/gabsko/breaking-updates/ui-tests/src/main/java/io/jenkins/plugins/analysis/warnings/ForensicsTableRow.java:[22,32] [UnusedVariable] The field 'PACKAGE' is never read.
    (see https://errorprone.info/bugpattern/UnusedVariable)
  Did you mean to remove this line?
[WARNING] /home/gabsko/breaking-updates/ui-tests/src/main/java/io/jenkins/plugins/analysis/warnings/ForensicsTableRow.java:[14,32] [UnusedVariable] The field 'DETAILS' is never read.
    (see https://errorprone.info/bugpattern/UnusedVariable)
  Did you mean to remove this line?
[WARNING] /home/gabsko/breaking-updates/ui-tests/src/main/java/io/jenkins/plugins/analysis/warnings/ForensicsTableRow.java:[42,41] [StringSplitter] String.split(String) has surprising behavior
    (see https://errorprone.info/bugpattern/StringSplitter)
  Did you mean 'return Iterables.get(Splitter.onPattern(FILE_LINE_SEPARATOR).split(getCellContent(FILE)), 0);'?
[WARNING] /home/gabsko/breaking-updates/ui-tests/src/main/java/io/jenkins/plugins/analysis/warnings/ForensicsTable.java:[24,40] [UnusedVariable] The field 'type' is never read.
    (see https://errorprone.info/bugpattern/UnusedVariable)
  Did you mean to remove this line?
[WARNING] /home/gabsko/breaking-updates/ui-tests/src/main/java/io/jenkins/plugins/analysis/warnings/ForensicsTable.java:[24,40] [FieldCanBeLocal] This field can be replaced with a local variable in the methods that use it.
    (see https://errorprone.info/bugpattern/FieldCanBeLocal)
  Did you mean to remove this line?
[WARNING] /home/gabsko/breaking-updates/ui-tests/src/main/java/io/jenkins/plugins/analysis/warnings/BlamesTable.java:[19,49] [UnusedVariable] The field 'type' is never read.
    (see https://errorprone.info/bugpattern/UnusedVariable)
  Did you mean to remove this line?
[WARNING] /home/gabsko/breaking-updates/ui-tests/src/main/java/io/jenkins/plugins/analysis/warnings/BlamesTable.java:[19,49] [FieldCanBeLocal] This field can be replaced with a local variable in the methods that use it.
    (see https://errorprone.info/bugpattern/FieldCanBeLocal)
  Did you mean to remove this line?
[WARNING] /home/gabsko/breaking-updates/ui-tests/src/main/java/io/jenkins/plugins/analysis/warnings/AnalysisResult.java:[104,43] [StringSplitter] String.split(String) has surprising behavior
    (see https://errorprone.info/bugpattern/StringSplitter)
  Did you mean 'return Integer.parseInt(Iterables.get(Splitter.on(' ').split(total), 1));'?
[WARNING] /home/gabsko/breaking-updates/ui-tests/src/main/java/io/jenkins/plugins/analysis/warnings/AnalysisResult.java:[115,43] [StringSplitter] String.split(String) has surprising behavior
    (see https://errorprone.info/bugpattern/StringSplitter)
  Did you mean 'return Integer.parseInt(Iterables.get(Splitter.on(' ').split(total), 2));'?
[WARNING] /home/gabsko/breaking-updates/ui-tests/src/main/java/io/jenkins/plugins/analysis/warnings/SourceView.java:[46,76] [StringSplitter] String.split(String) has surprising behavior
    (see https://errorprone.info/bugpattern/StringSplitter)
  Did you mean 'List<String> headerWords = Splitter.on(' ').splitToList(find(By.tagName("h1")).getText().trim());'?
[WARNING] /home/gabsko/breaking-updates/ui-tests/src/main/java/io/jenkins/plugins/analysis/warnings/BlamesTableRow.java:[19,32] [UnusedVariable] The field 'ADDED' is never read.
    (see https://errorprone.info/bugpattern/UnusedVariable)
  Did you mean to remove this line?
[WARNING] /home/gabsko/breaking-updates/ui-tests/src/main/java/io/jenkins/plugins/analysis/warnings/BlamesTableRow.java:[221,15] [HashCodeToString] Classes that override hashCode should also consider overriding toString.
    (see https://errorprone.info/bugpattern/HashCodeToString)
[WARNING] /home/gabsko/breaking-updates/ui-tests/src/main/java/io/jenkins/plugins/analysis/warnings/BlamesTableRow.java:[41,41] [StringSplitter] String.split(String) has surprising behavior
    (see https://errorprone.info/bugpattern/StringSplitter)
  Did you mean 'return Iterables.get(Splitter.onPattern(FILE_LINE_SEPARATOR).split(getCellContent(FILE)), 0);'?
[WARNING] /home/gabsko/breaking-updates/ui-tests/src/main/java/io/jenkins/plugins/analysis/warnings/BlamesTableRow.java:[65,58] [StringSplitter] String.split(String) has surprising behavior
    (see https://errorprone.info/bugpattern/StringSplitter)
  Did you mean 'return Integer.parseInt(Iterables.get(Splitter.onPattern(FILE_LINE_SEPARATOR).split(getCellContent(FILE)), 1));'?
[WARNING] /home/gabsko/breaking-updates/ui-tests/src/main/java/io/jenkins/plugins/analysis/warnings/DryIssuesTableRow.java:[85,15] [HashCodeToString] Classes that override hashCode should also consider overriding toString.
    (see https://errorprone.info/bugpattern/HashCodeToString)
[WARNING] /home/gabsko/breaking-updates/ui-tests/src/main/java/io/jenkins/plugins/analysis/warnings/IssuesTableRow.java:[236,15] [HashCodeToString] Classes that override hashCode should also consider overriding toString.
    (see https://errorprone.info/bugpattern/HashCodeToString)
[WARNING] /home/gabsko/breaking-updates/ui-tests/src/main/java/io/jenkins/plugins/analysis/warnings/IssuesTableRow.java:[62,41] [StringSplitter] String.split(String) has surprising behavior
    (see https://errorprone.info/bugpattern/StringSplitter)
  Did you mean 'return Iterables.get(Splitter.onPattern(FILE_LINE_SEPARATOR).split(getCellContent(FILE)), 0);'?
[WARNING] /home/gabsko/breaking-updates/ui-tests/src/main/java/io/jenkins/plugins/analysis/warnings/IssuesTableRow.java:[71,58] [StringSplitter] String.split(String) has surprising behavior
    (see https://errorprone.info/bugpattern/StringSplitter)
  Did you mean 'return Integer.parseInt(Iterables.get(Splitter.onPattern(FILE_LINE_SEPARATOR).split(getCellContent(FILE)), 1));'?
[WARNING] /home/gabsko/breaking-updates/ui-tests/src/main/java/io/jenkins/plugins/analysis/warnings/AnalysisSummary.java:[326,23] [FieldCanBeFinal] This field is only assigned during initialization; consider making it final
    (see https://errorprone.info/bugpattern/FieldCanBeFinal)
  Did you mean 'private final String iconName;'?
[WARNING] /home/gabsko/breaking-updates/ui-tests/src/main/java/io/jenkins/plugins/analysis/warnings/AnalysisSummary.java:[326,23] [ImmutableEnumChecker] enums should be immutable: 'InfoType' has non-final field 'iconName'
    (see https://errorprone.info/bugpattern/ImmutableEnumChecker)
  Did you mean 'private final String iconName;'?
[WARNING] /home/gabsko/breaking-updates/ui-tests/src/main/java/io/jenkins/plugins/analysis/warnings/DefaultIssuesTableRow.java:[66,15] [HashCodeToString] Classes that override hashCode should also consider overriding toString.
    (see https://errorprone.info/bugpattern/HashCodeToString)
[INFO] 
[INFO] --- maven-help-plugin:3.2.0:active-profiles (show-profiles) @ warnings-ng-ui-tests ---
[INFO] 
Active Profiles for Project 'io.jenkins.plugins:warnings-ng:hpi:9.6.0-SNAPSHOT':

The following profiles are active:

 - all-tests (source: org.jenkins-ci.plugins:plugin:4.19)



Active Profiles for Project 'io.jenkins.plugins:warnings-ng-ui-tests:jar:UNVERSIONED':

The following profiles are active:




Active Profiles for Project 'io.jenkins.plugins:warnings-ng-parent:pom:UNVERSIONED':

The following profiles are active:




[INFO] 
[INFO] --- assertj-assertions-generator-maven-plugin:2.2.0:generate-assertions (default) @ warnings-ng-ui-tests ---
[INFO] 
[INFO] --- maven-resources-plugin:3.2.0:testResources (default-testResources) @ warnings-ng-ui-tests ---
[INFO] Using 'UTF-8' encoding to copy filtered resources.
[INFO] Using 'UTF-8' encoding to copy filtered properties files.
[INFO] Copying 47 resources
[INFO] 
[INFO] --- maven-compiler-plugin:3.8.1:testCompile (default-testCompile) @ warnings-ng-ui-tests ---
[INFO] Changes detected - recompiling the module!
[INFO] Compiling 55 source files to /home/gabsko/breaking-updates/ui-tests/target/test-classes
[WARNING] Unable to autodetect 'javac' path, using 'javac' from the environment.
[WARNING] [path] bad path element "/home/gabsko/.m2/repository/xalan/xalan/2.7.2/xercesImpl.jar": no such file or directory
[WARNING] [path] bad path element "/home/gabsko/.m2/repository/xalan/xalan/2.7.2/xml-apis.jar": no such file or directory
[WARNING] [path] bad path element "/home/gabsko/.m2/repository/xalan/xalan/2.7.2/serializer.jar": no such file or directory
[WARNING] [path] bad path element "/home/gabsko/.m2/repository/xalan/serializer/2.7.2/xml-apis.jar": no such file or directory
[WARNING] [path] bad path element "/home/gabsko/.m2/repository/javax/xml/soap/saaj-api/1.3/jaxp-api.jar": no such file or directory
[WARNING] [path] bad path element "/home/gabsko/.m2/repository/javax/xml/soap/saaj-api/1.3/jax-qname.jar": no such file or directory
[WARNING] [path] bad path element "/home/gabsko/.m2/repository/javax/xml/soap/saaj-api/1.3/activation.jar": no such file or directory
[WARNING] [path] bad path element "/home/gabsko/.m2/repository/javax/xml/soap/saaj-api/1.3/servlet.jar": no such file or directory
[WARNING] [options] bootstrap class path not set in conjunction with -source 8
[WARNING] /home/gabsko/breaking-updates/ui-tests/target/generated-test-sources/assertj-assertions/io/jenkins/plugins/analysis/warnings/DashboardTableAssert.java:[287,48] [rawtypes] found raw type: Map
  missing type arguments for generic class Map<K,V>
  where K,V are type-variables:
    K extends Object declared in interface Map
    V extends Object declared in interface Map
[WARNING] /home/gabsko/breaking-updates/ui-tests/target/generated-test-sources/assertj-assertions/io/jenkins/plugins/analysis/warnings/DashboardTableAssert.java:[295,13] [rawtypes] found raw type: Map
  missing type arguments for generic class Map<K,V>
  where K,V are type-variables:
    K extends Object declared in interface Map
    V extends Object declared in interface Map
[WARNING] /home/gabsko/breaking-updates/ui-tests/src/test/java/io/jenkins/plugins/analysis/warnings/IssuesColumnUiTest.java:[20,32] [UnusedVariable] The field 'WARNINGS_PLUGIN_PREFIX' is never read.
    (see https://errorprone.info/bugpattern/UnusedVariable)
  Did you mean to remove this line?
[WARNING] /home/gabsko/breaking-updates/ui-tests/src/test/java/io/jenkins/plugins/analysis/warnings/UiTest.java:[367,28] [InconsistentOverloads] The parameters of this method are inconsistent with other overloaded versions. A consistent order would be: createDashboardWithStaticAnalysisPortlet(boolean hideCleanJobs, boolean showIcons, Container container)
    (see https://errorprone.info/bugpattern/InconsistentOverloads)
[WARNING] /home/gabsko/breaking-updates/ui-tests/src/test/java/io/jenkins/plugins/analysis/warnings/GlobalConfigurationUiTest.java:[92,28] [DefaultCharset] Implicit use of the platform default charset, which can result in differing behaviour between JVM executions or incorrect behavior if the encoding of the data source doesn't match expectations.
    (see https://errorprone.info/bugpattern/DefaultCharset)
  Did you mean 'Writer writer = Files.newBufferedWriter(newFile.toPath(), UTF_8);' or 'Writer writer = Files.newBufferedWriter(newFile.toPath(), Charset.defaultCharset());'?
[WARNING] /home/gabsko/breaking-updates/ui-tests/src/test/java/io/jenkins/plugins/analysis/warnings/WarningsPluginUiTest.java:[182,14] [SystemOut] Printing to standard output should only be used for debugging, not in production code
    (see https://errorprone.info/bugpattern/SystemOut)
[WARNING] /home/gabsko/breaking-updates/ui-tests/src/test/java/io/jenkins/plugins/analysis/warnings/WarningsPluginUiTest.java:[183,14] [SystemOut] Printing to standard output should only be used for debugging, not in production code
    (see https://errorprone.info/bugpattern/SystemOut)
[WARNING] /home/gabsko/breaking-updates/ui-tests/src/test/java/io/jenkins/plugins/analysis/warnings/WarningsPluginUiTest.java:[184,14] [SystemOut] Printing to standard output should only be used for debugging, not in production code
    (see https://errorprone.info/bugpattern/SystemOut)
[INFO] 
[INFO] --- jacoco-maven-plugin:0.8.7:prepare-agent (default) @ warnings-ng-ui-tests ---
[INFO] argLine set to -javaagent:/home/gabsko/.m2/repository/org/jacoco/org.jacoco.agent/0.8.7/org.jacoco.agent-0.8.7-runtime.jar=destfile=/home/gabsko/breaking-updates/ui-tests/target/jacoco.exec -Djava.util.logging.config.file=logging.properties
[INFO] 
[INFO] --- maven-surefire-plugin:3.0.0-M4:test (default-test) @ warnings-ng-ui-tests ---
[INFO] 
[INFO] -------------------------------------------------------
[INFO]  T E S T S
[INFO] -------------------------------------------------------
[INFO] Running io.jenkins.plugins.analysis.warnings.SmokeTests
Downloading: https://repo.jenkins-ci.org/public/org/jenkins-ci/main/jenkins-war/2.263.3/jenkins-war-2.263.3.war
Downloaded: https://repo.jenkins-ci.org/public/org/jenkins-ci/main/jenkins-war/2.263.3/jenkins-war-2.263.3.war (65711 KB at 5241.3 KB/sec)
[ERROR] Tests run: 2, Failures: 0, Errors: 2, Skipped: 0, Time elapsed: 14.001 s <<< FAILURE! - in io.jenkins.plugins.analysis.warnings.SmokeTests
[ERROR] io.jenkins.plugins.analysis.warnings.SmokeTests.shouldRecordIssuesInPipelineAndExpandTokens  Time elapsed: 13.825 s  <<< ERROR!
com.google.inject.ProvisionException: 
Unable to provision, see the following errors:

1) Error in custom provider, java.io.IOException: Failed to pull image selenium/standalone-firefox-debug:3.141.59
Got permission denied while trying to connect to the Docker daemon socket at unix:///var/run/docker.sock: Post "http://%2Fvar%2Frun%2Fdocker.sock/v1.24/images/create?fromImage=selenium%2Fstandalone-firefox-debug&tag=3.141.59": dial unix /var/run/docker.sock: connect: permission denied

  at org.jenkinsci.test.acceptance.FallbackConfig.createWebDriver(FallbackConfig.java:306) (via modules: org.jenkinsci.test.acceptance.guice.World -> com.google.inject.util.Modules$OverrideModule -> com.google.inject.util.Modules$OverrideModule -> org.jenkinsci.test.acceptance.FallbackConfig)
  at org.jenkinsci.test.acceptance.FallbackConfig.createWebDriver(FallbackConfig.java:306) (via modules: org.jenkinsci.test.acceptance.guice.World -> com.google.inject.util.Modules$OverrideModule -> com.google.inject.util.Modules$OverrideModule -> org.jenkinsci.test.acceptance.FallbackConfig)
  while locating org.openqa.selenium.WebDriver
    for field at org.jenkinsci.test.acceptance.junit.DiagnosticRule.driver(DiagnosticRule.java:18)
  while locating org.jenkinsci.test.acceptance.junit.DiagnosticRule

1 error
	at com.google.inject.internal.InjectorImpl$2.get(InjectorImpl.java:1025)
	at com.google.inject.internal.InjectorImpl.getInstance(InjectorImpl.java:1051)
	at org.jenkinsci.test.acceptance.junit.JenkinsAcceptanceTestRule$1.addRule(JenkinsAcceptanceTestRule.java:151)
	at org.jenkinsci.test.acceptance.junit.JenkinsAcceptanceTestRule$1.collectGlobalRules(JenkinsAcceptanceTestRule.java:125)
	at org.jenkinsci.test.acceptance.junit.JenkinsAcceptanceTestRule$1.decorateWithRules(JenkinsAcceptanceTestRule.java:92)
	at org.jenkinsci.test.acceptance.junit.JenkinsAcceptanceTestRule$1.evaluate(JenkinsAcceptanceTestRule.java:58)
	at org.junit.runners.ParentRunner$3.evaluate(ParentRunner.java:306)
	at org.junit.runners.BlockJUnit4ClassRunner$1.evaluate(BlockJUnit4ClassRunner.java:100)
	at org.junit.runners.ParentRunner.runLeaf(ParentRunner.java:366)
	at org.junit.runners.BlockJUnit4ClassRunner.runChild(BlockJUnit4ClassRunner.java:103)
	at org.junit.runners.BlockJUnit4ClassRunner.runChild(BlockJUnit4ClassRunner.java:63)
	at org.junit.runners.ParentRunner$4.run(ParentRunner.java:331)
	at org.junit.runners.ParentRunner$1.schedule(ParentRunner.java:79)
	at org.junit.runners.ParentRunner.runChildren(ParentRunner.java:329)
	at org.junit.runners.ParentRunner.access$100(ParentRunner.java:66)
	at org.junit.runners.ParentRunner$2.evaluate(ParentRunner.java:293)
	at org.junit.runners.ParentRunner$3.evaluate(ParentRunner.java:306)
	at org.junit.runners.ParentRunner.run(ParentRunner.java:413)
	at org.junit.runner.JUnitCore.run(JUnitCore.java:137)
	at org.junit.runner.JUnitCore.run(JUnitCore.java:115)
	at org.junit.vintage.engine.execution.RunnerExecutor.execute(RunnerExecutor.java:43)
	at java.base/java.util.stream.ForEachOps$ForEachOp$OfRef.accept(ForEachOps.java:183)
	at java.base/java.util.stream.ReferencePipeline$3$1.accept(ReferencePipeline.java:195)
	at java.base/java.util.Iterator.forEachRemaining(Iterator.java:133)
	at java.base/java.util.Spliterators$IteratorSpliterator.forEachRemaining(Spliterators.java:1801)
	at java.base/java.util.stream.AbstractPipeline.copyInto(AbstractPipeline.java:484)
	at java.base/java.util.stream.AbstractPipeline.wrapAndCopyInto(AbstractPipeline.java:474)
	at java.base/java.util.stream.ForEachOps$ForEachOp.evaluateSequential(ForEachOps.java:150)
	at java.base/java.util.stream.ForEachOps$ForEachOp$OfRef.evaluateSequential(ForEachOps.java:173)
	at java.base/java.util.stream.AbstractPipeline.evaluate(AbstractPipeline.java:234)
	at java.base/java.util.stream.ReferencePipeline.forEach(ReferencePipeline.java:497)
	at org.junit.vintage.engine.VintageTestEngine.executeAllChildren(VintageTestEngine.java:82)
	at org.junit.vintage.engine.VintageTestEngine.execute(VintageTestEngine.java:73)
	at org.junit.platform.launcher.core.EngineExecutionOrchestrator.execute(EngineExecutionOrchestrator.java:108)
	at org.junit.platform.launcher.core.EngineExecutionOrchestrator.execute(EngineExecutionOrchestrator.java:88)
	at org.junit.platform.launcher.core.EngineExecutionOrchestrator.lambda$execute$0(EngineExecutionOrchestrator.java:54)
	at org.junit.platform.launcher.core.EngineExecutionOrchestrator.withInterceptedStreams(EngineExecutionOrchestrator.java:67)
	at org.junit.platform.launcher.core.EngineExecutionOrchestrator.execute(EngineExecutionOrchestrator.java:52)
	at org.junit.platform.launcher.core.DefaultLauncher.execute(DefaultLauncher.java:96)
	at org.junit.platform.launcher.core.DefaultLauncher.execute(DefaultLauncher.java:75)
	at org.apache.maven.surefire.junitplatform.JUnitPlatformProvider.invokeAllTests(JUnitPlatformProvider.java:154)
	at org.apache.maven.surefire.junitplatform.JUnitPlatformProvider.invoke(JUnitPlatformProvider.java:123)
	at org.apache.maven.surefire.booter.ForkedBooter.runSuitesInProcess(ForkedBooter.java:377)
	at org.apache.maven.surefire.booter.ForkedBooter.execute(ForkedBooter.java:138)
	at org.apache.maven.surefire.booter.ForkedBooter.run(ForkedBooter.java:465)
	at org.apache.maven.surefire.booter.ForkedBooter.main(ForkedBooter.java:451)
Caused by: java.io.IOException: Failed to pull image selenium/standalone-firefox-debug:3.141.59
Got permission denied while trying to connect to the Docker daemon socket at unix:///var/run/docker.sock: Post "http://%2Fvar%2Frun%2Fdocker.sock/v1.24/images/create?fromImage=selenium%2Fstandalone-firefox-debug&tag=3.141.59": dial unix /var/run/docker.sock: connect: permission denied

	at org.jenkinsci.utils.process.ProcessInputStream.verifyOrDieWith(ProcessInputStream.java:96)
	at org.jenkinsci.test.acceptance.FallbackConfig.createContainerWebDriver(FallbackConfig.java:212)
	at org.jenkinsci.test.acceptance.FallbackConfig.createWebDriver(FallbackConfig.java:136)
	at org.jenkinsci.test.acceptance.FallbackConfig.createWebDriver(FallbackConfig.java:306)
	at org.jenkinsci.test.acceptance.FallbackConfig$$FastClassByGuice$$1b1c975b.invoke(<generated>)
	at com.google.inject.internal.ProviderMethod$FastClassProviderMethod.doProvision(ProviderMethod.java:272)
	at com.google.inject.internal.ProviderMethod.get(ProviderMethod.java:172)
	at com.google.inject.internal.ProviderInternalFactory.provision(ProviderInternalFactory.java:81)
	at com.google.inject.internal.InternalFactoryToInitializableAdapter.provision(InternalFactoryToInitializableAdapter.java:53)
	at com.google.inject.internal.ProviderInternalFactory.circularGet(ProviderInternalFactory.java:61)
	at com.google.inject.internal.InternalFactoryToInitializableAdapter.get(InternalFactoryToInitializableAdapter.java:45)
	at com.google.inject.internal.ProviderToInternalFactoryAdapter$1.call(ProviderToInternalFactoryAdapter.java:46)
	at com.google.inject.internal.InjectorImpl.callInContext(InjectorImpl.java:1103)
	at com.google.inject.internal.ProviderToInternalFactoryAdapter.get(ProviderToInternalFactoryAdapter.java:40)
	at org.jenkinsci.test.acceptance.guice.TestLifecycle$1.get(TestLifecycle.java:61)
	at com.google.inject.internal.InternalFactoryToProviderAdapter.get(InternalFactoryToProviderAdapter.java:41)
	at com.google.inject.internal.SingleFieldInjector.inject(SingleFieldInjector.java:54)
	at com.google.inject.internal.MembersInjectorImpl.injectMembers(MembersInjectorImpl.java:132)
	at com.google.inject.internal.ConstructorInjector.provision(ConstructorInjector.java:114)
	at com.google.inject.internal.ConstructorInjector.construct(ConstructorInjector.java:85)
	at com.google.inject.internal.ConstructorBindingImpl$Factory.get(ConstructorBindingImpl.java:267)
	at com.google.inject.internal.InjectorImpl$2$1.call(InjectorImpl.java:1016)
	at com.google.inject.internal.InjectorImpl.callInContext(InjectorImpl.java:1092)
	at com.google.inject.internal.InjectorImpl$2.get(InjectorImpl.java:1012)
	... 45 more

[ERROR] io.jenkins.plugins.analysis.warnings.SmokeTests.shouldShowBuildSummaryAndLinkToDetails  Time elapsed: 0.15 s  <<< ERROR!
com.google.inject.ProvisionException: 
Unable to provision, see the following errors:

1) Error in custom provider, java.io.IOException: Failed to pull image selenium/standalone-firefox-debug:3.141.59
Got permission denied while trying to connect to the Docker daemon socket at unix:///var/run/docker.sock: Post "http://%2Fvar%2Frun%2Fdocker.sock/v1.24/images/create?fromImage=selenium%2Fstandalone-firefox-debug&tag=3.141.59": dial unix /var/run/docker.sock: connect: permission denied

  at org.jenkinsci.test.acceptance.FallbackConfig.createWebDriver(FallbackConfig.java:306) (via modules: org.jenkinsci.test.acceptance.guice.World -> com.google.inject.util.Modules$OverrideModule -> com.google.inject.util.Modules$OverrideModule -> org.jenkinsci.test.acceptance.FallbackConfig)
  at org.jenkinsci.test.acceptance.FallbackConfig.createWebDriver(FallbackConfig.java:306) (via modules: org.jenkinsci.test.acceptance.guice.World -> com.google.inject.util.Modules$OverrideModule -> com.google.inject.util.Modules$OverrideModule -> org.jenkinsci.test.acceptance.FallbackConfig)
  while locating org.openqa.selenium.WebDriver
    for field at org.jenkinsci.test.acceptance.junit.DiagnosticRule.driver(DiagnosticRule.java:18)
  while locating org.jenkinsci.test.acceptance.junit.DiagnosticRule

1 error
	at com.google.inject.internal.InjectorImpl$2.get(InjectorImpl.java:1025)
	at com.google.inject.internal.InjectorImpl.getInstance(InjectorImpl.java:1051)
	at org.jenkinsci.test.acceptance.junit.JenkinsAcceptanceTestRule$1.addRule(JenkinsAcceptanceTestRule.java:151)
	at org.jenkinsci.test.acceptance.junit.JenkinsAcceptanceTestRule$1.collectGlobalRules(JenkinsAcceptanceTestRule.java:125)
	at org.jenkinsci.test.acceptance.junit.JenkinsAcceptanceTestRule$1.decorateWithRules(JenkinsAcceptanceTestRule.java:92)
	at org.jenkinsci.test.acceptance.junit.JenkinsAcceptanceTestRule$1.evaluate(JenkinsAcceptanceTestRule.java:58)
	at org.junit.runners.ParentRunner$3.evaluate(ParentRunner.java:306)
	at org.junit.runners.BlockJUnit4ClassRunner$1.evaluate(BlockJUnit4ClassRunner.java:100)
	at org.junit.runners.ParentRunner.runLeaf(ParentRunner.java:366)
	at org.junit.runners.BlockJUnit4ClassRunner.runChild(BlockJUnit4ClassRunner.java:103)
	at org.junit.runners.BlockJUnit4ClassRunner.runChild(BlockJUnit4ClassRunner.java:63)
	at org.junit.runners.ParentRunner$4.run(ParentRunner.java:331)
	at org.junit.runners.ParentRunner$1.schedule(ParentRunner.java:79)
	at org.junit.runners.ParentRunner.runChildren(ParentRunner.java:329)
	at org.junit.runners.ParentRunner.access$100(ParentRunner.java:66)
	at org.junit.runners.ParentRunner$2.evaluate(ParentRunner.java:293)
	at org.junit.runners.ParentRunner$3.evaluate(ParentRunner.java:306)
	at org.junit.runners.ParentRunner.run(ParentRunner.java:413)
	at org.junit.runner.JUnitCore.run(JUnitCore.java:137)
	at org.junit.runner.JUnitCore.run(JUnitCore.java:115)
	at org.junit.vintage.engine.execution.RunnerExecutor.execute(RunnerExecutor.java:43)
	at java.base/java.util.stream.ForEachOps$ForEachOp$OfRef.accept(ForEachOps.java:183)
	at java.base/java.util.stream.ReferencePipeline$3$1.accept(ReferencePipeline.java:195)
	at java.base/java.util.Iterator.forEachRemaining(Iterator.java:133)
	at java.base/java.util.Spliterators$IteratorSpliterator.forEachRemaining(Spliterators.java:1801)
	at java.base/java.util.stream.AbstractPipeline.copyInto(AbstractPipeline.java:484)
	at java.base/java.util.stream.AbstractPipeline.wrapAndCopyInto(AbstractPipeline.java:474)
	at java.base/java.util.stream.ForEachOps$ForEachOp.evaluateSequential(ForEachOps.java:150)
	at java.base/java.util.stream.ForEachOps$ForEachOp$OfRef.evaluateSequential(ForEachOps.java:173)
	at java.base/java.util.stream.AbstractPipeline.evaluate(AbstractPipeline.java:234)
	at java.base/java.util.stream.ReferencePipeline.forEach(ReferencePipeline.java:497)
	at org.junit.vintage.engine.VintageTestEngine.executeAllChildren(VintageTestEngine.java:82)
	at org.junit.vintage.engine.VintageTestEngine.execute(VintageTestEngine.java:73)
	at org.junit.platform.launcher.core.EngineExecutionOrchestrator.execute(EngineExecutionOrchestrator.java:108)
	at org.junit.platform.launcher.core.EngineExecutionOrchestrator.execute(EngineExecutionOrchestrator.java:88)
	at org.junit.platform.launcher.core.EngineExecutionOrchestrator.lambda$execute$0(EngineExecutionOrchestrator.java:54)
	at org.junit.platform.launcher.core.EngineExecutionOrchestrator.withInterceptedStreams(EngineExecutionOrchestrator.java:67)
	at org.junit.platform.launcher.core.EngineExecutionOrchestrator.execute(EngineExecutionOrchestrator.java:52)
	at org.junit.platform.launcher.core.DefaultLauncher.execute(DefaultLauncher.java:96)
	at org.junit.platform.launcher.core.DefaultLauncher.execute(DefaultLauncher.java:75)
	at org.apache.maven.surefire.junitplatform.JUnitPlatformProvider.invokeAllTests(JUnitPlatformProvider.java:154)
	at org.apache.maven.surefire.junitplatform.JUnitPlatformProvider.invoke(JUnitPlatformProvider.java:123)
	at org.apache.maven.surefire.booter.ForkedBooter.runSuitesInProcess(ForkedBooter.java:377)
	at org.apache.maven.surefire.booter.ForkedBooter.execute(ForkedBooter.java:138)
	at org.apache.maven.surefire.booter.ForkedBooter.run(ForkedBooter.java:465)
	at org.apache.maven.surefire.booter.ForkedBooter.main(ForkedBooter.java:451)
Caused by: java.io.IOException: Failed to pull image selenium/standalone-firefox-debug:3.141.59
Got permission denied while trying to connect to the Docker daemon socket at unix:///var/run/docker.sock: Post "http://%2Fvar%2Frun%2Fdocker.sock/v1.24/images/create?fromImage=selenium%2Fstandalone-firefox-debug&tag=3.141.59": dial unix /var/run/docker.sock: connect: permission denied

	at org.jenkinsci.utils.process.ProcessInputStream.verifyOrDieWith(ProcessInputStream.java:96)
	at org.jenkinsci.test.acceptance.FallbackConfig.createContainerWebDriver(FallbackConfig.java:212)
	at org.jenkinsci.test.acceptance.FallbackConfig.createWebDriver(FallbackConfig.java:136)
	at org.jenkinsci.test.acceptance.FallbackConfig.createWebDriver(FallbackConfig.java:306)
	at org.jenkinsci.test.acceptance.FallbackConfig$$FastClassByGuice$$1b1c975b.invoke(<generated>)
	at com.google.inject.internal.ProviderMethod$FastClassProviderMethod.doProvision(ProviderMethod.java:272)
	at com.google.inject.internal.ProviderMethod.get(ProviderMethod.java:172)
	at com.google.inject.internal.ProviderInternalFactory.provision(ProviderInternalFactory.java:81)
	at com.google.inject.internal.InternalFactoryToInitializableAdapter.provision(InternalFactoryToInitializableAdapter.java:53)
	at com.google.inject.internal.ProviderInternalFactory.circularGet(ProviderInternalFactory.java:61)
	at com.google.inject.internal.InternalFactoryToInitializableAdapter.get(InternalFactoryToInitializableAdapter.java:45)
	at com.google.inject.internal.ProviderToInternalFactoryAdapter$1.call(ProviderToInternalFactoryAdapter.java:46)
	at com.google.inject.internal.InjectorImpl.callInContext(InjectorImpl.java:1103)
	at com.google.inject.internal.ProviderToInternalFactoryAdapter.get(ProviderToInternalFactoryAdapter.java:40)
	at org.jenkinsci.test.acceptance.guice.TestLifecycle$1.get(TestLifecycle.java:61)
	at com.google.inject.internal.InternalFactoryToProviderAdapter.get(InternalFactoryToProviderAdapter.java:41)
	at com.google.inject.internal.SingleFieldInjector.inject(SingleFieldInjector.java:54)
	at com.google.inject.internal.MembersInjectorImpl.injectMembers(MembersInjectorImpl.java:132)
	at com.google.inject.internal.ConstructorInjector.provision(ConstructorInjector.java:114)
	at com.google.inject.internal.ConstructorInjector.construct(ConstructorInjector.java:85)
	at com.google.inject.internal.ConstructorBindingImpl$Factory.get(ConstructorBindingImpl.java:267)
	at com.google.inject.internal.InjectorImpl$2$1.call(InjectorImpl.java:1016)
	at com.google.inject.internal.InjectorImpl.callInContext(InjectorImpl.java:1092)
	at com.google.inject.internal.InjectorImpl$2.get(InjectorImpl.java:1012)
	... 45 more

[INFO] Running io.jenkins.plugins.analysis.warnings.SmokeTests
[ERROR] Tests run: 2, Failures: 0, Errors: 2, Skipped: 0, Time elapsed: 0.306 s <<< FAILURE! - in io.jenkins.plugins.analysis.warnings.SmokeTests
[ERROR] io.jenkins.plugins.analysis.warnings.SmokeTests.shouldRecordIssuesInPipelineAndExpandTokens  Time elapsed: 0.145 s  <<< ERROR!
com.google.inject.ProvisionException: 
Unable to provision, see the following errors:

1) Error in custom provider, java.io.IOException: Failed to pull image selenium/standalone-firefox-debug:3.141.59
Got permission denied while trying to connect to the Docker daemon socket at unix:///var/run/docker.sock: Post "http://%2Fvar%2Frun%2Fdocker.sock/v1.24/images/create?fromImage=selenium%2Fstandalone-firefox-debug&tag=3.141.59": dial unix /var/run/docker.sock: connect: permission denied

  at org.jenkinsci.test.acceptance.FallbackConfig.createWebDriver(FallbackConfig.java:306) (via modules: org.jenkinsci.test.acceptance.guice.World -> com.google.inject.util.Modules$OverrideModule -> com.google.inject.util.Modules$OverrideModule -> org.jenkinsci.test.acceptance.FallbackConfig)
  at org.jenkinsci.test.acceptance.FallbackConfig.createWebDriver(FallbackConfig.java:306) (via modules: org.jenkinsci.test.acceptance.guice.World -> com.google.inject.util.Modules$OverrideModule -> com.google.inject.util.Modules$OverrideModule -> org.jenkinsci.test.acceptance.FallbackConfig)
  while locating org.openqa.selenium.WebDriver
    for field at org.jenkinsci.test.acceptance.junit.DiagnosticRule.driver(DiagnosticRule.java:18)
  while locating org.jenkinsci.test.acceptance.junit.DiagnosticRule

1 error
	at com.google.inject.internal.InjectorImpl$2.get(InjectorImpl.java:1025)
	at com.google.inject.internal.InjectorImpl.getInstance(InjectorImpl.java:1051)
	at org.jenkinsci.test.acceptance.junit.JenkinsAcceptanceTestRule$1.addRule(JenkinsAcceptanceTestRule.java:151)
	at org.jenkinsci.test.acceptance.junit.JenkinsAcceptanceTestRule$1.collectGlobalRules(JenkinsAcceptanceTestRule.java:125)
	at org.jenkinsci.test.acceptance.junit.JenkinsAcceptanceTestRule$1.decorateWithRules(JenkinsAcceptanceTestRule.java:92)
	at org.jenkinsci.test.acceptance.junit.JenkinsAcceptanceTestRule$1.evaluate(JenkinsAcceptanceTestRule.java:58)
	at org.junit.runners.ParentRunner$3.evaluate(ParentRunner.java:306)
	at org.junit.runners.BlockJUnit4ClassRunner$1.evaluate(BlockJUnit4ClassRunner.java:100)
	at org.junit.runners.ParentRunner.runLeaf(ParentRunner.java:366)
	at org.junit.runners.BlockJUnit4ClassRunner.runChild(BlockJUnit4ClassRunner.java:103)
	at org.junit.runners.BlockJUnit4ClassRunner.runChild(BlockJUnit4ClassRunner.java:63)
	at org.junit.runners.ParentRunner$4.run(ParentRunner.java:331)
	at org.junit.runners.ParentRunner$1.schedule(ParentRunner.java:79)
	at org.junit.runners.ParentRunner.runChildren(ParentRunner.java:329)
	at org.junit.runners.ParentRunner.access$100(ParentRunner.java:66)
	at org.junit.runners.ParentRunner$2.evaluate(ParentRunner.java:293)
	at org.junit.runners.ParentRunner$3.evaluate(ParentRunner.java:306)
	at org.junit.runners.ParentRunner.run(ParentRunner.java:413)
	at org.junit.runner.JUnitCore.run(JUnitCore.java:137)
	at org.junit.runner.JUnitCore.run(JUnitCore.java:115)
	at org.junit.vintage.engine.execution.RunnerExecutor.execute(RunnerExecutor.java:43)
	at java.base/java.util.stream.ForEachOps$ForEachOp$OfRef.accept(ForEachOps.java:183)
	at java.base/java.util.stream.ReferencePipeline$3$1.accept(ReferencePipeline.java:195)
	at java.base/java.util.Iterator.forEachRemaining(Iterator.java:133)
	at java.base/java.util.Spliterators$IteratorSpliterator.forEachRemaining(Spliterators.java:1801)
	at java.base/java.util.stream.AbstractPipeline.copyInto(AbstractPipeline.java:484)
	at java.base/java.util.stream.AbstractPipeline.wrapAndCopyInto(AbstractPipeline.java:474)
	at java.base/java.util.stream.ForEachOps$ForEachOp.evaluateSequential(ForEachOps.java:150)
	at java.base/java.util.stream.ForEachOps$ForEachOp$OfRef.evaluateSequential(ForEachOps.java:173)
	at java.base/java.util.stream.AbstractPipeline.evaluate(AbstractPipeline.java:234)
	at java.base/java.util.stream.ReferencePipeline.forEach(ReferencePipeline.java:497)
	at org.junit.vintage.engine.VintageTestEngine.executeAllChildren(VintageTestEngine.java:82)
	at org.junit.vintage.engine.VintageTestEngine.execute(VintageTestEngine.java:73)
	at org.junit.platform.launcher.core.EngineExecutionOrchestrator.execute(EngineExecutionOrchestrator.java:108)
	at org.junit.platform.launcher.core.EngineExecutionOrchestrator.execute(EngineExecutionOrchestrator.java:88)
	at org.junit.platform.launcher.core.EngineExecutionOrchestrator.lambda$execute$0(EngineExecutionOrchestrator.java:54)
	at org.junit.platform.launcher.core.EngineExecutionOrchestrator.withInterceptedStreams(EngineExecutionOrchestrator.java:67)
	at org.junit.platform.launcher.core.EngineExecutionOrchestrator.execute(EngineExecutionOrchestrator.java:52)
	at org.junit.platform.launcher.core.DefaultLauncher.execute(DefaultLauncher.java:96)
	at org.junit.platform.launcher.core.DefaultLauncher.execute(DefaultLauncher.java:75)
	at org.apache.maven.surefire.junitplatform.JUnitPlatformProvider.invokeAllTests(JUnitPlatformProvider.java:165)
	at org.apache.maven.surefire.junitplatform.JUnitPlatformProvider.invoke(JUnitPlatformProvider.java:123)
	at org.apache.maven.surefire.booter.ForkedBooter.runSuitesInProcess(ForkedBooter.java:377)
	at org.apache.maven.surefire.booter.ForkedBooter.execute(ForkedBooter.java:138)
	at org.apache.maven.surefire.booter.ForkedBooter.run(ForkedBooter.java:465)
	at org.apache.maven.surefire.booter.ForkedBooter.main(ForkedBooter.java:451)
Caused by: java.io.IOException: Failed to pull image selenium/standalone-firefox-debug:3.141.59
Got permission denied while trying to connect to the Docker daemon socket at unix:///var/run/docker.sock: Post "http://%2Fvar%2Frun%2Fdocker.sock/v1.24/images/create?fromImage=selenium%2Fstandalone-firefox-debug&tag=3.141.59": dial unix /var/run/docker.sock: connect: permission denied

	at org.jenkinsci.utils.process.ProcessInputStream.verifyOrDieWith(ProcessInputStream.java:96)
	at org.jenkinsci.test.acceptance.FallbackConfig.createContainerWebDriver(FallbackConfig.java:212)
	at org.jenkinsci.test.acceptance.FallbackConfig.createWebDriver(FallbackConfig.java:136)
	at org.jenkinsci.test.acceptance.FallbackConfig.createWebDriver(FallbackConfig.java:306)
	at org.jenkinsci.test.acceptance.FallbackConfig$$FastClassByGuice$$1b1c975b.invoke(<generated>)
	at com.google.inject.internal.ProviderMethod$FastClassProviderMethod.doProvision(ProviderMethod.java:272)
	at com.google.inject.internal.ProviderMethod.get(ProviderMethod.java:172)
	at com.google.inject.internal.ProviderInternalFactory.provision(ProviderInternalFactory.java:81)
	at com.google.inject.internal.InternalFactoryToInitializableAdapter.provision(InternalFactoryToInitializableAdapter.java:53)
	at com.google.inject.internal.ProviderInternalFactory.circularGet(ProviderInternalFactory.java:61)
	at com.google.inject.internal.InternalFactoryToInitializableAdapter.get(InternalFactoryToInitializableAdapter.java:45)
	at com.google.inject.internal.ProviderToInternalFactoryAdapter$1.call(ProviderToInternalFactoryAdapter.java:46)
	at com.google.inject.internal.InjectorImpl.callInContext(InjectorImpl.java:1103)
	at com.google.inject.internal.ProviderToInternalFactoryAdapter.get(ProviderToInternalFactoryAdapter.java:40)
	at org.jenkinsci.test.acceptance.guice.TestLifecycle$1.get(TestLifecycle.java:61)
	at com.google.inject.internal.InternalFactoryToProviderAdapter.get(InternalFactoryToProviderAdapter.java:41)
	at com.google.inject.internal.SingleFieldInjector.inject(SingleFieldInjector.java:54)
	at com.google.inject.internal.MembersInjectorImpl.injectMembers(MembersInjectorImpl.java:132)
	at com.google.inject.internal.ConstructorInjector.provision(ConstructorInjector.java:114)
	at com.google.inject.internal.ConstructorInjector.construct(ConstructorInjector.java:85)
	at com.google.inject.internal.ConstructorBindingImpl$Factory.get(ConstructorBindingImpl.java:267)
	at com.google.inject.internal.InjectorImpl$2$1.call(InjectorImpl.java:1016)
	at com.google.inject.internal.InjectorImpl.callInContext(InjectorImpl.java:1092)
	at com.google.inject.internal.InjectorImpl$2.get(InjectorImpl.java:1012)
	... 45 more

[ERROR] io.jenkins.plugins.analysis.warnings.SmokeTests.shouldShowBuildSummaryAndLinkToDetails  Time elapsed: 0.153 s  <<< ERROR!
com.google.inject.ProvisionException: 
Unable to provision, see the following errors:

1) Error in custom provider, java.io.IOException: Failed to pull image selenium/standalone-firefox-debug:3.141.59
Got permission denied while trying to connect to the Docker daemon socket at unix:///var/run/docker.sock: Post "http://%2Fvar%2Frun%2Fdocker.sock/v1.24/images/create?fromImage=selenium%2Fstandalone-firefox-debug&tag=3.141.59": dial unix /var/run/docker.sock: connect: permission denied

  at org.jenkinsci.test.acceptance.FallbackConfig.createWebDriver(FallbackConfig.java:306) (via modules: org.jenkinsci.test.acceptance.guice.World -> com.google.inject.util.Modules$OverrideModule -> com.google.inject.util.Modules$OverrideModule -> org.jenkinsci.test.acceptance.FallbackConfig)
  at org.jenkinsci.test.acceptance.FallbackConfig.createWebDriver(FallbackConfig.java:306) (via modules: org.jenkinsci.test.acceptance.guice.World -> com.google.inject.util.Modules$OverrideModule -> com.google.inject.util.Modules$OverrideModule -> org.jenkinsci.test.acceptance.FallbackConfig)
  while locating org.openqa.selenium.WebDriver
    for field at org.jenkinsci.test.acceptance.junit.DiagnosticRule.driver(DiagnosticRule.java:18)
  while locating org.jenkinsci.test.acceptance.junit.DiagnosticRule

1 error
	at com.google.inject.internal.InjectorImpl$2.get(InjectorImpl.java:1025)
	at com.google.inject.internal.InjectorImpl.getInstance(InjectorImpl.java:1051)
	at org.jenkinsci.test.acceptance.junit.JenkinsAcceptanceTestRule$1.addRule(JenkinsAcceptanceTestRule.java:151)
	at org.jenkinsci.test.acceptance.junit.JenkinsAcceptanceTestRule$1.collectGlobalRules(JenkinsAcceptanceTestRule.java:125)
	at org.jenkinsci.test.acceptance.junit.JenkinsAcceptanceTestRule$1.decorateWithRules(JenkinsAcceptanceTestRule.java:92)
	at org.jenkinsci.test.acceptance.junit.JenkinsAcceptanceTestRule$1.evaluate(JenkinsAcceptanceTestRule.java:58)
	at org.junit.runners.ParentRunner$3.evaluate(ParentRunner.java:306)
	at org.junit.runners.BlockJUnit4ClassRunner$1.evaluate(BlockJUnit4ClassRunner.java:100)
	at org.junit.runners.ParentRunner.runLeaf(ParentRunner.java:366)
	at org.junit.runners.BlockJUnit4ClassRunner.runChild(BlockJUnit4ClassRunner.java:103)
	at org.junit.runners.BlockJUnit4ClassRunner.runChild(BlockJUnit4ClassRunner.java:63)
	at org.junit.runners.ParentRunner$4.run(ParentRunner.java:331)
	at org.junit.runners.ParentRunner$1.schedule(ParentRunner.java:79)
	at org.junit.runners.ParentRunner.runChildren(ParentRunner.java:329)
	at org.junit.runners.ParentRunner.access$100(ParentRunner.java:66)
	at org.junit.runners.ParentRunner$2.evaluate(ParentRunner.java:293)
	at org.junit.runners.ParentRunner$3.evaluate(ParentRunner.java:306)
	at org.junit.runners.ParentRunner.run(ParentRunner.java:413)
	at org.junit.runner.JUnitCore.run(JUnitCore.java:137)
	at org.junit.runner.JUnitCore.run(JUnitCore.java:115)
	at org.junit.vintage.engine.execution.RunnerExecutor.execute(RunnerExecutor.java:43)
	at java.base/java.util.stream.ForEachOps$ForEachOp$OfRef.accept(ForEachOps.java:183)
	at java.base/java.util.stream.ReferencePipeline$3$1.accept(ReferencePipeline.java:195)
	at java.base/java.util.Iterator.forEachRemaining(Iterator.java:133)
	at java.base/java.util.Spliterators$IteratorSpliterator.forEachRemaining(Spliterators.java:1801)
	at java.base/java.util.stream.AbstractPipeline.copyInto(AbstractPipeline.java:484)
	at java.base/java.util.stream.AbstractPipeline.wrapAndCopyInto(AbstractPipeline.java:474)
	at java.base/java.util.stream.ForEachOps$ForEachOp.evaluateSequential(ForEachOps.java:150)
	at java.base/java.util.stream.ForEachOps$ForEachOp$OfRef.evaluateSequential(ForEachOps.java:173)
	at java.base/java.util.stream.AbstractPipeline.evaluate(AbstractPipeline.java:234)
	at java.base/java.util.stream.ReferencePipeline.forEach(ReferencePipeline.java:497)
	at org.junit.vintage.engine.VintageTestEngine.executeAllChildren(VintageTestEngine.java:82)
	at org.junit.vintage.engine.VintageTestEngine.execute(VintageTestEngine.java:73)
	at org.junit.platform.launcher.core.EngineExecutionOrchestrator.execute(EngineExecutionOrchestrator.java:108)
	at org.junit.platform.launcher.core.EngineExecutionOrchestrator.execute(EngineExecutionOrchestrator.java:88)
	at org.junit.platform.launcher.core.EngineExecutionOrchestrator.lambda$execute$0(EngineExecutionOrchestrator.java:54)
	at org.junit.platform.launcher.core.EngineExecutionOrchestrator.withInterceptedStreams(EngineExecutionOrchestrator.java:67)
	at org.junit.platform.launcher.core.EngineExecutionOrchestrator.execute(EngineExecutionOrchestrator.java:52)
	at org.junit.platform.launcher.core.DefaultLauncher.execute(DefaultLauncher.java:96)
	at org.junit.platform.launcher.core.DefaultLauncher.execute(DefaultLauncher.java:75)
	at org.apache.maven.surefire.junitplatform.JUnitPlatformProvider.invokeAllTests(JUnitPlatformProvider.java:165)
	at org.apache.maven.surefire.junitplatform.JUnitPlatformProvider.invoke(JUnitPlatformProvider.java:123)
	at org.apache.maven.surefire.booter.ForkedBooter.runSuitesInProcess(ForkedBooter.java:377)
	at org.apache.maven.surefire.booter.ForkedBooter.execute(ForkedBooter.java:138)
	at org.apache.maven.surefire.booter.ForkedBooter.run(ForkedBooter.java:465)
	at org.apache.maven.surefire.booter.ForkedBooter.main(ForkedBooter.java:451)
Caused by: java.io.IOException: Failed to pull image selenium/standalone-firefox-debug:3.141.59
Got permission denied while trying to connect to the Docker daemon socket at unix:///var/run/docker.sock: Post "http://%2Fvar%2Frun%2Fdocker.sock/v1.24/images/create?fromImage=selenium%2Fstandalone-firefox-debug&tag=3.141.59": dial unix /var/run/docker.sock: connect: permission denied

	at org.jenkinsci.utils.process.ProcessInputStream.verifyOrDieWith(ProcessInputStream.java:96)
	at org.jenkinsci.test.acceptance.FallbackConfig.createContainerWebDriver(FallbackConfig.java:212)
	at org.jenkinsci.test.acceptance.FallbackConfig.createWebDriver(FallbackConfig.java:136)
	at org.jenkinsci.test.acceptance.FallbackConfig.createWebDriver(FallbackConfig.java:306)
	at org.jenkinsci.test.acceptance.FallbackConfig$$FastClassByGuice$$1b1c975b.invoke(<generated>)
	at com.google.inject.internal.ProviderMethod$FastClassProviderMethod.doProvision(ProviderMethod.java:272)
	at com.google.inject.internal.ProviderMethod.get(ProviderMethod.java:172)
	at com.google.inject.internal.ProviderInternalFactory.provision(ProviderInternalFactory.java:81)
	at com.google.inject.internal.InternalFactoryToInitializableAdapter.provision(InternalFactoryToInitializableAdapter.java:53)
	at com.google.inject.internal.ProviderInternalFactory.circularGet(ProviderInternalFactory.java:61)
	at com.google.inject.internal.InternalFactoryToInitializableAdapter.get(InternalFactoryToInitializableAdapter.java:45)
	at com.google.inject.internal.ProviderToInternalFactoryAdapter$1.call(ProviderToInternalFactoryAdapter.java:46)
	at com.google.inject.internal.InjectorImpl.callInContext(InjectorImpl.java:1103)
	at com.google.inject.internal.ProviderToInternalFactoryAdapter.get(ProviderToInternalFactoryAdapter.java:40)
	at org.jenkinsci.test.acceptance.guice.TestLifecycle$1.get(TestLifecycle.java:61)
	at com.google.inject.internal.InternalFactoryToProviderAdapter.get(InternalFactoryToProviderAdapter.java:41)
	at com.google.inject.internal.SingleFieldInjector.inject(SingleFieldInjector.java:54)
	at com.google.inject.internal.MembersInjectorImpl.injectMembers(MembersInjectorImpl.java:132)
	at com.google.inject.internal.ConstructorInjector.provision(ConstructorInjector.java:114)
	at com.google.inject.internal.ConstructorInjector.construct(ConstructorInjector.java:85)
	at com.google.inject.internal.ConstructorBindingImpl$Factory.get(ConstructorBindingImpl.java:267)
	at com.google.inject.internal.InjectorImpl$2$1.call(InjectorImpl.java:1016)
	at com.google.inject.internal.InjectorImpl.callInContext(InjectorImpl.java:1092)
	at com.google.inject.internal.InjectorImpl$2.get(InjectorImpl.java:1012)
	... 45 more

[INFO] 
[INFO] Results:
[INFO] 
[ERROR] Errors: 
[ERROR] io.jenkins.plugins.analysis.warnings.SmokeTests.shouldRecordIssuesInPipelineAndExpandTokens
[ERROR]   Run 1: SmokeTests.shouldRecordIssuesInPipelineAndExpandTokens  Provision Unable to p...
[ERROR]   Run 2: SmokeTests.shouldRecordIssuesInPipelineAndExpandTokens  Provision Unable to p...
[INFO] 
[ERROR] io.jenkins.plugins.analysis.warnings.SmokeTests.shouldShowBuildSummaryAndLinkToDetails
[ERROR]   Run 1: SmokeTests.shouldShowBuildSummaryAndLinkToDetails  Provision Unable to provis...
[ERROR]   Run 2: SmokeTests.shouldShowBuildSummaryAndLinkToDetails  Provision Unable to provis...
[INFO] 
[INFO] 
[ERROR] Tests run: 2, Failures: 0, Errors: 2, Skipped: 0
[INFO] 
[INFO] ------------------------------------------------------------------------
[INFO] Reactor Summary:
[INFO] 
[INFO] Warnings Next Generation Plugin 9.6.0-SNAPSHOT ..... SUCCESS [ 50.807 s]
[INFO] UI Tests of Warnings Plugin UNVERSIONED ............ FAILURE [ 26.455 s]
[INFO] Aggregator for Warnings Plugin UNVERSIONED ......... SKIPPED
[INFO] ------------------------------------------------------------------------
[INFO] BUILD FAILURE
[INFO] ------------------------------------------------------------------------
[INFO] Total time:  01:18 min
[INFO] Finished at: 2023-01-30T14:43:37Z
[INFO] ------------------------------------------------------------------------
[ERROR] Failed to execute goal org.apache.maven.plugins:maven-surefire-plugin:3.0.0-M4:test (default-test) on project warnings-ng-ui-tests: There are test failures.
[ERROR] 
[ERROR] Please refer to /home/gabsko/breaking-updates/ui-tests/target/surefire-reports for the individual test results.
[ERROR] Please refer to dump files (if any exist) [date].dump, [date]-jvmRun[N].dump and [date].dumpstream.
[ERROR] -> [Help 1]
[ERROR] 
[ERROR] To see the full stack trace of the errors, re-run Maven with the -e switch.
[ERROR] Re-run Maven using the -X switch to enable full debug logging.
[ERROR] 
[ERROR] For more information about the errors and possible solutions, please read the following articles:
[ERROR] [Help 1] http://cwiki.apache.org/confluence/display/MAVEN/MojoFailureException
[ERROR] 
[ERROR] After correcting the problems, you can resume the build with the command
[ERROR]   mvn <args> -rf :warnings-ng-ui-tests
