[INFO] Scanning for projects...
[INFO] ------------------------------------------------------------------------
[INFO] Reactor Build Order:
[INFO] 
[INFO] Apache WSS4J                                                       [pom]
[INFO] Apache WSS4J parent                                                [pom]
[INFO] Apache WSS4J WS-Security Bindings                                  [jar]
[INFO] Apache WSS4J WS-SecurityPolicy model                               [jar]
[INFO] Apache WSS4J WS-Security Common                                    [jar]
[INFO] Apache WSS4J DOM WS-Security                                       [jar]
[INFO] Apache WSS4J Streaming WS-Security                                 [jar]
[INFO] Apache WSS4J Web WS-Security                                       [jar]
[INFO] Apache WSS4J WS-Security Integration                               [jar]
[INFO] Apache WSS4J Streaming WS-SecurityPolicy                           [jar]
[INFO] 
[INFO] -----------------------< org.apache.wss4j:wss4j >-----------------------
[INFO] Building Apache WSS4J 3.0.1-SNAPSHOT                              [1/10]
[INFO] --------------------------------[ pom ]---------------------------------
[INFO] 
[INFO] --- maven-clean-plugin:3.1.0:clean (default-clean) @ wss4j ---
[INFO] Deleting /home/gabsko/breaking-updates/target
[INFO] 
[INFO] --- maven-enforcer-plugin:3.0.0:enforce (enforce-maven-version) @ wss4j ---
[INFO] 
[INFO] --- maven-enforcer-plugin:3.0.0:enforce (enforce-java-version) @ wss4j ---
[INFO] 
[INFO] --- maven-enforcer-plugin:3.0.0:enforce (enforce-output-timestamp-property) @ wss4j ---
[INFO] 
[INFO] >>> maven-pmd-plugin:3.17.0:check (validate) > :pmd @ wss4j >>>
[INFO] 
[INFO] --- maven-pmd-plugin:3.17.0:pmd (pmd) @ wss4j ---
[INFO] 
[INFO] <<< maven-pmd-plugin:3.17.0:check (validate) < :pmd @ wss4j <<<
[INFO] 
[INFO] 
[INFO] --- maven-pmd-plugin:3.17.0:check (validate) @ wss4j ---
[INFO] 
[INFO] --- maven-checkstyle-plugin:3.1.2:check (validate) @ wss4j ---
[INFO] You have 0 Checkstyle violations.
[INFO] 
[INFO] --- maven-remote-resources-plugin:1.7.0:process (process-resource-bundles) @ wss4j ---
[INFO] Preparing remote bundle org.apache:apache-jar-resource-bundle:1.4
[INFO] Copying 3 resources from 1 bundle.
[INFO] 
[INFO] -------------------< org.apache.wss4j:wss4j-parent >--------------------
[INFO] Building Apache WSS4J parent 3.0.1-SNAPSHOT                       [2/10]
[INFO] --------------------------------[ pom ]---------------------------------
[INFO] 
[INFO] --- maven-clean-plugin:3.1.0:clean (default-clean) @ wss4j-parent ---
[INFO] Deleting /home/gabsko/breaking-updates/parent/target
[INFO] 
[INFO] --- maven-enforcer-plugin:3.0.0:enforce (enforce-maven-version) @ wss4j-parent ---
[INFO] 
[INFO] --- maven-enforcer-plugin:3.0.0:enforce (enforce-java-version) @ wss4j-parent ---
[INFO] 
[INFO] --- maven-enforcer-plugin:3.0.0:enforce (enforce-output-timestamp-property) @ wss4j-parent ---
[INFO] 
[INFO] >>> maven-pmd-plugin:3.17.0:check (validate) > :pmd @ wss4j-parent >>>
[INFO] 
[INFO] --- maven-pmd-plugin:3.17.0:pmd (pmd) @ wss4j-parent ---
[INFO] 
[INFO] <<< maven-pmd-plugin:3.17.0:check (validate) < :pmd @ wss4j-parent <<<
[INFO] 
[INFO] 
[INFO] --- maven-pmd-plugin:3.17.0:check (validate) @ wss4j-parent ---
[INFO] 
[INFO] --- maven-checkstyle-plugin:3.1.2:check (validate) @ wss4j-parent ---
[INFO] You have 0 Checkstyle violations.
[INFO] 
[INFO] --- maven-bundle-plugin:5.1.4:cleanVersions (versions) @ wss4j-parent ---
[INFO] 
[INFO] --- maven-remote-resources-plugin:1.7.0:process (process-resource-bundles) @ wss4j-parent ---
[INFO] Preparing remote bundle org.apache:apache-jar-resource-bundle:1.4
[INFO] Copying 3 resources from 1 bundle.
[INFO] 
[INFO] --- maven-bundle-plugin:5.1.4:manifest (bundle-manifest) @ wss4j-parent ---
[WARNING] Ignoring project type pom - supportedProjectTypes = [jar, bundle]
[INFO] 
[INFO] ------------------< org.apache.wss4j:wss4j-bindings >-------------------
[INFO] Building Apache WSS4J WS-Security Bindings 3.0.1-SNAPSHOT         [3/10]
[INFO] --------------------------------[ jar ]---------------------------------
[INFO] 
[INFO] --- maven-clean-plugin:3.1.0:clean (default-clean) @ wss4j-bindings ---
[INFO] Deleting /home/gabsko/breaking-updates/bindings/target
[INFO] 
[INFO] --- maven-enforcer-plugin:3.0.0:enforce (enforce-maven-version) @ wss4j-bindings ---
[INFO] 
[INFO] --- maven-enforcer-plugin:3.0.0:enforce (enforce-java-version) @ wss4j-bindings ---
[INFO] 
[INFO] --- maven-enforcer-plugin:3.0.0:enforce (enforce-output-timestamp-property) @ wss4j-bindings ---
[INFO] 
[INFO] >>> maven-pmd-plugin:3.17.0:check (validate) > :pmd @ wss4j-bindings >>>
[INFO] 
[INFO] --- maven-pmd-plugin:3.17.0:pmd (pmd) @ wss4j-bindings ---
[INFO] PMD version: 6.46.0
[WARNING] Removed misconfigured rule: LoosePackageCoupling  cause: No packages or classes specified
[INFO] 
[INFO] <<< maven-pmd-plugin:3.17.0:check (validate) < :pmd @ wss4j-bindings <<<
[INFO] 
[INFO] 
[INFO] --- maven-pmd-plugin:3.17.0:check (validate) @ wss4j-bindings ---
[INFO] PMD version: 6.46.0
[INFO] 
[INFO] 
[INFO] --- maven-checkstyle-plugin:3.1.2:check (validate) @ wss4j-bindings ---
[INFO] 
[INFO] --- maven-bundle-plugin:5.1.4:cleanVersions (versions) @ wss4j-bindings ---
[INFO] 
[INFO] --- maven-remote-resources-plugin:1.7.0:process (process-resource-bundles) @ wss4j-bindings ---
[INFO] Preparing remote bundle org.apache:apache-jar-resource-bundle:1.4
[INFO] Copying 3 resources from 1 bundle.
[INFO] 
[INFO] --- maven-resources-plugin:3.2.0:resources (default-resources) @ wss4j-bindings ---
[INFO] Using 'UTF-8' encoding to copy filtered resources.
[INFO] Using 'UTF-8' encoding to copy filtered properties files.
[INFO] Copying 0 resource
[INFO] skip non existing resourceDirectory /home/gabsko/breaking-updates/bindings/src/main/resources
[INFO] skip non existing resourceDirectory /home/gabsko/breaking-updates/bindings/src/main/resources-filtered
[INFO] skip non existing resourceDirectory /home/gabsko/breaking-updates/bindings/target/generated/src/main/resources
[INFO] Copying 3 resources
[INFO] 
[INFO] --- maven-compiler-plugin:3.8.1:compile (default-compile) @ wss4j-bindings ---
[INFO] Changes detected - recompiling the module!
[INFO] Compiling 36 source files to /home/gabsko/breaking-updates/bindings/target/classes
[INFO] 
[INFO] --- maven-bundle-plugin:5.1.4:manifest (bundle-manifest) @ wss4j-bindings ---
[INFO] Writing manifest: /home/gabsko/breaking-updates/bindings/target/classes/META-INF/MANIFEST.MF
[INFO] 
[INFO] --- maven-resources-plugin:3.2.0:testResources (default-testResources) @ wss4j-bindings ---
[INFO] Using 'UTF-8' encoding to copy filtered resources.
[INFO] Using 'UTF-8' encoding to copy filtered properties files.
[INFO] skip non existing resourceDirectory /home/gabsko/breaking-updates/bindings/src/test/java
[INFO] skip non existing resourceDirectory /home/gabsko/breaking-updates/bindings/src/test/resources
[INFO] skip non existing resourceDirectory /home/gabsko/breaking-updates/bindings/target/generated/src/test/resources
[INFO] Copying 3 resources
[INFO] 
[INFO] --- maven-compiler-plugin:3.8.1:testCompile (default-testCompile) @ wss4j-bindings ---
[INFO] No sources to compile
[INFO] 
[INFO] --- maven-surefire-plugin:3.0.0-M7:test (default-test) @ wss4j-bindings ---
[INFO] 
[INFO] -------------------< org.apache.wss4j:wss4j-policy >--------------------
[INFO] Building Apache WSS4J WS-SecurityPolicy model 3.0.1-SNAPSHOT      [4/10]
[INFO] --------------------------------[ jar ]---------------------------------
[INFO] 
[INFO] --- maven-clean-plugin:3.1.0:clean (default-clean) @ wss4j-policy ---
[INFO] Deleting /home/gabsko/breaking-updates/policy/target
[INFO] 
[INFO] --- maven-enforcer-plugin:3.0.0:enforce (enforce-maven-version) @ wss4j-policy ---
[INFO] 
[INFO] --- maven-enforcer-plugin:3.0.0:enforce (enforce-java-version) @ wss4j-policy ---
[INFO] 
[INFO] --- maven-enforcer-plugin:3.0.0:enforce (enforce-output-timestamp-property) @ wss4j-policy ---
[INFO] 
[INFO] >>> maven-pmd-plugin:3.17.0:check (validate) > :pmd @ wss4j-policy >>>
[INFO] 
[INFO] --- maven-pmd-plugin:3.17.0:pmd (pmd) @ wss4j-policy ---
[INFO] PMD version: 6.46.0
[WARNING] Removed misconfigured rule: LoosePackageCoupling  cause: No packages or classes specified
[INFO] 
[INFO] <<< maven-pmd-plugin:3.17.0:check (validate) < :pmd @ wss4j-policy <<<
[INFO] 
[INFO] 
[INFO] --- maven-pmd-plugin:3.17.0:check (validate) @ wss4j-policy ---
[INFO] PMD version: 6.46.0
[INFO] 
[INFO] 
[INFO] --- maven-checkstyle-plugin:3.1.2:check (validate) @ wss4j-policy ---
[INFO] You have 0 Checkstyle violations.
[INFO] 
[INFO] --- maven-bundle-plugin:5.1.4:cleanVersions (versions) @ wss4j-policy ---
[INFO] 
[INFO] --- maven-remote-resources-plugin:1.7.0:process (process-resource-bundles) @ wss4j-policy ---
[INFO] Preparing remote bundle org.apache:apache-jar-resource-bundle:1.4
[INFO] Copying 3 resources from 1 bundle.
[INFO] 
[INFO] --- maven-resources-plugin:3.2.0:resources (default-resources) @ wss4j-policy ---
[INFO] Using 'UTF-8' encoding to copy filtered resources.
[INFO] Using 'UTF-8' encoding to copy filtered properties files.
[INFO] Copying 0 resource
[INFO] skip non existing resourceDirectory /home/gabsko/breaking-updates/policy/src/main/resources
[INFO] skip non existing resourceDirectory /home/gabsko/breaking-updates/policy/src/main/resources-filtered
[INFO] skip non existing resourceDirectory /home/gabsko/breaking-updates/policy/target/generated/src/main/resources
[INFO] Copying 3 resources
[INFO] 
[INFO] --- maven-compiler-plugin:3.8.1:compile (default-compile) @ wss4j-policy ---
[INFO] Changes detected - recompiling the module!
[INFO] Compiling 95 source files to /home/gabsko/breaking-updates/policy/target/classes
[INFO] 
[INFO] --- maven-bundle-plugin:5.1.4:manifest (bundle-manifest) @ wss4j-policy ---
[INFO] Writing manifest: /home/gabsko/breaking-updates/policy/target/classes/META-INF/MANIFEST.MF
[INFO] 
[INFO] --- maven-resources-plugin:3.2.0:testResources (default-testResources) @ wss4j-policy ---
[INFO] Using 'UTF-8' encoding to copy filtered resources.
[INFO] Using 'UTF-8' encoding to copy filtered properties files.
[INFO] Copying 0 resource
[INFO] Copying 108 resources
[INFO] skip non existing resourceDirectory /home/gabsko/breaking-updates/policy/target/generated/src/test/resources
[INFO] Copying 3 resources
[INFO] 
[INFO] --- maven-compiler-plugin:3.8.1:testCompile (default-testCompile) @ wss4j-policy ---
[INFO] Changes detected - recompiling the module!
[INFO] Compiling 32 source files to /home/gabsko/breaking-updates/policy/target/test-classes
[INFO] 
[INFO] --- maven-surefire-plugin:3.0.0-M7:test (default-test) @ wss4j-policy ---
[INFO] Using auto detected provider org.apache.maven.surefire.junitplatform.JUnitPlatformProvider
[INFO] 
[INFO] -------------------------------------------------------
[INFO]  T E S T S
[INFO] -------------------------------------------------------
[INFO] Running org.apache.wss4j.policy.tests.LayoutTest
[INFO] Tests run: 1, Failures: 0, Errors: 0, Skipped: 0, Time elapsed: 0.175 s - in org.apache.wss4j.policy.tests.LayoutTest
[INFO] Running org.apache.wss4j.policy.tests.RelTokenTest
[INFO] Tests run: 1, Failures: 0, Errors: 0, Skipped: 0, Time elapsed: 0.027 s - in org.apache.wss4j.policy.tests.RelTokenTest
[INFO] Running org.apache.wss4j.policy.tests.TransportBindingTest
[INFO] Tests run: 1, Failures: 0, Errors: 0, Skipped: 0, Time elapsed: 0.029 s - in org.apache.wss4j.policy.tests.TransportBindingTest
[INFO] Running org.apache.wss4j.policy.tests.PolicyNormalizationTest
[INFO] Tests run: 1, Failures: 0, Errors: 0, Skipped: 0, Time elapsed: 0.124 s - in org.apache.wss4j.policy.tests.PolicyNormalizationTest
[INFO] Running org.apache.wss4j.policy.tests.SamlTokenTest
[INFO] Tests run: 1, Failures: 0, Errors: 0, Skipped: 0, Time elapsed: 0.024 s - in org.apache.wss4j.policy.tests.SamlTokenTest
[INFO] Running org.apache.wss4j.policy.tests.Trust13Test
[INFO] Tests run: 2, Failures: 0, Errors: 0, Skipped: 0, Time elapsed: 0.03 s - in org.apache.wss4j.policy.tests.Trust13Test
[INFO] Running org.apache.wss4j.policy.tests.SignedPartsTest
[INFO] Tests run: 2, Failures: 0, Errors: 0, Skipped: 0, Time elapsed: 0.032 s - in org.apache.wss4j.policy.tests.SignedPartsTest
[INFO] Running org.apache.wss4j.policy.tests.SupportingTokensTest
[INFO] Tests run: 1, Failures: 0, Errors: 0, Skipped: 0, Time elapsed: 0.018 s - in org.apache.wss4j.policy.tests.SupportingTokensTest
[INFO] Running org.apache.wss4j.policy.tests.Trust10Test
[INFO] Tests run: 1, Failures: 0, Errors: 0, Skipped: 0, Time elapsed: 0.014 s - in org.apache.wss4j.policy.tests.Trust10Test
[INFO] Running org.apache.wss4j.policy.tests.EncryptedPartsTest
[INFO] Tests run: 2, Failures: 0, Errors: 0, Skipped: 0, Time elapsed: 0.028 s - in org.apache.wss4j.policy.tests.EncryptedPartsTest
[INFO] Running org.apache.wss4j.policy.tests.X509TokenTest
[INFO] Tests run: 1, Failures: 0, Errors: 0, Skipped: 0, Time elapsed: 0.013 s - in org.apache.wss4j.policy.tests.X509TokenTest
[INFO] Running org.apache.wss4j.policy.tests.SpnegoContextTokenTest
[INFO] Tests run: 1, Failures: 0, Errors: 0, Skipped: 0, Time elapsed: 0.013 s - in org.apache.wss4j.policy.tests.SpnegoContextTokenTest
[INFO] Running org.apache.wss4j.policy.tests.SecureConversationTokenTest
[INFO] Tests run: 1, Failures: 0, Errors: 0, Skipped: 0, Time elapsed: 0.016 s - in org.apache.wss4j.policy.tests.SecureConversationTokenTest
[INFO] Running org.apache.wss4j.policy.tests.RecipientTokenTest
[INFO] Tests run: 1, Failures: 0, Errors: 0, Skipped: 0, Time elapsed: 0.014 s - in org.apache.wss4j.policy.tests.RecipientTokenTest
[INFO] Running org.apache.wss4j.policy.tests.ContentEncryptedElementsTest
[INFO] Tests run: 1, Failures: 0, Errors: 0, Skipped: 0, Time elapsed: 0.044 s - in org.apache.wss4j.policy.tests.ContentEncryptedElementsTest
[INFO] Running org.apache.wss4j.policy.tests.SecurityContextTokenTest
[INFO] Tests run: 1, Failures: 0, Errors: 0, Skipped: 0, Time elapsed: 0.01 s - in org.apache.wss4j.policy.tests.SecurityContextTokenTest
[INFO] Running org.apache.wss4j.policy.tests.IssuedTokenTest
[INFO] Tests run: 1, Failures: 0, Errors: 0, Skipped: 0, Time elapsed: 0.01 s - in org.apache.wss4j.policy.tests.IssuedTokenTest
[INFO] Running org.apache.wss4j.policy.tests.AlgorithmSuiteTest
[INFO] Tests run: 1, Failures: 0, Errors: 0, Skipped: 0, Time elapsed: 0.012 s - in org.apache.wss4j.policy.tests.AlgorithmSuiteTest
[INFO] Running org.apache.wss4j.policy.tests.KerberosTokenTest
[INFO] Tests run: 1, Failures: 0, Errors: 0, Skipped: 0, Time elapsed: 0.013 s - in org.apache.wss4j.policy.tests.KerberosTokenTest
[INFO] Running org.apache.wss4j.policy.tests.EncryptedElementsTest
[INFO] Tests run: 1, Failures: 0, Errors: 0, Skipped: 0, Time elapsed: 0.012 s - in org.apache.wss4j.policy.tests.EncryptedElementsTest
[INFO] Running org.apache.wss4j.policy.tests.RequiredPartsTest
[INFO] Tests run: 1, Failures: 0, Errors: 0, Skipped: 0, Time elapsed: 0.009 s - in org.apache.wss4j.policy.tests.RequiredPartsTest
[INFO] Running org.apache.wss4j.policy.tests.HttpsTokenTest
[INFO] Tests run: 1, Failures: 0, Errors: 0, Skipped: 0, Time elapsed: 0.008 s - in org.apache.wss4j.policy.tests.HttpsTokenTest
[INFO] Running org.apache.wss4j.policy.tests.RequiredElementsTest
[INFO] Tests run: 1, Failures: 0, Errors: 0, Skipped: 0, Time elapsed: 0.009 s - in org.apache.wss4j.policy.tests.RequiredElementsTest
[INFO] Running org.apache.wss4j.policy.tests.Wss10Test
[INFO] Tests run: 1, Failures: 0, Errors: 0, Skipped: 0, Time elapsed: 0.009 s - in org.apache.wss4j.policy.tests.Wss10Test
[INFO] Running org.apache.wss4j.policy.tests.Wss11Test
[INFO] Tests run: 1, Failures: 0, Errors: 0, Skipped: 0, Time elapsed: 0.013 s - in org.apache.wss4j.policy.tests.Wss11Test
[INFO] Running org.apache.wss4j.policy.tests.AsymmetricBindingTest
[INFO] Tests run: 1, Failures: 0, Errors: 0, Skipped: 0, Time elapsed: 0.013 s - in org.apache.wss4j.policy.tests.AsymmetricBindingTest
[INFO] Running org.apache.wss4j.policy.tests.SignedElementsTest
[INFO] Tests run: 2, Failures: 0, Errors: 0, Skipped: 0, Time elapsed: 0.015 s - in org.apache.wss4j.policy.tests.SignedElementsTest
[INFO] Running org.apache.wss4j.policy.tests.KeyValueTokenTest
[INFO] Tests run: 1, Failures: 0, Errors: 0, Skipped: 0, Time elapsed: 0.01 s - in org.apache.wss4j.policy.tests.KeyValueTokenTest
[INFO] Running org.apache.wss4j.policy.tests.InitiatorTokenTest
[INFO] Tests run: 1, Failures: 0, Errors: 0, Skipped: 0, Time elapsed: 0.009 s - in org.apache.wss4j.policy.tests.InitiatorTokenTest
[INFO] Running org.apache.wss4j.policy.tests.SymmetricBindingTest
[INFO] Tests run: 1, Failures: 0, Errors: 0, Skipped: 0, Time elapsed: 0.012 s - in org.apache.wss4j.policy.tests.SymmetricBindingTest
[INFO] Running org.apache.wss4j.policy.tests.UsernameTokenTest
[INFO] Tests run: 2, Failures: 0, Errors: 0, Skipped: 0, Time elapsed: 0.02 s - in org.apache.wss4j.policy.tests.UsernameTokenTest
[INFO] 
[INFO] Results:
[INFO] 
[INFO] Tests run: 36, Failures: 0, Errors: 0, Skipped: 0
[INFO] 
[INFO] 
[INFO] -------------< org.apache.wss4j:wss4j-ws-security-common >--------------
[INFO] Building Apache WSS4J WS-Security Common 3.0.1-SNAPSHOT           [5/10]
[INFO] --------------------------------[ jar ]---------------------------------
[INFO] 
[INFO] --- maven-clean-plugin:3.1.0:clean (default-clean) @ wss4j-ws-security-common ---
[INFO] Deleting /home/gabsko/breaking-updates/ws-security-common/target
[INFO] 
[INFO] --- maven-enforcer-plugin:3.0.0:enforce (enforce-maven-version) @ wss4j-ws-security-common ---
[INFO] 
[INFO] --- maven-enforcer-plugin:3.0.0:enforce (enforce-java-version) @ wss4j-ws-security-common ---
[INFO] 
[INFO] --- maven-enforcer-plugin:3.0.0:enforce (enforce-output-timestamp-property) @ wss4j-ws-security-common ---
[INFO] 
[INFO] >>> maven-pmd-plugin:3.17.0:check (validate) > :pmd @ wss4j-ws-security-common >>>
[INFO] 
[INFO] --- maven-pmd-plugin:3.17.0:pmd (pmd) @ wss4j-ws-security-common ---
[INFO] PMD version: 6.46.0
[WARNING] Removed misconfigured rule: LoosePackageCoupling  cause: No packages or classes specified
[INFO] 
[INFO] <<< maven-pmd-plugin:3.17.0:check (validate) < :pmd @ wss4j-ws-security-common <<<
[INFO] 
[INFO] 
[INFO] --- maven-pmd-plugin:3.17.0:check (validate) @ wss4j-ws-security-common ---
[INFO] PMD version: 6.46.0
[INFO] 
[INFO] 
[INFO] --- maven-checkstyle-plugin:3.1.2:check (validate) @ wss4j-ws-security-common ---
[INFO] You have 0 Checkstyle violations.
[INFO] 
[INFO] --- maven-bundle-plugin:5.1.4:cleanVersions (versions) @ wss4j-ws-security-common ---
[INFO] 
[INFO] --- maven-remote-resources-plugin:1.7.0:process (process-resource-bundles) @ wss4j-ws-security-common ---
[INFO] Preparing remote bundle org.apache:apache-jar-resource-bundle:1.4
[INFO] Copying 3 resources from 1 bundle.
[INFO] 
[INFO] --- maven-resources-plugin:3.2.0:resources (default-resources) @ wss4j-ws-security-common ---
[INFO] Using 'UTF-8' encoding to copy filtered resources.
[INFO] Using 'UTF-8' encoding to copy filtered properties files.
[INFO] Copying 0 resource
[INFO] Copying 3 resources
[INFO] Copying 3 resources
[INFO] 
[INFO] --- maven-compiler-plugin:3.8.1:compile (default-compile) @ wss4j-ws-security-common ---
[INFO] Changes detected - recompiling the module!
[INFO] Compiling 117 source files to /home/gabsko/breaking-updates/ws-security-common/target/classes
[INFO] /home/gabsko/breaking-updates/ws-security-common/src/main/java/org/apache/wss4j/common/crypto/WSProviderConfig.java: /home/gabsko/breaking-updates/ws-security-common/src/main/java/org/apache/wss4j/common/crypto/WSProviderConfig.java uses or overrides a deprecated API.
[INFO] /home/gabsko/breaking-updates/ws-security-common/src/main/java/org/apache/wss4j/common/crypto/WSProviderConfig.java: Recompile with -Xlint:deprecation for details.
[INFO] 
[INFO] --- maven-bundle-plugin:5.1.4:manifest (bundle-manifest) @ wss4j-ws-security-common ---
[INFO] Writing manifest: /home/gabsko/breaking-updates/ws-security-common/target/classes/META-INF/MANIFEST.MF
[INFO] 
[INFO] --- maven-resources-plugin:3.2.0:testResources (default-testResources) @ wss4j-ws-security-common ---
[INFO] Using 'UTF-8' encoding to copy filtered resources.
[INFO] Using 'UTF-8' encoding to copy filtered properties files.
[INFO] Copying 0 resource
[INFO] Copying 97 resources
[INFO] Copying 3 resources
[INFO] 
[INFO] --- maven-compiler-plugin:3.8.1:testCompile (default-testCompile) @ wss4j-ws-security-common ---
[INFO] Changes detected - recompiling the module!
[INFO] Compiling 13 source files to /home/gabsko/breaking-updates/ws-security-common/target/test-classes
[INFO] 
[INFO] --- maven-surefire-plugin:3.0.0-M7:test (default-test) @ wss4j-ws-security-common ---
[INFO] Using auto detected provider org.apache.maven.surefire.junitplatform.JUnitPlatformProvider
[INFO] 
[INFO] -------------------------------------------------------
[INFO]  T E S T S
[INFO] -------------------------------------------------------
[INFO] Running org.apache.wss4j.common.cache.EHCacheExpiryTest
[INFO] Tests run: 5, Failures: 0, Errors: 0, Skipped: 0, Time elapsed: 0.062 s - in org.apache.wss4j.common.cache.EHCacheExpiryTest
[INFO] Running org.apache.wss4j.common.cache.ReplayCacheTest
[INFO] Tests run: 14, Failures: 0, Errors: 0, Skipped: 0, Time elapsed: 5.155 s - in org.apache.wss4j.common.cache.ReplayCacheTest
[INFO] Running org.apache.wss4j.common.util.CommaDelimiterRfc2253NameTest
[INFO] Tests run: 7, Failures: 0, Errors: 0, Skipped: 0, Time elapsed: 0.11 s - in org.apache.wss4j.common.util.CommaDelimiterRfc2253NameTest
[INFO] Running org.apache.wss4j.common.saml.OpenSAMLUtilTest
[INFO] Tests run: 1, Failures: 0, Errors: 0, Skipped: 0, Time elapsed: 0.605 s - in org.apache.wss4j.common.saml.OpenSAMLUtilTest
[INFO] Running org.apache.wss4j.common.attachment.AttachmentTest
[INFO] Tests run: 24, Failures: 0, Errors: 0, Skipped: 0, Time elapsed: 0.019 s - in org.apache.wss4j.common.attachment.AttachmentTest
[INFO] Running org.apache.wss4j.common.attachment.CRLFOutputStreamTest
[INFO] Tests run: 4, Failures: 0, Errors: 0, Skipped: 0, Time elapsed: 0.136 s - in org.apache.wss4j.common.attachment.CRLFOutputStreamTest
[INFO] Running org.apache.wss4j.common.crypto.MerlinTest
[INFO] Tests run: 4000, Failures: 0, Errors: 0, Skipped: 0, Time elapsed: 1.099 s - in org.apache.wss4j.common.crypto.MerlinTest
[INFO] Running org.apache.wss4j.common.crypto.SKITest
[INFO] Tests run: 3, Failures: 0, Errors: 0, Skipped: 0, Time elapsed: 0.227 s - in org.apache.wss4j.common.crypto.SKITest
[INFO] Running org.apache.wss4j.common.crypto.AuthorityKeyIdentifierTest
[INFO] Tests run: 2, Failures: 0, Errors: 0, Skipped: 0, Time elapsed: 0.015 s - in org.apache.wss4j.common.crypto.AuthorityKeyIdentifierTest
[INFO] Running org.apache.wss4j.common.crypto.NameConstraintsTest
[INFO] Tests run: 12, Failures: 0, Errors: 0, Skipped: 0, Time elapsed: 0.163 s - in org.apache.wss4j.common.crypto.NameConstraintsTest
[INFO] Running org.apache.wss4j.common.crypto.PasswordEncryptorTest
[INFO] Tests run: 1, Failures: 0, Errors: 0, Skipped: 0, Time elapsed: 0.023 s - in org.apache.wss4j.common.crypto.PasswordEncryptorTest
[INFO] Running org.apache.wss4j.common.token.DOMX509IssuerSerialTest
CN=EOIR, OU=Some Unit
[INFO] Tests run: 2, Failures: 0, Errors: 0, Skipped: 0, Time elapsed: 0.011 s - in org.apache.wss4j.common.token.DOMX509IssuerSerialTest
[INFO] 
[INFO] Results:
[INFO] 
[INFO] Tests run: 4075, Failures: 0, Errors: 0, Skipped: 0
[INFO] 
[INFO] 
[INFO] ---------------< org.apache.wss4j:wss4j-ws-security-dom >---------------
[INFO] Building Apache WSS4J DOM WS-Security 3.0.1-SNAPSHOT              [6/10]
[INFO] --------------------------------[ jar ]---------------------------------
[INFO] 
[INFO] --- maven-clean-plugin:3.1.0:clean (default-clean) @ wss4j-ws-security-dom ---
[INFO] Deleting /home/gabsko/breaking-updates/ws-security-dom/target
[INFO] 
[INFO] --- maven-enforcer-plugin:3.0.0:enforce (enforce-maven-version) @ wss4j-ws-security-dom ---
[INFO] 
[INFO] --- maven-enforcer-plugin:3.0.0:enforce (enforce-java-version) @ wss4j-ws-security-dom ---
[INFO] 
[INFO] --- maven-enforcer-plugin:3.0.0:enforce (enforce-output-timestamp-property) @ wss4j-ws-security-dom ---
[INFO] 
[INFO] >>> maven-pmd-plugin:3.17.0:check (validate) > :pmd @ wss4j-ws-security-dom >>>
[INFO] 
[INFO] --- maven-pmd-plugin:3.17.0:pmd (pmd) @ wss4j-ws-security-dom ---
[INFO] PMD version: 6.46.0
[WARNING] Removed misconfigured rule: LoosePackageCoupling  cause: No packages or classes specified
[INFO] 
[INFO] <<< maven-pmd-plugin:3.17.0:check (validate) < :pmd @ wss4j-ws-security-dom <<<
[INFO] 
[INFO] 
[INFO] --- maven-pmd-plugin:3.17.0:check (validate) @ wss4j-ws-security-dom ---
[INFO] PMD version: 6.46.0
[INFO] 
[INFO] 
[INFO] --- maven-checkstyle-plugin:3.1.2:check (validate) @ wss4j-ws-security-dom ---
[INFO] You have 0 Checkstyle violations.
[INFO] 
[INFO] --- maven-bundle-plugin:5.1.4:cleanVersions (versions) @ wss4j-ws-security-dom ---
[INFO] 
[INFO] --- maven-remote-resources-plugin:1.7.0:process (process-resource-bundles) @ wss4j-ws-security-dom ---
[INFO] Preparing remote bundle org.apache:apache-jar-resource-bundle:1.4
[INFO] Copying 3 resources from 1 bundle.
[INFO] 
[INFO] --- maven-resources-plugin:3.2.0:resources (default-resources) @ wss4j-ws-security-dom ---
[INFO] Using 'UTF-8' encoding to copy filtered resources.
[INFO] Using 'UTF-8' encoding to copy filtered properties files.
[INFO] Copying 0 resource
[INFO] Copying 1 resource
[INFO] Copying 3 resources
[INFO] 
[INFO] --- maven-compiler-plugin:3.8.1:compile (default-compile) @ wss4j-ws-security-dom ---
[INFO] Changes detected - recompiling the module!
[INFO] Compiling 98 source files to /home/gabsko/breaking-updates/ws-security-dom/target/classes
[INFO] /home/gabsko/breaking-updates/ws-security-dom/src/main/java/org/apache/wss4j/dom/handler/WSHandler.java: Some input files use or override a deprecated API.
[INFO] /home/gabsko/breaking-updates/ws-security-dom/src/main/java/org/apache/wss4j/dom/handler/WSHandler.java: Recompile with -Xlint:deprecation for details.
[INFO] 
[INFO] --- maven-bundle-plugin:5.1.4:manifest (bundle-manifest) @ wss4j-ws-security-dom ---
[WARNING] Manifest org.apache.wss4j:wss4j-ws-security-dom:jar:3.0.1-SNAPSHOT : Unused Import-Package instructions: [*~] 
[INFO] Writing manifest: /home/gabsko/breaking-updates/ws-security-dom/target/classes/META-INF/MANIFEST.MF
[INFO] 
[INFO] --- maven-resources-plugin:3.2.0:testResources (default-testResources) @ wss4j-ws-security-dom ---
[INFO] Using 'UTF-8' encoding to copy filtered resources.
[INFO] Using 'UTF-8' encoding to copy filtered properties files.
[INFO] Copying 0 resource
[INFO] Copying 10 resources
[INFO] Copying 3 resources
[INFO] 
[INFO] --- maven-compiler-plugin:3.8.1:testCompile (default-testCompile) @ wss4j-ws-security-dom ---
[INFO] Changes detected - recompiling the module!
[INFO] Compiling 95 source files to /home/gabsko/breaking-updates/ws-security-dom/target/test-classes
[INFO] /home/gabsko/breaking-updates/ws-security-dom/src/test/java/org/apache/wss4j/dom/util/WSSecurityUtilTest.java: /home/gabsko/breaking-updates/ws-security-dom/src/test/java/org/apache/wss4j/dom/util/WSSecurityUtilTest.java uses or overrides a deprecated API.
[INFO] /home/gabsko/breaking-updates/ws-security-dom/src/test/java/org/apache/wss4j/dom/util/WSSecurityUtilTest.java: Recompile with -Xlint:deprecation for details.
[INFO] /home/gabsko/breaking-updates/ws-security-dom/src/test/java/org/apache/wss4j/dom/message/SignaturePartsTest.java: /home/gabsko/breaking-updates/ws-security-dom/src/test/java/org/apache/wss4j/dom/message/SignaturePartsTest.java uses unchecked or unsafe operations.
[INFO] /home/gabsko/breaking-updates/ws-security-dom/src/test/java/org/apache/wss4j/dom/message/SignaturePartsTest.java: Recompile with -Xlint:unchecked for details.
[INFO] 
[INFO] --- maven-surefire-plugin:3.0.0-M7:test (default-test) @ wss4j-ws-security-dom ---
[INFO] Using auto detected provider org.apache.maven.surefire.junitplatform.JUnitPlatformProvider
[INFO] 
[INFO] -------------------------------------------------------
[INFO]  T E S T S
[INFO] -------------------------------------------------------
[INFO] Running org.apache.wss4j.dom.misc.PrincipalTest
[INFO] Tests run: 6, Failures: 0, Errors: 0, Skipped: 0, Time elapsed: 0.914 s - in org.apache.wss4j.dom.misc.PrincipalTest
[INFO] Running org.apache.wss4j.dom.misc.FaultCodeTest
[INFO] Tests run: 6, Failures: 0, Errors: 0, Skipped: 0, Time elapsed: 84.98 s - in org.apache.wss4j.dom.misc.FaultCodeTest
[INFO] Running org.apache.wss4j.dom.misc.SecurityHeaderTest
[INFO] Tests run: 3, Failures: 0, Errors: 0, Skipped: 0, Time elapsed: 0.01 s - in org.apache.wss4j.dom.misc.SecurityHeaderTest
[INFO] Running org.apache.wss4j.dom.util.WSSecurityUtilTest
[INFO] Tests run: 8, Failures: 0, Errors: 0, Skipped: 0, Time elapsed: 0.007 s - in org.apache.wss4j.dom.util.WSSecurityUtilTest
[INFO] Running org.apache.wss4j.dom.saml.SamlConditionsTest
[INFO] Tests run: 19, Failures: 0, Errors: 0, Skipped: 0, Time elapsed: 0.108 s - in org.apache.wss4j.dom.saml.SamlConditionsTest
[INFO] Running org.apache.wss4j.dom.saml.SamlNegativeTest
[INFO] Tests run: 6, Failures: 0, Errors: 0, Skipped: 0, Time elapsed: 0.213 s - in org.apache.wss4j.dom.saml.SamlNegativeTest
[INFO] Running org.apache.wss4j.dom.saml.SamlTokenTest
[INFO] Tests run: 32, Failures: 0, Errors: 0, Skipped: 0, Time elapsed: 63.229 s - in org.apache.wss4j.dom.saml.SamlTokenTest
[INFO] Running org.apache.wss4j.dom.saml.SamlTokenHOKTest
[INFO] Tests run: 4, Failures: 0, Errors: 0, Skipped: 0, Time elapsed: 0.074 s - in org.apache.wss4j.dom.saml.SamlTokenHOKTest
[INFO] Running org.apache.wss4j.dom.saml.SamlReferenceTest
[INFO] Tests run: 13, Failures: 0, Errors: 0, Skipped: 0, Time elapsed: 109.819 s - in org.apache.wss4j.dom.saml.SamlReferenceTest
[INFO] Running org.apache.wss4j.dom.saml.SamlTokenSVTest
[INFO] Tests run: 5, Failures: 0, Errors: 0, Skipped: 0, Time elapsed: 0.07 s - in org.apache.wss4j.dom.saml.SamlTokenSVTest
[INFO] Running org.apache.wss4j.dom.saml.SamlTokenActionTest
[INFO] Tests run: 5, Failures: 0, Errors: 0, Skipped: 0, Time elapsed: 0.098 s - in org.apache.wss4j.dom.saml.SamlTokenActionTest
[INFO] Running org.apache.wss4j.dom.saml.SamlTokenDerivedTest
[INFO] Tests run: 1, Failures: 0, Errors: 0, Skipped: 0, Time elapsed: 27.034 s - in org.apache.wss4j.dom.saml.SamlTokenDerivedTest
[INFO] Running org.apache.wss4j.dom.saml.SamlAlgorithmSuiteTest
[INFO] Tests run: 5, Failures: 0, Errors: 0, Skipped: 0, Time elapsed: 0.077 s - in org.apache.wss4j.dom.saml.SamlAlgorithmSuiteTest
[INFO] Running org.apache.wss4j.dom.saml.SamlTokenCustomSignatureTest
[INFO] Tests run: 2, Failures: 0, Errors: 0, Skipped: 0, Time elapsed: 0.024 s - in org.apache.wss4j.dom.saml.SamlTokenCustomSignatureTest
[INFO] Running org.apache.wss4j.dom.saml.ext.AssertionSigningTest
[INFO] Tests run: 2, Failures: 0, Errors: 0, Skipped: 0, Time elapsed: 0.011 s - in org.apache.wss4j.dom.saml.ext.AssertionSigningTest
[INFO] Running org.apache.wss4j.dom.saml.SignedSamlTokenHOKTest
[WARNING] Tests run: 11, Failures: 0, Errors: 0, Skipped: 1, Time elapsed: 0.132 s - in org.apache.wss4j.dom.saml.SignedSamlTokenHOKTest
[INFO] Running org.apache.wss4j.dom.saml.SamlAuthnTest
[INFO] Tests run: 9, Failures: 0, Errors: 0, Skipped: 0, Time elapsed: 0.023 s - in org.apache.wss4j.dom.saml.SamlAuthnTest
[INFO] Running org.apache.wss4j.dom.components.crypto.WSSConfigTest
[INFO] Tests run: 2, Failures: 0, Errors: 0, Skipped: 0, Time elapsed: 0.084 s - in org.apache.wss4j.dom.components.crypto.WSSConfigTest
[INFO] Running org.apache.wss4j.dom.components.crypto.CertificateStoreTest
[INFO] Tests run: 7, Failures: 0, Errors: 0, Skipped: 0, Time elapsed: 0.047 s - in org.apache.wss4j.dom.components.crypto.CertificateStoreTest
[INFO] Running org.apache.wss4j.dom.components.crypto.CryptoTest
[INFO] Tests run: 7, Failures: 0, Errors: 0, Skipped: 0, Time elapsed: 0.023 s - in org.apache.wss4j.dom.components.crypto.CryptoTest
[INFO] Running org.apache.wss4j.dom.components.crypto.CryptoProviderTest
[INFO] Tests run: 5, Failures: 0, Errors: 0, Skipped: 0, Time elapsed: 57.183 s - in org.apache.wss4j.dom.components.crypto.CryptoProviderTest
[INFO] Running org.apache.wss4j.dom.handler.CustomTokenTest
[INFO] Tests run: 1, Failures: 0, Errors: 0, Skipped: 0, Time elapsed: 0.004 s - in org.apache.wss4j.dom.handler.CustomTokenTest
[INFO] Running org.apache.wss4j.dom.handler.UseReqSigCertTest
[INFO] Tests run: 3, Failures: 0, Errors: 0, Skipped: 0, Time elapsed: 87.951 s - in org.apache.wss4j.dom.handler.UseReqSigCertTest
[INFO] Running org.apache.wss4j.dom.handler.WSHandlerGetPasswordTest
[INFO] Tests run: 3, Failures: 0, Errors: 0, Skipped: 0, Time elapsed: 0.008 s - in org.apache.wss4j.dom.handler.WSHandlerGetPasswordTest
[INFO] Running org.apache.wss4j.dom.handler.ResultsOrderTest
[INFO] Tests run: 9, Failures: 0, Errors: 0, Skipped: 0, Time elapsed: 0.005 s - in org.apache.wss4j.dom.handler.ResultsOrderTest
[INFO] Running org.apache.wss4j.dom.handler.SecurityActionTokenTest
[INFO] Tests run: 12, Failures: 0, Errors: 0, Skipped: 0, Time elapsed: 286.689 s - in org.apache.wss4j.dom.handler.SecurityActionTokenTest
[INFO] Running org.apache.wss4j.dom.handler.SignatureConfirmationTest
[INFO] Tests run: 7, Failures: 0, Errors: 0, Skipped: 0, Time elapsed: 0.076 s - in org.apache.wss4j.dom.handler.SignatureConfirmationTest
[INFO] Running org.apache.wss4j.dom.handler.CallbackRefTest
[INFO] Tests run: 2, Failures: 0, Errors: 0, Skipped: 0, Time elapsed: 0.003 s - in org.apache.wss4j.dom.handler.CallbackRefTest
[INFO] Running org.apache.wss4j.dom.handler.SignatureUTAliasTest
[INFO] Tests run: 1, Failures: 0, Errors: 0, Skipped: 0, Time elapsed: 0.01 s - in org.apache.wss4j.dom.handler.SignatureUTAliasTest
[INFO] Running org.apache.wss4j.dom.handler.CustomActionProcessorTest
[INFO] Tests run: 5, Failures: 0, Errors: 0, Skipped: 0, Time elapsed: 0.031 s - in org.apache.wss4j.dom.handler.CustomActionProcessorTest
[INFO] Running org.apache.wss4j.dom.validate.ValidatorTest
[INFO] Tests run: 5, Failures: 0, Errors: 0, Skipped: 0, Time elapsed: 0.03 s - in org.apache.wss4j.dom.validate.ValidatorTest
[INFO] Running org.apache.wss4j.dom.message.AttachmentTest
[INFO] Tests run: 17, Failures: 0, Errors: 0, Skipped: 0, Time elapsed: 704.68 s - in org.apache.wss4j.dom.message.AttachmentTest
[INFO] Running org.apache.wss4j.dom.message.SignatureCRLTest
[WARNING] Tests run: 3, Failures: 0, Errors: 0, Skipped: 3, Time elapsed: 0.008 s - in org.apache.wss4j.dom.message.SignatureCRLTest
[INFO] Running org.apache.wss4j.dom.message.DerivedKeyTest
[INFO] Tests run: 8, Failures: 0, Errors: 0, Skipped: 0, Time elapsed: 409.28 s - in org.apache.wss4j.dom.message.DerivedKeyTest
[INFO] Running org.apache.wss4j.dom.message.SKISignatureTest
[INFO] Tests run: 3, Failures: 0, Errors: 0, Skipped: 0, Time elapsed: 0.019 s - in org.apache.wss4j.dom.message.SKISignatureTest
[INFO] Running org.apache.wss4j.dom.message.NoSoapPrefixSignatureTest
[INFO] Tests run: 1, Failures: 0, Errors: 0, Skipped: 0, Time elapsed: 0.008 s - in org.apache.wss4j.dom.message.NoSoapPrefixSignatureTest
[INFO] Running org.apache.wss4j.dom.message.SignatureCertTest
[INFO] Tests run: 7, Failures: 0, Errors: 0, Skipped: 0, Time elapsed: 0.037 s - in org.apache.wss4j.dom.message.SignatureCertTest
[INFO] Running org.apache.wss4j.dom.message.PasswordTypeTest
[INFO] Tests run: 3, Failures: 0, Errors: 0, Skipped: 0, Time elapsed: 30.572 s - in org.apache.wss4j.dom.message.PasswordTypeTest
[INFO] Running org.apache.wss4j.dom.message.SignatureCertConstraintsTest
[INFO] Tests run: 2, Failures: 0, Errors: 0, Skipped: 0, Time elapsed: 0.014 s - in org.apache.wss4j.dom.message.SignatureCertConstraintsTest
[INFO] Running org.apache.wss4j.dom.message.EncryptedDataInHeaderTest
[INFO] Tests run: 1, Failures: 0, Errors: 0, Skipped: 0, Time elapsed: 58.619 s - in org.apache.wss4j.dom.message.EncryptedDataInHeaderTest
[INFO] Running org.apache.wss4j.dom.message.SignatureProviderTest
[INFO] Tests run: 1, Failures: 0, Errors: 0, Skipped: 0, Time elapsed: 0.064 s - in org.apache.wss4j.dom.message.SignatureProviderTest
[INFO] Running org.apache.wss4j.dom.message.TimestampTest
[INFO] Tests run: 19, Failures: 0, Errors: 0, Skipped: 0, Time elapsed: 0.054 s - in org.apache.wss4j.dom.message.TimestampTest
[INFO] Running org.apache.wss4j.dom.message.SignatureTest
[INFO] Tests run: 28, Failures: 0, Errors: 0, Skipped: 0, Time elapsed: 58.129 s - in org.apache.wss4j.dom.message.SignatureTest
[INFO] Running org.apache.wss4j.dom.message.RequireSignedEncryptedDataElementsTest
[INFO] Tests run: 9, Failures: 0, Errors: 0, Skipped: 0, Time elapsed: 643.679 s - in org.apache.wss4j.dom.message.RequireSignedEncryptedDataElementsTest
[INFO] Running org.apache.wss4j.dom.message.SignatureWSS651Test
[INFO] Tests run: 1, Failures: 0, Errors: 0, Skipped: 0, Time elapsed: 0.015 s - in org.apache.wss4j.dom.message.SignatureWSS651Test
[INFO] Running org.apache.wss4j.dom.message.UTDerivedKeyTest
[INFO] Tests run: 15, Failures: 0, Errors: 0, Skipped: 0, Time elapsed: 599.003 s - in org.apache.wss4j.dom.message.UTDerivedKeyTest
[INFO] Running org.apache.wss4j.dom.message.XOPAttachmentTest
[INFO] Tests run: 13, Failures: 0, Errors: 0, Skipped: 0, Time elapsed: 194.086 s - in org.apache.wss4j.dom.message.XOPAttachmentTest
[INFO] Running org.apache.wss4j.dom.message.SignatureAKITest
[INFO] Tests run: 2, Failures: 0, Errors: 0, Skipped: 0, Time elapsed: 0.023 s - in org.apache.wss4j.dom.message.SignatureAKITest
[INFO] Running org.apache.wss4j.dom.message.CertErrorTest
[INFO] Tests run: 2, Failures: 0, Errors: 0, Skipped: 0, Time elapsed: 0.008 s - in org.apache.wss4j.dom.message.CertErrorTest
[INFO] Running org.apache.wss4j.dom.message.UTSignatureTest
[INFO] Tests run: 4, Failures: 0, Errors: 0, Skipped: 0, Time elapsed: 77.704 s - in org.apache.wss4j.dom.message.UTSignatureTest
[INFO] Running org.apache.wss4j.dom.message.SymmetricSignatureTest
[INFO] Tests run: 4, Failures: 0, Errors: 0, Skipped: 0, Time elapsed: 13.35 s - in org.apache.wss4j.dom.message.SymmetricSignatureTest
[INFO] Running org.apache.wss4j.dom.message.SignatureEncryptionTest
[INFO] Tests run: 9, Failures: 0, Errors: 0, Skipped: 0, Time elapsed: 118.421 s - in org.apache.wss4j.dom.message.SignatureEncryptionTest
[INFO] Running org.apache.wss4j.dom.message.SignatureAlgorithmSuiteTest
[INFO] Tests run: 5, Failures: 0, Errors: 0, Skipped: 0, Time elapsed: 0.033 s - in org.apache.wss4j.dom.message.SignatureAlgorithmSuiteTest
[INFO] Running org.apache.wss4j.dom.message.SecurityContextTokenTest
[INFO] Tests run: 7, Failures: 0, Errors: 0, Skipped: 0, Time elapsed: 126.273 s - in org.apache.wss4j.dom.message.SecurityContextTokenTest
[INFO] Running org.apache.wss4j.dom.message.EncryptionTest
[INFO] Tests run: 13, Failures: 0, Errors: 0, Skipped: 0, Time elapsed: 178.433 s - in org.apache.wss4j.dom.message.EncryptionTest
[INFO] Running org.apache.wss4j.dom.message.EncryptionGCMTest
[INFO] Tests run: 3, Failures: 0, Errors: 0, Skipped: 0, Time elapsed: 37.946 s - in org.apache.wss4j.dom.message.EncryptionGCMTest
[INFO] Running org.apache.wss4j.dom.message.STRSignatureTest
[INFO] Tests run: 4, Failures: 0, Errors: 0, Skipped: 0, Time elapsed: 0.029 s - in org.apache.wss4j.dom.message.STRSignatureTest
[INFO] Running org.apache.wss4j.dom.message.EncryptionAlgorithmSuiteTest
[INFO] Tests run: 5, Failures: 0, Errors: 0, Skipped: 0, Time elapsed: 71.5 s - in org.apache.wss4j.dom.message.EncryptionAlgorithmSuiteTest
[INFO] Running org.apache.wss4j.dom.message.SignedBSTTest
[INFO] Tests run: 2, Failures: 0, Errors: 0, Skipped: 0, Time elapsed: 0.01 s - in org.apache.wss4j.dom.message.SignedBSTTest
[INFO] Running org.apache.wss4j.dom.message.SignaturePrefixListTest
[INFO] Tests run: 1, Failures: 0, Errors: 0, Skipped: 0, Time elapsed: 0.008 s - in org.apache.wss4j.dom.message.SignaturePrefixListTest
[INFO] Running org.apache.wss4j.dom.message.PasswordEncryptorTest
[INFO] Tests run: 5, Failures: 0, Errors: 0, Skipped: 0, Time elapsed: 35.237 s - in org.apache.wss4j.dom.message.PasswordEncryptorTest
[INFO] Running org.apache.wss4j.dom.message.SignatureIssuerCertConstraintsTest
[INFO] Tests run: 2, Failures: 0, Errors: 0, Skipped: 0, Time elapsed: 0.016 s - in org.apache.wss4j.dom.message.SignatureIssuerCertConstraintsTest
[INFO] Running org.apache.wss4j.dom.message.ModifiedRequestTest
[Fatal Error] :1:482: An invalid XML character (Unicode: 0xb) was found in the element content of the document.
[Fatal Error] :1:244: An invalid XML character (Unicode: 0x1a) was found in the value of attribute "xmlns" and element is "add".
[INFO] Tests run: 11, Failures: 0, Errors: 0, Skipped: 0, Time elapsed: 63.718 s - in org.apache.wss4j.dom.message.ModifiedRequestTest
[INFO] Running org.apache.wss4j.dom.message.SignaturePartsTest
[INFO] Tests run: 12, Failures: 0, Errors: 0, Skipped: 0, Time elapsed: 0.098 s - in org.apache.wss4j.dom.message.SignaturePartsTest
[INFO] Running org.apache.wss4j.dom.message.DerivedKeyActionTest
[INFO] Tests run: 15, Failures: 0, Errors: 0, Skipped: 0, Time elapsed: 174.171 s - in org.apache.wss4j.dom.message.DerivedKeyActionTest
[INFO] Running org.apache.wss4j.dom.message.token.ReferenceTest
[INFO] Tests run: 4, Failures: 0, Errors: 0, Skipped: 0, Time elapsed: 0.01 s - in org.apache.wss4j.dom.message.token.ReferenceTest
[INFO] Running org.apache.wss4j.dom.message.token.BSTKerberosTest
[INFO] Tests run: 9, Failures: 0, Errors: 0, Skipped: 0, Time elapsed: 13.622 s - in org.apache.wss4j.dom.message.token.BSTKerberosTest
[INFO] Running org.apache.wss4j.dom.message.token.BinarySecurityTokenTest
[INFO] Tests run: 3, Failures: 0, Errors: 0, Skipped: 0, Time elapsed: 0.006 s - in org.apache.wss4j.dom.message.token.BinarySecurityTokenTest
[INFO] Running org.apache.wss4j.dom.message.token.WCFUsernameTokenTest
[INFO] Tests run: 2, Failures: 0, Errors: 0, Skipped: 0, Time elapsed: 0.002 s - in org.apache.wss4j.dom.message.token.WCFUsernameTokenTest
[INFO] Running org.apache.wss4j.dom.message.token.SecurityTokenReferenceTest
[INFO] Tests run: 8, Failures: 0, Errors: 0, Skipped: 0, Time elapsed: 0.005 s - in org.apache.wss4j.dom.message.token.SecurityTokenReferenceTest
[INFO] Running org.apache.wss4j.dom.message.token.DerivedKeyTokenTest
[INFO] Tests run: 2, Failures: 0, Errors: 0, Skipped: 0, Time elapsed: 0.004 s - in org.apache.wss4j.dom.message.token.DerivedKeyTokenTest
[INFO] Running org.apache.wss4j.dom.message.EncryptionCRLTest
[WARNING] Tests run: 2, Failures: 0, Errors: 0, Skipped: 1, Time elapsed: 4.695 s - in org.apache.wss4j.dom.message.EncryptionCRLTest
[INFO] Running org.apache.wss4j.dom.message.ReplayTest
[INFO] Tests run: 10, Failures: 0, Errors: 0, Skipped: 0, Time elapsed: 11.838 s - in org.apache.wss4j.dom.message.ReplayTest
[INFO] Running org.apache.wss4j.dom.message.SignatureKeyValueTest
[INFO] Tests run: 4, Failures: 0, Errors: 0, Skipped: 0, Time elapsed: 0.045 s - in org.apache.wss4j.dom.message.SignatureKeyValueTest
[INFO] Running org.apache.wss4j.dom.message.UsernameTokenTest
[INFO] Tests run: 31, Failures: 0, Errors: 0, Skipped: 0, Time elapsed: 91.87 s - in org.apache.wss4j.dom.message.UsernameTokenTest
[INFO] Running org.apache.wss4j.dom.message.EncryptionPartsTest
[INFO] Tests run: 11, Failures: 0, Errors: 0, Skipped: 0, Time elapsed: 72.653 s - in org.apache.wss4j.dom.message.EncryptionPartsTest
[INFO] Running org.apache.wss4j.dom.processor.ReferenceListDataRefTest
[INFO] Tests run: 1, Failures: 0, Errors: 0, Skipped: 0, Time elapsed: 7.687 s - in org.apache.wss4j.dom.processor.ReferenceListDataRefTest
[INFO] Running org.apache.wss4j.dom.processor.EncryptedKeyDataRefTest
[INFO] Tests run: 1, Failures: 0, Errors: 0, Skipped: 0, Time elapsed: 6.955 s - in org.apache.wss4j.dom.processor.EncryptedKeyDataRefTest
[INFO] 
[INFO] Results:
[INFO] 
[WARNING] Tests run: 531, Failures: 0, Errors: 0, Skipped: 5
[INFO] 
[INFO] 
[INFO] --------------< org.apache.wss4j:wss4j-ws-security-stax >---------------
[INFO] Building Apache WSS4J Streaming WS-Security 3.0.1-SNAPSHOT        [7/10]
[INFO] --------------------------------[ jar ]---------------------------------
[INFO] 
[INFO] --- maven-clean-plugin:3.1.0:clean (default-clean) @ wss4j-ws-security-stax ---
[INFO] Deleting /home/gabsko/breaking-updates/ws-security-stax/target
[INFO] 
[INFO] --- maven-enforcer-plugin:3.0.0:enforce (enforce-maven-version) @ wss4j-ws-security-stax ---
[INFO] 
[INFO] --- maven-enforcer-plugin:3.0.0:enforce (enforce-java-version) @ wss4j-ws-security-stax ---
[INFO] 
[INFO] --- maven-enforcer-plugin:3.0.0:enforce (enforce-output-timestamp-property) @ wss4j-ws-security-stax ---
[INFO] 
[INFO] >>> maven-pmd-plugin:3.17.0:check (validate) > :pmd @ wss4j-ws-security-stax >>>
[INFO] 
[INFO] --- maven-pmd-plugin:3.17.0:pmd (pmd) @ wss4j-ws-security-stax ---
[INFO] PMD version: 6.46.0
[WARNING] Removed misconfigured rule: LoosePackageCoupling  cause: No packages or classes specified
[INFO] 
[INFO] <<< maven-pmd-plugin:3.17.0:check (validate) < :pmd @ wss4j-ws-security-stax <<<
[INFO] 
[INFO] 
[INFO] --- maven-pmd-plugin:3.17.0:check (validate) @ wss4j-ws-security-stax ---
[INFO] PMD version: 6.46.0
[INFO] 
[INFO] 
[INFO] --- maven-checkstyle-plugin:3.1.2:check (validate) @ wss4j-ws-security-stax ---
[INFO] You have 0 Checkstyle violations.
[INFO] 
[INFO] --- maven-bundle-plugin:5.1.4:cleanVersions (versions) @ wss4j-ws-security-stax ---
[INFO] 
[INFO] --- maven-remote-resources-plugin:1.7.0:process (process-resource-bundles) @ wss4j-ws-security-stax ---
[INFO] Preparing remote bundle org.apache:apache-jar-resource-bundle:1.4
[INFO] Copying 3 resources from 1 bundle.
[INFO] 
[INFO] --- maven-resources-plugin:3.2.0:resources (default-resources) @ wss4j-ws-security-stax ---
[INFO] Using 'UTF-8' encoding to copy filtered resources.
[INFO] Using 'UTF-8' encoding to copy filtered properties files.
[INFO] Copying 0 resource
[INFO] Copying 18 resources
[INFO] skip non existing resourceDirectory /home/gabsko/breaking-updates/ws-security-stax/src/main/resources-filtered
[INFO] skip non existing resourceDirectory /home/gabsko/breaking-updates/ws-security-stax/target/generated/src/main/resources
[INFO] Copying 3 resources
[INFO] 
[INFO] --- maven-compiler-plugin:3.8.1:compile (default-compile) @ wss4j-ws-security-stax ---
[INFO] Changes detected - recompiling the module!
[INFO] Compiling 127 source files to /home/gabsko/breaking-updates/ws-security-stax/target/classes
[INFO] /home/gabsko/breaking-updates/ws-security-stax/src/main/java/org/apache/wss4j/stax/ext/WSSCrypto.java: Some input files use or override a deprecated API.
[INFO] /home/gabsko/breaking-updates/ws-security-stax/src/main/java/org/apache/wss4j/stax/ext/WSSCrypto.java: Recompile with -Xlint:deprecation for details.
[INFO] 
[INFO] --- maven-bundle-plugin:5.1.4:manifest (bundle-manifest) @ wss4j-ws-security-stax ---
[WARNING] Manifest org.apache.wss4j:wss4j-ws-security-stax:jar:3.0.1-SNAPSHOT : Unused Import-Package instructions: [javax.xml.bind*] 
[INFO] Writing manifest: /home/gabsko/breaking-updates/ws-security-stax/target/classes/META-INF/MANIFEST.MF
[INFO] 
[INFO] --- maven-resources-plugin:3.2.0:testResources (default-testResources) @ wss4j-ws-security-stax ---
[INFO] Using 'UTF-8' encoding to copy filtered resources.
[INFO] Using 'UTF-8' encoding to copy filtered properties files.
[INFO] Copying 0 resource
[INFO] Copying 17 resources
[INFO] skip non existing resourceDirectory /home/gabsko/breaking-updates/ws-security-stax/target/generated/src/test/resources
[INFO] Copying 3 resources
[INFO] 
[INFO] --- maven-compiler-plugin:3.8.1:testCompile (default-testCompile) @ wss4j-ws-security-stax ---
[INFO] Changes detected - recompiling the module!
[INFO] Compiling 49 source files to /home/gabsko/breaking-updates/ws-security-stax/target/test-classes
[INFO] /home/gabsko/breaking-updates/ws-security-stax/src/test/java/org/apache/wss4j/stax/test/EncDecryptionTest.java: Some input files use or override a deprecated API.
[INFO] /home/gabsko/breaking-updates/ws-security-stax/src/test/java/org/apache/wss4j/stax/test/EncDecryptionTest.java: Recompile with -Xlint:deprecation for details.
[INFO] 
[INFO] --- maven-surefire-plugin:3.0.0-M7:test (default-test) @ wss4j-ws-security-stax ---
[INFO] Using auto detected provider org.apache.maven.surefire.junitplatform.JUnitPlatformProvider
[INFO] 
[INFO] -------------------------------------------------------
[INFO]  T E S T S
[INFO] -------------------------------------------------------
[INFO] Running org.apache.wss4j.stax.test.AttachmentTest
[INFO] Tests run: 16, Failures: 0, Errors: 0, Skipped: 0, Time elapsed: 629.116 s - in org.apache.wss4j.stax.test.AttachmentTest
[INFO] Running org.apache.wss4j.stax.test.SignatureCRLTest
[WARNING] Tests run: 1, Failures: 0, Errors: 0, Skipped: 1, Time elapsed: 0.233 s - in org.apache.wss4j.stax.test.SignatureCRLTest
[INFO] Running org.apache.wss4j.stax.test.ConfigurationPropertiesTest
[INFO] Tests run: 1, Failures: 0, Errors: 0, Skipped: 0, Time elapsed: 0.706 s - in org.apache.wss4j.stax.test.ConfigurationPropertiesTest
[INFO] Running org.apache.wss4j.stax.test.PrincipalTest
[INFO] Tests run: 6, Failures: 0, Errors: 0, Skipped: 0, Time elapsed: 31.112 s - in org.apache.wss4j.stax.test.PrincipalTest
[INFO] Running org.apache.wss4j.stax.test.MultipleActionTest
[WARNING] Tests run: 3, Failures: 0, Errors: 0, Skipped: 2, Time elapsed: 0.686 s - in org.apache.wss4j.stax.test.MultipleActionTest
[INFO] Running org.apache.wss4j.stax.test.ConfigurationConverterTest
[INFO] Tests run: 9, Failures: 0, Errors: 0, Skipped: 0, Time elapsed: 0.912 s - in org.apache.wss4j.stax.test.ConfigurationConverterTest
[INFO] Running org.apache.wss4j.stax.test.PasswordTypeTest
[INFO] Tests run: 2, Failures: 0, Errors: 0, Skipped: 0, Time elapsed: 26.134 s - in org.apache.wss4j.stax.test.PasswordTypeTest
[INFO] Running org.apache.wss4j.stax.test.EncDecryptionTest
[WARNING] Tests run: 42, Failures: 0, Errors: 0, Skipped: 1, Time elapsed: 3,302.398 s - in org.apache.wss4j.stax.test.EncDecryptionTest
[INFO] Running org.apache.wss4j.stax.test.TimestampTest
[INFO] Tests run: 16, Failures: 0, Errors: 0, Skipped: 0, Time elapsed: 37.288 s - in org.apache.wss4j.stax.test.TimestampTest
[INFO] Running org.apache.wss4j.stax.test.HeaderOrderingTest
[INFO] Tests run: 12, Failures: 0, Errors: 0, Skipped: 0, Time elapsed: 550.745 s - in org.apache.wss4j.stax.test.HeaderOrderingTest
[INFO] Running org.apache.wss4j.stax.test.SignatureTest
[INFO] Tests run: 35, Failures: 0, Errors: 0, Skipped: 0, Time elapsed: 2.244 s - in org.apache.wss4j.stax.test.SignatureTest
[INFO] Running org.apache.wss4j.stax.test.OutputChainTest
[INFO] Tests run: 3, Failures: 0, Errors: 0, Skipped: 0, Time elapsed: 27.264 s - in org.apache.wss4j.stax.test.OutputChainTest
[INFO] Running org.apache.wss4j.stax.test.SignatureIssuerCertConstaintsTest
[INFO] Tests run: 2, Failures: 0, Errors: 0, Skipped: 0, Time elapsed: 1.321 s - in org.apache.wss4j.stax.test.SignatureIssuerCertConstaintsTest
[INFO] Running org.apache.wss4j.stax.test.SignatureEncryptionTest
[INFO] Tests run: 5, Failures: 0, Errors: 0, Skipped: 0, Time elapsed: 180.59 s - in org.apache.wss4j.stax.test.SignatureEncryptionTest
[INFO] Running org.apache.wss4j.stax.test.VulnerabliltyVectorsDecompressedBytesTest
[INFO] Tests run: 1, Failures: 0, Errors: 0, Skipped: 0, Time elapsed: 25.803 s - in org.apache.wss4j.stax.test.VulnerabliltyVectorsDecompressedBytesTest
[INFO] Running org.apache.wss4j.stax.test.SignatureCertConstaintsTest
[INFO] Tests run: 2, Failures: 0, Errors: 0, Skipped: 0, Time elapsed: 1.178 s - in org.apache.wss4j.stax.test.SignatureCertConstaintsTest
[INFO] Running org.apache.wss4j.stax.test.InteroperabilityTest
[INFO] Tests run: 20, Failures: 0, Errors: 0, Skipped: 0, Time elapsed: 4,664.586 s - in org.apache.wss4j.stax.test.InteroperabilityTest
[INFO] Running org.apache.wss4j.stax.test.SecurityContextTokenTest
[INFO] Tests run: 26, Failures: 0, Errors: 0, Skipped: 0, Time elapsed: 1,741.715 s - in org.apache.wss4j.stax.test.SecurityContextTokenTest
[INFO] Running org.apache.wss4j.stax.test.saml.CustomContentsTest
[INFO] Tests run: 1, Failures: 0, Errors: 0, Skipped: 0, Time elapsed: 1.697 s - in org.apache.wss4j.stax.test.saml.CustomContentsTest
[INFO] Running org.apache.wss4j.stax.test.saml.SamlConditionsTest
[INFO] Tests run: 14, Failures: 0, Errors: 0, Skipped: 0, Time elapsed: 2.352 s - in org.apache.wss4j.stax.test.saml.SamlConditionsTest
[INFO] Running org.apache.wss4j.stax.test.saml.SAMLTokenTest
[INFO] Tests run: 25, Failures: 0, Errors: 0, Skipped: 0, Time elapsed: 18.485 s - in org.apache.wss4j.stax.test.saml.SAMLTokenTest
[INFO] Running org.apache.wss4j.stax.test.saml.SAMLTokenNegativeTest
[INFO] Tests run: 5, Failures: 0, Errors: 0, Skipped: 0, Time elapsed: 1.744 s - in org.apache.wss4j.stax.test.saml.SAMLTokenNegativeTest
[INFO] Running org.apache.wss4j.stax.test.saml.SamlTokenDerivedTest
[INFO] Tests run: 1, Failures: 0, Errors: 0, Skipped: 0, Time elapsed: 21.64 s - in org.apache.wss4j.stax.test.saml.SamlTokenDerivedTest
[INFO] Running org.apache.wss4j.stax.test.saml.SAMLTokenReferenceTest
[INFO] Tests run: 11, Failures: 0, Errors: 0, Skipped: 0, Time elapsed: 51.795 s - in org.apache.wss4j.stax.test.saml.SAMLTokenReferenceTest
[INFO] Running org.apache.wss4j.stax.test.saml.SAMLTokenSVTest
[INFO] Tests run: 11, Failures: 0, Errors: 0, Skipped: 0, Time elapsed: 2.276 s - in org.apache.wss4j.stax.test.saml.SAMLTokenSVTest
[INFO] Running org.apache.wss4j.stax.test.saml.SAMLTokenHOKTest
[WARNING] Tests run: 17, Failures: 0, Errors: 0, Skipped: 2, Time elapsed: 2.318 s - in org.apache.wss4j.stax.test.saml.SAMLTokenHOKTest
[INFO] Running org.apache.wss4j.stax.test.saml.SamlAuthnTest
[INFO] Tests run: 9, Failures: 0, Errors: 0, Skipped: 0, Time elapsed: 2.017 s - in org.apache.wss4j.stax.test.saml.SamlAuthnTest
[INFO] Running org.apache.wss4j.stax.test.InboundWSSecurityContextImplTest
[INFO] Tests run: 3, Failures: 0, Errors: 0, Skipped: 0, Time elapsed: 0.965 s - in org.apache.wss4j.stax.test.InboundWSSecurityContextImplTest
[INFO] Running org.apache.wss4j.stax.test.SignatureConfirmationTest
[INFO] Tests run: 4, Failures: 0, Errors: 0, Skipped: 0, Time elapsed: 1.606 s - in org.apache.wss4j.stax.test.SignatureConfirmationTest
[INFO] Running org.apache.wss4j.stax.test.SignaturePrefixListTest
[INFO] Tests run: 1, Failures: 0, Errors: 0, Skipped: 0, Time elapsed: 0.997 s - in org.apache.wss4j.stax.test.SignaturePrefixListTest
[INFO] Running org.apache.wss4j.stax.test.PasswordEncryptorTest
[INFO] Tests run: 2, Failures: 0, Errors: 0, Skipped: 0, Time elapsed: 16.412 s - in org.apache.wss4j.stax.test.PasswordEncryptorTest
[INFO] Running org.apache.wss4j.stax.test.VulnerabliltyVectorsTest
[INFO] Tests run: 7, Failures: 0, Errors: 0, Skipped: 0, Time elapsed: 171.007 s - in org.apache.wss4j.stax.test.VulnerabliltyVectorsTest
[INFO] Running org.apache.wss4j.stax.test.FaultTest
[INFO] Tests run: 3, Failures: 0, Errors: 0, Skipped: 0, Time elapsed: 25.987 s - in org.apache.wss4j.stax.test.FaultTest
[INFO] Running org.apache.wss4j.stax.test.DerivedKeyTokenTest
[INFO] Tests run: 40, Failures: 0, Errors: 0, Skipped: 0, Time elapsed: 1,862.833 s - in org.apache.wss4j.stax.test.DerivedKeyTokenTest
[INFO] Running org.apache.wss4j.stax.test.EncryptionCRLTest
[WARNING] Tests run: 2, Failures: 0, Errors: 0, Skipped: 1, Time elapsed: 26.786 s - in org.apache.wss4j.stax.test.EncryptionCRLTest
[INFO] Running org.apache.wss4j.stax.test.ReplayTest
[INFO] Tests run: 4, Failures: 0, Errors: 0, Skipped: 0, Time elapsed: 31.229 s - in org.apache.wss4j.stax.test.ReplayTest
[INFO] Running org.apache.wss4j.stax.test.UsernameTokenTest
[INFO] Tests run: 20, Failures: 0, Errors: 0, Skipped: 0, Time elapsed: 261.077 s - in org.apache.wss4j.stax.test.UsernameTokenTest
[INFO] 
[INFO] Results:
[INFO] 
[WARNING] Tests run: 382, Failures: 0, Errors: 0, Skipped: 7
[INFO] 
[INFO] 
[INFO] ---------------< org.apache.wss4j:wss4j-ws-security-web >---------------
[INFO] Building Apache WSS4J Web WS-Security 3.0.1-SNAPSHOT              [8/10]
[INFO] --------------------------------[ jar ]---------------------------------
[INFO] 
[INFO] --- maven-clean-plugin:3.1.0:clean (default-clean) @ wss4j-ws-security-web ---
[INFO] Deleting /home/gabsko/breaking-updates/ws-security-web/target
[INFO] 
[INFO] --- maven-enforcer-plugin:3.0.0:enforce (enforce-maven-version) @ wss4j-ws-security-web ---
[INFO] 
[INFO] --- maven-enforcer-plugin:3.0.0:enforce (enforce-java-version) @ wss4j-ws-security-web ---
[INFO] 
[INFO] --- maven-enforcer-plugin:3.0.0:enforce (enforce-output-timestamp-property) @ wss4j-ws-security-web ---
[INFO] 
[INFO] >>> maven-pmd-plugin:3.17.0:check (validate) > :pmd @ wss4j-ws-security-web >>>
[INFO] 
[INFO] --- maven-pmd-plugin:3.17.0:pmd (pmd) @ wss4j-ws-security-web ---
[INFO] PMD version: 6.46.0
[WARNING] Removed misconfigured rule: LoosePackageCoupling  cause: No packages or classes specified
[INFO] 
[INFO] <<< maven-pmd-plugin:3.17.0:check (validate) < :pmd @ wss4j-ws-security-web <<<
[INFO] 
[INFO] 
[INFO] --- maven-pmd-plugin:3.17.0:check (validate) @ wss4j-ws-security-web ---
[INFO] PMD version: 6.46.0
[INFO] 
[INFO] 
[INFO] --- maven-checkstyle-plugin:3.1.2:check (validate) @ wss4j-ws-security-web ---
[INFO] You have 0 Checkstyle violations.
[INFO] 
[INFO] --- maven-bundle-plugin:5.1.4:cleanVersions (versions) @ wss4j-ws-security-web ---
[INFO] 
[INFO] --- maven-remote-resources-plugin:1.7.0:process (process-resource-bundles) @ wss4j-ws-security-web ---
[INFO] Preparing remote bundle org.apache:apache-jar-resource-bundle:1.4
[INFO] Copying 3 resources from 1 bundle.
[INFO] 
[INFO] --- maven-resources-plugin:3.2.0:resources (default-resources) @ wss4j-ws-security-web ---
[INFO] Using 'UTF-8' encoding to copy filtered resources.
[INFO] Using 'UTF-8' encoding to copy filtered properties files.
[INFO] Copying 0 resource
[INFO] skip non existing resourceDirectory /home/gabsko/breaking-updates/ws-security-web/src/main/resources
[INFO] Copying 3 resources
[INFO] 
[INFO] --- maven-compiler-plugin:3.8.1:compile (default-compile) @ wss4j-ws-security-web ---
[INFO] Changes detected - recompiling the module!
[INFO] Compiling 1 source file to /home/gabsko/breaking-updates/ws-security-web/target/classes
[INFO] 
[INFO] --- maven-bundle-plugin:5.1.4:manifest (bundle-manifest) @ wss4j-ws-security-web ---
[INFO] Writing manifest: /home/gabsko/breaking-updates/ws-security-web/target/classes/META-INF/MANIFEST.MF
[INFO] 
[INFO] --- maven-resources-plugin:3.2.0:testResources (default-testResources) @ wss4j-ws-security-web ---
[INFO] Using 'UTF-8' encoding to copy filtered resources.
[INFO] Using 'UTF-8' encoding to copy filtered properties files.
[INFO] skip non existing resourceDirectory /home/gabsko/breaking-updates/ws-security-web/src/test/java
[INFO] skip non existing resourceDirectory /home/gabsko/breaking-updates/ws-security-web/src/test/resources
[INFO] skip non existing resourceDirectory /home/gabsko/breaking-updates/ws-security-web/target/generated/src/test/resources
[INFO] Copying 3 resources
[INFO] 
[INFO] --- maven-compiler-plugin:3.8.1:testCompile (default-testCompile) @ wss4j-ws-security-web ---
[INFO] No sources to compile
[INFO] 
[INFO] --- maven-surefire-plugin:3.0.0-M7:test (default-test) @ wss4j-ws-security-web ---
[INFO] 
[INFO] -----------------< org.apache.wss4j:wss4j-integration >-----------------
[INFO] Building Apache WSS4J WS-Security Integration 3.0.1-SNAPSHOT      [9/10]
[INFO] --------------------------------[ jar ]---------------------------------
[INFO] 
[INFO] --- maven-clean-plugin:3.1.0:clean (default-clean) @ wss4j-integration ---
[INFO] Deleting /home/gabsko/breaking-updates/integration/target
[INFO] 
[INFO] --- maven-enforcer-plugin:3.0.0:enforce (enforce-maven-version) @ wss4j-integration ---
[INFO] 
[INFO] --- maven-enforcer-plugin:3.0.0:enforce (enforce-java-version) @ wss4j-integration ---
[INFO] 
[INFO] --- maven-enforcer-plugin:3.0.0:enforce (enforce-output-timestamp-property) @ wss4j-integration ---
[INFO] 
[INFO] >>> maven-pmd-plugin:3.17.0:check (validate) > :pmd @ wss4j-integration >>>
[INFO] 
[INFO] --- maven-pmd-plugin:3.17.0:pmd (pmd) @ wss4j-integration ---
[INFO] PMD version: 6.46.0
[WARNING] Removed misconfigured rule: LoosePackageCoupling  cause: No packages or classes specified
[INFO] 
[INFO] <<< maven-pmd-plugin:3.17.0:check (validate) < :pmd @ wss4j-integration <<<
[INFO] 
[INFO] 
[INFO] --- maven-pmd-plugin:3.17.0:check (validate) @ wss4j-integration ---
[INFO] PMD version: 6.46.0
[INFO] 
[INFO] 
[INFO] --- maven-checkstyle-plugin:3.1.2:check (validate) @ wss4j-integration ---
[INFO] You have 0 Checkstyle violations.
[INFO] 
[INFO] --- maven-bundle-plugin:5.1.4:cleanVersions (versions) @ wss4j-integration ---
[INFO] 
[INFO] --- maven-remote-resources-plugin:1.7.0:process (process-resource-bundles) @ wss4j-integration ---
[INFO] Preparing remote bundle org.apache:apache-jar-resource-bundle:1.4
[INFO] Copying 3 resources from 1 bundle.
[INFO] 
[INFO] --- maven-resources-plugin:3.2.0:resources (default-resources) @ wss4j-integration ---
[INFO] Using 'UTF-8' encoding to copy filtered resources.
[INFO] Using 'UTF-8' encoding to copy filtered properties files.
[INFO] skip non existing resourceDirectory /home/gabsko/breaking-updates/integration/src/main/java
[INFO] skip non existing resourceDirectory /home/gabsko/breaking-updates/integration/src/main/resources
[INFO] skip non existing resourceDirectory /home/gabsko/breaking-updates/integration/src/main/resources-filtered
[INFO] skip non existing resourceDirectory /home/gabsko/breaking-updates/integration/target/generated/src/main/resources
[INFO] Copying 3 resources
[INFO] 
[INFO] --- maven-compiler-plugin:3.8.1:compile (default-compile) @ wss4j-integration ---
[INFO] No sources to compile
[INFO] 
[INFO] --- maven-bundle-plugin:5.1.4:manifest (bundle-manifest) @ wss4j-integration ---
[WARNING] Manifest org.apache.wss4j:wss4j-integration:jar:3.0.1-SNAPSHOT : Unused Export-Package instructions: [org.apache.wss4j.*] 
[INFO] Writing manifest: /home/gabsko/breaking-updates/integration/target/classes/META-INF/MANIFEST.MF
[INFO] 
[INFO] --- maven-resources-plugin:3.2.0:testResources (default-testResources) @ wss4j-integration ---
[INFO] Using 'UTF-8' encoding to copy filtered resources.
[INFO] Using 'UTF-8' encoding to copy filtered properties files.
[INFO] Copying 0 resource
[INFO] Copying 2 resources
[INFO] skip non existing resourceDirectory /home/gabsko/breaking-updates/integration/target/generated/src/test/resources
[INFO] Copying 3 resources
[INFO] 
[INFO] --- maven-compiler-plugin:3.8.1:testCompile (default-testCompile) @ wss4j-integration ---
[INFO] Changes detected - recompiling the module!
[INFO] Compiling 1 source file to /home/gabsko/breaking-updates/integration/target/test-classes
[INFO] /home/gabsko/breaking-updates/integration/src/test/java/org/apache/wss4j/integration/test/kerberos/KerberosTest.java: /home/gabsko/breaking-updates/integration/src/test/java/org/apache/wss4j/integration/test/kerberos/KerberosTest.java uses or overrides a deprecated API.
[INFO] /home/gabsko/breaking-updates/integration/src/test/java/org/apache/wss4j/integration/test/kerberos/KerberosTest.java: Recompile with -Xlint:deprecation for details.
[INFO] 
[INFO] --- maven-surefire-plugin:3.0.0-M7:test (default-test) @ wss4j-integration ---
[INFO] Using auto detected provider org.apache.maven.surefire.junitplatform.JUnitPlatformProvider
[INFO] 
[INFO] -------------------------------------------------------
[INFO]  T E S T S
[INFO] -------------------------------------------------------
[INFO] Running org.apache.wss4j.integration.test.kerberos.KerberosTest
[INFO] Tests run: 15, Failures: 0, Errors: 0, Skipped: 0, Time elapsed: 179.294 s - in org.apache.wss4j.integration.test.kerberos.KerberosTest
[INFO] 
[INFO] Results:
[INFO] 
[INFO] Tests run: 15, Failures: 0, Errors: 0, Skipped: 0
[INFO] 
[INFO] 
[INFO] -----------< org.apache.wss4j:wss4j-ws-security-policy-stax >-----------
[INFO] Building Apache WSS4J Streaming WS-SecurityPolicy 3.0.1-SNAPSHOT [10/10]
[INFO] --------------------------------[ jar ]---------------------------------
[INFO] 
[INFO] --- maven-clean-plugin:3.1.0:clean (default-clean) @ wss4j-ws-security-policy-stax ---
[INFO] Deleting /home/gabsko/breaking-updates/ws-security-policy-stax/target
[INFO] 
[INFO] --- maven-enforcer-plugin:3.0.0:enforce (enforce-maven-version) @ wss4j-ws-security-policy-stax ---
[INFO] 
[INFO] --- maven-enforcer-plugin:3.0.0:enforce (enforce-java-version) @ wss4j-ws-security-policy-stax ---
[INFO] 
[INFO] --- maven-enforcer-plugin:3.0.0:enforce (enforce-output-timestamp-property) @ wss4j-ws-security-policy-stax ---
[INFO] 
[INFO] >>> maven-pmd-plugin:3.17.0:check (validate) > :pmd @ wss4j-ws-security-policy-stax >>>
[INFO] 
[INFO] --- maven-pmd-plugin:3.17.0:pmd (pmd) @ wss4j-ws-security-policy-stax ---
[INFO] PMD version: 6.46.0
[WARNING] Removed misconfigured rule: LoosePackageCoupling  cause: No packages or classes specified
[INFO] 
[INFO] <<< maven-pmd-plugin:3.17.0:check (validate) < :pmd @ wss4j-ws-security-policy-stax <<<
[INFO] 
[INFO] 
[INFO] --- maven-pmd-plugin:3.17.0:check (validate) @ wss4j-ws-security-policy-stax ---
[INFO] PMD version: 6.46.0
[INFO] 
[INFO] 
[INFO] --- maven-checkstyle-plugin:3.1.2:check (validate) @ wss4j-ws-security-policy-stax ---
[INFO] You have 0 Checkstyle violations.
[INFO] 
[INFO] --- maven-bundle-plugin:5.1.4:cleanVersions (versions) @ wss4j-ws-security-policy-stax ---
[INFO] 
[INFO] --- maven-remote-resources-plugin:1.7.0:process (process-resource-bundles) @ wss4j-ws-security-policy-stax ---
[INFO] Preparing remote bundle org.apache:apache-jar-resource-bundle:1.4
[INFO] Copying 3 resources from 1 bundle.
[INFO] 
[INFO] --- maven-resources-plugin:3.2.0:resources (default-resources) @ wss4j-ws-security-policy-stax ---
[INFO] Using 'UTF-8' encoding to copy filtered resources.
[INFO] Using 'UTF-8' encoding to copy filtered properties files.
[INFO] Copying 0 resource
[INFO] Copying 8 resources
[INFO] skip non existing resourceDirectory /home/gabsko/breaking-updates/ws-security-policy-stax/src/main/resources-filtered
[INFO] skip non existing resourceDirectory /home/gabsko/breaking-updates/ws-security-policy-stax/target/generated/src/main/resources
[INFO] Copying 3 resources
[INFO] 
[INFO] --- maven-compiler-plugin:3.8.1:compile (default-compile) @ wss4j-ws-security-policy-stax ---
[INFO] Changes detected - recompiling the module!
[INFO] Compiling 37 source files to /home/gabsko/breaking-updates/ws-security-policy-stax/target/classes
[INFO] 
[INFO] --- maven-bundle-plugin:5.1.4:manifest (bundle-manifest) @ wss4j-ws-security-policy-stax ---
[INFO] Writing manifest: /home/gabsko/breaking-updates/ws-security-policy-stax/target/classes/META-INF/MANIFEST.MF
[INFO] 
[INFO] --- maven-resources-plugin:3.2.0:testResources (default-testResources) @ wss4j-ws-security-policy-stax ---
[INFO] Using 'UTF-8' encoding to copy filtered resources.
[INFO] Using 'UTF-8' encoding to copy filtered properties files.
[INFO] Copying 0 resource
[INFO] Copying 10 resources
[INFO] skip non existing resourceDirectory /home/gabsko/breaking-updates/ws-security-policy-stax/target/generated/src/test/resources
[INFO] Copying 3 resources
[INFO] 
[INFO] --- maven-compiler-plugin:3.8.1:testCompile (default-testCompile) @ wss4j-ws-security-policy-stax ---
[INFO] Changes detected - recompiling the module!
[INFO] Compiling 32 source files to /home/gabsko/breaking-updates/ws-security-policy-stax/target/test-classes
[INFO] 
[INFO] --- maven-surefire-plugin:3.0.0-M7:test (default-test) @ wss4j-ws-security-policy-stax ---
[INFO] Using auto detected provider org.apache.maven.surefire.junitplatform.JUnitPlatformProvider
[INFO] 
[INFO] -------------------------------------------------------
[INFO]  T E S T S
[INFO] -------------------------------------------------------
[INFO] Running org.apache.wss4j.policy.stax.test.ProtectionOrderTest
[INFO] Tests run: 6, Failures: 0, Errors: 0, Skipped: 0, Time elapsed: 0.728 s - in org.apache.wss4j.policy.stax.test.ProtectionOrderTest
[INFO] Running org.apache.wss4j.policy.stax.test.RelTokenTest
[INFO] Tests run: 1, Failures: 0, Errors: 0, Skipped: 0, Time elapsed: 0.043 s - in org.apache.wss4j.policy.stax.test.RelTokenTest
[INFO] Running org.apache.wss4j.policy.stax.test.WSP13SpecTest
[INFO] Tests run: 4, Failures: 0, Errors: 0, Skipped: 0, Time elapsed: 0.549 s - in org.apache.wss4j.policy.stax.test.WSP13SpecTest
[INFO] Running org.apache.wss4j.policy.stax.test.AsymmetricBindingIntegrationTest
[ERROR] Tests run: 23, Failures: 0, Errors: 1, Skipped: 0, Time elapsed: 2,065.72 s <<< FAILURE! - in org.apache.wss4j.policy.stax.test.AsymmetricBindingIntegrationTest
[ERROR] org.apache.wss4j.policy.stax.test.AsymmetricBindingIntegrationTest.testTokenScenarioLateEncryption  Time elapsed: 452.655 s  <<< ERROR!
javax.xml.stream.XMLStreamException: org.apache.wss4j.common.ext.WSSecurityException: SAML token security failure
	at org.apache.xml.security.stax.impl.XMLSecurityStreamReader.next(XMLSecurityStreamReader.java:99)
	at org.apache.wss4j.stax.impl.WSSecurityStreamReader.next(WSSecurityStreamReader.java:45)
	at org.apache.wss4j.stax.test.utils.StAX2DOM.readDoc(StAX2DOM.java:34)
	at org.apache.wss4j.stax.test.AbstractTestBase.doInboundSecurity(AbstractTestBase.java:149)
	at org.apache.wss4j.stax.test.AbstractTestBase.doInboundSecurity(AbstractTestBase.java:141)
	at org.apache.wss4j.stax.test.AbstractTestBase.doInboundSecurity(AbstractTestBase.java:124)
	at org.apache.wss4j.policy.stax.test.AsymmetricBindingIntegrationTest.testTokenScenarioLateEncryption(AsymmetricBindingIntegrationTest.java:2429)
	at java.base/jdk.internal.reflect.NativeMethodAccessorImpl.invoke0(Native Method)
	at java.base/jdk.internal.reflect.NativeMethodAccessorImpl.invoke(NativeMethodAccessorImpl.java:62)
	at java.base/jdk.internal.reflect.DelegatingMethodAccessorImpl.invoke(DelegatingMethodAccessorImpl.java:43)
	at java.base/java.lang.reflect.Method.invoke(Method.java:566)
	at org.junit.platform.commons.util.ReflectionUtils.invokeMethod(ReflectionUtils.java:727)
	at org.junit.jupiter.engine.execution.MethodInvocation.proceed(MethodInvocation.java:60)
	at org.junit.jupiter.engine.execution.InvocationInterceptorChain$ValidatingInvocation.proceed(InvocationInterceptorChain.java:131)
	at org.junit.jupiter.engine.extension.TimeoutExtension.intercept(TimeoutExtension.java:156)
	at org.junit.jupiter.engine.extension.TimeoutExtension.interceptTestableMethod(TimeoutExtension.java:147)
	at org.junit.jupiter.engine.extension.TimeoutExtension.interceptTestMethod(TimeoutExtension.java:86)
	at org.junit.jupiter.engine.execution.InterceptingExecutableInvoker$ReflectiveInterceptorCall.lambda$ofVoidMethod$0(InterceptingExecutableInvoker.java:103)
	at org.junit.jupiter.engine.execution.InterceptingExecutableInvoker.lambda$invoke$0(InterceptingExecutableInvoker.java:93)
	at org.junit.jupiter.engine.execution.InvocationInterceptorChain$InterceptedInvocation.proceed(InvocationInterceptorChain.java:106)
	at org.junit.jupiter.engine.execution.InvocationInterceptorChain.proceed(InvocationInterceptorChain.java:64)
	at org.junit.jupiter.engine.execution.InvocationInterceptorChain.chainAndInvoke(InvocationInterceptorChain.java:45)
	at org.junit.jupiter.engine.execution.InvocationInterceptorChain.invoke(InvocationInterceptorChain.java:37)
	at org.junit.jupiter.engine.execution.InterceptingExecutableInvoker.invoke(InterceptingExecutableInvoker.java:92)
	at org.junit.jupiter.engine.execution.InterceptingExecutableInvoker.invoke(InterceptingExecutableInvoker.java:86)
	at org.junit.jupiter.engine.descriptor.TestMethodTestDescriptor.lambda$invokeTestMethod$7(TestMethodTestDescriptor.java:217)
	at org.junit.platform.engine.support.hierarchical.ThrowableCollector.execute(ThrowableCollector.java:73)
	at org.junit.jupiter.engine.descriptor.TestMethodTestDescriptor.invokeTestMethod(TestMethodTestDescriptor.java:213)
	at org.junit.jupiter.engine.descriptor.TestMethodTestDescriptor.execute(TestMethodTestDescriptor.java:138)
	at org.junit.jupiter.engine.descriptor.TestMethodTestDescriptor.execute(TestMethodTestDescriptor.java:68)
	at org.junit.platform.engine.support.hierarchical.NodeTestTask.lambda$executeRecursively$6(NodeTestTask.java:151)
	at org.junit.platform.engine.support.hierarchical.ThrowableCollector.execute(ThrowableCollector.java:73)
	at org.junit.platform.engine.support.hierarchical.NodeTestTask.lambda$executeRecursively$8(NodeTestTask.java:141)
	at org.junit.platform.engine.support.hierarchical.Node.around(Node.java:137)
	at org.junit.platform.engine.support.hierarchical.NodeTestTask.lambda$executeRecursively$9(NodeTestTask.java:139)
	at org.junit.platform.engine.support.hierarchical.ThrowableCollector.execute(ThrowableCollector.java:73)
	at org.junit.platform.engine.support.hierarchical.NodeTestTask.executeRecursively(NodeTestTask.java:138)
	at org.junit.platform.engine.support.hierarchical.NodeTestTask.execute(NodeTestTask.java:95)
	at java.base/java.util.ArrayList.forEach(ArrayList.java:1541)
	at org.junit.platform.engine.support.hierarchical.SameThreadHierarchicalTestExecutorService.invokeAll(SameThreadHierarchicalTestExecutorService.java:41)
	at org.junit.platform.engine.support.hierarchical.NodeTestTask.lambda$executeRecursively$6(NodeTestTask.java:155)
	at org.junit.platform.engine.support.hierarchical.ThrowableCollector.execute(ThrowableCollector.java:73)
	at org.junit.platform.engine.support.hierarchical.NodeTestTask.lambda$executeRecursively$8(NodeTestTask.java:141)
	at org.junit.platform.engine.support.hierarchical.Node.around(Node.java:137)
	at org.junit.platform.engine.support.hierarchical.NodeTestTask.lambda$executeRecursively$9(NodeTestTask.java:139)
	at org.junit.platform.engine.support.hierarchical.ThrowableCollector.execute(ThrowableCollector.java:73)
	at org.junit.platform.engine.support.hierarchical.NodeTestTask.executeRecursively(NodeTestTask.java:138)
	at org.junit.platform.engine.support.hierarchical.NodeTestTask.execute(NodeTestTask.java:95)
	at java.base/java.util.ArrayList.forEach(ArrayList.java:1541)
	at org.junit.platform.engine.support.hierarchical.SameThreadHierarchicalTestExecutorService.invokeAll(SameThreadHierarchicalTestExecutorService.java:41)
	at org.junit.platform.engine.support.hierarchical.NodeTestTask.lambda$executeRecursively$6(NodeTestTask.java:155)
	at org.junit.platform.engine.support.hierarchical.ThrowableCollector.execute(ThrowableCollector.java:73)
	at org.junit.platform.engine.support.hierarchical.NodeTestTask.lambda$executeRecursively$8(NodeTestTask.java:141)
	at org.junit.platform.engine.support.hierarchical.Node.around(Node.java:137)
	at org.junit.platform.engine.support.hierarchical.NodeTestTask.lambda$executeRecursively$9(NodeTestTask.java:139)
	at org.junit.platform.engine.support.hierarchical.ThrowableCollector.execute(ThrowableCollector.java:73)
	at org.junit.platform.engine.support.hierarchical.NodeTestTask.executeRecursively(NodeTestTask.java:138)
	at org.junit.platform.engine.support.hierarchical.NodeTestTask.execute(NodeTestTask.java:95)
	at org.junit.platform.engine.support.hierarchical.SameThreadHierarchicalTestExecutorService.submit(SameThreadHierarchicalTestExecutorService.java:35)
	at org.junit.platform.engine.support.hierarchical.HierarchicalTestExecutor.execute(HierarchicalTestExecutor.java:57)
	at org.junit.platform.engine.support.hierarchical.HierarchicalTestEngine.execute(HierarchicalTestEngine.java:54)
	at org.junit.platform.launcher.core.EngineExecutionOrchestrator.execute(EngineExecutionOrchestrator.java:147)
	at org.junit.platform.launcher.core.EngineExecutionOrchestrator.execute(EngineExecutionOrchestrator.java:127)
	at org.junit.platform.launcher.core.EngineExecutionOrchestrator.execute(EngineExecutionOrchestrator.java:90)
	at org.junit.platform.launcher.core.EngineExecutionOrchestrator.lambda$execute$0(EngineExecutionOrchestrator.java:55)
	at org.junit.platform.launcher.core.EngineExecutionOrchestrator.withInterceptedStreams(EngineExecutionOrchestrator.java:102)
	at org.junit.platform.launcher.core.EngineExecutionOrchestrator.execute(EngineExecutionOrchestrator.java:54)
	at org.junit.platform.launcher.core.DefaultLauncher.execute(DefaultLauncher.java:114)
	at org.junit.platform.launcher.core.DefaultLauncher.execute(DefaultLauncher.java:86)
	at org.junit.platform.launcher.core.DefaultLauncherSession$DelegatingLauncher.execute(DefaultLauncherSession.java:86)
	at org.apache.maven.surefire.junitplatform.LazyLauncher.execute(LazyLauncher.java:55)
	at org.apache.maven.surefire.junitplatform.JUnitPlatformProvider.execute(JUnitPlatformProvider.java:223)
	at org.apache.maven.surefire.junitplatform.JUnitPlatformProvider.invokeAllTests(JUnitPlatformProvider.java:175)
	at org.apache.maven.surefire.junitplatform.JUnitPlatformProvider.invoke(JUnitPlatformProvider.java:139)
	at org.apache.maven.surefire.booter.ForkedBooter.runSuitesInProcess(ForkedBooter.java:456)
	at org.apache.maven.surefire.booter.ForkedBooter.execute(ForkedBooter.java:169)
	at org.apache.maven.surefire.booter.ForkedBooter.run(ForkedBooter.java:595)
	at org.apache.maven.surefire.booter.ForkedBooter.main(ForkedBooter.java:581)
Caused by: org.apache.wss4j.common.ext.WSSecurityException: SAML token security failure
	at org.apache.wss4j.common.saml.SamlAssertionWrapper.checkConditions(SamlAssertionWrapper.java:809)
	at org.apache.wss4j.stax.validate.SamlTokenValidatorImpl.checkConditions(SamlTokenValidatorImpl.java:230)
	at org.apache.wss4j.stax.validate.SamlTokenValidatorImpl.checkConditions(SamlTokenValidatorImpl.java:222)
	at org.apache.wss4j.stax.validate.SamlTokenValidatorImpl.validate(SamlTokenValidatorImpl.java:114)
	at org.apache.wss4j.stax.impl.processor.input.SAMLTokenInputHandler.handle(SAMLTokenInputHandler.java:191)
	at org.apache.wss4j.stax.impl.processor.input.SecurityHeaderInputProcessor.engageSecurityHeaderHandler(SecurityHeaderInputProcessor.java:218)
	at org.apache.wss4j.stax.impl.processor.input.SecurityHeaderInputProcessor.processEvent(SecurityHeaderInputProcessor.java:148)
	at org.apache.xml.security.stax.impl.InputProcessorChainImpl.processEvent(InputProcessorChainImpl.java:193)
	at org.apache.xml.security.stax.impl.XMLSecurityStreamReader.next(XMLSecurityStreamReader.java:81)
	... 77 more

[INFO] Running org.apache.wss4j.policy.stax.test.TransportBindingTest
[INFO] Tests run: 4, Failures: 0, Errors: 0, Skipped: 0, Time elapsed: 0.014 s - in org.apache.wss4j.policy.stax.test.TransportBindingTest
[INFO] Running org.apache.wss4j.policy.stax.test.SamlTokenTest
[INFO] Tests run: 2, Failures: 0, Errors: 0, Skipped: 0, Time elapsed: 0.011 s - in org.apache.wss4j.policy.stax.test.SamlTokenTest
[INFO] Running org.apache.wss4j.policy.stax.test.SignedPartsTest
[INFO] Tests run: 6, Failures: 0, Errors: 0, Skipped: 0, Time elapsed: 0.02 s - in org.apache.wss4j.policy.stax.test.SignedPartsTest
[INFO] Running org.apache.wss4j.policy.stax.test.SupportingTokensTest
[INFO] Tests run: 42, Failures: 0, Errors: 0, Skipped: 0, Time elapsed: 0.286 s - in org.apache.wss4j.policy.stax.test.SupportingTokensTest
[INFO] Running org.apache.wss4j.policy.stax.test.EncryptedPartsTest
[INFO] Tests run: 6, Failures: 0, Errors: 0, Skipped: 0, Time elapsed: 0.018 s - in org.apache.wss4j.policy.stax.test.EncryptedPartsTest
[INFO] Running org.apache.wss4j.policy.stax.test.X509TokenTest
[INFO] Tests run: 2, Failures: 0, Errors: 0, Skipped: 0, Time elapsed: 0.009 s - in org.apache.wss4j.policy.stax.test.X509TokenTest
[INFO] Running org.apache.wss4j.policy.stax.test.SpnegoContextTokenTest
[INFO] Tests run: 1, Failures: 0, Errors: 0, Skipped: 0, Time elapsed: 0.005 s - in org.apache.wss4j.policy.stax.test.SpnegoContextTokenTest
[INFO] Running org.apache.wss4j.policy.stax.test.SecureConversationTokenTest
[INFO] Tests run: 2, Failures: 0, Errors: 0, Skipped: 0, Time elapsed: 0.008 s - in org.apache.wss4j.policy.stax.test.SecureConversationTokenTest
[INFO] Running org.apache.wss4j.policy.stax.test.ContentEncryptedElementsTest
[INFO] Tests run: 2, Failures: 0, Errors: 0, Skipped: 0, Time elapsed: 0.007 s - in org.apache.wss4j.policy.stax.test.ContentEncryptedElementsTest
[INFO] Running org.apache.wss4j.policy.stax.test.TokenProtectionTest
[INFO] Tests run: 10, Failures: 0, Errors: 0, Skipped: 0, Time elapsed: 0.04 s - in org.apache.wss4j.policy.stax.test.TokenProtectionTest
[INFO] Running org.apache.wss4j.policy.stax.test.SecurityContextTokenTest
[INFO] Tests run: 2, Failures: 0, Errors: 0, Skipped: 0, Time elapsed: 0.007 s - in org.apache.wss4j.policy.stax.test.SecurityContextTokenTest
[INFO] Running org.apache.wss4j.policy.stax.test.IssuedTokenTest
[INFO] Tests run: 7, Failures: 0, Errors: 0, Skipped: 0, Time elapsed: 0.035 s - in org.apache.wss4j.policy.stax.test.IssuedTokenTest
[INFO] Running org.apache.wss4j.policy.stax.test.AlgorithmSuiteTest
[INFO] Tests run: 6, Failures: 0, Errors: 0, Skipped: 0, Time elapsed: 0.018 s - in org.apache.wss4j.policy.stax.test.AlgorithmSuiteTest
[INFO] Running org.apache.wss4j.policy.stax.test.KerberosTokenTest
[INFO] Tests run: 2, Failures: 0, Errors: 0, Skipped: 0, Time elapsed: 0.008 s - in org.apache.wss4j.policy.stax.test.KerberosTokenTest
[INFO] Running org.apache.wss4j.policy.stax.test.EncryptedElementsTest
[INFO] Tests run: 2, Failures: 0, Errors: 0, Skipped: 0, Time elapsed: 0.006 s - in org.apache.wss4j.policy.stax.test.EncryptedElementsTest
[INFO] Running org.apache.wss4j.policy.stax.test.RequiredPartsTest
[INFO] Tests run: 2, Failures: 0, Errors: 0, Skipped: 0, Time elapsed: 0.005 s - in org.apache.wss4j.policy.stax.test.RequiredPartsTest
[INFO] Running org.apache.wss4j.policy.stax.test.HttpsTokenTest
[INFO] Tests run: 2, Failures: 0, Errors: 0, Skipped: 0, Time elapsed: 0.007 s - in org.apache.wss4j.policy.stax.test.HttpsTokenTest
[INFO] Running org.apache.wss4j.policy.stax.test.RequiredElementsTest
[INFO] Tests run: 2, Failures: 0, Errors: 0, Skipped: 0, Time elapsed: 0.005 s - in org.apache.wss4j.policy.stax.test.RequiredElementsTest
[INFO] Running org.apache.wss4j.policy.stax.test.TransportBindingIntegrationTest
[INFO] Tests run: 12, Failures: 0, Errors: 0, Skipped: 0, Time elapsed: 450.517 s - in org.apache.wss4j.policy.stax.test.TransportBindingIntegrationTest
[INFO] Running org.apache.wss4j.policy.stax.test.VulnerabliltyVectorsTest
[WARNING] Tests run: 2, Failures: 0, Errors: 0, Skipped: 1, Time elapsed: 26.336 s - in org.apache.wss4j.policy.stax.test.VulnerabliltyVectorsTest
[INFO] Running org.apache.wss4j.policy.stax.test.AsymmetricBindingTest
[INFO] Tests run: 7, Failures: 0, Errors: 0, Skipped: 0, Time elapsed: 0.021 s - in org.apache.wss4j.policy.stax.test.AsymmetricBindingTest
[INFO] Running org.apache.wss4j.policy.stax.test.SignedElementsTest
[INFO] Tests run: 2, Failures: 0, Errors: 0, Skipped: 0, Time elapsed: 0.004 s - in org.apache.wss4j.policy.stax.test.SignedElementsTest
[INFO] Running org.apache.wss4j.policy.stax.test.KeyValueTokenTest
[INFO] Tests run: 2, Failures: 0, Errors: 0, Skipped: 0, Time elapsed: 0.005 s - in org.apache.wss4j.policy.stax.test.KeyValueTokenTest
[INFO] Running org.apache.wss4j.policy.stax.test.SymmetricBindingTest
[INFO] Tests run: 5, Failures: 0, Errors: 0, Skipped: 0, Time elapsed: 0.012 s - in org.apache.wss4j.policy.stax.test.SymmetricBindingTest
[INFO] Running org.apache.wss4j.policy.stax.test.UsernameTokenTest
[INFO] Tests run: 2, Failures: 0, Errors: 0, Skipped: 0, Time elapsed: 0.006 s - in org.apache.wss4j.policy.stax.test.UsernameTokenTest
[INFO] 
[INFO] Results:
[INFO] 
[ERROR] Errors: 
[ERROR]   AsymmetricBindingIntegrationTest.testTokenScenarioLateEncryption:2429->AbstractTestBase.doInboundSecurity:124->AbstractTestBase.doInboundSecurity:141->AbstractTestBase.doInboundSecurity:149  XMLStream org.apache.wss4j.common.ext.WSSecurityException: SAML token security failure
[INFO] 
[ERROR] Tests run: 168, Failures: 0, Errors: 1, Skipped: 1
[INFO] 
[INFO] ------------------------------------------------------------------------
[INFO] Reactor Summary for Apache WSS4J 3.0.1-SNAPSHOT:
[INFO] 
[INFO] Apache WSS4J ....................................... SUCCESS [  1.653 s]
[INFO] Apache WSS4J parent ................................ SUCCESS [  0.281 s]
[INFO] Apache WSS4J WS-Security Bindings .................. SUCCESS [  2.980 s]
[INFO] Apache WSS4J WS-SecurityPolicy model ............... SUCCESS [  5.535 s]
[INFO] Apache WSS4J WS-Security Common .................... SUCCESS [ 12.516 s]
[INFO] Apache WSS4J DOM WS-Security ....................... SUCCESS [  01:15 h]
[INFO] Apache WSS4J Streaming WS-Security ................. SUCCESS [  03:49 h]
[INFO] Apache WSS4J Web WS-Security ....................... SUCCESS [  0.673 s]
[INFO] Apache WSS4J WS-Security Integration ............... SUCCESS [03:00 min]
[INFO] Apache WSS4J Streaming WS-SecurityPolicy ........... FAILURE [42:27 min]
[INFO] ------------------------------------------------------------------------
[INFO] BUILD FAILURE
[INFO] ------------------------------------------------------------------------
[INFO] Total time:  05:50 h
[INFO] Finished at: 2023-01-26T17:47:15Z
[INFO] ------------------------------------------------------------------------
[ERROR] Failed to execute goal org.apache.maven.plugins:maven-surefire-plugin:3.0.0-M7:test (default-test) on project wss4j-ws-security-policy-stax: 
[ERROR] 
[ERROR] Please refer to /home/gabsko/breaking-updates/ws-security-policy-stax/target/surefire-reports for the individual test results.
[ERROR] Please refer to dump files (if any exist) [date].dump, [date]-jvmRun[N].dump and [date].dumpstream.
[ERROR] -> [Help 1]
[ERROR] 
[ERROR] To see the full stack trace of the errors, re-run Maven with the -e switch.
[ERROR] Re-run Maven using the -X switch to enable full debug logging.
[ERROR] 
[ERROR] For more information about the errors and possible solutions, please read the following articles:
[ERROR] [Help 1] http://cwiki.apache.org/confluence/display/MAVEN/MojoFailureException
[ERROR] 
[ERROR] After correcting the problems, you can resume the build with the command
[ERROR]   mvn <args> -rf :wss4j-ws-security-policy-stax
