[INFO] Scanning for projects...
[WARNING] 
[WARNING] Some problems were encountered while building the effective model for com.rultor:rultor:jar:2.0-SNAPSHOT
[WARNING] Reporting configuration should be done in <reporting> section, not in maven-site-plugin <configuration> as reportPlugins parameter.
[WARNING] 
[WARNING] It is highly recommended to fix these problems because they threaten the stability of your build.
[WARNING] 
[WARNING] For this reason, future Maven versions might no longer support building such malformed projects.
[WARNING] 
[INFO] 
[INFO] -------------------------< com.rultor:rultor >--------------------------
[INFO] Building rultor 2.0-SNAPSHOT
[INFO] --------------------------------[ jar ]---------------------------------
[WARNING] The artifact org.hibernate:hibernate-validator:jar:7.0.4.Final has been relocated to org.hibernate.validator:hibernate-validator:jar:7.0.4.Final
[INFO] Downloading from central: https://repo.maven.apache.org/maven2/com/sun/jersey/jersey-client/1.19/jersey-client-1.19.jar
[INFO] Downloading from central: https://repo.maven.apache.org/maven2/org/aspectj/aspectjrt/1.8.7/aspectjrt-1.8.7.jar
[INFO] Downloading from central: https://repo.maven.apache.org/maven2/jakarta/validation/jakarta.validation-api/3.0.0/jakarta.validation-api-3.0.0.jar
[INFO] Downloading from central: https://repo.maven.apache.org/maven2/com/sun/jersey/jersey-core/1.19/jersey-core-1.19.jar
[INFO] Downloading from central: https://repo.maven.apache.org/maven2/org/hibernate/validator/hibernate-validator/7.0.4.Final/hibernate-validator-7.0.4.Final.jar
[INFO] Downloaded from central: https://repo.maven.apache.org/maven2/com/sun/jersey/jersey-client/1.19/jersey-client-1.19.jar (134 kB at 387 kB/s)
[INFO] Downloaded from central: https://repo.maven.apache.org/maven2/jakarta/validation/jakarta.validation-api/3.0.0/jakarta.validation-api-3.0.0.jar (93 kB at 270 kB/s)
[INFO] Downloading from central: https://repo.maven.apache.org/maven2/org/glassfish/jersey/core/jersey-server/2.17/jersey-server-2.17.jar
[INFO] Downloading from central: https://repo.maven.apache.org/maven2/org/glassfish/jersey/core/jersey-common/2.17/jersey-common-2.17.jar
[INFO] Downloaded from central: https://repo.maven.apache.org/maven2/org/aspectj/aspectjrt/1.8.7/aspectjrt-1.8.7.jar (117 kB at 338 kB/s)
[INFO] Downloading from central: https://repo.maven.apache.org/maven2/org/glassfish/jersey/bundles/repackaged/jersey-guava/2.17/jersey-guava-2.17.jar
[INFO] Downloaded from central: https://repo.maven.apache.org/maven2/com/sun/jersey/jersey-core/1.19/jersey-core-1.19.jar (437 kB at 1.2 MB/s)
[INFO] Downloading from central: https://repo.maven.apache.org/maven2/org/glassfish/jersey/core/jersey-client/2.17/jersey-client-2.17.jar
[INFO] Downloaded from central: https://repo.maven.apache.org/maven2/org/hibernate/validator/hibernate-validator/7.0.4.Final/hibernate-validator-7.0.4.Final.jar (1.3 MB at 3.4 MB/s)
[INFO] Downloading from central: https://repo.maven.apache.org/maven2/org/glassfish/jersey/media/jersey-media-jaxb/2.17/jersey-media-jaxb-2.17.jar
[INFO] Downloaded from central: https://repo.maven.apache.org/maven2/org/glassfish/jersey/media/jersey-media-jaxb/2.17/jersey-media-jaxb-2.17.jar (71 kB at 180 kB/s)
[INFO] Downloading from central: https://repo.maven.apache.org/maven2/org/glassfish/hk2/hk2-api/2.4.0-b10/hk2-api-2.4.0-b10.jar
[INFO] Downloaded from central: https://repo.maven.apache.org/maven2/org/glassfish/jersey/bundles/repackaged/jersey-guava/2.17/jersey-guava-2.17.jar (965 kB at 2.4 MB/s)
[INFO] Downloading from central: https://repo.maven.apache.org/maven2/org/glassfish/hk2/hk2-utils/2.4.0-b10/hk2-utils-2.4.0-b10.jar
[INFO] Downloaded from central: https://repo.maven.apache.org/maven2/org/glassfish/hk2/hk2-api/2.4.0-b10/hk2-api-2.4.0-b10.jar (182 kB at 447 kB/s)
[INFO] Downloading from central: https://repo.maven.apache.org/maven2/org/glassfish/hk2/external/aopalliance-repackaged/2.4.0-b10/aopalliance-repackaged-2.4.0-b10.jar
[INFO] Downloaded from central: https://repo.maven.apache.org/maven2/org/glassfish/hk2/hk2-utils/2.4.0-b10/hk2-utils-2.4.0-b10.jar (95 kB at 223 kB/s)
[INFO] Downloading from central: https://repo.maven.apache.org/maven2/org/glassfish/hk2/external/javax.inject/2.4.0-b10/javax.inject-2.4.0-b10.jar
[INFO] Downloaded from central: https://repo.maven.apache.org/maven2/org/glassfish/hk2/external/javax.inject/2.4.0-b10/javax.inject-2.4.0-b10.jar (5.9 kB at 14 kB/s)
[INFO] Downloading from central: https://repo.maven.apache.org/maven2/org/glassfish/hk2/hk2-locator/2.4.0-b10/hk2-locator-2.4.0-b10.jar
[INFO] Downloaded from central: https://repo.maven.apache.org/maven2/org/glassfish/hk2/hk2-locator/2.4.0-b10/hk2-locator-2.4.0-b10.jar (171 kB at 370 kB/s)
[INFO] Downloading from central: https://repo.maven.apache.org/maven2/org/javassist/javassist/3.18.1-GA/javassist-3.18.1-GA.jar
[INFO] Downloaded from central: https://repo.maven.apache.org/maven2/org/glassfish/jersey/core/jersey-client/2.17/jersey-client-2.17.jar (156 kB at 323 kB/s)
[INFO] Downloading from central: https://repo.maven.apache.org/maven2/org/slf4j/slf4j-log4j12/1.7.12/slf4j-log4j12-1.7.12.jar
[INFO] Downloaded from central: https://repo.maven.apache.org/maven2/org/glassfish/jersey/core/jersey-server/2.17/jersey-server-2.17.jar (927 kB at 1.9 MB/s)
[INFO] Downloading from central: https://repo.maven.apache.org/maven2/javax/el/javax.el-api/3.0.1-b04/javax.el-api-3.0.1-b04.jar
[INFO] Downloaded from central: https://repo.maven.apache.org/maven2/org/slf4j/slf4j-log4j12/1.7.12/slf4j-log4j12-1.7.12.jar (8.9 kB at 18 kB/s)
[INFO] Downloading from central: https://repo.maven.apache.org/maven2/net/sourceforge/saxon/saxon/9.1.0.8/saxon-9.1.0.8-xpath.jar
[INFO] Downloaded from central: https://repo.maven.apache.org/maven2/javax/el/javax.el-api/3.0.1-b04/javax.el-api-3.0.1-b04.jar (73 kB at 141 kB/s)
[INFO] Downloading from central: https://repo.maven.apache.org/maven2/org/apache/xmlgraphics/batik-codec/1.8/batik-codec-1.8.jar
[INFO] Downloaded from central: https://repo.maven.apache.org/maven2/org/javassist/javassist/3.18.1-GA/javassist-3.18.1-GA.jar (714 kB at 1.3 MB/s)
[INFO] Downloading from central: https://repo.maven.apache.org/maven2/org/apache/xmlgraphics/xmlgraphics-commons/2.1/xmlgraphics-commons-2.1.jar
[INFO] Downloaded from central: https://repo.maven.apache.org/maven2/org/apache/xmlgraphics/xmlgraphics-commons/2.1/xmlgraphics-commons-2.1.jar (645 kB at 1.1 MB/s)
[INFO] Downloading from central: https://repo.maven.apache.org/maven2/com/fasterxml/jackson/jaxrs/jackson-jaxrs-json-provider/2.10.3/jackson-jaxrs-json-provider-2.10.3.jar
[INFO] Downloaded from central: https://repo.maven.apache.org/maven2/org/glassfish/hk2/external/aopalliance-repackaged/2.4.0-b10/aopalliance-repackaged-2.4.0-b10.jar (15 kB at 25 kB/s)
[INFO] Downloading from central: https://repo.maven.apache.org/maven2/com/fasterxml/jackson/jaxrs/jackson-jaxrs-base/2.10.3/jackson-jaxrs-base-2.10.3.jar
[INFO] Downloaded from central: https://repo.maven.apache.org/maven2/com/fasterxml/jackson/jaxrs/jackson-jaxrs-json-provider/2.10.3/jackson-jaxrs-json-provider-2.10.3.jar (16 kB at 26 kB/s)
[INFO] Downloading from central: https://repo.maven.apache.org/maven2/com/fasterxml/jackson/module/jackson-module-jaxb-annotations/2.10.3/jackson-module-jaxb-annotations-2.10.3.jar
[INFO] Downloaded from central: https://repo.maven.apache.org/maven2/com/fasterxml/jackson/jaxrs/jackson-jaxrs-base/2.10.3/jackson-jaxrs-base-2.10.3.jar (33 kB at 54 kB/s)
[INFO] Downloading from central: https://repo.maven.apache.org/maven2/org/glassfish/jersey/connectors/jersey-apache-connector/2.30.1/jersey-apache-connector-2.30.1.jar
[INFO] Downloaded from central: https://repo.maven.apache.org/maven2/org/glassfish/jersey/connectors/jersey-apache-connector/2.30.1/jersey-apache-connector-2.30.1.jar (44 kB at 70 kB/s)
[INFO] Downloading from central: https://repo.maven.apache.org/maven2/org/glassfish/jersey/inject/jersey-hk2/2.30.1/jersey-hk2-2.30.1.jar
[INFO] Downloaded from central: https://repo.maven.apache.org/maven2/com/fasterxml/jackson/module/jackson-module-jaxb-annotations/2.10.3/jackson-module-jaxb-annotations-2.10.3.jar (35 kB at 56 kB/s)
[INFO] Downloading from central: https://repo.maven.apache.org/maven2/com/kohlschutter/junixsocket/junixsocket-common/2.3.2/junixsocket-common-2.3.2.jar
[INFO] Downloaded from central: https://repo.maven.apache.org/maven2/org/apache/xmlgraphics/batik-codec/1.8/batik-codec-1.8.jar (109 kB at 172 kB/s)
[INFO] Downloading from central: https://repo.maven.apache.org/maven2/com/kohlschutter/junixsocket/junixsocket-native-common/2.3.2/junixsocket-native-common-2.3.2.jar
[INFO] Downloaded from central: https://repo.maven.apache.org/maven2/com/kohlschutter/junixsocket/junixsocket-common/2.3.2/junixsocket-common-2.3.2.jar (89 kB at 136 kB/s)
[INFO] Downloading from central: https://repo.maven.apache.org/maven2/io/netty/netty-handler-proxy/4.1.46.Final/netty-handler-proxy-4.1.46.Final.jar
[INFO] Downloaded from central: https://repo.maven.apache.org/maven2/com/kohlschutter/junixsocket/junixsocket-native-common/2.3.2/junixsocket-native-common-2.3.2.jar (355 kB at 542 kB/s)
[INFO] Downloading from central: https://repo.maven.apache.org/maven2/io/netty/netty-codec-socks/4.1.46.Final/netty-codec-socks-4.1.46.Final.jar
[INFO] Downloaded from central: https://repo.maven.apache.org/maven2/org/glassfish/jersey/inject/jersey-hk2/2.30.1/jersey-hk2-2.30.1.jar (77 kB at 117 kB/s)
[INFO] Downloading from central: https://repo.maven.apache.org/maven2/io/netty/netty-transport-native-kqueue/4.1.46.Final/netty-transport-native-kqueue-4.1.46.Final-osx-x86_64.jar
[INFO] Downloaded from central: https://repo.maven.apache.org/maven2/io/netty/netty-handler-proxy/4.1.46.Final/netty-handler-proxy-4.1.46.Final.jar (22 kB at 33 kB/s)
[INFO] Downloaded from central: https://repo.maven.apache.org/maven2/io/netty/netty-codec-socks/4.1.46.Final/netty-codec-socks-4.1.46.Final.jar (119 kB at 179 kB/s)
[INFO] Downloaded from central: https://repo.maven.apache.org/maven2/io/netty/netty-transport-native-kqueue/4.1.46.Final/netty-transport-native-kqueue-4.1.46.Final-osx-x86_64.jar (111 kB at 163 kB/s)
[INFO] Downloaded from central: https://repo.maven.apache.org/maven2/net/sourceforge/saxon/saxon/9.1.0.8/saxon-9.1.0.8-xpath.jar (47 kB at 67 kB/s)
[INFO] Downloaded from central: https://repo.maven.apache.org/maven2/org/glassfish/jersey/core/jersey-common/2.17/jersey-common-2.17.jar (677 kB at 791 kB/s)
[INFO] 
[INFO] --- maven-clean-plugin:2.5:clean (default-clean) @ rultor ---
[INFO] Deleting /home/gabsko/breaking-updates/target
[INFO] 
[INFO] --- maven-enforcer-plugin:1.4.1:enforce (enforce-java) @ rultor ---
[INFO] 
[INFO] --- buildnumber-maven-plugin:1.3:create (jcabi-build-number) @ rultor ---
[INFO] ShortRevision tag detected. The value is '7'.
[INFO] Executing: /bin/sh -c cd /home/gabsko/breaking-updates && git rev-parse --verify --short=7 HEAD
[INFO] Working directory: /home/gabsko/breaking-updates
[INFO] Storing buildNumber: b0dcb357 at timestamp: 2023-02-07T16:01:34
[WARNING] Cannot get the branch information from the git repository: 
Detecting the current branch failed: fatal: ref HEAD is not a symbolic ref

[INFO] ShortRevision tag detected. The value is '7'.
[INFO] Executing: /bin/sh -c cd /home/gabsko/breaking-updates && git rev-parse --verify --short=7 HEAD
[INFO] Working directory: /home/gabsko/breaking-updates
[INFO] Storing buildScmBranch: UNKNOWN
[INFO] 
[INFO] --- buildnumber-maven-plugin:1.3:create-timestamp (jcabi-build-number) @ rultor ---
[INFO] 
[INFO] --- maven-dependency-plugin:2.8:unpack (unpack-dynamodb-local) @ rultor ---
[INFO] Configured Artifact: com.jcabi:DynamoDBLocal:2014-01-08:zip
[INFO] Unpacking /home/gabsko/.m2/repository/com/jcabi/DynamoDBLocal/2014-01-08/DynamoDBLocal-2014-01-08.zip to /home/gabsko/breaking-updates/target/dynamodb-dist with includes "" and excludes ""
[INFO] 
[INFO] --- sass-maven-plugin:3.7.2:update-stylesheets (generate-css) @ rultor ---
[INFO] Checked 2 files for /home/gabsko/breaking-updates/src/main/scss
[INFO] Checked 0 filtered (**/*.css) files for /home/gabsko/breaking-updates/target/css
[INFO] Compiling Sass templates
[INFO] No resource element was specified, using short configuration.
[INFO] Queueing Sass template for compile: /home/gabsko/breaking-updates/src/main/scss => /home/gabsko/breaking-updates/target/css
[INFO]     >> /home/gabsko/breaking-updates/src/main/scss/main.scss => /home/gabsko/breaking-updates/target/css/main.css
[INFO]     >> /home/gabsko/breaking-updates/src/main/scss/siblings.scss => /home/gabsko/breaking-updates/target/css/siblings.css
[INFO] 
[INFO] --- htmlcompressor-maven-plugin:1.3:xml (compress-xsl) @ rultor ---
[INFO] Compressing /home/gabsko/breaking-updates/src/main/xsl
[INFO] XML compression completed.
[INFO] 
[INFO] --- maven-resources-plugin:2.6:resources (default-resources) @ rultor ---
[INFO] Using 'UTF-8' encoding to copy filtered resources.
[INFO] Copying 31 resources
[INFO] 
[INFO] --- minify-maven-plugin:1.7.4:minify (minify-js) @ rultor ---
[INFO] Starting CSS task:
[INFO] Starting JavaScript task:
[INFO] Skipping the merge step...
[INFO] Creating the minified file [home.js].
[INFO] Uncompressed size: 1891 bytes.
[INFO] Compressed size: 146 bytes minified (140 bytes gzipped).
[INFO] Creating the minified file [siblings.js].
[INFO] Uncompressed size: 2601 bytes.
[INFO] Compressed size: 499 bytes minified (313 bytes gzipped).
[INFO] 
[INFO] 
[INFO] --- minify-maven-plugin:1.7.4:minify (minify-css) @ rultor ---
[INFO] Starting CSS task:
[INFO] Processing source file [main.css].
[INFO] Processing source file [siblings.css].
[INFO] Creating the merged file [style.css.tmp].
[INFO] Creating the minified file [style.css].
[INFO] Uncompressed size: 3861 bytes.
[INFO] Compressed size: 502 bytes minified (297 bytes gzipped).
[INFO] 
[INFO] Starting JavaScript task:
[INFO] 
[INFO] --- maven-compiler-plugin:3.10.1:compile (default-compile) @ rultor ---
[INFO] Changes detected - recompiling the module!
[INFO] Compiling 130 source files to /home/gabsko/breaking-updates/target/classes
[INFO] 
[INFO] --- jcabi-maven-plugin:0.13.2:ajc (jcabi-ajc-compile) @ rultor ---
[INFO] Downloading from oss.sonatype.org: https://oss.sonatype.org/content/groups/public/com/jcabi/jcabi-log/0.14.3/jcabi-log-0.14.3.pom
[INFO] Downloaded from oss.sonatype.org: https://oss.sonatype.org/content/groups/public/com/jcabi/jcabi-log/0.14.3/jcabi-log-0.14.3.pom (4.5 kB at 5.2 kB/s)
[INFO] Downloading from oss.sonatype.org: https://oss.sonatype.org/content/groups/public/com/jcabi/jcabi-aspects/0.18/jcabi-aspects-0.18.pom
[INFO] Downloaded from oss.sonatype.org: https://oss.sonatype.org/content/groups/public/com/jcabi/jcabi-aspects/0.18/jcabi-aspects-0.18.pom (7.9 kB at 17 kB/s)
[INFO] Downloading from oss.sonatype.org: https://oss.sonatype.org/content/groups/public/org/aspectj/aspectjrt/1.8.2/aspectjrt-1.8.2.pom
[INFO] Downloaded from oss.sonatype.org: https://oss.sonatype.org/content/groups/public/org/aspectj/aspectjrt/1.8.2/aspectjrt-1.8.2.pom (1.0 kB at 2.3 kB/s)
[INFO] Downloading from oss.sonatype.org: https://oss.sonatype.org/content/groups/public/com/jcabi/jcabi-maven-slf4j/0.9/jcabi-maven-slf4j-0.9.pom
[INFO] Downloaded from oss.sonatype.org: https://oss.sonatype.org/content/groups/public/com/jcabi/jcabi-maven-slf4j/0.9/jcabi-maven-slf4j-0.9.pom (4.7 kB at 11 kB/s)
[INFO] Downloading from oss.sonatype.org: https://oss.sonatype.org/content/groups/public/org/aspectj/aspectjtools/1.8.6/aspectjtools-1.8.6.pom
[INFO] Downloaded from oss.sonatype.org: https://oss.sonatype.org/content/groups/public/org/aspectj/aspectjtools/1.8.6/aspectjtools-1.8.6.pom (1.0 kB at 1.9 kB/s)
[INFO] Downloading from oss.sonatype.org: https://oss.sonatype.org/content/groups/public/org/hibernate/hibernate-validator/5.1.2.Final/hibernate-validator-5.1.2.Final.pom
[INFO] Downloaded from oss.sonatype.org: https://oss.sonatype.org/content/groups/public/org/hibernate/hibernate-validator/5.1.2.Final/hibernate-validator-5.1.2.Final.pom (13 kB at 28 kB/s)
[INFO] Downloading from oss.sonatype.org: https://oss.sonatype.org/content/groups/public/org/hibernate/hibernate-validator-parent/5.1.2.Final/hibernate-validator-parent-5.1.2.Final.pom
[INFO] Downloaded from oss.sonatype.org: https://oss.sonatype.org/content/groups/public/org/hibernate/hibernate-validator-parent/5.1.2.Final/hibernate-validator-parent-5.1.2.Final.pom (26 kB at 58 kB/s)
[INFO] Downloading from oss.sonatype.org: https://oss.sonatype.org/content/groups/public/com/jcabi/jcabi-log/0.14.3/jcabi-log-0.14.3.jar
[INFO] Downloading from oss.sonatype.org: https://oss.sonatype.org/content/groups/public/com/jcabi/jcabi-aspects/0.18/jcabi-aspects-0.18.jar
[INFO] Downloading from oss.sonatype.org: https://oss.sonatype.org/content/groups/public/org/aspectj/aspectjrt/1.8.2/aspectjrt-1.8.2.jar
[INFO] Downloading from oss.sonatype.org: https://oss.sonatype.org/content/groups/public/com/jcabi/jcabi-maven-slf4j/0.9/jcabi-maven-slf4j-0.9.jar
[INFO] Downloading from oss.sonatype.org: https://oss.sonatype.org/content/groups/public/org/aspectj/aspectjtools/1.8.6/aspectjtools-1.8.6.jar
[INFO] Downloaded from oss.sonatype.org: https://oss.sonatype.org/content/groups/public/com/jcabi/jcabi-log/0.14.3/jcabi-log-0.14.3.jar (40 kB at 90 kB/s)
[INFO] Downloading from oss.sonatype.org: https://oss.sonatype.org/content/groups/public/org/hibernate/hibernate-validator/5.1.2.Final/hibernate-validator-5.1.2.Final.jar
[INFO] Downloaded from oss.sonatype.org: https://oss.sonatype.org/content/groups/public/com/jcabi/jcabi-maven-slf4j/0.9/jcabi-maven-slf4j-0.9.jar (7.9 kB at 11 kB/s)
[INFO] Downloading from oss.sonatype.org: https://oss.sonatype.org/content/groups/public/org/jboss/logging/jboss-logging/3.1.3.GA/jboss-logging-3.1.3.GA.jar
[INFO] Downloaded from oss.sonatype.org: https://oss.sonatype.org/content/groups/public/org/aspectj/aspectjrt/1.8.2/aspectjrt-1.8.2.jar (117 kB at 145 kB/s)
[INFO] Downloading from oss.sonatype.org: https://oss.sonatype.org/content/groups/public/com/fasterxml/classmate/1.0.0/classmate-1.0.0.jar
[INFO] Downloaded from oss.sonatype.org: https://oss.sonatype.org/content/groups/public/org/hibernate/hibernate-validator/5.1.2.Final/hibernate-validator-5.1.2.Final.jar (633 kB at 692 kB/s)
[INFO] Downloaded from oss.sonatype.org: https://oss.sonatype.org/content/groups/public/com/jcabi/jcabi-aspects/0.18/jcabi-aspects-0.18.jar (80 kB at 85 kB/s)
[INFO] Downloaded from oss.sonatype.org: https://oss.sonatype.org/content/groups/public/org/jboss/logging/jboss-logging/3.1.3.GA/jboss-logging-3.1.3.GA.jar (57 kB at 48 kB/s)
[INFO] Downloaded from oss.sonatype.org: https://oss.sonatype.org/content/groups/public/com/fasterxml/classmate/1.0.0/classmate-1.0.0.jar (60 kB at 48 kB/s)
[INFO] Downloaded from oss.sonatype.org: https://oss.sonatype.org/content/groups/public/org/aspectj/aspectjtools/1.8.6/aspectjtools-1.8.6.jar (11 MB at 2.2 MB/s)
[INFO] jcabi-aspects 0.18/55a5c13 started new daemon thread jcabi-loggable for watching of @Loggable annotated methods
[INFO] Created temp dir /home/gabsko/breaking-updates/target/jcabi-ajc
[INFO] jcabi-aspects 0.18/55a5c13 started new daemon thread jcabi-cacheable for automated cleaning of expired @Cacheable values
[WARNING] The artifact org.hibernate:hibernate-validator:jar:7.0.4.Final has been relocated to org.hibernate.validator:hibernate-validator:jar:7.0.4.Final
org.aspectj.apache.bcel.classfile.ClassFormatException: Invalid byte tag in constant pool: 19
	at org.aspectj.apache.bcel.classfile.Constant.readConstant(Constant.java:139)
	at org.aspectj.apache.bcel.classfile.ConstantPool.<init>(ConstantPool.java:98)
	at org.aspectj.apache.bcel.classfile.ClassParser.readConstantPool(ClassParser.java:186)
	at org.aspectj.apache.bcel.classfile.ClassParser.parse(ClassParser.java:131)
	at org.aspectj.weaver.bcel.BcelWeaver.addAspectsFromJarFile(BcelWeaver.java:260)
	at org.aspectj.weaver.bcel.BcelWeaver.addLibraryJarFile(BcelWeaver.java:236)
	at org.aspectj.ajdt.internal.core.builder.AjBuildManager.initBcelWorld(AjBuildManager.java:874)
	at org.aspectj.ajdt.internal.core.builder.AjBuildManager.performBuild(AjBuildManager.java:249)
	at org.aspectj.ajdt.internal.core.builder.AjBuildManager.batchBuild(AjBuildManager.java:185)
	at org.aspectj.ajdt.ajc.AjdtCommand.doCommand(AjdtCommand.java:112)
	at org.aspectj.ajdt.ajc.AjdtCommand.runCommand(AjdtCommand.java:60)
	at org.aspectj.tools.ajc.Main.run(Main.java:371)
	at com.jcabi.maven.plugin.AjcMojo.executeAJC(AjcMojo.java:239)
	at com.jcabi.maven.plugin.AjcMojo.execute_aroundBody2(AjcMojo.java:218)
	at com.jcabi.maven.plugin.AjcMojo$AjcClosure3.run(AjcMojo.java:1)
	at org.aspectj.runtime.reflect.JoinPointImpl.proceed(JoinPointImpl.java:149)
	at com.jcabi.aspects.aj.MethodLogger.wrap(MethodLogger.java:208)
	at com.jcabi.aspects.aj.MethodLogger.ajc$inlineAccessMethod$com_jcabi_aspects_aj_MethodLogger$com_jcabi_aspects_aj_MethodLogger$wrap(MethodLogger.java:1)
	at com.jcabi.aspects.aj.MethodLogger.wrapMethod(MethodLogger.java:164)
	at com.jcabi.maven.plugin.AjcMojo.execute_aroundBody4(AjcMojo.java:203)
	at com.jcabi.maven.plugin.AjcMojo$AjcClosure5.run(AjcMojo.java:1)
	at org.aspectj.runtime.reflect.JoinPointImpl.proceed(JoinPointImpl.java:149)
	at com.jcabi.aspects.aj.MethodLogger.wrapClass(MethodLogger.java:134)
	at com.jcabi.maven.plugin.AjcMojo.execute(AjcMojo.java:203)
	at org.apache.maven.plugin.DefaultBuildPluginManager.executeMojo(DefaultBuildPluginManager.java:137)
	at org.apache.maven.lifecycle.internal.MojoExecutor.doExecute2(MojoExecutor.java:370)
	at org.apache.maven.lifecycle.internal.MojoExecutor.doExecute(MojoExecutor.java:351)
	at org.apache.maven.lifecycle.internal.MojoExecutor.execute(MojoExecutor.java:215)
	at org.apache.maven.lifecycle.internal.MojoExecutor.execute(MojoExecutor.java:171)
	at org.apache.maven.lifecycle.internal.MojoExecutor.execute(MojoExecutor.java:163)
	at org.apache.maven.lifecycle.internal.LifecycleModuleBuilder.buildProject(LifecycleModuleBuilder.java:117)
	at org.apache.maven.lifecycle.internal.LifecycleModuleBuilder.buildProject(LifecycleModuleBuilder.java:81)
	at org.apache.maven.lifecycle.internal.builder.singlethreaded.SingleThreadedBuilder.build(SingleThreadedBuilder.java:56)
	at org.apache.maven.lifecycle.internal.LifecycleStarter.execute(LifecycleStarter.java:128)
	at org.apache.maven.DefaultMaven.doExecute(DefaultMaven.java:294)
	at org.apache.maven.DefaultMaven.doExecute(DefaultMaven.java:192)
	at org.apache.maven.DefaultMaven.execute(DefaultMaven.java:105)
	at org.apache.maven.cli.MavenCli.execute(MavenCli.java:960)
	at org.apache.maven.cli.MavenCli.doMain(MavenCli.java:293)
	at org.apache.maven.cli.MavenCli.main(MavenCli.java:196)
	at java.base/jdk.internal.reflect.NativeMethodAccessorImpl.invoke0(Native Method)
	at java.base/jdk.internal.reflect.NativeMethodAccessorImpl.invoke(NativeMethodAccessorImpl.java:62)
	at java.base/jdk.internal.reflect.DelegatingMethodAccessorImpl.invoke(DelegatingMethodAccessorImpl.java:43)
	at java.base/java.lang.reflect.Method.invoke(Method.java:566)
	at org.codehaus.plexus.classworlds.launcher.Launcher.launchEnhanced(Launcher.java:282)
	at org.codehaus.plexus.classworlds.launcher.Launcher.launch(Launcher.java:225)
	at org.codehaus.plexus.classworlds.launcher.Launcher.mainWithExitCode(Launcher.java:406)
	at org.codehaus.plexus.classworlds.launcher.Launcher.main(Launcher.java:347)
Feb 07, 2023 4:01:51 PM org.aspectj.weaver.tools.Jdk14Trace info
INFO: Dumping to /home/gabsko/breaking-updates/./ajcore.20230207.160151.113.txt

1 fail|abort
[INFO] ajc result: 0 file(s) processed, 0 pointcut(s) woven, 0 error(s), 0 warning(s)
[INFO] 
[INFO] --- maven-resources-plugin:2.6:testResources (default-testResources) @ rultor ---
[INFO] Using 'UTF-8' encoding to copy filtered resources.
[INFO] Copying 9 resources
[INFO] 
[INFO] --- maven-compiler-plugin:3.10.1:testCompile (default-testCompile) @ rultor ---
[INFO] Changes detected - recompiling the module!
[INFO] Compiling 77 source files to /home/gabsko/breaking-updates/target/test-classes
[INFO] 
[INFO] --- jcabi-maven-plugin:0.13.2:ajc (jcabi-ajc-test-compile) @ rultor ---
[INFO] Created temp dir /home/gabsko/breaking-updates/target/jcabi-ajc-test
[WARNING] The artifact org.hibernate:hibernate-validator:jar:7.0.4.Final has been relocated to org.hibernate.validator:hibernate-validator:jar:7.0.4.Final
org.aspectj.apache.bcel.classfile.ClassFormatException: Invalid byte tag in constant pool: 19
	at org.aspectj.apache.bcel.classfile.Constant.readConstant(Constant.java:139)
	at org.aspectj.apache.bcel.classfile.ConstantPool.<init>(ConstantPool.java:98)
	at org.aspectj.apache.bcel.classfile.ClassParser.readConstantPool(ClassParser.java:186)
	at org.aspectj.apache.bcel.classfile.ClassParser.parse(ClassParser.java:131)
	at org.aspectj.weaver.bcel.BcelWeaver.addAspectsFromJarFile(BcelWeaver.java:260)
	at org.aspectj.weaver.bcel.BcelWeaver.addLibraryJarFile(BcelWeaver.java:236)
	at org.aspectj.ajdt.internal.core.builder.AjBuildManager.initBcelWorld(AjBuildManager.java:874)
	at org.aspectj.ajdt.internal.core.builder.AjBuildManager.performBuild(AjBuildManager.java:249)
	at org.aspectj.ajdt.internal.core.builder.AjBuildManager.batchBuild(AjBuildManager.java:185)
	at org.aspectj.ajdt.ajc.AjdtCommand.doCommand(AjdtCommand.java:112)
	at org.aspectj.ajdt.ajc.AjdtCommand.runCommand(AjdtCommand.java:60)
	at org.aspectj.tools.ajc.Main.run(Main.java:371)
	at com.jcabi.maven.plugin.AjcMojo.executeAJC(AjcMojo.java:239)
	at com.jcabi.maven.plugin.AjcMojo.execute_aroundBody2(AjcMojo.java:218)
	at com.jcabi.maven.plugin.AjcMojo$AjcClosure3.run(AjcMojo.java:1)
	at org.aspectj.runtime.reflect.JoinPointImpl.proceed(JoinPointImpl.java:149)
	at com.jcabi.aspects.aj.MethodLogger.wrap(MethodLogger.java:208)
	at com.jcabi.aspects.aj.MethodLogger.ajc$inlineAccessMethod$com_jcabi_aspects_aj_MethodLogger$com_jcabi_aspects_aj_MethodLogger$wrap(MethodLogger.java:1)
	at com.jcabi.aspects.aj.MethodLogger.wrapMethod(MethodLogger.java:164)
	at com.jcabi.maven.plugin.AjcMojo.execute_aroundBody4(AjcMojo.java:203)
	at com.jcabi.maven.plugin.AjcMojo$AjcClosure5.run(AjcMojo.java:1)
	at org.aspectj.runtime.reflect.JoinPointImpl.proceed(JoinPointImpl.java:149)
	at com.jcabi.aspects.aj.MethodLogger.wrapClass(MethodLogger.java:134)
	at com.jcabi.maven.plugin.AjcMojo.execute(AjcMojo.java:203)
	at org.apache.maven.plugin.DefaultBuildPluginManager.executeMojo(DefaultBuildPluginManager.java:137)
	at org.apache.maven.lifecycle.internal.MojoExecutor.doExecute2(MojoExecutor.java:370)
	at org.apache.maven.lifecycle.internal.MojoExecutor.doExecute(MojoExecutor.java:351)
	at org.apache.maven.lifecycle.internal.MojoExecutor.execute(MojoExecutor.java:215)
	at org.apache.maven.lifecycle.internal.MojoExecutor.execute(MojoExecutor.java:171)
	at org.apache.maven.lifecycle.internal.MojoExecutor.execute(MojoExecutor.java:163)
	at org.apache.maven.lifecycle.internal.LifecycleModuleBuilder.buildProject(LifecycleModuleBuilder.java:117)
	at org.apache.maven.lifecycle.internal.LifecycleModuleBuilder.buildProject(LifecycleModuleBuilder.java:81)
	at org.apache.maven.lifecycle.internal.builder.singlethreaded.SingleThreadedBuilder.build(SingleThreadedBuilder.java:56)
	at org.apache.maven.lifecycle.internal.LifecycleStarter.execute(LifecycleStarter.java:128)
	at org.apache.maven.DefaultMaven.doExecute(DefaultMaven.java:294)
	at org.apache.maven.DefaultMaven.doExecute(DefaultMaven.java:192)
	at org.apache.maven.DefaultMaven.execute(DefaultMaven.java:105)
	at org.apache.maven.cli.MavenCli.execute(MavenCli.java:960)
	at org.apache.maven.cli.MavenCli.doMain(MavenCli.java:293)
	at org.apache.maven.cli.MavenCli.main(MavenCli.java:196)
	at java.base/jdk.internal.reflect.NativeMethodAccessorImpl.invoke0(Native Method)
	at java.base/jdk.internal.reflect.NativeMethodAccessorImpl.invoke(NativeMethodAccessorImpl.java:62)
	at java.base/jdk.internal.reflect.DelegatingMethodAccessorImpl.invoke(DelegatingMethodAccessorImpl.java:43)
	at java.base/java.lang.reflect.Method.invoke(Method.java:566)
	at org.codehaus.plexus.classworlds.launcher.Launcher.launchEnhanced(Launcher.java:282)
	at org.codehaus.plexus.classworlds.launcher.Launcher.launch(Launcher.java:225)
	at org.codehaus.plexus.classworlds.launcher.Launcher.mainWithExitCode(Launcher.java:406)
	at org.codehaus.plexus.classworlds.launcher.Launcher.main(Launcher.java:347)
Feb 07, 2023 4:01:52 PM org.aspectj.weaver.tools.Jdk14Trace info
INFO: Dumping to /home/gabsko/breaking-updates/./ajcore.20230207.160152.511.txt

1 fail|abort
[INFO] ajc result: 0 file(s) processed, 0 pointcut(s) woven, 0 error(s), 0 warning(s)
[INFO] 
[INFO] --- build-helper-maven-plugin:1.10:reserve-network-port (default) @ rultor ---
[INFO] Reserved port 38193 for takes.port
[INFO] 
[INFO] --- build-helper-maven-plugin:1.10:reserve-network-port (reserver-dynamodb-port) @ rultor ---
[INFO] Reserved port 45619 for dynamodblocal.port
[INFO] 
[INFO] --- maven-surefire-plugin:2.18.1:test (default-test) @ rultor ---
[INFO] Surefire report directory: /home/gabsko/breaking-updates/target/surefire-reports
[INFO] parallel='all', perCoreThreadCount=true, threadCount=4, useUnlimitedThreads=false, threadCountSuites=0, threadCountClasses=0, threadCountMethods=0, parallelOptimized=true
[INFO] Downloading from oss.sonatype.org: https://oss.sonatype.org/content/groups/public/org/apache/maven/surefire/surefire-junit47/2.18.1/surefire-junit47-2.18.1.pom
[INFO] Downloaded from oss.sonatype.org: https://oss.sonatype.org/content/groups/public/org/apache/maven/surefire/surefire-junit47/2.18.1/surefire-junit47-2.18.1.pom (4.4 kB at 9.8 kB/s)
[INFO] Downloading from oss.sonatype.org: https://oss.sonatype.org/content/groups/public/org/apache/maven/surefire/common-junit48/2.18.1/common-junit48-2.18.1.pom
[INFO] Downloaded from oss.sonatype.org: https://oss.sonatype.org/content/groups/public/org/apache/maven/surefire/common-junit48/2.18.1/common-junit48-2.18.1.pom (3.4 kB at 7.5 kB/s)
[INFO] Downloading from oss.sonatype.org: https://oss.sonatype.org/content/groups/public/org/apache/maven/surefire/common-junit4/2.18.1/common-junit4-2.18.1.pom
[INFO] Downloaded from oss.sonatype.org: https://oss.sonatype.org/content/groups/public/org/apache/maven/surefire/common-junit4/2.18.1/common-junit4-2.18.1.pom (2.0 kB at 4.3 kB/s)
[INFO] Downloading from oss.sonatype.org: https://oss.sonatype.org/content/groups/public/org/apache/maven/surefire/common-junit3/2.18.1/common-junit3-2.18.1.pom
[INFO] Downloaded from oss.sonatype.org: https://oss.sonatype.org/content/groups/public/org/apache/maven/surefire/common-junit3/2.18.1/common-junit3-2.18.1.pom (1.6 kB at 3.3 kB/s)
[INFO] Downloading from oss.sonatype.org: https://oss.sonatype.org/content/groups/public/org/apache/maven/surefire/common-java5/2.18.1/common-java5-2.18.1.pom
[INFO] Downloaded from oss.sonatype.org: https://oss.sonatype.org/content/groups/public/org/apache/maven/surefire/common-java5/2.18.1/common-java5-2.18.1.pom (1.7 kB at 3.2 kB/s)
[INFO] Downloading from oss.sonatype.org: https://oss.sonatype.org/content/groups/public/org/apache/maven/shared/maven-shared-utils/0.4/maven-shared-utils-0.4.pom
[INFO] Downloaded from oss.sonatype.org: https://oss.sonatype.org/content/groups/public/org/apache/maven/shared/maven-shared-utils/0.4/maven-shared-utils-0.4.pom (4.0 kB at 8.6 kB/s)
[INFO] Downloading from oss.sonatype.org: https://oss.sonatype.org/content/groups/public/org/apache/maven/surefire/surefire-grouper/2.18.1/surefire-grouper-2.18.1.pom
[INFO] Downloaded from oss.sonatype.org: https://oss.sonatype.org/content/groups/public/org/apache/maven/surefire/surefire-grouper/2.18.1/surefire-grouper-2.18.1.pom (2.6 kB at 5.9 kB/s)
[INFO] Downloading from oss.sonatype.org: https://oss.sonatype.org/content/groups/public/org/apache/maven/surefire/common-java5/2.18.1/common-java5-2.18.1.jar
[INFO] Downloading from oss.sonatype.org: https://oss.sonatype.org/content/groups/public/org/apache/maven/surefire/surefire-junit47/2.18.1/surefire-junit47-2.18.1.jar
[INFO] Downloading from oss.sonatype.org: https://oss.sonatype.org/content/groups/public/org/apache/maven/surefire/common-junit48/2.18.1/common-junit48-2.18.1.jar
[INFO] Downloading from oss.sonatype.org: https://oss.sonatype.org/content/groups/public/org/apache/maven/surefire/common-junit3/2.18.1/common-junit3-2.18.1.jar
[INFO] Downloading from oss.sonatype.org: https://oss.sonatype.org/content/groups/public/org/apache/maven/surefire/common-junit4/2.18.1/common-junit4-2.18.1.jar
[INFO] Downloaded from oss.sonatype.org: https://oss.sonatype.org/content/groups/public/org/apache/maven/surefire/common-junit3/2.18.1/common-junit3-2.18.1.jar (11 kB at 26 kB/s)
[INFO] Downloading from oss.sonatype.org: https://oss.sonatype.org/content/groups/public/org/apache/maven/shared/maven-shared-utils/0.4/maven-shared-utils-0.4.jar
[INFO] Downloaded from oss.sonatype.org: https://oss.sonatype.org/content/groups/public/org/apache/maven/surefire/common-junit4/2.18.1/common-junit4-2.18.1.jar (19 kB at 43 kB/s)
[INFO] Downloaded from oss.sonatype.org: https://oss.sonatype.org/content/groups/public/org/apache/maven/surefire/surefire-junit47/2.18.1/surefire-junit47-2.18.1.jar (133 kB at 291 kB/s)
[INFO] Downloaded from oss.sonatype.org: https://oss.sonatype.org/content/groups/public/org/apache/maven/surefire/common-java5/2.18.1/common-java5-2.18.1.jar (37 kB at 81 kB/s)
[INFO] Downloading from oss.sonatype.org: https://oss.sonatype.org/content/groups/public/org/apache/maven/surefire/surefire-grouper/2.18.1/surefire-grouper-2.18.1.jar
[INFO] Downloaded from oss.sonatype.org: https://oss.sonatype.org/content/groups/public/org/apache/maven/surefire/common-junit48/2.18.1/common-junit48-2.18.1.jar (19 kB at 41 kB/s)
[INFO] Downloaded from oss.sonatype.org: https://oss.sonatype.org/content/groups/public/org/apache/maven/shared/maven-shared-utils/0.4/maven-shared-utils-0.4.jar (155 kB at 353 kB/s)
[INFO] Downloaded from oss.sonatype.org: https://oss.sonatype.org/content/groups/public/org/apache/maven/surefire/surefire-grouper/2.18.1/surefire-grouper-2.18.1.jar (38 kB at 84 kB/s)

-------------------------------------------------------
 T E S T S
-------------------------------------------------------
Running com.rultor.agents.req.BracketsTest
Tests run: 1, Failures: 0, Errors: 0, Skipped: 0, Time elapsed: 0.05 sec - in com.rultor.agents.req.BracketsTest
Running com.rultor.web.TkButtonTest
Tests run: 1, Failures: 0, Errors: 0, Skipped: 0, Time elapsed: 0.493 sec - in com.rultor.web.TkButtonTest
Running com.rultor.agents.req.DockerRunTest
Tests run: 9, Failures: 0, Errors: 0, Skipped: 0, Time elapsed: 5.35 sec - in com.rultor.agents.req.DockerRunTest
Running com.rultor.agents.github.qtn.QnParametrizedTest
[[0;37mINFO[m] com.jcabi.github.mock.MkRepos: repository jeff/RR2l5P3z2kt7YyaM3tQe created by jeff
[[0;37mINFO[m] com.jcabi.github.mock.MkIssues: issue #1 created in jeff/RR2l5P3z2kt7YyaM3tQe by jeff: 
[[0;37mINFO[m] com.jcabi.github.mock.MkComments: comment #1 posted to issue #1 by jeff: 
[[0;37mINFO[m] com.jcabi.github.mock.MkRepos: repository jeff/zA30nqHhQMOp4uzPDVPg created by jeff
[[0;37mINFO[m] com.jcabi.github.mock.MkIssues: issue #1 created in jeff/zA30nqHhQMOp4uzPDVPg by jeff: 
[[0;37mINFO[m] com.jcabi.github.mock.MkComments: comment #1 posted to issue #1 by jeff: hey, tag=`1.9` and server is `p5`
[[0;37mINFO[m] com.jcabi.github.mock.MkRepos: repository jeff/O6aTT4gVMUtH2c8nD5Fj created by jeff
[[0;37mINFO[m] com.jcabi.github.mock.MkIssues: issue #1 created in jeff/O6aTT4gVMUtH2c8nD5Fj by jeff: 
[[0;37mINFO[m] com.jcabi.github.mock.MkComments: comment #1 posted to issue #1 by jeff: hey you
[[0;37mINFO[m] com.jcabi.github.mock.MkRepos: repository jeff/oYMciDA44qZv7yC4tuQ5 created by jeff
[[0;37mINFO[m] com.jcabi.github.mock.MkIssues: issue #1 created in jeff/oYMciDA44qZv7yC4tuQ5 by jeff: 
[[0;37mINFO[m] com.jcabi.github.mock.MkComments: comment #1 posted to issue #1 by jeff: hey
Tests run: 4, Failures: 0, Errors: 0, Skipped: 0, Time elapsed: 2.429 sec - in com.rultor.agents.github.qtn.QnParametrizedTest
Running com.rultor.agents.github.qtn.ReleaseTagTest
[[0;37mINFO[m] com.jcabi.github.mock.MkRepos: repository jeff/STHax01sU4JXirucWlfk created by jeff
[[0;37mINFO[m] com.jcabi.github.mock.MkRepos: repository jeff/MSp9TM215PYz1IXaycSB created by jeff
Tests run: 2, Failures: 0, Errors: 0, Skipped: 0, Time elapsed: 1.459 sec - in com.rultor.agents.github.qtn.ReleaseTagTest
Running com.rultor.agents.github.qtn.QnGithubIssueTest
[[0;37mINFO[m] com.jcabi.github.mock.MkRepos: repository jeff/G7PsYoRHtOA9mN1xN53n created by jeff
[[0;37mINFO[m] com.jcabi.github.mock.MkIssues: issue #1 created in jeff/G7PsYoRHtOA9mN1xN53n by jeff: 
[[0;37mINFO[m] com.jcabi.github.mock.MkComments: comment #1 posted to issue #1 by jeff: test comment.
Tests run: 1, Failures: 0, Errors: 0, Skipped: 0, Time elapsed: 0.689 sec - in com.rultor.agents.github.qtn.QnGithubIssueTest
Running com.rultor.agents.github.qtn.QnLockTest
[[0;37mINFO[m] com.jcabi.github.mock.MkRepos: repository jeff/h9eZnWDUmxZXet3xN1uk created by jeff
[[0;37mINFO[m] com.jcabi.github.mock.MkIssues: issue #1 created in jeff/h9eZnWDUmxZXet3xN1uk by jeff: 
[[0;37mINFO[m] com.jcabi.github.mock.MkComments: comment #1 posted to issue #1 by jeff: lock users=`@test1, test2`
[[0;37mINFO[m] com.jcabi.github.mock.MkComments: comment #2 posted to issue #1 by jeff: > lock users=`@test1, test2`\n\n@jeff I added `.rult..138.. say ``@rultor unlock branch is `master```.
[[0;37mINFO[m] com.rultor.agents.github.qtn.QnLock: lock request in #1
Tests run: 1, Failures: 0, Errors: 0, Skipped: 0, Time elapsed: 0.914 sec - in com.rultor.agents.github.qtn.QnLockTest
Running com.rultor.agents.IndexesRequestsTest
[[0;37mINFO[m] com.rultor.spi.Talks$InDir: talk 'talk' created in /tmp/13250458633111563948/talk
[[0;37mINFO[m] com.rultor.spi.Talks$InDir: 1 files in /tmp/13250458633111563948
[[0;37mINFO[m] com.rultor.spi.Talks$InDir: 1 files in /tmp/13250458633111563948
[[0;37mINFO[m] com.rultor.spi.Talks$InDir: 1 files in /tmp/13250458633111563948
[[0;37mINFO[m] com.rultor.spi.Talks$InDir: 1 files in /tmp/13250458633111563948
[[0;37mINFO[m] com.rultor.spi.Talks$InDir: talk 'talk' created in /tmp/11523710233793710608/talk
[[0;37mINFO[m] com.rultor.spi.Talks$InDir: 1 files in /tmp/11523710233793710608
[[0;37mINFO[m] com.rultor.spi.Talks$InDir: 1 files in /tmp/11523710233793710608
[[0;37mINFO[m] com.rultor.spi.Talks$InDir: 1 files in /tmp/11523710233793710608
[[0;37mINFO[m] com.rultor.spi.Talks$InDir: 1 files in /tmp/11523710233793710608
[[0;37mINFO[m] com.rultor.spi.Talks$InDir: talk 'first' created in /tmp/15880856134169692347/first
[[0;37mINFO[m] com.rultor.spi.Talks$InDir: 1 files in /tmp/15880856134169692347
[[0;37mINFO[m] com.rultor.spi.Talks$InDir: talk 'second' created in /tmp/15880856134169692347/second
[[0;37mINFO[m] com.rultor.spi.Talks$InDir: 2 files in /tmp/15880856134169692347
[[0;37mINFO[m] com.rultor.spi.Talks$InDir: talk 'third' created in /tmp/15880856134169692347/third
[[0;37mINFO[m] com.rultor.spi.Talks$InDir: 3 files in /tmp/15880856134169692347
[[0;37mINFO[m] com.rultor.spi.Talks$InDir: 3 files in /tmp/15880856134169692347
[[0;37mINFO[m] com.rultor.spi.Talks$InDir: 3 files in /tmp/15880856134169692347
[[0;37mINFO[m] com.rultor.spi.Talks$InDir: 3 files in /tmp/15880856134169692347
[[0;37mINFO[m] com.rultor.spi.Talks$InDir: talk 'talk' created in /tmp/289196356578072990/talk
[[0;37mINFO[m] com.rultor.spi.Talks$InDir: 1 files in /tmp/289196356578072990
[[0;37mINFO[m] com.rultor.spi.Talks$InDir: 1 files in /tmp/289196356578072990
[[0;37mINFO[m] com.rultor.spi.Talks$InDir: 1 files in /tmp/289196356578072990
[[0;37mINFO[m] com.rultor.spi.Talks$InDir: 1 files in /tmp/289196356578072990
Tests run: 4, Failures: 0, Errors: 0, Skipped: 0, Time elapsed: 3.116 sec - in com.rultor.agents.IndexesRequestsTest
Running com.rultor.agents.github.qtn.QnFirstOfTest
[[0;37mINFO[m] com.jcabi.github.mock.MkRepos: repository jeff/zD020xIz4O0DHeJyXiAO created by jeff
[[0;37mINFO[m] com.jcabi.github.mock.MkIssues: issue #1 created in jeff/zD020xIz4O0DHeJyXiAO by jeff: 
[[0;37mINFO[m] com.jcabi.github.mock.MkComments: comment #1 posted to issue #1 by jeff: deploy
[[0;37mINFO[m] com.jcabi.github.mock.MkComments: comment #2 posted to issue #1 by jeff: > deploy\n\n@jeff OK, I'll try to deploy now. You can check the progress [here](#)
[[0;37mINFO[m] com.rultor.agents.github.qtn.QnDeploy: deploy request found in jeff/zD020xIz4O0DHeJyXiAO#1 comment #1
Tests run: 1, Failures: 0, Errors: 0, Skipped: 0, Time elapsed: 0.806 sec - in com.rultor.agents.github.qtn.QnFirstOfTest
Running com.rultor.agents.twitter.TweetsTest
[[0;37mINFO[m] com.jcabi.github.mock.MkRepos: repository jeff/EuB77UzRbXEaLN4YNaZt created by jeff
[[0;37mINFO[m] com.jcabi.github.mock.MkIssues: issue #1 created in jeff/EuB77UzRbXEaLN4YNaZt by jeff: 
[[0;37mINFO[m] com.rultor.agents.twitter.Tweets: tweet posted about jeff/EuB77UzRbXEaLN4YNaZt release
[[0;37mINFO[m] com.jcabi.github.mock.MkRepos: repository jeff/HR29KYqJYIuHbC4h5ox9 created by jeff
[[0;37mINFO[m] com.jcabi.github.mock.MkIssues: issue #1 created in jeff/HR29KYqJYIuHbC4h5ox9 by jeff: 
[[0;37mINFO[m] com.rultor.agents.twitter.Tweets: tweet posted about jeff/HR29KYqJYIuHbC4h5ox9 release
Tests run: 2, Failures: 0, Errors: 0, Skipped: 0, Time elapsed: 2.483 sec - in com.rultor.agents.twitter.TweetsTest
Running com.rultor.agents.github.UnderstandsTest
[[0;37mINFO[m] com.jcabi.github.mock.MkRepos: repository jeff/hpmqT96rD5M1XvnG9nn6 created by jeff
[[0;37mINFO[m] com.jcabi.github.mock.MkIssues: issue #1 created in jeff/hpmqT96rD5M1XvnG9nn6 by jeff: 
[[0;37mINFO[m] com.jcabi.github.mock.MkComments: comment #1 posted to issue #1 by jeff: @jeff hey you
[[0;37mINFO[m] com.rultor.agents.github.Understands: temporary pause in jeff/hpmqT96rD5M1XvnG9nn6#1, at message #0
[[0;37mINFO[m] com.jcabi.github.mock.MkRepos: repository jeff/ZdgN1ONiFz94t0qaFwvy created by jeff
[[0;37mINFO[m] com.jcabi.github.mock.MkIssues: issue #1 created in jeff/ZdgN1ONiFz94t0qaFwvy by jeff: test
[[0;37mINFO[m] com.jcabi.github.mock.MkComments: comment #1 posted to issue #1 by jeff: > @test hello\n\n@jeff Hi there! I understand a few ..159..ub.com/yegor256/rultor/issues). Have fun :)
[[0;37mINFO[m] com.rultor.agents.github.qtn.QnHello: hello found in #1
[[0;37mINFO[m] com.rultor.agents.github.Understands: simple request in jeff/ZdgN1ONiFz94t0qaFwvy#1
[[0;37mINFO[m] com.jcabi.github.mock.MkRepos: repository jeff/hOIKFni3EoLEaAFUj5Ow created by jeff
[[0;37mINFO[m] com.jcabi.github.mock.MkIssues: issue #1 created in jeff/hOIKFni3EoLEaAFUj5Ow by jeff: 
[[0;37mINFO[m] com.jcabi.github.mock.MkComments: comment #1 posted to issue #1 by jeff: @jeff hello
[[0;37mINFO[m] com.jcabi.github.mock.MkComments: comment #2 posted to issue #1 by jeff: @jeff deploy
[[0;37mINFO[m] com.jcabi.github.mock.MkComments: comment #3 posted to issue #1 by jeff: > @jeff hello\n\n@jeff Hi there! I understand a few ..159..ub.com/yegor256/rultor/issues). Have fun :)
[[0;37mINFO[m] com.rultor.agents.github.qtn.QnHello: hello found in #1
[[0;37mINFO[m] com.rultor.agents.github.Understands: simple request in jeff/hOIKFni3EoLEaAFUj5Ow#1
[[0;37mINFO[m] com.jcabi.github.mock.MkComments: comment #4 posted to issue #1 by jeff: > @jeff deploy\n\n@jeff OK, I'll try to deploy now. ..13..rogress [here](https://www.rultor.com/t/1-2)
[[0;37mINFO[m] com.rultor.agents.github.qtn.QnDeploy: deploy request found in jeff/hOIKFni3EoLEaAFUj5Ow#1 comment #2
Tests run: 3, Failures: 0, Errors: 0, Skipped: 0, Time elapsed: 1.765 sec - in com.rultor.agents.github.UnderstandsTest
Running com.rultor.agents.github.FirstCommentTest
[[0;37mINFO[m] com.jcabi.github.mock.MkRepos: repository jeff/FTfho3m3VfuTQgbc2i21 created by jeff
[[0;37mINFO[m] com.jcabi.github.mock.MkIssues: issue #1 created in jeff/FTfho3m3VfuTQgbc2i21 by jeff: 
Tests run: 1, Failures: 0, Errors: 0, Skipped: 0, Time elapsed: 0.736 sec - in com.rultor.agents.github.FirstCommentTest
Running com.rultor.agents.github.UnlocksRepoTest
[[0;37mINFO[m] com.jcabi.github.mock.MkRepos: repository jeff/V29vCHZvHHB35pOZTi8x created by jeff
[[0;37mINFO[m] com.jcabi.github.mock.MkIssues: issue #1 created in jeff/V29vCHZvHHB35pOZTi8x by jeff: 
[[0;37mINFO[m] com.jcabi.github.mock.MkComments: comment #1 posted to issue #1 by jeff: hey, do it
[[2;37mDEBUG[m] co.stateful.mock.MkSttc: #locks(): MkLocks() in 1.07ms
[[0;37mINFO[m] com.rultor.spi.Talks$InDir: talk 'test-talk' created in /tmp/10193645049731467088/test-talk
[[0;37mINFO[m] com.rultor.spi.Talks$InDir: 1 files in /tmp/10193645049731467088
[[0;37mINFO[m] com.rultor.spi.Talks$InDir: 1 files in /tmp/10193645049731467088
[[2;37mDEBUG[m] co.stateful.mock.MkLocks: #get('rt-repo-jeff-V29vCHZvHHB35pOZTi8x'): MkLock() in 41.43Âµs
[[2;37mDEBUG[m] co.stateful.mock.MkLock: #unlock('test-talk'): true in 21.32Âµs
[[0;37mINFO[m] com.rultor.agents.github.UnlocksRepo: jeff/V29vCHZvHHB35pOZTi8x unlocked by test-talk
Tests run: 1, Failures: 0, Errors: 0, Skipped: 0, Time elapsed: 1.431 sec - in com.rultor.agents.github.UnlocksRepoTest
Running com.rultor.profiles.ProfileDeprecationsTest
Tests run: 2, Failures: 0, Errors: 0, Skipped: 0, Time elapsed: 1.477 sec - in com.rultor.profiles.ProfileDeprecationsTest
Running com.rultor.agents.github.qtn.QnAskedByTest
[[0;37mINFO[m] com.jcabi.github.mock.MkRepos: repository jeff/3OGZc6HHzYm1yyK6sUJQ created by jeff
[[0;37mINFO[m] com.jcabi.github.mock.MkIssues: issue #1 created in jeff/3OGZc6HHzYm1yyK6sUJQ by jeff: needs
[[0;37mINFO[m] com.jcabi.github.mock.MkComments: comment #1 posted to issue #1 by jeff: deploy
[[0;37mINFO[m] com.jcabi.github.mock.MkRepos: repository jeff/wyCpKoaVV4UOAE65AZXu created by jeff
[[0;37mINFO[m] com.jcabi.github.mock.MkIssues: issue #1 created in jeff/wyCpKoaVV4UOAE65AZXu by jeff: title
[[0;37mINFO[m] com.jcabi.github.mock.MkComments: comment #1 posted to issue #1 by jeff: comment
[[0;37mINFO[m] com.jcabi.github.mock.MkComments: comment #2 posted to issue #1 by jeff: > comment\n\n@jeff Sorry, I accept such requests onl..128..here](http://doc.rultor.com/reference.html)
Tests run: 2, Failures: 0, Errors: 0, Skipped: 0, Time elapsed: 0.912 sec - in com.rultor.agents.github.qtn.QnAskedByTest
Running com.rultor.spi.TalkTest
Tests run: 1, Failures: 0, Errors: 0, Skipped: 0, Time elapsed: 0.743 sec - in com.rultor.spi.TalkTest
Running com.rultor.spi.ProfileTest
[[0;33mWARN[m] com.jcabi.xml.StrictXML: 1 XML validation error(s):
  -1:-1: cvc-complex-type.2.4.a: Invalid content was found starting with element 'item'. One of '{entry}' is expected.
<?xml version="1.0" encoding="UTF-8"?>
<p>
   <entry key="x">
      <entry key="test">a</entry>
      <item>b</item>
   </entry>
</p>
[[0;33mWARN[m] com.jcabi.xml.StrictXML: 2 XML validation error(s):
  -1:-1: cvc-complex-type.4: Attribute 'key' must appear on element 'entry'.
  -1:-1: cvc-complex-type.4: Attribute 'key' must appear on element 'entry'.
<?xml version="1.0" encoding="UTF-8"?>
<p>
   <entry>test me</entry>
</p>
[[0;33mWARN[m] com.jcabi.xml.StrictXML: 3 XML validation error(s):
  -1:-1: cvc-complex-type.3.2.2: Attribute 'f' is not allowed to appear in element 'entry'.
  -1:-1: cvc-complex-type.4: Attribute 'key' must appear on element 'entry'.
  -1:-1: cvc-complex-type.4: Attribute 'key' must appear on element 'entry'.
<?xml version="1.0" encoding="UTF-8"?>
<p>
   <entry f="x">x</entry>
</p>
Tests run: 4, Failures: 0, Errors: 0, Skipped: 0, Time elapsed: 2.044 sec - in com.rultor.spi.ProfileTest
Running com.rultor.agents.docker.DockerHealthCheckTest
Tests run: 1, Failures: 0, Errors: 0, Skipped: 0, Time elapsed: 0.997 sec - in com.rultor.agents.docker.DockerHealthCheckTest
Running com.rultor.agents.github.qtn.QnDeployTest
[[0;37mINFO[m] com.jcabi.github.mock.MkRepos: repository jeff/fT1gFj0iDVlRxLscHSBv created by jeff
[[0;37mINFO[m] com.jcabi.github.mock.MkIssues: issue #1 created in jeff/fT1gFj0iDVlRxLscHSBv by jeff: 
[[0;37mINFO[m] com.jcabi.github.mock.MkComments: comment #1 posted to issue #1 by jeff: deploy
[[0;37mINFO[m] com.jcabi.github.mock.MkComments: comment #2 posted to issue #1 by jeff: > deploy\n\n@jeff OK, I'll try to deploy now. You can check the progress [here](#)
[[0;37mINFO[m] com.rultor.agents.github.qtn.QnDeploy: deploy request found in jeff/fT1gFj0iDVlRxLscHSBv#1 comment #1
Tests run: 1, Failures: 0, Errors: 0, Skipped: 0, Time elapsed: 0.132 sec - in com.rultor.agents.github.qtn.QnDeployTest
Running com.rultor.agents.github.qtn.QnIamLostTest
[[0;37mINFO[m] com.jcabi.github.mock.MkRepos: repository jeff/fG4f7wAuHSycyIQwWtVG created by jeff
[[0;37mINFO[m] com.jcabi.github.mock.MkIssues: issue #1 created in jeff/fG4f7wAuHSycyIQwWtVG by jeff: 
[[0;37mINFO[m] com.jcabi.github.mock.MkComments: comment #1 posted to issue #1 by jeff: boom
[[0;37mINFO[m] com.jcabi.github.mock.MkComments: comment #2 posted to issue #1 by jeff: > boom\n\n@jeff I'm sorry, I don't understand you :(..24..rultor.com/basics.html) and try again please
Tests run: 1, Failures: 0, Errors: 0, Skipped: 0, Time elapsed: 0.827 sec - in com.rultor.agents.github.qtn.QnIamLostTest
Running com.rultor.agents.github.CommentsTagTest
[[0;37mINFO[m] com.jcabi.github.mock.MkRepos: repository jeff/3YqD812MjjfRdoMKqQAp created by jeff
[[0;37mINFO[m] com.jcabi.github.mock.MkIssues: issue #1 created in jeff/3YqD812MjjfRdoMKqQAp by jeff: 
[[0;37mINFO[m] com.rultor.agents.github.CommentsTag: tag v1.0 created and commented
[[0;37mINFO[m] com.jcabi.github.mock.MkRepos: repository jeff/zh7szsD9rNVpok1keQqt created by jeff
[[0;37mINFO[m] com.jcabi.github.mock.MkIssues: issue #1 created in jeff/zh7szsD9rNVpok1keQqt by jeff: 
[[0;37mINFO[m] com.rultor.agents.github.CommentsTag: tag v1.5 created and commented
[[0;37mINFO[m] com.jcabi.github.mock.MkRepos: repository jeff/XsZCAfswjrIPVm1Ct5R1 created by jeff
[[0;37mINFO[m] com.jcabi.github.mock.MkIssues: issue #1 created in jeff/XsZCAfswjrIPVm1Ct5R1 by jeff: 
[[0;37mINFO[m] com.jcabi.github.mock.MkComments: comment #1 posted to issue #1 by jeff: Release `v5.0` already exists! I can't duplicate i..29.. the future, try to avoid duplicate releases
[[0;37mINFO[m] com.rultor.agents.github.CommentsTag: duplicate tag v5.0 commented
Tests run: 3, Failures: 0, Errors: 0, Skipped: 0, Time elapsed: 1.553 sec - in com.rultor.agents.github.CommentsTagTest
Running com.rultor.web.TkDaemonTest
[[0;37mINFO[m] com.rultor.spi.Talks$InDir: talk 'test' created in /tmp/15111230427665756794/test
[[0;37mINFO[m] com.rultor.spi.Talks$InDir: 1 files in /tmp/15111230427665756794
[[0;37mINFO[m] com.rultor.spi.Talks$InDir: 1 files in /tmp/15111230427665756794
[[0;37mINFO[m] com.rultor.spi.Talks$InDir: 1 files in /tmp/15111230427665756794
[[0;37mINFO[m] com.rultor.spi.Talks$InDir: 1 files in /tmp/15111230427665756794
Tests run: 1, Failures: 0, Errors: 0, Skipped: 0, Time elapsed: 1.415 sec - in com.rultor.web.TkDaemonTest
Running com.rultor.agents.req.DecryptTest
Tests run: 2, Failures: 0, Errors: 0, Skipped: 1, Time elapsed: 1.072 sec - in com.rultor.agents.req.DecryptTest
Running com.rultor.web.TkSiblingsTest
[[0;37mINFO[m] com.rultor.spi.Talks$InDir: talk 'test' created in /tmp/14367243910029176865/test
[[0;37mINFO[m] com.rultor.spi.Talks$InDir: 1 files in /tmp/14367243910029176865
[[0;37mINFO[m] com.rultor.spi.Talks$InDir: 1 files in /tmp/14367243910029176865
Tests run: 1, Failures: 0, Errors: 0, Skipped: 0, Time elapsed: 1.319 sec - in com.rultor.web.TkSiblingsTest
Running com.rultor.EntryTest
[[0;31mERROR[m] co.stateful.RtSttc: #counters(): thrown java.lang.AssertionError(HTTP response status is not equal to 200:
301 Moved Permanently [http://www.stateful.co/]
Strict-Transport-Security: max-age=15724800; includeSubdomains
Server: nginx
Connection: keep-alive
Content-Length: 178
Date: Tue, 07 Feb 2023 16:01:57 GMT
Location: https://www.stateful.co:443/
Content-Type: text/html

<html>
<head><title>301 Moved Permanently</title></head>
<body bgcolor="white">
<center><h1>301 Moved Permanently</h1></center>
<hr><center>nginx</center>
</body>
</html>

Expected: HTTP response with status 200
     but: was <301 Moved Permanently [http://www.stateful.co/]
Strict-Transport-Security: max-age=15724800; includeSubdomains
Server: nginx
Connection: keep-alive
Content-Length: 178
Date: Tue, 07 Feb 2023 16:01:57 GMT
Location: https://www.stateful.co:443/
Content-Type: text/html

<html>
<head><title>301 Moved Permanently</title></head>
<body bgcolor="white">
<center><h1>301 Moved Permanently</h1></center>
<hr><center>nginx</center>
</body>
</html>
>) out of org.hamcrest.MatcherAssert#assertThat[20] in 147ms
Tests run: 2, Failures: 0, Errors: 0, Skipped: 0, Time elapsed: 1.449 sec - in com.rultor.EntryTest
Running com.rultor.agents.github.qtn.QnStatusTest
[[0;37mINFO[m] com.jcabi.github.mock.MkRepos: repository jeff/TxfyWVib5BqwBMm0qFQO created by jeff
[[0;37mINFO[m] com.jcabi.github.mock.MkIssues: issue #1 created in jeff/TxfyWVib5BqwBMm0qFQO by jeff: 
[[0;37mINFO[m] com.jcabi.github.mock.MkComments: comment #1 posted to issue #1 by jeff: status
[[0;37mINFO[m] com.jcabi.github.mock.MkComments: comment #2 posted to issue #1 by jeff: > status\n\n@jeff This is what's going on here:\n\n * ..231..here](http://doc.rultor.com/commands.html).
[[0;37mINFO[m] com.rultor.agents.github.qtn.QnStatus: status request in #1
Tests run: 1, Failures: 0, Errors: 0, Skipped: 0, Time elapsed: 1.189 sec - in com.rultor.agents.github.qtn.QnStatusTest
Running com.rultor.web.TkHomeTest
[[0;37mINFO[m] com.rultor.spi.Talks$InDir: talk 'test1' created in /tmp/2082904339785282822/test1
[[0;37mINFO[m] com.rultor.spi.Talks$InDir: talk 'test2' created in /tmp/2082904339785282822/test2
[[0;37mINFO[m] com.rultor.spi.Talks$InDir: 2 files in /tmp/2082904339785282822
Tests run: 1, Failures: 0, Errors: 0, Skipped: 0, Time elapsed: 0.733 sec - in com.rultor.web.TkHomeTest
Running com.rultor.agents.github.qtn.QnHelloTest
[[0;37mINFO[m] com.jcabi.github.mock.MkRepos: repository jeff/34WKe7UmNSeVajyhjC0b created by jeff
[[0;37mINFO[m] com.jcabi.github.mock.MkIssues: issue #1 created in jeff/34WKe7UmNSeVajyhjC0b by jeff: 
[[0;37mINFO[m] com.jcabi.github.mock.MkComments: comment #1 posted to issue #1 by jeff: hello
[[0;37mINFO[m] com.jcabi.github.mock.MkComments: comment #2 posted to issue #1 by jeff: > hello\n\n@jeff Hi there! I understand a few simple..153..ub.com/yegor256/rultor/issues). Have fun :)
[[0;37mINFO[m] com.rultor.agents.github.qtn.QnHello: hello found in #1
Tests run: 1, Failures: 0, Errors: 0, Skipped: 0, Time elapsed: 0.826 sec - in com.rultor.agents.github.qtn.QnHelloTest
Running com.rultor.agents.github.qtn.QnIfUnlockedTest
Tests run: 1, Failures: 0, Errors: 0, Skipped: 1, Time elapsed: 0 sec - in com.rultor.agents.github.qtn.QnIfUnlockedTest
Running com.rultor.agents.daemons.KillsDaemonTest
Tests run: 1, Failures: 0, Errors: 0, Skipped: 0, Time elapsed: 1.136 sec - in com.rultor.agents.daemons.KillsDaemonTest
Running com.rultor.agents.github.DephantomizesTest
[[0;37mINFO[m] com.jcabi.github.mock.MkRepos: repository jeff/ZCnhm5luWD6LG4HJs4vb created by jeff
[[0;37mINFO[m] com.jcabi.github.mock.MkIssues: issue #1 created in jeff/ZCnhm5luWD6LG4HJs4vb by jeff: title
[[0;37mINFO[m] com.jcabi.github.mock.MkRepos: repository jeff/VpMakmtoYNWBTu7OgH1u created by jeff
[[0;33mWARN[m] com.rultor.agents.github.Dephantomizes: issue #0 in jeff/VpMakmtoYNWBTu7OgH1u is gone, deleting request
Tests run: 2, Failures: 0, Errors: 0, Skipped: 0, Time elapsed: 2.429 sec - in com.rultor.agents.github.DephantomizesTest
Running com.rultor.web.TkAppTest
[[0;37mINFO[m] com.jcabi.manifests.Manifests: 112 attributes loaded from 161 stream(s) in 391ms, 112 saved, 2196 ignored: ["Agent-Class", "Ant-Version", "Application-Library-Allowable-Codebase", "Application-Name", "Archiver-Version", "Automatic-Module-Name", "Bnd-LastModified", "Build-Id", "Build-Jdk", "Build-Jdk-Spec", "Build-Version", "Built-By", "Built-Date", "Bundle-ActivationPolicy", "Bundle-Activator", "Bundle-Description", "Bundle-DocURL", "Bundle-License", "Bundle-ManifestVersion", "Bundle-Name", "Bundle-NativeCode", "Bundle-RequiredExecutionEnvironment", "Bundle-SymbolicName", "Bundle-Vendor", "Bundle-Version", "Caller-Allowable-Codebase", "Can-Redefine-Classes", "Can-Retransform-Classes", "Can-Set-Native-Method-Prefix", "Class-Path", "Codebase", "Created-By", "DSTAMP", "Dependencies", "DynamicImport-Package", "Embed-Dependency", "Export-Package", "Extension-Name", "Fragment-Host", "Git-Revision", "Git-Url", "Ignore-Package", "Implementation-Build", "Implementation-Build-Date", "Implementation-Build-Id", "Implementation-Title", "Implementation-URL", "Implementation-Vendor", "Implementation-Vendor-Id", "Implementation-Version", "Import-Package", "Include-Resource", "Ion-Java-Build-Time", "Ion-Java-Project-Version", "JCabi-Build", "JCabi-Date", "JCabi-Version", "Java-Vendor", "Java-Version", "Lombok-Version", "Main-Class", "Major-Version", "Manifest-Version", "Multi-Release", "Originally-Created-By", "Os-Arch", "Os-Name", "Os-Version", "Package", "Permissions", "Premain-Class", "Private-Package", "Probe-Provider-XML-File-Names", "Project-Name", "Require-Capability", "Rultor-Date", "Rultor-DynamoKey", "Rultor-DynamoSecret", "Rultor-GithubId", "Rultor-GithubSecret", "Rultor-GithubToken", "Rultor-Revision", "Rultor-S3Bucket", "Rultor-S3Key", "Rultor-S3Secret", "Rultor-SecurityKey", "Rultor-SentryDsn", "Rultor-SttcToken", "Rultor-SttcUrn", "Rultor-TwitterKey", "Rultor-TwitterSecret", "Rultor-TwitterToken", "Rultor-TwitterTokenSecret", "Rultor-Version", "Scm-Connection", "Scm-Revision", "Scm-Url", "Specification-Title", "Specification-Vendor", "Specification-Version", "Sttc-Date", "Sttc-Revision", "Sttc-Version", "TODAY", "TSTAMP", "Time-Zone-Database-Version", "Tool", "Trusted-Library", "X-Compile-Source-JDK", "X-Compile-Target-JDK", "service", "url"]
[[0;37mINFO[m] com.rultor.spi.Talks$InDir: 0 files in /tmp/17063569715843713961
[[0;37mINFO[m] com.rultor.spi.Talks$InDir: 0 files in /tmp/17063569715843713961
[[0;37mINFO[m] com.rultor.spi.Talks$InDir: 0 files in /tmp/12555687336708506614
[[0;37mINFO[m] com.rultor.Toggles$InFile: directory created for /tmp/rultor-a1b2c3e/read-only
Tests run: 3, Failures: 0, Errors: 0, Skipped: 0, Time elapsed: 3.649 sec - in com.rultor.web.TkAppTest
Running com.rultor.agents.req.EndsRequestTest
[[0;37mINFO[m] com.rultor.agents.req.EndsRequest: request finished: false
Tests run: 1, Failures: 0, Errors: 0, Skipped: 0, Time elapsed: 1.27 sec - in com.rultor.agents.req.EndsRequestTest
Running com.rultor.agents.PublishesTest
[[0;37mINFO[m] com.jcabi.github.mock.MkRepos: repository test/test created by test
Tests run: 2, Failures: 0, Errors: 0, Skipped: 0, Time elapsed: 1.435 sec - in com.rultor.agents.PublishesTest
Running com.rultor.agents.github.qtn.QnStopTest
[[0;37mINFO[m] com.jcabi.github.mock.MkRepos: repository jeff/Tge3uGW8ugeUuFkM9VUz created by jeff
[[0;37mINFO[m] com.jcabi.github.mock.MkIssues: issue #1 created in jeff/Tge3uGW8ugeUuFkM9VUz by jeff: 
[[0;37mINFO[m] com.jcabi.github.mock.MkComments: comment #1 posted to issue #1 by jeff: stop
[[0;37mINFO[m] com.jcabi.github.mock.MkComments: comment #2 posted to issue #1 by jeff: > stop\n\n@jeff OK, I'll try to stop current task.
[[0;37mINFO[m] com.rultor.agents.github.qtn.QnStop: stop request found in jeff/Tge3uGW8ugeUuFkM9VUz#1 comment #1
Tests run: 1, Failures: 0, Errors: 0, Skipped: 0, Time elapsed: 0.796 sec - in com.rultor.agents.github.qtn.QnStopTest
Running com.rultor.agents.req.StartsRequestTest
SLF4J: The following loggers will not work because they were created
SLF4J: during the default configuration phase of the underlying logging system.
SLF4J: See also http://www.slf4j.org/codes.html#substituteLogger
SLF4J: com.jcabi.log.VerboseProcess
SLF4J: com.jcabi.log.VerboseProcess
SLF4J: com.jcabi.log.VerboseProcess
SLF4J: com.jcabi.log.VerboseProcess
SLF4J: com.jcabi.log.VerboseProcess
SLF4J: com.jcabi.log.VerboseProcess
SLF4J: com.jcabi.log.VerboseProcess
SLF4J: com.jcabi.log.VerboseProcess
SLF4J: com.jcabi.log.VerboseProcess
SLF4J: com.jcabi.log.VerboseProcess
SLF4J: com.jcabi.log.VerboseProcess
SLF4J: com.jcabi.log.VerboseProcess
SLF4J: com.jcabi.log.VerboseProcess
SLF4J: com.jcabi.log.VerboseProcess
SLF4J: com.jcabi.log.VerboseProcess
SLF4J: com.jcabi.log.VerboseProcess
SLF4J: com.jcabi.log.VerboseProcess
SLF4J: com.jcabi.log.VerboseProcess
SLF4J: com.jcabi.log.VerboseProcess
SLF4J: com.jcabi.log.VerboseProcess
SLF4J: com.jcabi.log.VerboseProcess
SLF4J: com.jcabi.log.VerboseProcess
SLF4J: com.jcabi.log.VerboseProcess
SLF4J: com.jcabi.log.VerboseProcess
SLF4J: com.jcabi.log.VerboseProcess
SLF4J: com.jcabi.log.VerboseProcess
SLF4J: com.jcabi.log.VerboseProcess
SLF4J: com.jcabi.log.VerboseProcess
SLF4J: com.jcabi.log.VerboseProcess
SLF4J: com.jcabi.log.VerboseProcess
SLF4J: com.jcabi.log.VerboseProcess
SLF4J: com.jcabi.log.VerboseProcess
SLF4J: com.jcabi.log.VerboseProcess
SLF4J: com.jcabi.log.VerboseProcess
SLF4J: com.jcabi.log.VerboseProcess
SLF4J: com.jcabi.log.VerboseProcess
SLF4J: com.jcabi.log.VerboseProcess
SLF4J: com.jcabi.log.VerboseProcess
SLF4J: com.jcabi.log.VerboseProcess
SLF4J: com.jcabi.log.VerboseProcess
SLF4J: com.jcabi.log.VerboseProcess
SLF4J: com.jcabi.log.VerboseProcess
SLF4J: com.jcabi.log.VerboseProcess
SLF4J: com.jcabi.aspects.aj.ImmutabilityChecker
SLF4J: com.jcabi.log.VerboseProcess
SLF4J: com.jcabi.log.VerboseProcess
SLF4J: com.jcabi.log.VerboseProcess
SLF4J: com.jcabi.log.VerboseProcess
SLF4J: com.jcabi.log.VerboseProcess
SLF4J: com.jcabi.log.VerboseProcess
SLF4J: com.jcabi.log.VerboseProcess
SLF4J: com.jcabi.log.VerboseProcess
SLF4J: com.jcabi.log.VerboseProcess
SLF4J: com.jcabi.log.VerboseProcess
SLF4J: com.jcabi.log.VerboseProcess
SLF4J: com.jcabi.log.VerboseProcess
SLF4J: com.jcabi.log.VerboseProcess
SLF4J: com.jcabi.log.VerboseProcess
SLF4J: com.jcabi.log.VerboseProcess
SLF4J: com.jcabi.log.VerboseProcess
SLF4J: com.jcabi.log.VerboseProcess
SLF4J: com.jcabi.log.VerboseProcess
SLF4J: com.jcabi.log.VerboseProcess
SLF4J: com.jcabi.log.VerboseProcess
SLF4J: com.jcabi.log.VerboseProcess
SLF4J: com.jcabi.log.VerboseProcess
SLF4J: com.jcabi.log.VerboseProcess
SLF4J: com.jcabi.log.VerboseProcess
SLF4J: com.jcabi.log.VerboseProcess
SLF4J: com.jcabi.log.VerboseProcess
SLF4J: com.jcabi.log.VerboseProcess
SLF4J: com.jcabi.log.VerboseProcess
SLF4J: com.jcabi.log.VerboseProcess
SLF4J: com.jcabi.log.VerboseProcess
SLF4J: com.jcabi.log.VerboseProcess
SLF4J: com.jcabi.log.VerboseProcess
SLF4J: com.jcabi.log.VerboseProcess
SLF4J: com.jcabi.log.VerboseProcess
SLF4J: com.jcabi.log.VerboseProcess
SLF4J: com.jcabi.log.VerboseProcess
SLF4J: com.jcabi.log.VerboseProcess
SLF4J: com.jcabi.log.VerboseProcess
SLF4J: com.jcabi.log.VerboseProcess
SLF4J: com.jcabi.log.VerboseProcess
SLF4J: com.jcabi.log.VerboseProcess
SLF4J: com.jcabi.log.VerboseProcess
SLF4J: com.jcabi.log.VerboseProcess
SLF4J: com.jcabi.log.VerboseProcess
SLF4J: com.jcabi.log.VerboseProcess
SLF4J: com.jcabi.log.VerboseProcess
SLF4J: com.jcabi.log.VerboseProcess
SLF4J: com.jcabi.log.VerboseProcess
SLF4J: com.jcabi.log.VerboseProcess
SLF4J: com.jcabi.log.VerboseProcess
[[0;37mINFO[m] com.rultor.agents.req.StartsRequest: request deploy/abcd started for test
[[0;33mWARN[m] com.jcabi.log.VerboseProcess: >> + set -e
[[0;33mWARN[m] com.jcabi.log.VerboseProcess: >> + set -o pipefail
[[0;33mWARN[m] com.jcabi.log.VerboseProcess: >> + head=/tmp/junit11441992358247764334/junit16290817663015042967
[[0;33mWARN[m] com.jcabi.log.VerboseProcess: >> + image=yegor256/rultor-image
[[0;33mWARN[m] com.jcabi.log.VerboseProcess: >> + head_branch=master
[[0;33mWARN[m] com.jcabi.log.VerboseProcess: >> + author=yegor256
[[0;33mWARN[m] com.jcabi.log.VerboseProcess: >> + vars=('--env=MAVEN_OPTS=-Xmx2g -Xms1g' '--env=head=/tmp/junit11441992358247764334/junit16290817663015042967' '--env=scripts=( '\''export '\''\'\'''\''MAVEN_OPTS=-Xmx2g -Xms1g'\''\'\'''\'''\'' '\'';'\'' '\''export '\''\'\'''\''head=/tmp/junit11441992358247764334/junit16290817663015042967'\''\'\'''\'''\'' '\'';'\'' '\''export '\''\'\'''\''head_branch=master'\''\'\'''\'''\'' '\'';'\'' '\''export '\''\'\'''\''author=yegor256'\''\'\'''\'''\'' '\'';'\'' '\''echo HEY'\'' '\'';'\'' )' '--env=head_branch=master' '--env=author=yegor256')
[[0;33mWARN[m] com.jcabi.log.VerboseProcess: >> + scripts=('export '\''MAVEN_OPTS=-Xmx2g -Xms1g'\''' ';' 'export '\''head=/tmp/junit11441992358247764334/junit16290817663015042967'\''' ';' 'export '\''head_branch=master'\''' ';' 'export '\''author=yegor256'\''' ';' 'echo HEY' ';')
[[0;33mWARN[m] com.jcabi.log.VerboseProcess: >> + directory=
[[0;33mWARN[m] com.jcabi.log.VerboseProcess: >> + container=test
[[0;33mWARN[m] com.jcabi.log.VerboseProcess: >> + as_root=false
[[0;33mWARN[m] com.jcabi.log.VerboseProcess: >> + git --version
[[0;33mWARN[m] com.jcabi.log.VerboseProcess: >> git version 2.17.1
[[0;33mWARN[m] com.jcabi.log.VerboseProcess: >> + docker --version
[[0;33mWARN[m] com.jcabi.log.VerboseProcess: >> + (( i=1 ))
[[0;33mWARN[m] com.jcabi.log.VerboseProcess: >> + (( i<=1 ))
[[0;33mWARN[m] com.jcabi.log.VerboseProcess: >> + echo 'DOCKER-1: --version'
[[0;33mWARN[m] com.jcabi.log.VerboseProcess: >> DOCKER-1: --version
[[0;33mWARN[m] com.jcabi.log.VerboseProcess: >> + (( i++  ))
[[0;33mWARN[m] com.jcabi.log.VerboseProcess: >> + (( i<=1 ))
[[0;33mWARN[m] com.jcabi.log.VerboseProcess: >> + mkdir -p /home/gabsko/.ssh
[[0;33mWARN[m] com.jcabi.log.VerboseProcess: >> + echo -e 'Host github.com\n\tStrictHostKeyChecking no\n'
[[0;33mWARN[m] com.jcabi.log.VerboseProcess: >> /bin/bash: line 28: /home/gabsko/.ssh/config: Permission denied
[[0;37mINFO[m] com.rultor.agents.req.StartsRequest: request deploy/ff89 started for test
[[0;37mINFO[m] com.rultor.agents.req.StartsRequest: request deploy/abcd started for test
[[0;33mWARN[m] com.jcabi.log.VerboseProcess: >> + set -e
[[0;33mWARN[m] com.jcabi.log.VerboseProcess: >> + set -o pipefail
[[0;33mWARN[m] com.jcabi.log.VerboseProcess: >> + head=/tmp/junit17225131719799078662/junit2836892444393615149
[[0;33mWARN[m] com.jcabi.log.VerboseProcess: >> + image=yegor256/rultor-image
[[0;33mWARN[m] com.jcabi.log.VerboseProcess: >> + head_branch=master
[[0;33mWARN[m] com.jcabi.log.VerboseProcess: >> + author=yegor256
[[0;33mWARN[m] com.jcabi.log.VerboseProcess: >> + vars=('--env=head=/tmp/junit17225131719799078662/junit2836892444393615149' '--env=scripts=( '\''export '\''\'\'''\''head=/tmp/junit17225131719799078662/junit2836892444393615149'\''\'\'''\'''\'' '\'';'\'' '\''export '\''\'\'''\''head_branch=master'\''\'\'''\'''\'' '\'';'\'' '\''export '\''\'\'''\''author=yegor256'\''\'\'''\'''\'' '\'';'\'' '\''echo BOOM'\'' '\'';'\'' )' '--env=head_branch=master' '--env=author=yegor256')
[[0;33mWARN[m] com.jcabi.log.VerboseProcess: >> + scripts=('export '\''head=/tmp/junit17225131719799078662/junit2836892444393615149'\''' ';' 'export '\''head_branch=master'\''' ';' 'export '\''author=yegor256'\''' ';' 'echo BOOM' ';')
[[0;33mWARN[m] com.jcabi.log.VerboseProcess: >> + directory=
[[0;33mWARN[m] com.jcabi.log.VerboseProcess: >> + container=test
[[0;33mWARN[m] com.jcabi.log.VerboseProcess: >> + as_root=true
[[0;33mWARN[m] com.jcabi.log.VerboseProcess: >> + git --version
[[0;33mWARN[m] com.jcabi.log.VerboseProcess: >> git version 2.17.1
[[0;33mWARN[m] com.jcabi.log.VerboseProcess: >> + docker --version
[[0;33mWARN[m] com.jcabi.log.VerboseProcess: >> + (( i=1 ))
[[0;33mWARN[m] com.jcabi.log.VerboseProcess: >> + (( i<=1 ))
[[0;33mWARN[m] com.jcabi.log.VerboseProcess: >> + echo 'DOCKER-1: --version'
[[0;33mWARN[m] com.jcabi.log.VerboseProcess: >> DOCKER-1: --version
[[0;33mWARN[m] com.jcabi.log.VerboseProcess: >> + (( i++  ))
[[0;33mWARN[m] com.jcabi.log.VerboseProcess: >> + (( i<=1 ))
[[0;33mWARN[m] com.jcabi.log.VerboseProcess: >> + mkdir -p /home/gabsko/.ssh
[[0;33mWARN[m] com.jcabi.log.VerboseProcess: >> + echo -e 'Host github.com\n\tStrictHostKeyChecking no\n'
[[0;33mWARN[m] com.jcabi.log.VerboseProcess: >> /bin/bash: line 28: /home/gabsko/.ssh/config: Permission denied
[[0;37mINFO[m] com.rultor.agents.req.StartsRequest: request merge/a1b2c3 started for test
[[0;33mWARN[m] com.jcabi.log.VerboseProcess: >> + set -e
[[0;33mWARN[m] com.jcabi.log.VerboseProcess: >> + set -o pipefail
[[0;33mWARN[m] com.jcabi.log.VerboseProcess: >> + ff=default
[[0;33mWARN[m] com.jcabi.log.VerboseProcess: >> + image=yegor256/rultor-image
[[0;33mWARN[m] com.jcabi.log.VerboseProcess: >> + rebase=false
[[0;33mWARN[m] com.jcabi.log.VerboseProcess: >> + head_branch=master
[[0;33mWARN[m] com.jcabi.log.VerboseProcess: >> + pull_title='the "title'
[[0;33mWARN[m] com.jcabi.log.VerboseProcess: >> + author=yegor256
[[0;33mWARN[m] com.jcabi.log.VerboseProcess: >> + directory=
[[0;33mWARN[m] com.jcabi.log.VerboseProcess: >> + head=/tmp/junit13343594803552616084/junit10473295998559051007
[[0;33mWARN[m] com.jcabi.log.VerboseProcess: >> + fork=/tmp/junit13343594803552616084/junit10473295998559051007
[[0;33mWARN[m] com.jcabi.log.VerboseProcess: >> + fork_branch=frk
[[0;33mWARN[m] com.jcabi.log.VerboseProcess: >> + squash=false
[[0;33mWARN[m] com.jcabi.log.VerboseProcess: >> + vars=('--env=head=/tmp/junit13343594803552616084/junit10473295998559051007' '--env=fork=/tmp/junit13343594803552616084/junit10473295998559051007' '--env=fork_branch=frk' '--env=head_branch=master' '--env=pull_title=the "title' '--env=author=yegor256' '--env=scripts=( '\''export '\''\'\'''\''head=/tmp/junit13343594803552616084/junit10473295998559051007'\''\'\'''\'''\'' '\'';'\'' '\''export '\''\'\'''\''fork=/tmp/junit13343594803552616084/junit10473295998559051007'\''\'\'''\'''\'' '\'';'\'' '\''export '\''\'\'''\''fork_branch=frk'\''\'\'''\'''\'' '\'';'\'' '\''export '\''\'\'''\''head_branch=master'\''\'\'''\'''\'' '\'';'\'' '\''export '\''\'\'''\''pull_title=the "title'\''\'\'''\'''\'' '\'';'\'' '\''export '\''\'\'''\''author=yegor256'\''\'\'''\'''\'' '\'';'\'' '\''echo HEY'\'' '\'';'\'' )')
[[0;33mWARN[m] com.jcabi.log.VerboseProcess: >> + scripts=('export '\''head=/tmp/junit13343594803552616084/junit10473295998559051007'\''' ';' 'export '\''fork=/tmp/junit13343594803552616084/junit10473295998559051007'\''' ';' 'export '\''fork_branch=frk'\''' ';' 'export '\''head_branch=master'\''' ';' 'export '\''pull_title=the "title'\''' ';' 'export '\''author=yegor256'\''' ';' 'echo HEY' ';')
[[0;33mWARN[m] com.jcabi.log.VerboseProcess: >> + container=test
[[0;33mWARN[m] com.jcabi.log.VerboseProcess: >> + as_root=false
[[0;33mWARN[m] com.jcabi.log.VerboseProcess: >> + git --version
[[0;33mWARN[m] com.jcabi.log.VerboseProcess: >> git version 2.17.1
[[0;33mWARN[m] com.jcabi.log.VerboseProcess: >> + docker --version
[[0;33mWARN[m] com.jcabi.log.VerboseProcess: >> + (( i=1 ))
[[0;33mWARN[m] com.jcabi.log.VerboseProcess: >> + (( i<=1 ))
[[0;33mWARN[m] com.jcabi.log.VerboseProcess: >> + echo 'DOCKER-1: --version'
[[0;33mWARN[m] com.jcabi.log.VerboseProcess: >> DOCKER-1: --version
[[0;33mWARN[m] com.jcabi.log.VerboseProcess: >> + (( i++  ))
[[0;33mWARN[m] com.jcabi.log.VerboseProcess: >> + (( i<=1 ))
[[0;33mWARN[m] com.jcabi.log.VerboseProcess: >> + mkdir -p /home/gabsko/.ssh
[[0;33mWARN[m] com.jcabi.log.VerboseProcess: >> + echo -e 'Host github.com\n\tStrictHostKeyChecking no\n'
[[0;33mWARN[m] com.jcabi.log.VerboseProcess: >> /bin/bash: line 34: /home/gabsko/.ssh/config: Permission denied
[[0;37mINFO[m] com.rultor.agents.req.StartsRequest: request merge/abcd started for test
[[0;37mINFO[m] com.rultor.agents.req.StartsRequest: request release/a8b9c0 started for test
[[0;33mWARN[m] com.jcabi.log.VerboseProcess: >> + set -e
[[0;33mWARN[m] com.jcabi.log.VerboseProcess: >> + set -o pipefail
[[0;33mWARN[m] com.jcabi.log.VerboseProcess: >> + head=/tmp/junit11764032581986354373/junit4998850883179004816
[[0;33mWARN[m] com.jcabi.log.VerboseProcess: >> + image=a/b
[[0;33mWARN[m] com.jcabi.log.VerboseProcess: >> + head_branch=master
[[0;33mWARN[m] com.jcabi.log.VerboseProcess: >> + author=yegor256
[[0;33mWARN[m] com.jcabi.log.VerboseProcess: >> + tag=1.0-beta
[[0;33mWARN[m] com.jcabi.log.VerboseProcess: >> + vars=('--env=head=/tmp/junit11764032581986354373/junit4998850883179004816' '--env=tag=1.0-beta' '--env=scripts=( '\''export '\''\'\'''\''head=/tmp/junit11764032581986354373/junit4998850883179004816'\''\'\'''\'''\'' '\'';'\'' '\''export '\''\'\'''\''tag=1.0-beta'\''\'\'''\'''\'' '\'';'\'' '\''export '\''\'\'''\''head_branch=master'\''\'\'''\'''\'' '\'';'\'' '\''export '\''\'\'''\''author=yegor256'\''\'\'''\'''\'' '\'';'\'' '\''echo HEY'\'' '\'';'\'' )' '--env=head_branch=master' '--env=author=yegor256')
[[0;33mWARN[m] com.jcabi.log.VerboseProcess: >> + scripts=('export '\''head=/tmp/junit11764032581986354373/junit4998850883179004816'\''' ';' 'export '\''tag=1.0-beta'\''' ';' 'export '\''head_branch=master'\''' ';' 'export '\''author=yegor256'\''' ';' 'echo HEY' ';')
[[0;33mWARN[m] com.jcabi.log.VerboseProcess: >> + directory=
[[0;33mWARN[m] com.jcabi.log.VerboseProcess: >> + container=test
[[0;33mWARN[m] com.jcabi.log.VerboseProcess: >> + as_root=false
[[0;33mWARN[m] com.jcabi.log.VerboseProcess: >> + git --version
[[0;33mWARN[m] com.jcabi.log.VerboseProcess: >> git version 2.17.1
[[0;33mWARN[m] com.jcabi.log.VerboseProcess: >> + docker --version
[[0;33mWARN[m] com.jcabi.log.VerboseProcess: >> + (( i=1 ))
[[0;33mWARN[m] com.jcabi.log.VerboseProcess: >> + (( i<=1 ))
[[0;33mWARN[m] com.jcabi.log.VerboseProcess: >> + echo 'DOCKER-1: --version'
[[0;33mWARN[m] com.jcabi.log.VerboseProcess: >> DOCKER-1: --version
[[0;33mWARN[m] com.jcabi.log.VerboseProcess: >> + (( i++  ))
[[0;33mWARN[m] com.jcabi.log.VerboseProcess: >> + (( i<=1 ))
[[0;33mWARN[m] com.jcabi.log.VerboseProcess: >> + mkdir -p /home/gabsko/.ssh
[[0;33mWARN[m] com.jcabi.log.VerboseProcess: >> + echo -e 'Host github.com\n\tStrictHostKeyChecking no\n'
[[0;33mWARN[m] com.jcabi.log.VerboseProcess: >> /bin/bash: line 29: /home/gabsko/.ssh/config: Permission denied
Tests run: 7, Failures: 0, Errors: 4, Skipped: 1, Time elapsed: 7.95 sec <<< FAILURE! - in com.rultor.agents.req.StartsRequestTest
startsDeployRequest(com.rultor.agents.req.StartsRequestTest)  Time elapsed: 1.432 sec  <<< ERROR!
java.lang.IllegalArgumentException: Non-zero exit code 1: + set -e\n+ set -o pipefail\n+ head=/tmp/junit114419..1180..ome/gabsko/.ssh/config: Permission denied\n
	at com.jcabi.log.VerboseProcess.stdout(VerboseProcess.java:252)
	at com.jcabi.log.VerboseProcess.stdout(VerboseProcess.java:175)
	at com.rultor.agents.req.StartsRequestTest.exec(StartsRequestTest.java:411)
	at com.rultor.agents.req.StartsRequestTest.startsDeployRequest(StartsRequestTest.java:143)
	at java.base/jdk.internal.reflect.NativeMethodAccessorImpl.invoke0(Native Method)
	at java.base/jdk.internal.reflect.NativeMethodAccessorImpl.invoke(NativeMethodAccessorImpl.java:62)
	at java.base/jdk.internal.reflect.DelegatingMethodAccessorImpl.invoke(DelegatingMethodAccessorImpl.java:43)
	at java.base/java.lang.reflect.Method.invoke(Method.java:566)
	at org.junit.runners.model.FrameworkMethod$1.runReflectiveCall(FrameworkMethod.java:50)
	at org.junit.internal.runners.model.ReflectiveCallable.run(ReflectiveCallable.java:12)
	at org.junit.runners.model.FrameworkMethod.invokeExplosively(FrameworkMethod.java:47)
	at org.junit.internal.runners.statements.InvokeMethod.evaluate(InvokeMethod.java:17)
	at org.junit.rules.ExternalResource$1.evaluate(ExternalResource.java:48)
	at org.junit.rules.RunRules.evaluate(RunRules.java:20)
	at org.junit.runners.ParentRunner.runLeaf(ParentRunner.java:325)
	at org.junit.runners.BlockJUnit4ClassRunner.runChild(BlockJUnit4ClassRunner.java:78)
	at org.junit.runners.BlockJUnit4ClassRunner.runChild(BlockJUnit4ClassRunner.java:57)
	at org.junit.runners.ParentRunner$3.run(ParentRunner.java:290)
	at org.apache.maven.surefire.junitcore.pc.Scheduler$1.run(Scheduler.java:387)
	at java.base/java.util.concurrent.Executors$RunnableAdapter.call(Executors.java:515)
	at java.base/java.util.concurrent.FutureTask.run(FutureTask.java:264)
	at java.base/java.util.concurrent.ThreadPoolExecutor.runWorker(ThreadPoolExecutor.java:1128)
	at java.base/java.util.concurrent.ThreadPoolExecutor$Worker.run(ThreadPoolExecutor.java:628)
	at java.base/java.lang.Thread.run(Thread.java:829)

runsAsRootIfRequested(com.rultor.agents.req.StartsRequestTest)  Time elapsed: 1.477 sec  <<< ERROR!
java.lang.IllegalArgumentException: Non-zero exit code 1: + set -e\n+ set -o pipefail\n+ head=/tmp/junit172251..1022..ome/gabsko/.ssh/config: Permission denied\n
	at com.jcabi.log.VerboseProcess.stdout(VerboseProcess.java:252)
	at com.jcabi.log.VerboseProcess.stdout(VerboseProcess.java:175)
	at com.rultor.agents.req.StartsRequestTest.exec(StartsRequestTest.java:411)
	at com.rultor.agents.req.StartsRequestTest.runsAsRootIfRequested(StartsRequestTest.java:377)
	at java.base/jdk.internal.reflect.NativeMethodAccessorImpl.invoke0(Native Method)
	at java.base/jdk.internal.reflect.NativeMethodAccessorImpl.invoke(NativeMethodAccessorImpl.java:62)
	at java.base/jdk.internal.reflect.DelegatingMethodAccessorImpl.invoke(DelegatingMethodAccessorImpl.java:43)
	at java.base/java.lang.reflect.Method.invoke(Method.java:566)
	at org.junit.runners.model.FrameworkMethod$1.runReflectiveCall(FrameworkMethod.java:50)
	at org.junit.internal.runners.model.ReflectiveCallable.run(ReflectiveCallable.java:12)
	at org.junit.runners.model.FrameworkMethod.invokeExplosively(FrameworkMethod.java:47)
	at org.junit.internal.runners.statements.InvokeMethod.evaluate(InvokeMethod.java:17)
	at org.junit.rules.ExternalResource$1.evaluate(ExternalResource.java:48)
	at org.junit.rules.RunRules.evaluate(RunRules.java:20)
	at org.junit.runners.ParentRunner.runLeaf(ParentRunner.java:325)
	at org.junit.runners.BlockJUnit4ClassRunner.runChild(BlockJUnit4ClassRunner.java:78)
	at org.junit.runners.BlockJUnit4ClassRunner.runChild(BlockJUnit4ClassRunner.java:57)
	at org.junit.runners.ParentRunner$3.run(ParentRunner.java:290)
	at org.apache.maven.surefire.junitcore.pc.Scheduler$1.run(Scheduler.java:387)
	at java.base/java.util.concurrent.Executors$RunnableAdapter.call(Executors.java:515)
	at java.base/java.util.concurrent.FutureTask.run(FutureTask.java:264)
	at java.base/java.util.concurrent.ThreadPoolExecutor.runWorker(ThreadPoolExecutor.java:1128)
	at java.base/java.util.concurrent.ThreadPoolExecutor$Worker.run(ThreadPoolExecutor.java:628)
	at java.base/java.lang.Thread.run(Thread.java:829)

startsMergeRequest(com.rultor.agents.req.StartsRequestTest)  Time elapsed: 1.239 sec  <<< ERROR!
java.lang.IllegalArgumentException: Non-zero exit code 1: + set -e\n+ set -o pipefail\n+ ff=default\n+ image=ye..1716..ome/gabsko/.ssh/config: Permission denied\n
	at com.jcabi.log.VerboseProcess.stdout(VerboseProcess.java:252)
	at com.jcabi.log.VerboseProcess.stdout(VerboseProcess.java:175)
	at com.rultor.agents.req.StartsRequestTest.exec(StartsRequestTest.java:411)
	at com.rultor.agents.req.StartsRequestTest.startsMergeRequest(StartsRequestTest.java:241)
	at java.base/jdk.internal.reflect.NativeMethodAccessorImpl.invoke0(Native Method)
	at java.base/jdk.internal.reflect.NativeMethodAccessorImpl.invoke(NativeMethodAccessorImpl.java:62)
	at java.base/jdk.internal.reflect.DelegatingMethodAccessorImpl.invoke(DelegatingMethodAccessorImpl.java:43)
	at java.base/java.lang.reflect.Method.invoke(Method.java:566)
	at org.junit.runners.model.FrameworkMethod$1.runReflectiveCall(FrameworkMethod.java:50)
	at org.junit.internal.runners.model.ReflectiveCallable.run(ReflectiveCallable.java:12)
	at org.junit.runners.model.FrameworkMethod.invokeExplosively(FrameworkMethod.java:47)
	at org.junit.internal.runners.statements.InvokeMethod.evaluate(InvokeMethod.java:17)
	at org.junit.rules.ExternalResource$1.evaluate(ExternalResource.java:48)
	at org.junit.rules.RunRules.evaluate(RunRules.java:20)
	at org.junit.runners.ParentRunner.runLeaf(ParentRunner.java:325)
	at org.junit.runners.BlockJUnit4ClassRunner.runChild(BlockJUnit4ClassRunner.java:78)
	at org.junit.runners.BlockJUnit4ClassRunner.runChild(BlockJUnit4ClassRunner.java:57)
	at org.junit.runners.ParentRunner$3.run(ParentRunner.java:290)
	at org.apache.maven.surefire.junitcore.pc.Scheduler$1.run(Scheduler.java:387)
	at java.base/java.util.concurrent.Executors$RunnableAdapter.call(Executors.java:515)
	at java.base/java.util.concurrent.FutureTask.run(FutureTask.java:264)
	at java.base/java.util.concurrent.ThreadPoolExecutor.runWorker(ThreadPoolExecutor.java:1128)
	at java.base/java.util.concurrent.ThreadPoolExecutor$Worker.run(ThreadPoolExecutor.java:628)
	at java.base/java.lang.Thread.run(Thread.java:829)

startsReleaseRequest(com.rultor.agents.req.StartsRequestTest)  Time elapsed: 1.222 sec  <<< ERROR!
java.lang.IllegalArgumentException: Non-zero exit code 1: + set -e\n+ set -o pipefail\n+ head=/tmp/junit117640..1137..ome/gabsko/.ssh/config: Permission denied\n
	at com.jcabi.log.VerboseProcess.stdout(VerboseProcess.java:252)
	at com.jcabi.log.VerboseProcess.stdout(VerboseProcess.java:175)
	at com.rultor.agents.req.StartsRequestTest.exec(StartsRequestTest.java:411)
	at com.rultor.agents.req.StartsRequestTest.startsReleaseRequest(StartsRequestTest.java:206)
	at java.base/jdk.internal.reflect.NativeMethodAccessorImpl.invoke0(Native Method)
	at java.base/jdk.internal.reflect.NativeMethodAccessorImpl.invoke(NativeMethodAccessorImpl.java:62)
	at java.base/jdk.internal.reflect.DelegatingMethodAccessorImpl.invoke(DelegatingMethodAccessorImpl.java:43)
	at java.base/java.lang.reflect.Method.invoke(Method.java:566)
	at org.junit.runners.model.FrameworkMethod$1.runReflectiveCall(FrameworkMethod.java:50)
	at org.junit.internal.runners.model.ReflectiveCallable.run(ReflectiveCallable.java:12)
	at org.junit.runners.model.FrameworkMethod.invokeExplosively(FrameworkMethod.java:47)
	at org.junit.internal.runners.statements.InvokeMethod.evaluate(InvokeMethod.java:17)
	at org.junit.rules.ExternalResource$1.evaluate(ExternalResource.java:48)
	at org.junit.rules.RunRules.evaluate(RunRules.java:20)
	at org.junit.runners.ParentRunner.runLeaf(ParentRunner.java:325)
	at org.junit.runners.BlockJUnit4ClassRunner.runChild(BlockJUnit4ClassRunner.java:78)
	at org.junit.runners.BlockJUnit4ClassRunner.runChild(BlockJUnit4ClassRunner.java:57)
	at org.junit.runners.ParentRunner$3.run(ParentRunner.java:290)
	at org.apache.maven.surefire.junitcore.pc.Scheduler$1.run(Scheduler.java:387)
	at java.base/java.util.concurrent.Executors$RunnableAdapter.call(Executors.java:515)
	at java.base/java.util.concurrent.FutureTask.run(FutureTask.java:264)
	at java.base/java.util.concurrent.ThreadPoolExecutor.runWorker(ThreadPoolExecutor.java:1128)
	at java.base/java.util.concurrent.ThreadPoolExecutor$Worker.run(ThreadPoolExecutor.java:628)
	at java.base/java.lang.Thread.run(Thread.java:829)

Running com.rultor.agents.github.qtn.QnReleaseTest
[[0;37mINFO[m] com.jcabi.github.mock.MkRepos: repository jeff/hF7IF9Vck4QuI9AF7n4D created by jeff
[[0;37mINFO[m] com.jcabi.github.mock.MkIssues: issue #1 created in jeff/hF7IF9Vck4QuI9AF7n4D by jeff: 
[[0;37mINFO[m] com.jcabi.github.mock.MkComments: comment #1 posted to issue #1 by jeff: release `1.7`
[[0;37mINFO[m] com.rultor.agents.github.qtn.QnRelease: release request found in jeff/hF7IF9Vck4QuI9AF7n4D#1, comment #1
[[0;37mINFO[m] com.jcabi.github.mock.MkComments: comment #2 posted to issue #1 by jeff: > release `1.7`\n\n@jeff OK, I will release it now. Please check the progress [here](#)
[[0;37mINFO[m] com.jcabi.github.mock.MkRepos: repository jeff/qgE74ITyU9jlNFprc1dQ created by jeff
[[0;37mINFO[m] com.jcabi.github.mock.MkIssues: issue #1 created in jeff/qgE74ITyU9jlNFprc1dQ by jeff: 
[[0;37mINFO[m] com.jcabi.github.mock.MkComments: comment #1 posted to issue #1 by jeff: release `1.6`
[[0;37mINFO[m] com.rultor.agents.github.qtn.QnRelease: release request found in jeff/qgE74ITyU9jlNFprc1dQ#1, comment #1
[[0;37mINFO[m] com.jcabi.github.mock.MkComments: comment #2 posted to issue #1 by jeff: > release `1.6`\n\n@jeff Invalid release tag `1.6` s..41..r than the given release in this repository.
[[0;37mINFO[m] com.jcabi.github.mock.MkRepos: repository jeff/FlnyyVxnp6FJF9tb526X created by jeff
[[0;37mINFO[m] com.jcabi.github.mock.MkIssues: issue #1 created in jeff/FlnyyVxnp6FJF9tb526X by jeff: 
[[0;37mINFO[m] com.jcabi.github.mock.MkComments: comment #1 posted to issue #1 by jeff: release
[[0;37mINFO[m] com.rultor.agents.github.qtn.QnRelease: release request found in jeff/FlnyyVxnp6FJF9tb526X#1, comment #1
[[0;37mINFO[m] com.jcabi.github.mock.MkComments: comment #2 posted to issue #1 by jeff: > release\n\n@jeff OK, I will release it now. Please check the progress [here](#)
Tests run: 3, Failures: 0, Errors: 0, Skipped: 0, Time elapsed: 2.579 sec - in com.rultor.agents.github.qtn.QnReleaseTest
Running com.rultor.agents.github.ClosePullRequestTest
[[0;37mINFO[m] com.jcabi.github.mock.MkRepos: repository jeff/0oBhn8GhBvmqGUhhfMXV created by jeff
[[0;37mINFO[m] com.jcabi.github.mock.MkIssues: issue #1 created in jeff/0oBhn8GhBvmqGUhhfMXV by jeff: 
[[0;37mINFO[m] com.jcabi.github.mock.MkEvent: issue event #1 of type closed created in jeff for issue #1 by jeff
[[0;37mINFO[m] com.jcabi.github.mock.MkComments: comment #1 posted to issue #1 by jeff: Rultor closed this pull request for you because yo..231.. been merged without the rebase option set.
[[0;37mINFO[m] com.jcabi.github.mock.MkRepos: repository jeff/fopxoJzOBIJjWiFvAeGe created by jeff
[[0;37mINFO[m] com.jcabi.github.mock.MkIssues: issue #1 created in jeff/fopxoJzOBIJjWiFvAeGe by jeff: 
Tests run: 2, Failures: 0, Errors: 0, Skipped: 0, Time elapsed: 2.105 sec - in com.rultor.agents.github.ClosePullRequestTest
Running com.rultor.agents.github.qtn.QnMergeTest
Tests run: 1, Failures: 0, Errors: 0, Skipped: 1, Time elapsed: 0 sec - in com.rultor.agents.github.qtn.QnMergeTest
Running com.rultor.agents.github.qtn.QnConfigTest
[[0;37mINFO[m] com.jcabi.github.mock.MkRepos: repository jeff/Ky4XnfJ3GAUbi5eblXrQ created by jeff
[[0;37mINFO[m] com.jcabi.github.mock.MkIssues: issue #1 created in jeff/Ky4XnfJ3GAUbi5eblXrQ by jeff: 
[[0;37mINFO[m] com.jcabi.github.mock.MkComments: comment #1 posted to issue #1 by jeff: hello
[[0;37mINFO[m] com.jcabi.github.mock.MkComments: comment #2 posted to issue #1 by jeff: > hello\n\n@jeff This is how I understand the `.rult..143..ference.html) explains how to configure it.
[[0;37mINFO[m] com.rultor.agents.github.qtn.QnConfig: config request in #1
Tests run: 1, Failures: 0, Errors: 0, Skipped: 0, Time elapsed: 0.13 sec - in com.rultor.agents.github.qtn.QnConfigTest
Running com.rultor.agents.github.CommitsLogTest
Tests run: 2, Failures: 0, Errors: 0, Skipped: 0, Time elapsed: 2.123 sec - in com.rultor.agents.github.CommitsLogTest
Running com.rultor.agents.github.qtn.QnReferredToTest
[[0;37mINFO[m] com.jcabi.github.mock.MkRepos: repository jeff/yYYy7ssTewcK1HU8fvdW created by jeff
[[0;37mINFO[m] com.jcabi.github.mock.MkIssues: issue #1 created in jeff/yYYy7ssTewcK1HU8fvdW by jeff: 
[[0;37mINFO[m] com.jcabi.github.mock.MkComments: comment #1 posted to issue #1 by jeff:   @xx deploy
[[0;37mINFO[m] com.jcabi.github.mock.MkComments: comment #2 posted to issue #1 by jeff: >   @xx deploy\n\n@jeff OK, I'll try to deploy now. You can check the progress [here](#)
[[0;37mINFO[m] com.rultor.agents.github.qtn.QnDeploy: deploy request found in jeff/yYYy7ssTewcK1HU8fvdW#1 comment #1
[[0;37mINFO[m] com.jcabi.github.mock.MkRepos: repository jeff/Qihsng1GmWe4psDBFV5i created by jeff
[[0;37mINFO[m] com.jcabi.github.mock.MkIssues: issue #1 created in jeff/Qihsng1GmWe4psDBFV5i by jeff: 
[[0;37mINFO[m] com.jcabi.github.mock.MkComments: comment #1 posted to issue #1 by jeff:   @xx, deploy
[[0;37mINFO[m] com.jcabi.github.mock.MkComments: comment #2 posted to issue #1 by jeff: >   @xx, deploy\n\n@jeff OK, I'll try to deploy now. You can check the progress [here](#)
[[0;37mINFO[m] com.rultor.agents.github.qtn.QnDeploy: deploy request found in jeff/Qihsng1GmWe4psDBFV5i#1 comment #1
[[0;37mINFO[m] com.jcabi.github.mock.MkRepos: repository jeff/ev6hzeDsFgiOzRVqZQXU created by jeff
[[0;37mINFO[m] com.jcabi.github.mock.MkIssues: issue #1 created in jeff/ev6hzeDsFgiOzRVqZQXU by jeff: 
[[0;37mINFO[m] com.jcabi.github.mock.MkComments: comment #1 posted to issue #1 by jeff: hello @xx, deploy
[[0;37mINFO[m] com.jcabi.github.mock.MkComments: comment #2 posted to issue #1 by jeff: > hello @xx, deploy\n\n@jeff I see you're talking ab..54..ing to me directly, start a message with @xx
[[0;37mINFO[m] com.rultor.agents.github.qtn.QnReferredTo: mention found in #1
[[0;37mINFO[m] com.jcabi.github.mock.MkRepos: repository jeff/d1HFIQpkf8tjPDdUlnzc created by jeff
[[0;37mINFO[m] com.jcabi.github.mock.MkIssues: issue #1 created in jeff/d1HFIQpkf8tjPDdUlnzc by jeff: 
[[0;37mINFO[m] com.jcabi.github.mock.MkComments: comment #1 posted to issue #1 by jeff: hello ,@xx deploy
[[0;37mINFO[m] com.jcabi.github.mock.MkComments: comment #2 posted to issue #1 by jeff: > hello ,@xx deploy\n\n@jeff I see you're talking ab..54..ing to me directly, start a message with @xx
[[0;37mINFO[m] com.rultor.agents.github.qtn.QnReferredTo: mention found in #1
[[0;37mINFO[m] com.jcabi.github.mock.MkRepos: repository jeff/Hx0vrtDTevb54EftKnSA created by jeff
[[0;37mINFO[m] com.jcabi.github.mock.MkIssues: issue #1 created in jeff/Hx0vrtDTevb54EftKnSA by jeff: 
[[0;37mINFO[m] com.jcabi.github.mock.MkComments: comment #1 posted to issue #1 by jeff: hello @xxx deploy
[[0;37mINFO[m] com.rultor.agents.github.qtn.QnReferredTo: comment #1 in jeff/Hx0vrtDTevb54EftKnSA#1 is not for me (no "@xx" prefix)
[[0;37mINFO[m] com.jcabi.github.mock.MkRepos: repository jeff/s2mgI1qmOenAyS6EKJnI created by jeff
[[0;37mINFO[m] com.jcabi.github.mock.MkIssues: issue #1 created in jeff/s2mgI1qmOenAyS6EKJnI by jeff: 
[[0;37mINFO[m] com.jcabi.github.mock.MkComments: comment #1 posted to issue #1 by jeff: hello x@xx deploy
[[0;37mINFO[m] com.rultor.agents.github.qtn.QnReferredTo: comment #1 in jeff/s2mgI1qmOenAyS6EKJnI#1 is not for me (no "@xx" prefix)
[[0;37mINFO[m] com.jcabi.github.mock.MkRepos: repository jeff/1YPB2oQkPRUDOiUO1X9B created by jeff
[[0;37mINFO[m] com.jcabi.github.mock.MkIssues: issue #1 created in jeff/1YPB2oQkPRUDOiUO1X9B by jeff: 
[[0;37mINFO[m] com.jcabi.github.mock.MkComments: comment #1 posted to issue #1 by jeff: hello @xx deploy
[[0;37mINFO[m] com.jcabi.github.mock.MkComments: comment #2 posted to issue #1 by jeff: > hello @xx deploy\n\n@jeff I see you're talking abo..53..ing to me directly, start a message with @xx
[[0;37mINFO[m] com.rultor.agents.github.qtn.QnReferredTo: mention found in #1
Tests run: 4, Failures: 0, Errors: 0, Skipped: 0, Time elapsed: 3.327 sec - in com.rultor.agents.github.qtn.QnReferredToTest
Running com.rultor.agents.github.qtn.QnWithAuthorTest
[[0;37mINFO[m] com.jcabi.github.mock.MkRepos: repository jeff/YS8XhtvUvCSn4Px2ccmQ created by jeff
[[0;37mINFO[m] com.jcabi.github.mock.MkIssues: issue #1 created in jeff/YS8XhtvUvCSn4Px2ccmQ by jeff: title
[[0;37mINFO[m] com.jcabi.github.mock.MkComments: comment #1 posted to issue #1 by jeff: comment
[[0;37mINFO[m] com.jcabi.github.mock.MkComments: comment #2 posted to issue #1 by jeff: > comment\n\n@jeff OK, I'll try to stop current task.
[[0;37mINFO[m] com.rultor.agents.github.qtn.QnStop: stop request found in jeff/YS8XhtvUvCSn4Px2ccmQ#1 comment #1
[[0;37mINFO[m] com.jcabi.github.mock.MkRepos: repository jeff/mXIDJN5VAyioeO6eCLpc created by jeff
[[0;37mINFO[m] com.jcabi.github.mock.MkIssues: issue #1 created in jeff/mXIDJN5VAyioeO6eCLpc by jeff: the title
[[0;37mINFO[m] com.jcabi.github.mock.MkComments: comment #1 posted to issue #1 by jeff: the comment
[[0;37mINFO[m] com.jcabi.github.mock.MkComments: comment #2 posted to issue #1 by jeff: > the comment\n\n@jeff Hi there! I understand a few ..159..ub.com/yegor256/rultor/issues). Have fun :)
[[0;37mINFO[m] com.rultor.agents.github.qtn.QnHello: hello found in #1
Tests run: 2, Failures: 0, Errors: 0, Skipped: 0, Time elapsed: 0.295 sec - in com.rultor.agents.github.qtn.QnWithAuthorTest
Running com.rultor.agents.github.qtn.QnAloneTest
[[0;37mINFO[m] com.jcabi.github.mock.MkRepos: repository jeff/5HwNKWP1xzDtXSYkC9Ls created by jeff
[[0;37mINFO[m] com.jcabi.github.mock.MkIssues: issue #1 created in jeff/5HwNKWP1xzDtXSYkC9Ls by jeff: 
[[0;37mINFO[m] com.jcabi.github.mock.MkComments: comment #1 posted to issue #1 by jeff: deploy
[[2;37mDEBUG[m] co.stateful.mock.MkSttc: #locks(): MkLocks() in 34.82Âµs
[[2;37mDEBUG[m] co.stateful.mock.MkLocks: #get('rt-repo-jeff-5HwNKWP1xzDtXSYkC9Ls'): MkLock() in 1.60ms
[[2;37mDEBUG[m] co.stateful.mock.MkLock: #lock('test'): true in 437.18Âµs
[[0;37mINFO[m] com.rultor.agents.github.qtn.QnAlone: jeff/5HwNKWP1xzDtXSYkC9Ls locked by issue #1, comment #1
[[0;37mINFO[m] com.jcabi.github.mock.MkComments: comment #2 posted to issue #1 by jeff: > deploy\n\n@jeff OK, I'll try to deploy now. You can check the progress [here](#)
[[0;37mINFO[m] com.rultor.agents.github.qtn.QnDeploy: deploy request found in jeff/5HwNKWP1xzDtXSYkC9Ls#1 comment #1
Tests run: 1, Failures: 0, Errors: 0, Skipped: 0, Time elapsed: 0.887 sec - in com.rultor.agents.github.qtn.QnAloneTest
Running com.rultor.agents.github.qtn.QnLastOfTest
[[0;37mINFO[m] com.jcabi.github.mock.MkRepos: repository jeff/4Fg9Gl6E5cE84hA897dy created by jeff
[[0;37mINFO[m] com.jcabi.github.mock.MkIssues: issue #1 created in jeff/4Fg9Gl6E5cE84hA897dy by jeff: 
[[0;37mINFO[m] com.jcabi.github.mock.MkComments: comment #1 posted to issue #1 by jeff: deploy
[[0;37mINFO[m] com.jcabi.github.mock.MkComments: comment #2 posted to issue #1 by jeff: > deploy\n\n@jeff OK, I'll try to deploy now. You can check the progress [here](#)
[[0;37mINFO[m] com.rultor.agents.github.qtn.QnDeploy: deploy request found in jeff/4Fg9Gl6E5cE84hA897dy#1 comment #1
Tests run: 1, Failures: 0, Errors: 0, Skipped: 0, Time elapsed: 0.813 sec - in com.rultor.agents.github.qtn.QnLastOfTest
Running com.rultor.agents.github.StarsTest
[[0;37mINFO[m] com.jcabi.github.mock.MkRepos: repository jeff/L9XMdSz5FS6JcZnOWIsv created by jeff
[[0;37mINFO[m] com.jcabi.github.mock.MkRepos: repository jeff/ADqeprLXe3ppGN3byvbj created by jeff
Tests run: 2, Failures: 0, Errors: 0, Skipped: 0, Time elapsed: 1.929 sec - in com.rultor.agents.github.StarsTest
Running com.rultor.web.TkTicksTest
Tests run: 2, Failures: 0, Errors: 0, Skipped: 0, Time elapsed: 2.648 sec - in com.rultor.web.TkTicksTest
Running com.rultor.agents.AgentsTest
[[2;37mDEBUG[m] co.stateful.mock.MkSttc: #locks(): MkLocks() in 39.02Âµs
[[0;31mERROR[m] com.jcabi.aspects.aj.MethodValidator: JSR-303 validator failed to initialize: Unable to create a Configuration, because no Bean Validation provider could be found. Add a provider like Hibernate Validator (RI) to your classpath. (see http://aspects.jcabi.com/jsr-303.html)
Tests run: 1, Failures: 0, Errors: 0, Skipped: 0, Time elapsed: 0.861 sec - in com.rultor.agents.AgentsTest
Running com.rultor.agents.github.ReleaseBinariesTest
Tests run: 1, Failures: 0, Errors: 0, Skipped: 1, Time elapsed: 0 sec - in com.rultor.agents.github.ReleaseBinariesTest
Running com.rultor.profiles.GithubProfileTest
[[0;37mINFO[m] com.jcabi.github.mock.MkRepos: repository jeff/test1 created by jeff
[[0;37mINFO[m] com.jcabi.github.mock.MkRepos: repository jeff/test2 created by jeff
[[0;37mINFO[m] com.jcabi.github.mock.MkRepos: repository jeff/test1 created by jeff
[[0;37mINFO[m] com.jcabi.github.mock.MkRepos: repository jeff/test2 created by jeff
[[0;37mINFO[m] com.jcabi.github.mock.MkRepos: repository jeff/test1 created by jeff
[[0;37mINFO[m] com.jcabi.github.mock.MkRepos: repository jeff/test2 created by jeff
[[0;37mINFO[m] com.jcabi.github.mock.MkRepos: repository jeff/test1 created by jeff
[[0;37mINFO[m] com.jcabi.github.mock.MkRepos: repository jeff/test2 created by jeff
[[0;37mINFO[m] com.jcabi.github.mock.MkRepos: repository jeff/te.st created by jeff
[[0;37mINFO[m] com.jcabi.github.mock.MkRepos: repository jeff/test1 created by jeff
[[0;37mINFO[m] com.jcabi.github.mock.MkRepos: repository jeff/test2 created by jeff
[[0;37mINFO[m] com.jcabi.github.mock.MkRepos: repository jeff/test1 created by jeff
[[0;37mINFO[m] com.jcabi.github.mock.MkRepos: repository jeff/test2 created by jeff
[[0;37mINFO[m] com.jcabi.github.mock.MkRepos: repository jeff/test1 created by jeff
[[0;37mINFO[m] com.jcabi.github.mock.MkRepos: repository jeff/test2 created by jeff
[[0;37mINFO[m] com.jcabi.github.mock.MkRepos: repository jeff/test1 created by jeff
[[0;37mINFO[m] com.jcabi.github.mock.MkRepos: repository jeff/test2 created by jeff
Tests run: 9, Failures: 0, Errors: 0, Skipped: 0, Time elapsed: 7.195 sec - in com.rultor.profiles.GithubProfileTest
Running com.rultor.profiles.GithubProfileValidationTest
[[0;37mINFO[m] com.jcabi.github.mock.MkRepos: repository jeff/test created by jeff
[[0;37mINFO[m] com.jcabi.github.mock.MkRepos: repository jeff/test created by jeff
[[0;37mINFO[m] com.jcabi.github.mock.MkRepos: repository jeff/test created by jeff
[[0;37mINFO[m] com.jcabi.github.mock.MkRepos: repository jeff/test created by jeff
[[0;37mINFO[m] com.jcabi.github.mock.MkRepos: repository jeff/test created by jeff
[[0;37mINFO[m] com.jcabi.github.mock.MkRepos: repository jeff/test created by jeff
[[0;37mINFO[m] com.jcabi.github.mock.MkRepos: repository jeff/test created by jeff
[[0;37mINFO[m] com.jcabi.github.mock.MkRepos: repository jeff/test created by jeff
[[0;37mINFO[m] com.jcabi.github.mock.MkRepos: repository jeff/test created by jeff
[[0;37mINFO[m] com.jcabi.github.mock.MkRepos: repository jeff/test created by jeff
Tests run: 13, Failures: 0, Errors: 0, Skipped: 3, Time elapsed: 4.941 sec - in com.rultor.profiles.GithubProfileValidationTest
Running com.rultor.web.TkSitemapTest
[[0;37mINFO[m] com.rultor.spi.Talks$InDir: talk 'test' created in /tmp/11967968038222974458/test
[[0;37mINFO[m] com.rultor.spi.Talks$InDir: 1 files in /tmp/11967968038222974458
[[0;37mINFO[m] com.rultor.spi.Talks$InDir: 1 files in /tmp/11967968038222974458
Tests run: 1, Failures: 0, Errors: 0, Skipped: 0, Time elapsed: 1.09 sec - in com.rultor.web.TkSitemapTest
Running com.rultor.agents.MailsTest
Tests run: 2, Failures: 0, Errors: 0, Skipped: 2, Time elapsed: 0 sec - in com.rultor.agents.MailsTest
Running com.rultor.agents.github.StartsTalksTest
Tests run: 1, Failures: 0, Errors: 0, Skipped: 1, Time elapsed: 0 sec - in com.rultor.agents.github.StartsTalksTest
Running com.rultor.agents.github.qtn.QnIfContainsTest
[[0;37mINFO[m] com.jcabi.github.mock.MkRepos: repository jeff/QSdsef7ddaxQMNbS2ypi created by jeff
[[0;37mINFO[m] com.jcabi.github.mock.MkIssues: issue #1 created in jeff/QSdsef7ddaxQMNbS2ypi by jeff: 
[[0;37mINFO[m] com.jcabi.github.mock.MkComments: comment #1 posted to issue #1 by jeff: something else to MErge
[[0;37mINFO[m] com.jcabi.github.mock.MkComments: comment #2 posted to issue #1 by jeff: > something else to MErge\n\n@jeff Hi there! I under..171..ub.com/yegor256/rultor/issues). Have fun :)
[[0;37mINFO[m] com.rultor.agents.github.qtn.QnHello: hello found in #1
[[0;37mINFO[m] com.jcabi.github.mock.MkRepos: repository jeff/iwUZNBOYnXFFNlyulCCY created by jeff
[[0;37mINFO[m] com.jcabi.github.mock.MkIssues: issue #1 created in jeff/iwUZNBOYnXFFNlyulCCY by jeff: 
[[0;37mINFO[m] com.jcabi.github.mock.MkComments: comment #1 posted to issue #1 by jeff: something
Tests run: 2, Failures: 0, Errors: 0, Skipped: 0, Time elapsed: 1.436 sec - in com.rultor.agents.github.qtn.QnIfContainsTest
Running com.rultor.agents.github.qtn.QnVersionTest
[[0;37mINFO[m] com.jcabi.github.mock.MkRepos: repository jeff/ROvxAMEvjSmJnVpcImqt created by jeff
[[0;37mINFO[m] com.jcabi.github.mock.MkIssues: issue #1 created in jeff/ROvxAMEvjSmJnVpcImqt by jeff: 
[[0;37mINFO[m] com.jcabi.github.mock.MkComments: comment #1 posted to issue #1 by jeff: version
[[0;37mINFO[m] com.jcabi.github.mock.MkComments: comment #2 posted to issue #1 by jeff: > version\n\n@jeff My current version is 1.0, Git re..22..//github.com/yegor256/rultor/commit/a1b2c3e)
[[0;37mINFO[m] com.rultor.agents.github.qtn.QnVersion: version request in #1
[[0;37mINFO[m] com.jcabi.github.mock.MkRepos: repository jeff/AK7ds1WgVRq3VecndifA created by jeff
[[0;37mINFO[m] com.jcabi.github.mock.MkIssues: issue #1 created in jeff/AK7ds1WgVRq3VecndifA by jeff: 
[[0;37mINFO[m] com.jcabi.github.mock.MkComments: comment #1 posted to issue #1 by jeff: version
[[0;37mINFO[m] com.jcabi.github.mock.MkComments: comment #2 posted to issue #1 by jeff: > version\n\n@jeff My current version is 1.0, Git re..22..//github.com/yegor256/rultor/commit/a1b2c3e)
[[0;37mINFO[m] com.rultor.agents.github.qtn.QnVersion: version request in #1
Tests run: 2, Failures: 0, Errors: 0, Skipped: 0, Time elapsed: 0.352 sec - in com.rultor.agents.github.qtn.QnVersionTest
Running com.rultor.agents.github.qtn.QnByArchitectTest
[[0;37mINFO[m] com.jcabi.github.mock.MkRepos: repository jeff/ZojZtqKEZINoMy8t1WQe created by jeff
[[0;37mINFO[m] com.jcabi.github.mock.MkIssues: issue #1 created in jeff/ZojZtqKEZINoMy8t1WQe by jeff: 
[[0;37mINFO[m] com.jcabi.github.mock.MkComments: comment #1 posted to issue #1 by jeff: deploy
[[0;37mINFO[m] com.jcabi.github.mock.MkComments: comment #2 posted to issue #1 by jeff: > deploy\n\n@jeff Thanks for your request. @johnny Please confirm this.
[[0;37mINFO[m] com.jcabi.github.mock.MkRepos: repository jeff/5TtScbEvoakHoOX8mjAq created by jeff
[[0;37mINFO[m] com.jcabi.github.mock.MkIssues: issue #1 created in jeff/5TtScbEvoakHoOX8mjAq by jeff: 
[[0;37mINFO[m] com.jcabi.github.mock.MkComments: comment #1 posted to issue #1 by jeff: release
Tests run: 3, Failures: 0, Errors: 0, Skipped: 1, Time elapsed: 1.923 sec - in com.rultor.agents.github.qtn.QnByArchitectTest
Running com.rultor.agents.github.AnswerTest
[[0;37mINFO[m] com.jcabi.github.mock.MkRepos: repository jeff/uvZuPFBXv2IOweSKyB4H created by jeff
[[0;37mINFO[m] com.jcabi.github.mock.MkIssues: issue #1 created in jeff/uvZuPFBXv2IOweSKyB4H by jeff: 
[[0;37mINFO[m] com.jcabi.github.mock.MkComments: comment #1 posted to issue #1 by jeff: hey, do it
[[0;37mINFO[m] com.jcabi.github.mock.MkComments: comment #2 posted to issue #1 by jeff: > hey, do it\n\n@jeff hey you\u0000
[[0;37mINFO[m] com.jcabi.github.mock.MkRepos: repository jeff/vDALJegvlAM82WUmm42t created by jeff
[[0;37mINFO[m] com.jcabi.github.mock.MkIssues: issue #1 created in jeff/vDALJegvlAM82WUmm42t by jeff: 
[[0;37mINFO[m] com.jcabi.github.mock.MkComments: comment #1 posted to issue #1 by walter: hello, how are you?
[[0;37mINFO[m] com.jcabi.github.mock.MkComments: comment #2 posted to issue #1 by jeff: > hello, how are you?\n\n@walter oops
[[0;37mINFO[m] com.jcabi.github.mock.MkComments: comment #3 posted to issue #1 by jeff: > hello, how are you?\n\n@walter oops
[[0;37mINFO[m] com.jcabi.github.mock.MkComments: comment #4 posted to issue #1 by jeff: > hello, how are you?\n\n@walter oops
[[0;37mINFO[m] com.jcabi.github.mock.MkComments: comment #5 posted to issue #1 by jeff: > hello, how are you?\n\n@walter oops
[[0;37mINFO[m] com.jcabi.github.mock.MkComments: comment #6 posted to issue #1 by jeff: > hello, how are you?\n\n@walter oops
[[0;31mERROR[m] com.rultor.agents.github.Answer: too many (5) comments from jeff already in jeff/vDALJegvlAM82WUmm42t#1
[[0;31mERROR[m] com.rultor.agents.github.Answer: too many (5) comments from jeff already in jeff/vDALJegvlAM82WUmm42t#1
[[0;31mERROR[m] com.rultor.agents.github.Answer: too many (5) comments from jeff already in jeff/vDALJegvlAM82WUmm42t#1
[[0;31mERROR[m] com.rultor.agents.github.Answer: too many (5) comments from jeff already in jeff/vDALJegvlAM82WUmm42t#1
[[0;31mERROR[m] com.rultor.agents.github.Answer: too many (5) comments from jeff already in jeff/vDALJegvlAM82WUmm42t#1
Tests run: 2, Failures: 0, Errors: 0, Skipped: 0, Time elapsed: 1.211 sec - in com.rultor.agents.github.AnswerTest
Running com.rultor.agents.DeactivatesTalksTest
[[0;37mINFO[m] com.rultor.agents.DeactivatesTalks: a deactivated
Tests run: 1, Failures: 0, Errors: 0, Skipped: 0, Time elapsed: 1.251 sec - in com.rultor.agents.DeactivatesTalksTest
Running com.rultor.agents.github.qtn.QnUnlockTest
[[0;37mINFO[m] com.jcabi.github.mock.MkRepos: repository jeff/ecrjiVTTByQXZrBVE8iT created by jeff
[[0;37mINFO[m] com.jcabi.github.mock.MkIssues: issue #1 created in jeff/ecrjiVTTByQXZrBVE8iT by jeff: 
[[0;37mINFO[m] com.jcabi.github.mock.MkComments: comment #1 posted to issue #1 by jeff: lock
[[0;37mINFO[m] com.jcabi.github.mock.MkComments: comment #2 posted to issue #1 by jeff: > lock\n\n@jeff File `.rultor.lock` doesn't exist in `master` branch
[[0;37mINFO[m] com.rultor.agents.github.qtn.QnUnlock: unlock request in #1
Tests run: 1, Failures: 0, Errors: 0, Skipped: 0, Time elapsed: 0.254 sec - in com.rultor.agents.github.qtn.QnUnlockTest
Running com.rultor.agents.docker.StartsDockerDaemonTest
Tests run: 1, Failures: 0, Errors: 0, Skipped: 1, Time elapsed: 0.016 sec - in com.rultor.agents.docker.StartsDockerDaemonTest
Running com.rultor.agents.github.qtn.QnIfCollaboratorTest
[[0;37mINFO[m] com.jcabi.github.mock.MkRepos: repository jeff/tKVgnn82BXpOnHgbujHl created by jeff
[[0;37mINFO[m] com.jcabi.github.mock.MkIssues: issue #1 created in jeff/tKVgnn82BXpOnHgbujHl by jeff: 
[[0;37mINFO[m] com.jcabi.github.mock.MkComments: comment #1 posted to issue #1 by jeff: deploy
[[0;37mINFO[m] com.jcabi.github.mock.MkComments: comment #2 posted to issue #1 by jeff: > deploy\n\n@jeff You need to add me to the list of ..54..ed [here](http://doc.rultor.com/basics.html)
Tests run: 1, Failures: 0, Errors: 0, Skipped: 0, Time elapsed: 0.87 sec - in com.rultor.agents.github.qtn.QnIfCollaboratorTest
Running com.rultor.agents.shells.RegistersShellTest
[[0;37mINFO[m] com.rultor.agents.shells.RegistersShell: shell abcd registered as local:221 in test
Tests run: 2, Failures: 0, Errors: 0, Skipped: 0, Time elapsed: 1.23 sec - in com.rultor.agents.shells.RegistersShellTest
Running com.rultor.profiles.YamlXMLTest
Tests run: 3, Failures: 0, Errors: 0, Skipped: 0, Time elapsed: 1.027 sec - in com.rultor.profiles.YamlXMLTest
Running com.rultor.agents.github.ReportsTest
[[0;37mINFO[m] com.jcabi.github.mock.MkRepos: repository jeff/aF9v7su93LU8iSNe9vUw created by jeff
[[0;37mINFO[m] com.jcabi.github.mock.MkIssues: issue #1 created in jeff/aF9v7su93LU8iSNe9vUw by jeff: 
[[0;37mINFO[m] com.jcabi.github.mock.MkComments: comment #1 posted to issue #1 by jeff: > \n\n@jeff Done! FYI, the full log is [here](https://www.rultor.com/t/1-1) (took me 21min)
[[0;37mINFO[m] com.rultor.agents.github.Reports: issue #1 reported: TRUE
[[0;37mINFO[m] com.jcabi.github.mock.MkRepos: repository john/ZnXciv4WhibpoQXbfZU7 created by john
[[0;37mINFO[m] com.jcabi.github.mock.MkIssues: issue #1 created in john/ZnXciv4WhibpoQXbfZU7 by john: Bug
[[0;37mINFO[m] com.jcabi.github.mock.MkComments: comment #1 posted to issue #1 by john: > stop it please\n\n@john Sorry, I failed to stop th..86..ttps://www.rultor.com/t/1-1) (took me 21min)
[[0;37mINFO[m] com.rultor.agents.github.Reports: issue #1 reported: TRUE
Tests run: 2, Failures: 0, Errors: 0, Skipped: 0, Time elapsed: 1.431 sec - in com.rultor.agents.github.ReportsTest
Running com.rultor.profiles.ProfilesTest
Tests run: 4, Failures: 0, Errors: 0, Skipped: 0, Time elapsed: 3.034 sec - in com.rultor.profiles.ProfilesTest

Results :

Tests in error: 
  StartsRequestTest.runsAsRootIfRequested:377->exec:411 Â» IllegalArgument Non-ze...
  StartsRequestTest.startsDeployRequest:143->exec:411 Â» IllegalArgument Non-zero...
  StartsRequestTest.startsMergeRequest:241->exec:411 Â» IllegalArgument Non-zero ...
  StartsRequestTest.startsReleaseRequest:206->exec:411 Â» IllegalArgument Non-zer...

Tests run: 146, Failures: 0, Errors: 4, Skipped: 13

[INFO] ------------------------------------------------------------------------
[INFO] BUILD FAILURE
[INFO] ------------------------------------------------------------------------
[INFO] Total time:  27.546 s
[INFO] Finished at: 2023-02-07T16:02:00Z
[INFO] ------------------------------------------------------------------------
[ERROR] Failed to execute goal org.apache.maven.plugins:maven-surefire-plugin:2.18.1:test (default-test) on project rultor: There are test failures.
[ERROR] 
[ERROR] Please refer to /home/gabsko/breaking-updates/target/surefire-reports for the individual test results.
[ERROR] -> [Help 1]
[ERROR] 
[ERROR] To see the full stack trace of the errors, re-run Maven with the -e switch.
[ERROR] Re-run Maven using the -X switch to enable full debug logging.
[ERROR] 
[ERROR] For more information about the errors and possible solutions, please read the following articles:
[ERROR] [Help 1] http://cwiki.apache.org/confluence/display/MAVEN/MojoFailureException
