[INFO] Scanning for projects...
[WARNING] The POM for org.jenkins-ci.tools:maven-hpi-plugin:jar:3.20 is missing, no dependency information available
[WARNING] Failed to build parent project for org.jvnet.hudson.plugins:analysis-pom:pom:5.17.0
[WARNING] Failed to build parent project for io.jenkins.plugins:warnings-ng:hpi:9.12.0-SNAPSHOT
[INFO] Inspecting build with total of 3 modules...
[INFO] Installing Nexus Staging features:
[INFO]   ... total of 1 executions of maven-deploy-plugin replaced with nexus-staging-maven-plugin
[INFO] ------------------------------------------------------------------------
[INFO] Reactor Build Order:
[INFO] 
[INFO] Warnings Next Generation Plugin                                    [hpi]
[INFO] UI Tests of Warnings Plugin                                        [jar]
[INFO] Aggregator for Warnings Plugin                                     [pom]
[INFO] 
[INFO] -------------------< io.jenkins.plugins:warnings-ng >-------------------
[INFO] Building Warnings Next Generation Plugin 9.12.0-SNAPSHOT           [1/3]
[INFO] --------------------------------[ hpi ]---------------------------------
[INFO] Downloading from repo.jenkins-ci.org: https://repo.jenkins-ci.org/public/org/kohsuke/access-modifier-checker/1.25/access-modifier-checker-1.25.pom
[INFO] Downloaded from repo.jenkins-ci.org: https://repo.jenkins-ci.org/public/org/kohsuke/access-modifier-checker/1.25/access-modifier-checker-1.25.pom (5.4 kB at 6.8 kB/s)
[INFO] Downloading from repo.jenkins-ci.org: https://repo.jenkins-ci.org/public/org/kohsuke/access-modifier-checker/1.25/access-modifier-checker-1.25.jar
[INFO] Downloaded from repo.jenkins-ci.org: https://repo.jenkins-ci.org/public/org/kohsuke/access-modifier-checker/1.25/access-modifier-checker-1.25.jar (37 kB at 99 kB/s)
[INFO] Downloading from repo.jenkins-ci.org: https://repo.jenkins-ci.org/public/org/apache/maven/plugins/maven-surefire-plugin/3.0.0-M4/maven-surefire-plugin-3.0.0-M4.pom
[INFO] Downloaded from repo.jenkins-ci.org: https://repo.jenkins-ci.org/public/org/apache/maven/plugins/maven-surefire-plugin/3.0.0-M4/maven-surefire-plugin-3.0.0-M4.pom (8.1 kB at 31 kB/s)
[INFO] Downloading from repo.jenkins-ci.org: https://repo.jenkins-ci.org/public/org/apache/maven/plugins/maven-surefire-plugin/3.0.0-M4/maven-surefire-plugin-3.0.0-M4.jar
[INFO] Downloaded from repo.jenkins-ci.org: https://repo.jenkins-ci.org/public/org/apache/maven/plugins/maven-surefire-plugin/3.0.0-M4/maven-surefire-plugin-3.0.0-M4.jar (42 kB at 113 kB/s)
[INFO] Downloading from repo.jenkins-ci.org: https://repo.jenkins-ci.org/public/org/codehaus/mojo/animal-sniffer-maven-plugin/1.20/animal-sniffer-maven-plugin-1.20.pom
[INFO] Downloaded from repo.jenkins-ci.org: https://repo.jenkins-ci.org/public/org/codehaus/mojo/animal-sniffer-maven-plugin/1.20/animal-sniffer-maven-plugin-1.20.pom (5.6 kB at 22 kB/s)
[INFO] Downloading from repo.jenkins-ci.org: https://repo.jenkins-ci.org/public/org/codehaus/mojo/animal-sniffer-maven-plugin/1.20/animal-sniffer-maven-plugin-1.20.jar
[INFO] Downloaded from repo.jenkins-ci.org: https://repo.jenkins-ci.org/public/org/codehaus/mojo/animal-sniffer-maven-plugin/1.20/animal-sniffer-maven-plugin-1.20.jar (34 kB at 128 kB/s)
[INFO] 
[INFO] --- maven-clean-plugin:3.1.0:clean (default-clean) @ warnings-ng ---
[INFO] Deleting /home/gabsko/breaking-updates/plugin/target
[INFO] 
[INFO] --- maven-hpi-plugin:3.20:validate (default-validate) @ warnings-ng ---
[INFO] 
[INFO] --- maven-hpi-plugin:3.20:validate-hpi (default-validate-hpi) @ warnings-ng ---
[INFO] 
[INFO] --- maven-enforcer-plugin:3.0.0-M3:display-info (display-info) @ warnings-ng ---
[INFO] Maven Version: 3.8.6
[INFO] JDK Version: 11.0.17 normalized as: 11.0.17
[INFO] OS Info: Arch: amd64 Family: unix Name: linux Version: 5.4.0-113-generic
[INFO] 
[INFO] --- maven-enforcer-plugin:3.0.0-M3:enforce (display-info) @ warnings-ng ---
[INFO] Ignoring requireUpperBoundDeps in org.slf4j:slf4j-api
[INFO] Ignoring requireUpperBoundDeps in com.google.guava:guava
[INFO] Adding ignore: module-info
[INFO] Adding ignore: module-info
[INFO] Adding ignore: **/ModuleUtils*
[WARNING] Invalid bytecodeVersion for com.fasterxml.jackson.dataformat:jackson-dataformat-yaml:jar:2.13.0:compile : META-INF/versions/11/module-info.class: expected 55, but was 53
[WARNING] Invalid bytecodeVersion for com.fasterxml.jackson.datatype:jackson-datatype-json-org:jar:2.13.0:compile : META-INF/versions/11/module-info.class: expected 55, but was 53
[WARNING] Invalid bytecodeVersion for com.fasterxml.jackson.module:jackson-module-jaxb-annotations:jar:2.13.0:compile : META-INF/versions/11/module-info.class: expected 55, but was 53
[WARNING] Invalid bytecodeVersion for com.fasterxml.jackson.core:jackson-core:jar:2.13.0:compile : META-INF/versions/11/module-info.class: expected 55, but was 53
[WARNING] Invalid bytecodeVersion for com.fasterxml.jackson.datatype:jackson-datatype-jdk8:jar:2.13.0:compile : META-INF/versions/11/module-info.class: expected 55, but was 53
[WARNING] Invalid bytecodeVersion for com.fasterxml.jackson.core:jackson-databind:jar:2.13.0:compile : META-INF/versions/11/module-info.class: expected 55, but was 53
[WARNING] Invalid bytecodeVersion for com.fasterxml.jackson.dataformat:jackson-dataformat-cbor:jar:2.13.0:compile : META-INF/versions/11/module-info.class: expected 55, but was 53
[WARNING] Invalid bytecodeVersion for com.fasterxml.jackson.module:jackson-module-parameter-names:jar:2.13.0:compile : META-INF/versions/11/module-info.class: expected 55, but was 53
[WARNING] Invalid bytecodeVersion for com.fasterxml.jackson.dataformat:jackson-dataformat-xml:jar:2.13.0:compile : META-INF/versions/11/module-info.class: expected 55, but was 53
[WARNING] Invalid bytecodeVersion for com.fasterxml.jackson.datatype:jackson-datatype-jsr310:jar:2.13.0:compile : META-INF/versions/11/module-info.class: expected 55, but was 53
[WARNING] Rule 0: org.apache.maven.plugins.enforcer.RequireUpperBoundDeps warned with message:
Failed while enforcing RequireUpperBoundDeps. The error(s) are [
Require upper bound dependencies error for org.apache.commons:commons-lang3:3.11 paths to dependency are:
+-io.jenkins.plugins:warnings-ng:9.12.0-SNAPSHOT
  +-org.jenkins-ci.plugins:timestamper:1.13
    +-org.apache.commons:commons-lang3:3.11
and
+-io.jenkins.plugins:warnings-ng:9.12.0-SNAPSHOT
  +-org.jenkins-ci.main:maven-plugin:3.16
    +-org.apache.commons:commons-lang3:3.12.0
and
+-io.jenkins.plugins:warnings-ng:9.12.0-SNAPSHOT
  +-io.jenkins.plugins:metrics-aggregation:0.2.0
    +-org.apache.commons:commons-lang3:3.9
and
+-io.jenkins.plugins:warnings-ng:9.12.0-SNAPSHOT
  +-io.jenkins.plugins:autograding:3.3.1
    +-org.apache.commons:commons-lang3:3.11
and
+-io.jenkins.plugins:warnings-ng:9.12.0-SNAPSHOT
  +-org.jenkins-ci.main:maven-plugin:3.16
    +-org.apache.maven:maven-core:3.8.1
      +-org.apache.commons:commons-lang3:3.8.1
and
+-io.jenkins.plugins:warnings-ng:9.12.0-SNAPSHOT
  +-org.jenkins-ci.main:maven-plugin:3.16
    +-org.apache.maven:maven-embedder:3.8.1
      +-org.apache.commons:commons-lang3:3.8.1
and
+-io.jenkins.plugins:warnings-ng:9.12.0-SNAPSHOT
  +-org.jenkins-ci.main:maven-plugin:3.16
    +-org.apache.maven.resolver:maven-resolver-impl:1.6.2
      +-org.apache.commons:commons-lang3:3.8.1
and
+-io.jenkins.plugins:warnings-ng:9.12.0-SNAPSHOT
  +-io.jenkins.plugins:autograding:3.3.1
    +-edu.hm.hafner:autograding-model:0.9.0
      +-org.apache.commons:commons-lang3:3.11
and
+-io.jenkins.plugins:warnings-ng:9.12.0-SNAPSHOT
  +-org.jenkins-ci.main:maven-plugin:3.16
    +-org.apache.maven:maven-core:3.8.1
      +-org.apache.maven:maven-artifact:3.8.1
        +-org.apache.commons:commons-lang3:3.8.1
]
[INFO] 
[INFO] --- maven-enforcer-plugin:3.0.0-M3:enforce (no-snapshots-in-release) @ warnings-ng ---
[INFO] 
[INFO] --- gmavenplus-plugin:1.13.0:addTestSources (test-in-groovy) @ warnings-ng ---
[INFO] 
[INFO] --- localizer-maven-plugin:1.31:generate (default) @ warnings-ng ---
[INFO] 
[INFO] >>> maven-javadoc-plugin:3.3.1:javadoc (default) > generate-sources @ warnings-ng >>>
[INFO] 
[INFO] --- maven-hpi-plugin:3.20:validate (default-validate) @ warnings-ng ---
[INFO] 
[INFO] --- maven-hpi-plugin:3.20:validate-hpi (default-validate-hpi) @ warnings-ng ---
[INFO] 
[INFO] --- maven-enforcer-plugin:3.0.0-M3:display-info (display-info) @ warnings-ng ---
[INFO] Maven Version: 3.8.6
[INFO] JDK Version: 11.0.17 normalized as: 11.0.17
[INFO] OS Info: Arch: amd64 Family: unix Name: linux Version: 5.4.0-113-generic
[INFO] 
[INFO] --- maven-enforcer-plugin:3.0.0-M3:enforce (display-info) @ warnings-ng ---
[INFO] Ignoring requireUpperBoundDeps in org.slf4j:slf4j-api
[INFO] Ignoring requireUpperBoundDeps in com.google.guava:guava
[INFO] Adding ignore: module-info
[INFO] Adding ignore: module-info
[INFO] Adding ignore: **/ModuleUtils*
[WARNING] Invalid bytecodeVersion for com.fasterxml.jackson.dataformat:jackson-dataformat-yaml:jar:2.13.0:compile : META-INF/versions/11/module-info.class: expected 55, but was 53
[WARNING] Invalid bytecodeVersion for com.fasterxml.jackson.datatype:jackson-datatype-json-org:jar:2.13.0:compile : META-INF/versions/11/module-info.class: expected 55, but was 53
[WARNING] Invalid bytecodeVersion for com.fasterxml.jackson.module:jackson-module-jaxb-annotations:jar:2.13.0:compile : META-INF/versions/11/module-info.class: expected 55, but was 53
[WARNING] Invalid bytecodeVersion for com.fasterxml.jackson.core:jackson-core:jar:2.13.0:compile : META-INF/versions/11/module-info.class: expected 55, but was 53
[WARNING] Invalid bytecodeVersion for com.fasterxml.jackson.datatype:jackson-datatype-jdk8:jar:2.13.0:compile : META-INF/versions/11/module-info.class: expected 55, but was 53
[WARNING] Invalid bytecodeVersion for com.fasterxml.jackson.core:jackson-databind:jar:2.13.0:compile : META-INF/versions/11/module-info.class: expected 55, but was 53
[WARNING] Invalid bytecodeVersion for com.fasterxml.jackson.dataformat:jackson-dataformat-cbor:jar:2.13.0:compile : META-INF/versions/11/module-info.class: expected 55, but was 53
[WARNING] Invalid bytecodeVersion for com.fasterxml.jackson.module:jackson-module-parameter-names:jar:2.13.0:compile : META-INF/versions/11/module-info.class: expected 55, but was 53
[WARNING] Invalid bytecodeVersion for com.fasterxml.jackson.dataformat:jackson-dataformat-xml:jar:2.13.0:compile : META-INF/versions/11/module-info.class: expected 55, but was 53
[WARNING] Invalid bytecodeVersion for com.fasterxml.jackson.datatype:jackson-datatype-jsr310:jar:2.13.0:compile : META-INF/versions/11/module-info.class: expected 55, but was 53
[WARNING] Rule 0: org.apache.maven.plugins.enforcer.RequireUpperBoundDeps warned with message:
Failed while enforcing RequireUpperBoundDeps. The error(s) are [
Require upper bound dependencies error for org.apache.commons:commons-lang3:3.11 paths to dependency are:
+-io.jenkins.plugins:warnings-ng:9.12.0-SNAPSHOT
  +-org.jenkins-ci.plugins:timestamper:1.13
    +-org.apache.commons:commons-lang3:3.11
and
+-io.jenkins.plugins:warnings-ng:9.12.0-SNAPSHOT
  +-org.jenkins-ci.main:maven-plugin:3.16
    +-org.apache.commons:commons-lang3:3.12.0
and
+-io.jenkins.plugins:warnings-ng:9.12.0-SNAPSHOT
  +-io.jenkins.plugins:metrics-aggregation:0.2.0
    +-org.apache.commons:commons-lang3:3.9
and
+-io.jenkins.plugins:warnings-ng:9.12.0-SNAPSHOT
  +-io.jenkins.plugins:autograding:3.3.1
    +-org.apache.commons:commons-lang3:3.11
and
+-io.jenkins.plugins:warnings-ng:9.12.0-SNAPSHOT
  +-org.jenkins-ci.main:maven-plugin:3.16
    +-org.apache.maven:maven-core:3.8.1
      +-org.apache.commons:commons-lang3:3.8.1
and
+-io.jenkins.plugins:warnings-ng:9.12.0-SNAPSHOT
  +-org.jenkins-ci.main:maven-plugin:3.16
    +-org.apache.maven:maven-embedder:3.8.1
      +-org.apache.commons:commons-lang3:3.8.1
and
+-io.jenkins.plugins:warnings-ng:9.12.0-SNAPSHOT
  +-org.jenkins-ci.main:maven-plugin:3.16
    +-org.apache.maven.resolver:maven-resolver-impl:1.6.2
      +-org.apache.commons:commons-lang3:3.8.1
and
+-io.jenkins.plugins:warnings-ng:9.12.0-SNAPSHOT
  +-io.jenkins.plugins:autograding:3.3.1
    +-edu.hm.hafner:autograding-model:0.9.0
      +-org.apache.commons:commons-lang3:3.11
and
+-io.jenkins.plugins:warnings-ng:9.12.0-SNAPSHOT
  +-org.jenkins-ci.main:maven-plugin:3.16
    +-org.apache.maven:maven-core:3.8.1
      +-org.apache.maven:maven-artifact:3.8.1
        +-org.apache.commons:commons-lang3:3.8.1
]
[INFO] 
[INFO] --- maven-enforcer-plugin:3.0.0-M3:enforce (no-snapshots-in-release) @ warnings-ng ---
[INFO] 
[INFO] --- gmavenplus-plugin:1.13.0:addTestSources (test-in-groovy) @ warnings-ng ---
[INFO] 
[INFO] --- localizer-maven-plugin:1.31:generate (default) @ warnings-ng ---
[INFO] 
[INFO] <<< maven-javadoc-plugin:3.3.1:javadoc (default) < generate-sources @ warnings-ng <<<
[INFO] 
[INFO] 
[INFO] --- maven-javadoc-plugin:3.3.1:javadoc (default) @ warnings-ng ---
[INFO] No previous run data found, generating javadoc.
[INFO] 
[INFO] --- maven-resources-plugin:3.2.0:resources (default-resources) @ warnings-ng ---
[INFO] Using 'UTF-8' encoding to copy filtered resources.
[INFO] Using 'UTF-8' encoding to copy filtered properties files.
[INFO] Copying 197 resources
[INFO] 
[INFO] --- maven-compiler-plugin:3.8.1:compile (default-compile) @ warnings-ng ---
[INFO] Changes detected - recompiling the module!
[INFO] Compiling 266 source files to /home/gabsko/breaking-updates/plugin/target/classes
[WARNING] /home/gabsko/breaking-updates/plugin/src/main/java/io/jenkins/plugins/analysis/warnings/axivion/AxivionSuite.java:[197,28] SYSTEM in hudson.security.ACL has been deprecated
[WARNING] /home/gabsko/breaking-updates/plugin/src/main/java/io/jenkins/plugins/analysis/warnings/axivion/AxivionSuite.java:[353,32] SYSTEM in hudson.security.ACL has been deprecated
[WARNING] /home/gabsko/breaking-updates/plugin/src/main/java/io/jenkins/plugins/analysis/warnings/axivion/AxivionSuite.java:[388,24] SYSTEM in hudson.security.ACL has been deprecated
[INFO] 
[INFO] --- access-modifier-checker:1.25:enforce (default-enforce) @ warnings-ng ---
[INFO] Downloading from repo.jenkins-ci.org: https://repo.jenkins-ci.org/public/org/jenkins-ci/annotation-indexer/1.15/annotation-indexer-1.15.pom
[INFO] Downloaded from repo.jenkins-ci.org: https://repo.jenkins-ci.org/public/org/jenkins-ci/annotation-indexer/1.15/annotation-indexer-1.15.pom (1.7 kB at 6.8 kB/s)
[INFO] Downloading from repo.jenkins-ci.org: https://repo.jenkins-ci.org/public/com/github/spotbugs/spotbugs-annotations/4.2.3/spotbugs-annotations-4.2.3.pom
[INFO] Downloaded from repo.jenkins-ci.org: https://repo.jenkins-ci.org/public/com/github/spotbugs/spotbugs-annotations/4.2.3/spotbugs-annotations-4.2.3.pom (3.1 kB at 12 kB/s)
[INFO] Downloading from repo.jenkins-ci.org: https://repo.jenkins-ci.org/public/org/kohsuke/access-modifier-suppressions/1.25/access-modifier-suppressions-1.25.pom
[INFO] Downloaded from repo.jenkins-ci.org: https://repo.jenkins-ci.org/public/org/kohsuke/access-modifier-suppressions/1.25/access-modifier-suppressions-1.25.pom (4.8 kB at 19 kB/s)
[INFO] Downloading from repo.jenkins-ci.org: https://repo.jenkins-ci.org/public/org/apache/maven/plugin-tools/maven-plugin-annotations/3.6.1/maven-plugin-annotations-3.6.1.pom
[INFO] Downloaded from repo.jenkins-ci.org: https://repo.jenkins-ci.org/public/org/apache/maven/plugin-tools/maven-plugin-annotations/3.6.1/maven-plugin-annotations-3.6.1.pom (1.7 kB at 6.5 kB/s)
[INFO] Downloading from repo.jenkins-ci.org: https://repo.jenkins-ci.org/public/org/apache/maven/plugin-tools/maven-plugin-tools/3.6.1/maven-plugin-tools-3.6.1.pom
[INFO] Downloaded from repo.jenkins-ci.org: https://repo.jenkins-ci.org/public/org/apache/maven/plugin-tools/maven-plugin-tools/3.6.1/maven-plugin-tools-3.6.1.pom (15 kB at 56 kB/s)
[INFO] Downloading from repo.jenkins-ci.org: https://repo.jenkins-ci.org/public/org/jenkins-ci/annotation-indexer/1.15/annotation-indexer-1.15.jar
[INFO] Downloading from repo.jenkins-ci.org: https://repo.jenkins-ci.org/public/com/github/spotbugs/spotbugs-annotations/4.2.3/spotbugs-annotations-4.2.3.jar
[INFO] Downloading from repo.jenkins-ci.org: https://repo.jenkins-ci.org/public/org/kohsuke/access-modifier-suppressions/1.25/access-modifier-suppressions-1.25.jar
[INFO] Downloading from repo.jenkins-ci.org: https://repo.jenkins-ci.org/public/org/kohsuke/metainf-services/metainf-services/1.8/metainf-services-1.8.jar
[INFO] Downloading from repo.jenkins-ci.org: https://repo.jenkins-ci.org/public/org/apache/maven/plugin-tools/maven-plugin-annotations/3.6.1/maven-plugin-annotations-3.6.1.jar
[INFO] Downloaded from repo.jenkins-ci.org: https://repo.jenkins-ci.org/public/org/jenkins-ci/annotation-indexer/1.15/annotation-indexer-1.15.jar (17 kB at 67 kB/s)
[INFO] Downloaded from repo.jenkins-ci.org: https://repo.jenkins-ci.org/public/org/kohsuke/metainf-services/metainf-services/1.8/metainf-services-1.8.jar (7.5 kB at 15 kB/s)
[INFO] Downloaded from repo.jenkins-ci.org: https://repo.jenkins-ci.org/public/org/kohsuke/access-modifier-suppressions/1.25/access-modifier-suppressions-1.25.jar (3.7 kB at 5.8 kB/s)
[INFO] Downloaded from repo.jenkins-ci.org: https://repo.jenkins-ci.org/public/org/apache/maven/plugin-tools/maven-plugin-annotations/3.6.1/maven-plugin-annotations-3.6.1.jar (14 kB at 18 kB/s)
[INFO] Downloaded from repo.jenkins-ci.org: https://repo.jenkins-ci.org/public/com/github/spotbugs/spotbugs-annotations/4.2.3/spotbugs-annotations-4.2.3.jar (15 kB at 20 kB/s)
[INFO] 
[INFO] --- maven-hpi-plugin:3.20:insert-test (default-insert-test) @ warnings-ng ---
[INFO] 
[INFO] --- assertj-assertions-generator-maven-plugin:2.2.0:generate-assertions (default) @ warnings-ng ---
[INFO] Downloading from repo.jenkins-ci.org: https://repo.jenkins-ci.org/public/org/assertj/assertj-assertions-generator/2.2.0/assertj-assertions-generator-2.2.0.pom
[INFO] Downloaded from repo.jenkins-ci.org: https://repo.jenkins-ci.org/public/org/assertj/assertj-assertions-generator/2.2.0/assertj-assertions-generator-2.2.0.pom (5.6 kB at 22 kB/s)
[INFO] Downloading from repo.jenkins-ci.org: https://repo.jenkins-ci.org/public/ch/qos/logback/logback-classic/1.0.13/logback-classic-1.0.13.pom
[INFO] Downloaded from repo.jenkins-ci.org: https://repo.jenkins-ci.org/public/ch/qos/logback/logback-classic/1.0.13/logback-classic-1.0.13.pom (12 kB at 46 kB/s)
[INFO] Downloading from repo.jenkins-ci.org: https://repo.jenkins-ci.org/public/ch/qos/logback/logback-parent/1.0.13/logback-parent-1.0.13.pom
[INFO] Downloaded from repo.jenkins-ci.org: https://repo.jenkins-ci.org/public/ch/qos/logback/logback-parent/1.0.13/logback-parent-1.0.13.pom (15 kB at 55 kB/s)
[INFO] Downloading from repo.jenkins-ci.org: https://repo.jenkins-ci.org/public/ch/qos/logback/logback-core/1.0.13/logback-core-1.0.13.pom
[INFO] Downloaded from repo.jenkins-ci.org: https://repo.jenkins-ci.org/public/ch/qos/logback/logback-core/1.0.13/logback-core-1.0.13.pom (5.0 kB at 19 kB/s)
[INFO] Downloading from repo.jenkins-ci.org: https://repo.jenkins-ci.org/public/org/assertj/assertj-core/2.1.0/assertj-core-2.1.0.pom
[INFO] Downloaded from repo.jenkins-ci.org: https://repo.jenkins-ci.org/public/org/assertj/assertj-core/2.1.0/assertj-core-2.1.0.pom (6.0 kB at 23 kB/s)
[INFO] Downloading from repo.jenkins-ci.org: https://repo.jenkins-ci.org/public/org/assertj/assertj-parent-pom/1.3.6/assertj-parent-pom-1.3.6.pom
[INFO] Downloaded from repo.jenkins-ci.org: https://repo.jenkins-ci.org/public/org/assertj/assertj-parent-pom/1.3.6/assertj-parent-pom-1.3.6.pom (15 kB at 59 kB/s)
[INFO] Downloading from repo.jenkins-ci.org: https://repo.jenkins-ci.org/public/org/assertj/assertj-core/2.2.0/assertj-core-2.2.0.pom
[INFO] Downloaded from repo.jenkins-ci.org: https://repo.jenkins-ci.org/public/org/assertj/assertj-core/2.2.0/assertj-core-2.2.0.pom (6.0 kB at 23 kB/s)
[INFO] Downloading from repo.jenkins-ci.org: https://repo.jenkins-ci.org/public/org/assertj/assertj-core/2.3.0/assertj-core-2.3.0.pom
[INFO] Downloaded from repo.jenkins-ci.org: https://repo.jenkins-ci.org/public/org/assertj/assertj-core/2.3.0/assertj-core-2.3.0.pom (6.1 kB at 24 kB/s)
[INFO] Downloading from repo.jenkins-ci.org: https://repo.jenkins-ci.org/public/org/assertj/assertj-core/2.4.0/assertj-core-2.4.0.pom
[INFO] Downloaded from repo.jenkins-ci.org: https://repo.jenkins-ci.org/public/org/assertj/assertj-core/2.4.0/assertj-core-2.4.0.pom (7.1 kB at 27 kB/s)
[INFO] Downloading from repo.jenkins-ci.org: https://repo.jenkins-ci.org/public/org/assertj/assertj-parent-pom/2.1.4/assertj-parent-pom-2.1.4.pom
[INFO] Downloaded from repo.jenkins-ci.org: https://repo.jenkins-ci.org/public/org/assertj/assertj-parent-pom/2.1.4/assertj-parent-pom-2.1.4.pom (15 kB at 57 kB/s)
[INFO] Downloading from repo.jenkins-ci.org: https://repo.jenkins-ci.org/public/org/assertj/assertj-core/2.4.1/assertj-core-2.4.1.pom
[INFO] Downloaded from repo.jenkins-ci.org: https://repo.jenkins-ci.org/public/org/assertj/assertj-core/2.4.1/assertj-core-2.4.1.pom (7.1 kB at 27 kB/s)
[INFO] Downloading from repo.jenkins-ci.org: https://repo.jenkins-ci.org/public/org/assertj/assertj-core/2.5.0/assertj-core-2.5.0.pom
[INFO] Downloaded from repo.jenkins-ci.org: https://repo.jenkins-ci.org/public/org/assertj/assertj-core/2.5.0/assertj-core-2.5.0.pom (7.1 kB at 28 kB/s)
[INFO] Downloading from repo.jenkins-ci.org: https://repo.jenkins-ci.org/public/org/assertj/assertj-core/2.6.0/assertj-core-2.6.0.pom
[INFO] Downloaded from repo.jenkins-ci.org: https://repo.jenkins-ci.org/public/org/assertj/assertj-core/2.6.0/assertj-core-2.6.0.pom (7.0 kB at 25 kB/s)
[INFO] Downloading from repo.jenkins-ci.org: https://repo.jenkins-ci.org/public/org/assertj/assertj-core/2.7.0/assertj-core-2.7.0.pom
[INFO] Downloaded from repo.jenkins-ci.org: https://repo.jenkins-ci.org/public/org/assertj/assertj-core/2.7.0/assertj-core-2.7.0.pom (7.6 kB at 29 kB/s)
[INFO] Downloading from repo.jenkins-ci.org: https://repo.jenkins-ci.org/public/org/assertj/assertj-core/2.8.0/assertj-core-2.8.0.pom
[INFO] Downloaded from repo.jenkins-ci.org: https://repo.jenkins-ci.org/public/org/assertj/assertj-core/2.8.0/assertj-core-2.8.0.pom (7.6 kB at 29 kB/s)
[INFO] Downloading from repo.jenkins-ci.org: https://repo.jenkins-ci.org/public/org/assertj/assertj-core/2.9.1/assertj-core-2.9.1.pom
[INFO] Downloaded from repo.jenkins-ci.org: https://repo.jenkins-ci.org/public/org/assertj/assertj-core/2.9.1/assertj-core-2.9.1.pom (8.2 kB at 32 kB/s)
[INFO] Downloading from repo.jenkins-ci.org: https://repo.jenkins-ci.org/public/org/assertj/assertj-core/2.0.0/assertj-core-2.0.0.pom
[INFO] Downloaded from repo.jenkins-ci.org: https://repo.jenkins-ci.org/public/org/assertj/assertj-core/2.0.0/assertj-core-2.0.0.pom (6.0 kB at 23 kB/s)
[INFO] Downloading from repo.jenkins-ci.org: https://repo.jenkins-ci.org/public/org/assertj/assertj-parent-pom/1.3.5/assertj-parent-pom-1.3.5.pom
[INFO] Downloaded from repo.jenkins-ci.org: https://repo.jenkins-ci.org/public/org/assertj/assertj-parent-pom/1.3.5/assertj-parent-pom-1.3.5.pom (15 kB at 56 kB/s)
[INFO] Downloading from repo.jenkins-ci.org: https://repo.jenkins-ci.org/public/com/github/marschall/memoryfilesystem/0.6.4/memoryfilesystem-0.6.4.pom
[INFO] Downloaded from repo.jenkins-ci.org: https://repo.jenkins-ci.org/public/com/github/marschall/memoryfilesystem/0.6.4/memoryfilesystem-0.6.4.pom (11 kB at 43 kB/s)
[INFO] Downloading from repo.jenkins-ci.org: https://repo.jenkins-ci.org/public/org/assertj/assertj-assertions-generator/2.2.0/assertj-assertions-generator-2.2.0.jar
[INFO] Downloading from repo.jenkins-ci.org: https://repo.jenkins-ci.org/public/commons-cli/commons-cli/1.2/commons-cli-1.2.jar
[INFO] Downloading from repo.jenkins-ci.org: https://repo.jenkins-ci.org/public/ch/qos/logback/logback-classic/1.0.13/logback-classic-1.0.13.jar
[INFO] Downloading from repo.jenkins-ci.org: https://repo.jenkins-ci.org/public/ch/qos/logback/logback-core/1.0.13/logback-core-1.0.13.jar
[INFO] Downloading from repo.jenkins-ci.org: https://repo.jenkins-ci.org/public/org/assertj/assertj-core/2.9.1/assertj-core-2.9.1.jar
[INFO] Downloaded from repo.jenkins-ci.org: https://repo.jenkins-ci.org/public/commons-cli/commons-cli/1.2/commons-cli-1.2.jar (41 kB at 112 kB/s)
[INFO] Downloading from repo.jenkins-ci.org: https://repo.jenkins-ci.org/public/org/codehaus/plexus/plexus-utils/1.5.15/plexus-utils-1.5.15.jar
[INFO] Downloaded from repo.jenkins-ci.org: https://repo.jenkins-ci.org/public/org/assertj/assertj-assertions-generator/2.2.0/assertj-assertions-generator-2.2.0.jar (82 kB at 168 kB/s)
[INFO] Downloaded from repo.jenkins-ci.org: https://repo.jenkins-ci.org/public/ch/qos/logback/logback-classic/1.0.13/logback-classic-1.0.13.jar (265 kB at 209 kB/s)
[INFO] Downloaded from repo.jenkins-ci.org: https://repo.jenkins-ci.org/public/ch/qos/logback/logback-core/1.0.13/logback-core-1.0.13.jar (419 kB at 304 kB/s)
[INFO] Downloaded from repo.jenkins-ci.org: https://repo.jenkins-ci.org/public/org/assertj/assertj-core/2.9.1/assertj-core-2.9.1.jar (1.1 MB at 689 kB/s)
[INFO] Downloaded from repo.jenkins-ci.org: https://repo.jenkins-ci.org/public/org/codehaus/plexus/plexus-utils/1.5.15/plexus-utils-1.5.15.jar (228 kB at 142 kB/s)
[INFO] 
[INFO] --- gmavenplus-plugin:1.13.0:generateTestStubs (test-in-groovy) @ warnings-ng ---
[INFO] No sources specified for stub generation. Skipping.
[INFO] Generated 0 stubs.
[INFO] 
[INFO] --- maven-antrun-plugin:3.0.0:run (createTempDir) @ warnings-ng ---
[INFO] Executing tasks
[INFO]     [mkdir] Created dir: /home/gabsko/breaking-updates/plugin/target/tmp
[INFO] Executed tasks
[INFO] 
[INFO] --- maven-resources-plugin:3.2.0:testResources (default-testResources) @ warnings-ng ---
[INFO] Using 'UTF-8' encoding to copy filtered resources.
[INFO] Using 'UTF-8' encoding to copy filtered properties files.
[INFO] Copying 328 resources
[INFO] 
[INFO] --- maven-compiler-plugin:3.8.1:testCompile (default-testCompile) @ warnings-ng ---
[INFO] Changes detected - recompiling the module!
[INFO] Compiling 462 source files to /home/gabsko/breaking-updates/plugin/target/test-classes
[WARNING] /home/gabsko/breaking-updates/plugin/target/generated-test-sources/assertj-assertions/io/jenkins/plugins/analysis/core/assertions/Assertions.java:[271,127] io.jenkins.plugins.analysis.core.model.InfoErrorDetail in io.jenkins.plugins.analysis.core.model has been deprecated
[WARNING] /home/gabsko/breaking-updates/plugin/target/generated-test-sources/assertj-assertions/io/jenkins/plugins/analysis/core/assertions/Assertions.java:[271,127] io.jenkins.plugins.analysis.core.model.InfoErrorDetail in io.jenkins.plugins.analysis.core.model has been deprecated
[WARNING] /home/gabsko/breaking-updates/plugin/target/generated-test-sources/assertj-assertions/io/jenkins/plugins/analysis/core/assertions/Assertions.java:[271,127] io.jenkins.plugins.analysis.core.model.InfoErrorDetail in io.jenkins.plugins.analysis.core.model has been deprecated
[WARNING] /home/gabsko/breaking-updates/plugin/target/generated-test-sources/assertj-assertions/io/jenkins/plugins/analysis/core/assertions/Assertions.java:[271,127] io.jenkins.plugins.analysis.core.model.InfoErrorDetail in io.jenkins.plugins.analysis.core.model has been deprecated
[WARNING] /home/gabsko/breaking-updates/plugin/target/generated-test-sources/assertj-assertions/io/jenkins/plugins/analysis/core/assertions/Assertions.java:[425,124] io.jenkins.plugins.analysis.core.model.SourceDetail in io.jenkins.plugins.analysis.core.model has been deprecated
[WARNING] /home/gabsko/breaking-updates/plugin/target/generated-test-sources/assertj-assertions/io/jenkins/plugins/analysis/core/assertions/Assertions.java:[425,124] io.jenkins.plugins.analysis.core.model.SourceDetail in io.jenkins.plugins.analysis.core.model has been deprecated
[WARNING] /home/gabsko/breaking-updates/plugin/target/generated-test-sources/assertj-assertions/io/jenkins/plugins/analysis/core/assertions/Assertions.java:[425,124] io.jenkins.plugins.analysis.core.model.SourceDetail in io.jenkins.plugins.analysis.core.model has been deprecated
[WARNING] /home/gabsko/breaking-updates/plugin/target/generated-test-sources/assertj-assertions/io/jenkins/plugins/analysis/core/assertions/Assertions.java:[425,124] io.jenkins.plugins.analysis.core.model.SourceDetail in io.jenkins.plugins.analysis.core.model has been deprecated
[WARNING] /home/gabsko/breaking-updates/plugin/target/generated-test-sources/assertj-assertions/io/jenkins/plugins/analysis/core/assertions/Assertions.java:[458,125] io.jenkins.plugins.analysis.core.model.SourcePrinter in io.jenkins.plugins.analysis.core.model has been deprecated
[WARNING] /home/gabsko/breaking-updates/plugin/target/generated-test-sources/assertj-assertions/io/jenkins/plugins/analysis/core/assertions/Assertions.java:[458,125] io.jenkins.plugins.analysis.core.model.SourcePrinter in io.jenkins.plugins.analysis.core.model has been deprecated
[WARNING] /home/gabsko/breaking-updates/plugin/target/generated-test-sources/assertj-assertions/io/jenkins/plugins/analysis/core/assertions/Assertions.java:[458,125] io.jenkins.plugins.analysis.core.model.SourcePrinter in io.jenkins.plugins.analysis.core.model has been deprecated
[WARNING] /home/gabsko/breaking-updates/plugin/target/generated-test-sources/assertj-assertions/io/jenkins/plugins/analysis/core/assertions/Assertions.java:[458,125] io.jenkins.plugins.analysis.core.model.SourcePrinter in io.jenkins.plugins.analysis.core.model has been deprecated
[WARNING] /home/gabsko/breaking-updates/plugin/target/generated-test-sources/assertj-assertions/io/jenkins/plugins/analysis/core/assertions/Assertions.java:[502,119] io.jenkins.plugins.analysis.core.model.Summary in io.jenkins.plugins.analysis.core.model has been deprecated
[WARNING] /home/gabsko/breaking-updates/plugin/target/generated-test-sources/assertj-assertions/io/jenkins/plugins/analysis/core/assertions/Assertions.java:[502,119] io.jenkins.plugins.analysis.core.model.Summary in io.jenkins.plugins.analysis.core.model has been deprecated
[WARNING] /home/gabsko/breaking-updates/plugin/target/generated-test-sources/assertj-assertions/io/jenkins/plugins/analysis/core/assertions/Assertions.java:[502,119] io.jenkins.plugins.analysis.core.model.Summary in io.jenkins.plugins.analysis.core.model has been deprecated
[WARNING] /home/gabsko/breaking-updates/plugin/target/generated-test-sources/assertj-assertions/io/jenkins/plugins/analysis/core/assertions/Assertions.java:[502,119] io.jenkins.plugins.analysis.core.model.Summary in io.jenkins.plugins.analysis.core.model has been deprecated
[WARNING] /home/gabsko/breaking-updates/plugin/target/generated-test-sources/assertj-assertions/io/jenkins/plugins/analysis/core/assertions/Assertions.java:[876,119] io.jenkins.plugins.analysis.core.util.Sanitizer in io.jenkins.plugins.analysis.core.util has been deprecated
[WARNING] /home/gabsko/breaking-updates/plugin/target/generated-test-sources/assertj-assertions/io/jenkins/plugins/analysis/core/assertions/Assertions.java:[876,119] io.jenkins.plugins.analysis.core.util.Sanitizer in io.jenkins.plugins.analysis.core.util has been deprecated
[WARNING] /home/gabsko/breaking-updates/plugin/target/generated-test-sources/assertj-assertions/io/jenkins/plugins/analysis/core/assertions/Assertions.java:[876,119] io.jenkins.plugins.analysis.core.util.Sanitizer in io.jenkins.plugins.analysis.core.util has been deprecated
[WARNING] /home/gabsko/breaking-updates/plugin/target/generated-test-sources/assertj-assertions/io/jenkins/plugins/analysis/core/assertions/Assertions.java:[876,119] io.jenkins.plugins.analysis.core.util.Sanitizer in io.jenkins.plugins.analysis.core.util has been deprecated
[WARNING] /home/gabsko/breaking-updates/plugin/target/generated-test-sources/assertj-assertions/io/jenkins/plugins/analysis/core/model/IconLabelProviderAssert.java:[141,38] getRawLinkName() in io.jenkins.plugins.analysis.core.model.StaticAnalysisLabelProvider has been deprecated
[WARNING] /home/gabsko/breaking-updates/plugin/target/generated-test-sources/assertj-assertions/io/jenkins/plugins/analysis/core/model/InfoErrorDetailAssert.java:[11,88] io.jenkins.plugins.analysis.core.model.InfoErrorDetail in io.jenkins.plugins.analysis.core.model has been deprecated
[WARNING] /home/gabsko/breaking-updates/plugin/target/generated-test-sources/assertj-assertions/io/jenkins/plugins/analysis/core/model/InfoErrorDetailAssert.java:[11,88] io.jenkins.plugins.analysis.core.model.InfoErrorDetail in io.jenkins.plugins.analysis.core.model has been deprecated
[WARNING] /home/gabsko/breaking-updates/plugin/target/generated-test-sources/assertj-assertions/io/jenkins/plugins/analysis/core/model/InfoErrorDetailAssert.java:[11,88] io.jenkins.plugins.analysis.core.model.InfoErrorDetail in io.jenkins.plugins.analysis.core.model has been deprecated
[WARNING] /home/gabsko/breaking-updates/plugin/target/generated-test-sources/assertj-assertions/io/jenkins/plugins/analysis/core/model/InfoErrorDetailAssert.java:[11,88] io.jenkins.plugins.analysis.core.model.InfoErrorDetail in io.jenkins.plugins.analysis.core.model has been deprecated
[WARNING] /home/gabsko/breaking-updates/plugin/target/generated-test-sources/assertj-assertions/io/jenkins/plugins/analysis/core/model/InfoErrorDetailAssert.java:[17,32] io.jenkins.plugins.analysis.core.model.InfoErrorDetail in io.jenkins.plugins.analysis.core.model has been deprecated
[WARNING] /home/gabsko/breaking-updates/plugin/target/generated-test-sources/assertj-assertions/io/jenkins/plugins/analysis/core/model/InfoErrorDetailAssert.java:[17,32] io.jenkins.plugins.analysis.core.model.InfoErrorDetail in io.jenkins.plugins.analysis.core.model has been deprecated
[WARNING] /home/gabsko/breaking-updates/plugin/target/generated-test-sources/assertj-assertions/io/jenkins/plugins/analysis/core/model/InfoErrorDetailAssert.java:[17,32] io.jenkins.plugins.analysis.core.model.InfoErrorDetail in io.jenkins.plugins.analysis.core.model has been deprecated
[WARNING] /home/gabsko/breaking-updates/plugin/target/generated-test-sources/assertj-assertions/io/jenkins/plugins/analysis/core/model/InfoErrorDetailAssert.java:[17,32] io.jenkins.plugins.analysis.core.model.InfoErrorDetail in io.jenkins.plugins.analysis.core.model has been deprecated
[WARNING] /home/gabsko/breaking-updates/plugin/target/generated-test-sources/assertj-assertions/io/jenkins/plugins/analysis/core/model/InfoErrorDetailAssert.java:[28,50] io.jenkins.plugins.analysis.core.model.InfoErrorDetail in io.jenkins.plugins.analysis.core.model has been deprecated
[WARNING] /home/gabsko/breaking-updates/plugin/target/generated-test-sources/assertj-assertions/io/jenkins/plugins/analysis/core/model/InfoErrorDetailAssert.java:[28,50] io.jenkins.plugins.analysis.core.model.InfoErrorDetail in io.jenkins.plugins.analysis.core.model has been deprecated
[WARNING] /home/gabsko/breaking-updates/plugin/target/generated-test-sources/assertj-assertions/io/jenkins/plugins/analysis/core/model/InfoErrorDetailAssert.java:[28,50] io.jenkins.plugins.analysis.core.model.InfoErrorDetail in io.jenkins.plugins.analysis.core.model has been deprecated
[WARNING] /home/gabsko/breaking-updates/plugin/target/generated-test-sources/assertj-assertions/io/jenkins/plugins/analysis/core/model/InfoErrorDetailAssert.java:[28,50] io.jenkins.plugins.analysis.core.model.InfoErrorDetail in io.jenkins.plugins.analysis.core.model has been deprecated
[WARNING] /home/gabsko/breaking-updates/plugin/target/generated-test-sources/assertj-assertions/io/jenkins/plugins/analysis/core/model/SourceDetailAssert.java:[10,82] io.jenkins.plugins.analysis.core.model.SourceDetail in io.jenkins.plugins.analysis.core.model has been deprecated
[WARNING] /home/gabsko/breaking-updates/plugin/target/generated-test-sources/assertj-assertions/io/jenkins/plugins/analysis/core/model/SourceDetailAssert.java:[10,82] io.jenkins.plugins.analysis.core.model.SourceDetail in io.jenkins.plugins.analysis.core.model has been deprecated
[WARNING] /home/gabsko/breaking-updates/plugin/target/generated-test-sources/assertj-assertions/io/jenkins/plugins/analysis/core/model/SourceDetailAssert.java:[10,82] io.jenkins.plugins.analysis.core.model.SourceDetail in io.jenkins.plugins.analysis.core.model has been deprecated
[WARNING] /home/gabsko/breaking-updates/plugin/target/generated-test-sources/assertj-assertions/io/jenkins/plugins/analysis/core/model/SourceDetailAssert.java:[10,82] io.jenkins.plugins.analysis.core.model.SourceDetail in io.jenkins.plugins.analysis.core.model has been deprecated
[WARNING] /home/gabsko/breaking-updates/plugin/target/generated-test-sources/assertj-assertions/io/jenkins/plugins/analysis/core/model/SourceDetailAssert.java:[16,29] io.jenkins.plugins.analysis.core.model.SourceDetail in io.jenkins.plugins.analysis.core.model has been deprecated
[WARNING] /home/gabsko/breaking-updates/plugin/target/generated-test-sources/assertj-assertions/io/jenkins/plugins/analysis/core/model/SourceDetailAssert.java:[16,29] io.jenkins.plugins.analysis.core.model.SourceDetail in io.jenkins.plugins.analysis.core.model has been deprecated
[WARNING] /home/gabsko/breaking-updates/plugin/target/generated-test-sources/assertj-assertions/io/jenkins/plugins/analysis/core/model/SourceDetailAssert.java:[16,29] io.jenkins.plugins.analysis.core.model.SourceDetail in io.jenkins.plugins.analysis.core.model has been deprecated
[WARNING] /home/gabsko/breaking-updates/plugin/target/generated-test-sources/assertj-assertions/io/jenkins/plugins/analysis/core/model/SourceDetailAssert.java:[16,29] io.jenkins.plugins.analysis.core.model.SourceDetail in io.jenkins.plugins.analysis.core.model has been deprecated
[WARNING] /home/gabsko/breaking-updates/plugin/target/generated-test-sources/assertj-assertions/io/jenkins/plugins/analysis/core/model/SourceDetailAssert.java:[27,47] io.jenkins.plugins.analysis.core.model.SourceDetail in io.jenkins.plugins.analysis.core.model has been deprecated
[WARNING] /home/gabsko/breaking-updates/plugin/target/generated-test-sources/assertj-assertions/io/jenkins/plugins/analysis/core/model/SourceDetailAssert.java:[27,47] io.jenkins.plugins.analysis.core.model.SourceDetail in io.jenkins.plugins.analysis.core.model has been deprecated
[WARNING] /home/gabsko/breaking-updates/plugin/target/generated-test-sources/assertj-assertions/io/jenkins/plugins/analysis/core/model/SourceDetailAssert.java:[27,47] io.jenkins.plugins.analysis.core.model.SourceDetail in io.jenkins.plugins.analysis.core.model has been deprecated
[WARNING] /home/gabsko/breaking-updates/plugin/target/generated-test-sources/assertj-assertions/io/jenkins/plugins/analysis/core/model/SourceDetailAssert.java:[27,47] io.jenkins.plugins.analysis.core.model.SourceDetail in io.jenkins.plugins.analysis.core.model has been deprecated
[WARNING] /home/gabsko/breaking-updates/plugin/target/generated-test-sources/assertj-assertions/io/jenkins/plugins/analysis/core/model/SourcePrinterAssert.java:[9,84] io.jenkins.plugins.analysis.core.model.SourcePrinter in io.jenkins.plugins.analysis.core.model has been deprecated
[WARNING] /home/gabsko/breaking-updates/plugin/target/generated-test-sources/assertj-assertions/io/jenkins/plugins/analysis/core/model/SourcePrinterAssert.java:[9,84] io.jenkins.plugins.analysis.core.model.SourcePrinter in io.jenkins.plugins.analysis.core.model has been deprecated
[WARNING] /home/gabsko/breaking-updates/plugin/target/generated-test-sources/assertj-assertions/io/jenkins/plugins/analysis/core/model/SourcePrinterAssert.java:[9,84] io.jenkins.plugins.analysis.core.model.SourcePrinter in io.jenkins.plugins.analysis.core.model has been deprecated
[WARNING] /home/gabsko/breaking-updates/plugin/target/generated-test-sources/assertj-assertions/io/jenkins/plugins/analysis/core/model/SourcePrinterAssert.java:[9,84] io.jenkins.plugins.analysis.core.model.SourcePrinter in io.jenkins.plugins.analysis.core.model has been deprecated
[WARNING] /home/gabsko/breaking-updates/plugin/target/generated-test-sources/assertj-assertions/io/jenkins/plugins/analysis/core/model/SourcePrinterAssert.java:[15,30] io.jenkins.plugins.analysis.core.model.SourcePrinter in io.jenkins.plugins.analysis.core.model has been deprecated
[WARNING] /home/gabsko/breaking-updates/plugin/target/generated-test-sources/assertj-assertions/io/jenkins/plugins/analysis/core/model/SourcePrinterAssert.java:[15,30] io.jenkins.plugins.analysis.core.model.SourcePrinter in io.jenkins.plugins.analysis.core.model has been deprecated
[WARNING] /home/gabsko/breaking-updates/plugin/target/generated-test-sources/assertj-assertions/io/jenkins/plugins/analysis/core/model/SourcePrinterAssert.java:[15,30] io.jenkins.plugins.analysis.core.model.SourcePrinter in io.jenkins.plugins.analysis.core.model has been deprecated
[WARNING] /home/gabsko/breaking-updates/plugin/target/generated-test-sources/assertj-assertions/io/jenkins/plugins/analysis/core/model/SourcePrinterAssert.java:[15,30] io.jenkins.plugins.analysis.core.model.SourcePrinter in io.jenkins.plugins.analysis.core.model has been deprecated
[WARNING] /home/gabsko/breaking-updates/plugin/target/generated-test-sources/assertj-assertions/io/jenkins/plugins/analysis/core/model/SourcePrinterAssert.java:[26,48] io.jenkins.plugins.analysis.core.model.SourcePrinter in io.jenkins.plugins.analysis.core.model has been deprecated
[WARNING] /home/gabsko/breaking-updates/plugin/target/generated-test-sources/assertj-assertions/io/jenkins/plugins/analysis/core/model/SourcePrinterAssert.java:[26,48] io.jenkins.plugins.analysis.core.model.SourcePrinter in io.jenkins.plugins.analysis.core.model has been deprecated
[WARNING] /home/gabsko/breaking-updates/plugin/target/generated-test-sources/assertj-assertions/io/jenkins/plugins/analysis/core/model/SourcePrinterAssert.java:[26,48] io.jenkins.plugins.analysis.core.model.SourcePrinter in io.jenkins.plugins.analysis.core.model has been deprecated
[WARNING] /home/gabsko/breaking-updates/plugin/target/generated-test-sources/assertj-assertions/io/jenkins/plugins/analysis/core/model/SourcePrinterAssert.java:[26,48] io.jenkins.plugins.analysis.core.model.SourcePrinter in io.jenkins.plugins.analysis.core.model has been deprecated
[WARNING] /home/gabsko/breaking-updates/plugin/target/generated-test-sources/assertj-assertions/io/jenkins/plugins/analysis/core/model/StaticAnalysisLabelProviderAssert.java:[141,38] getRawLinkName() in io.jenkins.plugins.analysis.core.model.StaticAnalysisLabelProvider has been deprecated
[WARNING] /home/gabsko/breaking-updates/plugin/target/generated-test-sources/assertj-assertions/io/jenkins/plugins/analysis/core/model/SummaryAssert.java:[9,72] io.jenkins.plugins.analysis.core.model.Summary in io.jenkins.plugins.analysis.core.model has been deprecated
[WARNING] /home/gabsko/breaking-updates/plugin/target/generated-test-sources/assertj-assertions/io/jenkins/plugins/analysis/core/model/SummaryAssert.java:[9,72] io.jenkins.plugins.analysis.core.model.Summary in io.jenkins.plugins.analysis.core.model has been deprecated
[WARNING] /home/gabsko/breaking-updates/plugin/target/generated-test-sources/assertj-assertions/io/jenkins/plugins/analysis/core/model/SummaryAssert.java:[9,72] io.jenkins.plugins.analysis.core.model.Summary in io.jenkins.plugins.analysis.core.model has been deprecated
[WARNING] /home/gabsko/breaking-updates/plugin/target/generated-test-sources/assertj-assertions/io/jenkins/plugins/analysis/core/model/SummaryAssert.java:[9,72] io.jenkins.plugins.analysis.core.model.Summary in io.jenkins.plugins.analysis.core.model has been deprecated
[WARNING] /home/gabsko/breaking-updates/plugin/target/generated-test-sources/assertj-assertions/io/jenkins/plugins/analysis/core/model/SummaryAssert.java:[15,24] io.jenkins.plugins.analysis.core.model.Summary in io.jenkins.plugins.analysis.core.model has been deprecated
[WARNING] /home/gabsko/breaking-updates/plugin/target/generated-test-sources/assertj-assertions/io/jenkins/plugins/analysis/core/model/SummaryAssert.java:[15,24] io.jenkins.plugins.analysis.core.model.Summary in io.jenkins.plugins.analysis.core.model has been deprecated
[WARNING] /home/gabsko/breaking-updates/plugin/target/generated-test-sources/assertj-assertions/io/jenkins/plugins/analysis/core/model/SummaryAssert.java:[15,24] io.jenkins.plugins.analysis.core.model.Summary in io.jenkins.plugins.analysis.core.model has been deprecated
[WARNING] /home/gabsko/breaking-updates/plugin/target/generated-test-sources/assertj-assertions/io/jenkins/plugins/analysis/core/model/SummaryAssert.java:[15,24] io.jenkins.plugins.analysis.core.model.Summary in io.jenkins.plugins.analysis.core.model has been deprecated
[WARNING] /home/gabsko/breaking-updates/plugin/target/generated-test-sources/assertj-assertions/io/jenkins/plugins/analysis/core/model/SummaryAssert.java:[26,42] io.jenkins.plugins.analysis.core.model.Summary in io.jenkins.plugins.analysis.core.model has been deprecated
[WARNING] /home/gabsko/breaking-updates/plugin/target/generated-test-sources/assertj-assertions/io/jenkins/plugins/analysis/core/model/SummaryAssert.java:[26,42] io.jenkins.plugins.analysis.core.model.Summary in io.jenkins.plugins.analysis.core.model has been deprecated
[WARNING] /home/gabsko/breaking-updates/plugin/target/generated-test-sources/assertj-assertions/io/jenkins/plugins/analysis/core/model/SummaryAssert.java:[26,42] io.jenkins.plugins.analysis.core.model.Summary in io.jenkins.plugins.analysis.core.model has been deprecated
[WARNING] /home/gabsko/breaking-updates/plugin/target/generated-test-sources/assertj-assertions/io/jenkins/plugins/analysis/core/model/SummaryAssert.java:[26,42] io.jenkins.plugins.analysis.core.model.Summary in io.jenkins.plugins.analysis.core.model has been deprecated
[WARNING] /home/gabsko/breaking-updates/plugin/target/generated-test-sources/assertj-assertions/io/jenkins/plugins/analysis/core/model/SvgIconLabelProviderAssert.java:[141,38] getRawLinkName() in io.jenkins.plugins.analysis.core.model.StaticAnalysisLabelProvider has been deprecated
[WARNING] /home/gabsko/breaking-updates/plugin/target/generated-test-sources/assertj-assertions/io/jenkins/plugins/analysis/core/util/ModelValidationAssert.java:[45,53] getAllCharsets() in io.jenkins.plugins.analysis.core.util.ModelValidation has been deprecated
[WARNING] /home/gabsko/breaking-updates/plugin/target/generated-test-sources/assertj-assertions/io/jenkins/plugins/analysis/core/util/ModelValidationAssert.java:[68,53] getAllCharsets() in io.jenkins.plugins.analysis.core.util.ModelValidation has been deprecated
[WARNING] /home/gabsko/breaking-updates/plugin/target/generated-test-sources/assertj-assertions/io/jenkins/plugins/analysis/core/util/ModelValidationAssert.java:[88,57] getAllCharsets() in io.jenkins.plugins.analysis.core.util.ModelValidation has been deprecated
[WARNING] /home/gabsko/breaking-updates/plugin/target/generated-test-sources/assertj-assertions/io/jenkins/plugins/analysis/core/util/ModelValidationAssert.java:[111,57] getAllCharsets() in io.jenkins.plugins.analysis.core.util.ModelValidation has been deprecated
[WARNING] /home/gabsko/breaking-updates/plugin/target/generated-test-sources/assertj-assertions/io/jenkins/plugins/analysis/core/util/ModelValidationAssert.java:[132,59] getAllCharsets() in io.jenkins.plugins.analysis.core.util.ModelValidation has been deprecated
[WARNING] /home/gabsko/breaking-updates/plugin/target/generated-test-sources/assertj-assertions/io/jenkins/plugins/analysis/core/util/ModelValidationAssert.java:[156,59] getAllCharsets() in io.jenkins.plugins.analysis.core.util.ModelValidation has been deprecated
[WARNING] /home/gabsko/breaking-updates/plugin/target/generated-test-sources/assertj-assertions/io/jenkins/plugins/analysis/core/util/ModelValidationAssert.java:[175,15] getAllCharsets() in io.jenkins.plugins.analysis.core.util.ModelValidation has been deprecated
[WARNING] /home/gabsko/breaking-updates/plugin/target/generated-test-sources/assertj-assertions/io/jenkins/plugins/analysis/core/util/ModelValidationAssert.java:[176,58] getAllCharsets() in io.jenkins.plugins.analysis.core.util.ModelValidation has been deprecated
[WARNING] /home/gabsko/breaking-updates/plugin/target/generated-test-sources/assertj-assertions/io/jenkins/plugins/analysis/core/util/QualityGateStatusAssert.java:[45,48] getColor() in io.jenkins.plugins.analysis.core.util.QualityGateStatus has been deprecated
[WARNING] /home/gabsko/breaking-updates/plugin/target/generated-test-sources/assertj-assertions/io/jenkins/plugins/analysis/core/util/SanitizerAssert.java:[9,76] io.jenkins.plugins.analysis.core.util.Sanitizer in io.jenkins.plugins.analysis.core.util has been deprecated
[WARNING] /home/gabsko/breaking-updates/plugin/target/generated-test-sources/assertj-assertions/io/jenkins/plugins/analysis/core/util/SanitizerAssert.java:[9,76] io.jenkins.plugins.analysis.core.util.Sanitizer in io.jenkins.plugins.analysis.core.util has been deprecated
[WARNING] /home/gabsko/breaking-updates/plugin/target/generated-test-sources/assertj-assertions/io/jenkins/plugins/analysis/core/util/SanitizerAssert.java:[9,76] io.jenkins.plugins.analysis.core.util.Sanitizer in io.jenkins.plugins.analysis.core.util has been deprecated
[WARNING] /home/gabsko/breaking-updates/plugin/target/generated-test-sources/assertj-assertions/io/jenkins/plugins/analysis/core/util/SanitizerAssert.java:[9,76] io.jenkins.plugins.analysis.core.util.Sanitizer in io.jenkins.plugins.analysis.core.util has been deprecated
[WARNING] /home/gabsko/breaking-updates/plugin/target/generated-test-sources/assertj-assertions/io/jenkins/plugins/analysis/core/util/SanitizerAssert.java:[15,26] io.jenkins.plugins.analysis.core.util.Sanitizer in io.jenkins.plugins.analysis.core.util has been deprecated
[WARNING] /home/gabsko/breaking-updates/plugin/target/generated-test-sources/assertj-assertions/io/jenkins/plugins/analysis/core/util/SanitizerAssert.java:[15,26] io.jenkins.plugins.analysis.core.util.Sanitizer in io.jenkins.plugins.analysis.core.util has been deprecated
[WARNING] /home/gabsko/breaking-updates/plugin/target/generated-test-sources/assertj-assertions/io/jenkins/plugins/analysis/core/util/SanitizerAssert.java:[15,26] io.jenkins.plugins.analysis.core.util.Sanitizer in io.jenkins.plugins.analysis.core.util has been deprecated
[WARNING] /home/gabsko/breaking-updates/plugin/target/generated-test-sources/assertj-assertions/io/jenkins/plugins/analysis/core/util/SanitizerAssert.java:[15,26] io.jenkins.plugins.analysis.core.util.Sanitizer in io.jenkins.plugins.analysis.core.util has been deprecated
[WARNING] /home/gabsko/breaking-updates/plugin/target/generated-test-sources/assertj-assertions/io/jenkins/plugins/analysis/core/util/SanitizerAssert.java:[26,44] io.jenkins.plugins.analysis.core.util.Sanitizer in io.jenkins.plugins.analysis.core.util has been deprecated
[WARNING] /home/gabsko/breaking-updates/plugin/target/generated-test-sources/assertj-assertions/io/jenkins/plugins/analysis/core/util/SanitizerAssert.java:[26,44] io.jenkins.plugins.analysis.core.util.Sanitizer in io.jenkins.plugins.analysis.core.util has been deprecated
[WARNING] /home/gabsko/breaking-updates/plugin/target/generated-test-sources/assertj-assertions/io/jenkins/plugins/analysis/core/util/SanitizerAssert.java:[26,44] io.jenkins.plugins.analysis.core.util.Sanitizer in io.jenkins.plugins.analysis.core.util has been deprecated
[WARNING] /home/gabsko/breaking-updates/plugin/target/generated-test-sources/assertj-assertions/io/jenkins/plugins/analysis/core/util/SanitizerAssert.java:[26,44] io.jenkins.plugins.analysis.core.util.Sanitizer in io.jenkins.plugins.analysis.core.util has been deprecated
[WARNING] /home/gabsko/breaking-updates/plugin/src/test/java/io/jenkins/plugins/analysis/core/model/SourcePrinterTest.java:[35,13] io.jenkins.plugins.analysis.core.model.SourcePrinter in io.jenkins.plugins.analysis.core.model has been deprecated
[WARNING] /home/gabsko/breaking-updates/plugin/src/test/java/io/jenkins/plugins/analysis/core/model/SourcePrinterTest.java:[35,41] io.jenkins.plugins.analysis.core.model.SourcePrinter in io.jenkins.plugins.analysis.core.model has been deprecated
[WARNING] /home/gabsko/breaking-updates/plugin/src/test/java/io/jenkins/plugins/analysis/core/model/SourcePrinterTest.java:[55,13] io.jenkins.plugins.analysis.core.model.SourcePrinter in io.jenkins.plugins.analysis.core.model has been deprecated
[WARNING] /home/gabsko/breaking-updates/plugin/src/test/java/io/jenkins/plugins/analysis/core/model/SourcePrinterTest.java:[55,41] io.jenkins.plugins.analysis.core.model.SourcePrinter in io.jenkins.plugins.analysis.core.model has been deprecated
[WARNING] /home/gabsko/breaking-updates/plugin/src/test/java/io/jenkins/plugins/analysis/core/model/SourcePrinterTest.java:[79,13] io.jenkins.plugins.analysis.core.model.SourcePrinter in io.jenkins.plugins.analysis.core.model has been deprecated
[WARNING] /home/gabsko/breaking-updates/plugin/src/test/java/io/jenkins/plugins/analysis/core/model/SourcePrinterTest.java:[79,41] io.jenkins.plugins.analysis.core.model.SourcePrinter in io.jenkins.plugins.analysis.core.model has been deprecated
[WARNING] /home/gabsko/breaking-updates/plugin/src/test/java/io/jenkins/plugins/analysis/core/model/SourcePrinterTest.java:[98,13] io.jenkins.plugins.analysis.core.model.SourcePrinter in io.jenkins.plugins.analysis.core.model has been deprecated
[WARNING] /home/gabsko/breaking-updates/plugin/src/test/java/io/jenkins/plugins/analysis/core/model/SourcePrinterTest.java:[98,41] io.jenkins.plugins.analysis.core.model.SourcePrinter in io.jenkins.plugins.analysis.core.model has been deprecated
[INFO] /home/gabsko/breaking-updates/plugin/src/test/java/io/jenkins/plugins/analysis/core/model/SourcePrinterTest.java: Some input files additionally use or override a deprecated API.
[INFO] 
[INFO] --- maven-hpi-plugin:3.20:test-hpl (default-test-hpl) @ warnings-ng ---
[INFO] Generating /home/gabsko/breaking-updates/plugin/target/test-classes/the.hpl
[INFO] webappDirectory does not exist, will use warSourceDirectory
[INFO] 
[INFO] --- maven-hpi-plugin:3.20:resolve-test-dependencies (default-resolve-test-dependencies) @ warnings-ng ---
[INFO] Downloading from repo.jenkins-ci.org: https://repo.jenkins-ci.org/public/io/jenkins/plugins/analysis-model-api/10.9.1/analysis-model-api-10.9.1.hpi
[INFO] Downloaded from repo.jenkins-ci.org: https://repo.jenkins-ci.org/public/io/jenkins/plugins/analysis-model-api/10.9.1/analysis-model-api-10.9.1.hpi (16 MB at 4.3 MB/s)
[INFO] Downloading from repo.jenkins-ci.org: https://repo.jenkins-ci.org/public/io/jenkins/plugins/autograding/3.3.1/autograding-3.3.1.hpi
[INFO] Downloaded from repo.jenkins-ci.org: https://repo.jenkins-ci.org/public/io/jenkins/plugins/autograding/3.3.1/autograding-3.3.1.hpi (7.8 MB at 3.4 MB/s)
[INFO] Downloading from repo.jenkins-ci.org: https://repo.jenkins-ci.org/public/io/jenkins/plugins/bootstrap4-api/4.6.0-3/bootstrap4-api-4.6.0-3.hpi
[INFO] Downloaded from repo.jenkins-ci.org: https://repo.jenkins-ci.org/public/io/jenkins/plugins/bootstrap4-api/4.6.0-3/bootstrap4-api-4.6.0-3.hpi (538 kB at 979 kB/s)
[INFO] Downloading from repo.jenkins-ci.org: https://repo.jenkins-ci.org/public/io/jenkins/plugins/bootstrap5-api/5.1.3-4/bootstrap5-api-5.1.3-4.hpi
[INFO] Downloaded from repo.jenkins-ci.org: https://repo.jenkins-ci.org/public/io/jenkins/plugins/bootstrap5-api/5.1.3-4/bootstrap5-api-5.1.3-4.hpi (482 kB at 870 kB/s)
[INFO] Downloading from repo.jenkins-ci.org: https://repo.jenkins-ci.org/public/io/jenkins/plugins/caffeine-api/2.9.2-29.v717aac953ff3/caffeine-api-2.9.2-29.v717aac953ff3.hpi
[INFO] Downloaded from repo.jenkins-ci.org: https://repo.jenkins-ci.org/public/io/jenkins/plugins/caffeine-api/2.9.2-29.v717aac953ff3/caffeine-api-2.9.2-29.v717aac953ff3.hpi (759 kB at 1.4 MB/s)
[INFO] Downloading from repo.jenkins-ci.org: https://repo.jenkins-ci.org/public/io/jenkins/plugins/checks-api/1.7.2/checks-api-1.7.2.hpi
[INFO] Downloaded from repo.jenkins-ci.org: https://repo.jenkins-ci.org/public/io/jenkins/plugins/checks-api/1.7.2/checks-api-1.7.2.hpi (70 kB at 193 kB/s)
[INFO] Downloading from repo.jenkins-ci.org: https://repo.jenkins-ci.org/public/io/jenkins/plugins/code-coverage-api/1.2.0/code-coverage-api-1.2.0.hpi
[INFO] Downloaded from repo.jenkins-ci.org: https://repo.jenkins-ci.org/public/io/jenkins/plugins/code-coverage-api/1.2.0/code-coverage-api-1.2.0.hpi (7.8 MB at 3.0 MB/s)
[INFO] Downloading from repo.jenkins-ci.org: https://repo.jenkins-ci.org/public/io/jenkins/plugins/data-tables-api/1.11.3-6/data-tables-api-1.11.3-6.hpi
[INFO] Downloaded from repo.jenkins-ci.org: https://repo.jenkins-ci.org/public/io/jenkins/plugins/data-tables-api/1.11.3-6/data-tables-api-1.11.3-6.hpi (373 kB at 775 kB/s)
[INFO] Downloading from repo.jenkins-ci.org: https://repo.jenkins-ci.org/public/io/jenkins/plugins/echarts-api/5.2.2-2/echarts-api-5.2.2-2.hpi
[INFO] Downloaded from repo.jenkins-ci.org: https://repo.jenkins-ci.org/public/io/jenkins/plugins/echarts-api/5.2.2-2/echarts-api-5.2.2-2.hpi (17 MB at 3.4 MB/s)
[INFO] Downloading from repo.jenkins-ci.org: https://repo.jenkins-ci.org/public/io/jenkins/plugins/font-awesome-api/5.15.4-5/font-awesome-api-5.15.4-5.hpi
[INFO] Downloaded from repo.jenkins-ci.org: https://repo.jenkins-ci.org/public/io/jenkins/plugins/font-awesome-api/5.15.4-5/font-awesome-api-5.15.4-5.hpi (437 kB at 747 kB/s)
[INFO] Downloading from repo.jenkins-ci.org: https://repo.jenkins-ci.org/public/io/jenkins/plugins/forensics-api/1.7.0/forensics-api-1.7.0.hpi
[INFO] Downloaded from repo.jenkins-ci.org: https://repo.jenkins-ci.org/public/io/jenkins/plugins/forensics-api/1.7.0/forensics-api-1.7.0.hpi (106 kB at 424 kB/s)
[INFO] Downloading from repo.jenkins-ci.org: https://repo.jenkins-ci.org/public/io/jenkins/plugins/git-forensics/1.3.0/git-forensics-1.3.0.hpi
[INFO] Downloaded from repo.jenkins-ci.org: https://repo.jenkins-ci.org/public/io/jenkins/plugins/git-forensics/1.3.0/git-forensics-1.3.0.hpi (11 MB at 3.0 MB/s)
[INFO] Downloading from repo.jenkins-ci.org: https://repo.jenkins-ci.org/public/io/jenkins/plugins/jquery3-api/3.6.0-2/jquery3-api-3.6.0-2.hpi
[INFO] Downloaded from repo.jenkins-ci.org: https://repo.jenkins-ci.org/public/io/jenkins/plugins/jquery3-api/3.6.0-2/jquery3-api-3.6.0-2.hpi (317 kB at 685 kB/s)
[INFO] Downloading from repo.jenkins-ci.org: https://repo.jenkins-ci.org/public/io/jenkins/plugins/metrics-aggregation/0.2.0/metrics-aggregation-0.2.0.hpi
[INFO] Downloaded from repo.jenkins-ci.org: https://repo.jenkins-ci.org/public/io/jenkins/plugins/metrics-aggregation/0.2.0/metrics-aggregation-0.2.0.hpi (17 MB at 3.1 MB/s)
[INFO] Downloading from repo.jenkins-ci.org: https://repo.jenkins-ci.org/public/io/jenkins/plugins/muuri-api/0.9.5-1/muuri-api-0.9.5-1.hpi
[INFO] Downloaded from repo.jenkins-ci.org: https://repo.jenkins-ci.org/public/io/jenkins/plugins/muuri-api/0.9.5-1/muuri-api-0.9.5-1.hpi (143 kB at 554 kB/s)
[INFO] Downloading from repo.jenkins-ci.org: https://repo.jenkins-ci.org/public/io/jenkins/plugins/plugin-util-api/2.12.0/plugin-util-api-2.12.0.hpi
[INFO] Downloaded from repo.jenkins-ci.org: https://repo.jenkins-ci.org/public/io/jenkins/plugins/plugin-util-api/2.12.0/plugin-util-api-2.12.0.hpi (825 kB at 1.2 MB/s)
[INFO] Downloading from repo.jenkins-ci.org: https://repo.jenkins-ci.org/public/io/jenkins/plugins/popper-api/1.16.1-2/popper-api-1.16.1-2.hpi
[INFO] Downloaded from repo.jenkins-ci.org: https://repo.jenkins-ci.org/public/io/jenkins/plugins/popper-api/1.16.1-2/popper-api-1.16.1-2.hpi (464 kB at 839 kB/s)
[INFO] Downloading from repo.jenkins-ci.org: https://repo.jenkins-ci.org/public/io/jenkins/plugins/popper2-api/2.11.0-1/popper2-api-2.11.0-1.hpi
[INFO] Downloaded from repo.jenkins-ci.org: https://repo.jenkins-ci.org/public/io/jenkins/plugins/popper2-api/2.11.0-1/popper2-api-2.11.0-1.hpi (230 kB at 496 kB/s)
[INFO] Downloading from repo.jenkins-ci.org: https://repo.jenkins-ci.org/public/io/jenkins/plugins/prism-api/1.25.0-2/prism-api-1.25.0-2.hpi
[INFO] Downloaded from repo.jenkins-ci.org: https://repo.jenkins-ci.org/public/io/jenkins/plugins/prism-api/1.25.0-2/prism-api-1.25.0-2.hpi (765 kB at 1.2 MB/s)
[INFO] Downloading from repo.jenkins-ci.org: https://repo.jenkins-ci.org/public/io/jenkins/plugins/pull-request-monitoring/1.7.8/pull-request-monitoring-1.7.8.hpi
[INFO] Downloaded from repo.jenkins-ci.org: https://repo.jenkins-ci.org/public/io/jenkins/plugins/pull-request-monitoring/1.7.8/pull-request-monitoring-1.7.8.hpi (2.0 MB at 1.9 MB/s)
[INFO] Downloading from repo.jenkins-ci.org: https://repo.jenkins-ci.org/public/io/jenkins/plugins/select2-api/4.0.13-6/select2-api-4.0.13-6.hpi
[INFO] Downloaded from repo.jenkins-ci.org: https://repo.jenkins-ci.org/public/io/jenkins/plugins/select2-api/4.0.13-6/select2-api-4.0.13-6.hpi (161 kB at 442 kB/s)
[INFO] Downloading from repo.jenkins-ci.org: https://repo.jenkins-ci.org/public/io/jenkins/plugins/snakeyaml-api/1.29.1/snakeyaml-api-1.29.1.hpi
[INFO] Downloaded from repo.jenkins-ci.org: https://repo.jenkins-ci.org/public/io/jenkins/plugins/snakeyaml-api/1.29.1/snakeyaml-api-1.29.1.hpi (297 kB at 671 kB/s)
[INFO] Downloading from repo.jenkins-ci.org: https://repo.jenkins-ci.org/public/io/jenkins/configuration-as-code/1.54/configuration-as-code-1.54.hpi
[INFO] Downloaded from repo.jenkins-ci.org: https://repo.jenkins-ci.org/public/io/jenkins/configuration-as-code/1.54/configuration-as-code-1.54.hpi (2.3 MB at 1.9 MB/s)
[INFO] Downloading from repo.jenkins-ci.org: https://repo.jenkins-ci.org/public/org/jenkins-ci/main/maven-plugin/3.16/maven-plugin-3.16.hpi
[INFO] Downloaded from repo.jenkins-ci.org: https://repo.jenkins-ci.org/public/org/jenkins-ci/main/maven-plugin/3.16/maven-plugin-3.16.hpi (19 MB at 3.0 MB/s)
[INFO] Downloading from repo.jenkins-ci.org: https://repo.jenkins-ci.org/public/org/jenkins-ci/modules/sshd/3.1.0/sshd-3.1.0.hpi
[INFO] Downloaded from repo.jenkins-ci.org: https://repo.jenkins-ci.org/public/org/jenkins-ci/modules/sshd/3.1.0/sshd-3.1.0.hpi (2.5 MB at 2.5 MB/s)
[INFO] Downloading from repo.jenkins-ci.org: https://repo.jenkins-ci.org/public/org/jenkins-ci/plugins/workflow/workflow-api/2.47/workflow-api-2.47.hpi
[INFO] Downloaded from repo.jenkins-ci.org: https://repo.jenkins-ci.org/public/org/jenkins-ci/plugins/workflow/workflow-api/2.47/workflow-api-2.47.hpi (161 kB at 637 kB/s)
[INFO] Downloading from repo.jenkins-ci.org: https://repo.jenkins-ci.org/public/org/jenkins-ci/plugins/workflow/workflow-basic-steps/2.24/workflow-basic-steps-2.24.hpi
[INFO] Downloaded from repo.jenkins-ci.org: https://repo.jenkins-ci.org/public/org/jenkins-ci/plugins/workflow/workflow-basic-steps/2.24/workflow-basic-steps-2.24.hpi (155 kB at 602 kB/s)
[INFO] Downloading from repo.jenkins-ci.org: https://repo.jenkins-ci.org/public/org/jenkins-ci/plugins/workflow/workflow-cps-global-lib/2.21/workflow-cps-global-lib-2.21.hpi
[INFO] Downloaded from repo.jenkins-ci.org: https://repo.jenkins-ci.org/public/org/jenkins-ci/plugins/workflow/workflow-cps-global-lib/2.21/workflow-cps-global-lib-2.21.hpi (1.3 MB at 1.8 MB/s)
[INFO] Downloading from repo.jenkins-ci.org: https://repo.jenkins-ci.org/public/org/jenkins-ci/plugins/workflow/workflow-cps/2.94/workflow-cps-2.94.hpi
[INFO] Downloaded from repo.jenkins-ci.org: https://repo.jenkins-ci.org/public/org/jenkins-ci/plugins/workflow/workflow-cps/2.94/workflow-cps-2.94.hpi (634 kB at 1.1 MB/s)
[INFO] Downloading from repo.jenkins-ci.org: https://repo.jenkins-ci.org/public/org/jenkins-ci/plugins/workflow/workflow-durable-task-step/2.40/workflow-durable-task-step-2.40.hpi
[INFO] Downloaded from repo.jenkins-ci.org: https://repo.jenkins-ci.org/public/org/jenkins-ci/plugins/workflow/workflow-durable-task-step/2.40/workflow-durable-task-step-2.40.hpi (99 kB at 393 kB/s)
[INFO] Downloading from repo.jenkins-ci.org: https://repo.jenkins-ci.org/public/org/jenkins-ci/plugins/workflow/workflow-job/2.41/workflow-job-2.41.hpi
[INFO] Downloaded from repo.jenkins-ci.org: https://repo.jenkins-ci.org/public/org/jenkins-ci/plugins/workflow/workflow-job/2.41/workflow-job-2.41.hpi (137 kB at 541 kB/s)
[INFO] Downloading from repo.jenkins-ci.org: https://repo.jenkins-ci.org/public/org/jenkins-ci/plugins/workflow/workflow-multibranch/2.26/workflow-multibranch-2.26.hpi
[INFO] Downloaded from repo.jenkins-ci.org: https://repo.jenkins-ci.org/public/org/jenkins-ci/plugins/workflow/workflow-multibranch/2.26/workflow-multibranch-2.26.hpi (87 kB at 351 kB/s)
[INFO] Downloading from repo.jenkins-ci.org: https://repo.jenkins-ci.org/public/org/jenkins-ci/plugins/workflow/workflow-scm-step/2.13/workflow-scm-step-2.13.hpi
[INFO] Downloaded from repo.jenkins-ci.org: https://repo.jenkins-ci.org/public/org/jenkins-ci/plugins/workflow/workflow-scm-step/2.13/workflow-scm-step-2.13.hpi (16 kB at 66 kB/s)
[INFO] Downloading from repo.jenkins-ci.org: https://repo.jenkins-ci.org/public/org/jenkins-ci/plugins/workflow/workflow-step-api/2.24/workflow-step-api-2.24.hpi
[INFO] Downloaded from repo.jenkins-ci.org: https://repo.jenkins-ci.org/public/org/jenkins-ci/plugins/workflow/workflow-step-api/2.24/workflow-step-api-2.24.hpi (76 kB at 295 kB/s)
[INFO] Downloading from repo.jenkins-ci.org: https://repo.jenkins-ci.org/public/org/jenkins-ci/plugins/workflow/workflow-support/3.8/workflow-support-3.8.hpi
[INFO] Downloaded from repo.jenkins-ci.org: https://repo.jenkins-ci.org/public/org/jenkins-ci/plugins/workflow/workflow-support/3.8/workflow-support-3.8.hpi (384 kB at 821 kB/s)
[INFO] Downloading from repo.jenkins-ci.org: https://repo.jenkins-ci.org/public/org/jenkins-ci/plugins/ansicolor/1.0.0/ansicolor-1.0.0.hpi
[INFO] Downloaded from repo.jenkins-ci.org: https://repo.jenkins-ci.org/public/org/jenkins-ci/plugins/ansicolor/1.0.0/ansicolor-1.0.0.hpi (67 kB at 265 kB/s)
[INFO] Downloading from repo.jenkins-ci.org: https://repo.jenkins-ci.org/public/org/jenkins-ci/plugins/ant/1.2/ant-1.2.hpi
[INFO] Downloaded from repo.jenkins-ci.org: https://repo.jenkins-ci.org/public/org/jenkins-ci/plugins/ant/1.2/ant-1.2.hpi (90 kB at 360 kB/s)
[INFO] Downloading from repo.jenkins-ci.org: https://repo.jenkins-ci.org/public/org/jenkins-ci/plugins/antisamy-markup-formatter/2.5/antisamy-markup-formatter-2.5.hpi
[INFO] Downloaded from repo.jenkins-ci.org: https://repo.jenkins-ci.org/public/org/jenkins-ci/plugins/antisamy-markup-formatter/2.5/antisamy-markup-formatter-2.5.hpi (1.7 MB at 1.8 MB/s)
[INFO] Downloading from repo.jenkins-ci.org: https://repo.jenkins-ci.org/public/org/jenkins-ci/plugins/apache-httpcomponents-client-4-api/4.5.13-1.0/apache-httpcomponents-client-4-api-4.5.13-1.0.hpi
[INFO] Downloaded from repo.jenkins-ci.org: https://repo.jenkins-ci.org/public/org/jenkins-ci/plugins/apache-httpcomponents-client-4-api/4.5.13-1.0/apache-httpcomponents-client-4-api-4.5.13-1.0.hpi (1.8 MB at 1.8 MB/s)
[INFO] Downloading from repo.jenkins-ci.org: https://repo.jenkins-ci.org/public/org/jenkins-ci/plugins/branch-api/2.7.0/branch-api-2.7.0.hpi
[INFO] Downloaded from repo.jenkins-ci.org: https://repo.jenkins-ci.org/public/org/jenkins-ci/plugins/branch-api/2.7.0/branch-api-2.7.0.hpi (307 kB at 697 kB/s)
[INFO] Downloading from repo.jenkins-ci.org: https://repo.jenkins-ci.org/public/org/jenkins-ci/plugins/cloudbees-folder/6.16/cloudbees-folder-6.16.hpi
[INFO] Downloaded from repo.jenkins-ci.org: https://repo.jenkins-ci.org/public/org/jenkins-ci/plugins/cloudbees-folder/6.16/cloudbees-folder-6.16.hpi (222 kB at 473 kB/s)
[INFO] Downloading from repo.jenkins-ci.org: https://repo.jenkins-ci.org/public/org/jenkins-ci/plugins/credentials-binding/1.27/credentials-binding-1.27.hpi
[INFO] Downloaded from repo.jenkins-ci.org: https://repo.jenkins-ci.org/public/org/jenkins-ci/plugins/credentials-binding/1.27/credentials-binding-1.27.hpi (85 kB at 331 kB/s)
[INFO] Downloading from repo.jenkins-ci.org: https://repo.jenkins-ci.org/public/org/jenkins-ci/plugins/credentials/2.6.1/credentials-2.6.1.hpi
[INFO] Downloaded from repo.jenkins-ci.org: https://repo.jenkins-ci.org/public/org/jenkins-ci/plugins/credentials/2.6.1/credentials-2.6.1.hpi (964 kB at 1.5 MB/s)
[INFO] Downloading from repo.jenkins-ci.org: https://repo.jenkins-ci.org/public/org/jenkins-ci/plugins/dashboard-view/2.18/dashboard-view-2.18.hpi
[INFO] Downloaded from repo.jenkins-ci.org: https://repo.jenkins-ci.org/public/org/jenkins-ci/plugins/dashboard-view/2.18/dashboard-view-2.18.hpi (119 kB at 468 kB/s)
[INFO] Downloading from repo.jenkins-ci.org: https://repo.jenkins-ci.org/public/org/jenkins-ci/plugins/display-url-api/2.3.5/display-url-api-2.3.5.hpi
[INFO] Downloaded from repo.jenkins-ci.org: https://repo.jenkins-ci.org/public/org/jenkins-ci/plugins/display-url-api/2.3.5/display-url-api-2.3.5.hpi (29 kB at 112 kB/s)
[INFO] Downloading from repo.jenkins-ci.org: https://repo.jenkins-ci.org/public/org/jenkins-ci/plugins/durable-task/1.39/durable-task-1.39.hpi
[INFO] Downloaded from repo.jenkins-ci.org: https://repo.jenkins-ci.org/public/org/jenkins-ci/plugins/durable-task/1.39/durable-task-1.39.hpi (8.9 MB at 2.5 MB/s)
[INFO] Downloading from repo.jenkins-ci.org: https://repo.jenkins-ci.org/public/org/jenkins-ci/plugins/flexible-publish/0.15.2/flexible-publish-0.15.2.hpi
[INFO] Downloaded from repo.jenkins-ci.org: https://repo.jenkins-ci.org/public/org/jenkins-ci/plugins/flexible-publish/0.15.2/flexible-publish-0.15.2.hpi (78 kB at 306 kB/s)
[INFO] Downloading from repo.jenkins-ci.org: https://repo.jenkins-ci.org/public/org/jenkins-ci/plugins/form-element-path/1.11/form-element-path-1.11.hpi
[INFO] Downloaded from repo.jenkins-ci.org: https://repo.jenkins-ci.org/public/org/jenkins-ci/plugins/form-element-path/1.11/form-element-path-1.11.hpi (8.0 kB at 31 kB/s)
[INFO] Downloading from repo.jenkins-ci.org: https://repo.jenkins-ci.org/public/org/jenkins-ci/plugins/git-client/3.10.0/git-client-3.10.0.hpi
[INFO] Downloaded from repo.jenkins-ci.org: https://repo.jenkins-ci.org/public/org/jenkins-ci/plugins/git-client/3.10.0/git-client-3.10.0.hpi (3.4 MB at 2.2 MB/s)
[INFO] Downloading from repo.jenkins-ci.org: https://repo.jenkins-ci.org/public/org/jenkins-ci/plugins/git-server/1.10/git-server-1.10.hpi
[INFO] Downloaded from repo.jenkins-ci.org: https://repo.jenkins-ci.org/public/org/jenkins-ci/plugins/git-server/1.10/git-server-1.10.hpi (30 kB at 121 kB/s)
[INFO] Downloading from repo.jenkins-ci.org: https://repo.jenkins-ci.org/public/org/jenkins-ci/plugins/git/4.10.0/git-4.10.0.hpi
[INFO] Downloaded from repo.jenkins-ci.org: https://repo.jenkins-ci.org/public/org/jenkins-ci/plugins/git/4.10.0/git-4.10.0.hpi (582 kB at 1.0 MB/s)
[INFO] Downloading from repo.jenkins-ci.org: https://repo.jenkins-ci.org/public/org/jenkins-ci/plugins/gradle/1.24/gradle-1.24.hpi
[INFO] Downloaded from repo.jenkins-ci.org: https://repo.jenkins-ci.org/public/org/jenkins-ci/plugins/gradle/1.24/gradle-1.24.hpi (32 kB at 123 kB/s)
[INFO] Downloading from repo.jenkins-ci.org: https://repo.jenkins-ci.org/public/org/jenkins-ci/plugins/jackson2-api/2.13.0-230.v59243c64b0a5/jackson2-api-2.13.0-230.v59243c64b0a5.hpi
[INFO] Downloaded from repo.jenkins-ci.org: https://repo.jenkins-ci.org/public/org/jenkins-ci/plugins/jackson2-api/2.13.0-230.v59243c64b0a5/jackson2-api-2.13.0-230.v59243c64b0a5.hpi (4.0 MB at 2.0 MB/s)
[INFO] Downloading from repo.jenkins-ci.org: https://repo.jenkins-ci.org/public/org/jenkins-ci/plugins/javadoc/1.6/javadoc-1.6.hpi
[INFO] Downloaded from repo.jenkins-ci.org: https://repo.jenkins-ci.org/public/org/jenkins-ci/plugins/javadoc/1.6/javadoc-1.6.hpi (36 kB at 140 kB/s)
[INFO] Downloading from repo.jenkins-ci.org: https://repo.jenkins-ci.org/public/org/jenkins-ci/plugins/jdk-tool/1.5/jdk-tool-1.5.hpi
[INFO] Downloaded from repo.jenkins-ci.org: https://repo.jenkins-ci.org/public/org/jenkins-ci/plugins/jdk-tool/1.5/jdk-tool-1.5.hpi (70 kB at 277 kB/s)
[INFO] Downloading from repo.jenkins-ci.org: https://repo.jenkins-ci.org/public/org/jenkins-ci/plugins/job-dsl/1.78.3/job-dsl-1.78.3.hpi
[INFO] Downloaded from repo.jenkins-ci.org: https://repo.jenkins-ci.org/public/org/jenkins-ci/plugins/job-dsl/1.78.3/job-dsl-1.78.3.hpi (9.6 MB at 2.5 MB/s)
[INFO] Downloading from repo.jenkins-ci.org: https://repo.jenkins-ci.org/public/org/jenkins-ci/plugins/jsch/0.1.55.2/jsch-0.1.55.2.hpi
[INFO] Downloaded from repo.jenkins-ci.org: https://repo.jenkins-ci.org/public/org/jenkins-ci/plugins/jsch/0.1.55.2/jsch-0.1.55.2.hpi (280 kB at 696 kB/s)
[INFO] Downloading from repo.jenkins-ci.org: https://repo.jenkins-ci.org/public/org/jenkins-ci/plugins/junit/1.53/junit-1.53.hpi
[INFO] Downloaded from repo.jenkins-ci.org: https://repo.jenkins-ci.org/public/org/jenkins-ci/plugins/junit/1.53/junit-1.53.hpi (393 kB at 661 kB/s)
[INFO] Downloading from repo.jenkins-ci.org: https://repo.jenkins-ci.org/public/org/jenkins-ci/plugins/mailer/1.34/mailer-1.34.hpi
[INFO] Downloaded from repo.jenkins-ci.org: https://repo.jenkins-ci.org/public/org/jenkins-ci/plugins/mailer/1.34/mailer-1.34.hpi (133 kB at 363 kB/s)
[INFO] Downloading from repo.jenkins-ci.org: https://repo.jenkins-ci.org/public/org/jenkins-ci/plugins/matrix-project/1.19/matrix-project-1.19.hpi
[INFO] Downloaded from repo.jenkins-ci.org: https://repo.jenkins-ci.org/public/org/jenkins-ci/plugins/matrix-project/1.19/matrix-project-1.19.hpi (229 kB at 500 kB/s)
[INFO] Downloading from repo.jenkins-ci.org: https://repo.jenkins-ci.org/public/org/jenkins-ci/plugins/pipeline-input-step/2.12/pipeline-input-step-2.12.hpi
[INFO] Downloaded from repo.jenkins-ci.org: https://repo.jenkins-ci.org/public/org/jenkins-ci/plugins/pipeline-input-step/2.12/pipeline-input-step-2.12.hpi (33 kB at 130 kB/s)
[INFO] Downloading from repo.jenkins-ci.org: https://repo.jenkins-ci.org/public/org/jenkins-ci/plugins/pipeline-stage-step/2.5/pipeline-stage-step-2.5.hpi
[INFO] Downloaded from repo.jenkins-ci.org: https://repo.jenkins-ci.org/public/org/jenkins-ci/plugins/pipeline-stage-step/2.5/pipeline-stage-step-2.5.hpi (21 kB at 82 kB/s)
[INFO] Downloading from repo.jenkins-ci.org: https://repo.jenkins-ci.org/public/org/jenkins-ci/plugins/pitmutation/1.0-18/pitmutation-1.0-18.hpi
[INFO] Downloaded from repo.jenkins-ci.org: https://repo.jenkins-ci.org/public/org/jenkins-ci/plugins/pitmutation/1.0-18/pitmutation-1.0-18.hpi (1.3 MB at 1.6 MB/s)
[INFO] Downloading from repo.jenkins-ci.org: https://repo.jenkins-ci.org/public/org/jenkins-ci/plugins/plain-credentials/1.7/plain-credentials-1.7.hpi
[INFO] Downloaded from repo.jenkins-ci.org: https://repo.jenkins-ci.org/public/org/jenkins-ci/plugins/plain-credentials/1.7/plain-credentials-1.7.hpi (18 kB at 69 kB/s)
[INFO] Downloading from repo.jenkins-ci.org: https://repo.jenkins-ci.org/public/org/jenkins-ci/plugins/run-condition/0.7/run-condition-0.7.hpi
[INFO] Downloaded from repo.jenkins-ci.org: https://repo.jenkins-ci.org/public/org/jenkins-ci/plugins/run-condition/0.7/run-condition-0.7.hpi (171 kB at 644 kB/s)
[INFO] Downloading from repo.jenkins-ci.org: https://repo.jenkins-ci.org/public/org/jenkins-ci/plugins/scm-api/2.6.5/scm-api-2.6.5.hpi
[INFO] Downloaded from repo.jenkins-ci.org: https://repo.jenkins-ci.org/public/org/jenkins-ci/plugins/scm-api/2.6.5/scm-api-2.6.5.hpi (221 kB at 507 kB/s)
[INFO] Downloading from repo.jenkins-ci.org: https://repo.jenkins-ci.org/public/org/jenkins-ci/plugins/script-security/1.78/script-security-1.78.hpi
[INFO] Downloaded from repo.jenkins-ci.org: https://repo.jenkins-ci.org/public/org/jenkins-ci/plugins/script-security/1.78/script-security-1.78.hpi (191 kB at 739 kB/s)
[INFO] Downloading from repo.jenkins-ci.org: https://repo.jenkins-ci.org/public/org/jenkins-ci/plugins/ssh-credentials/1.19/ssh-credentials-1.19.hpi
[INFO] Downloaded from repo.jenkins-ci.org: https://repo.jenkins-ci.org/public/org/jenkins-ci/plugins/ssh-credentials/1.19/ssh-credentials-1.19.hpi (62 kB at 214 kB/s)
[INFO] Downloading from repo.jenkins-ci.org: https://repo.jenkins-ci.org/public/org/jenkins-ci/plugins/ssh-slaves/1.33.0/ssh-slaves-1.33.0.hpi
[INFO] Downloaded from repo.jenkins-ci.org: https://repo.jenkins-ci.org/public/org/jenkins-ci/plugins/ssh-slaves/1.33.0/ssh-slaves-1.33.0.hpi (100 kB at 388 kB/s)
[INFO] Downloading from repo.jenkins-ci.org: https://repo.jenkins-ci.org/public/org/jenkins-ci/plugins/structs/1.23/structs-1.23.hpi
[INFO] Downloaded from repo.jenkins-ci.org: https://repo.jenkins-ci.org/public/org/jenkins-ci/plugins/structs/1.23/structs-1.23.hpi (44 kB at 176 kB/s)
[INFO] Downloading from repo.jenkins-ci.org: https://repo.jenkins-ci.org/public/org/jenkins-ci/plugins/timestamper/1.13/timestamper-1.13.hpi
[INFO] Downloaded from repo.jenkins-ci.org: https://repo.jenkins-ci.org/public/org/jenkins-ci/plugins/timestamper/1.13/timestamper-1.13.hpi (840 kB at 1.2 MB/s)
[INFO] Downloading from repo.jenkins-ci.org: https://repo.jenkins-ci.org/public/org/jenkins-ci/plugins/token-macro/267.vcdaea6462991/token-macro-267.vcdaea6462991.hpi
[INFO] Downloaded from repo.jenkins-ci.org: https://repo.jenkins-ci.org/public/org/jenkins-ci/plugins/token-macro/267.vcdaea6462991/token-macro-267.vcdaea6462991.hpi (712 kB at 1.0 MB/s)
[INFO] Downloading from repo.jenkins-ci.org: https://repo.jenkins-ci.org/public/org/jenkins-ci/plugins/trilead-api/1.0.13/trilead-api-1.0.13.hpi
[INFO] Downloaded from repo.jenkins-ci.org: https://repo.jenkins-ci.org/public/org/jenkins-ci/plugins/trilead-api/1.0.13/trilead-api-1.0.13.hpi (3.2 MB at 2.2 MB/s)
[INFO] Downloading from repo.jenkins-ci.org: https://repo.jenkins-ci.org/public/org/jenkins-ci/ui/ace-editor/1.1/ace-editor-1.1.hpi
[INFO] Downloaded from repo.jenkins-ci.org: https://repo.jenkins-ci.org/public/org/jenkins-ci/ui/ace-editor/1.1/ace-editor-1.1.hpi (4.3 MB at 2.3 MB/s)
[INFO] Downloading from repo.jenkins-ci.org: https://repo.jenkins-ci.org/public/org/jenkinsci/plugins/pipeline-model-api/1.9.2/pipeline-model-api-1.9.2.hpi
[INFO] Downloaded from repo.jenkins-ci.org: https://repo.jenkins-ci.org/public/org/jenkinsci/plugins/pipeline-model-api/1.9.2/pipeline-model-api-1.9.2.hpi (2.4 MB at 1.5 MB/s)
[INFO] Downloading from repo.jenkins-ci.org: https://repo.jenkins-ci.org/public/org/jenkinsci/plugins/pipeline-model-definition/1.9.2/pipeline-model-definition-1.9.2.hpi
[INFO] Downloaded from repo.jenkins-ci.org: https://repo.jenkins-ci.org/public/org/jenkinsci/plugins/pipeline-model-definition/1.9.2/pipeline-model-definition-1.9.2.hpi (982 kB at 1.4 MB/s)
[INFO] Downloading from repo.jenkins-ci.org: https://repo.jenkins-ci.org/public/org/jenkinsci/plugins/pipeline-model-extensions/1.9.2/pipeline-model-extensions-1.9.2.hpi
[INFO] Downloaded from repo.jenkins-ci.org: https://repo.jenkins-ci.org/public/org/jenkinsci/plugins/pipeline-model-extensions/1.9.2/pipeline-model-extensions-1.9.2.hpi (44 kB at 91 kB/s)
[INFO] Downloading from repo.jenkins-ci.org: https://repo.jenkins-ci.org/public/org/jenkinsci/plugins/pipeline-stage-tags-metadata/1.9.2/pipeline-stage-tags-metadata-1.9.2.hpi
[INFO] Downloaded from repo.jenkins-ci.org: https://repo.jenkins-ci.org/public/org/jenkinsci/plugins/pipeline-stage-tags-metadata/1.9.2/pipeline-stage-tags-metadata-1.9.2.hpi (11 kB at 43 kB/s)
[INFO] 
[INFO] --- gmavenplus-plugin:1.13.0:compileTests (test-in-groovy) @ warnings-ng ---
[INFO] No sources specified for compilation. Skipping.
[INFO] 
[INFO] --- jacoco-maven-plugin:0.8.7:prepare-agent (default) @ warnings-ng ---
[INFO] argLine set to -javaagent:/home/gabsko/.m2/repository/org/jacoco/org.jacoco.agent/0.8.7/org.jacoco.agent-0.8.7-runtime.jar=destfile=/home/gabsko/breaking-updates/plugin/target/jacoco.exec,includes=io/jenkins/plugins/**/*,excludes=**/JenkinsFacade.*:**/*BlameRunner.*:**/*Summary.class:**/NullAnalysisHistory.* -Djava.awt.headless=true -Xmx1024m -Djenkins.test.timeout=1000
[INFO] 
[INFO] --- maven-surefire-plugin:3.0.0-M4:test (default-test) @ warnings-ng ---
[INFO] Downloading from repo.jenkins-ci.org: https://repo.jenkins-ci.org/public/org/apache/maven/surefire/maven-surefire-common/3.0.0-M4/maven-surefire-common-3.0.0-M4.pom
[INFO] Downloaded from repo.jenkins-ci.org: https://repo.jenkins-ci.org/public/org/apache/maven/surefire/maven-surefire-common/3.0.0-M4/maven-surefire-common-3.0.0-M4.pom (13 kB at 51 kB/s)
[INFO] Downloading from repo.jenkins-ci.org: https://repo.jenkins-ci.org/public/org/apache/maven/surefire/surefire-api/3.0.0-M4/surefire-api-3.0.0-M4.pom
[INFO] Downloaded from repo.jenkins-ci.org: https://repo.jenkins-ci.org/public/org/apache/maven/surefire/surefire-api/3.0.0-M4/surefire-api-3.0.0-M4.pom (5.1 kB at 20 kB/s)
[INFO] Downloading from repo.jenkins-ci.org: https://repo.jenkins-ci.org/public/org/apache/maven/surefire/surefire-logger-api/3.0.0-M4/surefire-logger-api-3.0.0-M4.pom
[INFO] Downloaded from repo.jenkins-ci.org: https://repo.jenkins-ci.org/public/org/apache/maven/surefire/surefire-logger-api/3.0.0-M4/surefire-logger-api-3.0.0-M4.pom (3.6 kB at 14 kB/s)
[INFO] Downloading from repo.jenkins-ci.org: https://repo.jenkins-ci.org/public/org/apache/maven/surefire/surefire-extensions-api/3.0.0-M4/surefire-extensions-api-3.0.0-M4.pom
[INFO] Downloaded from repo.jenkins-ci.org: https://repo.jenkins-ci.org/public/org/apache/maven/surefire/surefire-extensions-api/3.0.0-M4/surefire-extensions-api-3.0.0-M4.pom (3.8 kB at 15 kB/s)
[INFO] Downloading from repo.jenkins-ci.org: https://repo.jenkins-ci.org/public/org/apache/maven/surefire/surefire-booter/3.0.0-M4/surefire-booter-3.0.0-M4.pom
[INFO] Downloaded from repo.jenkins-ci.org: https://repo.jenkins-ci.org/public/org/apache/maven/surefire/surefire-booter/3.0.0-M4/surefire-booter-3.0.0-M4.pom (8.0 kB at 32 kB/s)
[INFO] Downloading from repo.jenkins-ci.org: https://repo.jenkins-ci.org/public/org/apache/maven/maven-toolchain/3.0-alpha-2/maven-toolchain-3.0-alpha-2.pom
[INFO] Downloaded from repo.jenkins-ci.org: https://repo.jenkins-ci.org/public/org/apache/maven/maven-toolchain/3.0-alpha-2/maven-toolchain-3.0-alpha-2.pom (2.2 kB at 8.7 kB/s)
[INFO] Downloading from repo.jenkins-ci.org: https://repo.jenkins-ci.org/public/org/apache/maven/maven/3.0-alpha-2/maven-3.0-alpha-2.pom
[INFO] Downloaded from repo.jenkins-ci.org: https://repo.jenkins-ci.org/public/org/apache/maven/maven/3.0-alpha-2/maven-3.0-alpha-2.pom (21 kB at 85 kB/s)
[INFO] Downloading from repo.jenkins-ci.org: https://repo.jenkins-ci.org/public/org/codehaus/plexus/plexus-java/1.0.3/plexus-java-1.0.3.pom
[INFO] Downloaded from repo.jenkins-ci.org: https://repo.jenkins-ci.org/public/org/codehaus/plexus/plexus-java/1.0.3/plexus-java-1.0.3.pom (4.8 kB at 18 kB/s)
[INFO] Downloading from repo.jenkins-ci.org: https://repo.jenkins-ci.org/public/org/codehaus/plexus/plexus-languages/1.0.3/plexus-languages-1.0.3.pom
[INFO] Downloaded from repo.jenkins-ci.org: https://repo.jenkins-ci.org/public/org/codehaus/plexus/plexus-languages/1.0.3/plexus-languages-1.0.3.pom (4.2 kB at 17 kB/s)
[INFO] Downloading from repo.jenkins-ci.org: https://repo.jenkins-ci.org/public/org/ow2/asm/asm/7.0/asm-7.0.pom
[INFO] Downloaded from repo.jenkins-ci.org: https://repo.jenkins-ci.org/public/org/ow2/asm/asm/7.0/asm-7.0.pom (2.9 kB at 12 kB/s)
[INFO] Downloading from repo.jenkins-ci.org: https://repo.jenkins-ci.org/public/org/junit/platform/junit-platform-engine/1.7.2/junit-platform-engine-1.7.2.jar
[INFO] Downloading from repo.jenkins-ci.org: https://repo.jenkins-ci.org/public/org/apache/maven/surefire/maven-surefire-common/3.0.0-M4/maven-surefire-common-3.0.0-M4.jar
[INFO] Downloading from repo.jenkins-ci.org: https://repo.jenkins-ci.org/public/org/apache/maven/surefire/surefire-api/3.0.0-M4/surefire-api-3.0.0-M4.jar
[INFO] Downloading from repo.jenkins-ci.org: https://repo.jenkins-ci.org/public/org/apache/maven/surefire/surefire-logger-api/3.0.0-M4/surefire-logger-api-3.0.0-M4.jar
[INFO] Downloading from repo.jenkins-ci.org: https://repo.jenkins-ci.org/public/org/apache/maven/surefire/surefire-extensions-api/3.0.0-M4/surefire-extensions-api-3.0.0-M4.jar
[INFO] Downloaded from repo.jenkins-ci.org: https://repo.jenkins-ci.org/public/org/junit/platform/junit-platform-engine/1.7.2/junit-platform-engine-1.7.2.jar (181 kB at 380 kB/s)
[INFO] Downloading from repo.jenkins-ci.org: https://repo.jenkins-ci.org/public/org/apache/maven/surefire/surefire-booter/3.0.0-M4/surefire-booter-3.0.0-M4.jar
[INFO] Downloaded from repo.jenkins-ci.org: https://repo.jenkins-ci.org/public/org/apache/maven/surefire/surefire-extensions-api/3.0.0-M4/surefire-extensions-api-3.0.0-M4.jar (14 kB at 19 kB/s)
[INFO] Downloading from repo.jenkins-ci.org: https://repo.jenkins-ci.org/public/org/apache/maven/maven-toolchain/3.0-alpha-2/maven-toolchain-3.0-alpha-2.jar
[INFO] Downloaded from repo.jenkins-ci.org: https://repo.jenkins-ci.org/public/org/apache/maven/surefire/surefire-logger-api/3.0.0-M4/surefire-logger-api-3.0.0-M4.jar (14 kB at 19 kB/s)
[INFO] Downloading from repo.jenkins-ci.org: https://repo.jenkins-ci.org/public/org/codehaus/plexus/plexus-java/1.0.3/plexus-java-1.0.3.jar
[INFO] Downloaded from repo.jenkins-ci.org: https://repo.jenkins-ci.org/public/org/apache/maven/surefire/surefire-api/3.0.0-M4/surefire-api-3.0.0-M4.jar (343 kB at 410 kB/s)
[INFO] Downloading from repo.jenkins-ci.org: https://repo.jenkins-ci.org/public/org/ow2/asm/asm/7.0/asm-7.0.jar
[INFO] Downloaded from repo.jenkins-ci.org: https://repo.jenkins-ci.org/public/org/ow2/asm/asm/7.0/asm-7.0.jar (114 kB at 105 kB/s)
[INFO] Downloaded from repo.jenkins-ci.org: https://repo.jenkins-ci.org/public/org/apache/maven/maven-toolchain/3.0-alpha-2/maven-toolchain-3.0-alpha-2.jar (36 kB at 33 kB/s)
[INFO] Downloaded from repo.jenkins-ci.org: https://repo.jenkins-ci.org/public/org/codehaus/plexus/plexus-java/1.0.3/plexus-java-1.0.3.jar (51 kB at 46 kB/s)
[INFO] Downloaded from repo.jenkins-ci.org: https://repo.jenkins-ci.org/public/org/apache/maven/surefire/surefire-booter/3.0.0-M4/surefire-booter-3.0.0-M4.jar (317 kB at 181 kB/s)
[INFO] Downloaded from repo.jenkins-ci.org: https://repo.jenkins-ci.org/public/org/apache/maven/surefire/maven-surefire-common/3.0.0-M4/maven-surefire-common-3.0.0-M4.jar (804 kB at 441 kB/s)
[WARNING] The system property java.awt.headless is configured twice! The property appears in <argLine/> and any of <systemPropertyVariables/>, <systemProperties/> or user property.
[INFO] Downloading from repo.jenkins-ci.org: https://repo.jenkins-ci.org/public/org/apache/maven/surefire/surefire-junit-platform/3.0.0-M4/surefire-junit-platform-3.0.0-M4.jar
[INFO] Downloaded from repo.jenkins-ci.org: https://repo.jenkins-ci.org/public/org/apache/maven/surefire/surefire-junit-platform/3.0.0-M4/surefire-junit-platform-3.0.0-M4.jar (23 kB at 91 kB/s)
[INFO] Downloading from repo.jenkins-ci.org: https://repo.jenkins-ci.org/public/org/apache/maven/surefire/surefire-junit-platform/3.0.0-M4/surefire-junit-platform-3.0.0-M4.pom
[INFO] Downloaded from repo.jenkins-ci.org: https://repo.jenkins-ci.org/public/org/apache/maven/surefire/surefire-junit-platform/3.0.0-M4/surefire-junit-platform-3.0.0-M4.pom (6.7 kB at 26 kB/s)
[INFO] Downloading from repo.jenkins-ci.org: https://repo.jenkins-ci.org/public/org/apache/maven/surefire/surefire-providers/3.0.0-M4/surefire-providers-3.0.0-M4.pom
[INFO] Downloaded from repo.jenkins-ci.org: https://repo.jenkins-ci.org/public/org/apache/maven/surefire/surefire-providers/3.0.0-M4/surefire-providers-3.0.0-M4.pom (2.5 kB at 9.9 kB/s)
[INFO] Downloading from repo.jenkins-ci.org: https://repo.jenkins-ci.org/public/org/apache/maven/surefire/common-java5/3.0.0-M4/common-java5-3.0.0-M4.pom
[INFO] Downloaded from repo.jenkins-ci.org: https://repo.jenkins-ci.org/public/org/apache/maven/surefire/common-java5/3.0.0-M4/common-java5-3.0.0-M4.pom (3.8 kB at 14 kB/s)
[INFO] Downloading from repo.jenkins-ci.org: https://repo.jenkins-ci.org/public/org/junit/platform/junit-platform-launcher/1.3.2/junit-platform-launcher-1.3.2.pom
[INFO] Downloaded from repo.jenkins-ci.org: https://repo.jenkins-ci.org/public/org/junit/platform/junit-platform-launcher/1.3.2/junit-platform-launcher-1.3.2.pom (2.2 kB at 8.8 kB/s)
[INFO] Downloading from repo.jenkins-ci.org: https://repo.jenkins-ci.org/public/org/apiguardian/apiguardian-api/1.0.0/apiguardian-api-1.0.0.pom
[INFO] Downloaded from repo.jenkins-ci.org: https://repo.jenkins-ci.org/public/org/apiguardian/apiguardian-api/1.0.0/apiguardian-api-1.0.0.pom (1.2 kB at 4.6 kB/s)
[INFO] Downloading from repo.jenkins-ci.org: https://repo.jenkins-ci.org/public/org/junit/platform/junit-platform-engine/1.3.2/junit-platform-engine-1.3.2.pom
[INFO] Downloaded from repo.jenkins-ci.org: https://repo.jenkins-ci.org/public/org/junit/platform/junit-platform-engine/1.3.2/junit-platform-engine-1.3.2.pom (2.4 kB at 9.5 kB/s)
[INFO] Downloading from repo.jenkins-ci.org: https://repo.jenkins-ci.org/public/org/junit/platform/junit-platform-commons/1.3.2/junit-platform-commons-1.3.2.pom
[INFO] Downloaded from repo.jenkins-ci.org: https://repo.jenkins-ci.org/public/org/junit/platform/junit-platform-commons/1.3.2/junit-platform-commons-1.3.2.pom (2.0 kB at 8.0 kB/s)
[INFO] Downloading from repo.jenkins-ci.org: https://repo.jenkins-ci.org/public/org/opentest4j/opentest4j/1.1.1/opentest4j-1.1.1.pom
[INFO] Downloaded from repo.jenkins-ci.org: https://repo.jenkins-ci.org/public/org/opentest4j/opentest4j/1.1.1/opentest4j-1.1.1.pom (1.7 kB at 6.7 kB/s)
[INFO] Downloading from repo.jenkins-ci.org: https://repo.jenkins-ci.org/public/org/junit/jupiter/junit-jupiter-engine/5.3.2/junit-jupiter-engine-5.3.2.pom
[INFO] Downloaded from repo.jenkins-ci.org: https://repo.jenkins-ci.org/public/org/junit/jupiter/junit-jupiter-engine/5.3.2/junit-jupiter-engine-5.3.2.pom (2.4 kB at 9.1 kB/s)
[INFO] Downloading from repo.jenkins-ci.org: https://repo.jenkins-ci.org/public/org/junit/jupiter/junit-jupiter-api/5.3.2/junit-jupiter-api-5.3.2.pom
[INFO] Downloaded from repo.jenkins-ci.org: https://repo.jenkins-ci.org/public/org/junit/jupiter/junit-jupiter-api/5.3.2/junit-jupiter-api-5.3.2.pom (2.4 kB at 9.4 kB/s)
[INFO] Downloading from repo.jenkins-ci.org: https://repo.jenkins-ci.org/public/org/junit/jupiter/junit-jupiter-params/5.3.2/junit-jupiter-params-5.3.2.pom
[INFO] Downloaded from repo.jenkins-ci.org: https://repo.jenkins-ci.org/public/org/junit/jupiter/junit-jupiter-params/5.3.2/junit-jupiter-params-5.3.2.pom (2.2 kB at 8.7 kB/s)
[INFO] Downloading from repo.jenkins-ci.org: https://repo.jenkins-ci.org/public/org/mockito/mockito-core/2.27.0/mockito-core-2.27.0.pom
[INFO] Downloaded from repo.jenkins-ci.org: https://repo.jenkins-ci.org/public/org/mockito/mockito-core/2.27.0/mockito-core-2.27.0.pom (19 kB at 69 kB/s)
[INFO] Downloading from repo.jenkins-ci.org: https://repo.jenkins-ci.org/public/net/bytebuddy/byte-buddy/1.9.10/byte-buddy-1.9.10.pom
[INFO] Downloaded from repo.jenkins-ci.org: https://repo.jenkins-ci.org/public/net/bytebuddy/byte-buddy/1.9.10/byte-buddy-1.9.10.pom (10 kB at 42 kB/s)
[INFO] Downloading from repo.jenkins-ci.org: https://repo.jenkins-ci.org/public/net/bytebuddy/byte-buddy-parent/1.9.10/byte-buddy-parent-1.9.10.pom
[INFO] Downloaded from repo.jenkins-ci.org: https://repo.jenkins-ci.org/public/net/bytebuddy/byte-buddy-parent/1.9.10/byte-buddy-parent-1.9.10.pom (36 kB at 144 kB/s)
[INFO] Downloading from repo.jenkins-ci.org: https://repo.jenkins-ci.org/public/net/bytebuddy/byte-buddy-agent/1.9.10/byte-buddy-agent-1.9.10.pom
[INFO] Downloaded from repo.jenkins-ci.org: https://repo.jenkins-ci.org/public/net/bytebuddy/byte-buddy-agent/1.9.10/byte-buddy-agent-1.9.10.pom (6.0 kB at 25 kB/s)
[INFO] Downloading from repo.jenkins-ci.org: https://repo.jenkins-ci.org/public/org/powermock/powermock-reflect/2.0.4/powermock-reflect-2.0.4.pom
[INFO] Downloaded from repo.jenkins-ci.org: https://repo.jenkins-ci.org/public/org/powermock/powermock-reflect/2.0.4/powermock-reflect-2.0.4.pom (7.2 kB at 28 kB/s)
[INFO] Downloading from repo.jenkins-ci.org: https://repo.jenkins-ci.org/public/org/objenesis/objenesis/3.0.1/objenesis-3.0.1.pom
[INFO] Downloaded from repo.jenkins-ci.org: https://repo.jenkins-ci.org/public/org/objenesis/objenesis/3.0.1/objenesis-3.0.1.pom (3.5 kB at 14 kB/s)
[INFO] Downloading from repo.jenkins-ci.org: https://repo.jenkins-ci.org/public/org/objenesis/objenesis-parent/3.0.1/objenesis-parent-3.0.1.pom
[INFO] Downloaded from repo.jenkins-ci.org: https://repo.jenkins-ci.org/public/org/objenesis/objenesis-parent/3.0.1/objenesis-parent-3.0.1.pom (17 kB at 70 kB/s)
[INFO] Downloading from repo.jenkins-ci.org: https://repo.jenkins-ci.org/public/org/assertj/assertj-core/3.9.1/assertj-core-3.9.1.pom
[INFO] Downloaded from repo.jenkins-ci.org: https://repo.jenkins-ci.org/public/org/assertj/assertj-core/3.9.1/assertj-core-3.9.1.pom (10 kB at 40 kB/s)
[INFO] Downloading from repo.jenkins-ci.org: https://repo.jenkins-ci.org/public/org/assertj/assertj-parent-pom/2.1.9/assertj-parent-pom-2.1.9.pom
[INFO] Downloaded from repo.jenkins-ci.org: https://repo.jenkins-ci.org/public/org/assertj/assertj-parent-pom/2.1.9/assertj-parent-pom-2.1.9.pom (15 kB at 62 kB/s)
[INFO] Downloading from repo.jenkins-ci.org: https://repo.jenkins-ci.org/public/org/easytesting/fest-assert/1.4/fest-assert-1.4.pom
[INFO] Downloaded from repo.jenkins-ci.org: https://repo.jenkins-ci.org/public/org/easytesting/fest-assert/1.4/fest-assert-1.4.pom (2.4 kB at 9.6 kB/s)
[INFO] Downloading from repo.jenkins-ci.org: https://repo.jenkins-ci.org/public/org/easytesting/fest/1.0.8/fest-1.0.8.pom
[INFO] Downloaded from repo.jenkins-ci.org: https://repo.jenkins-ci.org/public/org/easytesting/fest/1.0.8/fest-1.0.8.pom (12 kB at 49 kB/s)
[INFO] Downloading from repo.jenkins-ci.org: https://repo.jenkins-ci.org/public/org/easytesting/fest-util/1.1.6/fest-util-1.1.6.pom
[INFO] Downloaded from repo.jenkins-ci.org: https://repo.jenkins-ci.org/public/org/easytesting/fest-util/1.1.6/fest-util-1.1.6.pom (1.6 kB at 6.0 kB/s)
[INFO] Downloading from repo.jenkins-ci.org: https://repo.jenkins-ci.org/public/org/apache/maven/surefire/common-java5/3.0.0-M4/common-java5-3.0.0-M4.jar
[INFO] Downloading from repo.jenkins-ci.org: https://repo.jenkins-ci.org/public/org/junit/platform/junit-platform-launcher/1.3.2/junit-platform-launcher-1.3.2.jar
[INFO] Downloading from repo.jenkins-ci.org: https://repo.jenkins-ci.org/public/org/apiguardian/apiguardian-api/1.0.0/apiguardian-api-1.0.0.jar
[INFO] Downloading from repo.jenkins-ci.org: https://repo.jenkins-ci.org/public/org/junit/platform/junit-platform-engine/1.3.2/junit-platform-engine-1.3.2.jar
[INFO] Downloading from repo.jenkins-ci.org: https://repo.jenkins-ci.org/public/org/junit/platform/junit-platform-commons/1.3.2/junit-platform-commons-1.3.2.jar
[INFO] Downloaded from repo.jenkins-ci.org: https://repo.jenkins-ci.org/public/org/apache/maven/surefire/common-java5/3.0.0-M4/common-java5-3.0.0-M4.jar (33 kB at 133 kB/s)
[INFO] Downloading from repo.jenkins-ci.org: https://repo.jenkins-ci.org/public/org/opentest4j/opentest4j/1.1.1/opentest4j-1.1.1.jar
[INFO] Downloaded from repo.jenkins-ci.org: https://repo.jenkins-ci.org/public/org/apiguardian/apiguardian-api/1.0.0/apiguardian-api-1.0.0.jar (2.2 kB at 8.4 kB/s)
[INFO] Downloaded from repo.jenkins-ci.org: https://repo.jenkins-ci.org/public/org/junit/platform/junit-platform-engine/1.3.2/junit-platform-engine-1.3.2.jar (138 kB at 535 kB/s)
[INFO] Downloaded from repo.jenkins-ci.org: https://repo.jenkins-ci.org/public/org/junit/platform/junit-platform-launcher/1.3.2/junit-platform-launcher-1.3.2.jar (95 kB at 252 kB/s)
[INFO] Downloaded from repo.jenkins-ci.org: https://repo.jenkins-ci.org/public/org/opentest4j/opentest4j/1.1.1/opentest4j-1.1.1.jar (7.1 kB at 28 kB/s)
[INFO] Downloaded from repo.jenkins-ci.org: https://repo.jenkins-ci.org/public/org/junit/platform/junit-platform-commons/1.3.2/junit-platform-commons-1.3.2.jar (78 kB at 159 kB/s)
[INFO] 
[INFO] -------------------------------------------------------
[INFO]  T E S T S
[INFO] -------------------------------------------------------
[INFO] Running io.jenkins.plugins.analysis.core.charts.CompositeBuildResultTest
[INFO] Tests run: 6, Failures: 0, Errors: 0, Skipped: 0, Time elapsed: 1.529 s - in io.jenkins.plugins.analysis.core.charts.CompositeBuildResultTest
[INFO] Running io.jenkins.plugins.analysis.core.charts.HealthSeriesBuilderTest
[INFO] Tests run: 8, Failures: 0, Errors: 0, Skipped: 0, Time elapsed: 1.591 s - in io.jenkins.plugins.analysis.core.charts.HealthSeriesBuilderTest
[INFO] Running io.jenkins.plugins.analysis.core.charts.HealthTrendChartTest
[INFO] Tests run: 2, Failures: 0, Errors: 0, Skipped: 0, Time elapsed: 1.643 s - in io.jenkins.plugins.analysis.core.charts.HealthTrendChartTest
[INFO] Running io.jenkins.plugins.analysis.core.charts.NewVersusFixedPieChartTest
[INFO] Tests run: 1, Failures: 0, Errors: 0, Skipped: 0, Time elapsed: 1.336 s - in io.jenkins.plugins.analysis.core.charts.NewVersusFixedPieChartTest
[INFO] Running io.jenkins.plugins.analysis.core.charts.NewVersusFixedSeriesBuilderTest
[INFO] Tests run: 1, Failures: 0, Errors: 0, Skipped: 0, Time elapsed: 1.273 s - in io.jenkins.plugins.analysis.core.charts.NewVersusFixedSeriesBuilderTest
[INFO] Running io.jenkins.plugins.analysis.core.charts.NewVersusFixedTrendChartTest
[INFO] Tests run: 1, Failures: 0, Errors: 0, Skipped: 0, Time elapsed: 1.873 s - in io.jenkins.plugins.analysis.core.charts.NewVersusFixedTrendChartTest
[INFO] Running io.jenkins.plugins.analysis.core.charts.SeverityPieChartTest
[INFO] Tests run: 3, Failures: 0, Errors: 0, Skipped: 0, Time elapsed: 1.474 s - in io.jenkins.plugins.analysis.core.charts.SeverityPieChartTest
[INFO] Running io.jenkins.plugins.analysis.core.charts.SeveritySeriesBuilderTest
[INFO] Tests run: 3, Failures: 0, Errors: 0, Skipped: 0, Time elapsed: 1.578 s - in io.jenkins.plugins.analysis.core.charts.SeveritySeriesBuilderTest
[INFO] Running io.jenkins.plugins.analysis.core.charts.SeverityTrendChartTest
[INFO] Tests run: 5, Failures: 0, Errors: 0, Skipped: 0, Time elapsed: 1.707 s - in io.jenkins.plugins.analysis.core.charts.SeverityTrendChartTest
[INFO] Running io.jenkins.plugins.analysis.core.charts.ToolsTrendChartTest
[INFO] Tests run: 2, Failures: 0, Errors: 0, Skipped: 0, Time elapsed: 1.732 s - in io.jenkins.plugins.analysis.core.charts.ToolsTrendChartTest
[INFO] Running io.jenkins.plugins.analysis.core.columns.IssuesTotalColumnTest
[INFO] Tests run: 11, Failures: 0, Errors: 0, Skipped: 0, Time elapsed: 2.787 s - in io.jenkins.plugins.analysis.core.columns.IssuesTotalColumnTest
[INFO] Running io.jenkins.plugins.analysis.core.filter.RegexpFilterTest
[INFO] Tests run: 14, Failures: 0, Errors: 0, Skipped: 0, Time elapsed: 1.452 s - in io.jenkins.plugins.analysis.core.filter.RegexpFilterTest
[INFO] Running io.jenkins.plugins.analysis.core.model.AggregationActionTest
[INFO] Tests run: 4, Failures: 0, Errors: 0, Skipped: 0, Time elapsed: 2.354 s - in io.jenkins.plugins.analysis.core.model.AggregationActionTest
[INFO] Running io.jenkins.plugins.analysis.core.model.AnalysisHistoryTest
[INFO] Tests run: 35, Failures: 0, Errors: 0, Skipped: 0, Time elapsed: 2.481 s - in io.jenkins.plugins.analysis.core.model.AnalysisHistoryTest
[INFO] Running io.jenkins.plugins.analysis.core.model.AnalysisResultTest
[INFO] Tests run: 2, Failures: 0, Errors: 0, Skipped: 0, Time elapsed: 2.179 s - in io.jenkins.plugins.analysis.core.model.AnalysisResultTest
[INFO] Running io.jenkins.plugins.analysis.core.model.BlamesModelTest
[INFO] Tests run: 3, Failures: 0, Errors: 0, Skipped: 0, Time elapsed: 2.506 s - in io.jenkins.plugins.analysis.core.model.BlamesModelTest
[INFO] Running io.jenkins.plugins.analysis.core.model.ByIdResultSelectorTest
[INFO] Tests run: 6, Failures: 0, Errors: 0, Skipped: 0, Time elapsed: 2.112 s - in io.jenkins.plugins.analysis.core.model.ByIdResultSelectorTest
[INFO] Running io.jenkins.plugins.analysis.core.model.ConsoleDetailTest
[INFO] Tests run: 5, Failures: 0, Errors: 0, Skipped: 0, Time elapsed: 1.833 s - in io.jenkins.plugins.analysis.core.model.ConsoleDetailTest
[INFO] Running io.jenkins.plugins.analysis.core.model.DeltaReportTest
[INFO] Tests run: 3, Failures: 0, Errors: 0, Skipped: 0, Time elapsed: 2.05 s - in io.jenkins.plugins.analysis.core.model.DeltaReportTest
[INFO] Running io.jenkins.plugins.analysis.core.model.DetailFactoryTest
[INFO] Tests run: 16, Failures: 0, Errors: 0, Skipped: 0, Time elapsed: 2.998 s - in io.jenkins.plugins.analysis.core.model.DetailFactoryTest
[INFO] Running io.jenkins.plugins.analysis.core.model.DetailsTableModelTest
[INFO] Tests run: 2, Failures: 0, Errors: 0, Skipped: 0, Time elapsed: 2.173 s - in io.jenkins.plugins.analysis.core.model.DetailsTableModelTest
[INFO] Running io.jenkins.plugins.analysis.core.model.FileNameRendererTest
[INFO] Tests run: 4, Failures: 0, Errors: 0, Skipped: 0, Time elapsed: 1.996 s - in io.jenkins.plugins.analysis.core.model.FileNameRendererTest
[INFO] Running io.jenkins.plugins.analysis.core.model.FixedWarningsDetailTest
[INFO] Tests run: 1, Failures: 0, Errors: 0, Skipped: 0, Time elapsed: 2.411 s - in io.jenkins.plugins.analysis.core.model.FixedWarningsDetailTest
[INFO] Running io.jenkins.plugins.analysis.core.model.ForensicsModelTest
[INFO] Tests run: 3, Failures: 0, Errors: 0, Skipped: 0, Time elapsed: 2.609 s - in io.jenkins.plugins.analysis.core.model.ForensicsModelTest
[INFO] Running io.jenkins.plugins.analysis.core.model.HealthDescriptorTest
[INFO] Tests run: 1, Failures: 0, Errors: 0, Skipped: 0, Time elapsed: 0.094 s - in io.jenkins.plugins.analysis.core.model.HealthDescriptorTest
[INFO] Running io.jenkins.plugins.analysis.core.model.HealthReportBuilderTest
[INFO] Tests run: 10, Failures: 0, Errors: 0, Skipped: 0, Time elapsed: 1.645 s - in io.jenkins.plugins.analysis.core.model.HealthReportBuilderTest
[INFO] Running io.jenkins.plugins.analysis.core.model.IconLabelProviderTest
[INFO] Tests run: 2, Failures: 0, Errors: 0, Skipped: 0, Time elapsed: 0.132 s - in io.jenkins.plugins.analysis.core.model.IconLabelProviderTest
[INFO] Running io.jenkins.plugins.analysis.core.model.InfoErrorDetailTest
[INFO] Tests run: 1, Failures: 0, Errors: 0, Skipped: 0, Time elapsed: 1.988 s - in io.jenkins.plugins.analysis.core.model.InfoErrorDetailTest
[INFO] Running io.jenkins.plugins.analysis.core.model.IssuesModelTest
[INFO] Tests run: 2, Failures: 0, Errors: 0, Skipped: 0, Time elapsed: 2.676 s - in io.jenkins.plugins.analysis.core.model.IssuesModelTest
[INFO] Running io.jenkins.plugins.analysis.core.model.JobActionTest
[INFO] Tests run: 3, Failures: 0, Errors: 0, Skipped: 0, Time elapsed: 2.866 s - in io.jenkins.plugins.analysis.core.model.JobActionTest
[INFO] Running io.jenkins.plugins.analysis.core.model.PropertyStatisticsTest
[INFO] Tests run: 34, Failures: 0, Errors: 0, Skipped: 0, Time elapsed: 0.196 s - in io.jenkins.plugins.analysis.core.model.PropertyStatisticsTest
[INFO] Running io.jenkins.plugins.analysis.core.model.ReportLocationsTest
[INFO] Tests run: 4, Failures: 0, Errors: 0, Skipped: 0, Time elapsed: 0.106 s - in io.jenkins.plugins.analysis.core.model.ReportLocationsTest
[INFO] Running io.jenkins.plugins.analysis.core.model.ReportXmlStreamTest
[INFO] Tests run: 3, Failures: 0, Errors: 0, Skipped: 0, Time elapsed: 1.346 s - in io.jenkins.plugins.analysis.core.model.ReportXmlStreamTest
[INFO] Running io.jenkins.plugins.analysis.core.model.ResetQualityGateCommandTest
[INFO] Tests run: 7, Failures: 0, Errors: 0, Skipped: 0, Time elapsed: 2.325 s - in io.jenkins.plugins.analysis.core.model.ResetQualityGateCommandTest
[INFO] Running io.jenkins.plugins.analysis.core.model.ResultActionTest
[INFO] Tests run: 1, Failures: 0, Errors: 0, Skipped: 0, Time elapsed: 2.068 s - in io.jenkins.plugins.analysis.core.model.ResultActionTest
[INFO] Running io.jenkins.plugins.analysis.core.model.SourcePrinterTest
[INFO] Running io.jenkins.plugins.analysis.core.model.SourcePrinterTest$ColumnMarkerTest
[INFO] Tests run: 23, Failures: 0, Errors: 0, Skipped: 0, Time elapsed: 0.018 s - in io.jenkins.plugins.analysis.core.model.SourcePrinterTest$ColumnMarkerTest
[INFO] Tests run: 0, Failures: 0, Errors: 0, Skipped: 0, Time elapsed: 1.426 s - in io.jenkins.plugins.analysis.core.model.SourcePrinterTest
[INFO] Running io.jenkins.plugins.analysis.core.model.SourcePrinterTest
[INFO] Running io.jenkins.plugins.analysis.core.model.SourcePrinterTest$ColumnMarkerTest
[INFO] Tests run: 14, Failures: 0, Errors: 0, Skipped: 0, Time elapsed: 0.091 s - in io.jenkins.plugins.analysis.core.model.SourcePrinterTest$ColumnMarkerTest
[INFO] Tests run: 0, Failures: 0, Errors: 0, Skipped: 0, Time elapsed: 0.101 s - in io.jenkins.plugins.analysis.core.model.SourcePrinterTest
[INFO] Running io.jenkins.plugins.analysis.core.model.StaticAnalysisLabelProviderTest
[INFO] Running io.jenkins.plugins.analysis.core.model.StaticAnalysisLabelProviderTest$CompositeLocalizableTest
[INFO] Tests run: 6, Failures: 0, Errors: 0, Skipped: 0, Time elapsed: 0.003 s - in io.jenkins.plugins.analysis.core.model.StaticAnalysisLabelProviderTest$CompositeLocalizableTest
[INFO] Running io.jenkins.plugins.analysis.core.model.StaticAnalysisLabelProviderTest$AgeBuilderTest
[INFO] Tests run: 3, Failures: 0, Errors: 0, Skipped: 0, Time elapsed: 0.01 s - in io.jenkins.plugins.analysis.core.model.StaticAnalysisLabelProviderTest$AgeBuilderTest
[INFO] Tests run: 0, Failures: 0, Errors: 0, Skipped: 0, Time elapsed: 0.16 s - in io.jenkins.plugins.analysis.core.model.StaticAnalysisLabelProviderTest
[INFO] Running io.jenkins.plugins.analysis.core.model.StaticAnalysisLabelProviderTest
[INFO] Running io.jenkins.plugins.analysis.core.model.StaticAnalysisLabelProviderTest$AgeBuilderTest
[INFO] Tests run: 3, Failures: 0, Errors: 0, Skipped: 0, Time elapsed: 0.112 s - in io.jenkins.plugins.analysis.core.model.StaticAnalysisLabelProviderTest$AgeBuilderTest
[INFO] Tests run: 0, Failures: 0, Errors: 0, Skipped: 0, Time elapsed: 0.128 s - in io.jenkins.plugins.analysis.core.model.StaticAnalysisLabelProviderTest
[INFO] Running io.jenkins.plugins.analysis.core.model.StaticAnalysisLabelProviderTest
[INFO] Running io.jenkins.plugins.analysis.core.model.StaticAnalysisLabelProviderTest$CompositeLocalizableTest
[INFO] Tests run: 1, Failures: 0, Errors: 0, Skipped: 0, Time elapsed: 0.108 s - in io.jenkins.plugins.analysis.core.model.StaticAnalysisLabelProviderTest$CompositeLocalizableTest
[INFO] Tests run: 0, Failures: 0, Errors: 0, Skipped: 0, Time elapsed: 0.124 s - in io.jenkins.plugins.analysis.core.model.StaticAnalysisLabelProviderTest
[INFO] Running io.jenkins.plugins.analysis.core.model.SummaryModelTest
[INFO] Tests run: 9, Failures: 0, Errors: 0, Skipped: 0, Time elapsed: 2.426 s - in io.jenkins.plugins.analysis.core.model.SummaryModelTest
[INFO] Running io.jenkins.plugins.analysis.core.model.TabLabelProviderTest
[INFO] Tests run: 8, Failures: 0, Errors: 0, Skipped: 0, Time elapsed: 1.268 s - in io.jenkins.plugins.analysis.core.model.TabLabelProviderTest
[INFO] Running io.jenkins.plugins.analysis.core.model.ToolSelectionDescriptorTest
[INFO] Tests run: 5, Failures: 0, Errors: 0, Skipped: 0, Time elapsed: 2.137 s - in io.jenkins.plugins.analysis.core.model.ToolSelectionDescriptorTest
[INFO] Running io.jenkins.plugins.analysis.core.model.WarningsPluginConfigurationTest
[INFO] Tests run: 3, Failures: 0, Errors: 0, Skipped: 0, Time elapsed: 1.357 s - in io.jenkins.plugins.analysis.core.model.WarningsPluginConfigurationTest
[INFO] Running io.jenkins.plugins.analysis.core.portlets.IssuesTablePortletTest
[INFO] Tests run: 11, Failures: 0, Errors: 0, Skipped: 0, Time elapsed: 2.96 s - in io.jenkins.plugins.analysis.core.portlets.IssuesTablePortletTest
[INFO] Running io.jenkins.plugins.analysis.core.steps.AnalysisStepDescriptorTest
[INFO] Tests run: 1, Failures: 0, Errors: 0, Skipped: 0, Time elapsed: 0.18 s - in io.jenkins.plugins.analysis.core.steps.AnalysisStepDescriptorTest
[INFO] Running io.jenkins.plugins.analysis.core.steps.AnnotatedReportTest
[INFO] Tests run: 8, Failures: 0, Errors: 0, Skipped: 0, Time elapsed: 0.151 s - in io.jenkins.plugins.analysis.core.steps.AnnotatedReportTest
[INFO] Running io.jenkins.plugins.analysis.core.steps.IssuesAggregatorTest
[INFO] Tests run: 5, Failures: 0, Errors: 0, Skipped: 0, Time elapsed: 3.287 s - in io.jenkins.plugins.analysis.core.steps.IssuesAggregatorTest
[INFO] Running io.jenkins.plugins.analysis.core.steps.MatrixBridgeTest
[INFO] Tests run: 3, Failures: 0, Errors: 0, Skipped: 0, Time elapsed: 2.989 s - in io.jenkins.plugins.analysis.core.steps.MatrixBridgeTest
[INFO] Running io.jenkins.plugins.analysis.core.tokens.IssuesSizeTokenMacroTest
[INFO] Tests run: 5, Failures: 0, Errors: 0, Skipped: 0, Time elapsed: 2.68 s - in io.jenkins.plugins.analysis.core.tokens.IssuesSizeTokenMacroTest
[INFO] Running io.jenkins.plugins.analysis.core.util.AffectedFilesResolverTest
[INFO] Running io.jenkins.plugins.analysis.core.util.AffectedFilesResolverTest$RemoteFacadeTest
[INFO] Tests run: 8, Failures: 0, Errors: 0, Skipped: 0, Time elapsed: 0.014 s - in io.jenkins.plugins.analysis.core.util.AffectedFilesResolverTest$RemoteFacadeTest
[INFO] Tests run: 0, Failures: 0, Errors: 0, Skipped: 0, Time elapsed: 1.281 s - in io.jenkins.plugins.analysis.core.util.AffectedFilesResolverTest
[INFO] Running io.jenkins.plugins.analysis.core.util.AffectedFilesResolverTest
[INFO] Running io.jenkins.plugins.analysis.core.util.AffectedFilesResolverTest$RemoteFacadeTest
[INFO] Tests run: 1, Failures: 0, Errors: 0, Skipped: 0, Time elapsed: 0.116 s - in io.jenkins.plugins.analysis.core.util.AffectedFilesResolverTest$RemoteFacadeTest
[INFO] Tests run: 0, Failures: 0, Errors: 0, Skipped: 0, Time elapsed: 0.132 s - in io.jenkins.plugins.analysis.core.util.AffectedFilesResolverTest
[INFO] Running io.jenkins.plugins.analysis.core.util.BlameTest
[INFO] Tests run: 2, Failures: 0, Errors: 0, Skipped: 0, Time elapsed: 1.349 s - in io.jenkins.plugins.analysis.core.util.BlameTest
[INFO] Running io.jenkins.plugins.analysis.core.util.BuildResultNavigatorTest
[INFO] Tests run: 4, Failures: 0, Errors: 0, Skipped: 0, Time elapsed: 2.318 s - in io.jenkins.plugins.analysis.core.util.BuildResultNavigatorTest
[INFO] Running io.jenkins.plugins.analysis.core.util.IssuesStatisticsTest
[INFO] Tests run: 3, Failures: 0, Errors: 0, Skipped: 0, Time elapsed: 0.308 s - in io.jenkins.plugins.analysis.core.util.IssuesStatisticsTest
[INFO] Running io.jenkins.plugins.analysis.core.util.LocalizedSeverityTest
[INFO] Tests run: 2, Failures: 0, Errors: 0, Skipped: 0, Time elapsed: 1.189 s - in io.jenkins.plugins.analysis.core.util.LocalizedSeverityTest
[INFO] Running io.jenkins.plugins.analysis.core.util.LogHandlerTest
[INFO] Tests run: 2, Failures: 0, Errors: 0, Skipped: 0, Time elapsed: 1.363 s - in io.jenkins.plugins.analysis.core.util.LogHandlerTest
[INFO] Running io.jenkins.plugins.analysis.core.util.ModelValidationTest
[INFO] Tests run: 31, Failures: 0, Errors: 0, Skipped: 0, Time elapsed: 2.035 s - in io.jenkins.plugins.analysis.core.util.ModelValidationTest
[INFO] Running io.jenkins.plugins.analysis.core.util.QualityGateEvaluatorTest
[INFO] Tests run: 6, Failures: 0, Errors: 0, Skipped: 0, Time elapsed: 0.164 s - in io.jenkins.plugins.analysis.core.util.QualityGateEvaluatorTest
[INFO] Running io.jenkins.plugins.analysis.core.util.QualityGateStatusTest
[INFO] Tests run: 2, Failures: 0, Errors: 0, Skipped: 0, Time elapsed: 0.169 s - in io.jenkins.plugins.analysis.core.util.QualityGateStatusTest
[INFO] Running io.jenkins.plugins.analysis.core.util.QualityGateTest
[INFO] Tests run: 2, Failures: 0, Errors: 0, Skipped: 0, Time elapsed: 1.491 s - in io.jenkins.plugins.analysis.core.util.QualityGateTest
[INFO] Running io.jenkins.plugins.analysis.core.util.SanitizerTest
[INFO] Tests run: 1, Failures: 0, Errors: 0, Skipped: 0, Time elapsed: 0.145 s - in io.jenkins.plugins.analysis.core.util.SanitizerTest
[INFO] Running io.jenkins.plugins.analysis.core.util.StageResultHandlerTest
[INFO] Tests run: 2, Failures: 0, Errors: 0, Skipped: 0, Time elapsed: 1.926 s - in io.jenkins.plugins.analysis.core.util.StageResultHandlerTest
[INFO] Running io.jenkins.plugins.analysis.warnings.DryTableModelTest
[INFO] Tests run: 1, Failures: 0, Errors: 0, Skipped: 0, Time elapsed: 2.63 s - in io.jenkins.plugins.analysis.warnings.DryTableModelTest
[INFO] Running io.jenkins.plugins.analysis.warnings.DryThresholdValidationTest
[INFO] Tests run: 8, Failures: 0, Errors: 0, Skipped: 0, Time elapsed: 0.185 s - in io.jenkins.plugins.analysis.warnings.DryThresholdValidationTest
[INFO] Running io.jenkins.plugins.analysis.warnings.PackageArchitectureTest
[INFO] Tests run: 1, Failures: 0, Errors: 0, Skipped: 0, Time elapsed: 2.266 s - in io.jenkins.plugins.analysis.warnings.PackageArchitectureTest
[INFO] Running io.jenkins.plugins.analysis.warnings.PluginArchitectureTest
[INFO] Tests run: 14, Failures: 0, Errors: 0, Skipped: 0, Time elapsed: 3.749 s - in io.jenkins.plugins.analysis.warnings.PluginArchitectureTest
[INFO] Running io.jenkins.plugins.analysis.warnings.RegisteredParserTest
[INFO] Tests run: 2, Failures: 0, Errors: 0, Skipped: 0, Time elapsed: 1.635 s - in io.jenkins.plugins.analysis.warnings.RegisteredParserTest
[INFO] Running io.jenkins.plugins.analysis.warnings.axivion.AxivionParserTest
[INFO] Tests run: 9, Failures: 0, Errors: 0, Skipped: 0, Time elapsed: 0.145 s - in io.jenkins.plugins.analysis.warnings.axivion.AxivionParserTest
[INFO] Running io.jenkins.plugins.analysis.warnings.axivion.AxivionSuiteSerializationTest
[INFO] Tests run: 1, Failures: 0, Errors: 0, Skipped: 0, Time elapsed: 0.19 s - in io.jenkins.plugins.analysis.warnings.axivion.AxivionSuiteSerializationTest
[INFO] Running io.jenkins.plugins.analysis.warnings.axivion.AxivionSuiteTest
[INFO] Tests run: 1, Failures: 0, Errors: 0, Skipped: 0, Time elapsed: 0.086 s - in io.jenkins.plugins.analysis.warnings.axivion.AxivionSuiteTest
[INFO] Running io.jenkins.plugins.analysis.warnings.groovy.DynamicDocumentParserTest
[INFO] Tests run: 3, Failures: 0, Errors: 0, Skipped: 0, Time elapsed: 1.059 s - in io.jenkins.plugins.analysis.warnings.groovy.DynamicDocumentParserTest
[INFO] Running io.jenkins.plugins.analysis.warnings.groovy.DynamicLineParserTest
[INFO] Tests run: 4, Failures: 0, Errors: 0, Skipped: 0, Time elapsed: 1.287 s - in io.jenkins.plugins.analysis.warnings.groovy.DynamicLineParserTest
[INFO] Running io.jenkins.plugins.analysis.warnings.groovy.GroovyExpressionMatcherTest
[INFO] Tests run: 6, Failures: 0, Errors: 0, Skipped: 0, Time elapsed: 0.496 s - in io.jenkins.plugins.analysis.warnings.groovy.GroovyExpressionMatcherTest
[INFO] Running io.jenkins.plugins.analysis.warnings.groovy.GroovyParserTest
[INFO] Tests run: 16, Failures: 0, Errors: 0, Skipped: 0, Time elapsed: 3.018 s - in io.jenkins.plugins.analysis.warnings.groovy.GroovyParserTest
[INFO] Running io.jenkins.plugins.analysis.warnings.groovy.ParserConfigurationTest
[INFO] Tests run: 5, Failures: 0, Errors: 0, Skipped: 0, Time elapsed: 1.363 s - in io.jenkins.plugins.analysis.warnings.groovy.ParserConfigurationTest
[INFO] Running io.jenkins.plugins.analysis.warnings.tasks.AgentScannerTest
[INFO] Tests run: 2, Failures: 0, Errors: 0, Skipped: 0, Time elapsed: 0.256 s - in io.jenkins.plugins.analysis.warnings.tasks.AgentScannerTest
[INFO] Running io.jenkins.plugins.analysis.warnings.tasks.TaskScannerTest
[INFO] Tests run: 19, Failures: 0, Errors: 0, Skipped: 0, Time elapsed: 0.164 s - in io.jenkins.plugins.analysis.warnings.tasks.TaskScannerTest
[INFO] 
[INFO] Results:
[INFO] 
[INFO] Tests run: 475, Failures: 0, Errors: 0, Skipped: 0
[INFO] 
[INFO] 
[INFO] --- animal-sniffer-maven-plugin:1.20:check (check) @ warnings-ng ---
[INFO] Downloading from repo.jenkins-ci.org: https://repo.jenkins-ci.org/public/org/codehaus/mojo/animal-sniffer/1.20/animal-sniffer-1.20.pom
[INFO] Downloaded from repo.jenkins-ci.org: https://repo.jenkins-ci.org/public/org/codehaus/mojo/animal-sniffer/1.20/animal-sniffer-1.20.pom (2.3 kB at 3.7 kB/s)
[INFO] Downloading from repo.jenkins-ci.org: https://repo.jenkins-ci.org/public/org/codehaus/mojo/java-boot-classpath-detector/1.20/java-boot-classpath-detector-1.20.pom
[INFO] Downloaded from repo.jenkins-ci.org: https://repo.jenkins-ci.org/public/org/codehaus/mojo/java-boot-classpath-detector/1.20/java-boot-classpath-detector-1.20.pom (2.5 kB at 10 kB/s)
[INFO] Downloading from repo.jenkins-ci.org: https://repo.jenkins-ci.org/public/org/apache/maven/maven-toolchain/2.2.1/maven-toolchain-2.2.1.pom
[INFO] Downloaded from repo.jenkins-ci.org: https://repo.jenkins-ci.org/public/org/apache/maven/maven-toolchain/2.2.1/maven-toolchain-2.2.1.pom (3.3 kB at 14 kB/s)
[INFO] Downloading from repo.jenkins-ci.org: https://repo.jenkins-ci.org/public/org/codehaus/mojo/animal-sniffer/1.20/animal-sniffer-1.20.jar
[INFO] Downloading from repo.jenkins-ci.org: https://repo.jenkins-ci.org/public/org/codehaus/mojo/java-boot-classpath-detector/1.20/java-boot-classpath-detector-1.20.jar
[INFO] Downloading from repo.jenkins-ci.org: https://repo.jenkins-ci.org/public/org/codehaus/plexus/plexus-component-annotations/1.5.4/plexus-component-annotations-1.5.4.jar
[INFO] Downloading from repo.jenkins-ci.org: https://repo.jenkins-ci.org/public/org/apache/maven/maven-core/2.2.1/maven-core-2.2.1.jar
[INFO] Downloading from repo.jenkins-ci.org: https://repo.jenkins-ci.org/public/org/apache/maven/maven-plugin-parameter-documenter/2.2.1/maven-plugin-parameter-documenter-2.2.1.jar
[INFO] Downloaded from repo.jenkins-ci.org: https://repo.jenkins-ci.org/public/org/codehaus/mojo/animal-sniffer/1.20/animal-sniffer-1.20.jar (37 kB at 103 kB/s)
[INFO] Downloading from repo.jenkins-ci.org: https://repo.jenkins-ci.org/public/org/slf4j/slf4j-jdk14/1.5.6/slf4j-jdk14-1.5.6.jar
[INFO] Downloaded from repo.jenkins-ci.org: https://repo.jenkins-ci.org/public/org/slf4j/slf4j-jdk14/1.5.6/slf4j-jdk14-1.5.6.jar (8.8 kB at 15 kB/s)
[INFO] Downloading from repo.jenkins-ci.org: https://repo.jenkins-ci.org/public/org/slf4j/slf4j-api/1.5.6/slf4j-api-1.5.6.jar
[INFO] Downloaded from repo.jenkins-ci.org: https://repo.jenkins-ci.org/public/org/codehaus/mojo/java-boot-classpath-detector/1.20/java-boot-classpath-detector-1.20.jar (4.9 kB at 8.1 kB/s)
[INFO] Downloading from repo.jenkins-ci.org: https://repo.jenkins-ci.org/public/org/slf4j/jcl-over-slf4j/1.5.6/jcl-over-slf4j-1.5.6.jar
[INFO] Downloaded from repo.jenkins-ci.org: https://repo.jenkins-ci.org/public/org/codehaus/plexus/plexus-component-annotations/1.5.4/plexus-component-annotations-1.5.4.jar (4.2 kB at 6.9 kB/s)
[INFO] Downloading from repo.jenkins-ci.org: https://repo.jenkins-ci.org/public/org/apache/maven/reporting/maven-reporting-api/2.2.1/maven-reporting-api-2.2.1.jar
[INFO] Downloaded from repo.jenkins-ci.org: https://repo.jenkins-ci.org/public/org/apache/maven/maven-plugin-parameter-documenter/2.2.1/maven-plugin-parameter-documenter-2.2.1.jar (22 kB at 31 kB/s)
[INFO] Downloading from repo.jenkins-ci.org: https://repo.jenkins-ci.org/public/org/apache/maven/doxia/doxia-sink-api/1.1/doxia-sink-api-1.1.jar
[INFO] Downloaded from repo.jenkins-ci.org: https://repo.jenkins-ci.org/public/org/slf4j/jcl-over-slf4j/1.5.6/jcl-over-slf4j-1.5.6.jar (17 kB at 20 kB/s)
[INFO] Downloading from repo.jenkins-ci.org: https://repo.jenkins-ci.org/public/org/apache/maven/doxia/doxia-logging-api/1.1/doxia-logging-api-1.1.jar
[INFO] Downloaded from repo.jenkins-ci.org: https://repo.jenkins-ci.org/public/org/apache/maven/reporting/maven-reporting-api/2.2.1/maven-reporting-api-2.2.1.jar (9.8 kB at 11 kB/s)
[INFO] Downloading from repo.jenkins-ci.org: https://repo.jenkins-ci.org/public/org/apache/maven/maven-error-diagnostics/2.2.1/maven-error-diagnostics-2.2.1.jar
[INFO] Downloaded from repo.jenkins-ci.org: https://repo.jenkins-ci.org/public/org/apache/maven/maven-core/2.2.1/maven-core-2.2.1.jar (178 kB at 184 kB/s)
[INFO] Downloading from repo.jenkins-ci.org: https://repo.jenkins-ci.org/public/org/apache/maven/maven-monitor/2.2.1/maven-monitor-2.2.1.jar
[INFO] Downloaded from repo.jenkins-ci.org: https://repo.jenkins-ci.org/public/org/slf4j/slf4j-api/1.5.6/slf4j-api-1.5.6.jar (22 kB at 23 kB/s)
[INFO] Downloading from repo.jenkins-ci.org: https://repo.jenkins-ci.org/public/org/apache/maven/maven-toolchain/2.2.1/maven-toolchain-2.2.1.jar
[INFO] Downloaded from repo.jenkins-ci.org: https://repo.jenkins-ci.org/public/org/apache/maven/doxia/doxia-sink-api/1.1/doxia-sink-api-1.1.jar (13 kB at 13 kB/s)
[INFO] Downloaded from repo.jenkins-ci.org: https://repo.jenkins-ci.org/public/org/apache/maven/doxia/doxia-logging-api/1.1/doxia-logging-api-1.1.jar (11 kB at 10 kB/s)
[INFO] Downloaded from repo.jenkins-ci.org: https://repo.jenkins-ci.org/public/org/apache/maven/maven-error-diagnostics/2.2.1/maven-error-diagnostics-2.2.1.jar (13 kB at 12 kB/s)
[INFO] Downloaded from repo.jenkins-ci.org: https://repo.jenkins-ci.org/public/org/apache/maven/maven-monitor/2.2.1/maven-monitor-2.2.1.jar (10 kB at 8.6 kB/s)
[INFO] Downloaded from repo.jenkins-ci.org: https://repo.jenkins-ci.org/public/org/apache/maven/maven-toolchain/2.2.1/maven-toolchain-2.2.1.jar (38 kB at 28 kB/s)
[INFO] Resolved signature org.codehaus.mojo.signature:java18 version as 1.0 from dependencyManagement
[INFO] Checking unresolved references to org.codehaus.mojo.signature:java18:1.0
[INFO] Downloading from repo.jenkins-ci.org: https://repo.jenkins-ci.org/public/org/codehaus/mojo/signature/java18/1.0/java18-1.0.signature
[INFO] Downloaded from repo.jenkins-ci.org: https://repo.jenkins-ci.org/public/org/codehaus/mojo/signature/java18/1.0/java18-1.0.signature (2.0 MB at 1.3 MB/s)
[INFO] 
[INFO] --------------< io.jenkins.plugins:warnings-ng-ui-tests >---------------
[INFO] Building UI Tests of Warnings Plugin UNVERSIONED                   [2/3]
[INFO] --------------------------------[ jar ]---------------------------------
[INFO] Downloading from central: https://repo.maven.apache.org/maven2/org/apache/maven/plugins/maven-surefire-plugin/3.0.0-M4/maven-surefire-plugin-3.0.0-M4.pom
[INFO] Downloaded from central: https://repo.maven.apache.org/maven2/org/apache/maven/plugins/maven-surefire-plugin/3.0.0-M4/maven-surefire-plugin-3.0.0-M4.pom (0 B at 0 B/s)
[INFO] Downloading from central: https://repo.maven.apache.org/maven2/org/apache/maven/plugins/maven-surefire-plugin/3.0.0-M4/maven-surefire-plugin-3.0.0-M4.jar
[INFO] Downloaded from central: https://repo.maven.apache.org/maven2/org/apache/maven/plugins/maven-surefire-plugin/3.0.0-M4/maven-surefire-plugin-3.0.0-M4.jar (0 B at 0 B/s)
[INFO] Downloading from maven.jenkins-ci.org: https://repo.jenkins-ci.org/releases/com/browserup/browserup-proxy-mitm/2.1.2/browserup-proxy-mitm-2.1.2.jar
[INFO] Downloading from maven.jenkins-ci.org: https://repo.jenkins-ci.org/releases/com/jcraft/jzlib/1.1.3/jzlib-1.1.3.jar
[INFO] Downloading from maven.jenkins-ci.org: https://repo.jenkins-ci.org/releases/dnsjava/dnsjava/3.1.0/dnsjava-3.1.0.jar
[INFO] Downloading from maven.jenkins-ci.org: https://repo.jenkins-ci.org/releases/io/netty/netty-all/4.1.50.Final/netty-all-4.1.50.Final.jar
[INFO] Downloading from maven.jenkins-ci.org: https://repo.jenkins-ci.org/releases/org/javassist/javassist/3.27.0-GA/javassist-3.27.0-GA.jar
[INFO] Downloading from maven.jenkins-ci.org: https://repo.jenkins-ci.org/releases/org/apache/httpcomponents/httpcore/4.4.13/httpcore-4.4.13.jar
[INFO] Downloading from maven.jenkins-ci.org: https://repo.jenkins-ci.org/releases/net/javacrumbs/json-unit/json-unit-assertj/2.28.0/json-unit-assertj-2.28.0.jar
[INFO] Downloading from maven.jenkins-ci.org: https://repo.jenkins-ci.org/releases/net/javacrumbs/json-unit/json-unit-core/2.28.0/json-unit-core-2.28.0.jar
[INFO] Downloading from maven.jenkins-ci.org: https://repo.jenkins-ci.org/releases/net/javacrumbs/json-unit/json-unit-json-path/2.28.0/json-unit-json-path-2.28.0.jar
[INFO] Downloading from maven.jenkins-ci.org: https://repo.jenkins-ci.org/releases/com/jayway/jsonpath/json-path/2.4.0/json-path-2.4.0.jar
[INFO] Downloading from maven.jenkins-ci.org: https://repo.jenkins-ci.org/releases/net/minidev/accessors-smart/1.2/accessors-smart-1.2.jar
[INFO] Downloading from maven.jenkins-ci.org: https://repo.jenkins-ci.org/releases/nl/jqno/equalsverifier/equalsverifier/3.8.1/equalsverifier-3.8.1.jar
[INFO] Downloading from maven.jenkins-ci.org: https://repo.jenkins-ci.org/releases/net/minidev/json-smart/2.3/json-smart-2.3.jar
[INFO] Downloading from maven.jenkins-ci.org: https://repo.jenkins-ci.org/releases/org/junit/platform/junit-platform-launcher/1.8.2/junit-platform-launcher-1.8.2.jar
[INFO] Downloading from maven.jenkins-ci.org: https://repo.jenkins-ci.org/releases/org/mockito/mockito-core/4.2.0/mockito-core-4.2.0.jar
[INFO] Downloading from maven.jenkins-ci.org: https://repo.jenkins-ci.org/releases/net/bytebuddy/byte-buddy-agent/1.12.4/byte-buddy-agent-1.12.4.jar
[INFO] Downloading from maven.jenkins-ci.org: https://repo.jenkins-ci.org/releases/org/assertj/assertj-core/3.21.0/assertj-core-3.21.0.jar
[INFO] Downloading from maven.jenkins-ci.org: https://repo.jenkins-ci.org/releases/com/tngtech/archunit/archunit-junit5/0.22.0/archunit-junit5-0.22.0.jar
[INFO] Downloading from maven.jenkins-ci.org: https://repo.jenkins-ci.org/releases/com/tngtech/archunit/archunit-junit5-api/0.22.0/archunit-junit5-api-0.22.0.jar
[INFO] Downloading from maven.jenkins-ci.org: https://repo.jenkins-ci.org/releases/com/tngtech/archunit/archunit/0.22.0/archunit-0.22.0.jar
[INFO] Downloading from maven.jenkins-ci.org: https://repo.jenkins-ci.org/releases/com/tngtech/archunit/archunit-junit5-engine/0.22.0/archunit-junit5-engine-0.22.0.jar
[INFO] Downloading from maven.jenkins-ci.org: https://repo.jenkins-ci.org/releases/com/tngtech/archunit/archunit-junit5-engine-api/0.22.0/archunit-junit5-engine-api-0.22.0.jar
[INFO] Downloading from incrementals.jenkins-ci.org: https://repo.jenkins-ci.org/incrementals/com/browserup/browserup-proxy-mitm/2.1.2/browserup-proxy-mitm-2.1.2.jar
[INFO] Downloading from incrementals.jenkins-ci.org: https://repo.jenkins-ci.org/incrementals/com/jcraft/jzlib/1.1.3/jzlib-1.1.3.jar
[INFO] Downloading from incrementals.jenkins-ci.org: https://repo.jenkins-ci.org/incrementals/dnsjava/dnsjava/3.1.0/dnsjava-3.1.0.jar
[INFO] Downloading from incrementals.jenkins-ci.org: https://repo.jenkins-ci.org/incrementals/io/netty/netty-all/4.1.50.Final/netty-all-4.1.50.Final.jar
[INFO] Downloading from incrementals.jenkins-ci.org: https://repo.jenkins-ci.org/incrementals/org/javassist/javassist/3.27.0-GA/javassist-3.27.0-GA.jar
[INFO] Downloading from incrementals.jenkins-ci.org: https://repo.jenkins-ci.org/incrementals/org/apache/httpcomponents/httpcore/4.4.13/httpcore-4.4.13.jar
[INFO] Downloading from incrementals.jenkins-ci.org: https://repo.jenkins-ci.org/incrementals/net/javacrumbs/json-unit/json-unit-assertj/2.28.0/json-unit-assertj-2.28.0.jar
[INFO] Downloading from incrementals.jenkins-ci.org: https://repo.jenkins-ci.org/incrementals/net/javacrumbs/json-unit/json-unit-core/2.28.0/json-unit-core-2.28.0.jar
[INFO] Downloading from incrementals.jenkins-ci.org: https://repo.jenkins-ci.org/incrementals/net/javacrumbs/json-unit/json-unit-json-path/2.28.0/json-unit-json-path-2.28.0.jar
[INFO] Downloading from incrementals.jenkins-ci.org: https://repo.jenkins-ci.org/incrementals/com/jayway/jsonpath/json-path/2.4.0/json-path-2.4.0.jar
[INFO] Downloading from incrementals.jenkins-ci.org: https://repo.jenkins-ci.org/incrementals/net/minidev/json-smart/2.3/json-smart-2.3.jar
[INFO] Downloading from incrementals.jenkins-ci.org: https://repo.jenkins-ci.org/incrementals/net/minidev/accessors-smart/1.2/accessors-smart-1.2.jar
[INFO] Downloading from incrementals.jenkins-ci.org: https://repo.jenkins-ci.org/incrementals/nl/jqno/equalsverifier/equalsverifier/3.8.1/equalsverifier-3.8.1.jar
[INFO] Downloading from incrementals.jenkins-ci.org: https://repo.jenkins-ci.org/incrementals/org/junit/platform/junit-platform-launcher/1.8.2/junit-platform-launcher-1.8.2.jar
[INFO] Downloading from incrementals.jenkins-ci.org: https://repo.jenkins-ci.org/incrementals/org/mockito/mockito-core/4.2.0/mockito-core-4.2.0.jar
[INFO] Downloading from incrementals.jenkins-ci.org: https://repo.jenkins-ci.org/incrementals/net/bytebuddy/byte-buddy-agent/1.12.4/byte-buddy-agent-1.12.4.jar
[INFO] Downloading from incrementals.jenkins-ci.org: https://repo.jenkins-ci.org/incrementals/org/assertj/assertj-core/3.21.0/assertj-core-3.21.0.jar
[INFO] Downloading from incrementals.jenkins-ci.org: https://repo.jenkins-ci.org/incrementals/com/tngtech/archunit/archunit-junit5/0.22.0/archunit-junit5-0.22.0.jar
[INFO] Downloading from incrementals.jenkins-ci.org: https://repo.jenkins-ci.org/incrementals/com/tngtech/archunit/archunit-junit5-api/0.22.0/archunit-junit5-api-0.22.0.jar
[INFO] Downloading from incrementals.jenkins-ci.org: https://repo.jenkins-ci.org/incrementals/com/tngtech/archunit/archunit/0.22.0/archunit-0.22.0.jar
[INFO] Downloading from incrementals.jenkins-ci.org: https://repo.jenkins-ci.org/incrementals/com/tngtech/archunit/archunit-junit5-engine/0.22.0/archunit-junit5-engine-0.22.0.jar
[INFO] Downloading from incrementals.jenkins-ci.org: https://repo.jenkins-ci.org/incrementals/com/tngtech/archunit/archunit-junit5-engine-api/0.22.0/archunit-junit5-engine-api-0.22.0.jar
[INFO] Downloading from central: https://repo.maven.apache.org/maven2/com/browserup/browserup-proxy-mitm/2.1.2/browserup-proxy-mitm-2.1.2.jar
[INFO] Downloading from central: https://repo.maven.apache.org/maven2/com/jcraft/jzlib/1.1.3/jzlib-1.1.3.jar
[INFO] Downloading from central: https://repo.maven.apache.org/maven2/dnsjava/dnsjava/3.1.0/dnsjava-3.1.0.jar
[INFO] Downloading from central: https://repo.maven.apache.org/maven2/io/netty/netty-all/4.1.50.Final/netty-all-4.1.50.Final.jar
[INFO] Downloading from central: https://repo.maven.apache.org/maven2/org/javassist/javassist/3.27.0-GA/javassist-3.27.0-GA.jar
[INFO] Downloaded from central: https://repo.maven.apache.org/maven2/com/browserup/browserup-proxy-mitm/2.1.2/browserup-proxy-mitm-2.1.2.jar (212 kB at 11 MB/s)
[INFO] Downloading from central: https://repo.maven.apache.org/maven2/org/apache/httpcomponents/httpcore/4.4.13/httpcore-4.4.13.jar
[INFO] Downloaded from central: https://repo.maven.apache.org/maven2/com/jcraft/jzlib/1.1.3/jzlib-1.1.3.jar (72 kB at 2.2 MB/s)
[INFO] Downloading from central: https://repo.maven.apache.org/maven2/net/javacrumbs/json-unit/json-unit-assertj/2.28.0/json-unit-assertj-2.28.0.jar
[INFO] Downloaded from central: https://repo.maven.apache.org/maven2/org/javassist/javassist/3.27.0-GA/javassist-3.27.0-GA.jar (783 kB at 24 MB/s)
[INFO] Downloading from central: https://repo.maven.apache.org/maven2/net/javacrumbs/json-unit/json-unit-core/2.28.0/json-unit-core-2.28.0.jar
[INFO] Downloaded from central: https://repo.maven.apache.org/maven2/net/javacrumbs/json-unit/json-unit-assertj/2.28.0/json-unit-assertj-2.28.0.jar (0 B at 0 B/s)
[INFO] Downloading from central: https://repo.maven.apache.org/maven2/net/javacrumbs/json-unit/json-unit-json-path/2.28.0/json-unit-json-path-2.28.0.jar
[INFO] Downloaded from central: https://repo.maven.apache.org/maven2/net/javacrumbs/json-unit/json-unit-core/2.28.0/json-unit-core-2.28.0.jar (0 B at 0 B/s)
[INFO] Downloading from central: https://repo.maven.apache.org/maven2/com/jayway/jsonpath/json-path/2.4.0/json-path-2.4.0.jar
[INFO] Downloaded from central: https://repo.maven.apache.org/maven2/dnsjava/dnsjava/3.1.0/dnsjava-3.1.0.jar (402 kB at 9.8 MB/s)
[INFO] Downloading from central: https://repo.maven.apache.org/maven2/net/minidev/json-smart/2.3/json-smart-2.3.jar
[INFO] Downloaded from central: https://repo.maven.apache.org/maven2/com/jayway/jsonpath/json-path/2.4.0/json-path-2.4.0.jar (0 B at 0 B/s)
[INFO] Downloading from central: https://repo.maven.apache.org/maven2/net/minidev/accessors-smart/1.2/accessors-smart-1.2.jar
[INFO] Downloaded from central: https://repo.maven.apache.org/maven2/org/apache/httpcomponents/httpcore/4.4.13/httpcore-4.4.13.jar (329 kB at 8.0 MB/s)
[INFO] Downloading from central: https://repo.maven.apache.org/maven2/nl/jqno/equalsverifier/equalsverifier/3.8.1/equalsverifier-3.8.1.jar
[INFO] Downloaded from central: https://repo.maven.apache.org/maven2/net/minidev/json-smart/2.3/json-smart-2.3.jar (0 B at 0 B/s)
[INFO] Downloading from central: https://repo.maven.apache.org/maven2/org/junit/platform/junit-platform-launcher/1.8.2/junit-platform-launcher-1.8.2.jar
[INFO] Downloaded from central: https://repo.maven.apache.org/maven2/net/minidev/accessors-smart/1.2/accessors-smart-1.2.jar (0 B at 0 B/s)
[INFO] Downloading from central: https://repo.maven.apache.org/maven2/org/mockito/mockito-core/4.2.0/mockito-core-4.2.0.jar
[INFO] Downloaded from central: https://repo.maven.apache.org/maven2/org/junit/platform/junit-platform-launcher/1.8.2/junit-platform-launcher-1.8.2.jar (0 B at 0 B/s)
[INFO] Downloading from central: https://repo.maven.apache.org/maven2/net/bytebuddy/byte-buddy-agent/1.12.4/byte-buddy-agent-1.12.4.jar
[INFO] Downloaded from central: https://repo.maven.apache.org/maven2/net/bytebuddy/byte-buddy-agent/1.12.4/byte-buddy-agent-1.12.4.jar (254 kB at 3.9 MB/s)
[INFO] Downloading from central: https://repo.maven.apache.org/maven2/org/assertj/assertj-core/3.21.0/assertj-core-3.21.0.jar
[INFO] Downloaded from central: https://repo.maven.apache.org/maven2/org/mockito/mockito-core/4.2.0/mockito-core-4.2.0.jar (671 kB at 9.9 MB/s)
[INFO] Downloading from central: https://repo.maven.apache.org/maven2/com/tngtech/archunit/archunit-junit5/0.22.0/archunit-junit5-0.22.0.jar
[INFO] Downloaded from central: https://repo.maven.apache.org/maven2/org/assertj/assertj-core/3.21.0/assertj-core-3.21.0.jar (0 B at 0 B/s)
[INFO] Downloading from central: https://repo.maven.apache.org/maven2/com/tngtech/archunit/archunit-junit5-api/0.22.0/archunit-junit5-api-0.22.0.jar
[INFO] Downloaded from central: https://repo.maven.apache.org/maven2/io/netty/netty-all/4.1.50.Final/netty-all-4.1.50.Final.jar (4.2 MB at 57 MB/s)
[INFO] Downloading from central: https://repo.maven.apache.org/maven2/com/tngtech/archunit/archunit/0.22.0/archunit-0.22.0.jar
[INFO] Downloaded from central: https://repo.maven.apache.org/maven2/com/tngtech/archunit/archunit-junit5/0.22.0/archunit-junit5-0.22.0.jar (0 B at 0 B/s)
[INFO] Downloading from central: https://repo.maven.apache.org/maven2/com/tngtech/archunit/archunit-junit5-engine/0.22.0/archunit-junit5-engine-0.22.0.jar
[INFO] Downloaded from central: https://repo.maven.apache.org/maven2/com/tngtech/archunit/archunit-junit5-api/0.22.0/archunit-junit5-api-0.22.0.jar (0 B at 0 B/s)
[INFO] Downloading from central: https://repo.maven.apache.org/maven2/com/tngtech/archunit/archunit-junit5-engine-api/0.22.0/archunit-junit5-engine-api-0.22.0.jar
[INFO] Downloaded from central: https://repo.maven.apache.org/maven2/com/tngtech/archunit/archunit-junit5-engine-api/0.22.0/archunit-junit5-engine-api-0.22.0.jar (0 B at 0 B/s)
[INFO] Downloaded from central: https://repo.maven.apache.org/maven2/com/tngtech/archunit/archunit-junit5-engine/0.22.0/archunit-junit5-engine-0.22.0.jar (0 B at 0 B/s)
[INFO] Downloaded from central: https://repo.maven.apache.org/maven2/com/tngtech/archunit/archunit/0.22.0/archunit-0.22.0.jar (0 B at 0 B/s)
[INFO] Downloaded from central: https://repo.maven.apache.org/maven2/net/javacrumbs/json-unit/json-unit-json-path/2.28.0/json-unit-json-path-2.28.0.jar (0 B at 0 B/s)
[INFO] Downloaded from central: https://repo.maven.apache.org/maven2/nl/jqno/equalsverifier/equalsverifier/3.8.1/equalsverifier-3.8.1.jar (3.3 MB at 12 MB/s)
[INFO] 
[INFO] --- maven-clean-plugin:3.1.0:clean (default-clean) @ warnings-ng-ui-tests ---
[INFO] Deleting /home/gabsko/breaking-updates/ui-tests/target
[INFO] 
[INFO] --- maven-enforcer-plugin:3.0.0:enforce (enforce-java) @ warnings-ng-ui-tests ---
[INFO] 
[INFO] --- maven-resources-plugin:3.2.0:resources (default-resources) @ warnings-ng-ui-tests ---
[INFO] Using 'UTF-8' encoding to copy filtered resources.
[INFO] Using 'UTF-8' encoding to copy filtered properties files.
[INFO] skip non existing resourceDirectory /home/gabsko/breaking-updates/ui-tests/src/main/resources
[INFO] 
[INFO] --- maven-resources-plugin:3.2.0:copy-resources (copy-resources) @ warnings-ng-ui-tests ---
[INFO] Using 'UTF-8' encoding to copy filtered resources.
[INFO] Using 'UTF-8' encoding to copy filtered properties files.
[INFO] Copying 0 resource
[INFO] 
[INFO] --- maven-compiler-plugin:3.8.1:compile (default-compile) @ warnings-ng-ui-tests ---
[INFO] Changes detected - recompiling the module!
[INFO] Compiling 29 source files to /home/gabsko/breaking-updates/ui-tests/target/classes
[WARNING] Unable to autodetect 'javac' path, using 'javac' from the environment.
[WARNING] [path] bad path element "/home/gabsko/.m2/repository/xalan/xalan/2.7.2/xercesImpl.jar": no such file or directory
[WARNING] [path] bad path element "/home/gabsko/.m2/repository/xalan/xalan/2.7.2/xml-apis.jar": no such file or directory
[WARNING] [path] bad path element "/home/gabsko/.m2/repository/xalan/xalan/2.7.2/serializer.jar": no such file or directory
[WARNING] [path] bad path element "/home/gabsko/.m2/repository/xalan/serializer/2.7.2/xml-apis.jar": no such file or directory
[WARNING] [path] bad path element "/home/gabsko/.m2/repository/javax/xml/soap/saaj-api/1.3/jaxp-api.jar": no such file or directory
[WARNING] [path] bad path element "/home/gabsko/.m2/repository/javax/xml/soap/saaj-api/1.3/jax-qname.jar": no such file or directory
[WARNING] [path] bad path element "/home/gabsko/.m2/repository/javax/xml/soap/saaj-api/1.3/activation.jar": no such file or directory
[WARNING] [path] bad path element "/home/gabsko/.m2/repository/javax/xml/soap/saaj-api/1.3/servlet.jar": no such file or directory
[WARNING] [options] bootstrap class path not set in conjunction with -source 8
[WARNING] WARNING: An illegal reflective access operation has occurred
WARNING: Illegal reflective access by com.google.protobuf.UnsafeUtil (file:/home/gabsko/.m2/repository/com/google/protobuf/protobuf-java/3.4.0/protobuf-java-3.4.0.jar) to field java.nio.Buffer.address
WARNING: Please consider reporting this to the maintainers of com.google.protobuf.UnsafeUtil
WARNING: Use --illegal-access=warn to enable warnings of further illegal reflective access operations
WARNING: All illegal access operations will be denied in a future release
/home/gabsko/breaking-updates/ui-tests/src/main/java/io/jenkins/plugins/analysis/warnings/IssuesTableRow.java:[59,15] [HashCodeToString] Classes that override hashCode should also consider overriding toString.
    (see https://errorprone.info/bugpattern/HashCodeToString)
[WARNING] /home/gabsko/breaking-updates/ui-tests/src/main/java/io/jenkins/plugins/analysis/warnings/AbstractSeverityTableRow.java:[76,15] [HashCodeToString] Classes that override hashCode should also consider overriding toString.
    (see https://errorprone.info/bugpattern/HashCodeToString)
[WARNING] /home/gabsko/breaking-updates/ui-tests/src/main/java/io/jenkins/plugins/analysis/warnings/BaseIssuesTableRow.java:[118,15] [HashCodeToString] Classes that override hashCode should also consider overriding toString.
    (see https://errorprone.info/bugpattern/HashCodeToString)
[WARNING] /home/gabsko/breaking-updates/ui-tests/src/main/java/io/jenkins/plugins/analysis/warnings/DryTableRow.java:[89,15] [HashCodeToString] Classes that override hashCode should also consider overriding toString.
    (see https://errorprone.info/bugpattern/HashCodeToString)
[WARNING] /home/gabsko/breaking-updates/ui-tests/src/main/java/io/jenkins/plugins/analysis/warnings/BlamesTableRow.java:[84,15] [HashCodeToString] Classes that override hashCode should also consider overriding toString.
    (see https://errorprone.info/bugpattern/HashCodeToString)
[WARNING] /home/gabsko/breaking-updates/ui-tests/src/main/java/io/jenkins/plugins/analysis/warnings/ForensicsTableRow.java:[108,15] [HashCodeToString] Classes that override hashCode should also consider overriding toString.
    (see https://errorprone.info/bugpattern/HashCodeToString)
[WARNING] /home/gabsko/breaking-updates/ui-tests/src/main/java/io/jenkins/plugins/analysis/warnings/IssuesRecorder.java:[509,27] [FieldMissingNullable] Field is assigned (or compared against) a definitely null value but is not annotated @Nullable
    (see https://errorprone.info/bugpattern/FieldMissingNullable)
  Did you mean '@Nullable private final Control advancedButton = control("advanced-button");'?
[INFO] 
[INFO] --- maven-help-plugin:3.2.0:active-profiles (show-profiles) @ warnings-ng-ui-tests ---
[INFO] 
Active Profiles for Project 'io.jenkins.plugins:warnings-ng:hpi:9.12.0-SNAPSHOT':

The following profiles are active:

 - jdk-above-9 (source: org.jenkins-ci.plugins:plugin:4.31)
 - all-tests (source: org.jenkins-ci.plugins:plugin:4.31)



Active Profiles for Project 'io.jenkins.plugins:warnings-ng-ui-tests:jar:UNVERSIONED':

The following profiles are active:




Active Profiles for Project 'io.jenkins.plugins:warnings-ng-parent:pom:UNVERSIONED':

The following profiles are active:




[INFO] 
[INFO] --- assertj-assertions-generator-maven-plugin:2.2.0:generate-assertions (default) @ warnings-ng-ui-tests ---
[INFO] Downloading from central: https://repo.maven.apache.org/maven2/org/assertj/assertj-assertions-generator/2.2.0/assertj-assertions-generator-2.2.0.jar
[INFO] Downloading from central: https://repo.maven.apache.org/maven2/commons-cli/commons-cli/1.2/commons-cli-1.2.jar
[INFO] Downloading from central: https://repo.maven.apache.org/maven2/ch/qos/logback/logback-classic/1.0.13/logback-classic-1.0.13.jar
[INFO] Downloading from central: https://repo.maven.apache.org/maven2/ch/qos/logback/logback-core/1.0.13/logback-core-1.0.13.jar
[INFO] Downloading from central: https://repo.maven.apache.org/maven2/org/assertj/assertj-core/2.9.1/assertj-core-2.9.1.jar
[INFO] Downloaded from central: https://repo.maven.apache.org/maven2/ch/qos/logback/logback-classic/1.0.13/logback-classic-1.0.13.jar (0 B at 0 B/s)
[INFO] Downloading from central: https://repo.maven.apache.org/maven2/org/codehaus/plexus/plexus-utils/1.5.15/plexus-utils-1.5.15.jar
[INFO] Downloaded from central: https://repo.maven.apache.org/maven2/ch/qos/logback/logback-core/1.0.13/logback-core-1.0.13.jar (0 B at 0 B/s)
[INFO] Downloaded from central: https://repo.maven.apache.org/maven2/commons-cli/commons-cli/1.2/commons-cli-1.2.jar (0 B at 0 B/s)
[INFO] Downloaded from central: https://repo.maven.apache.org/maven2/org/codehaus/plexus/plexus-utils/1.5.15/plexus-utils-1.5.15.jar (0 B at 0 B/s)
[INFO] Downloaded from central: https://repo.maven.apache.org/maven2/org/assertj/assertj-core/2.9.1/assertj-core-2.9.1.jar (0 B at 0 B/s)
[INFO] Downloaded from central: https://repo.maven.apache.org/maven2/org/assertj/assertj-assertions-generator/2.2.0/assertj-assertions-generator-2.2.0.jar (0 B at 0 B/s)
[INFO] 
[INFO] --- maven-resources-plugin:3.2.0:testResources (default-testResources) @ warnings-ng-ui-tests ---
[INFO] Using 'UTF-8' encoding to copy filtered resources.
[INFO] Using 'UTF-8' encoding to copy filtered properties files.
[INFO] Copying 47 resources
[INFO] 
[INFO] --- maven-compiler-plugin:3.8.1:testCompile (default-testCompile) @ warnings-ng-ui-tests ---
[INFO] Changes detected - recompiling the module!
[INFO] Compiling 41 source files to /home/gabsko/breaking-updates/ui-tests/target/test-classes
[WARNING] Unable to autodetect 'javac' path, using 'javac' from the environment.
[WARNING] [path] bad path element "/home/gabsko/.m2/repository/xalan/xalan/2.7.2/xercesImpl.jar": no such file or directory
[WARNING] [path] bad path element "/home/gabsko/.m2/repository/xalan/xalan/2.7.2/xml-apis.jar": no such file or directory
[WARNING] [path] bad path element "/home/gabsko/.m2/repository/xalan/xalan/2.7.2/serializer.jar": no such file or directory
[WARNING] [path] bad path element "/home/gabsko/.m2/repository/xalan/serializer/2.7.2/xml-apis.jar": no such file or directory
[WARNING] [path] bad path element "/home/gabsko/.m2/repository/javax/xml/soap/saaj-api/1.3/jaxp-api.jar": no such file or directory
[WARNING] [path] bad path element "/home/gabsko/.m2/repository/javax/xml/soap/saaj-api/1.3/jax-qname.jar": no such file or directory
[WARNING] [path] bad path element "/home/gabsko/.m2/repository/javax/xml/soap/saaj-api/1.3/activation.jar": no such file or directory
[WARNING] [path] bad path element "/home/gabsko/.m2/repository/javax/xml/soap/saaj-api/1.3/servlet.jar": no such file or directory
[WARNING] [options] bootstrap class path not set in conjunction with -source 8
[INFO] 
[INFO] --- jacoco-maven-plugin:0.8.7:prepare-agent (default) @ warnings-ng-ui-tests ---
[INFO] Skipping JaCoCo execution because property jacoco.skip is set.
[INFO] 
[INFO] --- maven-surefire-plugin:3.0.0-M4:test (default-test) @ warnings-ng-ui-tests ---
[INFO] Downloading from central: https://repo.maven.apache.org/maven2/org/junit/platform/junit-platform-engine/1.7.2/junit-platform-engine-1.7.2.jar
[INFO] Downloading from central: https://repo.maven.apache.org/maven2/org/apiguardian/apiguardian-api/1.1.0/apiguardian-api-1.1.0.jar
[INFO] Downloading from central: https://repo.maven.apache.org/maven2/org/junit/platform/junit-platform-commons/1.7.2/junit-platform-commons-1.7.2.jar
[INFO] Downloading from central: https://repo.maven.apache.org/maven2/org/apache/maven/surefire/maven-surefire-common/3.0.0-M4/maven-surefire-common-3.0.0-M4.jar
[INFO] Downloading from central: https://repo.maven.apache.org/maven2/org/apache/maven/surefire/surefire-api/3.0.0-M4/surefire-api-3.0.0-M4.jar
[INFO] Downloaded from central: https://repo.maven.apache.org/maven2/org/junit/platform/junit-platform-commons/1.7.2/junit-platform-commons-1.7.2.jar (0 B at 0 B/s)
[INFO] Downloading from central: https://repo.maven.apache.org/maven2/org/apache/maven/surefire/surefire-logger-api/3.0.0-M4/surefire-logger-api-3.0.0-M4.jar
[INFO] Downloaded from central: https://repo.maven.apache.org/maven2/org/apiguardian/apiguardian-api/1.1.0/apiguardian-api-1.1.0.jar (0 B at 0 B/s)
[INFO] Downloading from central: https://repo.maven.apache.org/maven2/org/apache/maven/surefire/surefire-extensions-api/3.0.0-M4/surefire-extensions-api-3.0.0-M4.jar
[INFO] Downloaded from central: https://repo.maven.apache.org/maven2/org/apache/maven/surefire/maven-surefire-common/3.0.0-M4/maven-surefire-common-3.0.0-M4.jar (0 B at 0 B/s)
[INFO] Downloading from central: https://repo.maven.apache.org/maven2/org/apache/maven/surefire/surefire-booter/3.0.0-M4/surefire-booter-3.0.0-M4.jar
[INFO] Downloaded from central: https://repo.maven.apache.org/maven2/org/apache/maven/surefire/surefire-api/3.0.0-M4/surefire-api-3.0.0-M4.jar (0 B at 0 B/s)
[INFO] Downloaded from central: https://repo.maven.apache.org/maven2/org/junit/platform/junit-platform-engine/1.7.2/junit-platform-engine-1.7.2.jar (0 B at 0 B/s)
[INFO] Downloading from central: https://repo.maven.apache.org/maven2/org/apache/maven/maven-toolchain/3.0-alpha-2/maven-toolchain-3.0-alpha-2.jar
[INFO] Downloading from central: https://repo.maven.apache.org/maven2/org/codehaus/plexus/plexus-java/1.0.3/plexus-java-1.0.3.jar
[INFO] Downloaded from central: https://repo.maven.apache.org/maven2/org/apache/maven/surefire/surefire-logger-api/3.0.0-M4/surefire-logger-api-3.0.0-M4.jar (0 B at 0 B/s)
[INFO] Downloaded from central: https://repo.maven.apache.org/maven2/org/apache/maven/surefire/surefire-extensions-api/3.0.0-M4/surefire-extensions-api-3.0.0-M4.jar (0 B at 0 B/s)
[INFO] Downloading from central: https://repo.maven.apache.org/maven2/org/ow2/asm/asm/7.0/asm-7.0.jar
[INFO] Downloaded from central: https://repo.maven.apache.org/maven2/org/apache/maven/surefire/surefire-booter/3.0.0-M4/surefire-booter-3.0.0-M4.jar (0 B at 0 B/s)
[INFO] Downloaded from central: https://repo.maven.apache.org/maven2/org/codehaus/plexus/plexus-java/1.0.3/plexus-java-1.0.3.jar (0 B at 0 B/s)
[INFO] Downloaded from central: https://repo.maven.apache.org/maven2/org/ow2/asm/asm/7.0/asm-7.0.jar (0 B at 0 B/s)
[INFO] Downloaded from central: https://repo.maven.apache.org/maven2/org/apache/maven/maven-toolchain/3.0-alpha-2/maven-toolchain-3.0-alpha-2.jar (0 B at 0 B/s)
[INFO] Downloading from central: https://repo.maven.apache.org/maven2/org/apache/maven/surefire/surefire-booter/3.0.0-M4/surefire-booter-3.0.0-M4.pom
[INFO] Downloaded from central: https://repo.maven.apache.org/maven2/org/apache/maven/surefire/surefire-booter/3.0.0-M4/surefire-booter-3.0.0-M4.pom (0 B at 0 B/s)
[INFO] Downloading from central: https://repo.maven.apache.org/maven2/org/apache/maven/surefire/surefire/3.0.0-M4/surefire-3.0.0-M4.pom
[INFO] Downloaded from central: https://repo.maven.apache.org/maven2/org/apache/maven/surefire/surefire/3.0.0-M4/surefire-3.0.0-M4.pom (0 B at 0 B/s)
[INFO] Downloading from central: https://repo.maven.apache.org/maven2/org/apache/maven/surefire/surefire-api/3.0.0-M4/surefire-api-3.0.0-M4.pom
[INFO] Downloaded from central: https://repo.maven.apache.org/maven2/org/apache/maven/surefire/surefire-api/3.0.0-M4/surefire-api-3.0.0-M4.pom (0 B at 0 B/s)
[INFO] Downloading from central: https://repo.maven.apache.org/maven2/org/apache/maven/surefire/surefire-logger-api/3.0.0-M4/surefire-logger-api-3.0.0-M4.pom
[INFO] Downloaded from central: https://repo.maven.apache.org/maven2/org/apache/maven/surefire/surefire-logger-api/3.0.0-M4/surefire-logger-api-3.0.0-M4.pom (0 B at 0 B/s)
[INFO] Downloading from central: https://repo.maven.apache.org/maven2/org/apache/maven/surefire/surefire-junit-platform/3.0.0-M4/surefire-junit-platform-3.0.0-M4.jar
[INFO] Downloaded from central: https://repo.maven.apache.org/maven2/org/apache/maven/surefire/surefire-junit-platform/3.0.0-M4/surefire-junit-platform-3.0.0-M4.jar (0 B at 0 B/s)
[INFO] Downloading from central: https://repo.maven.apache.org/maven2/org/apache/maven/surefire/surefire-junit-platform/3.0.0-M4/surefire-junit-platform-3.0.0-M4.pom
[INFO] Downloaded from central: https://repo.maven.apache.org/maven2/org/apache/maven/surefire/surefire-junit-platform/3.0.0-M4/surefire-junit-platform-3.0.0-M4.pom (0 B at 0 B/s)
[INFO] Downloading from central: https://repo.maven.apache.org/maven2/org/apache/maven/surefire/surefire-providers/3.0.0-M4/surefire-providers-3.0.0-M4.pom
[INFO] Downloaded from central: https://repo.maven.apache.org/maven2/org/apache/maven/surefire/surefire-providers/3.0.0-M4/surefire-providers-3.0.0-M4.pom (0 B at 0 B/s)
[INFO] Downloading from central: https://repo.maven.apache.org/maven2/org/apache/maven/surefire/common-java5/3.0.0-M4/common-java5-3.0.0-M4.pom
[INFO] Downloaded from central: https://repo.maven.apache.org/maven2/org/apache/maven/surefire/common-java5/3.0.0-M4/common-java5-3.0.0-M4.pom (0 B at 0 B/s)
[INFO] Downloading from central: https://repo.maven.apache.org/maven2/org/junit/platform/junit-platform-launcher/1.3.2/junit-platform-launcher-1.3.2.pom
[INFO] Downloaded from central: https://repo.maven.apache.org/maven2/org/junit/platform/junit-platform-launcher/1.3.2/junit-platform-launcher-1.3.2.pom (0 B at 0 B/s)
[INFO] Downloading from central: https://repo.maven.apache.org/maven2/org/apiguardian/apiguardian-api/1.0.0/apiguardian-api-1.0.0.pom
[INFO] Downloaded from central: https://repo.maven.apache.org/maven2/org/apiguardian/apiguardian-api/1.0.0/apiguardian-api-1.0.0.pom (0 B at 0 B/s)
[INFO] Downloading from central: https://repo.maven.apache.org/maven2/org/junit/platform/junit-platform-engine/1.3.2/junit-platform-engine-1.3.2.pom
[INFO] Downloaded from central: https://repo.maven.apache.org/maven2/org/junit/platform/junit-platform-engine/1.3.2/junit-platform-engine-1.3.2.pom (0 B at 0 B/s)
[INFO] Downloading from central: https://repo.maven.apache.org/maven2/org/junit/platform/junit-platform-commons/1.3.2/junit-platform-commons-1.3.2.pom
[INFO] Downloaded from central: https://repo.maven.apache.org/maven2/org/junit/platform/junit-platform-commons/1.3.2/junit-platform-commons-1.3.2.pom (0 B at 0 B/s)
[INFO] Downloading from central: https://repo.maven.apache.org/maven2/org/opentest4j/opentest4j/1.1.1/opentest4j-1.1.1.pom
[INFO] Downloaded from central: https://repo.maven.apache.org/maven2/org/opentest4j/opentest4j/1.1.1/opentest4j-1.1.1.pom (0 B at 0 B/s)
[INFO] Downloading from central: https://repo.maven.apache.org/maven2/org/junit/jupiter/junit-jupiter-engine/5.3.2/junit-jupiter-engine-5.3.2.pom
[INFO] Downloaded from central: https://repo.maven.apache.org/maven2/org/junit/jupiter/junit-jupiter-engine/5.3.2/junit-jupiter-engine-5.3.2.pom (0 B at 0 B/s)
[INFO] Downloading from central: https://repo.maven.apache.org/maven2/org/junit/jupiter/junit-jupiter-api/5.3.2/junit-jupiter-api-5.3.2.pom
[INFO] Downloaded from central: https://repo.maven.apache.org/maven2/org/junit/jupiter/junit-jupiter-api/5.3.2/junit-jupiter-api-5.3.2.pom (0 B at 0 B/s)
[INFO] Downloading from central: https://repo.maven.apache.org/maven2/org/junit/jupiter/junit-jupiter-params/5.3.2/junit-jupiter-params-5.3.2.pom
[INFO] Downloaded from central: https://repo.maven.apache.org/maven2/org/junit/jupiter/junit-jupiter-params/5.3.2/junit-jupiter-params-5.3.2.pom (0 B at 0 B/s)
[INFO] Downloading from central: https://repo.maven.apache.org/maven2/org/mockito/mockito-core/2.27.0/mockito-core-2.27.0.pom
[INFO] Downloaded from central: https://repo.maven.apache.org/maven2/org/mockito/mockito-core/2.27.0/mockito-core-2.27.0.pom (0 B at 0 B/s)
[INFO] Downloading from central: https://repo.maven.apache.org/maven2/net/bytebuddy/byte-buddy/1.9.10/byte-buddy-1.9.10.pom
[INFO] Downloaded from central: https://repo.maven.apache.org/maven2/net/bytebuddy/byte-buddy/1.9.10/byte-buddy-1.9.10.pom (0 B at 0 B/s)
[INFO] Downloading from central: https://repo.maven.apache.org/maven2/net/bytebuddy/byte-buddy-parent/1.9.10/byte-buddy-parent-1.9.10.pom
[INFO] Downloaded from central: https://repo.maven.apache.org/maven2/net/bytebuddy/byte-buddy-parent/1.9.10/byte-buddy-parent-1.9.10.pom (0 B at 0 B/s)
[INFO] Downloading from central: https://repo.maven.apache.org/maven2/net/bytebuddy/byte-buddy-agent/1.9.10/byte-buddy-agent-1.9.10.pom
[INFO] Downloaded from central: https://repo.maven.apache.org/maven2/net/bytebuddy/byte-buddy-agent/1.9.10/byte-buddy-agent-1.9.10.pom (0 B at 0 B/s)
[INFO] Downloading from central: https://repo.maven.apache.org/maven2/org/powermock/powermock-reflect/2.0.4/powermock-reflect-2.0.4.pom
[INFO] Downloaded from central: https://repo.maven.apache.org/maven2/org/powermock/powermock-reflect/2.0.4/powermock-reflect-2.0.4.pom (0 B at 0 B/s)
[INFO] Downloading from central: https://repo.maven.apache.org/maven2/org/objenesis/objenesis/3.0.1/objenesis-3.0.1.pom
[INFO] Downloaded from central: https://repo.maven.apache.org/maven2/org/objenesis/objenesis/3.0.1/objenesis-3.0.1.pom (0 B at 0 B/s)
[INFO] Downloading from central: https://repo.maven.apache.org/maven2/org/objenesis/objenesis-parent/3.0.1/objenesis-parent-3.0.1.pom
[INFO] Downloaded from central: https://repo.maven.apache.org/maven2/org/objenesis/objenesis-parent/3.0.1/objenesis-parent-3.0.1.pom (0 B at 0 B/s)
[INFO] Downloading from central: https://repo.maven.apache.org/maven2/org/assertj/assertj-core/3.9.1/assertj-core-3.9.1.pom
[INFO] Downloaded from central: https://repo.maven.apache.org/maven2/org/assertj/assertj-core/3.9.1/assertj-core-3.9.1.pom (0 B at 0 B/s)
[INFO] Downloading from central: https://repo.maven.apache.org/maven2/org/assertj/assertj-parent-pom/2.1.9/assertj-parent-pom-2.1.9.pom
[INFO] Downloaded from central: https://repo.maven.apache.org/maven2/org/assertj/assertj-parent-pom/2.1.9/assertj-parent-pom-2.1.9.pom (0 B at 0 B/s)
[INFO] Downloading from central: https://repo.maven.apache.org/maven2/junit/junit/4.12/junit-4.12.pom
[INFO] Downloaded from central: https://repo.maven.apache.org/maven2/junit/junit/4.12/junit-4.12.pom (0 B at 0 B/s)
[INFO] Downloading from central: https://repo.maven.apache.org/maven2/org/hamcrest/hamcrest-library/1.3/hamcrest-library-1.3.pom
[INFO] Downloaded from central: https://repo.maven.apache.org/maven2/org/hamcrest/hamcrest-library/1.3/hamcrest-library-1.3.pom (0 B at 0 B/s)
[INFO] Downloading from central: https://repo.maven.apache.org/maven2/org/easytesting/fest-assert/1.4/fest-assert-1.4.pom
[INFO] Downloaded from central: https://repo.maven.apache.org/maven2/org/easytesting/fest-assert/1.4/fest-assert-1.4.pom (0 B at 0 B/s)
[INFO] Downloading from central: https://repo.maven.apache.org/maven2/org/easytesting/fest/1.0.8/fest-1.0.8.pom
[INFO] Downloaded from central: https://repo.maven.apache.org/maven2/org/easytesting/fest/1.0.8/fest-1.0.8.pom (0 B at 0 B/s)
[INFO] Downloading from central: https://repo.maven.apache.org/maven2/org/easytesting/fest-util/1.1.6/fest-util-1.1.6.pom
[INFO] Downloaded from central: https://repo.maven.apache.org/maven2/org/easytesting/fest-util/1.1.6/fest-util-1.1.6.pom (0 B at 0 B/s)
[INFO] Downloading from central: https://repo.maven.apache.org/maven2/org/apache/maven/surefire/common-java5/3.0.0-M4/common-java5-3.0.0-M4.jar
[INFO] Downloading from central: https://repo.maven.apache.org/maven2/org/junit/platform/junit-platform-engine/1.3.2/junit-platform-engine-1.3.2.jar
[INFO] Downloading from central: https://repo.maven.apache.org/maven2/org/junit/platform/junit-platform-launcher/1.3.2/junit-platform-launcher-1.3.2.jar
[INFO] Downloading from central: https://repo.maven.apache.org/maven2/org/apiguardian/apiguardian-api/1.0.0/apiguardian-api-1.0.0.jar
[INFO] Downloading from central: https://repo.maven.apache.org/maven2/org/junit/platform/junit-platform-commons/1.3.2/junit-platform-commons-1.3.2.jar
[INFO] Downloaded from central: https://repo.maven.apache.org/maven2/org/junit/platform/junit-platform-launcher/1.3.2/junit-platform-launcher-1.3.2.jar (0 B at 0 B/s)
[INFO] Downloaded from central: https://repo.maven.apache.org/maven2/org/apiguardian/apiguardian-api/1.0.0/apiguardian-api-1.0.0.jar (0 B at 0 B/s)
[INFO] Downloaded from central: https://repo.maven.apache.org/maven2/org/apache/maven/surefire/common-java5/3.0.0-M4/common-java5-3.0.0-M4.jar (0 B at 0 B/s)
[INFO] Downloaded from central: https://repo.maven.apache.org/maven2/org/junit/platform/junit-platform-engine/1.3.2/junit-platform-engine-1.3.2.jar (0 B at 0 B/s)
[INFO] Downloaded from central: https://repo.maven.apache.org/maven2/org/junit/platform/junit-platform-commons/1.3.2/junit-platform-commons-1.3.2.jar (0 B at 0 B/s)
[INFO] Downloading from central: https://repo.maven.apache.org/maven2/org/opentest4j/opentest4j/1.1.1/opentest4j-1.1.1.jar
[INFO] Downloaded from central: https://repo.maven.apache.org/maven2/org/opentest4j/opentest4j/1.1.1/opentest4j-1.1.1.jar (0 B at 0 B/s)
[INFO] Downloading from maven.jenkins-ci.org: https://repo.jenkins-ci.org/releases/org/junit/platform/junit-platform-launcher/1.8.2/junit-platform-launcher-1.8.2.pom
[INFO] Downloading from incrementals.jenkins-ci.org: https://repo.jenkins-ci.org/incrementals/org/junit/platform/junit-platform-launcher/1.8.2/junit-platform-launcher-1.8.2.pom
[INFO] Downloading from central: https://repo.maven.apache.org/maven2/org/junit/platform/junit-platform-launcher/1.8.2/junit-platform-launcher-1.8.2.pom
[INFO] Downloaded from central: https://repo.maven.apache.org/maven2/org/junit/platform/junit-platform-launcher/1.8.2/junit-platform-launcher-1.8.2.pom (0 B at 0 B/s)
[INFO] 
[INFO] -------------------------------------------------------
[INFO]  T E S T S
[INFO] -------------------------------------------------------
[INFO] Running io.jenkins.plugins.analysis.warnings.SmokeTests
Downloading: https://repo.jenkins-ci.org/public/org/jenkins-ci/main/jenkins-war/2.303.3/jenkins-war-2.303.3.war
Downloaded: https://repo.jenkins-ci.org/public/org/jenkins-ci/main/jenkins-war/2.303.3/jenkins-war-2.303.3.war (70643 KB at 4753.2 KB/sec)
Downloading: https://repo.jenkins-ci.org/public/org/jenkins-ci/plugins/form-element-path/1.10/form-element-path-1.10.hpi
Downloaded: https://repo.jenkins-ci.org/public/org/jenkins-ci/plugins/form-element-path/1.10/form-element-path-1.10.hpi (8 KB at 15.8 KB/sec)
2023-02-07 09:52:46,627 [main] INFO   (DefaultHttpProxyServer.java:485) org.littleshoot.proxy.impl.DefaultHttpProxyServer - Starting proxy at address: 0.0.0.0/0.0.0.0:0
2023-02-07 09:52:46,646 [main] INFO   (DefaultHttpProxyServer.java:514) org.littleshoot.proxy.impl.DefaultHttpProxyServer - Proxy listening with TCP transport
2023-02-07 09:52:46,761 [main] INFO   (DefaultHttpProxyServer.java:540) org.littleshoot.proxy.impl.DefaultHttpProxyServer - Proxy started at address: /0:0:0:0:0:0:0:0:33275
[ERROR] Tests run: 2, Failures: 0, Errors: 2, Skipped: 0, Time elapsed: 16.906 s <<< FAILURE! - in io.jenkins.plugins.analysis.warnings.SmokeTests
[ERROR] io.jenkins.plugins.analysis.warnings.SmokeTests.shouldRecordIssuesInPipelineAndExpandTokens  Time elapsed: 16.726 s  <<< ERROR!
com.google.inject.ProvisionException: 
Unable to provision, see the following errors:

1) Error in custom provider, java.io.IOException: Failed to pull image selenium/standalone-firefox-debug:3.141.59
Got permission denied while trying to connect to the Docker daemon socket at unix:///var/run/docker.sock: Post "http://%2Fvar%2Frun%2Fdocker.sock/v1.24/images/create?fromImage=selenium%2Fstandalone-firefox-debug&tag=3.141.59": dial unix /var/run/docker.sock: connect: permission denied

  at org.jenkinsci.test.acceptance.FallbackConfig.createWebDriver(FallbackConfig.java:326) (via modules: org.jenkinsci.test.acceptance.guice.World -> com.google.inject.util.Modules$OverrideModule -> com.google.inject.util.Modules$OverrideModule -> org.jenkinsci.test.acceptance.FallbackConfig)
  at org.jenkinsci.test.acceptance.FallbackConfig.createWebDriver(FallbackConfig.java:326) (via modules: org.jenkinsci.test.acceptance.guice.World -> com.google.inject.util.Modules$OverrideModule -> com.google.inject.util.Modules$OverrideModule -> org.jenkinsci.test.acceptance.FallbackConfig)
  while locating org.openqa.selenium.WebDriver
    for field at org.jenkinsci.test.acceptance.junit.DiagnosticRule.driver(DiagnosticRule.java:18)
  while locating org.jenkinsci.test.acceptance.junit.DiagnosticRule

1 error
	at com.google.inject.internal.InjectorImpl$2.get(InjectorImpl.java:1025)
	at com.google.inject.internal.InjectorImpl.getInstance(InjectorImpl.java:1051)
	at org.jenkinsci.test.acceptance.junit.JenkinsAcceptanceTestRule$1.addRule(JenkinsAcceptanceTestRule.java:151)
	at org.jenkinsci.test.acceptance.junit.JenkinsAcceptanceTestRule$1.collectGlobalRules(JenkinsAcceptanceTestRule.java:125)
	at org.jenkinsci.test.acceptance.junit.JenkinsAcceptanceTestRule$1.decorateWithRules(JenkinsAcceptanceTestRule.java:92)
	at org.jenkinsci.test.acceptance.junit.JenkinsAcceptanceTestRule$1.evaluate(JenkinsAcceptanceTestRule.java:58)
	at org.junit.runners.ParentRunner$3.evaluate(ParentRunner.java:306)
	at org.junit.runners.BlockJUnit4ClassRunner$1.evaluate(BlockJUnit4ClassRunner.java:100)
	at org.junit.runners.ParentRunner.runLeaf(ParentRunner.java:366)
	at org.junit.runners.BlockJUnit4ClassRunner.runChild(BlockJUnit4ClassRunner.java:103)
	at org.junit.runners.BlockJUnit4ClassRunner.runChild(BlockJUnit4ClassRunner.java:63)
	at org.junit.runners.ParentRunner$4.run(ParentRunner.java:331)
	at org.junit.runners.ParentRunner$1.schedule(ParentRunner.java:79)
	at org.junit.runners.ParentRunner.runChildren(ParentRunner.java:329)
	at org.junit.runners.ParentRunner.access$100(ParentRunner.java:66)
	at org.junit.runners.ParentRunner$2.evaluate(ParentRunner.java:293)
	at org.junit.runners.ParentRunner$3.evaluate(ParentRunner.java:306)
	at org.junit.runners.ParentRunner.run(ParentRunner.java:413)
	at org.junit.runner.JUnitCore.run(JUnitCore.java:137)
	at org.junit.runner.JUnitCore.run(JUnitCore.java:115)
	at org.junit.vintage.engine.execution.RunnerExecutor.execute(RunnerExecutor.java:42)
	at org.junit.vintage.engine.VintageTestEngine.executeAllChildren(VintageTestEngine.java:80)
	at org.junit.vintage.engine.VintageTestEngine.execute(VintageTestEngine.java:72)
	at org.junit.platform.launcher.core.EngineExecutionOrchestrator.execute(EngineExecutionOrchestrator.java:107)
	at org.junit.platform.launcher.core.EngineExecutionOrchestrator.execute(EngineExecutionOrchestrator.java:88)
	at org.junit.platform.launcher.core.EngineExecutionOrchestrator.lambda$execute$0(EngineExecutionOrchestrator.java:54)
	at org.junit.platform.launcher.core.EngineExecutionOrchestrator.withInterceptedStreams(EngineExecutionOrchestrator.java:67)
	at org.junit.platform.launcher.core.EngineExecutionOrchestrator.execute(EngineExecutionOrchestrator.java:52)
	at org.junit.platform.launcher.core.DefaultLauncher.execute(DefaultLauncher.java:114)
	at org.junit.platform.launcher.core.DefaultLauncher.execute(DefaultLauncher.java:86)
	at org.junit.platform.launcher.core.DefaultLauncherSession$DelegatingLauncher.execute(DefaultLauncherSession.java:86)
	at org.junit.platform.launcher.core.SessionPerRequestLauncher.execute(SessionPerRequestLauncher.java:53)
	at org.apache.maven.surefire.junitplatform.JUnitPlatformProvider.invokeAllTests(JUnitPlatformProvider.java:154)
	at org.apache.maven.surefire.junitplatform.JUnitPlatformProvider.invoke(JUnitPlatformProvider.java:123)
	at org.apache.maven.surefire.booter.ForkedBooter.runSuitesInProcess(ForkedBooter.java:377)
	at org.apache.maven.surefire.booter.ForkedBooter.execute(ForkedBooter.java:138)
	at org.apache.maven.surefire.booter.ForkedBooter.run(ForkedBooter.java:465)
	at org.apache.maven.surefire.booter.ForkedBooter.main(ForkedBooter.java:451)
Caused by: java.io.IOException: Failed to pull image selenium/standalone-firefox-debug:3.141.59
Got permission denied while trying to connect to the Docker daemon socket at unix:///var/run/docker.sock: Post "http://%2Fvar%2Frun%2Fdocker.sock/v1.24/images/create?fromImage=selenium%2Fstandalone-firefox-debug&tag=3.141.59": dial unix /var/run/docker.sock: connect: permission denied

	at org.jenkinsci.utils.process.ProcessInputStream.verifyOrDieWith(ProcessInputStream.java:96)
	at org.jenkinsci.test.acceptance.FallbackConfig.createContainerWebDriver(FallbackConfig.java:225)
	at org.jenkinsci.test.acceptance.FallbackConfig.createWebDriver(FallbackConfig.java:126)
	at org.jenkinsci.test.acceptance.FallbackConfig.createWebDriver(FallbackConfig.java:326)
	at org.jenkinsci.test.acceptance.FallbackConfig$$FastClassByGuice$$1b1c975b.invoke(<generated>)
	at com.google.inject.internal.ProviderMethod$FastClassProviderMethod.doProvision(ProviderMethod.java:272)
	at com.google.inject.internal.ProviderMethod.get(ProviderMethod.java:172)
	at com.google.inject.internal.ProviderInternalFactory.provision(ProviderInternalFactory.java:81)
	at com.google.inject.internal.InternalFactoryToInitializableAdapter.provision(InternalFactoryToInitializableAdapter.java:53)
	at com.google.inject.internal.ProviderInternalFactory.circularGet(ProviderInternalFactory.java:61)
	at com.google.inject.internal.InternalFactoryToInitializableAdapter.get(InternalFactoryToInitializableAdapter.java:45)
	at com.google.inject.internal.ProviderToInternalFactoryAdapter$1.call(ProviderToInternalFactoryAdapter.java:46)
	at com.google.inject.internal.InjectorImpl.callInContext(InjectorImpl.java:1103)
	at com.google.inject.internal.ProviderToInternalFactoryAdapter.get(ProviderToInternalFactoryAdapter.java:40)
	at org.jenkinsci.test.acceptance.guice.TestLifecycle$1.get(TestLifecycle.java:61)
	at com.google.inject.internal.InternalFactoryToProviderAdapter.get(InternalFactoryToProviderAdapter.java:41)
	at com.google.inject.internal.SingleFieldInjector.inject(SingleFieldInjector.java:54)
	at com.google.inject.internal.MembersInjectorImpl.injectMembers(MembersInjectorImpl.java:132)
	at com.google.inject.internal.ConstructorInjector.provision(ConstructorInjector.java:114)
	at com.google.inject.internal.ConstructorInjector.construct(ConstructorInjector.java:85)
	at com.google.inject.internal.ConstructorBindingImpl$Factory.get(ConstructorBindingImpl.java:267)
	at com.google.inject.internal.InjectorImpl$2$1.call(InjectorImpl.java:1016)
	at com.google.inject.internal.InjectorImpl.callInContext(InjectorImpl.java:1092)
	at com.google.inject.internal.InjectorImpl$2.get(InjectorImpl.java:1012)
	... 37 more

[ERROR] io.jenkins.plugins.analysis.warnings.SmokeTests.shouldShowBuildSummaryAndLinkToDetails  Time elapsed: 0.16 s  <<< ERROR!
com.google.inject.ProvisionException: 
Unable to provision, see the following errors:

1) Error in custom provider, java.io.IOException: Failed to pull image selenium/standalone-firefox-debug:3.141.59
Got permission denied while trying to connect to the Docker daemon socket at unix:///var/run/docker.sock: Post "http://%2Fvar%2Frun%2Fdocker.sock/v1.24/images/create?fromImage=selenium%2Fstandalone-firefox-debug&tag=3.141.59": dial unix /var/run/docker.sock: connect: permission denied

  at org.jenkinsci.test.acceptance.FallbackConfig.createWebDriver(FallbackConfig.java:326) (via modules: org.jenkinsci.test.acceptance.guice.World -> com.google.inject.util.Modules$OverrideModule -> com.google.inject.util.Modules$OverrideModule -> org.jenkinsci.test.acceptance.FallbackConfig)
  at org.jenkinsci.test.acceptance.FallbackConfig.createWebDriver(FallbackConfig.java:326) (via modules: org.jenkinsci.test.acceptance.guice.World -> com.google.inject.util.Modules$OverrideModule -> com.google.inject.util.Modules$OverrideModule -> org.jenkinsci.test.acceptance.FallbackConfig)
  while locating org.openqa.selenium.WebDriver
    for field at org.jenkinsci.test.acceptance.junit.DiagnosticRule.driver(DiagnosticRule.java:18)
  while locating org.jenkinsci.test.acceptance.junit.DiagnosticRule

1 error
	at com.google.inject.internal.InjectorImpl$2.get(InjectorImpl.java:1025)
	at com.google.inject.internal.InjectorImpl.getInstance(InjectorImpl.java:1051)
	at org.jenkinsci.test.acceptance.junit.JenkinsAcceptanceTestRule$1.addRule(JenkinsAcceptanceTestRule.java:151)
	at org.jenkinsci.test.acceptance.junit.JenkinsAcceptanceTestRule$1.collectGlobalRules(JenkinsAcceptanceTestRule.java:125)
	at org.jenkinsci.test.acceptance.junit.JenkinsAcceptanceTestRule$1.decorateWithRules(JenkinsAcceptanceTestRule.java:92)
	at org.jenkinsci.test.acceptance.junit.JenkinsAcceptanceTestRule$1.evaluate(JenkinsAcceptanceTestRule.java:58)
	at org.junit.runners.ParentRunner$3.evaluate(ParentRunner.java:306)
	at org.junit.runners.BlockJUnit4ClassRunner$1.evaluate(BlockJUnit4ClassRunner.java:100)
	at org.junit.runners.ParentRunner.runLeaf(ParentRunner.java:366)
	at org.junit.runners.BlockJUnit4ClassRunner.runChild(BlockJUnit4ClassRunner.java:103)
	at org.junit.runners.BlockJUnit4ClassRunner.runChild(BlockJUnit4ClassRunner.java:63)
	at org.junit.runners.ParentRunner$4.run(ParentRunner.java:331)
	at org.junit.runners.ParentRunner$1.schedule(ParentRunner.java:79)
	at org.junit.runners.ParentRunner.runChildren(ParentRunner.java:329)
	at org.junit.runners.ParentRunner.access$100(ParentRunner.java:66)
	at org.junit.runners.ParentRunner$2.evaluate(ParentRunner.java:293)
	at org.junit.runners.ParentRunner$3.evaluate(ParentRunner.java:306)
	at org.junit.runners.ParentRunner.run(ParentRunner.java:413)
	at org.junit.runner.JUnitCore.run(JUnitCore.java:137)
	at org.junit.runner.JUnitCore.run(JUnitCore.java:115)
	at org.junit.vintage.engine.execution.RunnerExecutor.execute(RunnerExecutor.java:42)
	at org.junit.vintage.engine.VintageTestEngine.executeAllChildren(VintageTestEngine.java:80)
	at org.junit.vintage.engine.VintageTestEngine.execute(VintageTestEngine.java:72)
	at org.junit.platform.launcher.core.EngineExecutionOrchestrator.execute(EngineExecutionOrchestrator.java:107)
	at org.junit.platform.launcher.core.EngineExecutionOrchestrator.execute(EngineExecutionOrchestrator.java:88)
	at org.junit.platform.launcher.core.EngineExecutionOrchestrator.lambda$execute$0(EngineExecutionOrchestrator.java:54)
	at org.junit.platform.launcher.core.EngineExecutionOrchestrator.withInterceptedStreams(EngineExecutionOrchestrator.java:67)
	at org.junit.platform.launcher.core.EngineExecutionOrchestrator.execute(EngineExecutionOrchestrator.java:52)
	at org.junit.platform.launcher.core.DefaultLauncher.execute(DefaultLauncher.java:114)
	at org.junit.platform.launcher.core.DefaultLauncher.execute(DefaultLauncher.java:86)
	at org.junit.platform.launcher.core.DefaultLauncherSession$DelegatingLauncher.execute(DefaultLauncherSession.java:86)
	at org.junit.platform.launcher.core.SessionPerRequestLauncher.execute(SessionPerRequestLauncher.java:53)
	at org.apache.maven.surefire.junitplatform.JUnitPlatformProvider.invokeAllTests(JUnitPlatformProvider.java:154)
	at org.apache.maven.surefire.junitplatform.JUnitPlatformProvider.invoke(JUnitPlatformProvider.java:123)
	at org.apache.maven.surefire.booter.ForkedBooter.runSuitesInProcess(ForkedBooter.java:377)
	at org.apache.maven.surefire.booter.ForkedBooter.execute(ForkedBooter.java:138)
	at org.apache.maven.surefire.booter.ForkedBooter.run(ForkedBooter.java:465)
	at org.apache.maven.surefire.booter.ForkedBooter.main(ForkedBooter.java:451)
Caused by: java.io.IOException: Failed to pull image selenium/standalone-firefox-debug:3.141.59
Got permission denied while trying to connect to the Docker daemon socket at unix:///var/run/docker.sock: Post "http://%2Fvar%2Frun%2Fdocker.sock/v1.24/images/create?fromImage=selenium%2Fstandalone-firefox-debug&tag=3.141.59": dial unix /var/run/docker.sock: connect: permission denied

	at org.jenkinsci.utils.process.ProcessInputStream.verifyOrDieWith(ProcessInputStream.java:96)
	at org.jenkinsci.test.acceptance.FallbackConfig.createContainerWebDriver(FallbackConfig.java:225)
	at org.jenkinsci.test.acceptance.FallbackConfig.createWebDriver(FallbackConfig.java:126)
	at org.jenkinsci.test.acceptance.FallbackConfig.createWebDriver(FallbackConfig.java:326)
	at org.jenkinsci.test.acceptance.FallbackConfig$$FastClassByGuice$$1b1c975b.invoke(<generated>)
	at com.google.inject.internal.ProviderMethod$FastClassProviderMethod.doProvision(ProviderMethod.java:272)
	at com.google.inject.internal.ProviderMethod.get(ProviderMethod.java:172)
	at com.google.inject.internal.ProviderInternalFactory.provision(ProviderInternalFactory.java:81)
	at com.google.inject.internal.InternalFactoryToInitializableAdapter.provision(InternalFactoryToInitializableAdapter.java:53)
	at com.google.inject.internal.ProviderInternalFactory.circularGet(ProviderInternalFactory.java:61)
	at com.google.inject.internal.InternalFactoryToInitializableAdapter.get(InternalFactoryToInitializableAdapter.java:45)
	at com.google.inject.internal.ProviderToInternalFactoryAdapter$1.call(ProviderToInternalFactoryAdapter.java:46)
	at com.google.inject.internal.InjectorImpl.callInContext(InjectorImpl.java:1103)
	at com.google.inject.internal.ProviderToInternalFactoryAdapter.get(ProviderToInternalFactoryAdapter.java:40)
	at org.jenkinsci.test.acceptance.guice.TestLifecycle$1.get(TestLifecycle.java:61)
	at com.google.inject.internal.InternalFactoryToProviderAdapter.get(InternalFactoryToProviderAdapter.java:41)
	at com.google.inject.internal.SingleFieldInjector.inject(SingleFieldInjector.java:54)
	at com.google.inject.internal.MembersInjectorImpl.injectMembers(MembersInjectorImpl.java:132)
	at com.google.inject.internal.ConstructorInjector.provision(ConstructorInjector.java:114)
	at com.google.inject.internal.ConstructorInjector.construct(ConstructorInjector.java:85)
	at com.google.inject.internal.ConstructorBindingImpl$Factory.get(ConstructorBindingImpl.java:267)
	at com.google.inject.internal.InjectorImpl$2$1.call(InjectorImpl.java:1016)
	at com.google.inject.internal.InjectorImpl.callInContext(InjectorImpl.java:1092)
	at com.google.inject.internal.InjectorImpl$2.get(InjectorImpl.java:1012)
	... 37 more

[INFO] Running io.jenkins.plugins.analysis.warnings.SmokeTests
[ERROR] Tests run: 2, Failures: 0, Errors: 2, Skipped: 0, Time elapsed: 0.296 s <<< FAILURE! - in io.jenkins.plugins.analysis.warnings.SmokeTests
[ERROR] io.jenkins.plugins.analysis.warnings.SmokeTests.shouldRecordIssuesInPipelineAndExpandTokens  Time elapsed: 0.137 s  <<< ERROR!
com.google.inject.ProvisionException: 
Unable to provision, see the following errors:

1) Error in custom provider, java.io.IOException: Failed to pull image selenium/standalone-firefox-debug:3.141.59
Got permission denied while trying to connect to the Docker daemon socket at unix:///var/run/docker.sock: Post "http://%2Fvar%2Frun%2Fdocker.sock/v1.24/images/create?fromImage=selenium%2Fstandalone-firefox-debug&tag=3.141.59": dial unix /var/run/docker.sock: connect: permission denied

  at org.jenkinsci.test.acceptance.FallbackConfig.createWebDriver(FallbackConfig.java:326) (via modules: org.jenkinsci.test.acceptance.guice.World -> com.google.inject.util.Modules$OverrideModule -> com.google.inject.util.Modules$OverrideModule -> org.jenkinsci.test.acceptance.FallbackConfig)
  at org.jenkinsci.test.acceptance.FallbackConfig.createWebDriver(FallbackConfig.java:326) (via modules: org.jenkinsci.test.acceptance.guice.World -> com.google.inject.util.Modules$OverrideModule -> com.google.inject.util.Modules$OverrideModule -> org.jenkinsci.test.acceptance.FallbackConfig)
  while locating org.openqa.selenium.WebDriver
    for field at org.jenkinsci.test.acceptance.junit.DiagnosticRule.driver(DiagnosticRule.java:18)
  while locating org.jenkinsci.test.acceptance.junit.DiagnosticRule

1 error
	at com.google.inject.internal.InjectorImpl$2.get(InjectorImpl.java:1025)
	at com.google.inject.internal.InjectorImpl.getInstance(InjectorImpl.java:1051)
	at org.jenkinsci.test.acceptance.junit.JenkinsAcceptanceTestRule$1.addRule(JenkinsAcceptanceTestRule.java:151)
	at org.jenkinsci.test.acceptance.junit.JenkinsAcceptanceTestRule$1.collectGlobalRules(JenkinsAcceptanceTestRule.java:125)
	at org.jenkinsci.test.acceptance.junit.JenkinsAcceptanceTestRule$1.decorateWithRules(JenkinsAcceptanceTestRule.java:92)
	at org.jenkinsci.test.acceptance.junit.JenkinsAcceptanceTestRule$1.evaluate(JenkinsAcceptanceTestRule.java:58)
	at org.junit.runners.ParentRunner$3.evaluate(ParentRunner.java:306)
	at org.junit.runners.BlockJUnit4ClassRunner$1.evaluate(BlockJUnit4ClassRunner.java:100)
	at org.junit.runners.ParentRunner.runLeaf(ParentRunner.java:366)
	at org.junit.runners.BlockJUnit4ClassRunner.runChild(BlockJUnit4ClassRunner.java:103)
	at org.junit.runners.BlockJUnit4ClassRunner.runChild(BlockJUnit4ClassRunner.java:63)
	at org.junit.runners.ParentRunner$4.run(ParentRunner.java:331)
	at org.junit.runners.ParentRunner$1.schedule(ParentRunner.java:79)
	at org.junit.runners.ParentRunner.runChildren(ParentRunner.java:329)
	at org.junit.runners.ParentRunner.access$100(ParentRunner.java:66)
	at org.junit.runners.ParentRunner$2.evaluate(ParentRunner.java:293)
	at org.junit.runners.ParentRunner$3.evaluate(ParentRunner.java:306)
	at org.junit.runners.ParentRunner.run(ParentRunner.java:413)
	at org.junit.runner.JUnitCore.run(JUnitCore.java:137)
	at org.junit.runner.JUnitCore.run(JUnitCore.java:115)
	at org.junit.vintage.engine.execution.RunnerExecutor.execute(RunnerExecutor.java:42)
	at org.junit.vintage.engine.VintageTestEngine.executeAllChildren(VintageTestEngine.java:80)
	at org.junit.vintage.engine.VintageTestEngine.execute(VintageTestEngine.java:72)
	at org.junit.platform.launcher.core.EngineExecutionOrchestrator.execute(EngineExecutionOrchestrator.java:107)
	at org.junit.platform.launcher.core.EngineExecutionOrchestrator.execute(EngineExecutionOrchestrator.java:88)
	at org.junit.platform.launcher.core.EngineExecutionOrchestrator.lambda$execute$0(EngineExecutionOrchestrator.java:54)
	at org.junit.platform.launcher.core.EngineExecutionOrchestrator.withInterceptedStreams(EngineExecutionOrchestrator.java:67)
	at org.junit.platform.launcher.core.EngineExecutionOrchestrator.execute(EngineExecutionOrchestrator.java:52)
	at org.junit.platform.launcher.core.DefaultLauncher.execute(DefaultLauncher.java:114)
	at org.junit.platform.launcher.core.DefaultLauncher.execute(DefaultLauncher.java:86)
	at org.junit.platform.launcher.core.DefaultLauncherSession$DelegatingLauncher.execute(DefaultLauncherSession.java:86)
	at org.junit.platform.launcher.core.SessionPerRequestLauncher.execute(SessionPerRequestLauncher.java:53)
	at org.apache.maven.surefire.junitplatform.JUnitPlatformProvider.invokeAllTests(JUnitPlatformProvider.java:165)
	at org.apache.maven.surefire.junitplatform.JUnitPlatformProvider.invoke(JUnitPlatformProvider.java:123)
	at org.apache.maven.surefire.booter.ForkedBooter.runSuitesInProcess(ForkedBooter.java:377)
	at org.apache.maven.surefire.booter.ForkedBooter.execute(ForkedBooter.java:138)
	at org.apache.maven.surefire.booter.ForkedBooter.run(ForkedBooter.java:465)
	at org.apache.maven.surefire.booter.ForkedBooter.main(ForkedBooter.java:451)
Caused by: java.io.IOException: Failed to pull image selenium/standalone-firefox-debug:3.141.59
Got permission denied while trying to connect to the Docker daemon socket at unix:///var/run/docker.sock: Post "http://%2Fvar%2Frun%2Fdocker.sock/v1.24/images/create?fromImage=selenium%2Fstandalone-firefox-debug&tag=3.141.59": dial unix /var/run/docker.sock: connect: permission denied

	at org.jenkinsci.utils.process.ProcessInputStream.verifyOrDieWith(ProcessInputStream.java:96)
	at org.jenkinsci.test.acceptance.FallbackConfig.createContainerWebDriver(FallbackConfig.java:225)
	at org.jenkinsci.test.acceptance.FallbackConfig.createWebDriver(FallbackConfig.java:126)
	at org.jenkinsci.test.acceptance.FallbackConfig.createWebDriver(FallbackConfig.java:326)
	at org.jenkinsci.test.acceptance.FallbackConfig$$FastClassByGuice$$1b1c975b.invoke(<generated>)
	at com.google.inject.internal.ProviderMethod$FastClassProviderMethod.doProvision(ProviderMethod.java:272)
	at com.google.inject.internal.ProviderMethod.get(ProviderMethod.java:172)
	at com.google.inject.internal.ProviderInternalFactory.provision(ProviderInternalFactory.java:81)
	at com.google.inject.internal.InternalFactoryToInitializableAdapter.provision(InternalFactoryToInitializableAdapter.java:53)
	at com.google.inject.internal.ProviderInternalFactory.circularGet(ProviderInternalFactory.java:61)
	at com.google.inject.internal.InternalFactoryToInitializableAdapter.get(InternalFactoryToInitializableAdapter.java:45)
	at com.google.inject.internal.ProviderToInternalFactoryAdapter$1.call(ProviderToInternalFactoryAdapter.java:46)
	at com.google.inject.internal.InjectorImpl.callInContext(InjectorImpl.java:1103)
	at com.google.inject.internal.ProviderToInternalFactoryAdapter.get(ProviderToInternalFactoryAdapter.java:40)
	at org.jenkinsci.test.acceptance.guice.TestLifecycle$1.get(TestLifecycle.java:61)
	at com.google.inject.internal.InternalFactoryToProviderAdapter.get(InternalFactoryToProviderAdapter.java:41)
	at com.google.inject.internal.SingleFieldInjector.inject(SingleFieldInjector.java:54)
	at com.google.inject.internal.MembersInjectorImpl.injectMembers(MembersInjectorImpl.java:132)
	at com.google.inject.internal.ConstructorInjector.provision(ConstructorInjector.java:114)
	at com.google.inject.internal.ConstructorInjector.construct(ConstructorInjector.java:85)
	at com.google.inject.internal.ConstructorBindingImpl$Factory.get(ConstructorBindingImpl.java:267)
	at com.google.inject.internal.InjectorImpl$2$1.call(InjectorImpl.java:1016)
	at com.google.inject.internal.InjectorImpl.callInContext(InjectorImpl.java:1092)
	at com.google.inject.internal.InjectorImpl$2.get(InjectorImpl.java:1012)
	... 37 more

[ERROR] io.jenkins.plugins.analysis.warnings.SmokeTests.shouldShowBuildSummaryAndLinkToDetails  Time elapsed: 0.153 s  <<< ERROR!
com.google.inject.ProvisionException: 
Unable to provision, see the following errors:

1) Error in custom provider, java.io.IOException: Failed to pull image selenium/standalone-firefox-debug:3.141.59
Got permission denied while trying to connect to the Docker daemon socket at unix:///var/run/docker.sock: Post "http://%2Fvar%2Frun%2Fdocker.sock/v1.24/images/create?fromImage=selenium%2Fstandalone-firefox-debug&tag=3.141.59": dial unix /var/run/docker.sock: connect: permission denied

  at org.jenkinsci.test.acceptance.FallbackConfig.createWebDriver(FallbackConfig.java:326) (via modules: org.jenkinsci.test.acceptance.guice.World -> com.google.inject.util.Modules$OverrideModule -> com.google.inject.util.Modules$OverrideModule -> org.jenkinsci.test.acceptance.FallbackConfig)
  at org.jenkinsci.test.acceptance.FallbackConfig.createWebDriver(FallbackConfig.java:326) (via modules: org.jenkinsci.test.acceptance.guice.World -> com.google.inject.util.Modules$OverrideModule -> com.google.inject.util.Modules$OverrideModule -> org.jenkinsci.test.acceptance.FallbackConfig)
  while locating org.openqa.selenium.WebDriver
    for field at org.jenkinsci.test.acceptance.junit.DiagnosticRule.driver(DiagnosticRule.java:18)
  while locating org.jenkinsci.test.acceptance.junit.DiagnosticRule

1 error
	at com.google.inject.internal.InjectorImpl$2.get(InjectorImpl.java:1025)
	at com.google.inject.internal.InjectorImpl.getInstance(InjectorImpl.java:1051)
	at org.jenkinsci.test.acceptance.junit.JenkinsAcceptanceTestRule$1.addRule(JenkinsAcceptanceTestRule.java:151)
	at org.jenkinsci.test.acceptance.junit.JenkinsAcceptanceTestRule$1.collectGlobalRules(JenkinsAcceptanceTestRule.java:125)
	at org.jenkinsci.test.acceptance.junit.JenkinsAcceptanceTestRule$1.decorateWithRules(JenkinsAcceptanceTestRule.java:92)
	at org.jenkinsci.test.acceptance.junit.JenkinsAcceptanceTestRule$1.evaluate(JenkinsAcceptanceTestRule.java:58)
	at org.junit.runners.ParentRunner$3.evaluate(ParentRunner.java:306)
	at org.junit.runners.BlockJUnit4ClassRunner$1.evaluate(BlockJUnit4ClassRunner.java:100)
	at org.junit.runners.ParentRunner.runLeaf(ParentRunner.java:366)
	at org.junit.runners.BlockJUnit4ClassRunner.runChild(BlockJUnit4ClassRunner.java:103)
	at org.junit.runners.BlockJUnit4ClassRunner.runChild(BlockJUnit4ClassRunner.java:63)
	at org.junit.runners.ParentRunner$4.run(ParentRunner.java:331)
	at org.junit.runners.ParentRunner$1.schedule(ParentRunner.java:79)
	at org.junit.runners.ParentRunner.runChildren(ParentRunner.java:329)
	at org.junit.runners.ParentRunner.access$100(ParentRunner.java:66)
	at org.junit.runners.ParentRunner$2.evaluate(ParentRunner.java:293)
	at org.junit.runners.ParentRunner$3.evaluate(ParentRunner.java:306)
	at org.junit.runners.ParentRunner.run(ParentRunner.java:413)
	at org.junit.runner.JUnitCore.run(JUnitCore.java:137)
	at org.junit.runner.JUnitCore.run(JUnitCore.java:115)
	at org.junit.vintage.engine.execution.RunnerExecutor.execute(RunnerExecutor.java:42)
	at org.junit.vintage.engine.VintageTestEngine.executeAllChildren(VintageTestEngine.java:80)
	at org.junit.vintage.engine.VintageTestEngine.execute(VintageTestEngine.java:72)
	at org.junit.platform.launcher.core.EngineExecutionOrchestrator.execute(EngineExecutionOrchestrator.java:107)
	at org.junit.platform.launcher.core.EngineExecutionOrchestrator.execute(EngineExecutionOrchestrator.java:88)
	at org.junit.platform.launcher.core.EngineExecutionOrchestrator.lambda$execute$0(EngineExecutionOrchestrator.java:54)
	at org.junit.platform.launcher.core.EngineExecutionOrchestrator.withInterceptedStreams(EngineExecutionOrchestrator.java:67)
	at org.junit.platform.launcher.core.EngineExecutionOrchestrator.execute(EngineExecutionOrchestrator.java:52)
	at org.junit.platform.launcher.core.DefaultLauncher.execute(DefaultLauncher.java:114)
	at org.junit.platform.launcher.core.DefaultLauncher.execute(DefaultLauncher.java:86)
	at org.junit.platform.launcher.core.DefaultLauncherSession$DelegatingLauncher.execute(DefaultLauncherSession.java:86)
	at org.junit.platform.launcher.core.SessionPerRequestLauncher.execute(SessionPerRequestLauncher.java:53)
	at org.apache.maven.surefire.junitplatform.JUnitPlatformProvider.invokeAllTests(JUnitPlatformProvider.java:165)
	at org.apache.maven.surefire.junitplatform.JUnitPlatformProvider.invoke(JUnitPlatformProvider.java:123)
	at org.apache.maven.surefire.booter.ForkedBooter.runSuitesInProcess(ForkedBooter.java:377)
	at org.apache.maven.surefire.booter.ForkedBooter.execute(ForkedBooter.java:138)
	at org.apache.maven.surefire.booter.ForkedBooter.run(ForkedBooter.java:465)
	at org.apache.maven.surefire.booter.ForkedBooter.main(ForkedBooter.java:451)
Caused by: java.io.IOException: Failed to pull image selenium/standalone-firefox-debug:3.141.59
Got permission denied while trying to connect to the Docker daemon socket at unix:///var/run/docker.sock: Post "http://%2Fvar%2Frun%2Fdocker.sock/v1.24/images/create?fromImage=selenium%2Fstandalone-firefox-debug&tag=3.141.59": dial unix /var/run/docker.sock: connect: permission denied

	at org.jenkinsci.utils.process.ProcessInputStream.verifyOrDieWith(ProcessInputStream.java:96)
	at org.jenkinsci.test.acceptance.FallbackConfig.createContainerWebDriver(FallbackConfig.java:225)
	at org.jenkinsci.test.acceptance.FallbackConfig.createWebDriver(FallbackConfig.java:126)
	at org.jenkinsci.test.acceptance.FallbackConfig.createWebDriver(FallbackConfig.java:326)
	at org.jenkinsci.test.acceptance.FallbackConfig$$FastClassByGuice$$1b1c975b.invoke(<generated>)
	at com.google.inject.internal.ProviderMethod$FastClassProviderMethod.doProvision(ProviderMethod.java:272)
	at com.google.inject.internal.ProviderMethod.get(ProviderMethod.java:172)
	at com.google.inject.internal.ProviderInternalFactory.provision(ProviderInternalFactory.java:81)
	at com.google.inject.internal.InternalFactoryToInitializableAdapter.provision(InternalFactoryToInitializableAdapter.java:53)
	at com.google.inject.internal.ProviderInternalFactory.circularGet(ProviderInternalFactory.java:61)
	at com.google.inject.internal.InternalFactoryToInitializableAdapter.get(InternalFactoryToInitializableAdapter.java:45)
	at com.google.inject.internal.ProviderToInternalFactoryAdapter$1.call(ProviderToInternalFactoryAdapter.java:46)
	at com.google.inject.internal.InjectorImpl.callInContext(InjectorImpl.java:1103)
	at com.google.inject.internal.ProviderToInternalFactoryAdapter.get(ProviderToInternalFactoryAdapter.java:40)
	at org.jenkinsci.test.acceptance.guice.TestLifecycle$1.get(TestLifecycle.java:61)
	at com.google.inject.internal.InternalFactoryToProviderAdapter.get(InternalFactoryToProviderAdapter.java:41)
	at com.google.inject.internal.SingleFieldInjector.inject(SingleFieldInjector.java:54)
	at com.google.inject.internal.MembersInjectorImpl.injectMembers(MembersInjectorImpl.java:132)
	at com.google.inject.internal.ConstructorInjector.provision(ConstructorInjector.java:114)
	at com.google.inject.internal.ConstructorInjector.construct(ConstructorInjector.java:85)
	at com.google.inject.internal.ConstructorBindingImpl$Factory.get(ConstructorBindingImpl.java:267)
	at com.google.inject.internal.InjectorImpl$2$1.call(InjectorImpl.java:1016)
	at com.google.inject.internal.InjectorImpl.callInContext(InjectorImpl.java:1092)
	at com.google.inject.internal.InjectorImpl$2.get(InjectorImpl.java:1012)
	... 37 more

2023-02-07 09:52:47,651 [LittleProxy-JVM-shutdown-hook] INFO   (DefaultHttpProxyServer.java:426) org.littleshoot.proxy.impl.DefaultHttpProxyServer - Shutting down proxy server immediately (non-graceful)
2023-02-07 09:52:47,654 [LittleProxy-JVM-shutdown-hook] INFO   (DefaultHttpProxyServer.java:459) org.littleshoot.proxy.impl.DefaultHttpProxyServer - Closing all channels (non-graceful)
2023-02-07 09:52:47,660 [LittleProxy-JVM-shutdown-hook] INFO   (ServerGroup.java:212) org.littleshoot.proxy.impl.ServerGroup - Shutting down server group event loops (non-graceful)
2023-02-07 09:52:47,666 [LittleProxy-JVM-shutdown-hook] INFO   (DefaultHttpProxyServer.java:440) org.littleshoot.proxy.impl.DefaultHttpProxyServer - Done shutting down proxy server
[INFO] 
[INFO] Results:
[INFO] 
[ERROR] Errors: 
[ERROR] io.jenkins.plugins.analysis.warnings.SmokeTests.shouldRecordIssuesInPipelineAndExpandTokens
[ERROR]   Run 1: SmokeTests.shouldRecordIssuesInPipelineAndExpandTokens  Provision Unable to p...
[ERROR]   Run 2: SmokeTests.shouldRecordIssuesInPipelineAndExpandTokens  Provision Unable to p...
[INFO] 
[ERROR] io.jenkins.plugins.analysis.warnings.SmokeTests.shouldShowBuildSummaryAndLinkToDetails
[ERROR]   Run 1: SmokeTests.shouldShowBuildSummaryAndLinkToDetails  Provision Unable to provis...
[ERROR]   Run 2: SmokeTests.shouldShowBuildSummaryAndLinkToDetails  Provision Unable to provis...
[INFO] 
[INFO] 
[ERROR] Tests run: 2, Failures: 0, Errors: 2, Skipped: 0
[INFO] 
[INFO] ------------------------------------------------------------------------
[INFO] Reactor Summary:
[INFO] 
[INFO] Warnings Next Generation Plugin 9.12.0-SNAPSHOT .... SUCCESS [05:50 min]
[INFO] UI Tests of Warnings Plugin UNVERSIONED ............ FAILURE [ 28.986 s]
[INFO] Aggregator for Warnings Plugin UNVERSIONED ......... SKIPPED
[INFO] ------------------------------------------------------------------------
[INFO] BUILD FAILURE
[INFO] ------------------------------------------------------------------------
[INFO] Total time:  06:20 min
[INFO] Finished at: 2023-02-07T09:52:48Z
[INFO] ------------------------------------------------------------------------
[ERROR] Failed to execute goal org.apache.maven.plugins:maven-surefire-plugin:3.0.0-M4:test (default-test) on project warnings-ng-ui-tests: There are test failures.
[ERROR] 
[ERROR] Please refer to /home/gabsko/breaking-updates/ui-tests/target/surefire-reports for the individual test results.
[ERROR] Please refer to dump files (if any exist) [date].dump, [date]-jvmRun[N].dump and [date].dumpstream.
[ERROR] -> [Help 1]
[ERROR] 
[ERROR] To see the full stack trace of the errors, re-run Maven with the -e switch.
[ERROR] Re-run Maven using the -X switch to enable full debug logging.
[ERROR] 
[ERROR] For more information about the errors and possible solutions, please read the following articles:
[ERROR] [Help 1] http://cwiki.apache.org/confluence/display/MAVEN/MojoFailureException
[ERROR] 
[ERROR] After correcting the problems, you can resume the build with the command
[ERROR]   mvn <args> -rf :warnings-ng-ui-tests
