[INFO] Scanning for projects...
[INFO] 
[INFO] -------------------------< com.rultor:rultor >--------------------------
[INFO] Building rultor 2.0-SNAPSHOT
[INFO] --------------------------------[ jar ]---------------------------------
[WARNING] The artifact xml-apis:xml-apis:jar:2.0.2 has been relocated to xml-apis:xml-apis:jar:1.0.b2
[INFO] Downloading from central: https://repo.maven.apache.org/maven2/com/sun/xml/bind/jaxb-impl/4.0.0/jaxb-impl-4.0.0.jar
[INFO] Downloading from central: https://repo.maven.apache.org/maven2/org/hibernate/validator/hibernate-validator/6.0.20.Final/hibernate-validator-6.0.20.Final.jar
[INFO] Downloading from central: https://repo.maven.apache.org/maven2/org/glassfish/javax.el/3.0.1-b12/javax.el-3.0.1-b12.jar
[INFO] Downloading from central: https://repo.maven.apache.org/maven2/com/sun/xml/bind/jaxb-core/4.0.0/jaxb-core-4.0.0.jar
[INFO] Downloading from central: https://repo.maven.apache.org/maven2/com/sun/jersey/jersey-core/1.19.4/jersey-core-1.19.4.jar
[INFO] Downloaded from central: https://repo.maven.apache.org/maven2/com/sun/xml/bind/jaxb-core/4.0.0/jaxb-core-4.0.0.jar (239 kB at 590 kB/s)
[INFO] Downloading from central: https://repo.maven.apache.org/maven2/org/apache/xmlgraphics/batik-codec/1.16/batik-codec-1.16.jar
[INFO] Downloaded from central: https://repo.maven.apache.org/maven2/com/sun/jersey/jersey-core/1.19.4/jersey-core-1.19.4.jar (437 kB at 1.1 MB/s)
[INFO] Downloading from central: https://repo.maven.apache.org/maven2/org/glassfish/jersey/core/jersey-common/2.30.1/jersey-common-2.30.1.jar
[INFO] Downloaded from central: https://repo.maven.apache.org/maven2/org/glassfish/javax.el/3.0.1-b12/javax.el-3.0.1-b12.jar (237 kB at 572 kB/s)
[INFO] Downloading from central: https://repo.maven.apache.org/maven2/org/glassfish/jersey/core/jersey-client/2.30.1/jersey-client-2.30.1.jar
[INFO] Downloaded from central: https://repo.maven.apache.org/maven2/org/apache/xmlgraphics/batik-codec/1.16/batik-codec-1.16.jar (112 kB at 269 kB/s)
[INFO] Downloaded from central: https://repo.maven.apache.org/maven2/com/sun/xml/bind/jaxb-impl/4.0.0/jaxb-impl-4.0.0.jar (921 kB at 2.2 MB/s)
[INFO] Downloaded from central: https://repo.maven.apache.org/maven2/org/glassfish/jersey/core/jersey-client/2.30.1/jersey-client-2.30.1.jar (245 kB at 560 kB/s)
[INFO] Downloaded from central: https://repo.maven.apache.org/maven2/org/hibernate/validator/hibernate-validator/6.0.20.Final/hibernate-validator-6.0.20.Final.jar (1.2 MB at 2.6 MB/s)
[INFO] Downloaded from central: https://repo.maven.apache.org/maven2/org/glassfish/jersey/core/jersey-common/2.30.1/jersey-common-2.30.1.jar (1.2 MB at 2.5 MB/s)
[INFO] 
[INFO] --- maven-clean-plugin:3.2.0:clean (default-clean) @ rultor ---
[INFO] Deleting /home/gabsko/breaking-updates/target
[INFO] 
[INFO] --- maven-enforcer-plugin:3.1.0:enforce (enforce-maven) @ rultor ---
[INFO] 
[INFO] --- maven-enforcer-plugin:3.1.0:enforce (enforce-java) @ rultor ---
[INFO] 
[INFO] --- buildnumber-maven-plugin:3.0.0:create (jcabi-build-number) @ rultor ---
[INFO] ShortRevision tag detected. The value is '7'.
[INFO] Executing: /bin/sh -c cd '/home/gabsko/breaking-updates' && 'git' 'rev-parse' '--verify' '--short=7' 'HEAD'
[INFO] Working directory: /home/gabsko/breaking-updates
[INFO] Storing buildNumber: 66a6da6 at timestamp: 2023-02-07T16:02:37
[WARNING] Cannot get the branch information from the git repository: 
Detecting the current branch failed: fatal: ref HEAD is not a symbolic ref

[INFO] ShortRevision tag detected. The value is '7'.
[INFO] Executing: /bin/sh -c cd '/home/gabsko/breaking-updates' && 'git' 'rev-parse' '--verify' '--short=7' 'HEAD'
[INFO] Working directory: /home/gabsko/breaking-updates
[INFO] Storing buildScmBranch: UNKNOWN
[INFO] 
[INFO] --- buildnumber-maven-plugin:3.0.0:create-timestamp (jcabi-build-number) @ rultor ---
[INFO] Skipping because we are not in root module.
[INFO] 
[INFO] --- maven-dependency-plugin:3.3.0:unpack (unpack-dynamodb-local) @ rultor ---
[INFO] Configured Artifact: com.jcabi:DynamoDBLocal:2015-07-16:zip
[INFO] Unpacking /home/gabsko/.m2/repository/com/jcabi/DynamoDBLocal/2015-07-16/DynamoDBLocal-2015-07-16.zip to /home/gabsko/breaking-updates/target/dynamodb-dist with includes "" and excludes ""
[INFO] 
[INFO] --- sass-maven-plugin:3.7.2:update-stylesheets (generate-css) @ rultor ---
[INFO] Checked 2 files for /home/gabsko/breaking-updates/src/main/scss
[INFO] Checked 0 filtered (**/*.css) files for /home/gabsko/breaking-updates/target/css
[INFO] Compiling Sass templates
[INFO] No resource element was specified, using short configuration.
[INFO] Queueing Sass template for compile: /home/gabsko/breaking-updates/src/main/scss => /home/gabsko/breaking-updates/target/css
[INFO]     >> /home/gabsko/breaking-updates/src/main/scss/main.scss => /home/gabsko/breaking-updates/target/css/main.css
[INFO]     >> /home/gabsko/breaking-updates/src/main/scss/siblings.scss => /home/gabsko/breaking-updates/target/css/siblings.css
[INFO] 
[INFO] --- htmlcompressor-maven-plugin:1.3:xml (compress-xsl) @ rultor ---
[INFO] Compressing /home/gabsko/breaking-updates/src/main/xsl
[INFO] XML compression completed.
[INFO] 
[INFO] --- maven-resources-plugin:3.2.0:resources (default-resources) @ rultor ---
[INFO] Using 'UTF-8' encoding to copy filtered resources.
[INFO] Using 'UTF-8' encoding to copy filtered properties files.
[INFO] Copying 31 resources
[INFO] The encoding used to copy filtered properties files have not been set. This means that the same encoding will be used to copy filtered properties files as when copying other filtered resources. This might not be what you want! Run your build with --debug to see which files might be affected. Read more at https://maven.apache.org/plugins/maven-resources-plugin/examples/filtering-properties-files.html
[INFO] 
[INFO] --- minify-maven-plugin:1.7.6:minify (minify-js) @ rultor ---
[INFO] Starting CSS task:
[INFO] Starting JavaScript task:
[INFO] Skipping the merge step...
[INFO] Creating the minified file [home.js].
[INFO] Uncompressed size: 1891 bytes.
[INFO] Compressed size: 146 bytes minified (140 bytes gzipped).
[INFO] Creating the minified file [siblings.js].
[INFO] Uncompressed size: 2601 bytes.
[INFO] Compressed size: 499 bytes minified (313 bytes gzipped).
[INFO] 
[INFO] 
[INFO] --- minify-maven-plugin:1.7.6:minify (minify-css) @ rultor ---
[INFO] Starting CSS task:
[INFO] Processing source file [main.css].
[INFO] Processing source file [siblings.css].
[INFO] Creating the merged file [style.css.tmp].
[INFO] Creating the minified file [style.css].
[INFO] Uncompressed size: 3861 bytes.
[INFO] Compressed size: 502 bytes minified (297 bytes gzipped).
[INFO] 
[INFO] Starting JavaScript task:
[INFO] 
[INFO] --- maven-compiler-plugin:3.10.1:compile (default-compile) @ rultor ---
[INFO] Changes detected - recompiling the module!
[INFO] Compiling 138 source files to /home/gabsko/breaking-updates/target/classes
[INFO] 
[INFO] --- jcabi-maven-plugin:0.16.0:ajc (jcabi-ajc-compile) @ rultor ---
[INFO] Downloading from oss.sonatype.org: https://oss.sonatype.org/content/groups/public/com/jcabi/jcabi-log/0.17.1/jcabi-log-0.17.1.pom
[INFO] Downloaded from oss.sonatype.org: https://oss.sonatype.org/content/groups/public/com/jcabi/jcabi-log/0.17.1/jcabi-log-0.17.1.pom (6.6 kB at 6.3 kB/s)
[INFO] Downloading from oss.sonatype.org: https://oss.sonatype.org/content/groups/public/com/jcabi/jcabi/1.20.1/jcabi-1.20.1.pom
[INFO] Downloaded from oss.sonatype.org: https://oss.sonatype.org/content/groups/public/com/jcabi/jcabi/1.20.1/jcabi-1.20.1.pom (6.2 kB at 14 kB/s)
[INFO] Downloading from oss.sonatype.org: https://oss.sonatype.org/content/groups/public/com/jcabi/jcabi-aspects/0.23.2/jcabi-aspects-0.23.2.pom
[INFO] Downloaded from oss.sonatype.org: https://oss.sonatype.org/content/groups/public/com/jcabi/jcabi-aspects/0.23.2/jcabi-aspects-0.23.2.pom (9.2 kB at 15 kB/s)
[INFO] Downloading from oss.sonatype.org: https://oss.sonatype.org/content/groups/public/org/aspectj/aspectjrt/1.9.8.M1/aspectjrt-1.9.8.M1.pom
[INFO] Downloaded from oss.sonatype.org: https://oss.sonatype.org/content/groups/public/org/aspectj/aspectjrt/1.9.8.M1/aspectjrt-1.9.8.M1.pom (2.0 kB at 3.9 kB/s)
[INFO] Downloading from oss.sonatype.org: https://oss.sonatype.org/content/groups/public/org/aspectj/aspectjtools/1.9.8.M1/aspectjtools-1.9.8.M1.pom
[INFO] Downloaded from oss.sonatype.org: https://oss.sonatype.org/content/groups/public/org/aspectj/aspectjtools/1.9.8.M1/aspectjtools-1.9.8.M1.pom (2.3 kB at 5.4 kB/s)
[INFO] Downloading from oss.sonatype.org: https://oss.sonatype.org/content/groups/public/org/apache/maven/resolver/maven-resolver-api/1.8.1/maven-resolver-api-1.8.1.pom
[INFO] Downloaded from oss.sonatype.org: https://oss.sonatype.org/content/groups/public/org/apache/maven/resolver/maven-resolver-api/1.8.1/maven-resolver-api-1.8.1.pom (2.6 kB at 5.8 kB/s)
[INFO] Downloading from oss.sonatype.org: https://oss.sonatype.org/content/groups/public/org/apache/maven/resolver/maven-resolver/1.8.1/maven-resolver-1.8.1.pom
[INFO] Downloaded from oss.sonatype.org: https://oss.sonatype.org/content/groups/public/org/apache/maven/resolver/maven-resolver/1.8.1/maven-resolver-1.8.1.pom (21 kB at 59 kB/s)
[INFO] Downloading from oss.sonatype.org: https://oss.sonatype.org/content/groups/public/org/eclipse/sisu/org.eclipse.sisu.plexus/0.9.0.M1/org.eclipse.sisu.plexus-0.9.0.M1.pom
[INFO] Downloaded from oss.sonatype.org: https://oss.sonatype.org/content/groups/public/org/eclipse/sisu/org.eclipse.sisu.plexus/0.9.0.M1/org.eclipse.sisu.plexus-0.9.0.M1.pom (4.8 kB at 11 kB/s)
[INFO] Downloading from oss.sonatype.org: https://oss.sonatype.org/content/groups/public/org/eclipse/sisu/sisu-plexus/0.9.0.M1/sisu-plexus-0.9.0.M1.pom
[INFO] Downloaded from oss.sonatype.org: https://oss.sonatype.org/content/groups/public/org/eclipse/sisu/sisu-plexus/0.9.0.M1/sisu-plexus-0.9.0.M1.pom (15 kB at 34 kB/s)
[INFO] Downloading from oss.sonatype.org: https://oss.sonatype.org/content/groups/public/org/eclipse/sisu/org.eclipse.sisu.inject/0.9.0.M1/org.eclipse.sisu.inject-0.9.0.M1.pom
[INFO] Downloaded from oss.sonatype.org: https://oss.sonatype.org/content/groups/public/org/eclipse/sisu/org.eclipse.sisu.inject/0.9.0.M1/org.eclipse.sisu.inject-0.9.0.M1.pom (3.3 kB at 9.5 kB/s)
[INFO] Downloading from oss.sonatype.org: https://oss.sonatype.org/content/groups/public/org/eclipse/sisu/sisu-inject/0.9.0.M1/sisu-inject-0.9.0.M1.pom
[INFO] Downloaded from oss.sonatype.org: https://oss.sonatype.org/content/groups/public/org/eclipse/sisu/sisu-inject/0.9.0.M1/sisu-inject-0.9.0.M1.pom (14 kB at 31 kB/s)
[INFO] Downloading from oss.sonatype.org: https://oss.sonatype.org/content/groups/public/com/jcabi/jcabi-log/0.17.1/jcabi-log-0.17.1.jar
[INFO] Downloading from oss.sonatype.org: https://oss.sonatype.org/content/groups/public/com/jcabi/jcabi-aspects/0.23.2/jcabi-aspects-0.23.2.jar
[INFO] Downloading from oss.sonatype.org: https://oss.sonatype.org/content/groups/public/org/aspectj/aspectjrt/1.9.8.M1/aspectjrt-1.9.8.M1.jar
[INFO] Downloading from oss.sonatype.org: https://oss.sonatype.org/content/groups/public/org/aspectj/aspectjtools/1.9.8.M1/aspectjtools-1.9.8.M1.jar
[INFO] Downloading from oss.sonatype.org: https://oss.sonatype.org/content/groups/public/org/apache/maven/resolver/maven-resolver-api/1.8.1/maven-resolver-api-1.8.1.jar
[INFO] Downloaded from oss.sonatype.org: https://oss.sonatype.org/content/groups/public/com/jcabi/jcabi-log/0.17.1/jcabi-log-0.17.1.jar (50 kB at 95 kB/s)
[INFO] Downloading from oss.sonatype.org: https://oss.sonatype.org/content/groups/public/org/eclipse/sisu/org.eclipse.sisu.plexus/0.9.0.M1/org.eclipse.sisu.plexus-0.9.0.M1.jar
[INFO] Downloaded from oss.sonatype.org: https://oss.sonatype.org/content/groups/public/org/apache/maven/resolver/maven-resolver-api/1.8.1/maven-resolver-api-1.8.1.jar (154 kB at 208 kB/s)
[INFO] Downloaded from oss.sonatype.org: https://oss.sonatype.org/content/groups/public/org/aspectj/aspectjrt/1.9.8.M1/aspectjrt-1.9.8.M1.jar (123 kB at 151 kB/s)
[INFO] Downloaded from oss.sonatype.org: https://oss.sonatype.org/content/groups/public/com/jcabi/jcabi-aspects/0.23.2/jcabi-aspects-0.23.2.jar (86 kB at 105 kB/s)
[INFO] Downloaded from oss.sonatype.org: https://oss.sonatype.org/content/groups/public/org/eclipse/sisu/org.eclipse.sisu.plexus/0.9.0.M1/org.eclipse.sisu.plexus-0.9.0.M1.jar (208 kB at 227 kB/s)
[INFO] Downloaded from oss.sonatype.org: https://oss.sonatype.org/content/groups/public/org/aspectj/aspectjtools/1.9.8.M1/aspectjtools-1.9.8.M1.jar (15 MB at 4.9 MB/s)
[INFO] Unwoven classes will be copied to /home/gabsko/breaking-updates/target/unwoven
[INFO] Created temp dir /home/gabsko/breaking-updates/target/jcabi-ajc

43 warnings
[INFO] ajc result: 220 file(s) processed, 0 pointcut(s) woven, 0 error(s), 0 warning(s)
[INFO] 
[INFO] --- maven-resources-plugin:3.2.0:testResources (default-testResources) @ rultor ---
[INFO] Using 'UTF-8' encoding to copy filtered resources.
[INFO] Using 'UTF-8' encoding to copy filtered properties files.
[INFO] Copying 9 resources
[INFO] The encoding used to copy filtered properties files have not been set. This means that the same encoding will be used to copy filtered properties files as when copying other filtered resources. This might not be what you want! Run your build with --debug to see which files might be affected. Read more at https://maven.apache.org/plugins/maven-resources-plugin/examples/filtering-properties-files.html
[INFO] 
[INFO] --- maven-compiler-plugin:3.10.1:testCompile (default-testCompile) @ rultor ---
[INFO] Changes detected - recompiling the module!
[INFO] Compiling 81 source files to /home/gabsko/breaking-updates/target/test-classes
[INFO] 
[INFO] --- jcabi-maven-plugin:0.16.0:ajc (jcabi-ajc-test-compile) @ rultor ---
[INFO] Unwoven test classes will be copied to /home/gabsko/breaking-updates/target/unwoven-test
[INFO] Created temp dir /home/gabsko/breaking-updates/target/jcabi-ajc-test

28 warnings
[INFO] ajc result: 99 file(s) processed, 0 pointcut(s) woven, 0 error(s), 0 warning(s)
[INFO] 
[INFO] --- build-helper-maven-plugin:3.3.0:reserve-network-port (default) @ rultor ---
[INFO] Reserved port 34749 for takes.port
[INFO] 
[INFO] --- build-helper-maven-plugin:3.3.0:reserve-network-port (reserver-dynamodb-port) @ rultor ---
[INFO] Reserved port 41105 for failsafe.ddl.port
[INFO] 
[INFO] --- maven-surefire-plugin:3.0.0-M7:test (default-test) @ rultor ---
[INFO] Tests will run in random order. To reproduce ordering use flag -Dsurefire.runOrder.random.seed=21772310136830635
[INFO] Using auto detected provider org.apache.maven.surefire.junitplatform.JUnitPlatformProvider
[INFO] 
[INFO] -------------------------------------------------------
[INFO]  T E S T S
[INFO] -------------------------------------------------------
[INFO] Running com.rultor.agents.daemons.DismountDaemonTest
[[0;37mINFO[m] DismountDaemon: Checking bad-host-name:2222 for test...
[[0;33mWARN[m] DismountDaemon: The host bad-host-name:2222 for test is unreachable: bad-host-name: Temporary failure in name resolution
[INFO] Tests run: 2, Failures: 0, Errors: 0, Skipped: 0, Time elapsed: 1.029 s - in com.rultor.agents.daemons.DismountDaemonTest
[INFO] Running com.rultor.agents.PublishesTest
[[0;37mINFO[m] MkRepos: repository test/test created by test
[INFO] Tests run: 2, Failures: 0, Errors: 0, Skipped: 0, Time elapsed: 0.079 s - in com.rultor.agents.PublishesTest
[INFO] Running com.rultor.agents.github.ClosePullRequestTest
[[0;37mINFO[m] MkRepos: repository jeff/qnIfObzSdoTMpsefxqJP created by jeff
[[0;37mINFO[m] MkIssues: issue #1 created in jeff/qnIfObzSdoTMpsefxqJP by jeff: 
[[0;37mINFO[m] MkEvent: issue event #1 of type closed created in jeff for issue #1 by jeff
[[0;37mINFO[m] MkComments: comment #1 posted to issue #1 by jeff: Rultor closed this pull request for you because yo..231.. been merged without the rebase option set.
[[0;37mINFO[m] MkRepos: repository jeff/qcIL6LwW7gYusb7Ahmmi created by jeff
[[0;37mINFO[m] MkIssues: issue #1 created in jeff/qcIL6LwW7gYusb7Ahmmi by jeff: 
[INFO] Tests run: 2, Failures: 0, Errors: 0, Skipped: 0, Time elapsed: 0.135 s - in com.rultor.agents.github.ClosePullRequestTest
[INFO] Running com.rultor.agents.github.qtn.QnReferredToTest
[[0;37mINFO[m] MkRepos: repository jeff/Edf7FBMw4hdw60P2T19W created by jeff
[[0;37mINFO[m] MkIssues: issue #1 created in jeff/Edf7FBMw4hdw60P2T19W by jeff: 
[[0;37mINFO[m] MkComments: comment #1 posted to issue #1 by jeff: hello @xx deploy
[[0;37mINFO[m] MkComments: comment #2 posted to issue #1 by jeff: > hello @xx deploy\n\n@jeff I see you're talking abo..53..ing to me directly, start a message with @xx
[[0;37mINFO[m] QnReferredTo: mention found in #1
[[0;37mINFO[m] MkRepos: repository jeff/Da3TF5NiiNWl7huPBF8g created by jeff
[[0;37mINFO[m] MkIssues: issue #1 created in jeff/Da3TF5NiiNWl7huPBF8g by jeff: 
[[0;37mINFO[m] MkComments: comment #1 posted to issue #1 by jeff: hello @xx, deploy
[[0;37mINFO[m] MkComments: comment #2 posted to issue #1 by jeff: > hello @xx, deploy\n\n@jeff I see you're talking ab..54..ing to me directly, start a message with @xx
[[0;37mINFO[m] QnReferredTo: mention found in #1
[[0;37mINFO[m] MkRepos: repository jeff/WwcyLdxvEWEMcPYzDuae created by jeff
[[0;37mINFO[m] MkIssues: issue #1 created in jeff/WwcyLdxvEWEMcPYzDuae by jeff: 
[[0;37mINFO[m] MkComments: comment #1 posted to issue #1 by jeff: hello ,@xx deploy
[[0;37mINFO[m] MkComments: comment #2 posted to issue #1 by jeff: > hello ,@xx deploy\n\n@jeff I see you're talking ab..54..ing to me directly, start a message with @xx
[[0;37mINFO[m] QnReferredTo: mention found in #1
[[0;37mINFO[m] MkRepos: repository jeff/1aPvFAIa6t1YM2LXHfnX created by jeff
[[0;37mINFO[m] MkIssues: issue #1 created in jeff/1aPvFAIa6t1YM2LXHfnX by jeff: 
[[0;37mINFO[m] MkComments: comment #1 posted to issue #1 by jeff: hello @xxx deploy
[[0;37mINFO[m] QnReferredTo: Comment #1 in jeff/1aPvFAIa6t1YM2LXHfnX#1 is not for me (no "@xx" prefix)
[[0;37mINFO[m] MkRepos: repository jeff/SV9UzfAsXyGC1OG75nUA created by jeff
[[0;37mINFO[m] MkIssues: issue #1 created in jeff/SV9UzfAsXyGC1OG75nUA by jeff: 
[[0;37mINFO[m] MkComments: comment #1 posted to issue #1 by jeff: hello x@xx deploy
[[0;37mINFO[m] QnReferredTo: Comment #1 in jeff/SV9UzfAsXyGC1OG75nUA#1 is not for me (no "@xx" prefix)
[[0;37mINFO[m] MkRepos: repository jeff/YMgVOfqmGgUS3M1P46tS created by jeff
[[0;37mINFO[m] MkIssues: issue #1 created in jeff/YMgVOfqmGgUS3M1P46tS by jeff: 
[[0;37mINFO[m] MkComments: comment #1 posted to issue #1 by jeff:   @xx deploy
[[0;37mINFO[m] MkComments: comment #2 posted to issue #1 by jeff: >   @xx deploy\n\n@jeff OK, I'll try to deploy now. You can check the progress [here](#)
[[0;37mINFO[m] QnDeploy: deploy request found in jeff/YMgVOfqmGgUS3M1P46tS#1 comment #1
[[0;37mINFO[m] MkRepos: repository jeff/pUjA0eZg0SAXfioiMCt1 created by jeff
[[0;37mINFO[m] MkIssues: issue #1 created in jeff/pUjA0eZg0SAXfioiMCt1 by jeff: 
[[0;37mINFO[m] MkComments: comment #1 posted to issue #1 by jeff:   @xx, deploy
[[0;37mINFO[m] MkComments: comment #2 posted to issue #1 by jeff: >   @xx, deploy\n\n@jeff OK, I'll try to deploy now. You can check the progress [here](#)
[[0;37mINFO[m] QnDeploy: deploy request found in jeff/pUjA0eZg0SAXfioiMCt1#1 comment #1
[INFO] Tests run: 4, Failures: 0, Errors: 0, Skipped: 0, Time elapsed: 0.22 s - in com.rultor.agents.github.qtn.QnReferredToTest
[INFO] Running com.rultor.profiles.ProfilesTest
[INFO] Tests run: 4, Failures: 0, Errors: 0, Skipped: 0, Time elapsed: 0.04 s - in com.rultor.profiles.ProfilesTest
[INFO] Running com.rultor.agents.docker.DockerHealthCheckTest
[INFO] Tests run: 1, Failures: 0, Errors: 0, Skipped: 0, Time elapsed: 0.359 s - in com.rultor.agents.docker.DockerHealthCheckTest
[INFO] Running com.rultor.web.TkSitemapTest
[[0;37mINFO[m] Talks$InDir: talk 'test' created in /tmp/3603660112825519385/test
[[0;37mINFO[m] Talks$InDir: 1 files in /tmp/3603660112825519385
[[0;37mINFO[m] Talks$InDir: 1 files in /tmp/3603660112825519385
[INFO] Tests run: 1, Failures: 0, Errors: 0, Skipped: 0, Time elapsed: 0.057 s - in com.rultor.web.TkSitemapTest
[INFO] Running com.rultor.agents.github.FirstCommentTest
[[0;37mINFO[m] MkRepos: repository jeff/Of2pU1L62jQyud4jrXPX created by jeff
[[0;37mINFO[m] MkIssues: issue #1 created in jeff/Of2pU1L62jQyud4jrXPX by jeff: 
[INFO] Tests run: 1, Failures: 0, Errors: 0, Skipped: 0, Time elapsed: 0.023 s - in com.rultor.agents.github.FirstCommentTest
[INFO] Running com.rultor.agents.github.qtn.QnStatusTest
[[0;37mINFO[m] MkRepos: repository jeff/ryi8jzdVhWTFDGrCcQzO created by jeff
[[0;37mINFO[m] MkIssues: issue #1 created in jeff/ryi8jzdVhWTFDGrCcQzO by jeff: 
[[0;37mINFO[m] MkComments: comment #1 posted to issue #1 by jeff: status
[[0;37mINFO[m] MkComments: comment #2 posted to issue #1 by jeff: > status\n\n@jeff This is what's going on here:\n\n * ..229..ere](https://doc.rultor.com/commands.html).
[[0;37mINFO[m] QnStatus: status request in #1
[INFO] Tests run: 1, Failures: 0, Errors: 0, Skipped: 0, Time elapsed: 0.086 s - in com.rultor.agents.github.qtn.QnStatusTest
[INFO] Running com.rultor.agents.github.qtn.QnMergeTest
[WARNING] Tests run: 1, Failures: 0, Errors: 0, Skipped: 1, Time elapsed: 0.002 s - in com.rultor.agents.github.qtn.QnMergeTest
[INFO] Running com.rultor.agents.github.UnlocksRepoTest
[[0;37mINFO[m] MkRepos: repository jeff/iaNxxL4ZpqaSaNvhSRti created by jeff
[[0;37mINFO[m] MkIssues: issue #1 created in jeff/iaNxxL4ZpqaSaNvhSRti by jeff: 
[[0;37mINFO[m] MkComments: comment #1 posted to issue #1 by jeff: hey, do it
[[2;37mDEBUG[m] MkSttc: #locks(): MkLocks() in 972.86Âµs
[[0;37mINFO[m] Talks$InDir: talk 'test-talk' created in /tmp/12684576716649732630/test-talk
[[0;37mINFO[m] Talks$InDir: 1 files in /tmp/12684576716649732630
[[0;37mINFO[m] Talks$InDir: 1 files in /tmp/12684576716649732630
[[2;37mDEBUG[m] MkLocks: #get('rt-repo-jeff-iaNxxL4ZpqaSaNvhSRti'): MkLock() in 1.17ms
[[2;37mDEBUG[m] MkLock: #unlock('test-talk'): true in 29.56Âµs
[[0;37mINFO[m] UnlocksRepo: jeff/iaNxxL4ZpqaSaNvhSRti unlocked by test-talk
[INFO] Tests run: 1, Failures: 0, Errors: 0, Skipped: 0, Time elapsed: 0.047 s - in com.rultor.agents.github.UnlocksRepoTest
[INFO] Running com.rultor.agents.github.qtn.QnReleaseTest
[[0;37mINFO[m] MkRepos: repository jeff/t3h4weijVuPuBmdXdy3u created by jeff
[[0;37mINFO[m] MkIssues: issue #1 created in jeff/t3h4weijVuPuBmdXdy3u by jeff: 
[[0;37mINFO[m] MkComments: comment #1 posted to issue #1 by jeff: release `1.7`
[[0;37mINFO[m] QnRelease: release request found in jeff/t3h4weijVuPuBmdXdy3u#1, comment #1
[[0;37mINFO[m] MkComments: comment #2 posted to issue #1 by jeff: > release `1.7`\n\n@jeff OK, I will release it now. Please check the progress [here](#)
[[0;37mINFO[m] MkRepos: repository jeff/P7ZdzSYM6WxyyhLCqBZh created by jeff
[[0;37mINFO[m] MkIssues: issue #1 created in jeff/P7ZdzSYM6WxyyhLCqBZh by jeff: 
[[0;37mINFO[m] MkComments: comment #1 posted to issue #1 by jeff: release `1.6`
[[0;37mINFO[m] QnRelease: release request found in jeff/P7ZdzSYM6WxyyhLCqBZh#1, comment #1
[[0;37mINFO[m] MkComments: comment #2 posted to issue #1 by jeff: > release `1.6`\n\n@jeff Invalid release tag `1.6` s..41..r than the given release in this repository.
[[0;37mINFO[m] MkRepos: repository jeff/MNzsID3nKtWLo79GiBRU created by jeff
[[0;37mINFO[m] MkIssues: issue #1 created in jeff/MNzsID3nKtWLo79GiBRU by jeff: 
[[0;37mINFO[m] MkComments: comment #1 posted to issue #1 by jeff: release
[[0;37mINFO[m] QnRelease: release request found in jeff/MNzsID3nKtWLo79GiBRU#1, comment #1
[[0;37mINFO[m] MkComments: comment #2 posted to issue #1 by jeff: > release\n\n@jeff OK, I will release it now. Please check the progress [here](#)
[INFO] Tests run: 3, Failures: 0, Errors: 0, Skipped: 0, Time elapsed: 0.108 s - in com.rultor.agents.github.qtn.QnReleaseTest
[INFO] Running com.rultor.agents.github.qtn.QnConfigTest
[[0;37mINFO[m] MkRepos: repository jeff/CkHYDGGzP2cXLvZBYiKe created by jeff
[[0;37mINFO[m] MkIssues: issue #1 created in jeff/CkHYDGGzP2cXLvZBYiKe by jeff: 
[[0;37mINFO[m] MkComments: comment #1 posted to issue #1 by jeff: hello
[[0;37mINFO[m] MkComments: comment #2 posted to issue #1 by jeff: > hello\n\n@jeff This is how I understand the `.rult..224..ference.html) explains how to configure it.
[[0;37mINFO[m] QnConfig: config request in #1
[INFO] Tests run: 1, Failures: 0, Errors: 0, Skipped: 0, Time elapsed: 0.026 s - in com.rultor.agents.github.qtn.QnConfigTest
[INFO] Running com.rultor.agents.github.qtn.QnByArchitectTest
[[0;37mINFO[m] MkRepos: repository jeff/ot2MDUuanru9h5ueINHA created by jeff
[[0;37mINFO[m] MkIssues: issue #1 created in jeff/ot2MDUuanru9h5ueINHA by jeff: 
[[0;37mINFO[m] MkComments: comment #1 posted to issue #1 by jeff: release
[[0;37mINFO[m] MkRepos: repository jeff/FwGyEj5yd5Or6Qfedey7 created by jeff
[[0;37mINFO[m] MkIssues: issue #1 created in jeff/FwGyEj5yd5Or6Qfedey7 by jeff: 
[[0;37mINFO[m] MkComments: comment #1 posted to issue #1 by jeff: deploy
[[0;37mINFO[m] MkComments: comment #2 posted to issue #1 by jeff: > deploy\n\n@jeff Thanks for your request; @johnny please confirm this.
[WARNING] Tests run: 3, Failures: 0, Errors: 0, Skipped: 1, Time elapsed: 0.047 s - in com.rultor.agents.github.qtn.QnByArchitectTest
[INFO] Running com.rultor.agents.github.qtn.QnUnlockTest
[[0;37mINFO[m] MkRepos: repository jeff/jT94EVpExxY7Ams5GtUd created by jeff
[[0;37mINFO[m] MkIssues: issue #1 created in jeff/jT94EVpExxY7Ams5GtUd by jeff: 
[[0;37mINFO[m] MkComments: comment #1 posted to issue #1 by jeff: lock
[[0;37mINFO[m] MkComments: comment #2 posted to issue #1 by jeff: > lock\n\n@jeff File `.rultor.lock` doesn't exist in `master` branch
[[0;37mINFO[m] QnUnlock: unlock request in #1
[INFO] Tests run: 1, Failures: 0, Errors: 0, Skipped: 0, Time elapsed: 0.029 s - in com.rultor.agents.github.qtn.QnUnlockTest
[INFO] Running com.rultor.agents.github.qtn.QnVersionTest
[[0;37mINFO[m] MkRepos: repository jeff/2MI34cWhc6IV77KmX8fY created by jeff
[[0;37mINFO[m] MkIssues: issue #1 created in jeff/2MI34cWhc6IV77KmX8fY by jeff: 
[[0;37mINFO[m] MkComments: comment #1 posted to issue #1 by jeff: version
[[0;37mINFO[m] Manifests: 0 attributes loaded from 176 stream(s) in 164ms, 117 saved, 2462 ignored: []
[[0;37mINFO[m] MkComments: comment #2 posted to issue #1 by jeff: > version\n\n@jeff My current version is 1.0, Git re..22..//github.com/yegor256/rultor/commit/a1b2c3e)
[[0;37mINFO[m] QnVersion: version request in #1
[[0;37mINFO[m] MkRepos: repository jeff/Q5NFcceyn2MlUFFDjzfY created by jeff
[[0;37mINFO[m] MkIssues: issue #1 created in jeff/Q5NFcceyn2MlUFFDjzfY by jeff: 
[[0;37mINFO[m] MkComments: comment #1 posted to issue #1 by jeff: version
[[0;37mINFO[m] MkComments: comment #2 posted to issue #1 by jeff: > version\n\n@jeff My current version is 1.0, Git re..22..//github.com/yegor256/rultor/commit/a1b2c3e)
[[0;37mINFO[m] QnVersion: version request in #1
[INFO] Tests run: 2, Failures: 0, Errors: 0, Skipped: 0, Time elapsed: 0.202 s - in com.rultor.agents.github.qtn.QnVersionTest
[INFO] Running com.rultor.spi.TalkTest
[INFO] Tests run: 1, Failures: 0, Errors: 0, Skipped: 0, Time elapsed: 0.007 s - in com.rultor.spi.TalkTest
[INFO] Running com.rultor.agents.github.qtn.QnGithubIssueTest
[[0;37mINFO[m] MkRepos: repository jeff/IhkSunVxQOcKNgyaWLLP created by jeff
[[0;37mINFO[m] MkIssues: issue #1 created in jeff/IhkSunVxQOcKNgyaWLLP by jeff: 
[[0;37mINFO[m] MkComments: comment #1 posted to issue #1 by jeff: test comment.
[INFO] Tests run: 1, Failures: 0, Errors: 0, Skipped: 0, Time elapsed: 0.013 s - in com.rultor.agents.github.qtn.QnGithubIssueTest
[INFO] Running com.rultor.profiles.ProfileDeprecationsTest
[INFO] Tests run: 2, Failures: 0, Errors: 0, Skipped: 0, Time elapsed: 0.009 s - in com.rultor.profiles.ProfileDeprecationsTest
[INFO] Running com.rultor.agents.github.StarsTest
[[0;37mINFO[m] MkRepos: repository jeff/ojPycL5pKybDdGvaIfoQ created by jeff
[[0;37mINFO[m] MkRepos: repository jeff/VDn2Jt9mC0RAavy3GJtn created by jeff
[INFO] Tests run: 2, Failures: 0, Errors: 0, Skipped: 0, Time elapsed: 0.024 s - in com.rultor.agents.github.StarsTest
[INFO] Running com.rultor.agents.github.ReportsTest
[[0;37mINFO[m] MkRepos: repository john/ZrM3cO5IAG5iiomJRxP4 created by john
[[0;37mINFO[m] MkIssues: issue #1 created in john/ZrM3cO5IAG5iiomJRxP4 by john: Bug
[[0;37mINFO[m] MkComments: comment #1 posted to issue #1 by john: > stop it please\n\n@john Sorry, I failed to stop th..86..ttps://www.rultor.com/t/1-1) (took me 21min)
[[0;37mINFO[m] Reports: issue #1 reported: TRUE
[[0;37mINFO[m] MkRepos: repository jeff/JwJoFa9NbJeGGhviITNu created by jeff
[[0;37mINFO[m] MkIssues: issue #1 created in jeff/JwJoFa9NbJeGGhviITNu by jeff: 
[[0;37mINFO[m] MkComments: comment #1 posted to issue #1 by jeff: > \n\n@jeff Done! FYI, the full log is [here](https://www.rultor.com/t/1-1) (took me 21min)
[[0;37mINFO[m] Reports: issue #1 reported: TRUE
[INFO] Tests run: 2, Failures: 0, Errors: 0, Skipped: 0, Time elapsed: 0.099 s - in com.rultor.agents.github.ReportsTest
[INFO] Running com.rultor.agents.req.DockerRunTest
[INFO] Tests run: 8, Failures: 0, Errors: 0, Skipped: 0, Time elapsed: 0.035 s - in com.rultor.agents.req.DockerRunTest
[INFO] Running com.rultor.agents.github.qtn.QnParametrizedTest
[[0;37mINFO[m] MkRepos: repository jeff/JM3xoerMlYCB9AInu9NR created by jeff
[[0;37mINFO[m] MkIssues: issue #1 created in jeff/JM3xoerMlYCB9AInu9NR by jeff: 
[[0;37mINFO[m] MkComments: comment #1 posted to issue #1 by jeff: 
[[0;37mINFO[m] MkRepos: repository jeff/p29gi2kQGSH1qWlHK0wZ created by jeff
[[0;37mINFO[m] MkIssues: issue #1 created in jeff/p29gi2kQGSH1qWlHK0wZ by jeff: 
[[0;37mINFO[m] MkComments: comment #1 posted to issue #1 by jeff: hey, tag=`1.9` and server is `p5`
[[0;37mINFO[m] MkRepos: repository jeff/xBC4AEH4eJL2rzqLi3jX created by jeff
[[0;37mINFO[m] MkIssues: issue #1 created in jeff/xBC4AEH4eJL2rzqLi3jX by jeff: 
[[0;37mINFO[m] MkComments: comment #1 posted to issue #1 by jeff: hey
[[0;37mINFO[m] MkRepos: repository jeff/FiMogfmboNDFp5VUWwTS created by jeff
[[0;37mINFO[m] MkIssues: issue #1 created in jeff/FiMogfmboNDFp5VUWwTS by jeff: 
[[0;37mINFO[m] MkComments: comment #1 posted to issue #1 by jeff: hey you
[INFO] Tests run: 4, Failures: 0, Errors: 0, Skipped: 0, Time elapsed: 0.031 s - in com.rultor.agents.github.qtn.QnParametrizedTest
[INFO] Running com.rultor.agents.github.StartsTalksTest
[WARNING] Tests run: 1, Failures: 0, Errors: 0, Skipped: 1, Time elapsed: 0 s - in com.rultor.agents.github.StartsTalksTest
[INFO] Running com.rultor.agents.MailsTest
[WARNING] Tests run: 2, Failures: 0, Errors: 0, Skipped: 2, Time elapsed: 0.001 s - in com.rultor.agents.MailsTest
[INFO] Running com.rultor.agents.github.qtn.QnWithAuthorTest
[[0;37mINFO[m] MkRepos: repository jeff/UfRrQ4t2ABTT9pfKE294 created by jeff
[[0;37mINFO[m] MkIssues: issue #1 created in jeff/UfRrQ4t2ABTT9pfKE294 by jeff: title
[[0;37mINFO[m] MkComments: comment #1 posted to issue #1 by jeff: comment
[[0;37mINFO[m] MkComments: comment #2 posted to issue #1 by jeff: > comment\n\n@jeff OK, I'll try to stop current task.
[[0;37mINFO[m] QnStop: stop request found in jeff/UfRrQ4t2ABTT9pfKE294#1 comment #1
[[0;37mINFO[m] MkRepos: repository jeff/iFRcSp2QGlprvQYXK2nw created by jeff
[[0;37mINFO[m] MkIssues: issue #1 created in jeff/iFRcSp2QGlprvQYXK2nw by jeff: the title
[[0;37mINFO[m] MkComments: comment #1 posted to issue #1 by jeff: the comment
[[0;37mINFO[m] MkComments: comment #2 posted to issue #1 by jeff: > the comment\n\n@jeff Hi there! I understand a few ..160..ub.com/yegor256/rultor/issues). Have fun :)
[[0;37mINFO[m] QnHello: hello found in #1
[INFO] Tests run: 2, Failures: 0, Errors: 0, Skipped: 0, Time elapsed: 0.056 s - in com.rultor.agents.github.qtn.QnWithAuthorTest
[INFO] Running com.rultor.agents.github.qtn.QnIfContainsTest
[[0;37mINFO[m] MkRepos: repository jeff/K96vbe5SKwBOVtf1oFXO created by jeff
[[0;37mINFO[m] MkIssues: issue #1 created in jeff/K96vbe5SKwBOVtf1oFXO by jeff: 
[[0;37mINFO[m] MkComments: comment #1 posted to issue #1 by jeff: something else to MErge
[[0;37mINFO[m] MkComments: comment #2 posted to issue #1 by jeff: > something else to MErge\n\n@jeff Hi there! I under..172..ub.com/yegor256/rultor/issues). Have fun :)
[[0;37mINFO[m] QnHello: hello found in #1
[[0;37mINFO[m] MkRepos: repository jeff/gyltWvdDTqmKPaqwKccm created by jeff
[[0;37mINFO[m] MkIssues: issue #1 created in jeff/gyltWvdDTqmKPaqwKccm by jeff: 
[[0;37mINFO[m] MkComments: comment #1 posted to issue #1 by jeff: something
[INFO] Tests run: 2, Failures: 0, Errors: 0, Skipped: 0, Time elapsed: 0.034 s - in com.rultor.agents.github.qtn.QnIfContainsTest
[INFO] Running com.rultor.agents.github.qtn.QnIfCollaboratorTest
[[0;37mINFO[m] MkRepos: repository jeff/Ac3voXthOUnutqzrFulj created by jeff
[[0;37mINFO[m] MkIssues: issue #1 created in jeff/Ac3voXthOUnutqzrFulj by jeff: 
[[0;37mINFO[m] MkComments: comment #1 posted to issue #1 by jeff: deploy
[[0;37mINFO[m] MkComments: comment #2 posted to issue #1 by jeff: > deploy\n\n@jeff You need to add me to the list of ..55..d [here](https://doc.rultor.com/basics.html)
[INFO] Tests run: 1, Failures: 0, Errors: 0, Skipped: 0, Time elapsed: 0.065 s - in com.rultor.agents.github.qtn.QnIfCollaboratorTest
[INFO] Running com.rultor.agents.req.BracketsTest
[INFO] Tests run: 1, Failures: 0, Errors: 0, Skipped: 0, Time elapsed: 0.001 s - in com.rultor.agents.req.BracketsTest
[INFO] Running com.rultor.web.TkTicksTest
[INFO] Tests run: 2, Failures: 0, Errors: 0, Skipped: 0, Time elapsed: 0.438 s - in com.rultor.web.TkTicksTest
[INFO] Running com.rultor.agents.github.qtn.QnHelloTest
[[0;37mINFO[m] MkRepos: repository jeff/CfXZvWae9AJ63LJHkLIY created by jeff
[[0;37mINFO[m] MkIssues: issue #1 created in jeff/CfXZvWae9AJ63LJHkLIY by jeff: 
[[0;37mINFO[m] MkComments: comment #1 posted to issue #1 by jeff: hello
[[0;37mINFO[m] MkComments: comment #2 posted to issue #1 by jeff: > hello\n\n@jeff Hi there! I understand a few simple..154..ub.com/yegor256/rultor/issues). Have fun :)
[[0;37mINFO[m] QnHello: hello found in #1
[INFO] Tests run: 1, Failures: 0, Errors: 0, Skipped: 0, Time elapsed: 0.02 s - in com.rultor.agents.github.qtn.QnHelloTest
[INFO] Running com.rultor.agents.github.qtn.QnIfUnlockedTest
[WARNING] Tests run: 1, Failures: 0, Errors: 0, Skipped: 1, Time elapsed: 0 s - in com.rultor.agents.github.qtn.QnIfUnlockedTest
[INFO] Running com.rultor.agents.github.CommentsTagTest
[[0;37mINFO[m] MkRepos: repository jeff/Jx486XvewyyyiZIw89Zi created by jeff
[[0;37mINFO[m] MkIssues: issue #1 created in jeff/Jx486XvewyyyiZIw89Zi by jeff: 
[[0;37mINFO[m] CommentsTag: tag v1.0 created and commented
[[0;37mINFO[m] MkRepos: repository jeff/M7WpnMluO1cykQBlO9D0 created by jeff
[[0;37mINFO[m] MkIssues: issue #1 created in jeff/M7WpnMluO1cykQBlO9D0 by jeff: 
[[0;37mINFO[m] CommentsTag: tag v1.5 created and commented
[[0;37mINFO[m] MkRepos: repository jeff/Phipo9vUhh0ApCEyCzmi created by jeff
[[0;37mINFO[m] MkIssues: issue #1 created in jeff/Phipo9vUhh0ApCEyCzmi by jeff: 
[[0;37mINFO[m] MkComments: comment #1 posted to issue #1 by jeff: Release `v5.0` already exists! I can't duplicate i..29.. the future, try to avoid duplicate releases
[[0;37mINFO[m] CommentsTag: duplicate tag v5.0 commented
[INFO] Tests run: 3, Failures: 0, Errors: 0, Skipped: 0, Time elapsed: 0.077 s - in com.rultor.agents.github.CommentsTagTest
[INFO] Running com.rultor.agents.github.qtn.QnAloneTest
[[0;37mINFO[m] MkRepos: repository jeff/3oS8qIdFQLfTPQP6dho5 created by jeff
[[0;37mINFO[m] MkIssues: issue #1 created in jeff/3oS8qIdFQLfTPQP6dho5 by jeff: 
[[0;37mINFO[m] MkComments: comment #1 posted to issue #1 by jeff: deploy
[[2;37mDEBUG[m] MkSttc: #locks(): MkLocks() in 35.92Âµs
[[2;37mDEBUG[m] MkLocks: #get('rt-repo-jeff-3oS8qIdFQLfTPQP6dho5'): MkLock() in 46.81Âµs
[[2;37mDEBUG[m] MkLock: #lock('test'): true in 17.85Âµs
[[0;37mINFO[m] QnAlone: jeff/3oS8qIdFQLfTPQP6dho5 locked by issue #1, comment #1
[[0;37mINFO[m] MkComments: comment #2 posted to issue #1 by jeff: > deploy\n\n@jeff OK, I'll try to deploy now. You can check the progress [here](#)
[[0;37mINFO[m] QnDeploy: deploy request found in jeff/3oS8qIdFQLfTPQP6dho5#1 comment #1
[INFO] Tests run: 1, Failures: 0, Errors: 0, Skipped: 0, Time elapsed: 0.018 s - in com.rultor.agents.github.qtn.QnAloneTest
[INFO] Running com.rultor.agents.daemons.KillsDaemonTest
[INFO] Tests run: 1, Failures: 0, Errors: 0, Skipped: 0, Time elapsed: 0.007 s - in com.rultor.agents.daemons.KillsDaemonTest
[INFO] Running com.rultor.agents.github.qtn.QnIamLostTest
[[0;37mINFO[m] MkRepos: repository jeff/uEmbo9dydlHAgzwqroGq created by jeff
[[0;37mINFO[m] MkIssues: issue #1 created in jeff/uEmbo9dydlHAgzwqroGq by jeff: 
[[0;37mINFO[m] MkComments: comment #1 posted to issue #1 by jeff: boom
[[0;37mINFO[m] MkComments: comment #2 posted to issue #1 by jeff: > boom\n\n@jeff I'm sorry, I don't understand you :(..25..rultor.com/basics.html) and try again please
[INFO] Tests run: 1, Failures: 0, Errors: 0, Skipped: 0, Time elapsed: 0.021 s - in com.rultor.agents.github.qtn.QnIamLostTest
[INFO] Running com.rultor.web.TkHomeTest
[[0;37mINFO[m] Talks$InDir: talk 'test1' created in /tmp/590723962538203120/test1
[[0;37mINFO[m] Talks$InDir: talk 'test2' created in /tmp/590723962538203120/test2
[[0;37mINFO[m] Talks$InDir: 2 files in /tmp/590723962538203120
[INFO] Tests run: 1, Failures: 0, Errors: 0, Skipped: 0, Time elapsed: 0.062 s - in com.rultor.web.TkHomeTest
[INFO] Running com.rultor.agents.AgentsTest
[[2;37mDEBUG[m] MkSttc: #locks(): MkLocks() in 27.54Âµs
[INFO] Tests run: 1, Failures: 0, Errors: 0, Skipped: 0, Time elapsed: 0.44 s - in com.rultor.agents.AgentsTest
[INFO] Running com.rultor.agents.req.EndsRequestTest
[[0;37mINFO[m] EndsRequest: request finished: false
[INFO] Tests run: 1, Failures: 0, Errors: 0, Skipped: 0, Time elapsed: 0.015 s - in com.rultor.agents.req.EndsRequestTest
[INFO] Running com.rultor.agents.docker.StartsDockerDaemonTest
[WARNING] Tests run: 1, Failures: 0, Errors: 0, Skipped: 1, Time elapsed: 0.004 s - in com.rultor.agents.docker.StartsDockerDaemonTest
[INFO] Running com.rultor.agents.DeactivatesTalksTest
[[0;37mINFO[m] DeactivatesTalks: a deactivated
[INFO] Tests run: 1, Failures: 0, Errors: 0, Skipped: 0, Time elapsed: 0.011 s - in com.rultor.agents.DeactivatesTalksTest
[INFO] Running com.rultor.agents.github.DephantomizesTest
[[0;37mINFO[m] MkRepos: repository jeff/ryQMRkifXf3btw1mAUGk created by jeff
[[0;37mINFO[m] MkIssues: issue #1 created in jeff/ryQMRkifXf3btw1mAUGk by jeff: title
[[0;37mINFO[m] MkRepos: repository jeff/6sZAhsjqxEe2GJdBQ7bI created by jeff
[[0;33mWARN[m] Dephantomizes: issue #0 in jeff/6sZAhsjqxEe2GJdBQ7bI is gone, deleting request
[INFO] Tests run: 2, Failures: 0, Errors: 0, Skipped: 0, Time elapsed: 0.03 s - in com.rultor.agents.github.DephantomizesTest
[INFO] Running com.rultor.agents.github.UnderstandsTest
[[0;37mINFO[m] MkRepos: repository jeff/z7SLT80cX8jWP5XcKcNG created by jeff
[[0;37mINFO[m] MkIssues: issue #1 created in jeff/z7SLT80cX8jWP5XcKcNG by jeff: 
[[0;37mINFO[m] MkComments: comment #1 posted to issue #1 by jeff: @jeff hey you
[[0;37mINFO[m] Understands: temporary pause in jeff/z7SLT80cX8jWP5XcKcNG#1, at message #0
[[0;37mINFO[m] MkRepos: repository jeff/3CwhiyszM8bckLDdJPTT created by jeff
[[0;37mINFO[m] MkIssues: issue #1 created in jeff/3CwhiyszM8bckLDdJPTT by jeff: 
[[0;37mINFO[m] MkComments: comment #1 posted to issue #1 by jeff: @jeff hello
[[0;37mINFO[m] MkComments: comment #2 posted to issue #1 by jeff: @jeff deploy
[[0;37mINFO[m] MkComments: comment #3 posted to issue #1 by jeff: > @jeff hello\n\n@jeff Hi there! I understand a few ..160..ub.com/yegor256/rultor/issues). Have fun :)
[[0;37mINFO[m] QnHello: hello found in #1
[[0;37mINFO[m] Understands: simple request in jeff/3CwhiyszM8bckLDdJPTT#1
[[0;37mINFO[m] MkComments: comment #4 posted to issue #1 by jeff: > @jeff deploy\n\n@jeff OK, I'll try to deploy now. ..13..rogress [here](https://www.rultor.com/t/1-2)
[[0;37mINFO[m] QnDeploy: deploy request found in jeff/3CwhiyszM8bckLDdJPTT#1 comment #2
[[0;37mINFO[m] MkRepos: repository jeff/DbupUEB4AaHOK0XSEwn5 created by jeff
[[0;37mINFO[m] MkIssues: issue #1 created in jeff/DbupUEB4AaHOK0XSEwn5 by jeff: test
[[0;37mINFO[m] MkComments: comment #1 posted to issue #1 by jeff: > @test hello\n\n@jeff Hi there! I understand a few ..160..ub.com/yegor256/rultor/issues). Have fun :)
[[0;37mINFO[m] QnHello: hello found in #1
[[0;37mINFO[m] Understands: simple request in jeff/DbupUEB4AaHOK0XSEwn5#1
[INFO] Tests run: 3, Failures: 0, Errors: 0, Skipped: 0, Time elapsed: 0.211 s - in com.rultor.agents.github.UnderstandsTest
[INFO] Running com.rultor.agents.github.qtn.QnDeployTest
[[0;37mINFO[m] MkRepos: repository jeff/cKN1o0XOARctQV6ERfHr created by jeff
[[0;37mINFO[m] MkIssues: issue #1 created in jeff/cKN1o0XOARctQV6ERfHr by jeff: 
[[0;37mINFO[m] MkComments: comment #1 posted to issue #1 by jeff: deploy
[[0;37mINFO[m] MkComments: comment #2 posted to issue #1 by jeff: > deploy\n\n@jeff OK, I'll try to deploy now. You can check the progress [here](#)
[[0;37mINFO[m] QnDeploy: deploy request found in jeff/cKN1o0XOARctQV6ERfHr#1 comment #1
[INFO] Tests run: 1, Failures: 0, Errors: 0, Skipped: 0, Time elapsed: 0.019 s - in com.rultor.agents.github.qtn.QnDeployTest
[INFO] Running com.rultor.profiles.YamlXMLTest
[INFO] Tests run: 3, Failures: 0, Errors: 0, Skipped: 0, Time elapsed: 0.044 s - in com.rultor.profiles.YamlXMLTest
[INFO] Running com.rultor.agents.daemons.EndsDaemonTest
[INFO] Tests run: 1, Failures: 0, Errors: 0, Skipped: 0, Time elapsed: 0.011 s - in com.rultor.agents.daemons.EndsDaemonTest
[INFO] Running com.rultor.agents.github.qtn.QnFirstOfTest
[[0;37mINFO[m] MkRepos: repository jeff/HuXdBg7ylFYY3FZoNbYn created by jeff
[[0;37mINFO[m] MkIssues: issue #1 created in jeff/HuXdBg7ylFYY3FZoNbYn by jeff: 
[[0;37mINFO[m] MkComments: comment #1 posted to issue #1 by jeff: deploy
[[0;37mINFO[m] MkComments: comment #2 posted to issue #1 by jeff: > deploy\n\n@jeff OK, I'll try to deploy now. You can check the progress [here](#)
[[0;37mINFO[m] QnDeploy: deploy request found in jeff/HuXdBg7ylFYY3FZoNbYn#1 comment #1
[INFO] Tests run: 1, Failures: 0, Errors: 0, Skipped: 0, Time elapsed: 0.016 s - in com.rultor.agents.github.qtn.QnFirstOfTest
[INFO] Running com.rultor.agents.github.DropsTalkTest
[[0;37mINFO[m] DropsTalk: The talk test is lost, has no wire, dropped it
[INFO] Tests run: 1, Failures: 0, Errors: 0, Skipped: 0, Time elapsed: 0.01 s - in com.rultor.agents.github.DropsTalkTest
[INFO] Running com.rultor.agents.IndexesRequestsTest
[[0;37mINFO[m] Talks$InDir: talk 'talk' created in /tmp/4737945803612795841/talk
[[0;37mINFO[m] Talks$InDir: 1 files in /tmp/4737945803612795841
[[0;37mINFO[m] Talks$InDir: 1 files in /tmp/4737945803612795841
[[0;37mINFO[m] Talks$InDir: 1 files in /tmp/4737945803612795841
[[0;37mINFO[m] Talks$InDir: 1 files in /tmp/4737945803612795841
[[0;37mINFO[m] Talks$InDir: talk 'talk' created in /tmp/5035975550653810507/talk
[[0;37mINFO[m] Talks$InDir: 1 files in /tmp/5035975550653810507
[[0;37mINFO[m] Talks$InDir: 1 files in /tmp/5035975550653810507
[[0;37mINFO[m] Talks$InDir: 1 files in /tmp/5035975550653810507
[[0;37mINFO[m] Talks$InDir: 1 files in /tmp/5035975550653810507
[[0;37mINFO[m] Talks$InDir: talk 'first' created in /tmp/3620902310309584450/first
[[0;37mINFO[m] Talks$InDir: 1 files in /tmp/3620902310309584450
[[0;37mINFO[m] Talks$InDir: talk 'second' created in /tmp/3620902310309584450/second
[[0;37mINFO[m] Talks$InDir: 2 files in /tmp/3620902310309584450
[[0;37mINFO[m] Talks$InDir: talk 'third' created in /tmp/3620902310309584450/third
[[0;37mINFO[m] Talks$InDir: 3 files in /tmp/3620902310309584450
[[0;37mINFO[m] Talks$InDir: 3 files in /tmp/3620902310309584450
[[0;37mINFO[m] Talks$InDir: 3 files in /tmp/3620902310309584450
[[0;37mINFO[m] Talks$InDir: 3 files in /tmp/3620902310309584450
[[0;37mINFO[m] Talks$InDir: talk 'talk' created in /tmp/4293967666051612600/talk
[[0;37mINFO[m] Talks$InDir: 1 files in /tmp/4293967666051612600
[[0;37mINFO[m] Talks$InDir: 1 files in /tmp/4293967666051612600
[[0;37mINFO[m] Talks$InDir: 1 files in /tmp/4293967666051612600
[[0;37mINFO[m] Talks$InDir: 1 files in /tmp/4293967666051612600
[INFO] Tests run: 4, Failures: 0, Errors: 0, Skipped: 0, Time elapsed: 0.092 s - in com.rultor.agents.IndexesRequestsTest
[INFO] Running com.rultor.agents.github.qtn.QnLockTest
[[0;37mINFO[m] MkRepos: repository jeff/HT6HDyXmMDSk9x4YVq1n created by jeff
[[0;37mINFO[m] MkIssues: issue #1 created in jeff/HT6HDyXmMDSk9x4YVq1n by jeff: 
[[0;37mINFO[m] MkComments: comment #1 posted to issue #1 by jeff: lock users=`@test1, test2`
[[0;37mINFO[m] MkComments: comment #2 posted to issue #1 by jeff: > lock users=`@test1, test2`\n\n@jeff I added `.rult..138.. say ``@rultor unlock branch is `master```.
[[0;37mINFO[m] QnLock: lock request in #1
[INFO] Tests run: 1, Failures: 0, Errors: 0, Skipped: 0, Time elapsed: 0.033 s - in com.rultor.agents.github.qtn.QnLockTest
[INFO] Running com.rultor.web.TkAppTest
[[0;37mINFO[m] Talks$InDir: 0 files in /tmp/11648442967293475822
[[0;37mINFO[m] Talks$InDir: 0 files in /tmp/11648442967293475822
[[0;37mINFO[m] Talks$InDir: 0 files in /tmp/13925316765656366782
[WARNING] Tests run: 4, Failures: 0, Errors: 0, Skipped: 1, Time elapsed: 2.259 s - in com.rultor.web.TkAppTest
[INFO] Running com.rultor.agents.github.qtn.QnLastOfTest
[[0;37mINFO[m] MkRepos: repository jeff/ojb7uG2EJEAGfu0MTMqY created by jeff
[[0;37mINFO[m] MkIssues: issue #1 created in jeff/ojb7uG2EJEAGfu0MTMqY by jeff: 
[[0;37mINFO[m] MkComments: comment #1 posted to issue #1 by jeff: deploy
[[0;37mINFO[m] MkComments: comment #2 posted to issue #1 by jeff: > deploy\n\n@jeff OK, I'll try to deploy now. You can check the progress [here](#)
[[0;37mINFO[m] QnDeploy: deploy request found in jeff/ojb7uG2EJEAGfu0MTMqY#1 comment #1
[INFO] Tests run: 1, Failures: 0, Errors: 0, Skipped: 0, Time elapsed: 0.028 s - in com.rultor.agents.github.qtn.QnLastOfTest
[INFO] Running com.rultor.agents.github.qtn.QnAskedByTest
[[0;37mINFO[m] MkRepos: repository jeff/4DmyC9ZQ5FsIH4GBkSx2 created by jeff
[[0;37mINFO[m] MkIssues: issue #1 created in jeff/4DmyC9ZQ5FsIH4GBkSx2 by jeff: needs
[[0;37mINFO[m] MkComments: comment #1 posted to issue #1 by jeff: deploy
[[0;37mINFO[m] MkRepos: repository jeff/c8HLI0SYPKFSoW7BYBGG created by jeff
[[0;37mINFO[m] MkIssues: issue #1 created in jeff/c8HLI0SYPKFSoW7BYBGG by jeff: title
[[0;37mINFO[m] MkComments: comment #1 posted to issue #1 by jeff: comment
[[0;37mINFO[m] MkComments: comment #2 posted to issue #1 by jeff: > comment\n\n@jeff Sorry, I accept such requests onl..129..ere](https://doc.rultor.com/reference.html)
[INFO] Tests run: 2, Failures: 0, Errors: 0, Skipped: 0, Time elapsed: 0.052 s - in com.rultor.agents.github.qtn.QnAskedByTest
[INFO] Running com.rultor.agents.shells.RegistersShellTest
[[0;37mINFO[m] RegistersShell: shell abcd registered as local:221 in test
[INFO] Tests run: 2, Failures: 0, Errors: 0, Skipped: 0, Time elapsed: 0.035 s - in com.rultor.agents.shells.RegistersShellTest
[INFO] Running com.rultor.agents.twitter.TweetsTest
[[0;37mINFO[m] MkRepos: repository jeff/AKDB074YVgfe8VCbddOJ created by jeff
[[0;37mINFO[m] MkIssues: issue #1 created in jeff/AKDB074YVgfe8VCbddOJ by jeff: 
[[0;37mINFO[m] Tweets: tweet posted about jeff/AKDB074YVgfe8VCbddOJ release
[[0;37mINFO[m] MkRepos: repository jeff/GXnfWcksXRhOxnRdhBh0 created by jeff
[[0;37mINFO[m] MkIssues: issue #1 created in jeff/GXnfWcksXRhOxnRdhBh0 by jeff: 
[[0;37mINFO[m] Tweets: tweet posted about jeff/GXnfWcksXRhOxnRdhBh0 release
[INFO] Tests run: 2, Failures: 0, Errors: 0, Skipped: 0, Time elapsed: 0.042 s - in com.rultor.agents.twitter.TweetsTest
[INFO] Running com.rultor.agents.github.qtn.QnStopTest
[[0;37mINFO[m] MkRepos: repository jeff/KGe4p84vpu2UQQuBuiWB created by jeff
[[0;37mINFO[m] MkIssues: issue #1 created in jeff/KGe4p84vpu2UQQuBuiWB by jeff: 
[[0;37mINFO[m] MkComments: comment #1 posted to issue #1 by jeff: stop
[[0;37mINFO[m] MkComments: comment #2 posted to issue #1 by jeff: > stop\n\n@jeff OK, I'll try to stop current task.
[[0;37mINFO[m] QnStop: stop request found in jeff/KGe4p84vpu2UQQuBuiWB#1 comment #1
[INFO] Tests run: 1, Failures: 0, Errors: 0, Skipped: 0, Time elapsed: 0.016 s - in com.rultor.agents.github.qtn.QnStopTest
[INFO] Running com.rultor.agents.github.CommitsLogTest
[INFO] Tests run: 2, Failures: 0, Errors: 0, Skipped: 0, Time elapsed: 0.081 s - in com.rultor.agents.github.CommitsLogTest
[INFO] Running com.rultor.agents.github.qtn.ReleaseTagTest
[[0;37mINFO[m] MkRepos: repository jeff/76TknBQYRE8OqHZTqqYu created by jeff
[[0;37mINFO[m] MkRepos: repository jeff/r1SX0kEmoOjl5x6k9w5R created by jeff
[INFO] Tests run: 2, Failures: 0, Errors: 0, Skipped: 0, Time elapsed: 0.019 s - in com.rultor.agents.github.qtn.ReleaseTagTest
[INFO] Running com.rultor.web.TkSiblingsTest
[[0;37mINFO[m] Talks$InDir: talk 'test' created in /tmp/5088588392057523942/test
[[0;37mINFO[m] Talks$InDir: 1 files in /tmp/5088588392057523942
[[0;37mINFO[m] Talks$InDir: 1 files in /tmp/5088588392057523942
[INFO] Tests run: 1, Failures: 0, Errors: 0, Skipped: 0, Time elapsed: 0.021 s - in com.rultor.web.TkSiblingsTest
[INFO] Running com.rultor.web.TkDaemonTest
[[0;37mINFO[m] Talks$InDir: talk 'test' created in /tmp/5299221851625812825/test
[[0;37mINFO[m] Talks$InDir: 1 files in /tmp/5299221851625812825
[[0;37mINFO[m] Talks$InDir: 1 files in /tmp/5299221851625812825
[[0;37mINFO[m] Talks$InDir: 1 files in /tmp/5299221851625812825
[[0;37mINFO[m] Talks$InDir: 1 files in /tmp/5299221851625812825
[INFO] Tests run: 1, Failures: 0, Errors: 0, Skipped: 0, Time elapsed: 0.022 s - in com.rultor.web.TkDaemonTest
[INFO] Running com.rultor.agents.github.AnswerTest
[[0;37mINFO[m] MkRepos: repository jeff/HMgHGsqAZtBqsattpq6m created by jeff
[[0;37mINFO[m] MkIssues: issue #1 created in jeff/HMgHGsqAZtBqsattpq6m by jeff: 
[[0;37mINFO[m] MkComments: comment #1 posted to issue #1 by jeff: hey, do it
[[0;37mINFO[m] MkComments: comment #2 posted to issue #1 by jeff: > hey, do it\n\n@jeff hey you\u0000
[[0;37mINFO[m] MkRepos: repository jeff/L4hWkpBSpMazNOWJPoBo created by jeff
[[0;37mINFO[m] MkIssues: issue #1 created in jeff/L4hWkpBSpMazNOWJPoBo by jeff: 
[[0;37mINFO[m] MkComments: comment #1 posted to issue #1 by walter: hello, how are you?
[[0;37mINFO[m] MkComments: comment #2 posted to issue #1 by jeff: > hello, how are you?\n\n@walter oops
[[0;37mINFO[m] MkComments: comment #3 posted to issue #1 by jeff: > hello, how are you?\n\n@walter oops
[[0;37mINFO[m] MkComments: comment #4 posted to issue #1 by jeff: > hello, how are you?\n\n@walter oops
[[0;37mINFO[m] MkComments: comment #5 posted to issue #1 by jeff: > hello, how are you?\n\n@walter oops
[[0;37mINFO[m] MkComments: comment #6 posted to issue #1 by jeff: > hello, how are you?\n\n@walter oops
[[0;31mERROR[m] Answer: too many (5) comments from jeff already in jeff/L4hWkpBSpMazNOWJPoBo#1
[[0;31mERROR[m] Answer: too many (5) comments from jeff already in jeff/L4hWkpBSpMazNOWJPoBo#1
[[0;31mERROR[m] Answer: too many (5) comments from jeff already in jeff/L4hWkpBSpMazNOWJPoBo#1
[[0;31mERROR[m] Answer: too many (5) comments from jeff already in jeff/L4hWkpBSpMazNOWJPoBo#1
[[0;31mERROR[m] Answer: too many (5) comments from jeff already in jeff/L4hWkpBSpMazNOWJPoBo#1
[INFO] Tests run: 2, Failures: 0, Errors: 0, Skipped: 0, Time elapsed: 0.164 s - in com.rultor.agents.github.AnswerTest
[INFO] Running com.rultor.web.TkButtonTest
[INFO] Tests run: 1, Failures: 0, Errors: 0, Skipped: 0, Time elapsed: 0.003 s - in com.rultor.web.TkButtonTest
[INFO] Running com.rultor.agents.github.ReleaseBinariesTest
[WARNING] Tests run: 1, Failures: 0, Errors: 0, Skipped: 1, Time elapsed: 0.003 s - in com.rultor.agents.github.ReleaseBinariesTest
[INFO] Running com.rultor.profiles.GithubProfileTest
[[0;37mINFO[m] MkRepos: repository jeff/te.st created by jeff
[[0;37mINFO[m] MkRepos: repository jeff/test1 created by jeff
[[0;37mINFO[m] MkRepos: repository jeff/test2 created by jeff
[[0;37mINFO[m] MkRepos: repository jeff/test1 created by jeff
[[0;37mINFO[m] MkRepos: repository jeff/test2 created by jeff
[[0;37mINFO[m] MkRepos: repository jeff/test1 created by jeff
[[0;37mINFO[m] MkRepos: repository jeff/test2 created by jeff
[[0;37mINFO[m] MkRepos: repository jeff/test1 created by jeff
[[0;37mINFO[m] MkRepos: repository jeff/test2 created by jeff
[[0;37mINFO[m] MkRepos: repository jeff/test1 created by jeff
[[0;37mINFO[m] MkRepos: repository jeff/test2 created by jeff
[[0;37mINFO[m] MkRepos: repository jeff/test1 created by jeff
[[0;37mINFO[m] MkRepos: repository jeff/test2 created by jeff
[[0;37mINFO[m] MkRepos: repository jeff/test1 created by jeff
[[0;37mINFO[m] MkRepos: repository jeff/test2 created by jeff
[[0;37mINFO[m] MkRepos: repository jeff/test1 created by jeff
[[0;37mINFO[m] MkRepos: repository jeff/test2 created by jeff
[INFO] Tests run: 9, Failures: 0, Errors: 0, Skipped: 0, Time elapsed: 0.142 s - in com.rultor.profiles.GithubProfileTest
[INFO] Running com.rultor.agents.req.StartsRequestTest
[[0;33mWARN[m] VerboseProcess: >> + set -e
[[0;33mWARN[m] VerboseProcess: >> + set -o pipefail
[[0;33mWARN[m] VerboseProcess: >> + git init .
[[0;33mWARN[m] VerboseProcess: >> + git config user.email test@rultor.com
[[0;33mWARN[m] VerboseProcess: >> + git config user.name test
[[0;33mWARN[m] VerboseProcess: >> + echo 'hello, world!'
[[0;33mWARN[m] VerboseProcess: >> + git add .
[[0;33mWARN[m] VerboseProcess: >> + git -c commit.gpgsign=false commit -am 'first file'
[[0;33mWARN[m] VerboseProcess: >> + git checkout -b frk
[[0;33mWARN[m] VerboseProcess: >> Switched to a new branch 'frk'
[[0;33mWARN[m] VerboseProcess: >> + echo 'good bye!'
[[0;33mWARN[m] VerboseProcess: >> + git -c commit.gpgsign=false commit -am 'modified file'
[[0;33mWARN[m] VerboseProcess: >> + git checkout master
[[0;33mWARN[m] VerboseProcess: >> Switched to branch 'master'
[[0;33mWARN[m] VerboseProcess: >> + git config receive.denyCurrentBranch ignore
[[0;37mINFO[m] StartsRequest: request merge/a1b2c3 started for test
[[0;33mWARN[m] VerboseProcess: >> + set -e
[[0;33mWARN[m] VerboseProcess: >> + set -o pipefail
[[0;33mWARN[m] VerboseProcess: >> + ff=default
[[0;33mWARN[m] VerboseProcess: >> + image=yegor256/rultor-image
[[0;33mWARN[m] VerboseProcess: >> + rebase=false
[[0;33mWARN[m] VerboseProcess: >> + head_branch=master
[[0;33mWARN[m] VerboseProcess: >> + pull_title='the "title'
[[0;33mWARN[m] VerboseProcess: >> + author=yegor256
[[0;33mWARN[m] VerboseProcess: >> + directory=
[[0;33mWARN[m] VerboseProcess: >> + head=/tmp/junit9241456908670812751/junit15758198658990136526
[[0;33mWARN[m] VerboseProcess: >> + fork=/tmp/junit9241456908670812751/junit15758198658990136526
[[0;33mWARN[m] VerboseProcess: >> + fork_branch=frk
[[0;33mWARN[m] VerboseProcess: >> + squash=false
[[0;33mWARN[m] VerboseProcess: >> + vars=('--env=head=/tmp/junit9241456908670812751/junit15758198658990136526' '--env=fork=/tmp/junit9241456908670812751/junit15758198658990136526' '--env=fork_branch=frk' '--env=head_branch=master' '--env=pull_title=the "title' '--env=author=yegor256' '--env=scripts=( '\''export '\''\'\'''\''head=/tmp/junit9241456908670812751/junit15758198658990136526'\''\'\'''\'''\'' '\'';'\'' '\''export '\''\'\'''\''fork=/tmp/junit9241456908670812751/junit15758198658990136526'\''\'\'''\'''\'' '\'';'\'' '\''export '\''\'\'''\''fork_branch=frk'\''\'\'''\'''\'' '\'';'\'' '\''export '\''\'\'''\''head_branch=master'\''\'\'''\'''\'' '\'';'\'' '\''export '\''\'\'''\''pull_title=the "title'\''\'\'''\'''\'' '\'';'\'' '\''export '\''\'\'''\''author=yegor256'\''\'\'''\'''\'' '\'';'\'' '\''echo HEY'\'' '\'';'\'' )')
[[0;33mWARN[m] VerboseProcess: >> + scripts=('export '\''head=/tmp/junit9241456908670812751/junit15758198658990136526'\''' ';' 'export '\''fork=/tmp/junit9241456908670812751/junit15758198658990136526'\''' ';' 'export '\''fork_branch=frk'\''' ';' 'export '\''head_branch=master'\''' ';' 'export '\''pull_title=the "title'\''' ';' 'export '\''author=yegor256'\''' ';' 'echo HEY' ';')
[[0;33mWARN[m] VerboseProcess: >> + container=test
[[0;33mWARN[m] VerboseProcess: >> + as_root=false
[[0;33mWARN[m] VerboseProcess: >> + hostname
[[0;33mWARN[m] VerboseProcess: >> repairnator
[[0;33mWARN[m] VerboseProcess: >> + git --version
[[0;33mWARN[m] VerboseProcess: >> git version 2.17.1
[[0;33mWARN[m] VerboseProcess: >> + docker --version
[[0;33mWARN[m] VerboseProcess: >> + (( i=1 ))
[[0;33mWARN[m] VerboseProcess: >> + (( i<=1 ))
[[0;33mWARN[m] VerboseProcess: >> + echo 'DOCKER-1: --version'
[[0;33mWARN[m] VerboseProcess: >> DOCKER-1: --version
[[0;33mWARN[m] VerboseProcess: >> + (( i++  ))
[[0;33mWARN[m] VerboseProcess: >> + (( i<=1 ))
[[0;33mWARN[m] VerboseProcess: >> + mkdir -p /home/gabsko/.ssh
[[0;33mWARN[m] VerboseProcess: >> + echo -e 'Host github.com\n\tStrictHostKeyChecking no\n'
[[0;33mWARN[m] VerboseProcess: >> /bin/bash: line 36: /home/gabsko/.ssh/config: Permission denied
[[0;33mWARN[m] VerboseProcess: >> + set -e
[[0;33mWARN[m] VerboseProcess: >> + set -o pipefail
[[0;33mWARN[m] VerboseProcess: >> + git init .
[[0;33mWARN[m] VerboseProcess: >> + git config user.email test@rultor.com
[[0;33mWARN[m] VerboseProcess: >> + git config user.name test
[[0;33mWARN[m] VerboseProcess: >> + echo 'hello, world!'
[[0;33mWARN[m] VerboseProcess: >> + git add .
[[0;33mWARN[m] VerboseProcess: >> + git -c commit.gpgsign=false commit -am 'first file'
[[0;33mWARN[m] VerboseProcess: >> + git checkout -b frk
[[0;33mWARN[m] VerboseProcess: >> Switched to a new branch 'frk'
[[0;33mWARN[m] VerboseProcess: >> + echo 'good bye!'
[[0;33mWARN[m] VerboseProcess: >> + git -c commit.gpgsign=false commit -am 'modified file'
[[0;33mWARN[m] VerboseProcess: >> + git checkout master
[[0;33mWARN[m] VerboseProcess: >> Switched to branch 'master'
[[0;33mWARN[m] VerboseProcess: >> + git config receive.denyCurrentBranch ignore
[[0;37mINFO[m] StartsRequest: request deploy/abcd started for test
[[0;33mWARN[m] VerboseProcess: >> + set -e
[[0;33mWARN[m] VerboseProcess: >> + set -o pipefail
[[0;33mWARN[m] VerboseProcess: >> + head=/tmp/junit2972323532472014487/junit16437018259595738717
[[0;33mWARN[m] VerboseProcess: >> + image=yegor256/rultor-image
[[0;33mWARN[m] VerboseProcess: >> + head_branch=master
[[0;33mWARN[m] VerboseProcess: >> + author=yegor256
[[0;33mWARN[m] VerboseProcess: >> + vars=('--env=head=/tmp/junit2972323532472014487/junit16437018259595738717' '--env=scripts=( '\''export '\''\'\'''\''head=/tmp/junit2972323532472014487/junit16437018259595738717'\''\'\'''\'''\'' '\'';'\'' '\''export '\''\'\'''\''head_branch=master'\''\'\'''\'''\'' '\'';'\'' '\''export '\''\'\'''\''author=yegor256'\''\'\'''\'''\'' '\'';'\'' '\''echo BOOM'\'' '\'';'\'' )' '--env=head_branch=master' '--env=author=yegor256')
[[0;33mWARN[m] VerboseProcess: >> + scripts=('export '\''head=/tmp/junit2972323532472014487/junit16437018259595738717'\''' ';' 'export '\''head_branch=master'\''' ';' 'export '\''author=yegor256'\''' ';' 'echo BOOM' ';')
[[0;33mWARN[m] VerboseProcess: >> + directory=
[[0;33mWARN[m] VerboseProcess: >> + container=test
[[0;33mWARN[m] VerboseProcess: >> + as_root=true
[[0;33mWARN[m] VerboseProcess: >> + hostname
[[0;33mWARN[m] VerboseProcess: >> repairnator
[[0;33mWARN[m] VerboseProcess: >> + git --version
[[0;33mWARN[m] VerboseProcess: >> git version 2.17.1
[[0;33mWARN[m] VerboseProcess: >> + docker --version
[[0;33mWARN[m] VerboseProcess: >> + (( i=1 ))
[[0;33mWARN[m] VerboseProcess: >> + (( i<=1 ))
[[0;33mWARN[m] VerboseProcess: >> + echo 'DOCKER-1: --version'
[[0;33mWARN[m] VerboseProcess: >> DOCKER-1: --version
[[0;33mWARN[m] VerboseProcess: >> + (( i++  ))
[[0;33mWARN[m] VerboseProcess: >> + (( i<=1 ))
[[0;33mWARN[m] VerboseProcess: >> + mkdir -p /home/gabsko/.ssh
[[0;33mWARN[m] VerboseProcess: >> + echo -e 'Host github.com\n\tStrictHostKeyChecking no\n'
[[0;33mWARN[m] VerboseProcess: >> /bin/bash: line 30: /home/gabsko/.ssh/config: Permission denied
[[0;37mINFO[m] StartsRequest: request deploy/ff89 started for test
[[0;33mWARN[m] VerboseProcess: >> + set -e
[[0;33mWARN[m] VerboseProcess: >> + set -o pipefail
[[0;33mWARN[m] VerboseProcess: >> + git init .
[[0;33mWARN[m] VerboseProcess: >> + git config user.email test@rultor.com
[[0;33mWARN[m] VerboseProcess: >> + git config user.name test
[[0;33mWARN[m] VerboseProcess: >> + echo 'hello, world!'
[[0;33mWARN[m] VerboseProcess: >> + git add .
[[0;33mWARN[m] VerboseProcess: >> + git -c commit.gpgsign=false commit -am 'first file'
[[0;33mWARN[m] VerboseProcess: >> + git checkout -b frk
[[0;33mWARN[m] VerboseProcess: >> Switched to a new branch 'frk'
[[0;33mWARN[m] VerboseProcess: >> + echo 'good bye!'
[[0;33mWARN[m] VerboseProcess: >> + git -c commit.gpgsign=false commit -am 'modified file'
[[0;33mWARN[m] VerboseProcess: >> + git checkout master
[[0;33mWARN[m] VerboseProcess: >> Switched to branch 'master'
[[0;33mWARN[m] VerboseProcess: >> + git config receive.denyCurrentBranch ignore
[[0;37mINFO[m] StartsRequest: request deploy/abcd started for test
[[0;33mWARN[m] VerboseProcess: >> + set -e
[[0;33mWARN[m] VerboseProcess: >> + set -o pipefail
[[0;33mWARN[m] VerboseProcess: >> + head=/tmp/junit10158675563721229846/junit12361077774066692010
[[0;33mWARN[m] VerboseProcess: >> + image=yegor256/rultor-image
[[0;33mWARN[m] VerboseProcess: >> + head_branch=master
[[0;33mWARN[m] VerboseProcess: >> + author=yegor256
[[0;33mWARN[m] VerboseProcess: >> + vars=('--env=MAVEN_OPTS=-Xmx2g -Xms1g' '--env=head=/tmp/junit10158675563721229846/junit12361077774066692010' '--env=scripts=( '\''export '\''\'\'''\''MAVEN_OPTS=-Xmx2g -Xms1g'\''\'\'''\'''\'' '\'';'\'' '\''export '\''\'\'''\''head=/tmp/junit10158675563721229846/junit12361077774066692010'\''\'\'''\'''\'' '\'';'\'' '\''export '\''\'\'''\''head_branch=master'\''\'\'''\'''\'' '\'';'\'' '\''export '\''\'\'''\''author=yegor256'\''\'\'''\'''\'' '\'';'\'' '\''echo HEY'\'' '\'';'\'' )' '--env=head_branch=master' '--env=author=yegor256')
[[0;33mWARN[m] VerboseProcess: >> + scripts=('export '\''MAVEN_OPTS=-Xmx2g -Xms1g'\''' ';' 'export '\''head=/tmp/junit10158675563721229846/junit12361077774066692010'\''' ';' 'export '\''head_branch=master'\''' ';' 'export '\''author=yegor256'\''' ';' 'echo HEY' ';')
[[0;33mWARN[m] VerboseProcess: >> + directory=
[[0;33mWARN[m] VerboseProcess: >> + container=test
[[0;33mWARN[m] VerboseProcess: >> + as_root=false
[[0;33mWARN[m] VerboseProcess: >> + hostname
[[0;33mWARN[m] VerboseProcess: >> repairnator
[[0;33mWARN[m] VerboseProcess: >> + git --version
[[0;33mWARN[m] VerboseProcess: >> git version 2.17.1
[[0;33mWARN[m] VerboseProcess: >> + docker --version
[[0;33mWARN[m] VerboseProcess: >> + (( i=1 ))
[[0;33mWARN[m] VerboseProcess: >> + (( i<=1 ))
[[0;33mWARN[m] VerboseProcess: >> + echo 'DOCKER-1: --version'
[[0;33mWARN[m] VerboseProcess: >> DOCKER-1: --version
[[0;33mWARN[m] VerboseProcess: >> + (( i++  ))
[[0;33mWARN[m] VerboseProcess: >> + (( i<=1 ))
[[0;33mWARN[m] VerboseProcess: >> + mkdir -p /home/gabsko/.ssh
[[0;33mWARN[m] VerboseProcess: >> + echo -e 'Host github.com\n\tStrictHostKeyChecking no\n'
[[0;33mWARN[m] VerboseProcess: >> /bin/bash: line 30: /home/gabsko/.ssh/config: Permission denied
[[0;37mINFO[m] StartsRequest: request merge/abcd started for test
[[0;33mWARN[m] VerboseProcess: >> + set -e
[[0;33mWARN[m] VerboseProcess: >> + set -o pipefail
[[0;33mWARN[m] VerboseProcess: >> + git init .
[[0;33mWARN[m] VerboseProcess: >> + git config user.email test@rultor.com
[[0;33mWARN[m] VerboseProcess: >> + git config user.name test
[[0;33mWARN[m] VerboseProcess: >> + echo 'hello, world!'
[[0;33mWARN[m] VerboseProcess: >> + git add .
[[0;33mWARN[m] VerboseProcess: >> + git -c commit.gpgsign=false commit -am 'first file'
[[0;33mWARN[m] VerboseProcess: >> + git checkout -b frk
[[0;33mWARN[m] VerboseProcess: >> Switched to a new branch 'frk'
[[0;33mWARN[m] VerboseProcess: >> + echo 'good bye!'
[[0;33mWARN[m] VerboseProcess: >> + git -c commit.gpgsign=false commit -am 'modified file'
[[0;33mWARN[m] VerboseProcess: >> + git checkout master
[[0;33mWARN[m] VerboseProcess: >> Switched to branch 'master'
[[0;33mWARN[m] VerboseProcess: >> + git config receive.denyCurrentBranch ignore
[[0;37mINFO[m] StartsRequest: request release/a8b9c0 started for test
[[0;33mWARN[m] VerboseProcess: >> + set -e
[[0;33mWARN[m] VerboseProcess: >> + set -o pipefail
[[0;33mWARN[m] VerboseProcess: >> + head=/tmp/junit9545818154815686338/junit4561716621483433521
[[0;33mWARN[m] VerboseProcess: >> + image=a/b
[[0;33mWARN[m] VerboseProcess: >> + head_branch=master
[[0;33mWARN[m] VerboseProcess: >> + author=yegor256
[[0;33mWARN[m] VerboseProcess: >> + tag=1.0-beta
[[0;33mWARN[m] VerboseProcess: >> + vars=('--env=head=/tmp/junit9545818154815686338/junit4561716621483433521' '--env=tag=1.0-beta' '--env=scripts=( '\''export '\''\'\'''\''head=/tmp/junit9545818154815686338/junit4561716621483433521'\''\'\'''\'''\'' '\'';'\'' '\''export '\''\'\'''\''tag=1.0-beta'\''\'\'''\'''\'' '\'';'\'' '\''export '\''\'\'''\''head_branch=master'\''\'\'''\'''\'' '\'';'\'' '\''export '\''\'\'''\''author=yegor256'\''\'\'''\'''\'' '\'';'\'' '\''echo HEY'\'' '\'';'\'' )' '--env=head_branch=master' '--env=author=yegor256')
[[0;33mWARN[m] VerboseProcess: >> + scripts=('export '\''head=/tmp/junit9545818154815686338/junit4561716621483433521'\''' ';' 'export '\''tag=1.0-beta'\''' ';' 'export '\''head_branch=master'\''' ';' 'export '\''author=yegor256'\''' ';' 'echo HEY' ';')
[[0;33mWARN[m] VerboseProcess: >> + directory=
[[0;33mWARN[m] VerboseProcess: >> + container=test
[[0;33mWARN[m] VerboseProcess: >> + as_root=false
[[0;33mWARN[m] VerboseProcess: >> + hostname
[[0;33mWARN[m] VerboseProcess: >> repairnator
[[0;33mWARN[m] VerboseProcess: >> + git --version
[[0;33mWARN[m] VerboseProcess: >> git version 2.17.1
[[0;33mWARN[m] VerboseProcess: >> + docker --version
[[0;33mWARN[m] VerboseProcess: >> + (( i=1 ))
[[0;33mWARN[m] VerboseProcess: >> + (( i<=1 ))
[[0;33mWARN[m] VerboseProcess: >> + echo 'DOCKER-1: --version'
[[0;33mWARN[m] VerboseProcess: >> DOCKER-1: --version
[[0;33mWARN[m] VerboseProcess: >> + (( i++  ))
[[0;33mWARN[m] VerboseProcess: >> + (( i<=1 ))
[[0;33mWARN[m] VerboseProcess: >> + mkdir -p /home/gabsko/.ssh
[[0;33mWARN[m] VerboseProcess: >> + echo -e 'Host github.com\n\tStrictHostKeyChecking no\n'
[[0;33mWARN[m] VerboseProcess: >> /bin/bash: line 31: /home/gabsko/.ssh/config: Permission denied
[ERROR] Tests run: 7, Failures: 0, Errors: 4, Skipped: 1, Time elapsed: 0.411 s <<< FAILURE! - in com.rultor.agents.req.StartsRequestTest
[ERROR] com.rultor.agents.req.StartsRequestTest.startsMergeRequest  Time elapsed: 0.1 s  <<< ERROR!
java.lang.IllegalArgumentException: Non-zero exit code 1: + set -e\n+ set -o pipefail\n+ ff=default\n+ image=ye..1731..ome/gabsko/.ssh/config: Permission denied\n
	at com.jcabi.log.VerboseProcess.stdout(VerboseProcess.java:298)
	at com.jcabi.log.VerboseProcess.stdout(VerboseProcess.java:185)
	at com.rultor.agents.req.StartsRequestTest.exec(StartsRequestTest.java:421)
	at com.rultor.agents.req.StartsRequestTest.startsMergeRequest(StartsRequestTest.java:245)
	at java.base/jdk.internal.reflect.NativeMethodAccessorImpl.invoke0(Native Method)
	at java.base/jdk.internal.reflect.NativeMethodAccessorImpl.invoke(NativeMethodAccessorImpl.java:62)
	at java.base/jdk.internal.reflect.DelegatingMethodAccessorImpl.invoke(DelegatingMethodAccessorImpl.java:43)
	at java.base/java.lang.reflect.Method.invoke(Method.java:566)
	at org.junit.runners.model.FrameworkMethod$1.runReflectiveCall(FrameworkMethod.java:59)
	at org.junit.internal.runners.model.ReflectiveCallable.run(ReflectiveCallable.java:12)
	at org.junit.runners.model.FrameworkMethod.invokeExplosively(FrameworkMethod.java:56)
	at org.junit.internal.runners.statements.InvokeMethod.evaluate(InvokeMethod.java:17)
	at org.junit.rules.ExternalResource$1.evaluate(ExternalResource.java:54)
	at org.junit.runners.ParentRunner$3.evaluate(ParentRunner.java:306)
	at org.junit.runners.BlockJUnit4ClassRunner$1.evaluate(BlockJUnit4ClassRunner.java:100)
	at org.junit.runners.ParentRunner.runLeaf(ParentRunner.java:366)
	at org.junit.runners.BlockJUnit4ClassRunner.runChild(BlockJUnit4ClassRunner.java:103)
	at org.junit.runners.BlockJUnit4ClassRunner.runChild(BlockJUnit4ClassRunner.java:63)
	at org.junit.runners.ParentRunner$4.run(ParentRunner.java:331)
	at org.junit.runners.ParentRunner$1.schedule(ParentRunner.java:79)
	at org.junit.runners.ParentRunner.runChildren(ParentRunner.java:329)
	at org.junit.runners.ParentRunner.access$100(ParentRunner.java:66)
	at org.junit.runners.ParentRunner$2.evaluate(ParentRunner.java:293)
	at org.junit.runners.ParentRunner$3.evaluate(ParentRunner.java:306)
	at org.junit.runners.ParentRunner.run(ParentRunner.java:413)
	at org.junit.runner.JUnitCore.run(JUnitCore.java:137)
	at org.junit.runner.JUnitCore.run(JUnitCore.java:115)
	at org.junit.vintage.engine.execution.RunnerExecutor.execute(RunnerExecutor.java:42)
	at org.junit.vintage.engine.VintageTestEngine.executeAllChildren(VintageTestEngine.java:80)
	at org.junit.vintage.engine.VintageTestEngine.execute(VintageTestEngine.java:72)
	at org.junit.platform.launcher.core.EngineExecutionOrchestrator.execute(EngineExecutionOrchestrator.java:147)
	at org.junit.platform.launcher.core.EngineExecutionOrchestrator.execute(EngineExecutionOrchestrator.java:127)
	at org.junit.platform.launcher.core.EngineExecutionOrchestrator.execute(EngineExecutionOrchestrator.java:90)
	at org.junit.platform.launcher.core.EngineExecutionOrchestrator.lambda$execute$0(EngineExecutionOrchestrator.java:55)
	at org.junit.platform.launcher.core.EngineExecutionOrchestrator.withInterceptedStreams(EngineExecutionOrchestrator.java:102)
	at org.junit.platform.launcher.core.EngineExecutionOrchestrator.execute(EngineExecutionOrchestrator.java:54)
	at org.junit.platform.launcher.core.DefaultLauncher.execute(DefaultLauncher.java:114)
	at org.junit.platform.launcher.core.DefaultLauncher.execute(DefaultLauncher.java:86)
	at org.junit.platform.launcher.core.DefaultLauncherSession$DelegatingLauncher.execute(DefaultLauncherSession.java:86)
	at org.apache.maven.surefire.junitplatform.LazyLauncher.execute(LazyLauncher.java:55)
	at org.apache.maven.surefire.junitplatform.JUnitPlatformProvider.execute(JUnitPlatformProvider.java:223)
	at org.apache.maven.surefire.junitplatform.JUnitPlatformProvider.invokeAllTests(JUnitPlatformProvider.java:175)
	at org.apache.maven.surefire.junitplatform.JUnitPlatformProvider.invoke(JUnitPlatformProvider.java:139)
	at org.apache.maven.surefire.booter.ForkedBooter.runSuitesInProcess(ForkedBooter.java:456)
	at org.apache.maven.surefire.booter.ForkedBooter.execute(ForkedBooter.java:169)
	at org.apache.maven.surefire.booter.ForkedBooter.run(ForkedBooter.java:595)
	at org.apache.maven.surefire.booter.ForkedBooter.main(ForkedBooter.java:581)

[ERROR] com.rultor.agents.req.StartsRequestTest.runsAsRootIfRequested  Time elapsed: 0.09 s  <<< ERROR!
java.lang.IllegalArgumentException: Non-zero exit code 1: + set -e\n+ set -o pipefail\n+ head=/tmp/junit297232..1045..ome/gabsko/.ssh/config: Permission denied\n
	at com.jcabi.log.VerboseProcess.stdout(VerboseProcess.java:298)
	at com.jcabi.log.VerboseProcess.stdout(VerboseProcess.java:185)
	at com.rultor.agents.req.StartsRequestTest.exec(StartsRequestTest.java:421)
	at com.rultor.agents.req.StartsRequestTest.runsAsRootIfRequested(StartsRequestTest.java:385)
	at java.base/jdk.internal.reflect.NativeMethodAccessorImpl.invoke0(Native Method)
	at java.base/jdk.internal.reflect.NativeMethodAccessorImpl.invoke(NativeMethodAccessorImpl.java:62)
	at java.base/jdk.internal.reflect.DelegatingMethodAccessorImpl.invoke(DelegatingMethodAccessorImpl.java:43)
	at java.base/java.lang.reflect.Method.invoke(Method.java:566)
	at org.junit.runners.model.FrameworkMethod$1.runReflectiveCall(FrameworkMethod.java:59)
	at org.junit.internal.runners.model.ReflectiveCallable.run(ReflectiveCallable.java:12)
	at org.junit.runners.model.FrameworkMethod.invokeExplosively(FrameworkMethod.java:56)
	at org.junit.internal.runners.statements.InvokeMethod.evaluate(InvokeMethod.java:17)
	at org.junit.rules.ExternalResource$1.evaluate(ExternalResource.java:54)
	at org.junit.runners.ParentRunner$3.evaluate(ParentRunner.java:306)
	at org.junit.runners.BlockJUnit4ClassRunner$1.evaluate(BlockJUnit4ClassRunner.java:100)
	at org.junit.runners.ParentRunner.runLeaf(ParentRunner.java:366)
	at org.junit.runners.BlockJUnit4ClassRunner.runChild(BlockJUnit4ClassRunner.java:103)
	at org.junit.runners.BlockJUnit4ClassRunner.runChild(BlockJUnit4ClassRunner.java:63)
	at org.junit.runners.ParentRunner$4.run(ParentRunner.java:331)
	at org.junit.runners.ParentRunner$1.schedule(ParentRunner.java:79)
	at org.junit.runners.ParentRunner.runChildren(ParentRunner.java:329)
	at org.junit.runners.ParentRunner.access$100(ParentRunner.java:66)
	at org.junit.runners.ParentRunner$2.evaluate(ParentRunner.java:293)
	at org.junit.runners.ParentRunner$3.evaluate(ParentRunner.java:306)
	at org.junit.runners.ParentRunner.run(ParentRunner.java:413)
	at org.junit.runner.JUnitCore.run(JUnitCore.java:137)
	at org.junit.runner.JUnitCore.run(JUnitCore.java:115)
	at org.junit.vintage.engine.execution.RunnerExecutor.execute(RunnerExecutor.java:42)
	at org.junit.vintage.engine.VintageTestEngine.executeAllChildren(VintageTestEngine.java:80)
	at org.junit.vintage.engine.VintageTestEngine.execute(VintageTestEngine.java:72)
	at org.junit.platform.launcher.core.EngineExecutionOrchestrator.execute(EngineExecutionOrchestrator.java:147)
	at org.junit.platform.launcher.core.EngineExecutionOrchestrator.execute(EngineExecutionOrchestrator.java:127)
	at org.junit.platform.launcher.core.EngineExecutionOrchestrator.execute(EngineExecutionOrchestrator.java:90)
	at org.junit.platform.launcher.core.EngineExecutionOrchestrator.lambda$execute$0(EngineExecutionOrchestrator.java:55)
	at org.junit.platform.launcher.core.EngineExecutionOrchestrator.withInterceptedStreams(EngineExecutionOrchestrator.java:102)
	at org.junit.platform.launcher.core.EngineExecutionOrchestrator.execute(EngineExecutionOrchestrator.java:54)
	at org.junit.platform.launcher.core.DefaultLauncher.execute(DefaultLauncher.java:114)
	at org.junit.platform.launcher.core.DefaultLauncher.execute(DefaultLauncher.java:86)
	at org.junit.platform.launcher.core.DefaultLauncherSession$DelegatingLauncher.execute(DefaultLauncherSession.java:86)
	at org.apache.maven.surefire.junitplatform.LazyLauncher.execute(LazyLauncher.java:55)
	at org.apache.maven.surefire.junitplatform.JUnitPlatformProvider.execute(JUnitPlatformProvider.java:223)
	at org.apache.maven.surefire.junitplatform.JUnitPlatformProvider.invokeAllTests(JUnitPlatformProvider.java:175)
	at org.apache.maven.surefire.junitplatform.JUnitPlatformProvider.invoke(JUnitPlatformProvider.java:139)
	at org.apache.maven.surefire.booter.ForkedBooter.runSuitesInProcess(ForkedBooter.java:456)
	at org.apache.maven.surefire.booter.ForkedBooter.execute(ForkedBooter.java:169)
	at org.apache.maven.surefire.booter.ForkedBooter.run(ForkedBooter.java:595)
	at org.apache.maven.surefire.booter.ForkedBooter.main(ForkedBooter.java:581)

[ERROR] com.rultor.agents.req.StartsRequestTest.startsDeployRequest  Time elapsed: 0.086 s  <<< ERROR!
java.lang.IllegalArgumentException: Non-zero exit code 1: + set -e\n+ set -o pipefail\n+ head=/tmp/junit101586..1203..ome/gabsko/.ssh/config: Permission denied\n
	at com.jcabi.log.VerboseProcess.stdout(VerboseProcess.java:298)
	at com.jcabi.log.VerboseProcess.stdout(VerboseProcess.java:185)
	at com.rultor.agents.req.StartsRequestTest.exec(StartsRequestTest.java:421)
	at com.rultor.agents.req.StartsRequestTest.startsDeployRequest(StartsRequestTest.java:147)
	at java.base/jdk.internal.reflect.NativeMethodAccessorImpl.invoke0(Native Method)
	at java.base/jdk.internal.reflect.NativeMethodAccessorImpl.invoke(NativeMethodAccessorImpl.java:62)
	at java.base/jdk.internal.reflect.DelegatingMethodAccessorImpl.invoke(DelegatingMethodAccessorImpl.java:43)
	at java.base/java.lang.reflect.Method.invoke(Method.java:566)
	at org.junit.runners.model.FrameworkMethod$1.runReflectiveCall(FrameworkMethod.java:59)
	at org.junit.internal.runners.model.ReflectiveCallable.run(ReflectiveCallable.java:12)
	at org.junit.runners.model.FrameworkMethod.invokeExplosively(FrameworkMethod.java:56)
	at org.junit.internal.runners.statements.InvokeMethod.evaluate(InvokeMethod.java:17)
	at org.junit.rules.ExternalResource$1.evaluate(ExternalResource.java:54)
	at org.junit.runners.ParentRunner$3.evaluate(ParentRunner.java:306)
	at org.junit.runners.BlockJUnit4ClassRunner$1.evaluate(BlockJUnit4ClassRunner.java:100)
	at org.junit.runners.ParentRunner.runLeaf(ParentRunner.java:366)
	at org.junit.runners.BlockJUnit4ClassRunner.runChild(BlockJUnit4ClassRunner.java:103)
	at org.junit.runners.BlockJUnit4ClassRunner.runChild(BlockJUnit4ClassRunner.java:63)
	at org.junit.runners.ParentRunner$4.run(ParentRunner.java:331)
	at org.junit.runners.ParentRunner$1.schedule(ParentRunner.java:79)
	at org.junit.runners.ParentRunner.runChildren(ParentRunner.java:329)
	at org.junit.runners.ParentRunner.access$100(ParentRunner.java:66)
	at org.junit.runners.ParentRunner$2.evaluate(ParentRunner.java:293)
	at org.junit.runners.ParentRunner$3.evaluate(ParentRunner.java:306)
	at org.junit.runners.ParentRunner.run(ParentRunner.java:413)
	at org.junit.runner.JUnitCore.run(JUnitCore.java:137)
	at org.junit.runner.JUnitCore.run(JUnitCore.java:115)
	at org.junit.vintage.engine.execution.RunnerExecutor.execute(RunnerExecutor.java:42)
	at org.junit.vintage.engine.VintageTestEngine.executeAllChildren(VintageTestEngine.java:80)
	at org.junit.vintage.engine.VintageTestEngine.execute(VintageTestEngine.java:72)
	at org.junit.platform.launcher.core.EngineExecutionOrchestrator.execute(EngineExecutionOrchestrator.java:147)
	at org.junit.platform.launcher.core.EngineExecutionOrchestrator.execute(EngineExecutionOrchestrator.java:127)
	at org.junit.platform.launcher.core.EngineExecutionOrchestrator.execute(EngineExecutionOrchestrator.java:90)
	at org.junit.platform.launcher.core.EngineExecutionOrchestrator.lambda$execute$0(EngineExecutionOrchestrator.java:55)
	at org.junit.platform.launcher.core.EngineExecutionOrchestrator.withInterceptedStreams(EngineExecutionOrchestrator.java:102)
	at org.junit.platform.launcher.core.EngineExecutionOrchestrator.execute(EngineExecutionOrchestrator.java:54)
	at org.junit.platform.launcher.core.DefaultLauncher.execute(DefaultLauncher.java:114)
	at org.junit.platform.launcher.core.DefaultLauncher.execute(DefaultLauncher.java:86)
	at org.junit.platform.launcher.core.DefaultLauncherSession$DelegatingLauncher.execute(DefaultLauncherSession.java:86)
	at org.apache.maven.surefire.junitplatform.LazyLauncher.execute(LazyLauncher.java:55)
	at org.apache.maven.surefire.junitplatform.JUnitPlatformProvider.execute(JUnitPlatformProvider.java:223)
	at org.apache.maven.surefire.junitplatform.JUnitPlatformProvider.invokeAllTests(JUnitPlatformProvider.java:175)
	at org.apache.maven.surefire.junitplatform.JUnitPlatformProvider.invoke(JUnitPlatformProvider.java:139)
	at org.apache.maven.surefire.booter.ForkedBooter.runSuitesInProcess(ForkedBooter.java:456)
	at org.apache.maven.surefire.booter.ForkedBooter.execute(ForkedBooter.java:169)
	at org.apache.maven.surefire.booter.ForkedBooter.run(ForkedBooter.java:595)
	at org.apache.maven.surefire.booter.ForkedBooter.main(ForkedBooter.java:581)

[ERROR] com.rultor.agents.req.StartsRequestTest.startsReleaseRequest  Time elapsed: 0.085 s  <<< ERROR!
java.lang.IllegalArgumentException: Non-zero exit code 1: + set -e\n+ set -o pipefail\n+ head=/tmp/junit954581..1156..ome/gabsko/.ssh/config: Permission denied\n
	at com.jcabi.log.VerboseProcess.stdout(VerboseProcess.java:298)
	at com.jcabi.log.VerboseProcess.stdout(VerboseProcess.java:185)
	at com.rultor.agents.req.StartsRequestTest.exec(StartsRequestTest.java:421)
	at com.rultor.agents.req.StartsRequestTest.startsReleaseRequest(StartsRequestTest.java:210)
	at java.base/jdk.internal.reflect.NativeMethodAccessorImpl.invoke0(Native Method)
	at java.base/jdk.internal.reflect.NativeMethodAccessorImpl.invoke(NativeMethodAccessorImpl.java:62)
	at java.base/jdk.internal.reflect.DelegatingMethodAccessorImpl.invoke(DelegatingMethodAccessorImpl.java:43)
	at java.base/java.lang.reflect.Method.invoke(Method.java:566)
	at org.junit.runners.model.FrameworkMethod$1.runReflectiveCall(FrameworkMethod.java:59)
	at org.junit.internal.runners.model.ReflectiveCallable.run(ReflectiveCallable.java:12)
	at org.junit.runners.model.FrameworkMethod.invokeExplosively(FrameworkMethod.java:56)
	at org.junit.internal.runners.statements.InvokeMethod.evaluate(InvokeMethod.java:17)
	at org.junit.rules.ExternalResource$1.evaluate(ExternalResource.java:54)
	at org.junit.runners.ParentRunner$3.evaluate(ParentRunner.java:306)
	at org.junit.runners.BlockJUnit4ClassRunner$1.evaluate(BlockJUnit4ClassRunner.java:100)
	at org.junit.runners.ParentRunner.runLeaf(ParentRunner.java:366)
	at org.junit.runners.BlockJUnit4ClassRunner.runChild(BlockJUnit4ClassRunner.java:103)
	at org.junit.runners.BlockJUnit4ClassRunner.runChild(BlockJUnit4ClassRunner.java:63)
	at org.junit.runners.ParentRunner$4.run(ParentRunner.java:331)
	at org.junit.runners.ParentRunner$1.schedule(ParentRunner.java:79)
	at org.junit.runners.ParentRunner.runChildren(ParentRunner.java:329)
	at org.junit.runners.ParentRunner.access$100(ParentRunner.java:66)
	at org.junit.runners.ParentRunner$2.evaluate(ParentRunner.java:293)
	at org.junit.runners.ParentRunner$3.evaluate(ParentRunner.java:306)
	at org.junit.runners.ParentRunner.run(ParentRunner.java:413)
	at org.junit.runner.JUnitCore.run(JUnitCore.java:137)
	at org.junit.runner.JUnitCore.run(JUnitCore.java:115)
	at org.junit.vintage.engine.execution.RunnerExecutor.execute(RunnerExecutor.java:42)
	at org.junit.vintage.engine.VintageTestEngine.executeAllChildren(VintageTestEngine.java:80)
	at org.junit.vintage.engine.VintageTestEngine.execute(VintageTestEngine.java:72)
	at org.junit.platform.launcher.core.EngineExecutionOrchestrator.execute(EngineExecutionOrchestrator.java:147)
	at org.junit.platform.launcher.core.EngineExecutionOrchestrator.execute(EngineExecutionOrchestrator.java:127)
	at org.junit.platform.launcher.core.EngineExecutionOrchestrator.execute(EngineExecutionOrchestrator.java:90)
	at org.junit.platform.launcher.core.EngineExecutionOrchestrator.lambda$execute$0(EngineExecutionOrchestrator.java:55)
	at org.junit.platform.launcher.core.EngineExecutionOrchestrator.withInterceptedStreams(EngineExecutionOrchestrator.java:102)
	at org.junit.platform.launcher.core.EngineExecutionOrchestrator.execute(EngineExecutionOrchestrator.java:54)
	at org.junit.platform.launcher.core.DefaultLauncher.execute(DefaultLauncher.java:114)
	at org.junit.platform.launcher.core.DefaultLauncher.execute(DefaultLauncher.java:86)
	at org.junit.platform.launcher.core.DefaultLauncherSession$DelegatingLauncher.execute(DefaultLauncherSession.java:86)
	at org.apache.maven.surefire.junitplatform.LazyLauncher.execute(LazyLauncher.java:55)
	at org.apache.maven.surefire.junitplatform.JUnitPlatformProvider.execute(JUnitPlatformProvider.java:223)
	at org.apache.maven.surefire.junitplatform.JUnitPlatformProvider.invokeAllTests(JUnitPlatformProvider.java:175)
	at org.apache.maven.surefire.junitplatform.JUnitPlatformProvider.invoke(JUnitPlatformProvider.java:139)
	at org.apache.maven.surefire.booter.ForkedBooter.runSuitesInProcess(ForkedBooter.java:456)
	at org.apache.maven.surefire.booter.ForkedBooter.execute(ForkedBooter.java:169)
	at org.apache.maven.surefire.booter.ForkedBooter.run(ForkedBooter.java:595)
	at org.apache.maven.surefire.booter.ForkedBooter.main(ForkedBooter.java:581)

[INFO] Running com.rultor.EntryTest
[INFO] Tests run: 0, Failures: 0, Errors: 0, Skipped: 0, Time elapsed: 1.006 s - in com.rultor.EntryTest
[INFO] Running com.rultor.agents.req.DecryptTest
[WARNING] Tests run: 2, Failures: 0, Errors: 0, Skipped: 1, Time elapsed: 0.011 s - in com.rultor.agents.req.DecryptTest
[INFO] Running com.rultor.spi.ProfileTest
[[0;33mWARN[m] StrictXML: 3 XML validation error(s):
  -1:-1: cvc-complex-type.3.2.2: Attribute 'f' is not allowed to appear in element 'entry'.
  -1:-1: cvc-complex-type.4: Attribute 'key' must appear on element 'entry'.
  -1:-1: cvc-complex-type.4: Attribute 'key' must appear on element 'entry'.
<?xml version="1.0" encoding="UTF-8"?>
<p>
   <entry f="x">x</entry>
</p>

[[0;33mWARN[m] StrictXML: 2 XML validation error(s):
  -1:-1: cvc-complex-type.4: Attribute 'key' must appear on element 'entry'.
  -1:-1: cvc-complex-type.4: Attribute 'key' must appear on element 'entry'.
<?xml version="1.0" encoding="UTF-8"?>
<p>
   <entry>test me</entry>
</p>

[[0;33mWARN[m] StrictXML: 1 XML validation error(s):
  -1:-1: cvc-complex-type.2.4.a: Invalid content was found starting with element 'item'. One of '{entry}' is expected.
<?xml version="1.0" encoding="UTF-8"?>
<p>
   <entry key="x">
      <entry key="test">a</entry>
      <item>b</item>
   </entry>
</p>

[INFO] Tests run: 4, Failures: 0, Errors: 0, Skipped: 0, Time elapsed: 0.013 s - in com.rultor.spi.ProfileTest
[INFO] Running com.rultor.profiles.GithubProfileValidationTest
[[0;37mINFO[m] MkRepos: repository jeff/test created by jeff
[[0;37mINFO[m] MkRepos: repository jeff/test created by jeff
[[0;37mINFO[m] MkRepos: repository jeff/test created by jeff
[[0;37mINFO[m] MkRepos: repository jeff/test created by jeff
[[0;37mINFO[m] MkRepos: repository jeff/test created by jeff
[[0;37mINFO[m] MkRepos: repository jeff/test created by jeff
[[0;37mINFO[m] MkRepos: repository jeff/test created by jeff
[[0;37mINFO[m] MkRepos: repository jeff/test created by jeff
[[0;37mINFO[m] MkRepos: repository jeff/test created by jeff
[[0;37mINFO[m] MkRepos: repository jeff/test created by jeff
[WARNING] Tests run: 13, Failures: 0, Errors: 0, Skipped: 3, Time elapsed: 0.113 s - in com.rultor.profiles.GithubProfileValidationTest
[INFO] 
[INFO] Results:
[INFO] 
[ERROR] Errors: 
[ERROR]   StartsRequestTest.runsAsRootIfRequested:385->exec:421 Â» IllegalArgument Non-zero exit code 1: + set -e\n+ set -o pipefail\n+ head=/tmp/junit297232..1045..ome/gabsko/.ssh/config: Permission denied\n
[ERROR]   StartsRequestTest.startsDeployRequest:147->exec:421 Â» IllegalArgument Non-zero exit code 1: + set -e\n+ set -o pipefail\n+ head=/tmp/junit101586..1203..ome/gabsko/.ssh/config: Permission denied\n
[ERROR]   StartsRequestTest.startsMergeRequest:245->exec:421 Â» IllegalArgument Non-zero exit code 1: + set -e\n+ set -o pipefail\n+ ff=default\n+ image=ye..1731..ome/gabsko/.ssh/config: Permission denied\n
[ERROR]   StartsRequestTest.startsReleaseRequest:210->exec:421 Â» IllegalArgument Non-zero exit code 1: + set -e\n+ set -o pipefail\n+ head=/tmp/junit954581..1156..ome/gabsko/.ssh/config: Permission denied\n
[INFO] 
[ERROR] Tests run: 148, Failures: 0, Errors: 4, Skipped: 14
[INFO] 
[INFO] ------------------------------------------------------------------------
[INFO] BUILD FAILURE
[INFO] ------------------------------------------------------------------------
[INFO] Total time:  36.181 s
[INFO] Finished at: 2023-02-07T16:03:11Z
[INFO] ------------------------------------------------------------------------
[ERROR] Failed to execute goal org.apache.maven.plugins:maven-surefire-plugin:3.0.0-M7:test (default-test) on project rultor: 
[ERROR] 
[ERROR] Please refer to /home/gabsko/breaking-updates/target/surefire-reports for the individual test results.
[ERROR] Please refer to dump files (if any exist) [date].dump, [date]-jvmRun[N].dump and [date].dumpstream.
[ERROR] -> [Help 1]
[ERROR] 
[ERROR] To see the full stack trace of the errors, re-run Maven with the -e switch.
[ERROR] Re-run Maven using the -X switch to enable full debug logging.
[ERROR] 
[ERROR] For more information about the errors and possible solutions, please read the following articles:
[ERROR] [Help 1] http://cwiki.apache.org/confluence/display/MAVEN/MojoFailureException
