[INFO] Scanning for projects...
[WARNING] The project org.togglz.benchmark:togglz-benchmarks:jar:2.9.8-SNAPSHOT uses prerequisites which is only intended for maven-plugin projects but not for non maven-plugin projects. For such purposes you should use the maven-enforcer-plugin. See https://maven.apache.org/enforcer/enforcer-rules/requireMavenVersion.html
[INFO] ------------------------------------------------------------------------
[INFO] Reactor Build Order:
[INFO] 
[INFO] Togglz                                                             [pom]
[INFO] Togglz - Core Framework                                            [jar]
[INFO] Togglz - Test Harness                                              [jar]
[INFO] Togglz - SLF4J integration                                         [jar]
[INFO] Togglz - Servlet integration                                       [jar]
[INFO] Togglz - Admin Console                                             [jar]
[INFO] Togglz - CDI integration                                           [jar]
[INFO] Togglz - Guice integration                                         [jar]
[INFO] Togglz - Spring Framework integration                              [jar]
[INFO] Togglz - Spring Web integration                                    [jar]
[INFO] Togglz - Spring Security integration                               [jar]
[INFO] Togglz - Spring Boot POM                                           [pom]
[INFO] Togglz - Spring Boot Starter                                       [jar]
[INFO] Togglz - DeltaSpike integration                                    [jar]
[INFO] Togglz - Apache Shiro integration                                  [jar]
[INFO] Togglz - Google App Engine Integration                             [jar]
[INFO] Togglz - Google Cloud Datastore Integration                        [jar]
[INFO] Togglz - MongoDB integration                                       [jar]
[INFO] Togglz - Testing Support                                           [jar]
[INFO] Togglz - JUnit integration                                         [jar]
[INFO] Togglz - Cassandra integration                                     [jar]
[INFO] Togglz - Hazelcast integration                                     [jar]
[INFO] Togglz - Apache Zookeeper Integration                              [jar]
[INFO] Togglz - DynamoDB integration                                      [jar]
[INFO] Togglz - Amazon S3 integration                                     [jar]
[INFO] Togglz - JMH benchmarks                                            [jar]
[INFO] Togglz - Slack integration                                         [jar]
[INFO] Togglz - Redis integration                                         [jar]
[INFO] Togglz - Kotlin wrapper                                            [jar]
[INFO] 
[INFO] ---------------------< org.togglz:togglz-project >----------------------
[INFO] Building Togglz 2.9.8-SNAPSHOT                                    [1/29]
[INFO] --------------------------------[ pom ]---------------------------------
[INFO] 
[INFO] --- maven-clean-plugin:2.5:clean (default-clean) @ togglz-project ---
[INFO] 
[INFO] --- maven-enforcer-plugin:1.0:enforce (enforce-maven) @ togglz-project ---
[INFO] 
[INFO] --- maven-dependency-plugin:2.8:unpack (unpack-wildfly) @ togglz-project ---
[INFO] Configured Artifact: org.wildfly:wildfly-dist:22.0.1.Final:zip
[INFO] Downloading from central: https://repo.maven.apache.org/maven2/org/wildfly/wildfly-dist/22.0.1.Final/wildfly-dist-22.0.1.Final.zip
[INFO] Downloaded from central: https://repo.maven.apache.org/maven2/org/wildfly/wildfly-dist/22.0.1.Final/wildfly-dist-22.0.1.Final.zip (203 MB at 28 MB/s)
[INFO] Unpacking /home/gabsko/.m2/repository/org/wildfly/wildfly-dist/22.0.1.Final/wildfly-dist-22.0.1.Final.zip to /home/gabsko/breaking-updates/target/container with includes "" and excludes ""
[INFO] 
[INFO] -----------------------< org.togglz:togglz-core >-----------------------
[INFO] Building Togglz - Core Framework 2.9.8-SNAPSHOT                   [2/29]
[INFO] --------------------------------[ jar ]---------------------------------
[INFO] 
[INFO] --- maven-clean-plugin:2.5:clean (default-clean) @ togglz-core ---
[INFO] Deleting /home/gabsko/breaking-updates/core/target
[INFO] 
[INFO] --- maven-enforcer-plugin:1.0:enforce (enforce-maven) @ togglz-core ---
[INFO] 
[INFO] --- maven-resources-plugin:2.6:resources (default-resources) @ togglz-core ---
[INFO] Using 'UTF-8' encoding to copy filtered resources.
[INFO] Copying 3 resources
[INFO] 
[INFO] --- maven-compiler-plugin:3.8.1:compile (default-compile) @ togglz-core ---
[INFO] Changes detected - recompiling the module!
[INFO] Compiling 95 source files to /home/gabsko/breaking-updates/core/target/classes
[INFO] /home/gabsko/breaking-updates/core/src/main/java/org/togglz/core/jndi/FeatureManagerObjectFactory.java: /home/gabsko/breaking-updates/core/src/main/java/org/togglz/core/jndi/FeatureManagerObjectFactory.java uses or overrides a deprecated API.
[INFO] /home/gabsko/breaking-updates/core/src/main/java/org/togglz/core/jndi/FeatureManagerObjectFactory.java: Recompile with -Xlint:deprecation for details.
[INFO] /home/gabsko/breaking-updates/core/src/main/java/org/togglz/core/manager/FeatureManagerBuilder.java: Some input files use unchecked or unsafe operations.
[INFO] /home/gabsko/breaking-updates/core/src/main/java/org/togglz/core/manager/FeatureManagerBuilder.java: Recompile with -Xlint:unchecked for details.
[INFO] 
[INFO] --- maven-resources-plugin:2.6:testResources (default-testResources) @ togglz-core ---
[INFO] Using 'UTF-8' encoding to copy filtered resources.
[INFO] skip non existing resourceDirectory /home/gabsko/breaking-updates/core/src/test/resources
[INFO] 
[INFO] --- maven-compiler-plugin:3.8.1:testCompile (default-testCompile) @ togglz-core ---
[INFO] Changes detected - recompiling the module!
[INFO] Compiling 37 source files to /home/gabsko/breaking-updates/core/target/test-classes
[INFO] /home/gabsko/breaking-updates/core/src/test/java/org/togglz/core/repository/FeatureStateTest.java: /home/gabsko/breaking-updates/core/src/test/java/org/togglz/core/repository/FeatureStateTest.java uses or overrides a deprecated API.
[INFO] /home/gabsko/breaking-updates/core/src/test/java/org/togglz/core/repository/FeatureStateTest.java: Recompile with -Xlint:deprecation for details.
[INFO] /home/gabsko/breaking-updates/core/src/test/java/org/togglz/core/manager/EnumBasedFeatureProviderTest.java: /home/gabsko/breaking-updates/core/src/test/java/org/togglz/core/manager/EnumBasedFeatureProviderTest.java uses unchecked or unsafe operations.
[INFO] /home/gabsko/breaking-updates/core/src/test/java/org/togglz/core/manager/EnumBasedFeatureProviderTest.java: Recompile with -Xlint:unchecked for details.
[INFO] 
[INFO] --- maven-surefire-plugin:2.22.2:test (default-test) @ togglz-core ---
[INFO] 
[INFO] -------------------------------------------------------
[INFO]  T E S T S
[INFO] -------------------------------------------------------
[INFO] Running org.togglz.core.user.SingleUserProviderTest
[INFO] Tests run: 1, Failures: 0, Errors: 0, Skipped: 0, Time elapsed: 0.013 s - in org.togglz.core.user.SingleUserProviderTest
[INFO] Running org.togglz.core.context.ContextClassLoaderFeatureManagerProviderTest
[INFO] Tests run: 1, Failures: 0, Errors: 0, Skipped: 0, Time elapsed: 0 s - in org.togglz.core.context.ContextClassLoaderFeatureManagerProviderTest
[INFO] Running org.togglz.core.context.ThreadLocalFeatureManagerProviderTest
[INFO] Tests run: 2, Failures: 0, Errors: 0, Skipped: 0, Time elapsed: 0.022 s - in org.togglz.core.context.ThreadLocalFeatureManagerProviderTest
[INFO] Running org.togglz.core.metadata.enums.AnnotationFeatureGroupTest
[INFO] Tests run: 3, Failures: 0, Errors: 0, Skipped: 0, Time elapsed: 0.003 s - in org.togglz.core.metadata.enums.AnnotationFeatureGroupTest
[INFO] Running org.togglz.core.metadata.enums.EnumFeatureMetaDataTest
[INFO] Tests run: 4, Failures: 0, Errors: 0, Skipped: 0, Time elapsed: 0 s - in org.togglz.core.metadata.enums.EnumFeatureMetaDataTest
[INFO] Running org.togglz.core.repository.file.FileBasedRepositoryPerformanceTest
Feb 07, 2023 3:13:13 PM org.togglz.core.logging.Jdk14LogProvider$Jdk14Log info
INFO: Reloaded file: /tmp/FileBasedRepositoryPerformanceTest1903909685648817772.tmp
Feb 07, 2023 3:13:13 PM org.togglz.core.logging.Jdk14LogProvider$Jdk14Log info
INFO: Reloaded file: /tmp/FileBasedRepositoryPerformanceTest1903909685648817772.tmp
Time for EXISTING: 229
Time for EXISTING: 154
Time for EXISTING: 133
Time for EXISTING: 136
Time for EXISTING: 142
Time for EXISTING: 126
Feb 07, 2023 3:13:14 PM org.togglz.core.logging.Jdk14LogProvider$Jdk14Log info
INFO: Reloaded file: /tmp/FileBasedRepositoryPerformanceTest16711718893197303970.tmp
Feb 07, 2023 3:13:14 PM org.togglz.core.logging.Jdk14LogProvider$Jdk14Log info
INFO: Reloaded file: /tmp/FileBasedRepositoryPerformanceTest16711718893197303970.tmp
Time for MISSING: 119
Time for MISSING: 129
Time for MISSING: 114
Time for MISSING: 108
Time for MISSING: 105
Time for MISSING: 105
[INFO] Tests run: 2, Failures: 0, Errors: 0, Skipped: 0, Time elapsed: 1.637 s - in org.togglz.core.repository.file.FileBasedRepositoryPerformanceTest
[INFO] Running org.togglz.core.repository.file.FileBasedStateRepositoryConcurrencyTest
Feb 07, 2023 3:13:15 PM org.togglz.core.logging.Jdk14LogProvider$Jdk14Log info
INFO: Reloaded file: /tmp/FileBasedStateRepositoryConcurrencyTest551038548782635293test
Feb 07, 2023 3:13:15 PM org.togglz.core.logging.Jdk14LogProvider$Jdk14Log info
INFO: Reloaded file: /tmp/FileBasedStateRepositoryConcurrencyTest551038548782635293test
Feb 07, 2023 3:13:15 PM org.togglz.core.logging.Jdk14LogProvider$Jdk14Log info
INFO: Reloaded file: /tmp/FileBasedStateRepositoryConcurrencyTest551038548782635293test
Feb 07, 2023 3:13:15 PM org.togglz.core.logging.Jdk14LogProvider$Jdk14Log info
INFO: Reloaded file: /tmp/FileBasedStateRepositoryConcurrencyTest551038548782635293test
Feb 07, 2023 3:13:15 PM org.togglz.core.logging.Jdk14LogProvider$Jdk14Log info
INFO: Reloaded file: /tmp/FileBasedStateRepositoryConcurrencyTest551038548782635293test
Feb 07, 2023 3:13:15 PM org.togglz.core.logging.Jdk14LogProvider$Jdk14Log info
INFO: Reloaded file: /tmp/FileBasedStateRepositoryConcurrencyTest551038548782635293test
Feb 07, 2023 3:13:15 PM org.togglz.core.logging.Jdk14LogProvider$Jdk14Log info
INFO: Reloaded file: /tmp/FileBasedStateRepositoryConcurrencyTest551038548782635293test
Feb 07, 2023 3:13:15 PM org.togglz.core.logging.Jdk14LogProvider$Jdk14Log info
INFO: Reloaded file: /tmp/FileBasedStateRepositoryConcurrencyTest551038548782635293test
Feb 07, 2023 3:13:15 PM org.togglz.core.logging.Jdk14LogProvider$Jdk14Log info
INFO: Reloaded file: /tmp/FileBasedStateRepositoryConcurrencyTest551038548782635293test
Feb 07, 2023 3:13:15 PM org.togglz.core.logging.Jdk14LogProvider$Jdk14Log info
INFO: Reloaded file: /tmp/FileBasedStateRepositoryConcurrencyTest551038548782635293test
Feb 07, 2023 3:13:15 PM org.togglz.core.logging.Jdk14LogProvider$Jdk14Log info
INFO: Reloaded file: /tmp/FileBasedStateRepositoryConcurrencyTest551038548782635293test
Feb 07, 2023 3:13:15 PM org.togglz.core.logging.Jdk14LogProvider$Jdk14Log info
INFO: Reloaded file: /tmp/FileBasedStateRepositoryConcurrencyTest551038548782635293test
Feb 07, 2023 3:13:15 PM org.togglz.core.logging.Jdk14LogProvider$Jdk14Log info
INFO: Reloaded file: /tmp/FileBasedStateRepositoryConcurrencyTest551038548782635293test
Feb 07, 2023 3:13:15 PM org.togglz.core.logging.Jdk14LogProvider$Jdk14Log info
INFO: Reloaded file: /tmp/FileBasedStateRepositoryConcurrencyTest551038548782635293test
Feb 07, 2023 3:13:15 PM org.togglz.core.logging.Jdk14LogProvider$Jdk14Log info
INFO: Reloaded file: /tmp/FileBasedStateRepositoryConcurrencyTest551038548782635293test
Feb 07, 2023 3:13:15 PM org.togglz.core.logging.Jdk14LogProvider$Jdk14Log info
INFO: Reloaded file: /tmp/FileBasedStateRepositoryConcurrencyTest551038548782635293test
Feb 07, 2023 3:13:15 PM org.togglz.core.logging.Jdk14LogProvider$Jdk14Log info
INFO: Reloaded file: /tmp/FileBasedStateRepositoryConcurrencyTest551038548782635293test
Feb 07, 2023 3:13:15 PM org.togglz.core.logging.Jdk14LogProvider$Jdk14Log info
INFO: Reloaded file: /tmp/FileBasedStateRepositoryConcurrencyTest551038548782635293test
Feb 07, 2023 3:13:15 PM org.togglz.core.logging.Jdk14LogProvider$Jdk14Log info
INFO: Reloaded file: /tmp/FileBasedStateRepositoryConcurrencyTest551038548782635293test
Feb 07, 2023 3:13:15 PM org.togglz.core.logging.Jdk14LogProvider$Jdk14Log info
INFO: Reloaded file: /tmp/FileBasedStateRepositoryConcurrencyTest551038548782635293test
Feb 07, 2023 3:13:15 PM org.togglz.core.logging.Jdk14LogProvider$Jdk14Log info
INFO: Reloaded file: /tmp/FileBasedStateRepositoryConcurrencyTest551038548782635293test
Feb 07, 2023 3:13:15 PM org.togglz.core.logging.Jdk14LogProvider$Jdk14Log info
INFO: Reloaded file: /tmp/FileBasedStateRepositoryConcurrencyTest551038548782635293test
Feb 07, 2023 3:13:15 PM org.togglz.core.logging.Jdk14LogProvider$Jdk14Log info
INFO: Reloaded file: /tmp/FileBasedStateRepositoryConcurrencyTest551038548782635293test
Feb 07, 2023 3:13:15 PM org.togglz.core.logging.Jdk14LogProvider$Jdk14Log info
INFO: Reloaded file: /tmp/FileBasedStateRepositoryConcurrencyTest551038548782635293test
Feb 07, 2023 3:13:15 PM org.togglz.core.logging.Jdk14LogProvider$Jdk14Log info
INFO: Reloaded file: /tmp/FileBasedStateRepositoryConcurrencyTest551038548782635293test
Feb 07, 2023 3:13:15 PM org.togglz.core.logging.Jdk14LogProvider$Jdk14Log info
INFO: Reloaded file: /tmp/FileBasedStateRepositoryConcurrencyTest551038548782635293test
Feb 07, 2023 3:13:15 PM org.togglz.core.logging.Jdk14LogProvider$Jdk14Log info
INFO: Reloaded file: /tmp/FileBasedStateRepositoryConcurrencyTest551038548782635293test
Feb 07, 2023 3:13:15 PM org.togglz.core.logging.Jdk14LogProvider$Jdk14Log info
INFO: Reloaded file: /tmp/FileBasedStateRepositoryConcurrencyTest551038548782635293test
Feb 07, 2023 3:13:15 PM org.togglz.core.logging.Jdk14LogProvider$Jdk14Log info
INFO: Reloaded file: /tmp/FileBasedStateRepositoryConcurrencyTest551038548782635293test
Feb 07, 2023 3:13:15 PM org.togglz.core.logging.Jdk14LogProvider$Jdk14Log info
INFO: Reloaded file: /tmp/FileBasedStateRepositoryConcurrencyTest551038548782635293test
Feb 07, 2023 3:13:15 PM org.togglz.core.logging.Jdk14LogProvider$Jdk14Log info
INFO: Reloaded file: /tmp/FileBasedStateRepositoryConcurrencyTest551038548782635293test
Feb 07, 2023 3:13:15 PM org.togglz.core.logging.Jdk14LogProvider$Jdk14Log info
INFO: Reloaded file: /tmp/FileBasedStateRepositoryConcurrencyTest551038548782635293test
Feb 07, 2023 3:13:15 PM org.togglz.core.logging.Jdk14LogProvider$Jdk14Log info
INFO: Reloaded file: /tmp/FileBasedStateRepositoryConcurrencyTest551038548782635293test
Feb 07, 2023 3:13:15 PM org.togglz.core.logging.Jdk14LogProvider$Jdk14Log info
INFO: Reloaded file: /tmp/FileBasedStateRepositoryConcurrencyTest551038548782635293test
Feb 07, 2023 3:13:15 PM org.togglz.core.logging.Jdk14LogProvider$Jdk14Log info
INFO: Reloaded file: /tmp/FileBasedStateRepositoryConcurrencyTest551038548782635293test
Feb 07, 2023 3:13:15 PM org.togglz.core.logging.Jdk14LogProvider$Jdk14Log info
INFO: Reloaded file: /tmp/FileBasedStateRepositoryConcurrencyTest551038548782635293test
Feb 07, 2023 3:13:15 PM org.togglz.core.logging.Jdk14LogProvider$Jdk14Log info
INFO: Reloaded file: /tmp/FileBasedStateRepositoryConcurrencyTest551038548782635293test
Feb 07, 2023 3:13:15 PM org.togglz.core.logging.Jdk14LogProvider$Jdk14Log info
INFO: Reloaded file: /tmp/FileBasedStateRepositoryConcurrencyTest551038548782635293test
Feb 07, 2023 3:13:15 PM org.togglz.core.logging.Jdk14LogProvider$Jdk14Log info
INFO: Reloaded file: /tmp/FileBasedStateRepositoryConcurrencyTest551038548782635293test
Feb 07, 2023 3:13:15 PM org.togglz.core.logging.Jdk14LogProvider$Jdk14Log info
INFO: Reloaded file: /tmp/FileBasedStateRepositoryConcurrencyTest551038548782635293test
Feb 07, 2023 3:13:15 PM org.togglz.core.logging.Jdk14LogProvider$Jdk14Log info
INFO: Reloaded file: /tmp/FileBasedStateRepositoryConcurrencyTest551038548782635293test
Feb 07, 2023 3:13:15 PM org.togglz.core.logging.Jdk14LogProvider$Jdk14Log info
INFO: Reloaded file: /tmp/FileBasedStateRepositoryConcurrencyTest551038548782635293test
Feb 07, 2023 3:13:15 PM org.togglz.core.logging.Jdk14LogProvider$Jdk14Log info
INFO: Reloaded file: /tmp/FileBasedStateRepositoryConcurrencyTest551038548782635293test
Feb 07, 2023 3:13:15 PM org.togglz.core.logging.Jdk14LogProvider$Jdk14Log info
INFO: Reloaded file: /tmp/FileBasedStateRepositoryConcurrencyTest551038548782635293test
Feb 07, 2023 3:13:15 PM org.togglz.core.logging.Jdk14LogProvider$Jdk14Log info
INFO: Reloaded file: /tmp/FileBasedStateRepositoryConcurrencyTest551038548782635293test
Feb 07, 2023 3:13:15 PM org.togglz.core.logging.Jdk14LogProvider$Jdk14Log info
INFO: Reloaded file: /tmp/FileBasedStateRepositoryConcurrencyTest551038548782635293test
Feb 07, 2023 3:13:15 PM org.togglz.core.logging.Jdk14LogProvider$Jdk14Log info
INFO: Reloaded file: /tmp/FileBasedStateRepositoryConcurrencyTest551038548782635293test
Feb 07, 2023 3:13:15 PM org.togglz.core.logging.Jdk14LogProvider$Jdk14Log info
INFO: Reloaded file: /tmp/FileBasedStateRepositoryConcurrencyTest551038548782635293test
Feb 07, 2023 3:13:15 PM org.togglz.core.logging.Jdk14LogProvider$Jdk14Log info
INFO: Reloaded file: /tmp/FileBasedStateRepositoryConcurrencyTest551038548782635293test
Feb 07, 2023 3:13:15 PM org.togglz.core.logging.Jdk14LogProvider$Jdk14Log info
INFO: Reloaded file: /tmp/FileBasedStateRepositoryConcurrencyTest551038548782635293test
Feb 07, 2023 3:13:15 PM org.togglz.core.logging.Jdk14LogProvider$Jdk14Log info
INFO: Reloaded file: /tmp/FileBasedStateRepositoryConcurrencyTest551038548782635293test
Feb 07, 2023 3:13:15 PM org.togglz.core.logging.Jdk14LogProvider$Jdk14Log info
INFO: Reloaded file: /tmp/FileBasedStateRepositoryConcurrencyTest551038548782635293test
Feb 07, 2023 3:13:15 PM org.togglz.core.logging.Jdk14LogProvider$Jdk14Log info
INFO: Reloaded file: /tmp/FileBasedStateRepositoryConcurrencyTest551038548782635293test
Feb 07, 2023 3:13:15 PM org.togglz.core.logging.Jdk14LogProvider$Jdk14Log info
INFO: Reloaded file: /tmp/FileBasedStateRepositoryConcurrencyTest551038548782635293test
Feb 07, 2023 3:13:15 PM org.togglz.core.logging.Jdk14LogProvider$Jdk14Log info
INFO: Reloaded file: /tmp/FileBasedStateRepositoryConcurrencyTest551038548782635293test
Feb 07, 2023 3:13:15 PM org.togglz.core.logging.Jdk14LogProvider$Jdk14Log info
INFO: Reloaded file: /tmp/FileBasedStateRepositoryConcurrencyTest551038548782635293test
Feb 07, 2023 3:13:15 PM org.togglz.core.logging.Jdk14LogProvider$Jdk14Log info
INFO: Reloaded file: /tmp/FileBasedStateRepositoryConcurrencyTest551038548782635293test
Feb 07, 2023 3:13:15 PM org.togglz.core.logging.Jdk14LogProvider$Jdk14Log info
INFO: Reloaded file: /tmp/FileBasedStateRepositoryConcurrencyTest551038548782635293test
Feb 07, 2023 3:13:15 PM org.togglz.core.logging.Jdk14LogProvider$Jdk14Log info
INFO: Reloaded file: /tmp/FileBasedStateRepositoryConcurrencyTest551038548782635293test
Feb 07, 2023 3:13:15 PM org.togglz.core.logging.Jdk14LogProvider$Jdk14Log info
INFO: Reloaded file: /tmp/FileBasedStateRepositoryConcurrencyTest551038548782635293test
Feb 07, 2023 3:13:15 PM org.togglz.core.logging.Jdk14LogProvider$Jdk14Log info
INFO: Reloaded file: /tmp/FileBasedStateRepositoryConcurrencyTest551038548782635293test
Feb 07, 2023 3:13:15 PM org.togglz.core.logging.Jdk14LogProvider$Jdk14Log info
INFO: Reloaded file: /tmp/FileBasedStateRepositoryConcurrencyTest551038548782635293test
Feb 07, 2023 3:13:15 PM org.togglz.core.logging.Jdk14LogProvider$Jdk14Log info
INFO: Reloaded file: /tmp/FileBasedStateRepositoryConcurrencyTest551038548782635293test
Feb 07, 2023 3:13:15 PM org.togglz.core.logging.Jdk14LogProvider$Jdk14Log info
INFO: Reloaded file: /tmp/FileBasedStateRepositoryConcurrencyTest551038548782635293test
Feb 07, 2023 3:13:15 PM org.togglz.core.logging.Jdk14LogProvider$Jdk14Log info
INFO: Reloaded file: /tmp/FileBasedStateRepositoryConcurrencyTest551038548782635293test
Feb 07, 2023 3:13:15 PM org.togglz.core.logging.Jdk14LogProvider$Jdk14Log info
INFO: Reloaded file: /tmp/FileBasedStateRepositoryConcurrencyTest551038548782635293test
Feb 07, 2023 3:13:15 PM org.togglz.core.logging.Jdk14LogProvider$Jdk14Log info
INFO: Reloaded file: /tmp/FileBasedStateRepositoryConcurrencyTest551038548782635293test
Feb 07, 2023 3:13:15 PM org.togglz.core.logging.Jdk14LogProvider$Jdk14Log info
INFO: Reloaded file: /tmp/FileBasedStateRepositoryConcurrencyTest551038548782635293test
Feb 07, 2023 3:13:15 PM org.togglz.core.logging.Jdk14LogProvider$Jdk14Log info
INFO: Reloaded file: /tmp/FileBasedStateRepositoryConcurrencyTest551038548782635293test
Feb 07, 2023 3:13:15 PM org.togglz.core.logging.Jdk14LogProvider$Jdk14Log info
INFO: Reloaded file: /tmp/FileBasedStateRepositoryConcurrencyTest551038548782635293test
Feb 07, 2023 3:13:15 PM org.togglz.core.logging.Jdk14LogProvider$Jdk14Log info
INFO: Reloaded file: /tmp/FileBasedStateRepositoryConcurrencyTest551038548782635293test
Feb 07, 2023 3:13:15 PM org.togglz.core.logging.Jdk14LogProvider$Jdk14Log info
INFO: Reloaded file: /tmp/FileBasedStateRepositoryConcurrencyTest551038548782635293test
Feb 07, 2023 3:13:15 PM org.togglz.core.logging.Jdk14LogProvider$Jdk14Log info
INFO: Reloaded file: /tmp/FileBasedStateRepositoryConcurrencyTest551038548782635293test
Feb 07, 2023 3:13:15 PM org.togglz.core.logging.Jdk14LogProvider$Jdk14Log info
INFO: Reloaded file: /tmp/FileBasedStateRepositoryConcurrencyTest551038548782635293test
Feb 07, 2023 3:13:15 PM org.togglz.core.logging.Jdk14LogProvider$Jdk14Log info
INFO: Reloaded file: /tmp/FileBasedStateRepositoryConcurrencyTest551038548782635293test
Feb 07, 2023 3:13:15 PM org.togglz.core.logging.Jdk14LogProvider$Jdk14Log info
INFO: Reloaded file: /tmp/FileBasedStateRepositoryConcurrencyTest551038548782635293test
Feb 07, 2023 3:13:15 PM org.togglz.core.logging.Jdk14LogProvider$Jdk14Log info
INFO: Reloaded file: /tmp/FileBasedStateRepositoryConcurrencyTest551038548782635293test
Feb 07, 2023 3:13:15 PM org.togglz.core.logging.Jdk14LogProvider$Jdk14Log info
INFO: Reloaded file: /tmp/FileBasedStateRepositoryConcurrencyTest551038548782635293test
Feb 07, 2023 3:13:15 PM org.togglz.core.logging.Jdk14LogProvider$Jdk14Log info
INFO: Reloaded file: /tmp/FileBasedStateRepositoryConcurrencyTest551038548782635293test
Feb 07, 2023 3:13:15 PM org.togglz.core.logging.Jdk14LogProvider$Jdk14Log info
INFO: Reloaded file: /tmp/FileBasedStateRepositoryConcurrencyTest551038548782635293test
Feb 07, 2023 3:13:15 PM org.togglz.core.logging.Jdk14LogProvider$Jdk14Log info
INFO: Reloaded file: /tmp/FileBasedStateRepositoryConcurrencyTest551038548782635293test
Feb 07, 2023 3:13:15 PM org.togglz.core.logging.Jdk14LogProvider$Jdk14Log info
INFO: Reloaded file: /tmp/FileBasedStateRepositoryConcurrencyTest551038548782635293test
Feb 07, 2023 3:13:15 PM org.togglz.core.logging.Jdk14LogProvider$Jdk14Log info
INFO: Reloaded file: /tmp/FileBasedStateRepositoryConcurrencyTest551038548782635293test
Feb 07, 2023 3:13:15 PM org.togglz.core.logging.Jdk14LogProvider$Jdk14Log info
INFO: Reloaded file: /tmp/FileBasedStateRepositoryConcurrencyTest551038548782635293test
Feb 07, 2023 3:13:15 PM org.togglz.core.logging.Jdk14LogProvider$Jdk14Log info
INFO: Reloaded file: /tmp/FileBasedStateRepositoryConcurrencyTest551038548782635293test
Feb 07, 2023 3:13:15 PM org.togglz.core.logging.Jdk14LogProvider$Jdk14Log info
INFO: Reloaded file: /tmp/FileBasedStateRepositoryConcurrencyTest551038548782635293test
Feb 07, 2023 3:13:15 PM org.togglz.core.logging.Jdk14LogProvider$Jdk14Log info
INFO: Reloaded file: /tmp/FileBasedStateRepositoryConcurrencyTest551038548782635293test
Feb 07, 2023 3:13:15 PM org.togglz.core.logging.Jdk14LogProvider$Jdk14Log info
INFO: Reloaded file: /tmp/FileBasedStateRepositoryConcurrencyTest551038548782635293test
Feb 07, 2023 3:13:15 PM org.togglz.core.logging.Jdk14LogProvider$Jdk14Log info
INFO: Reloaded file: /tmp/FileBasedStateRepositoryConcurrencyTest551038548782635293test
Feb 07, 2023 3:13:15 PM org.togglz.core.logging.Jdk14LogProvider$Jdk14Log info
INFO: Reloaded file: /tmp/FileBasedStateRepositoryConcurrencyTest551038548782635293test
Feb 07, 2023 3:13:15 PM org.togglz.core.logging.Jdk14LogProvider$Jdk14Log info
INFO: Reloaded file: /tmp/FileBasedStateRepositoryConcurrencyTest551038548782635293test
Feb 07, 2023 3:13:15 PM org.togglz.core.logging.Jdk14LogProvider$Jdk14Log info
INFO: Reloaded file: /tmp/FileBasedStateRepositoryConcurrencyTest551038548782635293test
Feb 07, 2023 3:13:15 PM org.togglz.core.logging.Jdk14LogProvider$Jdk14Log info
INFO: Reloaded file: /tmp/FileBasedStateRepositoryConcurrencyTest551038548782635293test
Feb 07, 2023 3:13:15 PM org.togglz.core.logging.Jdk14LogProvider$Jdk14Log info
INFO: Reloaded file: /tmp/FileBasedStateRepositoryConcurrencyTest551038548782635293test
Feb 07, 2023 3:13:15 PM org.togglz.core.logging.Jdk14LogProvider$Jdk14Log info
INFO: Reloaded file: /tmp/FileBasedStateRepositoryConcurrencyTest551038548782635293test
Feb 07, 2023 3:13:15 PM org.togglz.core.logging.Jdk14LogProvider$Jdk14Log info
INFO: Reloaded file: /tmp/FileBasedStateRepositoryConcurrencyTest551038548782635293test
Feb 07, 2023 3:13:15 PM org.togglz.core.logging.Jdk14LogProvider$Jdk14Log info
INFO: Reloaded file: /tmp/FileBasedStateRepositoryConcurrencyTest551038548782635293test
Feb 07, 2023 3:13:15 PM org.togglz.core.logging.Jdk14LogProvider$Jdk14Log info
INFO: Reloaded file: /tmp/FileBasedStateRepositoryConcurrencyTest551038548782635293test
Feb 07, 2023 3:13:15 PM org.togglz.core.logging.Jdk14LogProvider$Jdk14Log info
INFO: Reloaded file: /tmp/FileBasedStateRepositoryConcurrencyTest551038548782635293test
Feb 07, 2023 3:13:15 PM org.togglz.core.logging.Jdk14LogProvider$Jdk14Log info
INFO: Reloaded file: /tmp/FileBasedStateRepositoryConcurrencyTest551038548782635293test
Feb 07, 2023 3:13:15 PM org.togglz.core.logging.Jdk14LogProvider$Jdk14Log info
INFO: Reloaded file: /tmp/FileBasedStateRepositoryConcurrencyTest551038548782635293test
[INFO] Tests run: 1, Failures: 0, Errors: 0, Skipped: 0, Time elapsed: 0.295 s - in org.togglz.core.repository.file.FileBasedStateRepositoryConcurrencyTest
[INFO] Running org.togglz.core.repository.file.FileBasedStateRepositoryTest
Feb 07, 2023 3:13:15 PM org.togglz.core.logging.Jdk14LogProvider$Jdk14Log info
INFO: Reloaded file: /tmp/test-file-repository8849616723524792042.tmp
Feb 07, 2023 3:13:15 PM org.togglz.core.logging.Jdk14LogProvider$Jdk14Log info
INFO: Reloaded file: /tmp/test-file-repository8849616723524792042.tmp
Feb 07, 2023 3:13:15 PM org.togglz.core.logging.Jdk14LogProvider$Jdk14Log info
INFO: Reloaded file: /tmp/test-file-repository6248020333003270863.tmp
Feb 07, 2023 3:13:15 PM org.togglz.core.logging.Jdk14LogProvider$Jdk14Log info
INFO: Reloaded file: /tmp/test-file-repository8871986597907811571.tmp
Feb 07, 2023 3:13:15 PM org.togglz.core.logging.Jdk14LogProvider$Jdk14Log info
INFO: Reloaded file: /tmp/test-file-repository6204985629386561103.tmp
Feb 07, 2023 3:13:15 PM org.togglz.core.logging.Jdk14LogProvider$Jdk14Log info
INFO: Reloaded file: /tmp/test-file-repository15547271628807622395.tmp
Feb 07, 2023 3:13:15 PM org.togglz.core.logging.Jdk14LogProvider$Jdk14Log info
INFO: Reloaded file: /tmp/test-file-repository373469885308878869.tmp
Feb 07, 2023 3:13:15 PM org.togglz.core.logging.Jdk14LogProvider$Jdk14Log info
INFO: Reloaded file: /tmp/test-file-repository11830223695693611198.tmp
Feb 07, 2023 3:13:15 PM org.togglz.core.logging.Jdk14LogProvider$Jdk14Log info
INFO: Reloaded file: /tmp/test-file-repository12685798390813432436.tmp
Feb 07, 2023 3:13:15 PM org.togglz.core.logging.Jdk14LogProvider$Jdk14Log info
INFO: Reloaded file: /home/gabsko/breaking-updates/core/test.properties
[INFO] Tests run: 9, Failures: 0, Errors: 0, Skipped: 0, Time elapsed: 0.047 s - in org.togglz.core.repository.file.FileBasedStateRepositoryTest
[INFO] Running org.togglz.core.repository.composite.CompositeStateRepositoryTest
[INFO] Tests run: 7, Failures: 0, Errors: 0, Skipped: 0, Time elapsed: 0.009 s - in org.togglz.core.repository.composite.CompositeStateRepositoryTest
[INFO] Running org.togglz.core.repository.cache.CachingStateRepositoryTest
[INFO] Tests run: 6, Failures: 0, Errors: 0, Skipped: 0, Time elapsed: 0.847 s - in org.togglz.core.repository.cache.CachingStateRepositoryTest
[INFO] Running org.togglz.core.repository.util.DefaultMapSerializerTest
[INFO] Tests run: 7, Failures: 0, Errors: 0, Skipped: 0, Time elapsed: 0.007 s - in org.togglz.core.repository.util.DefaultMapSerializerTest
[INFO] Running org.togglz.core.repository.mem.InMemoryStateRepositoryTest
[INFO] Tests run: 3, Failures: 0, Errors: 0, Skipped: 0, Time elapsed: 0.001 s - in org.togglz.core.repository.mem.InMemoryStateRepositoryTest
[INFO] Running org.togglz.core.repository.FeatureStateTest
[INFO] Tests run: 2, Failures: 0, Errors: 0, Skipped: 0, Time elapsed: 0 s - in org.togglz.core.repository.FeatureStateTest
[INFO] Running org.togglz.core.repository.jdbc.SchemaUpdaterTest
[INFO] Tests run: 4, Failures: 0, Errors: 0, Skipped: 0, Time elapsed: 0.206 s - in org.togglz.core.repository.jdbc.SchemaUpdaterTest
[INFO] Running org.togglz.core.repository.jdbc.JDBCRepositoryAutoCommitTest
[INFO] Tests run: 2, Failures: 0, Errors: 0, Skipped: 0, Time elapsed: 0.046 s - in org.togglz.core.repository.jdbc.JDBCRepositoryAutoCommitTest
[INFO] Running org.togglz.core.repository.jdbc.JDBCStateRepositoryTest
[INFO] Tests run: 7, Failures: 0, Errors: 0, Skipped: 0, Time elapsed: 0.126 s - in org.togglz.core.repository.jdbc.JDBCStateRepositoryTest
[INFO] Running org.togglz.core.repository.listener.ListenableStateRepositoryTest
[INFO] Tests run: 5, Failures: 0, Errors: 0, Skipped: 0, Time elapsed: 0.008 s - in org.togglz.core.repository.listener.ListenableStateRepositoryTest
[INFO] Running org.togglz.core.util.StringsTest
[INFO] Tests run: 7, Failures: 0, Errors: 0, Skipped: 0, Time elapsed: 0.001 s - in org.togglz.core.util.StringsTest
[INFO] Running org.togglz.core.util.FeatureAnnotationsTest
[INFO] Tests run: 7, Failures: 0, Errors: 0, Skipped: 0, Time elapsed: 0 s - in org.togglz.core.util.FeatureAnnotationsTest
[INFO] Running org.togglz.core.util.NamedFeatureTest
[INFO] Tests run: 1, Failures: 0, Errors: 0, Skipped: 0, Time elapsed: 0.001 s - in org.togglz.core.util.NamedFeatureTest
[INFO] Running org.togglz.core.util.FeatureStateTest
[INFO] Tests run: 1, Failures: 0, Errors: 0, Skipped: 0, Time elapsed: 0 s - in org.togglz.core.util.FeatureStateTest
[INFO] Running org.togglz.core.util.FeatureMapTest
[INFO] Tests run: 4, Failures: 0, Errors: 0, Skipped: 0, Time elapsed: 0.028 s - in org.togglz.core.util.FeatureMapTest
[INFO] Running org.togglz.core.util.WeightedTest
[INFO] Tests run: 3, Failures: 0, Errors: 0, Skipped: 0, Time elapsed: 0 s - in org.togglz.core.util.WeightedTest
[INFO] Running org.togglz.core.logging.LoggingStateRepositoryTest
[INFO] Tests run: 4, Failures: 0, Errors: 0, Skipped: 0, Time elapsed: 0.018 s - in org.togglz.core.logging.LoggingStateRepositoryTest
[INFO] Running org.togglz.core.manager.FeatureManagerBuilderTest
[INFO] Tests run: 2, Failures: 0, Errors: 0, Skipped: 0, Time elapsed: 0.008 s - in org.togglz.core.manager.FeatureManagerBuilderTest
[INFO] Running org.togglz.core.manager.EnumBasedFeatureProviderTest
[INFO] Tests run: 18, Failures: 0, Errors: 0, Skipped: 0, Time elapsed: 0.008 s - in org.togglz.core.manager.EnumBasedFeatureProviderTest
[INFO] Running org.togglz.core.manager.PropertyFeatureProviderTest
[INFO] Tests run: 7, Failures: 0, Errors: 0, Skipped: 0, Time elapsed: 0.002 s - in org.togglz.core.manager.PropertyFeatureProviderTest
[INFO] Running org.togglz.core.manager.CompositeFeatureProviderTest
[INFO] Tests run: 2, Failures: 0, Errors: 0, Skipped: 0, Time elapsed: 0 s - in org.togglz.core.manager.CompositeFeatureProviderTest
[INFO] Running org.togglz.core.manager.DefaultFeatureManagerTest
[INFO] Tests run: 6, Failures: 0, Errors: 0, Skipped: 0, Time elapsed: 0.021 s - in org.togglz.core.manager.DefaultFeatureManagerTest
[INFO] Running org.togglz.core.activation.UsernameActivationStrategyTest
[INFO] Tests run: 5, Failures: 0, Errors: 0, Skipped: 0, Time elapsed: 0.016 s - in org.togglz.core.activation.UsernameActivationStrategyTest
[INFO] Running org.togglz.core.activation.UserRoleActivationStrategyTest
[INFO] Tests run: 10, Failures: 0, Errors: 0, Skipped: 0, Time elapsed: 0.056 s - in org.togglz.core.activation.UserRoleActivationStrategyTest
[INFO] Running org.togglz.core.activation.DefaultActivationStrategyProviderTest
[INFO] Tests run: 4, Failures: 0, Errors: 0, Skipped: 0, Time elapsed: 0.002 s - in org.togglz.core.activation.DefaultActivationStrategyProviderTest
[INFO] Running org.togglz.core.activation.ScriptEngineActivationStrategyTest
Warning: Nashorn engine is planned to be removed from a future JDK release
Warning: Nashorn engine is planned to be removed from a future JDK release
Warning: Nashorn engine is planned to be removed from a future JDK release
Warning: Nashorn engine is planned to be removed from a future JDK release
Warning: Nashorn engine is planned to be removed from a future JDK release
Warning: Nashorn engine is planned to be removed from a future JDK release
Warning: Nashorn engine is planned to be removed from a future JDK release
Warning: Nashorn engine is planned to be removed from a future JDK release
Warning: Nashorn engine is planned to be removed from a future JDK release
Warning: Nashorn engine is planned to be removed from a future JDK release
Feb 07, 2023 3:13:17 PM org.togglz.core.logging.Jdk14LogProvider$Jdk14Log error
SEVERE: Could not find script engine for: some language that doesn't exist
Warning: Nashorn engine is planned to be removed from a future JDK release
Warning: Nashorn engine is planned to be removed from a future JDK release
Warning: Nashorn engine is planned to be removed from a future JDK release
Feb 07, 2023 3:13:17 PM org.togglz.core.logging.Jdk14LogProvider$Jdk14Log error
SEVERE: Could not evaluate script for feature FEATURE: <eval>:1:1 Expected an operand but found =
 = ,;
 ^ in <eval> at line number 1 at column number 1
[INFO] Tests run: 8, Failures: 0, Errors: 0, Skipped: 0, Time elapsed: 0.423 s - in org.togglz.core.activation.ScriptEngineActivationStrategyTest
[INFO] Running org.togglz.core.activation.SystemPropertyActivationStrategyTest
[INFO] Tests run: 8, Failures: 0, Errors: 0, Skipped: 0, Time elapsed: 0 s - in org.togglz.core.activation.SystemPropertyActivationStrategyTest
[INFO] Running org.togglz.core.activation.IPActivationStrategyTest
[INFO] Tests run: 4, Failures: 0, Errors: 0, Skipped: 0, Time elapsed: 0 s - in org.togglz.core.activation.IPActivationStrategyTest
[INFO] Running org.togglz.core.activation.GradualActivationStrategyTest
Feb 07, 2023 3:13:17 PM org.togglz.core.logging.Jdk14LogProvider$Jdk14Log error
SEVERE: Invalid gradual rollout percentage for feature FEATURE: 100x
Feb 07, 2023 3:13:17 PM org.togglz.core.logging.Jdk14LogProvider$Jdk14Log error
SEVERE: Invalid gradual rollout percentage for feature FEATURE: 100x
[INFO] Tests run: 6, Failures: 0, Errors: 0, Skipped: 0, Time elapsed: 0 s - in org.togglz.core.activation.GradualActivationStrategyTest
[INFO] Running org.togglz.core.activation.ParameterBuilderTest
[INFO] Tests run: 6, Failures: 0, Errors: 0, Skipped: 0, Time elapsed: 0 s - in org.togglz.core.activation.ParameterBuilderTest
[INFO] 
[INFO] Results:
[INFO] 
[INFO] Tests run: 179, Failures: 0, Errors: 0, Skipped: 0
[INFO] 
[INFO] 
[INFO] -------------------< org.togglz:togglz-test-harness >-------------------
[INFO] Building Togglz - Test Harness 2.9.8-SNAPSHOT                     [3/29]
[INFO] --------------------------------[ jar ]---------------------------------
[INFO] 
[INFO] --- maven-clean-plugin:2.5:clean (default-clean) @ togglz-test-harness ---
[INFO] Deleting /home/gabsko/breaking-updates/test-harness/target
[INFO] 
[INFO] --- maven-enforcer-plugin:1.0:enforce (enforce-maven) @ togglz-test-harness ---
[INFO] 
[INFO] --- maven-resources-plugin:2.6:resources (default-resources) @ togglz-test-harness ---
[INFO] Using 'UTF-8' encoding to copy filtered resources.
[INFO] Copying 2 resources
[INFO] 
[INFO] --- maven-compiler-plugin:3.8.1:compile (default-compile) @ togglz-test-harness ---
[INFO] Changes detected - recompiling the module!
[INFO] Compiling 6 source files to /home/gabsko/breaking-updates/test-harness/target/classes
[INFO] 
[INFO] --- maven-resources-plugin:2.6:testResources (default-testResources) @ togglz-test-harness ---
[INFO] Using 'UTF-8' encoding to copy filtered resources.
[INFO] skip non existing resourceDirectory /home/gabsko/breaking-updates/test-harness/src/test/resources
[INFO] 
[INFO] --- maven-compiler-plugin:3.8.1:testCompile (default-testCompile) @ togglz-test-harness ---
[INFO] No sources to compile
[INFO] 
[INFO] --- maven-surefire-plugin:2.22.2:test (default-test) @ togglz-test-harness ---
[INFO] No tests to run.
[INFO] 
[INFO] ----------------------< org.togglz:togglz-slf4j >-----------------------
[INFO] Building Togglz - SLF4J integration 2.9.8-SNAPSHOT                [4/29]
[INFO] --------------------------------[ jar ]---------------------------------
[INFO] 
[INFO] --- maven-clean-plugin:2.5:clean (default-clean) @ togglz-slf4j ---
[INFO] Deleting /home/gabsko/breaking-updates/slf4j/target
[INFO] 
[INFO] --- maven-enforcer-plugin:1.0:enforce (enforce-maven) @ togglz-slf4j ---
[INFO] 
[INFO] --- maven-resources-plugin:2.6:resources (default-resources) @ togglz-slf4j ---
[INFO] Using 'UTF-8' encoding to copy filtered resources.
[INFO] Copying 1 resource
[INFO] 
[INFO] --- maven-compiler-plugin:3.8.1:compile (default-compile) @ togglz-slf4j ---
[INFO] Changes detected - recompiling the module!
[INFO] Compiling 1 source file to /home/gabsko/breaking-updates/slf4j/target/classes
[INFO] 
[INFO] --- maven-resources-plugin:2.6:testResources (default-testResources) @ togglz-slf4j ---
[INFO] Using 'UTF-8' encoding to copy filtered resources.
[INFO] skip non existing resourceDirectory /home/gabsko/breaking-updates/slf4j/src/test/resources
[INFO] 
[INFO] --- maven-compiler-plugin:3.8.1:testCompile (default-testCompile) @ togglz-slf4j ---
[INFO] No sources to compile
[INFO] 
[INFO] --- maven-surefire-plugin:2.22.2:test (default-test) @ togglz-slf4j ---
[INFO] No tests to run.
[INFO] 
[INFO] ---------------------< org.togglz:togglz-servlet >----------------------
[INFO] Building Togglz - Servlet integration 2.9.8-SNAPSHOT              [5/29]
[INFO] --------------------------------[ jar ]---------------------------------
[INFO] 
[INFO] --- maven-clean-plugin:2.5:clean (default-clean) @ togglz-servlet ---
[INFO] Deleting /home/gabsko/breaking-updates/servlet/target
[INFO] 
[INFO] --- maven-enforcer-plugin:1.0:enforce (enforce-maven) @ togglz-servlet ---
[INFO] 
[INFO] --- maven-resources-plugin:2.6:resources (default-resources) @ togglz-servlet ---
[INFO] Using 'UTF-8' encoding to copy filtered resources.
[INFO] Copying 4 resources
[INFO] 
[INFO] --- maven-compiler-plugin:3.8.1:compile (default-compile) @ togglz-servlet ---
[INFO] Changes detected - recompiling the module!
[INFO] Compiling 16 source files to /home/gabsko/breaking-updates/servlet/target/classes
[INFO] /home/gabsko/breaking-updates/servlet/src/main/java/org/togglz/servlet/spi/ServletContextBeanFinder.java: /home/gabsko/breaking-updates/servlet/src/main/java/org/togglz/servlet/spi/ServletContextBeanFinder.java uses or overrides a deprecated API.
[INFO] /home/gabsko/breaking-updates/servlet/src/main/java/org/togglz/servlet/spi/ServletContextBeanFinder.java: Recompile with -Xlint:deprecation for details.
[INFO] 
[INFO] --- maven-resources-plugin:2.6:testResources (default-testResources) @ togglz-servlet ---
[INFO] Using 'UTF-8' encoding to copy filtered resources.
[INFO] skip non existing resourceDirectory /home/gabsko/breaking-updates/servlet/src/test/resources
[INFO] 
[INFO] --- maven-compiler-plugin:3.8.1:testCompile (default-testCompile) @ togglz-servlet ---
[INFO] Changes detected - recompiling the module!
[INFO] Compiling 22 source files to /home/gabsko/breaking-updates/servlet/target/test-classes
[INFO] /home/gabsko/breaking-updates/servlet/src/test/java/org/togglz/servlet/spi/MyServletContext.java: /home/gabsko/breaking-updates/servlet/src/test/java/org/togglz/servlet/spi/MyServletContext.java uses or overrides a deprecated API.
[INFO] /home/gabsko/breaking-updates/servlet/src/test/java/org/togglz/servlet/spi/MyServletContext.java: Recompile with -Xlint:deprecation for details.
[INFO] /home/gabsko/breaking-updates/servlet/src/test/java/org/togglz/servlet/activation/QueryParameterActivationStrategyTest.java: /home/gabsko/breaking-updates/servlet/src/test/java/org/togglz/servlet/activation/QueryParameterActivationStrategyTest.java uses unchecked or unsafe operations.
[INFO] /home/gabsko/breaking-updates/servlet/src/test/java/org/togglz/servlet/activation/QueryParameterActivationStrategyTest.java: Recompile with -Xlint:unchecked for details.
[INFO] 
[INFO] --- maven-surefire-plugin:2.22.2:test (default-test) @ togglz-servlet ---
[INFO] 
[INFO] -------------------------------------------------------
[INFO]  T E S T S
[INFO] -------------------------------------------------------
[INFO] Running org.togglz.servlet.spi.ServletContextBeanFinderTest
[INFO] Tests run: 3, Failures: 0, Errors: 0, Skipped: 0, Time elapsed: 0.032 s - in org.togglz.servlet.spi.ServletContextBeanFinderTest
[INFO] Running org.togglz.servlet.activation.HeaderActivationStrategyTest
[INFO] Tests run: 5, Failures: 0, Errors: 0, Skipped: 0, Time elapsed: 0.323 s - in org.togglz.servlet.activation.HeaderActivationStrategyTest
[INFO] Running org.togglz.servlet.activation.ClientIpActivationStrategyTest
Feb 07, 2023 3:13:19 PM org.togglz.core.logging.Jdk14LogProvider$Jdk14Log warn
WARNING: Ignoring illegal IP address or CIDR range 
[INFO] Tests run: 23, Failures: 0, Errors: 0, Skipped: 0, Time elapsed: 0.094 s - in org.togglz.servlet.activation.ClientIpActivationStrategyTest
[INFO] Running org.togglz.servlet.activation.QueryParameterActivationStrategyTest
[INFO] Tests run: 15, Failures: 0, Errors: 0, Skipped: 0, Time elapsed: 0.013 s - in org.togglz.servlet.activation.QueryParameterActivationStrategyTest
[INFO] 
[INFO] Results:
[INFO] 
[INFO] Tests run: 46, Failures: 0, Errors: 0, Skipped: 0
[INFO] 
[INFO] 
[INFO] ---------------------< org.togglz:togglz-console >----------------------
[INFO] Building Togglz - Admin Console 2.9.8-SNAPSHOT                    [6/29]
[INFO] --------------------------------[ jar ]---------------------------------
[INFO] 
[INFO] --- maven-clean-plugin:2.5:clean (default-clean) @ togglz-console ---
[INFO] Deleting /home/gabsko/breaking-updates/console/target
[INFO] 
[INFO] --- maven-enforcer-plugin:1.0:enforce (enforce-maven) @ togglz-console ---
[INFO] 
[INFO] --- maven-resources-plugin:2.6:resources (default-resources) @ togglz-console ---
[INFO] Using 'UTF-8' encoding to copy filtered resources.
[INFO] Copying 18 resources
[INFO] 
[INFO] --- maven-compiler-plugin:3.8.1:compile (default-compile) @ togglz-console ---
[INFO] Changes detected - recompiling the module!
[INFO] Compiling 17 source files to /home/gabsko/breaking-updates/console/target/classes
[INFO] 
[INFO] --- maven-resources-plugin:2.6:testResources (default-testResources) @ togglz-console ---
[INFO] Using 'UTF-8' encoding to copy filtered resources.
[INFO] skip non existing resourceDirectory /home/gabsko/breaking-updates/console/src/test/resources
[INFO] 
[INFO] --- maven-compiler-plugin:3.8.1:testCompile (default-testCompile) @ togglz-console ---
[INFO] Changes detected - recompiling the module!
[INFO] Compiling 5 source files to /home/gabsko/breaking-updates/console/target/test-classes
[INFO] 
[INFO] --- maven-surefire-plugin:2.22.2:test (default-test) @ togglz-console ---
[INFO] Downloading from central: https://repo.maven.apache.org/maven2/org/apache/maven/surefire/surefire-junit3/2.22.2/surefire-junit3-2.22.2.pom
[INFO] Downloaded from central: https://repo.maven.apache.org/maven2/org/apache/maven/surefire/surefire-junit3/2.22.2/surefire-junit3-2.22.2.pom (2.5 kB at 225 kB/s)
[INFO] Downloading from central: https://repo.maven.apache.org/maven2/org/apache/maven/surefire/surefire-junit3/2.22.2/surefire-junit3-2.22.2.jar
[INFO] Downloaded from central: https://repo.maven.apache.org/maven2/org/apache/maven/surefire/surefire-junit3/2.22.2/surefire-junit3-2.22.2.jar (27 kB at 2.2 MB/s)
[INFO] 
[INFO] -------------------------------------------------------
[INFO]  T E S T S
[INFO] -------------------------------------------------------
[INFO] 
[INFO] Results:
[INFO] 
[INFO] Tests run: 0, Failures: 0, Errors: 0, Skipped: 0
[INFO] 
[INFO] 
[INFO] -----------------------< org.togglz:togglz-cdi >------------------------
[INFO] Building Togglz - CDI integration 2.9.8-SNAPSHOT                  [7/29]
[INFO] --------------------------------[ jar ]---------------------------------
[INFO] 
[INFO] --- maven-clean-plugin:2.5:clean (default-clean) @ togglz-cdi ---
[INFO] Deleting /home/gabsko/breaking-updates/cdi/target
[INFO] 
[INFO] --- maven-enforcer-plugin:1.0:enforce (enforce-maven) @ togglz-cdi ---
[INFO] 
[INFO] --- maven-resources-plugin:2.6:resources (default-resources) @ togglz-cdi ---
[INFO] Using 'UTF-8' encoding to copy filtered resources.
[INFO] Copying 2 resources
[INFO] 
[INFO] --- maven-compiler-plugin:3.8.1:compile (default-compile) @ togglz-cdi ---
[INFO] Changes detected - recompiling the module!
[INFO] Compiling 1 source file to /home/gabsko/breaking-updates/cdi/target/classes
[INFO] 
[INFO] --- maven-resources-plugin:2.6:testResources (default-testResources) @ togglz-cdi ---
[INFO] Using 'UTF-8' encoding to copy filtered resources.
[INFO] skip non existing resourceDirectory /home/gabsko/breaking-updates/cdi/src/test/resources
[INFO] 
[INFO] --- maven-compiler-plugin:3.8.1:testCompile (default-testCompile) @ togglz-cdi ---
[INFO] Changes detected - recompiling the module!
[INFO] Compiling 5 source files to /home/gabsko/breaking-updates/cdi/target/test-classes
[INFO] 
[INFO] --- maven-surefire-plugin:2.22.2:test (default-test) @ togglz-cdi ---
[INFO] 
[INFO] -------------------------------------------------------
[INFO]  T E S T S
[INFO] -------------------------------------------------------
[INFO] 
[INFO] Results:
[INFO] 
[INFO] Tests run: 0, Failures: 0, Errors: 0, Skipped: 0
[INFO] 
[INFO] 
[INFO] ----------------------< org.togglz:togglz-guice >-----------------------
[INFO] Building Togglz - Guice integration 2.9.8-SNAPSHOT                [8/29]
[INFO] --------------------------------[ jar ]---------------------------------
[INFO] 
[INFO] --- maven-clean-plugin:2.5:clean (default-clean) @ togglz-guice ---
[INFO] Deleting /home/gabsko/breaking-updates/guice/target
[INFO] 
[INFO] --- maven-enforcer-plugin:1.0:enforce (enforce-maven) @ togglz-guice ---
[INFO] 
[INFO] --- maven-resources-plugin:2.6:resources (default-resources) @ togglz-guice ---
[INFO] Using 'UTF-8' encoding to copy filtered resources.
[INFO] Copying 1 resource
[INFO] 
[INFO] --- maven-compiler-plugin:3.8.1:compile (default-compile) @ togglz-guice ---
[INFO] Changes detected - recompiling the module!
[INFO] Compiling 1 source file to /home/gabsko/breaking-updates/guice/target/classes
[INFO] 
[INFO] --- maven-resources-plugin:2.6:testResources (default-testResources) @ togglz-guice ---
[INFO] Using 'UTF-8' encoding to copy filtered resources.
[INFO] skip non existing resourceDirectory /home/gabsko/breaking-updates/guice/src/test/resources
[INFO] 
[INFO] --- maven-compiler-plugin:3.8.1:testCompile (default-testCompile) @ togglz-guice ---
[INFO] Changes detected - recompiling the module!
[INFO] Compiling 5 source files to /home/gabsko/breaking-updates/guice/target/test-classes
[INFO] 
[INFO] --- maven-surefire-plugin:2.22.2:test (default-test) @ togglz-guice ---
[INFO] 
[INFO] -------------------------------------------------------
[INFO]  T E S T S
[INFO] -------------------------------------------------------
[INFO] Running org.togglz.guice.GuiceIntegrationTest
Feb 07, 2023 3:13:22 PM org.jboss.threads.Version <clinit>
INFO: JBoss Threads version 2.3.0.Beta2
Feb 07, 2023 3:13:22 PM org.jboss.logmanager.JBossLoggerFinder getLogger
ERROR: The LogManager accessed before the "java.util.logging.manager" system property was set to "org.jboss.logmanager.LogManager". Results may be unexpected.
Feb 07, 2023 3:13:22 PM org.jboss.as.arquillian.container.managed.ManagedDeployableContainer startInternal
INFO: Starting container with: [/usr/lib/jvm/java-11-openjdk-amd64/bin/java, -D[Standalone], -Xms64m, -Xmx512m, -Djava.net.preferIPv4Stack=true, -Djava.awt.headless=true, -Djboss.modules.system.pkgs=org.jboss.byteman, -ea, -Djboss.home.dir=/home/gabsko/breaking-updates/target/container/wildfly-22.0.1.Final, --add-exports=java.base/sun.nio.ch=ALL-UNNAMED, --add-exports=jdk.unsupported/sun.reflect=ALL-UNNAMED, --add-exports=jdk.unsupported/sun.misc=ALL-UNNAMED, --add-modules=java.se, -Dorg.jboss.boot.log.file=/home/gabsko/breaking-updates/target/container/wildfly-22.0.1.Final/standalone/log/server.log, -Dlogging.configuration=file:/home/gabsko/breaking-updates/target/container/wildfly-22.0.1.Final/standalone/configuration/logging.properties, -jar, /home/gabsko/breaking-updates/target/container/wildfly-22.0.1.Final/jboss-modules.jar, -mp, /home/gabsko/breaking-updates/target/container/wildfly-22.0.1.Final/modules, org.jboss.as.standalone, -Djboss.home.dir=/home/gabsko/breaking-updates/target/container/wildfly-22.0.1.Final, -Djboss.server.base.dir=/home/gabsko/breaking-updates/target/container/wildfly-22.0.1.Final/standalone, -Djboss.server.log.dir=/home/gabsko/breaking-updates/target/container/wildfly-22.0.1.Final/standalone/log, -Djboss.server.config.dir=/home/gabsko/breaking-updates/target/container/wildfly-22.0.1.Final/standalone/configuration]
Feb 07, 2023 3:13:22 PM org.jboss.remoting3.EndpointImpl <clinit>
INFO: JBoss Remoting version 5.0.8.Final
Feb 07, 2023 3:13:22 PM org.xnio.Xnio <clinit>
INFO: XNIO version 3.6.5.Final
Feb 07, 2023 3:13:22 PM org.xnio.nio.NioXnio <clinit>
INFO: XNIO NIO Implementation Version 3.6.5.Final
Feb 07, 2023 3:13:22 PM org.wildfly.security.Version <clinit>
INFO: ELY00001: WildFly Elytron version 1.8.0.Final
[0m15:13:23,025 INFO  [org.jboss.modules] (main) JBoss Modules version 1.11.0.Final
[0m[0m15:13:23,422 INFO  [org.jboss.msc] (main) JBoss MSC version 1.4.12.Final
[0m[0m15:13:23,428 INFO  [org.jboss.threads] (main) JBoss Threads version 2.4.0.Final
[0m[0m15:13:23,497 INFO  [org.jboss.as] (MSC service thread 1-2) WFLYSRV0049: WildFly Full 22.0.1.Final (WildFly Core 14.0.1.Final) starting
[0m[0m15:13:24,108 INFO  [org.wildfly.security] (ServerService Thread Pool -- 28) ELY00001: WildFly Elytron version 1.14.1.Final
[0m[0m15:13:24,455 INFO  [org.jboss.as.controller.management-deprecated] (Controller Boot Thread) WFLYCTL0028: Attribute 'security-realm' in the resource at address '/core-service=management/management-interface=http-interface' is deprecated, and may be removed in a future version. See the attribute description in the output of the read-resource-description operation to learn more about the deprecation.
[0m[0m15:13:24,480 INFO  [org.jboss.as.controller.management-deprecated] (ServerService Thread Pool -- 30) WFLYCTL0028: Attribute 'security-realm' in the resource at address '/subsystem=undertow/server=default-server/https-listener=https' is deprecated, and may be removed in a future version. See the attribute description in the output of the read-resource-description operation to learn more about the deprecation.
[0m[0m15:13:24,551 INFO  [org.jboss.as.server] (Controller Boot Thread) WFLYSRV0039: Creating http management service using socket-binding (management-http)
[0m[0m15:13:24,572 INFO  [org.xnio] (MSC service thread 1-7) XNIO version 3.8.4.Final
[0m[0m15:13:24,580 INFO  [org.xnio.nio] (MSC service thread 1-7) XNIO NIO Implementation Version 3.8.4.Final
[0m[0m15:13:24,599 INFO  [org.wildfly.extension.microprofile.config.smallrye._private] (ServerService Thread Pool -- 63) WFLYCONF0001: Activating WildFly MicroProfile Config Subsystem
[0m[33m15:13:24,599 WARN  [org.jboss.as.txn] (ServerService Thread Pool -- 74) WFLYTX0013: The node-identifier attribute on the /subsystem=transactions is set to the default value. This is a danger for environments running multiple servers. Please make sure the attribute value is unique.
[0m[0m15:13:24,601 INFO  [org.jboss.as.clustering.infinispan] (ServerService Thread Pool -- 53) WFLYCLINF0001: Activating Infinispan subsystem.
[0m[0m15:13:24,604 INFO  [org.wildfly.extension.microprofile.jwt.smallrye._private] (ServerService Thread Pool -- 64) WFLYJWT0001: Activating WildFly MicroProfile JWT Subsystem
[0m[0m15:13:24,606 INFO  [org.jboss.as.jsf] (ServerService Thread Pool -- 60) WFLYJSF0007: Activated the following JSF Implementations: [main]
[0m[0m15:13:24,607 INFO  [org.jboss.as.security] (ServerService Thread Pool -- 72) WFLYSEC0002: Activating Security Subsystem
[0m[0m15:13:24,610 INFO  [org.wildfly.extension.io] (ServerService Thread Pool -- 54) WFLYIO001: Worker 'default' has auto-configured to 72 IO threads with 576 max task threads based on your 36 available processors
[0m[0m15:13:24,608 INFO  [org.jboss.as.naming] (ServerService Thread Pool -- 66) WFLYNAM0001: Activating Naming Subsystem
[0m[0m15:13:24,619 INFO  [org.wildfly.extension.health] (ServerService Thread Pool -- 52) WFLYHEALTH0001: Activating Base Health Subsystem
[0m[0m15:13:24,620 INFO  [org.jboss.as.jaxrs] (ServerService Thread Pool -- 55) WFLYRS0016: RESTEasy version 3.14.0.Final
[0m[0m15:13:24,625 INFO  [org.wildfly.extension.metrics] (ServerService Thread Pool -- 62) WFLYMETRICS0001: Activating Base Metrics Subsystem
[0m[0m15:13:24,627 INFO  [org.jboss.as.webservices] (ServerService Thread Pool -- 76) WFLYWS0002: Activating WebServices Extension
[0m[0m15:13:24,627 INFO  [org.wildfly.extension.microprofile.opentracing] (ServerService Thread Pool -- 65) WFLYTRACEXT0001: Activating MicroProfile OpenTracing Subsystem
[0m[0m15:13:24,633 INFO  [org.jboss.as.connector] (MSC service thread 1-2) WFLYJCA0009: Starting JCA Subsystem (WildFly/IronJacamar @VERSION@)
[0m[0m15:13:24,650 INFO  [org.jboss.as.security] (MSC service thread 1-6) WFLYSEC0001: Current PicketBox version=5.0.3.Final-redhat-00007
[0m[0m15:13:24,657 INFO  [org.jboss.as.naming] (MSC service thread 1-5) WFLYNAM0003: Starting Naming Service
[0m[0m15:13:24,659 INFO  [org.wildfly.extension.undertow] (MSC service thread 1-8) WFLYUT0003: Undertow 2.2.4.Final starting
[0m[0m15:13:24,659 INFO  [org.jboss.as.connector.subsystems.datasources] (ServerService Thread Pool -- 44) WFLYJCA0004: Deploying JDBC-compliant driver class org.h2.Driver (version 1.4)
[0m[0m15:13:24,664 INFO  [org.jboss.as.mail.extension] (MSC service thread 1-1) WFLYMAIL0001: Bound mail session [java:jboss/mail/Default]
[0m[0m15:13:24,665 INFO  [org.jboss.as.connector.deployers.jdbc] (MSC service thread 1-1) WFLYJCA0018: Started Driver service with driver-name = h2
[0m[0m15:13:24,730 INFO  [org.jboss.remoting] (MSC service thread 1-8) JBoss Remoting version 5.0.20.Final
[0m[33m15:13:24,767 WARN  [org.wildfly.extension.elytron] (MSC service thread 1-2) WFLYELY00023: KeyStore file '/home/gabsko/breaking-updates/target/container/wildfly-22.0.1.Final/standalone/configuration/application.keystore' does not exist. Used blank.
[0m[0m15:13:24,775 INFO  [org.wildfly.extension.undertow] (ServerService Thread Pool -- 75) WFLYUT0014: Creating file handler for path '/home/gabsko/breaking-updates/target/container/wildfly-22.0.1.Final/welcome-content' with options [directory-listing: 'false', follow-symlink: 'false', case-sensitive: 'true', safe-symlink-paths: '[]']
[0m[33m15:13:24,781 WARN  [org.wildfly.extension.elytron] (MSC service thread 1-4) WFLYELY01084: KeyStore /home/gabsko/breaking-updates/target/container/wildfly-22.0.1.Final/standalone/configuration/application.keystore not found, it will be auto generated on first use with a self-signed certificate for host localhost
[0mWARNING: An illegal reflective access operation has occurred
WARNING: Illegal reflective access by org.wildfly.extension.elytron.SSLDefinitions (jar:file:/home/gabsko/breaking-updates/target/container/wildfly-22.0.1.Final/modules/system/layers/base/org/wildfly/extension/elytron/main/wildfly-elytron-integration-14.0.1.Final.jar!/) to method com.sun.net.ssl.internal.ssl.Provider.isFIPS()
WARNING: Please consider reporting this to the maintainers of org.wildfly.extension.elytron.SSLDefinitions
WARNING: Use --illegal-access=warn to enable warnings of further illegal reflective access operations
WARNING: All illegal access operations will be denied in a future release
[0m15:13:24,792 INFO  [org.wildfly.extension.undertow] (MSC service thread 1-2) WFLYUT0012: Started server default-server.
[0m[0m15:13:24,798 INFO  [org.wildfly.extension.undertow] (MSC service thread 1-2) WFLYUT0018: Host default-host starting
[0m[0m15:13:24,800 INFO  [org.jboss.as.ejb3] (MSC service thread 1-3) WFLYEJB0482: Strict pool mdb-strict-max-pool is using a max instance size of 144 (per class), which is derived from the number of CPUs on this host.
[0m[0m15:13:24,800 INFO  [org.jboss.as.ejb3] (MSC service thread 1-7) WFLYEJB0481: Strict pool slsb-strict-max-pool is using a max instance size of 576 (per class), which is derived from thread worker pool sizing.
[0m[0m15:13:24,849 INFO  [org.wildfly.extension.undertow] (MSC service thread 1-4) WFLYUT0006: Undertow HTTP listener default listening on 127.0.0.1:8080
[0m[0m15:13:24,919 INFO  [org.jboss.as.ejb3] (MSC service thread 1-6) WFLYEJB0493: EJB subsystem suspension complete
[0m[0m15:13:24,947 INFO  [org.jboss.as.connector.subsystems.datasources] (MSC service thread 1-1) WFLYJCA0001: Bound data source [java:jboss/datasources/ExampleDS]
[0m[0m15:13:25,029 INFO  [org.jboss.as.patching] (MSC service thread 1-1) WFLYPAT0050: WildFly Full cumulative patch ID is: base, one-off patches include: none
[0m[33m15:13:25,046 WARN  [org.jboss.as.domain.management.security] (MSC service thread 1-8) WFLYDM0111: Keystore /home/gabsko/breaking-updates/target/container/wildfly-22.0.1.Final/standalone/configuration/application.keystore not found, it will be auto generated on first use with a self signed certificate for host localhost
[0m[0m15:13:25,049 INFO  [org.jboss.as.server.deployment.scanner] (MSC service thread 1-7) WFLYDS0013: Started FileSystemDeploymentService for directory /home/gabsko/breaking-updates/target/container/wildfly-22.0.1.Final/standalone/deployments
[0m[0m15:13:25,082 INFO  [org.wildfly.extension.undertow] (MSC service thread 1-6) WFLYUT0006: Undertow HTTPS listener https listening on 127.0.0.1:8443
[0m[0m15:13:25,129 INFO  [org.jboss.ws.common.management] (MSC service thread 1-4) JBWS022052: Starting JBossWS 5.4.2.Final (Apache CXF 3.3.7) 
[0m[0m15:13:25,219 INFO  [org.jboss.as.server] (Controller Boot Thread) WFLYSRV0212: Resuming server
[0m[0m15:13:25,221 INFO  [org.jboss.as] (Controller Boot Thread) WFLYSRV0025: WildFly Full 22.0.1.Final (WildFly Core 14.0.1.Final) started in 2454ms - Started 318 of 557 services (345 services are lazy, passive or on-demand)
[0m[0m15:13:25,222 INFO  [org.jboss.as] (Controller Boot Thread) WFLYSRV0060: Http management interface listening on http://127.0.0.1:9990/management
[0m[0m15:13:25,223 INFO  [org.jboss.as] (Controller Boot Thread) WFLYSRV0051: Admin console listening on http://127.0.0.1:9990
[0mSLF4J: Failed to load class "org.slf4j.impl.StaticLoggerBinder".
SLF4J: Defaulting to no-operation (NOP) logger implementation
SLF4J: See http://www.slf4j.org/codes.html#StaticLoggerBinder for further details.
[0m15:13:27,688 INFO  [org.jboss.as.repository] (management-handler-thread - 1) WFLYDR0001: Content added at location /home/gabsko/breaking-updates/target/container/wildfly-22.0.1.Final/standalone/data/content/49/34f437cd5247d080ffc0980eafb0199bbcc579/content
[0m[0m15:13:27,703 INFO  [org.jboss.as.server.deployment] (MSC service thread 1-4) WFLYSRV0027: Starting deployment of "test.war" (runtime-name: "test.war")
[0m[33m15:13:29,259 WARN  [org.jboss.weld.deployer] (MSC service thread 1-1) WFLYWELD0013: Deployment test.war contains CDI annotations but no bean archive was found (no beans.xml or class with bean defining annotations was present).
[0m[0m15:13:29,443 INFO  [org.infinispan.CONTAINER] (ServerService Thread Pool -- 78) ISPN000128: Infinispan version: Infinispan 'Corona Extra' 11.0.8.Final
[0m[0m15:13:29,479 INFO  [org.infinispan.CONFIG] (MSC service thread 1-6) ISPN000152: Passivation configured without an eviction policy being selected. Only manually evicted entities will be passivated.
[0m[0m15:13:29,481 INFO  [org.infinispan.CONFIG] (MSC service thread 1-6) ISPN000152: Passivation configured without an eviction policy being selected. Only manually evicted entities will be passivated.
[0m[0m15:13:29,534 INFO  [org.infinispan.PERSISTENCE] (ServerService Thread Pool -- 78) ISPN000556: Starting user marshaller 'org.wildfly.clustering.infinispan.spi.marshalling.InfinispanProtoStreamMarshaller'
[0m[0m15:13:29,646 INFO  [org.jboss.as.clustering.infinispan] (ServerService Thread Pool -- 78) WFLYCLINF0002: Started http-remoting-connector cache from ejb container
[0m[0m15:13:29,855 INFO  [org.wildfly.extension.undertow] (ServerService Thread Pool -- 21) WFLYUT0021: Registered web context: '/test' for server 'default-server'
[0m[0m15:13:29,916 INFO  [org.jboss.as.server] (management-handler-thread - 1) WFLYSRV0010: Deployed "test.war" (runtime-name : "test.war")
[0m[0m15:13:30,204 INFO  [org.togglz.servlet.TogglzFilter] (default task-1) Togglz started
[0m[0m15:13:30,271 INFO  [org.jboss.arquillian.testenricher.cdi.container.BeanManagerProducer] (default task-2) BeanManager not found.
[0m[0m15:13:30,349 INFO  [org.wildfly.extension.undertow] (ServerService Thread Pool -- 21) WFLYUT0022: Unregistered web context: '/test' from server 'default-server'
[0m[0m15:13:30,435 INFO  [org.jboss.as.server.deployment] (MSC service thread 1-6) WFLYSRV0028: Stopped deployment test.war (runtime-name: test.war) in 90ms
[0m[0m15:13:30,468 INFO  [org.jboss.as.repository] (management-handler-thread - 1) WFLYDR0002: Content removed from location /home/gabsko/breaking-updates/target/container/wildfly-22.0.1.Final/standalone/data/content/49/34f437cd5247d080ffc0980eafb0199bbcc579/content
[0m[0m15:13:30,469 INFO  [org.jboss.as.server] (management-handler-thread - 1) WFLYSRV0009: Undeployed "test.war" (runtime-name: "test.war")
[0m[INFO] Tests run: 1, Failures: 0, Errors: 0, Skipped: 0, Time elapsed: 8.161 s - in org.togglz.guice.GuiceIntegrationTest
[0m15:13:30,483 INFO  [org.jboss.as.server] (management-handler-thread - 1) WFLYSRV0272: Suspending server
[0m[0m15:13:30,487 INFO  [org.jboss.as.ejb3] (management-handler-thread - 1) WFLYEJB0493: EJB subsystem suspension complete
[0m[0m15:13:30,487 INFO  [org.jboss.as.server] (Management Triggered Shutdown) WFLYSRV0241: Shutting down in response to management operation 'shutdown'
[0m[0m15:13:30,492 INFO  [org.jboss.as.connector.subsystems.datasources] (MSC service thread 1-6) WFLYJCA0010: Unbound data source [java:jboss/datasources/ExampleDS]
[0m[0m15:13:30,507 INFO  [org.wildfly.extension.undertow] (MSC service thread 1-8) WFLYUT0019: Host default-host stopping
[0m[0m15:13:30,507 INFO  [org.wildfly.extension.undertow] (MSC service thread 1-6) WFLYUT0008: Undertow HTTPS listener https suspending
[0m[0m15:13:30,509 INFO  [org.wildfly.extension.undertow] (MSC service thread 1-6) WFLYUT0007: Undertow HTTPS listener https stopped, was bound to 127.0.0.1:8443
[0m[0m15:13:30,509 INFO  [org.jboss.as.mail.extension] (MSC service thread 1-2) WFLYMAIL0002: Unbound mail session [java:jboss/mail/Default]
[0m[0m15:13:30,515 INFO  [org.jboss.as.connector.deployers.jdbc] (MSC service thread 1-1) WFLYJCA0019: Stopped Driver service with driver-name = h2
[0m[0m15:13:30,526 INFO  [org.wildfly.extension.undertow] (MSC service thread 1-1) WFLYUT0008: Undertow HTTP listener default suspending
[0m[0m15:13:30,528 INFO  [org.wildfly.extension.undertow] (MSC service thread 1-1) WFLYUT0007: Undertow HTTP listener default stopped, was bound to 127.0.0.1:8080
[0m[0m15:13:30,530 INFO  [org.wildfly.extension.undertow] (MSC service thread 1-2) WFLYUT0004: Undertow 2.2.4.Final stopping
[0m[0m15:13:30,530 INFO  [org.jboss.as.clustering.infinispan] (ServerService Thread Pool -- 30) WFLYCLINF0003: Stopped http-remoting-connector cache from ejb container
[0m[0m15:13:30,538 INFO  [org.infinispan.manager.DefaultCacheManager] (ServerService Thread Pool -- 4) Stopping cache manager null on null
[0m[0m15:13:30,546 INFO  [org.jboss.as] (MSC service thread 1-8) WFLYSRV0050: WildFly Full 22.0.1.Final (WildFly Core 14.0.1.Final) stopped in 47ms
[0m[INFO] 
[INFO] Results:
[INFO] 
[INFO] Tests run: 1, Failures: 0, Errors: 0, Skipped: 0
[INFO] 
[INFO] 
[INFO] -------------------< org.togglz:togglz-spring-core >--------------------
[INFO] Building Togglz - Spring Framework integration 2.9.8-SNAPSHOT     [9/29]
[INFO] --------------------------------[ jar ]---------------------------------
[INFO] 
[INFO] --- maven-clean-plugin:2.5:clean (default-clean) @ togglz-spring-core ---
[INFO] Deleting /home/gabsko/breaking-updates/spring-core/target
[INFO] 
[INFO] --- maven-enforcer-plugin:1.0:enforce (enforce-maven) @ togglz-spring-core ---
[INFO] 
[INFO] --- maven-resources-plugin:2.6:resources (default-resources) @ togglz-spring-core ---
[INFO] Using 'UTF-8' encoding to copy filtered resources.
[INFO] Copying 3 resources
[INFO] 
[INFO] --- maven-compiler-plugin:3.8.1:compile (default-compile) @ togglz-spring-core ---
[INFO] Changes detected - recompiling the module!
[INFO] Compiling 11 source files to /home/gabsko/breaking-updates/spring-core/target/classes
[INFO] /home/gabsko/breaking-updates/spring-core/src/main/java/org/togglz/spring/manager/FeatureManagerFactory.java: /home/gabsko/breaking-updates/spring-core/src/main/java/org/togglz/spring/manager/FeatureManagerFactory.java uses unchecked or unsafe operations.
[INFO] /home/gabsko/breaking-updates/spring-core/src/main/java/org/togglz/spring/manager/FeatureManagerFactory.java: Recompile with -Xlint:unchecked for details.
[INFO] 
[INFO] --- maven-resources-plugin:2.6:testResources (default-testResources) @ togglz-spring-core ---
[INFO] Using 'UTF-8' encoding to copy filtered resources.
[INFO] skip non existing resourceDirectory /home/gabsko/breaking-updates/spring-core/src/test/resources
[INFO] 
[INFO] --- maven-compiler-plugin:3.8.1:testCompile (default-testCompile) @ togglz-spring-core ---
[INFO] Changes detected - recompiling the module!
[INFO] Compiling 4 source files to /home/gabsko/breaking-updates/spring-core/target/test-classes
[INFO] /home/gabsko/breaking-updates/spring-core/src/test/java/org/togglz/spring/activation/SpringProfileActivationStrategyTest.java: Some input files use or override a deprecated API.
[INFO] /home/gabsko/breaking-updates/spring-core/src/test/java/org/togglz/spring/activation/SpringProfileActivationStrategyTest.java: Recompile with -Xlint:deprecation for details.
[INFO] 
[INFO] --- maven-surefire-plugin:2.22.2:test (default-test) @ togglz-spring-core ---
[INFO] 
[INFO] -------------------------------------------------------
[INFO]  T E S T S
[INFO] -------------------------------------------------------
[INFO] Running org.togglz.spring.repository.ApplicationEventPublisherRepositoryTest
[INFO] Tests run: 1, Failures: 0, Errors: 0, Skipped: 0, Time elapsed: 0.293 s - in org.togglz.spring.repository.ApplicationEventPublisherRepositoryTest
[INFO] Running org.togglz.spring.activation.SpringEnvironmentPropertyActivationStrategyTest
[INFO] Tests run: 8, Failures: 0, Errors: 0, Skipped: 0, Time elapsed: 0.112 s - in org.togglz.spring.activation.SpringEnvironmentPropertyActivationStrategyTest
[INFO] Running org.togglz.spring.activation.SpringProfileActivationStrategyTest
[INFO] Tests run: 19, Failures: 0, Errors: 0, Skipped: 0, Time elapsed: 0.03 s - in org.togglz.spring.activation.SpringProfileActivationStrategyTest
[INFO] Running org.togglz.spring.listener.TogglzApplicationContextBinderApplicationListenerTest
Feb 07, 2023 3:13:32 PM org.togglz.core.logging.Jdk14LogProvider$Jdk14Log warn
WARNING: ApplicationContext already bound to current context class loader, releasing it first
[INFO] Tests run: 4, Failures: 0, Errors: 0, Skipped: 0, Time elapsed: 0.028 s - in org.togglz.spring.listener.TogglzApplicationContextBinderApplicationListenerTest
[INFO] 
[INFO] Results:
[INFO] 
[INFO] Tests run: 32, Failures: 0, Errors: 0, Skipped: 0
[INFO] 
[INFO] 
[INFO] --------------------< org.togglz:togglz-spring-web >--------------------
[INFO] Building Togglz - Spring Web integration 2.9.8-SNAPSHOT          [10/29]
[INFO] --------------------------------[ jar ]---------------------------------
[INFO] 
[INFO] --- maven-clean-plugin:2.5:clean (default-clean) @ togglz-spring-web ---
[INFO] Deleting /home/gabsko/breaking-updates/spring-web/target
[INFO] 
[INFO] --- maven-enforcer-plugin:1.0:enforce (enforce-maven) @ togglz-spring-web ---
[INFO] 
[INFO] --- maven-resources-plugin:2.6:resources (default-resources) @ togglz-spring-web ---
[INFO] Using 'UTF-8' encoding to copy filtered resources.
[INFO] Copying 1 resource
[INFO] 
[INFO] --- maven-compiler-plugin:3.8.1:compile (default-compile) @ togglz-spring-web ---
[INFO] Changes detected - recompiling the module!
[INFO] Compiling 4 source files to /home/gabsko/breaking-updates/spring-web/target/classes
[INFO] /home/gabsko/breaking-updates/spring-web/src/main/java/org/togglz/spring/web/FeatureInterceptor.java: /home/gabsko/breaking-updates/spring-web/src/main/java/org/togglz/spring/web/FeatureInterceptor.java uses or overrides a deprecated API.
[INFO] /home/gabsko/breaking-updates/spring-web/src/main/java/org/togglz/spring/web/FeatureInterceptor.java: Recompile with -Xlint:deprecation for details.
[INFO] 
[INFO] --- maven-resources-plugin:2.6:testResources (default-testResources) @ togglz-spring-web ---
[INFO] Using 'UTF-8' encoding to copy filtered resources.
[INFO] Copying 4 resources
[INFO] 
[INFO] --- maven-compiler-plugin:3.8.1:testCompile (default-testCompile) @ togglz-spring-web ---
[INFO] Changes detected - recompiling the module!
[INFO] Compiling 14 source files to /home/gabsko/breaking-updates/spring-web/target/test-classes
[INFO] 
[INFO] --- maven-surefire-plugin:2.22.2:test (default-test) @ togglz-spring-web ---
[INFO] 
[INFO] -------------------------------------------------------
[INFO]  T E S T S
[INFO] -------------------------------------------------------
[INFO] Running org.togglz.spring.web.spi.HttpServletRequestHolderFilterTest
SLF4J: Failed to load class "org.slf4j.impl.StaticLoggerBinder".
SLF4J: Defaulting to no-operation (NOP) logger implementation
SLF4J: See http://www.slf4j.org/codes.html#StaticLoggerBinder for further details.
[INFO] Tests run: 5, Failures: 0, Errors: 0, Skipped: 0, Time elapsed: 1.343 s - in org.togglz.spring.web.spi.HttpServletRequestHolderFilterTest
[INFO] Running org.togglz.spring.web.FeatureInterceptorTest
[INFO] Tests run: 15, Failures: 0, Errors: 0, Skipped: 0, Time elapsed: 0.143 s - in org.togglz.spring.web.FeatureInterceptorTest
[INFO] 
[INFO] Results:
[INFO] 
[INFO] Tests run: 20, Failures: 0, Errors: 0, Skipped: 0
[INFO] 
[INFO] 
[INFO] -----------------< org.togglz:togglz-spring-security >------------------
[INFO] Building Togglz - Spring Security integration 2.9.8-SNAPSHOT     [11/29]
[INFO] --------------------------------[ jar ]---------------------------------
[INFO] 
[INFO] --- maven-clean-plugin:2.5:clean (default-clean) @ togglz-spring-security ---
[INFO] Deleting /home/gabsko/breaking-updates/spring-security/target
[INFO] 
[INFO] --- maven-enforcer-plugin:1.0:enforce (enforce-maven) @ togglz-spring-security ---
[INFO] 
[INFO] --- maven-resources-plugin:2.6:resources (default-resources) @ togglz-spring-security ---
[INFO] Using 'UTF-8' encoding to copy filtered resources.
[INFO] Copying 1 resource
[INFO] 
[INFO] --- maven-compiler-plugin:3.8.1:compile (default-compile) @ togglz-spring-security ---
[INFO] Changes detected - recompiling the module!
[INFO] Compiling 2 source files to /home/gabsko/breaking-updates/spring-security/target/classes
[INFO] 
[INFO] --- maven-resources-plugin:2.6:testResources (default-testResources) @ togglz-spring-security ---
[INFO] Using 'UTF-8' encoding to copy filtered resources.
[INFO] skip non existing resourceDirectory /home/gabsko/breaking-updates/spring-security/src/test/resources
[INFO] 
[INFO] --- maven-compiler-plugin:3.8.1:testCompile (default-testCompile) @ togglz-spring-security ---
[INFO] Changes detected - recompiling the module!
[INFO] Compiling 1 source file to /home/gabsko/breaking-updates/spring-security/target/test-classes
[INFO] /home/gabsko/breaking-updates/spring-security/src/test/java/org/togglz/spring/security/SpringSecurityUserProviderTest.java: /home/gabsko/breaking-updates/spring-security/src/test/java/org/togglz/spring/security/SpringSecurityUserProviderTest.java uses unchecked or unsafe operations.
[INFO] /home/gabsko/breaking-updates/spring-security/src/test/java/org/togglz/spring/security/SpringSecurityUserProviderTest.java: Recompile with -Xlint:unchecked for details.
[INFO] 
[INFO] --- maven-surefire-plugin:2.22.2:test (default-test) @ togglz-spring-security ---
[INFO] 
[INFO] -------------------------------------------------------
[INFO]  T E S T S
[INFO] -------------------------------------------------------
[INFO] Running org.togglz.spring.security.SpringSecurityUserProviderTest
[INFO] Tests run: 3, Failures: 0, Errors: 0, Skipped: 0, Time elapsed: 1.057 s - in org.togglz.spring.security.SpringSecurityUserProviderTest
[INFO] 
[INFO] Results:
[INFO] 
[INFO] Tests run: 3, Failures: 0, Errors: 0, Skipped: 0
[INFO] 
[INFO] 
[INFO] -------------------< org.togglz:togglz-spring-boot >--------------------
[INFO] Building Togglz - Spring Boot POM 2.9.8-SNAPSHOT                 [12/29]
[INFO] --------------------------------[ pom ]---------------------------------
[INFO] 
[INFO] --- maven-clean-plugin:2.5:clean (default-clean) @ togglz-spring-boot ---
[INFO] 
[INFO] --- maven-enforcer-plugin:1.0:enforce (enforce-maven) @ togglz-spring-boot ---
[INFO] 
[INFO] ---------------< org.togglz:togglz-spring-boot-starter >----------------
[INFO] Building Togglz - Spring Boot Starter 2.9.8-SNAPSHOT             [13/29]
[INFO] --------------------------------[ jar ]---------------------------------
[INFO] 
[INFO] --- maven-clean-plugin:2.5:clean (default-clean) @ togglz-spring-boot-starter ---
[INFO] Deleting /home/gabsko/breaking-updates/spring-boot/starter/target
[INFO] 
[INFO] --- maven-enforcer-plugin:1.0:enforce (enforce-maven) @ togglz-spring-boot-starter ---
[INFO] 
[INFO] --- maven-resources-plugin:2.6:resources (default-resources) @ togglz-spring-boot-starter ---
[INFO] Using 'UTF-8' encoding to copy filtered resources.
[INFO] Copying 1 resource
[INFO] 
[INFO] --- maven-compiler-plugin:3.8.1:compile (default-compile) @ togglz-spring-boot-starter ---
[INFO] Changes detected - recompiling the module!
[INFO] Compiling 12 source files to /home/gabsko/breaking-updates/spring-boot/starter/target/classes
[INFO] /home/gabsko/breaking-updates/spring-boot/starter/src/main/java/org/togglz/spring/boot/actuate/autoconfigure/TogglzManagementContextConfiguration.java: /home/gabsko/breaking-updates/spring-boot/starter/src/main/java/org/togglz/spring/boot/actuate/autoconfigure/TogglzManagementContextConfiguration.java uses or overrides a deprecated API.
[INFO] /home/gabsko/breaking-updates/spring-boot/starter/src/main/java/org/togglz/spring/boot/actuate/autoconfigure/TogglzManagementContextConfiguration.java: Recompile with -Xlint:deprecation for details.
[INFO] /home/gabsko/breaking-updates/spring-boot/starter/src/main/java/org/togglz/spring/boot/actuate/autoconfigure/TogglzConsoleBaseConfiguration.java: /home/gabsko/breaking-updates/spring-boot/starter/src/main/java/org/togglz/spring/boot/actuate/autoconfigure/TogglzConsoleBaseConfiguration.java uses unchecked or unsafe operations.
[INFO] /home/gabsko/breaking-updates/spring-boot/starter/src/main/java/org/togglz/spring/boot/actuate/autoconfigure/TogglzConsoleBaseConfiguration.java: Recompile with -Xlint:unchecked for details.
[INFO] 
[INFO] --- maven-resources-plugin:2.6:testResources (default-testResources) @ togglz-spring-boot-starter ---
[INFO] Using 'UTF-8' encoding to copy filtered resources.
[INFO] Copying 1 resource
[INFO] 
[INFO] --- maven-compiler-plugin:3.8.1:testCompile (default-testCompile) @ togglz-spring-boot-starter ---
[INFO] Changes detected - recompiling the module!
[INFO] Compiling 4 source files to /home/gabsko/breaking-updates/spring-boot/starter/target/test-classes
[INFO] 
[INFO] --- maven-surefire-plugin:2.22.2:test (default-test) @ togglz-spring-boot-starter ---
[INFO] 
[INFO] -------------------------------------------------------
[INFO]  T E S T S
[INFO] -------------------------------------------------------
[INFO] Running org.togglz.spring.boot.actuate.autoconfigure.TogglzManagementContextConfigurationTest
[INFO] Tests run: 3, Failures: 0, Errors: 0, Skipped: 0, Time elapsed: 2.612 s - in org.togglz.spring.boot.actuate.autoconfigure.TogglzManagementContextConfigurationTest
[INFO] Running org.togglz.spring.boot.actuate.thymeleaf.TogglzDialectTest
[INFO] Tests run: 4, Failures: 0, Errors: 0, Skipped: 0, Time elapsed: 0.005 s - in org.togglz.spring.boot.actuate.thymeleaf.TogglzDialectTest
[INFO] Running org.togglz.spring.boot.actuate.TogglzEndpointTest
[INFO] Tests run: 5, Failures: 0, Errors: 0, Skipped: 0, Time elapsed: 0.365 s - in org.togglz.spring.boot.actuate.TogglzEndpointTest
[INFO] 
[INFO] Results:
[INFO] 
[INFO] Tests run: 12, Failures: 0, Errors: 0, Skipped: 0
[INFO] 
[INFO] 
[INFO] --------------------< org.togglz:togglz-deltaspike >--------------------
[INFO] Building Togglz - DeltaSpike integration 2.9.8-SNAPSHOT          [14/29]
[INFO] --------------------------------[ jar ]---------------------------------
[INFO] 
[INFO] --- maven-clean-plugin:2.5:clean (default-clean) @ togglz-deltaspike ---
[INFO] Deleting /home/gabsko/breaking-updates/deltaspike/target
[INFO] 
[INFO] --- maven-enforcer-plugin:1.0:enforce (enforce-maven) @ togglz-deltaspike ---
[INFO] 
[INFO] --- maven-resources-plugin:2.6:resources (default-resources) @ togglz-deltaspike ---
[INFO] Using 'UTF-8' encoding to copy filtered resources.
[INFO] Copying 1 resource
[INFO] 
[INFO] --- maven-compiler-plugin:3.8.1:compile (default-compile) @ togglz-deltaspike ---
[INFO] Changes detected - recompiling the module!
[INFO] Compiling 2 source files to /home/gabsko/breaking-updates/deltaspike/target/classes
[INFO] 
[INFO] --- maven-resources-plugin:2.6:testResources (default-testResources) @ togglz-deltaspike ---
[INFO] Using 'UTF-8' encoding to copy filtered resources.
[INFO] Copying 1 resource
[INFO] 
[INFO] --- maven-compiler-plugin:3.8.1:testCompile (default-testCompile) @ togglz-deltaspike ---
[INFO] Changes detected - recompiling the module!
[INFO] Compiling 3 source files to /home/gabsko/breaking-updates/deltaspike/target/test-classes
[INFO] 
[INFO] --- maven-surefire-plugin:2.22.2:test (default-test) @ togglz-deltaspike ---
[INFO] 
[INFO] -------------------------------------------------------
[INFO]  T E S T S
[INFO] -------------------------------------------------------
[INFO] Running org.togglz.deltaspike.activation.DeltaSpikeProjectStageActivationStrategyTest
[INFO] Tests run: 12, Failures: 0, Errors: 0, Skipped: 0, Time elapsed: 0.065 s - in org.togglz.deltaspike.activation.DeltaSpikeProjectStageActivationStrategyTest
[INFO] Running org.togglz.deltaspike.activation.DeltaSpikePropertyActivationStrategyTest
Feb 07, 2023 3:13:42 PM org.apache.deltaspike.core.util.ProjectStageProducer initProjectStage
INFO: Computed the following DeltaSpike ProjectStage: Production
[INFO] Tests run: 7, Failures: 0, Errors: 0, Skipped: 0, Time elapsed: 0.029 s - in org.togglz.deltaspike.activation.DeltaSpikePropertyActivationStrategyTest
[INFO] 
[INFO] Results:
[INFO] 
[INFO] Tests run: 19, Failures: 0, Errors: 0, Skipped: 0
[INFO] 
[INFO] 
[INFO] ----------------------< org.togglz:togglz-shiro >-----------------------
[INFO] Building Togglz - Apache Shiro integration 2.9.8-SNAPSHOT        [15/29]
[INFO] --------------------------------[ jar ]---------------------------------
[INFO] 
[INFO] --- maven-clean-plugin:2.5:clean (default-clean) @ togglz-shiro ---
[INFO] Deleting /home/gabsko/breaking-updates/shiro/target
[INFO] 
[INFO] --- maven-enforcer-plugin:1.0:enforce (enforce-maven) @ togglz-shiro ---
[INFO] 
[INFO] --- maven-resources-plugin:2.6:resources (default-resources) @ togglz-shiro ---
[INFO] Using 'UTF-8' encoding to copy filtered resources.
[INFO] skip non existing resourceDirectory /home/gabsko/breaking-updates/shiro/src/main/resources
[INFO] 
[INFO] --- maven-compiler-plugin:3.8.1:compile (default-compile) @ togglz-shiro ---
[INFO] Changes detected - recompiling the module!
[INFO] Compiling 1 source file to /home/gabsko/breaking-updates/shiro/target/classes
[INFO] 
[INFO] --- maven-resources-plugin:2.6:testResources (default-testResources) @ togglz-shiro ---
[INFO] Using 'UTF-8' encoding to copy filtered resources.
[INFO] Copying 1 resource
[INFO] 
[INFO] --- maven-compiler-plugin:3.8.1:testCompile (default-testCompile) @ togglz-shiro ---
[INFO] Changes detected - recompiling the module!
[INFO] Compiling 6 source files to /home/gabsko/breaking-updates/shiro/target/test-classes
[INFO] 
[INFO] --- maven-surefire-plugin:2.22.2:test (default-test) @ togglz-shiro ---
[INFO] 
[INFO] -------------------------------------------------------
[INFO]  T E S T S
[INFO] -------------------------------------------------------
[INFO] Running org.togglz.shiro.test.ShiroUsersTest
Feb 07, 2023 3:13:43 PM org.jboss.threads.Version <clinit>
INFO: JBoss Threads version 2.3.0.Beta2
Feb 07, 2023 3:13:43 PM org.jboss.logmanager.JBossLoggerFinder getLogger
ERROR: The LogManager accessed before the "java.util.logging.manager" system property was set to "org.jboss.logmanager.LogManager". Results may be unexpected.
Feb 07, 2023 3:13:43 PM org.jboss.as.arquillian.container.managed.ManagedDeployableContainer startInternal
INFO: Starting container with: [/usr/lib/jvm/java-11-openjdk-amd64/bin/java, -D[Standalone], -Xms64m, -Xmx512m, -Djava.net.preferIPv4Stack=true, -Djava.awt.headless=true, -Djboss.modules.system.pkgs=org.jboss.byteman, -ea, -Djboss.home.dir=/home/gabsko/breaking-updates/target/container/wildfly-22.0.1.Final, --add-exports=java.base/sun.nio.ch=ALL-UNNAMED, --add-exports=jdk.unsupported/sun.reflect=ALL-UNNAMED, --add-exports=jdk.unsupported/sun.misc=ALL-UNNAMED, --add-modules=java.se, -Dorg.jboss.boot.log.file=/home/gabsko/breaking-updates/target/container/wildfly-22.0.1.Final/standalone/log/server.log, -Dlogging.configuration=file:/home/gabsko/breaking-updates/target/container/wildfly-22.0.1.Final/standalone/configuration/logging.properties, -jar, /home/gabsko/breaking-updates/target/container/wildfly-22.0.1.Final/jboss-modules.jar, -mp, /home/gabsko/breaking-updates/target/container/wildfly-22.0.1.Final/modules, org.jboss.as.standalone, -Djboss.home.dir=/home/gabsko/breaking-updates/target/container/wildfly-22.0.1.Final, -Djboss.server.base.dir=/home/gabsko/breaking-updates/target/container/wildfly-22.0.1.Final/standalone, -Djboss.server.log.dir=/home/gabsko/breaking-updates/target/container/wildfly-22.0.1.Final/standalone/log, -Djboss.server.config.dir=/home/gabsko/breaking-updates/target/container/wildfly-22.0.1.Final/standalone/configuration]
Feb 07, 2023 3:13:43 PM org.jboss.remoting3.EndpointImpl <clinit>
INFO: JBoss Remoting version 5.0.8.Final
Feb 07, 2023 3:13:43 PM org.xnio.Xnio <clinit>
INFO: XNIO version 3.6.5.Final
Feb 07, 2023 3:13:43 PM org.xnio.nio.NioXnio <clinit>
INFO: XNIO NIO Implementation Version 3.6.5.Final
Feb 07, 2023 3:13:43 PM org.wildfly.security.Version <clinit>
INFO: ELY00001: WildFly Elytron version 1.8.0.Final
[0m15:13:44,064 INFO  [org.jboss.modules] (main) JBoss Modules version 1.11.0.Final
[0m[0m15:13:44,401 INFO  [org.jboss.msc] (main) JBoss MSC version 1.4.12.Final
[0m[0m15:13:44,406 INFO  [org.jboss.threads] (main) JBoss Threads version 2.4.0.Final
[0m[0m15:13:44,479 INFO  [org.jboss.as] (MSC service thread 1-2) WFLYSRV0049: WildFly Full 22.0.1.Final (WildFly Core 14.0.1.Final) starting
[0m[0m15:13:44,978 INFO  [org.wildfly.security] (ServerService Thread Pool -- 28) ELY00001: WildFly Elytron version 1.14.1.Final
[0m[0m15:13:45,348 INFO  [org.jboss.as.controller.management-deprecated] (Controller Boot Thread) WFLYCTL0028: Attribute 'security-realm' in the resource at address '/core-service=management/management-interface=http-interface' is deprecated, and may be removed in a future version. See the attribute description in the output of the read-resource-description operation to learn more about the deprecation.
[0m[0m15:13:45,370 INFO  [org.jboss.as.controller.management-deprecated] (ServerService Thread Pool -- 23) WFLYCTL0028: Attribute 'security-realm' in the resource at address '/subsystem=undertow/server=default-server/https-listener=https' is deprecated, and may be removed in a future version. See the attribute description in the output of the read-resource-description operation to learn more about the deprecation.
[0m[0m15:13:45,425 INFO  [org.jboss.as.server] (Controller Boot Thread) WFLYSRV0039: Creating http management service using socket-binding (management-http)
[0m[0m15:13:45,446 INFO  [org.xnio] (MSC service thread 1-4) XNIO version 3.8.4.Final
[0m[0m15:13:45,456 INFO  [org.xnio.nio] (MSC service thread 1-4) XNIO NIO Implementation Version 3.8.4.Final
[0m[0m15:13:45,472 INFO  [org.jboss.as.clustering.infinispan] (ServerService Thread Pool -- 53) WFLYCLINF0001: Activating Infinispan subsystem.
[0m[0m15:13:45,472 INFO  [org.wildfly.extension.microprofile.config.smallrye._private] (ServerService Thread Pool -- 63) WFLYCONF0001: Activating WildFly MicroProfile Config Subsystem
[0m[0m15:13:45,472 INFO  [org.wildfly.extension.microprofile.jwt.smallrye._private] (ServerService Thread Pool -- 64) WFLYJWT0001: Activating WildFly MicroProfile JWT Subsystem
[0m[0m15:13:45,474 INFO  [org.wildfly.extension.health] (ServerService Thread Pool -- 52) WFLYHEALTH0001: Activating Base Health Subsystem
[0m[0m15:13:45,476 INFO  [org.jboss.as.naming] (ServerService Thread Pool -- 66) WFLYNAM0001: Activating Naming Subsystem
[0m[0m15:13:45,477 INFO  [org.wildfly.extension.microprofile.opentracing] (ServerService Thread Pool -- 65) WFLYTRACEXT0001: Activating MicroProfile OpenTracing Subsystem
[0m[0m15:13:45,478 INFO  [org.wildfly.extension.metrics] (ServerService Thread Pool -- 62) WFLYMETRICS0001: Activating Base Metrics Subsystem
[0m[0m15:13:45,477 INFO  [org.jboss.as.jsf] (ServerService Thread Pool -- 60) WFLYJSF0007: Activated the following JSF Implementations: [main]
[0m[0m15:13:45,479 INFO  [org.jboss.as.connector] (MSC service thread 1-6) WFLYJCA0009: Starting JCA Subsystem (WildFly/IronJacamar @VERSION@)
[0m[0m15:13:45,481 INFO  [org.jboss.as.jaxrs] (ServerService Thread Pool -- 55) WFLYRS0016: RESTEasy version 3.14.0.Final
[0m[0m15:13:45,481 INFO  [org.wildfly.extension.io] (ServerService Thread Pool -- 54) WFLYIO001: Worker 'default' has auto-configured to 72 IO threads with 576 max task threads based on your 36 available processors
[0m[33m15:13:45,485 WARN  [org.jboss.as.txn] (ServerService Thread Pool -- 74) WFLYTX0013: The node-identifier attribute on the /subsystem=transactions is set to the default value. This is a danger for environments running multiple servers. Please make sure the attribute value is unique.
[0m[0m15:13:45,499 INFO  [org.jboss.as.security] (ServerService Thread Pool -- 72) WFLYSEC0002: Activating Security Subsystem
[0m[0m15:13:45,505 INFO  [org.jboss.as.connector.subsystems.datasources] (ServerService Thread Pool -- 44) WFLYJCA0004: Deploying JDBC-compliant driver class org.h2.Driver (version 1.4)
[0m[0m15:13:45,506 INFO  [org.jboss.as.security] (MSC service thread 1-5) WFLYSEC0001: Current PicketBox version=5.0.3.Final-redhat-00007
[0m[0m15:13:45,508 INFO  [org.jboss.as.connector.deployers.jdbc] (MSC service thread 1-8) WFLYJCA0018: Started Driver service with driver-name = h2
[0m[0m15:13:45,515 INFO  [org.jboss.as.webservices] (ServerService Thread Pool -- 76) WFLYWS0002: Activating WebServices Extension
[0m[0m15:13:45,559 INFO  [org.wildfly.extension.undertow] (MSC service thread 1-8) WFLYUT0003: Undertow 2.2.4.Final starting
[0m[0m15:13:45,562 INFO  [org.jboss.as.naming] (MSC service thread 1-4) WFLYNAM0003: Starting Naming Service
[0m[0m15:13:45,569 INFO  [org.jboss.remoting] (MSC service thread 1-1) JBoss Remoting version 5.0.20.Final
[0m[0m15:13:45,568 INFO  [org.jboss.as.mail.extension] (MSC service thread 1-4) WFLYMAIL0001: Bound mail session [java:jboss/mail/Default]
[0m[33m15:13:45,616 WARN  [org.wildfly.extension.elytron] (MSC service thread 1-4) WFLYELY00023: KeyStore file '/home/gabsko/breaking-updates/target/container/wildfly-22.0.1.Final/standalone/configuration/application.keystore' does not exist. Used blank.
[0m[33m15:13:45,631 WARN  [org.wildfly.extension.elytron] (MSC service thread 1-3) WFLYELY01084: KeyStore /home/gabsko/breaking-updates/target/container/wildfly-22.0.1.Final/standalone/configuration/application.keystore not found, it will be auto generated on first use with a self-signed certificate for host localhost
[0m[0m15:13:45,634 INFO  [org.wildfly.extension.undertow] (ServerService Thread Pool -- 75) WFLYUT0014: Creating file handler for path '/home/gabsko/breaking-updates/target/container/wildfly-22.0.1.Final/welcome-content' with options [directory-listing: 'false', follow-symlink: 'false', case-sensitive: 'true', safe-symlink-paths: '[]']
[0mWARNING: An illegal reflective access operation has occurred
WARNING: Illegal reflective access by org.wildfly.extension.elytron.SSLDefinitions (jar:file:/home/gabsko/breaking-updates/target/container/wildfly-22.0.1.Final/modules/system/layers/base/org/wildfly/extension/elytron/main/wildfly-elytron-integration-14.0.1.Final.jar!/) to method com.sun.net.ssl.internal.ssl.Provider.isFIPS()
WARNING: Please consider reporting this to the maintainers of org.wildfly.extension.elytron.SSLDefinitions
WARNING: Use --illegal-access=warn to enable warnings of further illegal reflective access operations
WARNING: All illegal access operations will be denied in a future release
[0m15:13:45,639 INFO  [org.jboss.as.ejb3] (MSC service thread 1-1) WFLYEJB0481: Strict pool slsb-strict-max-pool is using a max instance size of 576 (per class), which is derived from thread worker pool sizing.
[0m[0m15:13:45,639 INFO  [org.jboss.as.ejb3] (MSC service thread 1-7) WFLYEJB0482: Strict pool mdb-strict-max-pool is using a max instance size of 144 (per class), which is derived from the number of CPUs on this host.
[0m[0m15:13:45,650 INFO  [org.wildfly.extension.undertow] (MSC service thread 1-4) WFLYUT0012: Started server default-server.
[0m[0m15:13:45,675 INFO  [org.wildfly.extension.undertow] (MSC service thread 1-4) WFLYUT0018: Host default-host starting
[0m[0m15:13:45,715 INFO  [org.wildfly.extension.undertow] (MSC service thread 1-7) WFLYUT0006: Undertow HTTP listener default listening on 127.0.0.1:8080
[0m[0m15:13:45,775 INFO  [org.jboss.as.ejb3] (MSC service thread 1-8) WFLYEJB0493: EJB subsystem suspension complete
[0m[0m15:13:45,817 INFO  [org.jboss.as.connector.subsystems.datasources] (MSC service thread 1-1) WFLYJCA0001: Bound data source [java:jboss/datasources/ExampleDS]
[0m[0m15:13:45,894 INFO  [org.jboss.as.patching] (MSC service thread 1-1) WFLYPAT0050: WildFly Full cumulative patch ID is: base, one-off patches include: none
[0m[33m15:13:45,902 WARN  [org.jboss.as.domain.management.security] (MSC service thread 1-5) WFLYDM0111: Keystore /home/gabsko/breaking-updates/target/container/wildfly-22.0.1.Final/standalone/configuration/application.keystore not found, it will be auto generated on first use with a self signed certificate for host localhost
[0m[0m15:13:45,906 INFO  [org.jboss.as.server.deployment.scanner] (MSC service thread 1-5) WFLYDS0013: Started FileSystemDeploymentService for directory /home/gabsko/breaking-updates/target/container/wildfly-22.0.1.Final/standalone/deployments
[0m[0m15:13:45,933 INFO  [org.wildfly.extension.undertow] (MSC service thread 1-6) WFLYUT0006: Undertow HTTPS listener https listening on 127.0.0.1:8443
[0m[0m15:13:45,980 INFO  [org.jboss.ws.common.management] (MSC service thread 1-2) JBWS022052: Starting JBossWS 5.4.2.Final (Apache CXF 3.3.7) 
[0m[0m15:13:46,040 INFO  [org.jboss.as.server] (Controller Boot Thread) WFLYSRV0212: Resuming server
[0m[0m15:13:46,042 INFO  [org.jboss.as] (Controller Boot Thread) WFLYSRV0025: WildFly Full 22.0.1.Final (WildFly Core 14.0.1.Final) started in 2242ms - Started 318 of 557 services (345 services are lazy, passive or on-demand)
[0m[0m15:13:46,043 INFO  [org.jboss.as] (Controller Boot Thread) WFLYSRV0060: Http management interface listening on http://127.0.0.1:9990/management
[0m[0m15:13:46,043 INFO  [org.jboss.as] (Controller Boot Thread) WFLYSRV0051: Admin console listening on http://127.0.0.1:9990
[0mSLF4J: Failed to load class "org.slf4j.impl.StaticLoggerBinder".
SLF4J: Defaulting to no-operation (NOP) logger implementation
SLF4J: See http://www.slf4j.org/codes.html#StaticLoggerBinder for further details.
[0m15:13:46,888 INFO  [org.jboss.as.repository] (management-handler-thread - 1) WFLYDR0001: Content added at location /home/gabsko/breaking-updates/target/container/wildfly-22.0.1.Final/standalone/data/content/d5/52c0798036b2d2f6dd4252e88007b16436c58b/content
[0m[0m15:13:46,909 INFO  [org.jboss.as.server.deployment] (MSC service thread 1-2) WFLYSRV0027: Starting deployment of "test.war" (runtime-name: "test.war")
[0m[0m15:13:47,727 INFO  [org.infinispan.CONTAINER] (ServerService Thread Pool -- 78) ISPN000128: Infinispan version: Infinispan 'Corona Extra' 11.0.8.Final
[0m[0m15:13:47,761 INFO  [org.infinispan.CONFIG] (MSC service thread 1-4) ISPN000152: Passivation configured without an eviction policy being selected. Only manually evicted entities will be passivated.
[0m[0m15:13:47,763 INFO  [org.infinispan.CONFIG] (MSC service thread 1-4) ISPN000152: Passivation configured without an eviction policy being selected. Only manually evicted entities will be passivated.
[0m[0m15:13:47,836 INFO  [org.infinispan.PERSISTENCE] (ServerService Thread Pool -- 78) ISPN000556: Starting user marshaller 'org.wildfly.clustering.infinispan.spi.marshalling.InfinispanProtoStreamMarshaller'
[0m[0m15:13:47,962 INFO  [org.jboss.as.clustering.infinispan] (ServerService Thread Pool -- 78) WFLYCLINF0002: Started http-remoting-connector cache from ejb container
[0m[0m15:13:48,051 INFO  [io.undertow.servlet] (ServerService Thread Pool -- 31) Initializing Shiro environment
[0m[0m15:13:48,051 INFO  [org.apache.shiro.web.env.EnvironmentLoader] (ServerService Thread Pool -- 31) Starting Shiro environment initialization.
[0m[0m15:13:48,105 INFO  [org.apache.shiro.web.env.EnvironmentLoader] (ServerService Thread Pool -- 31) Shiro environment initialized in 54 ms.
[0m[0m15:13:48,118 INFO  [org.wildfly.extension.undertow] (ServerService Thread Pool -- 31) WFLYUT0021: Registered web context: '/test' for server 'default-server'
[0m[0m15:13:48,181 INFO  [org.jboss.as.server] (management-handler-thread - 1) WFLYSRV0010: Deployed "test.war" (runtime-name : "test.war")
[0m[0m15:13:48,874 INFO  [org.togglz.servlet.TogglzFilter] (default task-1) Togglz started
[0m[0m15:13:49,373 INFO  [org.wildfly.extension.undertow] (ServerService Thread Pool -- 31) WFLYUT0022: Unregistered web context: '/test' from server 'default-server'
[0m[0m15:13:49,380 INFO  [io.undertow.servlet] (ServerService Thread Pool -- 31) Cleaning up Shiro Environment
[0m[0m15:13:49,417 INFO  [org.jboss.as.server.deployment] (MSC service thread 1-3) WFLYSRV0028: Stopped deployment test.war (runtime-name: test.war) in 64ms
[0m[0m15:13:49,437 INFO  [org.jboss.as.repository] (management-handler-thread - 1) WFLYDR0002: Content removed from location /home/gabsko/breaking-updates/target/container/wildfly-22.0.1.Final/standalone/data/content/d5/52c0798036b2d2f6dd4252e88007b16436c58b/content
[0m[0m15:13:49,438 INFO  [org.jboss.as.server] (management-handler-thread - 1) WFLYSRV0009: Undeployed "test.war" (runtime-name: "test.war")
[0m[INFO] Tests run: 5, Failures: 0, Errors: 0, Skipped: 0, Time elapsed: 6.113 s - in org.togglz.shiro.test.ShiroUsersTest
[0m15:13:49,448 INFO  [org.jboss.as.server] (management-handler-thread - 1) WFLYSRV0272: Suspending server
[0m[0m15:13:49,450 INFO  [org.jboss.as.ejb3] (management-handler-thread - 1) WFLYEJB0493: EJB subsystem suspension complete
[0m[0m15:13:49,451 INFO  [org.jboss.as.server] (Management Triggered Shutdown) WFLYSRV0241: Shutting down in response to management operation 'shutdown'
[0m[0m15:13:49,464 INFO  [org.wildfly.extension.undertow] (MSC service thread 1-6) WFLYUT0019: Host default-host stopping
[0m[0m15:13:49,467 INFO  [org.wildfly.extension.undertow] (MSC service thread 1-5) WFLYUT0008: Undertow HTTPS listener https suspending
[0m[0m15:13:49,468 INFO  [org.wildfly.extension.undertow] (MSC service thread 1-5) WFLYUT0007: Undertow HTTPS listener https stopped, was bound to 127.0.0.1:8443
[0m[0m15:13:49,472 INFO  [org.jboss.as.connector.subsystems.datasources] (MSC service thread 1-5) WFLYJCA0010: Unbound data source [java:jboss/datasources/ExampleDS]
[0m[0m15:13:49,478 INFO  [org.jboss.as.mail.extension] (MSC service thread 1-8) WFLYMAIL0002: Unbound mail session [java:jboss/mail/Default]
[0m[0m15:13:49,486 INFO  [org.jboss.as.connector.deployers.jdbc] (MSC service thread 1-5) WFLYJCA0019: Stopped Driver service with driver-name = h2
[0m[0m15:13:49,488 INFO  [org.wildfly.extension.undertow] (MSC service thread 1-5) WFLYUT0008: Undertow HTTP listener default suspending
[0m[0m15:13:49,489 INFO  [org.wildfly.extension.undertow] (MSC service thread 1-5) WFLYUT0007: Undertow HTTP listener default stopped, was bound to 127.0.0.1:8080
[0m[0m15:13:49,492 INFO  [org.jboss.as.clustering.infinispan] (ServerService Thread Pool -- 28) WFLYCLINF0003: Stopped http-remoting-connector cache from ejb container
[0m[0m15:13:49,492 INFO  [org.wildfly.extension.undertow] (MSC service thread 1-6) WFLYUT0004: Undertow 2.2.4.Final stopping
[0m[0m15:13:49,497 INFO  [org.infinispan.manager.DefaultCacheManager] (ServerService Thread Pool -- 28) Stopping cache manager null on null
[0m[0m15:13:49,511 INFO  [org.jboss.as] (MSC service thread 1-6) WFLYSRV0050: WildFly Full 22.0.1.Final (WildFly Core 14.0.1.Final) stopped in 50ms
[0m[INFO] 
[INFO] Results:
[INFO] 
[INFO] Tests run: 5, Failures: 0, Errors: 0, Skipped: 0
[INFO] 
[INFO] 
[INFO] --------------------< org.togglz:togglz-appengine >---------------------
[INFO] Building Togglz - Google App Engine Integration 2.9.8-SNAPSHOT   [16/29]
[INFO] --------------------------------[ jar ]---------------------------------
[INFO] 
[INFO] --- maven-clean-plugin:2.5:clean (default-clean) @ togglz-appengine ---
[INFO] Deleting /home/gabsko/breaking-updates/appengine/target
[INFO] 
[INFO] --- maven-enforcer-plugin:1.0:enforce (enforce-maven) @ togglz-appengine ---
[INFO] 
[INFO] --- maven-resources-plugin:2.6:resources (default-resources) @ togglz-appengine ---
[INFO] Using 'UTF-8' encoding to copy filtered resources.
[INFO] skip non existing resourceDirectory /home/gabsko/breaking-updates/appengine/src/main/resources
[INFO] 
[INFO] --- maven-compiler-plugin:3.8.1:compile (default-compile) @ togglz-appengine ---
[INFO] Changes detected - recompiling the module!
[INFO] Compiling 5 source files to /home/gabsko/breaking-updates/appengine/target/classes
[INFO] 
[INFO] --- maven-resources-plugin:2.6:testResources (default-testResources) @ togglz-appengine ---
[INFO] Using 'UTF-8' encoding to copy filtered resources.
[INFO] skip non existing resourceDirectory /home/gabsko/breaking-updates/appengine/src/test/resources
[INFO] 
[INFO] --- maven-compiler-plugin:3.8.1:testCompile (default-testCompile) @ togglz-appengine ---
[INFO] Changes detected - recompiling the module!
[INFO] Compiling 6 source files to /home/gabsko/breaking-updates/appengine/target/test-classes
[INFO] /home/gabsko/breaking-updates/appengine/src/test/java/org/togglz/appengine/repository/FixedNamespaceStateRepositoryTest.java: /home/gabsko/breaking-updates/appengine/src/test/java/org/togglz/appengine/repository/FixedNamespaceStateRepositoryTest.java uses or overrides a deprecated API.
[INFO] /home/gabsko/breaking-updates/appengine/src/test/java/org/togglz/appengine/repository/FixedNamespaceStateRepositoryTest.java: Recompile with -Xlint:deprecation for details.
[INFO] 
[INFO] --- maven-surefire-plugin:2.22.2:test (default-test) @ togglz-appengine ---
[INFO] 
[INFO] -------------------------------------------------------
[INFO]  T E S T S
[INFO] -------------------------------------------------------
[INFO] Running org.togglz.appengine.user.UserServiceUserProviderTest
[INFO] Tests run: 3, Failures: 0, Errors: 0, Skipped: 0, Time elapsed: 0.099 s - in org.togglz.appengine.user.UserServiceUserProviderTest
[INFO] Running org.togglz.appengine.repository.DatastoreStateRepositoryTest
Feb 07, 2023 3:13:51 PM com.google.appengine.api.datastore.dev.LocalDatastoreService init
INFO: Local Datastore initialized: 
	Type: High Replication
	Storage: In-memory
Feb 07, 2023 3:13:51 PM com.google.appengine.api.datastore.dev.LocalDatastoreService init
INFO: Local Datastore initialized: 
	Type: High Replication
	Storage: In-memory
Feb 07, 2023 3:13:51 PM com.google.appengine.api.datastore.dev.LocalDatastoreService init
INFO: Local Datastore initialized: 
	Type: High Replication
	Storage: In-memory
Feb 07, 2023 3:13:51 PM com.google.appengine.api.datastore.dev.LocalDatastoreService init
INFO: Local Datastore initialized: 
	Type: High Replication
	Storage: In-memory
Feb 07, 2023 3:13:51 PM com.google.appengine.api.datastore.dev.LocalDatastoreService init
INFO: Local Datastore initialized: 
	Type: High Replication
	Storage: In-memory
Feb 07, 2023 3:13:51 PM com.google.appengine.api.datastore.dev.LocalDatastoreService init
INFO: Local Datastore initialized: 
	Type: High Replication
	Storage: In-memory
Feb 07, 2023 3:13:51 PM com.google.appengine.api.datastore.dev.LocalDatastoreService init
INFO: Local Datastore initialized: 
	Type: High Replication
	Storage: In-memory
Feb 07, 2023 3:13:51 PM com.google.appengine.api.datastore.dev.LocalDatastoreService init
INFO: Local Datastore initialized: 
	Type: High Replication
	Storage: In-memory
Feb 07, 2023 3:13:51 PM com.google.appengine.api.datastore.dev.LocalDatastoreService init
INFO: Local Datastore initialized: 
	Type: High Replication
	Storage: In-memory
Feb 07, 2023 3:13:51 PM com.google.appengine.api.datastore.dev.LocalDatastoreService init
INFO: Local Datastore initialized: 
	Type: High Replication
	Storage: In-memory
[INFO] Tests run: 10, Failures: 0, Errors: 0, Skipped: 0, Time elapsed: 0.659 s - in org.togglz.appengine.repository.DatastoreStateRepositoryTest
[INFO] Running org.togglz.appengine.repository.MemcacheStateRepositoryTest
[INFO] Tests run: 4, Failures: 0, Errors: 0, Skipped: 0, Time elapsed: 0.557 s - in org.togglz.appengine.repository.MemcacheStateRepositoryTest
[INFO] Running org.togglz.appengine.repository.FixedNamespaceStateRepositoryTest
Feb 07, 2023 3:13:52 PM com.google.appengine.api.datastore.dev.LocalDatastoreService init
INFO: Local Datastore initialized: 
	Type: Master/Slave
	Storage: In-memory
Feb 07, 2023 3:13:52 PM com.google.appengine.api.datastore.dev.LocalDatastoreService init
INFO: Local Datastore initialized: 
	Type: Master/Slave
	Storage: In-memory
Feb 07, 2023 3:13:52 PM com.google.appengine.api.datastore.dev.LocalDatastoreService init
INFO: Local Datastore initialized: 
	Type: Master/Slave
	Storage: In-memory
Feb 07, 2023 3:13:52 PM com.google.appengine.api.datastore.dev.LocalDatastoreService init
INFO: Local Datastore initialized: 
	Type: Master/Slave
	Storage: In-memory
Feb 07, 2023 3:13:52 PM com.google.appengine.api.datastore.dev.LocalDatastoreService init
INFO: Local Datastore initialized: 
	Type: Master/Slave
	Storage: In-memory
Feb 07, 2023 3:13:52 PM com.google.appengine.api.datastore.dev.LocalDatastoreService init
INFO: Local Datastore initialized: 
	Type: Master/Slave
	Storage: In-memory
Feb 07, 2023 3:13:52 PM com.google.appengine.api.datastore.dev.LocalDatastoreService init
INFO: Local Datastore initialized: 
	Type: Master/Slave
	Storage: In-memory
Feb 07, 2023 3:13:52 PM com.google.appengine.api.datastore.dev.LocalDatastoreService init
INFO: Local Datastore initialized: 
	Type: Master/Slave
	Storage: In-memory
[INFO] Tests run: 8, Failures: 0, Errors: 0, Skipped: 0, Time elapsed: 0.035 s - in org.togglz.appengine.repository.FixedNamespaceStateRepositoryTest
[INFO] Running org.togglz.appengine.activation.ApplicationVersionActivationStrategyTest
[INFO] Tests run: 6, Failures: 0, Errors: 0, Skipped: 0, Time elapsed: 0.001 s - in org.togglz.appengine.activation.ApplicationVersionActivationStrategyTest
Feb 07, 2023 3:13:52 PM com.google.appengine.api.datastore.dev.LocalDatastoreService cleanupActiveServices
INFO: scheduler shutting down.
[INFO] 
[INFO] Results:
[INFO] 
[INFO] Tests run: 31, Failures: 0, Errors: 0, Skipped: 0
[INFO] 
[INFO] 
[INFO] -----------------< org.togglz:togglz-cloud-datastore >------------------
[INFO] Building Togglz - Google Cloud Datastore Integration 2.9.8-SNAPSHOT [17/29]
[INFO] --------------------------------[ jar ]---------------------------------
[INFO] 
[INFO] --- maven-clean-plugin:2.5:clean (default-clean) @ togglz-cloud-datastore ---
[INFO] Deleting /home/gabsko/breaking-updates/cloud-datastore/target
[INFO] 
[INFO] --- maven-enforcer-plugin:1.0:enforce (enforce-maven) @ togglz-cloud-datastore ---
[INFO] 
[INFO] --- maven-resources-plugin:2.6:resources (default-resources) @ togglz-cloud-datastore ---
[INFO] Using 'UTF-8' encoding to copy filtered resources.
[INFO] skip non existing resourceDirectory /home/gabsko/breaking-updates/cloud-datastore/src/main/resources
[INFO] 
[INFO] --- maven-compiler-plugin:3.8.1:compile (default-compile) @ togglz-cloud-datastore ---
[INFO] Changes detected - recompiling the module!
[INFO] Compiling 2 source files to /home/gabsko/breaking-updates/cloud-datastore/target/classes
[INFO] 
[INFO] --- maven-resources-plugin:2.6:testResources (default-testResources) @ togglz-cloud-datastore ---
[INFO] Using 'UTF-8' encoding to copy filtered resources.
[INFO] skip non existing resourceDirectory /home/gabsko/breaking-updates/cloud-datastore/src/test/resources
[INFO] 
[INFO] --- maven-compiler-plugin:3.8.1:testCompile (default-testCompile) @ togglz-cloud-datastore ---
[INFO] Changes detected - recompiling the module!
[INFO] Compiling 1 source file to /home/gabsko/breaking-updates/cloud-datastore/target/test-classes
[INFO] 
[INFO] --- maven-surefire-plugin:2.22.2:test (default-test) @ togglz-cloud-datastore ---
[INFO] 
[INFO] ---------------------< org.togglz:togglz-mongodb >----------------------
[INFO] Building Togglz - MongoDB integration 2.9.8-SNAPSHOT             [18/29]
[INFO] --------------------------------[ jar ]---------------------------------
[INFO] 
[INFO] --- maven-clean-plugin:2.5:clean (default-clean) @ togglz-mongodb ---
[INFO] Deleting /home/gabsko/breaking-updates/mongodb/target
[INFO] 
[INFO] --- maven-enforcer-plugin:1.0:enforce (enforce-maven) @ togglz-mongodb ---
[INFO] 
[INFO] --- maven-resources-plugin:2.6:resources (default-resources) @ togglz-mongodb ---
[INFO] Using 'UTF-8' encoding to copy filtered resources.
[INFO] skip non existing resourceDirectory /home/gabsko/breaking-updates/mongodb/src/main/resources
[INFO] 
[INFO] --- maven-compiler-plugin:3.8.1:compile (default-compile) @ togglz-mongodb ---
[INFO] Changes detected - recompiling the module!
[INFO] Compiling 1 source file to /home/gabsko/breaking-updates/mongodb/target/classes
[INFO] /home/gabsko/breaking-updates/mongodb/src/main/java/org/togglz/mongodb/MongoStateRepository.java: /home/gabsko/breaking-updates/mongodb/src/main/java/org/togglz/mongodb/MongoStateRepository.java uses unchecked or unsafe operations.
[INFO] /home/gabsko/breaking-updates/mongodb/src/main/java/org/togglz/mongodb/MongoStateRepository.java: Recompile with -Xlint:unchecked for details.
[INFO] 
[INFO] --- maven-resources-plugin:2.6:testResources (default-testResources) @ togglz-mongodb ---
[INFO] Using 'UTF-8' encoding to copy filtered resources.
[INFO] skip non existing resourceDirectory /home/gabsko/breaking-updates/mongodb/src/test/resources
[INFO] 
[INFO] --- maven-compiler-plugin:3.8.1:testCompile (default-testCompile) @ togglz-mongodb ---
[INFO] Changes detected - recompiling the module!
[INFO] Compiling 1 source file to /home/gabsko/breaking-updates/mongodb/target/test-classes
[INFO] 
[INFO] --- maven-surefire-plugin:2.22.2:test (default-test) @ togglz-mongodb ---
[INFO] 
[INFO] -------------------------------------------------------
[INFO]  T E S T S
[INFO] -------------------------------------------------------
[INFO] Running org.togglz.mongodb.MongoStateRepositoryTest
15:13:53.582 [main] DEBUG org.testcontainers.utility.TestcontainersConfiguration - Testcontainers configuration overrides will be loaded from file:/home/gabsko/.testcontainers.properties
15:13:53.593 [main] WARN org.testcontainers.utility.TestcontainersConfiguration - Attempted to read Testcontainers configuration file at file:/home/gabsko/.testcontainers.properties but the file was not found. Exception message: FileNotFoundException: /home/gabsko/.testcontainers.properties (No such file or directory)
15:13:53.603 [main] INFO org.testcontainers.dockerclient.DockerMachineClientProviderStrategy - docker-machine executable was not found on PATH ([/home/gabsko/apache-maven-3.8.6/bin, /usr/local/sbin, /usr/local/bin, /usr/sbin, /usr/bin, /sbin, /bin, /usr/games, /usr/local/games, /snap/bin])
15:13:53.603 [main] DEBUG org.testcontainers.dockerclient.RootlessDockerClientProviderStrategy - $XDG_RUNTIME_DIR is set but '/run/user/1021/docker.sock' does not exist.
15:13:53.604 [main] DEBUG org.testcontainers.dockerclient.RootlessDockerClientProviderStrategy - '/home/gabsko/.docker/run' does not exist.
15:13:53.640 [main] DEBUG org.testcontainers.dockerclient.RootlessDockerClientProviderStrategy - '/run/user/1021/docker.sock' does not exist.
Feb 07, 2023 3:13:53 PM org.jboss.logmanager.JBossLoggerFinder getLogger
ERROR: The LogManager accessed before the "java.util.logging.manager" system property was set to "org.jboss.logmanager.LogManager". Results may be unexpected.
15:13:53.909 [ducttape-0] DEBUG org.testcontainers.dockerclient.DockerClientProviderStrategy - Pinging docker daemon...
15:13:53.934 [ducttape-0] DEBUG org.testcontainers.shaded.com.github.dockerjava.core.command.AbstrDockerCmd - Cmd: 
15:13:54.064 [ducttape-0] DEBUG org.testcontainers.dockerclient.DockerClientProviderStrategy - Pinging docker daemon...
15:13:54.064 [ducttape-0] DEBUG org.testcontainers.shaded.com.github.dockerjava.core.command.AbstrDockerCmd - Cmd: 
15:13:54.166 [ducttape-0] DEBUG org.testcontainers.dockerclient.DockerClientProviderStrategy - Pinging docker daemon...
15:13:54.166 [ducttape-0] DEBUG org.testcontainers.shaded.com.github.dockerjava.core.command.AbstrDockerCmd - Cmd: 
15:13:54.268 [ducttape-0] DEBUG org.testcontainers.dockerclient.DockerClientProviderStrategy - Pinging docker daemon...
15:13:54.268 [ducttape-0] DEBUG org.testcontainers.shaded.com.github.dockerjava.core.command.AbstrDockerCmd - Cmd: 
15:13:54.370 [ducttape-0] DEBUG org.testcontainers.dockerclient.DockerClientProviderStrategy - Pinging docker daemon...
15:13:54.370 [ducttape-0] DEBUG org.testcontainers.shaded.com.github.dockerjava.core.command.AbstrDockerCmd - Cmd: 
15:13:54.472 [ducttape-0] DEBUG org.testcontainers.dockerclient.DockerClientProviderStrategy - Pinging docker daemon...
15:13:54.472 [ducttape-0] DEBUG org.testcontainers.shaded.com.github.dockerjava.core.command.AbstrDockerCmd - Cmd: 
15:13:54.574 [ducttape-0] DEBUG org.testcontainers.dockerclient.DockerClientProviderStrategy - Pinging docker daemon...
15:13:54.574 [ducttape-0] DEBUG org.testcontainers.shaded.com.github.dockerjava.core.command.AbstrDockerCmd - Cmd: 
15:13:54.676 [ducttape-0] DEBUG org.testcontainers.dockerclient.DockerClientProviderStrategy - Pinging docker daemon...
15:13:54.676 [ducttape-0] DEBUG org.testcontainers.shaded.com.github.dockerjava.core.command.AbstrDockerCmd - Cmd: 
15:13:54.777 [ducttape-0] DEBUG org.testcontainers.dockerclient.DockerClientProviderStrategy - Pinging docker daemon...
15:13:54.778 [ducttape-0] DEBUG org.testcontainers.shaded.com.github.dockerjava.core.command.AbstrDockerCmd - Cmd: 
15:13:54.879 [ducttape-0] DEBUG org.testcontainers.dockerclient.DockerClientProviderStrategy - Pinging docker daemon...
15:13:54.880 [ducttape-0] DEBUG org.testcontainers.shaded.com.github.dockerjava.core.command.AbstrDockerCmd - Cmd: 
15:13:54.981 [ducttape-0] DEBUG org.testcontainers.dockerclient.DockerClientProviderStrategy - Pinging docker daemon...
15:13:54.982 [ducttape-0] DEBUG org.testcontainers.shaded.com.github.dockerjava.core.command.AbstrDockerCmd - Cmd: 
15:13:55.083 [ducttape-0] DEBUG org.testcontainers.dockerclient.DockerClientProviderStrategy - Pinging docker daemon...
15:13:55.084 [ducttape-0] DEBUG org.testcontainers.shaded.com.github.dockerjava.core.command.AbstrDockerCmd - Cmd: 
15:13:55.185 [ducttape-0] DEBUG org.testcontainers.dockerclient.DockerClientProviderStrategy - Pinging docker daemon...
15:13:55.186 [ducttape-0] DEBUG org.testcontainers.shaded.com.github.dockerjava.core.command.AbstrDockerCmd - Cmd: 
15:13:55.287 [ducttape-0] DEBUG org.testcontainers.dockerclient.DockerClientProviderStrategy - Pinging docker daemon...
15:13:55.287 [ducttape-0] DEBUG org.testcontainers.shaded.com.github.dockerjava.core.command.AbstrDockerCmd - Cmd: 
15:13:55.389 [ducttape-0] DEBUG org.testcontainers.dockerclient.DockerClientProviderStrategy - Pinging docker daemon...
15:13:55.389 [ducttape-0] DEBUG org.testcontainers.shaded.com.github.dockerjava.core.command.AbstrDockerCmd - Cmd: 
15:13:55.491 [ducttape-0] DEBUG org.testcontainers.dockerclient.DockerClientProviderStrategy - Pinging docker daemon...
15:13:55.491 [ducttape-0] DEBUG org.testcontainers.shaded.com.github.dockerjava.core.command.AbstrDockerCmd - Cmd: 
15:13:55.593 [ducttape-0] DEBUG org.testcontainers.dockerclient.DockerClientProviderStrategy - Pinging docker daemon...
15:13:55.593 [ducttape-0] DEBUG org.testcontainers.shaded.com.github.dockerjava.core.command.AbstrDockerCmd - Cmd: 
15:13:55.695 [ducttape-0] DEBUG org.testcontainers.dockerclient.DockerClientProviderStrategy - Pinging docker daemon...
15:13:55.695 [ducttape-0] DEBUG org.testcontainers.shaded.com.github.dockerjava.core.command.AbstrDockerCmd - Cmd: 
15:13:55.797 [ducttape-0] DEBUG org.testcontainers.dockerclient.DockerClientProviderStrategy - Pinging docker daemon...
15:13:55.797 [ducttape-0] DEBUG org.testcontainers.shaded.com.github.dockerjava.core.command.AbstrDockerCmd - Cmd: 
15:13:55.899 [ducttape-0] DEBUG org.testcontainers.dockerclient.DockerClientProviderStrategy - Pinging docker daemon...
15:13:55.899 [ducttape-0] DEBUG org.testcontainers.shaded.com.github.dockerjava.core.command.AbstrDockerCmd - Cmd: 
15:13:56.001 [ducttape-0] DEBUG org.testcontainers.dockerclient.DockerClientProviderStrategy - Pinging docker daemon...
15:13:56.001 [ducttape-0] DEBUG org.testcontainers.shaded.com.github.dockerjava.core.command.AbstrDockerCmd - Cmd: 
15:13:56.103 [ducttape-0] DEBUG org.testcontainers.dockerclient.DockerClientProviderStrategy - Pinging docker daemon...
15:13:56.103 [ducttape-0] DEBUG org.testcontainers.shaded.com.github.dockerjava.core.command.AbstrDockerCmd - Cmd: 
15:13:56.205 [ducttape-0] DEBUG org.testcontainers.dockerclient.DockerClientProviderStrategy - Pinging docker daemon...
15:13:56.205 [ducttape-0] DEBUG org.testcontainers.shaded.com.github.dockerjava.core.command.AbstrDockerCmd - Cmd: 
15:13:56.306 [ducttape-0] DEBUG org.testcontainers.dockerclient.DockerClientProviderStrategy - Pinging docker daemon...
15:13:56.307 [ducttape-0] DEBUG org.testcontainers.shaded.com.github.dockerjava.core.command.AbstrDockerCmd - Cmd: 
15:13:56.409 [ducttape-0] DEBUG org.testcontainers.dockerclient.DockerClientProviderStrategy - Pinging docker daemon...
15:13:56.409 [ducttape-0] DEBUG org.testcontainers.shaded.com.github.dockerjava.core.command.AbstrDockerCmd - Cmd: 
15:13:56.512 [ducttape-0] DEBUG org.testcontainers.dockerclient.DockerClientProviderStrategy - Pinging docker daemon...
15:13:56.512 [ducttape-0] DEBUG org.testcontainers.shaded.com.github.dockerjava.core.command.AbstrDockerCmd - Cmd: 
15:13:56.613 [ducttape-0] DEBUG org.testcontainers.dockerclient.DockerClientProviderStrategy - Pinging docker daemon...
15:13:56.614 [ducttape-0] DEBUG org.testcontainers.shaded.com.github.dockerjava.core.command.AbstrDockerCmd - Cmd: 
15:13:56.715 [ducttape-0] DEBUG org.testcontainers.dockerclient.DockerClientProviderStrategy - Pinging docker daemon...
15:13:56.716 [ducttape-0] DEBUG org.testcontainers.shaded.com.github.dockerjava.core.command.AbstrDockerCmd - Cmd: 
15:13:56.817 [ducttape-0] DEBUG org.testcontainers.dockerclient.DockerClientProviderStrategy - Pinging docker daemon...
15:13:56.818 [ducttape-0] DEBUG org.testcontainers.shaded.com.github.dockerjava.core.command.AbstrDockerCmd - Cmd: 
15:13:56.920 [ducttape-0] DEBUG org.testcontainers.dockerclient.DockerClientProviderStrategy - Pinging docker daemon...
15:13:56.920 [ducttape-0] DEBUG org.testcontainers.shaded.com.github.dockerjava.core.command.AbstrDockerCmd - Cmd: 
15:13:57.022 [ducttape-0] DEBUG org.testcontainers.dockerclient.DockerClientProviderStrategy - Pinging docker daemon...
15:13:57.022 [ducttape-0] DEBUG org.testcontainers.shaded.com.github.dockerjava.core.command.AbstrDockerCmd - Cmd: 
15:13:57.124 [ducttape-0] DEBUG org.testcontainers.dockerclient.DockerClientProviderStrategy - Pinging docker daemon...
15:13:57.124 [ducttape-0] DEBUG org.testcontainers.shaded.com.github.dockerjava.core.command.AbstrDockerCmd - Cmd: 
15:13:57.226 [ducttape-0] DEBUG org.testcontainers.dockerclient.DockerClientProviderStrategy - Pinging docker daemon...
15:13:57.226 [ducttape-0] DEBUG org.testcontainers.shaded.com.github.dockerjava.core.command.AbstrDockerCmd - Cmd: 
15:13:57.328 [ducttape-0] DEBUG org.testcontainers.dockerclient.DockerClientProviderStrategy - Pinging docker daemon...
15:13:57.328 [ducttape-0] DEBUG org.testcontainers.shaded.com.github.dockerjava.core.command.AbstrDockerCmd - Cmd: 
15:13:57.430 [ducttape-0] DEBUG org.testcontainers.dockerclient.DockerClientProviderStrategy - Pinging docker daemon...
15:13:57.430 [ducttape-0] DEBUG org.testcontainers.shaded.com.github.dockerjava.core.command.AbstrDockerCmd - Cmd: 
15:13:57.532 [ducttape-0] DEBUG org.testcontainers.dockerclient.DockerClientProviderStrategy - Pinging docker daemon...
15:13:57.532 [ducttape-0] DEBUG org.testcontainers.shaded.com.github.dockerjava.core.command.AbstrDockerCmd - Cmd: 
15:13:57.634 [ducttape-0] DEBUG org.testcontainers.dockerclient.DockerClientProviderStrategy - Pinging docker daemon...
15:13:57.634 [ducttape-0] DEBUG org.testcontainers.shaded.com.github.dockerjava.core.command.AbstrDockerCmd - Cmd: 
15:13:57.736 [ducttape-0] DEBUG org.testcontainers.dockerclient.DockerClientProviderStrategy - Pinging docker daemon...
15:13:57.736 [ducttape-0] DEBUG org.testcontainers.shaded.com.github.dockerjava.core.command.AbstrDockerCmd - Cmd: 
15:13:57.837 [ducttape-0] DEBUG org.testcontainers.dockerclient.DockerClientProviderStrategy - Pinging docker daemon...
15:13:57.838 [ducttape-0] DEBUG org.testcontainers.shaded.com.github.dockerjava.core.command.AbstrDockerCmd - Cmd: 
15:13:57.939 [ducttape-0] DEBUG org.testcontainers.dockerclient.DockerClientProviderStrategy - Pinging docker daemon...
15:13:57.940 [ducttape-0] DEBUG org.testcontainers.shaded.com.github.dockerjava.core.command.AbstrDockerCmd - Cmd: 
15:13:58.041 [ducttape-0] DEBUG org.testcontainers.dockerclient.DockerClientProviderStrategy - Pinging docker daemon...
15:13:58.042 [ducttape-0] DEBUG org.testcontainers.shaded.com.github.dockerjava.core.command.AbstrDockerCmd - Cmd: 
15:13:58.143 [ducttape-0] DEBUG org.testcontainers.dockerclient.DockerClientProviderStrategy - Pinging docker daemon...
15:13:58.144 [ducttape-0] DEBUG org.testcontainers.shaded.com.github.dockerjava.core.command.AbstrDockerCmd - Cmd: 
15:13:58.245 [ducttape-0] DEBUG org.testcontainers.dockerclient.DockerClientProviderStrategy - Pinging docker daemon...
15:13:58.245 [ducttape-0] DEBUG org.testcontainers.shaded.com.github.dockerjava.core.command.AbstrDockerCmd - Cmd: 
15:13:58.346 [ducttape-0] DEBUG org.testcontainers.dockerclient.DockerClientProviderStrategy - Pinging docker daemon...
15:13:58.347 [ducttape-0] DEBUG org.testcontainers.shaded.com.github.dockerjava.core.command.AbstrDockerCmd - Cmd: 
15:13:58.448 [ducttape-0] DEBUG org.testcontainers.dockerclient.DockerClientProviderStrategy - Pinging docker daemon...
15:13:58.449 [ducttape-0] DEBUG org.testcontainers.shaded.com.github.dockerjava.core.command.AbstrDockerCmd - Cmd: 
15:13:58.550 [ducttape-0] DEBUG org.testcontainers.dockerclient.DockerClientProviderStrategy - Pinging docker daemon...
15:13:58.550 [ducttape-0] DEBUG org.testcontainers.shaded.com.github.dockerjava.core.command.AbstrDockerCmd - Cmd: 
15:13:58.652 [ducttape-0] DEBUG org.testcontainers.dockerclient.DockerClientProviderStrategy - Pinging docker daemon...
15:13:58.652 [ducttape-0] DEBUG org.testcontainers.shaded.com.github.dockerjava.core.command.AbstrDockerCmd - Cmd: 
15:13:58.754 [ducttape-0] DEBUG org.testcontainers.dockerclient.DockerClientProviderStrategy - Pinging docker daemon...
15:13:58.754 [ducttape-0] DEBUG org.testcontainers.shaded.com.github.dockerjava.core.command.AbstrDockerCmd - Cmd: 
15:13:58.856 [ducttape-0] DEBUG org.testcontainers.dockerclient.DockerClientProviderStrategy - Pinging docker daemon...
15:13:58.856 [ducttape-0] DEBUG org.testcontainers.shaded.com.github.dockerjava.core.command.AbstrDockerCmd - Cmd: 
15:13:58.957 [ducttape-0] DEBUG org.testcontainers.dockerclient.DockerClientProviderStrategy - Pinging docker daemon...
15:13:58.958 [ducttape-0] DEBUG org.testcontainers.shaded.com.github.dockerjava.core.command.AbstrDockerCmd - Cmd: 
15:13:59.059 [ducttape-0] DEBUG org.testcontainers.dockerclient.DockerClientProviderStrategy - Pinging docker daemon...
15:13:59.059 [ducttape-0] DEBUG org.testcontainers.shaded.com.github.dockerjava.core.command.AbstrDockerCmd - Cmd: 
15:13:59.161 [ducttape-0] DEBUG org.testcontainers.dockerclient.DockerClientProviderStrategy - Pinging docker daemon...
15:13:59.161 [ducttape-0] DEBUG org.testcontainers.shaded.com.github.dockerjava.core.command.AbstrDockerCmd - Cmd: 
15:13:59.263 [ducttape-0] DEBUG org.testcontainers.dockerclient.DockerClientProviderStrategy - Pinging docker daemon...
15:13:59.263 [ducttape-0] DEBUG org.testcontainers.shaded.com.github.dockerjava.core.command.AbstrDockerCmd - Cmd: 
15:13:59.365 [ducttape-0] DEBUG org.testcontainers.dockerclient.DockerClientProviderStrategy - Pinging docker daemon...
15:13:59.365 [ducttape-0] DEBUG org.testcontainers.shaded.com.github.dockerjava.core.command.AbstrDockerCmd - Cmd: 
15:13:59.466 [ducttape-0] DEBUG org.testcontainers.dockerclient.DockerClientProviderStrategy - Pinging docker daemon...
15:13:59.466 [ducttape-0] DEBUG org.testcontainers.shaded.com.github.dockerjava.core.command.AbstrDockerCmd - Cmd: 
15:13:59.568 [ducttape-0] DEBUG org.testcontainers.dockerclient.DockerClientProviderStrategy - Pinging docker daemon...
15:13:59.568 [ducttape-0] DEBUG org.testcontainers.shaded.com.github.dockerjava.core.command.AbstrDockerCmd - Cmd: 
15:13:59.669 [ducttape-0] DEBUG org.testcontainers.dockerclient.DockerClientProviderStrategy - Pinging docker daemon...
15:13:59.670 [ducttape-0] DEBUG org.testcontainers.shaded.com.github.dockerjava.core.command.AbstrDockerCmd - Cmd: 
15:13:59.771 [ducttape-0] DEBUG org.testcontainers.dockerclient.DockerClientProviderStrategy - Pinging docker daemon...
15:13:59.771 [ducttape-0] DEBUG org.testcontainers.shaded.com.github.dockerjava.core.command.AbstrDockerCmd - Cmd: 
15:13:59.873 [ducttape-0] DEBUG org.testcontainers.dockerclient.DockerClientProviderStrategy - Pinging docker daemon...
15:13:59.873 [ducttape-0] DEBUG org.testcontainers.shaded.com.github.dockerjava.core.command.AbstrDockerCmd - Cmd: 
15:13:59.974 [ducttape-0] DEBUG org.testcontainers.dockerclient.DockerClientProviderStrategy - Pinging docker daemon...
15:13:59.975 [ducttape-0] DEBUG org.testcontainers.shaded.com.github.dockerjava.core.command.AbstrDockerCmd - Cmd: 
15:14:00.077 [ducttape-0] DEBUG org.testcontainers.dockerclient.DockerClientProviderStrategy - Pinging docker daemon...
15:14:00.078 [ducttape-0] DEBUG org.testcontainers.shaded.com.github.dockerjava.core.command.AbstrDockerCmd - Cmd: 
15:14:00.179 [ducttape-0] DEBUG org.testcontainers.dockerclient.DockerClientProviderStrategy - Pinging docker daemon...
15:14:00.179 [ducttape-0] DEBUG org.testcontainers.shaded.com.github.dockerjava.core.command.AbstrDockerCmd - Cmd: 
15:14:00.280 [ducttape-0] DEBUG org.testcontainers.dockerclient.DockerClientProviderStrategy - Pinging docker daemon...
15:14:00.280 [ducttape-0] DEBUG org.testcontainers.shaded.com.github.dockerjava.core.command.AbstrDockerCmd - Cmd: 
15:14:00.381 [ducttape-0] DEBUG org.testcontainers.dockerclient.DockerClientProviderStrategy - Pinging docker daemon...
15:14:00.381 [ducttape-0] DEBUG org.testcontainers.shaded.com.github.dockerjava.core.command.AbstrDockerCmd - Cmd: 
15:14:00.483 [ducttape-0] DEBUG org.testcontainers.dockerclient.DockerClientProviderStrategy - Pinging docker daemon...
15:14:00.483 [ducttape-0] DEBUG org.testcontainers.shaded.com.github.dockerjava.core.command.AbstrDockerCmd - Cmd: 
15:14:00.584 [ducttape-0] DEBUG org.testcontainers.dockerclient.DockerClientProviderStrategy - Pinging docker daemon...
15:14:00.585 [ducttape-0] DEBUG org.testcontainers.shaded.com.github.dockerjava.core.command.AbstrDockerCmd - Cmd: 
15:14:00.686 [ducttape-0] DEBUG org.testcontainers.dockerclient.DockerClientProviderStrategy - Pinging docker daemon...
15:14:00.686 [ducttape-0] DEBUG org.testcontainers.shaded.com.github.dockerjava.core.command.AbstrDockerCmd - Cmd: 
15:14:00.788 [ducttape-0] DEBUG org.testcontainers.dockerclient.DockerClientProviderStrategy - Pinging docker daemon...
15:14:00.788 [ducttape-0] DEBUG org.testcontainers.shaded.com.github.dockerjava.core.command.AbstrDockerCmd - Cmd: 
15:14:00.889 [ducttape-0] DEBUG org.testcontainers.dockerclient.DockerClientProviderStrategy - Pinging docker daemon...
15:14:00.890 [ducttape-0] DEBUG org.testcontainers.shaded.com.github.dockerjava.core.command.AbstrDockerCmd - Cmd: 
15:14:00.991 [ducttape-0] DEBUG org.testcontainers.dockerclient.DockerClientProviderStrategy - Pinging docker daemon...
15:14:00.991 [ducttape-0] DEBUG org.testcontainers.shaded.com.github.dockerjava.core.command.AbstrDockerCmd - Cmd: 
15:14:01.093 [ducttape-0] DEBUG org.testcontainers.dockerclient.DockerClientProviderStrategy - Pinging docker daemon...
15:14:01.093 [ducttape-0] DEBUG org.testcontainers.shaded.com.github.dockerjava.core.command.AbstrDockerCmd - Cmd: 
15:14:01.195 [ducttape-0] DEBUG org.testcontainers.dockerclient.DockerClientProviderStrategy - Pinging docker daemon...
15:14:01.195 [ducttape-0] DEBUG org.testcontainers.shaded.com.github.dockerjava.core.command.AbstrDockerCmd - Cmd: 
15:14:01.296 [ducttape-0] DEBUG org.testcontainers.dockerclient.DockerClientProviderStrategy - Pinging docker daemon...
15:14:01.297 [ducttape-0] DEBUG org.testcontainers.shaded.com.github.dockerjava.core.command.AbstrDockerCmd - Cmd: 
15:14:01.398 [ducttape-0] DEBUG org.testcontainers.dockerclient.DockerClientProviderStrategy - Pinging docker daemon...
15:14:01.398 [ducttape-0] DEBUG org.testcontainers.shaded.com.github.dockerjava.core.command.AbstrDockerCmd - Cmd: 
15:14:01.500 [ducttape-0] DEBUG org.testcontainers.dockerclient.DockerClientProviderStrategy - Pinging docker daemon...
15:14:01.500 [ducttape-0] DEBUG org.testcontainers.shaded.com.github.dockerjava.core.command.AbstrDockerCmd - Cmd: 
15:14:01.601 [ducttape-0] DEBUG org.testcontainers.dockerclient.DockerClientProviderStrategy - Pinging docker daemon...
15:14:01.601 [ducttape-0] DEBUG org.testcontainers.shaded.com.github.dockerjava.core.command.AbstrDockerCmd - Cmd: 
15:14:01.702 [ducttape-0] DEBUG org.testcontainers.dockerclient.DockerClientProviderStrategy - Pinging docker daemon...
15:14:01.703 [ducttape-0] DEBUG org.testcontainers.shaded.com.github.dockerjava.core.command.AbstrDockerCmd - Cmd: 
15:14:01.804 [ducttape-0] DEBUG org.testcontainers.dockerclient.DockerClientProviderStrategy - Pinging docker daemon...
15:14:01.804 [ducttape-0] DEBUG org.testcontainers.shaded.com.github.dockerjava.core.command.AbstrDockerCmd - Cmd: 
15:14:01.906 [ducttape-0] DEBUG org.testcontainers.dockerclient.DockerClientProviderStrategy - Pinging docker daemon...
15:14:01.906 [ducttape-0] DEBUG org.testcontainers.shaded.com.github.dockerjava.core.command.AbstrDockerCmd - Cmd: 
15:14:02.007 [ducttape-0] DEBUG org.testcontainers.dockerclient.DockerClientProviderStrategy - Pinging docker daemon...
15:14:02.007 [ducttape-0] DEBUG org.testcontainers.shaded.com.github.dockerjava.core.command.AbstrDockerCmd - Cmd: 
15:14:02.109 [ducttape-0] DEBUG org.testcontainers.dockerclient.DockerClientProviderStrategy - Pinging docker daemon...
15:14:02.109 [ducttape-0] DEBUG org.testcontainers.shaded.com.github.dockerjava.core.command.AbstrDockerCmd - Cmd: 
15:14:02.210 [ducttape-0] DEBUG org.testcontainers.dockerclient.DockerClientProviderStrategy - Pinging docker daemon...
15:14:02.210 [ducttape-0] DEBUG org.testcontainers.shaded.com.github.dockerjava.core.command.AbstrDockerCmd - Cmd: 
15:14:02.311 [ducttape-0] DEBUG org.testcontainers.dockerclient.DockerClientProviderStrategy - Pinging docker daemon...
15:14:02.312 [ducttape-0] DEBUG org.testcontainers.shaded.com.github.dockerjava.core.command.AbstrDockerCmd - Cmd: 
15:14:02.413 [ducttape-0] DEBUG org.testcontainers.dockerclient.DockerClientProviderStrategy - Pinging docker daemon...
15:14:02.413 [ducttape-0] DEBUG org.testcontainers.shaded.com.github.dockerjava.core.command.AbstrDockerCmd - Cmd: 
15:14:02.515 [ducttape-0] DEBUG org.testcontainers.dockerclient.DockerClientProviderStrategy - Pinging docker daemon...
15:14:02.515 [ducttape-0] DEBUG org.testcontainers.shaded.com.github.dockerjava.core.command.AbstrDockerCmd - Cmd: 
15:14:02.617 [ducttape-0] DEBUG org.testcontainers.dockerclient.DockerClientProviderStrategy - Pinging docker daemon...
15:14:02.617 [ducttape-0] DEBUG org.testcontainers.shaded.com.github.dockerjava.core.command.AbstrDockerCmd - Cmd: 
15:14:02.719 [ducttape-0] DEBUG org.testcontainers.dockerclient.DockerClientProviderStrategy - Pinging docker daemon...
15:14:02.719 [ducttape-0] DEBUG org.testcontainers.shaded.com.github.dockerjava.core.command.AbstrDockerCmd - Cmd: 
15:14:02.820 [ducttape-0] DEBUG org.testcontainers.dockerclient.DockerClientProviderStrategy - Pinging docker daemon...
15:14:02.821 [ducttape-0] DEBUG org.testcontainers.shaded.com.github.dockerjava.core.command.AbstrDockerCmd - Cmd: 
15:14:02.922 [ducttape-0] DEBUG org.testcontainers.dockerclient.DockerClientProviderStrategy - Pinging docker daemon...
15:14:02.922 [ducttape-0] DEBUG org.testcontainers.shaded.com.github.dockerjava.core.command.AbstrDockerCmd - Cmd: 
15:14:03.024 [ducttape-0] DEBUG org.testcontainers.dockerclient.DockerClientProviderStrategy - Pinging docker daemon...
15:14:03.024 [ducttape-0] DEBUG org.testcontainers.shaded.com.github.dockerjava.core.command.AbstrDockerCmd - Cmd: 
15:14:03.126 [ducttape-0] DEBUG org.testcontainers.dockerclient.DockerClientProviderStrategy - Pinging docker daemon...
15:14:03.126 [ducttape-0] DEBUG org.testcontainers.shaded.com.github.dockerjava.core.command.AbstrDockerCmd - Cmd: 
15:14:03.227 [ducttape-0] DEBUG org.testcontainers.dockerclient.DockerClientProviderStrategy - Pinging docker daemon...
15:14:03.227 [ducttape-0] DEBUG org.testcontainers.shaded.com.github.dockerjava.core.command.AbstrDockerCmd - Cmd: 
15:14:03.329 [ducttape-0] DEBUG org.testcontainers.dockerclient.DockerClientProviderStrategy - Pinging docker daemon...
15:14:03.329 [ducttape-0] DEBUG org.testcontainers.shaded.com.github.dockerjava.core.command.AbstrDockerCmd - Cmd: 
15:14:03.430 [ducttape-0] DEBUG org.testcontainers.dockerclient.DockerClientProviderStrategy - Pinging docker daemon...
15:14:03.431 [ducttape-0] DEBUG org.testcontainers.shaded.com.github.dockerjava.core.command.AbstrDockerCmd - Cmd: 
15:14:03.532 [ducttape-0] DEBUG org.testcontainers.dockerclient.DockerClientProviderStrategy - Pinging docker daemon...
15:14:03.533 [ducttape-0] DEBUG org.testcontainers.shaded.com.github.dockerjava.core.command.AbstrDockerCmd - Cmd: 
15:14:03.634 [ducttape-0] DEBUG org.testcontainers.dockerclient.DockerClientProviderStrategy - Pinging docker daemon...
15:14:03.634 [ducttape-0] DEBUG org.testcontainers.shaded.com.github.dockerjava.core.command.AbstrDockerCmd - Cmd: 
15:14:03.735 [ducttape-0] DEBUG org.testcontainers.dockerclient.DockerClientProviderStrategy - Pinging docker daemon...
15:14:03.735 [ducttape-0] DEBUG org.testcontainers.shaded.com.github.dockerjava.core.command.AbstrDockerCmd - Cmd: 
15:14:03.836 [ducttape-0] DEBUG org.testcontainers.dockerclient.DockerClientProviderStrategy - Pinging docker daemon...
15:14:03.836 [ducttape-0] DEBUG org.testcontainers.shaded.com.github.dockerjava.core.command.AbstrDockerCmd - Cmd: 
15:14:03.938 [ducttape-0] DEBUG org.testcontainers.dockerclient.DockerClientProviderStrategy - Pinging docker daemon...
15:14:03.938 [ducttape-0] DEBUG org.testcontainers.shaded.com.github.dockerjava.core.command.AbstrDockerCmd - Cmd: 
15:14:04.039 [ducttape-0] DEBUG org.testcontainers.dockerclient.DockerClientProviderStrategy - Pinging docker daemon...
15:14:04.039 [ducttape-0] DEBUG org.testcontainers.shaded.com.github.dockerjava.core.command.AbstrDockerCmd - Cmd: 
15:14:04.140 [ducttape-0] DEBUG org.testcontainers.dockerclient.DockerClientProviderStrategy - Pinging docker daemon...
15:14:04.140 [ducttape-0] DEBUG org.testcontainers.shaded.com.github.dockerjava.core.command.AbstrDockerCmd - Cmd: 
15:14:04.242 [ducttape-0] DEBUG org.testcontainers.dockerclient.DockerClientProviderStrategy - Pinging docker daemon...
15:14:04.242 [ducttape-0] DEBUG org.testcontainers.shaded.com.github.dockerjava.core.command.AbstrDockerCmd - Cmd: 
15:14:04.343 [ducttape-0] DEBUG org.testcontainers.dockerclient.DockerClientProviderStrategy - Pinging docker daemon...
15:14:04.344 [ducttape-0] DEBUG org.testcontainers.shaded.com.github.dockerjava.core.command.AbstrDockerCmd - Cmd: 
15:14:04.445 [ducttape-0] DEBUG org.testcontainers.dockerclient.DockerClientProviderStrategy - Pinging docker daemon...
15:14:04.445 [ducttape-0] DEBUG org.testcontainers.shaded.com.github.dockerjava.core.command.AbstrDockerCmd - Cmd: 
15:14:04.547 [ducttape-0] DEBUG org.testcontainers.dockerclient.DockerClientProviderStrategy - Pinging docker daemon...
15:14:04.547 [ducttape-0] DEBUG org.testcontainers.shaded.com.github.dockerjava.core.command.AbstrDockerCmd - Cmd: 
15:14:04.648 [ducttape-0] DEBUG org.testcontainers.dockerclient.DockerClientProviderStrategy - Pinging docker daemon...
15:14:04.648 [ducttape-0] DEBUG org.testcontainers.shaded.com.github.dockerjava.core.command.AbstrDockerCmd - Cmd: 
15:14:04.750 [ducttape-0] DEBUG org.testcontainers.dockerclient.DockerClientProviderStrategy - Pinging docker daemon...
15:14:04.750 [ducttape-0] DEBUG org.testcontainers.shaded.com.github.dockerjava.core.command.AbstrDockerCmd - Cmd: 
15:14:04.851 [ducttape-0] DEBUG org.testcontainers.dockerclient.DockerClientProviderStrategy - Pinging docker daemon...
15:14:04.852 [ducttape-0] DEBUG org.testcontainers.shaded.com.github.dockerjava.core.command.AbstrDockerCmd - Cmd: 
15:14:04.953 [ducttape-0] DEBUG org.testcontainers.dockerclient.DockerClientProviderStrategy - Pinging docker daemon...
15:14:04.953 [ducttape-0] DEBUG org.testcontainers.shaded.com.github.dockerjava.core.command.AbstrDockerCmd - Cmd: 
15:14:05.054 [ducttape-0] DEBUG org.testcontainers.dockerclient.DockerClientProviderStrategy - Pinging docker daemon...
15:14:05.055 [ducttape-0] DEBUG org.testcontainers.shaded.com.github.dockerjava.core.command.AbstrDockerCmd - Cmd: 
15:14:05.156 [ducttape-0] DEBUG org.testcontainers.dockerclient.DockerClientProviderStrategy - Pinging docker daemon...
15:14:05.156 [ducttape-0] DEBUG org.testcontainers.shaded.com.github.dockerjava.core.command.AbstrDockerCmd - Cmd: 
15:14:05.257 [ducttape-0] DEBUG org.testcontainers.dockerclient.DockerClientProviderStrategy - Pinging docker daemon...
15:14:05.258 [ducttape-0] DEBUG org.testcontainers.shaded.com.github.dockerjava.core.command.AbstrDockerCmd - Cmd: 
15:14:05.359 [ducttape-0] DEBUG org.testcontainers.dockerclient.DockerClientProviderStrategy - Pinging docker daemon...
15:14:05.359 [ducttape-0] DEBUG org.testcontainers.shaded.com.github.dockerjava.core.command.AbstrDockerCmd - Cmd: 
15:14:05.460 [ducttape-0] DEBUG org.testcontainers.dockerclient.DockerClientProviderStrategy - Pinging docker daemon...
15:14:05.460 [ducttape-0] DEBUG org.testcontainers.shaded.com.github.dockerjava.core.command.AbstrDockerCmd - Cmd: 
15:14:05.562 [ducttape-0] DEBUG org.testcontainers.dockerclient.DockerClientProviderStrategy - Pinging docker daemon...
15:14:05.562 [ducttape-0] DEBUG org.testcontainers.shaded.com.github.dockerjava.core.command.AbstrDockerCmd - Cmd: 
15:14:05.663 [ducttape-0] DEBUG org.testcontainers.dockerclient.DockerClientProviderStrategy - Pinging docker daemon...
15:14:05.663 [ducttape-0] DEBUG org.testcontainers.shaded.com.github.dockerjava.core.command.AbstrDockerCmd - Cmd: 
15:14:05.765 [ducttape-0] DEBUG org.testcontainers.dockerclient.DockerClientProviderStrategy - Pinging docker daemon...
15:14:05.765 [ducttape-0] DEBUG org.testcontainers.shaded.com.github.dockerjava.core.command.AbstrDockerCmd - Cmd: 
15:14:05.866 [ducttape-0] DEBUG org.testcontainers.dockerclient.DockerClientProviderStrategy - Pinging docker daemon...
15:14:05.866 [ducttape-0] DEBUG org.testcontainers.shaded.com.github.dockerjava.core.command.AbstrDockerCmd - Cmd: 
15:14:05.967 [ducttape-0] DEBUG org.testcontainers.dockerclient.DockerClientProviderStrategy - Pinging docker daemon...
15:14:05.968 [ducttape-0] DEBUG org.testcontainers.shaded.com.github.dockerjava.core.command.AbstrDockerCmd - Cmd: 
15:14:06.069 [ducttape-0] DEBUG org.testcontainers.dockerclient.DockerClientProviderStrategy - Pinging docker daemon...
15:14:06.069 [ducttape-0] DEBUG org.testcontainers.shaded.com.github.dockerjava.core.command.AbstrDockerCmd - Cmd: 
15:14:06.171 [ducttape-0] DEBUG org.testcontainers.dockerclient.DockerClientProviderStrategy - Pinging docker daemon...
15:14:06.171 [ducttape-0] DEBUG org.testcontainers.shaded.com.github.dockerjava.core.command.AbstrDockerCmd - Cmd: 
15:14:06.272 [ducttape-0] DEBUG org.testcontainers.dockerclient.DockerClientProviderStrategy - Pinging docker daemon...
15:14:06.272 [ducttape-0] DEBUG org.testcontainers.shaded.com.github.dockerjava.core.command.AbstrDockerCmd - Cmd: 
15:14:06.374 [ducttape-0] DEBUG org.testcontainers.dockerclient.DockerClientProviderStrategy - Pinging docker daemon...
15:14:06.374 [ducttape-0] DEBUG org.testcontainers.shaded.com.github.dockerjava.core.command.AbstrDockerCmd - Cmd: 
15:14:06.475 [ducttape-0] DEBUG org.testcontainers.dockerclient.DockerClientProviderStrategy - Pinging docker daemon...
15:14:06.476 [ducttape-0] DEBUG org.testcontainers.shaded.com.github.dockerjava.core.command.AbstrDockerCmd - Cmd: 
15:14:06.577 [ducttape-0] DEBUG org.testcontainers.dockerclient.DockerClientProviderStrategy - Pinging docker daemon...
15:14:06.577 [ducttape-0] DEBUG org.testcontainers.shaded.com.github.dockerjava.core.command.AbstrDockerCmd - Cmd: 
15:14:06.679 [ducttape-0] DEBUG org.testcontainers.dockerclient.DockerClientProviderStrategy - Pinging docker daemon...
15:14:06.679 [ducttape-0] DEBUG org.testcontainers.shaded.com.github.dockerjava.core.command.AbstrDockerCmd - Cmd: 
15:14:06.780 [ducttape-0] DEBUG org.testcontainers.dockerclient.DockerClientProviderStrategy - Pinging docker daemon...
15:14:06.780 [ducttape-0] DEBUG org.testcontainers.shaded.com.github.dockerjava.core.command.AbstrDockerCmd - Cmd: 
15:14:06.882 [ducttape-0] DEBUG org.testcontainers.dockerclient.DockerClientProviderStrategy - Pinging docker daemon...
15:14:06.882 [ducttape-0] DEBUG org.testcontainers.shaded.com.github.dockerjava.core.command.AbstrDockerCmd - Cmd: 
15:14:06.985 [ducttape-0] DEBUG org.testcontainers.dockerclient.DockerClientProviderStrategy - Pinging docker daemon...
15:14:06.985 [ducttape-0] DEBUG org.testcontainers.shaded.com.github.dockerjava.core.command.AbstrDockerCmd - Cmd: 
15:14:07.086 [ducttape-0] DEBUG org.testcontainers.dockerclient.DockerClientProviderStrategy - Pinging docker daemon...
15:14:07.086 [ducttape-0] DEBUG org.testcontainers.shaded.com.github.dockerjava.core.command.AbstrDockerCmd - Cmd: 
15:14:07.187 [ducttape-0] DEBUG org.testcontainers.dockerclient.DockerClientProviderStrategy - Pinging docker daemon...
15:14:07.187 [ducttape-0] DEBUG org.testcontainers.shaded.com.github.dockerjava.core.command.AbstrDockerCmd - Cmd: 
15:14:07.288 [ducttape-0] DEBUG org.testcontainers.dockerclient.DockerClientProviderStrategy - Pinging docker daemon...
15:14:07.289 [ducttape-0] DEBUG org.testcontainers.shaded.com.github.dockerjava.core.command.AbstrDockerCmd - Cmd: 
15:14:07.390 [ducttape-0] DEBUG org.testcontainers.dockerclient.DockerClientProviderStrategy - Pinging docker daemon...
15:14:07.390 [ducttape-0] DEBUG org.testcontainers.shaded.com.github.dockerjava.core.command.AbstrDockerCmd - Cmd: 
15:14:07.492 [ducttape-0] DEBUG org.testcontainers.dockerclient.DockerClientProviderStrategy - Pinging docker daemon...
15:14:07.492 [ducttape-0] DEBUG org.testcontainers.shaded.com.github.dockerjava.core.command.AbstrDockerCmd - Cmd: 
15:14:07.593 [ducttape-0] DEBUG org.testcontainers.dockerclient.DockerClientProviderStrategy - Pinging docker daemon...
15:14:07.593 [ducttape-0] DEBUG org.testcontainers.shaded.com.github.dockerjava.core.command.AbstrDockerCmd - Cmd: 
15:14:07.695 [ducttape-0] DEBUG org.testcontainers.dockerclient.DockerClientProviderStrategy - Pinging docker daemon...
15:14:07.695 [ducttape-0] DEBUG org.testcontainers.shaded.com.github.dockerjava.core.command.AbstrDockerCmd - Cmd: 
15:14:07.796 [ducttape-0] DEBUG org.testcontainers.dockerclient.DockerClientProviderStrategy - Pinging docker daemon...
15:14:07.796 [ducttape-0] DEBUG org.testcontainers.shaded.com.github.dockerjava.core.command.AbstrDockerCmd - Cmd: 
15:14:07.898 [ducttape-0] DEBUG org.testcontainers.dockerclient.DockerClientProviderStrategy - Pinging docker daemon...
15:14:07.898 [ducttape-0] DEBUG org.testcontainers.shaded.com.github.dockerjava.core.command.AbstrDockerCmd - Cmd: 
15:14:07.999 [ducttape-0] DEBUG org.testcontainers.dockerclient.DockerClientProviderStrategy - Pinging docker daemon...
15:14:07.999 [ducttape-0] DEBUG org.testcontainers.shaded.com.github.dockerjava.core.command.AbstrDockerCmd - Cmd: 
15:14:08.101 [ducttape-0] DEBUG org.testcontainers.dockerclient.DockerClientProviderStrategy - Pinging docker daemon...
15:14:08.101 [ducttape-0] DEBUG org.testcontainers.shaded.com.github.dockerjava.core.command.AbstrDockerCmd - Cmd: 
15:14:08.203 [ducttape-0] DEBUG org.testcontainers.dockerclient.DockerClientProviderStrategy - Pinging docker daemon...
15:14:08.203 [ducttape-0] DEBUG org.testcontainers.shaded.com.github.dockerjava.core.command.AbstrDockerCmd - Cmd: 
15:14:08.304 [ducttape-0] DEBUG org.testcontainers.dockerclient.DockerClientProviderStrategy - Pinging docker daemon...
15:14:08.304 [ducttape-0] DEBUG org.testcontainers.shaded.com.github.dockerjava.core.command.AbstrDockerCmd - Cmd: 
15:14:08.406 [ducttape-0] DEBUG org.testcontainers.dockerclient.DockerClientProviderStrategy - Pinging docker daemon...
15:14:08.406 [ducttape-0] DEBUG org.testcontainers.shaded.com.github.dockerjava.core.command.AbstrDockerCmd - Cmd: 
15:14:08.507 [ducttape-0] DEBUG org.testcontainers.dockerclient.DockerClientProviderStrategy - Pinging docker daemon...
15:14:08.508 [ducttape-0] DEBUG org.testcontainers.shaded.com.github.dockerjava.core.command.AbstrDockerCmd - Cmd: 
15:14:08.609 [ducttape-0] DEBUG org.testcontainers.dockerclient.DockerClientProviderStrategy - Pinging docker daemon...
15:14:08.609 [ducttape-0] DEBUG org.testcontainers.shaded.com.github.dockerjava.core.command.AbstrDockerCmd - Cmd: 
15:14:08.710 [ducttape-0] DEBUG org.testcontainers.dockerclient.DockerClientProviderStrategy - Pinging docker daemon...
15:14:08.711 [ducttape-0] DEBUG org.testcontainers.shaded.com.github.dockerjava.core.command.AbstrDockerCmd - Cmd: 
15:14:08.812 [ducttape-0] DEBUG org.testcontainers.dockerclient.DockerClientProviderStrategy - Pinging docker daemon...
15:14:08.812 [ducttape-0] DEBUG org.testcontainers.shaded.com.github.dockerjava.core.command.AbstrDockerCmd - Cmd: 
15:14:08.913 [ducttape-0] DEBUG org.testcontainers.dockerclient.DockerClientProviderStrategy - Pinging docker daemon...
15:14:08.913 [ducttape-0] DEBUG org.testcontainers.shaded.com.github.dockerjava.core.command.AbstrDockerCmd - Cmd: 
15:14:09.015 [ducttape-0] DEBUG org.testcontainers.dockerclient.DockerClientProviderStrategy - Pinging docker daemon...
15:14:09.015 [ducttape-0] DEBUG org.testcontainers.shaded.com.github.dockerjava.core.command.AbstrDockerCmd - Cmd: 
15:14:09.116 [ducttape-0] DEBUG org.testcontainers.dockerclient.DockerClientProviderStrategy - Pinging docker daemon...
15:14:09.116 [ducttape-0] DEBUG org.testcontainers.shaded.com.github.dockerjava.core.command.AbstrDockerCmd - Cmd: 
15:14:09.218 [ducttape-0] DEBUG org.testcontainers.dockerclient.DockerClientProviderStrategy - Pinging docker daemon...
15:14:09.218 [ducttape-0] DEBUG org.testcontainers.shaded.com.github.dockerjava.core.command.AbstrDockerCmd - Cmd: 
15:14:09.319 [ducttape-0] DEBUG org.testcontainers.dockerclient.DockerClientProviderStrategy - Pinging docker daemon...
15:14:09.319 [ducttape-0] DEBUG org.testcontainers.shaded.com.github.dockerjava.core.command.AbstrDockerCmd - Cmd: 
15:14:09.421 [ducttape-0] DEBUG org.testcontainers.dockerclient.DockerClientProviderStrategy - Pinging docker daemon...
15:14:09.421 [ducttape-0] DEBUG org.testcontainers.shaded.com.github.dockerjava.core.command.AbstrDockerCmd - Cmd: 
15:14:09.522 [ducttape-0] DEBUG org.testcontainers.dockerclient.DockerClientProviderStrategy - Pinging docker daemon...
15:14:09.522 [ducttape-0] DEBUG org.testcontainers.shaded.com.github.dockerjava.core.command.AbstrDockerCmd - Cmd: 
15:14:09.624 [ducttape-0] DEBUG org.testcontainers.dockerclient.DockerClientProviderStrategy - Pinging docker daemon...
15:14:09.624 [ducttape-0] DEBUG org.testcontainers.shaded.com.github.dockerjava.core.command.AbstrDockerCmd - Cmd: 
15:14:09.725 [ducttape-0] DEBUG org.testcontainers.dockerclient.DockerClientProviderStrategy - Pinging docker daemon...
15:14:09.725 [ducttape-0] DEBUG org.testcontainers.shaded.com.github.dockerjava.core.command.AbstrDockerCmd - Cmd: 
15:14:09.827 [ducttape-0] DEBUG org.testcontainers.dockerclient.DockerClientProviderStrategy - Pinging docker daemon...
15:14:09.827 [ducttape-0] DEBUG org.testcontainers.shaded.com.github.dockerjava.core.command.AbstrDockerCmd - Cmd: 
15:14:09.928 [ducttape-0] DEBUG org.testcontainers.dockerclient.DockerClientProviderStrategy - Pinging docker daemon...
15:14:09.928 [ducttape-0] DEBUG org.testcontainers.shaded.com.github.dockerjava.core.command.AbstrDockerCmd - Cmd: 
15:14:10.030 [ducttape-0] DEBUG org.testcontainers.dockerclient.DockerClientProviderStrategy - Pinging docker daemon...
15:14:10.030 [ducttape-0] DEBUG org.testcontainers.shaded.com.github.dockerjava.core.command.AbstrDockerCmd - Cmd: 
15:14:10.131 [ducttape-0] DEBUG org.testcontainers.dockerclient.DockerClientProviderStrategy - Pinging docker daemon...
15:14:10.131 [ducttape-0] DEBUG org.testcontainers.shaded.com.github.dockerjava.core.command.AbstrDockerCmd - Cmd: 
15:14:10.233 [ducttape-0] DEBUG org.testcontainers.dockerclient.DockerClientProviderStrategy - Pinging docker daemon...
15:14:10.233 [ducttape-0] DEBUG org.testcontainers.shaded.com.github.dockerjava.core.command.AbstrDockerCmd - Cmd: 
15:14:10.334 [ducttape-0] DEBUG org.testcontainers.dockerclient.DockerClientProviderStrategy - Pinging docker daemon...
15:14:10.334 [ducttape-0] DEBUG org.testcontainers.shaded.com.github.dockerjava.core.command.AbstrDockerCmd - Cmd: 
15:14:10.436 [ducttape-0] DEBUG org.testcontainers.dockerclient.DockerClientProviderStrategy - Pinging docker daemon...
15:14:10.436 [ducttape-0] DEBUG org.testcontainers.shaded.com.github.dockerjava.core.command.AbstrDockerCmd - Cmd: 
15:14:10.537 [ducttape-0] DEBUG org.testcontainers.dockerclient.DockerClientProviderStrategy - Pinging docker daemon...
15:14:10.537 [ducttape-0] DEBUG org.testcontainers.shaded.com.github.dockerjava.core.command.AbstrDockerCmd - Cmd: 
15:14:10.639 [ducttape-0] DEBUG org.testcontainers.dockerclient.DockerClientProviderStrategy - Pinging docker daemon...
15:14:10.639 [ducttape-0] DEBUG org.testcontainers.shaded.com.github.dockerjava.core.command.AbstrDockerCmd - Cmd: 
15:14:10.740 [ducttape-0] DEBUG org.testcontainers.dockerclient.DockerClientProviderStrategy - Pinging docker daemon...
15:14:10.740 [ducttape-0] DEBUG org.testcontainers.shaded.com.github.dockerjava.core.command.AbstrDockerCmd - Cmd: 
15:14:10.842 [ducttape-0] DEBUG org.testcontainers.dockerclient.DockerClientProviderStrategy - Pinging docker daemon...
15:14:10.842 [ducttape-0] DEBUG org.testcontainers.shaded.com.github.dockerjava.core.command.AbstrDockerCmd - Cmd: 
15:14:10.943 [ducttape-0] DEBUG org.testcontainers.dockerclient.DockerClientProviderStrategy - Pinging docker daemon...
15:14:10.943 [ducttape-0] DEBUG org.testcontainers.shaded.com.github.dockerjava.core.command.AbstrDockerCmd - Cmd: 
15:14:11.045 [ducttape-0] DEBUG org.testcontainers.dockerclient.DockerClientProviderStrategy - Pinging docker daemon...
15:14:11.045 [ducttape-0] DEBUG org.testcontainers.shaded.com.github.dockerjava.core.command.AbstrDockerCmd - Cmd: 
15:14:11.146 [ducttape-0] DEBUG org.testcontainers.dockerclient.DockerClientProviderStrategy - Pinging docker daemon...
15:14:11.146 [ducttape-0] DEBUG org.testcontainers.shaded.com.github.dockerjava.core.command.AbstrDockerCmd - Cmd: 
15:14:11.248 [ducttape-0] DEBUG org.testcontainers.dockerclient.DockerClientProviderStrategy - Pinging docker daemon...
15:14:11.248 [ducttape-0] DEBUG org.testcontainers.shaded.com.github.dockerjava.core.command.AbstrDockerCmd - Cmd: 
15:14:11.349 [ducttape-0] DEBUG org.testcontainers.dockerclient.DockerClientProviderStrategy - Pinging docker daemon...
15:14:11.349 [ducttape-0] DEBUG org.testcontainers.shaded.com.github.dockerjava.core.command.AbstrDockerCmd - Cmd: 
15:14:11.451 [ducttape-0] DEBUG org.testcontainers.dockerclient.DockerClientProviderStrategy - Pinging docker daemon...
15:14:11.451 [ducttape-0] DEBUG org.testcontainers.shaded.com.github.dockerjava.core.command.AbstrDockerCmd - Cmd: 
15:14:11.552 [ducttape-0] DEBUG org.testcontainers.dockerclient.DockerClientProviderStrategy - Pinging docker daemon...
15:14:11.552 [ducttape-0] DEBUG org.testcontainers.shaded.com.github.dockerjava.core.command.AbstrDockerCmd - Cmd: 
15:14:11.654 [ducttape-0] DEBUG org.testcontainers.dockerclient.DockerClientProviderStrategy - Pinging docker daemon...
15:14:11.654 [ducttape-0] DEBUG org.testcontainers.shaded.com.github.dockerjava.core.command.AbstrDockerCmd - Cmd: 
15:14:11.755 [ducttape-0] DEBUG org.testcontainers.dockerclient.DockerClientProviderStrategy - Pinging docker daemon...
15:14:11.755 [ducttape-0] DEBUG org.testcontainers.shaded.com.github.dockerjava.core.command.AbstrDockerCmd - Cmd: 
15:14:11.857 [ducttape-0] DEBUG org.testcontainers.dockerclient.DockerClientProviderStrategy - Pinging docker daemon...
15:14:11.857 [ducttape-0] DEBUG org.testcontainers.shaded.com.github.dockerjava.core.command.AbstrDockerCmd - Cmd: 
15:14:11.958 [ducttape-0] DEBUG org.testcontainers.dockerclient.DockerClientProviderStrategy - Pinging docker daemon...
15:14:11.959 [ducttape-0] DEBUG org.testcontainers.shaded.com.github.dockerjava.core.command.AbstrDockerCmd - Cmd: 
15:14:12.060 [ducttape-0] DEBUG org.testcontainers.dockerclient.DockerClientProviderStrategy - Pinging docker daemon...
15:14:12.060 [ducttape-0] DEBUG org.testcontainers.shaded.com.github.dockerjava.core.command.AbstrDockerCmd - Cmd: 
15:14:12.161 [ducttape-0] DEBUG org.testcontainers.dockerclient.DockerClientProviderStrategy - Pinging docker daemon...
15:14:12.162 [ducttape-0] DEBUG org.testcontainers.shaded.com.github.dockerjava.core.command.AbstrDockerCmd - Cmd: 
15:14:12.263 [ducttape-0] DEBUG org.testcontainers.dockerclient.DockerClientProviderStrategy - Pinging docker daemon...
15:14:12.263 [ducttape-0] DEBUG org.testcontainers.shaded.com.github.dockerjava.core.command.AbstrDockerCmd - Cmd: 
15:14:12.364 [ducttape-0] DEBUG org.testcontainers.dockerclient.DockerClientProviderStrategy - Pinging docker daemon...
15:14:12.364 [ducttape-0] DEBUG org.testcontainers.shaded.com.github.dockerjava.core.command.AbstrDockerCmd - Cmd: 
15:14:12.465 [ducttape-0] DEBUG org.testcontainers.dockerclient.DockerClientProviderStrategy - Pinging docker daemon...
15:14:12.465 [ducttape-0] DEBUG org.testcontainers.shaded.com.github.dockerjava.core.command.AbstrDockerCmd - Cmd: 
15:14:12.567 [ducttape-0] DEBUG org.testcontainers.dockerclient.DockerClientProviderStrategy - Pinging docker daemon...
15:14:12.567 [ducttape-0] DEBUG org.testcontainers.shaded.com.github.dockerjava.core.command.AbstrDockerCmd - Cmd: 
15:14:12.668 [ducttape-0] DEBUG org.testcontainers.dockerclient.DockerClientProviderStrategy - Pinging docker daemon...
15:14:12.668 [ducttape-0] DEBUG org.testcontainers.shaded.com.github.dockerjava.core.command.AbstrDockerCmd - Cmd: 
15:14:12.770 [ducttape-0] DEBUG org.testcontainers.dockerclient.DockerClientProviderStrategy - Pinging docker daemon...
15:14:12.770 [ducttape-0] DEBUG org.testcontainers.shaded.com.github.dockerjava.core.command.AbstrDockerCmd - Cmd: 
15:14:12.871 [ducttape-0] DEBUG org.testcontainers.dockerclient.DockerClientProviderStrategy - Pinging docker daemon...
15:14:12.871 [ducttape-0] DEBUG org.testcontainers.shaded.com.github.dockerjava.core.command.AbstrDockerCmd - Cmd: 
15:14:12.973 [ducttape-0] DEBUG org.testcontainers.dockerclient.DockerClientProviderStrategy - Pinging docker daemon...
15:14:12.973 [ducttape-0] DEBUG org.testcontainers.shaded.com.github.dockerjava.core.command.AbstrDockerCmd - Cmd: 
15:14:13.074 [ducttape-0] DEBUG org.testcontainers.dockerclient.DockerClientProviderStrategy - Pinging docker daemon...
15:14:13.074 [ducttape-0] DEBUG org.testcontainers.shaded.com.github.dockerjava.core.command.AbstrDockerCmd - Cmd: 
15:14:13.176 [ducttape-0] DEBUG org.testcontainers.dockerclient.DockerClientProviderStrategy - Pinging docker daemon...
15:14:13.176 [ducttape-0] DEBUG org.testcontainers.shaded.com.github.dockerjava.core.command.AbstrDockerCmd - Cmd: 
15:14:13.278 [ducttape-0] DEBUG org.testcontainers.dockerclient.DockerClientProviderStrategy - Pinging docker daemon...
15:14:13.278 [ducttape-0] DEBUG org.testcontainers.shaded.com.github.dockerjava.core.command.AbstrDockerCmd - Cmd: 
15:14:13.379 [ducttape-0] DEBUG org.testcontainers.dockerclient.DockerClientProviderStrategy - Pinging docker daemon...
15:14:13.379 [ducttape-0] DEBUG org.testcontainers.shaded.com.github.dockerjava.core.command.AbstrDockerCmd - Cmd: 
15:14:13.481 [ducttape-0] DEBUG org.testcontainers.dockerclient.DockerClientProviderStrategy - Pinging docker daemon...
15:14:13.481 [ducttape-0] DEBUG org.testcontainers.shaded.com.github.dockerjava.core.command.AbstrDockerCmd - Cmd: 
15:14:13.583 [ducttape-0] DEBUG org.testcontainers.dockerclient.DockerClientProviderStrategy - Pinging docker daemon...
15:14:13.583 [ducttape-0] DEBUG org.testcontainers.shaded.com.github.dockerjava.core.command.AbstrDockerCmd - Cmd: 
15:14:13.684 [ducttape-0] DEBUG org.testcontainers.dockerclient.DockerClientProviderStrategy - Pinging docker daemon...
15:14:13.684 [ducttape-0] DEBUG org.testcontainers.shaded.com.github.dockerjava.core.command.AbstrDockerCmd - Cmd: 
15:14:13.786 [ducttape-0] DEBUG org.testcontainers.dockerclient.DockerClientProviderStrategy - Pinging docker daemon...
15:14:13.786 [ducttape-0] DEBUG org.testcontainers.shaded.com.github.dockerjava.core.command.AbstrDockerCmd - Cmd: 
15:14:13.887 [ducttape-0] DEBUG org.testcontainers.dockerclient.DockerClientProviderStrategy - Pinging docker daemon...
15:14:13.887 [ducttape-0] DEBUG org.testcontainers.shaded.com.github.dockerjava.core.command.AbstrDockerCmd - Cmd: 
15:14:13.988 [ducttape-0] DEBUG org.testcontainers.dockerclient.DockerClientProviderStrategy - Pinging docker daemon...
15:14:13.989 [ducttape-0] DEBUG org.testcontainers.shaded.com.github.dockerjava.core.command.AbstrDockerCmd - Cmd: 
15:14:14.090 [ducttape-0] DEBUG org.testcontainers.dockerclient.DockerClientProviderStrategy - Pinging docker daemon...
15:14:14.090 [ducttape-0] DEBUG org.testcontainers.shaded.com.github.dockerjava.core.command.AbstrDockerCmd - Cmd: 
15:14:14.192 [ducttape-0] DEBUG org.testcontainers.dockerclient.DockerClientProviderStrategy - Pinging docker daemon...
15:14:14.192 [ducttape-0] DEBUG org.testcontainers.shaded.com.github.dockerjava.core.command.AbstrDockerCmd - Cmd: 
15:14:14.293 [ducttape-0] DEBUG org.testcontainers.dockerclient.DockerClientProviderStrategy - Pinging docker daemon...
15:14:14.294 [ducttape-0] DEBUG org.testcontainers.shaded.com.github.dockerjava.core.command.AbstrDockerCmd - Cmd: 
15:14:14.395 [ducttape-0] DEBUG org.testcontainers.dockerclient.DockerClientProviderStrategy - Pinging docker daemon...
15:14:14.395 [ducttape-0] DEBUG org.testcontainers.shaded.com.github.dockerjava.core.command.AbstrDockerCmd - Cmd: 
15:14:14.496 [ducttape-0] DEBUG org.testcontainers.dockerclient.DockerClientProviderStrategy - Pinging docker daemon...
15:14:14.496 [ducttape-0] DEBUG org.testcontainers.shaded.com.github.dockerjava.core.command.AbstrDockerCmd - Cmd: 
15:14:14.598 [ducttape-0] DEBUG org.testcontainers.dockerclient.DockerClientProviderStrategy - Pinging docker daemon...
15:14:14.598 [ducttape-0] DEBUG org.testcontainers.shaded.com.github.dockerjava.core.command.AbstrDockerCmd - Cmd: 
15:14:14.699 [ducttape-0] DEBUG org.testcontainers.dockerclient.DockerClientProviderStrategy - Pinging docker daemon...
15:14:14.699 [ducttape-0] DEBUG org.testcontainers.shaded.com.github.dockerjava.core.command.AbstrDockerCmd - Cmd: 
15:14:14.801 [ducttape-0] DEBUG org.testcontainers.dockerclient.DockerClientProviderStrategy - Pinging docker daemon...
15:14:14.801 [ducttape-0] DEBUG org.testcontainers.shaded.com.github.dockerjava.core.command.AbstrDockerCmd - Cmd: 
15:14:14.902 [ducttape-0] DEBUG org.testcontainers.dockerclient.DockerClientProviderStrategy - Pinging docker daemon...
15:14:14.902 [ducttape-0] DEBUG org.testcontainers.shaded.com.github.dockerjava.core.command.AbstrDockerCmd - Cmd: 
15:14:15.003 [ducttape-0] DEBUG org.testcontainers.dockerclient.DockerClientProviderStrategy - Pinging docker daemon...
15:14:15.003 [ducttape-0] DEBUG org.testcontainers.shaded.com.github.dockerjava.core.command.AbstrDockerCmd - Cmd: 
15:14:15.104 [ducttape-0] DEBUG org.testcontainers.dockerclient.DockerClientProviderStrategy - Pinging docker daemon...
15:14:15.105 [ducttape-0] DEBUG org.testcontainers.shaded.com.github.dockerjava.core.command.AbstrDockerCmd - Cmd: 
15:14:15.206 [ducttape-0] DEBUG org.testcontainers.dockerclient.DockerClientProviderStrategy - Pinging docker daemon...
15:14:15.206 [ducttape-0] DEBUG org.testcontainers.shaded.com.github.dockerjava.core.command.AbstrDockerCmd - Cmd: 
15:14:15.308 [ducttape-0] DEBUG org.testcontainers.dockerclient.DockerClientProviderStrategy - Pinging docker daemon...
15:14:15.308 [ducttape-0] DEBUG org.testcontainers.shaded.com.github.dockerjava.core.command.AbstrDockerCmd - Cmd: 
15:14:15.409 [ducttape-0] DEBUG org.testcontainers.dockerclient.DockerClientProviderStrategy - Pinging docker daemon...
15:14:15.409 [ducttape-0] DEBUG org.testcontainers.shaded.com.github.dockerjava.core.command.AbstrDockerCmd - Cmd: 
15:14:15.510 [ducttape-0] DEBUG org.testcontainers.dockerclient.DockerClientProviderStrategy - Pinging docker daemon...
15:14:15.511 [ducttape-0] DEBUG org.testcontainers.shaded.com.github.dockerjava.core.command.AbstrDockerCmd - Cmd: 
15:14:15.612 [ducttape-0] DEBUG org.testcontainers.dockerclient.DockerClientProviderStrategy - Pinging docker daemon...
15:14:15.612 [ducttape-0] DEBUG org.testcontainers.shaded.com.github.dockerjava.core.command.AbstrDockerCmd - Cmd: 
15:14:15.713 [ducttape-0] DEBUG org.testcontainers.dockerclient.DockerClientProviderStrategy - Pinging docker daemon...
15:14:15.713 [ducttape-0] DEBUG org.testcontainers.shaded.com.github.dockerjava.core.command.AbstrDockerCmd - Cmd: 
15:14:15.815 [ducttape-0] DEBUG org.testcontainers.dockerclient.DockerClientProviderStrategy - Pinging docker daemon...
15:14:15.815 [ducttape-0] DEBUG org.testcontainers.shaded.com.github.dockerjava.core.command.AbstrDockerCmd - Cmd: 
15:14:15.916 [ducttape-0] DEBUG org.testcontainers.dockerclient.DockerClientProviderStrategy - Pinging docker daemon...
15:14:15.916 [ducttape-0] DEBUG org.testcontainers.shaded.com.github.dockerjava.core.command.AbstrDockerCmd - Cmd: 
15:14:16.018 [ducttape-0] DEBUG org.testcontainers.dockerclient.DockerClientProviderStrategy - Pinging docker daemon...
15:14:16.018 [ducttape-0] DEBUG org.testcontainers.shaded.com.github.dockerjava.core.command.AbstrDockerCmd - Cmd: 
15:14:16.119 [ducttape-0] DEBUG org.testcontainers.dockerclient.DockerClientProviderStrategy - Pinging docker daemon...
15:14:16.119 [ducttape-0] DEBUG org.testcontainers.shaded.com.github.dockerjava.core.command.AbstrDockerCmd - Cmd: 
15:14:16.221 [ducttape-0] DEBUG org.testcontainers.dockerclient.DockerClientProviderStrategy - Pinging docker daemon...
15:14:16.221 [ducttape-0] DEBUG org.testcontainers.shaded.com.github.dockerjava.core.command.AbstrDockerCmd - Cmd: 
15:14:16.322 [ducttape-0] DEBUG org.testcontainers.dockerclient.DockerClientProviderStrategy - Pinging docker daemon...
15:14:16.322 [ducttape-0] DEBUG org.testcontainers.shaded.com.github.dockerjava.core.command.AbstrDockerCmd - Cmd: 
15:14:16.423 [ducttape-0] DEBUG org.testcontainers.dockerclient.DockerClientProviderStrategy - Pinging docker daemon...
15:14:16.423 [ducttape-0] DEBUG org.testcontainers.shaded.com.github.dockerjava.core.command.AbstrDockerCmd - Cmd: 
15:14:16.525 [ducttape-0] DEBUG org.testcontainers.dockerclient.DockerClientProviderStrategy - Pinging docker daemon...
15:14:16.525 [ducttape-0] DEBUG org.testcontainers.shaded.com.github.dockerjava.core.command.AbstrDockerCmd - Cmd: 
15:14:16.626 [ducttape-0] DEBUG org.testcontainers.dockerclient.DockerClientProviderStrategy - Pinging docker daemon...
15:14:16.626 [ducttape-0] DEBUG org.testcontainers.shaded.com.github.dockerjava.core.command.AbstrDockerCmd - Cmd: 
15:14:16.727 [ducttape-0] DEBUG org.testcontainers.dockerclient.DockerClientProviderStrategy - Pinging docker daemon...
15:14:16.727 [ducttape-0] DEBUG org.testcontainers.shaded.com.github.dockerjava.core.command.AbstrDockerCmd - Cmd: 
15:14:16.829 [ducttape-0] DEBUG org.testcontainers.dockerclient.DockerClientProviderStrategy - Pinging docker daemon...
15:14:16.829 [ducttape-0] DEBUG org.testcontainers.shaded.com.github.dockerjava.core.command.AbstrDockerCmd - Cmd: 
15:14:16.930 [ducttape-0] DEBUG org.testcontainers.dockerclient.DockerClientProviderStrategy - Pinging docker daemon...
15:14:16.930 [ducttape-0] DEBUG org.testcontainers.shaded.com.github.dockerjava.core.command.AbstrDockerCmd - Cmd: 
15:14:17.032 [ducttape-0] DEBUG org.testcontainers.dockerclient.DockerClientProviderStrategy - Pinging docker daemon...
15:14:17.032 [ducttape-0] DEBUG org.testcontainers.shaded.com.github.dockerjava.core.command.AbstrDockerCmd - Cmd: 
15:14:17.133 [ducttape-0] DEBUG org.testcontainers.dockerclient.DockerClientProviderStrategy - Pinging docker daemon...
15:14:17.133 [ducttape-0] DEBUG org.testcontainers.shaded.com.github.dockerjava.core.command.AbstrDockerCmd - Cmd: 
15:14:17.234 [ducttape-0] DEBUG org.testcontainers.dockerclient.DockerClientProviderStrategy - Pinging docker daemon...
15:14:17.234 [ducttape-0] DEBUG org.testcontainers.shaded.com.github.dockerjava.core.command.AbstrDockerCmd - Cmd: 
15:14:17.335 [ducttape-0] DEBUG org.testcontainers.dockerclient.DockerClientProviderStrategy - Pinging docker daemon...
15:14:17.336 [ducttape-0] DEBUG org.testcontainers.shaded.com.github.dockerjava.core.command.AbstrDockerCmd - Cmd: 
15:14:17.437 [ducttape-0] DEBUG org.testcontainers.dockerclient.DockerClientProviderStrategy - Pinging docker daemon...
15:14:17.437 [ducttape-0] DEBUG org.testcontainers.shaded.com.github.dockerjava.core.command.AbstrDockerCmd - Cmd: 
15:14:17.538 [ducttape-0] DEBUG org.testcontainers.dockerclient.DockerClientProviderStrategy - Pinging docker daemon...
15:14:17.538 [ducttape-0] DEBUG org.testcontainers.shaded.com.github.dockerjava.core.command.AbstrDockerCmd - Cmd: 
15:14:17.639 [ducttape-0] DEBUG org.testcontainers.dockerclient.DockerClientProviderStrategy - Pinging docker daemon...
15:14:17.640 [ducttape-0] DEBUG org.testcontainers.shaded.com.github.dockerjava.core.command.AbstrDockerCmd - Cmd: 
15:14:17.743 [ducttape-0] DEBUG org.testcontainers.dockerclient.DockerClientProviderStrategy - Pinging docker daemon...
15:14:17.743 [ducttape-0] DEBUG org.testcontainers.shaded.com.github.dockerjava.core.command.AbstrDockerCmd - Cmd: 
15:14:17.844 [ducttape-0] DEBUG org.testcontainers.dockerclient.DockerClientProviderStrategy - Pinging docker daemon...
15:14:17.844 [ducttape-0] DEBUG org.testcontainers.shaded.com.github.dockerjava.core.command.AbstrDockerCmd - Cmd: 
15:14:17.945 [ducttape-0] DEBUG org.testcontainers.dockerclient.DockerClientProviderStrategy - Pinging docker daemon...
15:14:17.945 [ducttape-0] DEBUG org.testcontainers.shaded.com.github.dockerjava.core.command.AbstrDockerCmd - Cmd: 
15:14:18.047 [ducttape-0] DEBUG org.testcontainers.dockerclient.DockerClientProviderStrategy - Pinging docker daemon...
15:14:18.047 [ducttape-0] DEBUG org.testcontainers.shaded.com.github.dockerjava.core.command.AbstrDockerCmd - Cmd: 
15:14:18.148 [ducttape-0] DEBUG org.testcontainers.dockerclient.DockerClientProviderStrategy - Pinging docker daemon...
15:14:18.148 [ducttape-0] DEBUG org.testcontainers.shaded.com.github.dockerjava.core.command.AbstrDockerCmd - Cmd: 
15:14:18.249 [ducttape-0] DEBUG org.testcontainers.dockerclient.DockerClientProviderStrategy - Pinging docker daemon...
15:14:18.249 [ducttape-0] DEBUG org.testcontainers.shaded.com.github.dockerjava.core.command.AbstrDockerCmd - Cmd: 
15:14:18.351 [ducttape-0] DEBUG org.testcontainers.dockerclient.DockerClientProviderStrategy - Pinging docker daemon...
15:14:18.351 [ducttape-0] DEBUG org.testcontainers.shaded.com.github.dockerjava.core.command.AbstrDockerCmd - Cmd: 
15:14:18.452 [ducttape-0] DEBUG org.testcontainers.dockerclient.DockerClientProviderStrategy - Pinging docker daemon...
15:14:18.452 [ducttape-0] DEBUG org.testcontainers.shaded.com.github.dockerjava.core.command.AbstrDockerCmd - Cmd: 
15:14:18.553 [ducttape-0] DEBUG org.testcontainers.dockerclient.DockerClientProviderStrategy - Pinging docker daemon...
15:14:18.553 [ducttape-0] DEBUG org.testcontainers.shaded.com.github.dockerjava.core.command.AbstrDockerCmd - Cmd: 
15:14:18.655 [ducttape-0] DEBUG org.testcontainers.dockerclient.DockerClientProviderStrategy - Pinging docker daemon...
15:14:18.655 [ducttape-0] DEBUG org.testcontainers.shaded.com.github.dockerjava.core.command.AbstrDockerCmd - Cmd: 
15:14:18.756 [ducttape-0] DEBUG org.testcontainers.dockerclient.DockerClientProviderStrategy - Pinging docker daemon...
15:14:18.756 [ducttape-0] DEBUG org.testcontainers.shaded.com.github.dockerjava.core.command.AbstrDockerCmd - Cmd: 
15:14:18.857 [ducttape-0] DEBUG org.testcontainers.dockerclient.DockerClientProviderStrategy - Pinging docker daemon...
15:14:18.857 [ducttape-0] DEBUG org.testcontainers.shaded.com.github.dockerjava.core.command.AbstrDockerCmd - Cmd: 
15:14:18.958 [ducttape-0] DEBUG org.testcontainers.dockerclient.DockerClientProviderStrategy - Pinging docker daemon...
15:14:18.958 [ducttape-0] DEBUG org.testcontainers.shaded.com.github.dockerjava.core.command.AbstrDockerCmd - Cmd: 
15:14:19.060 [ducttape-0] DEBUG org.testcontainers.dockerclient.DockerClientProviderStrategy - Pinging docker daemon...
15:14:19.060 [ducttape-0] DEBUG org.testcontainers.shaded.com.github.dockerjava.core.command.AbstrDockerCmd - Cmd: 
15:14:19.161 [ducttape-0] DEBUG org.testcontainers.dockerclient.DockerClientProviderStrategy - Pinging docker daemon...
15:14:19.161 [ducttape-0] DEBUG org.testcontainers.shaded.com.github.dockerjava.core.command.AbstrDockerCmd - Cmd: 
15:14:19.262 [ducttape-0] DEBUG org.testcontainers.dockerclient.DockerClientProviderStrategy - Pinging docker daemon...
15:14:19.262 [ducttape-0] DEBUG org.testcontainers.shaded.com.github.dockerjava.core.command.AbstrDockerCmd - Cmd: 
15:14:19.363 [ducttape-0] DEBUG org.testcontainers.dockerclient.DockerClientProviderStrategy - Pinging docker daemon...
15:14:19.364 [ducttape-0] DEBUG org.testcontainers.shaded.com.github.dockerjava.core.command.AbstrDockerCmd - Cmd: 
15:14:19.465 [ducttape-0] DEBUG org.testcontainers.dockerclient.DockerClientProviderStrategy - Pinging docker daemon...
15:14:19.465 [ducttape-0] DEBUG org.testcontainers.shaded.com.github.dockerjava.core.command.AbstrDockerCmd - Cmd: 
15:14:19.566 [ducttape-0] DEBUG org.testcontainers.dockerclient.DockerClientProviderStrategy - Pinging docker daemon...
15:14:19.566 [ducttape-0] DEBUG org.testcontainers.shaded.com.github.dockerjava.core.command.AbstrDockerCmd - Cmd: 
15:14:19.668 [ducttape-0] DEBUG org.testcontainers.dockerclient.DockerClientProviderStrategy - Pinging docker daemon...
15:14:19.668 [ducttape-0] DEBUG org.testcontainers.shaded.com.github.dockerjava.core.command.AbstrDockerCmd - Cmd: 
15:14:19.769 [ducttape-0] DEBUG org.testcontainers.dockerclient.DockerClientProviderStrategy - Pinging docker daemon...
15:14:19.770 [ducttape-0] DEBUG org.testcontainers.shaded.com.github.dockerjava.core.command.AbstrDockerCmd - Cmd: 
15:14:19.871 [ducttape-0] DEBUG org.testcontainers.dockerclient.DockerClientProviderStrategy - Pinging docker daemon...
15:14:19.871 [ducttape-0] DEBUG org.testcontainers.shaded.com.github.dockerjava.core.command.AbstrDockerCmd - Cmd: 
15:14:19.973 [ducttape-0] DEBUG org.testcontainers.dockerclient.DockerClientProviderStrategy - Pinging docker daemon...
15:14:19.973 [ducttape-0] DEBUG org.testcontainers.shaded.com.github.dockerjava.core.command.AbstrDockerCmd - Cmd: 
15:14:20.075 [ducttape-0] DEBUG org.testcontainers.dockerclient.DockerClientProviderStrategy - Pinging docker daemon...
15:14:20.075 [ducttape-0] DEBUG org.testcontainers.shaded.com.github.dockerjava.core.command.AbstrDockerCmd - Cmd: 
15:14:20.176 [ducttape-0] DEBUG org.testcontainers.dockerclient.DockerClientProviderStrategy - Pinging docker daemon...
15:14:20.176 [ducttape-0] DEBUG org.testcontainers.shaded.com.github.dockerjava.core.command.AbstrDockerCmd - Cmd: 
15:14:20.277 [ducttape-0] DEBUG org.testcontainers.dockerclient.DockerClientProviderStrategy - Pinging docker daemon...
15:14:20.277 [ducttape-0] DEBUG org.testcontainers.shaded.com.github.dockerjava.core.command.AbstrDockerCmd - Cmd: 
15:14:20.379 [ducttape-0] DEBUG org.testcontainers.dockerclient.DockerClientProviderStrategy - Pinging docker daemon...
15:14:20.379 [ducttape-0] DEBUG org.testcontainers.shaded.com.github.dockerjava.core.command.AbstrDockerCmd - Cmd: 
15:14:20.480 [ducttape-0] DEBUG org.testcontainers.dockerclient.DockerClientProviderStrategy - Pinging docker daemon...
15:14:20.480 [ducttape-0] DEBUG org.testcontainers.shaded.com.github.dockerjava.core.command.AbstrDockerCmd - Cmd: 
15:14:20.581 [ducttape-0] DEBUG org.testcontainers.dockerclient.DockerClientProviderStrategy - Pinging docker daemon...
15:14:20.581 [ducttape-0] DEBUG org.testcontainers.shaded.com.github.dockerjava.core.command.AbstrDockerCmd - Cmd: 
15:14:20.682 [ducttape-0] DEBUG org.testcontainers.dockerclient.DockerClientProviderStrategy - Pinging docker daemon...
15:14:20.682 [ducttape-0] DEBUG org.testcontainers.shaded.com.github.dockerjava.core.command.AbstrDockerCmd - Cmd: 
15:14:20.783 [ducttape-0] DEBUG org.testcontainers.dockerclient.DockerClientProviderStrategy - Pinging docker daemon...
15:14:20.784 [ducttape-0] DEBUG org.testcontainers.shaded.com.github.dockerjava.core.command.AbstrDockerCmd - Cmd: 
15:14:20.885 [ducttape-0] DEBUG org.testcontainers.dockerclient.DockerClientProviderStrategy - Pinging docker daemon...
15:14:20.885 [ducttape-0] DEBUG org.testcontainers.shaded.com.github.dockerjava.core.command.AbstrDockerCmd - Cmd: 
15:14:20.986 [ducttape-0] DEBUG org.testcontainers.dockerclient.DockerClientProviderStrategy - Pinging docker daemon...
15:14:20.986 [ducttape-0] DEBUG org.testcontainers.shaded.com.github.dockerjava.core.command.AbstrDockerCmd - Cmd: 
15:14:21.087 [ducttape-0] DEBUG org.testcontainers.dockerclient.DockerClientProviderStrategy - Pinging docker daemon...
15:14:21.087 [ducttape-0] DEBUG org.testcontainers.shaded.com.github.dockerjava.core.command.AbstrDockerCmd - Cmd: 
15:14:21.188 [ducttape-0] DEBUG org.testcontainers.dockerclient.DockerClientProviderStrategy - Pinging docker daemon...
15:14:21.188 [ducttape-0] DEBUG org.testcontainers.shaded.com.github.dockerjava.core.command.AbstrDockerCmd - Cmd: 
15:14:21.289 [ducttape-0] DEBUG org.testcontainers.dockerclient.DockerClientProviderStrategy - Pinging docker daemon...
15:14:21.289 [ducttape-0] DEBUG org.testcontainers.shaded.com.github.dockerjava.core.command.AbstrDockerCmd - Cmd: 
15:14:21.390 [ducttape-0] DEBUG org.testcontainers.dockerclient.DockerClientProviderStrategy - Pinging docker daemon...
15:14:21.390 [ducttape-0] DEBUG org.testcontainers.shaded.com.github.dockerjava.core.command.AbstrDockerCmd - Cmd: 
15:14:21.491 [ducttape-0] DEBUG org.testcontainers.dockerclient.DockerClientProviderStrategy - Pinging docker daemon...
15:14:21.491 [ducttape-0] DEBUG org.testcontainers.shaded.com.github.dockerjava.core.command.AbstrDockerCmd - Cmd: 
15:14:21.592 [ducttape-0] DEBUG org.testcontainers.dockerclient.DockerClientProviderStrategy - Pinging docker daemon...
15:14:21.592 [ducttape-0] DEBUG org.testcontainers.shaded.com.github.dockerjava.core.command.AbstrDockerCmd - Cmd: 
15:14:21.693 [ducttape-0] DEBUG org.testcontainers.dockerclient.DockerClientProviderStrategy - Pinging docker daemon...
15:14:21.693 [ducttape-0] DEBUG org.testcontainers.shaded.com.github.dockerjava.core.command.AbstrDockerCmd - Cmd: 
15:14:21.794 [ducttape-0] DEBUG org.testcontainers.dockerclient.DockerClientProviderStrategy - Pinging docker daemon...
15:14:21.795 [ducttape-0] DEBUG org.testcontainers.shaded.com.github.dockerjava.core.command.AbstrDockerCmd - Cmd: 
15:14:21.896 [ducttape-0] DEBUG org.testcontainers.dockerclient.DockerClientProviderStrategy - Pinging docker daemon...
15:14:21.896 [ducttape-0] DEBUG org.testcontainers.shaded.com.github.dockerjava.core.command.AbstrDockerCmd - Cmd: 
15:14:21.997 [ducttape-0] DEBUG org.testcontainers.dockerclient.DockerClientProviderStrategy - Pinging docker daemon...
15:14:21.997 [ducttape-0] DEBUG org.testcontainers.shaded.com.github.dockerjava.core.command.AbstrDockerCmd - Cmd: 
15:14:22.098 [ducttape-0] DEBUG org.testcontainers.dockerclient.DockerClientProviderStrategy - Pinging docker daemon...
15:14:22.098 [ducttape-0] DEBUG org.testcontainers.shaded.com.github.dockerjava.core.command.AbstrDockerCmd - Cmd: 
15:14:22.199 [ducttape-0] DEBUG org.testcontainers.dockerclient.DockerClientProviderStrategy - Pinging docker daemon...
15:14:22.199 [ducttape-0] DEBUG org.testcontainers.shaded.com.github.dockerjava.core.command.AbstrDockerCmd - Cmd: 
15:14:22.300 [ducttape-0] DEBUG org.testcontainers.dockerclient.DockerClientProviderStrategy - Pinging docker daemon...
15:14:22.300 [ducttape-0] DEBUG org.testcontainers.shaded.com.github.dockerjava.core.command.AbstrDockerCmd - Cmd: 
15:14:22.401 [ducttape-0] DEBUG org.testcontainers.dockerclient.DockerClientProviderStrategy - Pinging docker daemon...
15:14:22.401 [ducttape-0] DEBUG org.testcontainers.shaded.com.github.dockerjava.core.command.AbstrDockerCmd - Cmd: 
15:14:22.502 [ducttape-0] DEBUG org.testcontainers.dockerclient.DockerClientProviderStrategy - Pinging docker daemon...
15:14:22.503 [ducttape-0] DEBUG org.testcontainers.shaded.com.github.dockerjava.core.command.AbstrDockerCmd - Cmd: 
15:14:22.604 [ducttape-0] DEBUG org.testcontainers.dockerclient.DockerClientProviderStrategy - Pinging docker daemon...
15:14:22.604 [ducttape-0] DEBUG org.testcontainers.shaded.com.github.dockerjava.core.command.AbstrDockerCmd - Cmd: 
15:14:22.705 [ducttape-0] DEBUG org.testcontainers.dockerclient.DockerClientProviderStrategy - Pinging docker daemon...
15:14:22.705 [ducttape-0] DEBUG org.testcontainers.shaded.com.github.dockerjava.core.command.AbstrDockerCmd - Cmd: 
15:14:22.806 [ducttape-0] DEBUG org.testcontainers.dockerclient.DockerClientProviderStrategy - Pinging docker daemon...
15:14:22.806 [ducttape-0] DEBUG org.testcontainers.shaded.com.github.dockerjava.core.command.AbstrDockerCmd - Cmd: 
15:14:22.907 [ducttape-0] DEBUG org.testcontainers.dockerclient.DockerClientProviderStrategy - Pinging docker daemon...
15:14:22.907 [ducttape-0] DEBUG org.testcontainers.shaded.com.github.dockerjava.core.command.AbstrDockerCmd - Cmd: 
15:14:23.009 [ducttape-0] DEBUG org.testcontainers.dockerclient.DockerClientProviderStrategy - Pinging docker daemon...
15:14:23.009 [ducttape-0] DEBUG org.testcontainers.shaded.com.github.dockerjava.core.command.AbstrDockerCmd - Cmd: 
15:14:23.110 [ducttape-0] DEBUG org.testcontainers.dockerclient.DockerClientProviderStrategy - Pinging docker daemon...
15:14:23.110 [ducttape-0] DEBUG org.testcontainers.shaded.com.github.dockerjava.core.command.AbstrDockerCmd - Cmd: 
15:14:23.211 [ducttape-0] DEBUG org.testcontainers.dockerclient.DockerClientProviderStrategy - Pinging docker daemon...
15:14:23.211 [ducttape-0] DEBUG org.testcontainers.shaded.com.github.dockerjava.core.command.AbstrDockerCmd - Cmd: 
15:14:23.312 [ducttape-0] DEBUG org.testcontainers.dockerclient.DockerClientProviderStrategy - Pinging docker daemon...
15:14:23.312 [ducttape-0] DEBUG org.testcontainers.shaded.com.github.dockerjava.core.command.AbstrDockerCmd - Cmd: 
15:14:23.413 [ducttape-0] DEBUG org.testcontainers.dockerclient.DockerClientProviderStrategy - Pinging docker daemon...
15:14:23.413 [ducttape-0] DEBUG org.testcontainers.shaded.com.github.dockerjava.core.command.AbstrDockerCmd - Cmd: 
15:14:23.514 [ducttape-0] DEBUG org.testcontainers.dockerclient.DockerClientProviderStrategy - Pinging docker daemon...
15:14:23.515 [ducttape-0] DEBUG org.testcontainers.shaded.com.github.dockerjava.core.command.AbstrDockerCmd - Cmd: 
15:14:23.616 [ducttape-0] DEBUG org.testcontainers.dockerclient.DockerClientProviderStrategy - Pinging docker daemon...
15:14:23.616 [ducttape-0] DEBUG org.testcontainers.shaded.com.github.dockerjava.core.command.AbstrDockerCmd - Cmd: 
15:14:23.717 [ducttape-0] DEBUG org.testcontainers.dockerclient.DockerClientProviderStrategy - Pinging docker daemon...
15:14:23.717 [ducttape-0] DEBUG org.testcontainers.shaded.com.github.dockerjava.core.command.AbstrDockerCmd - Cmd: 
15:14:23.818 [ducttape-0] DEBUG org.testcontainers.dockerclient.DockerClientProviderStrategy - Pinging docker daemon...
15:14:23.818 [ducttape-0] DEBUG org.testcontainers.shaded.com.github.dockerjava.core.command.AbstrDockerCmd - Cmd: 
15:14:23.914 [main] DEBUG org.testcontainers.dockerclient.DockerClientProviderStrategy - UnixSocketClientProviderStrategy: failed with exception TimeoutException (Timeout waiting for result with exception). Root cause IOException (native connect() failed : Permission denied)
15:14:23.915 [main] ERROR org.testcontainers.dockerclient.DockerClientProviderStrategy - Could not find a valid Docker environment. Please check configuration. Attempted configurations were:
15:14:23.915 [main] ERROR org.testcontainers.dockerclient.DockerClientProviderStrategy -     UnixSocketClientProviderStrategy: failed with exception TimeoutException (Timeout waiting for result with exception). Root cause IOException (native connect() failed : Permission denied)
15:14:23.915 [main] ERROR org.testcontainers.dockerclient.DockerClientProviderStrategy - As no valid configuration was found, execution cannot continue
15:14:23.919 [ducttape-0] DEBUG org.testcontainers.dockerclient.DockerClientProviderStrategy - Pinging docker daemon...
15:14:23.919 [ducttape-0] DEBUG org.testcontainers.shaded.com.github.dockerjava.core.command.AbstrDockerCmd - Cmd: 
[ERROR] Tests run: 1, Failures: 0, Errors: 1, Skipped: 0, Time elapsed: 30.468 s <<< FAILURE! - in org.togglz.mongodb.MongoStateRepositoryTest
[ERROR] org.togglz.mongodb.MongoStateRepositoryTest  Time elapsed: 30.468 s  <<< ERROR!
java.lang.IllegalStateException: Could not find a valid Docker environment. Please see logs and check configuration
	at org.togglz.mongodb.MongoStateRepositoryTest.beforeClass(MongoStateRepositoryTest.java:26)

[INFO] 
[INFO] Results:
[INFO] 
[ERROR] Errors: 
[ERROR]   MongoStateRepositoryTest.beforeClass:26  IllegalState Could not find a valid ...
[INFO] 
[ERROR] Tests run: 1, Failures: 0, Errors: 1, Skipped: 0
[INFO] 
[INFO] ------------------------------------------------------------------------
[INFO] Reactor Summary for Togglz 2.9.8-SNAPSHOT:
[INFO] 
[INFO] Togglz ............................................. SUCCESS [ 10.860 s]
[INFO] Togglz - Core Framework ............................ SUCCESS [  7.076 s]
[INFO] Togglz - Test Harness .............................. SUCCESS [  0.255 s]
[INFO] Togglz - SLF4J integration ......................... SUCCESS [  0.030 s]
[INFO] Togglz - Servlet integration ....................... SUCCESS [  1.833 s]
[INFO] Togglz - Admin Console ............................. SUCCESS [  0.817 s]
[INFO] Togglz - CDI integration ........................... SUCCESS [  0.926 s]
[INFO] Togglz - Guice integration ......................... SUCCESS [  9.621 s]
[INFO] Togglz - Spring Framework integration .............. SUCCESS [  1.447 s]
[INFO] Togglz - Spring Web integration .................... SUCCESS [  2.700 s]
[INFO] Togglz - Spring Security integration ............... SUCCESS [  1.808 s]
[INFO] Togglz - Spring Boot POM ........................... SUCCESS [  0.015 s]
[INFO] Togglz - Spring Boot Starter ....................... SUCCESS [  4.361 s]
[INFO] Togglz - DeltaSpike integration .................... SUCCESS [  1.034 s]
[INFO] Togglz - Apache Shiro integration .................. SUCCESS [  7.586 s]
[INFO] Togglz - Google App Engine Integration ............. SUCCESS [  2.469 s]
[INFO] Togglz - Google Cloud Datastore Integration ........ SUCCESS [  0.229 s]
[INFO] Togglz - MongoDB integration ....................... FAILURE [ 31.325 s]
[INFO] Togglz - Testing Support ........................... SKIPPED
[INFO] Togglz - JUnit integration ......................... SKIPPED
[INFO] Togglz - Cassandra integration ..................... SKIPPED
[INFO] Togglz - Hazelcast integration ..................... SKIPPED
[INFO] Togglz - Apache Zookeeper Integration .............. SKIPPED
[INFO] Togglz - DynamoDB integration ...................... SKIPPED
[INFO] Togglz - Amazon S3 integration ..................... SKIPPED
[INFO] Togglz - JMH benchmarks ............................ SKIPPED
[INFO] Togglz - Slack integration ......................... SKIPPED
[INFO] Togglz - Redis integration ......................... SKIPPED
[INFO] Togglz - Kotlin wrapper ............................ SKIPPED
[INFO] ------------------------------------------------------------------------
[INFO] BUILD FAILURE
[INFO] ------------------------------------------------------------------------
[INFO] Total time:  01:24 min
[INFO] Finished at: 2023-02-07T15:14:24Z
[INFO] ------------------------------------------------------------------------
[ERROR] Failed to execute goal org.apache.maven.plugins:maven-surefire-plugin:2.22.2:test (default-test) on project togglz-mongodb: There are test failures.
[ERROR] 
[ERROR] Please refer to /home/gabsko/breaking-updates/mongodb/target/surefire-reports for the individual test results.
[ERROR] Please refer to dump files (if any exist) [date].dump, [date]-jvmRun[N].dump and [date].dumpstream.
[ERROR] -> [Help 1]
[ERROR] 
[ERROR] To see the full stack trace of the errors, re-run Maven with the -e switch.
[ERROR] Re-run Maven using the -X switch to enable full debug logging.
[ERROR] 
[ERROR] For more information about the errors and possible solutions, please read the following articles:
[ERROR] [Help 1] http://cwiki.apache.org/confluence/display/MAVEN/MojoFailureException
[ERROR] 
[ERROR] After correcting the problems, you can resume the build with the command
[ERROR]   mvn <args> -rf :togglz-mongodb
