[INFO] Scanning for projects...
[INFO] 
[INFO] -----------------< gov.nasa.gsfc.heasarc:nom-tam-fits >-----------------
[INFO] Building nom.tam FITS library 1.16.1-SNAPSHOT
[INFO] --------------------------------[ jar ]---------------------------------
[INFO] 
[INFO] --- maven-clean-plugin:2.5:clean (default-clean) @ nom-tam-fits ---
[INFO] Deleting /home/gabsko/breaking-updates/target
[INFO] 
[INFO] --- maven-enforcer-plugin:1.0:enforce (enforce-maven) @ nom-tam-fits ---
[INFO] 
[INFO] --- jacoco-maven-plugin:0.8.7:prepare-agent (default-prepare-agent) @ nom-tam-fits ---
[INFO] argLine set to -javaagent:/home/gabsko/.m2/repository/org/jacoco/org.jacoco.agent/0.8.7/org.jacoco.agent-0.8.7-runtime.jar=destfile=/home/gabsko/breaking-updates/target/jacoco.exec
[INFO] 
[INFO] --- license-maven-plugin:2.0.0:update-file-header (first) @ nom-tam-fits ---
[INFO] Adding a license repository jar:file:/home/gabsko/.m2/repository/org/codehaus/mojo/license-maven-plugin/2.0.0/license-maven-plugin-2.0.0.jar!/META-INF/licenses
[INFO] adding extra resolver https://raw.githubusercontent.com/nom-tam-fits/nom-tam-fits/master/src/license
[INFO] Adding a license repository https://raw.githubusercontent.com/nom-tam-fits/nom-tam-fits/master/src/license
[INFO] register GNU Free Documentation License (FDL) version 1.3
[INFO] register GNU General Lesser Public License (LGPL) version 3.0
[INFO] register GNU Affero General Public License (AGPL) version 3.0
[INFO] register GNU General Public License (GPL) version 3.0
[INFO] register GNU General Public License (GPL) version 2.0
[INFO] register GNU General Public License (GPL) version 1.0
[INFO] register Apache License version 2.0
[INFO] register Eclipse Public License - v 2.0 with Secondary License
[INFO] register Eclipse Public License - v 2.0
[INFO] register Eclipse Public License - v 1.0
[INFO] register Eclipse Public + Distribution License - v 1.0
[INFO] register COMMON DEVELOPMENT AND DISTRIBUTION LICENSE (CDDL) Version 1.0
[INFO] register GNU General Lesser Public License (LGPL) version 2.1
[INFO] register MIT-License
[INFO] register BSD 2-Clause License
[INFO] register BSD 3-Clause License
[INFO] register European Union Public License v1.1
[INFO] register Public Domain
[INFO] Will search files to update from root /home/gabsko/breaking-updates/src/main/java
[INFO] Will search files to update from root /home/gabsko/breaking-updates/src/test
[INFO] Scan 309 files header done in 970.786ms.
[INFO] All files are up-to-date.
[INFO] 
[INFO] --- license-maven-plugin:2.0.0:update-project-license (first) @ nom-tam-fits ---
[INFO] Adding a license repository jar:file:/home/gabsko/.m2/repository/org/codehaus/mojo/license-maven-plugin/2.0.0/license-maven-plugin-2.0.0.jar!/META-INF/licenses
[INFO] adding extra resolver https://raw.githubusercontent.com/nom-tam-fits/nom-tam-fits/master/src/license
[INFO] Adding a license repository https://raw.githubusercontent.com/nom-tam-fits/nom-tam-fits/master/src/license
[INFO] register GNU Free Documentation License (FDL) version 1.3
[INFO] register GNU General Lesser Public License (LGPL) version 3.0
[INFO] register GNU Affero General Public License (AGPL) version 3.0
[INFO] register GNU General Public License (GPL) version 3.0
[INFO] register GNU General Public License (GPL) version 2.0
[INFO] register GNU General Public License (GPL) version 1.0
[INFO] register Apache License version 2.0
[INFO] register Eclipse Public License - v 2.0 with Secondary License
[INFO] register Eclipse Public License - v 2.0
[INFO] register Eclipse Public License - v 1.0
[INFO] register Eclipse Public + Distribution License - v 1.0
[INFO] register COMMON DEVELOPMENT AND DISTRIBUTION LICENSE (CDDL) Version 1.0
[INFO] register GNU General Lesser Public License (LGPL) version 2.1
[INFO] register MIT-License
[INFO] register BSD 2-Clause License
[INFO] register BSD 3-Clause License
[INFO] register European Union Public License v1.1
[INFO] register Public Domain
[INFO] Will create or update license file [publicdomain] to /home/gabsko/breaking-updates/LICENSE.txt
[INFO] 
[INFO] --- maven-java-formatter-plugin:0.4:format (default) @ nom-tam-fits ---
[INFO] Using 'UTF-8' encoding to format source files.
[INFO] Number of files to be formatted: 307
[INFO] Successfully formatted: 0 file(s)
[INFO] Fail to format        : 0 file(s)
[INFO] Skipped               : 307 file(s)
[INFO] Approximate time taken: 1s
[INFO] 
[INFO] --- maven-checkstyle-plugin:3.1.2:checkstyle (default) @ nom-tam-fits ---
[WARNING] Old version of checkstyle detected. Consider updating to >= v8.30
[WARNING] For more information see: https://maven.apache.org/plugins/maven-checkstyle-plugin/examples/upgrading-checkstyle.html
[INFO] Starting audit...
Audit done.
[INFO] 
[INFO] --- maven-resources-plugin:2.6:resources (default-resources) @ nom-tam-fits ---
[INFO] Using 'UTF-8' encoding to copy filtered resources.
[INFO] Copying 3 resources
[INFO] Copying 1 resource
[INFO] 
[INFO] --- maven-compiler-plugin:3.8.1:compile (default-compile) @ nom-tam-fits ---
[INFO] Changes detected - recompiling the module!
[INFO] Compiling 217 source files to /home/gabsko/breaking-updates/target/classes
[INFO] /home/gabsko/breaking-updates/src/main/java/nom/tam/fits/header/hierarch/IHierarchKeyFormatter.java: Some input files use or override a deprecated API.
[INFO] /home/gabsko/breaking-updates/src/main/java/nom/tam/fits/header/hierarch/IHierarchKeyFormatter.java: Recompile with -Xlint:deprecation for details.
[INFO] /home/gabsko/breaking-updates/src/main/java/nom/tam/util/array/MultiArrayCopier.java: Some input files use unchecked or unsafe operations.
[INFO] /home/gabsko/breaking-updates/src/main/java/nom/tam/util/array/MultiArrayCopier.java: Recompile with -Xlint:unchecked for details.
[INFO] 
[INFO] --- maven-resources-plugin:2.6:testResources (default-testResources) @ nom-tam-fits ---
[INFO] Using 'UTF-8' encoding to copy filtered resources.
[INFO] Copying 80 resources
[INFO] 
[INFO] --- maven-compiler-plugin:3.8.1:testCompile (default-testCompile) @ nom-tam-fits ---
[INFO] Changes detected - recompiling the module!
[INFO] Compiling 90 source files to /home/gabsko/breaking-updates/target/test-classes
[INFO] /home/gabsko/breaking-updates/src/test/java/nom/tam/fits/HeaderTest.java: Some input files use or override a deprecated API.
[INFO] /home/gabsko/breaking-updates/src/test/java/nom/tam/fits/HeaderTest.java: Recompile with -Xlint:deprecation for details.
[INFO] /home/gabsko/breaking-updates/src/test/java/nom/tam/util/test/ArrayManipulationTest.java: Some input files use unchecked or unsafe operations.
[INFO] /home/gabsko/breaking-updates/src/test/java/nom/tam/util/test/ArrayManipulationTest.java: Recompile with -Xlint:unchecked for details.
[INFO] 
[INFO] --- maven-surefire-plugin:3.0.0-M5:test (default-test) @ nom-tam-fits ---
[INFO] 
[INFO] -------------------------------------------------------
[INFO]  T E S T S
[INFO] -------------------------------------------------------
[INFO] Running nom.tam.image.compression.hdu.CompressedTableBlackBoxTest
[WARNING] Tests run: 13, Failures: 0, Errors: 0, Skipped: 2, Time elapsed: 4.017 s - in nom.tam.image.compression.hdu.CompressedTableBlackBoxTest
[INFO] Running nom.tam.image.compression.hdu.CompressedTableTest
  Binary Table
      Header Information:
          21 fields, 1 rows of length 336
           1:Name=N_RUNS; Format=1QB(24); 
           2:Name=STEP_SIZE; Format=1QB(24); 
           3:Name=OUTPUT_FILE_PATH; Format=1QB(65); 
           4:Name=OUTPUT_FILE; Format=1QB(36); 
           5:Name=OUTPUT_MODE; Format=1QB(24); 
           6:Name=OUTPUT_MAPS; Format=1QB(24); 
           7:Name=OUTPUT_QSIG; Format=1QB(24); 
           8:Name=OUTPUT_VOUT; Format=1QB(24); 
           9:Name=OUTPUT_NSIG; Format=1QB(24); 
           10:Name=OUTPUT_SIGNAL; Format=1QB(24); 
           11:Name=OUTPUT_QBACK; Format=1QB(24); 
           12:Name=PIPELINE_FORMAT; Format=1QB(22); 
           13:Name=PSW_INDEXING; Format=1QB(935); Dimens=(23, 145); 
           14:Name=PMW_INDEXING; Format=1QB(629); Dimens=(23, 94); 
           15:Name=PLW_INDEXING; Format=1QB(351); Dimens=(23, 49); 
           16:Name=PTC_INDEXING; Format=1QB(62); Dimens=(23, 4); 
           17:Name=PSW_NAME; Format=1QB(286); Dimens=(6, 143); 
           18:Name=PMW_NAME; Format=1QB(200); Dimens=(6, 92); 
           19:Name=PLW_NAME; Format=1QB(125); Dimens=(6, 47); 
           20:Name=CREATOR; Format=1QB(27); 
           21:Name=START_DATE; Format=1QB(44); 
      Data Information:
          Number of rows=1
          Number of columns=21
          Heap size is: 2998 bytes
           0:long[2]
           1:long[2]
           2:long[2]
           3:long[2]
           4:long[2]
           5:long[2]
           6:long[2]
           7:long[2]
           8:long[2]
           9:long[2]
           10:long[2]
           11:long[2]
           12:long[2]
           13:long[2]
           14:long[2]
           15:long[2]
           16:long[2]
           17:long[2]
           18:long[2]
           19:long[2]
           20:long[2]
  Binary Table
      Header Information:
          1 fields, 1 rows of length 16
           1:Format=1QB(8800); Dimens=(5,5); 
      Data Information:
          Number of rows=1
          Number of columns=1
          Heap size is: 8800 bytes
           0:long[2]
[INFO] Tests run: 4, Failures: 0, Errors: 0, Skipped: 0, Time elapsed: 1.185 s - in nom.tam.image.compression.hdu.CompressedTableTest
[INFO] Running nom.tam.image.compression.tile.TileCompressorProviderTest
[INFO] Tests run: 18, Failures: 0, Errors: 0, Skipped: 0, Time elapsed: 0.097 s - in nom.tam.image.compression.tile.TileCompressorProviderTest
[INFO] Running nom.tam.image.compression.tile.mask.ImageMaskTest
[INFO] Tests run: 10, Failures: 0, Errors: 0, Skipped: 0, Time elapsed: 0.009 s - in nom.tam.image.compression.tile.mask.ImageMaskTest
[INFO] Running nom.tam.image.tile.operation.TileAreaTest
[INFO] Tests run: 1, Failures: 0, Errors: 0, Skipped: 0, Time elapsed: 0 s - in nom.tam.image.tile.operation.TileAreaTest
[INFO] Running nom.tam.image.StandardImageTilerTest
[INFO] Tests run: 7, Failures: 0, Errors: 0, Skipped: 0, Time elapsed: 0 s - in nom.tam.image.StandardImageTilerTest
[INFO] Running nom.tam.util.HashedListTest
[INFO] Tests run: 15, Failures: 0, Errors: 0, Skipped: 0, Time elapsed: 0.001 s - in nom.tam.util.HashedListTest
[INFO] Running nom.tam.util.PrimitiveTypeTest
[INFO] Tests run: 15, Failures: 0, Errors: 0, Skipped: 0, Time elapsed: 0.001 s - in nom.tam.util.PrimitiveTypeTest
[INFO] Running nom.tam.util.FitsStreamTest
[INFO] Tests run: 1, Failures: 0, Errors: 0, Skipped: 0, Time elapsed: 0 s - in nom.tam.util.FitsStreamTest
[INFO] Running nom.tam.util.DeprecatedTest
[INFO] Tests run: 15, Failures: 0, Errors: 0, Skipped: 0, Time elapsed: 0.002 s - in nom.tam.util.DeprecatedTest
[INFO] Running nom.tam.util.FlexFormatTest
[INFO] Tests run: 2, Failures: 0, Errors: 0, Skipped: 0, Time elapsed: 0 s - in nom.tam.util.FlexFormatTest
[INFO] Running nom.tam.util.ByteArrayIOTest
[INFO] Tests run: 21, Failures: 0, Errors: 0, Skipped: 0, Time elapsed: 0.002 s - in nom.tam.util.ByteArrayIOTest
[INFO] Running nom.tam.util.FitsDecoderTest
[INFO] Tests run: 16, Failures: 0, Errors: 0, Skipped: 0, Time elapsed: 0.015 s - in nom.tam.util.FitsDecoderTest
[INFO] Running nom.tam.util.FitsFileTest
[INFO] Tests run: 4, Failures: 0, Errors: 0, Skipped: 0, Time elapsed: 0.001 s - in nom.tam.util.FitsFileTest
[INFO] Running nom.tam.util.ArrayStreamTest
[INFO] Tests run: 2, Failures: 0, Errors: 0, Skipped: 0, Time elapsed: 0.001 s - in nom.tam.util.ArrayStreamTest
[INFO] Running nom.tam.util.test.ExtraTest
[INFO] Tests run: 2, Failures: 0, Errors: 0, Skipped: 0, Time elapsed: 0.001 s - in nom.tam.util.test.ExtraTest
[INFO] Running nom.tam.util.test.StreamTest
[INFO] Tests run: 38, Failures: 0, Errors: 0, Skipped: 0, Time elapsed: 0.012 s - in nom.tam.util.test.StreamTest
[INFO] Running nom.tam.util.test.ArrayManipulationTest
[INFO] Tests run: 6, Failures: 0, Errors: 0, Skipped: 0, Time elapsed: 0 s - in nom.tam.util.test.ArrayManipulationTest
[INFO] Running nom.tam.util.test.StreamFileTest
[INFO] Tests run: 17, Failures: 0, Errors: 0, Skipped: 0, Time elapsed: 0.001 s - in nom.tam.util.test.StreamFileTest
[INFO] Running nom.tam.util.test.ArrayFuncs2Test
[INFO] Tests run: 10, Failures: 0, Errors: 0, Skipped: 0, Time elapsed: 0.414 s - in nom.tam.util.test.ArrayFuncs2Test
[INFO] Running nom.tam.util.test.FitsDateTest
[INFO] Tests run: 11, Failures: 0, Errors: 0, Skipped: 0, Time elapsed: 0.01 s - in nom.tam.util.test.FitsDateTest
[INFO] Running nom.tam.util.test.ByteFormatParseTest
[INFO] Tests run: 21, Failures: 0, Errors: 0, Skipped: 0, Time elapsed: 0.007 s - in nom.tam.util.test.ByteFormatParseTest
[INFO] Running nom.tam.util.test.BigFileTest
BIGFILETEST environment not set.  Returning without test
[INFO] Tests run: 1, Failures: 0, Errors: 0, Skipped: 0, Time elapsed: 0.001 s - in nom.tam.util.test.BigFileTest
[INFO] Running nom.tam.util.test.BufferedFileTest
Allocating arrays.
Initializing arrays -- may take a while
Standard I/O library: java.io.RandomAccessFile
  RAF Int write: 666.6666666666666
  RAF Int read:  1142.857142857143
  SyncRAF Int write: 800.0
  SyncRAF Int read:  1142.857142857143
Standard I/O library: java.io.DataXXputStream
                      layered atop a BufferedXXputStream
  DIS Int write: 82474.22680412371
  DIS Int read:  207792.2077922078
  DIS Int write: 18946.121965660153
  DIS Int read:  210526.31578947368
New libraries:  nom.tam.BufferedDataXXputStream
                Using non-tiledImageOperation I/O
  BDS Int write: 94674.55621301776
  BDS Int read:  93023.25581395348
New libraries: nom.tam.util.BufferedFile
               Using tiledImageOperation I/O methods.
  BF  Dbl write: 735632.183908046
  BF  Flt write: 603773.5849056604
  BF  Int write: 405063.2911392405
  BF  Lng write: 703296.7032967033
  BF  Sht write: 228571.42857142858
  BF  Chr write: 192771.0843373494
  BF  Byt write: 1333333.3333333333
  BF  Boo write: 93023.25581395348
  BF  Dbl read:  771084.3373493976
  BF  Flt read:  421052.63157894736
  BF  Int read:  426666.6666666667
  BF  Lng read:  780487.8048780488
  BF  Sht read:  216216.2162162162
  BF  Chr read:  173913.04347826086
  BF  Byt read:  4000000.0
  BF  Boo read:  85106.3829787234
BufferedFile Verification:
  Arrays:
  Scalars:
  Multi: odd rows should match
      0 0 0
      1 1 1
      2 2 0
      3 3 3
      4 4 0
      5 5 5
      6 6 0
      7 7 7
      8 8 0
      9 9 9
Done BufferedFile Tests
New libraries: nom.tam.util.BufferedDataXXputStream
               Using tiledImageOperation I/O methods
  BDS Dbl write: 680851.0638297872
  BDS Flt write: 367816.091954023
  BDS Int write: 426666.6666666667
  BDS Lng write: 810126.582278481
  BDS Sht write: 250000.0
  BDS Chr write: 231884.0579710145
  BDS Byt write: 1600000.0
  BDS Boo write: 133333.33333333334
  BDS Dbl read:  633663.3663366337
  BDS Flt read:  492307.6923076923
  BDS Int read:  561403.5087719298
  BDS Lng read:  1015873.0158730159
  BDS Sht read:  258064.51612903227
  BDS Chr read:  280701.7543859649
  BDS Byt read:  4000000.0
  BDS Boo read:  103896.1038961039
Multiread:0
Multiread:1
Multiread:2
Multiread:3
Multiread:4
Stream Verification:
  Arrays:
  Scalars:
  Multi: odd rows should match
      0 0 0
      1 1 1
      2 2 0
      3 3 3
      4 4 0
      5 5 5
      6 6 0
      7 7 7
      8 8 0
      9 9 9
Done BufferedStream Tests
[INFO] Tests run: 10, Failures: 0, Errors: 0, Skipped: 0, Time elapsed: 7.469 s - in nom.tam.util.test.BufferedFileTest
[INFO] Running nom.tam.util.test.ArrayFuncsTest
copyArray
testPattern
curl
floatArrayEquals
getBaseClass
generateArray
nElements
computeSize
arrayEquals
copyInto
genericClone
mimicArray
convertArray
doubleArrayEquals
getDimensions
[INFO] Tests run: 41, Failures: 0, Errors: 0, Skipped: 0, Time elapsed: 0.009 s - in nom.tam.util.test.ArrayFuncsTest
[INFO] Running nom.tam.util.FitsEncoderTest
[INFO] Tests run: 5, Failures: 0, Errors: 0, Skipped: 0, Time elapsed: 0 s - in nom.tam.util.FitsEncoderTest
[INFO] Running nom.tam.util.type.DeprecatedTest
[INFO] Tests run: 2, Failures: 0, Errors: 0, Skipped: 0, Time elapsed: 0 s - in nom.tam.util.type.DeprecatedTest
[INFO] Running nom.tam.util.type.ElementTypeTest
[INFO] Tests run: 18, Failures: 0, Errors: 0, Skipped: 0, Time elapsed: 0.002 s - in nom.tam.util.type.ElementTypeTest
[INFO] Running nom.tam.util.BufferedFileTest
[INFO] Tests run: 6, Failures: 0, Errors: 0, Skipped: 0, Time elapsed: 0.003 s - in nom.tam.util.BufferedFileTest
[INFO] Running nom.tam.util.BufferedFileIOTest
[INFO] Tests run: 13, Failures: 0, Errors: 0, Skipped: 0, Time elapsed: 0.005 s - in nom.tam.util.BufferedFileIOTest
[INFO] Running nom.tam.util.DefaultMethodsTest
[INFO] Tests run: 6, Failures: 0, Errors: 0, Skipped: 0, Time elapsed: 0.004 s - in nom.tam.util.DefaultMethodsTest
[INFO] Running nom.tam.util.ComplexValueTest
[INFO] Tests run: 23, Failures: 0, Errors: 0, Skipped: 0, Time elapsed: 0.027 s - in nom.tam.util.ComplexValueTest
[INFO] Running nom.tam.fits.compression.TileCompressorControlNameComputerTest
[INFO] Tests run: 6, Failures: 0, Errors: 0, Skipped: 0, Time elapsed: 0 s - in nom.tam.fits.compression.TileCompressorControlNameComputerTest
[INFO] Running nom.tam.fits.compression.ReadWriteProvidedCompressedImageTest
Asserting image data! 1
Asserting image data! 2
Asserting image data! 3
Asserting image data! 4
Asserting image data! 5
Asserting image data! 6
Asserting image data! 7
Asserting image data! 8
Asserting image data! 9
Asserting image data! 10
Asserting image data! 11
Asserting image data! 12
Asserting image data! 13
Asserting image data! 14
Asserting image data! 15
Asserting image data! 16
Asserting image data! 17
Asserting image data! 18
Asserting image data! 19
Asserting image data! 20
Asserting image data! 21
Asserting image data! 22
Asserting image data! 23
Asserting image data! 24
Asserting image data! 25
Asserting image data! 26
Asserting image data! 27
Asserting image data! 28
Asserting image data! 29
Asserting image data! 30
Asserting image data! 31
Asserting image data! 32
Asserting image data! 33
Asserting image data! 34
[INFO] Tests run: 36, Failures: 0, Errors: 0, Skipped: 0, Time elapsed: 116.682 s - in nom.tam.fits.compression.ReadWriteProvidedCompressedImageTest
[INFO] Running nom.tam.fits.compression.provider.CompressionProviderTest
[INFO] Tests run: 2, Failures: 0, Errors: 0, Skipped: 0, Time elapsed: 0 s - in nom.tam.fits.compression.provider.CompressionProviderTest
[INFO] Running nom.tam.fits.compression.algorithm.uncompressed.UnCompressedCompressTest
[INFO] Tests run: 6, Failures: 0, Errors: 0, Skipped: 0, Time elapsed: 0.002 s - in nom.tam.fits.compression.algorithm.uncompressed.UnCompressedCompressTest
[INFO] Running nom.tam.fits.compression.algorithm.hcompress.HCompressTest
[INFO] Tests run: 12, Failures: 0, Errors: 0, Skipped: 0, Time elapsed: 0.061 s - in nom.tam.fits.compression.algorithm.hcompress.HCompressTest
[INFO] Running nom.tam.fits.compression.algorithm.gzip.GZipCompressTest
[INFO] Tests run: 17, Failures: 0, Errors: 0, Skipped: 0, Time elapsed: 0.017 s - in nom.tam.fits.compression.algorithm.gzip.GZipCompressTest
[INFO] Running nom.tam.fits.compression.algorithm.gzip2.GZip2CompressTest
[INFO] Tests run: 17, Failures: 0, Errors: 0, Skipped: 0, Time elapsed: 0.008 s - in nom.tam.fits.compression.algorithm.gzip2.GZip2CompressTest
[INFO] Running nom.tam.fits.compression.algorithm.plio.PLIOCompressTest
[INFO] Tests run: 5, Failures: 0, Errors: 0, Skipped: 0, Time elapsed: 0.014 s - in nom.tam.fits.compression.algorithm.plio.PLIOCompressTest
[INFO] Running nom.tam.fits.compression.algorithm.rice.RiceCompressTest
[INFO] Tests run: 7, Failures: 0, Errors: 0, Skipped: 0, Time elapsed: 0.005 s - in nom.tam.fits.compression.algorithm.rice.RiceCompressTest
[INFO] Running nom.tam.fits.compression.algorithm.quant.QuantizeTest
[INFO] Tests run: 14, Failures: 0, Errors: 0, Skipped: 0, Time elapsed: 0.013 s - in nom.tam.fits.compression.algorithm.quant.QuantizeTest
[INFO] Running nom.tam.fits.TruncatedFileExceptionTest
[INFO] Tests run: 2, Failures: 0, Errors: 0, Skipped: 0, Time elapsed: 0 s - in nom.tam.fits.TruncatedFileExceptionTest
[INFO] Running nom.tam.fits.ProtectedFitsTest
[INFO] Tests run: 4, Failures: 0, Errors: 0, Skipped: 0, Time elapsed: 0.002 s - in nom.tam.fits.ProtectedFitsTest
[INFO] Running nom.tam.fits.BasicHduFailureTest
[INFO] Tests run: 9, Failures: 0, Errors: 0, Skipped: 0, Time elapsed: 0.005 s - in nom.tam.fits.BasicHduFailureTest
[INFO] Running nom.tam.fits.FitsHeapTest
[INFO] Tests run: 8, Failures: 0, Errors: 0, Skipped: 0, Time elapsed: 0.26 s - in nom.tam.fits.FitsHeapTest
[INFO] Running nom.tam.fits.DeprecatedTest
[INFO] Tests run: 1, Failures: 0, Errors: 0, Skipped: 0, Time elapsed: 0 s - in nom.tam.fits.DeprecatedTest
[INFO] Running nom.tam.fits.test.PaddingTest
[INFO] Tests run: 2, Failures: 0, Errors: 0, Skipped: 0, Time elapsed: 0 s - in nom.tam.fits.test.PaddingTest
[INFO] Running nom.tam.fits.test.FitsFactoryTest
[INFO] Tests run: 2, Failures: 0, Errors: 0, Skipped: 0, Time elapsed: 0 s - in nom.tam.fits.test.FitsFactoryTest
[INFO] Running nom.tam.fits.test.AsciiTableTest
[INFO] Tests run: 36, Failures: 0, Errors: 0, Skipped: 0, Time elapsed: 0.021 s - in nom.tam.fits.test.AsciiTableTest
[INFO] Running nom.tam.fits.test.HeaderCardTest
[INFO] Tests run: 93, Failures: 0, Errors: 0, Skipped: 0, Time elapsed: 0.031 s - in nom.tam.fits.test.HeaderCardTest
[INFO] Running nom.tam.fits.test.HeaderCardStaticTest
[INFO] Tests run: 13, Failures: 0, Errors: 0, Skipped: 0, Time elapsed: 0 s - in nom.tam.fits.test.HeaderCardStaticTest
[INFO] Running nom.tam.fits.test.ChecksumTest
SIMPLE  =                    T / XXX                                            
BITPIX  =                    8 / bits per data value                            
NAXIS   =                    2 / number of axes                                 
NAXIS1  =                 1440 / size of the n'th axis                          
NAXIS2  =                    2 / size of the n'th axis                          
EXTEND  =                    T / Extensions are permitted                       
PCOUNT  =                    0 / Required value                                 
GCOUNT  =                    1 / Required value                                 
CHECKSUM= 'CVfXFTeVCTeVCTeV'   / checksum for the current HDU                   
DATASUM = '4294967295'         / checksum of the data records                   
END                                                                             
[INFO] Tests run: 6, Failures: 0, Errors: 0, Skipped: 0, Time elapsed: 0.002 s - in nom.tam.fits.test.ChecksumTest
[INFO] Running nom.tam.fits.test.RandomGroupsTest
[INFO] Tests run: 4, Failures: 0, Errors: 0, Skipped: 0, Time elapsed: 0.003 s - in nom.tam.fits.test.RandomGroupsTest
[INFO] Running nom.tam.fits.test.LongCommentCardTest
[INFO] Tests run: 1, Failures: 0, Errors: 0, Skipped: 0, Time elapsed: 0 s - in nom.tam.fits.test.LongCommentCardTest
[INFO] Running nom.tam.fits.test.MiscTest
---xx''   ---

comment:null
---xx'test'   / ---
test
comment:null
---xx''''  ---
'
comment:null
---xx'test''' /    ---
test'
comment:null
---xx'test''a''aaa' /---
test'a'aaa
comment:null
---xx'' / yy---

comment:yy
---xx'test' / yy---
test
comment:yy
---xx'''' / yy    ---
'
comment:yy
---xx'test''' / yy    ---
test'
comment:yy
---xx'test''a''aaa' / yy                    ---
test'a'aaa
comment:yy
---xx'test''a''aaa              ' / yy                    ---
test'a'aaa              
comment:yy
[INFO] Tests run: 2, Failures: 0, Errors: 0, Skipped: 0, Time elapsed: 0 s - in nom.tam.fits.test.MiscTest
[INFO] Running nom.tam.fits.test.EnumHeaderTest
[INFO] Tests run: 9, Failures: 0, Errors: 0, Skipped: 0, Time elapsed: 0.02 s - in nom.tam.fits.test.EnumHeaderTest
[INFO] Running nom.tam.fits.test.CompressTest
File is:/home/gabsko/breaking-updates
http://localhost:9999/relocate2/rp600245n00_im1.fits.Z
http://localhost:9999/relocate1/rp600245n00_im1.fits.Z
http://localhost:9999/rp600245n00_im1.fits.Z
http://localhost:9999/relocate899/rp600245n00_im1.fits.Z
http://localhost:9999/relocate898/rp600245n00_im1.fits.Z
http://localhost:9999/relocate897/rp600245n00_im1.fits.Z
http://localhost:9999/relocate896/rp600245n00_im1.fits.Z
http://localhost:9999/relocate895/rp600245n00_im1.fits.Z
http://localhost:9999/relocate894/rp600245n00_im1.fits.Z
http://localhost:9999/relocate893/rp600245n00_im1.fits.Z
http://localhost:9999/relocate892/rp600245n00_im1.fits.Z
http://localhost:9999/relocate891/rp600245n00_im1.fits.Z
http://localhost:9999/relocate890/rp600245n00_im1.fits.Z
http://localhost:9999/relocate889/rp600245n00_im1.fits.Z
http://localhost:9999/relocate888/rp600245n00_im1.fits.Z
http://localhost:9999/relocate887/rp600245n00_im1.fits.Z
http://localhost:9999/relocate886/rp600245n00_im1.fits.Z
http://localhost:9999/relocate885/rp600245n00_im1.fits.Z
http://localhost:9999/relocate884/rp600245n00_im1.fits.Z
http://localhost:9999/relocate883/rp600245n00_im1.fits.Z
http://localhost:9999/relocate882/rp600245n00_im1.fits.Z
http://localhost:9999/relocate881/rp600245n00_im1.fits.Z
http://localhost:9999/relocate880/rp600245n00_im1.fits.Z
[INFO] Tests run: 30, Failures: 0, Errors: 0, Skipped: 0, Time elapsed: 0.293 s - in nom.tam.fits.test.CompressTest
[INFO] Running nom.tam.fits.test.BaseFitsTest
  Binary Table
      Header Information:
          5 fields, 50 rows of length 39
           1:Format=1E; 
           2:Format=1J; 
           3:Format=1K; 
           4:Format=1D; 
           5:Format=15A; Dimens=(15); 
      Data Information:
          Number of rows=50
          Number of columns=5
           0:float[50]
           1:int[50]
           2:long[50]
           3:double[50]
           4:byte[750]
  Binary Table
      Header Information:
          5 fields, 50 rows of length 39
           1:Format=1E; 
           2:Format=1J; 
           3:Format=1K; 
           4:Format=1D; 
           5:Format=15A; Dimens=(15); 
      Data Information:
          Number of rows=50
          Number of columns=5
           0:float[50]
           1:int[50]
           2:long[50]
           3:double[50]
           4:byte[750]
ASCII Table:
  Header:
    Number of fields:5
    Number of rows:  50
    Length of row:   90
  Data:
      0:float[50]
      1:int[50]
      2:long[50]
      3:double[50]
      4:String[50]
ASCII Table:
  Header:
    Number of fields:5
    Number of rows:  50
    Length of row:   90
  Data:
      0:float[50]
      1:int[50]
      2:long[50]
      3:double[50]
      4:String[50]
[INFO] Tests run: 49, Failures: 0, Errors: 0, Skipped: 0, Time elapsed: 0.07 s - in nom.tam.fits.test.BaseFitsTest
[INFO] Running nom.tam.fits.test.FitsLineAppenderTest
[INFO] Tests run: 3, Failures: 0, Errors: 0, Skipped: 0, Time elapsed: 0.001 s - in nom.tam.fits.test.FitsLineAppenderTest
[INFO] Running nom.tam.fits.test.BinaryTableTest
  A warning about invalid ASCII strings should follow.
Wrote file bt12.fits
0  abcdefghijklmnopqrstuvwxyz :: abcdefghijklmnopqrstuvwxyz true
1  a :: a true
2  ab :: ab true
3  abc :: abc true
4  abcd :: abcd true
5  abcde :: abcde true
6  abcdef :: abcdef true
7  abcdefg :: abcdefg true
8  abcdefgh :: abcdefgh true
9  abcdefghi :: abcdefghi true
10  abcdefghij :: abcdefghij true
11  abcdefghijk :: abcdefghijk true
12  abcdefghijkl :: abcdefghijkl true
13  abcdefghijklm :: abcdefghijklm true
14  abcdefghijklmn :: abcdefghijklmn true
15  abcdefghijklmno :: abcdefghijklmno true
16  abcdefghijklmnop :: abcdefghijklmnop true
17  abcdefghijklmnopq :: abcdefghijklmnopq true
18  abcdefghijklmnopqr :: abcdefghijklmnopqr true
19  abcdefghijklmnopqrs :: abcdefghijklmnopqrs true
20   ::  true
21  a :: a true
22  ab :: ab true
23  abc :: abc true
24  abcd :: abcd true
25  abcde :: abcde true
26  abcdef :: abcdef true
27  abcdefg :: abcdefg true
28  abcdefgh :: abcdefgh true
29  abcdefghi :: abcdefghi true
30  abcdefghij :: abcdefghij true
31  abcdefghijk :: abcdefghijk true
32  abcdefghijkl :: abcdefghijkl true
33  abcdefghijklm :: abcdefghijklm true
34  abcdefghijklmn :: abcdefghijklmn true
35  abcdefghijklmno :: abcdefghijklmno true
36  abcdefghijklmnop :: abcdefghijklmnop true
37  abcdefghijklmnopq :: abcdefghijklmnopq true
38  abcdefghijklmnopqr :: abcdefghijklmnopqr true
39  abcdefghijklmnopqrs :: abcdefghijklmnopqrs true
40   ::  true
41  a :: a true
42  ab :: ab true
43  abc :: abc true
44  abcd :: abcd true
45  abcde :: abcde true
46  abcdef :: abcdef true
47  abcdefg :: abcdefg true
48  abcdefgh :: abcdefgh true
49  abcdefghi :: abcdefghi true
[INFO] Tests run: 50, Failures: 0, Errors: 0, Skipped: 0, Time elapsed: 0.088 s - in nom.tam.fits.test.BinaryTableTest
[INFO] Running nom.tam.fits.test.BuilderApiTest
[INFO] Tests run: 1, Failures: 0, Errors: 0, Skipped: 0, Time elapsed: 0 s - in nom.tam.fits.test.BuilderApiTest
[INFO] Running nom.tam.fits.test.HeaderCardExceptionsTest
[INFO] Tests run: 33, Failures: 0, Errors: 0, Skipped: 0, Time elapsed: 0.004 s - in nom.tam.fits.test.HeaderCardExceptionsTest
[INFO] Running nom.tam.fits.test.JunkTest
[INFO] Tests run: 1, Failures: 0, Errors: 0, Skipped: 0, Time elapsed: 0.002 s - in nom.tam.fits.test.JunkTest
[INFO] Running nom.tam.fits.test.ImageTest
[INFO] Tests run: 5, Failures: 0, Errors: 0, Skipped: 0, Time elapsed: 0.017 s - in nom.tam.fits.test.ImageTest
[INFO] Running nom.tam.fits.test.DupTest
Number of duplicates:71
[INFO] Tests run: 1, Failures: 0, Errors: 0, Skipped: 0, Time elapsed: 0.001 s - in nom.tam.fits.test.DupTest
[INFO] Running nom.tam.fits.test.TilerTest
[INFO] Tests run: 6, Failures: 0, Errors: 0, Skipped: 0, Time elapsed: 0.078 s - in nom.tam.fits.test.TilerTest
[INFO] Running nom.tam.fits.test.UserProvidedTest
[ERROR] Tests run: 10, Failures: 0, Errors: 1, Skipped: 0, Time elapsed: 4.644 s <<< FAILURE! - in nom.tam.fits.test.UserProvidedTest
[ERROR] nom.tam.fits.test.UserProvidedTest.testInvalidHeaderProblem  Time elapsed: 3.902 s  <<< ERROR!
java.lang.UnsupportedOperationException: could not get blackbox image from anywhere
	at nom.tam.fits.test.UserProvidedTest.testInvalidHeaderProblem(UserProvidedTest.java:372)

[INFO] Running nom.tam.fits.test.TestMain
[INFO] Tests run: 7, Failures: 0, Errors: 0, Skipped: 0, Time elapsed: 0.001 s - in nom.tam.fits.test.TestMain
[INFO] Running nom.tam.fits.FitsDateTest
[INFO] Tests run: 1, Failures: 0, Errors: 0, Skipped: 0, Time elapsed: 0.004 s - in nom.tam.fits.FitsDateTest
[INFO] Running nom.tam.fits.HeaderTest
[INFO] Tests run: 52, Failures: 0, Errors: 0, Skipped: 0, Time elapsed: 0.504 s - in nom.tam.fits.HeaderTest
[INFO] Running nom.tam.fits.HeaderProtectedTest
[INFO] Tests run: 7, Failures: 0, Errors: 0, Skipped: 0, Time elapsed: 0.002 s - in nom.tam.fits.HeaderProtectedTest
[INFO] Running nom.tam.fits.ImageProtectedTest
[INFO] Tests run: 12, Failures: 0, Errors: 0, Skipped: 0, Time elapsed: 0.006 s - in nom.tam.fits.ImageProtectedTest
[INFO] Running nom.tam.fits.BitpixTest
[INFO] Tests run: 21, Failures: 0, Errors: 0, Skipped: 0, Time elapsed: 0.003 s - in nom.tam.fits.BitpixTest
[INFO] Running nom.tam.fits.HeaderOrderTest
[INFO] Tests run: 5, Failures: 0, Errors: 0, Skipped: 0, Time elapsed: 0 s - in nom.tam.fits.HeaderOrderTest
[INFO] Running nom.tam.manual.intergration.UtilTest
[WARNING] Tests run: 2, Failures: 0, Errors: 0, Skipped: 2, Time elapsed: 0 s - in nom.tam.manual.intergration.UtilTest
[INFO] Running nom.tam.manual.intergration.VeryBigFileTest
[WARNING] Tests run: 1, Failures: 0, Errors: 0, Skipped: 1, Time elapsed: 0 s - in nom.tam.manual.intergration.VeryBigFileTest
[INFO] Running nom.tam.manual.intergration.TestFitsFileWithVeryBigHeaders
[WARNING] Tests run: 2, Failures: 0, Errors: 0, Skipped: 2, Time elapsed: 0 s - in nom.tam.manual.intergration.TestFitsFileWithVeryBigHeaders
[INFO] 
[INFO] Results:
[INFO] 
[ERROR] Errors: 
[ERROR]   UserProvidedTest.testInvalidHeaderProblem:372 Â» UnsupportedOperation could not...
[INFO] 
[ERROR] Tests run: 987, Failures: 0, Errors: 1, Skipped: 7
[INFO] 
[INFO] ------------------------------------------------------------------------
[INFO] BUILD FAILURE
[INFO] ------------------------------------------------------------------------
[INFO] Total time:  02:26 min
[INFO] Finished at: 2023-02-07T11:14:18Z
[INFO] ------------------------------------------------------------------------
[ERROR] Failed to execute goal org.apache.maven.plugins:maven-surefire-plugin:3.0.0-M5:test (default-test) on project nom-tam-fits: There are test failures.
[ERROR] 
[ERROR] Please refer to /home/gabsko/breaking-updates/target/surefire-reports for the individual test results.
[ERROR] Please refer to dump files (if any exist) [date].dump, [date]-jvmRun[N].dump and [date].dumpstream.
[ERROR] -> [Help 1]
[ERROR] 
[ERROR] To see the full stack trace of the errors, re-run Maven with the -e switch.
[ERROR] Re-run Maven using the -X switch to enable full debug logging.
[ERROR] 
[ERROR] For more information about the errors and possible solutions, please read the following articles:
[ERROR] [Help 1] http://cwiki.apache.org/confluence/display/MAVEN/MojoFailureException
