[INFO] Scanning for projects...
[INFO] ------------------------------------------------------------------------
[INFO] Reactor Build Order:
[INFO] 
[INFO] billy                                                              [pom]
[INFO] billy core                                                         [jar]
[INFO] billy core JPA                                                     [jar]
[INFO] billy GIN                                                          [jar]
[INFO] billy portugal (PT Pack)                                           [jar]
[INFO] billy spain (ES Pack)                                              [jar]
[INFO] billy france (FR Pack)                                             [jar]
[INFO] 
[INFO] -----------------------< com.premiumminds:billy >-----------------------
[INFO] Building billy 6.0.0-SNAPSHOT                                      [1/7]
[INFO] --------------------------------[ pom ]---------------------------------
[INFO] 
[INFO] --- maven-clean-plugin:2.5:clean (default-clean) @ billy ---
[INFO] 
[INFO] --- license-maven-plugin:4.1:format (format-headers) @ billy ---
[INFO] Updating license headers...
[INFO] 
[INFO] --------------------< com.premiumminds:billy-core >---------------------
[INFO] Building billy core 6.0.0-SNAPSHOT                                 [2/7]
[INFO] --------------------------------[ jar ]---------------------------------
[INFO] Downloading from central: https://repo.maven.apache.org/maven2/jakarta/el/jakarta.el-api/3.0.3/jakarta.el-api-3.0.3.jar
[INFO] Downloading from central: https://repo.maven.apache.org/maven2/org/hibernate/validator/hibernate-validator/6.1.7.Final/hibernate-validator-6.1.7.Final.jar
[INFO] Downloaded from central: https://repo.maven.apache.org/maven2/jakarta/el/jakarta.el-api/3.0.3/jakarta.el-api-3.0.3.jar (80 kB at 237 kB/s)
[INFO] Downloaded from central: https://repo.maven.apache.org/maven2/org/hibernate/validator/hibernate-validator/6.1.7.Final/hibernate-validator-6.1.7.Final.jar (1.3 MB at 3.2 MB/s)
[INFO] 
[INFO] --- maven-clean-plugin:2.5:clean (default-clean) @ billy-core ---
[INFO] Deleting /home/gabsko/breaking-updates/billy-core/target
[INFO] 
[INFO] --- maven-resources-plugin:2.6:resources (default-resources) @ billy-core ---
[INFO] Using 'UTF-8' encoding to copy filtered resources.
[INFO] Copying 5 resources
[INFO] 
[INFO] --- maven-compiler-plugin:3.10.0:compile (default-compile) @ billy-core ---
[INFO] Changes detected - recompiling the module!
[INFO] Compiling 126 source files to /home/gabsko/breaking-updates/billy-core/target/classes
[INFO] /home/gabsko/breaking-updates/billy-core/src/main/java/com/premiumminds/billy/core/services/builders/impl/AbstractBuilder.java: Some input files use unchecked or unsafe operations.
[INFO] /home/gabsko/breaking-updates/billy-core/src/main/java/com/premiumminds/billy/core/services/builders/impl/AbstractBuilder.java: Recompile with -Xlint:unchecked for details.
[INFO] 
[INFO] --- license-maven-plugin:4.1:format (format-headers) @ billy-core ---
[INFO] Updating license headers...
[INFO] 
[INFO] --- maven-resources-plugin:2.6:testResources (default-testResources) @ billy-core ---
[INFO] Using 'UTF-8' encoding to copy filtered resources.
[INFO] Copying 19 resources
[INFO] 
[INFO] --- maven-compiler-plugin:3.10.0:testCompile (default-testCompile) @ billy-core ---
[INFO] Changes detected - recompiling the module!
[INFO] Compiling 35 source files to /home/gabsko/breaking-updates/billy-core/target/test-classes
[INFO] /home/gabsko/breaking-updates/billy-core/src/test/java/com/premiumminds/billy/core/test/fixtures/MockProductEntity.java: Some input files use unchecked or unsafe operations.
[INFO] /home/gabsko/breaking-updates/billy-core/src/test/java/com/premiumminds/billy/core/test/fixtures/MockProductEntity.java: Recompile with -Xlint:unchecked for details.
[INFO] 
[INFO] --- maven-surefire-plugin:2.22.2:test (default-test) @ billy-core ---
[INFO] 
[INFO] -------------------------------------------------------
[INFO]  T E S T S
[INFO] -------------------------------------------------------
[INFO] Running com.premiumminds.billy.core.test.services.builders.TestGenericInvoiceBuilder
[INFO] Tests run: 1, Failures: 0, Errors: 0, Skipped: 0, Time elapsed: 1.035 s - in com.premiumminds.billy.core.test.services.builders.TestGenericInvoiceBuilder
[INFO] Running com.premiumminds.billy.core.test.services.builders.TestBankAccountBuilder
[INFO] Tests run: 1, Failures: 0, Errors: 0, Skipped: 0, Time elapsed: 0.003 s - in com.premiumminds.billy.core.test.services.builders.TestBankAccountBuilder
[INFO] Running com.premiumminds.billy.core.test.services.builders.TestPaymentBuilder
[INFO] Tests run: 1, Failures: 0, Errors: 0, Skipped: 0, Time elapsed: 0.008 s - in com.premiumminds.billy.core.test.services.builders.TestPaymentBuilder
[INFO] Running com.premiumminds.billy.core.test.services.builders.TestShippingPointBuilder
[INFO] Tests run: 1, Failures: 0, Errors: 0, Skipped: 0, Time elapsed: 0.026 s - in com.premiumminds.billy.core.test.services.builders.TestShippingPointBuilder
[INFO] Running com.premiumminds.billy.core.test.services.builders.TestProductBuilder
[INFO] Tests run: 1, Failures: 0, Errors: 0, Skipped: 0, Time elapsed: 0.027 s - in com.premiumminds.billy.core.test.services.builders.TestProductBuilder
[INFO] Running com.premiumminds.billy.core.test.services.builders.TestContextBuilder
[INFO] Tests run: 1, Failures: 0, Errors: 0, Skipped: 0, Time elapsed: 0.013 s - in com.premiumminds.billy.core.test.services.builders.TestContextBuilder
[INFO] Running com.premiumminds.billy.core.test.services.builders.TestGenericInvoiceEntryBuilder
[INFO] Tests run: 1, Failures: 0, Errors: 0, Skipped: 0, Time elapsed: 0.015 s - in com.premiumminds.billy.core.test.services.builders.TestGenericInvoiceEntryBuilder
[INFO] Running com.premiumminds.billy.core.test.services.builders.TestAddressBuilder
[INFO] Tests run: 1, Failures: 0, Errors: 0, Skipped: 0, Time elapsed: 0.005 s - in com.premiumminds.billy.core.test.services.builders.TestAddressBuilder
[INFO] Running com.premiumminds.billy.core.test.services.builders.TestGenericInvoiceEntryOperations
[INFO] Tests run: 1, Failures: 0, Errors: 0, Skipped: 0, Time elapsed: 0.012 s - in com.premiumminds.billy.core.test.services.builders.TestGenericInvoiceEntryOperations
[INFO] Running com.premiumminds.billy.core.test.services.builders.TestGenericInvoiceOperations
[INFO] Tests run: 4, Failures: 0, Errors: 0, Skipped: 0, Time elapsed: 0.139 s - in com.premiumminds.billy.core.test.services.builders.TestGenericInvoiceOperations
[INFO] Running com.premiumminds.billy.core.test.services.builders.TestTaxBuilder
[INFO] Tests run: 1, Failures: 0, Errors: 0, Skipped: 0, Time elapsed: 0.018 s - in com.premiumminds.billy.core.test.services.builders.TestTaxBuilder
[INFO] Running com.premiumminds.billy.core.test.services.builders.TestContactBuilder
[INFO] Tests run: 1, Failures: 0, Errors: 0, Skipped: 0, Time elapsed: 0.012 s - in com.premiumminds.billy.core.test.services.builders.TestContactBuilder
[INFO] Running com.premiumminds.billy.core.test.services.builders.TestTicketBuilder
[INFO] Tests run: 1, Failures: 0, Errors: 0, Skipped: 0, Time elapsed: 0.014 s - in com.premiumminds.billy.core.test.services.builders.TestTicketBuilder
[INFO] Running com.premiumminds.billy.core.test.services.builders.TestBusinessBuilder
[INFO] Tests run: 1, Failures: 0, Errors: 0, Skipped: 0, Time elapsed: 0.044 s - in com.premiumminds.billy.core.test.services.builders.TestBusinessBuilder
[INFO] Running com.premiumminds.billy.core.test.services.builders.TestApplicationBuilder
[INFO] Tests run: 1, Failures: 0, Errors: 0, Skipped: 0, Time elapsed: 0.004 s - in com.premiumminds.billy.core.test.services.builders.TestApplicationBuilder
[INFO] Running com.premiumminds.billy.core.test.services.builders.TestCustomerBuilder
[INFO] Tests run: 1, Failures: 0, Errors: 0, Skipped: 0, Time elapsed: 0.023 s - in com.premiumminds.billy.core.test.services.builders.TestCustomerBuilder
[INFO] Running com.premiumminds.billy.core.test.services.builders.TestSupplierBuilder
[INFO] Tests run: 1, Failures: 0, Errors: 0, Skipped: 0, Time elapsed: 0.01 s - in com.premiumminds.billy.core.test.services.builders.TestSupplierBuilder
[INFO] 
[INFO] Results:
[INFO] 
[INFO] Tests run: 20, Failures: 0, Errors: 0, Skipped: 0
[INFO] 
[INFO] 
[INFO] ------------------< com.premiumminds:billy-core-jpa >-------------------
[INFO] Building billy core JPA 6.0.0-SNAPSHOT                             [3/7]
[INFO] --------------------------------[ jar ]---------------------------------
[INFO] Downloading from central: https://repo.maven.apache.org/maven2/com/h2database/h2/2.1.210/h2-2.1.210.jar
[INFO] Downloaded from central: https://repo.maven.apache.org/maven2/com/h2database/h2/2.1.210/h2-2.1.210.jar (2.5 MB at 28 MB/s)
[INFO] 
[INFO] --- maven-clean-plugin:2.5:clean (default-clean) @ billy-core-jpa ---
[INFO] Deleting /home/gabsko/breaking-updates/billy-core-jpa/target
[INFO] 
[INFO] --- apt-maven-plugin:1.1.3:process (default) @ billy-core-jpa ---
[INFO] 
[INFO] --- maven-resources-plugin:2.6:resources (default-resources) @ billy-core-jpa ---
[INFO] Using 'UTF-8' encoding to copy filtered resources.
[INFO] Copying 1 resource
[INFO] 
[INFO] --- maven-compiler-plugin:3.10.0:compile (default-compile) @ billy-core-jpa ---
[INFO] Changes detected - recompiling the module!
[INFO] Compiling 55 source files to /home/gabsko/breaking-updates/billy-core-jpa/target/classes
[INFO] /home/gabsko/breaking-updates/billy-core-jpa/src/main/java/com/premiumminds/billy/core/persistence/entities/jpa/JPAGenericInvoiceEntryEntity.java: Some input files use unchecked or unsafe operations.
[INFO] /home/gabsko/breaking-updates/billy-core-jpa/src/main/java/com/premiumminds/billy/core/persistence/entities/jpa/JPAGenericInvoiceEntryEntity.java: Recompile with -Xlint:unchecked for details.
[INFO] 
[INFO] --- license-maven-plugin:4.1:format (format-headers) @ billy-core-jpa ---
[INFO] Updating license headers...
[INFO] 
[INFO] --- maven-resources-plugin:2.6:testResources (default-testResources) @ billy-core-jpa ---
[INFO] Using 'UTF-8' encoding to copy filtered resources.
[INFO] Copying 1 resource
[INFO] 
[INFO] --- maven-compiler-plugin:3.10.0:testCompile (default-testCompile) @ billy-core-jpa ---
[INFO] Changes detected - recompiling the module!
[INFO] Compiling 2 source files to /home/gabsko/breaking-updates/billy-core-jpa/target/test-classes
[INFO] 
[INFO] --- maven-surefire-plugin:2.22.2:test (default-test) @ billy-core-jpa ---
[INFO] 
[INFO] -------------------------------------------------------
[INFO]  T E S T S
[INFO] -------------------------------------------------------
[INFO] Running com.premiumminds.billy.core.jpa.GenericTest
[ERROR] Tests run: 1, Failures: 0, Errors: 1, Skipped: 0, Time elapsed: 1.618 s <<< FAILURE! - in com.premiumminds.billy.core.jpa.GenericTest
[ERROR] test1  Time elapsed: 1.61 s  <<< ERROR!
com.google.inject.ProvisionException: 
Unable to provision, see the following errors:

1) [Guice/ErrorInjectingConstructor]: ServiceException: Unable to create requested service [JdbcEnvironment]
  at CoreJPATestPersistenceDependencyModule$Initializer.<init>(CoreJPATestPersistenceDependencyModule.java:36)
  while locating CoreJPATestPersistenceDependencyModule$Initializer

Learn more:
  https://github.com/google/guice/wiki/ERROR_INJECTING_CONSTRUCTOR

1 error

======================
Full classname legend:
======================
CoreJPATestPersistenceDependencyModule$Initializer: "com.premiumminds.billy.core.jpa.CoreJPATestPersistenceDependencyModule$Initializer"
JdbcEnvironment:                                    "org.hibernate.engine.jdbc.env.spi.JdbcEnvironment"
ServiceException:                                   "org.hibernate.service.spi.ServiceException"
========================
End of classname legend:
========================

	at com.premiumminds.billy.core.jpa.GenericTest.setUpClass(GenericTest.java:54)
Caused by: org.hibernate.service.spi.ServiceException: Unable to create requested service [org.hibernate.engine.jdbc.env.spi.JdbcEnvironment]
	at com.premiumminds.billy.core.jpa.GenericTest.setUpClass(GenericTest.java:54)
Caused by: org.hibernate.exception.GenericJDBCException: Error calling Driver#connect
	at com.premiumminds.billy.core.jpa.GenericTest.setUpClass(GenericTest.java:54)
Caused by: org.h2.jdbc.JdbcSQLNonTransientException: General error: "The write format 1 is smaller than the supported format 2 [2.1.210/5]" [50000-210]
	at com.premiumminds.billy.core.jpa.GenericTest.setUpClass(GenericTest.java:54)
Caused by: org.h2.mvstore.MVStoreException: The write format 1 is smaller than the supported format 2 [2.1.210/5]
	at com.premiumminds.billy.core.jpa.GenericTest.setUpClass(GenericTest.java:54)

[INFO] 
[INFO] Results:
[INFO] 
[ERROR] Errors: 
[ERROR]   GenericTest.setUpClass:54 Â» Provision Unable to provision, see the following e...
[INFO] 
[ERROR] Tests run: 1, Failures: 0, Errors: 1, Skipped: 0
[INFO] 
[INFO] ------------------------------------------------------------------------
[INFO] Reactor Summary for billy 6.0.0-SNAPSHOT:
[INFO] 
[INFO] billy .............................................. SUCCESS [  0.340 s]
[INFO] billy core ......................................... SUCCESS [  4.662 s]
[INFO] billy core JPA ..................................... FAILURE [  3.420 s]
[INFO] billy GIN .......................................... SKIPPED
[INFO] billy portugal (PT Pack) ........................... SKIPPED
[INFO] billy spain (ES Pack) .............................. SKIPPED
[INFO] billy france (FR Pack) ............................. SKIPPED
[INFO] ------------------------------------------------------------------------
[INFO] BUILD FAILURE
[INFO] ------------------------------------------------------------------------
[INFO] Total time:  8.503 s
[INFO] Finished at: 2023-02-07T12:24:50Z
[INFO] ------------------------------------------------------------------------
[ERROR] Failed to execute goal org.apache.maven.plugins:maven-surefire-plugin:2.22.2:test (default-test) on project billy-core-jpa: There are test failures.
[ERROR] 
[ERROR] Please refer to /home/gabsko/breaking-updates/billy-core-jpa/target/surefire-reports for the individual test results.
[ERROR] Please refer to dump files (if any exist) [date].dump, [date]-jvmRun[N].dump and [date].dumpstream.
[ERROR] -> [Help 1]
[ERROR] 
[ERROR] To see the full stack trace of the errors, re-run Maven with the -e switch.
[ERROR] Re-run Maven using the -X switch to enable full debug logging.
[ERROR] 
[ERROR] For more information about the errors and possible solutions, please read the following articles:
[ERROR] [Help 1] http://cwiki.apache.org/confluence/display/MAVEN/MojoFailureException
[ERROR] 
[ERROR] After correcting the problems, you can resume the build with the command
[ERROR]   mvn <args> -rf :billy-core-jpa
