[INFO] Scanning for projects...
[INFO] 
[INFO] ----------------< io.vertx:vertx-maven-service-factory >----------------
[INFO] Building Maven Service Factory 4.1.1-SNAPSHOT
[INFO] --------------------------------[ jar ]---------------------------------
[INFO] Downloading from central: https://repo.maven.apache.org/maven2/org/apache/maven/plugins/maven-invoker-plugin/3.0.1/maven-invoker-plugin-3.0.1.pom
[INFO] Downloaded from central: https://repo.maven.apache.org/maven2/org/apache/maven/plugins/maven-invoker-plugin/3.0.1/maven-invoker-plugin-3.0.1.pom (14 kB at 65 kB/s)
[INFO] Downloading from central: https://repo.maven.apache.org/maven2/org/apache/maven/plugins/maven-invoker-plugin/3.0.1/maven-invoker-plugin-3.0.1.jar
[INFO] Downloaded from central: https://repo.maven.apache.org/maven2/org/apache/maven/plugins/maven-invoker-plugin/3.0.1/maven-invoker-plugin-3.0.1.jar (112 kB at 4.7 MB/s)
[INFO] 
[INFO] --- maven-clean-plugin:3.0.0:clean (default-clean) @ vertx-maven-service-factory ---
[INFO] Deleting /home/gabsko/breaking-updates/target
[INFO] 
[INFO] --- maven-enforcer-plugin:1.0:enforce (enforce-maven) @ vertx-maven-service-factory ---
[INFO] 
[INFO] --- maven-processor-plugin:3.2.0:process (generate-sources) @ vertx-maven-service-factory ---
[INFO] diagnostic: Note: Loaded data_object_converters code generator
[WARNING] diagnostic: warning: Supported source version 'RELEASE_8' from annotation processor 'io.vertx.codegen.CodeGenProcessor' less than -source '11'
[WARNING] diagnostic: warning: Supported source version 'RELEASE_8' from annotation processor 'io.vertx.docgen.JavaDocGenProcessor' less than -source '11'
[WARNING] diagnostic: warning: Unclosed files for the types 'PathForCodeGenProcessor'; these types will not undergo annotation processing
[WARNING] diagnostic: warning: The following options were not recognized by any processor: '[maven.artifactId, maven.version, codegen.output.data_object_converters, codegen.output, maven.groupId]'
[INFO] 
[INFO] --- build-helper-maven-plugin:3.0.0:add-source (add-source) @ vertx-maven-service-factory ---
[INFO] Source directory: /home/gabsko/breaking-updates/src/main/generated added.
[INFO] 
[INFO] --- maven-resources-plugin:2.7:resources (default-resources) @ vertx-maven-service-factory ---
[INFO] Using 'UTF-8' encoding to copy filtered resources.
[INFO] Copying 1 resource
[INFO] 
[INFO] --- maven-compiler-plugin:3.7.0:compile (default-compile) @ vertx-maven-service-factory ---
[INFO] Changes detected - recompiling the module!
[INFO] Compiling 9 source files to /home/gabsko/breaking-updates/target/classes
[INFO] /home/gabsko/breaking-updates/src/main/java/io/vertx/maven/MavenVerticleFactory.java: /home/gabsko/breaking-updates/src/main/java/io/vertx/maven/MavenVerticleFactory.java uses or overrides a deprecated API.
[INFO] /home/gabsko/breaking-updates/src/main/java/io/vertx/maven/MavenVerticleFactory.java: Recompile with -Xlint:deprecation for details.
[INFO] 
[INFO] --- maven-resources-plugin:2.7:testResources (default-testResources) @ vertx-maven-service-factory ---
[INFO] Using 'UTF-8' encoding to copy filtered resources.
[INFO] Copying 6 resources
[INFO] Copying 2 resources
[INFO] 
[INFO] --- maven-compiler-plugin:3.7.0:testCompile (default-testCompile) @ vertx-maven-service-factory ---
[INFO] Changes detected - recompiling the module!
[INFO] Compiling 13 source files to /home/gabsko/breaking-updates/target/test-classes
[INFO] 
[INFO] --- maven-invoker-plugin:3.0.1:run (build-test-projects) @ vertx-maven-service-factory ---
[INFO] Downloading from central: https://repo.maven.apache.org/maven2/org/codehaus/groovy/groovy-all/2.4.8/groovy-all-2.4.8.pom
[INFO] Downloaded from central: https://repo.maven.apache.org/maven2/org/codehaus/groovy/groovy-all/2.4.8/groovy-all-2.4.8.pom (21 kB at 1.6 MB/s)
[INFO] Downloading from central: https://repo.maven.apache.org/maven2/org/codehaus/groovy/groovy-all/2.4.8/groovy-all-2.4.8.jar
[INFO] Downloaded from central: https://repo.maven.apache.org/maven2/org/codehaus/groovy/groovy-all/2.4.8/groovy-all-2.4.8.jar (7.0 MB at 30 MB/s)
[INFO] Running Setup Jobs
[INFO] Building: pom.xml
[INFO]           pom.xml .......................................... SUCCESS (3.9 s)
[INFO] -------------------------------------------------
[INFO] Build Summary:
[INFO]   Passed: 1, Failed: 0, Errors: 0, Skipped: 0
[INFO] -------------------------------------------------
[INFO] 
[INFO] --- maven-surefire-plugin:2.18.1:test (default-test) @ vertx-maven-service-factory ---
[INFO] Surefire report directory: /home/gabsko/breaking-updates/target/surefire-reports

-------------------------------------------------------
 T E S T S
-------------------------------------------------------
Running io.vertx.maven.resolver.ResolverTest
Feb 09, 2023 3:23:43 AM io.vertx.maven.utils.LocalRepoBuilder lambda$build$0
INFO: The artifact com.acme:acme:1.0 has been installed in the local repository
Feb 09, 2023 3:23:43 AM vertx-stack-resolver
INFO: Resolving com.acme:acme:txt:1.0
Feb 09, 2023 3:23:43 AM io.vertx.maven.utils.LocalRepoBuilder lambda$build$0
INFO: The artifact com.acme:acme-api:1.0 has been installed in the local repository
Feb 09, 2023 3:23:43 AM io.vertx.maven.utils.LocalRepoBuilder lambda$build$0
INFO: The artifact com.acme:acme-optional:1.0 has been installed in the local repository
Feb 09, 2023 3:23:43 AM io.vertx.maven.utils.LocalRepoBuilder lambda$build$0
INFO: The artifact com.acme:acme-log:1.0 has been installed in the local repository
Feb 09, 2023 3:23:43 AM io.vertx.maven.utils.LocalRepoBuilder lambda$build$0
INFO: The artifact com.acme:acme:1.0 has been installed in the local repository
Feb 09, 2023 3:23:43 AM vertx-stack-resolver
INFO: Resolving com.acme:acme:txt:1.0
Feb 09, 2023 3:23:43 AM io.vertx.maven.utils.LocalRepoBuilder lambda$build$0
INFO: The artifact com.acme:acme-api:1.0 has been installed in the local repository
Feb 09, 2023 3:23:43 AM io.vertx.maven.utils.LocalRepoBuilder lambda$build$0
INFO: The artifact com.acme:acme-excluded:1.0 has been installed in the local repository
Feb 09, 2023 3:23:43 AM io.vertx.maven.utils.LocalRepoBuilder lambda$build$0
INFO: The artifact com.acme:acme-log:1.0 has been installed in the local repository
Feb 09, 2023 3:23:43 AM io.vertx.maven.utils.LocalRepoBuilder lambda$build$0
INFO: The artifact com.acme:acme:1.0 has been installed in the local repository
Feb 09, 2023 3:23:43 AM vertx-stack-resolver
INFO: Resolving com.acme:acme:txt:1.0
Feb 09, 2023 3:23:43 AM io.vertx.maven.utils.LocalRepoBuilder lambda$build$0
INFO: The artifact com.acme:acme-api:1.0 has been installed in the local repository
Feb 09, 2023 3:23:43 AM io.vertx.maven.utils.LocalRepoBuilder lambda$build$0
INFO: The artifact com.acme:acme-lib:1.0 has been installed in the local repository
Feb 09, 2023 3:23:43 AM io.vertx.maven.utils.LocalRepoBuilder lambda$build$0
INFO: The artifact com.acme:acme:1.0 has been installed in the local repository
Feb 09, 2023 3:23:43 AM vertx-stack-resolver
INFO: Resolving com.acme:acme:txt:1.0
Feb 09, 2023 3:23:43 AM io.vertx.maven.utils.LocalRepoBuilder lambda$build$0
INFO: The artifact com.acme:acme-api:1.0 has been installed in the local repository
Feb 09, 2023 3:23:43 AM io.vertx.maven.utils.LocalRepoBuilder lambda$build$0
INFO: The artifact com.acme:acme-optional:1.0 has been installed in the local repository
Feb 09, 2023 3:23:43 AM io.vertx.maven.utils.LocalRepoBuilder lambda$build$0
INFO: The artifact com.acme:acme-log:1.0 has been installed in the local repository
Feb 09, 2023 3:23:43 AM io.vertx.maven.utils.LocalRepoBuilder lambda$build$0
INFO: The artifact com.acme:acme:1.0 has been installed in the local repository
Feb 09, 2023 3:23:43 AM vertx-stack-resolver
INFO: Resolving com.acme:acme:txt:1.0
Feb 09, 2023 3:23:43 AM io.vertx.maven.utils.LocalRepoBuilder lambda$build$0
INFO: The artifact com.acme:acme:1.0 has been installed in the local repository
Feb 09, 2023 3:23:43 AM vertx-stack-resolver
INFO: Resolving com.acme:acme:txt:1.0
Feb 09, 2023 3:23:43 AM io.vertx.maven.utils.LocalRepoBuilder lambda$build$0
INFO: The artifact com.acme:acme-api:1.0 has been installed in the local repository
Feb 09, 2023 3:23:43 AM io.vertx.maven.utils.LocalRepoBuilder lambda$build$0
INFO: The artifact com.acme:acme-lib:1.0 has been installed in the local repository
Feb 09, 2023 3:23:43 AM io.vertx.maven.utils.LocalRepoBuilder lambda$build$0
INFO: The artifact com.acme:acme:1.0 has been installed in the local repository
Feb 09, 2023 3:23:43 AM vertx-stack-resolver
INFO: Resolving com.acme:acme:txt:1.0
Feb 09, 2023 3:23:43 AM io.vertx.maven.utils.LocalRepoBuilder lambda$build$0
INFO: The artifact com.acme:acme-api:1.0 has been installed in the local repository
Feb 09, 2023 3:23:43 AM io.vertx.maven.utils.LocalRepoBuilder lambda$build$0
INFO: The artifact com.acme:acme-lib:1.0 has been installed in the local repository
Feb 09, 2023 3:23:43 AM io.vertx.maven.utils.LocalRepoBuilder lambda$build$0
INFO: The artifact com.acme:acme:1.0 has been installed in the local repository
Feb 09, 2023 3:23:43 AM vertx-stack-resolver
INFO: Resolving com.acme:acme:txt:1.0
Feb 09, 2023 3:23:43 AM io.vertx.maven.utils.LocalRepoBuilder lambda$build$0
INFO: The artifact com.acme:acme-api:1.0 has been installed in the local repository
Feb 09, 2023 3:23:43 AM io.vertx.maven.utils.LocalRepoBuilder lambda$build$0
INFO: The artifact com.acme:acme-optional:1.0 has been installed in the local repository
Feb 09, 2023 3:23:43 AM io.vertx.maven.utils.LocalRepoBuilder lambda$build$0
INFO: The artifact com.acme:acme-optional-2:1.0 has been installed in the local repository
Feb 09, 2023 3:23:43 AM io.vertx.maven.utils.LocalRepoBuilder lambda$build$0
INFO: The artifact com.acme:acme:1.0 has been installed in the local repository
Feb 09, 2023 3:23:43 AM vertx-stack-resolver
INFO: Resolving com.acme:acme:txt:1.0
Feb 09, 2023 3:23:43 AM io.vertx.maven.utils.LocalRepoBuilder lambda$build$0
INFO: The artifact com.acme:acme-api:1.0 has been installed in the local repository
Feb 09, 2023 3:23:43 AM io.vertx.maven.utils.LocalRepoBuilder lambda$build$0
INFO: The artifact com.acme:acme-api:1.1 has been installed in the local repository
Feb 09, 2023 3:23:43 AM io.vertx.maven.utils.LocalRepoBuilder lambda$build$0
INFO: The artifact com.acme:acme-lib:1.0 has been installed in the local repository
Feb 09, 2023 3:23:43 AM io.vertx.maven.utils.LocalRepoBuilder lambda$build$0
INFO: The artifact com.acme:acme:1.0 has been installed in the local repository
Feb 09, 2023 3:23:43 AM vertx-stack-resolver
INFO: Resolving com.acme:acme:txt:1.0
Feb 09, 2023 3:23:43 AM io.vertx.maven.utils.LocalRepoBuilder lambda$build$0
INFO: The artifact com.acme:acme-api:1.0 has been installed in the local repository
Feb 09, 2023 3:23:43 AM io.vertx.maven.utils.LocalRepoBuilder lambda$build$0
INFO: The artifact com.acme:acme-excluded:1.0 has been installed in the local repository
Feb 09, 2023 3:23:43 AM io.vertx.maven.utils.LocalRepoBuilder lambda$build$0
INFO: The artifact com.acme:acme-log:1.0 has been installed in the local repository
Feb 09, 2023 3:23:43 AM io.vertx.maven.utils.LocalRepoBuilder lambda$build$0
INFO: The artifact com.acme:acme:1.0 has been installed in the local repository
Feb 09, 2023 3:23:43 AM vertx-stack-resolver
INFO: Resolving com.acme:acme:txt:1.0
Feb 09, 2023 3:23:43 AM io.vertx.maven.utils.LocalRepoBuilder lambda$build$0
INFO: The artifact com.acme:acme-api:1.0 has been installed in the local repository
Feb 09, 2023 3:23:43 AM io.vertx.maven.utils.LocalRepoBuilder lambda$build$0
INFO: The artifact com.acme:acme-api:1.1 has been installed in the local repository
Feb 09, 2023 3:23:43 AM io.vertx.maven.utils.LocalRepoBuilder lambda$build$0
INFO: The artifact com.acme:acme-lib:1.0 has been installed in the local repository
Feb 09, 2023 3:23:43 AM io.vertx.maven.utils.LocalRepoBuilder lambda$build$0
INFO: The artifact com.acme:acme:1.0 has been installed in the local repository
Feb 09, 2023 3:23:43 AM vertx-stack-resolver
INFO: Resolving com.acme:acme:txt:1.0
Feb 09, 2023 3:23:43 AM io.vertx.maven.utils.LocalRepoBuilder lambda$build$0
INFO: The artifact com.acme:acme-api:1.0 has been installed in the local repository
Feb 09, 2023 3:23:43 AM io.vertx.maven.utils.LocalRepoBuilder lambda$build$0
INFO: The artifact com.acme:acme-lib:1.0 has been installed in the local repository
Feb 09, 2023 3:23:43 AM io.vertx.maven.utils.LocalRepoBuilder lambda$build$0
INFO: The artifact com.acme:acme:1.0 has been installed in the local repository
Feb 09, 2023 3:23:43 AM vertx-stack-resolver
INFO: Resolving com.acme:acme:txt:1.0
Tests run: 13, Failures: 0, Errors: 0, Skipped: 0, Time elapsed: 0.321 sec - in io.vertx.maven.resolver.ResolverTest
Running io.vertx.maven.MavenVerticleFactoryTest
Tests run: 2, Failures: 0, Errors: 0, Skipped: 0, Time elapsed: 0 sec - in io.vertx.maven.MavenVerticleFactoryTest
Running io.vertx.maven.modules.FactoryTest
Feb 09, 2023 3:23:44 AM io.vertx.test.core.AsyncTestBase
INFO: Starting test: FactoryTest#testLoadSystemDependencyFromParentLoaderWhenPresent
Feb 09, 2023 3:23:54 AM io.vertx.test.core.AsyncTestBase
INFO: Starting test: FactoryTest#testConfiguredResolveFromLocalRepository
Feb 09, 2023 3:24:04 AM io.vertx.test.core.AsyncTestBase
INFO: Starting test: FactoryTest#testLoadDependencyFromVerticleLoaderWhenPresent
Feb 09, 2023 3:24:14 AM io.vertx.test.core.AsyncTestBase
INFO: Starting test: FactoryTest#testConfiguredResolveFromRemoteAuthenticatingRepository
Feb 09, 2023 3:24:24 AM io.vertx.test.core.AsyncTestBase
INFO: Starting test: FactoryTest#testSysPropsBad
Feb 09, 2023 3:24:24 AM vertx-stack-resolver
SEVERE: Cannot create url from yqgwduyqwd
java.net.MalformedURLException: no protocol: yqgwduyqwd
	at java.base/java.net.URL.<init>(URL.java:645)
	at java.base/java.net.URL.<init>(URL.java:541)
	at java.base/java.net.URL.<init>(URL.java:488)
	at io.vertx.maven.resolver.ResolverImpl.url(ResolverImpl.java:162)
	at io.vertx.maven.resolver.ResolverImpl.configureRemoteRepositories(ResolverImpl.java:119)
	at io.vertx.maven.resolver.ResolverImpl.<init>(ResolverImpl.java:93)
	at io.vertx.maven.Resolver.create(Resolver.java:58)
	at io.vertx.maven.MavenVerticleFactory.<init>(MavenVerticleFactory.java:71)
	at io.vertx.maven.MavenVerticleFactory.<init>(MavenVerticleFactory.java:54)
	at java.base/jdk.internal.reflect.NativeConstructorAccessorImpl.newInstance0(Native Method)
	at java.base/jdk.internal.reflect.NativeConstructorAccessorImpl.newInstance(NativeConstructorAccessorImpl.java:62)
	at java.base/jdk.internal.reflect.DelegatingConstructorAccessorImpl.newInstance(DelegatingConstructorAccessorImpl.java:45)
	at java.base/java.lang.reflect.Constructor.newInstance(Constructor.java:490)
	at java.base/java.util.ServiceLoader$ProviderImpl.newInstance(ServiceLoader.java:780)
	at java.base/java.util.ServiceLoader$ProviderImpl.get(ServiceLoader.java:722)
	at java.base/java.util.ServiceLoader$3.next(ServiceLoader.java:1395)
	at java.base/java.util.Iterator.forEachRemaining(Iterator.java:133)
	at io.vertx.core.ServiceHelper.loadFactories(ServiceHelper.java:56)
	at io.vertx.core.ServiceHelper.loadFactories(ServiceHelper.java:42)
	at io.vertx.core.impl.VerticleManager.loadVerticleFactories(VerticleManager.java:48)
	at io.vertx.core.impl.VerticleManager.<init>(VerticleManager.java:44)
	at io.vertx.core.impl.VertxImpl.<init>(VertxImpl.java:182)
	at io.vertx.core.impl.VertxBuilder.vertx(VertxBuilder.java:207)
	at io.vertx.core.Vertx.vertx(Vertx.java:86)
	at io.vertx.core.Vertx.vertx(Vertx.java:76)
	at io.vertx.maven.modules.FactoryTest.testSysPropsBad(FactoryTest.java:414)
	at java.base/jdk.internal.reflect.NativeMethodAccessorImpl.invoke0(Native Method)
	at java.base/jdk.internal.reflect.NativeMethodAccessorImpl.invoke(NativeMethodAccessorImpl.java:62)
	at java.base/jdk.internal.reflect.DelegatingMethodAccessorImpl.invoke(DelegatingMethodAccessorImpl.java:43)
	at java.base/java.lang.reflect.Method.invoke(Method.java:566)
	at org.junit.runners.model.FrameworkMethod$1.runReflectiveCall(FrameworkMethod.java:59)
	at org.junit.internal.runners.model.ReflectiveCallable.run(ReflectiveCallable.java:12)
	at org.junit.runners.model.FrameworkMethod.invokeExplosively(FrameworkMethod.java:56)
	at org.junit.internal.runners.statements.InvokeMethod.evaluate(InvokeMethod.java:17)
	at org.junit.internal.runners.statements.RunBefores.evaluate(RunBefores.java:26)
	at org.junit.internal.runners.statements.RunAfters.evaluate(RunAfters.java:27)
	at org.junit.rules.TestWatcher$1.evaluate(TestWatcher.java:61)
	at org.junit.runners.ParentRunner$3.evaluate(ParentRunner.java:306)
	at org.junit.runners.BlockJUnit4ClassRunner$1.evaluate(BlockJUnit4ClassRunner.java:100)
	at org.junit.runners.ParentRunner.runLeaf(ParentRunner.java:366)
	at org.junit.runners.BlockJUnit4ClassRunner.runChild(BlockJUnit4ClassRunner.java:103)
	at org.junit.runners.BlockJUnit4ClassRunner.runChild(BlockJUnit4ClassRunner.java:63)
	at org.junit.runners.ParentRunner$4.run(ParentRunner.java:331)
	at org.junit.runners.ParentRunner$1.schedule(ParentRunner.java:79)
	at org.junit.runners.ParentRunner.runChildren(ParentRunner.java:329)
	at org.junit.runners.ParentRunner.access$100(ParentRunner.java:66)
	at org.junit.runners.ParentRunner$2.evaluate(ParentRunner.java:293)
	at org.junit.internal.runners.statements.RunBefores.evaluate(RunBefores.java:26)
	at org.junit.runners.ParentRunner$3.evaluate(ParentRunner.java:306)
	at org.junit.runners.ParentRunner.run(ParentRunner.java:413)
	at org.apache.maven.surefire.junit4.JUnit4Provider.execute(JUnit4Provider.java:283)
	at org.apache.maven.surefire.junit4.JUnit4Provider.executeWithRerun(JUnit4Provider.java:173)
	at org.apache.maven.surefire.junit4.JUnit4Provider.executeTestSet(JUnit4Provider.java:153)
	at org.apache.maven.surefire.junit4.JUnit4Provider.invoke(JUnit4Provider.java:128)
	at org.apache.maven.surefire.booter.ForkedBooter.invokeProviderInSameClassLoader(ForkedBooter.java:203)
	at org.apache.maven.surefire.booter.ForkedBooter.runSuitesInProcess(ForkedBooter.java:155)
	at org.apache.maven.surefire.booter.ForkedBooter.main(ForkedBooter.java:103)

Feb 09, 2023 3:24:24 AM io.vertx.test.core.AsyncTestBase
INFO: Starting test: FactoryTest#testNonExistentModule
Feb 09, 2023 3:24:24 AM vertx-stack-resolver
INFO: Resolving foo:module:jar:1.0
Feb 09, 2023 3:24:26 AM io.vertx.test.core.AsyncTestBase
INFO: Starting test: FactoryTest#testNotDeployable
Feb 09, 2023 3:24:26 AM vertx-stack-resolver
INFO: Resolving io.vertx:vertx-core:jar:2.1.2
Feb 09, 2023 3:26:26 AM io.vertx.test.core.AsyncTestBase
INFO: Starting test: FactoryTest#testConfiguredHttpProxy
Feb 09, 2023 3:26:36 AM io.vertx.test.core.AsyncTestBase
INFO: Starting test: FactoryTest#testOtherServiceStartsOK
Feb 09, 2023 3:26:46 AM io.vertx.test.core.AsyncTestBase
INFO: Starting test: FactoryTest#testClassifier
Feb 09, 2023 3:26:56 AM io.vertx.test.core.AsyncTestBase
INFO: Starting test: FactoryTest#testLoadSystemDependencyFromVerticleLoaderWhenAbsent
Feb 09, 2023 3:27:06 AM io.vertx.test.core.AsyncTestBase
INFO: Starting test: FactoryTest#testNonExistentService
Feb 09, 2023 3:27:16 AM io.vertx.test.core.AsyncTestBase
INFO: Starting test: FactoryTest#testLoadDependencyFromVerticleLoaderWhenAbsent
Feb 09, 2023 3:27:26 AM io.vertx.test.core.AsyncTestBase
INFO: Starting test: FactoryTest#testUndeploy
Feb 09, 2023 3:27:36 AM io.vertx.test.core.AsyncTestBase
INFO: Starting test: FactoryTest#testUseMainVerticleFromManifest
Feb 09, 2023 3:27:46 AM io.vertx.test.core.AsyncTestBase
INFO: Starting test: FactoryTest#testMissingTransitiveDependency
Feb 09, 2023 3:27:56 AM io.vertx.test.core.AsyncTestBase
INFO: Starting test: FactoryTest#testConfiguredResolveFromRemoteRepository
Feb 09, 2023 3:28:06 AM io.vertx.test.core.AsyncTestBase
INFO: Starting test: FactoryTest#testZipExtension
Feb 09, 2023 3:28:16 AM io.vertx.test.core.AsyncTestBase
INFO: Starting test: FactoryTest#testNoServiceName
Feb 09, 2023 3:28:26 AM io.vertx.test.core.AsyncTestBase
INFO: Starting test: FactoryTest#testDeploy
Feb 09, 2023 3:28:36 AM io.vertx.test.core.AsyncTestBase
INFO: Starting test: FactoryTest#testConfiguredHttpProxyFailure
Feb 09, 2023 3:28:46 AM io.vertx.test.core.AsyncTestBase
INFO: Starting test: FactoryTest#testBadCoords
Feb 09, 2023 3:28:46 AM io.vertx.test.core.AsyncTestBase
INFO: Starting test: FactoryTest#testStartsOK
Feb 09, 2023 3:28:56 AM io.vertx.test.core.AsyncTestBase
INFO: Starting test: FactoryTest#testConfiguredAuthenticatingHttpProxy
Feb 09, 2023 3:29:06 AM io.vertx.test.core.AsyncTestBase
INFO: Starting test: FactoryTest#testInvalidServiceIDNoVersion
Tests run: 47, Failures: 0, Errors: 41, Skipped: 2, Time elapsed: 323.06 sec <<< FAILURE! - in io.vertx.maven.modules.FactoryTest
testLoadSystemDependencyFromParentLoaderWhenPresent(io.vertx.maven.modules.FactoryTest)  Time elapsed: 10.303 sec  <<< ERROR!
org.eclipse.aether.resolution.DependencyResolutionException: Failed to read artifact descriptor for io.vertx:vertx-dependencies:pom:4.1.1-SNAPSHOT
	at org.eclipse.aether.internal.impl.DefaultArtifactResolver.resolve(DefaultArtifactResolver.java:434)
	at org.eclipse.aether.internal.impl.DefaultArtifactResolver.resolveArtifacts(DefaultArtifactResolver.java:246)
	at org.eclipse.aether.internal.impl.DefaultArtifactResolver.resolveArtifact(DefaultArtifactResolver.java:223)
	at org.apache.maven.repository.internal.DefaultModelResolver.resolveModel(DefaultModelResolver.java:173)
	at org.apache.maven.repository.internal.DefaultModelResolver.resolveModel(DefaultModelResolver.java:226)
	at org.apache.maven.model.building.DefaultModelBuilder.readParentExternally(DefaultModelBuilder.java:978)
	at org.apache.maven.model.building.DefaultModelBuilder.readParent(DefaultModelBuilder.java:796)
	at org.apache.maven.model.building.DefaultModelBuilder.build(DefaultModelBuilder.java:325)
	at org.apache.maven.repository.internal.DefaultArtifactDescriptorReader.loadPom(DefaultArtifactDescriptorReader.java:340)
	at org.apache.maven.repository.internal.DefaultArtifactDescriptorReader.readArtifactDescriptor(DefaultArtifactDescriptorReader.java:218)
	at org.eclipse.aether.internal.impl.DefaultDependencyCollector.collectDependencies(DefaultDependencyCollector.java:202)
	at org.eclipse.aether.internal.impl.DefaultRepositorySystem.resolveDependencies(DefaultRepositorySystem.java:341)
	at io.vertx.maven.modules.AetherHelper.getDependencies(AetherHelper.java:119)
	at io.vertx.maven.modules.FactoryTest.createMyModuleRepository(FactoryTest.java:596)
	at io.vertx.maven.modules.FactoryTest.createMyModuleRepositoryWithSystemDep(FactoryTest.java:559)
	at io.vertx.maven.modules.FactoryTest.testLoadSystemDependencyFromParentLoaderWhenPresent(FactoryTest.java:355)

testLoadSystemDependencyFromParentLoaderWhenPresent(io.vertx.maven.modules.FactoryTest)  Time elapsed: 10.303 sec  <<< ERROR!
java.lang.IllegalStateException: Timed out
	at io.vertx.test.core.AsyncTestBase.assertWaitUntil(AsyncTestBase.java:619)
	at io.vertx.test.core.AsyncTestBase.assertWaitUntil(AsyncTestBase.java:606)
	at io.vertx.maven.modules.FactoryTest.tearDown(FactoryTest.java:81)

testConfiguredResolveFromLocalRepository(io.vertx.maven.modules.FactoryTest)  Time elapsed: 10.074 sec  <<< ERROR!
org.eclipse.aether.resolution.DependencyResolutionException: Failed to read artifact descriptor for io.vertx:vertx-dependencies:pom:4.1.1-SNAPSHOT
	at org.eclipse.aether.internal.impl.DefaultArtifactResolver.resolve(DefaultArtifactResolver.java:434)
	at org.eclipse.aether.internal.impl.DefaultArtifactResolver.resolveArtifacts(DefaultArtifactResolver.java:246)
	at org.eclipse.aether.internal.impl.DefaultArtifactResolver.resolveArtifact(DefaultArtifactResolver.java:223)
	at org.apache.maven.repository.internal.DefaultModelResolver.resolveModel(DefaultModelResolver.java:173)
	at org.apache.maven.repository.internal.DefaultModelResolver.resolveModel(DefaultModelResolver.java:226)
	at org.apache.maven.model.building.DefaultModelBuilder.readParentExternally(DefaultModelBuilder.java:978)
	at org.apache.maven.model.building.DefaultModelBuilder.readParent(DefaultModelBuilder.java:796)
	at org.apache.maven.model.building.DefaultModelBuilder.build(DefaultModelBuilder.java:325)
	at org.apache.maven.repository.internal.DefaultArtifactDescriptorReader.loadPom(DefaultArtifactDescriptorReader.java:340)
	at org.apache.maven.repository.internal.DefaultArtifactDescriptorReader.readArtifactDescriptor(DefaultArtifactDescriptorReader.java:218)
	at org.eclipse.aether.internal.impl.DefaultDependencyCollector.collectDependencies(DefaultDependencyCollector.java:202)
	at org.eclipse.aether.internal.impl.DefaultRepositorySystem.resolveDependencies(DefaultRepositorySystem.java:341)
	at io.vertx.maven.modules.AetherHelper.getDependencies(AetherHelper.java:119)
	at io.vertx.maven.modules.FactoryTest.createMyModuleRepository(FactoryTest.java:596)
	at io.vertx.maven.modules.FactoryTest.createMyModuleRepository(FactoryTest.java:527)
	at io.vertx.maven.modules.FactoryTest.testConfiguredResolveFromLocalRepository(FactoryTest.java:168)

testConfiguredResolveFromLocalRepository(io.vertx.maven.modules.FactoryTest)  Time elapsed: 10.074 sec  <<< ERROR!
java.lang.IllegalStateException: Timed out
	at io.vertx.test.core.AsyncTestBase.assertWaitUntil(AsyncTestBase.java:619)
	at io.vertx.test.core.AsyncTestBase.assertWaitUntil(AsyncTestBase.java:606)
	at io.vertx.maven.modules.FactoryTest.tearDown(FactoryTest.java:81)

testLoadDependencyFromVerticleLoaderWhenPresent(io.vertx.maven.modules.FactoryTest)  Time elapsed: 10.032 sec  <<< ERROR!
org.eclipse.aether.resolution.DependencyResolutionException: Failed to read artifact descriptor for io.vertx:vertx-dependencies:pom:4.1.1-SNAPSHOT
	at org.eclipse.aether.internal.impl.DefaultArtifactResolver.resolve(DefaultArtifactResolver.java:434)
	at org.eclipse.aether.internal.impl.DefaultArtifactResolver.resolveArtifacts(DefaultArtifactResolver.java:246)
	at org.eclipse.aether.internal.impl.DefaultArtifactResolver.resolveArtifact(DefaultArtifactResolver.java:223)
	at org.apache.maven.repository.internal.DefaultModelResolver.resolveModel(DefaultModelResolver.java:173)
	at org.apache.maven.repository.internal.DefaultModelResolver.resolveModel(DefaultModelResolver.java:226)
	at org.apache.maven.model.building.DefaultModelBuilder.readParentExternally(DefaultModelBuilder.java:978)
	at org.apache.maven.model.building.DefaultModelBuilder.readParent(DefaultModelBuilder.java:796)
	at org.apache.maven.model.building.DefaultModelBuilder.build(DefaultModelBuilder.java:325)
	at org.apache.maven.repository.internal.DefaultArtifactDescriptorReader.loadPom(DefaultArtifactDescriptorReader.java:340)
	at org.apache.maven.repository.internal.DefaultArtifactDescriptorReader.readArtifactDescriptor(DefaultArtifactDescriptorReader.java:218)
	at org.eclipse.aether.internal.impl.DefaultDependencyCollector.collectDependencies(DefaultDependencyCollector.java:202)
	at org.eclipse.aether.internal.impl.DefaultRepositorySystem.resolveDependencies(DefaultRepositorySystem.java:341)
	at io.vertx.maven.modules.AetherHelper.getDependencies(AetherHelper.java:119)
	at io.vertx.maven.modules.FactoryTest.createMyModuleRepository(FactoryTest.java:596)
	at io.vertx.maven.modules.FactoryTest.createMyModuleRepositoryWithDep(FactoryTest.java:567)
	at io.vertx.maven.modules.FactoryTest.testLoadDependencyFromVerticleLoaderWhenPresent(FactoryTest.java:394)

testLoadDependencyFromVerticleLoaderWhenPresent(io.vertx.maven.modules.FactoryTest)  Time elapsed: 10.032 sec  <<< ERROR!
java.lang.IllegalStateException: Timed out
	at io.vertx.test.core.AsyncTestBase.assertWaitUntil(AsyncTestBase.java:619)
	at io.vertx.test.core.AsyncTestBase.assertWaitUntil(AsyncTestBase.java:606)
	at io.vertx.maven.modules.FactoryTest.tearDown(FactoryTest.java:81)

testConfiguredResolveFromRemoteAuthenticatingRepository(io.vertx.maven.modules.FactoryTest)  Time elapsed: 10.028 sec  <<< ERROR!
org.eclipse.aether.resolution.DependencyResolutionException: Failed to read artifact descriptor for io.vertx:vertx-dependencies:pom:4.1.1-SNAPSHOT
	at org.eclipse.aether.internal.impl.DefaultArtifactResolver.resolve(DefaultArtifactResolver.java:434)
	at org.eclipse.aether.internal.impl.DefaultArtifactResolver.resolveArtifacts(DefaultArtifactResolver.java:246)
	at org.eclipse.aether.internal.impl.DefaultArtifactResolver.resolveArtifact(DefaultArtifactResolver.java:223)
	at org.apache.maven.repository.internal.DefaultModelResolver.resolveModel(DefaultModelResolver.java:173)
	at org.apache.maven.repository.internal.DefaultModelResolver.resolveModel(DefaultModelResolver.java:226)
	at org.apache.maven.model.building.DefaultModelBuilder.readParentExternally(DefaultModelBuilder.java:978)
	at org.apache.maven.model.building.DefaultModelBuilder.readParent(DefaultModelBuilder.java:796)
	at org.apache.maven.model.building.DefaultModelBuilder.build(DefaultModelBuilder.java:325)
	at org.apache.maven.repository.internal.DefaultArtifactDescriptorReader.loadPom(DefaultArtifactDescriptorReader.java:340)
	at org.apache.maven.repository.internal.DefaultArtifactDescriptorReader.readArtifactDescriptor(DefaultArtifactDescriptorReader.java:218)
	at org.eclipse.aether.internal.impl.DefaultDependencyCollector.collectDependencies(DefaultDependencyCollector.java:202)
	at org.eclipse.aether.internal.impl.DefaultRepositorySystem.resolveDependencies(DefaultRepositorySystem.java:341)
	at io.vertx.maven.modules.AetherHelper.getDependencies(AetherHelper.java:119)
	at io.vertx.maven.modules.FactoryTest.createMyModuleRepository(FactoryTest.java:596)
	at io.vertx.maven.modules.FactoryTest.createMyModuleRepository(FactoryTest.java:527)
	at io.vertx.maven.modules.FactoryTest.testConfiguredResolveFromRemoteAuthenticatingRepository(FactoryTest.java:208)

testConfiguredResolveFromRemoteAuthenticatingRepository(io.vertx.maven.modules.FactoryTest)  Time elapsed: 10.029 sec  <<< ERROR!
java.lang.IllegalStateException: Timed out
	at io.vertx.test.core.AsyncTestBase.assertWaitUntil(AsyncTestBase.java:619)
	at io.vertx.test.core.AsyncTestBase.assertWaitUntil(AsyncTestBase.java:606)
	at io.vertx.maven.modules.FactoryTest.tearDown(FactoryTest.java:81)

testNotDeployable(io.vertx.maven.modules.FactoryTest)  Time elapsed: 120.029 sec  <<< ERROR!
java.lang.IllegalStateException: Timed out in waiting for test complete
	at io.vertx.test.core.AsyncTestBase.await(AsyncTestBase.java:133)
	at io.vertx.test.core.AsyncTestBase.await(AsyncTestBase.java:121)
	at io.vertx.maven.modules.FactoryTest.testNotDeployable(FactoryTest.java:522)

testConfiguredHttpProxy(io.vertx.maven.modules.FactoryTest)  Time elapsed: 10.021 sec  <<< ERROR!
org.eclipse.aether.resolution.DependencyResolutionException: Failed to read artifact descriptor for io.vertx:vertx-dependencies:pom:4.1.1-SNAPSHOT
	at org.eclipse.aether.internal.impl.DefaultArtifactResolver.resolve(DefaultArtifactResolver.java:434)
	at org.eclipse.aether.internal.impl.DefaultArtifactResolver.resolveArtifacts(DefaultArtifactResolver.java:246)
	at org.eclipse.aether.internal.impl.DefaultArtifactResolver.resolveArtifact(DefaultArtifactResolver.java:223)
	at org.apache.maven.repository.internal.DefaultModelResolver.resolveModel(DefaultModelResolver.java:173)
	at org.apache.maven.repository.internal.DefaultModelResolver.resolveModel(DefaultModelResolver.java:226)
	at org.apache.maven.model.building.DefaultModelBuilder.readParentExternally(DefaultModelBuilder.java:978)
	at org.apache.maven.model.building.DefaultModelBuilder.readParent(DefaultModelBuilder.java:796)
	at org.apache.maven.model.building.DefaultModelBuilder.build(DefaultModelBuilder.java:325)
	at org.apache.maven.repository.internal.DefaultArtifactDescriptorReader.loadPom(DefaultArtifactDescriptorReader.java:340)
	at org.apache.maven.repository.internal.DefaultArtifactDescriptorReader.readArtifactDescriptor(DefaultArtifactDescriptorReader.java:218)
	at org.eclipse.aether.internal.impl.DefaultDependencyCollector.collectDependencies(DefaultDependencyCollector.java:202)
	at org.eclipse.aether.internal.impl.DefaultRepositorySystem.resolveDependencies(DefaultRepositorySystem.java:341)
	at io.vertx.maven.modules.AetherHelper.getDependencies(AetherHelper.java:119)
	at io.vertx.maven.modules.FactoryTest.createMyModuleRepository(FactoryTest.java:596)
	at io.vertx.maven.modules.FactoryTest.createMyModuleRepository(FactoryTest.java:527)
	at io.vertx.maven.modules.FactoryTest.testConfiguredHttpProxy(FactoryTest.java:244)

testConfiguredHttpProxy(io.vertx.maven.modules.FactoryTest)  Time elapsed: 10.022 sec  <<< ERROR!
java.lang.IllegalStateException: Timed out
	at io.vertx.test.core.AsyncTestBase.assertWaitUntil(AsyncTestBase.java:619)
	at io.vertx.test.core.AsyncTestBase.assertWaitUntil(AsyncTestBase.java:606)
	at io.vertx.maven.modules.FactoryTest.tearDown(FactoryTest.java:81)

testOtherServiceStartsOK(io.vertx.maven.modules.FactoryTest)  Time elapsed: 10.023 sec  <<< ERROR!
org.eclipse.aether.resolution.DependencyResolutionException: Failed to read artifact descriptor for io.vertx:vertx-dependencies:pom:4.1.1-SNAPSHOT
	at org.eclipse.aether.internal.impl.DefaultArtifactResolver.resolve(DefaultArtifactResolver.java:434)
	at org.eclipse.aether.internal.impl.DefaultArtifactResolver.resolveArtifacts(DefaultArtifactResolver.java:246)
	at org.eclipse.aether.internal.impl.DefaultArtifactResolver.resolveArtifact(DefaultArtifactResolver.java:223)
	at org.apache.maven.repository.internal.DefaultModelResolver.resolveModel(DefaultModelResolver.java:173)
	at org.apache.maven.repository.internal.DefaultModelResolver.resolveModel(DefaultModelResolver.java:226)
	at org.apache.maven.model.building.DefaultModelBuilder.readParentExternally(DefaultModelBuilder.java:978)
	at org.apache.maven.model.building.DefaultModelBuilder.readParent(DefaultModelBuilder.java:796)
	at org.apache.maven.model.building.DefaultModelBuilder.build(DefaultModelBuilder.java:325)
	at org.apache.maven.repository.internal.DefaultArtifactDescriptorReader.loadPom(DefaultArtifactDescriptorReader.java:340)
	at org.apache.maven.repository.internal.DefaultArtifactDescriptorReader.readArtifactDescriptor(DefaultArtifactDescriptorReader.java:218)
	at org.eclipse.aether.internal.impl.DefaultDependencyCollector.collectDependencies(DefaultDependencyCollector.java:202)
	at org.eclipse.aether.internal.impl.DefaultRepositorySystem.resolveDependencies(DefaultRepositorySystem.java:341)
	at io.vertx.maven.modules.AetherHelper.getDependencies(AetherHelper.java:119)
	at io.vertx.maven.modules.FactoryTest.createMyModuleRepository(FactoryTest.java:596)
	at io.vertx.maven.modules.FactoryTest.createMyModuleRepository(FactoryTest.java:527)
	at io.vertx.maven.modules.FactoryTest.testOtherServiceStartsOK(FactoryTest.java:122)

testOtherServiceStartsOK(io.vertx.maven.modules.FactoryTest)  Time elapsed: 10.023 sec  <<< ERROR!
java.lang.IllegalStateException: Timed out
	at io.vertx.test.core.AsyncTestBase.assertWaitUntil(AsyncTestBase.java:619)
	at io.vertx.test.core.AsyncTestBase.assertWaitUntil(AsyncTestBase.java:606)
	at io.vertx.maven.modules.FactoryTest.tearDown(FactoryTest.java:81)

testClassifier(io.vertx.maven.modules.FactoryTest)  Time elapsed: 10.028 sec  <<< ERROR!
org.eclipse.aether.resolution.DependencyResolutionException: Failed to read artifact descriptor for io.vertx:vertx-dependencies:pom:4.1.1-SNAPSHOT
	at org.eclipse.aether.internal.impl.DefaultArtifactResolver.resolve(DefaultArtifactResolver.java:434)
	at org.eclipse.aether.internal.impl.DefaultArtifactResolver.resolveArtifacts(DefaultArtifactResolver.java:246)
	at org.eclipse.aether.internal.impl.DefaultArtifactResolver.resolveArtifact(DefaultArtifactResolver.java:223)
	at org.apache.maven.repository.internal.DefaultModelResolver.resolveModel(DefaultModelResolver.java:173)
	at org.apache.maven.repository.internal.DefaultModelResolver.resolveModel(DefaultModelResolver.java:226)
	at org.apache.maven.model.building.DefaultModelBuilder.readParentExternally(DefaultModelBuilder.java:978)
	at org.apache.maven.model.building.DefaultModelBuilder.readParent(DefaultModelBuilder.java:796)
	at org.apache.maven.model.building.DefaultModelBuilder.build(DefaultModelBuilder.java:325)
	at org.apache.maven.repository.internal.DefaultArtifactDescriptorReader.loadPom(DefaultArtifactDescriptorReader.java:340)
	at org.apache.maven.repository.internal.DefaultArtifactDescriptorReader.readArtifactDescriptor(DefaultArtifactDescriptorReader.java:218)
	at org.eclipse.aether.internal.impl.DefaultDependencyCollector.collectDependencies(DefaultDependencyCollector.java:202)
	at org.eclipse.aether.internal.impl.DefaultRepositorySystem.resolveDependencies(DefaultRepositorySystem.java:341)
	at io.vertx.maven.modules.AetherHelper.getDependencies(AetherHelper.java:119)
	at io.vertx.maven.modules.FactoryTest.createMyModuleRepository(FactoryTest.java:596)
	at io.vertx.maven.modules.FactoryTest.createMyModuleClassifierRepository(FactoryTest.java:543)
	at io.vertx.maven.modules.FactoryTest.testClassifier(FactoryTest.java:152)

testClassifier(io.vertx.maven.modules.FactoryTest)  Time elapsed: 10.028 sec  <<< ERROR!
java.lang.IllegalStateException: Timed out
	at io.vertx.test.core.AsyncTestBase.assertWaitUntil(AsyncTestBase.java:619)
	at io.vertx.test.core.AsyncTestBase.assertWaitUntil(AsyncTestBase.java:606)
	at io.vertx.maven.modules.FactoryTest.tearDown(FactoryTest.java:81)

testLoadSystemDependencyFromVerticleLoaderWhenAbsent(io.vertx.maven.modules.FactoryTest)  Time elapsed: 10.038 sec  <<< ERROR!
org.eclipse.aether.resolution.DependencyResolutionException: Failed to read artifact descriptor for io.vertx:vertx-dependencies:pom:4.1.1-SNAPSHOT
	at org.eclipse.aether.internal.impl.DefaultArtifactResolver.resolve(DefaultArtifactResolver.java:434)
	at org.eclipse.aether.internal.impl.DefaultArtifactResolver.resolveArtifacts(DefaultArtifactResolver.java:246)
	at org.eclipse.aether.internal.impl.DefaultArtifactResolver.resolveArtifact(DefaultArtifactResolver.java:223)
	at org.apache.maven.repository.internal.DefaultModelResolver.resolveModel(DefaultModelResolver.java:173)
	at org.apache.maven.repository.internal.DefaultModelResolver.resolveModel(DefaultModelResolver.java:226)
	at org.apache.maven.model.building.DefaultModelBuilder.readParentExternally(DefaultModelBuilder.java:978)
	at org.apache.maven.model.building.DefaultModelBuilder.readParent(DefaultModelBuilder.java:796)
	at org.apache.maven.model.building.DefaultModelBuilder.build(DefaultModelBuilder.java:325)
	at org.apache.maven.repository.internal.DefaultArtifactDescriptorReader.loadPom(DefaultArtifactDescriptorReader.java:340)
	at org.apache.maven.repository.internal.DefaultArtifactDescriptorReader.readArtifactDescriptor(DefaultArtifactDescriptorReader.java:218)
	at org.eclipse.aether.internal.impl.DefaultDependencyCollector.collectDependencies(DefaultDependencyCollector.java:202)
	at org.eclipse.aether.internal.impl.DefaultRepositorySystem.resolveDependencies(DefaultRepositorySystem.java:341)
	at io.vertx.maven.modules.AetherHelper.getDependencies(AetherHelper.java:119)
	at io.vertx.maven.modules.FactoryTest.createMyModuleRepository(FactoryTest.java:596)
	at io.vertx.maven.modules.FactoryTest.createMyModuleRepositoryWithSystemDep(FactoryTest.java:559)
	at io.vertx.maven.modules.FactoryTest.testLoadSystemDependencyFromVerticleLoaderWhenAbsent(FactoryTest.java:333)

testLoadSystemDependencyFromVerticleLoaderWhenAbsent(io.vertx.maven.modules.FactoryTest)  Time elapsed: 10.038 sec  <<< ERROR!
java.lang.IllegalStateException: Timed out
	at io.vertx.test.core.AsyncTestBase.assertWaitUntil(AsyncTestBase.java:619)
	at io.vertx.test.core.AsyncTestBase.assertWaitUntil(AsyncTestBase.java:606)
	at io.vertx.maven.modules.FactoryTest.tearDown(FactoryTest.java:81)

testNonExistentService(io.vertx.maven.modules.FactoryTest)  Time elapsed: 10.022 sec  <<< ERROR!
org.eclipse.aether.resolution.DependencyResolutionException: Failed to read artifact descriptor for io.vertx:vertx-dependencies:pom:4.1.1-SNAPSHOT
	at org.eclipse.aether.internal.impl.DefaultArtifactResolver.resolve(DefaultArtifactResolver.java:434)
	at org.eclipse.aether.internal.impl.DefaultArtifactResolver.resolveArtifacts(DefaultArtifactResolver.java:246)
	at org.eclipse.aether.internal.impl.DefaultArtifactResolver.resolveArtifact(DefaultArtifactResolver.java:223)
	at org.apache.maven.repository.internal.DefaultModelResolver.resolveModel(DefaultModelResolver.java:173)
	at org.apache.maven.repository.internal.DefaultModelResolver.resolveModel(DefaultModelResolver.java:226)
	at org.apache.maven.model.building.DefaultModelBuilder.readParentExternally(DefaultModelBuilder.java:978)
	at org.apache.maven.model.building.DefaultModelBuilder.readParent(DefaultModelBuilder.java:796)
	at org.apache.maven.model.building.DefaultModelBuilder.build(DefaultModelBuilder.java:325)
	at org.apache.maven.repository.internal.DefaultArtifactDescriptorReader.loadPom(DefaultArtifactDescriptorReader.java:340)
	at org.apache.maven.repository.internal.DefaultArtifactDescriptorReader.readArtifactDescriptor(DefaultArtifactDescriptorReader.java:218)
	at org.eclipse.aether.internal.impl.DefaultDependencyCollector.collectDependencies(DefaultDependencyCollector.java:202)
	at org.eclipse.aether.internal.impl.DefaultRepositorySystem.resolveDependencies(DefaultRepositorySystem.java:341)
	at io.vertx.maven.modules.AetherHelper.getDependencies(AetherHelper.java:119)
	at io.vertx.maven.modules.FactoryTest.createMyModuleRepository(FactoryTest.java:596)
	at io.vertx.maven.modules.FactoryTest.createMyModuleRepository(FactoryTest.java:527)
	at io.vertx.maven.modules.FactoryTest.testNonExistentService(FactoryTest.java:493)

testNonExistentService(io.vertx.maven.modules.FactoryTest)  Time elapsed: 10.022 sec  <<< ERROR!
java.lang.IllegalStateException: Timed out
	at io.vertx.test.core.AsyncTestBase.assertWaitUntil(AsyncTestBase.java:619)
	at io.vertx.test.core.AsyncTestBase.assertWaitUntil(AsyncTestBase.java:606)
	at io.vertx.maven.modules.FactoryTest.tearDown(FactoryTest.java:81)

testLoadDependencyFromVerticleLoaderWhenAbsent(io.vertx.maven.modules.FactoryTest)  Time elapsed: 10.022 sec  <<< ERROR!
org.eclipse.aether.resolution.DependencyResolutionException: Failed to read artifact descriptor for io.vertx:vertx-dependencies:pom:4.1.1-SNAPSHOT
	at org.eclipse.aether.internal.impl.DefaultArtifactResolver.resolve(DefaultArtifactResolver.java:434)
	at org.eclipse.aether.internal.impl.DefaultArtifactResolver.resolveArtifacts(DefaultArtifactResolver.java:246)
	at org.eclipse.aether.internal.impl.DefaultArtifactResolver.resolveArtifact(DefaultArtifactResolver.java:223)
	at org.apache.maven.repository.internal.DefaultModelResolver.resolveModel(DefaultModelResolver.java:173)
	at org.apache.maven.repository.internal.DefaultModelResolver.resolveModel(DefaultModelResolver.java:226)
	at org.apache.maven.model.building.DefaultModelBuilder.readParentExternally(DefaultModelBuilder.java:978)
	at org.apache.maven.model.building.DefaultModelBuilder.readParent(DefaultModelBuilder.java:796)
	at org.apache.maven.model.building.DefaultModelBuilder.build(DefaultModelBuilder.java:325)
	at org.apache.maven.repository.internal.DefaultArtifactDescriptorReader.loadPom(DefaultArtifactDescriptorReader.java:340)
	at org.apache.maven.repository.internal.DefaultArtifactDescriptorReader.readArtifactDescriptor(DefaultArtifactDescriptorReader.java:218)
	at org.eclipse.aether.internal.impl.DefaultDependencyCollector.collectDependencies(DefaultDependencyCollector.java:202)
	at org.eclipse.aether.internal.impl.DefaultRepositorySystem.resolveDependencies(DefaultRepositorySystem.java:341)
	at io.vertx.maven.modules.AetherHelper.getDependencies(AetherHelper.java:119)
	at io.vertx.maven.modules.FactoryTest.createMyModuleRepository(FactoryTest.java:596)
	at io.vertx.maven.modules.FactoryTest.createMyModuleRepositoryWithDep(FactoryTest.java:567)
	at io.vertx.maven.modules.FactoryTest.testLoadDependencyFromVerticleLoaderWhenAbsent(FactoryTest.java:371)

testLoadDependencyFromVerticleLoaderWhenAbsent(io.vertx.maven.modules.FactoryTest)  Time elapsed: 10.022 sec  <<< ERROR!
java.lang.IllegalStateException: Timed out
	at io.vertx.test.core.AsyncTestBase.assertWaitUntil(AsyncTestBase.java:619)
	at io.vertx.test.core.AsyncTestBase.assertWaitUntil(AsyncTestBase.java:606)
	at io.vertx.maven.modules.FactoryTest.tearDown(FactoryTest.java:81)

testUndeploy(io.vertx.maven.modules.FactoryTest)  Time elapsed: 10.022 sec  <<< ERROR!
org.eclipse.aether.resolution.DependencyResolutionException: Failed to read artifact descriptor for io.vertx:vertx-dependencies:pom:4.1.1-SNAPSHOT
	at org.eclipse.aether.internal.impl.DefaultArtifactResolver.resolve(DefaultArtifactResolver.java:434)
	at org.eclipse.aether.internal.impl.DefaultArtifactResolver.resolveArtifacts(DefaultArtifactResolver.java:246)
	at org.eclipse.aether.internal.impl.DefaultArtifactResolver.resolveArtifact(DefaultArtifactResolver.java:223)
	at org.apache.maven.repository.internal.DefaultModelResolver.resolveModel(DefaultModelResolver.java:173)
	at org.apache.maven.repository.internal.DefaultModelResolver.resolveModel(DefaultModelResolver.java:226)
	at org.apache.maven.model.building.DefaultModelBuilder.readParentExternally(DefaultModelBuilder.java:978)
	at org.apache.maven.model.building.DefaultModelBuilder.readParent(DefaultModelBuilder.java:796)
	at org.apache.maven.model.building.DefaultModelBuilder.build(DefaultModelBuilder.java:325)
	at org.apache.maven.repository.internal.DefaultArtifactDescriptorReader.loadPom(DefaultArtifactDescriptorReader.java:340)
	at org.apache.maven.repository.internal.DefaultArtifactDescriptorReader.readArtifactDescriptor(DefaultArtifactDescriptorReader.java:218)
	at org.eclipse.aether.internal.impl.DefaultDependencyCollector.collectDependencies(DefaultDependencyCollector.java:202)
	at org.eclipse.aether.internal.impl.DefaultRepositorySystem.resolveDependencies(DefaultRepositorySystem.java:341)
	at io.vertx.maven.modules.AetherHelper.getDependencies(AetherHelper.java:119)
	at io.vertx.maven.modules.FactoryTest.createMyModuleRepository(FactoryTest.java:596)
	at io.vertx.maven.modules.FactoryTest.createMyModuleRepository(FactoryTest.java:527)
	at io.vertx.maven.modules.FactoryTest.testUndeploy(FactoryTest.java:426)

testUndeploy(io.vertx.maven.modules.FactoryTest)  Time elapsed: 10.022 sec  <<< ERROR!
java.lang.IllegalStateException: Timed out
	at io.vertx.test.core.AsyncTestBase.assertWaitUntil(AsyncTestBase.java:619)
	at io.vertx.test.core.AsyncTestBase.assertWaitUntil(AsyncTestBase.java:606)
	at io.vertx.maven.modules.FactoryTest.tearDown(FactoryTest.java:81)

testUseMainVerticleFromManifest(io.vertx.maven.modules.FactoryTest)  Time elapsed: 10.026 sec  <<< ERROR!
org.eclipse.aether.resolution.DependencyResolutionException: Failed to read artifact descriptor for io.vertx:vertx-dependencies:pom:4.1.1-SNAPSHOT
	at org.eclipse.aether.internal.impl.DefaultArtifactResolver.resolve(DefaultArtifactResolver.java:434)
	at org.eclipse.aether.internal.impl.DefaultArtifactResolver.resolveArtifacts(DefaultArtifactResolver.java:246)
	at org.eclipse.aether.internal.impl.DefaultArtifactResolver.resolveArtifact(DefaultArtifactResolver.java:223)
	at org.apache.maven.repository.internal.DefaultModelResolver.resolveModel(DefaultModelResolver.java:173)
	at org.apache.maven.repository.internal.DefaultModelResolver.resolveModel(DefaultModelResolver.java:226)
	at org.apache.maven.model.building.DefaultModelBuilder.readParentExternally(DefaultModelBuilder.java:978)
	at org.apache.maven.model.building.DefaultModelBuilder.readParent(DefaultModelBuilder.java:796)
	at org.apache.maven.model.building.DefaultModelBuilder.build(DefaultModelBuilder.java:325)
	at org.apache.maven.repository.internal.DefaultArtifactDescriptorReader.loadPom(DefaultArtifactDescriptorReader.java:340)
	at org.apache.maven.repository.internal.DefaultArtifactDescriptorReader.readArtifactDescriptor(DefaultArtifactDescriptorReader.java:218)
	at org.eclipse.aether.internal.impl.DefaultDependencyCollector.collectDependencies(DefaultDependencyCollector.java:202)
	at org.eclipse.aether.internal.impl.DefaultRepositorySystem.resolveDependencies(DefaultRepositorySystem.java:341)
	at io.vertx.maven.modules.AetherHelper.getDependencies(AetherHelper.java:119)
	at io.vertx.maven.modules.FactoryTest.createMyModuleRepository(FactoryTest.java:596)
	at io.vertx.maven.modules.FactoryTest.createMyModuleMainVerticleRepository(FactoryTest.java:551)
	at io.vertx.maven.modules.FactoryTest.testUseMainVerticleFromManifest(FactoryTest.java:109)

testUseMainVerticleFromManifest(io.vertx.maven.modules.FactoryTest)  Time elapsed: 10.026 sec  <<< ERROR!
java.lang.IllegalStateException: Timed out
	at io.vertx.test.core.AsyncTestBase.assertWaitUntil(AsyncTestBase.java:619)
	at io.vertx.test.core.AsyncTestBase.assertWaitUntil(AsyncTestBase.java:606)
	at io.vertx.maven.modules.FactoryTest.tearDown(FactoryTest.java:81)

testMissingTransitiveDependency(io.vertx.maven.modules.FactoryTest)  Time elapsed: 10.025 sec  <<< ERROR!
org.eclipse.aether.resolution.DependencyResolutionException: Failed to read artifact descriptor for io.vertx:vertx-dependencies:pom:4.1.1-SNAPSHOT
	at org.eclipse.aether.internal.impl.DefaultArtifactResolver.resolve(DefaultArtifactResolver.java:434)
	at org.eclipse.aether.internal.impl.DefaultArtifactResolver.resolveArtifacts(DefaultArtifactResolver.java:246)
	at org.eclipse.aether.internal.impl.DefaultArtifactResolver.resolveArtifact(DefaultArtifactResolver.java:223)
	at org.apache.maven.repository.internal.DefaultModelResolver.resolveModel(DefaultModelResolver.java:173)
	at org.apache.maven.repository.internal.DefaultModelResolver.resolveModel(DefaultModelResolver.java:226)
	at org.apache.maven.model.building.DefaultModelBuilder.readParentExternally(DefaultModelBuilder.java:978)
	at org.apache.maven.model.building.DefaultModelBuilder.readParent(DefaultModelBuilder.java:796)
	at org.apache.maven.model.building.DefaultModelBuilder.build(DefaultModelBuilder.java:325)
	at org.apache.maven.repository.internal.DefaultArtifactDescriptorReader.loadPom(DefaultArtifactDescriptorReader.java:340)
	at org.apache.maven.repository.internal.DefaultArtifactDescriptorReader.readArtifactDescriptor(DefaultArtifactDescriptorReader.java:218)
	at org.eclipse.aether.internal.impl.DefaultDependencyCollector.collectDependencies(DefaultDependencyCollector.java:202)
	at org.eclipse.aether.internal.impl.DefaultRepositorySystem.resolveDependencies(DefaultRepositorySystem.java:341)
	at io.vertx.maven.modules.AetherHelper.getDependencies(AetherHelper.java:119)
	at io.vertx.maven.modules.FactoryTest.createMyModuleRepository(FactoryTest.java:596)
	at io.vertx.maven.modules.FactoryTest.testMissingTransitiveDependency(FactoryTest.java:473)

testMissingTransitiveDependency(io.vertx.maven.modules.FactoryTest)  Time elapsed: 10.025 sec  <<< ERROR!
java.lang.IllegalStateException: Timed out
	at io.vertx.test.core.AsyncTestBase.assertWaitUntil(AsyncTestBase.java:619)
	at io.vertx.test.core.AsyncTestBase.assertWaitUntil(AsyncTestBase.java:606)
	at io.vertx.maven.modules.FactoryTest.tearDown(FactoryTest.java:81)

testConfiguredResolveFromRemoteRepository(io.vertx.maven.modules.FactoryTest)  Time elapsed: 10.01 sec  <<< ERROR!
org.eclipse.aether.resolution.DependencyResolutionException: Failed to read artifact descriptor for io.vertx:vertx-dependencies:pom:4.1.1-SNAPSHOT
	at org.eclipse.aether.internal.impl.DefaultArtifactResolver.resolve(DefaultArtifactResolver.java:434)
	at org.eclipse.aether.internal.impl.DefaultArtifactResolver.resolveArtifacts(DefaultArtifactResolver.java:246)
	at org.eclipse.aether.internal.impl.DefaultArtifactResolver.resolveArtifact(DefaultArtifactResolver.java:223)
	at org.apache.maven.repository.internal.DefaultModelResolver.resolveModel(DefaultModelResolver.java:173)
	at org.apache.maven.repository.internal.DefaultModelResolver.resolveModel(DefaultModelResolver.java:226)
	at org.apache.maven.model.building.DefaultModelBuilder.readParentExternally(DefaultModelBuilder.java:978)
	at org.apache.maven.model.building.DefaultModelBuilder.readParent(DefaultModelBuilder.java:796)
	at org.apache.maven.model.building.DefaultModelBuilder.build(DefaultModelBuilder.java:325)
	at org.apache.maven.repository.internal.DefaultArtifactDescriptorReader.loadPom(DefaultArtifactDescriptorReader.java:340)
	at org.apache.maven.repository.internal.DefaultArtifactDescriptorReader.readArtifactDescriptor(DefaultArtifactDescriptorReader.java:218)
	at org.eclipse.aether.internal.impl.DefaultDependencyCollector.collectDependencies(DefaultDependencyCollector.java:202)
	at org.eclipse.aether.internal.impl.DefaultRepositorySystem.resolveDependencies(DefaultRepositorySystem.java:341)
	at io.vertx.maven.modules.AetherHelper.getDependencies(AetherHelper.java:119)
	at io.vertx.maven.modules.FactoryTest.createMyModuleRepository(FactoryTest.java:596)
	at io.vertx.maven.modules.FactoryTest.createMyModuleRepository(FactoryTest.java:527)
	at io.vertx.maven.modules.FactoryTest.testConfiguredResolveFromRemoteRepository(FactoryTest.java:181)

testConfiguredResolveFromRemoteRepository(io.vertx.maven.modules.FactoryTest)  Time elapsed: 10.01 sec  <<< ERROR!
java.lang.IllegalStateException: Timed out
	at io.vertx.test.core.AsyncTestBase.assertWaitUntil(AsyncTestBase.java:619)
	at io.vertx.test.core.AsyncTestBase.assertWaitUntil(AsyncTestBase.java:606)
	at io.vertx.maven.modules.FactoryTest.tearDown(FactoryTest.java:81)

testZipExtension(io.vertx.maven.modules.FactoryTest)  Time elapsed: 10.021 sec  <<< ERROR!
org.eclipse.aether.resolution.DependencyResolutionException: Failed to read artifact descriptor for io.vertx:vertx-dependencies:pom:4.1.1-SNAPSHOT
	at org.eclipse.aether.internal.impl.DefaultArtifactResolver.resolve(DefaultArtifactResolver.java:434)
	at org.eclipse.aether.internal.impl.DefaultArtifactResolver.resolveArtifacts(DefaultArtifactResolver.java:246)
	at org.eclipse.aether.internal.impl.DefaultArtifactResolver.resolveArtifact(DefaultArtifactResolver.java:223)
	at org.apache.maven.repository.internal.DefaultModelResolver.resolveModel(DefaultModelResolver.java:173)
	at org.apache.maven.repository.internal.DefaultModelResolver.resolveModel(DefaultModelResolver.java:226)
	at org.apache.maven.model.building.DefaultModelBuilder.readParentExternally(DefaultModelBuilder.java:978)
	at org.apache.maven.model.building.DefaultModelBuilder.readParent(DefaultModelBuilder.java:796)
	at org.apache.maven.model.building.DefaultModelBuilder.build(DefaultModelBuilder.java:325)
	at org.apache.maven.repository.internal.DefaultArtifactDescriptorReader.loadPom(DefaultArtifactDescriptorReader.java:340)
	at org.apache.maven.repository.internal.DefaultArtifactDescriptorReader.readArtifactDescriptor(DefaultArtifactDescriptorReader.java:218)
	at org.eclipse.aether.internal.impl.DefaultDependencyCollector.collectDependencies(DefaultDependencyCollector.java:202)
	at org.eclipse.aether.internal.impl.DefaultRepositorySystem.resolveDependencies(DefaultRepositorySystem.java:341)
	at io.vertx.maven.modules.AetherHelper.getDependencies(AetherHelper.java:119)
	at io.vertx.maven.modules.FactoryTest.createMyModuleRepository(FactoryTest.java:596)
	at io.vertx.maven.modules.FactoryTest.createMyModuleZipRepository(FactoryTest.java:535)
	at io.vertx.maven.modules.FactoryTest.testZipExtension(FactoryTest.java:135)

testZipExtension(io.vertx.maven.modules.FactoryTest)  Time elapsed: 10.021 sec  <<< ERROR!
java.lang.IllegalStateException: Timed out
	at io.vertx.test.core.AsyncTestBase.assertWaitUntil(AsyncTestBase.java:619)
	at io.vertx.test.core.AsyncTestBase.assertWaitUntil(AsyncTestBase.java:606)
	at io.vertx.maven.modules.FactoryTest.tearDown(FactoryTest.java:81)

testNoServiceName(io.vertx.maven.modules.FactoryTest)  Time elapsed: 10.022 sec  <<< ERROR!
org.eclipse.aether.resolution.DependencyResolutionException: Failed to read artifact descriptor for io.vertx:vertx-dependencies:pom:4.1.1-SNAPSHOT
	at org.eclipse.aether.internal.impl.DefaultArtifactResolver.resolve(DefaultArtifactResolver.java:434)
	at org.eclipse.aether.internal.impl.DefaultArtifactResolver.resolveArtifacts(DefaultArtifactResolver.java:246)
	at org.eclipse.aether.internal.impl.DefaultArtifactResolver.resolveArtifact(DefaultArtifactResolver.java:223)
	at org.apache.maven.repository.internal.DefaultModelResolver.resolveModel(DefaultModelResolver.java:173)
	at org.apache.maven.repository.internal.DefaultModelResolver.resolveModel(DefaultModelResolver.java:226)
	at org.apache.maven.model.building.DefaultModelBuilder.readParentExternally(DefaultModelBuilder.java:978)
	at org.apache.maven.model.building.DefaultModelBuilder.readParent(DefaultModelBuilder.java:796)
	at org.apache.maven.model.building.DefaultModelBuilder.build(DefaultModelBuilder.java:325)
	at org.apache.maven.repository.internal.DefaultArtifactDescriptorReader.loadPom(DefaultArtifactDescriptorReader.java:340)
	at org.apache.maven.repository.internal.DefaultArtifactDescriptorReader.readArtifactDescriptor(DefaultArtifactDescriptorReader.java:218)
	at org.eclipse.aether.internal.impl.DefaultDependencyCollector.collectDependencies(DefaultDependencyCollector.java:202)
	at org.eclipse.aether.internal.impl.DefaultRepositorySystem.resolveDependencies(DefaultRepositorySystem.java:341)
	at io.vertx.maven.modules.AetherHelper.getDependencies(AetherHelper.java:119)
	at io.vertx.maven.modules.FactoryTest.createMyModuleRepository(FactoryTest.java:596)
	at io.vertx.maven.modules.FactoryTest.createMyModuleRepository(FactoryTest.java:527)
	at io.vertx.maven.modules.FactoryTest.testNoServiceName(FactoryTest.java:451)

testNoServiceName(io.vertx.maven.modules.FactoryTest)  Time elapsed: 10.023 sec  <<< ERROR!
java.lang.IllegalStateException: Timed out
	at io.vertx.test.core.AsyncTestBase.assertWaitUntil(AsyncTestBase.java:619)
	at io.vertx.test.core.AsyncTestBase.assertWaitUntil(AsyncTestBase.java:606)
	at io.vertx.maven.modules.FactoryTest.tearDown(FactoryTest.java:81)

testDeploy(io.vertx.maven.modules.FactoryTest)  Time elapsed: 10.018 sec  <<< ERROR!
org.eclipse.aether.resolution.DependencyResolutionException: Failed to read artifact descriptor for io.vertx:vertx-dependencies:pom:4.1.1-SNAPSHOT
	at org.eclipse.aether.internal.impl.DefaultArtifactResolver.resolve(DefaultArtifactResolver.java:434)
	at org.eclipse.aether.internal.impl.DefaultArtifactResolver.resolveArtifacts(DefaultArtifactResolver.java:246)
	at org.eclipse.aether.internal.impl.DefaultArtifactResolver.resolveArtifact(DefaultArtifactResolver.java:223)
	at org.apache.maven.repository.internal.DefaultModelResolver.resolveModel(DefaultModelResolver.java:173)
	at org.apache.maven.repository.internal.DefaultModelResolver.resolveModel(DefaultModelResolver.java:226)
	at org.apache.maven.model.building.DefaultModelBuilder.readParentExternally(DefaultModelBuilder.java:978)
	at org.apache.maven.model.building.DefaultModelBuilder.readParent(DefaultModelBuilder.java:796)
	at org.apache.maven.model.building.DefaultModelBuilder.build(DefaultModelBuilder.java:325)
	at org.apache.maven.repository.internal.DefaultArtifactDescriptorReader.loadPom(DefaultArtifactDescriptorReader.java:340)
	at org.apache.maven.repository.internal.DefaultArtifactDescriptorReader.readArtifactDescriptor(DefaultArtifactDescriptorReader.java:218)
	at org.eclipse.aether.internal.impl.DefaultDependencyCollector.collectDependencies(DefaultDependencyCollector.java:202)
	at org.eclipse.aether.internal.impl.DefaultRepositorySystem.resolveDependencies(DefaultRepositorySystem.java:341)
	at io.vertx.maven.modules.AetherHelper.getDependencies(AetherHelper.java:119)
	at io.vertx.maven.modules.FactoryTest.createMyModuleRepository(FactoryTest.java:596)
	at io.vertx.maven.modules.FactoryTest.createMyModuleRepository(FactoryTest.java:527)
	at io.vertx.maven.modules.FactoryTest.testDeploy(FactoryTest.java:87)

testDeploy(io.vertx.maven.modules.FactoryTest)  Time elapsed: 10.018 sec  <<< ERROR!
java.lang.IllegalStateException: Timed out
	at io.vertx.test.core.AsyncTestBase.assertWaitUntil(AsyncTestBase.java:619)
	at io.vertx.test.core.AsyncTestBase.assertWaitUntil(AsyncTestBase.java:606)
	at io.vertx.maven.modules.FactoryTest.tearDown(FactoryTest.java:81)

testConfiguredHttpProxyFailure(io.vertx.maven.modules.FactoryTest)  Time elapsed: 10.052 sec  <<< ERROR!
org.eclipse.aether.resolution.DependencyResolutionException: Failed to read artifact descriptor for io.vertx:vertx-dependencies:pom:4.1.1-SNAPSHOT
	at org.eclipse.aether.internal.impl.DefaultArtifactResolver.resolve(DefaultArtifactResolver.java:434)
	at org.eclipse.aether.internal.impl.DefaultArtifactResolver.resolveArtifacts(DefaultArtifactResolver.java:246)
	at org.eclipse.aether.internal.impl.DefaultArtifactResolver.resolveArtifact(DefaultArtifactResolver.java:223)
	at org.apache.maven.repository.internal.DefaultModelResolver.resolveModel(DefaultModelResolver.java:173)
	at org.apache.maven.repository.internal.DefaultModelResolver.resolveModel(DefaultModelResolver.java:226)
	at org.apache.maven.model.building.DefaultModelBuilder.readParentExternally(DefaultModelBuilder.java:978)
	at org.apache.maven.model.building.DefaultModelBuilder.readParent(DefaultModelBuilder.java:796)
	at org.apache.maven.model.building.DefaultModelBuilder.build(DefaultModelBuilder.java:325)
	at org.apache.maven.repository.internal.DefaultArtifactDescriptorReader.loadPom(DefaultArtifactDescriptorReader.java:340)
	at org.apache.maven.repository.internal.DefaultArtifactDescriptorReader.readArtifactDescriptor(DefaultArtifactDescriptorReader.java:218)
	at org.eclipse.aether.internal.impl.DefaultDependencyCollector.collectDependencies(DefaultDependencyCollector.java:202)
	at org.eclipse.aether.internal.impl.DefaultRepositorySystem.resolveDependencies(DefaultRepositorySystem.java:341)
	at io.vertx.maven.modules.AetherHelper.getDependencies(AetherHelper.java:119)
	at io.vertx.maven.modules.FactoryTest.createMyModuleRepository(FactoryTest.java:596)
	at io.vertx.maven.modules.FactoryTest.createMyModuleRepository(FactoryTest.java:527)
	at io.vertx.maven.modules.FactoryTest.testConfiguredHttpProxyFailure(FactoryTest.java:319)

testConfiguredHttpProxyFailure(io.vertx.maven.modules.FactoryTest)  Time elapsed: 10.052 sec  <<< ERROR!
java.lang.IllegalStateException: Timed out
	at io.vertx.test.core.AsyncTestBase.assertWaitUntil(AsyncTestBase.java:619)
	at io.vertx.test.core.AsyncTestBase.assertWaitUntil(AsyncTestBase.java:606)
	at io.vertx.maven.modules.FactoryTest.tearDown(FactoryTest.java:81)

testStartsOK(io.vertx.maven.modules.FactoryTest)  Time elapsed: 10.023 sec  <<< ERROR!
org.eclipse.aether.resolution.DependencyResolutionException: Failed to read artifact descriptor for io.vertx:vertx-dependencies:pom:4.1.1-SNAPSHOT
	at org.eclipse.aether.internal.impl.DefaultArtifactResolver.resolve(DefaultArtifactResolver.java:434)
	at org.eclipse.aether.internal.impl.DefaultArtifactResolver.resolveArtifacts(DefaultArtifactResolver.java:246)
	at org.eclipse.aether.internal.impl.DefaultArtifactResolver.resolveArtifact(DefaultArtifactResolver.java:223)
	at org.apache.maven.repository.internal.DefaultModelResolver.resolveModel(DefaultModelResolver.java:173)
	at org.apache.maven.repository.internal.DefaultModelResolver.resolveModel(DefaultModelResolver.java:226)
	at org.apache.maven.model.building.DefaultModelBuilder.readParentExternally(DefaultModelBuilder.java:978)
	at org.apache.maven.model.building.DefaultModelBuilder.readParent(DefaultModelBuilder.java:796)
	at org.apache.maven.model.building.DefaultModelBuilder.build(DefaultModelBuilder.java:325)
	at org.apache.maven.repository.internal.DefaultArtifactDescriptorReader.loadPom(DefaultArtifactDescriptorReader.java:340)
	at org.apache.maven.repository.internal.DefaultArtifactDescriptorReader.readArtifactDescriptor(DefaultArtifactDescriptorReader.java:218)
	at org.eclipse.aether.internal.impl.DefaultDependencyCollector.collectDependencies(DefaultDependencyCollector.java:202)
	at org.eclipse.aether.internal.impl.DefaultRepositorySystem.resolveDependencies(DefaultRepositorySystem.java:341)
	at io.vertx.maven.modules.AetherHelper.getDependencies(AetherHelper.java:119)
	at io.vertx.maven.modules.FactoryTest.createMyModuleRepository(FactoryTest.java:596)
	at io.vertx.maven.modules.FactoryTest.createMyModuleRepository(FactoryTest.java:527)
	at io.vertx.maven.modules.FactoryTest.testStartsOK(FactoryTest.java:97)

testStartsOK(io.vertx.maven.modules.FactoryTest)  Time elapsed: 10.023 sec  <<< ERROR!
java.lang.IllegalStateException: Timed out
	at io.vertx.test.core.AsyncTestBase.assertWaitUntil(AsyncTestBase.java:619)
	at io.vertx.test.core.AsyncTestBase.assertWaitUntil(AsyncTestBase.java:606)
	at io.vertx.maven.modules.FactoryTest.tearDown(FactoryTest.java:81)

testConfiguredAuthenticatingHttpProxy(io.vertx.maven.modules.FactoryTest)  Time elapsed: 10.022 sec  <<< ERROR!
org.eclipse.aether.resolution.DependencyResolutionException: Failed to read artifact descriptor for io.vertx:vertx-dependencies:pom:4.1.1-SNAPSHOT
	at org.eclipse.aether.internal.impl.DefaultArtifactResolver.resolve(DefaultArtifactResolver.java:434)
	at org.eclipse.aether.internal.impl.DefaultArtifactResolver.resolveArtifacts(DefaultArtifactResolver.java:246)
	at org.eclipse.aether.internal.impl.DefaultArtifactResolver.resolveArtifact(DefaultArtifactResolver.java:223)
	at org.apache.maven.repository.internal.DefaultModelResolver.resolveModel(DefaultModelResolver.java:173)
	at org.apache.maven.repository.internal.DefaultModelResolver.resolveModel(DefaultModelResolver.java:226)
	at org.apache.maven.model.building.DefaultModelBuilder.readParentExternally(DefaultModelBuilder.java:978)
	at org.apache.maven.model.building.DefaultModelBuilder.readParent(DefaultModelBuilder.java:796)
	at org.apache.maven.model.building.DefaultModelBuilder.build(DefaultModelBuilder.java:325)
	at org.apache.maven.repository.internal.DefaultArtifactDescriptorReader.loadPom(DefaultArtifactDescriptorReader.java:340)
	at org.apache.maven.repository.internal.DefaultArtifactDescriptorReader.readArtifactDescriptor(DefaultArtifactDescriptorReader.java:218)
	at org.eclipse.aether.internal.impl.DefaultDependencyCollector.collectDependencies(DefaultDependencyCollector.java:202)
	at org.eclipse.aether.internal.impl.DefaultRepositorySystem.resolveDependencies(DefaultRepositorySystem.java:341)
	at io.vertx.maven.modules.AetherHelper.getDependencies(AetherHelper.java:119)
	at io.vertx.maven.modules.FactoryTest.createMyModuleRepository(FactoryTest.java:596)
	at io.vertx.maven.modules.FactoryTest.createMyModuleRepository(FactoryTest.java:527)
	at io.vertx.maven.modules.FactoryTest.testConfiguredAuthenticatingHttpProxy(FactoryTest.java:292)

testConfiguredAuthenticatingHttpProxy(io.vertx.maven.modules.FactoryTest)  Time elapsed: 10.022 sec  <<< ERROR!
java.lang.IllegalStateException: Timed out
	at io.vertx.test.core.AsyncTestBase.assertWaitUntil(AsyncTestBase.java:619)
	at io.vertx.test.core.AsyncTestBase.assertWaitUntil(AsyncTestBase.java:606)
	at io.vertx.maven.modules.FactoryTest.tearDown(FactoryTest.java:81)


Results :

Tests in error: 
io.vertx.maven.modules.FactoryTest.testClassifier(io.vertx.maven.modules.FactoryTest)
  Run 1: FactoryTest.testClassifier:152->createMyModuleClassifierRepository:543->createMyModuleRepository:596  DependencyResolution
  Run 2: FactoryTest>AsyncTestBase.after:83->tearDown:81->AsyncTestBase.assertWaitUntil:606->AsyncTestBase.assertWaitUntil:619  IllegalState

io.vertx.maven.modules.FactoryTest.testConfiguredAuthenticatingHttpProxy(io.vertx.maven.modules.FactoryTest)
  Run 1: FactoryTest.testConfiguredAuthenticatingHttpProxy:292->createMyModuleRepository:527->createMyModuleRepository:596  DependencyResolution
  Run 2: FactoryTest>AsyncTestBase.after:83->tearDown:81->AsyncTestBase.assertWaitUntil:606->AsyncTestBase.assertWaitUntil:619  IllegalState

io.vertx.maven.modules.FactoryTest.testConfiguredHttpProxy(io.vertx.maven.modules.FactoryTest)
  Run 1: FactoryTest.testConfiguredHttpProxy:244->createMyModuleRepository:527->createMyModuleRepository:596  DependencyResolution
  Run 2: FactoryTest>AsyncTestBase.after:83->tearDown:81->AsyncTestBase.assertWaitUntil:606->AsyncTestBase.assertWaitUntil:619  IllegalState

io.vertx.maven.modules.FactoryTest.testConfiguredHttpProxyFailure(io.vertx.maven.modules.FactoryTest)
  Run 1: FactoryTest.testConfiguredHttpProxyFailure:319->createMyModuleRepository:527->createMyModuleRepository:596  DependencyResolution
  Run 2: FactoryTest>AsyncTestBase.after:83->tearDown:81->AsyncTestBase.assertWaitUntil:606->AsyncTestBase.assertWaitUntil:619  IllegalState

io.vertx.maven.modules.FactoryTest.testConfiguredResolveFromLocalRepository(io.vertx.maven.modules.FactoryTest)
  Run 1: FactoryTest.testConfiguredResolveFromLocalRepository:168->createMyModuleRepository:527->createMyModuleRepository:596  DependencyResolution
  Run 2: FactoryTest>AsyncTestBase.after:83->tearDown:81->AsyncTestBase.assertWaitUntil:606->AsyncTestBase.assertWaitUntil:619  IllegalState

io.vertx.maven.modules.FactoryTest.testConfiguredResolveFromRemoteAuthenticatingRepository(io.vertx.maven.modules.FactoryTest)
  Run 1: FactoryTest.testConfiguredResolveFromRemoteAuthenticatingRepository:208->createMyModuleRepository:527->createMyModuleRepository:596  DependencyResolution
  Run 2: FactoryTest>AsyncTestBase.after:83->tearDown:81->AsyncTestBase.assertWaitUntil:606->AsyncTestBase.assertWaitUntil:619  IllegalState

io.vertx.maven.modules.FactoryTest.testConfiguredResolveFromRemoteRepository(io.vertx.maven.modules.FactoryTest)
  Run 1: FactoryTest.testConfiguredResolveFromRemoteRepository:181->createMyModuleRepository:527->createMyModuleRepository:596  DependencyResolution
  Run 2: FactoryTest>AsyncTestBase.after:83->tearDown:81->AsyncTestBase.assertWaitUntil:606->AsyncTestBase.assertWaitUntil:619  IllegalState

io.vertx.maven.modules.FactoryTest.testDeploy(io.vertx.maven.modules.FactoryTest)
  Run 1: FactoryTest.testDeploy:87->createMyModuleRepository:527->createMyModuleRepository:596  DependencyResolution
  Run 2: FactoryTest>AsyncTestBase.after:83->tearDown:81->AsyncTestBase.assertWaitUntil:606->AsyncTestBase.assertWaitUntil:619  IllegalState

io.vertx.maven.modules.FactoryTest.testLoadDependencyFromVerticleLoaderWhenAbsent(io.vertx.maven.modules.FactoryTest)
  Run 1: FactoryTest.testLoadDependencyFromVerticleLoaderWhenAbsent:371->createMyModuleRepositoryWithDep:567->createMyModuleRepository:596  DependencyResolution
  Run 2: FactoryTest>AsyncTestBase.after:83->tearDown:81->AsyncTestBase.assertWaitUntil:606->AsyncTestBase.assertWaitUntil:619  IllegalState

io.vertx.maven.modules.FactoryTest.testLoadDependencyFromVerticleLoaderWhenPresent(io.vertx.maven.modules.FactoryTest)
  Run 1: FactoryTest.testLoadDependencyFromVerticleLoaderWhenPresent:394->createMyModuleRepositoryWithDep:567->createMyModuleRepository:596  DependencyResolution
  Run 2: FactoryTest>AsyncTestBase.after:83->tearDown:81->AsyncTestBase.assertWaitUntil:606->AsyncTestBase.assertWaitUntil:619  IllegalState

io.vertx.maven.modules.FactoryTest.testLoadSystemDependencyFromParentLoaderWhenPresent(io.vertx.maven.modules.FactoryTest)
  Run 1: FactoryTest.testLoadSystemDependencyFromParentLoaderWhenPresent:355->createMyModuleRepositoryWithSystemDep:559->createMyModuleRepository:596  DependencyResolution
  Run 2: FactoryTest>AsyncTestBase.after:83->tearDown:81->AsyncTestBase.assertWaitUntil:606->AsyncTestBase.assertWaitUntil:619  IllegalState

io.vertx.maven.modules.FactoryTest.testLoadSystemDependencyFromVerticleLoaderWhenAbsent(io.vertx.maven.modules.FactoryTest)
  Run 1: FactoryTest.testLoadSystemDependencyFromVerticleLoaderWhenAbsent:333->createMyModuleRepositoryWithSystemDep:559->createMyModuleRepository:596  DependencyResolution
  Run 2: FactoryTest>AsyncTestBase.after:83->tearDown:81->AsyncTestBase.assertWaitUntil:606->AsyncTestBase.assertWaitUntil:619  IllegalState

io.vertx.maven.modules.FactoryTest.testMissingTransitiveDependency(io.vertx.maven.modules.FactoryTest)
  Run 1: FactoryTest.testMissingTransitiveDependency:473->createMyModuleRepository:596  DependencyResolution
  Run 2: FactoryTest>AsyncTestBase.after:83->tearDown:81->AsyncTestBase.assertWaitUntil:606->AsyncTestBase.assertWaitUntil:619  IllegalState

io.vertx.maven.modules.FactoryTest.testNoServiceName(io.vertx.maven.modules.FactoryTest)
  Run 1: FactoryTest.testNoServiceName:451->createMyModuleRepository:527->createMyModuleRepository:596  DependencyResolution
  Run 2: FactoryTest>AsyncTestBase.after:83->tearDown:81->AsyncTestBase.assertWaitUntil:606->AsyncTestBase.assertWaitUntil:619  IllegalState

io.vertx.maven.modules.FactoryTest.testNonExistentService(io.vertx.maven.modules.FactoryTest)
  Run 1: FactoryTest.testNonExistentService:493->createMyModuleRepository:527->createMyModuleRepository:596  DependencyResolution
  Run 2: FactoryTest>AsyncTestBase.after:83->tearDown:81->AsyncTestBase.assertWaitUntil:606->AsyncTestBase.assertWaitUntil:619  IllegalState

  FactoryTest.testNotDeployable:522->AsyncTestBase.await:121->AsyncTestBase.await:133  IllegalState
io.vertx.maven.modules.FactoryTest.testOtherServiceStartsOK(io.vertx.maven.modules.FactoryTest)
  Run 1: FactoryTest.testOtherServiceStartsOK:122->createMyModuleRepository:527->createMyModuleRepository:596  DependencyResolution
  Run 2: FactoryTest>AsyncTestBase.after:83->tearDown:81->AsyncTestBase.assertWaitUntil:606->AsyncTestBase.assertWaitUntil:619  IllegalState

io.vertx.maven.modules.FactoryTest.testStartsOK(io.vertx.maven.modules.FactoryTest)
  Run 1: FactoryTest.testStartsOK:97->createMyModuleRepository:527->createMyModuleRepository:596  DependencyResolution
  Run 2: FactoryTest>AsyncTestBase.after:83->tearDown:81->AsyncTestBase.assertWaitUntil:606->AsyncTestBase.assertWaitUntil:619  IllegalState

io.vertx.maven.modules.FactoryTest.testUndeploy(io.vertx.maven.modules.FactoryTest)
  Run 1: FactoryTest.testUndeploy:426->createMyModuleRepository:527->createMyModuleRepository:596  DependencyResolution
  Run 2: FactoryTest>AsyncTestBase.after:83->tearDown:81->AsyncTestBase.assertWaitUntil:606->AsyncTestBase.assertWaitUntil:619  IllegalState

io.vertx.maven.modules.FactoryTest.testUseMainVerticleFromManifest(io.vertx.maven.modules.FactoryTest)
  Run 1: FactoryTest.testUseMainVerticleFromManifest:109->createMyModuleMainVerticleRepository:551->createMyModuleRepository:596  DependencyResolution
  Run 2: FactoryTest>AsyncTestBase.after:83->tearDown:81->AsyncTestBase.assertWaitUntil:606->AsyncTestBase.assertWaitUntil:619  IllegalState

io.vertx.maven.modules.FactoryTest.testZipExtension(io.vertx.maven.modules.FactoryTest)
  Run 1: FactoryTest.testZipExtension:135->createMyModuleZipRepository:535->createMyModuleRepository:596  DependencyResolution
  Run 2: FactoryTest>AsyncTestBase.after:83->tearDown:81->AsyncTestBase.assertWaitUntil:606->AsyncTestBase.assertWaitUntil:619  IllegalState


Tests run: 42, Failures: 0, Errors: 21, Skipped: 2

[INFO] ------------------------------------------------------------------------
[INFO] BUILD FAILURE
[INFO] ------------------------------------------------------------------------
[INFO] Total time:  05:30 min
[INFO] Finished at: 2023-02-09T03:29:06Z
[INFO] ------------------------------------------------------------------------
[ERROR] Failed to execute goal org.apache.maven.plugins:maven-surefire-plugin:2.18.1:test (default-test) on project vertx-maven-service-factory: There are test failures.
[ERROR] 
[ERROR] Please refer to /home/gabsko/breaking-updates/target/surefire-reports for the individual test results.
[ERROR] -> [Help 1]
[ERROR] 
[ERROR] To see the full stack trace of the errors, re-run Maven with the -e switch.
[ERROR] Re-run Maven using the -X switch to enable full debug logging.
[ERROR] 
[ERROR] For more information about the errors and possible solutions, please read the following articles:
[ERROR] [Help 1] http://cwiki.apache.org/confluence/display/MAVEN/MojoFailureException
