[INFO] Scanning for projects...
[INFO] ------------------------------------------------------------------------
[INFO] Reactor Build Order:
[INFO] 
[INFO] Google Cloud Platform Supported Libraries                          [pom]
[INFO] Google Cloud Long Term Support BOM                                 [pom]
[INFO] BOM Parent                                                         [pom]
[INFO] Cloud Platform Supported Libraries Upper Bounds Check              [pom]
[INFO] Cloud Tools Open Source Code Hygiene Tooling                       [pom]
[INFO] Maven Dependency Graph Analyzer                                    [jar]
[INFO] integration-tests                                                  [jar]
[INFO] Cloud Tools Open Source Code Hygiene Dashboard                     [jar]
[INFO] Linkage Checker Enforcer Rule                                      [jar]
[INFO] Linkage Monitor                                                    [jar]
[INFO] 
[INFO] -------------------< com.google.cloud:libraries-bom >-------------------
[INFO] Building Google Cloud Platform Supported Libraries 24.2.1-SNAPSHOT [1/10]
[INFO] --------------------------------[ pom ]---------------------------------
[INFO] 
[INFO] --- maven-clean-plugin:2.5:clean (default-clean) @ libraries-bom ---
[INFO] 
[INFO] --------------------< com.google.cloud:gcp-lts-bom >--------------------
[INFO] Building Google Cloud Long Term Support BOM 3.0.0-SNAPSHOT        [2/10]
[INFO] --------------------------------[ pom ]---------------------------------
[INFO] 
[INFO] --- maven-clean-plugin:2.5:clean (default-clean) @ gcp-lts-bom ---
[INFO] 
[INFO] ---< com.google.cloud.tools.opensource:cloud-tools-opensource-boms >----
[INFO] Building BOM Parent 1.0-SNAPSHOT                                  [3/10]
[INFO] --------------------------------[ pom ]---------------------------------
[INFO] 
[INFO] --- maven-clean-plugin:2.5:clean (default-clean) @ cloud-tools-opensource-boms ---
[INFO] 
[INFO] --------< com.google.cloud.tools.opensource:upper-bounds-check >--------
[INFO] Building Cloud Platform Supported Libraries Upper Bounds Check 2.0.0-SNAPSHOT [4/10]
[INFO] --------------------------------[ pom ]---------------------------------
[INFO] 
[INFO] --- maven-clean-plugin:2.5:clean (default-clean) @ upper-bounds-check ---
[INFO] 
[INFO] --- maven-enforcer-plugin:3.0.0-M3:enforce (enforce) @ upper-bounds-check ---
[INFO] 
[INFO] -------------< com.google.cloud.tools:dependencies-parent >-------------
[INFO] Building Cloud Tools Open Source Code Hygiene Tooling 1.5.13-SNAPSHOT [5/10]
[INFO] --------------------------------[ pom ]---------------------------------
[INFO] 
[INFO] --- maven-clean-plugin:2.5:clean (default-clean) @ dependencies-parent ---
[INFO] 
[INFO] --- license-maven-plugin:4.1:check (default) @ dependencies-parent ---
[INFO] Checking licenses...
[INFO] 
[INFO] ----------------< com.google.cloud.tools:dependencies >-----------------
[INFO] Building Maven Dependency Graph Analyzer 1.5.13-SNAPSHOT          [6/10]
[INFO] --------------------------------[ jar ]---------------------------------
[INFO] Downloading from central: https://repo.maven.apache.org/maven2/com/google/truth/extensions/truth-java8-extension/1.1.3/truth-java8-extension-1.1.3.jar
[INFO] Downloaded from central: https://repo.maven.apache.org/maven2/com/google/truth/extensions/truth-java8-extension/1.1.3/truth-java8-extension-1.1.3.jar (18 kB at 47 kB/s)
[INFO] 
[INFO] --- maven-clean-plugin:2.5:clean (default-clean) @ dependencies ---
[INFO] Deleting /home/gabsko/breaking-updates/dependencies/target
[INFO] 
[INFO] --- license-maven-plugin:4.1:check (default) @ dependencies ---
[INFO] Checking licenses...
[INFO] 
[INFO] --- maven-resources-plugin:2.6:resources (default-resources) @ dependencies ---
[INFO] Using 'UTF-8' encoding to copy filtered resources.
[INFO] Copying 2 resources
[INFO] 
[INFO] --- maven-compiler-plugin:3.8.1:compile (default-compile) @ dependencies ---
[INFO] Changes detected - recompiling the module!
[INFO] Compiling 77 source files to /home/gabsko/breaking-updates/dependencies/target/classes
[WARNING] Unable to autodetect 'javac' path, using 'javac' from the environment.
[INFO] 
[INFO] --- maven-resources-plugin:2.6:testResources (default-testResources) @ dependencies ---
[INFO] Using 'UTF-8' encoding to copy filtered resources.
[INFO] Copying 30 resources
[INFO] 
[INFO] --- maven-compiler-plugin:3.8.1:testCompile (default-testCompile) @ dependencies ---
[INFO] Changes detected - recompiling the module!
[INFO] Compiling 46 source files to /home/gabsko/breaking-updates/dependencies/target/test-classes
[WARNING] Unable to autodetect 'javac' path, using 'javac' from the environment.
[INFO] 
[INFO] --- maven-surefire-plugin:2.22.2:test (default-test) @ dependencies ---
[INFO] 
[INFO] -------------------------------------------------------
[INFO]  T E S T S
[INFO] -------------------------------------------------------
[INFO] Running com.google.cloud.tools.opensource.dependencies.DependencyGraphTest
[INFO] Tests run: 5, Failures: 0, Errors: 0, Skipped: 0, Time elapsed: 0.064 s - in com.google.cloud.tools.opensource.dependencies.DependencyGraphTest
[INFO] Running com.google.cloud.tools.opensource.dependencies.DependencyGraphIntegrationTest
SLF4J: Failed to load class "org.slf4j.impl.StaticLoggerBinder".
SLF4J: Defaulting to no-operation (NOP) logger implementation
SLF4J: See http://www.slf4j.org/codes.html#StaticLoggerBinder for further details.
[INFO] Tests run: 6, Failures: 0, Errors: 0, Skipped: 0, Time elapsed: 453.955 s - in com.google.cloud.tools.opensource.dependencies.DependencyGraphIntegrationTest
[INFO] Running com.google.cloud.tools.opensource.dependencies.FilteringZipDependencySelectorTest
[INFO] Tests run: 3, Failures: 0, Errors: 0, Skipped: 0, Time elapsed: 0 s - in com.google.cloud.tools.opensource.dependencies.FilteringZipDependencySelectorTest
[INFO] Running com.google.cloud.tools.opensource.dependencies.RepositoryUtilityTest
[INFO] Tests run: 5, Failures: 0, Errors: 0, Skipped: 0, Time elapsed: 1.007 s - in com.google.cloud.tools.opensource.dependencies.RepositoryUtilityTest
[INFO] Running com.google.cloud.tools.opensource.dependencies.BomTest
[INFO] Tests run: 3, Failures: 0, Errors: 0, Skipped: 0, Time elapsed: 2.818 s - in com.google.cloud.tools.opensource.dependencies.BomTest
[INFO] Running com.google.cloud.tools.opensource.dependencies.DependencyGraphBuilderIntegrationTest
[INFO] Tests run: 1, Failures: 0, Errors: 0, Skipped: 0, Time elapsed: 0.806 s - in com.google.cloud.tools.opensource.dependencies.DependencyGraphBuilderIntegrationTest
[INFO] Running com.google.cloud.tools.opensource.dependencies.InvalidClassFileProblemTest
[INFO] Tests run: 3, Failures: 0, Errors: 0, Skipped: 0, Time elapsed: 0.001 s - in com.google.cloud.tools.opensource.dependencies.InvalidClassFileProblemTest
[INFO] Running com.google.cloud.tools.opensource.dependencies.DependencyGraphBuilderTest
[INFO] Tests run: 22, Failures: 0, Errors: 0, Skipped: 0, Time elapsed: 261.259 s - in com.google.cloud.tools.opensource.dependencies.DependencyGraphBuilderTest
[INFO] Running com.google.cloud.tools.opensource.dependencies.ArtifactProblemTest
[INFO] Tests run: 4, Failures: 0, Errors: 0, Skipped: 0, Time elapsed: 0.01 s - in com.google.cloud.tools.opensource.dependencies.ArtifactProblemTest
[INFO] Running com.google.cloud.tools.opensource.dependencies.UniquePathRecordingDependencyVisitorTest
[INFO] Tests run: 2, Failures: 0, Errors: 0, Skipped: 0, Time elapsed: 0 s - in com.google.cloud.tools.opensource.dependencies.UniquePathRecordingDependencyVisitorTest
[INFO] Running com.google.cloud.tools.opensource.dependencies.ArtifactsTest
[INFO] Tests run: 2, Failures: 0, Errors: 0, Skipped: 0, Time elapsed: 0 s - in com.google.cloud.tools.opensource.dependencies.ArtifactsTest
[INFO] Running com.google.cloud.tools.opensource.dependencies.VersionComparatorTest
[INFO] Tests run: 1, Failures: 0, Errors: 0, Skipped: 0, Time elapsed: 0 s - in com.google.cloud.tools.opensource.dependencies.VersionComparatorTest
[INFO] Running com.google.cloud.tools.opensource.dependencies.LevelOrderQueueItemTest
[INFO] Tests run: 1, Failures: 0, Errors: 0, Skipped: 0, Time elapsed: 0 s - in com.google.cloud.tools.opensource.dependencies.LevelOrderQueueItemTest
[INFO] Running com.google.cloud.tools.opensource.dependencies.UnresolvableArtifactProblemTest
[INFO] Tests run: 2, Failures: 0, Errors: 0, Skipped: 0, Time elapsed: 0 s - in com.google.cloud.tools.opensource.dependencies.UnresolvableArtifactProblemTest
[INFO] Running com.google.cloud.tools.opensource.dependencies.DependencyPathTest
[INFO] Tests run: 19, Failures: 0, Errors: 0, Skipped: 0, Time elapsed: 0.001 s - in com.google.cloud.tools.opensource.dependencies.DependencyPathTest
[INFO] Running com.google.cloud.tools.opensource.dependencies.DependencyTreeFormatterTest
[INFO] Tests run: 2, Failures: 0, Errors: 0, Skipped: 0, Time elapsed: 0 s - in com.google.cloud.tools.opensource.dependencies.DependencyTreeFormatterTest
[INFO] Running com.google.cloud.tools.opensource.dependencies.CycleBreakerGraphTransformerTest
[ERROR] Tests run: 2, Failures: 0, Errors: 1, Skipped: 0, Time elapsed: 15.85 s <<< FAILURE! - in com.google.cloud.tools.opensource.dependencies.CycleBreakerGraphTransformerTest
[ERROR] testCycleBreaking(com.google.cloud.tools.opensource.dependencies.CycleBreakerGraphTransformerTest)  Time elapsed: 15.85 s  <<< ERROR!
org.eclipse.aether.resolution.DependencyResolutionException: Could not transfer artifact msv:relaxngDatatype:jar:20030807 from/to central (https://repo1.maven.org/maven2/): Connect to repo1.maven.org:443 [repo1.maven.org/151.101.84.209] failed: connect timed out
	at com.google.cloud.tools.opensource.dependencies.CycleBreakerGraphTransformerTest.testCycleBreaking(CycleBreakerGraphTransformerTest.java:62)
Caused by: org.eclipse.aether.resolution.ArtifactResolutionException: Could not transfer artifact msv:relaxngDatatype:jar:20030807 from/to central (https://repo1.maven.org/maven2/): Connect to repo1.maven.org:443 [repo1.maven.org/151.101.84.209] failed: connect timed out
	at com.google.cloud.tools.opensource.dependencies.CycleBreakerGraphTransformerTest.testCycleBreaking(CycleBreakerGraphTransformerTest.java:62)
Caused by: org.eclipse.aether.transfer.ArtifactTransferException: Could not transfer artifact msv:relaxngDatatype:jar:20030807 from/to central (https://repo1.maven.org/maven2/): Connect to repo1.maven.org:443 [repo1.maven.org/151.101.84.209] failed: connect timed out
Caused by: org.apache.http.conn.ConnectTimeoutException: Connect to repo1.maven.org:443 [repo1.maven.org/151.101.84.209] failed: connect timed out
Caused by: java.net.SocketTimeoutException: connect timed out

[INFO] Running com.google.cloud.tools.opensource.classpath.MavenDependencyMediationTest
[INFO] Tests run: 2, Failures: 0, Errors: 0, Skipped: 0, Time elapsed: 0 s - in com.google.cloud.tools.opensource.classpath.MavenDependencyMediationTest
[INFO] Running com.google.cloud.tools.opensource.classpath.MissingDependencyTest
[INFO] Tests run: 2, Failures: 0, Errors: 0, Skipped: 0, Time elapsed: 0 s - in com.google.cloud.tools.opensource.classpath.MissingDependencyTest
[INFO] Running com.google.cloud.tools.opensource.classpath.FieldSymbolTest
[INFO] Tests run: 4, Failures: 0, Errors: 0, Skipped: 0, Time elapsed: 0.044 s - in com.google.cloud.tools.opensource.classpath.FieldSymbolTest
[INFO] Running com.google.cloud.tools.opensource.classpath.ClassSymbolTest
[INFO] Tests run: 3, Failures: 0, Errors: 0, Skipped: 0, Time elapsed: 0 s - in com.google.cloud.tools.opensource.classpath.ClassSymbolTest
[INFO] Running com.google.cloud.tools.opensource.classpath.LinkageProblemTest
[INFO] Tests run: 6, Failures: 0, Errors: 0, Skipped: 0, Time elapsed: 0.003 s - in com.google.cloud.tools.opensource.classpath.LinkageProblemTest
[INFO] Running com.google.cloud.tools.opensource.classpath.DependencyConflictTest
[INFO] Tests run: 2, Failures: 0, Errors: 0, Skipped: 0, Time elapsed: 0.001 s - in com.google.cloud.tools.opensource.classpath.DependencyConflictTest
[INFO] Running com.google.cloud.tools.opensource.classpath.LinkageProblemCauseAnnotatorTest
[INFO] Tests run: 5, Failures: 0, Errors: 0, Skipped: 0, Time elapsed: 42.705 s - in com.google.cloud.tools.opensource.classpath.LinkageProblemCauseAnnotatorTest
[INFO] Running com.google.cloud.tools.opensource.classpath.SymbolReferencesTest
[INFO] Tests run: 4, Failures: 0, Errors: 0, Skipped: 0, Time elapsed: 0 s - in com.google.cloud.tools.opensource.classpath.SymbolReferencesTest
[INFO] Running com.google.cloud.tools.opensource.classpath.ExcludedErrorsTest
[INFO] Tests run: 2, Failures: 0, Errors: 0, Skipped: 0, Time elapsed: 0.008 s - in com.google.cloud.tools.opensource.classpath.ExcludedErrorsTest
[INFO] Running com.google.cloud.tools.opensource.classpath.ExclusionFilesIntegrationTest
Wrote the linkage errors as exclusion file: /tmp/exclusion-file1450639201866010020.xml
[INFO] Tests run: 1, Failures: 0, Errors: 0, Skipped: 0, Time elapsed: 326.518 s - in com.google.cloud.tools.opensource.classpath.ExclusionFilesIntegrationTest
[INFO] Running com.google.cloud.tools.opensource.classpath.GradleDependencyMediationTest
[INFO] Tests run: 3, Failures: 0, Errors: 0, Skipped: 0, Time elapsed: 0.005 s - in com.google.cloud.tools.opensource.classpath.GradleDependencyMediationTest
[INFO] Running com.google.cloud.tools.opensource.classpath.ClassDumperTest
Feb 08, 2023 12:04:10 PM com.google.cloud.tools.opensource.classpath.ClassDumper listClasses
WARNING: Corrupt files in com.amazonaws:amazon-kinesis-client:1.13.0; could not load .unison.com.e007f77498fd27177e2ea931a06dcf50.unison.tmp.amazonaws.services.kinesis.leases.impl.LeaseTaker and other 219 files
Feb 08, 2023 12:04:11 PM com.google.cloud.tools.opensource.classpath.ClassDumper listClasses
WARNING: Corrupt files in com.ibm.icu:icu4j:2.6.1; could not load com.ibm.icu.impl.data.LocaleElements_zh__PINYIN
[INFO] Tests run: 19, Failures: 0, Errors: 0, Skipped: 0, Time elapsed: 280.902 s - in com.google.cloud.tools.opensource.classpath.ClassDumperTest
[INFO] Running com.google.cloud.tools.opensource.classpath.ExcludedDependencyTest
[INFO] Tests run: 1, Failures: 0, Errors: 0, Skipped: 0, Time elapsed: 0 s - in com.google.cloud.tools.opensource.classpath.ExcludedDependencyTest
[INFO] Running com.google.cloud.tools.opensource.classpath.ClassPathEntryTest
[INFO] Tests run: 10, Failures: 0, Errors: 0, Skipped: 0, Time elapsed: 0.138 s - in com.google.cloud.tools.opensource.classpath.ClassPathEntryTest
[INFO] Running com.google.cloud.tools.opensource.classpath.ClassFileTest
[INFO] Tests run: 3, Failures: 0, Errors: 0, Skipped: 0, Time elapsed: 0 s - in com.google.cloud.tools.opensource.classpath.ClassFileTest
[INFO] Running com.google.cloud.tools.opensource.classpath.LinkageCheckerTest
Feb 08, 2023 12:23:12 PM com.google.cloud.tools.opensource.classpath.LinkageChecker create
SEVERE: xerces:xerces-impl:jar:2.6.2 was not resolved. Dependency path: cglib:cglib-nodep:jar:2.2 (compile) > ant:ant:jar:1.6.2 (compile?) > xerces:xerces-impl:jar:2.6.2 (compile?)
Feb 08, 2023 12:23:12 PM com.google.cloud.tools.opensource.classpath.LinkageChecker create
SEVERE: xml-apis:xml-apis:jar:2.6.2 was not resolved. Dependency path: cglib:cglib-nodep:jar:2.2 (compile) > ant:ant:jar:1.6.2 (compile?) > xml-apis:xml-apis:jar:2.6.2 (compile?)
[WARNING] Tests run: 54, Failures: 0, Errors: 0, Skipped: 1, Time elapsed: 1,143.346 s - in com.google.cloud.tools.opensource.classpath.LinkageCheckerTest
[INFO] Running com.google.cloud.tools.opensource.classpath.LinkageCheckResultExceptionTest
[INFO] Tests run: 2, Failures: 0, Errors: 0, Skipped: 0, Time elapsed: 0 s - in com.google.cloud.tools.opensource.classpath.LinkageCheckResultExceptionTest
[INFO] Running com.google.cloud.tools.opensource.classpath.FixedSizeClassPathRepositoryTest
[INFO] Tests run: 3, Failures: 0, Errors: 0, Skipped: 0, Time elapsed: 0 s - in com.google.cloud.tools.opensource.classpath.FixedSizeClassPathRepositoryTest
[INFO] Running com.google.cloud.tools.opensource.classpath.InaccessibleClassProblemTest
[INFO] Tests run: 5, Failures: 0, Errors: 0, Skipped: 0, Time elapsed: 0 s - in com.google.cloud.tools.opensource.classpath.InaccessibleClassProblemTest
[INFO] Running com.google.cloud.tools.opensource.classpath.ExclusionFilesTest
[INFO] Tests run: 15, Failures: 0, Errors: 0, Skipped: 0, Time elapsed: 0.028 s - in com.google.cloud.tools.opensource.classpath.ExclusionFilesTest
[INFO] Running com.google.cloud.tools.opensource.classpath.LinkageCheckerArgumentsTest
[INFO] Tests run: 13, Failures: 0, Errors: 0, Skipped: 0, Time elapsed: 0.196 s - in com.google.cloud.tools.opensource.classpath.LinkageCheckerArgumentsTest
[INFO] Running com.google.cloud.tools.opensource.classpath.MethodSymbolTest
[INFO] Tests run: 5, Failures: 0, Errors: 0, Skipped: 0, Time elapsed: 0.001 s - in com.google.cloud.tools.opensource.classpath.MethodSymbolTest
[INFO] Running com.google.cloud.tools.opensource.classpath.LinkageProblemCauseTest
[INFO] Tests run: 1, Failures: 0, Errors: 0, Skipped: 0, Time elapsed: 0.002 s - in com.google.cloud.tools.opensource.classpath.LinkageProblemCauseTest
[INFO] Running com.google.cloud.tools.opensource.classpath.ClassPathBuilderTest
[INFO] Tests run: 15, Failures: 0, Errors: 0, Skipped: 0, Time elapsed: 186.7 s - in com.google.cloud.tools.opensource.classpath.ClassPathBuilderTest
[INFO] Running com.google.cloud.tools.opensource.classpath.LinkageCheckerMainIntegrationTest
[WARNING] Tests run: 8, Failures: 0, Errors: 0, Skipped: 1, Time elapsed: 108.681 s - in com.google.cloud.tools.opensource.classpath.LinkageCheckerMainIntegrationTest
[INFO] Running com.google.cloud.tools.opensource.classpath.ClassPathResultTest
[INFO] Tests run: 5, Failures: 0, Errors: 0, Skipped: 0, Time elapsed: 0.001 s - in com.google.cloud.tools.opensource.classpath.ClassPathResultTest
[INFO] Running com.google.cloud.tools.opensource.classpath.SuperClassSymbolTest
[INFO] Tests run: 3, Failures: 0, Errors: 0, Skipped: 0, Time elapsed: 0 s - in com.google.cloud.tools.opensource.classpath.SuperClassSymbolTest
[INFO] Running com.google.cloud.tools.opensource.classpath.ClassReferenceGraphTest
[INFO] Tests run: 2, Failures: 0, Errors: 0, Skipped: 0, Time elapsed: 0 s - in com.google.cloud.tools.opensource.classpath.ClassReferenceGraphTest
[INFO] 
[INFO] Results:
[INFO] 
[ERROR] Errors: 
[ERROR]   CycleBreakerGraphTransformerTest.testCycleBreaking:62 Â» DependencyResolution C...
[INFO] 
[ERROR] Tests run: 281, Failures: 0, Errors: 1, Skipped: 2
[INFO] 
[INFO] ------------------------------------------------------------------------
[INFO] Reactor Summary:
[INFO] 
[INFO] Google Cloud Platform Supported Libraries 24.2.1-SNAPSHOT SUCCESS [  0.064 s]
[INFO] Google Cloud Long Term Support BOM 3.0.0-SNAPSHOT .. SUCCESS [  0.001 s]
[INFO] BOM Parent 1.0-SNAPSHOT ............................ SUCCESS [  0.001 s]
[INFO] Cloud Platform Supported Libraries Upper Bounds Check 2.0.0-SNAPSHOT SUCCESS [  0.318 s]
[INFO] Cloud Tools Open Source Code Hygiene Tooling 1.5.13-SNAPSHOT SUCCESS [  0.135 s]
[INFO] Maven Dependency Graph Analyzer 1.5.13-SNAPSHOT .... FAILURE [47:13 min]
[INFO] integration-tests 1.2.0-SNAPSHOT ................... SKIPPED
[INFO] Cloud Tools Open Source Code Hygiene Dashboard 1.5.13-SNAPSHOT SKIPPED
[INFO] Linkage Checker Enforcer Rule 1.5.13-SNAPSHOT ...... SKIPPED
[INFO] Linkage Monitor 1.5.13-SNAPSHOT .................... SKIPPED
[INFO] ------------------------------------------------------------------------
[INFO] BUILD FAILURE
[INFO] ------------------------------------------------------------------------
[INFO] Total time:  47:14 min
[INFO] Finished at: 2023-02-08T12:28:10Z
[INFO] ------------------------------------------------------------------------
[ERROR] Failed to execute goal org.apache.maven.plugins:maven-surefire-plugin:2.22.2:test (default-test) on project dependencies: There are test failures.
[ERROR] 
[ERROR] Please refer to /home/gabsko/breaking-updates/dependencies/target/surefire-reports for the individual test results.
[ERROR] Please refer to dump files (if any exist) [date].dump, [date]-jvmRun[N].dump and [date].dumpstream.
[ERROR] -> [Help 1]
[ERROR] 
[ERROR] To see the full stack trace of the errors, re-run Maven with the -e switch.
[ERROR] Re-run Maven using the -X switch to enable full debug logging.
[ERROR] 
[ERROR] For more information about the errors and possible solutions, please read the following articles:
[ERROR] [Help 1] http://cwiki.apache.org/confluence/display/MAVEN/MojoFailureException
[ERROR] 
[ERROR] After correcting the problems, you can resume the build with the command
[ERROR]   mvn <args> -rf :dependencies
