[INFO] Scanning for projects...
[WARNING] The project org.togglz.benchmark:togglz-benchmarks:jar:3.0.1-SNAPSHOT uses prerequisites which is only intended for maven-plugin projects but not for non maven-plugin projects. For such purposes you should use the maven-enforcer-plugin. See https://maven.apache.org/enforcer/enforcer-rules/requireMavenVersion.html
[INFO] ------------------------------------------------------------------------
[INFO] Reactor Build Order:
[INFO] 
[INFO] Togglz                                                             [pom]
[INFO] Togglz - Core Framework                                            [jar]
[INFO] Togglz - Test Harness                                              [jar]
[INFO] Togglz - SLF4J integration                                         [jar]
[INFO] Togglz - Servlet integration                                       [jar]
[INFO] Togglz - Admin Console                                             [jar]
[INFO] Togglz - CDI integration                                           [jar]
[INFO] Togglz - Guice integration                                         [jar]
[INFO] Togglz - Spring Framework integration                              [jar]
[INFO] Togglz - Spring Web integration                                    [jar]
[INFO] Togglz - Spring Security integration                               [jar]
[INFO] Togglz - Spring Boot POM                                           [pom]
[INFO] Togglz - Spring Boot Starter                                       [jar]
[INFO] Togglz - DeltaSpike integration                                    [jar]
[INFO] Togglz - Apache Shiro integration                                  [jar]
[INFO] Togglz - Google App Engine Integration                             [jar]
[INFO] Togglz - Google Cloud Datastore Integration                        [jar]
[INFO] Togglz - Google Cloud Storage Integration                          [jar]
[INFO] Togglz - MongoDB integration                                       [jar]
[INFO] Togglz - Testing Support                                           [jar]
[INFO] Togglz - JUnit integration                                         [jar]
[INFO] Togglz - Spock integration                                         [jar]
[INFO] Togglz - Cassandra integration                                     [jar]
[INFO] Togglz - Hazelcast integration                                     [jar]
[INFO] Togglz - Apache Zookeeper Integration                              [jar]
[INFO] Togglz - DynamoDB integration                                      [jar]
[INFO] Togglz - Amazon S3 integration                                     [jar]
[INFO] Togglz - JMH benchmarks                                            [jar]
[INFO] Togglz - Slack integration                                         [jar]
[INFO] Togglz - Redis integration                                         [jar]
[INFO] Togglz - Kotlin wrapper                                            [jar]
[INFO] 
[INFO] ---------------------< org.togglz:togglz-project >----------------------
[INFO] Building Togglz 3.0.1-SNAPSHOT                                    [1/31]
[INFO] --------------------------------[ pom ]---------------------------------
[INFO] 
[INFO] --- maven-clean-plugin:2.5:clean (default-clean) @ togglz-project ---
[INFO] 
[INFO] --- maven-enforcer-plugin:1.0:enforce (enforce-maven) @ togglz-project ---
[INFO] 
[INFO] --- maven-dependency-plugin:2.8:unpack (unpack-wildfly) @ togglz-project ---
[INFO] Configured Artifact: org.wildfly:wildfly-dist:22.0.1.Final:zip
[INFO] Unpacking /home/gabsko/.m2/repository/org/wildfly/wildfly-dist/22.0.1.Final/wildfly-dist-22.0.1.Final.zip to /home/gabsko/breaking-updates/target/container with includes "" and excludes ""
[INFO] 
[INFO] -----------------------< org.togglz:togglz-core >-----------------------
[INFO] Building Togglz - Core Framework 3.0.1-SNAPSHOT                   [2/31]
[INFO] --------------------------------[ jar ]---------------------------------
[INFO] 
[INFO] --- maven-clean-plugin:2.5:clean (default-clean) @ togglz-core ---
[INFO] Deleting /home/gabsko/breaking-updates/core/target
[INFO] 
[INFO] --- maven-enforcer-plugin:1.0:enforce (enforce-maven) @ togglz-core ---
[INFO] 
[INFO] --- maven-resources-plugin:2.6:resources (default-resources) @ togglz-core ---
[INFO] Using 'UTF-8' encoding to copy filtered resources.
[INFO] Copying 3 resources
[INFO] 
[INFO] --- maven-compiler-plugin:3.8.1:compile (default-compile) @ togglz-core ---
[INFO] Changes detected - recompiling the module!
[INFO] Compiling 97 source files to /home/gabsko/breaking-updates/core/target/classes
[INFO] /home/gabsko/breaking-updates/core/src/main/java/org/togglz/core/proxy/ByteBuddyProxyFactory.java: Some input files use or override a deprecated API.
[INFO] /home/gabsko/breaking-updates/core/src/main/java/org/togglz/core/proxy/ByteBuddyProxyFactory.java: Recompile with -Xlint:deprecation for details.
[INFO] /home/gabsko/breaking-updates/core/src/main/java/org/togglz/core/proxy/ByteBuddyProxyFactory.java: Some input files use unchecked or unsafe operations.
[INFO] /home/gabsko/breaking-updates/core/src/main/java/org/togglz/core/proxy/ByteBuddyProxyFactory.java: Recompile with -Xlint:unchecked for details.
[INFO] 
[INFO] --- maven-resources-plugin:2.6:testResources (default-testResources) @ togglz-core ---
[INFO] Using 'UTF-8' encoding to copy filtered resources.
[INFO] skip non existing resourceDirectory /home/gabsko/breaking-updates/core/src/test/resources
[INFO] 
[INFO] --- maven-compiler-plugin:3.8.1:testCompile (default-testCompile) @ togglz-core ---
[INFO] Changes detected - recompiling the module!
[INFO] Compiling 39 source files to /home/gabsko/breaking-updates/core/target/test-classes
[INFO] /home/gabsko/breaking-updates/core/src/test/java/org/togglz/core/repository/FeatureStateTest.java: /home/gabsko/breaking-updates/core/src/test/java/org/togglz/core/repository/FeatureStateTest.java uses or overrides a deprecated API.
[INFO] /home/gabsko/breaking-updates/core/src/test/java/org/togglz/core/repository/FeatureStateTest.java: Recompile with -Xlint:deprecation for details.
[INFO] /home/gabsko/breaking-updates/core/src/test/java/org/togglz/core/manager/EnumBasedFeatureProviderTest.java: /home/gabsko/breaking-updates/core/src/test/java/org/togglz/core/manager/EnumBasedFeatureProviderTest.java uses unchecked or unsafe operations.
[INFO] /home/gabsko/breaking-updates/core/src/test/java/org/togglz/core/manager/EnumBasedFeatureProviderTest.java: Recompile with -Xlint:unchecked for details.
[INFO] 
[INFO] --- maven-surefire-plugin:2.22.2:test (default-test) @ togglz-core ---
[INFO] 
[INFO] -------------------------------------------------------
[INFO]  T E S T S
[INFO] -------------------------------------------------------
[INFO] Running org.togglz.core.user.SingleUserProviderTest
[INFO] Tests run: 1, Failures: 0, Errors: 0, Skipped: 0, Time elapsed: 0.014 s - in org.togglz.core.user.SingleUserProviderTest
[INFO] Running org.togglz.core.context.ContextClassLoaderFeatureManagerProviderTest
[INFO] Tests run: 1, Failures: 0, Errors: 0, Skipped: 0, Time elapsed: 0.001 s - in org.togglz.core.context.ContextClassLoaderFeatureManagerProviderTest
[INFO] Running org.togglz.core.context.ThreadLocalFeatureManagerProviderTest
[INFO] Tests run: 2, Failures: 0, Errors: 0, Skipped: 0, Time elapsed: 0.004 s - in org.togglz.core.context.ThreadLocalFeatureManagerProviderTest
[INFO] Running org.togglz.core.metadata.enums.AnnotationFeatureGroupTest
[INFO] Tests run: 3, Failures: 0, Errors: 0, Skipped: 0, Time elapsed: 0.004 s - in org.togglz.core.metadata.enums.AnnotationFeatureGroupTest
[INFO] Running org.togglz.core.metadata.enums.EnumFeatureMetaDataTest
[INFO] Tests run: 4, Failures: 0, Errors: 0, Skipped: 0, Time elapsed: 0.007 s - in org.togglz.core.metadata.enums.EnumFeatureMetaDataTest
[INFO] Running org.togglz.core.repository.file.FileBasedRepositoryPerformanceTest
Feb 12, 2023 1:49:23 AM org.togglz.core.logging.Jdk14LogProvider$Jdk14Log info
INFO: Reloaded file: /tmp/FileBasedRepositoryPerformanceTest3714197932284700582.tmp
Feb 12, 2023 1:49:23 AM org.togglz.core.logging.Jdk14LogProvider$Jdk14Log info
INFO: Reloaded file: /tmp/FileBasedRepositoryPerformanceTest3714197932284700582.tmp
Time for EXISTING: 263
Time for EXISTING: 134
Time for EXISTING: 139
Time for EXISTING: 140
Time for EXISTING: 156
Time for EXISTING: 128
Feb 12, 2023 1:49:24 AM org.togglz.core.logging.Jdk14LogProvider$Jdk14Log info
INFO: Reloaded file: /tmp/FileBasedRepositoryPerformanceTest6590458364574640677.tmp
Feb 12, 2023 1:49:24 AM org.togglz.core.logging.Jdk14LogProvider$Jdk14Log info
INFO: Reloaded file: /tmp/FileBasedRepositoryPerformanceTest6590458364574640677.tmp
Time for MISSING: 118
Time for MISSING: 116
Time for MISSING: 108
Time for MISSING: 130
Time for MISSING: 110
Time for MISSING: 110
[INFO] Tests run: 2, Failures: 0, Errors: 0, Skipped: 0, Time elapsed: 1.681 s - in org.togglz.core.repository.file.FileBasedRepositoryPerformanceTest
[INFO] Running org.togglz.core.repository.file.FileBasedStateRepositoryConcurrencyTest
Feb 12, 2023 1:49:25 AM org.togglz.core.logging.Jdk14LogProvider$Jdk14Log info
INFO: Reloaded file: /tmp/FileBasedStateRepositoryConcurrencyTest14886209484267350162test
Feb 12, 2023 1:49:25 AM org.togglz.core.logging.Jdk14LogProvider$Jdk14Log info
INFO: Reloaded file: /tmp/FileBasedStateRepositoryConcurrencyTest14886209484267350162test
Feb 12, 2023 1:49:25 AM org.togglz.core.logging.Jdk14LogProvider$Jdk14Log info
INFO: Reloaded file: /tmp/FileBasedStateRepositoryConcurrencyTest14886209484267350162test
Feb 12, 2023 1:49:25 AM org.togglz.core.logging.Jdk14LogProvider$Jdk14Log info
INFO: Reloaded file: /tmp/FileBasedStateRepositoryConcurrencyTest14886209484267350162test
Feb 12, 2023 1:49:25 AM org.togglz.core.logging.Jdk14LogProvider$Jdk14Log info
INFO: Reloaded file: /tmp/FileBasedStateRepositoryConcurrencyTest14886209484267350162test
Feb 12, 2023 1:49:25 AM org.togglz.core.logging.Jdk14LogProvider$Jdk14Log info
INFO: Reloaded file: /tmp/FileBasedStateRepositoryConcurrencyTest14886209484267350162test
Feb 12, 2023 1:49:25 AM org.togglz.core.logging.Jdk14LogProvider$Jdk14Log info
INFO: Reloaded file: /tmp/FileBasedStateRepositoryConcurrencyTest14886209484267350162test
Feb 12, 2023 1:49:25 AM org.togglz.core.logging.Jdk14LogProvider$Jdk14Log info
INFO: Reloaded file: /tmp/FileBasedStateRepositoryConcurrencyTest14886209484267350162test
Feb 12, 2023 1:49:25 AM org.togglz.core.logging.Jdk14LogProvider$Jdk14Log info
INFO: Reloaded file: /tmp/FileBasedStateRepositoryConcurrencyTest14886209484267350162test
Feb 12, 2023 1:49:25 AM org.togglz.core.logging.Jdk14LogProvider$Jdk14Log info
INFO: Reloaded file: /tmp/FileBasedStateRepositoryConcurrencyTest14886209484267350162test
Feb 12, 2023 1:49:25 AM org.togglz.core.logging.Jdk14LogProvider$Jdk14Log info
INFO: Reloaded file: /tmp/FileBasedStateRepositoryConcurrencyTest14886209484267350162test
Feb 12, 2023 1:49:25 AM org.togglz.core.logging.Jdk14LogProvider$Jdk14Log info
INFO: Reloaded file: /tmp/FileBasedStateRepositoryConcurrencyTest14886209484267350162test
Feb 12, 2023 1:49:25 AM org.togglz.core.logging.Jdk14LogProvider$Jdk14Log info
INFO: Reloaded file: /tmp/FileBasedStateRepositoryConcurrencyTest14886209484267350162test
Feb 12, 2023 1:49:25 AM org.togglz.core.logging.Jdk14LogProvider$Jdk14Log info
INFO: Reloaded file: /tmp/FileBasedStateRepositoryConcurrencyTest14886209484267350162test
Feb 12, 2023 1:49:25 AM org.togglz.core.logging.Jdk14LogProvider$Jdk14Log info
INFO: Reloaded file: /tmp/FileBasedStateRepositoryConcurrencyTest14886209484267350162test
Feb 12, 2023 1:49:25 AM org.togglz.core.logging.Jdk14LogProvider$Jdk14Log info
INFO: Reloaded file: /tmp/FileBasedStateRepositoryConcurrencyTest14886209484267350162test
Feb 12, 2023 1:49:25 AM org.togglz.core.logging.Jdk14LogProvider$Jdk14Log info
INFO: Reloaded file: /tmp/FileBasedStateRepositoryConcurrencyTest14886209484267350162test
Feb 12, 2023 1:49:25 AM org.togglz.core.logging.Jdk14LogProvider$Jdk14Log info
INFO: Reloaded file: /tmp/FileBasedStateRepositoryConcurrencyTest14886209484267350162test
Feb 12, 2023 1:49:25 AM org.togglz.core.logging.Jdk14LogProvider$Jdk14Log info
INFO: Reloaded file: /tmp/FileBasedStateRepositoryConcurrencyTest14886209484267350162test
Feb 12, 2023 1:49:25 AM org.togglz.core.logging.Jdk14LogProvider$Jdk14Log info
INFO: Reloaded file: /tmp/FileBasedStateRepositoryConcurrencyTest14886209484267350162test
Feb 12, 2023 1:49:25 AM org.togglz.core.logging.Jdk14LogProvider$Jdk14Log info
INFO: Reloaded file: /tmp/FileBasedStateRepositoryConcurrencyTest14886209484267350162test
Feb 12, 2023 1:49:25 AM org.togglz.core.logging.Jdk14LogProvider$Jdk14Log info
INFO: Reloaded file: /tmp/FileBasedStateRepositoryConcurrencyTest14886209484267350162test
Feb 12, 2023 1:49:25 AM org.togglz.core.logging.Jdk14LogProvider$Jdk14Log info
INFO: Reloaded file: /tmp/FileBasedStateRepositoryConcurrencyTest14886209484267350162test
Feb 12, 2023 1:49:25 AM org.togglz.core.logging.Jdk14LogProvider$Jdk14Log info
INFO: Reloaded file: /tmp/FileBasedStateRepositoryConcurrencyTest14886209484267350162test
Feb 12, 2023 1:49:25 AM org.togglz.core.logging.Jdk14LogProvider$Jdk14Log info
INFO: Reloaded file: /tmp/FileBasedStateRepositoryConcurrencyTest14886209484267350162test
Feb 12, 2023 1:49:25 AM org.togglz.core.logging.Jdk14LogProvider$Jdk14Log info
INFO: Reloaded file: /tmp/FileBasedStateRepositoryConcurrencyTest14886209484267350162test
Feb 12, 2023 1:49:25 AM org.togglz.core.logging.Jdk14LogProvider$Jdk14Log info
INFO: Reloaded file: /tmp/FileBasedStateRepositoryConcurrencyTest14886209484267350162test
Feb 12, 2023 1:49:25 AM org.togglz.core.logging.Jdk14LogProvider$Jdk14Log info
INFO: Reloaded file: /tmp/FileBasedStateRepositoryConcurrencyTest14886209484267350162test
Feb 12, 2023 1:49:25 AM org.togglz.core.logging.Jdk14LogProvider$Jdk14Log info
INFO: Reloaded file: /tmp/FileBasedStateRepositoryConcurrencyTest14886209484267350162test
Feb 12, 2023 1:49:25 AM org.togglz.core.logging.Jdk14LogProvider$Jdk14Log info
INFO: Reloaded file: /tmp/FileBasedStateRepositoryConcurrencyTest14886209484267350162test
Feb 12, 2023 1:49:25 AM org.togglz.core.logging.Jdk14LogProvider$Jdk14Log info
INFO: Reloaded file: /tmp/FileBasedStateRepositoryConcurrencyTest14886209484267350162test
Feb 12, 2023 1:49:25 AM org.togglz.core.logging.Jdk14LogProvider$Jdk14Log info
INFO: Reloaded file: /tmp/FileBasedStateRepositoryConcurrencyTest14886209484267350162test
Feb 12, 2023 1:49:25 AM org.togglz.core.logging.Jdk14LogProvider$Jdk14Log info
INFO: Reloaded file: /tmp/FileBasedStateRepositoryConcurrencyTest14886209484267350162test
Feb 12, 2023 1:49:25 AM org.togglz.core.logging.Jdk14LogProvider$Jdk14Log info
INFO: Reloaded file: /tmp/FileBasedStateRepositoryConcurrencyTest14886209484267350162test
Feb 12, 2023 1:49:25 AM org.togglz.core.logging.Jdk14LogProvider$Jdk14Log info
INFO: Reloaded file: /tmp/FileBasedStateRepositoryConcurrencyTest14886209484267350162test
Feb 12, 2023 1:49:25 AM org.togglz.core.logging.Jdk14LogProvider$Jdk14Log info
INFO: Reloaded file: /tmp/FileBasedStateRepositoryConcurrencyTest14886209484267350162test
Feb 12, 2023 1:49:25 AM org.togglz.core.logging.Jdk14LogProvider$Jdk14Log info
INFO: Reloaded file: /tmp/FileBasedStateRepositoryConcurrencyTest14886209484267350162test
Feb 12, 2023 1:49:25 AM org.togglz.core.logging.Jdk14LogProvider$Jdk14Log info
INFO: Reloaded file: /tmp/FileBasedStateRepositoryConcurrencyTest14886209484267350162test
Feb 12, 2023 1:49:25 AM org.togglz.core.logging.Jdk14LogProvider$Jdk14Log info
INFO: Reloaded file: /tmp/FileBasedStateRepositoryConcurrencyTest14886209484267350162test
Feb 12, 2023 1:49:25 AM org.togglz.core.logging.Jdk14LogProvider$Jdk14Log info
INFO: Reloaded file: /tmp/FileBasedStateRepositoryConcurrencyTest14886209484267350162test
Feb 12, 2023 1:49:25 AM org.togglz.core.logging.Jdk14LogProvider$Jdk14Log info
INFO: Reloaded file: /tmp/FileBasedStateRepositoryConcurrencyTest14886209484267350162test
Feb 12, 2023 1:49:25 AM org.togglz.core.logging.Jdk14LogProvider$Jdk14Log info
INFO: Reloaded file: /tmp/FileBasedStateRepositoryConcurrencyTest14886209484267350162test
Feb 12, 2023 1:49:25 AM org.togglz.core.logging.Jdk14LogProvider$Jdk14Log info
INFO: Reloaded file: /tmp/FileBasedStateRepositoryConcurrencyTest14886209484267350162test
Feb 12, 2023 1:49:25 AM org.togglz.core.logging.Jdk14LogProvider$Jdk14Log info
INFO: Reloaded file: /tmp/FileBasedStateRepositoryConcurrencyTest14886209484267350162test
Feb 12, 2023 1:49:25 AM org.togglz.core.logging.Jdk14LogProvider$Jdk14Log info
INFO: Reloaded file: /tmp/FileBasedStateRepositoryConcurrencyTest14886209484267350162test
Feb 12, 2023 1:49:25 AM org.togglz.core.logging.Jdk14LogProvider$Jdk14Log info
INFO: Reloaded file: /tmp/FileBasedStateRepositoryConcurrencyTest14886209484267350162test
Feb 12, 2023 1:49:25 AM org.togglz.core.logging.Jdk14LogProvider$Jdk14Log info
INFO: Reloaded file: /tmp/FileBasedStateRepositoryConcurrencyTest14886209484267350162test
Feb 12, 2023 1:49:25 AM org.togglz.core.logging.Jdk14LogProvider$Jdk14Log info
INFO: Reloaded file: /tmp/FileBasedStateRepositoryConcurrencyTest14886209484267350162test
Feb 12, 2023 1:49:25 AM org.togglz.core.logging.Jdk14LogProvider$Jdk14Log info
INFO: Reloaded file: /tmp/FileBasedStateRepositoryConcurrencyTest14886209484267350162test
Feb 12, 2023 1:49:25 AM org.togglz.core.logging.Jdk14LogProvider$Jdk14Log info
INFO: Reloaded file: /tmp/FileBasedStateRepositoryConcurrencyTest14886209484267350162test
Feb 12, 2023 1:49:25 AM org.togglz.core.logging.Jdk14LogProvider$Jdk14Log info
INFO: Reloaded file: /tmp/FileBasedStateRepositoryConcurrencyTest14886209484267350162test
Feb 12, 2023 1:49:25 AM org.togglz.core.logging.Jdk14LogProvider$Jdk14Log info
INFO: Reloaded file: /tmp/FileBasedStateRepositoryConcurrencyTest14886209484267350162test
Feb 12, 2023 1:49:25 AM org.togglz.core.logging.Jdk14LogProvider$Jdk14Log info
INFO: Reloaded file: /tmp/FileBasedStateRepositoryConcurrencyTest14886209484267350162test
Feb 12, 2023 1:49:25 AM org.togglz.core.logging.Jdk14LogProvider$Jdk14Log info
INFO: Reloaded file: /tmp/FileBasedStateRepositoryConcurrencyTest14886209484267350162test
Feb 12, 2023 1:49:25 AM org.togglz.core.logging.Jdk14LogProvider$Jdk14Log info
INFO: Reloaded file: /tmp/FileBasedStateRepositoryConcurrencyTest14886209484267350162test
Feb 12, 2023 1:49:25 AM org.togglz.core.logging.Jdk14LogProvider$Jdk14Log info
INFO: Reloaded file: /tmp/FileBasedStateRepositoryConcurrencyTest14886209484267350162test
Feb 12, 2023 1:49:25 AM org.togglz.core.logging.Jdk14LogProvider$Jdk14Log info
INFO: Reloaded file: /tmp/FileBasedStateRepositoryConcurrencyTest14886209484267350162test
Feb 12, 2023 1:49:25 AM org.togglz.core.logging.Jdk14LogProvider$Jdk14Log info
INFO: Reloaded file: /tmp/FileBasedStateRepositoryConcurrencyTest14886209484267350162test
Feb 12, 2023 1:49:25 AM org.togglz.core.logging.Jdk14LogProvider$Jdk14Log info
INFO: Reloaded file: /tmp/FileBasedStateRepositoryConcurrencyTest14886209484267350162test
Feb 12, 2023 1:49:25 AM org.togglz.core.logging.Jdk14LogProvider$Jdk14Log info
INFO: Reloaded file: /tmp/FileBasedStateRepositoryConcurrencyTest14886209484267350162test
Feb 12, 2023 1:49:25 AM org.togglz.core.logging.Jdk14LogProvider$Jdk14Log info
INFO: Reloaded file: /tmp/FileBasedStateRepositoryConcurrencyTest14886209484267350162test
Feb 12, 2023 1:49:25 AM org.togglz.core.logging.Jdk14LogProvider$Jdk14Log info
INFO: Reloaded file: /tmp/FileBasedStateRepositoryConcurrencyTest14886209484267350162test
Feb 12, 2023 1:49:25 AM org.togglz.core.logging.Jdk14LogProvider$Jdk14Log info
INFO: Reloaded file: /tmp/FileBasedStateRepositoryConcurrencyTest14886209484267350162test
Feb 12, 2023 1:49:25 AM org.togglz.core.logging.Jdk14LogProvider$Jdk14Log info
INFO: Reloaded file: /tmp/FileBasedStateRepositoryConcurrencyTest14886209484267350162test
Feb 12, 2023 1:49:25 AM org.togglz.core.logging.Jdk14LogProvider$Jdk14Log info
INFO: Reloaded file: /tmp/FileBasedStateRepositoryConcurrencyTest14886209484267350162test
Feb 12, 2023 1:49:25 AM org.togglz.core.logging.Jdk14LogProvider$Jdk14Log info
INFO: Reloaded file: /tmp/FileBasedStateRepositoryConcurrencyTest14886209484267350162test
Feb 12, 2023 1:49:25 AM org.togglz.core.logging.Jdk14LogProvider$Jdk14Log info
INFO: Reloaded file: /tmp/FileBasedStateRepositoryConcurrencyTest14886209484267350162test
Feb 12, 2023 1:49:25 AM org.togglz.core.logging.Jdk14LogProvider$Jdk14Log info
INFO: Reloaded file: /tmp/FileBasedStateRepositoryConcurrencyTest14886209484267350162test
Feb 12, 2023 1:49:25 AM org.togglz.core.logging.Jdk14LogProvider$Jdk14Log info
INFO: Reloaded file: /tmp/FileBasedStateRepositoryConcurrencyTest14886209484267350162test
Feb 12, 2023 1:49:25 AM org.togglz.core.logging.Jdk14LogProvider$Jdk14Log info
INFO: Reloaded file: /tmp/FileBasedStateRepositoryConcurrencyTest14886209484267350162test
Feb 12, 2023 1:49:25 AM org.togglz.core.logging.Jdk14LogProvider$Jdk14Log info
INFO: Reloaded file: /tmp/FileBasedStateRepositoryConcurrencyTest14886209484267350162test
Feb 12, 2023 1:49:25 AM org.togglz.core.logging.Jdk14LogProvider$Jdk14Log info
INFO: Reloaded file: /tmp/FileBasedStateRepositoryConcurrencyTest14886209484267350162test
Feb 12, 2023 1:49:25 AM org.togglz.core.logging.Jdk14LogProvider$Jdk14Log info
INFO: Reloaded file: /tmp/FileBasedStateRepositoryConcurrencyTest14886209484267350162test
Feb 12, 2023 1:49:25 AM org.togglz.core.logging.Jdk14LogProvider$Jdk14Log info
INFO: Reloaded file: /tmp/FileBasedStateRepositoryConcurrencyTest14886209484267350162test
Feb 12, 2023 1:49:25 AM org.togglz.core.logging.Jdk14LogProvider$Jdk14Log info
INFO: Reloaded file: /tmp/FileBasedStateRepositoryConcurrencyTest14886209484267350162test
Feb 12, 2023 1:49:25 AM org.togglz.core.logging.Jdk14LogProvider$Jdk14Log info
INFO: Reloaded file: /tmp/FileBasedStateRepositoryConcurrencyTest14886209484267350162test
Feb 12, 2023 1:49:25 AM org.togglz.core.logging.Jdk14LogProvider$Jdk14Log info
INFO: Reloaded file: /tmp/FileBasedStateRepositoryConcurrencyTest14886209484267350162test
Feb 12, 2023 1:49:25 AM org.togglz.core.logging.Jdk14LogProvider$Jdk14Log info
INFO: Reloaded file: /tmp/FileBasedStateRepositoryConcurrencyTest14886209484267350162test
Feb 12, 2023 1:49:25 AM org.togglz.core.logging.Jdk14LogProvider$Jdk14Log info
INFO: Reloaded file: /tmp/FileBasedStateRepositoryConcurrencyTest14886209484267350162test
Feb 12, 2023 1:49:25 AM org.togglz.core.logging.Jdk14LogProvider$Jdk14Log info
INFO: Reloaded file: /tmp/FileBasedStateRepositoryConcurrencyTest14886209484267350162test
Feb 12, 2023 1:49:25 AM org.togglz.core.logging.Jdk14LogProvider$Jdk14Log info
INFO: Reloaded file: /tmp/FileBasedStateRepositoryConcurrencyTest14886209484267350162test
Feb 12, 2023 1:49:25 AM org.togglz.core.logging.Jdk14LogProvider$Jdk14Log info
INFO: Reloaded file: /tmp/FileBasedStateRepositoryConcurrencyTest14886209484267350162test
Feb 12, 2023 1:49:25 AM org.togglz.core.logging.Jdk14LogProvider$Jdk14Log info
INFO: Reloaded file: /tmp/FileBasedStateRepositoryConcurrencyTest14886209484267350162test
Feb 12, 2023 1:49:25 AM org.togglz.core.logging.Jdk14LogProvider$Jdk14Log info
INFO: Reloaded file: /tmp/FileBasedStateRepositoryConcurrencyTest14886209484267350162test
Feb 12, 2023 1:49:25 AM org.togglz.core.logging.Jdk14LogProvider$Jdk14Log info
INFO: Reloaded file: /tmp/FileBasedStateRepositoryConcurrencyTest14886209484267350162test
Feb 12, 2023 1:49:25 AM org.togglz.core.logging.Jdk14LogProvider$Jdk14Log info
INFO: Reloaded file: /tmp/FileBasedStateRepositoryConcurrencyTest14886209484267350162test
Feb 12, 2023 1:49:25 AM org.togglz.core.logging.Jdk14LogProvider$Jdk14Log info
INFO: Reloaded file: /tmp/FileBasedStateRepositoryConcurrencyTest14886209484267350162test
Feb 12, 2023 1:49:25 AM org.togglz.core.logging.Jdk14LogProvider$Jdk14Log info
INFO: Reloaded file: /tmp/FileBasedStateRepositoryConcurrencyTest14886209484267350162test
Feb 12, 2023 1:49:25 AM org.togglz.core.logging.Jdk14LogProvider$Jdk14Log info
INFO: Reloaded file: /tmp/FileBasedStateRepositoryConcurrencyTest14886209484267350162test
Feb 12, 2023 1:49:25 AM org.togglz.core.logging.Jdk14LogProvider$Jdk14Log info
INFO: Reloaded file: /tmp/FileBasedStateRepositoryConcurrencyTest14886209484267350162test
Feb 12, 2023 1:49:25 AM org.togglz.core.logging.Jdk14LogProvider$Jdk14Log info
INFO: Reloaded file: /tmp/FileBasedStateRepositoryConcurrencyTest14886209484267350162test
Feb 12, 2023 1:49:25 AM org.togglz.core.logging.Jdk14LogProvider$Jdk14Log info
INFO: Reloaded file: /tmp/FileBasedStateRepositoryConcurrencyTest14886209484267350162test
Feb 12, 2023 1:49:25 AM org.togglz.core.logging.Jdk14LogProvider$Jdk14Log info
INFO: Reloaded file: /tmp/FileBasedStateRepositoryConcurrencyTest14886209484267350162test
Feb 12, 2023 1:49:25 AM org.togglz.core.logging.Jdk14LogProvider$Jdk14Log info
INFO: Reloaded file: /tmp/FileBasedStateRepositoryConcurrencyTest14886209484267350162test
Feb 12, 2023 1:49:25 AM org.togglz.core.logging.Jdk14LogProvider$Jdk14Log info
INFO: Reloaded file: /tmp/FileBasedStateRepositoryConcurrencyTest14886209484267350162test
Feb 12, 2023 1:49:25 AM org.togglz.core.logging.Jdk14LogProvider$Jdk14Log info
INFO: Reloaded file: /tmp/FileBasedStateRepositoryConcurrencyTest14886209484267350162test
Feb 12, 2023 1:49:25 AM org.togglz.core.logging.Jdk14LogProvider$Jdk14Log info
INFO: Reloaded file: /tmp/FileBasedStateRepositoryConcurrencyTest14886209484267350162test
Feb 12, 2023 1:49:25 AM org.togglz.core.logging.Jdk14LogProvider$Jdk14Log info
INFO: Reloaded file: /tmp/FileBasedStateRepositoryConcurrencyTest14886209484267350162test
Feb 12, 2023 1:49:25 AM org.togglz.core.logging.Jdk14LogProvider$Jdk14Log info
INFO: Reloaded file: /tmp/FileBasedStateRepositoryConcurrencyTest14886209484267350162test
Feb 12, 2023 1:49:25 AM org.togglz.core.logging.Jdk14LogProvider$Jdk14Log info
INFO: Reloaded file: /tmp/FileBasedStateRepositoryConcurrencyTest14886209484267350162test
Feb 12, 2023 1:49:25 AM org.togglz.core.logging.Jdk14LogProvider$Jdk14Log info
INFO: Reloaded file: /tmp/FileBasedStateRepositoryConcurrencyTest14886209484267350162test
[INFO] Tests run: 1, Failures: 0, Errors: 0, Skipped: 0, Time elapsed: 0.25 s - in org.togglz.core.repository.file.FileBasedStateRepositoryConcurrencyTest
[INFO] Running org.togglz.core.repository.file.FileBasedStateRepositoryTest
Feb 12, 2023 1:49:25 AM org.togglz.core.logging.Jdk14LogProvider$Jdk14Log info
INFO: Reloaded file: /tmp/test-file-repository13271984192004956664.tmp
Feb 12, 2023 1:49:25 AM org.togglz.core.logging.Jdk14LogProvider$Jdk14Log info
INFO: Reloaded file: /tmp/test-file-repository13271984192004956664.tmp
Feb 12, 2023 1:49:25 AM org.togglz.core.logging.Jdk14LogProvider$Jdk14Log info
INFO: Reloaded file: /tmp/test-file-repository9192642872354385491.tmp
Feb 12, 2023 1:49:25 AM org.togglz.core.logging.Jdk14LogProvider$Jdk14Log info
INFO: Reloaded file: /tmp/test-file-repository11622511898419599094.tmp
Feb 12, 2023 1:49:25 AM org.togglz.core.logging.Jdk14LogProvider$Jdk14Log info
INFO: Reloaded file: /tmp/test-file-repository10489372754538703329.tmp
Feb 12, 2023 1:49:25 AM org.togglz.core.logging.Jdk14LogProvider$Jdk14Log info
INFO: Reloaded file: /tmp/test-file-repository6411835606585668343.tmp
Feb 12, 2023 1:49:25 AM org.togglz.core.logging.Jdk14LogProvider$Jdk14Log info
INFO: Reloaded file: /tmp/test-file-repository11598622512696667893.tmp
Feb 12, 2023 1:49:25 AM org.togglz.core.logging.Jdk14LogProvider$Jdk14Log info
INFO: Reloaded file: /tmp/test-file-repository1315481411805811130.tmp
Feb 12, 2023 1:49:25 AM org.togglz.core.logging.Jdk14LogProvider$Jdk14Log info
INFO: Reloaded file: /tmp/test-file-repository5196446444065938502.tmp
Feb 12, 2023 1:49:25 AM org.togglz.core.logging.Jdk14LogProvider$Jdk14Log info
INFO: Reloaded file: /home/gabsko/breaking-updates/core/test.properties
[INFO] Tests run: 9, Failures: 0, Errors: 0, Skipped: 0, Time elapsed: 0.004 s - in org.togglz.core.repository.file.FileBasedStateRepositoryTest
[INFO] Running org.togglz.core.repository.composite.CompositeStateRepositoryTest
[INFO] Tests run: 7, Failures: 0, Errors: 0, Skipped: 0, Time elapsed: 0 s - in org.togglz.core.repository.composite.CompositeStateRepositoryTest
[INFO] Running org.togglz.core.repository.cache.CachingStateRepositoryTest
[INFO] Tests run: 6, Failures: 0, Errors: 0, Skipped: 0, Time elapsed: 0.904 s - in org.togglz.core.repository.cache.CachingStateRepositoryTest
[INFO] Running org.togglz.core.repository.util.DefaultMapSerializerTest
[INFO] Tests run: 7, Failures: 0, Errors: 0, Skipped: 0, Time elapsed: 0.005 s - in org.togglz.core.repository.util.DefaultMapSerializerTest
[INFO] Running org.togglz.core.repository.mem.InMemoryStateRepositoryTest
[INFO] Tests run: 3, Failures: 0, Errors: 0, Skipped: 0, Time elapsed: 0 s - in org.togglz.core.repository.mem.InMemoryStateRepositoryTest
[INFO] Running org.togglz.core.repository.FeatureStateTest
[INFO] Tests run: 2, Failures: 0, Errors: 0, Skipped: 0, Time elapsed: 0 s - in org.togglz.core.repository.FeatureStateTest
[INFO] Running org.togglz.core.repository.jdbc.SchemaUpdaterTest
[INFO] Tests run: 4, Failures: 0, Errors: 0, Skipped: 0, Time elapsed: 0.155 s - in org.togglz.core.repository.jdbc.SchemaUpdaterTest
[INFO] Running org.togglz.core.repository.jdbc.JDBCRepositoryAutoCommitTest
[INFO] Tests run: 2, Failures: 0, Errors: 0, Skipped: 0, Time elapsed: 0.021 s - in org.togglz.core.repository.jdbc.JDBCRepositoryAutoCommitTest
[INFO] Running org.togglz.core.repository.jdbc.JDBCStateRepositoryTest
[INFO] Tests run: 7, Failures: 0, Errors: 0, Skipped: 0, Time elapsed: 0.173 s - in org.togglz.core.repository.jdbc.JDBCStateRepositoryTest
[INFO] Running org.togglz.core.repository.listener.ListenableStateRepositoryTest
[INFO] Tests run: 5, Failures: 0, Errors: 0, Skipped: 0, Time elapsed: 0.009 s - in org.togglz.core.repository.listener.ListenableStateRepositoryTest
[INFO] Running org.togglz.core.util.StringsTest
[INFO] Tests run: 7, Failures: 0, Errors: 0, Skipped: 0, Time elapsed: 0 s - in org.togglz.core.util.StringsTest
[INFO] Running org.togglz.core.util.FeatureAnnotationsTest
[INFO] Tests run: 7, Failures: 0, Errors: 0, Skipped: 0, Time elapsed: 0.001 s - in org.togglz.core.util.FeatureAnnotationsTest
[INFO] Running org.togglz.core.util.NamedFeatureTest
[INFO] Tests run: 1, Failures: 0, Errors: 0, Skipped: 0, Time elapsed: 0 s - in org.togglz.core.util.NamedFeatureTest
[INFO] Running org.togglz.core.util.FeatureStateTest
[INFO] Tests run: 1, Failures: 0, Errors: 0, Skipped: 0, Time elapsed: 0.001 s - in org.togglz.core.util.FeatureStateTest
[INFO] Running org.togglz.core.util.FeatureMapTest
[INFO] Tests run: 4, Failures: 0, Errors: 0, Skipped: 0, Time elapsed: 0.008 s - in org.togglz.core.util.FeatureMapTest
[INFO] Running org.togglz.core.util.WeightedTest
[INFO] Tests run: 3, Failures: 0, Errors: 0, Skipped: 0, Time elapsed: 0 s - in org.togglz.core.util.WeightedTest
[INFO] Running org.togglz.core.proxy.FeatureProxyInvocationHandlerTest
[INFO] Tests run: 1, Failures: 0, Errors: 0, Skipped: 0, Time elapsed: 0 s - in org.togglz.core.proxy.FeatureProxyInvocationHandlerTest
[INFO] Running org.togglz.core.proxy.ByteBuddyProxyFactoryTest
[INFO] Tests run: 5, Failures: 0, Errors: 0, Skipped: 0, Time elapsed: 0.042 s - in org.togglz.core.proxy.ByteBuddyProxyFactoryTest
[INFO] Running org.togglz.core.logging.LoggingStateRepositoryTest
[INFO] Tests run: 4, Failures: 0, Errors: 0, Skipped: 0, Time elapsed: 0.022 s - in org.togglz.core.logging.LoggingStateRepositoryTest
[INFO] Running org.togglz.core.manager.FeatureManagerBuilderTest
[INFO] Tests run: 2, Failures: 0, Errors: 0, Skipped: 0, Time elapsed: 0.01 s - in org.togglz.core.manager.FeatureManagerBuilderTest
[INFO] Running org.togglz.core.manager.EnumBasedFeatureProviderTest
[INFO] Tests run: 18, Failures: 0, Errors: 0, Skipped: 0, Time elapsed: 0.005 s - in org.togglz.core.manager.EnumBasedFeatureProviderTest
[INFO] Running org.togglz.core.manager.PropertyFeatureProviderTest
[INFO] Tests run: 7, Failures: 0, Errors: 0, Skipped: 0, Time elapsed: 0 s - in org.togglz.core.manager.PropertyFeatureProviderTest
[INFO] Running org.togglz.core.manager.CompositeFeatureProviderTest
[INFO] Tests run: 2, Failures: 0, Errors: 0, Skipped: 0, Time elapsed: 0 s - in org.togglz.core.manager.CompositeFeatureProviderTest
[INFO] Running org.togglz.core.manager.DefaultFeatureManagerTest
[INFO] Tests run: 6, Failures: 0, Errors: 0, Skipped: 0, Time elapsed: 0.02 s - in org.togglz.core.manager.DefaultFeatureManagerTest
[INFO] Running org.togglz.core.activation.UsernameActivationStrategyTest
[INFO] Tests run: 5, Failures: 0, Errors: 0, Skipped: 0, Time elapsed: 0 s - in org.togglz.core.activation.UsernameActivationStrategyTest
[INFO] Running org.togglz.core.activation.UserRoleActivationStrategyTest
[INFO] Tests run: 10, Failures: 0, Errors: 0, Skipped: 0, Time elapsed: 0.052 s - in org.togglz.core.activation.UserRoleActivationStrategyTest
[INFO] Running org.togglz.core.activation.DefaultActivationStrategyProviderTest
[INFO] Tests run: 4, Failures: 0, Errors: 0, Skipped: 0, Time elapsed: 0.002 s - in org.togglz.core.activation.DefaultActivationStrategyProviderTest
[INFO] Running org.togglz.core.activation.ScriptEngineActivationStrategyTest
Warning: Nashorn engine is planned to be removed from a future JDK release
Warning: Nashorn engine is planned to be removed from a future JDK release
Warning: Nashorn engine is planned to be removed from a future JDK release
Warning: Nashorn engine is planned to be removed from a future JDK release
Warning: Nashorn engine is planned to be removed from a future JDK release
Warning: Nashorn engine is planned to be removed from a future JDK release
Warning: Nashorn engine is planned to be removed from a future JDK release
Warning: Nashorn engine is planned to be removed from a future JDK release
Warning: Nashorn engine is planned to be removed from a future JDK release
Warning: Nashorn engine is planned to be removed from a future JDK release
Feb 12, 2023 1:49:27 AM org.togglz.core.logging.Jdk14LogProvider$Jdk14Log error
SEVERE: Could not find script engine for: some language that doesn't exist
Warning: Nashorn engine is planned to be removed from a future JDK release
Warning: Nashorn engine is planned to be removed from a future JDK release
Warning: Nashorn engine is planned to be removed from a future JDK release
Feb 12, 2023 1:49:27 AM org.togglz.core.logging.Jdk14LogProvider$Jdk14Log error
SEVERE: Could not evaluate script for feature FEATURE: <eval>:1:1 Expected an operand but found =
 = ,;
 ^ in <eval> at line number 1 at column number 1
[INFO] Tests run: 8, Failures: 0, Errors: 0, Skipped: 0, Time elapsed: 0.382 s - in org.togglz.core.activation.ScriptEngineActivationStrategyTest
[INFO] Running org.togglz.core.activation.SystemPropertyActivationStrategyTest
[INFO] Tests run: 8, Failures: 0, Errors: 0, Skipped: 0, Time elapsed: 0 s - in org.togglz.core.activation.SystemPropertyActivationStrategyTest
[INFO] Running org.togglz.core.activation.IPActivationStrategyTest
[INFO] Tests run: 4, Failures: 0, Errors: 0, Skipped: 0, Time elapsed: 0 s - in org.togglz.core.activation.IPActivationStrategyTest
[INFO] Running org.togglz.core.activation.GradualActivationStrategyTest
Feb 12, 2023 1:49:27 AM org.togglz.core.logging.Jdk14LogProvider$Jdk14Log error
SEVERE: Invalid gradual rollout percentage for feature FEATURE: 100x
Feb 12, 2023 1:49:27 AM org.togglz.core.logging.Jdk14LogProvider$Jdk14Log error
SEVERE: Invalid gradual rollout percentage for feature FEATURE: 100x
[INFO] Tests run: 6, Failures: 0, Errors: 0, Skipped: 0, Time elapsed: 0 s - in org.togglz.core.activation.GradualActivationStrategyTest
[INFO] Running org.togglz.core.activation.ParameterBuilderTest
[INFO] Tests run: 6, Failures: 0, Errors: 0, Skipped: 0, Time elapsed: 0 s - in org.togglz.core.activation.ParameterBuilderTest
[INFO] 
[INFO] Results:
[INFO] 
[INFO] Tests run: 185, Failures: 0, Errors: 0, Skipped: 0
[INFO] 
[INFO] 
[INFO] -------------------< org.togglz:togglz-test-harness >-------------------
[INFO] Building Togglz - Test Harness 3.0.1-SNAPSHOT                     [3/31]
[INFO] --------------------------------[ jar ]---------------------------------
[INFO] 
[INFO] --- maven-clean-plugin:2.5:clean (default-clean) @ togglz-test-harness ---
[INFO] Deleting /home/gabsko/breaking-updates/test-harness/target
[INFO] 
[INFO] --- maven-enforcer-plugin:1.0:enforce (enforce-maven) @ togglz-test-harness ---
[INFO] 
[INFO] --- maven-resources-plugin:2.6:resources (default-resources) @ togglz-test-harness ---
[INFO] Using 'UTF-8' encoding to copy filtered resources.
[INFO] Copying 2 resources
[INFO] 
[INFO] --- maven-compiler-plugin:3.8.1:compile (default-compile) @ togglz-test-harness ---
[INFO] Changes detected - recompiling the module!
[INFO] Compiling 6 source files to /home/gabsko/breaking-updates/test-harness/target/classes
[INFO] 
[INFO] --- maven-resources-plugin:2.6:testResources (default-testResources) @ togglz-test-harness ---
[INFO] Using 'UTF-8' encoding to copy filtered resources.
[INFO] skip non existing resourceDirectory /home/gabsko/breaking-updates/test-harness/src/test/resources
[INFO] 
[INFO] --- maven-compiler-plugin:3.8.1:testCompile (default-testCompile) @ togglz-test-harness ---
[INFO] No sources to compile
[INFO] 
[INFO] --- maven-surefire-plugin:2.22.2:test (default-test) @ togglz-test-harness ---
[INFO] No tests to run.
[INFO] 
[INFO] ----------------------< org.togglz:togglz-slf4j >-----------------------
[INFO] Building Togglz - SLF4J integration 3.0.1-SNAPSHOT                [4/31]
[INFO] --------------------------------[ jar ]---------------------------------
[INFO] 
[INFO] --- maven-clean-plugin:2.5:clean (default-clean) @ togglz-slf4j ---
[INFO] Deleting /home/gabsko/breaking-updates/slf4j/target
[INFO] 
[INFO] --- maven-enforcer-plugin:1.0:enforce (enforce-maven) @ togglz-slf4j ---
[INFO] 
[INFO] --- maven-resources-plugin:2.6:resources (default-resources) @ togglz-slf4j ---
[INFO] Using 'UTF-8' encoding to copy filtered resources.
[INFO] Copying 1 resource
[INFO] 
[INFO] --- maven-compiler-plugin:3.8.1:compile (default-compile) @ togglz-slf4j ---
[INFO] Changes detected - recompiling the module!
[INFO] Compiling 1 source file to /home/gabsko/breaking-updates/slf4j/target/classes
[INFO] 
[INFO] --- maven-resources-plugin:2.6:testResources (default-testResources) @ togglz-slf4j ---
[INFO] Using 'UTF-8' encoding to copy filtered resources.
[INFO] skip non existing resourceDirectory /home/gabsko/breaking-updates/slf4j/src/test/resources
[INFO] 
[INFO] --- maven-compiler-plugin:3.8.1:testCompile (default-testCompile) @ togglz-slf4j ---
[INFO] No sources to compile
[INFO] 
[INFO] --- maven-surefire-plugin:2.22.2:test (default-test) @ togglz-slf4j ---
[INFO] No tests to run.
[INFO] 
[INFO] ---------------------< org.togglz:togglz-servlet >----------------------
[INFO] Building Togglz - Servlet integration 3.0.1-SNAPSHOT              [5/31]
[INFO] --------------------------------[ jar ]---------------------------------
[INFO] 
[INFO] --- maven-clean-plugin:2.5:clean (default-clean) @ togglz-servlet ---
[INFO] Deleting /home/gabsko/breaking-updates/servlet/target
[INFO] 
[INFO] --- maven-enforcer-plugin:1.0:enforce (enforce-maven) @ togglz-servlet ---
[INFO] 
[INFO] --- maven-resources-plugin:2.6:resources (default-resources) @ togglz-servlet ---
[INFO] Using 'UTF-8' encoding to copy filtered resources.
[INFO] Copying 4 resources
[INFO] 
[INFO] --- maven-compiler-plugin:3.8.1:compile (default-compile) @ togglz-servlet ---
[INFO] Changes detected - recompiling the module!
[INFO] Compiling 16 source files to /home/gabsko/breaking-updates/servlet/target/classes
[INFO] /home/gabsko/breaking-updates/servlet/src/main/java/org/togglz/servlet/spi/ServletContextBeanFinder.java: /home/gabsko/breaking-updates/servlet/src/main/java/org/togglz/servlet/spi/ServletContextBeanFinder.java uses or overrides a deprecated API.
[INFO] /home/gabsko/breaking-updates/servlet/src/main/java/org/togglz/servlet/spi/ServletContextBeanFinder.java: Recompile with -Xlint:deprecation for details.
[INFO] 
[INFO] --- maven-resources-plugin:2.6:testResources (default-testResources) @ togglz-servlet ---
[INFO] Using 'UTF-8' encoding to copy filtered resources.
[INFO] skip non existing resourceDirectory /home/gabsko/breaking-updates/servlet/src/test/resources
[INFO] 
[INFO] --- maven-compiler-plugin:3.8.1:testCompile (default-testCompile) @ togglz-servlet ---
[INFO] Changes detected - recompiling the module!
[INFO] Compiling 22 source files to /home/gabsko/breaking-updates/servlet/target/test-classes
[INFO] /home/gabsko/breaking-updates/servlet/src/test/java/org/togglz/servlet/spi/MyServletContext.java: /home/gabsko/breaking-updates/servlet/src/test/java/org/togglz/servlet/spi/MyServletContext.java uses or overrides a deprecated API.
[INFO] /home/gabsko/breaking-updates/servlet/src/test/java/org/togglz/servlet/spi/MyServletContext.java: Recompile with -Xlint:deprecation for details.
[INFO] /home/gabsko/breaking-updates/servlet/src/test/java/org/togglz/servlet/activation/QueryParameterActivationStrategyTest.java: /home/gabsko/breaking-updates/servlet/src/test/java/org/togglz/servlet/activation/QueryParameterActivationStrategyTest.java uses unchecked or unsafe operations.
[INFO] /home/gabsko/breaking-updates/servlet/src/test/java/org/togglz/servlet/activation/QueryParameterActivationStrategyTest.java: Recompile with -Xlint:unchecked for details.
[INFO] 
[INFO] --- maven-surefire-plugin:2.22.2:test (default-test) @ togglz-servlet ---
[INFO] 
[INFO] -------------------------------------------------------
[INFO]  T E S T S
[INFO] -------------------------------------------------------
[INFO] Running org.togglz.servlet.spi.ServletContextBeanFinderTest
[INFO] Tests run: 3, Failures: 0, Errors: 0, Skipped: 0, Time elapsed: 0.024 s - in org.togglz.servlet.spi.ServletContextBeanFinderTest
[INFO] Running org.togglz.servlet.activation.HeaderActivationStrategyTest
[INFO] Tests run: 5, Failures: 0, Errors: 0, Skipped: 0, Time elapsed: 0.322 s - in org.togglz.servlet.activation.HeaderActivationStrategyTest
[INFO] Running org.togglz.servlet.activation.ClientIpActivationStrategyTest
Feb 12, 2023 1:49:29 AM org.togglz.core.logging.Jdk14LogProvider$Jdk14Log warn
WARNING: Ignoring illegal IP address or CIDR range 
[INFO] Tests run: 23, Failures: 0, Errors: 0, Skipped: 0, Time elapsed: 0.07 s - in org.togglz.servlet.activation.ClientIpActivationStrategyTest
[INFO] Running org.togglz.servlet.activation.QueryParameterActivationStrategyTest
[INFO] Tests run: 15, Failures: 0, Errors: 0, Skipped: 0, Time elapsed: 0.013 s - in org.togglz.servlet.activation.QueryParameterActivationStrategyTest
[INFO] 
[INFO] Results:
[INFO] 
[INFO] Tests run: 46, Failures: 0, Errors: 0, Skipped: 0
[INFO] 
[INFO] 
[INFO] ---------------------< org.togglz:togglz-console >----------------------
[INFO] Building Togglz - Admin Console 3.0.1-SNAPSHOT                    [6/31]
[INFO] --------------------------------[ jar ]---------------------------------
[INFO] 
[INFO] --- maven-clean-plugin:2.5:clean (default-clean) @ togglz-console ---
[INFO] Deleting /home/gabsko/breaking-updates/console/target
[INFO] 
[INFO] --- maven-enforcer-plugin:1.0:enforce (enforce-maven) @ togglz-console ---
[INFO] 
[INFO] --- maven-resources-plugin:2.6:resources (default-resources) @ togglz-console ---
[INFO] Using 'UTF-8' encoding to copy filtered resources.
[INFO] Copying 18 resources
[INFO] 
[INFO] --- maven-compiler-plugin:3.8.1:compile (default-compile) @ togglz-console ---
[INFO] Changes detected - recompiling the module!
[INFO] Compiling 17 source files to /home/gabsko/breaking-updates/console/target/classes
[INFO] 
[INFO] --- maven-resources-plugin:2.6:testResources (default-testResources) @ togglz-console ---
[INFO] Using 'UTF-8' encoding to copy filtered resources.
[INFO] skip non existing resourceDirectory /home/gabsko/breaking-updates/console/src/test/resources
[INFO] 
[INFO] --- maven-compiler-plugin:3.8.1:testCompile (default-testCompile) @ togglz-console ---
[INFO] Changes detected - recompiling the module!
[INFO] Compiling 5 source files to /home/gabsko/breaking-updates/console/target/test-classes
[INFO] 
[INFO] --- maven-surefire-plugin:2.22.2:test (default-test) @ togglz-console ---
[INFO] 
[INFO] -------------------------------------------------------
[INFO]  T E S T S
[INFO] -------------------------------------------------------
[INFO] 
[INFO] Results:
[INFO] 
[INFO] Tests run: 0, Failures: 0, Errors: 0, Skipped: 0
[INFO] 
[INFO] 
[INFO] -----------------------< org.togglz:togglz-cdi >------------------------
[INFO] Building Togglz - CDI integration 3.0.1-SNAPSHOT                  [7/31]
[INFO] --------------------------------[ jar ]---------------------------------
[INFO] 
[INFO] --- maven-clean-plugin:2.5:clean (default-clean) @ togglz-cdi ---
[INFO] Deleting /home/gabsko/breaking-updates/cdi/target
[INFO] 
[INFO] --- maven-enforcer-plugin:1.0:enforce (enforce-maven) @ togglz-cdi ---
[INFO] 
[INFO] --- maven-resources-plugin:2.6:resources (default-resources) @ togglz-cdi ---
[INFO] Using 'UTF-8' encoding to copy filtered resources.
[INFO] Copying 2 resources
[INFO] 
[INFO] --- maven-compiler-plugin:3.8.1:compile (default-compile) @ togglz-cdi ---
[INFO] Changes detected - recompiling the module!
[INFO] Compiling 1 source file to /home/gabsko/breaking-updates/cdi/target/classes
[INFO] 
[INFO] --- maven-resources-plugin:2.6:testResources (default-testResources) @ togglz-cdi ---
[INFO] Using 'UTF-8' encoding to copy filtered resources.
[INFO] skip non existing resourceDirectory /home/gabsko/breaking-updates/cdi/src/test/resources
[INFO] 
[INFO] --- maven-compiler-plugin:3.8.1:testCompile (default-testCompile) @ togglz-cdi ---
[INFO] Changes detected - recompiling the module!
[INFO] Compiling 5 source files to /home/gabsko/breaking-updates/cdi/target/test-classes
[INFO] 
[INFO] --- maven-surefire-plugin:2.22.2:test (default-test) @ togglz-cdi ---
[INFO] 
[INFO] -------------------------------------------------------
[INFO]  T E S T S
[INFO] -------------------------------------------------------
[INFO] 
[INFO] Results:
[INFO] 
[INFO] Tests run: 0, Failures: 0, Errors: 0, Skipped: 0
[INFO] 
[INFO] 
[INFO] ----------------------< org.togglz:togglz-guice >-----------------------
[INFO] Building Togglz - Guice integration 3.0.1-SNAPSHOT                [8/31]
[INFO] --------------------------------[ jar ]---------------------------------
[INFO] 
[INFO] --- maven-clean-plugin:2.5:clean (default-clean) @ togglz-guice ---
[INFO] Deleting /home/gabsko/breaking-updates/guice/target
[INFO] 
[INFO] --- maven-enforcer-plugin:1.0:enforce (enforce-maven) @ togglz-guice ---
[INFO] 
[INFO] --- maven-resources-plugin:2.6:resources (default-resources) @ togglz-guice ---
[INFO] Using 'UTF-8' encoding to copy filtered resources.
[INFO] Copying 1 resource
[INFO] 
[INFO] --- maven-compiler-plugin:3.8.1:compile (default-compile) @ togglz-guice ---
[INFO] Changes detected - recompiling the module!
[INFO] Compiling 1 source file to /home/gabsko/breaking-updates/guice/target/classes
[INFO] 
[INFO] --- maven-resources-plugin:2.6:testResources (default-testResources) @ togglz-guice ---
[INFO] Using 'UTF-8' encoding to copy filtered resources.
[INFO] skip non existing resourceDirectory /home/gabsko/breaking-updates/guice/src/test/resources
[INFO] 
[INFO] --- maven-compiler-plugin:3.8.1:testCompile (default-testCompile) @ togglz-guice ---
[INFO] Changes detected - recompiling the module!
[INFO] Compiling 5 source files to /home/gabsko/breaking-updates/guice/target/test-classes
[INFO] 
[INFO] --- maven-surefire-plugin:2.22.2:test (default-test) @ togglz-guice ---
[INFO] 
[INFO] -------------------------------------------------------
[INFO]  T E S T S
[INFO] -------------------------------------------------------
[INFO] Running org.togglz.guice.GuiceIntegrationTest
Feb 12, 2023 1:49:32 AM org.jboss.threads.Version <clinit>
INFO: JBoss Threads version 2.3.0.Beta2
Feb 12, 2023 1:49:32 AM org.jboss.logmanager.JBossLoggerFinder getLogger
ERROR: The LogManager accessed before the "java.util.logging.manager" system property was set to "org.jboss.logmanager.LogManager". Results may be unexpected.
Feb 12, 2023 1:49:32 AM org.jboss.as.arquillian.container.managed.ManagedDeployableContainer startInternal
INFO: Starting container with: [/usr/lib/jvm/java-11-openjdk-amd64/bin/java, -D[Standalone], -Xms64m, -Xmx512m, -Djava.net.preferIPv4Stack=true, -Djava.awt.headless=true, -Djboss.modules.system.pkgs=org.jboss.byteman, -ea, -Djboss.home.dir=/home/gabsko/breaking-updates/target/container/wildfly-22.0.1.Final, --add-exports=java.base/sun.nio.ch=ALL-UNNAMED, --add-exports=jdk.unsupported/sun.reflect=ALL-UNNAMED, --add-exports=jdk.unsupported/sun.misc=ALL-UNNAMED, --add-modules=java.se, -Dorg.jboss.boot.log.file=/home/gabsko/breaking-updates/target/container/wildfly-22.0.1.Final/standalone/log/server.log, -Dlogging.configuration=file:/home/gabsko/breaking-updates/target/container/wildfly-22.0.1.Final/standalone/configuration/logging.properties, -jar, /home/gabsko/breaking-updates/target/container/wildfly-22.0.1.Final/jboss-modules.jar, -mp, /home/gabsko/breaking-updates/target/container/wildfly-22.0.1.Final/modules, org.jboss.as.standalone, -Djboss.home.dir=/home/gabsko/breaking-updates/target/container/wildfly-22.0.1.Final, -Djboss.server.base.dir=/home/gabsko/breaking-updates/target/container/wildfly-22.0.1.Final/standalone, -Djboss.server.log.dir=/home/gabsko/breaking-updates/target/container/wildfly-22.0.1.Final/standalone/log, -Djboss.server.config.dir=/home/gabsko/breaking-updates/target/container/wildfly-22.0.1.Final/standalone/configuration]
Feb 12, 2023 1:49:32 AM org.jboss.remoting3.EndpointImpl <clinit>
INFO: JBoss Remoting version 5.0.8.Final
Feb 12, 2023 1:49:32 AM org.xnio.Xnio <clinit>
INFO: XNIO version 3.6.5.Final
Feb 12, 2023 1:49:32 AM org.xnio.nio.NioXnio <clinit>
INFO: XNIO NIO Implementation Version 3.6.5.Final
Feb 12, 2023 1:49:32 AM org.wildfly.security.Version <clinit>
INFO: ELY00001: WildFly Elytron version 1.8.0.Final
[0m01:49:32,800 INFO  [org.jboss.modules] (main) JBoss Modules version 1.11.0.Final
[0m[0m01:49:33,117 INFO  [org.jboss.msc] (main) JBoss MSC version 1.4.12.Final
[0m[0m01:49:33,124 INFO  [org.jboss.threads] (main) JBoss Threads version 2.4.0.Final
[0m[0m01:49:33,229 INFO  [org.jboss.as] (MSC service thread 1-1) WFLYSRV0049: WildFly Full 22.0.1.Final (WildFly Core 14.0.1.Final) starting
[0m[0m01:49:33,939 INFO  [org.wildfly.security] (ServerService Thread Pool -- 26) ELY00001: WildFly Elytron version 1.14.1.Final
[0m[0m01:49:34,301 INFO  [org.jboss.as.controller.management-deprecated] (Controller Boot Thread) WFLYCTL0028: Attribute 'security-realm' in the resource at address '/core-service=management/management-interface=http-interface' is deprecated, and may be removed in a future version. See the attribute description in the output of the read-resource-description operation to learn more about the deprecation.
[0m[0m01:49:34,323 INFO  [org.jboss.as.controller.management-deprecated] (ServerService Thread Pool -- 14) WFLYCTL0028: Attribute 'security-realm' in the resource at address '/subsystem=undertow/server=default-server/https-listener=https' is deprecated, and may be removed in a future version. See the attribute description in the output of the read-resource-description operation to learn more about the deprecation.
[0m[0m01:49:34,373 INFO  [org.jboss.as.server] (Controller Boot Thread) WFLYSRV0039: Creating http management service using socket-binding (management-http)
[0m[0m01:49:34,387 INFO  [org.xnio] (MSC service thread 1-7) XNIO version 3.8.4.Final
[0m[0m01:49:34,392 INFO  [org.xnio.nio] (MSC service thread 1-7) XNIO NIO Implementation Version 3.8.4.Final
[0m[0m01:49:34,412 INFO  [org.jboss.as.clustering.infinispan] (ServerService Thread Pool -- 53) WFLYCLINF0001: Activating Infinispan subsystem.
[0m[0m01:49:34,416 INFO  [org.wildfly.extension.health] (ServerService Thread Pool -- 52) WFLYHEALTH0001: Activating Base Health Subsystem
[0m[0m01:49:34,416 INFO  [org.wildfly.extension.io] (ServerService Thread Pool -- 54) WFLYIO001: Worker 'default' has auto-configured to 72 IO threads with 576 max task threads based on your 36 available processors
[0m[0m01:49:34,421 INFO  [org.wildfly.extension.microprofile.config.smallrye._private] (ServerService Thread Pool -- 63) WFLYCONF0001: Activating WildFly MicroProfile Config Subsystem
[0m[0m01:49:34,422 INFO  [org.wildfly.extension.microprofile.jwt.smallrye._private] (ServerService Thread Pool -- 64) WFLYJWT0001: Activating WildFly MicroProfile JWT Subsystem
[0m[0m01:49:34,424 INFO  [org.jboss.as.jaxrs] (ServerService Thread Pool -- 55) WFLYRS0016: RESTEasy version 3.14.0.Final
[0m[0m01:49:34,434 INFO  [org.wildfly.extension.microprofile.opentracing] (ServerService Thread Pool -- 65) WFLYTRACEXT0001: Activating MicroProfile OpenTracing Subsystem
[0m[0m01:49:34,434 INFO  [org.jboss.as.connector] (MSC service thread 1-7) WFLYJCA0009: Starting JCA Subsystem (WildFly/IronJacamar @VERSION@)
[0m[33m01:49:34,432 WARN  [org.jboss.as.txn] (ServerService Thread Pool -- 74) WFLYTX0013: The node-identifier attribute on the /subsystem=transactions is set to the default value. This is a danger for environments running multiple servers. Please make sure the attribute value is unique.
[0m[0m01:49:34,437 INFO  [org.jboss.as.naming] (ServerService Thread Pool -- 66) WFLYNAM0001: Activating Naming Subsystem
[0m[0m01:49:34,438 INFO  [org.wildfly.extension.metrics] (ServerService Thread Pool -- 62) WFLYMETRICS0001: Activating Base Metrics Subsystem
[0m[0m01:49:34,439 INFO  [org.jboss.as.security] (ServerService Thread Pool -- 72) WFLYSEC0002: Activating Security Subsystem
[0m[0m01:49:34,441 INFO  [org.jboss.as.jsf] (ServerService Thread Pool -- 60) WFLYJSF0007: Activated the following JSF Implementations: [main]
[0m[0m01:49:34,444 INFO  [org.jboss.as.security] (MSC service thread 1-5) WFLYSEC0001: Current PicketBox version=5.0.3.Final-redhat-00007
[0m[0m01:49:34,476 INFO  [org.jboss.remoting] (MSC service thread 1-3) JBoss Remoting version 5.0.20.Final
[0m[0m01:49:34,479 INFO  [org.jboss.as.webservices] (ServerService Thread Pool -- 76) WFLYWS0002: Activating WebServices Extension
[0m[0m01:49:34,497 INFO  [org.jboss.as.connector.subsystems.datasources] (ServerService Thread Pool -- 44) WFLYJCA0004: Deploying JDBC-compliant driver class org.h2.Driver (version 1.4)
[0m[0m01:49:34,502 INFO  [org.wildfly.extension.undertow] (MSC service thread 1-2) WFLYUT0003: Undertow 2.2.4.Final starting
[0m[0m01:49:34,505 INFO  [org.jboss.as.connector.deployers.jdbc] (MSC service thread 1-4) WFLYJCA0018: Started Driver service with driver-name = h2
[0m[0m01:49:34,514 INFO  [org.jboss.as.naming] (MSC service thread 1-4) WFLYNAM0003: Starting Naming Service
[0m[0m01:49:34,547 INFO  [org.jboss.as.mail.extension] (MSC service thread 1-4) WFLYMAIL0001: Bound mail session [java:jboss/mail/Default]
[0m[33m01:49:34,566 WARN  [org.wildfly.extension.elytron] (MSC service thread 1-7) WFLYELY00023: KeyStore file '/home/gabsko/breaking-updates/target/container/wildfly-22.0.1.Final/standalone/configuration/application.keystore' does not exist. Used blank.
[0m[33m01:49:34,581 WARN  [org.wildfly.extension.elytron] (MSC service thread 1-6) WFLYELY01084: KeyStore /home/gabsko/breaking-updates/target/container/wildfly-22.0.1.Final/standalone/configuration/application.keystore not found, it will be auto generated on first use with a self-signed certificate for host localhost
[0mWARNING: An illegal reflective access operation has occurred
WARNING: Illegal reflective access by org.wildfly.extension.elytron.SSLDefinitions (jar:file:/home/gabsko/breaking-updates/target/container/wildfly-22.0.1.Final/modules/system/layers/base/org/wildfly/extension/elytron/main/wildfly-elytron-integration-14.0.1.Final.jar!/) to method com.sun.net.ssl.internal.ssl.Provider.isFIPS()
WARNING: Please consider reporting this to the maintainers of org.wildfly.extension.elytron.SSLDefinitions
WARNING: Use --illegal-access=warn to enable warnings of further illegal reflective access operations
WARNING: All illegal access operations will be denied in a future release
[0m01:49:34,596 INFO  [org.jboss.as.ejb3] (MSC service thread 1-3) WFLYEJB0482: Strict pool mdb-strict-max-pool is using a max instance size of 144 (per class), which is derived from the number of CPUs on this host.
[0m[0m01:49:34,596 INFO  [org.jboss.as.ejb3] (MSC service thread 1-2) WFLYEJB0481: Strict pool slsb-strict-max-pool is using a max instance size of 576 (per class), which is derived from thread worker pool sizing.
[0m[0m01:49:34,601 INFO  [org.wildfly.extension.undertow] (ServerService Thread Pool -- 75) WFLYUT0014: Creating file handler for path '/home/gabsko/breaking-updates/target/container/wildfly-22.0.1.Final/welcome-content' with options [directory-listing: 'false', follow-symlink: 'false', case-sensitive: 'true', safe-symlink-paths: '[]']
[0m[0m01:49:34,618 INFO  [org.wildfly.extension.undertow] (MSC service thread 1-4) WFLYUT0012: Started server default-server.
[0m[0m01:49:34,621 INFO  [org.wildfly.extension.undertow] (MSC service thread 1-4) WFLYUT0018: Host default-host starting
[0m[0m01:49:34,663 INFO  [org.wildfly.extension.undertow] (MSC service thread 1-6) WFLYUT0006: Undertow HTTP listener default listening on 127.0.0.1:8080
[0m[0m01:49:34,705 INFO  [org.jboss.as.ejb3] (MSC service thread 1-3) WFLYEJB0493: EJB subsystem suspension complete
[0m[0m01:49:34,765 INFO  [org.jboss.as.connector.subsystems.datasources] (MSC service thread 1-5) WFLYJCA0001: Bound data source [java:jboss/datasources/ExampleDS]
[0m[0m01:49:34,830 INFO  [org.jboss.as.patching] (MSC service thread 1-6) WFLYPAT0050: WildFly Full cumulative patch ID is: base, one-off patches include: none
[0m[33m01:49:34,839 WARN  [org.jboss.as.domain.management.security] (MSC service thread 1-5) WFLYDM0111: Keystore /home/gabsko/breaking-updates/target/container/wildfly-22.0.1.Final/standalone/configuration/application.keystore not found, it will be auto generated on first use with a self signed certificate for host localhost
[0m[0m01:49:34,845 INFO  [org.jboss.as.server.deployment.scanner] (MSC service thread 1-6) WFLYDS0013: Started FileSystemDeploymentService for directory /home/gabsko/breaking-updates/target/container/wildfly-22.0.1.Final/standalone/deployments
[0m[0m01:49:34,861 INFO  [org.wildfly.extension.undertow] (MSC service thread 1-7) WFLYUT0006: Undertow HTTPS listener https listening on 127.0.0.1:8443
[0m[0m01:49:34,906 INFO  [org.jboss.ws.common.management] (MSC service thread 1-3) JBWS022052: Starting JBossWS 5.4.2.Final (Apache CXF 3.3.7) 
[0m[0m01:49:35,002 INFO  [org.jboss.as.server] (Controller Boot Thread) WFLYSRV0212: Resuming server
[0m[0m01:49:35,005 INFO  [org.jboss.as] (Controller Boot Thread) WFLYSRV0025: WildFly Full 22.0.1.Final (WildFly Core 14.0.1.Final) started in 2479ms - Started 318 of 557 services (345 services are lazy, passive or on-demand)
[0m[0m01:49:35,006 INFO  [org.jboss.as] (Controller Boot Thread) WFLYSRV0060: Http management interface listening on http://127.0.0.1:9990/management
[0m[0m01:49:35,006 INFO  [org.jboss.as] (Controller Boot Thread) WFLYSRV0051: Admin console listening on http://127.0.0.1:9990
[0mSLF4J: Failed to load class "org.slf4j.impl.StaticLoggerBinder".
SLF4J: Defaulting to no-operation (NOP) logger implementation
SLF4J: See http://www.slf4j.org/codes.html#StaticLoggerBinder for further details.
[0m01:49:37,924 INFO  [org.jboss.as.repository] (management-handler-thread - 1) WFLYDR0001: Content added at location /home/gabsko/breaking-updates/target/container/wildfly-22.0.1.Final/standalone/data/content/9a/cf002610477b67c3eff5eee362d9440f8dd29c/content
[0m[0m01:49:37,937 INFO  [org.jboss.as.server.deployment] (MSC service thread 1-5) WFLYSRV0027: Starting deployment of "test.war" (runtime-name: "test.war")
[0m[33m01:49:39,551 WARN  [org.jboss.weld.deployer] (MSC service thread 1-7) WFLYWELD0013: Deployment test.war contains CDI annotations but no bean archive was found (no beans.xml or class with bean defining annotations was present).
[0m[0m01:49:39,757 INFO  [org.infinispan.CONTAINER] (ServerService Thread Pool -- 78) ISPN000128: Infinispan version: Infinispan 'Corona Extra' 11.0.8.Final
[0m[0m01:49:39,799 INFO  [org.infinispan.CONFIG] (MSC service thread 1-5) ISPN000152: Passivation configured without an eviction policy being selected. Only manually evicted entities will be passivated.
[0m[0m01:49:39,801 INFO  [org.infinispan.CONFIG] (MSC service thread 1-5) ISPN000152: Passivation configured without an eviction policy being selected. Only manually evicted entities will be passivated.
[0m[0m01:49:39,854 INFO  [org.infinispan.PERSISTENCE] (ServerService Thread Pool -- 78) ISPN000556: Starting user marshaller 'org.wildfly.clustering.infinispan.spi.marshalling.InfinispanProtoStreamMarshaller'
[0m[0m01:49:39,967 INFO  [org.jboss.as.clustering.infinispan] (ServerService Thread Pool -- 78) WFLYCLINF0002: Started http-remoting-connector cache from ejb container
[0m[0m01:49:40,233 INFO  [org.wildfly.extension.undertow] (ServerService Thread Pool -- 37) WFLYUT0021: Registered web context: '/test' for server 'default-server'
[0m[0m01:49:40,293 INFO  [org.jboss.as.server] (management-handler-thread - 1) WFLYSRV0010: Deployed "test.war" (runtime-name : "test.war")
[0m[0m01:49:40,560 INFO  [org.togglz.servlet.TogglzFilter] (default task-1) Togglz started
[0m[0m01:49:40,639 INFO  [org.jboss.arquillian.testenricher.cdi.container.BeanManagerProducer] (default task-2) BeanManager not found.
[0m[0m01:49:40,714 INFO  [org.wildfly.extension.undertow] (ServerService Thread Pool -- 37) WFLYUT0022: Unregistered web context: '/test' from server 'default-server'
[0m[0m01:49:40,826 INFO  [org.jboss.as.server.deployment] (MSC service thread 1-8) WFLYSRV0028: Stopped deployment test.war (runtime-name: test.war) in 117ms
[0m[0m01:49:40,868 INFO  [org.jboss.as.repository] (management-handler-thread - 1) WFLYDR0002: Content removed from location /home/gabsko/breaking-updates/target/container/wildfly-22.0.1.Final/standalone/data/content/9a/cf002610477b67c3eff5eee362d9440f8dd29c/content
[0m[0m01:49:40,868 INFO  [org.jboss.as.server] (management-handler-thread - 1) WFLYSRV0009: Undeployed "test.war" (runtime-name: "test.war")
[0m[INFO] Tests run: 1, Failures: 0, Errors: 0, Skipped: 0, Time elapsed: 8.876 s - in org.togglz.guice.GuiceIntegrationTest
[0m01:49:40,878 INFO  [org.jboss.as.server] (management-handler-thread - 1) WFLYSRV0272: Suspending server
[0m[0m01:49:40,881 INFO  [org.jboss.as.ejb3] (management-handler-thread - 1) WFLYEJB0493: EJB subsystem suspension complete
[0m[0m01:49:40,881 INFO  [org.jboss.as.server] (Management Triggered Shutdown) WFLYSRV0241: Shutting down in response to management operation 'shutdown'
[0m[0m01:49:40,886 INFO  [org.jboss.as.connector.subsystems.datasources] (MSC service thread 1-5) WFLYJCA0010: Unbound data source [java:jboss/datasources/ExampleDS]
[0m[0m01:49:40,903 INFO  [org.wildfly.extension.undertow] (MSC service thread 1-7) WFLYUT0019: Host default-host stopping
[0m[0m01:49:40,906 INFO  [org.wildfly.extension.undertow] (MSC service thread 1-2) WFLYUT0008: Undertow HTTPS listener https suspending
[0m[0m01:49:40,908 INFO  [org.wildfly.extension.undertow] (MSC service thread 1-2) WFLYUT0007: Undertow HTTPS listener https stopped, was bound to 127.0.0.1:8443
[0m[0m01:49:40,910 INFO  [org.jboss.as.mail.extension] (MSC service thread 1-3) WFLYMAIL0002: Unbound mail session [java:jboss/mail/Default]
[0m[0m01:49:40,916 INFO  [org.jboss.as.connector.deployers.jdbc] (MSC service thread 1-3) WFLYJCA0019: Stopped Driver service with driver-name = h2
[0m[0m01:49:40,926 INFO  [org.wildfly.extension.undertow] (MSC service thread 1-8) WFLYUT0008: Undertow HTTP listener default suspending
[0m[0m01:49:40,927 INFO  [org.wildfly.extension.undertow] (MSC service thread 1-8) WFLYUT0007: Undertow HTTP listener default stopped, was bound to 127.0.0.1:8080
[0m[0m01:49:40,929 INFO  [org.wildfly.extension.undertow] (MSC service thread 1-6) WFLYUT0004: Undertow 2.2.4.Final stopping
[0m[0m01:49:40,929 INFO  [org.jboss.as.clustering.infinispan] (ServerService Thread Pool -- 37) WFLYCLINF0003: Stopped http-remoting-connector cache from ejb container
[0m[0m01:49:40,938 INFO  [org.infinispan.manager.DefaultCacheManager] (ServerService Thread Pool -- 37) Stopping cache manager null on null
[0m[0m01:49:40,948 INFO  [org.jboss.as] (MSC service thread 1-1) WFLYSRV0050: WildFly Full 22.0.1.Final (WildFly Core 14.0.1.Final) stopped in 57ms
[0m[INFO] 
[INFO] Results:
[INFO] 
[INFO] Tests run: 1, Failures: 0, Errors: 0, Skipped: 0
[INFO] 
[INFO] 
[INFO] -------------------< org.togglz:togglz-spring-core >--------------------
[INFO] Building Togglz - Spring Framework integration 3.0.1-SNAPSHOT     [9/31]
[INFO] --------------------------------[ jar ]---------------------------------
[INFO] 
[INFO] --- maven-clean-plugin:2.5:clean (default-clean) @ togglz-spring-core ---
[INFO] Deleting /home/gabsko/breaking-updates/spring-core/target
[INFO] 
[INFO] --- maven-enforcer-plugin:1.0:enforce (enforce-maven) @ togglz-spring-core ---
[INFO] 
[INFO] --- maven-resources-plugin:2.6:resources (default-resources) @ togglz-spring-core ---
[INFO] Using 'UTF-8' encoding to copy filtered resources.
[INFO] Copying 3 resources
[INFO] 
[INFO] --- maven-compiler-plugin:3.8.1:compile (default-compile) @ togglz-spring-core ---
[INFO] Changes detected - recompiling the module!
[INFO] Compiling 11 source files to /home/gabsko/breaking-updates/spring-core/target/classes
[INFO] /home/gabsko/breaking-updates/spring-core/src/main/java/org/togglz/spring/manager/FeatureManagerFactory.java: /home/gabsko/breaking-updates/spring-core/src/main/java/org/togglz/spring/manager/FeatureManagerFactory.java uses unchecked or unsafe operations.
[INFO] /home/gabsko/breaking-updates/spring-core/src/main/java/org/togglz/spring/manager/FeatureManagerFactory.java: Recompile with -Xlint:unchecked for details.
[INFO] 
[INFO] --- maven-resources-plugin:2.6:testResources (default-testResources) @ togglz-spring-core ---
[INFO] Using 'UTF-8' encoding to copy filtered resources.
[INFO] skip non existing resourceDirectory /home/gabsko/breaking-updates/spring-core/src/test/resources
[INFO] 
[INFO] --- maven-compiler-plugin:3.8.1:testCompile (default-testCompile) @ togglz-spring-core ---
[INFO] Changes detected - recompiling the module!
[INFO] Compiling 4 source files to /home/gabsko/breaking-updates/spring-core/target/test-classes
[INFO] /home/gabsko/breaking-updates/spring-core/src/test/java/org/togglz/spring/activation/SpringProfileActivationStrategyTest.java: Some input files use or override a deprecated API.
[INFO] /home/gabsko/breaking-updates/spring-core/src/test/java/org/togglz/spring/activation/SpringProfileActivationStrategyTest.java: Recompile with -Xlint:deprecation for details.
[INFO] 
[INFO] --- maven-surefire-plugin:2.22.2:test (default-test) @ togglz-spring-core ---
[INFO] 
[INFO] -------------------------------------------------------
[INFO]  T E S T S
[INFO] -------------------------------------------------------
[INFO] Running org.togglz.spring.repository.ApplicationEventPublisherRepositoryTest
[INFO] Tests run: 1, Failures: 0, Errors: 0, Skipped: 0, Time elapsed: 0.325 s - in org.togglz.spring.repository.ApplicationEventPublisherRepositoryTest
[INFO] Running org.togglz.spring.activation.SpringEnvironmentPropertyActivationStrategyTest
[INFO] Tests run: 8, Failures: 0, Errors: 0, Skipped: 0, Time elapsed: 0.238 s - in org.togglz.spring.activation.SpringEnvironmentPropertyActivationStrategyTest
[INFO] Running org.togglz.spring.activation.SpringProfileActivationStrategyTest
[INFO] Tests run: 19, Failures: 0, Errors: 0, Skipped: 0, Time elapsed: 0.142 s - in org.togglz.spring.activation.SpringProfileActivationStrategyTest
[INFO] Running org.togglz.spring.listener.TogglzApplicationContextBinderApplicationListenerTest
Feb 12, 2023 1:49:43 AM org.togglz.core.logging.Jdk14LogProvider$Jdk14Log warn
WARNING: ApplicationContext already bound to current context class loader, releasing it first
[INFO] Tests run: 4, Failures: 0, Errors: 0, Skipped: 0, Time elapsed: 0.033 s - in org.togglz.spring.listener.TogglzApplicationContextBinderApplicationListenerTest
[INFO] 
[INFO] Results:
[INFO] 
[INFO] Tests run: 32, Failures: 0, Errors: 0, Skipped: 0
[INFO] 
[INFO] 
[INFO] --------------------< org.togglz:togglz-spring-web >--------------------
[INFO] Building Togglz - Spring Web integration 3.0.1-SNAPSHOT          [10/31]
[INFO] --------------------------------[ jar ]---------------------------------
[INFO] 
[INFO] --- maven-clean-plugin:2.5:clean (default-clean) @ togglz-spring-web ---
[INFO] Deleting /home/gabsko/breaking-updates/spring-web/target
[INFO] 
[INFO] --- maven-enforcer-plugin:1.0:enforce (enforce-maven) @ togglz-spring-web ---
[INFO] 
[INFO] --- maven-resources-plugin:2.6:resources (default-resources) @ togglz-spring-web ---
[INFO] Using 'UTF-8' encoding to copy filtered resources.
[INFO] Copying 1 resource
[INFO] 
[INFO] --- maven-compiler-plugin:3.8.1:compile (default-compile) @ togglz-spring-web ---
[INFO] Changes detected - recompiling the module!
[INFO] Compiling 4 source files to /home/gabsko/breaking-updates/spring-web/target/classes
[INFO] /home/gabsko/breaking-updates/spring-web/src/main/java/org/togglz/spring/web/FeatureInterceptor.java: /home/gabsko/breaking-updates/spring-web/src/main/java/org/togglz/spring/web/FeatureInterceptor.java uses or overrides a deprecated API.
[INFO] /home/gabsko/breaking-updates/spring-web/src/main/java/org/togglz/spring/web/FeatureInterceptor.java: Recompile with -Xlint:deprecation for details.
[INFO] 
[INFO] --- maven-resources-plugin:2.6:testResources (default-testResources) @ togglz-spring-web ---
[INFO] Using 'UTF-8' encoding to copy filtered resources.
[INFO] Copying 4 resources
[INFO] 
[INFO] --- maven-compiler-plugin:3.8.1:testCompile (default-testCompile) @ togglz-spring-web ---
[INFO] Changes detected - recompiling the module!
[INFO] Compiling 14 source files to /home/gabsko/breaking-updates/spring-web/target/test-classes
[INFO] 
[INFO] --- maven-surefire-plugin:2.22.2:test (default-test) @ togglz-spring-web ---
[INFO] 
[INFO] -------------------------------------------------------
[INFO]  T E S T S
[INFO] -------------------------------------------------------
[INFO] Running org.togglz.spring.web.spi.HttpServletRequestHolderFilterTest
SLF4J: Failed to load class "org.slf4j.impl.StaticLoggerBinder".
SLF4J: Defaulting to no-operation (NOP) logger implementation
SLF4J: See http://www.slf4j.org/codes.html#StaticLoggerBinder for further details.
[INFO] Tests run: 5, Failures: 0, Errors: 0, Skipped: 0, Time elapsed: 1.362 s - in org.togglz.spring.web.spi.HttpServletRequestHolderFilterTest
[INFO] Running org.togglz.spring.web.FeatureInterceptorTest
[INFO] Tests run: 15, Failures: 0, Errors: 0, Skipped: 0, Time elapsed: 0.167 s - in org.togglz.spring.web.FeatureInterceptorTest
[INFO] 
[INFO] Results:
[INFO] 
[INFO] Tests run: 20, Failures: 0, Errors: 0, Skipped: 0
[INFO] 
[INFO] 
[INFO] -----------------< org.togglz:togglz-spring-security >------------------
[INFO] Building Togglz - Spring Security integration 3.0.1-SNAPSHOT     [11/31]
[INFO] --------------------------------[ jar ]---------------------------------
[INFO] 
[INFO] --- maven-clean-plugin:2.5:clean (default-clean) @ togglz-spring-security ---
[INFO] Deleting /home/gabsko/breaking-updates/spring-security/target
[INFO] 
[INFO] --- maven-enforcer-plugin:1.0:enforce (enforce-maven) @ togglz-spring-security ---
[INFO] 
[INFO] --- maven-resources-plugin:2.6:resources (default-resources) @ togglz-spring-security ---
[INFO] Using 'UTF-8' encoding to copy filtered resources.
[INFO] Copying 1 resource
[INFO] 
[INFO] --- maven-compiler-plugin:3.8.1:compile (default-compile) @ togglz-spring-security ---
[INFO] Changes detected - recompiling the module!
[INFO] Compiling 2 source files to /home/gabsko/breaking-updates/spring-security/target/classes
[INFO] 
[INFO] --- maven-resources-plugin:2.6:testResources (default-testResources) @ togglz-spring-security ---
[INFO] Using 'UTF-8' encoding to copy filtered resources.
[INFO] skip non existing resourceDirectory /home/gabsko/breaking-updates/spring-security/src/test/resources
[INFO] 
[INFO] --- maven-compiler-plugin:3.8.1:testCompile (default-testCompile) @ togglz-spring-security ---
[INFO] Changes detected - recompiling the module!
[INFO] Compiling 1 source file to /home/gabsko/breaking-updates/spring-security/target/test-classes
[INFO] /home/gabsko/breaking-updates/spring-security/src/test/java/org/togglz/spring/security/SpringSecurityUserProviderTest.java: /home/gabsko/breaking-updates/spring-security/src/test/java/org/togglz/spring/security/SpringSecurityUserProviderTest.java uses unchecked or unsafe operations.
[INFO] /home/gabsko/breaking-updates/spring-security/src/test/java/org/togglz/spring/security/SpringSecurityUserProviderTest.java: Recompile with -Xlint:unchecked for details.
[INFO] 
[INFO] --- maven-surefire-plugin:2.22.2:test (default-test) @ togglz-spring-security ---
[INFO] 
[INFO] -------------------------------------------------------
[INFO]  T E S T S
[INFO] -------------------------------------------------------
[INFO] Running org.togglz.spring.security.SpringSecurityUserProviderTest
[INFO] Tests run: 3, Failures: 0, Errors: 0, Skipped: 0, Time elapsed: 1.105 s - in org.togglz.spring.security.SpringSecurityUserProviderTest
[INFO] 
[INFO] Results:
[INFO] 
[INFO] Tests run: 3, Failures: 0, Errors: 0, Skipped: 0
[INFO] 
[INFO] 
[INFO] -------------------< org.togglz:togglz-spring-boot >--------------------
[INFO] Building Togglz - Spring Boot POM 3.0.1-SNAPSHOT                 [12/31]
[INFO] --------------------------------[ pom ]---------------------------------
[INFO] 
[INFO] --- maven-clean-plugin:2.5:clean (default-clean) @ togglz-spring-boot ---
[INFO] 
[INFO] --- maven-enforcer-plugin:1.0:enforce (enforce-maven) @ togglz-spring-boot ---
[INFO] 
[INFO] ---------------< org.togglz:togglz-spring-boot-starter >----------------
[INFO] Building Togglz - Spring Boot Starter 3.0.1-SNAPSHOT             [13/31]
[INFO] --------------------------------[ jar ]---------------------------------
[INFO] 
[INFO] --- maven-clean-plugin:2.5:clean (default-clean) @ togglz-spring-boot-starter ---
[INFO] Deleting /home/gabsko/breaking-updates/spring-boot/starter/target
[INFO] 
[INFO] --- maven-enforcer-plugin:1.0:enforce (enforce-maven) @ togglz-spring-boot-starter ---
[INFO] 
[INFO] --- maven-resources-plugin:2.6:resources (default-resources) @ togglz-spring-boot-starter ---
[INFO] Using 'UTF-8' encoding to copy filtered resources.
[INFO] Copying 1 resource
[INFO] 
[INFO] --- maven-compiler-plugin:3.8.1:compile (default-compile) @ togglz-spring-boot-starter ---
[INFO] Changes detected - recompiling the module!
[INFO] Compiling 12 source files to /home/gabsko/breaking-updates/spring-boot/starter/target/classes
[INFO] /home/gabsko/breaking-updates/spring-boot/starter/src/main/java/org/togglz/spring/boot/actuate/autoconfigure/TogglzManagementContextConfiguration.java: /home/gabsko/breaking-updates/spring-boot/starter/src/main/java/org/togglz/spring/boot/actuate/autoconfigure/TogglzManagementContextConfiguration.java uses or overrides a deprecated API.
[INFO] /home/gabsko/breaking-updates/spring-boot/starter/src/main/java/org/togglz/spring/boot/actuate/autoconfigure/TogglzManagementContextConfiguration.java: Recompile with -Xlint:deprecation for details.
[INFO] /home/gabsko/breaking-updates/spring-boot/starter/src/main/java/org/togglz/spring/boot/actuate/autoconfigure/TogglzConsoleBaseConfiguration.java: /home/gabsko/breaking-updates/spring-boot/starter/src/main/java/org/togglz/spring/boot/actuate/autoconfigure/TogglzConsoleBaseConfiguration.java uses unchecked or unsafe operations.
[INFO] /home/gabsko/breaking-updates/spring-boot/starter/src/main/java/org/togglz/spring/boot/actuate/autoconfigure/TogglzConsoleBaseConfiguration.java: Recompile with -Xlint:unchecked for details.
[INFO] 
[INFO] --- maven-resources-plugin:2.6:testResources (default-testResources) @ togglz-spring-boot-starter ---
[INFO] Using 'UTF-8' encoding to copy filtered resources.
[INFO] Copying 1 resource
[INFO] 
[INFO] --- maven-compiler-plugin:3.8.1:testCompile (default-testCompile) @ togglz-spring-boot-starter ---
[INFO] Changes detected - recompiling the module!
[INFO] Compiling 4 source files to /home/gabsko/breaking-updates/spring-boot/starter/target/test-classes
[INFO] 
[INFO] --- maven-surefire-plugin:2.22.2:test (default-test) @ togglz-spring-boot-starter ---
[INFO] 
[INFO] -------------------------------------------------------
[INFO]  T E S T S
[INFO] -------------------------------------------------------
[INFO] 
[INFO] Results:
[INFO] 
[INFO] Tests run: 0, Failures: 0, Errors: 0, Skipped: 0
[INFO] 
[INFO] 
[INFO] --------------------< org.togglz:togglz-deltaspike >--------------------
[INFO] Building Togglz - DeltaSpike integration 3.0.1-SNAPSHOT          [14/31]
[INFO] --------------------------------[ jar ]---------------------------------
[INFO] 
[INFO] --- maven-clean-plugin:2.5:clean (default-clean) @ togglz-deltaspike ---
[INFO] Deleting /home/gabsko/breaking-updates/deltaspike/target
[INFO] 
[INFO] --- maven-enforcer-plugin:1.0:enforce (enforce-maven) @ togglz-deltaspike ---
[INFO] 
[INFO] --- maven-resources-plugin:2.6:resources (default-resources) @ togglz-deltaspike ---
[INFO] Using 'UTF-8' encoding to copy filtered resources.
[INFO] Copying 1 resource
[INFO] 
[INFO] --- maven-compiler-plugin:3.8.1:compile (default-compile) @ togglz-deltaspike ---
[INFO] Changes detected - recompiling the module!
[INFO] Compiling 2 source files to /home/gabsko/breaking-updates/deltaspike/target/classes
[INFO] 
[INFO] --- maven-resources-plugin:2.6:testResources (default-testResources) @ togglz-deltaspike ---
[INFO] Using 'UTF-8' encoding to copy filtered resources.
[INFO] Copying 1 resource
[INFO] 
[INFO] --- maven-compiler-plugin:3.8.1:testCompile (default-testCompile) @ togglz-deltaspike ---
[INFO] Changes detected - recompiling the module!
[INFO] Compiling 3 source files to /home/gabsko/breaking-updates/deltaspike/target/test-classes
[INFO] 
[INFO] --- maven-surefire-plugin:2.22.2:test (default-test) @ togglz-deltaspike ---
[INFO] 
[INFO] -------------------------------------------------------
[INFO]  T E S T S
[INFO] -------------------------------------------------------
[INFO] Running org.togglz.deltaspike.activation.DeltaSpikeProjectStageActivationStrategyTest
[INFO] Tests run: 12, Failures: 0, Errors: 0, Skipped: 0, Time elapsed: 0.066 s - in org.togglz.deltaspike.activation.DeltaSpikeProjectStageActivationStrategyTest
[INFO] Running org.togglz.deltaspike.activation.DeltaSpikePropertyActivationStrategyTest
Feb 12, 2023 1:49:50 AM org.apache.deltaspike.core.util.ProjectStageProducer initProjectStage
INFO: Computed the following DeltaSpike ProjectStage: Production
[INFO] Tests run: 7, Failures: 0, Errors: 0, Skipped: 0, Time elapsed: 0.026 s - in org.togglz.deltaspike.activation.DeltaSpikePropertyActivationStrategyTest
[INFO] 
[INFO] Results:
[INFO] 
[INFO] Tests run: 19, Failures: 0, Errors: 0, Skipped: 0
[INFO] 
[INFO] 
[INFO] ----------------------< org.togglz:togglz-shiro >-----------------------
[INFO] Building Togglz - Apache Shiro integration 3.0.1-SNAPSHOT        [15/31]
[INFO] --------------------------------[ jar ]---------------------------------
[INFO] 
[INFO] --- maven-clean-plugin:2.5:clean (default-clean) @ togglz-shiro ---
[INFO] Deleting /home/gabsko/breaking-updates/shiro/target
[INFO] 
[INFO] --- maven-enforcer-plugin:1.0:enforce (enforce-maven) @ togglz-shiro ---
[INFO] 
[INFO] --- maven-resources-plugin:2.6:resources (default-resources) @ togglz-shiro ---
[INFO] Using 'UTF-8' encoding to copy filtered resources.
[INFO] skip non existing resourceDirectory /home/gabsko/breaking-updates/shiro/src/main/resources
[INFO] 
[INFO] --- maven-compiler-plugin:3.8.1:compile (default-compile) @ togglz-shiro ---
[INFO] Changes detected - recompiling the module!
[INFO] Compiling 1 source file to /home/gabsko/breaking-updates/shiro/target/classes
[INFO] 
[INFO] --- maven-resources-plugin:2.6:testResources (default-testResources) @ togglz-shiro ---
[INFO] Using 'UTF-8' encoding to copy filtered resources.
[INFO] Copying 1 resource
[INFO] 
[INFO] --- maven-compiler-plugin:3.8.1:testCompile (default-testCompile) @ togglz-shiro ---
[INFO] Changes detected - recompiling the module!
[INFO] Compiling 6 source files to /home/gabsko/breaking-updates/shiro/target/test-classes
[INFO] 
[INFO] --- maven-surefire-plugin:2.22.2:test (default-test) @ togglz-shiro ---
[INFO] 
[INFO] -------------------------------------------------------
[INFO]  T E S T S
[INFO] -------------------------------------------------------
[INFO] Running org.togglz.shiro.test.ShiroUsersTest
Feb 12, 2023 1:49:51 AM org.jboss.threads.Version <clinit>
INFO: JBoss Threads version 2.3.0.Beta2
Feb 12, 2023 1:49:51 AM org.jboss.logmanager.JBossLoggerFinder getLogger
ERROR: The LogManager accessed before the "java.util.logging.manager" system property was set to "org.jboss.logmanager.LogManager". Results may be unexpected.
Feb 12, 2023 1:49:51 AM org.jboss.as.arquillian.container.managed.ManagedDeployableContainer startInternal
INFO: Starting container with: [/usr/lib/jvm/java-11-openjdk-amd64/bin/java, -D[Standalone], -Xms64m, -Xmx512m, -Djava.net.preferIPv4Stack=true, -Djava.awt.headless=true, -Djboss.modules.system.pkgs=org.jboss.byteman, -ea, -Djboss.home.dir=/home/gabsko/breaking-updates/target/container/wildfly-22.0.1.Final, --add-exports=java.base/sun.nio.ch=ALL-UNNAMED, --add-exports=jdk.unsupported/sun.reflect=ALL-UNNAMED, --add-exports=jdk.unsupported/sun.misc=ALL-UNNAMED, --add-modules=java.se, -Dorg.jboss.boot.log.file=/home/gabsko/breaking-updates/target/container/wildfly-22.0.1.Final/standalone/log/server.log, -Dlogging.configuration=file:/home/gabsko/breaking-updates/target/container/wildfly-22.0.1.Final/standalone/configuration/logging.properties, -jar, /home/gabsko/breaking-updates/target/container/wildfly-22.0.1.Final/jboss-modules.jar, -mp, /home/gabsko/breaking-updates/target/container/wildfly-22.0.1.Final/modules, org.jboss.as.standalone, -Djboss.home.dir=/home/gabsko/breaking-updates/target/container/wildfly-22.0.1.Final, -Djboss.server.base.dir=/home/gabsko/breaking-updates/target/container/wildfly-22.0.1.Final/standalone, -Djboss.server.log.dir=/home/gabsko/breaking-updates/target/container/wildfly-22.0.1.Final/standalone/log, -Djboss.server.config.dir=/home/gabsko/breaking-updates/target/container/wildfly-22.0.1.Final/standalone/configuration]
Feb 12, 2023 1:49:51 AM org.jboss.remoting3.EndpointImpl <clinit>
INFO: JBoss Remoting version 5.0.8.Final
Feb 12, 2023 1:49:51 AM org.xnio.Xnio <clinit>
INFO: XNIO version 3.6.5.Final
Feb 12, 2023 1:49:51 AM org.xnio.nio.NioXnio <clinit>
INFO: XNIO NIO Implementation Version 3.6.5.Final
Feb 12, 2023 1:49:51 AM org.wildfly.security.Version <clinit>
INFO: ELY00001: WildFly Elytron version 1.8.0.Final
[0m01:49:51,967 INFO  [org.jboss.modules] (main) JBoss Modules version 1.11.0.Final
[0m[0m01:49:52,297 INFO  [org.jboss.msc] (main) JBoss MSC version 1.4.12.Final
[0m[0m01:49:52,302 INFO  [org.jboss.threads] (main) JBoss Threads version 2.4.0.Final
[0m[0m01:49:52,397 INFO  [org.jboss.as] (MSC service thread 1-2) WFLYSRV0049: WildFly Full 22.0.1.Final (WildFly Core 14.0.1.Final) starting
[0m[0m01:49:52,946 INFO  [org.wildfly.security] (ServerService Thread Pool -- 28) ELY00001: WildFly Elytron version 1.14.1.Final
[0m[0m01:49:53,296 INFO  [org.jboss.as.controller.management-deprecated] (Controller Boot Thread) WFLYCTL0028: Attribute 'security-realm' in the resource at address '/core-service=management/management-interface=http-interface' is deprecated, and may be removed in a future version. See the attribute description in the output of the read-resource-description operation to learn more about the deprecation.
[0m[0m01:49:53,320 INFO  [org.jboss.as.controller.management-deprecated] (ServerService Thread Pool -- 14) WFLYCTL0028: Attribute 'security-realm' in the resource at address '/subsystem=undertow/server=default-server/https-listener=https' is deprecated, and may be removed in a future version. See the attribute description in the output of the read-resource-description operation to learn more about the deprecation.
[0m[0m01:49:53,371 INFO  [org.jboss.as.server] (Controller Boot Thread) WFLYSRV0039: Creating http management service using socket-binding (management-http)
[0m[0m01:49:53,429 INFO  [org.xnio] (MSC service thread 1-6) XNIO version 3.8.4.Final
[0m[0m01:49:53,436 INFO  [org.xnio.nio] (MSC service thread 1-6) XNIO NIO Implementation Version 3.8.4.Final
[0m[0m01:49:53,445 INFO  [org.jboss.as.clustering.infinispan] (ServerService Thread Pool -- 53) WFLYCLINF0001: Activating Infinispan subsystem.
[0m[0m01:49:53,445 INFO  [org.wildfly.extension.health] (ServerService Thread Pool -- 52) WFLYHEALTH0001: Activating Base Health Subsystem
[0m[0m01:49:53,449 INFO  [org.wildfly.extension.microprofile.config.smallrye._private] (ServerService Thread Pool -- 63) WFLYCONF0001: Activating WildFly MicroProfile Config Subsystem
[0m[0m01:49:53,450 INFO  [org.wildfly.extension.microprofile.jwt.smallrye._private] (ServerService Thread Pool -- 64) WFLYJWT0001: Activating WildFly MicroProfile JWT Subsystem
[0m[0m01:49:53,448 INFO  [org.wildfly.extension.io] (ServerService Thread Pool -- 54) WFLYIO001: Worker 'default' has auto-configured to 72 IO threads with 576 max task threads based on your 36 available processors
[0m[33m01:49:53,454 WARN  [org.jboss.as.txn] (ServerService Thread Pool -- 74) WFLYTX0013: The node-identifier attribute on the /subsystem=transactions is set to the default value. This is a danger for environments running multiple servers. Please make sure the attribute value is unique.
[0m[0m01:49:53,456 INFO  [org.jboss.as.jaxrs] (ServerService Thread Pool -- 55) WFLYRS0016: RESTEasy version 3.14.0.Final
[0m[0m01:49:53,456 INFO  [org.jboss.as.jsf] (ServerService Thread Pool -- 60) WFLYJSF0007: Activated the following JSF Implementations: [main]
[0m[0m01:49:53,456 INFO  [org.wildfly.extension.microprofile.opentracing] (ServerService Thread Pool -- 65) WFLYTRACEXT0001: Activating MicroProfile OpenTracing Subsystem
[0m[0m01:49:53,458 INFO  [org.jboss.as.naming] (ServerService Thread Pool -- 66) WFLYNAM0001: Activating Naming Subsystem
[0m[0m01:49:53,459 INFO  [org.jboss.as.security] (ServerService Thread Pool -- 72) WFLYSEC0002: Activating Security Subsystem
[0m[0m01:49:53,460 INFO  [org.jboss.as.webservices] (ServerService Thread Pool -- 76) WFLYWS0002: Activating WebServices Extension
[0m[0m01:49:53,460 INFO  [org.wildfly.extension.metrics] (ServerService Thread Pool -- 62) WFLYMETRICS0001: Activating Base Metrics Subsystem
[0m[0m01:49:53,462 INFO  [org.jboss.as.connector] (MSC service thread 1-5) WFLYJCA0009: Starting JCA Subsystem (WildFly/IronJacamar @VERSION@)
[0m[0m01:49:53,466 INFO  [org.jboss.as.security] (MSC service thread 1-8) WFLYSEC0001: Current PicketBox version=5.0.3.Final-redhat-00007
[0m[0m01:49:53,481 INFO  [org.jboss.as.connector.subsystems.datasources] (ServerService Thread Pool -- 44) WFLYJCA0004: Deploying JDBC-compliant driver class org.h2.Driver (version 1.4)
[0m[0m01:49:53,489 INFO  [org.wildfly.extension.undertow] (MSC service thread 1-5) WFLYUT0003: Undertow 2.2.4.Final starting
[0m[0m01:49:53,493 INFO  [org.jboss.as.connector.deployers.jdbc] (MSC service thread 1-5) WFLYJCA0018: Started Driver service with driver-name = h2
[0m[0m01:49:53,506 INFO  [org.jboss.as.naming] (MSC service thread 1-7) WFLYNAM0003: Starting Naming Service
[0m[0m01:49:53,512 INFO  [org.jboss.as.mail.extension] (MSC service thread 1-7) WFLYMAIL0001: Bound mail session [java:jboss/mail/Default]
[0m[0m01:49:53,513 INFO  [org.jboss.remoting] (MSC service thread 1-3) JBoss Remoting version 5.0.20.Final
[0m[33m01:49:53,527 WARN  [org.wildfly.extension.elytron] (MSC service thread 1-7) WFLYELY00023: KeyStore file '/home/gabsko/breaking-updates/target/container/wildfly-22.0.1.Final/standalone/configuration/application.keystore' does not exist. Used blank.
[0m[33m01:49:53,547 WARN  [org.wildfly.extension.elytron] (MSC service thread 1-1) WFLYELY01084: KeyStore /home/gabsko/breaking-updates/target/container/wildfly-22.0.1.Final/standalone/configuration/application.keystore not found, it will be auto generated on first use with a self-signed certificate for host localhost
[0mWARNING: An illegal reflective access operation has occurred
WARNING: Illegal reflective access by org.wildfly.extension.elytron.SSLDefinitions (jar:file:/home/gabsko/breaking-updates/target/container/wildfly-22.0.1.Final/modules/system/layers/base/org/wildfly/extension/elytron/main/wildfly-elytron-integration-14.0.1.Final.jar!/) to method com.sun.net.ssl.internal.ssl.Provider.isFIPS()
WARNING: Please consider reporting this to the maintainers of org.wildfly.extension.elytron.SSLDefinitions
WARNING: Use --illegal-access=warn to enable warnings of further illegal reflective access operations
WARNING: All illegal access operations will be denied in a future release
[0m01:49:53,561 INFO  [org.wildfly.extension.undertow] (ServerService Thread Pool -- 75) WFLYUT0014: Creating file handler for path '/home/gabsko/breaking-updates/target/container/wildfly-22.0.1.Final/welcome-content' with options [directory-listing: 'false', follow-symlink: 'false', case-sensitive: 'true', safe-symlink-paths: '[]']
[0m[0m01:49:53,568 INFO  [org.wildfly.extension.undertow] (MSC service thread 1-1) WFLYUT0012: Started server default-server.
[0m[0m01:49:53,570 INFO  [org.wildfly.extension.undertow] (MSC service thread 1-2) WFLYUT0018: Host default-host starting
[0m[0m01:49:53,594 INFO  [org.jboss.as.ejb3] (MSC service thread 1-2) WFLYEJB0481: Strict pool slsb-strict-max-pool is using a max instance size of 576 (per class), which is derived from thread worker pool sizing.
[0m[0m01:49:53,594 INFO  [org.jboss.as.ejb3] (MSC service thread 1-3) WFLYEJB0482: Strict pool mdb-strict-max-pool is using a max instance size of 144 (per class), which is derived from the number of CPUs on this host.
[0m[0m01:49:53,616 INFO  [org.wildfly.extension.undertow] (MSC service thread 1-7) WFLYUT0006: Undertow HTTP listener default listening on 127.0.0.1:8080
[0m[0m01:49:53,673 INFO  [org.jboss.as.ejb3] (MSC service thread 1-8) WFLYEJB0493: EJB subsystem suspension complete
[0m[0m01:49:53,716 INFO  [org.jboss.as.connector.subsystems.datasources] (MSC service thread 1-6) WFLYJCA0001: Bound data source [java:jboss/datasources/ExampleDS]
[0m[0m01:49:53,754 INFO  [org.jboss.as.patching] (MSC service thread 1-6) WFLYPAT0050: WildFly Full cumulative patch ID is: base, one-off patches include: none
[0m[33m01:49:53,761 WARN  [org.jboss.as.domain.management.security] (MSC service thread 1-8) WFLYDM0111: Keystore /home/gabsko/breaking-updates/target/container/wildfly-22.0.1.Final/standalone/configuration/application.keystore not found, it will be auto generated on first use with a self signed certificate for host localhost
[0m[0m01:49:53,767 INFO  [org.jboss.as.server.deployment.scanner] (MSC service thread 1-5) WFLYDS0013: Started FileSystemDeploymentService for directory /home/gabsko/breaking-updates/target/container/wildfly-22.0.1.Final/standalone/deployments
[0m[0m01:49:53,780 INFO  [org.wildfly.extension.undertow] (MSC service thread 1-8) WFLYUT0006: Undertow HTTPS listener https listening on 127.0.0.1:8443
[0m[0m01:49:53,819 INFO  [org.jboss.ws.common.management] (MSC service thread 1-8) JBWS022052: Starting JBossWS 5.4.2.Final (Apache CXF 3.3.7) 
[0m[0m01:49:53,899 INFO  [org.jboss.as.server] (Controller Boot Thread) WFLYSRV0212: Resuming server
[0m[0m01:49:53,901 INFO  [org.jboss.as] (Controller Boot Thread) WFLYSRV0025: WildFly Full 22.0.1.Final (WildFly Core 14.0.1.Final) started in 2199ms - Started 318 of 557 services (345 services are lazy, passive or on-demand)
[0m[0m01:49:53,902 INFO  [org.jboss.as] (Controller Boot Thread) WFLYSRV0060: Http management interface listening on http://127.0.0.1:9990/management
[0m[0m01:49:53,902 INFO  [org.jboss.as] (Controller Boot Thread) WFLYSRV0051: Admin console listening on http://127.0.0.1:9990
[0mSLF4J: Failed to load class "org.slf4j.impl.StaticLoggerBinder".
SLF4J: Defaulting to no-operation (NOP) logger implementation
SLF4J: See http://www.slf4j.org/codes.html#StaticLoggerBinder for further details.
[0m01:49:54,690 INFO  [org.jboss.as.repository] (management-handler-thread - 1) WFLYDR0001: Content added at location /home/gabsko/breaking-updates/target/container/wildfly-22.0.1.Final/standalone/data/content/b3/4cbd7d28cd67e39b24f58d39ca9c5928207a3d/content
[0m[0m01:49:54,705 INFO  [org.jboss.as.server.deployment] (MSC service thread 1-2) WFLYSRV0027: Starting deployment of "test.war" (runtime-name: "test.war")
[0m[0m01:49:55,535 INFO  [org.infinispan.CONTAINER] (ServerService Thread Pool -- 78) ISPN000128: Infinispan version: Infinispan 'Corona Extra' 11.0.8.Final
[0m[0m01:49:55,576 INFO  [org.infinispan.CONFIG] (MSC service thread 1-1) ISPN000152: Passivation configured without an eviction policy being selected. Only manually evicted entities will be passivated.
[0m[0m01:49:55,578 INFO  [org.infinispan.CONFIG] (MSC service thread 1-1) ISPN000152: Passivation configured without an eviction policy being selected. Only manually evicted entities will be passivated.
[0m[0m01:49:55,637 INFO  [org.infinispan.PERSISTENCE] (ServerService Thread Pool -- 78) ISPN000556: Starting user marshaller 'org.wildfly.clustering.infinispan.spi.marshalling.InfinispanProtoStreamMarshaller'
[0m[0m01:49:55,764 INFO  [org.jboss.as.clustering.infinispan] (ServerService Thread Pool -- 78) WFLYCLINF0002: Started http-remoting-connector cache from ejb container
[0m[0m01:49:55,871 INFO  [io.undertow.servlet] (ServerService Thread Pool -- 33) Initializing Shiro environment
[0m[0m01:49:55,872 INFO  [org.apache.shiro.web.env.EnvironmentLoader] (ServerService Thread Pool -- 33) Starting Shiro environment initialization.
[0m[0m01:49:55,950 INFO  [org.apache.shiro.web.env.EnvironmentLoader] (ServerService Thread Pool -- 33) Shiro environment initialized in 77 ms.
[0m[0m01:49:55,961 INFO  [org.wildfly.extension.undertow] (ServerService Thread Pool -- 33) WFLYUT0021: Registered web context: '/test' for server 'default-server'
[0m[0m01:49:56,033 INFO  [org.jboss.as.server] (management-handler-thread - 1) WFLYSRV0010: Deployed "test.war" (runtime-name : "test.war")
[0m[0m01:49:56,738 INFO  [org.togglz.servlet.TogglzFilter] (default task-1) Togglz started
[0m[0m01:49:57,197 INFO  [org.wildfly.extension.undertow] (ServerService Thread Pool -- 33) WFLYUT0022: Unregistered web context: '/test' from server 'default-server'
[0m[0m01:49:57,199 INFO  [io.undertow.servlet] (ServerService Thread Pool -- 33) Cleaning up Shiro Environment
[0m[0m01:49:57,236 INFO  [org.jboss.as.server.deployment] (MSC service thread 1-4) WFLYSRV0028: Stopped deployment test.war (runtime-name: test.war) in 42ms
[0m[0m01:49:57,264 INFO  [org.jboss.as.repository] (management-handler-thread - 1) WFLYDR0002: Content removed from location /home/gabsko/breaking-updates/target/container/wildfly-22.0.1.Final/standalone/data/content/b3/4cbd7d28cd67e39b24f58d39ca9c5928207a3d/content
[0m[0m01:49:57,264 INFO  [org.jboss.as.server] (management-handler-thread - 1) WFLYSRV0009: Undeployed "test.war" (runtime-name: "test.war")
[0m[INFO] Tests run: 5, Failures: 0, Errors: 0, Skipped: 0, Time elapsed: 6.02 s - in org.togglz.shiro.test.ShiroUsersTest
[0m01:49:57,277 INFO  [org.jboss.as.server] (management-handler-thread - 1) WFLYSRV0272: Suspending server
[0m[0m01:49:57,280 INFO  [org.jboss.as.ejb3] (management-handler-thread - 1) WFLYEJB0493: EJB subsystem suspension complete
[0m[0m01:49:57,281 INFO  [org.jboss.as.server] (Management Triggered Shutdown) WFLYSRV0241: Shutting down in response to management operation 'shutdown'
[0m[0m01:49:57,295 INFO  [org.wildfly.extension.undertow] (MSC service thread 1-5) WFLYUT0019: Host default-host stopping
[0m[0m01:49:57,300 INFO  [org.wildfly.extension.undertow] (MSC service thread 1-2) WFLYUT0008: Undertow HTTPS listener https suspending
[0m[0m01:49:57,302 INFO  [org.wildfly.extension.undertow] (MSC service thread 1-2) WFLYUT0007: Undertow HTTPS listener https stopped, was bound to 127.0.0.1:8443
[0m[0m01:49:57,302 INFO  [org.jboss.as.connector.subsystems.datasources] (MSC service thread 1-5) WFLYJCA0010: Unbound data source [java:jboss/datasources/ExampleDS]
[0m[0m01:49:57,312 INFO  [org.jboss.as.mail.extension] (MSC service thread 1-1) WFLYMAIL0002: Unbound mail session [java:jboss/mail/Default]
[0m[0m01:49:57,319 INFO  [org.jboss.as.connector.deployers.jdbc] (MSC service thread 1-1) WFLYJCA0019: Stopped Driver service with driver-name = h2
[0m[0m01:49:57,324 INFO  [org.wildfly.extension.undertow] (MSC service thread 1-2) WFLYUT0008: Undertow HTTP listener default suspending
[0m[0m01:49:57,325 INFO  [org.wildfly.extension.undertow] (MSC service thread 1-2) WFLYUT0007: Undertow HTTP listener default stopped, was bound to 127.0.0.1:8080
[0m[0m01:49:57,328 INFO  [org.wildfly.extension.undertow] (MSC service thread 1-5) WFLYUT0004: Undertow 2.2.4.Final stopping
[0m[0m01:49:57,328 INFO  [org.jboss.as.clustering.infinispan] (ServerService Thread Pool -- 8) WFLYCLINF0003: Stopped http-remoting-connector cache from ejb container
[0m[0m01:49:57,337 INFO  [org.infinispan.manager.DefaultCacheManager] (ServerService Thread Pool -- 8) Stopping cache manager null on null
[0m[0m01:49:57,352 INFO  [org.jboss.as] (MSC service thread 1-5) WFLYSRV0050: WildFly Full 22.0.1.Final (WildFly Core 14.0.1.Final) stopped in 60ms
[0m[INFO] 
[INFO] Results:
[INFO] 
[INFO] Tests run: 5, Failures: 0, Errors: 0, Skipped: 0
[INFO] 
[INFO] 
[INFO] --------------------< org.togglz:togglz-appengine >---------------------
[INFO] Building Togglz - Google App Engine Integration 3.0.1-SNAPSHOT   [16/31]
[INFO] --------------------------------[ jar ]---------------------------------
[INFO] 
[INFO] --- maven-clean-plugin:2.5:clean (default-clean) @ togglz-appengine ---
[INFO] Deleting /home/gabsko/breaking-updates/appengine/target
[INFO] 
[INFO] --- maven-enforcer-plugin:1.0:enforce (enforce-maven) @ togglz-appengine ---
[INFO] 
[INFO] --- maven-resources-plugin:2.6:resources (default-resources) @ togglz-appengine ---
[INFO] Using 'UTF-8' encoding to copy filtered resources.
[INFO] skip non existing resourceDirectory /home/gabsko/breaking-updates/appengine/src/main/resources
[INFO] 
[INFO] --- maven-compiler-plugin:3.8.1:compile (default-compile) @ togglz-appengine ---
[INFO] Changes detected - recompiling the module!
[INFO] Compiling 5 source files to /home/gabsko/breaking-updates/appengine/target/classes
[INFO] 
[INFO] --- maven-resources-plugin:2.6:testResources (default-testResources) @ togglz-appengine ---
[INFO] Using 'UTF-8' encoding to copy filtered resources.
[INFO] skip non existing resourceDirectory /home/gabsko/breaking-updates/appengine/src/test/resources
[INFO] 
[INFO] --- maven-compiler-plugin:3.8.1:testCompile (default-testCompile) @ togglz-appengine ---
[INFO] Changes detected - recompiling the module!
[INFO] Compiling 6 source files to /home/gabsko/breaking-updates/appengine/target/test-classes
[INFO] /home/gabsko/breaking-updates/appengine/src/test/java/org/togglz/appengine/repository/FixedNamespaceStateRepositoryTest.java: /home/gabsko/breaking-updates/appengine/src/test/java/org/togglz/appengine/repository/FixedNamespaceStateRepositoryTest.java uses or overrides a deprecated API.
[INFO] /home/gabsko/breaking-updates/appengine/src/test/java/org/togglz/appengine/repository/FixedNamespaceStateRepositoryTest.java: Recompile with -Xlint:deprecation for details.
[INFO] 
[INFO] --- maven-surefire-plugin:2.22.2:test (default-test) @ togglz-appengine ---
[INFO] 
[INFO] -------------------------------------------------------
[INFO]  T E S T S
[INFO] -------------------------------------------------------
[INFO] Running org.togglz.appengine.user.UserServiceUserProviderTest
[INFO] Tests run: 3, Failures: 0, Errors: 0, Skipped: 0, Time elapsed: 0.116 s - in org.togglz.appengine.user.UserServiceUserProviderTest
[INFO] Running org.togglz.appengine.repository.DatastoreStateRepositoryTest
Feb 12, 2023 1:49:59 AM com.google.appengine.api.datastore.dev.LocalDatastoreService init
INFO: Local Datastore initialized: 
	Type: High Replication
	Storage: In-memory
Feb 12, 2023 1:49:59 AM com.google.appengine.api.datastore.dev.LocalDatastoreService init
INFO: Local Datastore initialized: 
	Type: High Replication
	Storage: In-memory
Feb 12, 2023 1:49:59 AM com.google.appengine.api.datastore.dev.LocalDatastoreService init
INFO: Local Datastore initialized: 
	Type: High Replication
	Storage: In-memory
Feb 12, 2023 1:49:59 AM com.google.appengine.api.datastore.dev.LocalDatastoreService init
INFO: Local Datastore initialized: 
	Type: High Replication
	Storage: In-memory
Feb 12, 2023 1:49:59 AM com.google.appengine.api.datastore.dev.LocalDatastoreService init
INFO: Local Datastore initialized: 
	Type: High Replication
	Storage: In-memory
Feb 12, 2023 1:49:59 AM com.google.appengine.api.datastore.dev.LocalDatastoreService init
INFO: Local Datastore initialized: 
	Type: High Replication
	Storage: In-memory
Feb 12, 2023 1:49:59 AM com.google.appengine.api.datastore.dev.LocalDatastoreService init
INFO: Local Datastore initialized: 
	Type: High Replication
	Storage: In-memory
Feb 12, 2023 1:49:59 AM com.google.appengine.api.datastore.dev.LocalDatastoreService init
INFO: Local Datastore initialized: 
	Type: High Replication
	Storage: In-memory
Feb 12, 2023 1:49:59 AM com.google.appengine.api.datastore.dev.LocalDatastoreService init
INFO: Local Datastore initialized: 
	Type: High Replication
	Storage: In-memory
Feb 12, 2023 1:49:59 AM com.google.appengine.api.datastore.dev.LocalDatastoreService init
INFO: Local Datastore initialized: 
	Type: High Replication
	Storage: In-memory
[INFO] Tests run: 10, Failures: 0, Errors: 0, Skipped: 0, Time elapsed: 0.704 s - in org.togglz.appengine.repository.DatastoreStateRepositoryTest
[INFO] Running org.togglz.appengine.repository.MemcacheStateRepositoryTest
[INFO] Tests run: 4, Failures: 0, Errors: 0, Skipped: 0, Time elapsed: 0.563 s - in org.togglz.appengine.repository.MemcacheStateRepositoryTest
[INFO] Running org.togglz.appengine.repository.FixedNamespaceStateRepositoryTest
Feb 12, 2023 1:50:00 AM com.google.appengine.api.datastore.dev.LocalDatastoreService init
INFO: Local Datastore initialized: 
	Type: Master/Slave
	Storage: In-memory
Feb 12, 2023 1:50:00 AM com.google.appengine.api.datastore.dev.LocalDatastoreService init
INFO: Local Datastore initialized: 
	Type: Master/Slave
	Storage: In-memory
Feb 12, 2023 1:50:00 AM com.google.appengine.api.datastore.dev.LocalDatastoreService init
INFO: Local Datastore initialized: 
	Type: Master/Slave
	Storage: In-memory
Feb 12, 2023 1:50:00 AM com.google.appengine.api.datastore.dev.LocalDatastoreService init
INFO: Local Datastore initialized: 
	Type: Master/Slave
	Storage: In-memory
Feb 12, 2023 1:50:00 AM com.google.appengine.api.datastore.dev.LocalDatastoreService init
INFO: Local Datastore initialized: 
	Type: Master/Slave
	Storage: In-memory
Feb 12, 2023 1:50:00 AM com.google.appengine.api.datastore.dev.LocalDatastoreService init
INFO: Local Datastore initialized: 
	Type: Master/Slave
	Storage: In-memory
Feb 12, 2023 1:50:00 AM com.google.appengine.api.datastore.dev.LocalDatastoreService init
INFO: Local Datastore initialized: 
	Type: Master/Slave
	Storage: In-memory
Feb 12, 2023 1:50:00 AM com.google.appengine.api.datastore.dev.LocalDatastoreService init
INFO: Local Datastore initialized: 
	Type: Master/Slave
	Storage: In-memory
[INFO] Tests run: 8, Failures: 0, Errors: 0, Skipped: 0, Time elapsed: 0.047 s - in org.togglz.appengine.repository.FixedNamespaceStateRepositoryTest
[INFO] Running org.togglz.appengine.activation.ApplicationVersionActivationStrategyTest
[INFO] Tests run: 6, Failures: 0, Errors: 0, Skipped: 0, Time elapsed: 0.003 s - in org.togglz.appengine.activation.ApplicationVersionActivationStrategyTest
Feb 12, 2023 1:50:00 AM com.google.appengine.api.datastore.dev.LocalDatastoreService cleanupActiveServices
INFO: scheduler shutting down.
[INFO] 
[INFO] Results:
[INFO] 
[INFO] Tests run: 31, Failures: 0, Errors: 0, Skipped: 0
[INFO] 
[INFO] 
[INFO] -----------------< org.togglz:togglz-cloud-datastore >------------------
[INFO] Building Togglz - Google Cloud Datastore Integration 3.0.1-SNAPSHOT [17/31]
[INFO] --------------------------------[ jar ]---------------------------------
[INFO] 
[INFO] --- maven-clean-plugin:2.5:clean (default-clean) @ togglz-cloud-datastore ---
[INFO] Deleting /home/gabsko/breaking-updates/cloud-datastore/target
[INFO] 
[INFO] --- maven-enforcer-plugin:1.0:enforce (enforce-maven) @ togglz-cloud-datastore ---
[INFO] 
[INFO] --- maven-resources-plugin:2.6:resources (default-resources) @ togglz-cloud-datastore ---
[INFO] Using 'UTF-8' encoding to copy filtered resources.
[INFO] skip non existing resourceDirectory /home/gabsko/breaking-updates/cloud-datastore/src/main/resources
[INFO] 
[INFO] --- maven-compiler-plugin:3.8.1:compile (default-compile) @ togglz-cloud-datastore ---
[INFO] Changes detected - recompiling the module!
[INFO] Compiling 2 source files to /home/gabsko/breaking-updates/cloud-datastore/target/classes
[INFO] 
[INFO] --- maven-resources-plugin:2.6:testResources (default-testResources) @ togglz-cloud-datastore ---
[INFO] Using 'UTF-8' encoding to copy filtered resources.
[INFO] skip non existing resourceDirectory /home/gabsko/breaking-updates/cloud-datastore/src/test/resources
[INFO] 
[INFO] --- maven-compiler-plugin:3.8.1:testCompile (default-testCompile) @ togglz-cloud-datastore ---
[INFO] Changes detected - recompiling the module!
[INFO] Compiling 1 source file to /home/gabsko/breaking-updates/cloud-datastore/target/test-classes
[INFO] 
[INFO] --- maven-surefire-plugin:2.22.2:test (default-test) @ togglz-cloud-datastore ---
[INFO] 
[INFO] ------------------< org.togglz:togglz-cloud-storage >-------------------
[INFO] Building Togglz - Google Cloud Storage Integration 3.0.1-SNAPSHOT [18/31]
[INFO] --------------------------------[ jar ]---------------------------------
[INFO] 
[INFO] --- maven-clean-plugin:2.5:clean (default-clean) @ togglz-cloud-storage ---
[INFO] Deleting /home/gabsko/breaking-updates/cloud-storage/target
[INFO] 
[INFO] --- maven-enforcer-plugin:1.0:enforce (enforce-maven) @ togglz-cloud-storage ---
[INFO] 
[INFO] --- maven-resources-plugin:2.6:resources (default-resources) @ togglz-cloud-storage ---
[INFO] Using 'UTF-8' encoding to copy filtered resources.
[INFO] skip non existing resourceDirectory /home/gabsko/breaking-updates/cloud-storage/src/main/resources
[INFO] 
[INFO] --- maven-compiler-plugin:3.8.1:compile (default-compile) @ togglz-cloud-storage ---
[INFO] Changes detected - recompiling the module!
[INFO] Compiling 2 source files to /home/gabsko/breaking-updates/cloud-storage/target/classes
[INFO] 
[INFO] --- maven-resources-plugin:2.6:testResources (default-testResources) @ togglz-cloud-storage ---
[INFO] Using 'UTF-8' encoding to copy filtered resources.
[INFO] skip non existing resourceDirectory /home/gabsko/breaking-updates/cloud-storage/src/test/resources
[INFO] 
[INFO] --- maven-compiler-plugin:3.8.1:testCompile (default-testCompile) @ togglz-cloud-storage ---
[INFO] Changes detected - recompiling the module!
[INFO] Compiling 1 source file to /home/gabsko/breaking-updates/cloud-storage/target/test-classes
[INFO] 
[INFO] --- maven-surefire-plugin:2.22.2:test (default-test) @ togglz-cloud-storage ---
[INFO] 
[INFO] -------------------------------------------------------
[INFO]  T E S T S
[INFO] -------------------------------------------------------
[INFO] Running org.togglz.googlecloudstorage.repository.GoogleCloudStorageStateRepositToryTest
Feb 12, 2023 1:50:01 AM org.jboss.logmanager.JBossLoggerFinder getLogger
ERROR: The LogManager accessed before the "java.util.logging.manager" system property was set to "org.jboss.logmanager.LogManager". Results may be unexpected.
[INFO] Tests run: 9, Failures: 0, Errors: 0, Skipped: 0, Time elapsed: 0.377 s - in org.togglz.googlecloudstorage.repository.GoogleCloudStorageStateRepositToryTest
[INFO] 
[INFO] Results:
[INFO] 
[INFO] Tests run: 9, Failures: 0, Errors: 0, Skipped: 0
[INFO] 
[INFO] 
[INFO] ---------------------< org.togglz:togglz-mongodb >----------------------
[INFO] Building Togglz - MongoDB integration 3.0.1-SNAPSHOT             [19/31]
[INFO] --------------------------------[ jar ]---------------------------------
[INFO] 
[INFO] --- maven-clean-plugin:2.5:clean (default-clean) @ togglz-mongodb ---
[INFO] Deleting /home/gabsko/breaking-updates/mongodb/target
[INFO] 
[INFO] --- maven-enforcer-plugin:1.0:enforce (enforce-maven) @ togglz-mongodb ---
[INFO] 
[INFO] --- maven-resources-plugin:2.6:resources (default-resources) @ togglz-mongodb ---
[INFO] Using 'UTF-8' encoding to copy filtered resources.
[INFO] skip non existing resourceDirectory /home/gabsko/breaking-updates/mongodb/src/main/resources
[INFO] 
[INFO] --- maven-compiler-plugin:3.8.1:compile (default-compile) @ togglz-mongodb ---
[INFO] Changes detected - recompiling the module!
[INFO] Compiling 1 source file to /home/gabsko/breaking-updates/mongodb/target/classes
[INFO] /home/gabsko/breaking-updates/mongodb/src/main/java/org/togglz/mongodb/MongoStateRepository.java: /home/gabsko/breaking-updates/mongodb/src/main/java/org/togglz/mongodb/MongoStateRepository.java uses unchecked or unsafe operations.
[INFO] /home/gabsko/breaking-updates/mongodb/src/main/java/org/togglz/mongodb/MongoStateRepository.java: Recompile with -Xlint:unchecked for details.
[INFO] 
[INFO] --- maven-resources-plugin:2.6:testResources (default-testResources) @ togglz-mongodb ---
[INFO] Using 'UTF-8' encoding to copy filtered resources.
[INFO] skip non existing resourceDirectory /home/gabsko/breaking-updates/mongodb/src/test/resources
[INFO] 
[INFO] --- maven-compiler-plugin:3.8.1:testCompile (default-testCompile) @ togglz-mongodb ---
[INFO] Changes detected - recompiling the module!
[INFO] Compiling 1 source file to /home/gabsko/breaking-updates/mongodb/target/test-classes
[INFO] 
[INFO] --- maven-surefire-plugin:2.22.2:test (default-test) @ togglz-mongodb ---
[INFO] 
[INFO] -------------------------------------------------------
[INFO]  T E S T S
[INFO] -------------------------------------------------------
[INFO] Running org.togglz.mongodb.MongoStateRepositoryTest
01:50:02.862 [main] DEBUG org.testcontainers.utility.TestcontainersConfiguration - Testcontainers configuration overrides will be loaded from file:/home/gabsko/.testcontainers.properties
01:50:02.873 [main] WARN org.testcontainers.utility.TestcontainersConfiguration - Attempted to read Testcontainers configuration file at file:/home/gabsko/.testcontainers.properties but the file was not found. Exception message: FileNotFoundException: /home/gabsko/.testcontainers.properties (No such file or directory)
01:50:02.883 [main] INFO org.testcontainers.dockerclient.DockerMachineClientProviderStrategy - docker-machine executable was not found on PATH ([/home/gabsko/apache-maven-3.8.6/bin, /usr/local/sbin, /usr/local/bin, /usr/sbin, /usr/bin, /sbin, /bin, /usr/games, /usr/local/games, /snap/bin])
01:50:02.884 [main] DEBUG org.testcontainers.dockerclient.RootlessDockerClientProviderStrategy - $XDG_RUNTIME_DIR is set but '/run/user/1021/docker.sock' does not exist.
01:50:02.884 [main] DEBUG org.testcontainers.dockerclient.RootlessDockerClientProviderStrategy - '/home/gabsko/.docker/run' does not exist.
01:50:02.930 [main] DEBUG org.testcontainers.dockerclient.RootlessDockerClientProviderStrategy - '/run/user/1021/docker.sock' does not exist.
Feb 12, 2023 1:50:02 AM org.jboss.logmanager.JBossLoggerFinder getLogger
ERROR: The LogManager accessed before the "java.util.logging.manager" system property was set to "org.jboss.logmanager.LogManager". Results may be unexpected.
01:50:03.226 [ducttape-0] DEBUG org.testcontainers.dockerclient.DockerClientProviderStrategy - Pinging docker daemon...
01:50:03.255 [ducttape-0] DEBUG org.testcontainers.shaded.com.github.dockerjava.core.command.AbstrDockerCmd - Cmd: 
01:50:03.385 [ducttape-0] DEBUG org.testcontainers.dockerclient.DockerClientProviderStrategy - Pinging docker daemon...
01:50:03.385 [ducttape-0] DEBUG org.testcontainers.shaded.com.github.dockerjava.core.command.AbstrDockerCmd - Cmd: 
01:50:03.487 [ducttape-0] DEBUG org.testcontainers.dockerclient.DockerClientProviderStrategy - Pinging docker daemon...
01:50:03.487 [ducttape-0] DEBUG org.testcontainers.shaded.com.github.dockerjava.core.command.AbstrDockerCmd - Cmd: 
01:50:03.589 [ducttape-0] DEBUG org.testcontainers.dockerclient.DockerClientProviderStrategy - Pinging docker daemon...
01:50:03.590 [ducttape-0] DEBUG org.testcontainers.shaded.com.github.dockerjava.core.command.AbstrDockerCmd - Cmd: 
01:50:03.691 [ducttape-0] DEBUG org.testcontainers.dockerclient.DockerClientProviderStrategy - Pinging docker daemon...
01:50:03.692 [ducttape-0] DEBUG org.testcontainers.shaded.com.github.dockerjava.core.command.AbstrDockerCmd - Cmd: 
01:50:03.793 [ducttape-0] DEBUG org.testcontainers.dockerclient.DockerClientProviderStrategy - Pinging docker daemon...
01:50:03.794 [ducttape-0] DEBUG org.testcontainers.shaded.com.github.dockerjava.core.command.AbstrDockerCmd - Cmd: 
01:50:03.895 [ducttape-0] DEBUG org.testcontainers.dockerclient.DockerClientProviderStrategy - Pinging docker daemon...
01:50:03.895 [ducttape-0] DEBUG org.testcontainers.shaded.com.github.dockerjava.core.command.AbstrDockerCmd - Cmd: 
01:50:03.997 [ducttape-0] DEBUG org.testcontainers.dockerclient.DockerClientProviderStrategy - Pinging docker daemon...
01:50:03.997 [ducttape-0] DEBUG org.testcontainers.shaded.com.github.dockerjava.core.command.AbstrDockerCmd - Cmd: 
01:50:04.099 [ducttape-0] DEBUG org.testcontainers.dockerclient.DockerClientProviderStrategy - Pinging docker daemon...
01:50:04.099 [ducttape-0] DEBUG org.testcontainers.shaded.com.github.dockerjava.core.command.AbstrDockerCmd - Cmd: 
01:50:04.201 [ducttape-0] DEBUG org.testcontainers.dockerclient.DockerClientProviderStrategy - Pinging docker daemon...
01:50:04.201 [ducttape-0] DEBUG org.testcontainers.shaded.com.github.dockerjava.core.command.AbstrDockerCmd - Cmd: 
01:50:04.302 [ducttape-0] DEBUG org.testcontainers.dockerclient.DockerClientProviderStrategy - Pinging docker daemon...
01:50:04.302 [ducttape-0] DEBUG org.testcontainers.shaded.com.github.dockerjava.core.command.AbstrDockerCmd - Cmd: 
01:50:04.404 [ducttape-0] DEBUG org.testcontainers.dockerclient.DockerClientProviderStrategy - Pinging docker daemon...
01:50:04.404 [ducttape-0] DEBUG org.testcontainers.shaded.com.github.dockerjava.core.command.AbstrDockerCmd - Cmd: 
01:50:04.506 [ducttape-0] DEBUG org.testcontainers.dockerclient.DockerClientProviderStrategy - Pinging docker daemon...
01:50:04.506 [ducttape-0] DEBUG org.testcontainers.shaded.com.github.dockerjava.core.command.AbstrDockerCmd - Cmd: 
01:50:04.608 [ducttape-0] DEBUG org.testcontainers.dockerclient.DockerClientProviderStrategy - Pinging docker daemon...
01:50:04.608 [ducttape-0] DEBUG org.testcontainers.shaded.com.github.dockerjava.core.command.AbstrDockerCmd - Cmd: 
01:50:04.710 [ducttape-0] DEBUG org.testcontainers.dockerclient.DockerClientProviderStrategy - Pinging docker daemon...
01:50:04.710 [ducttape-0] DEBUG org.testcontainers.shaded.com.github.dockerjava.core.command.AbstrDockerCmd - Cmd: 
01:50:04.812 [ducttape-0] DEBUG org.testcontainers.dockerclient.DockerClientProviderStrategy - Pinging docker daemon...
01:50:04.812 [ducttape-0] DEBUG org.testcontainers.shaded.com.github.dockerjava.core.command.AbstrDockerCmd - Cmd: 
01:50:04.914 [ducttape-0] DEBUG org.testcontainers.dockerclient.DockerClientProviderStrategy - Pinging docker daemon...
01:50:04.914 [ducttape-0] DEBUG org.testcontainers.shaded.com.github.dockerjava.core.command.AbstrDockerCmd - Cmd: 
01:50:05.016 [ducttape-0] DEBUG org.testcontainers.dockerclient.DockerClientProviderStrategy - Pinging docker daemon...
01:50:05.016 [ducttape-0] DEBUG org.testcontainers.shaded.com.github.dockerjava.core.command.AbstrDockerCmd - Cmd: 
01:50:05.118 [ducttape-0] DEBUG org.testcontainers.dockerclient.DockerClientProviderStrategy - Pinging docker daemon...
01:50:05.118 [ducttape-0] DEBUG org.testcontainers.shaded.com.github.dockerjava.core.command.AbstrDockerCmd - Cmd: 
01:50:05.220 [ducttape-0] DEBUG org.testcontainers.dockerclient.DockerClientProviderStrategy - Pinging docker daemon...
01:50:05.220 [ducttape-0] DEBUG org.testcontainers.shaded.com.github.dockerjava.core.command.AbstrDockerCmd - Cmd: 
01:50:05.322 [ducttape-0] DEBUG org.testcontainers.dockerclient.DockerClientProviderStrategy - Pinging docker daemon...
01:50:05.322 [ducttape-0] DEBUG org.testcontainers.shaded.com.github.dockerjava.core.command.AbstrDockerCmd - Cmd: 
01:50:05.424 [ducttape-0] DEBUG org.testcontainers.dockerclient.DockerClientProviderStrategy - Pinging docker daemon...
01:50:05.424 [ducttape-0] DEBUG org.testcontainers.shaded.com.github.dockerjava.core.command.AbstrDockerCmd - Cmd: 
01:50:05.526 [ducttape-0] DEBUG org.testcontainers.dockerclient.DockerClientProviderStrategy - Pinging docker daemon...
01:50:05.526 [ducttape-0] DEBUG org.testcontainers.shaded.com.github.dockerjava.core.command.AbstrDockerCmd - Cmd: 
01:50:05.628 [ducttape-0] DEBUG org.testcontainers.dockerclient.DockerClientProviderStrategy - Pinging docker daemon...
01:50:05.628 [ducttape-0] DEBUG org.testcontainers.shaded.com.github.dockerjava.core.command.AbstrDockerCmd - Cmd: 
01:50:05.730 [ducttape-0] DEBUG org.testcontainers.dockerclient.DockerClientProviderStrategy - Pinging docker daemon...
01:50:05.730 [ducttape-0] DEBUG org.testcontainers.shaded.com.github.dockerjava.core.command.AbstrDockerCmd - Cmd: 
01:50:05.832 [ducttape-0] DEBUG org.testcontainers.dockerclient.DockerClientProviderStrategy - Pinging docker daemon...
01:50:05.832 [ducttape-0] DEBUG org.testcontainers.shaded.com.github.dockerjava.core.command.AbstrDockerCmd - Cmd: 
01:50:05.934 [ducttape-0] DEBUG org.testcontainers.dockerclient.DockerClientProviderStrategy - Pinging docker daemon...
01:50:05.934 [ducttape-0] DEBUG org.testcontainers.shaded.com.github.dockerjava.core.command.AbstrDockerCmd - Cmd: 
01:50:06.036 [ducttape-0] DEBUG org.testcontainers.dockerclient.DockerClientProviderStrategy - Pinging docker daemon...
01:50:06.036 [ducttape-0] DEBUG org.testcontainers.shaded.com.github.dockerjava.core.command.AbstrDockerCmd - Cmd: 
01:50:06.138 [ducttape-0] DEBUG org.testcontainers.dockerclient.DockerClientProviderStrategy - Pinging docker daemon...
01:50:06.138 [ducttape-0] DEBUG org.testcontainers.shaded.com.github.dockerjava.core.command.AbstrDockerCmd - Cmd: 
01:50:06.240 [ducttape-0] DEBUG org.testcontainers.dockerclient.DockerClientProviderStrategy - Pinging docker daemon...
01:50:06.240 [ducttape-0] DEBUG org.testcontainers.shaded.com.github.dockerjava.core.command.AbstrDockerCmd - Cmd: 
01:50:06.342 [ducttape-0] DEBUG org.testcontainers.dockerclient.DockerClientProviderStrategy - Pinging docker daemon...
01:50:06.342 [ducttape-0] DEBUG org.testcontainers.shaded.com.github.dockerjava.core.command.AbstrDockerCmd - Cmd: 
01:50:06.444 [ducttape-0] DEBUG org.testcontainers.dockerclient.DockerClientProviderStrategy - Pinging docker daemon...
01:50:06.444 [ducttape-0] DEBUG org.testcontainers.shaded.com.github.dockerjava.core.command.AbstrDockerCmd - Cmd: 
01:50:06.545 [ducttape-0] DEBUG org.testcontainers.dockerclient.DockerClientProviderStrategy - Pinging docker daemon...
01:50:06.546 [ducttape-0] DEBUG org.testcontainers.shaded.com.github.dockerjava.core.command.AbstrDockerCmd - Cmd: 
01:50:06.648 [ducttape-0] DEBUG org.testcontainers.dockerclient.DockerClientProviderStrategy - Pinging docker daemon...
01:50:06.648 [ducttape-0] DEBUG org.testcontainers.shaded.com.github.dockerjava.core.command.AbstrDockerCmd - Cmd: 
01:50:06.749 [ducttape-0] DEBUG org.testcontainers.dockerclient.DockerClientProviderStrategy - Pinging docker daemon...
01:50:06.750 [ducttape-0] DEBUG org.testcontainers.shaded.com.github.dockerjava.core.command.AbstrDockerCmd - Cmd: 
01:50:06.851 [ducttape-0] DEBUG org.testcontainers.dockerclient.DockerClientProviderStrategy - Pinging docker daemon...
01:50:06.852 [ducttape-0] DEBUG org.testcontainers.shaded.com.github.dockerjava.core.command.AbstrDockerCmd - Cmd: 
01:50:06.953 [ducttape-0] DEBUG org.testcontainers.dockerclient.DockerClientProviderStrategy - Pinging docker daemon...
01:50:06.954 [ducttape-0] DEBUG org.testcontainers.shaded.com.github.dockerjava.core.command.AbstrDockerCmd - Cmd: 
01:50:07.056 [ducttape-0] DEBUG org.testcontainers.dockerclient.DockerClientProviderStrategy - Pinging docker daemon...
01:50:07.056 [ducttape-0] DEBUG org.testcontainers.shaded.com.github.dockerjava.core.command.AbstrDockerCmd - Cmd: 
01:50:07.157 [ducttape-0] DEBUG org.testcontainers.dockerclient.DockerClientProviderStrategy - Pinging docker daemon...
01:50:07.158 [ducttape-0] DEBUG org.testcontainers.shaded.com.github.dockerjava.core.command.AbstrDockerCmd - Cmd: 
01:50:07.260 [ducttape-0] DEBUG org.testcontainers.dockerclient.DockerClientProviderStrategy - Pinging docker daemon...
01:50:07.260 [ducttape-0] DEBUG org.testcontainers.shaded.com.github.dockerjava.core.command.AbstrDockerCmd - Cmd: 
01:50:07.361 [ducttape-0] DEBUG org.testcontainers.dockerclient.DockerClientProviderStrategy - Pinging docker daemon...
01:50:07.362 [ducttape-0] DEBUG org.testcontainers.shaded.com.github.dockerjava.core.command.AbstrDockerCmd - Cmd: 
01:50:07.463 [ducttape-0] DEBUG org.testcontainers.dockerclient.DockerClientProviderStrategy - Pinging docker daemon...
01:50:07.464 [ducttape-0] DEBUG org.testcontainers.shaded.com.github.dockerjava.core.command.AbstrDockerCmd - Cmd: 
01:50:07.567 [ducttape-0] DEBUG org.testcontainers.dockerclient.DockerClientProviderStrategy - Pinging docker daemon...
01:50:07.568 [ducttape-0] DEBUG org.testcontainers.shaded.com.github.dockerjava.core.command.AbstrDockerCmd - Cmd: 
01:50:07.670 [ducttape-0] DEBUG org.testcontainers.dockerclient.DockerClientProviderStrategy - Pinging docker daemon...
01:50:07.670 [ducttape-0] DEBUG org.testcontainers.shaded.com.github.dockerjava.core.command.AbstrDockerCmd - Cmd: 
01:50:07.772 [ducttape-0] DEBUG org.testcontainers.dockerclient.DockerClientProviderStrategy - Pinging docker daemon...
01:50:07.772 [ducttape-0] DEBUG org.testcontainers.shaded.com.github.dockerjava.core.command.AbstrDockerCmd - Cmd: 
01:50:07.874 [ducttape-0] DEBUG org.testcontainers.dockerclient.DockerClientProviderStrategy - Pinging docker daemon...
01:50:07.874 [ducttape-0] DEBUG org.testcontainers.shaded.com.github.dockerjava.core.command.AbstrDockerCmd - Cmd: 
01:50:07.976 [ducttape-0] DEBUG org.testcontainers.dockerclient.DockerClientProviderStrategy - Pinging docker daemon...
01:50:07.976 [ducttape-0] DEBUG org.testcontainers.shaded.com.github.dockerjava.core.command.AbstrDockerCmd - Cmd: 
01:50:08.077 [ducttape-0] DEBUG org.testcontainers.dockerclient.DockerClientProviderStrategy - Pinging docker daemon...
01:50:08.078 [ducttape-0] DEBUG org.testcontainers.shaded.com.github.dockerjava.core.command.AbstrDockerCmd - Cmd: 
01:50:08.179 [ducttape-0] DEBUG org.testcontainers.dockerclient.DockerClientProviderStrategy - Pinging docker daemon...
01:50:08.180 [ducttape-0] DEBUG org.testcontainers.shaded.com.github.dockerjava.core.command.AbstrDockerCmd - Cmd: 
01:50:08.281 [ducttape-0] DEBUG org.testcontainers.dockerclient.DockerClientProviderStrategy - Pinging docker daemon...
01:50:08.281 [ducttape-0] DEBUG org.testcontainers.shaded.com.github.dockerjava.core.command.AbstrDockerCmd - Cmd: 
01:50:08.383 [ducttape-0] DEBUG org.testcontainers.dockerclient.DockerClientProviderStrategy - Pinging docker daemon...
01:50:08.383 [ducttape-0] DEBUG org.testcontainers.shaded.com.github.dockerjava.core.command.AbstrDockerCmd - Cmd: 
01:50:08.485 [ducttape-0] DEBUG org.testcontainers.dockerclient.DockerClientProviderStrategy - Pinging docker daemon...
01:50:08.485 [ducttape-0] DEBUG org.testcontainers.shaded.com.github.dockerjava.core.command.AbstrDockerCmd - Cmd: 
01:50:08.586 [ducttape-0] DEBUG org.testcontainers.dockerclient.DockerClientProviderStrategy - Pinging docker daemon...
01:50:08.587 [ducttape-0] DEBUG org.testcontainers.shaded.com.github.dockerjava.core.command.AbstrDockerCmd - Cmd: 
01:50:08.688 [ducttape-0] DEBUG org.testcontainers.dockerclient.DockerClientProviderStrategy - Pinging docker daemon...
01:50:08.688 [ducttape-0] DEBUG org.testcontainers.shaded.com.github.dockerjava.core.command.AbstrDockerCmd - Cmd: 
01:50:08.790 [ducttape-0] DEBUG org.testcontainers.dockerclient.DockerClientProviderStrategy - Pinging docker daemon...
01:50:08.790 [ducttape-0] DEBUG org.testcontainers.shaded.com.github.dockerjava.core.command.AbstrDockerCmd - Cmd: 
01:50:08.892 [ducttape-0] DEBUG org.testcontainers.dockerclient.DockerClientProviderStrategy - Pinging docker daemon...
01:50:08.892 [ducttape-0] DEBUG org.testcontainers.shaded.com.github.dockerjava.core.command.AbstrDockerCmd - Cmd: 
01:50:08.993 [ducttape-0] DEBUG org.testcontainers.dockerclient.DockerClientProviderStrategy - Pinging docker daemon...
01:50:08.994 [ducttape-0] DEBUG org.testcontainers.shaded.com.github.dockerjava.core.command.AbstrDockerCmd - Cmd: 
01:50:09.095 [ducttape-0] DEBUG org.testcontainers.dockerclient.DockerClientProviderStrategy - Pinging docker daemon...
01:50:09.095 [ducttape-0] DEBUG org.testcontainers.shaded.com.github.dockerjava.core.command.AbstrDockerCmd - Cmd: 
01:50:09.197 [ducttape-0] DEBUG org.testcontainers.dockerclient.DockerClientProviderStrategy - Pinging docker daemon...
01:50:09.197 [ducttape-0] DEBUG org.testcontainers.shaded.com.github.dockerjava.core.command.AbstrDockerCmd - Cmd: 
01:50:09.298 [ducttape-0] DEBUG org.testcontainers.dockerclient.DockerClientProviderStrategy - Pinging docker daemon...
01:50:09.299 [ducttape-0] DEBUG org.testcontainers.shaded.com.github.dockerjava.core.command.AbstrDockerCmd - Cmd: 
01:50:09.400 [ducttape-0] DEBUG org.testcontainers.dockerclient.DockerClientProviderStrategy - Pinging docker daemon...
01:50:09.400 [ducttape-0] DEBUG org.testcontainers.shaded.com.github.dockerjava.core.command.AbstrDockerCmd - Cmd: 
01:50:09.501 [ducttape-0] DEBUG org.testcontainers.dockerclient.DockerClientProviderStrategy - Pinging docker daemon...
01:50:09.502 [ducttape-0] DEBUG org.testcontainers.shaded.com.github.dockerjava.core.command.AbstrDockerCmd - Cmd: 
01:50:09.603 [ducttape-0] DEBUG org.testcontainers.dockerclient.DockerClientProviderStrategy - Pinging docker daemon...
01:50:09.603 [ducttape-0] DEBUG org.testcontainers.shaded.com.github.dockerjava.core.command.AbstrDockerCmd - Cmd: 
01:50:09.705 [ducttape-0] DEBUG org.testcontainers.dockerclient.DockerClientProviderStrategy - Pinging docker daemon...
01:50:09.705 [ducttape-0] DEBUG org.testcontainers.shaded.com.github.dockerjava.core.command.AbstrDockerCmd - Cmd: 
01:50:09.807 [ducttape-0] DEBUG org.testcontainers.dockerclient.DockerClientProviderStrategy - Pinging docker daemon...
01:50:09.807 [ducttape-0] DEBUG org.testcontainers.shaded.com.github.dockerjava.core.command.AbstrDockerCmd - Cmd: 
01:50:09.909 [ducttape-0] DEBUG org.testcontainers.dockerclient.DockerClientProviderStrategy - Pinging docker daemon...
01:50:09.909 [ducttape-0] DEBUG org.testcontainers.shaded.com.github.dockerjava.core.command.AbstrDockerCmd - Cmd: 
01:50:10.010 [ducttape-0] DEBUG org.testcontainers.dockerclient.DockerClientProviderStrategy - Pinging docker daemon...
01:50:10.011 [ducttape-0] DEBUG org.testcontainers.shaded.com.github.dockerjava.core.command.AbstrDockerCmd - Cmd: 
01:50:10.112 [ducttape-0] DEBUG org.testcontainers.dockerclient.DockerClientProviderStrategy - Pinging docker daemon...
01:50:10.112 [ducttape-0] DEBUG org.testcontainers.shaded.com.github.dockerjava.core.command.AbstrDockerCmd - Cmd: 
01:50:10.214 [ducttape-0] DEBUG org.testcontainers.dockerclient.DockerClientProviderStrategy - Pinging docker daemon...
01:50:10.214 [ducttape-0] DEBUG org.testcontainers.shaded.com.github.dockerjava.core.command.AbstrDockerCmd - Cmd: 
01:50:10.315 [ducttape-0] DEBUG org.testcontainers.dockerclient.DockerClientProviderStrategy - Pinging docker daemon...
01:50:10.316 [ducttape-0] DEBUG org.testcontainers.shaded.com.github.dockerjava.core.command.AbstrDockerCmd - Cmd: 
01:50:10.417 [ducttape-0] DEBUG org.testcontainers.dockerclient.DockerClientProviderStrategy - Pinging docker daemon...
01:50:10.417 [ducttape-0] DEBUG org.testcontainers.shaded.com.github.dockerjava.core.command.AbstrDockerCmd - Cmd: 
01:50:10.519 [ducttape-0] DEBUG org.testcontainers.dockerclient.DockerClientProviderStrategy - Pinging docker daemon...
01:50:10.519 [ducttape-0] DEBUG org.testcontainers.shaded.com.github.dockerjava.core.command.AbstrDockerCmd - Cmd: 
01:50:10.621 [ducttape-0] DEBUG org.testcontainers.dockerclient.DockerClientProviderStrategy - Pinging docker daemon...
01:50:10.621 [ducttape-0] DEBUG org.testcontainers.shaded.com.github.dockerjava.core.command.AbstrDockerCmd - Cmd: 
01:50:10.722 [ducttape-0] DEBUG org.testcontainers.dockerclient.DockerClientProviderStrategy - Pinging docker daemon...
01:50:10.722 [ducttape-0] DEBUG org.testcontainers.shaded.com.github.dockerjava.core.command.AbstrDockerCmd - Cmd: 
01:50:10.824 [ducttape-0] DEBUG org.testcontainers.dockerclient.DockerClientProviderStrategy - Pinging docker daemon...
01:50:10.824 [ducttape-0] DEBUG org.testcontainers.shaded.com.github.dockerjava.core.command.AbstrDockerCmd - Cmd: 
01:50:10.926 [ducttape-0] DEBUG org.testcontainers.dockerclient.DockerClientProviderStrategy - Pinging docker daemon...
01:50:10.926 [ducttape-0] DEBUG org.testcontainers.shaded.com.github.dockerjava.core.command.AbstrDockerCmd - Cmd: 
01:50:11.027 [ducttape-0] DEBUG org.testcontainers.dockerclient.DockerClientProviderStrategy - Pinging docker daemon...
01:50:11.027 [ducttape-0] DEBUG org.testcontainers.shaded.com.github.dockerjava.core.command.AbstrDockerCmd - Cmd: 
01:50:11.129 [ducttape-0] DEBUG org.testcontainers.dockerclient.DockerClientProviderStrategy - Pinging docker daemon...
01:50:11.129 [ducttape-0] DEBUG org.testcontainers.shaded.com.github.dockerjava.core.command.AbstrDockerCmd - Cmd: 
01:50:11.230 [ducttape-0] DEBUG org.testcontainers.dockerclient.DockerClientProviderStrategy - Pinging docker daemon...
01:50:11.230 [ducttape-0] DEBUG org.testcontainers.shaded.com.github.dockerjava.core.command.AbstrDockerCmd - Cmd: 
01:50:11.332 [ducttape-0] DEBUG org.testcontainers.dockerclient.DockerClientProviderStrategy - Pinging docker daemon...
01:50:11.332 [ducttape-0] DEBUG org.testcontainers.shaded.com.github.dockerjava.core.command.AbstrDockerCmd - Cmd: 
01:50:11.433 [ducttape-0] DEBUG org.testcontainers.dockerclient.DockerClientProviderStrategy - Pinging docker daemon...
01:50:11.434 [ducttape-0] DEBUG org.testcontainers.shaded.com.github.dockerjava.core.command.AbstrDockerCmd - Cmd: 
01:50:11.535 [ducttape-0] DEBUG org.testcontainers.dockerclient.DockerClientProviderStrategy - Pinging docker daemon...
01:50:11.535 [ducttape-0] DEBUG org.testcontainers.shaded.com.github.dockerjava.core.command.AbstrDockerCmd - Cmd: 
01:50:11.637 [ducttape-0] DEBUG org.testcontainers.dockerclient.DockerClientProviderStrategy - Pinging docker daemon...
01:50:11.637 [ducttape-0] DEBUG org.testcontainers.shaded.com.github.dockerjava.core.command.AbstrDockerCmd - Cmd: 
01:50:11.738 [ducttape-0] DEBUG org.testcontainers.dockerclient.DockerClientProviderStrategy - Pinging docker daemon...
01:50:11.739 [ducttape-0] DEBUG org.testcontainers.shaded.com.github.dockerjava.core.command.AbstrDockerCmd - Cmd: 
01:50:11.840 [ducttape-0] DEBUG org.testcontainers.dockerclient.DockerClientProviderStrategy - Pinging docker daemon...
01:50:11.840 [ducttape-0] DEBUG org.testcontainers.shaded.com.github.dockerjava.core.command.AbstrDockerCmd - Cmd: 
01:50:11.942 [ducttape-0] DEBUG org.testcontainers.dockerclient.DockerClientProviderStrategy - Pinging docker daemon...
01:50:11.942 [ducttape-0] DEBUG org.testcontainers.shaded.com.github.dockerjava.core.command.AbstrDockerCmd - Cmd: 
01:50:12.044 [ducttape-0] DEBUG org.testcontainers.dockerclient.DockerClientProviderStrategy - Pinging docker daemon...
01:50:12.044 [ducttape-0] DEBUG org.testcontainers.shaded.com.github.dockerjava.core.command.AbstrDockerCmd - Cmd: 
01:50:12.146 [ducttape-0] DEBUG org.testcontainers.dockerclient.DockerClientProviderStrategy - Pinging docker daemon...
01:50:12.146 [ducttape-0] DEBUG org.testcontainers.shaded.com.github.dockerjava.core.command.AbstrDockerCmd - Cmd: 
01:50:12.247 [ducttape-0] DEBUG org.testcontainers.dockerclient.DockerClientProviderStrategy - Pinging docker daemon...
01:50:12.247 [ducttape-0] DEBUG org.testcontainers.shaded.com.github.dockerjava.core.command.AbstrDockerCmd - Cmd: 
01:50:12.349 [ducttape-0] DEBUG org.testcontainers.dockerclient.DockerClientProviderStrategy - Pinging docker daemon...
01:50:12.349 [ducttape-0] DEBUG org.testcontainers.shaded.com.github.dockerjava.core.command.AbstrDockerCmd - Cmd: 
01:50:12.450 [ducttape-0] DEBUG org.testcontainers.dockerclient.DockerClientProviderStrategy - Pinging docker daemon...
01:50:12.451 [ducttape-0] DEBUG org.testcontainers.shaded.com.github.dockerjava.core.command.AbstrDockerCmd - Cmd: 
01:50:12.555 [ducttape-0] DEBUG org.testcontainers.dockerclient.DockerClientProviderStrategy - Pinging docker daemon...
01:50:12.555 [ducttape-0] DEBUG org.testcontainers.shaded.com.github.dockerjava.core.command.AbstrDockerCmd - Cmd: 
01:50:12.657 [ducttape-0] DEBUG org.testcontainers.dockerclient.DockerClientProviderStrategy - Pinging docker daemon...
01:50:12.657 [ducttape-0] DEBUG org.testcontainers.shaded.com.github.dockerjava.core.command.AbstrDockerCmd - Cmd: 
01:50:12.758 [ducttape-0] DEBUG org.testcontainers.dockerclient.DockerClientProviderStrategy - Pinging docker daemon...
01:50:12.758 [ducttape-0] DEBUG org.testcontainers.shaded.com.github.dockerjava.core.command.AbstrDockerCmd - Cmd: 
01:50:12.860 [ducttape-0] DEBUG org.testcontainers.dockerclient.DockerClientProviderStrategy - Pinging docker daemon...
01:50:12.860 [ducttape-0] DEBUG org.testcontainers.shaded.com.github.dockerjava.core.command.AbstrDockerCmd - Cmd: 
01:50:12.961 [ducttape-0] DEBUG org.testcontainers.dockerclient.DockerClientProviderStrategy - Pinging docker daemon...
01:50:12.962 [ducttape-0] DEBUG org.testcontainers.shaded.com.github.dockerjava.core.command.AbstrDockerCmd - Cmd: 
01:50:13.063 [ducttape-0] DEBUG org.testcontainers.dockerclient.DockerClientProviderStrategy - Pinging docker daemon...
01:50:13.064 [ducttape-0] DEBUG org.testcontainers.shaded.com.github.dockerjava.core.command.AbstrDockerCmd - Cmd: 
01:50:13.165 [ducttape-0] DEBUG org.testcontainers.dockerclient.DockerClientProviderStrategy - Pinging docker daemon...
01:50:13.166 [ducttape-0] DEBUG org.testcontainers.shaded.com.github.dockerjava.core.command.AbstrDockerCmd - Cmd: 
01:50:13.267 [ducttape-0] DEBUG org.testcontainers.dockerclient.DockerClientProviderStrategy - Pinging docker daemon...
01:50:13.268 [ducttape-0] DEBUG org.testcontainers.shaded.com.github.dockerjava.core.command.AbstrDockerCmd - Cmd: 
01:50:13.369 [ducttape-0] DEBUG org.testcontainers.dockerclient.DockerClientProviderStrategy - Pinging docker daemon...
01:50:13.369 [ducttape-0] DEBUG org.testcontainers.shaded.com.github.dockerjava.core.command.AbstrDockerCmd - Cmd: 
01:50:13.470 [ducttape-0] DEBUG org.testcontainers.dockerclient.DockerClientProviderStrategy - Pinging docker daemon...
01:50:13.471 [ducttape-0] DEBUG org.testcontainers.shaded.com.github.dockerjava.core.command.AbstrDockerCmd - Cmd: 
01:50:13.572 [ducttape-0] DEBUG org.testcontainers.dockerclient.DockerClientProviderStrategy - Pinging docker daemon...
01:50:13.572 [ducttape-0] DEBUG org.testcontainers.shaded.com.github.dockerjava.core.command.AbstrDockerCmd - Cmd: 
01:50:13.674 [ducttape-0] DEBUG org.testcontainers.dockerclient.DockerClientProviderStrategy - Pinging docker daemon...
01:50:13.674 [ducttape-0] DEBUG org.testcontainers.shaded.com.github.dockerjava.core.command.AbstrDockerCmd - Cmd: 
01:50:13.775 [ducttape-0] DEBUG org.testcontainers.dockerclient.DockerClientProviderStrategy - Pinging docker daemon...
01:50:13.776 [ducttape-0] DEBUG org.testcontainers.shaded.com.github.dockerjava.core.command.AbstrDockerCmd - Cmd: 
01:50:13.877 [ducttape-0] DEBUG org.testcontainers.dockerclient.DockerClientProviderStrategy - Pinging docker daemon...
01:50:13.877 [ducttape-0] DEBUG org.testcontainers.shaded.com.github.dockerjava.core.command.AbstrDockerCmd - Cmd: 
01:50:13.978 [ducttape-0] DEBUG org.testcontainers.dockerclient.DockerClientProviderStrategy - Pinging docker daemon...
01:50:13.979 [ducttape-0] DEBUG org.testcontainers.shaded.com.github.dockerjava.core.command.AbstrDockerCmd - Cmd: 
01:50:14.080 [ducttape-0] DEBUG org.testcontainers.dockerclient.DockerClientProviderStrategy - Pinging docker daemon...
01:50:14.080 [ducttape-0] DEBUG org.testcontainers.shaded.com.github.dockerjava.core.command.AbstrDockerCmd - Cmd: 
01:50:14.181 [ducttape-0] DEBUG org.testcontainers.dockerclient.DockerClientProviderStrategy - Pinging docker daemon...
01:50:14.182 [ducttape-0] DEBUG org.testcontainers.shaded.com.github.dockerjava.core.command.AbstrDockerCmd - Cmd: 
01:50:14.283 [ducttape-0] DEBUG org.testcontainers.dockerclient.DockerClientProviderStrategy - Pinging docker daemon...
01:50:14.283 [ducttape-0] DEBUG org.testcontainers.shaded.com.github.dockerjava.core.command.AbstrDockerCmd - Cmd: 
01:50:14.384 [ducttape-0] DEBUG org.testcontainers.dockerclient.DockerClientProviderStrategy - Pinging docker daemon...
01:50:14.385 [ducttape-0] DEBUG org.testcontainers.shaded.com.github.dockerjava.core.command.AbstrDockerCmd - Cmd: 
01:50:14.486 [ducttape-0] DEBUG org.testcontainers.dockerclient.DockerClientProviderStrategy - Pinging docker daemon...
01:50:14.486 [ducttape-0] DEBUG org.testcontainers.shaded.com.github.dockerjava.core.command.AbstrDockerCmd - Cmd: 
01:50:14.588 [ducttape-0] DEBUG org.testcontainers.dockerclient.DockerClientProviderStrategy - Pinging docker daemon...
01:50:14.588 [ducttape-0] DEBUG org.testcontainers.shaded.com.github.dockerjava.core.command.AbstrDockerCmd - Cmd: 
01:50:14.689 [ducttape-0] DEBUG org.testcontainers.dockerclient.DockerClientProviderStrategy - Pinging docker daemon...
01:50:14.689 [ducttape-0] DEBUG org.testcontainers.shaded.com.github.dockerjava.core.command.AbstrDockerCmd - Cmd: 
01:50:14.791 [ducttape-0] DEBUG org.testcontainers.dockerclient.DockerClientProviderStrategy - Pinging docker daemon...
01:50:14.791 [ducttape-0] DEBUG org.testcontainers.shaded.com.github.dockerjava.core.command.AbstrDockerCmd - Cmd: 
01:50:14.892 [ducttape-0] DEBUG org.testcontainers.dockerclient.DockerClientProviderStrategy - Pinging docker daemon...
01:50:14.892 [ducttape-0] DEBUG org.testcontainers.shaded.com.github.dockerjava.core.command.AbstrDockerCmd - Cmd: 
01:50:14.994 [ducttape-0] DEBUG org.testcontainers.dockerclient.DockerClientProviderStrategy - Pinging docker daemon...
01:50:14.994 [ducttape-0] DEBUG org.testcontainers.shaded.com.github.dockerjava.core.command.AbstrDockerCmd - Cmd: 
01:50:15.095 [ducttape-0] DEBUG org.testcontainers.dockerclient.DockerClientProviderStrategy - Pinging docker daemon...
01:50:15.095 [ducttape-0] DEBUG org.testcontainers.shaded.com.github.dockerjava.core.command.AbstrDockerCmd - Cmd: 
01:50:15.197 [ducttape-0] DEBUG org.testcontainers.dockerclient.DockerClientProviderStrategy - Pinging docker daemon...
01:50:15.197 [ducttape-0] DEBUG org.testcontainers.shaded.com.github.dockerjava.core.command.AbstrDockerCmd - Cmd: 
01:50:15.299 [ducttape-0] DEBUG org.testcontainers.dockerclient.DockerClientProviderStrategy - Pinging docker daemon...
01:50:15.299 [ducttape-0] DEBUG org.testcontainers.shaded.com.github.dockerjava.core.command.AbstrDockerCmd - Cmd: 
01:50:15.400 [ducttape-0] DEBUG org.testcontainers.dockerclient.DockerClientProviderStrategy - Pinging docker daemon...
01:50:15.401 [ducttape-0] DEBUG org.testcontainers.shaded.com.github.dockerjava.core.command.AbstrDockerCmd - Cmd: 
01:50:15.502 [ducttape-0] DEBUG org.testcontainers.dockerclient.DockerClientProviderStrategy - Pinging docker daemon...
01:50:15.502 [ducttape-0] DEBUG org.testcontainers.shaded.com.github.dockerjava.core.command.AbstrDockerCmd - Cmd: 
01:50:15.604 [ducttape-0] DEBUG org.testcontainers.dockerclient.DockerClientProviderStrategy - Pinging docker daemon...
01:50:15.604 [ducttape-0] DEBUG org.testcontainers.shaded.com.github.dockerjava.core.command.AbstrDockerCmd - Cmd: 
01:50:15.705 [ducttape-0] DEBUG org.testcontainers.dockerclient.DockerClientProviderStrategy - Pinging docker daemon...
01:50:15.706 [ducttape-0] DEBUG org.testcontainers.shaded.com.github.dockerjava.core.command.AbstrDockerCmd - Cmd: 
01:50:15.807 [ducttape-0] DEBUG org.testcontainers.dockerclient.DockerClientProviderStrategy - Pinging docker daemon...
01:50:15.807 [ducttape-0] DEBUG org.testcontainers.shaded.com.github.dockerjava.core.command.AbstrDockerCmd - Cmd: 
01:50:15.909 [ducttape-0] DEBUG org.testcontainers.dockerclient.DockerClientProviderStrategy - Pinging docker daemon...
01:50:15.909 [ducttape-0] DEBUG org.testcontainers.shaded.com.github.dockerjava.core.command.AbstrDockerCmd - Cmd: 
01:50:16.011 [ducttape-0] DEBUG org.testcontainers.dockerclient.DockerClientProviderStrategy - Pinging docker daemon...
01:50:16.011 [ducttape-0] DEBUG org.testcontainers.shaded.com.github.dockerjava.core.command.AbstrDockerCmd - Cmd: 
01:50:16.112 [ducttape-0] DEBUG org.testcontainers.dockerclient.DockerClientProviderStrategy - Pinging docker daemon...
01:50:16.112 [ducttape-0] DEBUG org.testcontainers.shaded.com.github.dockerjava.core.command.AbstrDockerCmd - Cmd: 
01:50:16.214 [ducttape-0] DEBUG org.testcontainers.dockerclient.DockerClientProviderStrategy - Pinging docker daemon...
01:50:16.214 [ducttape-0] DEBUG org.testcontainers.shaded.com.github.dockerjava.core.command.AbstrDockerCmd - Cmd: 
01:50:16.316 [ducttape-0] DEBUG org.testcontainers.dockerclient.DockerClientProviderStrategy - Pinging docker daemon...
01:50:16.317 [ducttape-0] DEBUG org.testcontainers.shaded.com.github.dockerjava.core.command.AbstrDockerCmd - Cmd: 
01:50:16.418 [ducttape-0] DEBUG org.testcontainers.dockerclient.DockerClientProviderStrategy - Pinging docker daemon...
01:50:16.418 [ducttape-0] DEBUG org.testcontainers.shaded.com.github.dockerjava.core.command.AbstrDockerCmd - Cmd: 
01:50:16.519 [ducttape-0] DEBUG org.testcontainers.dockerclient.DockerClientProviderStrategy - Pinging docker daemon...
01:50:16.520 [ducttape-0] DEBUG org.testcontainers.shaded.com.github.dockerjava.core.command.AbstrDockerCmd - Cmd: 
01:50:16.621 [ducttape-0] DEBUG org.testcontainers.dockerclient.DockerClientProviderStrategy - Pinging docker daemon...
01:50:16.621 [ducttape-0] DEBUG org.testcontainers.shaded.com.github.dockerjava.core.command.AbstrDockerCmd - Cmd: 
01:50:16.723 [ducttape-0] DEBUG org.testcontainers.dockerclient.DockerClientProviderStrategy - Pinging docker daemon...
01:50:16.723 [ducttape-0] DEBUG org.testcontainers.shaded.com.github.dockerjava.core.command.AbstrDockerCmd - Cmd: 
01:50:16.824 [ducttape-0] DEBUG org.testcontainers.dockerclient.DockerClientProviderStrategy - Pinging docker daemon...
01:50:16.824 [ducttape-0] DEBUG org.testcontainers.shaded.com.github.dockerjava.core.command.AbstrDockerCmd - Cmd: 
01:50:16.925 [ducttape-0] DEBUG org.testcontainers.dockerclient.DockerClientProviderStrategy - Pinging docker daemon...
01:50:16.926 [ducttape-0] DEBUG org.testcontainers.shaded.com.github.dockerjava.core.command.AbstrDockerCmd - Cmd: 
01:50:17.027 [ducttape-0] DEBUG org.testcontainers.dockerclient.DockerClientProviderStrategy - Pinging docker daemon...
01:50:17.027 [ducttape-0] DEBUG org.testcontainers.shaded.com.github.dockerjava.core.command.AbstrDockerCmd - Cmd: 
01:50:17.129 [ducttape-0] DEBUG org.testcontainers.dockerclient.DockerClientProviderStrategy - Pinging docker daemon...
01:50:17.129 [ducttape-0] DEBUG org.testcontainers.shaded.com.github.dockerjava.core.command.AbstrDockerCmd - Cmd: 
01:50:17.230 [ducttape-0] DEBUG org.testcontainers.dockerclient.DockerClientProviderStrategy - Pinging docker daemon...
01:50:17.230 [ducttape-0] DEBUG org.testcontainers.shaded.com.github.dockerjava.core.command.AbstrDockerCmd - Cmd: 
01:50:17.332 [ducttape-0] DEBUG org.testcontainers.dockerclient.DockerClientProviderStrategy - Pinging docker daemon...
01:50:17.332 [ducttape-0] DEBUG org.testcontainers.shaded.com.github.dockerjava.core.command.AbstrDockerCmd - Cmd: 
01:50:17.433 [ducttape-0] DEBUG org.testcontainers.dockerclient.DockerClientProviderStrategy - Pinging docker daemon...
01:50:17.433 [ducttape-0] DEBUG org.testcontainers.shaded.com.github.dockerjava.core.command.AbstrDockerCmd - Cmd: 
01:50:17.534 [ducttape-0] DEBUG org.testcontainers.dockerclient.DockerClientProviderStrategy - Pinging docker daemon...
01:50:17.534 [ducttape-0] DEBUG org.testcontainers.shaded.com.github.dockerjava.core.command.AbstrDockerCmd - Cmd: 
01:50:17.636 [ducttape-0] DEBUG org.testcontainers.dockerclient.DockerClientProviderStrategy - Pinging docker daemon...
01:50:17.636 [ducttape-0] DEBUG org.testcontainers.shaded.com.github.dockerjava.core.command.AbstrDockerCmd - Cmd: 
01:50:17.738 [ducttape-0] DEBUG org.testcontainers.dockerclient.DockerClientProviderStrategy - Pinging docker daemon...
01:50:17.738 [ducttape-0] DEBUG org.testcontainers.shaded.com.github.dockerjava.core.command.AbstrDockerCmd - Cmd: 
01:50:17.839 [ducttape-0] DEBUG org.testcontainers.dockerclient.DockerClientProviderStrategy - Pinging docker daemon...
01:50:17.840 [ducttape-0] DEBUG org.testcontainers.shaded.com.github.dockerjava.core.command.AbstrDockerCmd - Cmd: 
01:50:17.941 [ducttape-0] DEBUG org.testcontainers.dockerclient.DockerClientProviderStrategy - Pinging docker daemon...
01:50:17.941 [ducttape-0] DEBUG org.testcontainers.shaded.com.github.dockerjava.core.command.AbstrDockerCmd - Cmd: 
01:50:18.043 [ducttape-0] DEBUG org.testcontainers.dockerclient.DockerClientProviderStrategy - Pinging docker daemon...
01:50:18.043 [ducttape-0] DEBUG org.testcontainers.shaded.com.github.dockerjava.core.command.AbstrDockerCmd - Cmd: 
01:50:18.144 [ducttape-0] DEBUG org.testcontainers.dockerclient.DockerClientProviderStrategy - Pinging docker daemon...
01:50:18.144 [ducttape-0] DEBUG org.testcontainers.shaded.com.github.dockerjava.core.command.AbstrDockerCmd - Cmd: 
01:50:18.245 [ducttape-0] DEBUG org.testcontainers.dockerclient.DockerClientProviderStrategy - Pinging docker daemon...
01:50:18.245 [ducttape-0] DEBUG org.testcontainers.shaded.com.github.dockerjava.core.command.AbstrDockerCmd - Cmd: 
01:50:18.346 [ducttape-0] DEBUG org.testcontainers.dockerclient.DockerClientProviderStrategy - Pinging docker daemon...
01:50:18.346 [ducttape-0] DEBUG org.testcontainers.shaded.com.github.dockerjava.core.command.AbstrDockerCmd - Cmd: 
01:50:18.448 [ducttape-0] DEBUG org.testcontainers.dockerclient.DockerClientProviderStrategy - Pinging docker daemon...
01:50:18.448 [ducttape-0] DEBUG org.testcontainers.shaded.com.github.dockerjava.core.command.AbstrDockerCmd - Cmd: 
01:50:18.549 [ducttape-0] DEBUG org.testcontainers.dockerclient.DockerClientProviderStrategy - Pinging docker daemon...
01:50:18.549 [ducttape-0] DEBUG org.testcontainers.shaded.com.github.dockerjava.core.command.AbstrDockerCmd - Cmd: 
01:50:18.651 [ducttape-0] DEBUG org.testcontainers.dockerclient.DockerClientProviderStrategy - Pinging docker daemon...
01:50:18.651 [ducttape-0] DEBUG org.testcontainers.shaded.com.github.dockerjava.core.command.AbstrDockerCmd - Cmd: 
01:50:18.752 [ducttape-0] DEBUG org.testcontainers.dockerclient.DockerClientProviderStrategy - Pinging docker daemon...
01:50:18.752 [ducttape-0] DEBUG org.testcontainers.shaded.com.github.dockerjava.core.command.AbstrDockerCmd - Cmd: 
01:50:18.854 [ducttape-0] DEBUG org.testcontainers.dockerclient.DockerClientProviderStrategy - Pinging docker daemon...
01:50:18.854 [ducttape-0] DEBUG org.testcontainers.shaded.com.github.dockerjava.core.command.AbstrDockerCmd - Cmd: 
01:50:18.955 [ducttape-0] DEBUG org.testcontainers.dockerclient.DockerClientProviderStrategy - Pinging docker daemon...
01:50:18.955 [ducttape-0] DEBUG org.testcontainers.shaded.com.github.dockerjava.core.command.AbstrDockerCmd - Cmd: 
01:50:19.057 [ducttape-0] DEBUG org.testcontainers.dockerclient.DockerClientProviderStrategy - Pinging docker daemon...
01:50:19.057 [ducttape-0] DEBUG org.testcontainers.shaded.com.github.dockerjava.core.command.AbstrDockerCmd - Cmd: 
01:50:19.158 [ducttape-0] DEBUG org.testcontainers.dockerclient.DockerClientProviderStrategy - Pinging docker daemon...
01:50:19.158 [ducttape-0] DEBUG org.testcontainers.shaded.com.github.dockerjava.core.command.AbstrDockerCmd - Cmd: 
01:50:19.260 [ducttape-0] DEBUG org.testcontainers.dockerclient.DockerClientProviderStrategy - Pinging docker daemon...
01:50:19.260 [ducttape-0] DEBUG org.testcontainers.shaded.com.github.dockerjava.core.command.AbstrDockerCmd - Cmd: 
01:50:19.361 [ducttape-0] DEBUG org.testcontainers.dockerclient.DockerClientProviderStrategy - Pinging docker daemon...
01:50:19.361 [ducttape-0] DEBUG org.testcontainers.shaded.com.github.dockerjava.core.command.AbstrDockerCmd - Cmd: 
01:50:19.462 [ducttape-0] DEBUG org.testcontainers.dockerclient.DockerClientProviderStrategy - Pinging docker daemon...
01:50:19.463 [ducttape-0] DEBUG org.testcontainers.shaded.com.github.dockerjava.core.command.AbstrDockerCmd - Cmd: 
01:50:19.563 [ducttape-0] DEBUG org.testcontainers.dockerclient.DockerClientProviderStrategy - Pinging docker daemon...
01:50:19.564 [ducttape-0] DEBUG org.testcontainers.shaded.com.github.dockerjava.core.command.AbstrDockerCmd - Cmd: 
01:50:19.665 [ducttape-0] DEBUG org.testcontainers.dockerclient.DockerClientProviderStrategy - Pinging docker daemon...
01:50:19.665 [ducttape-0] DEBUG org.testcontainers.shaded.com.github.dockerjava.core.command.AbstrDockerCmd - Cmd: 
01:50:19.766 [ducttape-0] DEBUG org.testcontainers.dockerclient.DockerClientProviderStrategy - Pinging docker daemon...
01:50:19.766 [ducttape-0] DEBUG org.testcontainers.shaded.com.github.dockerjava.core.command.AbstrDockerCmd - Cmd: 
01:50:19.867 [ducttape-0] DEBUG org.testcontainers.dockerclient.DockerClientProviderStrategy - Pinging docker daemon...
01:50:19.868 [ducttape-0] DEBUG org.testcontainers.shaded.com.github.dockerjava.core.command.AbstrDockerCmd - Cmd: 
01:50:19.969 [ducttape-0] DEBUG org.testcontainers.dockerclient.DockerClientProviderStrategy - Pinging docker daemon...
01:50:19.969 [ducttape-0] DEBUG org.testcontainers.shaded.com.github.dockerjava.core.command.AbstrDockerCmd - Cmd: 
01:50:20.070 [ducttape-0] DEBUG org.testcontainers.dockerclient.DockerClientProviderStrategy - Pinging docker daemon...
01:50:20.071 [ducttape-0] DEBUG org.testcontainers.shaded.com.github.dockerjava.core.command.AbstrDockerCmd - Cmd: 
01:50:20.172 [ducttape-0] DEBUG org.testcontainers.dockerclient.DockerClientProviderStrategy - Pinging docker daemon...
01:50:20.172 [ducttape-0] DEBUG org.testcontainers.shaded.com.github.dockerjava.core.command.AbstrDockerCmd - Cmd: 
01:50:20.273 [ducttape-0] DEBUG org.testcontainers.dockerclient.DockerClientProviderStrategy - Pinging docker daemon...
01:50:20.274 [ducttape-0] DEBUG org.testcontainers.shaded.com.github.dockerjava.core.command.AbstrDockerCmd - Cmd: 
01:50:20.375 [ducttape-0] DEBUG org.testcontainers.dockerclient.DockerClientProviderStrategy - Pinging docker daemon...
01:50:20.375 [ducttape-0] DEBUG org.testcontainers.shaded.com.github.dockerjava.core.command.AbstrDockerCmd - Cmd: 
01:50:20.476 [ducttape-0] DEBUG org.testcontainers.dockerclient.DockerClientProviderStrategy - Pinging docker daemon...
01:50:20.477 [ducttape-0] DEBUG org.testcontainers.shaded.com.github.dockerjava.core.command.AbstrDockerCmd - Cmd: 
01:50:20.578 [ducttape-0] DEBUG org.testcontainers.dockerclient.DockerClientProviderStrategy - Pinging docker daemon...
01:50:20.578 [ducttape-0] DEBUG org.testcontainers.shaded.com.github.dockerjava.core.command.AbstrDockerCmd - Cmd: 
01:50:20.680 [ducttape-0] DEBUG org.testcontainers.dockerclient.DockerClientProviderStrategy - Pinging docker daemon...
01:50:20.680 [ducttape-0] DEBUG org.testcontainers.shaded.com.github.dockerjava.core.command.AbstrDockerCmd - Cmd: 
01:50:20.781 [ducttape-0] DEBUG org.testcontainers.dockerclient.DockerClientProviderStrategy - Pinging docker daemon...
01:50:20.781 [ducttape-0] DEBUG org.testcontainers.shaded.com.github.dockerjava.core.command.AbstrDockerCmd - Cmd: 
01:50:20.882 [ducttape-0] DEBUG org.testcontainers.dockerclient.DockerClientProviderStrategy - Pinging docker daemon...
01:50:20.883 [ducttape-0] DEBUG org.testcontainers.shaded.com.github.dockerjava.core.command.AbstrDockerCmd - Cmd: 
01:50:20.984 [ducttape-0] DEBUG org.testcontainers.dockerclient.DockerClientProviderStrategy - Pinging docker daemon...
01:50:20.984 [ducttape-0] DEBUG org.testcontainers.shaded.com.github.dockerjava.core.command.AbstrDockerCmd - Cmd: 
01:50:21.085 [ducttape-0] DEBUG org.testcontainers.dockerclient.DockerClientProviderStrategy - Pinging docker daemon...
01:50:21.086 [ducttape-0] DEBUG org.testcontainers.shaded.com.github.dockerjava.core.command.AbstrDockerCmd - Cmd: 
01:50:21.187 [ducttape-0] DEBUG org.testcontainers.dockerclient.DockerClientProviderStrategy - Pinging docker daemon...
01:50:21.187 [ducttape-0] DEBUG org.testcontainers.shaded.com.github.dockerjava.core.command.AbstrDockerCmd - Cmd: 
01:50:21.288 [ducttape-0] DEBUG org.testcontainers.dockerclient.DockerClientProviderStrategy - Pinging docker daemon...
01:50:21.288 [ducttape-0] DEBUG org.testcontainers.shaded.com.github.dockerjava.core.command.AbstrDockerCmd - Cmd: 
01:50:21.390 [ducttape-0] DEBUG org.testcontainers.dockerclient.DockerClientProviderStrategy - Pinging docker daemon...
01:50:21.390 [ducttape-0] DEBUG org.testcontainers.shaded.com.github.dockerjava.core.command.AbstrDockerCmd - Cmd: 
01:50:21.491 [ducttape-0] DEBUG org.testcontainers.dockerclient.DockerClientProviderStrategy - Pinging docker daemon...
01:50:21.491 [ducttape-0] DEBUG org.testcontainers.shaded.com.github.dockerjava.core.command.AbstrDockerCmd - Cmd: 
01:50:21.592 [ducttape-0] DEBUG org.testcontainers.dockerclient.DockerClientProviderStrategy - Pinging docker daemon...
01:50:21.592 [ducttape-0] DEBUG org.testcontainers.shaded.com.github.dockerjava.core.command.AbstrDockerCmd - Cmd: 
01:50:21.694 [ducttape-0] DEBUG org.testcontainers.dockerclient.DockerClientProviderStrategy - Pinging docker daemon...
01:50:21.694 [ducttape-0] DEBUG org.testcontainers.shaded.com.github.dockerjava.core.command.AbstrDockerCmd - Cmd: 
01:50:21.795 [ducttape-0] DEBUG org.testcontainers.dockerclient.DockerClientProviderStrategy - Pinging docker daemon...
01:50:21.795 [ducttape-0] DEBUG org.testcontainers.shaded.com.github.dockerjava.core.command.AbstrDockerCmd - Cmd: 
01:50:21.897 [ducttape-0] DEBUG org.testcontainers.dockerclient.DockerClientProviderStrategy - Pinging docker daemon...
01:50:21.897 [ducttape-0] DEBUG org.testcontainers.shaded.com.github.dockerjava.core.command.AbstrDockerCmd - Cmd: 
01:50:21.998 [ducttape-0] DEBUG org.testcontainers.dockerclient.DockerClientProviderStrategy - Pinging docker daemon...
01:50:21.998 [ducttape-0] DEBUG org.testcontainers.shaded.com.github.dockerjava.core.command.AbstrDockerCmd - Cmd: 
01:50:22.100 [ducttape-0] DEBUG org.testcontainers.dockerclient.DockerClientProviderStrategy - Pinging docker daemon...
01:50:22.100 [ducttape-0] DEBUG org.testcontainers.shaded.com.github.dockerjava.core.command.AbstrDockerCmd - Cmd: 
01:50:22.201 [ducttape-0] DEBUG org.testcontainers.dockerclient.DockerClientProviderStrategy - Pinging docker daemon...
01:50:22.201 [ducttape-0] DEBUG org.testcontainers.shaded.com.github.dockerjava.core.command.AbstrDockerCmd - Cmd: 
01:50:22.302 [ducttape-0] DEBUG org.testcontainers.dockerclient.DockerClientProviderStrategy - Pinging docker daemon...
01:50:22.302 [ducttape-0] DEBUG org.testcontainers.shaded.com.github.dockerjava.core.command.AbstrDockerCmd - Cmd: 
01:50:22.404 [ducttape-0] DEBUG org.testcontainers.dockerclient.DockerClientProviderStrategy - Pinging docker daemon...
01:50:22.404 [ducttape-0] DEBUG org.testcontainers.shaded.com.github.dockerjava.core.command.AbstrDockerCmd - Cmd: 
01:50:22.505 [ducttape-0] DEBUG org.testcontainers.dockerclient.DockerClientProviderStrategy - Pinging docker daemon...
01:50:22.506 [ducttape-0] DEBUG org.testcontainers.shaded.com.github.dockerjava.core.command.AbstrDockerCmd - Cmd: 
01:50:22.607 [ducttape-0] DEBUG org.testcontainers.dockerclient.DockerClientProviderStrategy - Pinging docker daemon...
01:50:22.607 [ducttape-0] DEBUG org.testcontainers.shaded.com.github.dockerjava.core.command.AbstrDockerCmd - Cmd: 
01:50:22.709 [ducttape-0] DEBUG org.testcontainers.dockerclient.DockerClientProviderStrategy - Pinging docker daemon...
01:50:22.709 [ducttape-0] DEBUG org.testcontainers.shaded.com.github.dockerjava.core.command.AbstrDockerCmd - Cmd: 
01:50:22.811 [ducttape-0] DEBUG org.testcontainers.dockerclient.DockerClientProviderStrategy - Pinging docker daemon...
01:50:22.811 [ducttape-0] DEBUG org.testcontainers.shaded.com.github.dockerjava.core.command.AbstrDockerCmd - Cmd: 
01:50:22.915 [ducttape-0] DEBUG org.testcontainers.dockerclient.DockerClientProviderStrategy - Pinging docker daemon...
01:50:22.915 [ducttape-0] DEBUG org.testcontainers.shaded.com.github.dockerjava.core.command.AbstrDockerCmd - Cmd: 
01:50:23.017 [ducttape-0] DEBUG org.testcontainers.dockerclient.DockerClientProviderStrategy - Pinging docker daemon...
01:50:23.017 [ducttape-0] DEBUG org.testcontainers.shaded.com.github.dockerjava.core.command.AbstrDockerCmd - Cmd: 
01:50:23.118 [ducttape-0] DEBUG org.testcontainers.dockerclient.DockerClientProviderStrategy - Pinging docker daemon...
01:50:23.119 [ducttape-0] DEBUG org.testcontainers.shaded.com.github.dockerjava.core.command.AbstrDockerCmd - Cmd: 
01:50:23.220 [ducttape-0] DEBUG org.testcontainers.dockerclient.DockerClientProviderStrategy - Pinging docker daemon...
01:50:23.220 [ducttape-0] DEBUG org.testcontainers.shaded.com.github.dockerjava.core.command.AbstrDockerCmd - Cmd: 
01:50:23.321 [ducttape-0] DEBUG org.testcontainers.dockerclient.DockerClientProviderStrategy - Pinging docker daemon...
01:50:23.321 [ducttape-0] DEBUG org.testcontainers.shaded.com.github.dockerjava.core.command.AbstrDockerCmd - Cmd: 
01:50:23.423 [ducttape-0] DEBUG org.testcontainers.dockerclient.DockerClientProviderStrategy - Pinging docker daemon...
01:50:23.423 [ducttape-0] DEBUG org.testcontainers.shaded.com.github.dockerjava.core.command.AbstrDockerCmd - Cmd: 
01:50:23.524 [ducttape-0] DEBUG org.testcontainers.dockerclient.DockerClientProviderStrategy - Pinging docker daemon...
01:50:23.524 [ducttape-0] DEBUG org.testcontainers.shaded.com.github.dockerjava.core.command.AbstrDockerCmd - Cmd: 
01:50:23.625 [ducttape-0] DEBUG org.testcontainers.dockerclient.DockerClientProviderStrategy - Pinging docker daemon...
01:50:23.626 [ducttape-0] DEBUG org.testcontainers.shaded.com.github.dockerjava.core.command.AbstrDockerCmd - Cmd: 
01:50:23.727 [ducttape-0] DEBUG org.testcontainers.dockerclient.DockerClientProviderStrategy - Pinging docker daemon...
01:50:23.727 [ducttape-0] DEBUG org.testcontainers.shaded.com.github.dockerjava.core.command.AbstrDockerCmd - Cmd: 
01:50:23.828 [ducttape-0] DEBUG org.testcontainers.dockerclient.DockerClientProviderStrategy - Pinging docker daemon...
01:50:23.828 [ducttape-0] DEBUG org.testcontainers.shaded.com.github.dockerjava.core.command.AbstrDockerCmd - Cmd: 
01:50:23.930 [ducttape-0] DEBUG org.testcontainers.dockerclient.DockerClientProviderStrategy - Pinging docker daemon...
01:50:23.930 [ducttape-0] DEBUG org.testcontainers.shaded.com.github.dockerjava.core.command.AbstrDockerCmd - Cmd: 
01:50:24.031 [ducttape-0] DEBUG org.testcontainers.dockerclient.DockerClientProviderStrategy - Pinging docker daemon...
01:50:24.031 [ducttape-0] DEBUG org.testcontainers.shaded.com.github.dockerjava.core.command.AbstrDockerCmd - Cmd: 
01:50:24.132 [ducttape-0] DEBUG org.testcontainers.dockerclient.DockerClientProviderStrategy - Pinging docker daemon...
01:50:24.133 [ducttape-0] DEBUG org.testcontainers.shaded.com.github.dockerjava.core.command.AbstrDockerCmd - Cmd: 
01:50:24.234 [ducttape-0] DEBUG org.testcontainers.dockerclient.DockerClientProviderStrategy - Pinging docker daemon...
01:50:24.234 [ducttape-0] DEBUG org.testcontainers.shaded.com.github.dockerjava.core.command.AbstrDockerCmd - Cmd: 
01:50:24.335 [ducttape-0] DEBUG org.testcontainers.dockerclient.DockerClientProviderStrategy - Pinging docker daemon...
01:50:24.335 [ducttape-0] DEBUG org.testcontainers.shaded.com.github.dockerjava.core.command.AbstrDockerCmd - Cmd: 
01:50:24.437 [ducttape-0] DEBUG org.testcontainers.dockerclient.DockerClientProviderStrategy - Pinging docker daemon...
01:50:24.437 [ducttape-0] DEBUG org.testcontainers.shaded.com.github.dockerjava.core.command.AbstrDockerCmd - Cmd: 
01:50:24.538 [ducttape-0] DEBUG org.testcontainers.dockerclient.DockerClientProviderStrategy - Pinging docker daemon...
01:50:24.538 [ducttape-0] DEBUG org.testcontainers.shaded.com.github.dockerjava.core.command.AbstrDockerCmd - Cmd: 
01:50:24.639 [ducttape-0] DEBUG org.testcontainers.dockerclient.DockerClientProviderStrategy - Pinging docker daemon...
01:50:24.639 [ducttape-0] DEBUG org.testcontainers.shaded.com.github.dockerjava.core.command.AbstrDockerCmd - Cmd: 
01:50:24.740 [ducttape-0] DEBUG org.testcontainers.dockerclient.DockerClientProviderStrategy - Pinging docker daemon...
01:50:24.740 [ducttape-0] DEBUG org.testcontainers.shaded.com.github.dockerjava.core.command.AbstrDockerCmd - Cmd: 
01:50:24.842 [ducttape-0] DEBUG org.testcontainers.dockerclient.DockerClientProviderStrategy - Pinging docker daemon...
01:50:24.842 [ducttape-0] DEBUG org.testcontainers.shaded.com.github.dockerjava.core.command.AbstrDockerCmd - Cmd: 
01:50:24.943 [ducttape-0] DEBUG org.testcontainers.dockerclient.DockerClientProviderStrategy - Pinging docker daemon...
01:50:24.943 [ducttape-0] DEBUG org.testcontainers.shaded.com.github.dockerjava.core.command.AbstrDockerCmd - Cmd: 
01:50:25.044 [ducttape-0] DEBUG org.testcontainers.dockerclient.DockerClientProviderStrategy - Pinging docker daemon...
01:50:25.045 [ducttape-0] DEBUG org.testcontainers.shaded.com.github.dockerjava.core.command.AbstrDockerCmd - Cmd: 
01:50:25.146 [ducttape-0] DEBUG org.testcontainers.dockerclient.DockerClientProviderStrategy - Pinging docker daemon...
01:50:25.146 [ducttape-0] DEBUG org.testcontainers.shaded.com.github.dockerjava.core.command.AbstrDockerCmd - Cmd: 
01:50:25.247 [ducttape-0] DEBUG org.testcontainers.dockerclient.DockerClientProviderStrategy - Pinging docker daemon...
01:50:25.247 [ducttape-0] DEBUG org.testcontainers.shaded.com.github.dockerjava.core.command.AbstrDockerCmd - Cmd: 
01:50:25.349 [ducttape-0] DEBUG org.testcontainers.dockerclient.DockerClientProviderStrategy - Pinging docker daemon...
01:50:25.349 [ducttape-0] DEBUG org.testcontainers.shaded.com.github.dockerjava.core.command.AbstrDockerCmd - Cmd: 
01:50:25.450 [ducttape-0] DEBUG org.testcontainers.dockerclient.DockerClientProviderStrategy - Pinging docker daemon...
01:50:25.450 [ducttape-0] DEBUG org.testcontainers.shaded.com.github.dockerjava.core.command.AbstrDockerCmd - Cmd: 
01:50:25.551 [ducttape-0] DEBUG org.testcontainers.dockerclient.DockerClientProviderStrategy - Pinging docker daemon...
01:50:25.551 [ducttape-0] DEBUG org.testcontainers.shaded.com.github.dockerjava.core.command.AbstrDockerCmd - Cmd: 
01:50:25.653 [ducttape-0] DEBUG org.testcontainers.dockerclient.DockerClientProviderStrategy - Pinging docker daemon...
01:50:25.653 [ducttape-0] DEBUG org.testcontainers.shaded.com.github.dockerjava.core.command.AbstrDockerCmd - Cmd: 
01:50:25.754 [ducttape-0] DEBUG org.testcontainers.dockerclient.DockerClientProviderStrategy - Pinging docker daemon...
01:50:25.754 [ducttape-0] DEBUG org.testcontainers.shaded.com.github.dockerjava.core.command.AbstrDockerCmd - Cmd: 
01:50:25.855 [ducttape-0] DEBUG org.testcontainers.dockerclient.DockerClientProviderStrategy - Pinging docker daemon...
01:50:25.855 [ducttape-0] DEBUG org.testcontainers.shaded.com.github.dockerjava.core.command.AbstrDockerCmd - Cmd: 
01:50:25.957 [ducttape-0] DEBUG org.testcontainers.dockerclient.DockerClientProviderStrategy - Pinging docker daemon...
01:50:25.957 [ducttape-0] DEBUG org.testcontainers.shaded.com.github.dockerjava.core.command.AbstrDockerCmd - Cmd: 
01:50:26.058 [ducttape-0] DEBUG org.testcontainers.dockerclient.DockerClientProviderStrategy - Pinging docker daemon...
01:50:26.058 [ducttape-0] DEBUG org.testcontainers.shaded.com.github.dockerjava.core.command.AbstrDockerCmd - Cmd: 
01:50:26.159 [ducttape-0] DEBUG org.testcontainers.dockerclient.DockerClientProviderStrategy - Pinging docker daemon...
01:50:26.159 [ducttape-0] DEBUG org.testcontainers.shaded.com.github.dockerjava.core.command.AbstrDockerCmd - Cmd: 
01:50:26.261 [ducttape-0] DEBUG org.testcontainers.dockerclient.DockerClientProviderStrategy - Pinging docker daemon...
01:50:26.261 [ducttape-0] DEBUG org.testcontainers.shaded.com.github.dockerjava.core.command.AbstrDockerCmd - Cmd: 
01:50:26.362 [ducttape-0] DEBUG org.testcontainers.dockerclient.DockerClientProviderStrategy - Pinging docker daemon...
01:50:26.362 [ducttape-0] DEBUG org.testcontainers.shaded.com.github.dockerjava.core.command.AbstrDockerCmd - Cmd: 
01:50:26.463 [ducttape-0] DEBUG org.testcontainers.dockerclient.DockerClientProviderStrategy - Pinging docker daemon...
01:50:26.463 [ducttape-0] DEBUG org.testcontainers.shaded.com.github.dockerjava.core.command.AbstrDockerCmd - Cmd: 
01:50:26.564 [ducttape-0] DEBUG org.testcontainers.dockerclient.DockerClientProviderStrategy - Pinging docker daemon...
01:50:26.564 [ducttape-0] DEBUG org.testcontainers.shaded.com.github.dockerjava.core.command.AbstrDockerCmd - Cmd: 
01:50:26.665 [ducttape-0] DEBUG org.testcontainers.dockerclient.DockerClientProviderStrategy - Pinging docker daemon...
01:50:26.666 [ducttape-0] DEBUG org.testcontainers.shaded.com.github.dockerjava.core.command.AbstrDockerCmd - Cmd: 
01:50:26.767 [ducttape-0] DEBUG org.testcontainers.dockerclient.DockerClientProviderStrategy - Pinging docker daemon...
01:50:26.767 [ducttape-0] DEBUG org.testcontainers.shaded.com.github.dockerjava.core.command.AbstrDockerCmd - Cmd: 
01:50:26.868 [ducttape-0] DEBUG org.testcontainers.dockerclient.DockerClientProviderStrategy - Pinging docker daemon...
01:50:26.868 [ducttape-0] DEBUG org.testcontainers.shaded.com.github.dockerjava.core.command.AbstrDockerCmd - Cmd: 
01:50:26.969 [ducttape-0] DEBUG org.testcontainers.dockerclient.DockerClientProviderStrategy - Pinging docker daemon...
01:50:26.969 [ducttape-0] DEBUG org.testcontainers.shaded.com.github.dockerjava.core.command.AbstrDockerCmd - Cmd: 
01:50:27.070 [ducttape-0] DEBUG org.testcontainers.dockerclient.DockerClientProviderStrategy - Pinging docker daemon...
01:50:27.070 [ducttape-0] DEBUG org.testcontainers.shaded.com.github.dockerjava.core.command.AbstrDockerCmd - Cmd: 
01:50:27.172 [ducttape-0] DEBUG org.testcontainers.dockerclient.DockerClientProviderStrategy - Pinging docker daemon...
01:50:27.172 [ducttape-0] DEBUG org.testcontainers.shaded.com.github.dockerjava.core.command.AbstrDockerCmd - Cmd: 
01:50:27.273 [ducttape-0] DEBUG org.testcontainers.dockerclient.DockerClientProviderStrategy - Pinging docker daemon...
01:50:27.273 [ducttape-0] DEBUG org.testcontainers.shaded.com.github.dockerjava.core.command.AbstrDockerCmd - Cmd: 
01:50:27.374 [ducttape-0] DEBUG org.testcontainers.dockerclient.DockerClientProviderStrategy - Pinging docker daemon...
01:50:27.374 [ducttape-0] DEBUG org.testcontainers.shaded.com.github.dockerjava.core.command.AbstrDockerCmd - Cmd: 
01:50:27.476 [ducttape-0] DEBUG org.testcontainers.dockerclient.DockerClientProviderStrategy - Pinging docker daemon...
01:50:27.476 [ducttape-0] DEBUG org.testcontainers.shaded.com.github.dockerjava.core.command.AbstrDockerCmd - Cmd: 
01:50:27.577 [ducttape-0] DEBUG org.testcontainers.dockerclient.DockerClientProviderStrategy - Pinging docker daemon...
01:50:27.577 [ducttape-0] DEBUG org.testcontainers.shaded.com.github.dockerjava.core.command.AbstrDockerCmd - Cmd: 
01:50:27.678 [ducttape-0] DEBUG org.testcontainers.dockerclient.DockerClientProviderStrategy - Pinging docker daemon...
01:50:27.678 [ducttape-0] DEBUG org.testcontainers.shaded.com.github.dockerjava.core.command.AbstrDockerCmd - Cmd: 
01:50:27.779 [ducttape-0] DEBUG org.testcontainers.dockerclient.DockerClientProviderStrategy - Pinging docker daemon...
01:50:27.779 [ducttape-0] DEBUG org.testcontainers.shaded.com.github.dockerjava.core.command.AbstrDockerCmd - Cmd: 
01:50:27.880 [ducttape-0] DEBUG org.testcontainers.dockerclient.DockerClientProviderStrategy - Pinging docker daemon...
01:50:27.880 [ducttape-0] DEBUG org.testcontainers.shaded.com.github.dockerjava.core.command.AbstrDockerCmd - Cmd: 
01:50:27.983 [ducttape-0] DEBUG org.testcontainers.dockerclient.DockerClientProviderStrategy - Pinging docker daemon...
01:50:27.983 [ducttape-0] DEBUG org.testcontainers.shaded.com.github.dockerjava.core.command.AbstrDockerCmd - Cmd: 
01:50:28.085 [ducttape-0] DEBUG org.testcontainers.dockerclient.DockerClientProviderStrategy - Pinging docker daemon...
01:50:28.085 [ducttape-0] DEBUG org.testcontainers.shaded.com.github.dockerjava.core.command.AbstrDockerCmd - Cmd: 
01:50:28.186 [ducttape-0] DEBUG org.testcontainers.dockerclient.DockerClientProviderStrategy - Pinging docker daemon...
01:50:28.186 [ducttape-0] DEBUG org.testcontainers.shaded.com.github.dockerjava.core.command.AbstrDockerCmd - Cmd: 
01:50:28.288 [ducttape-0] DEBUG org.testcontainers.dockerclient.DockerClientProviderStrategy - Pinging docker daemon...
01:50:28.288 [ducttape-0] DEBUG org.testcontainers.shaded.com.github.dockerjava.core.command.AbstrDockerCmd - Cmd: 
01:50:28.389 [ducttape-0] DEBUG org.testcontainers.dockerclient.DockerClientProviderStrategy - Pinging docker daemon...
01:50:28.389 [ducttape-0] DEBUG org.testcontainers.shaded.com.github.dockerjava.core.command.AbstrDockerCmd - Cmd: 
01:50:28.490 [ducttape-0] DEBUG org.testcontainers.dockerclient.DockerClientProviderStrategy - Pinging docker daemon...
01:50:28.491 [ducttape-0] DEBUG org.testcontainers.shaded.com.github.dockerjava.core.command.AbstrDockerCmd - Cmd: 
01:50:28.592 [ducttape-0] DEBUG org.testcontainers.dockerclient.DockerClientProviderStrategy - Pinging docker daemon...
01:50:28.592 [ducttape-0] DEBUG org.testcontainers.shaded.com.github.dockerjava.core.command.AbstrDockerCmd - Cmd: 
01:50:28.693 [ducttape-0] DEBUG org.testcontainers.dockerclient.DockerClientProviderStrategy - Pinging docker daemon...
01:50:28.693 [ducttape-0] DEBUG org.testcontainers.shaded.com.github.dockerjava.core.command.AbstrDockerCmd - Cmd: 
01:50:28.795 [ducttape-0] DEBUG org.testcontainers.dockerclient.DockerClientProviderStrategy - Pinging docker daemon...
01:50:28.795 [ducttape-0] DEBUG org.testcontainers.shaded.com.github.dockerjava.core.command.AbstrDockerCmd - Cmd: 
01:50:28.896 [ducttape-0] DEBUG org.testcontainers.dockerclient.DockerClientProviderStrategy - Pinging docker daemon...
01:50:28.896 [ducttape-0] DEBUG org.testcontainers.shaded.com.github.dockerjava.core.command.AbstrDockerCmd - Cmd: 
01:50:28.997 [ducttape-0] DEBUG org.testcontainers.dockerclient.DockerClientProviderStrategy - Pinging docker daemon...
01:50:28.997 [ducttape-0] DEBUG org.testcontainers.shaded.com.github.dockerjava.core.command.AbstrDockerCmd - Cmd: 
01:50:29.098 [ducttape-0] DEBUG org.testcontainers.dockerclient.DockerClientProviderStrategy - Pinging docker daemon...
01:50:29.099 [ducttape-0] DEBUG org.testcontainers.shaded.com.github.dockerjava.core.command.AbstrDockerCmd - Cmd: 
01:50:29.200 [ducttape-0] DEBUG org.testcontainers.dockerclient.DockerClientProviderStrategy - Pinging docker daemon...
01:50:29.200 [ducttape-0] DEBUG org.testcontainers.shaded.com.github.dockerjava.core.command.AbstrDockerCmd - Cmd: 
01:50:29.302 [ducttape-0] DEBUG org.testcontainers.dockerclient.DockerClientProviderStrategy - Pinging docker daemon...
01:50:29.302 [ducttape-0] DEBUG org.testcontainers.shaded.com.github.dockerjava.core.command.AbstrDockerCmd - Cmd: 
01:50:29.404 [ducttape-0] DEBUG org.testcontainers.dockerclient.DockerClientProviderStrategy - Pinging docker daemon...
01:50:29.404 [ducttape-0] DEBUG org.testcontainers.shaded.com.github.dockerjava.core.command.AbstrDockerCmd - Cmd: 
01:50:29.505 [ducttape-0] DEBUG org.testcontainers.dockerclient.DockerClientProviderStrategy - Pinging docker daemon...
01:50:29.505 [ducttape-0] DEBUG org.testcontainers.shaded.com.github.dockerjava.core.command.AbstrDockerCmd - Cmd: 
01:50:29.606 [ducttape-0] DEBUG org.testcontainers.dockerclient.DockerClientProviderStrategy - Pinging docker daemon...
01:50:29.607 [ducttape-0] DEBUG org.testcontainers.shaded.com.github.dockerjava.core.command.AbstrDockerCmd - Cmd: 
01:50:29.708 [ducttape-0] DEBUG org.testcontainers.dockerclient.DockerClientProviderStrategy - Pinging docker daemon...
01:50:29.708 [ducttape-0] DEBUG org.testcontainers.shaded.com.github.dockerjava.core.command.AbstrDockerCmd - Cmd: 
01:50:29.808 [ducttape-0] DEBUG org.testcontainers.dockerclient.DockerClientProviderStrategy - Pinging docker daemon...
01:50:29.809 [ducttape-0] DEBUG org.testcontainers.shaded.com.github.dockerjava.core.command.AbstrDockerCmd - Cmd: 
01:50:29.910 [ducttape-0] DEBUG org.testcontainers.dockerclient.DockerClientProviderStrategy - Pinging docker daemon...
01:50:29.910 [ducttape-0] DEBUG org.testcontainers.shaded.com.github.dockerjava.core.command.AbstrDockerCmd - Cmd: 
01:50:30.011 [ducttape-0] DEBUG org.testcontainers.dockerclient.DockerClientProviderStrategy - Pinging docker daemon...
01:50:30.011 [ducttape-0] DEBUG org.testcontainers.shaded.com.github.dockerjava.core.command.AbstrDockerCmd - Cmd: 
01:50:30.112 [ducttape-0] DEBUG org.testcontainers.dockerclient.DockerClientProviderStrategy - Pinging docker daemon...
01:50:30.112 [ducttape-0] DEBUG org.testcontainers.shaded.com.github.dockerjava.core.command.AbstrDockerCmd - Cmd: 
01:50:30.213 [ducttape-0] DEBUG org.testcontainers.dockerclient.DockerClientProviderStrategy - Pinging docker daemon...
01:50:30.213 [ducttape-0] DEBUG org.testcontainers.shaded.com.github.dockerjava.core.command.AbstrDockerCmd - Cmd: 
01:50:30.314 [ducttape-0] DEBUG org.testcontainers.dockerclient.DockerClientProviderStrategy - Pinging docker daemon...
01:50:30.314 [ducttape-0] DEBUG org.testcontainers.shaded.com.github.dockerjava.core.command.AbstrDockerCmd - Cmd: 
01:50:30.415 [ducttape-0] DEBUG org.testcontainers.dockerclient.DockerClientProviderStrategy - Pinging docker daemon...
01:50:30.415 [ducttape-0] DEBUG org.testcontainers.shaded.com.github.dockerjava.core.command.AbstrDockerCmd - Cmd: 
01:50:30.517 [ducttape-0] DEBUG org.testcontainers.dockerclient.DockerClientProviderStrategy - Pinging docker daemon...
01:50:30.517 [ducttape-0] DEBUG org.testcontainers.shaded.com.github.dockerjava.core.command.AbstrDockerCmd - Cmd: 
01:50:30.618 [ducttape-0] DEBUG org.testcontainers.dockerclient.DockerClientProviderStrategy - Pinging docker daemon...
01:50:30.618 [ducttape-0] DEBUG org.testcontainers.shaded.com.github.dockerjava.core.command.AbstrDockerCmd - Cmd: 
01:50:30.719 [ducttape-0] DEBUG org.testcontainers.dockerclient.DockerClientProviderStrategy - Pinging docker daemon...
01:50:30.719 [ducttape-0] DEBUG org.testcontainers.shaded.com.github.dockerjava.core.command.AbstrDockerCmd - Cmd: 
01:50:30.820 [ducttape-0] DEBUG org.testcontainers.dockerclient.DockerClientProviderStrategy - Pinging docker daemon...
01:50:30.820 [ducttape-0] DEBUG org.testcontainers.shaded.com.github.dockerjava.core.command.AbstrDockerCmd - Cmd: 
01:50:30.922 [ducttape-0] DEBUG org.testcontainers.dockerclient.DockerClientProviderStrategy - Pinging docker daemon...
01:50:30.922 [ducttape-0] DEBUG org.testcontainers.shaded.com.github.dockerjava.core.command.AbstrDockerCmd - Cmd: 
01:50:31.023 [ducttape-0] DEBUG org.testcontainers.dockerclient.DockerClientProviderStrategy - Pinging docker daemon...
01:50:31.023 [ducttape-0] DEBUG org.testcontainers.shaded.com.github.dockerjava.core.command.AbstrDockerCmd - Cmd: 
01:50:31.124 [ducttape-0] DEBUG org.testcontainers.dockerclient.DockerClientProviderStrategy - Pinging docker daemon...
01:50:31.124 [ducttape-0] DEBUG org.testcontainers.shaded.com.github.dockerjava.core.command.AbstrDockerCmd - Cmd: 
01:50:31.225 [ducttape-0] DEBUG org.testcontainers.dockerclient.DockerClientProviderStrategy - Pinging docker daemon...
01:50:31.225 [ducttape-0] DEBUG org.testcontainers.shaded.com.github.dockerjava.core.command.AbstrDockerCmd - Cmd: 
01:50:31.326 [ducttape-0] DEBUG org.testcontainers.dockerclient.DockerClientProviderStrategy - Pinging docker daemon...
01:50:31.326 [ducttape-0] DEBUG org.testcontainers.shaded.com.github.dockerjava.core.command.AbstrDockerCmd - Cmd: 
01:50:31.427 [ducttape-0] DEBUG org.testcontainers.dockerclient.DockerClientProviderStrategy - Pinging docker daemon...
01:50:31.428 [ducttape-0] DEBUG org.testcontainers.shaded.com.github.dockerjava.core.command.AbstrDockerCmd - Cmd: 
01:50:31.528 [ducttape-0] DEBUG org.testcontainers.dockerclient.DockerClientProviderStrategy - Pinging docker daemon...
01:50:31.528 [ducttape-0] DEBUG org.testcontainers.shaded.com.github.dockerjava.core.command.AbstrDockerCmd - Cmd: 
01:50:31.629 [ducttape-0] DEBUG org.testcontainers.dockerclient.DockerClientProviderStrategy - Pinging docker daemon...
01:50:31.630 [ducttape-0] DEBUG org.testcontainers.shaded.com.github.dockerjava.core.command.AbstrDockerCmd - Cmd: 
01:50:31.731 [ducttape-0] DEBUG org.testcontainers.dockerclient.DockerClientProviderStrategy - Pinging docker daemon...
01:50:31.731 [ducttape-0] DEBUG org.testcontainers.shaded.com.github.dockerjava.core.command.AbstrDockerCmd - Cmd: 
01:50:31.832 [ducttape-0] DEBUG org.testcontainers.dockerclient.DockerClientProviderStrategy - Pinging docker daemon...
01:50:31.832 [ducttape-0] DEBUG org.testcontainers.shaded.com.github.dockerjava.core.command.AbstrDockerCmd - Cmd: 
01:50:31.933 [ducttape-0] DEBUG org.testcontainers.dockerclient.DockerClientProviderStrategy - Pinging docker daemon...
01:50:31.933 [ducttape-0] DEBUG org.testcontainers.shaded.com.github.dockerjava.core.command.AbstrDockerCmd - Cmd: 
01:50:32.034 [ducttape-0] DEBUG org.testcontainers.dockerclient.DockerClientProviderStrategy - Pinging docker daemon...
01:50:32.034 [ducttape-0] DEBUG org.testcontainers.shaded.com.github.dockerjava.core.command.AbstrDockerCmd - Cmd: 
01:50:32.135 [ducttape-0] DEBUG org.testcontainers.dockerclient.DockerClientProviderStrategy - Pinging docker daemon...
01:50:32.136 [ducttape-0] DEBUG org.testcontainers.shaded.com.github.dockerjava.core.command.AbstrDockerCmd - Cmd: 
01:50:32.237 [ducttape-0] DEBUG org.testcontainers.dockerclient.DockerClientProviderStrategy - Pinging docker daemon...
01:50:32.237 [ducttape-0] DEBUG org.testcontainers.shaded.com.github.dockerjava.core.command.AbstrDockerCmd - Cmd: 
01:50:32.338 [ducttape-0] DEBUG org.testcontainers.dockerclient.DockerClientProviderStrategy - Pinging docker daemon...
01:50:32.338 [ducttape-0] DEBUG org.testcontainers.shaded.com.github.dockerjava.core.command.AbstrDockerCmd - Cmd: 
01:50:32.439 [ducttape-0] DEBUG org.testcontainers.dockerclient.DockerClientProviderStrategy - Pinging docker daemon...
01:50:32.440 [ducttape-0] DEBUG org.testcontainers.shaded.com.github.dockerjava.core.command.AbstrDockerCmd - Cmd: 
01:50:32.541 [ducttape-0] DEBUG org.testcontainers.dockerclient.DockerClientProviderStrategy - Pinging docker daemon...
01:50:32.541 [ducttape-0] DEBUG org.testcontainers.shaded.com.github.dockerjava.core.command.AbstrDockerCmd - Cmd: 
01:50:32.642 [ducttape-0] DEBUG org.testcontainers.dockerclient.DockerClientProviderStrategy - Pinging docker daemon...
01:50:32.642 [ducttape-0] DEBUG org.testcontainers.shaded.com.github.dockerjava.core.command.AbstrDockerCmd - Cmd: 
01:50:32.743 [ducttape-0] DEBUG org.testcontainers.dockerclient.DockerClientProviderStrategy - Pinging docker daemon...
01:50:32.743 [ducttape-0] DEBUG org.testcontainers.shaded.com.github.dockerjava.core.command.AbstrDockerCmd - Cmd: 
01:50:32.844 [ducttape-0] DEBUG org.testcontainers.dockerclient.DockerClientProviderStrategy - Pinging docker daemon...
01:50:32.844 [ducttape-0] DEBUG org.testcontainers.shaded.com.github.dockerjava.core.command.AbstrDockerCmd - Cmd: 
01:50:32.945 [ducttape-0] DEBUG org.testcontainers.dockerclient.DockerClientProviderStrategy - Pinging docker daemon...
01:50:32.946 [ducttape-0] DEBUG org.testcontainers.shaded.com.github.dockerjava.core.command.AbstrDockerCmd - Cmd: 
01:50:33.047 [ducttape-0] DEBUG org.testcontainers.dockerclient.DockerClientProviderStrategy - Pinging docker daemon...
01:50:33.047 [ducttape-0] DEBUG org.testcontainers.shaded.com.github.dockerjava.core.command.AbstrDockerCmd - Cmd: 
01:50:33.149 [ducttape-0] DEBUG org.testcontainers.dockerclient.DockerClientProviderStrategy - Pinging docker daemon...
01:50:33.149 [ducttape-0] DEBUG org.testcontainers.shaded.com.github.dockerjava.core.command.AbstrDockerCmd - Cmd: 
01:50:33.233 [main] DEBUG org.testcontainers.dockerclient.DockerClientProviderStrategy - UnixSocketClientProviderStrategy: failed with exception TimeoutException (Timeout waiting for result with exception). Root cause IOException (native connect() failed : Permission denied)
01:50:33.234 [main] ERROR org.testcontainers.dockerclient.DockerClientProviderStrategy - Could not find a valid Docker environment. Please check configuration. Attempted configurations were:
01:50:33.234 [main] ERROR org.testcontainers.dockerclient.DockerClientProviderStrategy -     UnixSocketClientProviderStrategy: failed with exception TimeoutException (Timeout waiting for result with exception). Root cause IOException (native connect() failed : Permission denied)
01:50:33.234 [main] ERROR org.testcontainers.dockerclient.DockerClientProviderStrategy - As no valid configuration was found, execution cannot continue
[ERROR] Tests run: 1, Failures: 0, Errors: 1, Skipped: 0, Time elapsed: 30.493 s <<< FAILURE! - in org.togglz.mongodb.MongoStateRepositoryTest
[ERROR] org.togglz.mongodb.MongoStateRepositoryTest  Time elapsed: 30.492 s  <<< ERROR!
java.lang.IllegalStateException: Could not find a valid Docker environment. Please see logs and check configuration
	at org.togglz.mongodb.MongoStateRepositoryTest.beforeClass(MongoStateRepositoryTest.java:26)

01:50:33.250 [ducttape-0] DEBUG org.testcontainers.dockerclient.DockerClientProviderStrategy - Pinging docker daemon...
01:50:33.250 [ducttape-0] DEBUG org.testcontainers.shaded.com.github.dockerjava.core.command.AbstrDockerCmd - Cmd: 
[INFO] 
[INFO] Results:
[INFO] 
[ERROR] Errors: 
[ERROR]   MongoStateRepositoryTest.beforeClass:26  IllegalState Could not find a valid ...
[INFO] 
[ERROR] Tests run: 1, Failures: 0, Errors: 1, Skipped: 0
[INFO] 
[INFO] ------------------------------------------------------------------------
[INFO] Reactor Summary for Togglz 3.0.1-SNAPSHOT:
[INFO] 
[INFO] Togglz ............................................. SUCCESS [  3.884 s]
[INFO] Togglz - Core Framework ............................ SUCCESS [  7.165 s]
[INFO] Togglz - Test Harness .............................. SUCCESS [  0.236 s]
[INFO] Togglz - SLF4J integration ......................... SUCCESS [  0.027 s]
[INFO] Togglz - Servlet integration ....................... SUCCESS [  1.775 s]
[INFO] Togglz - Admin Console ............................. SUCCESS [  0.753 s]
[INFO] Togglz - CDI integration ........................... SUCCESS [  0.860 s]
[INFO] Togglz - Guice integration ......................... SUCCESS [ 10.467 s]
[INFO] Togglz - Spring Framework integration .............. SUCCESS [  1.796 s]
[INFO] Togglz - Spring Web integration .................... SUCCESS [  2.716 s]
[INFO] Togglz - Spring Security integration ............... SUCCESS [  1.872 s]
[INFO] Togglz - Spring Boot POM ........................... SUCCESS [  0.015 s]
[INFO] Togglz - Spring Boot Starter ....................... SUCCESS [  1.428 s]
[INFO] Togglz - DeltaSpike integration .................... SUCCESS [  1.069 s]
[INFO] Togglz - Apache Shiro integration .................. SUCCESS [  7.468 s]
[INFO] Togglz - Google App Engine Integration ............. SUCCESS [  2.489 s]
[INFO] Togglz - Google Cloud Datastore Integration ........ SUCCESS [  0.240 s]
[INFO] Togglz - Google Cloud Storage Integration .......... SUCCESS [  1.455 s]
[INFO] Togglz - MongoDB integration ....................... FAILURE [ 31.311 s]
[INFO] Togglz - Testing Support ........................... SKIPPED
[INFO] Togglz - JUnit integration ......................... SKIPPED
[INFO] Togglz - Spock integration ......................... SKIPPED
[INFO] Togglz - Cassandra integration ..................... SKIPPED
[INFO] Togglz - Hazelcast integration ..................... SKIPPED
[INFO] Togglz - Apache Zookeeper Integration .............. SKIPPED
[INFO] Togglz - DynamoDB integration ...................... SKIPPED
[INFO] Togglz - Amazon S3 integration ..................... SKIPPED
[INFO] Togglz - JMH benchmarks ............................ SKIPPED
[INFO] Togglz - Slack integration ......................... SKIPPED
[INFO] Togglz - Redis integration ......................... SKIPPED
[INFO] Togglz - Kotlin wrapper ............................ SKIPPED
[INFO] ------------------------------------------------------------------------
[INFO] BUILD FAILURE
[INFO] ------------------------------------------------------------------------
[INFO] Total time:  01:17 min
[INFO] Finished at: 2023-02-12T01:50:33Z
[INFO] ------------------------------------------------------------------------
[ERROR] Failed to execute goal org.apache.maven.plugins:maven-surefire-plugin:2.22.2:test (default-test) on project togglz-mongodb: There are test failures.
[ERROR] 
[ERROR] Please refer to /home/gabsko/breaking-updates/mongodb/target/surefire-reports for the individual test results.
[ERROR] Please refer to dump files (if any exist) [date].dump, [date]-jvmRun[N].dump and [date].dumpstream.
[ERROR] -> [Help 1]
[ERROR] 
[ERROR] To see the full stack trace of the errors, re-run Maven with the -e switch.
[ERROR] Re-run Maven using the -X switch to enable full debug logging.
[ERROR] 
[ERROR] For more information about the errors and possible solutions, please read the following articles:
[ERROR] [Help 1] http://cwiki.apache.org/confluence/display/MAVEN/MojoFailureException
[ERROR] 
[ERROR] After correcting the problems, you can resume the build with the command
[ERROR]   mvn <args> -rf :togglz-mongodb
