[INFO] Scanning for projects...
[INFO] ------------------------------------------------------------------------
[INFO] Reactor Build Order:
[INFO] 
[INFO] FluentLenium                                                       [pom]
[INFO] FluentLenium Core                                                  [jar]
[INFO] FluentLenium TestNG                                                [jar]
[INFO] FluentLenium AssertJ                                               [jar]
[INFO] FluentLenium JUnit Jupiter                                         [jar]
[INFO] FluentLenium Integration Tests                                     [jar]
[INFO] FluentLenium JUnit                                                 [jar]
[INFO] FluentLenium Spring TestNG                                         [jar]
[INFO] FluentLenium Cucumber                                              [jar]
[INFO] FluentLenium Spock                                                 [jar]
[INFO] FluentLenium Kotest                                                [jar]
[INFO] FluentLenium Kotest Assertions                                     [jar]
[INFO] FluentLenium Coverage Report                                       [jar]
[INFO] 
[INFO] ----------------< org.fluentlenium:fluentlenium-parent >----------------
[INFO] Building FluentLenium 5.0.5-SNAPSHOT                              [1/13]
[INFO] --------------------------------[ pom ]---------------------------------
[INFO] 
[INFO] --- maven-clean-plugin:3.2.0:clean (default-clean) @ fluentlenium-parent ---
[INFO] 
[INFO] --- flatten-maven-plugin:1.3.0:clean (flatten.clean) @ fluentlenium-parent ---
[INFO] Deleting /home/gabsko/breaking-updates/.flattened-pom.xml
[INFO] 
[INFO] --- maven-enforcer-plugin:3.1.0:enforce (enforce-maven) @ fluentlenium-parent ---
[INFO] 
[INFO] --- jacoco-maven-plugin:0.8.8:prepare-agent (prepare-agent) @ fluentlenium-parent ---
[INFO] argLine set to -javaagent:/home/gabsko/.m2/repository/org/jacoco/org.jacoco.agent/0.8.8/org.jacoco.agent-0.8.8-runtime.jar=destfile=/home/gabsko/breaking-updates/target/jacoco.exec,excludes=**com.steadystate*:**com/gargoylesoftware*
[INFO] 
[INFO] --- flatten-maven-plugin:1.3.0:flatten (flatten) @ fluentlenium-parent ---
[INFO] Generating flattened POM of project org.fluentlenium:fluentlenium-parent:pom:5.0.5-SNAPSHOT...
[INFO] 
[INFO] -----------------< org.fluentlenium:fluentlenium-core >-----------------
[INFO] Building FluentLenium Core 5.0.5-SNAPSHOT                         [2/13]
[INFO] --------------------------------[ jar ]---------------------------------
[INFO] Downloading from central: https://repo.maven.apache.org/maven2/org/seleniumhq/selenium/selenium-devtools-v85/4.2.2/selenium-devtools-v85-4.2.2.jar
[INFO] Downloading from central: https://repo.maven.apache.org/maven2/org/seleniumhq/selenium/selenium-chrome-driver/4.2.2/selenium-chrome-driver-4.2.2.jar
[INFO] Downloading from central: https://repo.maven.apache.org/maven2/org/objenesis/objenesis/3.3/objenesis-3.3.jar
[INFO] Downloading from central: https://repo.maven.apache.org/maven2/org/seleniumhq/selenium/selenium-chromium-driver/4.2.2/selenium-chromium-driver-4.2.2.jar
[INFO] Downloading from central: https://repo.maven.apache.org/maven2/org/seleniumhq/selenium/selenium-firefox-driver/4.2.2/selenium-firefox-driver-4.2.2.jar
[INFO] Downloaded from central: https://repo.maven.apache.org/maven2/org/objenesis/objenesis/3.3/objenesis-3.3.jar (0 B at 0 B/s)
[INFO] Downloaded from central: https://repo.maven.apache.org/maven2/org/seleniumhq/selenium/selenium-chromium-driver/4.2.2/selenium-chromium-driver-4.2.2.jar (0 B at 0 B/s)
[INFO] Downloading from central: https://repo.maven.apache.org/maven2/org/seleniumhq/selenium/selenium-ie-driver/4.2.2/selenium-ie-driver-4.2.2.jar
[INFO] Downloading from central: https://repo.maven.apache.org/maven2/org/seleniumhq/selenium/selenium-edge-driver/4.2.2/selenium-edge-driver-4.2.2.jar
[INFO] Downloaded from central: https://repo.maven.apache.org/maven2/org/seleniumhq/selenium/selenium-chrome-driver/4.2.2/selenium-chrome-driver-4.2.2.jar (0 B at 0 B/s)
[INFO] Downloading from central: https://repo.maven.apache.org/maven2/org/seleniumhq/selenium/selenium-opera-driver/4.2.2/selenium-opera-driver-4.2.2.jar
[INFO] Downloaded from central: https://repo.maven.apache.org/maven2/org/seleniumhq/selenium/selenium-ie-driver/4.2.2/selenium-ie-driver-4.2.2.jar (17 kB at 62 kB/s)
[INFO] Downloaded from central: https://repo.maven.apache.org/maven2/org/seleniumhq/selenium/selenium-opera-driver/4.2.2/selenium-opera-driver-4.2.2.jar (11 kB at 40 kB/s)
[INFO] Downloading from central: https://repo.maven.apache.org/maven2/org/seleniumhq/selenium/selenium-safari-driver/4.2.2/selenium-safari-driver-4.2.2.jar
[INFO] Downloading from central: https://repo.maven.apache.org/maven2/ch/qos/logback/logback-classic/1.3.0/logback-classic-1.3.0.jar
[INFO] Downloaded from central: https://repo.maven.apache.org/maven2/org/seleniumhq/selenium/selenium-edge-driver/4.2.2/selenium-edge-driver-4.2.2.jar (13 kB at 47 kB/s)
[INFO] Downloading from central: https://repo.maven.apache.org/maven2/ch/qos/logback/logback-core/1.3.0/logback-core-1.3.0.jar
[INFO] Downloaded from central: https://repo.maven.apache.org/maven2/org/seleniumhq/selenium/selenium-firefox-driver/4.2.2/selenium-firefox-driver-4.2.2.jar (98 kB at 343 kB/s)
[INFO] Downloading from central: https://repo.maven.apache.org/maven2/org/slf4j/jul-to-slf4j/2.0.0/jul-to-slf4j-2.0.0.jar
[INFO] Downloaded from central: https://repo.maven.apache.org/maven2/org/slf4j/jul-to-slf4j/2.0.0/jul-to-slf4j-2.0.0.jar (4.7 kB at 16 kB/s)
[INFO] Downloaded from central: https://repo.maven.apache.org/maven2/org/seleniumhq/selenium/selenium-safari-driver/4.2.2/selenium-safari-driver-4.2.2.jar (25 kB at 79 kB/s)
[INFO] Downloaded from central: https://repo.maven.apache.org/maven2/ch/qos/logback/logback-classic/1.3.0/logback-classic-1.3.0.jar (257 kB at 694 kB/s)
[INFO] Downloaded from central: https://repo.maven.apache.org/maven2/ch/qos/logback/logback-core/1.3.0/logback-core-1.3.0.jar (546 kB at 1.5 MB/s)
[INFO] Downloaded from central: https://repo.maven.apache.org/maven2/org/seleniumhq/selenium/selenium-devtools-v85/4.2.2/selenium-devtools-v85-4.2.2.jar (1.1 MB at 2.9 MB/s)
[INFO] 
[INFO] --- maven-clean-plugin:3.2.0:clean (default-clean) @ fluentlenium-core ---
[INFO] Deleting /home/gabsko/breaking-updates/fluentlenium-core/target
[INFO] 
[INFO] --- flatten-maven-plugin:1.3.0:clean (flatten.clean) @ fluentlenium-core ---
[INFO] Deleting /home/gabsko/breaking-updates/fluentlenium-core/.flattened-pom.xml
[INFO] 
[INFO] --- maven-enforcer-plugin:3.1.0:enforce (enforce-maven) @ fluentlenium-core ---
[INFO] 
[INFO] --- jacoco-maven-plugin:0.8.8:prepare-agent (prepare-agent) @ fluentlenium-core ---
[INFO] argLine set to -javaagent:/home/gabsko/.m2/repository/org/jacoco/org.jacoco.agent/0.8.8/org.jacoco.agent-0.8.8-runtime.jar=destfile=/home/gabsko/breaking-updates/fluentlenium-core/target/jacoco.exec,excludes=**com.steadystate*:**com/gargoylesoftware*
[INFO] 
[INFO] --- maven-resources-plugin:3.3.0:resources (default-resources) @ fluentlenium-core ---
[INFO] Copying 2 resources
[INFO] 
[INFO] --- flatten-maven-plugin:1.3.0:flatten (flatten) @ fluentlenium-core ---
[INFO] Generating flattened POM of project org.fluentlenium:fluentlenium-core:jar:5.0.5-SNAPSHOT...
[INFO] 
[INFO] --- maven-compiler-plugin:3.10.1:compile (default-compile) @ fluentlenium-core ---
[INFO] Changes detected - recompiling the module!
[INFO] Compiling 346 source files to /home/gabsko/breaking-updates/fluentlenium-core/target/classes
[INFO] /home/gabsko/breaking-updates/fluentlenium-core/src/main/java/org/fluentlenium/core/events/EventsRegistry.java: Some input files use or override a deprecated API.
[INFO] /home/gabsko/breaking-updates/fluentlenium-core/src/main/java/org/fluentlenium/core/events/EventsRegistry.java: Recompile with -Xlint:deprecation for details.
[INFO] /home/gabsko/breaking-updates/fluentlenium-core/src/main/java/org/fluentlenium/core/domain/FluentWebElement.java: Some input files use unchecked or unsafe operations.
[INFO] /home/gabsko/breaking-updates/fluentlenium-core/src/main/java/org/fluentlenium/core/domain/FluentWebElement.java: Recompile with -Xlint:unchecked for details.
[INFO] 
[INFO] --- maven-resources-plugin:3.3.0:testResources (default-testResources) @ fluentlenium-core ---
[INFO] Copying 15 resources
[INFO] 
[INFO] --- maven-compiler-plugin:3.10.1:testCompile (default-testCompile) @ fluentlenium-core ---
[INFO] Changes detected - recompiling the module!
[INFO] Compiling 142 source files to /home/gabsko/breaking-updates/fluentlenium-core/target/test-classes
[INFO] /home/gabsko/breaking-updates/fluentlenium-core/src/test/java/org/fluentlenium/core/performance/HtmlUnitPerformanceTimingMetricsTest.java: Some input files use or override a deprecated API.
[INFO] /home/gabsko/breaking-updates/fluentlenium-core/src/test/java/org/fluentlenium/core/performance/HtmlUnitPerformanceTimingMetricsTest.java: Recompile with -Xlint:deprecation for details.
[INFO] /home/gabsko/breaking-updates/fluentlenium-core/src/test/java/org/fluentlenium/core/proxy/ProxyHookTest.java: Some input files use unchecked or unsafe operations.
[INFO] /home/gabsko/breaking-updates/fluentlenium-core/src/test/java/org/fluentlenium/core/proxy/ProxyHookTest.java: Recompile with -Xlint:unchecked for details.
[INFO] 
[INFO] --- maven-surefire-plugin:3.0.0-M7:test (default-test) @ fluentlenium-core ---
[INFO] Using auto detected provider org.apache.maven.surefire.junit4.JUnit4Provider
[INFO] 
[INFO] -------------------------------------------------------
[INFO]  T E S T S
[INFO] -------------------------------------------------------
[INFO] Running org.fluentlenium.utils.ReflectionUtilsTest
[INFO] Tests run: 3, Failures: 0, Errors: 0, Skipped: 0, Time elapsed: 0.2 s - in org.fluentlenium.utils.ReflectionUtilsTest
[INFO] Running org.fluentlenium.utils.SeleniumVersionCheckLoggingTest
13:07:53.988 [main] INFO  SeleniumVersionChecker - FluentLenium wasn't able to read Selenium version from your pom.xml. Skipped compatibility check. Please make sure you are using correct Selenium version - 4.2.2
13:07:53.997 [main] WARN  SeleniumVersionChecker - You are using incompatible Selenium version. Please change it to 4.2.2. You can find example on project main page https://github.com/FluentLenium/FluentLenium
[INFO] Tests run: 4, Failures: 0, Errors: 0, Skipped: 0, Time elapsed: 0.395 s - in org.fluentlenium.utils.SeleniumVersionCheckLoggingTest
[INFO] Running org.fluentlenium.utils.SeleniumVersionCheckerRetrieveVersionTest
[INFO] Tests run: 4, Failures: 0, Errors: 0, Skipped: 0, Time elapsed: 0 s - in org.fluentlenium.utils.SeleniumVersionCheckerRetrieveVersionTest
[INFO] Running org.fluentlenium.utils.ChromiumApiTest
13:07:54.802 [main] ERROR ChromiumApi - Failed to define command via reflection
13:07:54.807 [main] ERROR ChromiumApi - Failed to define command via reflection
13:07:54.808 [main] INFO  ChromiumApi - Command "" executed with null state
13:07:54.811 [main] ERROR ChromiumApi - Failed to define command via reflection
13:07:54.816 [main] ERROR ChromiumApi - Failed to define command via reflection
13:07:54.816 [main] INFO  ChromiumApi - Command "" executed with null state
[INFO] Tests run: 4, Failures: 0, Errors: 0, Skipped: 0, Time elapsed: 0.822 s - in org.fluentlenium.utils.ChromiumApiTest
[INFO] Running org.fluentlenium.utils.UrlUtilsTest
[INFO] Tests run: 17, Failures: 0, Errors: 0, Skipped: 0, Time elapsed: 0.022 s - in org.fluentlenium.utils.UrlUtilsTest
[INFO] Running org.fluentlenium.core.domain.FluentListSearchTest
[INFO] Tests run: 6, Failures: 0, Errors: 0, Skipped: 0, Time elapsed: 0.225 s - in org.fluentlenium.core.domain.FluentListSearchTest
[INFO] Running org.fluentlenium.core.domain.FluentWebElementTest
[INFO] Tests run: 43, Failures: 0, Errors: 0, Skipped: 0, Time elapsed: 0.468 s - in org.fluentlenium.core.domain.FluentWebElementTest
[INFO] Running org.fluentlenium.core.domain.FluentListImplTest
[INFO] Tests run: 27, Failures: 0, Errors: 0, Skipped: 0, Time elapsed: 0.266 s - in org.fluentlenium.core.domain.FluentListImplTest
[INFO] Running org.fluentlenium.core.domain.FluentJavascriptTest
[INFO] Tests run: 2, Failures: 0, Errors: 0, Skipped: 0, Time elapsed: 0.011 s - in org.fluentlenium.core.domain.FluentJavascriptTest
[INFO] Running org.fluentlenium.core.FluentDriverHtmlDumperTest
13:07:55.898 [main] INFO  FluentDriverHtmlDumper - Created HTML dump at: /tmp/htmldump.html16711577744797865872
13:07:55.909 [main] INFO  FluentDriverHtmlDumper - Created HTML dump at: /tmp/htmldump.html639172479512847281
[INFO] Tests run: 2, Failures: 0, Errors: 0, Skipped: 0, Time elapsed: 0.035 s - in org.fluentlenium.core.FluentDriverHtmlDumperTest
[INFO] Running org.fluentlenium.core.FluentDriverScreenshotPersisterTest
13:07:55.925 [main] INFO  FluentDriverScreenshotPersister - Created screenshot at: /tmp/junit17753330164483753849/screenshot.png
13:07:55.926 [main] INFO  FluentDriverScreenshotPersister - Created screenshot at: /tmp/junit1901224865530509005/screenshot.png
[INFO] Tests run: 2, Failures: 0, Errors: 0, Skipped: 0, Time elapsed: 0.011 s - in org.fluentlenium.core.FluentDriverScreenshotPersisterTest
[INFO] Running org.fluentlenium.core.FluentDriverTest
[INFO] Tests run: 14, Failures: 0, Errors: 0, Skipped: 0, Time elapsed: 0.365 s - in org.fluentlenium.core.FluentDriverTest
[INFO] Running org.fluentlenium.core.inject.FluentInjectorHookTest
[INFO] Tests run: 9, Failures: 0, Errors: 0, Skipped: 0, Time elapsed: 0.056 s - in org.fluentlenium.core.inject.FluentInjectorHookTest
[INFO] Running org.fluentlenium.core.inject.InjectionAnnotationsTest
[WARNING] Tests run: 8, Failures: 0, Errors: 0, Skipped: 1, Time elapsed: 0.035 s - in org.fluentlenium.core.inject.InjectionAnnotationsTest
[INFO] Running org.fluentlenium.core.inject.LabelAnnotationsTest
[INFO] Tests run: 5, Failures: 0, Errors: 0, Skipped: 0, Time elapsed: 0 s - in org.fluentlenium.core.inject.LabelAnnotationsTest
WARNING: An illegal reflective access operation has occurred
[INFO] Running org.fluentlenium.core.inject.FluentInjectorComponentTest
WARNING: Illegal reflective access by org.fluentlenium.utils.ReflectionUtils (file:/home/gabsko/breaking-updates/fluentlenium-core/target/classes/) to field java.lang.reflect.Proxy.serialVersionUID
WARNING: Please consider reporting this to the maintainers of org.fluentlenium.utils.ReflectionUtils
WARNING: Use --illegal-access=warn to enable warnings of further illegal reflective access operations
WARNING: All illegal access operations will be denied in a future release
[INFO] Tests run: 2, Failures: 0, Errors: 0, Skipped: 0, Time elapsed: 0.005 s - in org.fluentlenium.core.inject.FluentInjectorComponentTest
[INFO] Running org.fluentlenium.core.inject.FluentInjectorListComponentTest
[INFO] Tests run: 1, Failures: 0, Errors: 0, Skipped: 0, Time elapsed: 0 s - in org.fluentlenium.core.inject.FluentInjectorListComponentTest
[INFO] Running org.fluentlenium.core.inject.ElementLocatorSearchContextTest
[INFO] Tests run: 2, Failures: 0, Errors: 0, Skipped: 0, Time elapsed: 0.006 s - in org.fluentlenium.core.inject.ElementLocatorSearchContextTest
[INFO] Running org.fluentlenium.core.inject.FluentInjectorContainerTest
[INFO] Tests run: 4, Failures: 0, Errors: 0, Skipped: 0, Time elapsed: 0.005 s - in org.fluentlenium.core.inject.FluentInjectorContainerTest
[INFO] Running org.fluentlenium.core.inject.FluentElementInjectionSupportValidatorTest
[INFO] Tests run: 20, Failures: 0, Errors: 0, Skipped: 0, Time elapsed: 0.043 s - in org.fluentlenium.core.inject.FluentElementInjectionSupportValidatorTest
[INFO] Running org.fluentlenium.core.inject.UnshadowerTest
[INFO] Tests run: 1, Failures: 0, Errors: 0, Skipped: 0, Time elapsed: 0.011 s - in org.fluentlenium.core.inject.UnshadowerTest
[INFO] Running org.fluentlenium.core.inject.FluentInjectorElementTest
[INFO] Tests run: 11, Failures: 0, Errors: 0, Skipped: 0, Time elapsed: 0.016 s - in org.fluentlenium.core.inject.FluentInjectorElementTest
[INFO] Running org.fluentlenium.core.FluentDriverWaitTest
[INFO] Tests run: 2, Failures: 0, Errors: 0, Skipped: 0, Time elapsed: 0.003 s - in org.fluentlenium.core.FluentDriverWaitTest
[INFO] Running org.fluentlenium.core.switchto.FluentTargetLocatorTest
[INFO] Tests run: 9, Failures: 0, Errors: 0, Skipped: 0, Time elapsed: 0.005 s - in org.fluentlenium.core.switchto.FluentTargetLocatorTest
[INFO] Running org.fluentlenium.core.ScreenshotTest
13:07:56.553 [main] INFO  FluentDriverScreenshotPersister - Created screenshot at: /tmp/junit8169332598952702125/test.jpg
[INFO] Tests run: 2, Failures: 0, Errors: 0, Skipped: 0, Time elapsed: 0.001 s - in org.fluentlenium.core.ScreenshotTest
[INFO] Running org.fluentlenium.core.events.ListenerPriorityComparatorTest
[INFO] Tests run: 3, Failures: 0, Errors: 0, Skipped: 0, Time elapsed: 0 s - in org.fluentlenium.core.events.ListenerPriorityComparatorTest
[INFO] Running org.fluentlenium.core.events.EventsTest
[INFO] Tests run: 5, Failures: 0, Errors: 0, Skipped: 0, Time elapsed: 0.095 s - in org.fluentlenium.core.events.EventsTest
[INFO] Running org.fluentlenium.core.hook.BaseHookTest
[INFO] Tests run: 6, Failures: 0, Errors: 0, Skipped: 0, Time elapsed: 0.019 s - in org.fluentlenium.core.hook.BaseHookTest
[INFO] Running org.fluentlenium.core.hook.wait.WaitHookOptionsTest
[INFO] Tests run: 3, Failures: 0, Errors: 0, Skipped: 0, Time elapsed: 0.027 s - in org.fluentlenium.core.hook.wait.WaitHookOptionsTest
[INFO] Running org.fluentlenium.core.hook.wait.WaitHookTest
[INFO] Tests run: 9, Failures: 0, Errors: 0, Skipped: 0, Time elapsed: 0.251 s - in org.fluentlenium.core.hook.wait.WaitHookTest
[INFO] Running org.fluentlenium.core.hook.SearchHookTest
[INFO] Tests run: 10, Failures: 0, Errors: 0, Skipped: 0, Time elapsed: 0.019 s - in org.fluentlenium.core.hook.SearchHookTest
[INFO] Running org.fluentlenium.core.hook.HookControlTest
[INFO] Tests run: 8, Failures: 0, Errors: 0, Skipped: 0, Time elapsed: 0.032 s - in org.fluentlenium.core.hook.HookControlTest
[INFO] Running org.fluentlenium.core.hook.DefaultHookChainBuilderTest
[INFO] Tests run: 3, Failures: 0, Errors: 0, Skipped: 0, Time elapsed: 0.116 s - in org.fluentlenium.core.hook.DefaultHookChainBuilderTest
[INFO] Running org.fluentlenium.core.hook.BaseFluentHookTest
[INFO] Tests run: 1, Failures: 0, Errors: 0, Skipped: 0, Time elapsed: 0.027 s - in org.fluentlenium.core.hook.BaseFluentHookTest
[INFO] Running org.fluentlenium.core.FluentPageParameterQueryTest
[INFO] Tests run: 8, Failures: 0, Errors: 0, Skipped: 0, Time elapsed: 0.007 s - in org.fluentlenium.core.FluentPageParameterQueryTest
[INFO] Running org.fluentlenium.core.FluentDriverTimeoutConfigurerTest
[INFO] Tests run: 4, Failures: 0, Errors: 0, Skipped: 0, Time elapsed: 0 s - in org.fluentlenium.core.FluentDriverTimeoutConfigurerTest
[INFO] Running org.fluentlenium.core.wait.FluentWaitEachElementMatcherTest
[INFO] Tests run: 19, Failures: 0, Errors: 0, Skipped: 0, Time elapsed: 0.457 s - in org.fluentlenium.core.wait.FluentWaitEachElementMatcherTest
[INFO] Running org.fluentlenium.core.wait.TimeToChronoUnitConverterTest
[INFO] Tests run: 1, Failures: 0, Errors: 0, Skipped: 0, Time elapsed: 0.107 s - in org.fluentlenium.core.wait.TimeToChronoUnitConverterTest
[INFO] Running org.fluentlenium.core.wait.FluentWaitElementMatcherTest
[INFO] Tests run: 15, Failures: 0, Errors: 0, Skipped: 0, Time elapsed: 0.281 s - in org.fluentlenium.core.wait.FluentWaitElementMatcherTest
[INFO] Running org.fluentlenium.core.wait.FluentWaitRectangleMatcherTest
[INFO] Tests run: 1, Failures: 0, Errors: 0, Skipped: 0, Time elapsed: 0.008 s - in org.fluentlenium.core.wait.FluentWaitRectangleMatcherTest
[INFO] Running org.fluentlenium.core.wait.WaitForPageToLoadTest
[INFO] Tests run: 2, Failures: 0, Errors: 0, Skipped: 0, Time elapsed: 0.001 s - in org.fluentlenium.core.wait.WaitForPageToLoadTest
[INFO] Running org.fluentlenium.core.wait.FluentWaitTest
[INFO] Tests run: 6, Failures: 0, Errors: 0, Skipped: 0, Time elapsed: 0.012 s - in org.fluentlenium.core.wait.FluentWaitTest
[INFO] Running org.fluentlenium.core.wait.FluentWaitElementListMatcherTest
[INFO] Tests run: 18, Failures: 0, Errors: 0, Skipped: 0, Time elapsed: 0.436 s - in org.fluentlenium.core.wait.FluentWaitElementListMatcherTest
[INFO] Running org.fluentlenium.core.wait.FluentWaitElementTest
[INFO] Tests run: 30, Failures: 0, Errors: 0, Skipped: 0, Time elapsed: 0.078 s - in org.fluentlenium.core.wait.FluentWaitElementTest
[INFO] Running org.fluentlenium.core.wait.FluentWaitElementListTest
[INFO] Tests run: 31, Failures: 0, Errors: 0, Skipped: 0, Time elapsed: 0.039 s - in org.fluentlenium.core.wait.FluentWaitElementListTest
[INFO] Running org.fluentlenium.core.wait.FluentWaitIntegerMatcherTest
[INFO] Tests run: 1, Failures: 0, Errors: 0, Skipped: 0, Time elapsed: 0 s - in org.fluentlenium.core.wait.FluentWaitIntegerMatcherTest
[INFO] Running org.fluentlenium.core.wait.FluentWaitSupplierListMatcherTest
[INFO] Tests run: 1, Failures: 0, Errors: 0, Skipped: 0, Time elapsed: 0.017 s - in org.fluentlenium.core.wait.FluentWaitSupplierListMatcherTest
[INFO] Running org.fluentlenium.core.wait.FluentWaitSupplierMatcherTest
[INFO] Tests run: 1, Failures: 0, Errors: 0, Skipped: 0, Time elapsed: 0.02 s - in org.fluentlenium.core.wait.FluentWaitSupplierMatcherTest
[INFO] Running org.fluentlenium.core.wait.FluentWaitWindowMatcherTest
[INFO] Tests run: 1, Failures: 0, Errors: 0, Skipped: 0, Time elapsed: 0.023 s - in org.fluentlenium.core.wait.FluentWaitWindowMatcherTest
[INFO] Running org.fluentlenium.core.alert.AlertTest
[INFO] Tests run: 2, Failures: 0, Errors: 0, Skipped: 0, Time elapsed: 0.001 s - in org.fluentlenium.core.alert.AlertTest
[INFO] Running org.fluentlenium.core.proxy.ProxyListenerTest
[INFO] Tests run: 2, Failures: 0, Errors: 0, Skipped: 0, Time elapsed: 0.004 s - in org.fluentlenium.core.proxy.ProxyListenerTest
[INFO] Running org.fluentlenium.core.proxy.ProxyHookTest
[INFO] Tests run: 2, Failures: 0, Errors: 0, Skipped: 0, Time elapsed: 0 s - in org.fluentlenium.core.proxy.ProxyHookTest
[INFO] Running org.fluentlenium.core.proxy.ProxyMessageTest
[INFO] Tests run: 2, Failures: 0, Errors: 0, Skipped: 0, Time elapsed: 0 s - in org.fluentlenium.core.proxy.ProxyMessageTest
[INFO] Running org.fluentlenium.core.proxy.AbstractLocatorAndInvocationHandlerTest
[WARNING] Tests run: 12, Failures: 0, Errors: 0, Skipped: 3, Time elapsed: 0.019 s - in org.fluentlenium.core.proxy.AbstractLocatorAndInvocationHandlerTest
[INFO] Running org.fluentlenium.core.proxy.ElementInstanceLocatorTest
[INFO] Tests run: 2, Failures: 0, Errors: 0, Skipped: 0, Time elapsed: 0 s - in org.fluentlenium.core.proxy.ElementInstanceLocatorTest
[INFO] Running org.fluentlenium.core.proxy.IndexSupplierLocatorTest
[INFO] Tests run: 6, Failures: 0, Errors: 0, Skipped: 0, Time elapsed: 0 s - in org.fluentlenium.core.proxy.IndexSupplierLocatorTest
[INFO] Running org.fluentlenium.core.proxy.ElementSupplierLocatorTest
[INFO] Tests run: 2, Failures: 0, Errors: 0, Skipped: 0, Time elapsed: 0 s - in org.fluentlenium.core.proxy.ElementSupplierLocatorTest
[INFO] Running org.fluentlenium.core.proxy.ProxiesTest
[INFO] Tests run: 16, Failures: 0, Errors: 0, Skipped: 0, Time elapsed: 0.003 s - in org.fluentlenium.core.proxy.ProxiesTest
[INFO] Running org.fluentlenium.core.proxy.ElementListInstanceLocatorTest
[INFO] Tests run: 2, Failures: 0, Errors: 0, Skipped: 0, Time elapsed: 0 s - in org.fluentlenium.core.proxy.ElementListInstanceLocatorTest
[INFO] Running org.fluentlenium.core.proxy.AbstractLocatorHandlerTest
[INFO] Tests run: 18, Failures: 0, Errors: 0, Skipped: 0, Time elapsed: 0.041 s - in org.fluentlenium.core.proxy.AbstractLocatorHandlerTest
[INFO] Running org.fluentlenium.core.proxy.ElementListSupplierLocatorTest
[INFO] Tests run: 2, Failures: 0, Errors: 0, Skipped: 0, Time elapsed: 0 s - in org.fluentlenium.core.proxy.ElementListSupplierLocatorTest
[INFO] Running org.fluentlenium.core.url.UrlTemplateTest
[INFO] Tests run: 25, Failures: 0, Errors: 0, Skipped: 0, Time elapsed: 0.015 s - in org.fluentlenium.core.url.UrlTemplateTest
[INFO] Running org.fluentlenium.core.conditions.IntegerListConditionsTest
[INFO] Tests run: 2, Failures: 0, Errors: 0, Skipped: 0, Time elapsed: 0.019 s - in org.fluentlenium.core.conditions.IntegerListConditionsTest
[INFO] Running org.fluentlenium.core.conditions.IntegerConditionsTest
[INFO] Tests run: 3, Failures: 0, Errors: 0, Skipped: 0, Time elapsed: 0 s - in org.fluentlenium.core.conditions.IntegerConditionsTest
[INFO] Running org.fluentlenium.core.conditions.AtLeastOneElementConditionsTest
[INFO] Tests run: 22, Failures: 0, Errors: 0, Skipped: 0, Time elapsed: 0.008 s - in org.fluentlenium.core.conditions.AtLeastOneElementConditionsTest
[INFO] Running org.fluentlenium.core.conditions.wait.WaitConditionTest
[INFO] Tests run: 7, Failures: 0, Errors: 0, Skipped: 0, Time elapsed: 3.495 s - in org.fluentlenium.core.conditions.wait.WaitConditionTest
[INFO] Running org.fluentlenium.core.conditions.RectangleConditionsTest
[INFO] Tests run: 9, Failures: 0, Errors: 0, Skipped: 0, Time elapsed: 0.025 s - in org.fluentlenium.core.conditions.RectangleConditionsTest
[INFO] Running org.fluentlenium.core.conditions.RectangleListConditionsTest
[INFO] Tests run: 2, Failures: 0, Errors: 0, Skipped: 0, Time elapsed: 0.004 s - in org.fluentlenium.core.conditions.RectangleListConditionsTest
[INFO] Running org.fluentlenium.core.conditions.StringConditionsImplTest
[INFO] Tests run: 21, Failures: 0, Errors: 0, Skipped: 0, Time elapsed: 0.001 s - in org.fluentlenium.core.conditions.StringConditionsImplTest
[INFO] Running org.fluentlenium.core.conditions.WebElementConditionsTest
[INFO] Tests run: 12, Failures: 0, Errors: 0, Skipped: 0, Time elapsed: 0 s - in org.fluentlenium.core.conditions.WebElementConditionsTest
[INFO] Running org.fluentlenium.core.conditions.EachElementConditionsTest
[INFO] Tests run: 21, Failures: 0, Errors: 0, Skipped: 0, Time elapsed: 0.009 s - in org.fluentlenium.core.conditions.EachElementConditionsTest
[INFO] Running org.fluentlenium.core.conditions.message.MessageProxyTest
[INFO] Tests run: 3, Failures: 0, Errors: 0, Skipped: 0, Time elapsed: 0.01 s - in org.fluentlenium.core.conditions.message.MessageProxyTest
[INFO] Running org.fluentlenium.core.css.CssSupportImplTest
[WARNING] Tests run: 8, Failures: 0, Errors: 0, Skipped: 2, Time elapsed: 0.031 s - in org.fluentlenium.core.css.CssSupportImplTest
[INFO] Running org.fluentlenium.core.performance.DefaultPerformanceTimingMetricsIndividualEventsTest
[INFO] Tests run: 20, Failures: 0, Errors: 0, Skipped: 0, Time elapsed: 0.011 s - in org.fluentlenium.core.performance.DefaultPerformanceTimingMetricsIndividualEventsTest
[INFO] Running org.fluentlenium.core.performance.PerformanceTimingSpecificEventValueInTimeUnitTest
[INFO] Tests run: 20, Failures: 0, Errors: 0, Skipped: 0, Time elapsed: 0.017 s - in org.fluentlenium.core.performance.PerformanceTimingSpecificEventValueInTimeUnitTest
[INFO] Running org.fluentlenium.core.performance.PerformanceTimingSpecificEventValuesTest
[INFO] Tests run: 20, Failures: 0, Errors: 0, Skipped: 0, Time elapsed: 0.008 s - in org.fluentlenium.core.performance.PerformanceTimingSpecificEventValuesTest
[INFO] Running org.fluentlenium.core.performance.DefaultPerformanceTimingTest
[INFO] Tests run: 7, Failures: 0, Errors: 0, Skipped: 0, Time elapsed: 0 s - in org.fluentlenium.core.performance.DefaultPerformanceTimingTest
[INFO] Running org.fluentlenium.core.performance.PerformanceTimingMetricsFactoryTest
[INFO] Tests run: 3, Failures: 0, Errors: 0, Skipped: 0, Time elapsed: 0.037 s - in org.fluentlenium.core.performance.PerformanceTimingMetricsFactoryTest
[INFO] Running org.fluentlenium.core.performance.PerformanceTimingNavigationStartTest
[INFO] Tests run: 1, Failures: 0, Errors: 0, Skipped: 0, Time elapsed: 0 s - in org.fluentlenium.core.performance.PerformanceTimingNavigationStartTest
[INFO] Running org.fluentlenium.core.performance.DefaultPerformanceTimingMetricsTest
[INFO] Tests run: 5, Failures: 0, Errors: 0, Skipped: 0, Time elapsed: 0.133 s - in org.fluentlenium.core.performance.DefaultPerformanceTimingMetricsTest
[INFO] Running org.fluentlenium.core.performance.HtmlUnitPerformanceTimingMetricsTest
[INFO] Tests run: 6, Failures: 0, Errors: 0, Skipped: 0, Time elapsed: 0.074 s - in org.fluentlenium.core.performance.HtmlUnitPerformanceTimingMetricsTest
[INFO] Running org.fluentlenium.core.FluentDriverWrappedCapabilitiesProviderTest
[INFO] Tests run: 1, Failures: 0, Errors: 0, Skipped: 0, Time elapsed: 0.019 s - in org.fluentlenium.core.FluentDriverWrappedCapabilitiesProviderTest
[INFO] Running org.fluentlenium.core.dom.DomTest
[INFO] Tests run: 7, Failures: 0, Errors: 0, Skipped: 0, Time elapsed: 0.002 s - in org.fluentlenium.core.dom.DomTest
[INFO] Running org.fluentlenium.core.search.NoSuchElementMessageTest
[INFO] Tests run: 6, Failures: 0, Errors: 0, Skipped: 0, Time elapsed: 0.02 s - in org.fluentlenium.core.search.NoSuchElementMessageTest
[INFO] Running org.fluentlenium.core.search.SearchTest
[INFO] Tests run: 15, Failures: 0, Errors: 0, Skipped: 0, Time elapsed: 0.011 s - in org.fluentlenium.core.search.SearchTest
[INFO] Running org.fluentlenium.core.FluentPageUrlTemplateTest
[INFO] Tests run: 15, Failures: 0, Errors: 0, Skipped: 0, Time elapsed: 0.179 s - in org.fluentlenium.core.FluentPageUrlTemplateTest
[INFO] Running org.fluentlenium.core.label.FluentLabelImplTest
[INFO] Tests run: 1, Failures: 0, Errors: 0, Skipped: 0, Time elapsed: 0 s - in org.fluentlenium.core.label.FluentLabelImplTest
[INFO] Running org.fluentlenium.core.action.MouseElementActionsTest
[INFO] Tests run: 15, Failures: 0, Errors: 0, Skipped: 0, Time elapsed: 0.018 s - in org.fluentlenium.core.action.MouseElementActionsTest
[INFO] Running org.fluentlenium.core.action.FluentJavascriptActionsTest
[INFO] Tests run: 4, Failures: 0, Errors: 0, Skipped: 0, Time elapsed: 0.001 s - in org.fluentlenium.core.action.FluentJavascriptActionsTest
[INFO] Running org.fluentlenium.core.action.FillSelectTest
[INFO] Tests run: 3, Failures: 0, Errors: 0, Skipped: 0, Time elapsed: 0.013 s - in org.fluentlenium.core.action.FillSelectTest
[INFO] Running org.fluentlenium.core.action.KeyboardElementActionsTest
[INFO] Tests run: 5, Failures: 0, Errors: 0, Skipped: 0, Time elapsed: 0.019 s - in org.fluentlenium.core.action.KeyboardElementActionsTest
[INFO] Running org.fluentlenium.core.action.WindowActionsTest
[INFO] Tests run: 15, Failures: 0, Errors: 0, Skipped: 0, Time elapsed: 0.044 s - in org.fluentlenium.core.action.WindowActionsTest
[INFO] Running org.fluentlenium.core.action.FillTest
[INFO] Tests run: 2, Failures: 0, Errors: 0, Skipped: 0, Time elapsed: 0.002 s - in org.fluentlenium.core.action.FillTest
[INFO] Running org.fluentlenium.core.action.KeyboardActionsTest
[INFO] Tests run: 4, Failures: 0, Errors: 0, Skipped: 0, Time elapsed: 0.005 s - in org.fluentlenium.core.action.KeyboardActionsTest
[INFO] Running org.fluentlenium.core.action.MouseActionsTest
[INFO] Tests run: 7, Failures: 0, Errors: 0, Skipped: 0, Time elapsed: 0.008 s - in org.fluentlenium.core.action.MouseActionsTest
[INFO] Running org.fluentlenium.core.filter.AttributeFilterTest
[INFO] Tests run: 13, Failures: 0, Errors: 0, Skipped: 0, Time elapsed: 0 s - in org.fluentlenium.core.filter.AttributeFilterTest
[INFO] Running org.fluentlenium.core.filter.matcher.StartsWithMatcherTest
[INFO] Tests run: 4, Failures: 0, Errors: 0, Skipped: 0, Time elapsed: 0 s - in org.fluentlenium.core.filter.matcher.StartsWithMatcherTest
[INFO] Running org.fluentlenium.core.filter.matcher.ContainsWordMatcherTest
[INFO] Tests run: 2, Failures: 0, Errors: 0, Skipped: 0, Time elapsed: 0 s - in org.fluentlenium.core.filter.matcher.ContainsWordMatcherTest
[INFO] Running org.fluentlenium.core.filter.matcher.CalculateServiceTest
[INFO] Tests run: 20, Failures: 0, Errors: 0, Skipped: 0, Time elapsed: 0 s - in org.fluentlenium.core.filter.matcher.CalculateServiceTest
[INFO] Running org.fluentlenium.core.filter.matcher.EndsWithMatcherTest
[INFO] Tests run: 4, Failures: 0, Errors: 0, Skipped: 0, Time elapsed: 0 s - in org.fluentlenium.core.filter.matcher.EndsWithMatcherTest
[INFO] Running org.fluentlenium.core.filter.matcher.ContainsMatcherTest
[INFO] Tests run: 4, Failures: 0, Errors: 0, Skipped: 0, Time elapsed: 0 s - in org.fluentlenium.core.filter.matcher.ContainsMatcherTest
[INFO] Running org.fluentlenium.core.filter.matcher.NotStartsWithMatcherTest
[INFO] Tests run: 4, Failures: 0, Errors: 0, Skipped: 0, Time elapsed: 0 s - in org.fluentlenium.core.filter.matcher.NotStartsWithMatcherTest
[INFO] Running org.fluentlenium.core.filter.matcher.EqualMatcherTest
[INFO] Tests run: 4, Failures: 0, Errors: 0, Skipped: 0, Time elapsed: 0 s - in org.fluentlenium.core.filter.matcher.EqualMatcherTest
[INFO] Running org.fluentlenium.core.filter.matcher.NotContainsMatcherTest
[INFO] Tests run: 4, Failures: 0, Errors: 0, Skipped: 0, Time elapsed: 0 s - in org.fluentlenium.core.filter.matcher.NotContainsMatcherTest
[INFO] Running org.fluentlenium.core.filter.matcher.NotEndsWithMatcherTest
[INFO] Tests run: 4, Failures: 0, Errors: 0, Skipped: 0, Time elapsed: 0 s - in org.fluentlenium.core.filter.matcher.NotEndsWithMatcherTest
[INFO] Running org.fluentlenium.core.filter.PredicateFilterTest
[INFO] Tests run: 1, Failures: 0, Errors: 0, Skipped: 0, Time elapsed: 0 s - in org.fluentlenium.core.filter.PredicateFilterTest
[INFO] Running org.fluentlenium.core.filter.AttributeFilterPredicateTest
[INFO] Tests run: 4, Failures: 0, Errors: 0, Skipped: 0, Time elapsed: 0 s - in org.fluentlenium.core.filter.AttributeFilterPredicateTest
[INFO] Running org.fluentlenium.core.FluentPageTest
[INFO] Tests run: 9, Failures: 0, Errors: 0, Skipped: 0, Time elapsed: 0 s - in org.fluentlenium.core.FluentPageTest
[INFO] Running org.fluentlenium.adapter.sharedwebdriver.JvmSharedWebDriverContainerTest
[INFO] Tests run: 1, Failures: 0, Errors: 0, Skipped: 0, Time elapsed: 0 s - in org.fluentlenium.adapter.sharedwebdriver.JvmSharedWebDriverContainerTest
[INFO] Running org.fluentlenium.adapter.sharedwebdriver.SharedWebDriverContainerTest
[INFO] Tests run: 2, Failures: 0, Errors: 0, Skipped: 0, Time elapsed: 0.011 s - in org.fluentlenium.adapter.sharedwebdriver.SharedWebDriverContainerTest
[INFO] Running org.fluentlenium.adapter.sharedwebdriver.ThreadSharedWebDriverContainerTest
[INFO] Tests run: 4, Failures: 0, Errors: 0, Skipped: 0, Time elapsed: 0.003 s - in org.fluentlenium.adapter.sharedwebdriver.ThreadSharedWebDriverContainerTest
[INFO] Running org.fluentlenium.adapter.sharedwebdriver.MethodSharedWebDriverContainerTest
[INFO] Tests run: 3, Failures: 0, Errors: 0, Skipped: 0, Time elapsed: 0 s - in org.fluentlenium.adapter.sharedwebdriver.MethodSharedWebDriverContainerTest
[INFO] Running org.fluentlenium.adapter.sharedwebdriver.ClassSharedWebDriverContainerTest
[INFO] Tests run: 2, Failures: 0, Errors: 0, Skipped: 0, Time elapsed: 0 s - in org.fluentlenium.adapter.sharedwebdriver.ClassSharedWebDriverContainerTest
[INFO] Running org.fluentlenium.adapter.FluentAdapterTest
[INFO] Tests run: 10, Failures: 0, Errors: 0, Skipped: 0, Time elapsed: 0.767 s - in org.fluentlenium.adapter.FluentAdapterTest
[INFO] Running org.fluentlenium.adapter.DefaultSharedMutatorTest
[INFO] Tests run: 1, Failures: 0, Errors: 0, Skipped: 0, Time elapsed: 0 s - in org.fluentlenium.adapter.DefaultSharedMutatorTest
[INFO] Running org.fluentlenium.adapter.FluentTestRunnerAdapterRetriesTest
[INFO] Tests run: 2, Failures: 0, Errors: 0, Skipped: 0, Time elapsed: 0.137 s - in org.fluentlenium.adapter.FluentTestRunnerAdapterRetriesTest
[INFO] Running org.fluentlenium.adapter.IsolatedTestTest
[INFO] Tests run: 1, Failures: 0, Errors: 0, Skipped: 0, Time elapsed: 0.08 s - in org.fluentlenium.adapter.IsolatedTestTest
[INFO] Running org.fluentlenium.adapter.DriverContainerTest
[INFO] Tests run: 1, Failures: 0, Errors: 0, Skipped: 0, Time elapsed: 0 s - in org.fluentlenium.adapter.DriverContainerTest
[INFO] Running org.fluentlenium.adapter.FluentTestRunnerAdapterTest
13:08:04.342 [main] INFO  FluentDriverScreenshotPersister - Created screenshot at: /tmp/testFailedWhenDriverAvailable2660458630868687031/FluentTestRunnerAdapter$MockitoMock$4WliE6hC_test.png
[INFO] Tests run: 7, Failures: 0, Errors: 0, Skipped: 0, Time elapsed: 0.072 s - in org.fluentlenium.adapter.FluentTestRunnerAdapterTest
[INFO] Running org.fluentlenium.configuration.ConfigurationFactoryProviderTest
[INFO] Tests run: 6, Failures: 0, Errors: 0, Skipped: 0, Time elapsed: 0.014 s - in org.fluentlenium.configuration.ConfigurationFactoryProviderTest
[INFO] Running org.fluentlenium.configuration.WebDriversRegistryImplTest
[INFO] Tests run: 8, Failures: 0, Errors: 0, Skipped: 0, Time elapsed: 0.044 s - in org.fluentlenium.configuration.WebDriversRegistryImplTest
[INFO] Running org.fluentlenium.configuration.RemoteWebDriverTest
[INFO] Tests run: 5, Failures: 0, Errors: 0, Skipped: 0, Time elapsed: 0.035 s - in org.fluentlenium.configuration.RemoteWebDriverTest
[INFO] Running org.fluentlenium.configuration.PropertiesBackendConfigurationTest
[INFO] Tests run: 30, Failures: 0, Errors: 0, Skipped: 0, Time elapsed: 0.026 s - in org.fluentlenium.configuration.PropertiesBackendConfigurationTest
[INFO] Running org.fluentlenium.configuration.ConfigurationDefaultsFactoryTest
[INFO] Tests run: 4, Failures: 0, Errors: 0, Skipped: 0, Time elapsed: 0 s - in org.fluentlenium.configuration.ConfigurationDefaultsFactoryTest
[INFO] Running org.fluentlenium.configuration.ComposedConfigurationTest
[INFO] Tests run: 16, Failures: 0, Errors: 0, Skipped: 0, Time elapsed: 0.013 s - in org.fluentlenium.configuration.ComposedConfigurationTest
[INFO] Running org.fluentlenium.configuration.CapabilitiesJsonParsingTest
[INFO] Tests run: 1, Failures: 0, Errors: 0, Skipped: 0, Time elapsed: 0.009 s - in org.fluentlenium.configuration.CapabilitiesJsonParsingTest
[INFO] Running org.fluentlenium.configuration.AnnotationConfigurationTest
[WARNING] Tests run: 29, Failures: 0, Errors: 0, Skipped: 1, Time elapsed: 10.171 s - in org.fluentlenium.configuration.AnnotationConfigurationTest
[INFO] Running org.fluentlenium.configuration.ConfigurationDefaultsTest
[INFO] Tests run: 1, Failures: 0, Errors: 0, Skipped: 0, Time elapsed: 0.011 s - in org.fluentlenium.configuration.ConfigurationDefaultsTest
[INFO] Running org.fluentlenium.configuration.ReflectiveWebDriverFactoryTest
[INFO] Tests run: 9, Failures: 0, Errors: 0, Skipped: 0, Time elapsed: 0.375 s - in org.fluentlenium.configuration.ReflectiveWebDriverFactoryTest
[INFO] Running org.fluentlenium.configuration.CapabilitiesRegistryImplTest
[INFO] Tests run: 4, Failures: 0, Errors: 0, Skipped: 0, Time elapsed: 0.002 s - in org.fluentlenium.configuration.CapabilitiesRegistryImplTest
[INFO] Running org.fluentlenium.configuration.ProgrammaticConfigurationTest
[INFO] Tests run: 2, Failures: 0, Errors: 0, Skipped: 0, Time elapsed: 0.024 s - in org.fluentlenium.configuration.ProgrammaticConfigurationTest
[INFO] Running org.fluentlenium.configuration.CapabilitiesConfigurationPropertyRetrieverTest
[INFO] Tests run: 7, Failures: 0, Errors: 0, Skipped: 0, Time elapsed: 10.019 s - in org.fluentlenium.configuration.CapabilitiesConfigurationPropertyRetrieverTest
[INFO] Running org.fluentlenium.configuration.WebDriversRegistryImplSpecificDriversTest
[INFO] Tests run: 6, Failures: 0, Errors: 0, Skipped: 0, Time elapsed: 0.006 s - in org.fluentlenium.configuration.WebDriversRegistryImplSpecificDriversTest
[INFO] 
[INFO] Results:
[INFO] 
[WARNING] Tests run: 1015, Failures: 0, Errors: 0, Skipped: 7
[INFO] 
[INFO] 
[INFO] ----------------< org.fluentlenium:fluentlenium-testng >----------------
[INFO] Building FluentLenium TestNG 5.0.5-SNAPSHOT                       [3/13]
[INFO] --------------------------------[ jar ]---------------------------------
[INFO] Downloading from central: https://repo.maven.apache.org/maven2/org/seleniumhq/selenium/selenium-devtools-v102/4.2.2/selenium-devtools-v102-4.2.2.jar
[INFO] Downloaded from central: https://repo.maven.apache.org/maven2/org/seleniumhq/selenium/selenium-devtools-v102/4.2.2/selenium-devtools-v102-4.2.2.jar (1.4 MB at 25 MB/s)
[INFO] 
[INFO] --- maven-clean-plugin:3.2.0:clean (default-clean) @ fluentlenium-testng ---
[INFO] Deleting /home/gabsko/breaking-updates/fluentlenium-testng/target
[INFO] 
[INFO] --- flatten-maven-plugin:1.3.0:clean (flatten.clean) @ fluentlenium-testng ---
[INFO] Deleting /home/gabsko/breaking-updates/fluentlenium-testng/.flattened-pom.xml
[INFO] 
[INFO] --- maven-enforcer-plugin:3.1.0:enforce (enforce-maven) @ fluentlenium-testng ---
[INFO] 
[INFO] --- jacoco-maven-plugin:0.8.8:prepare-agent (prepare-agent) @ fluentlenium-testng ---
[INFO] argLine set to -javaagent:/home/gabsko/.m2/repository/org/jacoco/org.jacoco.agent/0.8.8/org.jacoco.agent-0.8.8-runtime.jar=destfile=/home/gabsko/breaking-updates/fluentlenium-testng/target/jacoco.exec,excludes=**com.steadystate*:**com/gargoylesoftware*
[INFO] 
[INFO] --- maven-resources-plugin:3.3.0:resources (default-resources) @ fluentlenium-testng ---
[INFO] skip non existing resourceDirectory /home/gabsko/breaking-updates/fluentlenium-testng/src/main/resources
[INFO] 
[INFO] --- flatten-maven-plugin:1.3.0:flatten (flatten) @ fluentlenium-testng ---
[INFO] Generating flattened POM of project org.fluentlenium:fluentlenium-testng:jar:5.0.5-SNAPSHOT...
[INFO] 
[INFO] --- maven-compiler-plugin:3.10.1:compile (default-compile) @ fluentlenium-testng ---
[INFO] Changes detected - recompiling the module!
[INFO] Compiling 1 source file to /home/gabsko/breaking-updates/fluentlenium-testng/target/classes
[INFO] 
[INFO] --- maven-resources-plugin:3.3.0:testResources (default-testResources) @ fluentlenium-testng ---
[INFO] Copying 4 resources
[INFO] 
[INFO] --- maven-compiler-plugin:3.10.1:testCompile (default-testCompile) @ fluentlenium-testng ---
[INFO] Changes detected - recompiling the module!
[INFO] Compiling 18 source files to /home/gabsko/breaking-updates/fluentlenium-testng/target/test-classes
[INFO] 
[INFO] --- maven-surefire-plugin:3.0.0-M7:test (default-test) @ fluentlenium-testng ---
[INFO] 
[INFO] ---------------< org.fluentlenium:fluentlenium-assertj >----------------
[INFO] Building FluentLenium AssertJ 5.0.5-SNAPSHOT                      [4/13]
[INFO] --------------------------------[ jar ]---------------------------------
[INFO] 
[INFO] --- maven-clean-plugin:3.2.0:clean (default-clean) @ fluentlenium-assertj ---
[INFO] Deleting /home/gabsko/breaking-updates/fluentlenium-assertj/target
[INFO] 
[INFO] --- flatten-maven-plugin:1.3.0:clean (flatten.clean) @ fluentlenium-assertj ---
[INFO] Deleting /home/gabsko/breaking-updates/fluentlenium-assertj/.flattened-pom.xml
[INFO] 
[INFO] --- maven-enforcer-plugin:3.1.0:enforce (enforce-maven) @ fluentlenium-assertj ---
[INFO] 
[INFO] --- jacoco-maven-plugin:0.8.8:prepare-agent (prepare-agent) @ fluentlenium-assertj ---
[INFO] argLine set to -javaagent:/home/gabsko/.m2/repository/org/jacoco/org.jacoco.agent/0.8.8/org.jacoco.agent-0.8.8-runtime.jar=destfile=/home/gabsko/breaking-updates/fluentlenium-assertj/target/jacoco.exec,excludes=**com.steadystate*:**com/gargoylesoftware*
[INFO] 
[INFO] --- maven-resources-plugin:3.3.0:resources (default-resources) @ fluentlenium-assertj ---
[INFO] skip non existing resourceDirectory /home/gabsko/breaking-updates/fluentlenium-assertj/src/main/resources
[INFO] 
[INFO] --- flatten-maven-plugin:1.3.0:flatten (flatten) @ fluentlenium-assertj ---
[INFO] Generating flattened POM of project org.fluentlenium:fluentlenium-assertj:jar:5.0.5-SNAPSHOT...
[INFO] 
[INFO] --- maven-compiler-plugin:3.10.1:compile (default-compile) @ fluentlenium-assertj ---
[INFO] Changes detected - recompiling the module!
[INFO] Compiling 16 source files to /home/gabsko/breaking-updates/fluentlenium-assertj/target/classes
[INFO] 
[INFO] --- maven-resources-plugin:3.3.0:testResources (default-testResources) @ fluentlenium-assertj ---
[INFO] Copying 4 resources
[INFO] 
[INFO] --- maven-compiler-plugin:3.10.1:testCompile (default-testCompile) @ fluentlenium-assertj ---
[INFO] Changes detected - recompiling the module!
[INFO] Compiling 38 source files to /home/gabsko/breaking-updates/fluentlenium-assertj/target/test-classes
[INFO] /home/gabsko/breaking-updates/fluentlenium-assertj/src/test/java/org/fluentlenium/assertj/custom/FluentListAssertTest.java: Some input files use or override a deprecated API.
[INFO] /home/gabsko/breaking-updates/fluentlenium-assertj/src/test/java/org/fluentlenium/assertj/custom/FluentListAssertTest.java: Recompile with -Xlint:deprecation for details.
[INFO] 
[INFO] --- maven-surefire-plugin:3.0.0-M7:test (default-test) @ fluentlenium-assertj ---
[INFO] Using auto detected provider org.apache.maven.surefire.testng.TestNGProvider
[INFO] 
[INFO] -------------------------------------------------------
[INFO]  T E S T S
[INFO] -------------------------------------------------------
[INFO] Running TestSuite
OpenJDK 64-Bit Server VM warning: Sharing is only supported for boot loader classes because bootstrap classpath has been appended
[INFO] Tests run: 142, Failures: 0, Errors: 0, Skipped: 0, Time elapsed: 4.153 s - in TestSuite
[INFO] 
[INFO] Results:
[INFO] 
[INFO] Tests run: 142, Failures: 0, Errors: 0, Skipped: 0
[INFO] 
[INFO] 
[INFO] ------------< org.fluentlenium:fluentlenium-junit-jupiter >-------------
[INFO] Building FluentLenium JUnit Jupiter 5.0.5-SNAPSHOT                [5/13]
[INFO] --------------------------------[ jar ]---------------------------------
[INFO] 
[INFO] --- maven-clean-plugin:3.2.0:clean (default-clean) @ fluentlenium-junit-jupiter ---
[INFO] Deleting /home/gabsko/breaking-updates/fluentlenium-junit-jupiter/target
[INFO] 
[INFO] --- flatten-maven-plugin:1.3.0:clean (flatten.clean) @ fluentlenium-junit-jupiter ---
[INFO] Deleting /home/gabsko/breaking-updates/fluentlenium-junit-jupiter/.flattened-pom.xml
[INFO] 
[INFO] --- maven-enforcer-plugin:3.1.0:enforce (enforce-maven) @ fluentlenium-junit-jupiter ---
[INFO] 
[INFO] --- jacoco-maven-plugin:0.8.8:prepare-agent (prepare-agent) @ fluentlenium-junit-jupiter ---
[INFO] argLine set to -javaagent:/home/gabsko/.m2/repository/org/jacoco/org.jacoco.agent/0.8.8/org.jacoco.agent-0.8.8-runtime.jar=destfile=/home/gabsko/breaking-updates/fluentlenium-junit-jupiter/target/jacoco.exec,excludes=**com.steadystate*:**com/gargoylesoftware*
[INFO] 
[INFO] --- maven-resources-plugin:3.3.0:resources (default-resources) @ fluentlenium-junit-jupiter ---
[INFO] skip non existing resourceDirectory /home/gabsko/breaking-updates/fluentlenium-junit-jupiter/src/main/resources
[INFO] 
[INFO] --- flatten-maven-plugin:1.3.0:flatten (flatten) @ fluentlenium-junit-jupiter ---
[INFO] Generating flattened POM of project org.fluentlenium:fluentlenium-junit-jupiter:jar:5.0.5-SNAPSHOT...
[INFO] 
[INFO] --- maven-compiler-plugin:3.10.1:compile (default-compile) @ fluentlenium-junit-jupiter ---
[INFO] Changes detected - recompiling the module!
[INFO] Compiling 3 source files to /home/gabsko/breaking-updates/fluentlenium-junit-jupiter/target/classes
[INFO] 
[INFO] --- maven-resources-plugin:3.3.0:testResources (default-testResources) @ fluentlenium-junit-jupiter ---
[INFO] Copying 3 resources
[INFO] 
[INFO] --- maven-compiler-plugin:3.10.1:testCompile (default-testCompile) @ fluentlenium-junit-jupiter ---
[INFO] Changes detected - recompiling the module!
[INFO] Compiling 10 source files to /home/gabsko/breaking-updates/fluentlenium-junit-jupiter/target/test-classes
[INFO] 
[INFO] --- maven-surefire-plugin:3.0.0-M7:test (default-test) @ fluentlenium-junit-jupiter ---
[INFO] Using auto detected provider org.apache.maven.surefire.junitplatform.JUnitPlatformProvider
[INFO] 
[INFO] -------------------------------------------------------
[INFO]  T E S T S
[INFO] -------------------------------------------------------
[INFO] Running org.fluentlenium.adapter.junit.jupiter.FluentJUnitJupiterTest
13:08:34.266 [main] INFO  WebDriverManager - Using chromedriver 102.0.5005.61 (resolved driver for Chrome 102)
13:08:34.289 [main] INFO  WebDriverManager - Exporting webdriver.chrome.driver as /home/gabsko/.cache/selenium/chromedriver/linux64/102.0.5005.61/chromedriver
13:08:34.667 [main] INFO  WebDriverManager - Using chromedriver 102.0.5005.61 (resolved driver for Chrome 102)
13:08:34.671 [main] INFO  WebDriverManager - Exporting webdriver.chrome.driver as /home/gabsko/.cache/selenium/chromedriver/linux64/102.0.5005.61/chromedriver
ChromeDriver was started successfully.
13:09:34.774 [main] INFO  WebDriverManager - Using chromedriver 102.0.5005.61 (resolved driver for Chrome 102)
13:09:34.778 [main] INFO  WebDriverManager - Exporting webdriver.chrome.driver as /home/gabsko/.cache/selenium/chromedriver/linux64/102.0.5005.61/chromedriver
13:09:34.799 [main] INFO  WebDriverManager - Using chromedriver 102.0.5005.61 (resolved driver for Chrome 102)
13:09:34.802 [main] INFO  WebDriverManager - Exporting webdriver.chrome.driver as /home/gabsko/.cache/selenium/chromedriver/linux64/102.0.5005.61/chromedriver
[ERROR] Tests run: 4, Failures: 0, Errors: 1, Skipped: 0, Time elapsed: 61.84 s <<< FAILURE! - in org.fluentlenium.adapter.junit.jupiter.FluentJUnitJupiterTest
[ERROR] org.fluentlenium.adapter.junit.jupiter.FluentJUnitJupiterTest.testBeforeEach  Time elapsed: 60.087 s  <<< ERROR!
org.openqa.selenium.WebDriverException: 
Browser failed to start, test [ test1 ] execution interrupted.
Caused by: [ NettyHttpHandler request interrupted]
Build info: version: '4.2.2', revision: '683ccb65d6'
System info: host: 'repairnator', ip: '127.0.1.1', os.name: 'Linux', os.arch: 'amd64', os.version: '5.4.0-113-generic', java.version: '11.0.17'
Driver info: driver.version: unknown
	at org.fluentlenium.adapter.TestRunnerCommon.getTestDriver(TestRunnerCommon.java:52)
	at org.fluentlenium.adapter.FluentTestRunnerAdapter.starting(FluentTestRunnerAdapter.java:144)
	at org.fluentlenium.adapter.junit.jupiter.FluentTest._starting(FluentTest.java:19)
	at org.fluentlenium.adapter.junit.jupiter.FluentJUnitJupiter.beforeEach(FluentJUnitJupiter.java:21)
	at org.fluentlenium.adapter.junit.jupiter.FluentJUnitJupiterTest.testBeforeEach(FluentJUnitJupiterTest.java:49)
	at java.base/jdk.internal.reflect.NativeMethodAccessorImpl.invoke0(Native Method)
	at java.base/jdk.internal.reflect.NativeMethodAccessorImpl.invoke(NativeMethodAccessorImpl.java:62)
	at java.base/jdk.internal.reflect.DelegatingMethodAccessorImpl.invoke(DelegatingMethodAccessorImpl.java:43)
	at java.base/java.lang.reflect.Method.invoke(Method.java:566)
	at org.junit.platform.commons.util.ReflectionUtils.invokeMethod(ReflectionUtils.java:727)
	at org.junit.jupiter.engine.execution.MethodInvocation.proceed(MethodInvocation.java:60)
	at org.junit.jupiter.engine.execution.InvocationInterceptorChain$ValidatingInvocation.proceed(InvocationInterceptorChain.java:131)
	at org.junit.jupiter.engine.extension.TimeoutExtension.intercept(TimeoutExtension.java:156)
	at org.junit.jupiter.engine.extension.TimeoutExtension.interceptTestableMethod(TimeoutExtension.java:147)
	at org.junit.jupiter.engine.extension.TimeoutExtension.interceptTestMethod(TimeoutExtension.java:86)
	at org.junit.jupiter.engine.execution.InterceptingExecutableInvoker$ReflectiveInterceptorCall.lambda$ofVoidMethod$0(InterceptingExecutableInvoker.java:103)
	at org.junit.jupiter.engine.execution.InterceptingExecutableInvoker.lambda$invoke$0(InterceptingExecutableInvoker.java:93)
	at org.junit.jupiter.engine.execution.InvocationInterceptorChain$InterceptedInvocation.proceed(InvocationInterceptorChain.java:106)
	at org.junit.jupiter.engine.execution.InvocationInterceptorChain.proceed(InvocationInterceptorChain.java:64)
	at org.junit.jupiter.engine.execution.InvocationInterceptorChain.chainAndInvoke(InvocationInterceptorChain.java:45)
	at org.junit.jupiter.engine.execution.InvocationInterceptorChain.invoke(InvocationInterceptorChain.java:37)
	at org.junit.jupiter.engine.execution.InterceptingExecutableInvoker.invoke(InterceptingExecutableInvoker.java:92)
	at org.junit.jupiter.engine.execution.InterceptingExecutableInvoker.invoke(InterceptingExecutableInvoker.java:86)
	at org.junit.jupiter.engine.descriptor.TestMethodTestDescriptor.lambda$invokeTestMethod$7(TestMethodTestDescriptor.java:217)
	at org.junit.platform.engine.support.hierarchical.ThrowableCollector.execute(ThrowableCollector.java:73)
	at org.junit.jupiter.engine.descriptor.TestMethodTestDescriptor.invokeTestMethod(TestMethodTestDescriptor.java:213)
	at org.junit.jupiter.engine.descriptor.TestMethodTestDescriptor.execute(TestMethodTestDescriptor.java:138)
	at org.junit.jupiter.engine.descriptor.TestMethodTestDescriptor.execute(TestMethodTestDescriptor.java:68)
	at org.junit.platform.engine.support.hierarchical.NodeTestTask.lambda$executeRecursively$6(NodeTestTask.java:151)
	at org.junit.platform.engine.support.hierarchical.ThrowableCollector.execute(ThrowableCollector.java:73)
	at org.junit.platform.engine.support.hierarchical.NodeTestTask.lambda$executeRecursively$8(NodeTestTask.java:141)
	at org.junit.platform.engine.support.hierarchical.Node.around(Node.java:137)
	at org.junit.platform.engine.support.hierarchical.NodeTestTask.lambda$executeRecursively$9(NodeTestTask.java:139)
	at org.junit.platform.engine.support.hierarchical.ThrowableCollector.execute(ThrowableCollector.java:73)
	at org.junit.platform.engine.support.hierarchical.NodeTestTask.executeRecursively(NodeTestTask.java:138)
	at org.junit.platform.engine.support.hierarchical.NodeTestTask.execute(NodeTestTask.java:95)
	at java.base/java.util.ArrayList.forEach(ArrayList.java:1541)
	at org.junit.platform.engine.support.hierarchical.SameThreadHierarchicalTestExecutorService.invokeAll(SameThreadHierarchicalTestExecutorService.java:41)
	at org.junit.platform.engine.support.hierarchical.NodeTestTask.lambda$executeRecursively$6(NodeTestTask.java:155)
	at org.junit.platform.engine.support.hierarchical.ThrowableCollector.execute(ThrowableCollector.java:73)
	at org.junit.platform.engine.support.hierarchical.NodeTestTask.lambda$executeRecursively$8(NodeTestTask.java:141)
	at org.junit.platform.engine.support.hierarchical.Node.around(Node.java:137)
	at org.junit.platform.engine.support.hierarchical.NodeTestTask.lambda$executeRecursively$9(NodeTestTask.java:139)
	at org.junit.platform.engine.support.hierarchical.ThrowableCollector.execute(ThrowableCollector.java:73)
	at org.junit.platform.engine.support.hierarchical.NodeTestTask.executeRecursively(NodeTestTask.java:138)
	at org.junit.platform.engine.support.hierarchical.NodeTestTask.execute(NodeTestTask.java:95)
	at java.base/java.util.ArrayList.forEach(ArrayList.java:1541)
	at org.junit.platform.engine.support.hierarchical.SameThreadHierarchicalTestExecutorService.invokeAll(SameThreadHierarchicalTestExecutorService.java:41)
	at org.junit.platform.engine.support.hierarchical.NodeTestTask.lambda$executeRecursively$6(NodeTestTask.java:155)
	at org.junit.platform.engine.support.hierarchical.ThrowableCollector.execute(ThrowableCollector.java:73)
	at org.junit.platform.engine.support.hierarchical.NodeTestTask.lambda$executeRecursively$8(NodeTestTask.java:141)
	at org.junit.platform.engine.support.hierarchical.Node.around(Node.java:137)
	at org.junit.platform.engine.support.hierarchical.NodeTestTask.lambda$executeRecursively$9(NodeTestTask.java:139)
	at org.junit.platform.engine.support.hierarchical.ThrowableCollector.execute(ThrowableCollector.java:73)
	at org.junit.platform.engine.support.hierarchical.NodeTestTask.executeRecursively(NodeTestTask.java:138)
	at org.junit.platform.engine.support.hierarchical.NodeTestTask.execute(NodeTestTask.java:95)
	at org.junit.platform.engine.support.hierarchical.SameThreadHierarchicalTestExecutorService.submit(SameThreadHierarchicalTestExecutorService.java:35)
	at org.junit.platform.engine.support.hierarchical.HierarchicalTestExecutor.execute(HierarchicalTestExecutor.java:57)
	at org.junit.platform.engine.support.hierarchical.HierarchicalTestEngine.execute(HierarchicalTestEngine.java:54)
	at org.junit.platform.launcher.core.EngineExecutionOrchestrator.execute(EngineExecutionOrchestrator.java:147)
	at org.junit.platform.launcher.core.EngineExecutionOrchestrator.execute(EngineExecutionOrchestrator.java:127)
	at org.junit.platform.launcher.core.EngineExecutionOrchestrator.execute(EngineExecutionOrchestrator.java:90)
	at org.junit.platform.launcher.core.EngineExecutionOrchestrator.lambda$execute$0(EngineExecutionOrchestrator.java:55)
	at org.junit.platform.launcher.core.EngineExecutionOrchestrator.withInterceptedStreams(EngineExecutionOrchestrator.java:102)
	at org.junit.platform.launcher.core.EngineExecutionOrchestrator.execute(EngineExecutionOrchestrator.java:54)
	at org.junit.platform.launcher.core.DefaultLauncher.execute(DefaultLauncher.java:114)
	at org.junit.platform.launcher.core.DefaultLauncher.execute(DefaultLauncher.java:86)
	at org.junit.platform.launcher.core.DefaultLauncherSession$DelegatingLauncher.execute(DefaultLauncherSession.java:86)
	at org.apache.maven.surefire.junitplatform.LazyLauncher.execute(LazyLauncher.java:55)
	at org.apache.maven.surefire.junitplatform.JUnitPlatformProvider.execute(JUnitPlatformProvider.java:223)
	at org.apache.maven.surefire.junitplatform.JUnitPlatformProvider.invokeAllTests(JUnitPlatformProvider.java:175)
	at org.apache.maven.surefire.junitplatform.JUnitPlatformProvider.invoke(JUnitPlatformProvider.java:139)
	at org.apache.maven.surefire.booter.ForkedBooter.runSuitesInProcess(ForkedBooter.java:456)
	at org.apache.maven.surefire.booter.ForkedBooter.execute(ForkedBooter.java:169)
	at org.apache.maven.surefire.booter.ForkedBooter.run(ForkedBooter.java:595)
	at org.apache.maven.surefire.booter.ForkedBooter.main(ForkedBooter.java:581)
Caused by: java.util.concurrent.ExecutionException: org.fluentlenium.configuration.ConfigurationException: Can't create new WebDriver instance
	at java.base/java.util.concurrent.FutureTask.report(FutureTask.java:122)
	at java.base/java.util.concurrent.FutureTask.get(FutureTask.java:191)
	at org.fluentlenium.adapter.sharedwebdriver.SharedWebdriverSingletonImpl.getSharedWebDriver(SharedWebdriverSingletonImpl.java:206)
	at org.fluentlenium.adapter.sharedwebdriver.SharedWebDriverContainer.getSharedWebDriver(SharedWebDriverContainer.java:66)
	at org.fluentlenium.adapter.TestRunnerCommon.getTestDriver(TestRunnerCommon.java:46)
	at org.fluentlenium.adapter.FluentTestRunnerAdapter.starting(FluentTestRunnerAdapter.java:144)
	at org.fluentlenium.adapter.junit.jupiter.FluentJUnitJupiterTest$Test1$MockitoMock$nAy6Wur2.starting$accessor$YiuFATWA(Unknown Source)
	at org.fluentlenium.adapter.junit.jupiter.FluentJUnitJupiterTest$Test1$MockitoMock$nAy6Wur2$auxiliary$87Hq0oVv.call(Unknown Source)
	at org.mockito.internal.invocation.RealMethod$FromCallable$1.call(RealMethod.java:40)
	at org.mockito.internal.invocation.RealMethod$FromBehavior.invoke(RealMethod.java:62)
	at org.mockito.internal.invocation.InterceptedInvocation.callRealMethod(InterceptedInvocation.java:142)
	at org.mockito.internal.stubbing.answers.CallsRealMethods.answer(CallsRealMethods.java:45)
	at org.mockito.Answers.answer(Answers.java:90)
	at org.mockito.internal.handler.MockHandlerImpl.handle(MockHandlerImpl.java:111)
	at org.mockito.internal.handler.NullResultGuardian.handle(NullResultGuardian.java:29)
	at org.mockito.internal.handler.InvocationNotifierHandler.handle(InvocationNotifierHandler.java:34)
	at org.mockito.internal.creation.bytebuddy.MockMethodInterceptor.doIntercept(MockMethodInterceptor.java:82)
	at org.mockito.internal.creation.bytebuddy.MockMethodInterceptor.doIntercept(MockMethodInterceptor.java:56)
	at org.mockito.internal.creation.bytebuddy.MockMethodInterceptor$DispatcherDefaultingToRealMethod.interceptSuperCallable(MockMethodInterceptor.java:145)
	at org.fluentlenium.adapter.junit.jupiter.FluentJUnitJupiterTest$Test1$MockitoMock$nAy6Wur2.starting(Unknown Source)
	at org.fluentlenium.adapter.junit.jupiter.FluentTest._starting(FluentTest.java:19)
	at org.fluentlenium.adapter.junit.jupiter.FluentJUnitJupiterTest$Test1$MockitoMock$nAy6Wur2._starting$accessor$YiuFATWA(Unknown Source)
	at org.fluentlenium.adapter.junit.jupiter.FluentJUnitJupiterTest$Test1$MockitoMock$nAy6Wur2$auxiliary$HxxNhepz.call(Unknown Source)
	at org.mockito.internal.invocation.RealMethod$FromCallable$1.call(RealMethod.java:40)
	at org.mockito.internal.invocation.RealMethod$FromBehavior.invoke(RealMethod.java:62)
	at org.mockito.internal.invocation.InterceptedInvocation.callRealMethod(InterceptedInvocation.java:142)
	at org.mockito.internal.stubbing.answers.CallsRealMethods.answer(CallsRealMethods.java:45)
	at org.mockito.Answers.answer(Answers.java:90)
	at org.mockito.internal.handler.MockHandlerImpl.handle(MockHandlerImpl.java:111)
	at org.mockito.internal.handler.NullResultGuardian.handle(NullResultGuardian.java:29)
	at org.mockito.internal.handler.InvocationNotifierHandler.handle(InvocationNotifierHandler.java:34)
	at org.mockito.internal.creation.bytebuddy.MockMethodInterceptor.doIntercept(MockMethodInterceptor.java:82)
	at org.mockito.internal.creation.bytebuddy.MockMethodInterceptor.doIntercept(MockMethodInterceptor.java:56)
	at org.mockito.internal.creation.bytebuddy.MockMethodInterceptor$DispatcherDefaultingToRealMethod.interceptSuperCallable(MockMethodInterceptor.java:145)
	at org.fluentlenium.adapter.junit.jupiter.FluentJUnitJupiterTest$Test1$MockitoMock$nAy6Wur2._starting(Unknown Source)
	... 73 more
Caused by: org.fluentlenium.configuration.ConfigurationException: Can't create new WebDriver instance
	at org.fluentlenium.configuration.ReflectiveWebDriverFactory.newWebDriver(ReflectiveWebDriverFactory.java:104)
	at org.fluentlenium.configuration.WebDriversRegistryImpl.newWebDriver(WebDriversRegistryImpl.java:48)
	at org.fluentlenium.configuration.WebDrivers.newWebDriver(WebDrivers.java:38)
	at org.fluentlenium.adapter.sharedwebdriver.SharedWebdriverSingletonImpl.newWebDriver(SharedWebdriverSingletonImpl.java:228)
	at org.fluentlenium.adapter.sharedwebdriver.SharedWebDriverContainer.newWebDriver(SharedWebDriverContainer.java:70)
	at org.fluentlenium.adapter.IFluentAdapter.newWebDriver(IFluentAdapter.java:118)
	at org.fluentlenium.adapter.sharedwebdriver.SharedWebdriverSingletonImpl.createDriver(SharedWebdriverSingletonImpl.java:74)
	at org.fluentlenium.adapter.sharedwebdriver.SharedWebdriverSingletonImpl.createAndRegisterNewDriver(SharedWebdriverSingletonImpl.java:68)
	at org.fluentlenium.adapter.sharedwebdriver.SharedWebdriverSingletonImpl.lambda$getOrCreateDriver$0(SharedWebdriverSingletonImpl.java:63)
	at java.base/java.util.Optional.orElseGet(Optional.java:369)
	at org.fluentlenium.adapter.sharedwebdriver.SharedWebdriverSingletonImpl.getOrCreateDriver(SharedWebdriverSingletonImpl.java:63)
	at org.fluentlenium.adapter.sharedwebdriver.SharedWebDriverContainer.getOrCreateDriver(SharedWebDriverContainer.java:42)
	at org.fluentlenium.adapter.sharedwebdriver.SharedWebdriverSingletonImpl.lambda$createDriver$1(SharedWebdriverSingletonImpl.java:224)
	at java.base/java.util.concurrent.FutureTask.run(FutureTask.java:264)
	at java.base/java.util.concurrent.ThreadPoolExecutor.runWorker(ThreadPoolExecutor.java:1128)
	at java.base/java.util.concurrent.ThreadPoolExecutor$Worker.run(ThreadPoolExecutor.java:628)
	at java.base/java.lang.Thread.run(Thread.java:829)
Caused by: java.lang.reflect.InvocationTargetException
	at java.base/jdk.internal.reflect.NativeConstructorAccessorImpl.newInstance0(Native Method)
	at java.base/jdk.internal.reflect.NativeConstructorAccessorImpl.newInstance(NativeConstructorAccessorImpl.java:62)
	at java.base/jdk.internal.reflect.DelegatingConstructorAccessorImpl.newInstance(DelegatingConstructorAccessorImpl.java:45)
	at java.base/java.lang.reflect.Constructor.newInstance(Constructor.java:490)
	at org.fluentlenium.utils.ReflectionUtils.newInstance(ReflectionUtils.java:234)
	at org.fluentlenium.configuration.ReflectiveWebDriverFactory.newInstance(ReflectiveWebDriverFactory.java:127)
	at org.fluentlenium.configuration.ReflectiveWebDriverFactory.newWebDriver(ReflectiveWebDriverFactory.java:97)
	at org.fluentlenium.configuration.WebDriversRegistryImpl.newWebDriver(WebDriversRegistryImpl.java:48)
	at org.fluentlenium.configuration.WebDrivers.newWebDriver(WebDrivers.java:38)
	at org.fluentlenium.adapter.sharedwebdriver.SharedWebdriverSingletonImpl.newWebDriver(SharedWebdriverSingletonImpl.java:228)
	at org.fluentlenium.adapter.sharedwebdriver.SharedWebDriverContainer.newWebDriver(SharedWebDriverContainer.java:70)
	at org.fluentlenium.adapter.IFluentAdapter.newWebDriver(IFluentAdapter.java:118)
	at org.fluentlenium.adapter.junit.jupiter.FluentJUnitJupiterTest$Test1$MockitoMock$nAy6Wur2.newWebDriver$accessor$YiuFATWA(Unknown Source)
	at org.fluentlenium.adapter.junit.jupiter.FluentJUnitJupiterTest$Test1$MockitoMock$nAy6Wur2$auxiliary$pABLPLyc.call(Unknown Source)
	at org.mockito.internal.invocation.RealMethod$FromCallable$1.call(RealMethod.java:40)
	at org.mockito.internal.invocation.RealMethod$FromBehavior.invoke(RealMethod.java:62)
	at org.mockito.internal.invocation.InterceptedInvocation.callRealMethod(InterceptedInvocation.java:142)
	at org.mockito.internal.stubbing.answers.CallsRealMethods.answer(CallsRealMethods.java:45)
	at org.mockito.Answers.answer(Answers.java:90)
	at org.mockito.internal.handler.MockHandlerImpl.handle(MockHandlerImpl.java:111)
	at org.mockito.internal.handler.NullResultGuardian.handle(NullResultGuardian.java:29)
	at org.mockito.internal.handler.InvocationNotifierHandler.handle(InvocationNotifierHandler.java:34)
	at org.mockito.internal.creation.bytebuddy.MockMethodInterceptor.doIntercept(MockMethodInterceptor.java:82)
	at org.mockito.internal.creation.bytebuddy.MockMethodInterceptor.doIntercept(MockMethodInterceptor.java:56)
	at org.mockito.internal.creation.bytebuddy.MockMethodInterceptor$DispatcherDefaultingToRealMethod.interceptSuperCallable(MockMethodInterceptor.java:145)
	at org.fluentlenium.adapter.junit.jupiter.FluentJUnitJupiterTest$Test1$MockitoMock$nAy6Wur2.newWebDriver(Unknown Source)
	... 11 more
Caused by: org.openqa.selenium.SessionNotCreatedException: Could not start a new session. Possible causes are invalid address of the remote server or browser start-up failure.
Build info: version: '4.2.2', revision: '683ccb65d6'
System info: host: 'repairnator', ip: '127.0.1.1', os.name: 'Linux', os.arch: 'amd64', os.version: '5.4.0-113-generic', java.version: '11.0.17'
Driver info: org.openqa.selenium.chrome.ChromeDriver
Command: [null, newSession {capabilities=[Capabilities {goog:chromeOptions: {args: [headless, no-sandbox, disable-gpu, disable-dev-shm-usage]}}], desiredCapabilities=Capabilities {goog:chromeOptions: {args: [headless, no-sandbox, disable-gpu, disable-dev-shm-usage]}}}]
	at org.openqa.selenium.remote.RemoteWebDriver.execute(RemoteWebDriver.java:606)
	at org.openqa.selenium.remote.RemoteWebDriver.startSession(RemoteWebDriver.java:283)
	at org.openqa.selenium.remote.RemoteWebDriver.<init>(RemoteWebDriver.java:184)
	at org.openqa.selenium.chromium.ChromiumDriver.<init>(ChromiumDriver.java:106)
	at org.openqa.selenium.chrome.ChromeDriver.<init>(ChromeDriver.java:106)
	at org.openqa.selenium.chrome.ChromeDriver.<init>(ChromeDriver.java:72)
	... 37 more
Caused by: java.lang.RuntimeException: NettyHttpHandler request interrupted
	at org.openqa.selenium.remote.http.netty.NettyHttpHandler.makeCall(NettyHttpHandler.java:63)
	at org.openqa.selenium.remote.http.AddSeleniumUserAgent.lambda$apply$0(AddSeleniumUserAgent.java:42)
	at org.openqa.selenium.remote.http.Filter.lambda$andFinally$1(Filter.java:56)
	at org.openqa.selenium.remote.http.netty.NettyHttpHandler.execute(NettyHttpHandler.java:49)
	at org.openqa.selenium.remote.http.AddSeleniumUserAgent.lambda$apply$0(AddSeleniumUserAgent.java:42)
	at org.openqa.selenium.remote.http.Filter.lambda$andFinally$1(Filter.java:56)
	at org.openqa.selenium.remote.http.netty.NettyClient.execute(NettyClient.java:98)
	at org.openqa.selenium.remote.ProtocolHandshake.createSession(ProtocolHandshake.java:120)
	at org.openqa.selenium.remote.ProtocolHandshake.createSession(ProtocolHandshake.java:102)
	at org.openqa.selenium.remote.ProtocolHandshake.createSession(ProtocolHandshake.java:67)
	at org.openqa.selenium.remote.HttpCommandExecutor.execute(HttpCommandExecutor.java:156)
	at org.openqa.selenium.remote.service.DriverCommandExecutor.invokeExecute(DriverCommandExecutor.java:167)
	at org.openqa.selenium.remote.service.DriverCommandExecutor.execute(DriverCommandExecutor.java:142)
	at org.openqa.selenium.remote.RemoteWebDriver.execute(RemoteWebDriver.java:588)
	... 42 more
Caused by: java.lang.InterruptedException
	at java.base/java.util.concurrent.CompletableFuture.reportGet(CompletableFuture.java:385)
	at java.base/java.util.concurrent.CompletableFuture.get(CompletableFuture.java:2022)
	at org.asynchttpclient.netty.NettyResponseFuture.get(NettyResponseFuture.java:206)
	at org.openqa.selenium.remote.http.netty.NettyHttpHandler.makeCall(NettyHttpHandler.java:59)
	... 55 more

[INFO] 
[INFO] Results:
[INFO] 
[ERROR] Errors: 
[ERROR]   FluentJUnitJupiterTest.testBeforeEach:49  WebDriver Browser failed to start, test [ test1 ] execution interrupted.
Caused by: [ NettyHttpHandler request interrupted]
Build info: version: '4.2.2', revision: '683ccb65d6'
System info: host: 'repairnator', ip: '127.0.1.1', os.name: 'Linux', os.arch: 'amd64', os.version: '5.4.0-113-generic', java.version: '11.0.17'
Driver info: driver.version: unknown
[INFO] 
[ERROR] Tests run: 4, Failures: 0, Errors: 1, Skipped: 0
[INFO] 
[INFO] ------------------------------------------------------------------------
[INFO] Reactor Summary for FluentLenium 5.0.5-SNAPSHOT:
[INFO] 
[INFO] FluentLenium ....................................... SUCCESS [  0.505 s]
[INFO] FluentLenium Core .................................. SUCCESS [ 38.783 s]
[INFO] FluentLenium TestNG ................................ SUCCESS [  0.627 s]
[INFO] FluentLenium AssertJ ............................... SUCCESS [  5.676 s]
[INFO] FluentLenium JUnit Jupiter ......................... FAILURE [01:03 min]
[INFO] FluentLenium Integration Tests ..................... SKIPPED
[INFO] FluentLenium JUnit ................................. SKIPPED
[INFO] FluentLenium Spring TestNG ......................... SKIPPED
[INFO] FluentLenium Cucumber .............................. SKIPPED
[INFO] FluentLenium Spock ................................. SKIPPED
[INFO] FluentLenium Kotest ................................ SKIPPED
[INFO] FluentLenium Kotest Assertions ..................... SKIPPED
[INFO] FluentLenium Coverage Report ....................... SKIPPED
[INFO] ------------------------------------------------------------------------
[INFO] BUILD FAILURE
[INFO] ------------------------------------------------------------------------
[INFO] Total time:  01:49 min
[INFO] Finished at: 2023-02-10T13:09:35Z
[INFO] ------------------------------------------------------------------------
[ERROR] Failed to execute goal org.apache.maven.plugins:maven-surefire-plugin:3.0.0-M7:test (default-test) on project fluentlenium-junit-jupiter: 
[ERROR] 
[ERROR] Please refer to /home/gabsko/breaking-updates/fluentlenium-junit-jupiter/target/surefire-reports for the individual test results.
[ERROR] Please refer to dump files (if any exist) [date].dump, [date]-jvmRun[N].dump and [date].dumpstream.
[ERROR] -> [Help 1]
[ERROR] 
[ERROR] To see the full stack trace of the errors, re-run Maven with the -e switch.
[ERROR] Re-run Maven using the -X switch to enable full debug logging.
[ERROR] 
[ERROR] For more information about the errors and possible solutions, please read the following articles:
[ERROR] [Help 1] http://cwiki.apache.org/confluence/display/MAVEN/MojoFailureException
[ERROR] 
[ERROR] After correcting the problems, you can resume the build with the command
[ERROR]   mvn <args> -rf :fluentlenium-junit-jupiter
