[INFO] Scanning for projects...
[WARNING] The POM for org.jenkins-ci.tools:maven-hpi-plugin:jar:3.19 is missing, no dependency information available
[WARNING] Failed to build parent project for org.jvnet.hudson.plugins:analysis-pom:pom:5.13.0
[WARNING] Failed to build parent project for io.jenkins.plugins:warnings-ng:hpi:9.6.0-SNAPSHOT
[INFO] Inspecting build with total of 3 modules...
[INFO] Installing Nexus Staging features:
[INFO]   ... total of 1 executions of maven-deploy-plugin replaced with nexus-staging-maven-plugin
[INFO] ------------------------------------------------------------------------
[INFO] Reactor Build Order:
[INFO] 
[INFO] Warnings Next Generation Plugin                                    [hpi]
[INFO] UI Tests of Warnings Plugin                                        [jar]
[INFO] Aggregator for Warnings Plugin                                     [pom]
[INFO] 
[INFO] -------------------< io.jenkins.plugins:warnings-ng >-------------------
[INFO] Building Warnings Next Generation Plugin 9.6.0-SNAPSHOT            [1/3]
[INFO] --------------------------------[ hpi ]---------------------------------
[INFO] 
[INFO] --- maven-clean-plugin:3.1.0:clean (default-clean) @ warnings-ng ---
[INFO] Deleting /home/gabsko/breaking-updates/plugin/target
[INFO] 
[INFO] --- maven-hpi-plugin:3.19:validate (default-validate) @ warnings-ng ---
[INFO] 
[INFO] --- maven-hpi-plugin:3.19:validate-hpi (default-validate-hpi) @ warnings-ng ---
[INFO] 
[INFO] --- maven-enforcer-plugin:3.0.0-M3:display-info (display-info) @ warnings-ng ---
[INFO] Maven Version: 3.8.6
[INFO] JDK Version: 11.0.17 normalized as: 11.0.17
[INFO] OS Info: Arch: amd64 Family: unix Name: linux Version: 5.4.0-113-generic
[INFO] 
[INFO] --- maven-enforcer-plugin:3.0.0-M3:enforce (display-info) @ warnings-ng ---
[INFO] Ignoring requireUpperBoundDeps in org.slf4j:slf4j-api
[INFO] Ignoring requireUpperBoundDeps in com.google.guava:guava
[INFO] Adding ignore: module-info
[INFO] Adding ignore: module-info
[INFO] Adding ignore: **/ModuleUtils*
[WARNING] Invalid bytecodeVersion for com.fasterxml.jackson.module:jackson-module-jaxb-annotations:jar:2.12.4:compile : META-INF/versions/11/module-info.class: expected 55, but was 53
[INFO] 
[INFO] --- maven-enforcer-plugin:3.0.0-M3:enforce (no-snapshots-in-release) @ warnings-ng ---
[INFO] 
[INFO] --- gmavenplus-plugin:1.13.0:addTestSources (test-in-groovy) @ warnings-ng ---
[INFO] 
[INFO] --- localizer-maven-plugin:1.31:generate (default) @ warnings-ng ---
[INFO] 
[INFO] >>> maven-javadoc-plugin:3.3.1:javadoc (default) > generate-sources @ warnings-ng >>>
[INFO] 
[INFO] --- maven-hpi-plugin:3.19:validate (default-validate) @ warnings-ng ---
[INFO] 
[INFO] --- maven-hpi-plugin:3.19:validate-hpi (default-validate-hpi) @ warnings-ng ---
[INFO] 
[INFO] --- maven-enforcer-plugin:3.0.0-M3:display-info (display-info) @ warnings-ng ---
[INFO] Maven Version: 3.8.6
[INFO] JDK Version: 11.0.17 normalized as: 11.0.17
[INFO] OS Info: Arch: amd64 Family: unix Name: linux Version: 5.4.0-113-generic
[INFO] 
[INFO] --- maven-enforcer-plugin:3.0.0-M3:enforce (display-info) @ warnings-ng ---
[INFO] Ignoring requireUpperBoundDeps in org.slf4j:slf4j-api
[INFO] Ignoring requireUpperBoundDeps in com.google.guava:guava
[INFO] Adding ignore: module-info
[INFO] Adding ignore: module-info
[INFO] Adding ignore: **/ModuleUtils*
[WARNING] Invalid bytecodeVersion for com.fasterxml.jackson.module:jackson-module-jaxb-annotations:jar:2.12.4:compile : META-INF/versions/11/module-info.class: expected 55, but was 53
[INFO] 
[INFO] --- maven-enforcer-plugin:3.0.0-M3:enforce (no-snapshots-in-release) @ warnings-ng ---
[INFO] 
[INFO] --- gmavenplus-plugin:1.13.0:addTestSources (test-in-groovy) @ warnings-ng ---
[INFO] 
[INFO] --- localizer-maven-plugin:1.31:generate (default) @ warnings-ng ---
[INFO] 
[INFO] <<< maven-javadoc-plugin:3.3.1:javadoc (default) < generate-sources @ warnings-ng <<<
[INFO] 
[INFO] 
[INFO] --- maven-javadoc-plugin:3.3.1:javadoc (default) @ warnings-ng ---
[INFO] No previous run data found, generating javadoc.
[INFO] 
[INFO] --- maven-resources-plugin:3.2.0:resources (default-resources) @ warnings-ng ---
[INFO] Using 'UTF-8' encoding to copy filtered resources.
[INFO] Using 'UTF-8' encoding to copy filtered properties files.
[INFO] Copying 199 resources
[INFO] 
[INFO] --- maven-compiler-plugin:3.8.1:compile (default-compile) @ warnings-ng ---
[INFO] Changes detected - recompiling the module!
[INFO] Compiling 260 source files to /home/gabsko/breaking-updates/plugin/target/classes
[WARNING] /home/gabsko/breaking-updates/plugin/src/main/java/io/jenkins/plugins/analysis/core/model/StaticAnalysisLabelProvider.java:[379,42] getImagePath(hudson.model.BallColor) in io.jenkins.plugins.util.JenkinsFacade has been deprecated
[WARNING] /home/gabsko/breaking-updates/plugin/src/main/java/io/jenkins/plugins/analysis/warnings/axivion/AxivionSuite.java:[196,28] SYSTEM in hudson.security.ACL has been deprecated
[WARNING] /home/gabsko/breaking-updates/plugin/src/main/java/io/jenkins/plugins/analysis/warnings/axivion/AxivionSuite.java:[352,32] SYSTEM in hudson.security.ACL has been deprecated
[WARNING] /home/gabsko/breaking-updates/plugin/src/main/java/io/jenkins/plugins/analysis/warnings/axivion/AxivionSuite.java:[387,24] SYSTEM in hudson.security.ACL has been deprecated
[INFO] 
[INFO] --- access-modifier-checker:1.25:enforce (default-enforce) @ warnings-ng ---
[INFO] 
[INFO] --- maven-hpi-plugin:3.19:insert-test (default-insert-test) @ warnings-ng ---
[INFO] 
[INFO] --- assertj-assertions-generator-maven-plugin:2.2.0:generate-assertions (default) @ warnings-ng ---
[INFO] 
[INFO] --- gmavenplus-plugin:1.13.0:generateTestStubs (test-in-groovy) @ warnings-ng ---
[INFO] No sources specified for stub generation. Skipping.
[INFO] Generated 0 stubs.
[INFO] 
[INFO] --- maven-antrun-plugin:3.0.0:run (createTempDir) @ warnings-ng ---
[INFO] Executing tasks
[INFO]     [mkdir] Created dir: /home/gabsko/breaking-updates/plugin/target/tmp
[INFO] Executed tasks
[INFO] 
[INFO] --- maven-resources-plugin:3.2.0:testResources (default-testResources) @ warnings-ng ---
[INFO] Using 'UTF-8' encoding to copy filtered resources.
[INFO] Using 'UTF-8' encoding to copy filtered properties files.
[INFO] Copying 321 resources
[INFO] 
[INFO] --- maven-compiler-plugin:3.8.1:testCompile (default-testCompile) @ warnings-ng ---
[INFO] Changes detected - recompiling the module!
[INFO] Compiling 205 source files to /home/gabsko/breaking-updates/plugin/target/test-classes
[WARNING] /home/gabsko/breaking-updates/plugin/src/test/java/io/jenkins/plugins/analysis/core/model/SummaryTest.java:[352,21] getImagePath(hudson.model.BallColor) in io.jenkins.plugins.util.JenkinsFacade has been deprecated
[WARNING] /home/gabsko/breaking-updates/plugin/src/test/java/io/jenkins/plugins/analysis/core/model/ResetQualityGateCommandTest.java:[84,76] <T>emptyList() in org.assertj.core.util.Lists has been deprecated
[WARNING] /home/gabsko/breaking-updates/plugin/src/test/java/io/jenkins/plugins/analysis/warnings/steps/GitForensicsITest.java:[75,22] GitSCM(java.util.List<hudson.plugins.git.UserRemoteConfig>,java.util.List<hudson.plugins.git.BranchSpec>,java.lang.Boolean,java.util.Collection<hudson.plugins.git.SubmoduleConfig>,hudson.plugins.git.browser.GitRepositoryBrowser,java.lang.String,java.util.List<hudson.plugins.git.extensions.GitSCMExtension>) in hudson.plugins.git.GitSCM has been deprecated
[WARNING] /home/gabsko/breaking-updates/plugin/src/test/java/io/jenkins/plugins/analysis/warnings/steps/GitForensicsITest.java:[150,22] GitSCM(java.util.List<hudson.plugins.git.UserRemoteConfig>,java.util.List<hudson.plugins.git.BranchSpec>,java.lang.Boolean,java.util.Collection<hudson.plugins.git.SubmoduleConfig>,hudson.plugins.git.browser.GitRepositoryBrowser,java.lang.String,java.util.List<hudson.plugins.git.extensions.GitSCMExtension>) in hudson.plugins.git.GitSCM has been deprecated
[WARNING] /home/gabsko/breaking-updates/plugin/src/test/java/io/jenkins/plugins/analysis/warnings/steps/pageobj/PageObject.java:[36,25] asText() in com.gargoylesoftware.htmlunit.html.DomNode has been deprecated
[INFO] 
[INFO] --- maven-hpi-plugin:3.19:test-hpl (default-test-hpl) @ warnings-ng ---
[INFO] Generating /home/gabsko/breaking-updates/plugin/target/test-classes/the.hpl
[INFO] webappDirectory does not exist, will use warSourceDirectory
[INFO] 
[INFO] --- maven-hpi-plugin:3.19:resolve-test-dependencies (default-resolve-test-dependencies) @ warnings-ng ---
[INFO] Downloading from repo.jenkins-ci.org: https://repo.jenkins-ci.org/public/io/jenkins/plugins/analysis-model-api/10.5.4/analysis-model-api-10.5.4.hpi
[INFO] Downloaded from repo.jenkins-ci.org: https://repo.jenkins-ci.org/public/io/jenkins/plugins/analysis-model-api/10.5.4/analysis-model-api-10.5.4.hpi (16 MB at 2.0 MB/s)
[INFO] Downloading from repo.jenkins-ci.org: https://repo.jenkins-ci.org/public/io/jenkins/plugins/plugin-util-api/2.5.0/plugin-util-api-2.5.0.hpi
[INFO] Downloaded from repo.jenkins-ci.org: https://repo.jenkins-ci.org/public/io/jenkins/plugins/plugin-util-api/2.5.0/plugin-util-api-2.5.0.hpi (781 kB at 895 kB/s)
[INFO] 
[INFO] --- gmavenplus-plugin:1.13.0:compileTests (test-in-groovy) @ warnings-ng ---
[INFO] No sources specified for compilation. Skipping.
[INFO] 
[INFO] --- jacoco-maven-plugin:0.8.7:prepare-agent (default) @ warnings-ng ---
[INFO] argLine set to -javaagent:/home/gabsko/.m2/repository/org/jacoco/org.jacoco.agent/0.8.7/org.jacoco.agent-0.8.7-runtime.jar=destfile=/home/gabsko/breaking-updates/plugin/target/jacoco.exec,includes=io/jenkins/plugins/**/*,excludes=**/JenkinsFacade.*:**/*BlameRunner.*:**/NullAnalysisHistory.* -Djava.awt.headless=true -Xmx1024m -Djenkins.test.timeout=1000
[INFO] 
[INFO] --- maven-surefire-plugin:3.0.0-M4:test (default-test) @ warnings-ng ---
[INFO] 
[INFO] -------------------------------------------------------
[INFO]  T E S T S
[INFO] -------------------------------------------------------
[INFO] Running io.jenkins.plugins.analysis.core.charts.CompositeBuildResultTest
[INFO] Tests run: 6, Failures: 0, Errors: 0, Skipped: 0, Time elapsed: 1.436 s - in io.jenkins.plugins.analysis.core.charts.CompositeBuildResultTest
[INFO] Running io.jenkins.plugins.analysis.core.charts.HealthSeriesBuilderTest
[INFO] Tests run: 8, Failures: 0, Errors: 0, Skipped: 0, Time elapsed: 0.341 s - in io.jenkins.plugins.analysis.core.charts.HealthSeriesBuilderTest
[INFO] Running io.jenkins.plugins.analysis.core.charts.HealthTrendChartTest
[INFO] Tests run: 2, Failures: 0, Errors: 0, Skipped: 0, Time elapsed: 0.256 s - in io.jenkins.plugins.analysis.core.charts.HealthTrendChartTest
[INFO] Running io.jenkins.plugins.analysis.core.charts.NewVersusFixedPieChartTest
[INFO] Tests run: 1, Failures: 0, Errors: 0, Skipped: 0, Time elapsed: 0.111 s - in io.jenkins.plugins.analysis.core.charts.NewVersusFixedPieChartTest
[INFO] Running io.jenkins.plugins.analysis.core.charts.NewVersusFixedSeriesBuilderTest
[INFO] Tests run: 1, Failures: 0, Errors: 0, Skipped: 0, Time elapsed: 0.024 s - in io.jenkins.plugins.analysis.core.charts.NewVersusFixedSeriesBuilderTest
[INFO] Running io.jenkins.plugins.analysis.core.charts.NewVersusFixedTrendChartTest
[INFO] Tests run: 1, Failures: 0, Errors: 0, Skipped: 0, Time elapsed: 0.009 s - in io.jenkins.plugins.analysis.core.charts.NewVersusFixedTrendChartTest
[INFO] Running io.jenkins.plugins.analysis.core.charts.SeverityPieChartTest
[INFO] Tests run: 3, Failures: 0, Errors: 0, Skipped: 0, Time elapsed: 0.012 s - in io.jenkins.plugins.analysis.core.charts.SeverityPieChartTest
[INFO] Running io.jenkins.plugins.analysis.core.charts.SeveritySeriesBuilderTest
[INFO] Tests run: 3, Failures: 0, Errors: 0, Skipped: 0, Time elapsed: 0.057 s - in io.jenkins.plugins.analysis.core.charts.SeveritySeriesBuilderTest
[INFO] Running io.jenkins.plugins.analysis.core.charts.SeverityTrendChartTest
[INFO] Tests run: 5, Failures: 0, Errors: 0, Skipped: 0, Time elapsed: 0.066 s - in io.jenkins.plugins.analysis.core.charts.SeverityTrendChartTest
[INFO] Running io.jenkins.plugins.analysis.core.charts.ToolsTrendChartTest
[INFO] Tests run: 2, Failures: 0, Errors: 0, Skipped: 0, Time elapsed: 0.01 s - in io.jenkins.plugins.analysis.core.charts.ToolsTrendChartTest
[INFO] Running io.jenkins.plugins.analysis.core.columns.IssuesTotalColumnTest
[INFO] Tests run: 11, Failures: 0, Errors: 0, Skipped: 0, Time elapsed: 1.302 s - in io.jenkins.plugins.analysis.core.columns.IssuesTotalColumnTest
[INFO] Running io.jenkins.plugins.analysis.core.filter.RegexpFilterTest
[INFO] Tests run: 14, Failures: 0, Errors: 0, Skipped: 0, Time elapsed: 0.205 s - in io.jenkins.plugins.analysis.core.filter.RegexpFilterTest
[INFO] Running io.jenkins.plugins.analysis.core.model.AggregationActionTest
[INFO] Tests run: 4, Failures: 0, Errors: 0, Skipped: 0, Time elapsed: 0.025 s - in io.jenkins.plugins.analysis.core.model.AggregationActionTest
[INFO] Running io.jenkins.plugins.analysis.core.model.AnalysisHistoryTest
[INFO] Tests run: 35, Failures: 0, Errors: 0, Skipped: 0, Time elapsed: 0.187 s - in io.jenkins.plugins.analysis.core.model.AnalysisHistoryTest
[INFO] Running io.jenkins.plugins.analysis.core.model.AnalysisResultTest
[INFO] Tests run: 1, Failures: 0, Errors: 0, Skipped: 0, Time elapsed: 0.108 s - in io.jenkins.plugins.analysis.core.model.AnalysisResultTest
[INFO] Running io.jenkins.plugins.analysis.core.model.BlamesModelTest
[INFO] Tests run: 3, Failures: 0, Errors: 0, Skipped: 0, Time elapsed: 0.314 s - in io.jenkins.plugins.analysis.core.model.BlamesModelTest
[INFO] Running io.jenkins.plugins.analysis.core.model.ByIdResultSelectorTest
[INFO] Tests run: 6, Failures: 0, Errors: 0, Skipped: 0, Time elapsed: 0.006 s - in io.jenkins.plugins.analysis.core.model.ByIdResultSelectorTest
[INFO] Running io.jenkins.plugins.analysis.core.model.ConsoleDetailTest
[INFO] Tests run: 5, Failures: 0, Errors: 0, Skipped: 0, Time elapsed: 0.009 s - in io.jenkins.plugins.analysis.core.model.ConsoleDetailTest
[INFO] Running io.jenkins.plugins.analysis.core.model.DeltaReportTest
[INFO] Tests run: 3, Failures: 0, Errors: 0, Skipped: 0, Time elapsed: 0.117 s - in io.jenkins.plugins.analysis.core.model.DeltaReportTest
[INFO] Running io.jenkins.plugins.analysis.core.model.DetailFactoryTest
[INFO] Tests run: 14, Failures: 0, Errors: 0, Skipped: 0, Time elapsed: 0.219 s - in io.jenkins.plugins.analysis.core.model.DetailFactoryTest
[INFO] Running io.jenkins.plugins.analysis.core.model.DetailsTableModelTest
[INFO] Tests run: 2, Failures: 0, Errors: 0, Skipped: 0, Time elapsed: 0.004 s - in io.jenkins.plugins.analysis.core.model.DetailsTableModelTest
[INFO] Running io.jenkins.plugins.analysis.core.model.FileNameRendererTest
[INFO] Tests run: 4, Failures: 0, Errors: 0, Skipped: 0, Time elapsed: 0.005 s - in io.jenkins.plugins.analysis.core.model.FileNameRendererTest
[INFO] Running io.jenkins.plugins.analysis.core.model.FixedWarningsDetailTest
[INFO] Tests run: 1, Failures: 0, Errors: 0, Skipped: 0, Time elapsed: 0.006 s - in io.jenkins.plugins.analysis.core.model.FixedWarningsDetailTest
[INFO] Running io.jenkins.plugins.analysis.core.model.ForensicsModelTest
[INFO] Tests run: 3, Failures: 0, Errors: 0, Skipped: 0, Time elapsed: 0.17 s - in io.jenkins.plugins.analysis.core.model.ForensicsModelTest
[INFO] Running io.jenkins.plugins.analysis.core.model.HealthDescriptorTest
[INFO] Tests run: 1, Failures: 0, Errors: 0, Skipped: 0, Time elapsed: 0.005 s - in io.jenkins.plugins.analysis.core.model.HealthDescriptorTest
[INFO] Running io.jenkins.plugins.analysis.core.model.HealthReportBuilderTest
[INFO] Tests run: 10, Failures: 0, Errors: 0, Skipped: 0, Time elapsed: 0.126 s - in io.jenkins.plugins.analysis.core.model.HealthReportBuilderTest
[INFO] Running io.jenkins.plugins.analysis.core.model.IconLabelProviderTest
[INFO] Tests run: 2, Failures: 0, Errors: 0, Skipped: 0, Time elapsed: 0.004 s - in io.jenkins.plugins.analysis.core.model.IconLabelProviderTest
[INFO] Running io.jenkins.plugins.analysis.core.model.IssuesModelTest
[INFO] Tests run: 2, Failures: 0, Errors: 0, Skipped: 0, Time elapsed: 0.015 s - in io.jenkins.plugins.analysis.core.model.IssuesModelTest
[INFO] Running io.jenkins.plugins.analysis.core.model.JobActionTest
[INFO] Tests run: 3, Failures: 0, Errors: 0, Skipped: 0, Time elapsed: 0.354 s - in io.jenkins.plugins.analysis.core.model.JobActionTest
[INFO] Running io.jenkins.plugins.analysis.core.model.PropertyStatisticsTest
[INFO] Tests run: 34, Failures: 0, Errors: 0, Skipped: 0, Time elapsed: 0.02 s - in io.jenkins.plugins.analysis.core.model.PropertyStatisticsTest
[INFO] Running io.jenkins.plugins.analysis.core.model.ReportLocationsTest
[INFO] Tests run: 4, Failures: 0, Errors: 0, Skipped: 0, Time elapsed: 0.004 s - in io.jenkins.plugins.analysis.core.model.ReportLocationsTest
[INFO] Running io.jenkins.plugins.analysis.core.model.ReportXmlStreamTest
[INFO] Tests run: 3, Failures: 0, Errors: 0, Skipped: 0, Time elapsed: 0.09 s - in io.jenkins.plugins.analysis.core.model.ReportXmlStreamTest
[INFO] Running io.jenkins.plugins.analysis.core.model.ResetQualityGateCommandTest
[INFO] Tests run: 7, Failures: 0, Errors: 0, Skipped: 0, Time elapsed: 0.281 s - in io.jenkins.plugins.analysis.core.model.ResetQualityGateCommandTest
[INFO] Running io.jenkins.plugins.analysis.core.model.ResultActionTest
[INFO] Tests run: 1, Failures: 0, Errors: 0, Skipped: 0, Time elapsed: 0.001 s - in io.jenkins.plugins.analysis.core.model.ResultActionTest
[INFO] Running io.jenkins.plugins.analysis.core.model.SourcePrinterTest
[INFO] Tests run: 7, Failures: 0, Errors: 0, Skipped: 0, Time elapsed: 0.071 s - in io.jenkins.plugins.analysis.core.model.SourcePrinterTest
[INFO] Running io.jenkins.plugins.analysis.core.model.StaticAnalysisLabelProviderTest
[INFO] Running io.jenkins.plugins.analysis.core.model.StaticAnalysisLabelProviderTest$AgeBuilderTest
[INFO] Tests run: 3, Failures: 0, Errors: 0, Skipped: 0, Time elapsed: 0.003 s - in io.jenkins.plugins.analysis.core.model.StaticAnalysisLabelProviderTest$AgeBuilderTest
[INFO] Running io.jenkins.plugins.analysis.core.model.StaticAnalysisLabelProviderTest$CompositeLocalizableTest
[INFO] Tests run: 1, Failures: 0, Errors: 0, Skipped: 0, Time elapsed: 0 s - in io.jenkins.plugins.analysis.core.model.StaticAnalysisLabelProviderTest$CompositeLocalizableTest
[INFO] Tests run: 3, Failures: 0, Errors: 0, Skipped: 0, Time elapsed: 0.011 s - in io.jenkins.plugins.analysis.core.model.StaticAnalysisLabelProviderTest
[INFO] Running io.jenkins.plugins.analysis.core.model.SummaryTest
[INFO] Tests run: 20, Failures: 0, Errors: 0, Skipped: 0, Time elapsed: 0.28 s - in io.jenkins.plugins.analysis.core.model.SummaryTest
[INFO] Running io.jenkins.plugins.analysis.core.model.TabLabelProviderTest
[INFO] Tests run: 8, Failures: 0, Errors: 0, Skipped: 0, Time elapsed: 0.111 s - in io.jenkins.plugins.analysis.core.model.TabLabelProviderTest
[INFO] Running io.jenkins.plugins.analysis.core.model.ToolSelectionDescriptorTest
[INFO] Tests run: 5, Failures: 0, Errors: 0, Skipped: 0, Time elapsed: 0.139 s - in io.jenkins.plugins.analysis.core.model.ToolSelectionDescriptorTest
[INFO] Running io.jenkins.plugins.analysis.core.model.WarningsPluginConfigurationTest
[INFO] Tests run: 3, Failures: 0, Errors: 0, Skipped: 0, Time elapsed: 0.095 s - in io.jenkins.plugins.analysis.core.model.WarningsPluginConfigurationTest
[INFO] Running io.jenkins.plugins.analysis.core.portlets.IssuesTablePortletTest
[INFO] Tests run: 10, Failures: 0, Errors: 0, Skipped: 0, Time elapsed: 0.049 s - in io.jenkins.plugins.analysis.core.portlets.IssuesTablePortletTest
[INFO] Running io.jenkins.plugins.analysis.core.steps.AnalysisStepDescriptorTest
[INFO] Tests run: 1, Failures: 0, Errors: 0, Skipped: 0, Time elapsed: 0.119 s - in io.jenkins.plugins.analysis.core.steps.AnalysisStepDescriptorTest
[INFO] Running io.jenkins.plugins.analysis.core.steps.AnnotatedReportTest
[INFO] Tests run: 8, Failures: 0, Errors: 0, Skipped: 0, Time elapsed: 0.009 s - in io.jenkins.plugins.analysis.core.steps.AnnotatedReportTest
[INFO] Running io.jenkins.plugins.analysis.core.steps.IssuesAggregatorTest
[INFO] Tests run: 5, Failures: 0, Errors: 0, Skipped: 0, Time elapsed: 1.178 s - in io.jenkins.plugins.analysis.core.steps.IssuesAggregatorTest
[INFO] Running io.jenkins.plugins.analysis.core.steps.MatrixBridgeTest
[INFO] Tests run: 3, Failures: 0, Errors: 0, Skipped: 0, Time elapsed: 0.262 s - in io.jenkins.plugins.analysis.core.steps.MatrixBridgeTest
[INFO] Running io.jenkins.plugins.analysis.core.tokens.IssuesSizeTokenMacroTest
[INFO] Tests run: 5, Failures: 0, Errors: 0, Skipped: 0, Time elapsed: 0.015 s - in io.jenkins.plugins.analysis.core.tokens.IssuesSizeTokenMacroTest
[INFO] Running io.jenkins.plugins.analysis.core.util.AffectedFilesResolverTest
[INFO] Running io.jenkins.plugins.analysis.core.util.AffectedFilesResolverTest$RemoteFacadeTest
[INFO] Tests run: 2, Failures: 0, Errors: 0, Skipped: 0, Time elapsed: 0.004 s - in io.jenkins.plugins.analysis.core.util.AffectedFilesResolverTest$RemoteFacadeTest
[WARNING] Tests run: 9, Failures: 0, Errors: 0, Skipped: 1, Time elapsed: 0.554 s - in io.jenkins.plugins.analysis.core.util.AffectedFilesResolverTest
[INFO] Running io.jenkins.plugins.analysis.core.util.BlameTest
[INFO] Tests run: 2, Failures: 0, Errors: 0, Skipped: 0, Time elapsed: 0.005 s - in io.jenkins.plugins.analysis.core.util.BlameTest
[INFO] Running io.jenkins.plugins.analysis.core.util.BuildResultNavigatorTest
[INFO] Tests run: 4, Failures: 0, Errors: 0, Skipped: 0, Time elapsed: 0.1 s - in io.jenkins.plugins.analysis.core.util.BuildResultNavigatorTest
[INFO] Running io.jenkins.plugins.analysis.core.util.IssuesStatisticsTest
[INFO] Tests run: 3, Failures: 0, Errors: 0, Skipped: 0, Time elapsed: 0.011 s - in io.jenkins.plugins.analysis.core.util.IssuesStatisticsTest
[INFO] Running io.jenkins.plugins.analysis.core.util.LocalizedSeverityTest
[INFO] Tests run: 2, Failures: 0, Errors: 0, Skipped: 0, Time elapsed: 0.087 s - in io.jenkins.plugins.analysis.core.util.LocalizedSeverityTest
[INFO] Running io.jenkins.plugins.analysis.core.util.LogHandlerTest
[INFO] Tests run: 2, Failures: 0, Errors: 0, Skipped: 0, Time elapsed: 0.018 s - in io.jenkins.plugins.analysis.core.util.LogHandlerTest
[INFO] Running io.jenkins.plugins.analysis.core.util.ModelValidationTest
[INFO] Tests run: 28, Failures: 0, Errors: 0, Skipped: 0, Time elapsed: 0.021 s - in io.jenkins.plugins.analysis.core.util.ModelValidationTest
[INFO] Running io.jenkins.plugins.analysis.core.util.QualityGateEvaluatorTest
[INFO] Tests run: 6, Failures: 0, Errors: 0, Skipped: 0, Time elapsed: 0.008 s - in io.jenkins.plugins.analysis.core.util.QualityGateEvaluatorTest
[INFO] Running io.jenkins.plugins.analysis.core.util.QualityGateStatusTest
[INFO] Tests run: 2, Failures: 0, Errors: 0, Skipped: 0, Time elapsed: 0.001 s - in io.jenkins.plugins.analysis.core.util.QualityGateStatusTest
[INFO] Running io.jenkins.plugins.analysis.core.util.QualityGateTest
[INFO] Tests run: 2, Failures: 0, Errors: 0, Skipped: 0, Time elapsed: 0.003 s - in io.jenkins.plugins.analysis.core.util.QualityGateTest
[INFO] Running io.jenkins.plugins.analysis.core.util.SanitizerTest
[INFO] Tests run: 1, Failures: 0, Errors: 0, Skipped: 0, Time elapsed: 0.001 s - in io.jenkins.plugins.analysis.core.util.SanitizerTest
[INFO] Running io.jenkins.plugins.analysis.core.util.StageResultHandlerTest
[INFO] Tests run: 2, Failures: 0, Errors: 0, Skipped: 0, Time elapsed: 0.145 s - in io.jenkins.plugins.analysis.core.util.StageResultHandlerTest
[INFO] Running io.jenkins.plugins.analysis.warnings.DryTableModelTest
[INFO] Tests run: 1, Failures: 0, Errors: 0, Skipped: 0, Time elapsed: 0.021 s - in io.jenkins.plugins.analysis.warnings.DryTableModelTest
[INFO] Running io.jenkins.plugins.analysis.warnings.DryThresholdValidationTest
[INFO] Tests run: 8, Failures: 0, Errors: 0, Skipped: 0, Time elapsed: 0.045 s - in io.jenkins.plugins.analysis.warnings.DryThresholdValidationTest
[INFO] Running io.jenkins.plugins.analysis.warnings.axivion.AxivionParserTest
[INFO] Tests run: 9, Failures: 0, Errors: 0, Skipped: 0, Time elapsed: 0.018 s - in io.jenkins.plugins.analysis.warnings.axivion.AxivionParserTest
[INFO] Running io.jenkins.plugins.analysis.warnings.axivion.AxivionSuiteSerializationTest
[INFO] Tests run: 1, Failures: 0, Errors: 0, Skipped: 0, Time elapsed: 0.004 s - in io.jenkins.plugins.analysis.warnings.axivion.AxivionSuiteSerializationTest
[INFO] Running io.jenkins.plugins.analysis.warnings.axivion.AxivionSuiteTest
[INFO] Tests run: 1, Failures: 0, Errors: 0, Skipped: 0, Time elapsed: 0.007 s - in io.jenkins.plugins.analysis.warnings.axivion.AxivionSuiteTest
[INFO] Running io.jenkins.plugins.analysis.warnings.groovy.DynamicDocumentParserTest
[INFO] Tests run: 3, Failures: 0, Errors: 0, Skipped: 0, Time elapsed: 0.521 s - in io.jenkins.plugins.analysis.warnings.groovy.DynamicDocumentParserTest
[INFO] Running io.jenkins.plugins.analysis.warnings.groovy.DynamicLineParserTest
[INFO] Tests run: 4, Failures: 0, Errors: 0, Skipped: 0, Time elapsed: 0.165 s - in io.jenkins.plugins.analysis.warnings.groovy.DynamicLineParserTest
[INFO] Running io.jenkins.plugins.analysis.warnings.groovy.GroovyExpressionMatcherTest
[INFO] Tests run: 6, Failures: 0, Errors: 0, Skipped: 0, Time elapsed: 0.038 s - in io.jenkins.plugins.analysis.warnings.groovy.GroovyExpressionMatcherTest
[INFO] Running io.jenkins.plugins.analysis.warnings.groovy.GroovyParserTest
[INFO] Tests run: 16, Failures: 0, Errors: 0, Skipped: 0, Time elapsed: 0.133 s - in io.jenkins.plugins.analysis.warnings.groovy.GroovyParserTest
[INFO] Running io.jenkins.plugins.analysis.warnings.groovy.ParserConfigurationTest
[INFO] Tests run: 5, Failures: 0, Errors: 0, Skipped: 0, Time elapsed: 0.123 s - in io.jenkins.plugins.analysis.warnings.groovy.ParserConfigurationTest
[INFO] Running io.jenkins.plugins.analysis.warnings.tasks.AgentScannerTest
[INFO] Tests run: 2, Failures: 0, Errors: 0, Skipped: 0, Time elapsed: 0.084 s - in io.jenkins.plugins.analysis.warnings.tasks.AgentScannerTest
[INFO] Running io.jenkins.plugins.analysis.warnings.tasks.TaskScannerTest
[INFO] Tests run: 19, Failures: 0, Errors: 0, Skipped: 0, Time elapsed: 0.017 s - in io.jenkins.plugins.analysis.warnings.tasks.TaskScannerTest
[INFO] Running io.jenkins.plugins.analysis.warnings.PackageArchitectureTest
[INFO] Tests run: 1, Failures: 0, Errors: 0, Skipped: 0, Time elapsed: 2.06 s - in io.jenkins.plugins.analysis.warnings.PackageArchitectureTest
[INFO] Running io.jenkins.plugins.analysis.warnings.PluginArchitectureTest
[INFO] Tests run: 14, Failures: 0, Errors: 0, Skipped: 0, Time elapsed: 1.798 s - in io.jenkins.plugins.analysis.warnings.PluginArchitectureTest
[INFO] 
[INFO] Results:
[INFO] 
[WARNING] Tests run: 442, Failures: 0, Errors: 0, Skipped: 1
[INFO] 
[INFO] 
[INFO] --- animal-sniffer-maven-plugin:1.20:check (check) @ warnings-ng ---
[INFO] Resolved signature org.codehaus.mojo.signature:java18 version as 1.0 from dependencyManagement
[INFO] Checking unresolved references to org.codehaus.mojo.signature:java18:1.0
[INFO] 
[INFO] --------------< io.jenkins.plugins:warnings-ng-ui-tests >---------------
[INFO] Building UI Tests of Warnings Plugin UNVERSIONED                   [2/3]
[INFO] --------------------------------[ jar ]---------------------------------
[INFO] 
[INFO] --- maven-clean-plugin:3.1.0:clean (default-clean) @ warnings-ng-ui-tests ---
[INFO] Deleting /home/gabsko/breaking-updates/ui-tests/target
[INFO] 
[INFO] --- maven-enforcer-plugin:3.0.0:enforce (enforce-java) @ warnings-ng-ui-tests ---
[INFO] 
[INFO] --- maven-resources-plugin:3.2.0:resources (default-resources) @ warnings-ng-ui-tests ---
[INFO] Using 'UTF-8' encoding to copy filtered resources.
[INFO] Using 'UTF-8' encoding to copy filtered properties files.
[INFO] skip non existing resourceDirectory /home/gabsko/breaking-updates/ui-tests/src/main/resources
[INFO] 
[INFO] --- maven-resources-plugin:3.2.0:copy-resources (copy-resources) @ warnings-ng-ui-tests ---
[INFO] Using 'UTF-8' encoding to copy filtered resources.
[INFO] Using 'UTF-8' encoding to copy filtered properties files.
[INFO] Copying 0 resource
[INFO] 
[INFO] --- maven-compiler-plugin:3.8.1:compile (default-compile) @ warnings-ng-ui-tests ---
[INFO] Changes detected - recompiling the module!
[INFO] Compiling 29 source files to /home/gabsko/breaking-updates/ui-tests/target/classes
[WARNING] Unable to autodetect 'javac' path, using 'javac' from the environment.
[WARNING] [path] bad path element "/home/gabsko/.m2/repository/xalan/xalan/2.7.2/xercesImpl.jar": no such file or directory
[WARNING] [path] bad path element "/home/gabsko/.m2/repository/xalan/xalan/2.7.2/xml-apis.jar": no such file or directory
[WARNING] [path] bad path element "/home/gabsko/.m2/repository/xalan/xalan/2.7.2/serializer.jar": no such file or directory
[WARNING] [path] bad path element "/home/gabsko/.m2/repository/xalan/serializer/2.7.2/xml-apis.jar": no such file or directory
[WARNING] [path] bad path element "/home/gabsko/.m2/repository/javax/xml/soap/saaj-api/1.3/jaxp-api.jar": no such file or directory
[WARNING] [path] bad path element "/home/gabsko/.m2/repository/javax/xml/soap/saaj-api/1.3/jax-qname.jar": no such file or directory
[WARNING] [path] bad path element "/home/gabsko/.m2/repository/javax/xml/soap/saaj-api/1.3/activation.jar": no such file or directory
[WARNING] [path] bad path element "/home/gabsko/.m2/repository/javax/xml/soap/saaj-api/1.3/servlet.jar": no such file or directory
[WARNING] [options] bootstrap class path not set in conjunction with -source 8
[WARNING] /home/gabsko/breaking-updates/ui-tests/src/main/java/io/jenkins/plugins/analysis/warnings/IssuesTableRow.java:[59,15] [HashCodeToString] Classes that override hashCode should also consider overriding toString.
    (see https://errorprone.info/bugpattern/HashCodeToString)
[WARNING] /home/gabsko/breaking-updates/ui-tests/src/main/java/io/jenkins/plugins/analysis/warnings/AbstractSeverityTableRow.java:[76,15] [HashCodeToString] Classes that override hashCode should also consider overriding toString.
    (see https://errorprone.info/bugpattern/HashCodeToString)
[WARNING] /home/gabsko/breaking-updates/ui-tests/src/main/java/io/jenkins/plugins/analysis/warnings/BaseIssuesTableRow.java:[118,15] [HashCodeToString] Classes that override hashCode should also consider overriding toString.
    (see https://errorprone.info/bugpattern/HashCodeToString)
[WARNING] /home/gabsko/breaking-updates/ui-tests/src/main/java/io/jenkins/plugins/analysis/warnings/DryTableRow.java:[89,15] [HashCodeToString] Classes that override hashCode should also consider overriding toString.
    (see https://errorprone.info/bugpattern/HashCodeToString)
[WARNING] /home/gabsko/breaking-updates/ui-tests/src/main/java/io/jenkins/plugins/analysis/warnings/BlamesTableRow.java:[84,15] [HashCodeToString] Classes that override hashCode should also consider overriding toString.
    (see https://errorprone.info/bugpattern/HashCodeToString)
[WARNING] /home/gabsko/breaking-updates/ui-tests/src/main/java/io/jenkins/plugins/analysis/warnings/ForensicsTableRow.java:[108,15] [HashCodeToString] Classes that override hashCode should also consider overriding toString.
    (see https://errorprone.info/bugpattern/HashCodeToString)
[INFO] 
[INFO] --- maven-help-plugin:3.2.0:active-profiles (show-profiles) @ warnings-ng-ui-tests ---
[INFO] 
Active Profiles for Project 'io.jenkins.plugins:warnings-ng:hpi:9.6.0-SNAPSHOT':

The following profiles are active:

 - jdk-above-9 (source: org.jenkins-ci.plugins:plugin:4.29)
 - all-tests (source: org.jenkins-ci.plugins:plugin:4.29)



Active Profiles for Project 'io.jenkins.plugins:warnings-ng-ui-tests:jar:UNVERSIONED':

The following profiles are active:




Active Profiles for Project 'io.jenkins.plugins:warnings-ng-parent:pom:UNVERSIONED':

The following profiles are active:




[INFO] 
[INFO] --- assertj-assertions-generator-maven-plugin:2.2.0:generate-assertions (default) @ warnings-ng-ui-tests ---
[INFO] 
[INFO] --- maven-resources-plugin:3.2.0:testResources (default-testResources) @ warnings-ng-ui-tests ---
[INFO] Using 'UTF-8' encoding to copy filtered resources.
[INFO] Using 'UTF-8' encoding to copy filtered properties files.
[INFO] Copying 47 resources
[INFO] 
[INFO] --- maven-compiler-plugin:3.8.1:testCompile (default-testCompile) @ warnings-ng-ui-tests ---
[INFO] Changes detected - recompiling the module!
[INFO] Compiling 43 source files to /home/gabsko/breaking-updates/ui-tests/target/test-classes
[WARNING] Unable to autodetect 'javac' path, using 'javac' from the environment.
[WARNING] [path] bad path element "/home/gabsko/.m2/repository/xalan/xalan/2.7.2/xercesImpl.jar": no such file or directory
[WARNING] [path] bad path element "/home/gabsko/.m2/repository/xalan/xalan/2.7.2/xml-apis.jar": no such file or directory
[WARNING] [path] bad path element "/home/gabsko/.m2/repository/xalan/xalan/2.7.2/serializer.jar": no such file or directory
[WARNING] [path] bad path element "/home/gabsko/.m2/repository/xalan/serializer/2.7.2/xml-apis.jar": no such file or directory
[WARNING] [path] bad path element "/home/gabsko/.m2/repository/javax/xml/soap/saaj-api/1.3/jaxp-api.jar": no such file or directory
[WARNING] [path] bad path element "/home/gabsko/.m2/repository/javax/xml/soap/saaj-api/1.3/jax-qname.jar": no such file or directory
[WARNING] [path] bad path element "/home/gabsko/.m2/repository/javax/xml/soap/saaj-api/1.3/activation.jar": no such file or directory
[WARNING] [path] bad path element "/home/gabsko/.m2/repository/javax/xml/soap/saaj-api/1.3/servlet.jar": no such file or directory
[WARNING] [options] bootstrap class path not set in conjunction with -source 8
[INFO] 
[INFO] --- jacoco-maven-plugin:0.8.7:prepare-agent (default) @ warnings-ng-ui-tests ---
[INFO] argLine set to -javaagent:/home/gabsko/.m2/repository/org/jacoco/org.jacoco.agent/0.8.7/org.jacoco.agent-0.8.7-runtime.jar=destfile=/home/gabsko/breaking-updates/ui-tests/target/jacoco.exec -Djava.util.logging.config.file=logging.properties
[INFO] 
[INFO] --- maven-surefire-plugin:3.0.0-M4:test (default-test) @ warnings-ng-ui-tests ---
[INFO] 
[INFO] -------------------------------------------------------
[INFO]  T E S T S
[INFO] -------------------------------------------------------
[INFO] Running io.jenkins.plugins.analysis.warnings.SmokeTests
2023-02-11 22:01:55,155 [main] INFO   (DefaultHttpProxyServer.java:485) org.littleshoot.proxy.impl.DefaultHttpProxyServer - Starting proxy at address: 0.0.0.0/0.0.0.0:0
2023-02-11 22:01:55,233 [main] INFO   (DefaultHttpProxyServer.java:514) org.littleshoot.proxy.impl.DefaultHttpProxyServer - Proxy listening with TCP transport
2023-02-11 22:01:55,369 [main] INFO   (DefaultHttpProxyServer.java:540) org.littleshoot.proxy.impl.DefaultHttpProxyServer - Proxy started at address: /0:0:0:0:0:0:0:0:38781
[ERROR] Tests run: 2, Failures: 0, Errors: 2, Skipped: 0, Time elapsed: 4.487 s <<< FAILURE! - in io.jenkins.plugins.analysis.warnings.SmokeTests
[ERROR] io.jenkins.plugins.analysis.warnings.SmokeTests.shouldRecordIssuesInPipelineAndExpandTokens  Time elapsed: 3.377 s  <<< ERROR!
com.google.inject.ProvisionException: 
Unable to provision, see the following errors:

1) Error in custom provider, java.io.IOException: Failed to pull image selenium/standalone-firefox-debug:3.141.59
Got permission denied while trying to connect to the Docker daemon socket at unix:///var/run/docker.sock: Post "http://%2Fvar%2Frun%2Fdocker.sock/v1.24/images/create?fromImage=selenium%2Fstandalone-firefox-debug&tag=3.141.59": dial unix /var/run/docker.sock: connect: permission denied

  at org.jenkinsci.test.acceptance.FallbackConfig.createWebDriver(FallbackConfig.java:326) (via modules: org.jenkinsci.test.acceptance.guice.World -> com.google.inject.util.Modules$OverrideModule -> com.google.inject.util.Modules$OverrideModule -> org.jenkinsci.test.acceptance.FallbackConfig)
  at org.jenkinsci.test.acceptance.FallbackConfig.createWebDriver(FallbackConfig.java:326) (via modules: org.jenkinsci.test.acceptance.guice.World -> com.google.inject.util.Modules$OverrideModule -> com.google.inject.util.Modules$OverrideModule -> org.jenkinsci.test.acceptance.FallbackConfig)
  while locating org.openqa.selenium.WebDriver
    for field at org.jenkinsci.test.acceptance.junit.DiagnosticRule.driver(DiagnosticRule.java:18)
  while locating org.jenkinsci.test.acceptance.junit.DiagnosticRule

1 error
	at com.google.inject.internal.InjectorImpl$2.get(InjectorImpl.java:1025)
	at com.google.inject.internal.InjectorImpl.getInstance(InjectorImpl.java:1051)
	at org.jenkinsci.test.acceptance.junit.JenkinsAcceptanceTestRule$1.addRule(JenkinsAcceptanceTestRule.java:151)
	at org.jenkinsci.test.acceptance.junit.JenkinsAcceptanceTestRule$1.collectGlobalRules(JenkinsAcceptanceTestRule.java:125)
	at org.jenkinsci.test.acceptance.junit.JenkinsAcceptanceTestRule$1.decorateWithRules(JenkinsAcceptanceTestRule.java:92)
	at org.jenkinsci.test.acceptance.junit.JenkinsAcceptanceTestRule$1.evaluate(JenkinsAcceptanceTestRule.java:58)
	at org.junit.runners.ParentRunner$3.evaluate(ParentRunner.java:306)
	at org.junit.runners.BlockJUnit4ClassRunner$1.evaluate(BlockJUnit4ClassRunner.java:100)
	at org.junit.runners.ParentRunner.runLeaf(ParentRunner.java:366)
	at org.junit.runners.BlockJUnit4ClassRunner.runChild(BlockJUnit4ClassRunner.java:103)
	at org.junit.runners.BlockJUnit4ClassRunner.runChild(BlockJUnit4ClassRunner.java:63)
	at org.junit.runners.ParentRunner$4.run(ParentRunner.java:331)
	at org.junit.runners.ParentRunner$1.schedule(ParentRunner.java:79)
	at org.junit.runners.ParentRunner.runChildren(ParentRunner.java:329)
	at org.junit.runners.ParentRunner.access$100(ParentRunner.java:66)
	at org.junit.runners.ParentRunner$2.evaluate(ParentRunner.java:293)
	at org.junit.runners.ParentRunner$3.evaluate(ParentRunner.java:306)
	at org.junit.runners.ParentRunner.run(ParentRunner.java:413)
	at org.junit.runner.JUnitCore.run(JUnitCore.java:137)
	at org.junit.runner.JUnitCore.run(JUnitCore.java:115)
	at org.junit.vintage.engine.execution.RunnerExecutor.execute(RunnerExecutor.java:42)
	at org.junit.vintage.engine.VintageTestEngine.executeAllChildren(VintageTestEngine.java:80)
	at org.junit.vintage.engine.VintageTestEngine.execute(VintageTestEngine.java:72)
	at org.junit.platform.launcher.core.EngineExecutionOrchestrator.execute(EngineExecutionOrchestrator.java:107)
	at org.junit.platform.launcher.core.EngineExecutionOrchestrator.execute(EngineExecutionOrchestrator.java:88)
	at org.junit.platform.launcher.core.EngineExecutionOrchestrator.lambda$execute$0(EngineExecutionOrchestrator.java:54)
	at org.junit.platform.launcher.core.EngineExecutionOrchestrator.withInterceptedStreams(EngineExecutionOrchestrator.java:67)
	at org.junit.platform.launcher.core.EngineExecutionOrchestrator.execute(EngineExecutionOrchestrator.java:52)
	at org.junit.platform.launcher.core.DefaultLauncher.execute(DefaultLauncher.java:114)
	at org.junit.platform.launcher.core.DefaultLauncher.execute(DefaultLauncher.java:86)
	at org.junit.platform.launcher.core.DefaultLauncherSession$DelegatingLauncher.execute(DefaultLauncherSession.java:86)
	at org.junit.platform.launcher.core.SessionPerRequestLauncher.execute(SessionPerRequestLauncher.java:53)
	at org.apache.maven.surefire.junitplatform.JUnitPlatformProvider.invokeAllTests(JUnitPlatformProvider.java:154)
	at org.apache.maven.surefire.junitplatform.JUnitPlatformProvider.invoke(JUnitPlatformProvider.java:123)
	at org.apache.maven.surefire.booter.ForkedBooter.runSuitesInProcess(ForkedBooter.java:377)
	at org.apache.maven.surefire.booter.ForkedBooter.execute(ForkedBooter.java:138)
	at org.apache.maven.surefire.booter.ForkedBooter.run(ForkedBooter.java:465)
	at org.apache.maven.surefire.booter.ForkedBooter.main(ForkedBooter.java:451)
Caused by: java.io.IOException: Failed to pull image selenium/standalone-firefox-debug:3.141.59
Got permission denied while trying to connect to the Docker daemon socket at unix:///var/run/docker.sock: Post "http://%2Fvar%2Frun%2Fdocker.sock/v1.24/images/create?fromImage=selenium%2Fstandalone-firefox-debug&tag=3.141.59": dial unix /var/run/docker.sock: connect: permission denied

	at org.jenkinsci.utils.process.ProcessInputStream.verifyOrDieWith(ProcessInputStream.java:96)
	at org.jenkinsci.test.acceptance.FallbackConfig.createContainerWebDriver(FallbackConfig.java:225)
	at org.jenkinsci.test.acceptance.FallbackConfig.createWebDriver(FallbackConfig.java:126)
	at org.jenkinsci.test.acceptance.FallbackConfig.createWebDriver(FallbackConfig.java:326)
	at org.jenkinsci.test.acceptance.FallbackConfig$$FastClassByGuice$$1b1c975b.invoke(<generated>)
	at com.google.inject.internal.ProviderMethod$FastClassProviderMethod.doProvision(ProviderMethod.java:272)
	at com.google.inject.internal.ProviderMethod.get(ProviderMethod.java:172)
	at com.google.inject.internal.ProviderInternalFactory.provision(ProviderInternalFactory.java:81)
	at com.google.inject.internal.InternalFactoryToInitializableAdapter.provision(InternalFactoryToInitializableAdapter.java:53)
	at com.google.inject.internal.ProviderInternalFactory.circularGet(ProviderInternalFactory.java:61)
	at com.google.inject.internal.InternalFactoryToInitializableAdapter.get(InternalFactoryToInitializableAdapter.java:45)
	at com.google.inject.internal.ProviderToInternalFactoryAdapter$1.call(ProviderToInternalFactoryAdapter.java:46)
	at com.google.inject.internal.InjectorImpl.callInContext(InjectorImpl.java:1103)
	at com.google.inject.internal.ProviderToInternalFactoryAdapter.get(ProviderToInternalFactoryAdapter.java:40)
	at org.jenkinsci.test.acceptance.guice.TestLifecycle$1.get(TestLifecycle.java:61)
	at com.google.inject.internal.InternalFactoryToProviderAdapter.get(InternalFactoryToProviderAdapter.java:41)
	at com.google.inject.internal.SingleFieldInjector.inject(SingleFieldInjector.java:54)
	at com.google.inject.internal.MembersInjectorImpl.injectMembers(MembersInjectorImpl.java:132)
	at com.google.inject.internal.ConstructorInjector.provision(ConstructorInjector.java:114)
	at com.google.inject.internal.ConstructorInjector.construct(ConstructorInjector.java:85)
	at com.google.inject.internal.ConstructorBindingImpl$Factory.get(ConstructorBindingImpl.java:267)
	at com.google.inject.internal.InjectorImpl$2$1.call(InjectorImpl.java:1016)
	at com.google.inject.internal.InjectorImpl.callInContext(InjectorImpl.java:1092)
	at com.google.inject.internal.InjectorImpl$2.get(InjectorImpl.java:1012)
	... 37 more

[ERROR] io.jenkins.plugins.analysis.warnings.SmokeTests.shouldShowBuildSummaryAndLinkToDetails  Time elapsed: 1.067 s  <<< ERROR!
com.google.inject.ProvisionException: 
Unable to provision, see the following errors:

1) Error in custom provider, java.io.IOException: Failed to pull image selenium/standalone-firefox-debug:3.141.59
Got permission denied while trying to connect to the Docker daemon socket at unix:///var/run/docker.sock: Post "http://%2Fvar%2Frun%2Fdocker.sock/v1.24/images/create?fromImage=selenium%2Fstandalone-firefox-debug&tag=3.141.59": dial unix /var/run/docker.sock: connect: permission denied

  at org.jenkinsci.test.acceptance.FallbackConfig.createWebDriver(FallbackConfig.java:326) (via modules: org.jenkinsci.test.acceptance.guice.World -> com.google.inject.util.Modules$OverrideModule -> com.google.inject.util.Modules$OverrideModule -> org.jenkinsci.test.acceptance.FallbackConfig)
  at org.jenkinsci.test.acceptance.FallbackConfig.createWebDriver(FallbackConfig.java:326) (via modules: org.jenkinsci.test.acceptance.guice.World -> com.google.inject.util.Modules$OverrideModule -> com.google.inject.util.Modules$OverrideModule -> org.jenkinsci.test.acceptance.FallbackConfig)
  while locating org.openqa.selenium.WebDriver
    for field at org.jenkinsci.test.acceptance.junit.DiagnosticRule.driver(DiagnosticRule.java:18)
  while locating org.jenkinsci.test.acceptance.junit.DiagnosticRule

1 error
	at com.google.inject.internal.InjectorImpl$2.get(InjectorImpl.java:1025)
	at com.google.inject.internal.InjectorImpl.getInstance(InjectorImpl.java:1051)
	at org.jenkinsci.test.acceptance.junit.JenkinsAcceptanceTestRule$1.addRule(JenkinsAcceptanceTestRule.java:151)
	at org.jenkinsci.test.acceptance.junit.JenkinsAcceptanceTestRule$1.collectGlobalRules(JenkinsAcceptanceTestRule.java:125)
	at org.jenkinsci.test.acceptance.junit.JenkinsAcceptanceTestRule$1.decorateWithRules(JenkinsAcceptanceTestRule.java:92)
	at org.jenkinsci.test.acceptance.junit.JenkinsAcceptanceTestRule$1.evaluate(JenkinsAcceptanceTestRule.java:58)
	at org.junit.runners.ParentRunner$3.evaluate(ParentRunner.java:306)
	at org.junit.runners.BlockJUnit4ClassRunner$1.evaluate(BlockJUnit4ClassRunner.java:100)
	at org.junit.runners.ParentRunner.runLeaf(ParentRunner.java:366)
	at org.junit.runners.BlockJUnit4ClassRunner.runChild(BlockJUnit4ClassRunner.java:103)
	at org.junit.runners.BlockJUnit4ClassRunner.runChild(BlockJUnit4ClassRunner.java:63)
	at org.junit.runners.ParentRunner$4.run(ParentRunner.java:331)
	at org.junit.runners.ParentRunner$1.schedule(ParentRunner.java:79)
	at org.junit.runners.ParentRunner.runChildren(ParentRunner.java:329)
	at org.junit.runners.ParentRunner.access$100(ParentRunner.java:66)
	at org.junit.runners.ParentRunner$2.evaluate(ParentRunner.java:293)
	at org.junit.runners.ParentRunner$3.evaluate(ParentRunner.java:306)
	at org.junit.runners.ParentRunner.run(ParentRunner.java:413)
	at org.junit.runner.JUnitCore.run(JUnitCore.java:137)
	at org.junit.runner.JUnitCore.run(JUnitCore.java:115)
	at org.junit.vintage.engine.execution.RunnerExecutor.execute(RunnerExecutor.java:42)
	at org.junit.vintage.engine.VintageTestEngine.executeAllChildren(VintageTestEngine.java:80)
	at org.junit.vintage.engine.VintageTestEngine.execute(VintageTestEngine.java:72)
	at org.junit.platform.launcher.core.EngineExecutionOrchestrator.execute(EngineExecutionOrchestrator.java:107)
	at org.junit.platform.launcher.core.EngineExecutionOrchestrator.execute(EngineExecutionOrchestrator.java:88)
	at org.junit.platform.launcher.core.EngineExecutionOrchestrator.lambda$execute$0(EngineExecutionOrchestrator.java:54)
	at org.junit.platform.launcher.core.EngineExecutionOrchestrator.withInterceptedStreams(EngineExecutionOrchestrator.java:67)
	at org.junit.platform.launcher.core.EngineExecutionOrchestrator.execute(EngineExecutionOrchestrator.java:52)
	at org.junit.platform.launcher.core.DefaultLauncher.execute(DefaultLauncher.java:114)
	at org.junit.platform.launcher.core.DefaultLauncher.execute(DefaultLauncher.java:86)
	at org.junit.platform.launcher.core.DefaultLauncherSession$DelegatingLauncher.execute(DefaultLauncherSession.java:86)
	at org.junit.platform.launcher.core.SessionPerRequestLauncher.execute(SessionPerRequestLauncher.java:53)
	at org.apache.maven.surefire.junitplatform.JUnitPlatformProvider.invokeAllTests(JUnitPlatformProvider.java:154)
	at org.apache.maven.surefire.junitplatform.JUnitPlatformProvider.invoke(JUnitPlatformProvider.java:123)
	at org.apache.maven.surefire.booter.ForkedBooter.runSuitesInProcess(ForkedBooter.java:377)
	at org.apache.maven.surefire.booter.ForkedBooter.execute(ForkedBooter.java:138)
	at org.apache.maven.surefire.booter.ForkedBooter.run(ForkedBooter.java:465)
	at org.apache.maven.surefire.booter.ForkedBooter.main(ForkedBooter.java:451)
Caused by: java.io.IOException: Failed to pull image selenium/standalone-firefox-debug:3.141.59
Got permission denied while trying to connect to the Docker daemon socket at unix:///var/run/docker.sock: Post "http://%2Fvar%2Frun%2Fdocker.sock/v1.24/images/create?fromImage=selenium%2Fstandalone-firefox-debug&tag=3.141.59": dial unix /var/run/docker.sock: connect: permission denied

	at org.jenkinsci.utils.process.ProcessInputStream.verifyOrDieWith(ProcessInputStream.java:96)
	at org.jenkinsci.test.acceptance.FallbackConfig.createContainerWebDriver(FallbackConfig.java:225)
	at org.jenkinsci.test.acceptance.FallbackConfig.createWebDriver(FallbackConfig.java:126)
	at org.jenkinsci.test.acceptance.FallbackConfig.createWebDriver(FallbackConfig.java:326)
	at org.jenkinsci.test.acceptance.FallbackConfig$$FastClassByGuice$$1b1c975b.invoke(<generated>)
	at com.google.inject.internal.ProviderMethod$FastClassProviderMethod.doProvision(ProviderMethod.java:272)
	at com.google.inject.internal.ProviderMethod.get(ProviderMethod.java:172)
	at com.google.inject.internal.ProviderInternalFactory.provision(ProviderInternalFactory.java:81)
	at com.google.inject.internal.InternalFactoryToInitializableAdapter.provision(InternalFactoryToInitializableAdapter.java:53)
	at com.google.inject.internal.ProviderInternalFactory.circularGet(ProviderInternalFactory.java:61)
	at com.google.inject.internal.InternalFactoryToInitializableAdapter.get(InternalFactoryToInitializableAdapter.java:45)
	at com.google.inject.internal.ProviderToInternalFactoryAdapter$1.call(ProviderToInternalFactoryAdapter.java:46)
	at com.google.inject.internal.InjectorImpl.callInContext(InjectorImpl.java:1103)
	at com.google.inject.internal.ProviderToInternalFactoryAdapter.get(ProviderToInternalFactoryAdapter.java:40)
	at org.jenkinsci.test.acceptance.guice.TestLifecycle$1.get(TestLifecycle.java:61)
	at com.google.inject.internal.InternalFactoryToProviderAdapter.get(InternalFactoryToProviderAdapter.java:41)
	at com.google.inject.internal.SingleFieldInjector.inject(SingleFieldInjector.java:54)
	at com.google.inject.internal.MembersInjectorImpl.injectMembers(MembersInjectorImpl.java:132)
	at com.google.inject.internal.ConstructorInjector.provision(ConstructorInjector.java:114)
	at com.google.inject.internal.ConstructorInjector.construct(ConstructorInjector.java:85)
	at com.google.inject.internal.ConstructorBindingImpl$Factory.get(ConstructorBindingImpl.java:267)
	at com.google.inject.internal.InjectorImpl$2$1.call(InjectorImpl.java:1016)
	at com.google.inject.internal.InjectorImpl.callInContext(InjectorImpl.java:1092)
	at com.google.inject.internal.InjectorImpl$2.get(InjectorImpl.java:1012)
	... 37 more

[INFO] Running io.jenkins.plugins.analysis.warnings.SmokeTests
[ERROR] Tests run: 2, Failures: 0, Errors: 2, Skipped: 0, Time elapsed: 1.809 s <<< FAILURE! - in io.jenkins.plugins.analysis.warnings.SmokeTests
[ERROR] io.jenkins.plugins.analysis.warnings.SmokeTests.shouldRecordIssuesInPipelineAndExpandTokens  Time elapsed: 0.175 s  <<< ERROR!
com.google.inject.ProvisionException: 
Unable to provision, see the following errors:

1) Error in custom provider, java.io.IOException: Failed to pull image selenium/standalone-firefox-debug:3.141.59
Got permission denied while trying to connect to the Docker daemon socket at unix:///var/run/docker.sock: Post "http://%2Fvar%2Frun%2Fdocker.sock/v1.24/images/create?fromImage=selenium%2Fstandalone-firefox-debug&tag=3.141.59": dial unix /var/run/docker.sock: connect: permission denied

  at org.jenkinsci.test.acceptance.FallbackConfig.createWebDriver(FallbackConfig.java:326) (via modules: org.jenkinsci.test.acceptance.guice.World -> com.google.inject.util.Modules$OverrideModule -> com.google.inject.util.Modules$OverrideModule -> org.jenkinsci.test.acceptance.FallbackConfig)
  at org.jenkinsci.test.acceptance.FallbackConfig.createWebDriver(FallbackConfig.java:326) (via modules: org.jenkinsci.test.acceptance.guice.World -> com.google.inject.util.Modules$OverrideModule -> com.google.inject.util.Modules$OverrideModule -> org.jenkinsci.test.acceptance.FallbackConfig)
  while locating org.openqa.selenium.WebDriver
    for field at org.jenkinsci.test.acceptance.junit.DiagnosticRule.driver(DiagnosticRule.java:18)
  while locating org.jenkinsci.test.acceptance.junit.DiagnosticRule

1 error
	at com.google.inject.internal.InjectorImpl$2.get(InjectorImpl.java:1025)
	at com.google.inject.internal.InjectorImpl.getInstance(InjectorImpl.java:1051)
	at org.jenkinsci.test.acceptance.junit.JenkinsAcceptanceTestRule$1.addRule(JenkinsAcceptanceTestRule.java:151)
	at org.jenkinsci.test.acceptance.junit.JenkinsAcceptanceTestRule$1.collectGlobalRules(JenkinsAcceptanceTestRule.java:125)
	at org.jenkinsci.test.acceptance.junit.JenkinsAcceptanceTestRule$1.decorateWithRules(JenkinsAcceptanceTestRule.java:92)
	at org.jenkinsci.test.acceptance.junit.JenkinsAcceptanceTestRule$1.evaluate(JenkinsAcceptanceTestRule.java:58)
	at org.junit.runners.ParentRunner$3.evaluate(ParentRunner.java:306)
	at org.junit.runners.BlockJUnit4ClassRunner$1.evaluate(BlockJUnit4ClassRunner.java:100)
	at org.junit.runners.ParentRunner.runLeaf(ParentRunner.java:366)
	at org.junit.runners.BlockJUnit4ClassRunner.runChild(BlockJUnit4ClassRunner.java:103)
	at org.junit.runners.BlockJUnit4ClassRunner.runChild(BlockJUnit4ClassRunner.java:63)
	at org.junit.runners.ParentRunner$4.run(ParentRunner.java:331)
	at org.junit.runners.ParentRunner$1.schedule(ParentRunner.java:79)
	at org.junit.runners.ParentRunner.runChildren(ParentRunner.java:329)
	at org.junit.runners.ParentRunner.access$100(ParentRunner.java:66)
	at org.junit.runners.ParentRunner$2.evaluate(ParentRunner.java:293)
	at org.junit.runners.ParentRunner$3.evaluate(ParentRunner.java:306)
	at org.junit.runners.ParentRunner.run(ParentRunner.java:413)
	at org.junit.runner.JUnitCore.run(JUnitCore.java:137)
	at org.junit.runner.JUnitCore.run(JUnitCore.java:115)
	at org.junit.vintage.engine.execution.RunnerExecutor.execute(RunnerExecutor.java:42)
	at org.junit.vintage.engine.VintageTestEngine.executeAllChildren(VintageTestEngine.java:80)
	at org.junit.vintage.engine.VintageTestEngine.execute(VintageTestEngine.java:72)
	at org.junit.platform.launcher.core.EngineExecutionOrchestrator.execute(EngineExecutionOrchestrator.java:107)
	at org.junit.platform.launcher.core.EngineExecutionOrchestrator.execute(EngineExecutionOrchestrator.java:88)
	at org.junit.platform.launcher.core.EngineExecutionOrchestrator.lambda$execute$0(EngineExecutionOrchestrator.java:54)
	at org.junit.platform.launcher.core.EngineExecutionOrchestrator.withInterceptedStreams(EngineExecutionOrchestrator.java:67)
	at org.junit.platform.launcher.core.EngineExecutionOrchestrator.execute(EngineExecutionOrchestrator.java:52)
	at org.junit.platform.launcher.core.DefaultLauncher.execute(DefaultLauncher.java:114)
	at org.junit.platform.launcher.core.DefaultLauncher.execute(DefaultLauncher.java:86)
	at org.junit.platform.launcher.core.DefaultLauncherSession$DelegatingLauncher.execute(DefaultLauncherSession.java:86)
	at org.junit.platform.launcher.core.SessionPerRequestLauncher.execute(SessionPerRequestLauncher.java:53)
	at org.apache.maven.surefire.junitplatform.JUnitPlatformProvider.invokeAllTests(JUnitPlatformProvider.java:165)
	at org.apache.maven.surefire.junitplatform.JUnitPlatformProvider.invoke(JUnitPlatformProvider.java:123)
	at org.apache.maven.surefire.booter.ForkedBooter.runSuitesInProcess(ForkedBooter.java:377)
	at org.apache.maven.surefire.booter.ForkedBooter.execute(ForkedBooter.java:138)
	at org.apache.maven.surefire.booter.ForkedBooter.run(ForkedBooter.java:465)
	at org.apache.maven.surefire.booter.ForkedBooter.main(ForkedBooter.java:451)
Caused by: java.io.IOException: Failed to pull image selenium/standalone-firefox-debug:3.141.59
Got permission denied while trying to connect to the Docker daemon socket at unix:///var/run/docker.sock: Post "http://%2Fvar%2Frun%2Fdocker.sock/v1.24/images/create?fromImage=selenium%2Fstandalone-firefox-debug&tag=3.141.59": dial unix /var/run/docker.sock: connect: permission denied

	at org.jenkinsci.utils.process.ProcessInputStream.verifyOrDieWith(ProcessInputStream.java:96)
	at org.jenkinsci.test.acceptance.FallbackConfig.createContainerWebDriver(FallbackConfig.java:225)
	at org.jenkinsci.test.acceptance.FallbackConfig.createWebDriver(FallbackConfig.java:126)
	at org.jenkinsci.test.acceptance.FallbackConfig.createWebDriver(FallbackConfig.java:326)
	at org.jenkinsci.test.acceptance.FallbackConfig$$FastClassByGuice$$1b1c975b.invoke(<generated>)
	at com.google.inject.internal.ProviderMethod$FastClassProviderMethod.doProvision(ProviderMethod.java:272)
	at com.google.inject.internal.ProviderMethod.get(ProviderMethod.java:172)
	at com.google.inject.internal.ProviderInternalFactory.provision(ProviderInternalFactory.java:81)
	at com.google.inject.internal.InternalFactoryToInitializableAdapter.provision(InternalFactoryToInitializableAdapter.java:53)
	at com.google.inject.internal.ProviderInternalFactory.circularGet(ProviderInternalFactory.java:61)
	at com.google.inject.internal.InternalFactoryToInitializableAdapter.get(InternalFactoryToInitializableAdapter.java:45)
	at com.google.inject.internal.ProviderToInternalFactoryAdapter$1.call(ProviderToInternalFactoryAdapter.java:46)
	at com.google.inject.internal.InjectorImpl.callInContext(InjectorImpl.java:1103)
	at com.google.inject.internal.ProviderToInternalFactoryAdapter.get(ProviderToInternalFactoryAdapter.java:40)
	at org.jenkinsci.test.acceptance.guice.TestLifecycle$1.get(TestLifecycle.java:61)
	at com.google.inject.internal.InternalFactoryToProviderAdapter.get(InternalFactoryToProviderAdapter.java:41)
	at com.google.inject.internal.SingleFieldInjector.inject(SingleFieldInjector.java:54)
	at com.google.inject.internal.MembersInjectorImpl.injectMembers(MembersInjectorImpl.java:132)
	at com.google.inject.internal.ConstructorInjector.provision(ConstructorInjector.java:114)
	at com.google.inject.internal.ConstructorInjector.construct(ConstructorInjector.java:85)
	at com.google.inject.internal.ConstructorBindingImpl$Factory.get(ConstructorBindingImpl.java:267)
	at com.google.inject.internal.InjectorImpl$2$1.call(InjectorImpl.java:1016)
	at com.google.inject.internal.InjectorImpl.callInContext(InjectorImpl.java:1092)
	at com.google.inject.internal.InjectorImpl$2.get(InjectorImpl.java:1012)
	... 37 more

[ERROR] io.jenkins.plugins.analysis.warnings.SmokeTests.shouldShowBuildSummaryAndLinkToDetails  Time elapsed: 1.626 s  <<< ERROR!
com.google.inject.ProvisionException: 
Unable to provision, see the following errors:

1) Error in custom provider, java.io.IOException: Failed to pull image selenium/standalone-firefox-debug:3.141.59
Got permission denied while trying to connect to the Docker daemon socket at unix:///var/run/docker.sock: Post "http://%2Fvar%2Frun%2Fdocker.sock/v1.24/images/create?fromImage=selenium%2Fstandalone-firefox-debug&tag=3.141.59": dial unix /var/run/docker.sock: connect: permission denied

  at org.jenkinsci.test.acceptance.FallbackConfig.createWebDriver(FallbackConfig.java:326) (via modules: org.jenkinsci.test.acceptance.guice.World -> com.google.inject.util.Modules$OverrideModule -> com.google.inject.util.Modules$OverrideModule -> org.jenkinsci.test.acceptance.FallbackConfig)
  at org.jenkinsci.test.acceptance.FallbackConfig.createWebDriver(FallbackConfig.java:326) (via modules: org.jenkinsci.test.acceptance.guice.World -> com.google.inject.util.Modules$OverrideModule -> com.google.inject.util.Modules$OverrideModule -> org.jenkinsci.test.acceptance.FallbackConfig)
  while locating org.openqa.selenium.WebDriver
    for field at org.jenkinsci.test.acceptance.junit.DiagnosticRule.driver(DiagnosticRule.java:18)
  while locating org.jenkinsci.test.acceptance.junit.DiagnosticRule

1 error
	at com.google.inject.internal.InjectorImpl$2.get(InjectorImpl.java:1025)
	at com.google.inject.internal.InjectorImpl.getInstance(InjectorImpl.java:1051)
	at org.jenkinsci.test.acceptance.junit.JenkinsAcceptanceTestRule$1.addRule(JenkinsAcceptanceTestRule.java:151)
	at org.jenkinsci.test.acceptance.junit.JenkinsAcceptanceTestRule$1.collectGlobalRules(JenkinsAcceptanceTestRule.java:125)
	at org.jenkinsci.test.acceptance.junit.JenkinsAcceptanceTestRule$1.decorateWithRules(JenkinsAcceptanceTestRule.java:92)
	at org.jenkinsci.test.acceptance.junit.JenkinsAcceptanceTestRule$1.evaluate(JenkinsAcceptanceTestRule.java:58)
	at org.junit.runners.ParentRunner$3.evaluate(ParentRunner.java:306)
	at org.junit.runners.BlockJUnit4ClassRunner$1.evaluate(BlockJUnit4ClassRunner.java:100)
	at org.junit.runners.ParentRunner.runLeaf(ParentRunner.java:366)
	at org.junit.runners.BlockJUnit4ClassRunner.runChild(BlockJUnit4ClassRunner.java:103)
	at org.junit.runners.BlockJUnit4ClassRunner.runChild(BlockJUnit4ClassRunner.java:63)
	at org.junit.runners.ParentRunner$4.run(ParentRunner.java:331)
	at org.junit.runners.ParentRunner$1.schedule(ParentRunner.java:79)
	at org.junit.runners.ParentRunner.runChildren(ParentRunner.java:329)
	at org.junit.runners.ParentRunner.access$100(ParentRunner.java:66)
	at org.junit.runners.ParentRunner$2.evaluate(ParentRunner.java:293)
	at org.junit.runners.ParentRunner$3.evaluate(ParentRunner.java:306)
	at org.junit.runners.ParentRunner.run(ParentRunner.java:413)
	at org.junit.runner.JUnitCore.run(JUnitCore.java:137)
	at org.junit.runner.JUnitCore.run(JUnitCore.java:115)
	at org.junit.vintage.engine.execution.RunnerExecutor.execute(RunnerExecutor.java:42)
	at org.junit.vintage.engine.VintageTestEngine.executeAllChildren(VintageTestEngine.java:80)
	at org.junit.vintage.engine.VintageTestEngine.execute(VintageTestEngine.java:72)
	at org.junit.platform.launcher.core.EngineExecutionOrchestrator.execute(EngineExecutionOrchestrator.java:107)
	at org.junit.platform.launcher.core.EngineExecutionOrchestrator.execute(EngineExecutionOrchestrator.java:88)
	at org.junit.platform.launcher.core.EngineExecutionOrchestrator.lambda$execute$0(EngineExecutionOrchestrator.java:54)
	at org.junit.platform.launcher.core.EngineExecutionOrchestrator.withInterceptedStreams(EngineExecutionOrchestrator.java:67)
	at org.junit.platform.launcher.core.EngineExecutionOrchestrator.execute(EngineExecutionOrchestrator.java:52)
	at org.junit.platform.launcher.core.DefaultLauncher.execute(DefaultLauncher.java:114)
	at org.junit.platform.launcher.core.DefaultLauncher.execute(DefaultLauncher.java:86)
	at org.junit.platform.launcher.core.DefaultLauncherSession$DelegatingLauncher.execute(DefaultLauncherSession.java:86)
	at org.junit.platform.launcher.core.SessionPerRequestLauncher.execute(SessionPerRequestLauncher.java:53)
	at org.apache.maven.surefire.junitplatform.JUnitPlatformProvider.invokeAllTests(JUnitPlatformProvider.java:165)
	at org.apache.maven.surefire.junitplatform.JUnitPlatformProvider.invoke(JUnitPlatformProvider.java:123)
	at org.apache.maven.surefire.booter.ForkedBooter.runSuitesInProcess(ForkedBooter.java:377)
	at org.apache.maven.surefire.booter.ForkedBooter.execute(ForkedBooter.java:138)
	at org.apache.maven.surefire.booter.ForkedBooter.run(ForkedBooter.java:465)
	at org.apache.maven.surefire.booter.ForkedBooter.main(ForkedBooter.java:451)
Caused by: java.io.IOException: Failed to pull image selenium/standalone-firefox-debug:3.141.59
Got permission denied while trying to connect to the Docker daemon socket at unix:///var/run/docker.sock: Post "http://%2Fvar%2Frun%2Fdocker.sock/v1.24/images/create?fromImage=selenium%2Fstandalone-firefox-debug&tag=3.141.59": dial unix /var/run/docker.sock: connect: permission denied

	at org.jenkinsci.utils.process.ProcessInputStream.verifyOrDieWith(ProcessInputStream.java:96)
	at org.jenkinsci.test.acceptance.FallbackConfig.createContainerWebDriver(FallbackConfig.java:225)
	at org.jenkinsci.test.acceptance.FallbackConfig.createWebDriver(FallbackConfig.java:126)
	at org.jenkinsci.test.acceptance.FallbackConfig.createWebDriver(FallbackConfig.java:326)
	at org.jenkinsci.test.acceptance.FallbackConfig$$FastClassByGuice$$1b1c975b.invoke(<generated>)
	at com.google.inject.internal.ProviderMethod$FastClassProviderMethod.doProvision(ProviderMethod.java:272)
	at com.google.inject.internal.ProviderMethod.get(ProviderMethod.java:172)
	at com.google.inject.internal.ProviderInternalFactory.provision(ProviderInternalFactory.java:81)
	at com.google.inject.internal.InternalFactoryToInitializableAdapter.provision(InternalFactoryToInitializableAdapter.java:53)
	at com.google.inject.internal.ProviderInternalFactory.circularGet(ProviderInternalFactory.java:61)
	at com.google.inject.internal.InternalFactoryToInitializableAdapter.get(InternalFactoryToInitializableAdapter.java:45)
	at com.google.inject.internal.ProviderToInternalFactoryAdapter$1.call(ProviderToInternalFactoryAdapter.java:46)
	at com.google.inject.internal.InjectorImpl.callInContext(InjectorImpl.java:1103)
	at com.google.inject.internal.ProviderToInternalFactoryAdapter.get(ProviderToInternalFactoryAdapter.java:40)
	at org.jenkinsci.test.acceptance.guice.TestLifecycle$1.get(TestLifecycle.java:61)
	at com.google.inject.internal.InternalFactoryToProviderAdapter.get(InternalFactoryToProviderAdapter.java:41)
	at com.google.inject.internal.SingleFieldInjector.inject(SingleFieldInjector.java:54)
	at com.google.inject.internal.MembersInjectorImpl.injectMembers(MembersInjectorImpl.java:132)
	at com.google.inject.internal.ConstructorInjector.provision(ConstructorInjector.java:114)
	at com.google.inject.internal.ConstructorInjector.construct(ConstructorInjector.java:85)
	at com.google.inject.internal.ConstructorBindingImpl$Factory.get(ConstructorBindingImpl.java:267)
	at com.google.inject.internal.InjectorImpl$2$1.call(InjectorImpl.java:1016)
	at com.google.inject.internal.InjectorImpl.callInContext(InjectorImpl.java:1092)
	at com.google.inject.internal.InjectorImpl$2.get(InjectorImpl.java:1012)
	... 37 more

2023-02-11 22:01:58,867 [LittleProxy-JVM-shutdown-hook] INFO   (DefaultHttpProxyServer.java:426) org.littleshoot.proxy.impl.DefaultHttpProxyServer - Shutting down proxy server immediately (non-graceful)
2023-02-11 22:01:58,870 [LittleProxy-JVM-shutdown-hook] INFO   (DefaultHttpProxyServer.java:459) org.littleshoot.proxy.impl.DefaultHttpProxyServer - Closing all channels (non-graceful)
2023-02-11 22:01:58,930 [LittleProxy-JVM-shutdown-hook] INFO   (ServerGroup.java:212) org.littleshoot.proxy.impl.ServerGroup - Shutting down server group event loops (non-graceful)
2023-02-11 22:01:58,939 [LittleProxy-JVM-shutdown-hook] INFO   (DefaultHttpProxyServer.java:440) org.littleshoot.proxy.impl.DefaultHttpProxyServer - Done shutting down proxy server
[INFO] 
[INFO] Results:
[INFO] 
[ERROR] Errors: 
[ERROR] io.jenkins.plugins.analysis.warnings.SmokeTests.shouldRecordIssuesInPipelineAndExpandTokens
[ERROR]   Run 1: SmokeTests.shouldRecordIssuesInPipelineAndExpandTokens  Provision Unable to p...
[ERROR]   Run 2: SmokeTests.shouldRecordIssuesInPipelineAndExpandTokens  Provision Unable to p...
[INFO] 
[ERROR] io.jenkins.plugins.analysis.warnings.SmokeTests.shouldShowBuildSummaryAndLinkToDetails
[ERROR]   Run 1: SmokeTests.shouldShowBuildSummaryAndLinkToDetails  Provision Unable to provis...
[ERROR]   Run 2: SmokeTests.shouldShowBuildSummaryAndLinkToDetails  Provision Unable to provis...
[INFO] 
[INFO] 
[ERROR] Tests run: 2, Failures: 0, Errors: 2, Skipped: 0
[INFO] 
[INFO] ------------------------------------------------------------------------
[INFO] Reactor Summary:
[INFO] 
[INFO] Warnings Next Generation Plugin 9.6.0-SNAPSHOT ..... SUCCESS [ 51.724 s]
[INFO] UI Tests of Warnings Plugin UNVERSIONED ............ FAILURE [ 16.901 s]
[INFO] Aggregator for Warnings Plugin UNVERSIONED ......... SKIPPED
[INFO] ------------------------------------------------------------------------
[INFO] BUILD FAILURE
[INFO] ------------------------------------------------------------------------
[INFO] Total time:  01:09 min
[INFO] Finished at: 2023-02-11T22:01:59Z
[INFO] ------------------------------------------------------------------------
[ERROR] Failed to execute goal org.apache.maven.plugins:maven-surefire-plugin:3.0.0-M4:test (default-test) on project warnings-ng-ui-tests: There are test failures.
[ERROR] 
[ERROR] Please refer to /home/gabsko/breaking-updates/ui-tests/target/surefire-reports for the individual test results.
[ERROR] Please refer to dump files (if any exist) [date].dump, [date]-jvmRun[N].dump and [date].dumpstream.
[ERROR] -> [Help 1]
[ERROR] 
[ERROR] To see the full stack trace of the errors, re-run Maven with the -e switch.
[ERROR] Re-run Maven using the -X switch to enable full debug logging.
[ERROR] 
[ERROR] For more information about the errors and possible solutions, please read the following articles:
[ERROR] [Help 1] http://cwiki.apache.org/confluence/display/MAVEN/MojoFailureException
[ERROR] 
[ERROR] After correcting the problems, you can resume the build with the command
[ERROR]   mvn <args> -rf :warnings-ng-ui-tests
