[INFO] Scanning for projects...
[INFO] ------------------------------------------------------------------------
[INFO] Reactor Build Order:
[INFO] 
[INFO] Quarkus - Google Cloud Services - BOM                              [pom]
[INFO] Quarkus - Google Cloud Services - Parent                           [pom]
[INFO] Quarkus - Google Cloud Services - Common                           [pom]
[INFO] Quarkus - Google Cloud Services - Common - Runtime                 [jar]
[INFO] Quarkus - Google Cloud Services - Common - Deployment              [jar]
[INFO] Quarkus - Google Cloud Services - Common - GRPC                    [jar]
[INFO] Quarkus - Google Cloud Services - BigQuery                         [pom]
[INFO] Quarkus - Google Cloud Services - BigQuery - Runtime               [jar]
[INFO] Quarkus - Google Cloud Services - BigQuery - Deployment            [jar]
[INFO] Quarkus - Google Cloud Services - PubSub                           [pom]
[INFO] Quarkus - Google Cloud Services - PubSub - Runtime                 [jar]
[INFO] Quarkus - Google Cloud Services - PubSub - Deployment              [jar]
[INFO] Quarkus - Google Cloud Services - Spanner                          [pom]
[INFO] Quarkus - Google Cloud Services - Spanner - Runtime                [jar]
[INFO] Quarkus - Google Cloud Services - Spanner - Deployment             [jar]
[INFO] Quarkus - Google Cloud Services - Storage                          [pom]
[INFO] Quarkus - Google Cloud Services - Storage - Runtime                [jar]
[INFO] Quarkus - Google Cloud Services - Storage - Deployment             [jar]
[INFO] Quarkus - Google Cloud Services - Firestore                        [pom]
[INFO] Quarkus - Google Cloud Services - Firestore - Runtime              [jar]
[INFO] Quarkus - Google Cloud Services - Firestore - Deployment           [jar]
[INFO] Quarkus - Google Cloud Services - BigTable - Parent                [pom]
[INFO] Quarkus - Google Cloud Services - Bigtable - Runtime               [jar]
[INFO] Quarkus - Google Cloud Services - Bigtable - Deployment            [jar]
[INFO] Quarkus - Google Cloud Services - Secret Manager                   [pom]
[INFO] Quarkus - Google Cloud Services - Secret Manager - Runtime         [jar]
[INFO] Quarkus - Google Cloud Services - Secret Manager - Deployment      [jar]
[INFO] Quarkus - Google Cloud Services - Integration Tests - Parent       [pom]
[INFO] Quarkus - Google Cloud Services - Integration Tests - Main         [jar]
[INFO] Quarkus - Google Cloud Services - Integration Tests - Functions    [jar]
[INFO] Quarkus - Google Cloud Services - Integration Tests - AppEngine    [jar]
[INFO] 
[INFO] --< io.quarkiverse.googlecloudservices:quarkus-google-cloud-services-bom >--
[INFO] Building Quarkus - Google Cloud Services - BOM 0.11.0-SNAPSHOT    [1/31]
[INFO] --------------------------------[ pom ]---------------------------------
[INFO] 
[INFO] --- maven-clean-plugin:3.1.0:clean (default-clean) @ quarkus-google-cloud-services-bom ---
[INFO] Deleting /home/gabsko/breaking-updates/bom/target
[INFO] 
[INFO] --- maven-enforcer-plugin:3.0.0-M3:enforce (enforce-java-version) @ quarkus-google-cloud-services-bom ---
[INFO] 
[INFO] --- maven-enforcer-plugin:3.0.0-M3:enforce (enforce-maven-version) @ quarkus-google-cloud-services-bom ---
[INFO] 
[INFO] --- buildnumber-maven-plugin:1.4:create (get-scm-revision) @ quarkus-google-cloud-services-bom ---
[INFO] Executing: /bin/sh -c cd '/home/gabsko/breaking-updates/bom' && 'git' 'rev-parse' '--verify' 'HEAD'
[INFO] Working directory: /home/gabsko/breaking-updates/bom
[INFO] Storing buildNumber: 897221a5dd687e5e4badc86604ac4432d53ab654 at timestamp: 1676162367421
[WARNING] Cannot get the branch information from the git repository: 
Detecting the current branch failed: fatal: ref HEAD is not a symbolic ref

[INFO] Executing: /bin/sh -c cd '/home/gabsko/breaking-updates/bom' && 'git' 'rev-parse' '--verify' 'HEAD'
[INFO] Working directory: /home/gabsko/breaking-updates/bom
[INFO] Storing buildScmBranch: UNKNOWN
[INFO] 
[INFO] --- formatter-maven-plugin:2.15.0:format (default) @ quarkus-google-cloud-services-bom ---
[INFO] Using 'UTF-8' encoding to format source files.
[INFO] Number of files to be formatted: 0
[INFO] 
[INFO] --- impsort-maven-plugin:1.6.0:sort (sort-imports) @ quarkus-google-cloud-services-bom ---
[INFO] Processed 0 files in 00:00.001 (Already Sorted: 0, Needed Sorting: 0)
[INFO] 
[INFO] --< io.quarkiverse.googlecloudservices:quarkus-google-cloud-services-parent >--
[INFO] Building Quarkus - Google Cloud Services - Parent 0.11.0-SNAPSHOT [2/31]
[INFO] --------------------------------[ pom ]---------------------------------
[INFO] 
[INFO] --- maven-clean-plugin:3.1.0:clean (default-clean) @ quarkus-google-cloud-services-parent ---
[INFO] Deleting /home/gabsko/breaking-updates/target
[INFO] 
[INFO] --- maven-enforcer-plugin:3.0.0-M3:enforce (enforce-java-version) @ quarkus-google-cloud-services-parent ---
[INFO] 
[INFO] --- maven-enforcer-plugin:3.0.0-M3:enforce (enforce-maven-version) @ quarkus-google-cloud-services-parent ---
[INFO] 
[INFO] --- buildnumber-maven-plugin:1.4:create (get-scm-revision) @ quarkus-google-cloud-services-parent ---
[INFO] 
[INFO] --- formatter-maven-plugin:2.15.0:format (default) @ quarkus-google-cloud-services-parent ---
[INFO] Using 'UTF-8' encoding to format source files.
[INFO] Number of files to be formatted: 0
[INFO] 
[INFO] --- impsort-maven-plugin:1.6.0:sort (sort-imports) @ quarkus-google-cloud-services-parent ---
[INFO] Processed 0 files in 00:00.000 (Already Sorted: 0, Needed Sorting: 0)
[INFO] 
[INFO] --< io.quarkiverse.googlecloudservices:quarkus-google-cloud-common-parent >--
[INFO] Building Quarkus - Google Cloud Services - Common 0.11.0-SNAPSHOT [3/31]
[INFO] --------------------------------[ pom ]---------------------------------
[INFO] 
[INFO] --- maven-clean-plugin:3.1.0:clean (default-clean) @ quarkus-google-cloud-common-parent ---
[INFO] Deleting /home/gabsko/breaking-updates/common/target
[INFO] 
[INFO] --- maven-enforcer-plugin:3.0.0-M3:enforce (enforce-java-version) @ quarkus-google-cloud-common-parent ---
[INFO] 
[INFO] --- maven-enforcer-plugin:3.0.0-M3:enforce (enforce-maven-version) @ quarkus-google-cloud-common-parent ---
[INFO] 
[INFO] --- buildnumber-maven-plugin:1.4:create (get-scm-revision) @ quarkus-google-cloud-common-parent ---
[INFO] 
[INFO] --- formatter-maven-plugin:2.15.0:format (default) @ quarkus-google-cloud-common-parent ---
[INFO] Using 'UTF-8' encoding to format source files.
[INFO] Number of files to be formatted: 0
[INFO] 
[INFO] --- impsort-maven-plugin:1.6.0:sort (sort-imports) @ quarkus-google-cloud-common-parent ---
[INFO] Processed 0 files in 00:00.000 (Already Sorted: 0, Needed Sorting: 0)
[INFO] 
[INFO] ---< io.quarkiverse.googlecloudservices:quarkus-google-cloud-common >---
[INFO] Building Quarkus - Google Cloud Services - Common - Runtime 0.11.0-SNAPSHOT [4/31]
[INFO] --------------------------------[ jar ]---------------------------------
[INFO] 
[INFO] --- maven-clean-plugin:3.1.0:clean (default-clean) @ quarkus-google-cloud-common ---
[INFO] Deleting /home/gabsko/breaking-updates/common/runtime/target
[INFO] 
[INFO] --- maven-enforcer-plugin:3.0.0-M3:enforce (enforce-java-version) @ quarkus-google-cloud-common ---
[INFO] 
[INFO] --- maven-enforcer-plugin:3.0.0-M3:enforce (enforce-maven-version) @ quarkus-google-cloud-common ---
[INFO] 
[INFO] --- buildnumber-maven-plugin:1.4:create (get-scm-revision) @ quarkus-google-cloud-common ---
[INFO] 
[INFO] --- formatter-maven-plugin:2.15.0:format (default) @ quarkus-google-cloud-common ---
[INFO] Using 'UTF-8' encoding to format source files.
[INFO] Number of files to be formatted: 6
[INFO] Successfully formatted:          0 file(s)
[INFO] Fail to format:                  0 file(s)
[INFO] Skipped:                         6 file(s)
[INFO] Read only skipped:               0 file(s)
[INFO] Approximate time taken:          0s
[INFO] 
[INFO] --- impsort-maven-plugin:1.6.0:sort (sort-imports) @ quarkus-google-cloud-common ---
[INFO] Processed 6 files in 00:00.184 (Already Sorted: 6, Needed Sorting: 0)
[INFO] 
[INFO] --- maven-resources-plugin:3.1.0:resources (default-resources) @ quarkus-google-cloud-common ---
[INFO] Using 'UTF-8' encoding to copy filtered resources.
[INFO] Copying 1 resource
[INFO] 
[INFO] --- maven-compiler-plugin:3.8.1:compile (default-compile) @ quarkus-google-cloud-common ---
[INFO] Changes detected - recompiling the module!
[INFO] Compiling 6 source files to /home/gabsko/breaking-updates/common/runtime/target/classes
[INFO] 
[INFO] --- quarkus-bootstrap-maven-plugin:2.2.0.Final:extension-descriptor (default) @ quarkus-google-cloud-common ---
[INFO] 
[INFO] --- maven-resources-plugin:3.1.0:testResources (default-testResources) @ quarkus-google-cloud-common ---
[INFO] Using 'UTF-8' encoding to copy filtered resources.
[INFO] skip non existing resourceDirectory /home/gabsko/breaking-updates/common/runtime/src/test/resources
[INFO] 
[INFO] --- maven-compiler-plugin:3.8.1:testCompile (default-testCompile) @ quarkus-google-cloud-common ---
[INFO] No sources to compile
[INFO] 
[INFO] --- maven-surefire-plugin:2.22.2:test (default-test) @ quarkus-google-cloud-common ---
[INFO] No tests to run.
[INFO] 
[INFO] --< io.quarkiverse.googlecloudservices:quarkus-google-cloud-common-deployment >--
[INFO] Building Quarkus - Google Cloud Services - Common - Deployment 0.11.0-SNAPSHOT [5/31]
[INFO] --------------------------------[ jar ]---------------------------------
[INFO] 
[INFO] --- maven-clean-plugin:3.1.0:clean (default-clean) @ quarkus-google-cloud-common-deployment ---
[INFO] Deleting /home/gabsko/breaking-updates/common/deployment/target
[INFO] 
[INFO] --- maven-enforcer-plugin:3.0.0-M3:enforce (enforce-java-version) @ quarkus-google-cloud-common-deployment ---
[INFO] 
[INFO] --- maven-enforcer-plugin:3.0.0-M3:enforce (enforce-maven-version) @ quarkus-google-cloud-common-deployment ---
[INFO] 
[INFO] --- buildnumber-maven-plugin:1.4:create (get-scm-revision) @ quarkus-google-cloud-common-deployment ---
[INFO] 
[INFO] --- formatter-maven-plugin:2.15.0:format (default) @ quarkus-google-cloud-common-deployment ---
[INFO] Using 'UTF-8' encoding to format source files.
[INFO] Number of files to be formatted: 1
[INFO] Successfully formatted:          0 file(s)
[INFO] Fail to format:                  0 file(s)
[INFO] Skipped:                         1 file(s)
[INFO] Read only skipped:               0 file(s)
[INFO] Approximate time taken:          0s
[INFO] 
[INFO] --- impsort-maven-plugin:1.6.0:sort (sort-imports) @ quarkus-google-cloud-common-deployment ---
[INFO] Processed 1 files in 00:00.005 (Already Sorted: 1, Needed Sorting: 0)
[INFO] 
[INFO] --- maven-resources-plugin:3.1.0:resources (default-resources) @ quarkus-google-cloud-common-deployment ---
[INFO] Using 'UTF-8' encoding to copy filtered resources.
[INFO] skip non existing resourceDirectory /home/gabsko/breaking-updates/common/deployment/src/main/resources
[INFO] 
[INFO] --- maven-compiler-plugin:3.8.1:compile (default-compile) @ quarkus-google-cloud-common-deployment ---
[INFO] Changes detected - recompiling the module!
[INFO] Compiling 1 source file to /home/gabsko/breaking-updates/common/deployment/target/classes
[INFO] 
[INFO] --- maven-resources-plugin:3.1.0:testResources (default-testResources) @ quarkus-google-cloud-common-deployment ---
[INFO] Using 'UTF-8' encoding to copy filtered resources.
[INFO] skip non existing resourceDirectory /home/gabsko/breaking-updates/common/deployment/src/test/resources
[INFO] 
[INFO] --- maven-compiler-plugin:3.8.1:testCompile (default-testCompile) @ quarkus-google-cloud-common-deployment ---
[INFO] No sources to compile
[INFO] 
[INFO] --- maven-surefire-plugin:2.22.2:test (default-test) @ quarkus-google-cloud-common-deployment ---
[INFO] No tests to run.
[INFO] 
[INFO] --< io.quarkiverse.googlecloudservices:quarkus-google-cloud-common-grpc >--
[INFO] Building Quarkus - Google Cloud Services - Common - GRPC 0.11.0-SNAPSHOT [6/31]
[INFO] --------------------------------[ jar ]---------------------------------
[INFO] 
[INFO] --- maven-clean-plugin:3.1.0:clean (default-clean) @ quarkus-google-cloud-common-grpc ---
[INFO] Deleting /home/gabsko/breaking-updates/common/grpc/target
[INFO] 
[INFO] --- maven-enforcer-plugin:3.0.0-M3:enforce (enforce-java-version) @ quarkus-google-cloud-common-grpc ---
[INFO] 
[INFO] --- maven-enforcer-plugin:3.0.0-M3:enforce (enforce-maven-version) @ quarkus-google-cloud-common-grpc ---
[INFO] 
[INFO] --- buildnumber-maven-plugin:1.4:create (get-scm-revision) @ quarkus-google-cloud-common-grpc ---
[INFO] 
[INFO] --- formatter-maven-plugin:2.15.0:format (default) @ quarkus-google-cloud-common-grpc ---
[INFO] Using 'UTF-8' encoding to format source files.
[INFO] Number of files to be formatted: 1
[INFO] Successfully formatted:          0 file(s)
[INFO] Fail to format:                  0 file(s)
[INFO] Skipped:                         1 file(s)
[INFO] Read only skipped:               0 file(s)
[INFO] Approximate time taken:          0s
[INFO] 
[INFO] --- impsort-maven-plugin:1.6.0:sort (sort-imports) @ quarkus-google-cloud-common-grpc ---
[INFO] Processed 1 files in 00:00.020 (Already Sorted: 1, Needed Sorting: 0)
[INFO] 
[INFO] --- maven-resources-plugin:3.1.0:resources (default-resources) @ quarkus-google-cloud-common-grpc ---
[INFO] Using 'UTF-8' encoding to copy filtered resources.
[INFO] skip non existing resourceDirectory /home/gabsko/breaking-updates/common/grpc/src/main/resources
[INFO] 
[INFO] --- maven-compiler-plugin:3.8.1:compile (default-compile) @ quarkus-google-cloud-common-grpc ---
[INFO] Changes detected - recompiling the module!
[INFO] Compiling 1 source file to /home/gabsko/breaking-updates/common/grpc/target/classes
[WARNING] /home/gabsko/breaking-updates/common/grpc/src/main/java/io/quarkiverse/googlecloudservices/common/grpc/runtime/graal/GoogleApiGaxGrpcSubstitutions.java:[103,34] unchecked call to intercept(java.util.List<io.grpc.ClientInterceptor>) as a member of the raw type io.grpc.ManagedChannelBuilder
[INFO] 
[INFO] --- maven-resources-plugin:3.1.0:testResources (default-testResources) @ quarkus-google-cloud-common-grpc ---
[INFO] Using 'UTF-8' encoding to copy filtered resources.
[INFO] skip non existing resourceDirectory /home/gabsko/breaking-updates/common/grpc/src/test/resources
[INFO] 
[INFO] --- maven-compiler-plugin:3.8.1:testCompile (default-testCompile) @ quarkus-google-cloud-common-grpc ---
[INFO] No sources to compile
[INFO] 
[INFO] --- maven-surefire-plugin:2.22.2:test (default-test) @ quarkus-google-cloud-common-grpc ---
[INFO] No tests to run.
[INFO] 
[INFO] --< io.quarkiverse.googlecloudservices:quarkus-google-cloud-bigquery-parent >--
[INFO] Building Quarkus - Google Cloud Services - BigQuery 0.11.0-SNAPSHOT [7/31]
[INFO] --------------------------------[ pom ]---------------------------------
[INFO] 
[INFO] --- maven-clean-plugin:3.1.0:clean (default-clean) @ quarkus-google-cloud-bigquery-parent ---
[INFO] Deleting /home/gabsko/breaking-updates/bigquery/target
[INFO] 
[INFO] --- maven-enforcer-plugin:3.0.0-M3:enforce (enforce-java-version) @ quarkus-google-cloud-bigquery-parent ---
[INFO] 
[INFO] --- maven-enforcer-plugin:3.0.0-M3:enforce (enforce-maven-version) @ quarkus-google-cloud-bigquery-parent ---
[INFO] 
[INFO] --- buildnumber-maven-plugin:1.4:create (get-scm-revision) @ quarkus-google-cloud-bigquery-parent ---
[INFO] 
[INFO] --- formatter-maven-plugin:2.15.0:format (default) @ quarkus-google-cloud-bigquery-parent ---
[INFO] Using 'UTF-8' encoding to format source files.
[INFO] Number of files to be formatted: 0
[INFO] 
[INFO] --- impsort-maven-plugin:1.6.0:sort (sort-imports) @ quarkus-google-cloud-bigquery-parent ---
[INFO] Processed 0 files in 00:00.000 (Already Sorted: 0, Needed Sorting: 0)
[INFO] 
[INFO] --< io.quarkiverse.googlecloudservices:quarkus-google-cloud-bigquery >--
[INFO] Building Quarkus - Google Cloud Services - BigQuery - Runtime 0.11.0-SNAPSHOT [8/31]
[INFO] --------------------------------[ jar ]---------------------------------
[INFO] 
[INFO] --- maven-clean-plugin:3.1.0:clean (default-clean) @ quarkus-google-cloud-bigquery ---
[INFO] Deleting /home/gabsko/breaking-updates/bigquery/runtime/target
[INFO] 
[INFO] --- maven-enforcer-plugin:3.0.0-M3:enforce (enforce-java-version) @ quarkus-google-cloud-bigquery ---
[INFO] 
[INFO] --- maven-enforcer-plugin:3.0.0-M3:enforce (enforce-maven-version) @ quarkus-google-cloud-bigquery ---
[INFO] 
[INFO] --- buildnumber-maven-plugin:1.4:create (get-scm-revision) @ quarkus-google-cloud-bigquery ---
[INFO] 
[INFO] --- formatter-maven-plugin:2.15.0:format (default) @ quarkus-google-cloud-bigquery ---
[INFO] Using 'UTF-8' encoding to format source files.
[INFO] Number of files to be formatted: 1
[INFO] Successfully formatted:          0 file(s)
[INFO] Fail to format:                  0 file(s)
[INFO] Skipped:                         1 file(s)
[INFO] Read only skipped:               0 file(s)
[INFO] Approximate time taken:          0s
[INFO] 
[INFO] --- impsort-maven-plugin:1.6.0:sort (sort-imports) @ quarkus-google-cloud-bigquery ---
[INFO] Processed 1 files in 00:00.003 (Already Sorted: 1, Needed Sorting: 0)
[INFO] 
[INFO] --- maven-resources-plugin:3.1.0:resources (default-resources) @ quarkus-google-cloud-bigquery ---
[INFO] Using 'UTF-8' encoding to copy filtered resources.
[INFO] Copying 1 resource
[INFO] 
[INFO] --- maven-compiler-plugin:3.8.1:compile (default-compile) @ quarkus-google-cloud-bigquery ---
[INFO] Changes detected - recompiling the module!
[INFO] Compiling 1 source file to /home/gabsko/breaking-updates/bigquery/runtime/target/classes
[INFO] 
[INFO] --- quarkus-bootstrap-maven-plugin:2.2.0.Final:extension-descriptor (default) @ quarkus-google-cloud-bigquery ---
[INFO] 
[INFO] --- maven-resources-plugin:3.1.0:testResources (default-testResources) @ quarkus-google-cloud-bigquery ---
[INFO] Using 'UTF-8' encoding to copy filtered resources.
[INFO] skip non existing resourceDirectory /home/gabsko/breaking-updates/bigquery/runtime/src/test/resources
[INFO] 
[INFO] --- maven-compiler-plugin:3.8.1:testCompile (default-testCompile) @ quarkus-google-cloud-bigquery ---
[INFO] No sources to compile
[INFO] 
[INFO] --- maven-surefire-plugin:2.22.2:test (default-test) @ quarkus-google-cloud-bigquery ---
[INFO] No tests to run.
[INFO] 
[INFO] --< io.quarkiverse.googlecloudservices:quarkus-google-cloud-bigquery-deployment >--
[INFO] Building Quarkus - Google Cloud Services - BigQuery - Deployment 0.11.0-SNAPSHOT [9/31]
[INFO] --------------------------------[ jar ]---------------------------------
[INFO] 
[INFO] --- maven-clean-plugin:3.1.0:clean (default-clean) @ quarkus-google-cloud-bigquery-deployment ---
[INFO] Deleting /home/gabsko/breaking-updates/bigquery/deployment/target
[INFO] 
[INFO] --- maven-enforcer-plugin:3.0.0-M3:enforce (enforce-java-version) @ quarkus-google-cloud-bigquery-deployment ---
[INFO] 
[INFO] --- maven-enforcer-plugin:3.0.0-M3:enforce (enforce-maven-version) @ quarkus-google-cloud-bigquery-deployment ---
[INFO] 
[INFO] --- buildnumber-maven-plugin:1.4:create (get-scm-revision) @ quarkus-google-cloud-bigquery-deployment ---
[INFO] 
[INFO] --- formatter-maven-plugin:2.15.0:format (default) @ quarkus-google-cloud-bigquery-deployment ---
[INFO] Using 'UTF-8' encoding to format source files.
[INFO] Number of files to be formatted: 1
[INFO] Successfully formatted:          0 file(s)
[INFO] Fail to format:                  0 file(s)
[INFO] Skipped:                         1 file(s)
[INFO] Read only skipped:               0 file(s)
[INFO] Approximate time taken:          0s
[INFO] 
[INFO] --- impsort-maven-plugin:1.6.0:sort (sort-imports) @ quarkus-google-cloud-bigquery-deployment ---
[INFO] Processed 1 files in 00:00.006 (Already Sorted: 1, Needed Sorting: 0)
[INFO] 
[INFO] --- maven-resources-plugin:3.1.0:resources (default-resources) @ quarkus-google-cloud-bigquery-deployment ---
[INFO] Using 'UTF-8' encoding to copy filtered resources.
[INFO] skip non existing resourceDirectory /home/gabsko/breaking-updates/bigquery/deployment/src/main/resources
[INFO] 
[INFO] --- maven-compiler-plugin:3.8.1:compile (default-compile) @ quarkus-google-cloud-bigquery-deployment ---
[INFO] Changes detected - recompiling the module!
[INFO] Compiling 1 source file to /home/gabsko/breaking-updates/bigquery/deployment/target/classes
[INFO] 
[INFO] --- maven-resources-plugin:3.1.0:testResources (default-testResources) @ quarkus-google-cloud-bigquery-deployment ---
[INFO] Using 'UTF-8' encoding to copy filtered resources.
[INFO] skip non existing resourceDirectory /home/gabsko/breaking-updates/bigquery/deployment/src/test/resources
[INFO] 
[INFO] --- maven-compiler-plugin:3.8.1:testCompile (default-testCompile) @ quarkus-google-cloud-bigquery-deployment ---
[INFO] No sources to compile
[INFO] 
[INFO] --- maven-surefire-plugin:2.22.2:test (default-test) @ quarkus-google-cloud-bigquery-deployment ---
[INFO] No tests to run.
[INFO] 
[INFO] --< io.quarkiverse.googlecloudservices:quarkus-google-cloud-pubsub-parent >--
[INFO] Building Quarkus - Google Cloud Services - PubSub 0.11.0-SNAPSHOT [10/31]
[INFO] --------------------------------[ pom ]---------------------------------
[INFO] 
[INFO] --- maven-clean-plugin:3.1.0:clean (default-clean) @ quarkus-google-cloud-pubsub-parent ---
[INFO] Deleting /home/gabsko/breaking-updates/pubsub/target
[INFO] 
[INFO] --- maven-enforcer-plugin:3.0.0-M3:enforce (enforce-java-version) @ quarkus-google-cloud-pubsub-parent ---
[INFO] 
[INFO] --- maven-enforcer-plugin:3.0.0-M3:enforce (enforce-maven-version) @ quarkus-google-cloud-pubsub-parent ---
[INFO] 
[INFO] --- buildnumber-maven-plugin:1.4:create (get-scm-revision) @ quarkus-google-cloud-pubsub-parent ---
[INFO] 
[INFO] --- formatter-maven-plugin:2.15.0:format (default) @ quarkus-google-cloud-pubsub-parent ---
[INFO] Using 'UTF-8' encoding to format source files.
[INFO] Number of files to be formatted: 0
[INFO] 
[INFO] --- impsort-maven-plugin:1.6.0:sort (sort-imports) @ quarkus-google-cloud-pubsub-parent ---
[INFO] Processed 0 files in 00:00.000 (Already Sorted: 0, Needed Sorting: 0)
[INFO] 
[INFO] ---< io.quarkiverse.googlecloudservices:quarkus-google-cloud-pubsub >---
[INFO] Building Quarkus - Google Cloud Services - PubSub - Runtime 0.11.0-SNAPSHOT [11/31]
[INFO] --------------------------------[ jar ]---------------------------------
[INFO] 
[INFO] --- maven-clean-plugin:3.1.0:clean (default-clean) @ quarkus-google-cloud-pubsub ---
[INFO] Deleting /home/gabsko/breaking-updates/pubsub/runtime/target
[INFO] 
[INFO] --- maven-enforcer-plugin:3.0.0-M3:enforce (enforce-java-version) @ quarkus-google-cloud-pubsub ---
[INFO] 
[INFO] --- maven-enforcer-plugin:3.0.0-M3:enforce (enforce-maven-version) @ quarkus-google-cloud-pubsub ---
[INFO] 
[INFO] --- buildnumber-maven-plugin:1.4:create (get-scm-revision) @ quarkus-google-cloud-pubsub ---
[INFO] 
[INFO] --- formatter-maven-plugin:2.15.0:format (default) @ quarkus-google-cloud-pubsub ---
[INFO] Using 'UTF-8' encoding to format source files.
[INFO] Number of files to be formatted: 0
[INFO] 
[INFO] --- impsort-maven-plugin:1.6.0:sort (sort-imports) @ quarkus-google-cloud-pubsub ---
[INFO] Processed 0 files in 00:00.000 (Already Sorted: 0, Needed Sorting: 0)
[INFO] 
[INFO] --- maven-resources-plugin:3.1.0:resources (default-resources) @ quarkus-google-cloud-pubsub ---
[INFO] Using 'UTF-8' encoding to copy filtered resources.
[INFO] Copying 1 resource
[INFO] 
[INFO] --- maven-compiler-plugin:3.8.1:compile (default-compile) @ quarkus-google-cloud-pubsub ---
[INFO] No sources to compile
[INFO] 
[INFO] --- quarkus-bootstrap-maven-plugin:2.2.0.Final:extension-descriptor (default) @ quarkus-google-cloud-pubsub ---
[INFO] 
[INFO] --- maven-resources-plugin:3.1.0:testResources (default-testResources) @ quarkus-google-cloud-pubsub ---
[INFO] Using 'UTF-8' encoding to copy filtered resources.
[INFO] skip non existing resourceDirectory /home/gabsko/breaking-updates/pubsub/runtime/src/test/resources
[INFO] 
[INFO] --- maven-compiler-plugin:3.8.1:testCompile (default-testCompile) @ quarkus-google-cloud-pubsub ---
[INFO] No sources to compile
[INFO] 
[INFO] --- maven-surefire-plugin:2.22.2:test (default-test) @ quarkus-google-cloud-pubsub ---
[INFO] No tests to run.
[INFO] 
[INFO] --< io.quarkiverse.googlecloudservices:quarkus-google-cloud-pubsub-deployment >--
[INFO] Building Quarkus - Google Cloud Services - PubSub - Deployment 0.11.0-SNAPSHOT [12/31]
[INFO] --------------------------------[ jar ]---------------------------------
[INFO] 
[INFO] --- maven-clean-plugin:3.1.0:clean (default-clean) @ quarkus-google-cloud-pubsub-deployment ---
[INFO] Deleting /home/gabsko/breaking-updates/pubsub/deployment/target
[INFO] 
[INFO] --- maven-enforcer-plugin:3.0.0-M3:enforce (enforce-java-version) @ quarkus-google-cloud-pubsub-deployment ---
[INFO] 
[INFO] --- maven-enforcer-plugin:3.0.0-M3:enforce (enforce-maven-version) @ quarkus-google-cloud-pubsub-deployment ---
[INFO] 
[INFO] --- buildnumber-maven-plugin:1.4:create (get-scm-revision) @ quarkus-google-cloud-pubsub-deployment ---
[INFO] 
[INFO] --- formatter-maven-plugin:2.15.0:format (default) @ quarkus-google-cloud-pubsub-deployment ---
[INFO] Using 'UTF-8' encoding to format source files.
[INFO] Number of files to be formatted: 1
[INFO] Successfully formatted:          0 file(s)
[INFO] Fail to format:                  0 file(s)
[INFO] Skipped:                         1 file(s)
[INFO] Read only skipped:               0 file(s)
[INFO] Approximate time taken:          0s
[INFO] 
[INFO] --- impsort-maven-plugin:1.6.0:sort (sort-imports) @ quarkus-google-cloud-pubsub-deployment ---
[INFO] Processed 1 files in 00:00.003 (Already Sorted: 1, Needed Sorting: 0)
[INFO] 
[INFO] --- maven-resources-plugin:3.1.0:resources (default-resources) @ quarkus-google-cloud-pubsub-deployment ---
[INFO] Using 'UTF-8' encoding to copy filtered resources.
[INFO] skip non existing resourceDirectory /home/gabsko/breaking-updates/pubsub/deployment/src/main/resources
[INFO] 
[INFO] --- maven-compiler-plugin:3.8.1:compile (default-compile) @ quarkus-google-cloud-pubsub-deployment ---
[INFO] Changes detected - recompiling the module!
[INFO] Compiling 1 source file to /home/gabsko/breaking-updates/pubsub/deployment/target/classes
[INFO] 
[INFO] --- maven-resources-plugin:3.1.0:testResources (default-testResources) @ quarkus-google-cloud-pubsub-deployment ---
[INFO] Using 'UTF-8' encoding to copy filtered resources.
[INFO] skip non existing resourceDirectory /home/gabsko/breaking-updates/pubsub/deployment/src/test/resources
[INFO] 
[INFO] --- maven-compiler-plugin:3.8.1:testCompile (default-testCompile) @ quarkus-google-cloud-pubsub-deployment ---
[INFO] No sources to compile
[INFO] 
[INFO] --- maven-surefire-plugin:2.22.2:test (default-test) @ quarkus-google-cloud-pubsub-deployment ---
[INFO] No tests to run.
[INFO] 
[INFO] --< io.quarkiverse.googlecloudservices:quarkus-google-cloud-spanner-parent >--
[INFO] Building Quarkus - Google Cloud Services - Spanner 0.11.0-SNAPSHOT [13/31]
[INFO] --------------------------------[ pom ]---------------------------------
[INFO] 
[INFO] --- maven-clean-plugin:3.1.0:clean (default-clean) @ quarkus-google-cloud-spanner-parent ---
[INFO] Deleting /home/gabsko/breaking-updates/spanner/target
[INFO] 
[INFO] --- maven-enforcer-plugin:3.0.0-M3:enforce (enforce-java-version) @ quarkus-google-cloud-spanner-parent ---
[INFO] 
[INFO] --- maven-enforcer-plugin:3.0.0-M3:enforce (enforce-maven-version) @ quarkus-google-cloud-spanner-parent ---
[INFO] 
[INFO] --- buildnumber-maven-plugin:1.4:create (get-scm-revision) @ quarkus-google-cloud-spanner-parent ---
[INFO] 
[INFO] --- formatter-maven-plugin:2.15.0:format (default) @ quarkus-google-cloud-spanner-parent ---
[INFO] Using 'UTF-8' encoding to format source files.
[INFO] Number of files to be formatted: 0
[INFO] 
[INFO] --- impsort-maven-plugin:1.6.0:sort (sort-imports) @ quarkus-google-cloud-spanner-parent ---
[INFO] Processed 0 files in 00:00.000 (Already Sorted: 0, Needed Sorting: 0)
[INFO] 
[INFO] --< io.quarkiverse.googlecloudservices:quarkus-google-cloud-spanner >---
[INFO] Building Quarkus - Google Cloud Services - Spanner - Runtime 0.11.0-SNAPSHOT [14/31]
[INFO] --------------------------------[ jar ]---------------------------------
[INFO] 
[INFO] --- maven-clean-plugin:3.1.0:clean (default-clean) @ quarkus-google-cloud-spanner ---
[INFO] Deleting /home/gabsko/breaking-updates/spanner/runtime/target
[INFO] 
[INFO] --- maven-enforcer-plugin:3.0.0-M3:enforce (enforce-java-version) @ quarkus-google-cloud-spanner ---
[INFO] 
[INFO] --- maven-enforcer-plugin:3.0.0-M3:enforce (enforce-maven-version) @ quarkus-google-cloud-spanner ---
[INFO] 
[INFO] --- buildnumber-maven-plugin:1.4:create (get-scm-revision) @ quarkus-google-cloud-spanner ---
[INFO] 
[INFO] --- formatter-maven-plugin:2.15.0:format (default) @ quarkus-google-cloud-spanner ---
[INFO] Using 'UTF-8' encoding to format source files.
[INFO] Number of files to be formatted: 1
[INFO] Successfully formatted:          0 file(s)
[INFO] Fail to format:                  0 file(s)
[INFO] Skipped:                         1 file(s)
[INFO] Read only skipped:               0 file(s)
[INFO] Approximate time taken:          0s
[INFO] 
[INFO] --- impsort-maven-plugin:1.6.0:sort (sort-imports) @ quarkus-google-cloud-spanner ---
[INFO] Processed 1 files in 00:00.003 (Already Sorted: 1, Needed Sorting: 0)
[INFO] 
[INFO] --- maven-resources-plugin:3.1.0:resources (default-resources) @ quarkus-google-cloud-spanner ---
[INFO] Using 'UTF-8' encoding to copy filtered resources.
[INFO] Copying 1 resource
[INFO] 
[INFO] --- maven-compiler-plugin:3.8.1:compile (default-compile) @ quarkus-google-cloud-spanner ---
[INFO] Changes detected - recompiling the module!
[INFO] Compiling 1 source file to /home/gabsko/breaking-updates/spanner/runtime/target/classes
[INFO] 
[INFO] --- quarkus-bootstrap-maven-plugin:2.2.0.Final:extension-descriptor (default) @ quarkus-google-cloud-spanner ---
[INFO] 
[INFO] --- maven-resources-plugin:3.1.0:testResources (default-testResources) @ quarkus-google-cloud-spanner ---
[INFO] Using 'UTF-8' encoding to copy filtered resources.
[INFO] skip non existing resourceDirectory /home/gabsko/breaking-updates/spanner/runtime/src/test/resources
[INFO] 
[INFO] --- maven-compiler-plugin:3.8.1:testCompile (default-testCompile) @ quarkus-google-cloud-spanner ---
[INFO] No sources to compile
[INFO] 
[INFO] --- maven-surefire-plugin:2.22.2:test (default-test) @ quarkus-google-cloud-spanner ---
[INFO] No tests to run.
[INFO] 
[INFO] --< io.quarkiverse.googlecloudservices:quarkus-google-cloud-spanner-deployment >--
[INFO] Building Quarkus - Google Cloud Services - Spanner - Deployment 0.11.0-SNAPSHOT [15/31]
[INFO] --------------------------------[ jar ]---------------------------------
[INFO] 
[INFO] --- maven-clean-plugin:3.1.0:clean (default-clean) @ quarkus-google-cloud-spanner-deployment ---
[INFO] Deleting /home/gabsko/breaking-updates/spanner/deployment/target
[INFO] 
[INFO] --- maven-enforcer-plugin:3.0.0-M3:enforce (enforce-java-version) @ quarkus-google-cloud-spanner-deployment ---
[INFO] 
[INFO] --- maven-enforcer-plugin:3.0.0-M3:enforce (enforce-maven-version) @ quarkus-google-cloud-spanner-deployment ---
[INFO] 
[INFO] --- buildnumber-maven-plugin:1.4:create (get-scm-revision) @ quarkus-google-cloud-spanner-deployment ---
[INFO] 
[INFO] --- formatter-maven-plugin:2.15.0:format (default) @ quarkus-google-cloud-spanner-deployment ---
[INFO] Using 'UTF-8' encoding to format source files.
[INFO] Number of files to be formatted: 1
[INFO] Successfully formatted:          0 file(s)
[INFO] Fail to format:                  0 file(s)
[INFO] Skipped:                         1 file(s)
[INFO] Read only skipped:               0 file(s)
[INFO] Approximate time taken:          0s
[INFO] 
[INFO] --- impsort-maven-plugin:1.6.0:sort (sort-imports) @ quarkus-google-cloud-spanner-deployment ---
[INFO] Processed 1 files in 00:00.002 (Already Sorted: 1, Needed Sorting: 0)
[INFO] 
[INFO] --- maven-resources-plugin:3.1.0:resources (default-resources) @ quarkus-google-cloud-spanner-deployment ---
[INFO] Using 'UTF-8' encoding to copy filtered resources.
[INFO] skip non existing resourceDirectory /home/gabsko/breaking-updates/spanner/deployment/src/main/resources
[INFO] 
[INFO] --- maven-compiler-plugin:3.8.1:compile (default-compile) @ quarkus-google-cloud-spanner-deployment ---
[INFO] Changes detected - recompiling the module!
[INFO] Compiling 1 source file to /home/gabsko/breaking-updates/spanner/deployment/target/classes
[INFO] 
[INFO] --- maven-resources-plugin:3.1.0:testResources (default-testResources) @ quarkus-google-cloud-spanner-deployment ---
[INFO] Using 'UTF-8' encoding to copy filtered resources.
[INFO] skip non existing resourceDirectory /home/gabsko/breaking-updates/spanner/deployment/src/test/resources
[INFO] 
[INFO] --- maven-compiler-plugin:3.8.1:testCompile (default-testCompile) @ quarkus-google-cloud-spanner-deployment ---
[INFO] No sources to compile
[INFO] 
[INFO] --- maven-surefire-plugin:2.22.2:test (default-test) @ quarkus-google-cloud-spanner-deployment ---
[INFO] No tests to run.
[INFO] 
[INFO] --< io.quarkiverse.googlecloudservices:quarkus-google-cloud-storage-parent >--
[INFO] Building Quarkus - Google Cloud Services - Storage 0.11.0-SNAPSHOT [16/31]
[INFO] --------------------------------[ pom ]---------------------------------
[INFO] 
[INFO] --- maven-clean-plugin:3.1.0:clean (default-clean) @ quarkus-google-cloud-storage-parent ---
[INFO] Deleting /home/gabsko/breaking-updates/storage/target
[INFO] 
[INFO] --- maven-enforcer-plugin:3.0.0-M3:enforce (enforce-java-version) @ quarkus-google-cloud-storage-parent ---
[INFO] 
[INFO] --- maven-enforcer-plugin:3.0.0-M3:enforce (enforce-maven-version) @ quarkus-google-cloud-storage-parent ---
[INFO] 
[INFO] --- buildnumber-maven-plugin:1.4:create (get-scm-revision) @ quarkus-google-cloud-storage-parent ---
[INFO] 
[INFO] --- formatter-maven-plugin:2.15.0:format (default) @ quarkus-google-cloud-storage-parent ---
[INFO] Using 'UTF-8' encoding to format source files.
[INFO] Number of files to be formatted: 0
[INFO] 
[INFO] --- impsort-maven-plugin:1.6.0:sort (sort-imports) @ quarkus-google-cloud-storage-parent ---
[INFO] Processed 0 files in 00:00.000 (Already Sorted: 0, Needed Sorting: 0)
[INFO] 
[INFO] --< io.quarkiverse.googlecloudservices:quarkus-google-cloud-storage >---
[INFO] Building Quarkus - Google Cloud Services - Storage - Runtime 0.11.0-SNAPSHOT [17/31]
[INFO] --------------------------------[ jar ]---------------------------------
[INFO] 
[INFO] --- maven-clean-plugin:3.1.0:clean (default-clean) @ quarkus-google-cloud-storage ---
[INFO] Deleting /home/gabsko/breaking-updates/storage/runtime/target
[INFO] 
[INFO] --- maven-enforcer-plugin:3.0.0-M3:enforce (enforce-java-version) @ quarkus-google-cloud-storage ---
[INFO] 
[INFO] --- maven-enforcer-plugin:3.0.0-M3:enforce (enforce-maven-version) @ quarkus-google-cloud-storage ---
[INFO] 
[INFO] --- buildnumber-maven-plugin:1.4:create (get-scm-revision) @ quarkus-google-cloud-storage ---
[INFO] 
[INFO] --- formatter-maven-plugin:2.15.0:format (default) @ quarkus-google-cloud-storage ---
[INFO] Using 'UTF-8' encoding to format source files.
[INFO] Number of files to be formatted: 2
[INFO] Successfully formatted:          0 file(s)
[INFO] Fail to format:                  0 file(s)
[INFO] Skipped:                         2 file(s)
[INFO] Read only skipped:               0 file(s)
[INFO] Approximate time taken:          0s
[INFO] 
[INFO] --- impsort-maven-plugin:1.6.0:sort (sort-imports) @ quarkus-google-cloud-storage ---
[INFO] Processed 2 files in 00:00.014 (Already Sorted: 2, Needed Sorting: 0)
[INFO] 
[INFO] --- maven-resources-plugin:3.1.0:resources (default-resources) @ quarkus-google-cloud-storage ---
[INFO] Using 'UTF-8' encoding to copy filtered resources.
[INFO] Copying 1 resource
[INFO] 
[INFO] --- maven-compiler-plugin:3.8.1:compile (default-compile) @ quarkus-google-cloud-storage ---
[INFO] Changes detected - recompiling the module!
[INFO] Compiling 2 source files to /home/gabsko/breaking-updates/storage/runtime/target/classes
[INFO] 
[INFO] --- quarkus-bootstrap-maven-plugin:2.2.0.Final:extension-descriptor (default) @ quarkus-google-cloud-storage ---
[INFO] 
[INFO] --- maven-resources-plugin:3.1.0:testResources (default-testResources) @ quarkus-google-cloud-storage ---
[INFO] Using 'UTF-8' encoding to copy filtered resources.
[INFO] skip non existing resourceDirectory /home/gabsko/breaking-updates/storage/runtime/src/test/resources
[INFO] 
[INFO] --- maven-compiler-plugin:3.8.1:testCompile (default-testCompile) @ quarkus-google-cloud-storage ---
[INFO] No sources to compile
[INFO] 
[INFO] --- maven-surefire-plugin:2.22.2:test (default-test) @ quarkus-google-cloud-storage ---
[INFO] No tests to run.
[INFO] 
[INFO] --< io.quarkiverse.googlecloudservices:quarkus-google-cloud-storage-deployment >--
[INFO] Building Quarkus - Google Cloud Services - Storage - Deployment 0.11.0-SNAPSHOT [18/31]
[INFO] --------------------------------[ jar ]---------------------------------
[INFO] 
[INFO] --- maven-clean-plugin:3.1.0:clean (default-clean) @ quarkus-google-cloud-storage-deployment ---
[INFO] Deleting /home/gabsko/breaking-updates/storage/deployment/target
[INFO] 
[INFO] --- maven-enforcer-plugin:3.0.0-M3:enforce (enforce-java-version) @ quarkus-google-cloud-storage-deployment ---
[INFO] 
[INFO] --- maven-enforcer-plugin:3.0.0-M3:enforce (enforce-maven-version) @ quarkus-google-cloud-storage-deployment ---
[INFO] 
[INFO] --- buildnumber-maven-plugin:1.4:create (get-scm-revision) @ quarkus-google-cloud-storage-deployment ---
[INFO] 
[INFO] --- formatter-maven-plugin:2.15.0:format (default) @ quarkus-google-cloud-storage-deployment ---
[INFO] Using 'UTF-8' encoding to format source files.
[INFO] Number of files to be formatted: 1
[INFO] Successfully formatted:          0 file(s)
[INFO] Fail to format:                  0 file(s)
[INFO] Skipped:                         1 file(s)
[INFO] Read only skipped:               0 file(s)
[INFO] Approximate time taken:          0s
[INFO] 
[INFO] --- impsort-maven-plugin:1.6.0:sort (sort-imports) @ quarkus-google-cloud-storage-deployment ---
[INFO] Processed 1 files in 00:00.002 (Already Sorted: 1, Needed Sorting: 0)
[INFO] 
[INFO] --- maven-resources-plugin:3.1.0:resources (default-resources) @ quarkus-google-cloud-storage-deployment ---
[INFO] Using 'UTF-8' encoding to copy filtered resources.
[INFO] skip non existing resourceDirectory /home/gabsko/breaking-updates/storage/deployment/src/main/resources
[INFO] 
[INFO] --- maven-compiler-plugin:3.8.1:compile (default-compile) @ quarkus-google-cloud-storage-deployment ---
[INFO] Changes detected - recompiling the module!
[INFO] Compiling 1 source file to /home/gabsko/breaking-updates/storage/deployment/target/classes
[INFO] 
[INFO] --- maven-resources-plugin:3.1.0:testResources (default-testResources) @ quarkus-google-cloud-storage-deployment ---
[INFO] Using 'UTF-8' encoding to copy filtered resources.
[INFO] skip non existing resourceDirectory /home/gabsko/breaking-updates/storage/deployment/src/test/resources
[INFO] 
[INFO] --- maven-compiler-plugin:3.8.1:testCompile (default-testCompile) @ quarkus-google-cloud-storage-deployment ---
[INFO] No sources to compile
[INFO] 
[INFO] --- maven-surefire-plugin:2.22.2:test (default-test) @ quarkus-google-cloud-storage-deployment ---
[INFO] No tests to run.
[INFO] 
[INFO] --< io.quarkiverse.googlecloudservices:quarkus-google-cloud-firestore-parent >--
[INFO] Building Quarkus - Google Cloud Services - Firestore 0.11.0-SNAPSHOT [19/31]
[INFO] --------------------------------[ pom ]---------------------------------
[INFO] 
[INFO] --- maven-clean-plugin:3.1.0:clean (default-clean) @ quarkus-google-cloud-firestore-parent ---
[INFO] Deleting /home/gabsko/breaking-updates/firestore/target
[INFO] 
[INFO] --- maven-enforcer-plugin:3.0.0-M3:enforce (enforce-java-version) @ quarkus-google-cloud-firestore-parent ---
[INFO] 
[INFO] --- maven-enforcer-plugin:3.0.0-M3:enforce (enforce-maven-version) @ quarkus-google-cloud-firestore-parent ---
[INFO] 
[INFO] --- buildnumber-maven-plugin:1.4:create (get-scm-revision) @ quarkus-google-cloud-firestore-parent ---
[INFO] 
[INFO] --- formatter-maven-plugin:2.15.0:format (default) @ quarkus-google-cloud-firestore-parent ---
[INFO] Using 'UTF-8' encoding to format source files.
[INFO] Number of files to be formatted: 0
[INFO] 
[INFO] --- impsort-maven-plugin:1.6.0:sort (sort-imports) @ quarkus-google-cloud-firestore-parent ---
[INFO] Processed 0 files in 00:00.000 (Already Sorted: 0, Needed Sorting: 0)
[INFO] 
[INFO] --< io.quarkiverse.googlecloudservices:quarkus-google-cloud-firestore >--
[INFO] Building Quarkus - Google Cloud Services - Firestore - Runtime 0.11.0-SNAPSHOT [20/31]
[INFO] --------------------------------[ jar ]---------------------------------
[INFO] 
[INFO] --- maven-clean-plugin:3.1.0:clean (default-clean) @ quarkus-google-cloud-firestore ---
[INFO] Deleting /home/gabsko/breaking-updates/firestore/runtime/target
[INFO] 
[INFO] --- maven-enforcer-plugin:3.0.0-M3:enforce (enforce-java-version) @ quarkus-google-cloud-firestore ---
[INFO] 
[INFO] --- maven-enforcer-plugin:3.0.0-M3:enforce (enforce-maven-version) @ quarkus-google-cloud-firestore ---
[INFO] 
[INFO] --- buildnumber-maven-plugin:1.4:create (get-scm-revision) @ quarkus-google-cloud-firestore ---
[INFO] 
[INFO] --- formatter-maven-plugin:2.15.0:format (default) @ quarkus-google-cloud-firestore ---
[INFO] Using 'UTF-8' encoding to format source files.
[INFO] Number of files to be formatted: 1
[INFO] Successfully formatted:          0 file(s)
[INFO] Fail to format:                  0 file(s)
[INFO] Skipped:                         1 file(s)
[INFO] Read only skipped:               0 file(s)
[INFO] Approximate time taken:          0s
[INFO] 
[INFO] --- impsort-maven-plugin:1.6.0:sort (sort-imports) @ quarkus-google-cloud-firestore ---
[INFO] Processed 1 files in 00:00.008 (Already Sorted: 1, Needed Sorting: 0)
[INFO] 
[INFO] --- maven-resources-plugin:3.1.0:resources (default-resources) @ quarkus-google-cloud-firestore ---
[INFO] Using 'UTF-8' encoding to copy filtered resources.
[INFO] Copying 1 resource
[INFO] 
[INFO] --- maven-compiler-plugin:3.8.1:compile (default-compile) @ quarkus-google-cloud-firestore ---
[INFO] Changes detected - recompiling the module!
[INFO] Compiling 1 source file to /home/gabsko/breaking-updates/firestore/runtime/target/classes
[INFO] 
[INFO] --- quarkus-bootstrap-maven-plugin:2.2.0.Final:extension-descriptor (default) @ quarkus-google-cloud-firestore ---
[INFO] 
[INFO] --- maven-resources-plugin:3.1.0:testResources (default-testResources) @ quarkus-google-cloud-firestore ---
[INFO] Using 'UTF-8' encoding to copy filtered resources.
[INFO] skip non existing resourceDirectory /home/gabsko/breaking-updates/firestore/runtime/src/test/resources
[INFO] 
[INFO] --- maven-compiler-plugin:3.8.1:testCompile (default-testCompile) @ quarkus-google-cloud-firestore ---
[INFO] No sources to compile
[INFO] 
[INFO] --- maven-surefire-plugin:2.22.2:test (default-test) @ quarkus-google-cloud-firestore ---
[INFO] No tests to run.
[INFO] 
[INFO] --< io.quarkiverse.googlecloudservices:quarkus-google-cloud-firestore-deployment >--
[INFO] Building Quarkus - Google Cloud Services - Firestore - Deployment 0.11.0-SNAPSHOT [21/31]
[INFO] --------------------------------[ jar ]---------------------------------
[INFO] 
[INFO] --- maven-clean-plugin:3.1.0:clean (default-clean) @ quarkus-google-cloud-firestore-deployment ---
[INFO] Deleting /home/gabsko/breaking-updates/firestore/deployment/target
[INFO] 
[INFO] --- maven-enforcer-plugin:3.0.0-M3:enforce (enforce-java-version) @ quarkus-google-cloud-firestore-deployment ---
[INFO] 
[INFO] --- maven-enforcer-plugin:3.0.0-M3:enforce (enforce-maven-version) @ quarkus-google-cloud-firestore-deployment ---
[INFO] 
[INFO] --- buildnumber-maven-plugin:1.4:create (get-scm-revision) @ quarkus-google-cloud-firestore-deployment ---
[INFO] 
[INFO] --- formatter-maven-plugin:2.15.0:format (default) @ quarkus-google-cloud-firestore-deployment ---
[INFO] Using 'UTF-8' encoding to format source files.
[INFO] Number of files to be formatted: 1
[INFO] Successfully formatted:          0 file(s)
[INFO] Fail to format:                  0 file(s)
[INFO] Skipped:                         1 file(s)
[INFO] Read only skipped:               0 file(s)
[INFO] Approximate time taken:          0s
[INFO] 
[INFO] --- impsort-maven-plugin:1.6.0:sort (sort-imports) @ quarkus-google-cloud-firestore-deployment ---
[INFO] Processed 1 files in 00:00.006 (Already Sorted: 1, Needed Sorting: 0)
[INFO] 
[INFO] --- maven-resources-plugin:3.1.0:resources (default-resources) @ quarkus-google-cloud-firestore-deployment ---
[INFO] Using 'UTF-8' encoding to copy filtered resources.
[INFO] skip non existing resourceDirectory /home/gabsko/breaking-updates/firestore/deployment/src/main/resources
[INFO] 
[INFO] --- maven-compiler-plugin:3.8.1:compile (default-compile) @ quarkus-google-cloud-firestore-deployment ---
[INFO] Changes detected - recompiling the module!
[INFO] Compiling 1 source file to /home/gabsko/breaking-updates/firestore/deployment/target/classes
[INFO] 
[INFO] --- maven-resources-plugin:3.1.0:testResources (default-testResources) @ quarkus-google-cloud-firestore-deployment ---
[INFO] Using 'UTF-8' encoding to copy filtered resources.
[INFO] skip non existing resourceDirectory /home/gabsko/breaking-updates/firestore/deployment/src/test/resources
[INFO] 
[INFO] --- maven-compiler-plugin:3.8.1:testCompile (default-testCompile) @ quarkus-google-cloud-firestore-deployment ---
[INFO] No sources to compile
[INFO] 
[INFO] --- maven-surefire-plugin:2.22.2:test (default-test) @ quarkus-google-cloud-firestore-deployment ---
[INFO] No tests to run.
[INFO] 
[INFO] --< io.quarkiverse.googlecloudservices:quarkus-google-cloud-bigtable-parent >--
[INFO] Building Quarkus - Google Cloud Services - BigTable - Parent 0.11.0-SNAPSHOT [22/31]
[INFO] --------------------------------[ pom ]---------------------------------
[INFO] 
[INFO] --- maven-clean-plugin:3.1.0:clean (default-clean) @ quarkus-google-cloud-bigtable-parent ---
[INFO] Deleting /home/gabsko/breaking-updates/bigtable/target
[INFO] 
[INFO] --- maven-enforcer-plugin:3.0.0-M3:enforce (enforce-java-version) @ quarkus-google-cloud-bigtable-parent ---
[INFO] 
[INFO] --- maven-enforcer-plugin:3.0.0-M3:enforce (enforce-maven-version) @ quarkus-google-cloud-bigtable-parent ---
[INFO] 
[INFO] --- buildnumber-maven-plugin:1.4:create (get-scm-revision) @ quarkus-google-cloud-bigtable-parent ---
[INFO] 
[INFO] --- formatter-maven-plugin:2.15.0:format (default) @ quarkus-google-cloud-bigtable-parent ---
[INFO] Using 'UTF-8' encoding to format source files.
[INFO] Number of files to be formatted: 0
[INFO] 
[INFO] --- impsort-maven-plugin:1.6.0:sort (sort-imports) @ quarkus-google-cloud-bigtable-parent ---
[INFO] Processed 0 files in 00:00.000 (Already Sorted: 0, Needed Sorting: 0)
[INFO] 
[INFO] --< io.quarkiverse.googlecloudservices:quarkus-google-cloud-bigtable >--
[INFO] Building Quarkus - Google Cloud Services - Bigtable - Runtime 0.11.0-SNAPSHOT [23/31]
[INFO] --------------------------------[ jar ]---------------------------------
[INFO] 
[INFO] --- maven-clean-plugin:3.1.0:clean (default-clean) @ quarkus-google-cloud-bigtable ---
[INFO] Deleting /home/gabsko/breaking-updates/bigtable/runtime/target
[INFO] 
[INFO] --- maven-enforcer-plugin:3.0.0-M3:enforce (enforce-java-version) @ quarkus-google-cloud-bigtable ---
[INFO] 
[INFO] --- maven-enforcer-plugin:3.0.0-M3:enforce (enforce-maven-version) @ quarkus-google-cloud-bigtable ---
[INFO] 
[INFO] --- buildnumber-maven-plugin:1.4:create (get-scm-revision) @ quarkus-google-cloud-bigtable ---
[INFO] 
[INFO] --- formatter-maven-plugin:2.15.0:format (default) @ quarkus-google-cloud-bigtable ---
[INFO] Using 'UTF-8' encoding to format source files.
[INFO] Number of files to be formatted: 0
[INFO] 
[INFO] --- impsort-maven-plugin:1.6.0:sort (sort-imports) @ quarkus-google-cloud-bigtable ---
[INFO] Processed 0 files in 00:00.000 (Already Sorted: 0, Needed Sorting: 0)
[INFO] 
[INFO] --- maven-resources-plugin:3.1.0:resources (default-resources) @ quarkus-google-cloud-bigtable ---
[INFO] Using 'UTF-8' encoding to copy filtered resources.
[INFO] Copying 1 resource
[INFO] 
[INFO] --- maven-compiler-plugin:3.8.1:compile (default-compile) @ quarkus-google-cloud-bigtable ---
[INFO] No sources to compile
[INFO] 
[INFO] --- quarkus-bootstrap-maven-plugin:2.2.0.Final:extension-descriptor (default) @ quarkus-google-cloud-bigtable ---
[INFO] 
[INFO] --- maven-resources-plugin:3.1.0:testResources (default-testResources) @ quarkus-google-cloud-bigtable ---
[INFO] Using 'UTF-8' encoding to copy filtered resources.
[INFO] skip non existing resourceDirectory /home/gabsko/breaking-updates/bigtable/runtime/src/test/resources
[INFO] 
[INFO] --- maven-compiler-plugin:3.8.1:testCompile (default-testCompile) @ quarkus-google-cloud-bigtable ---
[INFO] No sources to compile
[INFO] 
[INFO] --- maven-surefire-plugin:2.22.2:test (default-test) @ quarkus-google-cloud-bigtable ---
[INFO] No tests to run.
[INFO] 
[INFO] --< io.quarkiverse.googlecloudservices:quarkus-google-cloud-bigtable-deployment >--
[INFO] Building Quarkus - Google Cloud Services - Bigtable - Deployment 0.11.0-SNAPSHOT [24/31]
[INFO] --------------------------------[ jar ]---------------------------------
[INFO] 
[INFO] --- maven-clean-plugin:3.1.0:clean (default-clean) @ quarkus-google-cloud-bigtable-deployment ---
[INFO] Deleting /home/gabsko/breaking-updates/bigtable/deployment/target
[INFO] 
[INFO] --- maven-enforcer-plugin:3.0.0-M3:enforce (enforce-java-version) @ quarkus-google-cloud-bigtable-deployment ---
[INFO] 
[INFO] --- maven-enforcer-plugin:3.0.0-M3:enforce (enforce-maven-version) @ quarkus-google-cloud-bigtable-deployment ---
[INFO] 
[INFO] --- buildnumber-maven-plugin:1.4:create (get-scm-revision) @ quarkus-google-cloud-bigtable-deployment ---
[INFO] 
[INFO] --- formatter-maven-plugin:2.15.0:format (default) @ quarkus-google-cloud-bigtable-deployment ---
[INFO] Using 'UTF-8' encoding to format source files.
[INFO] Number of files to be formatted: 1
[INFO] Successfully formatted:          0 file(s)
[INFO] Fail to format:                  0 file(s)
[INFO] Skipped:                         1 file(s)
[INFO] Read only skipped:               0 file(s)
[INFO] Approximate time taken:          0s
[INFO] 
[INFO] --- impsort-maven-plugin:1.6.0:sort (sort-imports) @ quarkus-google-cloud-bigtable-deployment ---
[INFO] Processed 1 files in 00:00.004 (Already Sorted: 1, Needed Sorting: 0)
[INFO] 
[INFO] --- maven-resources-plugin:3.1.0:resources (default-resources) @ quarkus-google-cloud-bigtable-deployment ---
[INFO] Using 'UTF-8' encoding to copy filtered resources.
[INFO] skip non existing resourceDirectory /home/gabsko/breaking-updates/bigtable/deployment/src/main/resources
[INFO] 
[INFO] --- maven-compiler-plugin:3.8.1:compile (default-compile) @ quarkus-google-cloud-bigtable-deployment ---
[INFO] Changes detected - recompiling the module!
[INFO] Compiling 1 source file to /home/gabsko/breaking-updates/bigtable/deployment/target/classes
[INFO] 
[INFO] --- maven-resources-plugin:3.1.0:testResources (default-testResources) @ quarkus-google-cloud-bigtable-deployment ---
[INFO] Using 'UTF-8' encoding to copy filtered resources.
[INFO] skip non existing resourceDirectory /home/gabsko/breaking-updates/bigtable/deployment/src/test/resources
[INFO] 
[INFO] --- maven-compiler-plugin:3.8.1:testCompile (default-testCompile) @ quarkus-google-cloud-bigtable-deployment ---
[INFO] No sources to compile
[INFO] 
[INFO] --- maven-surefire-plugin:2.22.2:test (default-test) @ quarkus-google-cloud-bigtable-deployment ---
[INFO] No tests to run.
[INFO] 
[INFO] --< io.quarkiverse.googlecloudservices:quarkus-google-cloud-secret-manager-parent >--
[INFO] Building Quarkus - Google Cloud Services - Secret Manager 0.11.0-SNAPSHOT [25/31]
[INFO] --------------------------------[ pom ]---------------------------------
[INFO] 
[INFO] --- maven-clean-plugin:3.1.0:clean (default-clean) @ quarkus-google-cloud-secret-manager-parent ---
[INFO] Deleting /home/gabsko/breaking-updates/secret-manager/target
[INFO] 
[INFO] --- maven-enforcer-plugin:3.0.0-M3:enforce (enforce-java-version) @ quarkus-google-cloud-secret-manager-parent ---
[INFO] 
[INFO] --- maven-enforcer-plugin:3.0.0-M3:enforce (enforce-maven-version) @ quarkus-google-cloud-secret-manager-parent ---
[INFO] 
[INFO] --- buildnumber-maven-plugin:1.4:create (get-scm-revision) @ quarkus-google-cloud-secret-manager-parent ---
[INFO] 
[INFO] --- formatter-maven-plugin:2.15.0:format (default) @ quarkus-google-cloud-secret-manager-parent ---
[INFO] Using 'UTF-8' encoding to format source files.
[INFO] Number of files to be formatted: 0
[INFO] 
[INFO] --- impsort-maven-plugin:1.6.0:sort (sort-imports) @ quarkus-google-cloud-secret-manager-parent ---
[INFO] Processed 0 files in 00:00.000 (Already Sorted: 0, Needed Sorting: 0)
[INFO] 
[INFO] --< io.quarkiverse.googlecloudservices:quarkus-google-cloud-secret-manager >--
[INFO] Building Quarkus - Google Cloud Services - Secret Manager - Runtime 0.11.0-SNAPSHOT [26/31]
[INFO] --------------------------------[ jar ]---------------------------------
[INFO] Downloading from central: https://repo.maven.apache.org/maven2/io/quarkus/quarkus-test-common/2.2.0.Final/quarkus-test-common-2.2.0.Final.jar
[INFO] Downloading from central: https://repo.maven.apache.org/maven2/io/quarkus/quarkus-jsonp-deployment/2.2.0.Final/quarkus-jsonp-deployment-2.2.0.Final.jar
[INFO] Downloading from central: https://repo.maven.apache.org/maven2/io/quarkus/quarkus-junit5/2.2.0.Final/quarkus-junit5-2.2.0.Final.jar
[INFO] Downloaded from central: https://repo.maven.apache.org/maven2/io/quarkus/quarkus-jsonp-deployment/2.2.0.Final/quarkus-jsonp-deployment-2.2.0.Final.jar (3.8 kB at 10 kB/s)
[INFO] Downloaded from central: https://repo.maven.apache.org/maven2/io/quarkus/quarkus-test-common/2.2.0.Final/quarkus-test-common-2.2.0.Final.jar (80 kB at 202 kB/s)
[INFO] Downloaded from central: https://repo.maven.apache.org/maven2/io/quarkus/quarkus-junit5/2.2.0.Final/quarkus-junit5-2.2.0.Final.jar (122 kB at 302 kB/s)
[INFO] 
[INFO] --- maven-clean-plugin:3.1.0:clean (default-clean) @ quarkus-google-cloud-secret-manager ---
[INFO] Deleting /home/gabsko/breaking-updates/secret-manager/runtime/target
[INFO] 
[INFO] --- maven-enforcer-plugin:3.0.0-M3:enforce (enforce-java-version) @ quarkus-google-cloud-secret-manager ---
[INFO] 
[INFO] --- maven-enforcer-plugin:3.0.0-M3:enforce (enforce-maven-version) @ quarkus-google-cloud-secret-manager ---
[INFO] 
[INFO] --- buildnumber-maven-plugin:1.4:create (get-scm-revision) @ quarkus-google-cloud-secret-manager ---
[INFO] 
[INFO] --- formatter-maven-plugin:2.15.0:format (default) @ quarkus-google-cloud-secret-manager ---
[INFO] Using 'UTF-8' encoding to format source files.
[INFO] Number of files to be formatted: 7
[INFO] Successfully formatted:          0 file(s)
[INFO] Fail to format:                  0 file(s)
[INFO] Skipped:                         7 file(s)
[INFO] Read only skipped:               0 file(s)
[INFO] Approximate time taken:          0s
[INFO] 
[INFO] --- impsort-maven-plugin:1.6.0:sort (sort-imports) @ quarkus-google-cloud-secret-manager ---
[INFO] Processed 7 files in 00:00.046 (Already Sorted: 7, Needed Sorting: 0)
[INFO] 
[INFO] --- maven-resources-plugin:3.1.0:resources (default-resources) @ quarkus-google-cloud-secret-manager ---
[INFO] Using 'UTF-8' encoding to copy filtered resources.
[INFO] Copying 1 resource
[INFO] 
[INFO] --- maven-compiler-plugin:3.8.1:compile (default-compile) @ quarkus-google-cloud-secret-manager ---
[INFO] Changes detected - recompiling the module!
[INFO] Compiling 6 source files to /home/gabsko/breaking-updates/secret-manager/runtime/target/classes
[INFO] 
[INFO] --- quarkus-bootstrap-maven-plugin:2.2.0.Final:extension-descriptor (default) @ quarkus-google-cloud-secret-manager ---
[INFO] 
[INFO] --- maven-resources-plugin:3.1.0:testResources (default-testResources) @ quarkus-google-cloud-secret-manager ---
[INFO] Using 'UTF-8' encoding to copy filtered resources.
[INFO] skip non existing resourceDirectory /home/gabsko/breaking-updates/secret-manager/runtime/src/test/resources
[INFO] 
[INFO] --- maven-compiler-plugin:3.8.1:testCompile (default-testCompile) @ quarkus-google-cloud-secret-manager ---
[INFO] Changes detected - recompiling the module!
[INFO] Compiling 1 source file to /home/gabsko/breaking-updates/secret-manager/runtime/target/test-classes
[INFO] 
[INFO] --- maven-surefire-plugin:2.22.2:test (default-test) @ quarkus-google-cloud-secret-manager ---
[INFO] 
[INFO] -------------------------------------------------------
[INFO]  T E S T S
[INFO] -------------------------------------------------------
[INFO] Running io.quarkiverse.googlecloudservices.secretmanager.runtime.config.SecretManagerConfigUtilsTest
[INFO] Tests run: 7, Failures: 0, Errors: 0, Skipped: 0, Time elapsed: 0.134 s - in io.quarkiverse.googlecloudservices.secretmanager.runtime.config.SecretManagerConfigUtilsTest
[INFO] 
[INFO] Results:
[INFO] 
[INFO] Tests run: 7, Failures: 0, Errors: 0, Skipped: 0
[INFO] 
[INFO] 
[INFO] --< io.quarkiverse.googlecloudservices:quarkus-google-cloud-secret-manager-deployment >--
[INFO] Building Quarkus - Google Cloud Services - Secret Manager - Deployment 0.11.0-SNAPSHOT [27/31]
[INFO] --------------------------------[ jar ]---------------------------------
[INFO] 
[INFO] --- maven-clean-plugin:3.1.0:clean (default-clean) @ quarkus-google-cloud-secret-manager-deployment ---
[INFO] Deleting /home/gabsko/breaking-updates/secret-manager/deployment/target
[INFO] 
[INFO] --- maven-enforcer-plugin:3.0.0-M3:enforce (enforce-java-version) @ quarkus-google-cloud-secret-manager-deployment ---
[INFO] 
[INFO] --- maven-enforcer-plugin:3.0.0-M3:enforce (enforce-maven-version) @ quarkus-google-cloud-secret-manager-deployment ---
[INFO] 
[INFO] --- buildnumber-maven-plugin:1.4:create (get-scm-revision) @ quarkus-google-cloud-secret-manager-deployment ---
[INFO] 
[INFO] --- formatter-maven-plugin:2.15.0:format (default) @ quarkus-google-cloud-secret-manager-deployment ---
[INFO] Using 'UTF-8' encoding to format source files.
[INFO] Number of files to be formatted: 1
[INFO] Successfully formatted:          0 file(s)
[INFO] Fail to format:                  0 file(s)
[INFO] Skipped:                         1 file(s)
[INFO] Read only skipped:               0 file(s)
[INFO] Approximate time taken:          0s
[INFO] 
[INFO] --- impsort-maven-plugin:1.6.0:sort (sort-imports) @ quarkus-google-cloud-secret-manager-deployment ---
[INFO] Processed 1 files in 00:00.006 (Already Sorted: 1, Needed Sorting: 0)
[INFO] 
[INFO] --- maven-resources-plugin:3.1.0:resources (default-resources) @ quarkus-google-cloud-secret-manager-deployment ---
[INFO] Using 'UTF-8' encoding to copy filtered resources.
[INFO] skip non existing resourceDirectory /home/gabsko/breaking-updates/secret-manager/deployment/src/main/resources
[INFO] 
[INFO] --- maven-compiler-plugin:3.8.1:compile (default-compile) @ quarkus-google-cloud-secret-manager-deployment ---
[INFO] Changes detected - recompiling the module!
[INFO] Compiling 1 source file to /home/gabsko/breaking-updates/secret-manager/deployment/target/classes
[INFO] 
[INFO] --- maven-resources-plugin:3.1.0:testResources (default-testResources) @ quarkus-google-cloud-secret-manager-deployment ---
[INFO] Using 'UTF-8' encoding to copy filtered resources.
[INFO] skip non existing resourceDirectory /home/gabsko/breaking-updates/secret-manager/deployment/src/test/resources
[INFO] 
[INFO] --- maven-compiler-plugin:3.8.1:testCompile (default-testCompile) @ quarkus-google-cloud-secret-manager-deployment ---
[INFO] No sources to compile
[INFO] 
[INFO] --- maven-surefire-plugin:2.22.2:test (default-test) @ quarkus-google-cloud-secret-manager-deployment ---
[INFO] No tests to run.
[INFO] 
[INFO] --< io.quarkiverse.googlecloudservices:quarkus-google-cloud-services-integration-tests-parent >--
[INFO] Building Quarkus - Google Cloud Services - Integration Tests - Parent 0.11.0-SNAPSHOT [28/31]
[INFO] --------------------------------[ pom ]---------------------------------
[INFO] 
[INFO] --- maven-clean-plugin:3.1.0:clean (default-clean) @ quarkus-google-cloud-services-integration-tests-parent ---
[INFO] Deleting /home/gabsko/breaking-updates/integration-tests/target
[INFO] 
[INFO] --- maven-enforcer-plugin:3.0.0-M3:enforce (enforce-java-version) @ quarkus-google-cloud-services-integration-tests-parent ---
[INFO] 
[INFO] --- maven-enforcer-plugin:3.0.0-M3:enforce (enforce-maven-version) @ quarkus-google-cloud-services-integration-tests-parent ---
[INFO] 
[INFO] --- buildnumber-maven-plugin:1.4:create (get-scm-revision) @ quarkus-google-cloud-services-integration-tests-parent ---
[INFO] 
[INFO] --- formatter-maven-plugin:2.15.0:format (default) @ quarkus-google-cloud-services-integration-tests-parent ---
[INFO] Using 'UTF-8' encoding to format source files.
[INFO] Number of files to be formatted: 0
[INFO] 
[INFO] --- impsort-maven-plugin:1.6.0:sort (sort-imports) @ quarkus-google-cloud-services-integration-tests-parent ---
[INFO] Processed 0 files in 00:00.000 (Already Sorted: 0, Needed Sorting: 0)
[INFO] 
[INFO] --< io.quarkiverse.googlecloudservices:quarkus-google-cloud-services-main-it >--
[INFO] Building Quarkus - Google Cloud Services - Integration Tests - Main 0.11.0-SNAPSHOT [29/31]
[INFO] --------------------------------[ jar ]---------------------------------
[INFO] 
[INFO] --- maven-clean-plugin:3.1.0:clean (default-clean) @ quarkus-google-cloud-services-main-it ---
[INFO] Deleting /home/gabsko/breaking-updates/integration-tests/main/target
[INFO] 
[INFO] --- maven-enforcer-plugin:3.0.0-M3:enforce (enforce-java-version) @ quarkus-google-cloud-services-main-it ---
[INFO] 
[INFO] --- maven-enforcer-plugin:3.0.0-M3:enforce (enforce-maven-version) @ quarkus-google-cloud-services-main-it ---
[INFO] 
[INFO] --- buildnumber-maven-plugin:1.4:create (get-scm-revision) @ quarkus-google-cloud-services-main-it ---
[INFO] 
[INFO] --- formatter-maven-plugin:2.15.0:format (default) @ quarkus-google-cloud-services-main-it ---
[INFO] Using 'UTF-8' encoding to format source files.
[INFO] Number of files to be formatted: 14
[INFO] Successfully formatted:          0 file(s)
[INFO] Fail to format:                  0 file(s)
[INFO] Skipped:                         14 file(s)
[INFO] Read only skipped:               0 file(s)
[INFO] Approximate time taken:          0s
[INFO] 
[INFO] --- impsort-maven-plugin:1.6.0:sort (sort-imports) @ quarkus-google-cloud-services-main-it ---
[INFO] Processed 14 files in 00:00.101 (Already Sorted: 14, Needed Sorting: 0)
[INFO] 
[INFO] --- maven-resources-plugin:3.1.0:resources (default-resources) @ quarkus-google-cloud-services-main-it ---
[INFO] Using 'UTF-8' encoding to copy filtered resources.
[INFO] Copying 1 resource
[INFO] 
[INFO] --- maven-compiler-plugin:3.8.1:compile (default-compile) @ quarkus-google-cloud-services-main-it ---
[INFO] Changes detected - recompiling the module!
[INFO] Compiling 8 source files to /home/gabsko/breaking-updates/integration-tests/main/target/classes
[WARNING] unknown enum constant org.osgi.annotation.bundle.Requirement.Resolution.OPTIONAL
  reason: class file for org.osgi.annotation.bundle.Requirement$Resolution not found
[INFO] 
[INFO] --- maven-resources-plugin:3.1.0:testResources (default-testResources) @ quarkus-google-cloud-services-main-it ---
[INFO] Using 'UTF-8' encoding to copy filtered resources.
[INFO] Copying 1 resource
[INFO] 
[INFO] --- maven-compiler-plugin:3.8.1:testCompile (default-testCompile) @ quarkus-google-cloud-services-main-it ---
[INFO] Changes detected - recompiling the module!
[INFO] Compiling 6 source files to /home/gabsko/breaking-updates/integration-tests/main/target/test-classes
[INFO] 
[INFO] --- maven-surefire-plugin:2.22.2:test (default-test) @ quarkus-google-cloud-services-main-it ---
[INFO] 
[INFO] -------------------------------------------------------
[INFO]  T E S T S
[INFO] -------------------------------------------------------
[INFO] Running io.quarkiverse.googlecloudservices.it.StorageResourceTest
Downloading from central: https://repo.maven.apache.org/maven2/io/quarkus/quarkus-resteasy-jsonb-deployment/2.2.0.Final/quarkus-resteasy-jsonb-deployment-2.2.0.Final.pom
Progress (1): quarkus-resteasy-jsonb-deployment-2.2.0.Final.pom (2.2 kB)                                                                        Downloaded from central: https://repo.maven.apache.org/maven2/io/quarkus/quarkus-resteasy-jsonb-deployment/2.2.0.Final/quarkus-resteasy-jsonb-deployment-2.2.0.Final.pom (2.2 kB at 4.4 kB/s)
Downloading from central: https://repo.maven.apache.org/maven2/io/quarkus/quarkus-resteasy-deployment/2.2.0.Final/quarkus-resteasy-deployment-2.2.0.Final.pom
Progress (1): quarkus-resteasy-deployment-2.2.0.Final.pom (2.7/3.9 kB)Progress (1): quarkus-resteasy-deployment-2.2.0.Final.pom (3.9 kB)                                                                      Downloaded from central: https://repo.maven.apache.org/maven2/io/quarkus/quarkus-resteasy-deployment/2.2.0.Final/quarkus-resteasy-deployment-2.2.0.Final.pom (3.9 kB at 37 kB/s)
Downloading from central: https://repo.maven.apache.org/maven2/io/quarkus/quarkus-resteasy-server-common-deployment/2.2.0.Final/quarkus-resteasy-server-common-deployment-2.2.0.Final.pom
Progress (1): quarkus-resteasy-server-common-deployment-2.2.0.Final.pom (2.2 kB)                                                                                Downloaded from central: https://repo.maven.apache.org/maven2/io/quarkus/quarkus-resteasy-server-common-deployment/2.2.0.Final/quarkus-resteasy-server-common-deployment-2.2.0.Final.pom (2.2 kB at 9.5 kB/s)
Downloading from central: https://repo.maven.apache.org/maven2/io/quarkus/quarkus-resteasy-common-deployment/2.2.0.Final/quarkus-resteasy-common-deployment-2.2.0.Final.pom
Progress (1): quarkus-resteasy-common-deployment-2.2.0.Final.pom (1.8 kB)                                                                         Downloaded from central: https://repo.maven.apache.org/maven2/io/quarkus/quarkus-resteasy-common-deployment/2.2.0.Final/quarkus-resteasy-common-deployment-2.2.0.Final.pom (1.8 kB at 9.2 kB/s)
Downloading from central: https://repo.maven.apache.org/maven2/io/quarkus/quarkus-resteasy-common-spi/2.2.0.Final/quarkus-resteasy-common-spi-2.2.0.Final.pom
Progress (1): quarkus-resteasy-common-spi-2.2.0.Final.pom (776 B)                                                                 Downloaded from central: https://repo.maven.apache.org/maven2/io/quarkus/quarkus-resteasy-common-spi/2.2.0.Final/quarkus-resteasy-common-spi-2.2.0.Final.pom (776 B at 3.1 kB/s)
Downloading from central: https://repo.maven.apache.org/maven2/io/quarkus/quarkus-resteasy-server-common-spi/2.2.0.Final/quarkus-resteasy-server-common-spi-2.2.0.Final.pom
Progress (1): quarkus-resteasy-server-common-spi-2.2.0.Final.pom (889 B)                                                                        Downloaded from central: https://repo.maven.apache.org/maven2/io/quarkus/quarkus-resteasy-server-common-spi/2.2.0.Final/quarkus-resteasy-server-common-spi-2.2.0.Final.pom (889 B at 9.0 kB/s)
Downloading from central: https://repo.maven.apache.org/maven2/io/quarkus/quarkus-undertow-spi/2.2.0.Final/quarkus-undertow-spi-2.2.0.Final.pom
Progress (1): quarkus-undertow-spi-2.2.0.Final.pom (2.0 kB)                                                           Downloaded from central: https://repo.maven.apache.org/maven2/io/quarkus/quarkus-undertow-spi/2.2.0.Final/quarkus-undertow-spi-2.2.0.Final.pom (2.0 kB at 10 kB/s)
Downloading from central: https://repo.maven.apache.org/maven2/io/quarkus/quarkus-http-parent/2.2.0.Final/quarkus-http-parent-2.2.0.Final.pom
Progress (1): quarkus-http-parent-2.2.0.Final.pom (769 B)                                                         Downloaded from central: https://repo.maven.apache.org/maven2/io/quarkus/quarkus-http-parent/2.2.0.Final/quarkus-http-parent-2.2.0.Final.pom (769 B at 7.5 kB/s)
Downloading from central: https://repo.maven.apache.org/maven2/io/quarkus/quarkus-vertx-http-deployment/2.2.0.Final/quarkus-vertx-http-deployment-2.2.0.Final.pom
Progress (1): quarkus-vertx-http-deployment-2.2.0.Final.pom (2.7/10 kB)Progress (1): quarkus-vertx-http-deployment-2.2.0.Final.pom (5.5/10 kB)Progress (1): quarkus-vertx-http-deployment-2.2.0.Final.pom (8.2/10 kB)Progress (1): quarkus-vertx-http-deployment-2.2.0.Final.pom (10 kB)                                                                       Downloaded from central: https://repo.maven.apache.org/maven2/io/quarkus/quarkus-vertx-http-deployment/2.2.0.Final/quarkus-vertx-http-deployment-2.2.0.Final.pom (10 kB at 52 kB/s)
Downloading from central: https://repo.maven.apache.org/maven2/io/quarkus/quarkus-kubernetes-spi/2.2.0.Final/quarkus-kubernetes-spi-2.2.0.Final.pom
Progress (1): quarkus-kubernetes-spi-2.2.0.Final.pom (1.2 kB)                                                             Downloaded from central: https://repo.maven.apache.org/maven2/io/quarkus/quarkus-kubernetes-spi/2.2.0.Final/quarkus-kubernetes-spi-2.2.0.Final.pom (1.2 kB at 6.1 kB/s)
Downloading from central: https://repo.maven.apache.org/maven2/io/quarkus/quarkus-kubernetes-parent/2.2.0.Final/quarkus-kubernetes-parent-2.2.0.Final.pom
Progress (1): quarkus-kubernetes-parent-2.2.0.Final.pom (809 B)                                                               Downloaded from central: https://repo.maven.apache.org/maven2/io/quarkus/quarkus-kubernetes-parent/2.2.0.Final/quarkus-kubernetes-parent-2.2.0.Final.pom (809 B at 7.0 kB/s)
Downloading from central: https://repo.maven.apache.org/maven2/io/quarkus/qute/qute-core/2.2.0.Final/qute-core-2.2.0.Final.pom
Progress (1): qute-core-2.2.0.Final.pom (1.0 kB)                                                Downloaded from central: https://repo.maven.apache.org/maven2/io/quarkus/qute/qute-core/2.2.0.Final/qute-core-2.2.0.Final.pom (1.0 kB at 5.2 kB/s)
Downloading from central: https://repo.maven.apache.org/maven2/io/quarkus/qute/qute-parent/2.2.0.Final/qute-parent-2.2.0.Final.pom
Progress (1): qute-parent-2.2.0.Final.pom (2.7/22 kB)Progress (1): qute-parent-2.2.0.Final.pom (5.5/22 kB)Progress (1): qute-parent-2.2.0.Final.pom (8.2/22 kB)Progress (1): qute-parent-2.2.0.Final.pom (11/22 kB) Progress (1): qute-parent-2.2.0.Final.pom (14/22 kB)Progress (1): qute-parent-2.2.0.Final.pom (16/22 kB)Progress (1): qute-parent-2.2.0.Final.pom (19/22 kB)Progress (1): qute-parent-2.2.0.Final.pom (21/22 kB)Progress (1): qute-parent-2.2.0.Final.pom (22 kB)                                                    Downloaded from central: https://repo.maven.apache.org/maven2/io/quarkus/qute/qute-parent/2.2.0.Final/qute-parent-2.2.0.Final.pom (22 kB at 106 kB/s)
Downloading from central: https://repo.maven.apache.org/maven2/io/quarkus/quarkus-security-spi/2.2.0.Final/quarkus-security-spi-2.2.0.Final.pom
Progress (1): quarkus-security-spi-2.2.0.Final.pom (1.5 kB)                                                           Downloaded from central: https://repo.maven.apache.org/maven2/io/quarkus/quarkus-security-spi/2.2.0.Final/quarkus-security-spi-2.2.0.Final.pom (1.5 kB at 7.1 kB/s)
Downloading from central: https://repo.maven.apache.org/maven2/io/quarkus/quarkus-jsonb-deployment/2.2.0.Final/quarkus-jsonb-deployment-2.2.0.Final.pom
Progress (1): quarkus-jsonb-deployment-2.2.0.Final.pom (2.1 kB)                                                               Downloaded from central: https://repo.maven.apache.org/maven2/io/quarkus/quarkus-jsonb-deployment/2.2.0.Final/quarkus-jsonb-deployment-2.2.0.Final.pom (2.1 kB at 7.3 kB/s)
Downloading from central: https://repo.maven.apache.org/maven2/io/quarkus/quarkus-jsonb-spi/2.2.0.Final/quarkus-jsonb-spi-2.2.0.Final.pom
Progress (1): quarkus-jsonb-spi-2.2.0.Final.pom (828 B)                                                       Downloaded from central: https://repo.maven.apache.org/maven2/io/quarkus/quarkus-jsonb-spi/2.2.0.Final/quarkus-jsonb-spi-2.2.0.Final.pom (828 B at 3.1 kB/s)
Downloading from central: https://repo.maven.apache.org/maven2/io/quarkus/quarkus-resteasy-common-spi/2.2.0.Final/quarkus-resteasy-common-spi-2.2.0.Final.jar
Downloading from central: https://repo.maven.apache.org/maven2/io/quarkus/quarkus-resteasy-common-deployment/2.2.0.Final/quarkus-resteasy-common-deployment-2.2.0.Final.jar
Downloading from central: https://repo.maven.apache.org/maven2/io/quarkus/quarkus-resteasy-server-common-spi/2.2.0.Final/quarkus-resteasy-server-common-spi-2.2.0.Final.jar
Downloading from central: https://repo.maven.apache.org/maven2/io/quarkus/quarkus-undertow-spi/2.2.0.Final/quarkus-undertow-spi-2.2.0.Final.jar
Downloading from central: https://repo.maven.apache.org/maven2/io/quarkus/quarkus-resteasy-server-common-deployment/2.2.0.Final/quarkus-resteasy-server-common-deployment-2.2.0.Final.jar
Progress (1): quarkus-undertow-spi-2.2.0.Final.jar (2.7/23 kB)Progress (2): quarkus-undertow-spi-2.2.0.Final.jar (2.7/23 kB) | quarkus-resteasy-common-deployment-2.2.0.Final.jar (2.7/21 kB)Progress (2): quarkus-undertow-spi-2.2.0.Final.jar (5.5/23 kB) | quarkus-resteasy-common-deployment-2.2.0.Final.jar (2.7/21 kB)Progress (2): quarkus-undertow-spi-2.2.0.Final.jar (5.5/23 kB) | quarkus-resteasy-common-deployment-2.2.0.Final.jar (5.5/21 kB)Progress (2): quarkus-undertow-spi-2.2.0.Final.jar (8.2/23 kB) | quarkus-resteasy-common-deployment-2.2.0.Final.jar (5.5/21 kB)Progress (3): quarkus-undertow-spi-2.2.0.Final.jar (8.2/23 kB) | quarkus-resteasy-common-deployment-2.2.0.Final.jar (5.5/21 kB) | quarkus-resteasy-common-spi-2.2.0.Final.jar (4.1/9.1 kB)Progress (3): quarkus-undertow-spi-2.2.0.Final.jar (11/23 kB) | quarkus-resteasy-common-deployment-2.2.0.Final.jar (5.5/21 kB) | quarkus-resteasy-common-spi-2.2.0.Final.jar (4.1/9.1 kB) Progress (3): quarkus-undertow-spi-2.2.0.Final.jar (11/23 kB) | quarkus-resteasy-common-deployment-2.2.0.Final.jar (8.2/21 kB) | quarkus-resteasy-common-spi-2.2.0.Final.jar (4.1/9.1 kB)Progress (3): quarkus-undertow-spi-2.2.0.Final.jar (11/23 kB) | quarkus-resteasy-common-deployment-2.2.0.Final.jar (8.2/21 kB) | quarkus-resteasy-common-spi-2.2.0.Final.jar (8.2/9.1 kB)Progress (4): quarkus-undertow-spi-2.2.0.Final.jar (11/23 kB) | quarkus-resteasy-common-deployment-2.2.0.Final.jar (8.2/21 kB) | quarkus-resteasy-common-spi-2.2.0.Final.jar (8.2/9.1 kB) | quarkus-resteasy-server-common-spi-2.2.0.Final.jar (2.7/6.3 kB)Progress (5): quarkus-undertow-spi-2.2.0.Final.jar (11/23 kB) | quarkus-resteasy-common-deployment-2.2.0.Final.jar (8.2/21 kB) | quarkus-resteasy-common-spi-2.2.0.Final.jar (8.2/9.1 kB) | quarkus-resteasy-server-common-spi-2.2.0.Final.jar (2.7/6.3 kB) | quarkus-resteasy-server-common-deployment-2.2.0.Final.jar (2.7/32 kB)Progress (5): quarkus-undertow-spi-2.2.0.Final.jar (11/23 kB) | quarkus-resteasy-common-deployment-2.2.0.Final.jar (8.2/21 kB) | quarkus-resteasy-common-spi-2.2.0.Final.jar (9.1 kB) | quarkus-resteasy-server-common-spi-2.2.0.Final.jar (2.7/6.3 kB) | quarkus-resteasy-server-common-deployment-2.2.0.Final.jar (2.7/32 kB)    Progress (5): quarkus-undertow-spi-2.2.0.Final.jar (11/23 kB) | quarkus-resteasy-common-deployment-2.2.0.Final.jar (8.2/21 kB) | quarkus-resteasy-common-spi-2.2.0.Final.jar (9.1 kB) | quarkus-resteasy-server-common-spi-2.2.0.Final.jar (5.5/6.3 kB) | quarkus-resteasy-server-common-deployment-2.2.0.Final.jar (2.7/32 kB)Progress (5): quarkus-undertow-spi-2.2.0.Final.jar (11/23 kB) | quarkus-resteasy-common-deployment-2.2.0.Final.jar (11/21 kB) | quarkus-resteasy-common-spi-2.2.0.Final.jar (9.1 kB) | quarkus-resteasy-server-common-spi-2.2.0.Final.jar (5.5/6.3 kB) | quarkus-resteasy-server-common-deployment-2.2.0.Final.jar (2.7/32 kB) Progress (5): quarkus-undertow-spi-2.2.0.Final.jar (14/23 kB) | quarkus-resteasy-common-deployment-2.2.0.Final.jar (11/21 kB) | quarkus-resteasy-common-spi-2.2.0.Final.jar (9.1 kB) | quarkus-resteasy-server-common-spi-2.2.0.Final.jar (5.5/6.3 kB) | quarkus-resteasy-server-common-deployment-2.2.0.Final.jar (2.7/32 kB)Progress (5): quarkus-undertow-spi-2.2.0.Final.jar (14/23 kB) | quarkus-resteasy-common-deployment-2.2.0.Final.jar (11/21 kB) | quarkus-resteasy-common-spi-2.2.0.Final.jar (9.1 kB) | quarkus-resteasy-server-common-spi-2.2.0.Final.jar (6.3 kB) | quarkus-resteasy-server-common-deployment-2.2.0.Final.jar (2.7/32 kB)    Progress (5): quarkus-undertow-spi-2.2.0.Final.jar (14/23 kB) | quarkus-resteasy-common-deployment-2.2.0.Final.jar (11/21 kB) | quarkus-resteasy-common-spi-2.2.0.Final.jar (9.1 kB) | quarkus-resteasy-server-common-spi-2.2.0.Final.jar (6.3 kB) | quarkus-resteasy-server-common-deployment-2.2.0.Final.jar (5.5/32 kB)Progress (5): quarkus-undertow-spi-2.2.0.Final.jar (16/23 kB) | quarkus-resteasy-common-deployment-2.2.0.Final.jar (11/21 kB) | quarkus-resteasy-common-spi-2.2.0.Final.jar (9.1 kB) | quarkus-resteasy-server-common-spi-2.2.0.Final.jar (6.3 kB) | quarkus-resteasy-server-common-deployment-2.2.0.Final.jar (5.5/32 kB)Progress (5): quarkus-undertow-spi-2.2.0.Final.jar (16/23 kB) | quarkus-resteasy-common-deployment-2.2.0.Final.jar (14/21 kB) | quarkus-resteasy-common-spi-2.2.0.Final.jar (9.1 kB) | quarkus-resteasy-server-common-spi-2.2.0.Final.jar (6.3 kB) | quarkus-resteasy-server-common-deployment-2.2.0.Final.jar (5.5/32 kB)LogManager error of type WRITE_FAILURE: The delayed handler's queue was overrun and log record(s) were lost. Did you forget to configure logging?
                                                                                                                                                                                                                                                                                                                          Downloaded from central: https://repo.maven.apache.org/maven2/io/quarkus/quarkus-resteasy-common-spi/2.2.0.Final/quarkus-resteasy-common-spi-2.2.0.Final.jar (9.1 kB at 63 kB/s)
Progress (4): quarkus-undertow-spi-2.2.0.Final.jar (16/23 kB) | quarkus-resteasy-common-deployment-2.2.0.Final.jar (14/21 kB) | quarkus-resteasy-server-common-spi-2.2.0.Final.jar (6.3 kB) | quarkus-resteasy-server-common-deployment-2.2.0.Final.jar (8.2/32 kB)Progress (4): quarkus-undertow-spi-2.2.0.Final.jar (16/23 kB) | quarkus-resteasy-common-deployment-2.2.0.Final.jar (16/21 kB) | quarkus-resteasy-server-common-spi-2.2.0.Final.jar (6.3 kB) | quarkus-resteasy-server-common-deployment-2.2.0.Final.jar (8.2/32 kB)Progress (4): quarkus-undertow-spi-2.2.0.Final.jar (19/23 kB) | quarkus-resteasy-common-deployment-2.2.0.Final.jar (16/21 kB) | quarkus-resteasy-server-common-spi-2.2.0.Final.jar (6.3 kB) | quarkus-resteasy-server-common-deployment-2.2.0.Final.jar (8.2/32 kB)                                                                                                                                                                                                                                                                   Downloaded from central: https://repo.maven.apache.org/maven2/io/quarkus/quarkus-resteasy-server-common-spi/2.2.0.Final/quarkus-resteasy-server-common-spi-2.2.0.Final.jar (6.3 kB at 43 kB/s)
Downloading from central: https://repo.maven.apache.org/maven2/io/quarkus/quarkus-kubernetes-spi/2.2.0.Final/quarkus-kubernetes-spi-2.2.0.Final.jar
Downloading from central: https://repo.maven.apache.org/maven2/io/quarkus/qute/qute-core/2.2.0.Final/qute-core-2.2.0.Final.jar
Progress (3): quarkus-undertow-spi-2.2.0.Final.jar (19/23 kB) | quarkus-resteasy-common-deployment-2.2.0.Final.jar (16/21 kB) | quarkus-resteasy-server-common-deployment-2.2.0.Final.jar (11/32 kB)Progress (3): quarkus-undertow-spi-2.2.0.Final.jar (19/23 kB) | quarkus-resteasy-common-deployment-2.2.0.Final.jar (19/21 kB) | quarkus-resteasy-server-common-deployment-2.2.0.Final.jar (11/32 kB)Progress (3): quarkus-undertow-spi-2.2.0.Final.jar (22/23 kB) | quarkus-resteasy-common-deployment-2.2.0.Final.jar (19/21 kB) | quarkus-resteasy-server-common-deployment-2.2.0.Final.jar (11/32 kB)Progress (3): quarkus-undertow-spi-2.2.0.Final.jar (22/23 kB) | quarkus-resteasy-common-deployment-2.2.0.Final.jar (19/21 kB) | quarkus-resteasy-server-common-deployment-2.2.0.Final.jar (14/32 kB)Progress (3): quarkus-undertow-spi-2.2.0.Final.jar (22/23 kB) | quarkus-resteasy-common-deployment-2.2.0.Final.jar (21 kB) | quarkus-resteasy-server-common-deployment-2.2.0.Final.jar (14/32 kB)   Progress (3): quarkus-undertow-spi-2.2.0.Final.jar (23 kB) | quarkus-resteasy-common-deployment-2.2.0.Final.jar (21 kB) | quarkus-resteasy-server-common-deployment-2.2.0.Final.jar (14/32 kB)   Progress (3): quarkus-undertow-spi-2.2.0.Final.jar (23 kB) | quarkus-resteasy-common-deployment-2.2.0.Final.jar (21 kB) | quarkus-resteasy-server-common-deployment-2.2.0.Final.jar (16/32 kB)Progress (3): quarkus-undertow-spi-2.2.0.Final.jar (23 kB) | quarkus-resteasy-common-deployment-2.2.0.Final.jar (21 kB) | quarkus-resteasy-server-common-deployment-2.2.0.Final.jar (19/32 kB)Progress (3): quarkus-undertow-spi-2.2.0.Final.jar (23 kB) | quarkus-resteasy-common-deployment-2.2.0.Final.jar (21 kB) | quarkus-resteasy-server-common-deployment-2.2.0.Final.jar (22/32 kB)Progress (3): quarkus-undertow-spi-2.2.0.Final.jar (23 kB) | quarkus-resteasy-common-deployment-2.2.0.Final.jar (21 kB) | quarkus-resteasy-server-common-deployment-2.2.0.Final.jar (25/32 kB)                                                                                                                                                                                              Downloaded from central: https://repo.maven.apache.org/maven2/io/quarkus/quarkus-undertow-spi/2.2.0.Final/quarkus-undertow-spi-2.2.0.Final.jar (23 kB at 149 kB/s)
Downloading from central: https://repo.maven.apache.org/maven2/io/quarkus/quarkus-vertx-http-deployment/2.2.0.Final/quarkus-vertx-http-deployment-2.2.0.Final.jar
Downloaded from central: https://repo.maven.apache.org/maven2/io/quarkus/quarkus-resteasy-common-deployment/2.2.0.Final/quarkus-resteasy-common-deployment-2.2.0.Final.jar (21 kB at 132 kB/s)
Progress (1): quarkus-resteasy-server-common-deployment-2.2.0.Final.jar (27/32 kB)                                                                                  Downloading from central: https://repo.maven.apache.org/maven2/io/quarkus/quarkus-security-spi/2.2.0.Final/quarkus-security-spi-2.2.0.Final.jar
Progress (1): quarkus-resteasy-server-common-deployment-2.2.0.Final.jar (30/32 kB)Progress (1): quarkus-resteasy-server-common-deployment-2.2.0.Final.jar (32 kB)                                                                                  Downloaded from central: https://repo.maven.apache.org/maven2/io/quarkus/quarkus-resteasy-server-common-deployment/2.2.0.Final/quarkus-resteasy-server-common-deployment-2.2.0.Final.jar (32 kB at 193 kB/s)
Downloading from central: https://repo.maven.apache.org/maven2/io/quarkus/quarkus-resteasy-deployment/2.2.0.Final/quarkus-resteasy-deployment-2.2.0.Final.jar
Progress (1): quarkus-kubernetes-spi-2.2.0.Final.jar (4.1/20 kB)Progress (1): quarkus-kubernetes-spi-2.2.0.Final.jar (8.2/20 kB)Progress (1): quarkus-kubernetes-spi-2.2.0.Final.jar (12/20 kB) Progress (1): quarkus-kubernetes-spi-2.2.0.Final.jar (16/20 kB)Progress (1): quarkus-kubernetes-spi-2.2.0.Final.jar (20 kB)                                                               Downloaded from central: https://repo.maven.apache.org/maven2/io/quarkus/quarkus-kubernetes-spi/2.2.0.Final/quarkus-kubernetes-spi-2.2.0.Final.jar (20 kB at 79 kB/s)
Downloading from central: https://repo.maven.apache.org/maven2/io/quarkus/quarkus-jsonb-spi/2.2.0.Final/quarkus-jsonb-spi-2.2.0.Final.jar
Progress (1): quarkus-security-spi-2.2.0.Final.jar (2.7/4.7 kB)Progress (1): quarkus-security-spi-2.2.0.Final.jar (4.7 kB)    Progress (2): quarkus-security-spi-2.2.0.Final.jar (4.7 kB) | qute-core-2.2.0.Final.jar (2.7/230 kB)Progress (2): quarkus-security-spi-2.2.0.Final.jar (4.7 kB) | qute-core-2.2.0.Final.jar (5.5/230 kB)Progress (2): quarkus-security-spi-2.2.0.Final.jar (4.7 kB) | qute-core-2.2.0.Final.jar (8.2/230 kB)Progress (3): quarkus-security-spi-2.2.0.Final.jar (4.7 kB) | qute-core-2.2.0.Final.jar (8.2/230 kB) | quarkus-resteasy-deployment-2.2.0.Final.jar (2.7/22 kB)Progress (3): quarkus-security-spi-2.2.0.Final.jar (4.7 kB) | qute-core-2.2.0.Final.jar (11/230 kB) | quarkus-resteasy-deployment-2.2.0.Final.jar (2.7/22 kB) Progress (3): quarkus-security-spi-2.2.0.Final.jar (4.7 kB) | qute-core-2.2.0.Final.jar (11/230 kB) | quarkus-resteasy-deployment-2.2.0.Final.jar (5.5/22 kB)                                                                                                                                                             Downloaded from central: https://repo.maven.apache.org/maven2/io/quarkus/quarkus-security-spi/2.2.0.Final/quarkus-security-spi-2.2.0.Final.jar (4.7 kB at 17 kB/s)
Downloading from central: https://repo.maven.apache.org/maven2/io/quarkus/quarkus-jsonb-deployment/2.2.0.Final/quarkus-jsonb-deployment-2.2.0.Final.jar
Progress (2): qute-core-2.2.0.Final.jar (14/230 kB) | quarkus-resteasy-deployment-2.2.0.Final.jar (5.5/22 kB)Progress (2): qute-core-2.2.0.Final.jar (14/230 kB) | quarkus-resteasy-deployment-2.2.0.Final.jar (8.2/22 kB)Progress (2): qute-core-2.2.0.Final.jar (16/230 kB) | quarkus-resteasy-deployment-2.2.0.Final.jar (8.2/22 kB)Progress (2): qute-core-2.2.0.Final.jar (16/230 kB) | quarkus-resteasy-deployment-2.2.0.Final.jar (11/22 kB) Progress (2): qute-core-2.2.0.Final.jar (16/230 kB) | quarkus-resteasy-deployment-2.2.0.Final.jar (14/22 kB)Progress (2): qute-core-2.2.0.Final.jar (20/230 kB) | quarkus-resteasy-deployment-2.2.0.Final.jar (14/22 kB)Progress (2): qute-core-2.2.0.Final.jar (20/230 kB) | quarkus-resteasy-deployment-2.2.0.Final.jar (16/22 kB)Progress (2): qute-core-2.2.0.Final.jar (24/230 kB) | quarkus-resteasy-deployment-2.2.0.Final.jar (16/22 kB)Progress (2): qute-core-2.2.0.Final.jar (24/230 kB) | quarkus-resteasy-deployment-2.2.0.Final.jar (19/22 kB)Progress (2): qute-core-2.2.0.Final.jar (28/230 kB) | quarkus-resteasy-deployment-2.2.0.Final.jar (19/22 kB)Progress (2): qute-core-2.2.0.Final.jar (28/230 kB) | quarkus-resteasy-deployment-2.2.0.Final.jar (21/22 kB)Progress (2): qute-core-2.2.0.Final.jar (32/230 kB) | quarkus-resteasy-deployment-2.2.0.Final.jar (21/22 kB)Progress (2): qute-core-2.2.0.Final.jar (32/230 kB) | quarkus-resteasy-deployment-2.2.0.Final.jar (22 kB)   Progress (2): qute-core-2.2.0.Final.jar (36/230 kB) | quarkus-resteasy-deployment-2.2.0.Final.jar (22 kB)Progress (2): qute-core-2.2.0.Final.jar (40/230 kB) | quarkus-resteasy-deployment-2.2.0.Final.jar (22 kB)Progress (2): qute-core-2.2.0.Final.jar (45/230 kB) | quarkus-resteasy-deployment-2.2.0.Final.jar (22 kB)Progress (2): qute-core-2.2.0.Final.jar (49/230 kB) | quarkus-resteasy-deployment-2.2.0.Final.jar (22 kB)                                                                                                         Downloaded from central: https://repo.maven.apache.org/maven2/io/quarkus/quarkus-resteasy-deployment/2.2.0.Final/quarkus-resteasy-deployment-2.2.0.Final.jar (22 kB at 77 kB/s)
Downloading from central: https://repo.maven.apache.org/maven2/io/quarkus/quarkus-resteasy-jsonb-deployment/2.2.0.Final/quarkus-resteasy-jsonb-deployment-2.2.0.Final.jar
Progress (1): qute-core-2.2.0.Final.jar (53/230 kB)Progress (1): qute-core-2.2.0.Final.jar (57/230 kB)Progress (1): qute-core-2.2.0.Final.jar (61/230 kB)Progress (1): qute-core-2.2.0.Final.jar (65/230 kB)Progress (1): qute-core-2.2.0.Final.jar (69/230 kB)Progress (1): qute-core-2.2.0.Final.jar (73/230 kB)Progress (1): qute-core-2.2.0.Final.jar (77/230 kB)Progress (1): qute-core-2.2.0.Final.jar (81/230 kB)Progress (1): qute-core-2.2.0.Final.jar (85/230 kB)Progress (1): qute-core-2.2.0.Final.jar (90/230 kB)Progress (1): qute-core-2.2.0.Final.jar (94/230 kB)Progress (1): qute-core-2.2.0.Final.jar (98/230 kB)Progress (1): qute-core-2.2.0.Final.jar (102/230 kB)Progress (1): qute-core-2.2.0.Final.jar (106/230 kB)Progress (1): qute-core-2.2.0.Final.jar (110/230 kB)Progress (1): qute-core-2.2.0.Final.jar (114/230 kB)Progress (1): qute-core-2.2.0.Final.jar (118/230 kB)Progress (1): qute-core-2.2.0.Final.jar (122/230 kB)Progress (1): qute-core-2.2.0.Final.jar (126/230 kB)Progress (1): qute-core-2.2.0.Final.jar (131/230 kB)Progress (1): qute-core-2.2.0.Final.jar (135/230 kB)Progress (1): qute-core-2.2.0.Final.jar (139/230 kB)Progress (1): qute-core-2.2.0.Final.jar (143/230 kB)Progress (1): qute-core-2.2.0.Final.jar (147/230 kB)Progress (1): qute-core-2.2.0.Final.jar (151/230 kB)Progress (1): qute-core-2.2.0.Final.jar (155/230 kB)Progress (1): qute-core-2.2.0.Final.jar (159/230 kB)Progress (1): qute-core-2.2.0.Final.jar (163/230 kB)Progress (1): qute-core-2.2.0.Final.jar (167/230 kB)Progress (1): qute-core-2.2.0.Final.jar (171/230 kB)Progress (1): qute-core-2.2.0.Final.jar (176/230 kB)Progress (1): qute-core-2.2.0.Final.jar (180/230 kB)Progress (1): qute-core-2.2.0.Final.jar (184/230 kB)Progress (1): qute-core-2.2.0.Final.jar (188/230 kB)Progress (1): qute-core-2.2.0.Final.jar (192/230 kB)Progress (1): qute-core-2.2.0.Final.jar (196/230 kB)Progress (1): qute-core-2.2.0.Final.jar (200/230 kB)Progress (1): qute-core-2.2.0.Final.jar (204/230 kB)Progress (1): qute-core-2.2.0.Final.jar (208/230 kB)Progress (1): qute-core-2.2.0.Final.jar (212/230 kB)Progress (1): qute-core-2.2.0.Final.jar (217/230 kB)Progress (1): qute-core-2.2.0.Final.jar (221/230 kB)Progress (1): qute-core-2.2.0.Final.jar (225/230 kB)Progress (1): qute-core-2.2.0.Final.jar (229/230 kB)Progress (1): qute-core-2.2.0.Final.jar (230 kB)                                                    Downloaded from central: https://repo.maven.apache.org/maven2/io/quarkus/qute/qute-core/2.2.0.Final/qute-core-2.2.0.Final.jar (230 kB at 733 kB/s)
Progress (1): quarkus-jsonb-deployment-2.2.0.Final.jar (2.7/8.3 kB)Progress (1): quarkus-jsonb-deployment-2.2.0.Final.jar (5.5/8.3 kB)Progress (1): quarkus-jsonb-deployment-2.2.0.Final.jar (8.2/8.3 kB)Progress (1): quarkus-jsonb-deployment-2.2.0.Final.jar (8.3 kB)                                                                   Downloaded from central: https://repo.maven.apache.org/maven2/io/quarkus/quarkus-jsonb-deployment/2.2.0.Final/quarkus-jsonb-deployment-2.2.0.Final.jar (8.3 kB at 22 kB/s)
Progress (1): quarkus-resteasy-jsonb-deployment-2.2.0.Final.jar (2.7/4.6 kB)Progress (1): quarkus-resteasy-jsonb-deployment-2.2.0.Final.jar (4.6 kB)    Progress (2): quarkus-resteasy-jsonb-deployment-2.2.0.Final.jar (4.6 kB) | quarkus-jsonb-spi-2.2.0.Final.jar (3.9 kB)                                                                                                                     Downloaded from central: https://repo.maven.apache.org/maven2/io/quarkus/quarkus-resteasy-jsonb-deployment/2.2.0.Final/quarkus-resteasy-jsonb-deployment-2.2.0.Final.jar (4.6 kB at 11 kB/s)
Downloaded from central: https://repo.maven.apache.org/maven2/io/quarkus/quarkus-jsonb-spi/2.2.0.Final/quarkus-jsonb-spi-2.2.0.Final.jar (3.9 kB at 9.3 kB/s)
Progress (1): quarkus-vertx-http-deployment-2.2.0.Final.jar (0/1.8 MB)Progress (1): quarkus-vertx-http-deployment-2.2.0.Final.jar (0/1.8 MB)Progress (1): quarkus-vertx-http-deployment-2.2.0.Final.jar (0/1.8 MB)Progress (1): quarkus-vertx-http-deployment-2.2.0.Final.jar (0/1.8 MB)Progress (1): quarkus-vertx-http-deployment-2.2.0.Final.jar (0/1.8 MB)Progress (1): quarkus-vertx-http-deployment-2.2.0.Final.jar (0.1/1.8 MB)Progress (1): quarkus-vertx-http-deployment-2.2.0.Final.jar (0.1/1.8 MB)Progress (1): quarkus-vertx-http-deployment-2.2.0.Final.jar (0.1/1.8 MB)Progress (1): quarkus-vertx-http-deployment-2.2.0.Final.jar (0.1/1.8 MB)Progress (1): quarkus-vertx-http-deployment-2.2.0.Final.jar (0.1/1.8 MB)Progress (1): quarkus-vertx-http-deployment-2.2.0.Final.jar (0.1/1.8 MB)Progress (1): quarkus-vertx-http-deployment-2.2.0.Final.jar (0.1/1.8 MB)Progress (1): quarkus-vertx-http-deployment-2.2.0.Final.jar (0.1/1.8 MB)Progress (1): quarkus-vertx-http-deployment-2.2.0.Final.jar (0.1/1.8 MB)Progress (1): quarkus-vertx-http-deployment-2.2.0.Final.jar (0.1/1.8 MB)Progress (1): quarkus-vertx-http-deployment-2.2.0.Final.jar (0.1/1.8 MB)Progress (1): quarkus-vertx-http-deployment-2.2.0.Final.jar (0.1/1.8 MB)Progress (1): quarkus-vertx-http-deployment-2.2.0.Final.jar (0.2/1.8 MB)Progress (1): quarkus-vertx-http-deployment-2.2.0.Final.jar (0.2/1.8 MB)Progress (1): quarkus-vertx-http-deployment-2.2.0.Final.jar (0.2/1.8 MB)Progress (1): quarkus-vertx-http-deployment-2.2.0.Final.jar (0.2/1.8 MB)Progress (1): quarkus-vertx-http-deployment-2.2.0.Final.jar (0.2/1.8 MB)Progress (1): quarkus-vertx-http-deployment-2.2.0.Final.jar (0.2/1.8 MB)Progress (1): quarkus-vertx-http-deployment-2.2.0.Final.jar (0.2/1.8 MB)Progress (1): quarkus-vertx-http-deployment-2.2.0.Final.jar (0.2/1.8 MB)Progress (1): quarkus-vertx-http-deployment-2.2.0.Final.jar (0.2/1.8 MB)Progress (1): quarkus-vertx-http-deployment-2.2.0.Final.jar (0.2/1.8 MB)Progress (1): quarkus-vertx-http-deployment-2.2.0.Final.jar (0.2/1.8 MB)Progress (1): quarkus-vertx-http-deployment-2.2.0.Final.jar (0.2/1.8 MB)Progress (1): quarkus-vertx-http-deployment-2.2.0.Final.jar (0.3/1.8 MB)Progress (1): quarkus-vertx-http-deployment-2.2.0.Final.jar (0.3/1.8 MB)Progress (1): quarkus-vertx-http-deployment-2.2.0.Final.jar (0.3/1.8 MB)Progress (1): quarkus-vertx-http-deployment-2.2.0.Final.jar (0.3/1.8 MB)Progress (1): quarkus-vertx-http-deployment-2.2.0.Final.jar (0.3/1.8 MB)Progress (1): quarkus-vertx-http-deployment-2.2.0.Final.jar (0.3/1.8 MB)Progress (1): quarkus-vertx-http-deployment-2.2.0.Final.jar (0.3/1.8 MB)Progress (1): quarkus-vertx-http-deployment-2.2.0.Final.jar (0.3/1.8 MB)Progress (1): quarkus-vertx-http-deployment-2.2.0.Final.jar (0.3/1.8 MB)Progress (1): quarkus-vertx-http-deployment-2.2.0.Final.jar (0.3/1.8 MB)Progress (1): quarkus-vertx-http-deployment-2.2.0.Final.jar (0.3/1.8 MB)Progress (1): quarkus-vertx-http-deployment-2.2.0.Final.jar (0.3/1.8 MB)Progress (1): quarkus-vertx-http-deployment-2.2.0.Final.jar (0.4/1.8 MB)Progress (1): quarkus-vertx-http-deployment-2.2.0.Final.jar (0.4/1.8 MB)Progress (1): quarkus-vertx-http-deployment-2.2.0.Final.jar (0.4/1.8 MB)Progress (1): quarkus-vertx-http-deployment-2.2.0.Final.jar (0.4/1.8 MB)Progress (1): quarkus-vertx-http-deployment-2.2.0.Final.jar (0.4/1.8 MB)Progress (1): quarkus-vertx-http-deployment-2.2.0.Final.jar (0.4/1.8 MB)Progress (1): quarkus-vertx-http-deployment-2.2.0.Final.jar (0.4/1.8 MB)Progress (1): quarkus-vertx-http-deployment-2.2.0.Final.jar (0.4/1.8 MB)Progress (1): quarkus-vertx-http-deployment-2.2.0.Final.jar (0.4/1.8 MB)Progress (1): quarkus-vertx-http-deployment-2.2.0.Final.jar (0.4/1.8 MB)Progress (1): quarkus-vertx-http-deployment-2.2.0.Final.jar (0.4/1.8 MB)Progress (1): quarkus-vertx-http-deployment-2.2.0.Final.jar (0.4/1.8 MB)Progress (1): quarkus-vertx-http-deployment-2.2.0.Final.jar (0.5/1.8 MB)Progress (1): quarkus-vertx-http-deployment-2.2.0.Final.jar (0.5/1.8 MB)Progress (1): quarkus-vertx-http-deployment-2.2.0.Final.jar (0.5/1.8 MB)Progress (1): quarkus-vertx-http-deployment-2.2.0.Final.jar (0.5/1.8 MB)Progress (1): quarkus-vertx-http-deployment-2.2.0.Final.jar (0.5/1.8 MB)Progress (1): quarkus-vertx-http-deployment-2.2.0.Final.jar (0.5/1.8 MB)Progress (1): quarkus-vertx-http-deployment-2.2.0.Final.jar (0.5/1.8 MB)Progress (1): quarkus-vertx-http-deployment-2.2.0.Final.jar (0.5/1.8 MB)Progress (1): quarkus-vertx-http-deployment-2.2.0.Final.jar (0.5/1.8 MB)Progress (1): quarkus-vertx-http-deployment-2.2.0.Final.jar (0.5/1.8 MB)Progress (1): quarkus-vertx-http-deployment-2.2.0.Final.jar (0.5/1.8 MB)Progress (1): quarkus-vertx-http-deployment-2.2.0.Final.jar (0.5/1.8 MB)Progress (1): quarkus-vertx-http-deployment-2.2.0.Final.jar (0.5/1.8 MB)Progress (1): quarkus-vertx-http-deployment-2.2.0.Final.jar (0.6/1.8 MB)Progress (1): quarkus-vertx-http-deployment-2.2.0.Final.jar (0.6/1.8 MB)Progress (1): quarkus-vertx-http-deployment-2.2.0.Final.jar (0.6/1.8 MB)Progress (1): quarkus-vertx-http-deployment-2.2.0.Final.jar (0.6/1.8 MB)Progress (1): quarkus-vertx-http-deployment-2.2.0.Final.jar (0.6/1.8 MB)Progress (1): quarkus-vertx-http-deployment-2.2.0.Final.jar (0.6/1.8 MB)Progress (1): quarkus-vertx-http-deployment-2.2.0.Final.jar (0.6/1.8 MB)Progress (1): quarkus-vertx-http-deployment-2.2.0.Final.jar (0.6/1.8 MB)Progress (1): quarkus-vertx-http-deployment-2.2.0.Final.jar (0.6/1.8 MB)Progress (1): quarkus-vertx-http-deployment-2.2.0.Final.jar (0.6/1.8 MB)Progress (1): quarkus-vertx-http-deployment-2.2.0.Final.jar (0.6/1.8 MB)Progress (1): quarkus-vertx-http-deployment-2.2.0.Final.jar (0.6/1.8 MB)Progress (1): quarkus-vertx-http-deployment-2.2.0.Final.jar (0.7/1.8 MB)Progress (1): quarkus-vertx-http-deployment-2.2.0.Final.jar (0.7/1.8 MB)Progress (1): quarkus-vertx-http-deployment-2.2.0.Final.jar (0.7/1.8 MB)Progress (1): quarkus-vertx-http-deployment-2.2.0.Final.jar (0.7/1.8 MB)Progress (1): quarkus-vertx-http-deployment-2.2.0.Final.jar (0.7/1.8 MB)Progress (1): quarkus-vertx-http-deployment-2.2.0.Final.jar (0.7/1.8 MB)Progress (1): quarkus-vertx-http-deployment-2.2.0.Final.jar (0.7/1.8 MB)Progress (1): quarkus-vertx-http-deployment-2.2.0.Final.jar (0.7/1.8 MB)Progress (1): quarkus-vertx-http-deployment-2.2.0.Final.jar (0.7/1.8 MB)Progress (1): quarkus-vertx-http-deployment-2.2.0.Final.jar (0.7/1.8 MB)Progress (1): quarkus-vertx-http-deployment-2.2.0.Final.jar (0.7/1.8 MB)Progress (1): quarkus-vertx-http-deployment-2.2.0.Final.jar (0.7/1.8 MB)Progress (1): quarkus-vertx-http-deployment-2.2.0.Final.jar (0.8/1.8 MB)Progress (1): quarkus-vertx-http-deployment-2.2.0.Final.jar (0.8/1.8 MB)Progress (1): quarkus-vertx-http-deployment-2.2.0.Final.jar (0.8/1.8 MB)Progress (1): quarkus-vertx-http-deployment-2.2.0.Final.jar (0.8/1.8 MB)Progress (1): quarkus-vertx-http-deployment-2.2.0.Final.jar (0.8/1.8 MB)Progress (1): quarkus-vertx-http-deployment-2.2.0.Final.jar (0.8/1.8 MB)Progress (1): quarkus-vertx-http-deployment-2.2.0.Final.jar (0.8/1.8 MB)Progress (1): quarkus-vertx-http-deployment-2.2.0.Final.jar (0.8/1.8 MB)Progress (1): quarkus-vertx-http-deployment-2.2.0.Final.jar (0.8/1.8 MB)Progress (1): quarkus-vertx-http-deployment-2.2.0.Final.jar (0.8/1.8 MB)Progress (1): quarkus-vertx-http-deployment-2.2.0.Final.jar (0.8/1.8 MB)Progress (1): quarkus-vertx-http-deployment-2.2.0.Final.jar (0.8/1.8 MB)Progress (1): quarkus-vertx-http-deployment-2.2.0.Final.jar (0.9/1.8 MB)Progress (1): quarkus-vertx-http-deployment-2.2.0.Final.jar (0.9/1.8 MB)Progress (1): quarkus-vertx-http-deployment-2.2.0.Final.jar (0.9/1.8 MB)Progress (1): quarkus-vertx-http-deployment-2.2.0.Final.jar (0.9/1.8 MB)Progress (1): quarkus-vertx-http-deployment-2.2.0.Final.jar (0.9/1.8 MB)Progress (1): quarkus-vertx-http-deployment-2.2.0.Final.jar (0.9/1.8 MB)Progress (1): quarkus-vertx-http-deployment-2.2.0.Final.jar (0.9/1.8 MB)Progress (1): quarkus-vertx-http-deployment-2.2.0.Final.jar (0.9/1.8 MB)Progress (1): quarkus-vertx-http-deployment-2.2.0.Final.jar (0.9/1.8 MB)Progress (1): quarkus-vertx-http-deployment-2.2.0.Final.jar (0.9/1.8 MB)Progress (1): quarkus-vertx-http-deployment-2.2.0.Final.jar (0.9/1.8 MB)Progress (1): quarkus-vertx-http-deployment-2.2.0.Final.jar (0.9/1.8 MB)Progress (1): quarkus-vertx-http-deployment-2.2.0.Final.jar (1.0/1.8 MB)Progress (1): quarkus-vertx-http-deployment-2.2.0.Final.jar (1.0/1.8 MB)Progress (1): quarkus-vertx-http-deployment-2.2.0.Final.jar (1.0/1.8 MB)Progress (1): quarkus-vertx-http-deployment-2.2.0.Final.jar (1.0/1.8 MB)Progress (1): quarkus-vertx-http-deployment-2.2.0.Final.jar (1.0/1.8 MB)Progress (1): quarkus-vertx-http-deployment-2.2.0.Final.jar (1.0/1.8 MB)Progress (1): quarkus-vertx-http-deployment-2.2.0.Final.jar (1.0/1.8 MB)Progress (1): quarkus-vertx-http-deployment-2.2.0.Final.jar (1.0/1.8 MB)Progress (1): quarkus-vertx-http-deployment-2.2.0.Final.jar (1.0/1.8 MB)Progress (1): quarkus-vertx-http-deployment-2.2.0.Final.jar (1.0/1.8 MB)Progress (1): quarkus-vertx-http-deployment-2.2.0.Final.jar (1.0/1.8 MB)Progress (1): quarkus-vertx-http-deployment-2.2.0.Final.jar (1.0/1.8 MB)Progress (1): quarkus-vertx-http-deployment-2.2.0.Final.jar (1.1/1.8 MB)Progress (1): quarkus-vertx-http-deployment-2.2.0.Final.jar (1.1/1.8 MB)Progress (1): quarkus-vertx-http-deployment-2.2.0.Final.jar (1.1/1.8 MB)Progress (1): quarkus-vertx-http-deployment-2.2.0.Final.jar (1.1/1.8 MB)Progress (1): quarkus-vertx-http-deployment-2.2.0.Final.jar (1.1/1.8 MB)Progress (1): quarkus-vertx-http-deployment-2.2.0.Final.jar (1.1/1.8 MB)Progress (1): quarkus-vertx-http-deployment-2.2.0.Final.jar (1.1/1.8 MB)Progress (1): quarkus-vertx-http-deployment-2.2.0.Final.jar (1.1/1.8 MB)Progress (1): quarkus-vertx-http-deployment-2.2.0.Final.jar (1.1/1.8 MB)Progress (1): quarkus-vertx-http-deployment-2.2.0.Final.jar (1.1/1.8 MB)Progress (1): quarkus-vertx-http-deployment-2.2.0.Final.jar (1.1/1.8 MB)Progress (1): quarkus-vertx-http-deployment-2.2.0.Final.jar (1.1/1.8 MB)Progress (1): quarkus-vertx-http-deployment-2.2.0.Final.jar (1.2/1.8 MB)Progress (1): quarkus-vertx-http-deployment-2.2.0.Final.jar (1.2/1.8 MB)Progress (1): quarkus-vertx-http-deployment-2.2.0.Final.jar (1.2/1.8 MB)Progress (1): quarkus-vertx-http-deployment-2.2.0.Final.jar (1.2/1.8 MB)Progress (1): quarkus-vertx-http-deployment-2.2.0.Final.jar (1.2/1.8 MB)Progress (1): quarkus-vertx-http-deployment-2.2.0.Final.jar (1.2/1.8 MB)Progress (1): quarkus-vertx-http-deployment-2.2.0.Final.jar (1.2/1.8 MB)Progress (1): quarkus-vertx-http-deployment-2.2.0.Final.jar (1.2/1.8 MB)Progress (1): quarkus-vertx-http-deployment-2.2.0.Final.jar (1.2/1.8 MB)Progress (1): quarkus-vertx-http-deployment-2.2.0.Final.jar (1.2/1.8 MB)Progress (1): quarkus-vertx-http-deployment-2.2.0.Final.jar (1.2/1.8 MB)Progress (1): quarkus-vertx-http-deployment-2.2.0.Final.jar (1.2/1.8 MB)Progress (1): quarkus-vertx-http-deployment-2.2.0.Final.jar (1.2/1.8 MB)Progress (1): quarkus-vertx-http-deployment-2.2.0.Final.jar (1.3/1.8 MB)Progress (1): quarkus-vertx-http-deployment-2.2.0.Final.jar (1.3/1.8 MB)Progress (1): quarkus-vertx-http-deployment-2.2.0.Final.jar (1.3/1.8 MB)Progress (1): quarkus-vertx-http-deployment-2.2.0.Final.jar (1.3/1.8 MB)Progress (1): quarkus-vertx-http-deployment-2.2.0.Final.jar (1.3/1.8 MB)Progress (1): quarkus-vertx-http-deployment-2.2.0.Final.jar (1.3/1.8 MB)Progress (1): quarkus-vertx-http-deployment-2.2.0.Final.jar (1.3/1.8 MB)Progress (1): quarkus-vertx-http-deployment-2.2.0.Final.jar (1.3/1.8 MB)Progress (1): quarkus-vertx-http-deployment-2.2.0.Final.jar (1.3/1.8 MB)Progress (1): quarkus-vertx-http-deployment-2.2.0.Final.jar (1.3/1.8 MB)Progress (1): quarkus-vertx-http-deployment-2.2.0.Final.jar (1.3/1.8 MB)Progress (1): quarkus-vertx-http-deployment-2.2.0.Final.jar (1.3/1.8 MB)Progress (1): quarkus-vertx-http-deployment-2.2.0.Final.jar (1.4/1.8 MB)Progress (1): quarkus-vertx-http-deployment-2.2.0.Final.jar (1.4/1.8 MB)Progress (1): quarkus-vertx-http-deployment-2.2.0.Final.jar (1.4/1.8 MB)Progress (1): quarkus-vertx-http-deployment-2.2.0.Final.jar (1.4/1.8 MB)Progress (1): quarkus-vertx-http-deployment-2.2.0.Final.jar (1.4/1.8 MB)Progress (1): quarkus-vertx-http-deployment-2.2.0.Final.jar (1.4/1.8 MB)Progress (1): quarkus-vertx-http-deployment-2.2.0.Final.jar (1.4/1.8 MB)Progress (1): quarkus-vertx-http-deployment-2.2.0.Final.jar (1.4/1.8 MB)Progress (1): quarkus-vertx-http-deployment-2.2.0.Final.jar (1.4/1.8 MB)Progress (1): quarkus-vertx-http-deployment-2.2.0.Final.jar (1.4/1.8 MB)Progress (1): quarkus-vertx-http-deployment-2.2.0.Final.jar (1.4/1.8 MB)Progress (1): quarkus-vertx-http-deployment-2.2.0.Final.jar (1.4/1.8 MB)Progress (1): quarkus-vertx-http-deployment-2.2.0.Final.jar (1.5/1.8 MB)Progress (1): quarkus-vertx-http-deployment-2.2.0.Final.jar (1.5/1.8 MB)Progress (1): quarkus-vertx-http-deployment-2.2.0.Final.jar (1.5/1.8 MB)Progress (1): quarkus-vertx-http-deployment-2.2.0.Final.jar (1.5/1.8 MB)Progress (1): quarkus-vertx-http-deployment-2.2.0.Final.jar (1.5/1.8 MB)Progress (1): quarkus-vertx-http-deployment-2.2.0.Final.jar (1.5/1.8 MB)Progress (1): quarkus-vertx-http-deployment-2.2.0.Final.jar (1.5/1.8 MB)Progress (1): quarkus-vertx-http-deployment-2.2.0.Final.jar (1.5/1.8 MB)Progress (1): quarkus-vertx-http-deployment-2.2.0.Final.jar (1.5/1.8 MB)Progress (1): quarkus-vertx-http-deployment-2.2.0.Final.jar (1.5/1.8 MB)Progress (1): quarkus-vertx-http-deployment-2.2.0.Final.jar (1.5/1.8 MB)Progress (1): quarkus-vertx-http-deployment-2.2.0.Final.jar (1.5/1.8 MB)Progress (1): quarkus-vertx-http-deployment-2.2.0.Final.jar (1.6/1.8 MB)Progress (1): quarkus-vertx-http-deployment-2.2.0.Final.jar (1.6/1.8 MB)Progress (1): quarkus-vertx-http-deployment-2.2.0.Final.jar (1.6/1.8 MB)Progress (1): quarkus-vertx-http-deployment-2.2.0.Final.jar (1.6/1.8 MB)Progress (1): quarkus-vertx-http-deployment-2.2.0.Final.jar (1.6/1.8 MB)Progress (1): quarkus-vertx-http-deployment-2.2.0.Final.jar (1.6/1.8 MB)Progress (1): quarkus-vertx-http-deployment-2.2.0.Final.jar (1.6/1.8 MB)Progress (1): quarkus-vertx-http-deployment-2.2.0.Final.jar (1.6/1.8 MB)Progress (1): quarkus-vertx-http-deployment-2.2.0.Final.jar (1.6/1.8 MB)Progress (1): quarkus-vertx-http-deployment-2.2.0.Final.jar (1.6/1.8 MB)Progress (1): quarkus-vertx-http-deployment-2.2.0.Final.jar (1.6/1.8 MB)Progress (1): quarkus-vertx-http-deployment-2.2.0.Final.jar (1.6/1.8 MB)Progress (1): quarkus-vertx-http-deployment-2.2.0.Final.jar (1.7/1.8 MB)Progress (1): quarkus-vertx-http-deployment-2.2.0.Final.jar (1.7/1.8 MB)Progress (1): quarkus-vertx-http-deployment-2.2.0.Final.jar (1.7/1.8 MB)Progress (1): quarkus-vertx-http-deployment-2.2.0.Final.jar (1.7/1.8 MB)Progress (1): quarkus-vertx-http-deployment-2.2.0.Final.jar (1.7/1.8 MB)Progress (1): quarkus-vertx-http-deployment-2.2.0.Final.jar (1.7/1.8 MB)Progress (1): quarkus-vertx-http-deployment-2.2.0.Final.jar (1.7/1.8 MB)Progress (1): quarkus-vertx-http-deployment-2.2.0.Final.jar (1.7/1.8 MB)Progress (1): quarkus-vertx-http-deployment-2.2.0.Final.jar (1.7/1.8 MB)Progress (1): quarkus-vertx-http-deployment-2.2.0.Final.jar (1.7/1.8 MB)Progress (1): quarkus-vertx-http-deployment-2.2.0.Final.jar (1.7/1.8 MB)Progress (1): quarkus-vertx-http-deployment-2.2.0.Final.jar (1.7/1.8 MB)Progress (1): quarkus-vertx-http-deployment-2.2.0.Final.jar (1.7/1.8 MB)Progress (1): quarkus-vertx-http-deployment-2.2.0.Final.jar (1.8/1.8 MB)Progress (1): quarkus-vertx-http-deployment-2.2.0.Final.jar (1.8/1.8 MB)Progress (1): quarkus-vertx-http-deployment-2.2.0.Final.jar (1.8/1.8 MB)Progress (1): quarkus-vertx-http-deployment-2.2.0.Final.jar (1.8/1.8 MB)Progress (1): quarkus-vertx-http-deployment-2.2.0.Final.jar (1.8/1.8 MB)Progress (1): quarkus-vertx-http-deployment-2.2.0.Final.jar (1.8/1.8 MB)Progress (1): quarkus-vertx-http-deployment-2.2.0.Final.jar (1.8/1.8 MB)Progress (1): quarkus-vertx-http-deployment-2.2.0.Final.jar (1.8/1.8 MB)Progress (1): quarkus-vertx-http-deployment-2.2.0.Final.jar (1.8 MB)                                                                        Downloaded from central: https://repo.maven.apache.org/maven2/io/quarkus/quarkus-vertx-http-deployment/2.2.0.Final/quarkus-vertx-http-deployment-2.2.0.Final.jar (1.8 MB at 2.3 MB/s)
Downloading from central: https://repo.maven.apache.org/maven2/io/quarkus/quarkus-bom-quarkus-platform-properties/2.2.0.Final/quarkus-bom-quarkus-platform-properties-2.2.0.Final.properties
Progress (1): quarkus-bom-quarkus-platform-properties-2.2.0.Final.properties (90 B)                                                                                   Downloaded from central: https://repo.maven.apache.org/maven2/io/quarkus/quarkus-bom-quarkus-platform-properties/2.2.0.Final/quarkus-bom-quarkus-platform-properties-2.2.0.Final.properties (90 B at 461 B/s)
2023-02-12 00:39:54,896 INFO  [io.quarkus] (main) Quarkus 2.2.0.Final on JVM started in 3.129s. Listening on: http://localhost:8081
2023-02-12 00:39:54,900 INFO  [io.quarkus] (main) Profile test activated. 
2023-02-12 00:39:54,901 INFO  [io.quarkus] (main) Installed features: [cdi, google-cloud-bigquery, google-cloud-bigtable, google-cloud-firestore, google-cloud-pubsub, google-cloud-secret-manager, google-cloud-spanner, google-cloud-storage, resteasy, resteasy-jsonb, smallrye-context-propagation, vertx]
2023-02-12 00:39:54,961 WARN  [org.tes.uti.TestcontainersConfiguration] (main) Attempted to read Testcontainers configuration file at file:/home/gabsko/.testcontainers.properties but the file was not found. Exception message: FileNotFoundException: /home/gabsko/.testcontainers.properties (No such file or directory)
2023-02-12 00:39:54,969 INFO  [org.tes.doc.DockerMachineClientProviderStrategy] (main) docker-machine executable was not found on PATH ([/home/gabsko/apache-maven-3.8.6/bin, /usr/local/sbin, /usr/local/bin, /usr/sbin, /usr/bin, /sbin, /bin, /usr/games, /usr/local/games, /snap/bin])
2023-02-12 00:40:25,203 ERROR [org.tes.doc.DockerClientProviderStrategy] (main) Could not find a valid Docker environment. Please check configuration. Attempted configurations were:
2023-02-12 00:40:25,204 ERROR [org.tes.doc.DockerClientProviderStrategy] (main)     UnixSocketClientProviderStrategy: failed with exception TimeoutException (Timeout waiting for result with exception). Root cause IOException (native connect() failed : Permission denied)
2023-02-12 00:40:25,204 ERROR [org.tes.doc.DockerClientProviderStrategy] (main) As no valid configuration was found, execution cannot continue
[ERROR] Tests run: 1, Failures: 0, Errors: 1, Skipped: 0, Time elapsed: 40.614 s <<< FAILURE! - in io.quarkiverse.googlecloudservices.it.StorageResourceTest
[ERROR] io.quarkiverse.googlecloudservices.it.StorageResourceTest  Time elapsed: 40.614 s  <<< ERROR!
java.lang.IllegalStateException: Could not find a valid Docker environment. Please see logs and check configuration
	at org.testcontainers.dockerclient.DockerClientProviderStrategy.lambda$getFirstValidStrategy$7(DockerClientProviderStrategy.java:215)
	at java.base/java.util.Optional.orElseThrow(Optional.java:408)
	at org.testcontainers.dockerclient.DockerClientProviderStrategy.getFirstValidStrategy(DockerClientProviderStrategy.java:207)
	at org.testcontainers.DockerClientFactory.getOrInitializeStrategy(DockerClientFactory.java:136)
	at org.testcontainers.DockerClientFactory.client(DockerClientFactory.java:178)
	at org.testcontainers.LazyDockerClient.getDockerClient(LazyDockerClient.java:14)
	at org.testcontainers.LazyDockerClient.authConfig(LazyDockerClient.java:12)
	at org.testcontainers.containers.GenericContainer.start(GenericContainer.java:310)
	at io.quarkiverse.googlecloudservices.it.StorageResourceTest.startGcloudContainer(StorageResourceTest.java:42)
	at java.base/jdk.internal.reflect.NativeMethodAccessorImpl.invoke0(Native Method)
	at java.base/jdk.internal.reflect.NativeMethodAccessorImpl.invoke(NativeMethodAccessorImpl.java:62)
	at java.base/jdk.internal.reflect.DelegatingMethodAccessorImpl.invoke(DelegatingMethodAccessorImpl.java:43)
	at java.base/java.lang.reflect.Method.invoke(Method.java:566)
	at io.quarkus.test.junit.QuarkusTestExtension.runExtensionMethod(QuarkusTestExtension.java:1079)
	at io.quarkus.test.junit.QuarkusTestExtension.runExtensionMethod(QuarkusTestExtension.java:978)
	at io.quarkus.test.junit.QuarkusTestExtension.interceptBeforeAllMethod(QuarkusTestExtension.java:793)
	at org.junit.jupiter.engine.execution.ExecutableInvoker$ReflectiveInterceptorCall.lambda$ofVoidMethod$0(ExecutableInvoker.java:115)
	at org.junit.jupiter.engine.execution.ExecutableInvoker.lambda$invoke$0(ExecutableInvoker.java:105)
	at org.junit.jupiter.engine.execution.InvocationInterceptorChain$InterceptedInvocation.proceed(InvocationInterceptorChain.java:106)
	at org.junit.jupiter.engine.extension.TimeoutExtension.intercept(TimeoutExtension.java:149)
	at org.junit.jupiter.engine.extension.TimeoutExtension.interceptLifecycleMethod(TimeoutExtension.java:126)
	at org.junit.jupiter.engine.extension.TimeoutExtension.interceptBeforeAllMethod(TimeoutExtension.java:68)
	at org.junit.jupiter.engine.execution.ExecutableInvoker$ReflectiveInterceptorCall.lambda$ofVoidMethod$0(ExecutableInvoker.java:115)
	at org.junit.jupiter.engine.execution.ExecutableInvoker.lambda$invoke$0(ExecutableInvoker.java:105)
	at org.junit.jupiter.engine.execution.InvocationInterceptorChain$InterceptedInvocation.proceed(InvocationInterceptorChain.java:106)
	at org.junit.jupiter.engine.execution.InvocationInterceptorChain.proceed(InvocationInterceptorChain.java:64)
	at org.junit.jupiter.engine.execution.InvocationInterceptorChain.chainAndInvoke(InvocationInterceptorChain.java:45)
	at org.junit.jupiter.engine.execution.InvocationInterceptorChain.invoke(InvocationInterceptorChain.java:37)
	at org.junit.jupiter.engine.execution.ExecutableInvoker.invoke(ExecutableInvoker.java:104)
	at org.junit.jupiter.engine.execution.ExecutableInvoker.invoke(ExecutableInvoker.java:98)
	at org.junit.jupiter.engine.descriptor.ClassBasedTestDescriptor.lambda$invokeBeforeAllMethods$9(ClassBasedTestDescriptor.java:384)
	at org.junit.platform.engine.support.hierarchical.ThrowableCollector.execute(ThrowableCollector.java:73)
	at org.junit.jupiter.engine.descriptor.ClassBasedTestDescriptor.invokeBeforeAllMethods(ClassBasedTestDescriptor.java:382)
	at org.junit.jupiter.engine.descriptor.ClassBasedTestDescriptor.before(ClassBasedTestDescriptor.java:196)
	at org.junit.jupiter.engine.descriptor.ClassBasedTestDescriptor.before(ClassBasedTestDescriptor.java:78)
	at org.junit.platform.engine.support.hierarchical.NodeTestTask.lambda$executeRecursively$5(NodeTestTask.java:136)
	at org.junit.platform.engine.support.hierarchical.ThrowableCollector.execute(ThrowableCollector.java:73)
	at org.junit.platform.engine.support.hierarchical.NodeTestTask.lambda$executeRecursively$7(NodeTestTask.java:129)
	at org.junit.platform.engine.support.hierarchical.Node.around(Node.java:137)
	at org.junit.platform.engine.support.hierarchical.NodeTestTask.lambda$executeRecursively$8(NodeTestTask.java:127)
	at org.junit.platform.engine.support.hierarchical.ThrowableCollector.execute(ThrowableCollector.java:73)
	at org.junit.platform.engine.support.hierarchical.NodeTestTask.executeRecursively(NodeTestTask.java:126)
	at org.junit.platform.engine.support.hierarchical.NodeTestTask.execute(NodeTestTask.java:84)
	at java.base/java.util.ArrayList.forEach(ArrayList.java:1541)
	at org.junit.platform.engine.support.hierarchical.SameThreadHierarchicalTestExecutorService.invokeAll(SameThreadHierarchicalTestExecutorService.java:38)
	at org.junit.platform.engine.support.hierarchical.NodeTestTask.lambda$executeRecursively$5(NodeTestTask.java:143)
	at org.junit.platform.engine.support.hierarchical.ThrowableCollector.execute(ThrowableCollector.java:73)
	at org.junit.platform.engine.support.hierarchical.NodeTestTask.lambda$executeRecursively$7(NodeTestTask.java:129)
	at org.junit.platform.engine.support.hierarchical.Node.around(Node.java:137)
	at org.junit.platform.engine.support.hierarchical.NodeTestTask.lambda$executeRecursively$8(NodeTestTask.java:127)
	at org.junit.platform.engine.support.hierarchical.ThrowableCollector.execute(ThrowableCollector.java:73)
	at org.junit.platform.engine.support.hierarchical.NodeTestTask.executeRecursively(NodeTestTask.java:126)
	at org.junit.platform.engine.support.hierarchical.NodeTestTask.execute(NodeTestTask.java:84)
	at org.junit.platform.engine.support.hierarchical.SameThreadHierarchicalTestExecutorService.submit(SameThreadHierarchicalTestExecutorService.java:32)
	at org.junit.platform.engine.support.hierarchical.HierarchicalTestExecutor.execute(HierarchicalTestExecutor.java:57)
	at org.junit.platform.engine.support.hierarchical.HierarchicalTestEngine.execute(HierarchicalTestEngine.java:51)
	at org.junit.platform.launcher.core.EngineExecutionOrchestrator.execute(EngineExecutionOrchestrator.java:108)
	at org.junit.platform.launcher.core.EngineExecutionOrchestrator.execute(EngineExecutionOrchestrator.java:88)
	at org.junit.platform.launcher.core.EngineExecutionOrchestrator.lambda$execute$0(EngineExecutionOrchestrator.java:54)
	at org.junit.platform.launcher.core.EngineExecutionOrchestrator.withInterceptedStreams(EngineExecutionOrchestrator.java:67)
	at org.junit.platform.launcher.core.EngineExecutionOrchestrator.execute(EngineExecutionOrchestrator.java:52)
	at org.junit.platform.launcher.core.DefaultLauncher.execute(DefaultLauncher.java:96)
	at org.junit.platform.launcher.core.DefaultLauncher.execute(DefaultLauncher.java:75)
	at org.apache.maven.surefire.junitplatform.JUnitPlatformProvider.invokeAllTests(JUnitPlatformProvider.java:150)
	at org.apache.maven.surefire.junitplatform.JUnitPlatformProvider.invoke(JUnitPlatformProvider.java:124)
	at org.apache.maven.surefire.booter.ForkedBooter.invokeProviderInSameClassLoader(ForkedBooter.java:384)
	at org.apache.maven.surefire.booter.ForkedBooter.runSuitesInProcess(ForkedBooter.java:345)
	at org.apache.maven.surefire.booter.ForkedBooter.execute(ForkedBooter.java:126)
	at org.apache.maven.surefire.booter.ForkedBooter.main(ForkedBooter.java:418)

[INFO] Running io.quarkiverse.googlecloudservices.it.GoogleServicesResourcesTest
[WARNING] Tests run: 1, Failures: 0, Errors: 0, Skipped: 1, Time elapsed: 0 s - in io.quarkiverse.googlecloudservices.it.GoogleServicesResourcesTest
[INFO] Running io.quarkiverse.googlecloudservices.it.FirestoreResourceTest
[ERROR] Tests run: 1, Failures: 0, Errors: 1, Skipped: 0, Time elapsed: 0.001 s <<< FAILURE! - in io.quarkiverse.googlecloudservices.it.FirestoreResourceTest
[ERROR] io.quarkiverse.googlecloudservices.it.FirestoreResourceTest  Time elapsed: 0.001 s  <<< ERROR!
java.lang.IllegalStateException: Previous attempts to find a Docker environment failed. Will not retry. Please see logs and check configuration
	at org.testcontainers.dockerclient.DockerClientProviderStrategy.getFirstValidStrategy(DockerClientProviderStrategy.java:109)
	at org.testcontainers.DockerClientFactory.getOrInitializeStrategy(DockerClientFactory.java:136)
	at org.testcontainers.DockerClientFactory.client(DockerClientFactory.java:178)
	at org.testcontainers.LazyDockerClient.getDockerClient(LazyDockerClient.java:14)
	at org.testcontainers.LazyDockerClient.authConfig(LazyDockerClient.java:12)
	at org.testcontainers.containers.GenericContainer.start(GenericContainer.java:310)
	at io.quarkiverse.googlecloudservices.it.FirestoreResourceTest.startGcloudContainer(FirestoreResourceTest.java:35)
	at java.base/jdk.internal.reflect.NativeMethodAccessorImpl.invoke0(Native Method)
	at java.base/jdk.internal.reflect.NativeMethodAccessorImpl.invoke(NativeMethodAccessorImpl.java:62)
	at java.base/jdk.internal.reflect.DelegatingMethodAccessorImpl.invoke(DelegatingMethodAccessorImpl.java:43)
	at java.base/java.lang.reflect.Method.invoke(Method.java:566)
	at io.quarkus.test.junit.QuarkusTestExtension.runExtensionMethod(QuarkusTestExtension.java:1079)
	at io.quarkus.test.junit.QuarkusTestExtension.runExtensionMethod(QuarkusTestExtension.java:978)
	at io.quarkus.test.junit.QuarkusTestExtension.interceptBeforeAllMethod(QuarkusTestExtension.java:793)
	at org.junit.jupiter.engine.execution.ExecutableInvoker$ReflectiveInterceptorCall.lambda$ofVoidMethod$0(ExecutableInvoker.java:115)
	at org.junit.jupiter.engine.execution.ExecutableInvoker.lambda$invoke$0(ExecutableInvoker.java:105)
	at org.junit.jupiter.engine.execution.InvocationInterceptorChain$InterceptedInvocation.proceed(InvocationInterceptorChain.java:106)
	at org.junit.jupiter.engine.extension.TimeoutExtension.intercept(TimeoutExtension.java:149)
	at org.junit.jupiter.engine.extension.TimeoutExtension.interceptLifecycleMethod(TimeoutExtension.java:126)
	at org.junit.jupiter.engine.extension.TimeoutExtension.interceptBeforeAllMethod(TimeoutExtension.java:68)
	at org.junit.jupiter.engine.execution.ExecutableInvoker$ReflectiveInterceptorCall.lambda$ofVoidMethod$0(ExecutableInvoker.java:115)
	at org.junit.jupiter.engine.execution.ExecutableInvoker.lambda$invoke$0(ExecutableInvoker.java:105)
	at org.junit.jupiter.engine.execution.InvocationInterceptorChain$InterceptedInvocation.proceed(InvocationInterceptorChain.java:106)
	at org.junit.jupiter.engine.execution.InvocationInterceptorChain.proceed(InvocationInterceptorChain.java:64)
	at org.junit.jupiter.engine.execution.InvocationInterceptorChain.chainAndInvoke(InvocationInterceptorChain.java:45)
	at org.junit.jupiter.engine.execution.InvocationInterceptorChain.invoke(InvocationInterceptorChain.java:37)
	at org.junit.jupiter.engine.execution.ExecutableInvoker.invoke(ExecutableInvoker.java:104)
	at org.junit.jupiter.engine.execution.ExecutableInvoker.invoke(ExecutableInvoker.java:98)
	at org.junit.jupiter.engine.descriptor.ClassBasedTestDescriptor.lambda$invokeBeforeAllMethods$9(ClassBasedTestDescriptor.java:384)
	at org.junit.platform.engine.support.hierarchical.ThrowableCollector.execute(ThrowableCollector.java:73)
	at org.junit.jupiter.engine.descriptor.ClassBasedTestDescriptor.invokeBeforeAllMethods(ClassBasedTestDescriptor.java:382)
	at org.junit.jupiter.engine.descriptor.ClassBasedTestDescriptor.before(ClassBasedTestDescriptor.java:196)
	at org.junit.jupiter.engine.descriptor.ClassBasedTestDescriptor.before(ClassBasedTestDescriptor.java:78)
	at org.junit.platform.engine.support.hierarchical.NodeTestTask.lambda$executeRecursively$5(NodeTestTask.java:136)
	at org.junit.platform.engine.support.hierarchical.ThrowableCollector.execute(ThrowableCollector.java:73)
	at org.junit.platform.engine.support.hierarchical.NodeTestTask.lambda$executeRecursively$7(NodeTestTask.java:129)
	at org.junit.platform.engine.support.hierarchical.Node.around(Node.java:137)
	at org.junit.platform.engine.support.hierarchical.NodeTestTask.lambda$executeRecursively$8(NodeTestTask.java:127)
	at org.junit.platform.engine.support.hierarchical.ThrowableCollector.execute(ThrowableCollector.java:73)
	at org.junit.platform.engine.support.hierarchical.NodeTestTask.executeRecursively(NodeTestTask.java:126)
	at org.junit.platform.engine.support.hierarchical.NodeTestTask.execute(NodeTestTask.java:84)
	at java.base/java.util.ArrayList.forEach(ArrayList.java:1541)
	at org.junit.platform.engine.support.hierarchical.SameThreadHierarchicalTestExecutorService.invokeAll(SameThreadHierarchicalTestExecutorService.java:38)
	at org.junit.platform.engine.support.hierarchical.NodeTestTask.lambda$executeRecursively$5(NodeTestTask.java:143)
	at org.junit.platform.engine.support.hierarchical.ThrowableCollector.execute(ThrowableCollector.java:73)
	at org.junit.platform.engine.support.hierarchical.NodeTestTask.lambda$executeRecursively$7(NodeTestTask.java:129)
	at org.junit.platform.engine.support.hierarchical.Node.around(Node.java:137)
	at org.junit.platform.engine.support.hierarchical.NodeTestTask.lambda$executeRecursively$8(NodeTestTask.java:127)
	at org.junit.platform.engine.support.hierarchical.ThrowableCollector.execute(ThrowableCollector.java:73)
	at org.junit.platform.engine.support.hierarchical.NodeTestTask.executeRecursively(NodeTestTask.java:126)
	at org.junit.platform.engine.support.hierarchical.NodeTestTask.execute(NodeTestTask.java:84)
	at org.junit.platform.engine.support.hierarchical.SameThreadHierarchicalTestExecutorService.submit(SameThreadHierarchicalTestExecutorService.java:32)
	at org.junit.platform.engine.support.hierarchical.HierarchicalTestExecutor.execute(HierarchicalTestExecutor.java:57)
	at org.junit.platform.engine.support.hierarchical.HierarchicalTestEngine.execute(HierarchicalTestEngine.java:51)
	at org.junit.platform.launcher.core.EngineExecutionOrchestrator.execute(EngineExecutionOrchestrator.java:108)
	at org.junit.platform.launcher.core.EngineExecutionOrchestrator.execute(EngineExecutionOrchestrator.java:88)
	at org.junit.platform.launcher.core.EngineExecutionOrchestrator.lambda$execute$0(EngineExecutionOrchestrator.java:54)
	at org.junit.platform.launcher.core.EngineExecutionOrchestrator.withInterceptedStreams(EngineExecutionOrchestrator.java:67)
	at org.junit.platform.launcher.core.EngineExecutionOrchestrator.execute(EngineExecutionOrchestrator.java:52)
	at org.junit.platform.launcher.core.DefaultLauncher.execute(DefaultLauncher.java:96)
	at org.junit.platform.launcher.core.DefaultLauncher.execute(DefaultLauncher.java:75)
	at org.apache.maven.surefire.junitplatform.JUnitPlatformProvider.invokeAllTests(JUnitPlatformProvider.java:150)
	at org.apache.maven.surefire.junitplatform.JUnitPlatformProvider.invoke(JUnitPlatformProvider.java:124)
	at org.apache.maven.surefire.booter.ForkedBooter.invokeProviderInSameClassLoader(ForkedBooter.java:384)
	at org.apache.maven.surefire.booter.ForkedBooter.runSuitesInProcess(ForkedBooter.java:345)
	at org.apache.maven.surefire.booter.ForkedBooter.execute(ForkedBooter.java:126)
	at org.apache.maven.surefire.booter.ForkedBooter.main(ForkedBooter.java:418)

[INFO] Running io.quarkiverse.googlecloudservices.it.BigtableResourceTest
[ERROR] Tests run: 1, Failures: 0, Errors: 1, Skipped: 0, Time elapsed: 0 s <<< FAILURE! - in io.quarkiverse.googlecloudservices.it.BigtableResourceTest
[ERROR] io.quarkiverse.googlecloudservices.it.BigtableResourceTest  Time elapsed: 0 s  <<< ERROR!
java.lang.IllegalStateException: Previous attempts to find a Docker environment failed. Will not retry. Please see logs and check configuration
	at org.testcontainers.dockerclient.DockerClientProviderStrategy.getFirstValidStrategy(DockerClientProviderStrategy.java:109)
	at org.testcontainers.DockerClientFactory.getOrInitializeStrategy(DockerClientFactory.java:136)
	at org.testcontainers.DockerClientFactory.client(DockerClientFactory.java:178)
	at org.testcontainers.LazyDockerClient.getDockerClient(LazyDockerClient.java:14)
	at org.testcontainers.LazyDockerClient.authConfig(LazyDockerClient.java:12)
	at org.testcontainers.containers.GenericContainer.start(GenericContainer.java:310)
	at io.quarkiverse.googlecloudservices.it.BigtableResourceTest.startGcloudContainer(BigtableResourceTest.java:31)
	at java.base/jdk.internal.reflect.NativeMethodAccessorImpl.invoke0(Native Method)
	at java.base/jdk.internal.reflect.NativeMethodAccessorImpl.invoke(NativeMethodAccessorImpl.java:62)
	at java.base/jdk.internal.reflect.DelegatingMethodAccessorImpl.invoke(DelegatingMethodAccessorImpl.java:43)
	at java.base/java.lang.reflect.Method.invoke(Method.java:566)
	at io.quarkus.test.junit.QuarkusTestExtension.runExtensionMethod(QuarkusTestExtension.java:1079)
	at io.quarkus.test.junit.QuarkusTestExtension.runExtensionMethod(QuarkusTestExtension.java:978)
	at io.quarkus.test.junit.QuarkusTestExtension.interceptBeforeAllMethod(QuarkusTestExtension.java:793)
	at org.junit.jupiter.engine.execution.ExecutableInvoker$ReflectiveInterceptorCall.lambda$ofVoidMethod$0(ExecutableInvoker.java:115)
	at org.junit.jupiter.engine.execution.ExecutableInvoker.lambda$invoke$0(ExecutableInvoker.java:105)
	at org.junit.jupiter.engine.execution.InvocationInterceptorChain$InterceptedInvocation.proceed(InvocationInterceptorChain.java:106)
	at org.junit.jupiter.engine.extension.TimeoutExtension.intercept(TimeoutExtension.java:149)
	at org.junit.jupiter.engine.extension.TimeoutExtension.interceptLifecycleMethod(TimeoutExtension.java:126)
	at org.junit.jupiter.engine.extension.TimeoutExtension.interceptBeforeAllMethod(TimeoutExtension.java:68)
	at org.junit.jupiter.engine.execution.ExecutableInvoker$ReflectiveInterceptorCall.lambda$ofVoidMethod$0(ExecutableInvoker.java:115)
	at org.junit.jupiter.engine.execution.ExecutableInvoker.lambda$invoke$0(ExecutableInvoker.java:105)
	at org.junit.jupiter.engine.execution.InvocationInterceptorChain$InterceptedInvocation.proceed(InvocationInterceptorChain.java:106)
	at org.junit.jupiter.engine.execution.InvocationInterceptorChain.proceed(InvocationInterceptorChain.java:64)
	at org.junit.jupiter.engine.execution.InvocationInterceptorChain.chainAndInvoke(InvocationInterceptorChain.java:45)
	at org.junit.jupiter.engine.execution.InvocationInterceptorChain.invoke(InvocationInterceptorChain.java:37)
	at org.junit.jupiter.engine.execution.ExecutableInvoker.invoke(ExecutableInvoker.java:104)
	at org.junit.jupiter.engine.execution.ExecutableInvoker.invoke(ExecutableInvoker.java:98)
	at org.junit.jupiter.engine.descriptor.ClassBasedTestDescriptor.lambda$invokeBeforeAllMethods$9(ClassBasedTestDescriptor.java:384)
	at org.junit.platform.engine.support.hierarchical.ThrowableCollector.execute(ThrowableCollector.java:73)
	at org.junit.jupiter.engine.descriptor.ClassBasedTestDescriptor.invokeBeforeAllMethods(ClassBasedTestDescriptor.java:382)
	at org.junit.jupiter.engine.descriptor.ClassBasedTestDescriptor.before(ClassBasedTestDescriptor.java:196)
	at org.junit.jupiter.engine.descriptor.ClassBasedTestDescriptor.before(ClassBasedTestDescriptor.java:78)
	at org.junit.platform.engine.support.hierarchical.NodeTestTask.lambda$executeRecursively$5(NodeTestTask.java:136)
	at org.junit.platform.engine.support.hierarchical.ThrowableCollector.execute(ThrowableCollector.java:73)
	at org.junit.platform.engine.support.hierarchical.NodeTestTask.lambda$executeRecursively$7(NodeTestTask.java:129)
	at org.junit.platform.engine.support.hierarchical.Node.around(Node.java:137)
	at org.junit.platform.engine.support.hierarchical.NodeTestTask.lambda$executeRecursively$8(NodeTestTask.java:127)
	at org.junit.platform.engine.support.hierarchical.ThrowableCollector.execute(ThrowableCollector.java:73)
	at org.junit.platform.engine.support.hierarchical.NodeTestTask.executeRecursively(NodeTestTask.java:126)
	at org.junit.platform.engine.support.hierarchical.NodeTestTask.execute(NodeTestTask.java:84)
	at java.base/java.util.ArrayList.forEach(ArrayList.java:1541)
	at org.junit.platform.engine.support.hierarchical.SameThreadHierarchicalTestExecutorService.invokeAll(SameThreadHierarchicalTestExecutorService.java:38)
	at org.junit.platform.engine.support.hierarchical.NodeTestTask.lambda$executeRecursively$5(NodeTestTask.java:143)
	at org.junit.platform.engine.support.hierarchical.ThrowableCollector.execute(ThrowableCollector.java:73)
	at org.junit.platform.engine.support.hierarchical.NodeTestTask.lambda$executeRecursively$7(NodeTestTask.java:129)
	at org.junit.platform.engine.support.hierarchical.Node.around(Node.java:137)
	at org.junit.platform.engine.support.hierarchical.NodeTestTask.lambda$executeRecursively$8(NodeTestTask.java:127)
	at org.junit.platform.engine.support.hierarchical.ThrowableCollector.execute(ThrowableCollector.java:73)
	at org.junit.platform.engine.support.hierarchical.NodeTestTask.executeRecursively(NodeTestTask.java:126)
	at org.junit.platform.engine.support.hierarchical.NodeTestTask.execute(NodeTestTask.java:84)
	at org.junit.platform.engine.support.hierarchical.SameThreadHierarchicalTestExecutorService.submit(SameThreadHierarchicalTestExecutorService.java:32)
	at org.junit.platform.engine.support.hierarchical.HierarchicalTestExecutor.execute(HierarchicalTestExecutor.java:57)
	at org.junit.platform.engine.support.hierarchical.HierarchicalTestEngine.execute(HierarchicalTestEngine.java:51)
	at org.junit.platform.launcher.core.EngineExecutionOrchestrator.execute(EngineExecutionOrchestrator.java:108)
	at org.junit.platform.launcher.core.EngineExecutionOrchestrator.execute(EngineExecutionOrchestrator.java:88)
	at org.junit.platform.launcher.core.EngineExecutionOrchestrator.lambda$execute$0(EngineExecutionOrchestrator.java:54)
	at org.junit.platform.launcher.core.EngineExecutionOrchestrator.withInterceptedStreams(EngineExecutionOrchestrator.java:67)
	at org.junit.platform.launcher.core.EngineExecutionOrchestrator.execute(EngineExecutionOrchestrator.java:52)
	at org.junit.platform.launcher.core.DefaultLauncher.execute(DefaultLauncher.java:96)
	at org.junit.platform.launcher.core.DefaultLauncher.execute(DefaultLauncher.java:75)
	at org.apache.maven.surefire.junitplatform.JUnitPlatformProvider.invokeAllTests(JUnitPlatformProvider.java:150)
	at org.apache.maven.surefire.junitplatform.JUnitPlatformProvider.invoke(JUnitPlatformProvider.java:124)
	at org.apache.maven.surefire.booter.ForkedBooter.invokeProviderInSameClassLoader(ForkedBooter.java:384)
	at org.apache.maven.surefire.booter.ForkedBooter.runSuitesInProcess(ForkedBooter.java:345)
	at org.apache.maven.surefire.booter.ForkedBooter.execute(ForkedBooter.java:126)
	at org.apache.maven.surefire.booter.ForkedBooter.main(ForkedBooter.java:418)

2023-02-12 00:40:25,291 INFO  [io.quarkus] (main) Quarkus stopped in 0.037s
[INFO] 
[INFO] Results:
[INFO] 
[ERROR] Errors: 
[ERROR]   BigtableResourceTest.startGcloudContainer:31  IllegalState Previous attempts ...
[ERROR]   FirestoreResourceTest.startGcloudContainer:35  IllegalState Previous attempts...
[ERROR]   StorageResourceTest.startGcloudContainer:42  IllegalState Could not find a va...
[INFO] 
[ERROR] Tests run: 4, Failures: 0, Errors: 3, Skipped: 1
[INFO] 
[INFO] ------------------------------------------------------------------------
[INFO] Reactor Summary for Quarkus - Google Cloud Services - Parent 0.11.0-SNAPSHOT:
[INFO] 
[INFO] Quarkus - Google Cloud Services - BOM .............. SUCCESS [  0.640 s]
[INFO] Quarkus - Google Cloud Services - Parent ........... SUCCESS [  0.020 s]
[INFO] Quarkus - Google Cloud Services - Common ........... SUCCESS [  0.012 s]
[INFO] Quarkus - Google Cloud Services - Common - Runtime . SUCCESS [  2.813 s]
[INFO] Quarkus - Google Cloud Services - Common - Deployment SUCCESS [  1.100 s]
[INFO] Quarkus - Google Cloud Services - Common - GRPC .... SUCCESS [  0.345 s]
[INFO] Quarkus - Google Cloud Services - BigQuery ......... SUCCESS [  0.008 s]
[INFO] Quarkus - Google Cloud Services - BigQuery - Runtime SUCCESS [  0.429 s]
[INFO] Quarkus - Google Cloud Services - BigQuery - Deployment SUCCESS [  0.740 s]
[INFO] Quarkus - Google Cloud Services - PubSub ........... SUCCESS [  0.007 s]
[INFO] Quarkus - Google Cloud Services - PubSub - Runtime . SUCCESS [  0.525 s]
[INFO] Quarkus - Google Cloud Services - PubSub - Deployment SUCCESS [  0.764 s]
[INFO] Quarkus - Google Cloud Services - Spanner .......... SUCCESS [  0.007 s]
[INFO] Quarkus - Google Cloud Services - Spanner - Runtime  SUCCESS [  0.528 s]
[INFO] Quarkus - Google Cloud Services - Spanner - Deployment SUCCESS [  0.763 s]
[INFO] Quarkus - Google Cloud Services - Storage .......... SUCCESS [  0.008 s]
[INFO] Quarkus - Google Cloud Services - Storage - Runtime  SUCCESS [  0.462 s]
[INFO] Quarkus - Google Cloud Services - Storage - Deployment SUCCESS [  0.546 s]
[INFO] Quarkus - Google Cloud Services - Firestore ........ SUCCESS [  0.005 s]
[INFO] Quarkus - Google Cloud Services - Firestore - Runtime SUCCESS [  0.402 s]
[INFO] Quarkus - Google Cloud Services - Firestore - Deployment SUCCESS [  0.732 s]
[INFO] Quarkus - Google Cloud Services - BigTable - Parent  SUCCESS [  0.007 s]
[INFO] Quarkus - Google Cloud Services - Bigtable - Runtime SUCCESS [  0.224 s]
[INFO] Quarkus - Google Cloud Services - Bigtable - Deployment SUCCESS [  0.580 s]
[INFO] Quarkus - Google Cloud Services - Secret Manager ... SUCCESS [  0.006 s]
[INFO] Quarkus - Google Cloud Services - Secret Manager - Runtime SUCCESS [  2.955 s]
[INFO] Quarkus - Google Cloud Services - Secret Manager - Deployment SUCCESS [  0.736 s]
[INFO] Quarkus - Google Cloud Services - Integration Tests - Parent SUCCESS [  0.007 s]
[INFO] Quarkus - Google Cloud Services - Integration Tests - Main FAILURE [ 43.336 s]
[INFO] Quarkus - Google Cloud Services - Integration Tests - Functions SKIPPED
[INFO] Quarkus - Google Cloud Services - Integration Tests - AppEngine SKIPPED
[INFO] ------------------------------------------------------------------------
[INFO] BUILD FAILURE
[INFO] ------------------------------------------------------------------------
[INFO] Total time:  59.102 s
[INFO] Finished at: 2023-02-12T00:40:25Z
[INFO] ------------------------------------------------------------------------
[ERROR] Failed to execute goal org.apache.maven.plugins:maven-surefire-plugin:2.22.2:test (default-test) on project quarkus-google-cloud-services-main-it: There are test failures.
[ERROR] 
[ERROR] Please refer to /home/gabsko/breaking-updates/integration-tests/main/target/surefire-reports for the individual test results.
[ERROR] Please refer to dump files (if any exist) [date].dump, [date]-jvmRun[N].dump and [date].dumpstream.
[ERROR] -> [Help 1]
[ERROR] 
[ERROR] To see the full stack trace of the errors, re-run Maven with the -e switch.
[ERROR] Re-run Maven using the -X switch to enable full debug logging.
[ERROR] 
[ERROR] For more information about the errors and possible solutions, please read the following articles:
[ERROR] [Help 1] http://cwiki.apache.org/confluence/display/MAVEN/MojoFailureException
[ERROR] 
[ERROR] After correcting the problems, you can resume the build with the command
[ERROR]   mvn <args> -rf :quarkus-google-cloud-services-main-it
