[INFO] Scanning for projects...
[INFO] ------------------------------------------------------------------------
[INFO] Reactor Build Order:
[INFO] 
[INFO] Transaction Outbox Parent                                          [pom]
[INFO] Transaction Outbox Core                                            [jar]
[INFO] Transaction Outbox Jackson                                         [jar]
[INFO] Transaction Outbox Spring                                          [jar]
[INFO] Transaction Outbox Guice                                           [jar]
[INFO] Transaction Outbox jOOQ                                            [jar]
[INFO] 
[INFO] ---------------< com.gruelbox:transactionoutbox-parent >----------------
[INFO] Building Transaction Outbox Parent 1.3.99999-SNAPSHOT              [1/6]
[INFO] --------------------------------[ pom ]---------------------------------
[INFO] 
[INFO] --- maven-clean-plugin:2.5:clean (default-clean) @ transactionoutbox-parent ---
[INFO] 
[INFO] --- flatten-maven-plugin:1.2.7:clean (flatten.clean) @ transactionoutbox-parent ---
[INFO] Deleting /home/gabsko/breaking-updates/.flattened-pom.xml
[INFO] 
[INFO] --- fmt-maven-plugin:2.13:format (default) @ transactionoutbox-parent ---
[INFO] Skipping format check: project uses 'pom' packaging
[INFO] 
[INFO] --- flatten-maven-plugin:1.2.7:flatten (flatten) @ transactionoutbox-parent ---
[INFO] Generating flattened POM of project com.gruelbox:transactionoutbox-parent:pom:1.3.99999-SNAPSHOT...
[INFO] 
[INFO] ----------------< com.gruelbox:transactionoutbox-core >-----------------
[INFO] Building Transaction Outbox Core 1.3.99999-SNAPSHOT                [2/6]
[INFO] --------------------------------[ jar ]---------------------------------
[INFO] 
[INFO] --- maven-clean-plugin:2.5:clean (default-clean) @ transactionoutbox-core ---
[INFO] Deleting /home/gabsko/breaking-updates/transactionoutbox-core/target
[INFO] 
[INFO] --- flatten-maven-plugin:1.2.7:clean (flatten.clean) @ transactionoutbox-core ---
[INFO] Deleting /home/gabsko/breaking-updates/transactionoutbox-core/.flattened-pom.xml
[INFO] 
[INFO] --- fmt-maven-plugin:2.13:format (default) @ transactionoutbox-core ---
[INFO] Processed 74 files (0 reformatted).
[INFO] 
[INFO] --- maven-resources-plugin:2.6:resources (default-resources) @ transactionoutbox-core ---
[INFO] Using 'UTF-8' encoding to copy filtered resources.
[INFO] skip non existing resourceDirectory /home/gabsko/breaking-updates/transactionoutbox-core/src/main/resources
[INFO] 
[INFO] --- flatten-maven-plugin:1.2.7:flatten (flatten) @ transactionoutbox-core ---
[INFO] Generating flattened POM of project com.gruelbox:transactionoutbox-core:jar:1.3.99999-SNAPSHOT...
[INFO] 
[INFO] --- maven-compiler-plugin:3.10.1:compile (default-compile) @ transactionoutbox-core ---
[INFO] Changes detected - recompiling the module!
[INFO] Compiling 47 source files to /home/gabsko/breaking-updates/transactionoutbox-core/target/classes
[INFO] 
[INFO] --- maven-resources-plugin:2.6:testResources (default-testResources) @ transactionoutbox-core ---
[INFO] Using 'UTF-8' encoding to copy filtered resources.
[INFO] Copying 1 resource
[INFO] 
[INFO] --- maven-compiler-plugin:3.10.1:testCompile (default-testCompile) @ transactionoutbox-core ---
[INFO] Changes detected - recompiling the module!
[INFO] Compiling 27 source files to /home/gabsko/breaking-updates/transactionoutbox-core/target/test-classes
[INFO] /home/gabsko/breaking-updates/transactionoutbox-core/src/test/java/com/gruelbox/transactionoutbox/acceptance/AbstractAcceptanceTest.java: /home/gabsko/breaking-updates/transactionoutbox-core/src/test/java/com/gruelbox/transactionoutbox/acceptance/AbstractAcceptanceTest.java uses or overrides a deprecated API.
[INFO] /home/gabsko/breaking-updates/transactionoutbox-core/src/test/java/com/gruelbox/transactionoutbox/acceptance/AbstractAcceptanceTest.java: Recompile with -Xlint:deprecation for details.
[INFO] 
[INFO] --- maven-surefire-plugin:3.0.0-M5:test (default-test) @ transactionoutbox-core ---
[INFO] 
[INFO] -------------------------------------------------------
[INFO]  T E S T S
[INFO] -------------------------------------------------------
[INFO] Running com.gruelbox.transactionoutbox.acceptance.TestRequestSerialization
20:10:40.109 [main] INFO  SESSION-KEY= o.h.v.i.u.Version - HV000001: Hibernate Validator 6.2.3.Final
20:10:40.440 [main] INFO  SESSION-KEY= c.g.t.DefaultMigrationManager - Running migration: Create outbox table
20:10:40.449 [main] INFO  SESSION-KEY= c.g.t.DefaultMigrationManager - Running migration: Add unique request id
20:10:40.458 [main] INFO  SESSION-KEY= c.g.t.DefaultMigrationManager - Running migration: Add processed flag
20:10:40.464 [main] INFO  SESSION-KEY= c.g.t.DefaultMigrationManager - Running migration: Add flush index
20:10:40.466 [main] INFO  SESSION-KEY= c.g.t.DefaultMigrationManager - Running migration: Increase size of uniqueRequestId
20:10:40.473 [main] INFO  SESSION-KEY= c.g.t.DefaultMigrationManager - Running migration: Rename column blacklisted to blocked
20:10:40.473 [main] INFO  SESSION-KEY= c.g.t.DefaultMigrationManager - Running migration: Add lastAttemptTime column to outbox
20:10:40.479 [main] INFO  SESSION-KEY= c.g.t.DefaultMigrationManager - Running migration: Update length of invocation column on outbox for MySQL dialects only.
20:10:40.786 [pool-2-thread-1] INFO  SESSION-KEY= c.g.t.TransactionOutboxImpl - Processing com.gruelbox.transactionoutbox.acceptance.TestRequestSerialization$ComplexProcessor.process(com.gruelbox.transactionoutbox.acceptance.TestRequestSerialization$Arg@6ab4ba9f) [3bbbe1ba-ef65-46d4-a8bb-8986012a36af]
20:10:40.790 [pool-2-thread-1] INFO  SESSION-KEY= c.g.t.TransactionOutboxImpl - Processed com.gruelbox.transactionoutbox.acceptance.TestRequestSerialization$ComplexProcessor.process(com.gruelbox.transactionoutbox.acceptance.TestRequestSerialization$Arg@6ab4ba9f) [3bbbe1ba-ef65-46d4-a8bb-8986012a36af]
[INFO] Tests run: 1, Failures: 0, Errors: 0, Skipped: 0, Time elapsed: 0.893 s - in com.gruelbox.transactionoutbox.acceptance.TestRequestSerialization
[INFO] Running com.gruelbox.transactionoutbox.acceptance.TestPostgres12
20:10:40.874 [main] WARN  SESSION-KEY= o.t.u.TestcontainersConfiguration - Attempted to read Testcontainers configuration file at file:/home/gabsko/.testcontainers.properties but the file was not found. Exception message: FileNotFoundException: /home/gabsko/.testcontainers.properties (No such file or directory)
20:10:41.210 [ducttape-0] INFO  SESSION-KEY= c.g.d.z.s.o.a.h.c.h.i.c.HttpRequestRetryExec - Recoverable I/O exception (java.io.IOException) caught when processing request to {}->unix://localhost:2375
20:10:41.312 [ducttape-0] INFO  SESSION-KEY= c.g.d.z.s.o.a.h.c.h.i.c.HttpRequestRetryExec - Recoverable I/O exception (java.io.IOException) caught when processing request to {}->unix://localhost:2375
20:10:41.415 [ducttape-0] INFO  SESSION-KEY= c.g.d.z.s.o.a.h.c.h.i.c.HttpRequestRetryExec - Recoverable I/O exception (java.io.IOException) caught when processing request to {}->unix://localhost:2375
20:10:41.518 [ducttape-0] INFO  SESSION-KEY= c.g.d.z.s.o.a.h.c.h.i.c.HttpRequestRetryExec - Recoverable I/O exception (java.io.IOException) caught when processing request to {}->unix://localhost:2375
20:10:41.621 [ducttape-0] INFO  SESSION-KEY= c.g.d.z.s.o.a.h.c.h.i.c.HttpRequestRetryExec - Recoverable I/O exception (java.io.IOException) caught when processing request to {}->unix://localhost:2375
20:10:41.724 [ducttape-0] INFO  SESSION-KEY= c.g.d.z.s.o.a.h.c.h.i.c.HttpRequestRetryExec - Recoverable I/O exception (java.io.IOException) caught when processing request to {}->unix://localhost:2375
20:10:41.826 [ducttape-0] INFO  SESSION-KEY= c.g.d.z.s.o.a.h.c.h.i.c.HttpRequestRetryExec - Recoverable I/O exception (java.io.IOException) caught when processing request to {}->unix://localhost:2375
20:10:41.930 [ducttape-0] INFO  SESSION-KEY= c.g.d.z.s.o.a.h.c.h.i.c.HttpRequestRetryExec - Recoverable I/O exception (java.io.IOException) caught when processing request to {}->unix://localhost:2375
20:10:42.033 [ducttape-0] INFO  SESSION-KEY= c.g.d.z.s.o.a.h.c.h.i.c.HttpRequestRetryExec - Recoverable I/O exception (java.io.IOException) caught when processing request to {}->unix://localhost:2375
20:10:42.136 [ducttape-0] INFO  SESSION-KEY= c.g.d.z.s.o.a.h.c.h.i.c.HttpRequestRetryExec - Recoverable I/O exception (java.io.IOException) caught when processing request to {}->unix://localhost:2375
20:10:42.240 [ducttape-0] INFO  SESSION-KEY= c.g.d.z.s.o.a.h.c.h.i.c.HttpRequestRetryExec - Recoverable I/O exception (java.io.IOException) caught when processing request to {}->unix://localhost:2375
20:10:42.343 [ducttape-0] INFO  SESSION-KEY= c.g.d.z.s.o.a.h.c.h.i.c.HttpRequestRetryExec - Recoverable I/O exception (java.io.IOException) caught when processing request to {}->unix://localhost:2375
20:10:42.447 [ducttape-0] INFO  SESSION-KEY= c.g.d.z.s.o.a.h.c.h.i.c.HttpRequestRetryExec - Recoverable I/O exception (java.io.IOException) caught when processing request to {}->unix://localhost:2375
20:10:42.549 [ducttape-0] INFO  SESSION-KEY= c.g.d.z.s.o.a.h.c.h.i.c.HttpRequestRetryExec - Recoverable I/O exception (java.io.IOException) caught when processing request to {}->unix://localhost:2375
20:10:42.653 [ducttape-0] INFO  SESSION-KEY= c.g.d.z.s.o.a.h.c.h.i.c.HttpRequestRetryExec - Recoverable I/O exception (java.io.IOException) caught when processing request to {}->unix://localhost:2375
20:10:42.756 [ducttape-0] INFO  SESSION-KEY= c.g.d.z.s.o.a.h.c.h.i.c.HttpRequestRetryExec - Recoverable I/O exception (java.io.IOException) caught when processing request to {}->unix://localhost:2375
20:10:42.859 [ducttape-0] INFO  SESSION-KEY= c.g.d.z.s.o.a.h.c.h.i.c.HttpRequestRetryExec - Recoverable I/O exception (java.io.IOException) caught when processing request to {}->unix://localhost:2375
20:10:42.961 [ducttape-0] INFO  SESSION-KEY= c.g.d.z.s.o.a.h.c.h.i.c.HttpRequestRetryExec - Recoverable I/O exception (java.io.IOException) caught when processing request to {}->unix://localhost:2375
20:10:43.063 [ducttape-0] INFO  SESSION-KEY= c.g.d.z.s.o.a.h.c.h.i.c.HttpRequestRetryExec - Recoverable I/O exception (java.io.IOException) caught when processing request to {}->unix://localhost:2375
20:10:43.167 [ducttape-0] INFO  SESSION-KEY= c.g.d.z.s.o.a.h.c.h.i.c.HttpRequestRetryExec - Recoverable I/O exception (java.io.IOException) caught when processing request to {}->unix://localhost:2375
20:10:43.270 [ducttape-0] INFO  SESSION-KEY= c.g.d.z.s.o.a.h.c.h.i.c.HttpRequestRetryExec - Recoverable I/O exception (java.io.IOException) caught when processing request to {}->unix://localhost:2375
20:10:43.373 [ducttape-0] INFO  SESSION-KEY= c.g.d.z.s.o.a.h.c.h.i.c.HttpRequestRetryExec - Recoverable I/O exception (java.io.IOException) caught when processing request to {}->unix://localhost:2375
20:10:43.476 [ducttape-0] INFO  SESSION-KEY= c.g.d.z.s.o.a.h.c.h.i.c.HttpRequestRetryExec - Recoverable I/O exception (java.io.IOException) caught when processing request to {}->unix://localhost:2375
20:10:43.578 [ducttape-0] INFO  SESSION-KEY= c.g.d.z.s.o.a.h.c.h.i.c.HttpRequestRetryExec - Recoverable I/O exception (java.io.IOException) caught when processing request to {}->unix://localhost:2375
20:10:43.680 [ducttape-0] INFO  SESSION-KEY= c.g.d.z.s.o.a.h.c.h.i.c.HttpRequestRetryExec - Recoverable I/O exception (java.io.IOException) caught when processing request to {}->unix://localhost:2375
20:10:43.783 [ducttape-0] INFO  SESSION-KEY= c.g.d.z.s.o.a.h.c.h.i.c.HttpRequestRetryExec - Recoverable I/O exception (java.io.IOException) caught when processing request to {}->unix://localhost:2375
20:10:43.885 [ducttape-0] INFO  SESSION-KEY= c.g.d.z.s.o.a.h.c.h.i.c.HttpRequestRetryExec - Recoverable I/O exception (java.io.IOException) caught when processing request to {}->unix://localhost:2375
20:10:43.988 [ducttape-0] INFO  SESSION-KEY= c.g.d.z.s.o.a.h.c.h.i.c.HttpRequestRetryExec - Recoverable I/O exception (java.io.IOException) caught when processing request to {}->unix://localhost:2375
20:10:44.090 [ducttape-0] INFO  SESSION-KEY= c.g.d.z.s.o.a.h.c.h.i.c.HttpRequestRetryExec - Recoverable I/O exception (java.io.IOException) caught when processing request to {}->unix://localhost:2375
20:10:44.193 [ducttape-0] INFO  SESSION-KEY= c.g.d.z.s.o.a.h.c.h.i.c.HttpRequestRetryExec - Recoverable I/O exception (java.io.IOException) caught when processing request to {}->unix://localhost:2375
20:10:44.296 [ducttape-0] INFO  SESSION-KEY= c.g.d.z.s.o.a.h.c.h.i.c.HttpRequestRetryExec - Recoverable I/O exception (java.io.IOException) caught when processing request to {}->unix://localhost:2375
20:10:44.399 [ducttape-0] INFO  SESSION-KEY= c.g.d.z.s.o.a.h.c.h.i.c.HttpRequestRetryExec - Recoverable I/O exception (java.io.IOException) caught when processing request to {}->unix://localhost:2375
20:10:44.502 [ducttape-0] INFO  SESSION-KEY= c.g.d.z.s.o.a.h.c.h.i.c.HttpRequestRetryExec - Recoverable I/O exception (java.io.IOException) caught when processing request to {}->unix://localhost:2375
20:10:44.637 [ducttape-0] INFO  SESSION-KEY= c.g.d.z.s.o.a.h.c.h.i.c.HttpRequestRetryExec - Recoverable I/O exception (java.io.IOException) caught when processing request to {}->unix://localhost:2375
20:10:44.740 [ducttape-0] INFO  SESSION-KEY= c.g.d.z.s.o.a.h.c.h.i.c.HttpRequestRetryExec - Recoverable I/O exception (java.io.IOException) caught when processing request to {}->unix://localhost:2375
20:10:44.842 [ducttape-0] INFO  SESSION-KEY= c.g.d.z.s.o.a.h.c.h.i.c.HttpRequestRetryExec - Recoverable I/O exception (java.io.IOException) caught when processing request to {}->unix://localhost:2375
20:10:44.945 [ducttape-0] INFO  SESSION-KEY= c.g.d.z.s.o.a.h.c.h.i.c.HttpRequestRetryExec - Recoverable I/O exception (java.io.IOException) caught when processing request to {}->unix://localhost:2375
20:10:45.048 [ducttape-0] INFO  SESSION-KEY= c.g.d.z.s.o.a.h.c.h.i.c.HttpRequestRetryExec - Recoverable I/O exception (java.io.IOException) caught when processing request to {}->unix://localhost:2375
20:10:45.150 [ducttape-0] INFO  SESSION-KEY= c.g.d.z.s.o.a.h.c.h.i.c.HttpRequestRetryExec - Recoverable I/O exception (java.io.IOException) caught when processing request to {}->unix://localhost:2375
20:10:45.253 [ducttape-0] INFO  SESSION-KEY= c.g.d.z.s.o.a.h.c.h.i.c.HttpRequestRetryExec - Recoverable I/O exception (java.io.IOException) caught when processing request to {}->unix://localhost:2375
20:10:45.355 [ducttape-0] INFO  SESSION-KEY= c.g.d.z.s.o.a.h.c.h.i.c.HttpRequestRetryExec - Recoverable I/O exception (java.io.IOException) caught when processing request to {}->unix://localhost:2375
20:10:45.458 [ducttape-0] INFO  SESSION-KEY= c.g.d.z.s.o.a.h.c.h.i.c.HttpRequestRetryExec - Recoverable I/O exception (java.io.IOException) caught when processing request to {}->unix://localhost:2375
20:10:45.561 [ducttape-0] INFO  SESSION-KEY= c.g.d.z.s.o.a.h.c.h.i.c.HttpRequestRetryExec - Recoverable I/O exception (java.io.IOException) caught when processing request to {}->unix://localhost:2375
20:10:45.663 [ducttape-0] INFO  SESSION-KEY= c.g.d.z.s.o.a.h.c.h.i.c.HttpRequestRetryExec - Recoverable I/O exception (java.io.IOException) caught when processing request to {}->unix://localhost:2375
20:10:45.766 [ducttape-0] INFO  SESSION-KEY= c.g.d.z.s.o.a.h.c.h.i.c.HttpRequestRetryExec - Recoverable I/O exception (java.io.IOException) caught when processing request to {}->unix://localhost:2375
20:10:45.868 [ducttape-0] INFO  SESSION-KEY= c.g.d.z.s.o.a.h.c.h.i.c.HttpRequestRetryExec - Recoverable I/O exception (java.io.IOException) caught when processing request to {}->unix://localhost:2375
20:10:45.971 [ducttape-0] INFO  SESSION-KEY= c.g.d.z.s.o.a.h.c.h.i.c.HttpRequestRetryExec - Recoverable I/O exception (java.io.IOException) caught when processing request to {}->unix://localhost:2375
20:10:46.073 [ducttape-0] INFO  SESSION-KEY= c.g.d.z.s.o.a.h.c.h.i.c.HttpRequestRetryExec - Recoverable I/O exception (java.io.IOException) caught when processing request to {}->unix://localhost:2375
20:10:46.131 [main] INFO  SESSION-KEY= o.t.d.DockerMachineClientProviderStrategy - docker-machine executable was not found on PATH ([/home/gabsko/apache-maven-3.8.6/bin, /usr/local/sbin, /usr/local/bin, /usr/sbin, /usr/bin, /sbin, /bin, /usr/games, /usr/local/games, /snap/bin])
20:10:46.131 [main] ERROR SESSION-KEY= o.t.d.DockerClientProviderStrategy - Could not find a valid Docker environment. Please check configuration. Attempted configurations were:
20:10:46.131 [main] ERROR SESSION-KEY= o.t.d.DockerClientProviderStrategy -     UnixSocketClientProviderStrategy: failed with exception TimeoutException (Timeout waiting for result with exception). Root cause LastErrorException ([13] Permission denied)
20:10:46.131 [main] ERROR SESSION-KEY= o.t.d.DockerClientProviderStrategy - As no valid configuration was found, execution cannot continue
[ERROR] Tests run: 1, Failures: 0, Errors: 1, Skipped: 0, Time elapsed: 5.304 s <<< FAILURE! - in com.gruelbox.transactionoutbox.acceptance.TestPostgres12
[ERROR] com.gruelbox.transactionoutbox.acceptance.TestPostgres12  Time elapsed: 5.304 s  <<< ERROR!
java.lang.IllegalStateException: Could not find a valid Docker environment. Please see logs and check configuration

[INFO] Running com.gruelbox.transactionoutbox.acceptance.TestStubbing
20:10:46.174 [main] INFO  SESSION-KEY= c.g.t.TransactionOutboxImpl - Processing com.gruelbox.transactionoutbox.acceptance.TestStubbing$Interface.doThing(1, null) [d25e920e-fbca-47d2-9fb2-ae0b84993ffd]
20:10:46.175 [main] INFO  SESSION-KEY= c.g.t.TransactionOutboxImpl - Processed com.gruelbox.transactionoutbox.acceptance.TestStubbing$Interface.doThing(1, null) [d25e920e-fbca-47d2-9fb2-ae0b84993ffd]
20:10:46.215 [main] INFO  SESSION-KEY= c.g.t.TransactionOutboxImpl - Processing com.gruelbox.transactionoutbox.acceptance.TestStubbing$Interface.doThing(1, null) [583486b6-ea06-4ed2-9b97-1eb13270dd29]
20:10:46.215 [main] INFO  SESSION-KEY= c.g.t.TransactionOutboxImpl - Processed com.gruelbox.transactionoutbox.acceptance.TestStubbing$Interface.doThing(1, null) [583486b6-ea06-4ed2-9b97-1eb13270dd29]
20:10:46.231 [main] INFO  SESSION-KEY= c.g.t.TransactionOutboxImpl - Processing com.gruelbox.transactionoutbox.acceptance.TestStubbing$Interface.doThing(1, "2", [1, 10]) [e079a0ba-a42d-4a8e-b164-7d409dcd8128]
20:10:46.232 [main] INFO  SESSION-KEY= c.g.t.TransactionOutboxImpl - Processed com.gruelbox.transactionoutbox.acceptance.TestStubbing$Interface.doThing(1, "2", [1, 10]) [e079a0ba-a42d-4a8e-b164-7d409dcd8128]
20:10:46.232 [main] INFO  SESSION-KEY= c.g.t.TransactionOutboxImpl - Processing com.gruelbox.transactionoutbox.acceptance.TestStubbing$Interface.doThing(2, "3", []) [f69acf36-1c8e-41ff-a3f3-dae9a961e173]
20:10:46.232 [main] INFO  SESSION-KEY= c.g.t.TransactionOutboxImpl - Processed com.gruelbox.transactionoutbox.acceptance.TestStubbing$Interface.doThing(2, "3", []) [f69acf36-1c8e-41ff-a3f3-dae9a961e173]
20:10:46.232 [main] INFO  SESSION-KEY= c.g.t.TransactionOutboxImpl - Processing com.gruelbox.transactionoutbox.acceptance.TestStubbing$Interface.doThing(3, null, null) [187bbd27-beee-45c3-974b-8cc7a88ea11e]
20:10:46.232 [main] INFO  SESSION-KEY= c.g.t.TransactionOutboxImpl - Processed com.gruelbox.transactionoutbox.acceptance.TestStubbing$Interface.doThing(3, null, null) [187bbd27-beee-45c3-974b-8cc7a88ea11e]
20:10:46.232 [main] INFO  SESSION-KEY= c.g.t.TransactionOutboxImpl - Processing com.gruelbox.transactionoutbox.acceptance.TestStubbing$Interface.doThing(4, null, null) [e09dd928-bac4-46fe-a737-bbe7e4f6c6f6]
20:10:46.232 [main] INFO  SESSION-KEY= c.g.t.TransactionOutboxImpl - Processed com.gruelbox.transactionoutbox.acceptance.TestStubbing$Interface.doThing(4, null, null) [e09dd928-bac4-46fe-a737-bbe7e4f6c6f6]
[INFO] Tests run: 4, Failures: 0, Errors: 0, Skipped: 0, Time elapsed: 0.094 s - in com.gruelbox.transactionoutbox.acceptance.TestStubbing
[INFO] Running com.gruelbox.transactionoutbox.acceptance.TestH2
20:10:46.256 [main] INFO  SESSION-KEY= c.g.t.TransactionOutboxImpl - Processing com.gruelbox.transactionoutbox.acceptance.ClassProcessor.process("1") [cffc92e9-f801-435a-805a-b62b70e0ebfb] uid=[context-clientkey1]
20:10:46.257 [main] INFO  SESSION-KEY= c.g.t.a.ClassProcessor - Processing work: 1
20:10:46.257 [main] INFO  SESSION-KEY= c.g.t.TransactionOutboxImpl - Processed com.gruelbox.transactionoutbox.acceptance.ClassProcessor.process("1") [cffc92e9-f801-435a-805a-b62b70e0ebfb] uid=[context-clientkey1]
20:10:46.260 [main] INFO  SESSION-KEY= c.g.t.TransactionOutboxImpl - Processing com.gruelbox.transactionoutbox.acceptance.ClassProcessor.process("2") [d12d62e0-92a6-4c59-80c6-99b0961a319f] uid=[context-clientkey2]
20:10:46.260 [main] INFO  SESSION-KEY= c.g.t.a.ClassProcessor - Processing work: 2
20:10:46.260 [main] INFO  SESSION-KEY= c.g.t.TransactionOutboxImpl - Processed com.gruelbox.transactionoutbox.acceptance.ClassProcessor.process("2") [d12d62e0-92a6-4c59-80c6-99b0961a319f] uid=[context-clientkey2]
20:10:46.270 [main] INFO  SESSION-KEY= c.g.t.TransactionOutboxImpl - Processing com.gruelbox.transactionoutbox.acceptance.ClassProcessor.process("4") [d3ea823b-2d85-46ea-bbc2-a3a4c8d364b6] uid=[context-clientkey4]
20:10:46.270 [main] INFO  SESSION-KEY= c.g.t.a.ClassProcessor - Processing work: 4
20:10:46.270 [main] INFO  SESSION-KEY= c.g.t.TransactionOutboxImpl - Processed com.gruelbox.transactionoutbox.acceptance.ClassProcessor.process("4") [d3ea823b-2d85-46ea-bbc2-a3a4c8d364b6] uid=[context-clientkey4]
20:10:46.274 [main] INFO  SESSION-KEY= c.g.t.TransactionOutboxImpl - Expired idempotency protection on 2 requests completed more than 2d:00h:00m:00s ago
20:10:46.276 [main] INFO  SESSION-KEY= c.g.t.TransactionOutboxImpl - Processing com.gruelbox.transactionoutbox.acceptance.ClassProcessor.process("6") [56a3b05a-b735-4e1f-9f45-a2022a0261eb] uid=[context-clientkey1]
20:10:46.276 [main] INFO  SESSION-KEY= c.g.t.a.ClassProcessor - Processing work: 6
20:10:46.276 [main] INFO  SESSION-KEY= c.g.t.TransactionOutboxImpl - Processed com.gruelbox.transactionoutbox.acceptance.ClassProcessor.process("6") [56a3b05a-b735-4e1f-9f45-a2022a0261eb] uid=[context-clientkey1]
20:10:46.291 [main] WARN  SESSION-KEY= c.g.t.SimpleTransactionManager - Exception in transactional block (IllegalStateException - Not initialized). Rolling back. See later messages for detail
20:10:46.326 [pool-7-thread-1] INFO  SESSION-KEY= c.g.t.TransactionOutboxImpl - Processing BEEF.process(3, "Whee") [fae57512-2d71-44dd-b81d-eeb08ba8bfe5]
20:10:46.328 [pool-7-thread-1] INFO  SESSION-KEY= c.g.t.a.AbstractAcceptanceTest - Processing (3, Whee)
20:10:46.328 [pool-7-thread-1] WARN  SESSION-KEY= c.g.t.SimpleTransactionManager - Exception in transactional block (InvocationTargetException). Rolling back. See later messages for detail
20:10:46.337 [pool-7-thread-1] WARN  SESSION-KEY= c.g.t.TransactionOutboxImpl - Temporarily failed to process entry fae57512-2d71-44dd-b81d-eeb08ba8bfe5 : BEEF.process(3, "Whee") [fae57512-2d71-44dd-b81d-eeb08ba8bfe5]
java.lang.RuntimeException: Temporary failure
	at com.gruelbox.transactionoutbox.acceptance.AbstractAcceptanceTest$FailingInstantiator.lambda$getInstance$0(AbstractAcceptanceTest.java:677)
	at java.base/jdk.internal.reflect.NativeMethodAccessorImpl.invoke0(Native Method)
	at java.base/jdk.internal.reflect.NativeMethodAccessorImpl.invoke(NativeMethodAccessorImpl.java:62)
	at java.base/jdk.internal.reflect.DelegatingMethodAccessorImpl.invoke(DelegatingMethodAccessorImpl.java:43)
	at java.base/java.lang.reflect.Method.invoke(Method.java:566)
	at com.gruelbox.transactionoutbox.Invocation.lambda$invoke$1(Invocation.java:107)
	at com.gruelbox.transactionoutbox.TransactionOutboxListener.wrapInvocation(TransactionOutboxListener.java:35)
	at com.gruelbox.transactionoutbox.Invocation.invoke(Invocation.java:107)
	at com.gruelbox.transactionoutbox.TransactionOutboxImpl.invoke(TransactionOutboxImpl.java:297)
	at com.gruelbox.transactionoutbox.TransactionOutboxImpl.lambda$processNow$13(TransactionOutboxImpl.java:265)
	at com.gruelbox.transactionoutbox.SimpleTransactionManager.processAndCommitOrRollback(SimpleTransactionManager.java:34)
	at com.gruelbox.transactionoutbox.SimpleTransactionManager.lambda$inTransactionReturnsThrows$0(SimpleTransactionManager.java:24)
	at com.gruelbox.transactionoutbox.SimpleTransactionManager.withTransaction(SimpleTransactionManager.java:64)
	at com.gruelbox.transactionoutbox.SimpleTransactionManager.inTransactionReturnsThrows(SimpleTransactionManager.java:22)
	at com.gruelbox.transactionoutbox.TransactionOutboxImpl.processNow(TransactionOutboxImpl.java:259)
	at com.gruelbox.transactionoutbox.ExecutorSubmitter.lambda$submit$0(ExecutorSubmitter.java:60)
	at java.base/java.util.concurrent.ThreadPoolExecutor.runWorker(ThreadPoolExecutor.java:1128)
	at java.base/java.util.concurrent.ThreadPoolExecutor$Worker.run(ThreadPoolExecutor.java:628)
	at java.base/java.lang.Thread.run(Thread.java:829)
20:10:47.084 [pool-7-thread-2] INFO  SESSION-KEY= c.g.t.TransactionOutboxImpl - Processing BEEF.process(3, "Whee") [fae57512-2d71-44dd-b81d-eeb08ba8bfe5]
20:10:47.084 [pool-7-thread-2] INFO  SESSION-KEY= c.g.t.a.AbstractAcceptanceTest - Processing (3, Whee)
20:10:47.085 [pool-7-thread-2] WARN  SESSION-KEY= c.g.t.SimpleTransactionManager - Exception in transactional block (InvocationTargetException). Rolling back. See later messages for detail
20:10:47.087 [pool-7-thread-2] ERROR SESSION-KEY= c.g.t.TransactionOutboxImpl - Blocking failing entry fae57512-2d71-44dd-b81d-eeb08ba8bfe5 after 2 attempts: BEEF.process(3, "Whee") [fae57512-2d71-44dd-b81d-eeb08ba8bfe5]
java.lang.RuntimeException: Temporary failure
	at com.gruelbox.transactionoutbox.acceptance.AbstractAcceptanceTest$FailingInstantiator.lambda$getInstance$0(AbstractAcceptanceTest.java:677)
	at java.base/jdk.internal.reflect.NativeMethodAccessorImpl.invoke0(Native Method)
	at java.base/jdk.internal.reflect.NativeMethodAccessorImpl.invoke(NativeMethodAccessorImpl.java:62)
	at java.base/jdk.internal.reflect.DelegatingMethodAccessorImpl.invoke(DelegatingMethodAccessorImpl.java:43)
	at java.base/java.lang.reflect.Method.invoke(Method.java:566)
	at com.gruelbox.transactionoutbox.Invocation.lambda$invoke$1(Invocation.java:107)
	at com.gruelbox.transactionoutbox.TransactionOutboxListener.wrapInvocation(TransactionOutboxListener.java:35)
	at com.gruelbox.transactionoutbox.Invocation.invoke(Invocation.java:107)
	at com.gruelbox.transactionoutbox.TransactionOutboxImpl.invoke(TransactionOutboxImpl.java:297)
	at com.gruelbox.transactionoutbox.TransactionOutboxImpl.lambda$processNow$13(TransactionOutboxImpl.java:265)
	at com.gruelbox.transactionoutbox.SimpleTransactionManager.processAndCommitOrRollback(SimpleTransactionManager.java:34)
	at com.gruelbox.transactionoutbox.SimpleTransactionManager.lambda$inTransactionReturnsThrows$0(SimpleTransactionManager.java:24)
	at com.gruelbox.transactionoutbox.SimpleTransactionManager.withTransaction(SimpleTransactionManager.java:64)
	at com.gruelbox.transactionoutbox.SimpleTransactionManager.inTransactionReturnsThrows(SimpleTransactionManager.java:22)
	at com.gruelbox.transactionoutbox.TransactionOutboxImpl.processNow(TransactionOutboxImpl.java:259)
	at com.gruelbox.transactionoutbox.ExecutorSubmitter.lambda$submit$0(ExecutorSubmitter.java:60)
	at java.base/java.util.concurrent.ThreadPoolExecutor.runWorker(ThreadPoolExecutor.java:1128)
	at java.base/java.util.concurrent.ThreadPoolExecutor$Worker.run(ThreadPoolExecutor.java:628)
	at java.base/java.lang.Thread.run(Thread.java:829)
20:10:47.090 [main] INFO  SESSION-KEY= c.g.t.TransactionOutboxImpl - Unblocking entry fae57512-2d71-44dd-b81d-eeb08ba8bfe5 for retry.
20:10:47.594 [pool-7-thread-1] INFO  SESSION-KEY= c.g.t.TransactionOutboxImpl - Processing BEEF.process(3, "Whee") [fae57512-2d71-44dd-b81d-eeb08ba8bfe5]
20:10:47.594 [pool-7-thread-1] INFO  SESSION-KEY= c.g.t.a.AbstractAcceptanceTest - Processing (3, Whee)
20:10:47.594 [pool-7-thread-1] INFO  SESSION-KEY= c.g.t.a.AbstractAcceptanceTest - Processed (3, Whee)
20:10:47.595 [pool-7-thread-1] INFO  SESSION-KEY= c.g.t.TransactionOutboxImpl - Processed BEEF.process(3, "Whee") [fae57512-2d71-44dd-b81d-eeb08ba8bfe5]
20:10:47.596 [main] INFO  SESSION-KEY= c.g.t.a.AbstractAcceptanceTest - The entry life cycle is: [TransactionOutboxEntry(id=fae57512-2d71-44dd-b81d-eeb08ba8bfe5, uniqueRequestId=null, invocation=Invocation(className=BEEF, methodName=process, parameterTypes=[int, class java.lang.String], args=[3, Whee], mdc=null), lastAttemptTime=null, nextAttemptTime=2023-02-11T20:10:46.821Z, attempts=0, blocked=false, processed=false, version=0), TransactionOutboxEntry(id=fae57512-2d71-44dd-b81d-eeb08ba8bfe5, uniqueRequestId=null, invocation=Invocation(className=BEEF, methodName=process, parameterTypes=[int, class java.lang.String], args=[3, Whee], mdc=null), lastAttemptTime=2023-02-11T20:10:46.329018Z, nextAttemptTime=2023-02-11T20:10:46.829Z, attempts=1, blocked=false, processed=false, version=1), TransactionOutboxEntry(id=fae57512-2d71-44dd-b81d-eeb08ba8bfe5, uniqueRequestId=null, invocation=Invocation(className=BEEF, methodName=process, parameterTypes=[int, class java.lang.String], args=[3, Whee], mdc=null), lastAttemptTime=2023-02-11T20:10:47.085581Z, nextAttemptTime=2023-02-11T20:10:47.585Z, attempts=2, blocked=true, processed=false, version=3), TransactionOutboxEntry(id=fae57512-2d71-44dd-b81d-eeb08ba8bfe5, uniqueRequestId=null, invocation=Invocation(className=BEEF, methodName=process, parameterTypes=[int, class java.lang.String], args=[3, Whee], mdc=null), lastAttemptTime=2023-02-11T20:10:47.590378Z, nextAttemptTime=2023-02-11T20:10:48.090Z, attempts=0, blocked=false, processed=false, version=4)]
20:10:49.660 [main] INFO  SESSION-KEY= c.g.t.a.AbstractAcceptanceTest - Got scheduled event
20:10:49.663 [pool-8-thread-1] INFO  SESSION-KEY= c.g.t.TransactionOutboxImpl - Processing com.gruelbox.transactionoutbox.acceptance.InterfaceProcessor.process(3, "Whee") [c3cbc924-aaec-4628-b7af-4c5127986803]
20:10:49.665 [pool-8-thread-1] INFO  SESSION-KEY= c.g.t.a.AbstractAcceptanceTest - Processing (3, Whee)
20:10:49.666 [pool-8-thread-1] INFO  SESSION-KEY= c.g.t.TransactionOutboxImpl - Processed com.gruelbox.transactionoutbox.acceptance.InterfaceProcessor.process(3, "Whee") [c3cbc924-aaec-4628-b7af-4c5127986803]
20:10:49.696 [pool-10-thread-1] INFO  SESSION-KEY= c.g.t.TransactionOutboxImpl - Processing com.gruelbox.transactionoutbox.acceptance.ClassProcessor.process("f8d8191e-b093-4c64-bc04-8e35c8c86ca7") [a2dbe9d8-5c97-43c5-9ef7-ebd97ceebc4a]
20:10:49.696 [pool-10-thread-1] INFO  SESSION-KEY= c.g.t.a.ClassProcessor - Processing work: f8d8191e-b093-4c64-bc04-8e35c8c86ca7
20:10:49.697 [pool-10-thread-1] INFO  SESSION-KEY= c.g.t.TransactionOutboxImpl - Processed com.gruelbox.transactionoutbox.acceptance.ClassProcessor.process("f8d8191e-b093-4c64-bc04-8e35c8c86ca7") [a2dbe9d8-5c97-43c5-9ef7-ebd97ceebc4a]
20:10:49.731 [pool-11-thread-1] INFO  SESSION-KEY= c.g.t.TransactionOutboxImpl - Processing com.gruelbox.transactionoutbox.acceptance.InterfaceProcessor.process(60, "Whee") [e2514216-7068-468b-a8ad-446bbb46529c]
20:10:49.731 [pool-11-thread-2] INFO  SESSION-KEY= c.g.t.TransactionOutboxImpl - Processing com.gruelbox.transactionoutbox.acceptance.InterfaceProcessor.process(61, "Whee") [6c0b24fe-c2b1-4760-8046-19e5b298c528]
20:10:49.732 [pool-11-thread-1] INFO  SESSION-KEY= c.g.t.a.AbstractAcceptanceTest - Processing (60, Whee)
20:10:49.732 [pool-11-thread-2] INFO  SESSION-KEY= c.g.t.a.AbstractAcceptanceTest - Processing (61, Whee)
20:10:49.734 [pool-11-thread-1] INFO  SESSION-KEY= c.g.t.a.AbstractAcceptanceTest - Processed (60, Whee)
20:10:49.734 [pool-11-thread-2] INFO  SESSION-KEY= c.g.t.a.AbstractAcceptanceTest - Processed (61, Whee)
20:10:49.735 [pool-11-thread-1] INFO  SESSION-KEY= c.g.t.TransactionOutboxImpl - Processed com.gruelbox.transactionoutbox.acceptance.InterfaceProcessor.process(60, "Whee") [e2514216-7068-468b-a8ad-446bbb46529c]
20:10:49.735 [pool-11-thread-2] INFO  SESSION-KEY= c.g.t.TransactionOutboxImpl - Processed com.gruelbox.transactionoutbox.acceptance.InterfaceProcessor.process(61, "Whee") [6c0b24fe-c2b1-4760-8046-19e5b298c528]
20:10:49.737 [pool-11-thread-1] INFO  SESSION-KEY= c.g.t.TransactionOutboxImpl - Processing com.gruelbox.transactionoutbox.acceptance.InterfaceProcessor.process(62, "Whee") [1c0e38ff-ce02-46f7-aea2-988cc2136040]
20:10:49.737 [pool-11-thread-1] INFO  SESSION-KEY= c.g.t.a.AbstractAcceptanceTest - Processing (62, Whee)
20:10:49.737 [pool-11-thread-1] INFO  SESSION-KEY= c.g.t.a.AbstractAcceptanceTest - Processed (62, Whee)
20:10:49.738 [pool-11-thread-2] INFO  SESSION-KEY= c.g.t.TransactionOutboxImpl - Processing com.gruelbox.transactionoutbox.acceptance.InterfaceProcessor.process(63, "Whee") [f93eaa65-3184-47ea-8a4b-8e92b32fc9d7]
20:10:49.738 [pool-11-thread-2] INFO  SESSION-KEY= c.g.t.a.AbstractAcceptanceTest - Processing (63, Whee)
20:10:49.738 [pool-11-thread-2] INFO  SESSION-KEY= c.g.t.a.AbstractAcceptanceTest - Processed (63, Whee)
20:10:49.738 [pool-11-thread-1] INFO  SESSION-KEY= c.g.t.TransactionOutboxImpl - Processed com.gruelbox.transactionoutbox.acceptance.InterfaceProcessor.process(62, "Whee") [1c0e38ff-ce02-46f7-aea2-988cc2136040]
20:10:49.740 [pool-11-thread-2] INFO  SESSION-KEY= c.g.t.TransactionOutboxImpl - Processed com.gruelbox.transactionoutbox.acceptance.InterfaceProcessor.process(63, "Whee") [f93eaa65-3184-47ea-8a4b-8e92b32fc9d7]
20:10:49.740 [pool-11-thread-1] INFO  SESSION-KEY= c.g.t.TransactionOutboxImpl - Processing com.gruelbox.transactionoutbox.acceptance.InterfaceProcessor.process(64, "Whee") [608ff534-d236-4dae-9ef9-7052bca984a4]
20:10:49.741 [pool-11-thread-1] INFO  SESSION-KEY= c.g.t.a.AbstractAcceptanceTest - Processing (64, Whee)
20:10:49.741 [pool-11-thread-1] INFO  SESSION-KEY= c.g.t.a.AbstractAcceptanceTest - Processed (64, Whee)
20:10:49.742 [pool-11-thread-2] INFO  SESSION-KEY= c.g.t.TransactionOutboxImpl - Processing com.gruelbox.transactionoutbox.acceptance.InterfaceProcessor.process(65, "Whee") [a0ee86b9-28f2-4a92-99ae-54ec10dd2c28]
20:10:49.742 [pool-11-thread-2] INFO  SESSION-KEY= c.g.t.a.AbstractAcceptanceTest - Processing (65, Whee)
20:10:49.742 [pool-11-thread-2] INFO  SESSION-KEY= c.g.t.a.AbstractAcceptanceTest - Processed (65, Whee)
20:10:49.742 [pool-11-thread-1] INFO  SESSION-KEY= c.g.t.TransactionOutboxImpl - Processed com.gruelbox.transactionoutbox.acceptance.InterfaceProcessor.process(64, "Whee") [608ff534-d236-4dae-9ef9-7052bca984a4]
20:10:49.742 [pool-11-thread-2] INFO  SESSION-KEY= c.g.t.TransactionOutboxImpl - Processed com.gruelbox.transactionoutbox.acceptance.InterfaceProcessor.process(65, "Whee") [a0ee86b9-28f2-4a92-99ae-54ec10dd2c28]
20:10:49.744 [pool-11-thread-2] INFO  SESSION-KEY= c.g.t.TransactionOutboxImpl - Processing com.gruelbox.transactionoutbox.acceptance.InterfaceProcessor.process(67, "Whee") [72ae8695-3ee6-4d00-84ac-40b331a35906]
20:10:49.744 [pool-11-thread-1] INFO  SESSION-KEY= c.g.t.TransactionOutboxImpl - Processing com.gruelbox.transactionoutbox.acceptance.InterfaceProcessor.process(66, "Whee") [2a175214-a622-45e7-882d-783c6665a4bc]
20:10:49.744 [pool-11-thread-2] INFO  SESSION-KEY= c.g.t.a.AbstractAcceptanceTest - Processing (67, Whee)
20:10:49.744 [pool-11-thread-2] INFO  SESSION-KEY= c.g.t.a.AbstractAcceptanceTest - Processed (67, Whee)
20:10:49.744 [pool-11-thread-1] INFO  SESSION-KEY= c.g.t.a.AbstractAcceptanceTest - Processing (66, Whee)
20:10:49.744 [pool-11-thread-1] WARN  SESSION-KEY= c.g.t.SimpleTransactionManager - Exception in transactional block (InvocationTargetException). Rolling back. See later messages for detail
20:10:49.745 [pool-11-thread-2] INFO  SESSION-KEY= c.g.t.TransactionOutboxImpl - Processed com.gruelbox.transactionoutbox.acceptance.InterfaceProcessor.process(67, "Whee") [72ae8695-3ee6-4d00-84ac-40b331a35906]
20:10:49.746 [pool-11-thread-2] INFO  SESSION-KEY= c.g.t.TransactionOutboxImpl - Processing com.gruelbox.transactionoutbox.acceptance.InterfaceProcessor.process(68, "Whee") [2afb1460-a065-4aa1-86fc-17c97e9cb668]
20:10:49.746 [pool-11-thread-2] INFO  SESSION-KEY= c.g.t.a.AbstractAcceptanceTest - Processing (68, Whee)
20:10:49.746 [pool-11-thread-2] INFO  SESSION-KEY= c.g.t.a.AbstractAcceptanceTest - Processed (68, Whee)
20:10:49.747 [pool-11-thread-2] INFO  SESSION-KEY= c.g.t.TransactionOutboxImpl - Processed com.gruelbox.transactionoutbox.acceptance.InterfaceProcessor.process(68, "Whee") [2afb1460-a065-4aa1-86fc-17c97e9cb668]
20:10:49.747 [pool-11-thread-1] WARN  SESSION-KEY= c.g.t.TransactionOutboxImpl - Temporarily failed to process entry 2a175214-a622-45e7-882d-783c6665a4bc : com.gruelbox.transactionoutbox.acceptance.InterfaceProcessor.process(66, "Whee") [2a175214-a622-45e7-882d-783c6665a4bc]
java.lang.RuntimeException: Temporary failure of InterfaceProcessor
	at com.gruelbox.transactionoutbox.acceptance.AbstractAcceptanceTest$RandomFailingInstantiator.lambda$getInstance$0(AbstractAcceptanceTest.java:698)
	at java.base/jdk.internal.reflect.NativeMethodAccessorImpl.invoke0(Native Method)
	at java.base/jdk.internal.reflect.NativeMethodAccessorImpl.invoke(NativeMethodAccessorImpl.java:62)
	at java.base/jdk.internal.reflect.DelegatingMethodAccessorImpl.invoke(DelegatingMethodAccessorImpl.java:43)
	at java.base/java.lang.reflect.Method.invoke(Method.java:566)
	at com.gruelbox.transactionoutbox.Invocation.lambda$invoke$1(Invocation.java:107)
	at com.gruelbox.transactionoutbox.TransactionOutboxListener.wrapInvocation(TransactionOutboxListener.java:35)
	at com.gruelbox.transactionoutbox.Invocation.invoke(Invocation.java:107)
	at com.gruelbox.transactionoutbox.TransactionOutboxImpl.invoke(TransactionOutboxImpl.java:297)
	at com.gruelbox.transactionoutbox.TransactionOutboxImpl.lambda$processNow$13(TransactionOutboxImpl.java:265)
	at com.gruelbox.transactionoutbox.SimpleTransactionManager.processAndCommitOrRollback(SimpleTransactionManager.java:34)
	at com.gruelbox.transactionoutbox.SimpleTransactionManager.lambda$inTransactionReturnsThrows$0(SimpleTransactionManager.java:24)
	at com.gruelbox.transactionoutbox.SimpleTransactionManager.withTransaction(SimpleTransactionManager.java:64)
	at com.gruelbox.transactionoutbox.SimpleTransactionManager.inTransactionReturnsThrows(SimpleTransactionManager.java:22)
	at com.gruelbox.transactionoutbox.TransactionOutboxImpl.processNow(TransactionOutboxImpl.java:259)
	at com.gruelbox.transactionoutbox.ExecutorSubmitter.lambda$submit$0(ExecutorSubmitter.java:60)
	at java.base/java.util.concurrent.ThreadPoolExecutor.runWorker(ThreadPoolExecutor.java:1128)
	at java.base/java.util.concurrent.ThreadPoolExecutor$Worker.run(ThreadPoolExecutor.java:628)
	at java.base/java.lang.Thread.run(Thread.java:829)
20:10:49.748 [pool-11-thread-2] INFO  SESSION-KEY= c.g.t.TransactionOutboxImpl - Processing com.gruelbox.transactionoutbox.acceptance.InterfaceProcessor.process(69, "Whee") [7c173539-9aa8-4d87-ac45-36deeafbb38e]
20:10:49.748 [pool-11-thread-2] INFO  SESSION-KEY= c.g.t.a.AbstractAcceptanceTest - Processing (69, Whee)
20:10:49.748 [pool-11-thread-2] INFO  SESSION-KEY= c.g.t.a.AbstractAcceptanceTest - Processed (69, Whee)
20:10:49.749 [pool-11-thread-2] INFO  SESSION-KEY= c.g.t.TransactionOutboxImpl - Processed com.gruelbox.transactionoutbox.acceptance.InterfaceProcessor.process(69, "Whee") [7c173539-9aa8-4d87-ac45-36deeafbb38e]
20:10:49.749 [pool-11-thread-1] INFO  SESSION-KEY= c.g.t.TransactionOutboxImpl - Processing com.gruelbox.transactionoutbox.acceptance.InterfaceProcessor.process(50, "Whee") [54b93c54-a7e7-4d6f-9611-e6fb6bacdc05]
20:10:49.749 [pool-11-thread-1] INFO  SESSION-KEY= c.g.t.a.AbstractAcceptanceTest - Processing (50, Whee)
20:10:49.749 [pool-11-thread-1] INFO  SESSION-KEY= c.g.t.a.AbstractAcceptanceTest - Processed (50, Whee)
20:10:49.750 [pool-11-thread-2] INFO  SESSION-KEY= c.g.t.TransactionOutboxImpl - Processing com.gruelbox.transactionoutbox.acceptance.InterfaceProcessor.process(51, "Whee") [5c2f4092-9c7c-4852-b737-0e319b0371ee]
20:10:49.750 [pool-11-thread-1] INFO  SESSION-KEY= c.g.t.TransactionOutboxImpl - Processed com.gruelbox.transactionoutbox.acceptance.InterfaceProcessor.process(50, "Whee") [54b93c54-a7e7-4d6f-9611-e6fb6bacdc05]
20:10:49.750 [pool-11-thread-2] INFO  SESSION-KEY= c.g.t.a.AbstractAcceptanceTest - Processing (51, Whee)
20:10:49.750 [pool-11-thread-2] INFO  SESSION-KEY= c.g.t.a.AbstractAcceptanceTest - Processed (51, Whee)
20:10:49.751 [pool-11-thread-2] INFO  SESSION-KEY= c.g.t.TransactionOutboxImpl - Processed com.gruelbox.transactionoutbox.acceptance.InterfaceProcessor.process(51, "Whee") [5c2f4092-9c7c-4852-b737-0e319b0371ee]
20:10:49.752 [pool-11-thread-1] INFO  SESSION-KEY= c.g.t.TransactionOutboxImpl - Processing com.gruelbox.transactionoutbox.acceptance.InterfaceProcessor.process(52, "Whee") [bab35513-7ba5-43c7-a9f3-e74f7408e563]
20:10:49.752 [pool-11-thread-1] INFO  SESSION-KEY= c.g.t.a.AbstractAcceptanceTest - Processing (52, Whee)
20:10:49.752 [pool-11-thread-1] INFO  SESSION-KEY= c.g.t.a.AbstractAcceptanceTest - Processed (52, Whee)
20:10:49.752 [pool-11-thread-2] INFO  SESSION-KEY= c.g.t.TransactionOutboxImpl - Processing com.gruelbox.transactionoutbox.acceptance.InterfaceProcessor.process(53, "Whee") [0abce5c4-e1bd-4c04-8696-f08e9ab0172f]
20:10:49.752 [pool-11-thread-2] INFO  SESSION-KEY= c.g.t.a.AbstractAcceptanceTest - Processing (53, Whee)
20:10:49.752 [pool-11-thread-2] INFO  SESSION-KEY= c.g.t.a.AbstractAcceptanceTest - Processed (53, Whee)
20:10:49.753 [pool-11-thread-1] INFO  SESSION-KEY= c.g.t.TransactionOutboxImpl - Processed com.gruelbox.transactionoutbox.acceptance.InterfaceProcessor.process(52, "Whee") [bab35513-7ba5-43c7-a9f3-e74f7408e563]
20:10:49.753 [pool-11-thread-2] INFO  SESSION-KEY= c.g.t.TransactionOutboxImpl - Processed com.gruelbox.transactionoutbox.acceptance.InterfaceProcessor.process(53, "Whee") [0abce5c4-e1bd-4c04-8696-f08e9ab0172f]
20:10:49.754 [pool-11-thread-2] INFO  SESSION-KEY= c.g.t.TransactionOutboxImpl - Processing com.gruelbox.transactionoutbox.acceptance.InterfaceProcessor.process(55, "Whee") [d60fe24c-08b5-4566-b0d3-909eaf3e3ae0]
20:10:49.754 [pool-11-thread-2] INFO  SESSION-KEY= c.g.t.a.AbstractAcceptanceTest - Processing (55, Whee)
20:10:49.754 [pool-11-thread-2] INFO  SESSION-KEY= c.g.t.a.AbstractAcceptanceTest - Processed (55, Whee)
20:10:49.754 [pool-11-thread-1] INFO  SESSION-KEY= c.g.t.TransactionOutboxImpl - Processing com.gruelbox.transactionoutbox.acceptance.InterfaceProcessor.process(54, "Whee") [b2dbe545-68a0-47ae-a4ef-606c9c84151b]
20:10:49.754 [pool-11-thread-1] INFO  SESSION-KEY= c.g.t.a.AbstractAcceptanceTest - Processing (54, Whee)
20:10:49.754 [pool-11-thread-1] INFO  SESSION-KEY= c.g.t.a.AbstractAcceptanceTest - Processed (54, Whee)
20:10:49.754 [pool-11-thread-2] INFO  SESSION-KEY= c.g.t.TransactionOutboxImpl - Processed com.gruelbox.transactionoutbox.acceptance.InterfaceProcessor.process(55, "Whee") [d60fe24c-08b5-4566-b0d3-909eaf3e3ae0]
20:10:49.754 [pool-11-thread-1] INFO  SESSION-KEY= c.g.t.TransactionOutboxImpl - Processed com.gruelbox.transactionoutbox.acceptance.InterfaceProcessor.process(54, "Whee") [b2dbe545-68a0-47ae-a4ef-606c9c84151b]
20:10:49.755 [pool-11-thread-2] INFO  SESSION-KEY= c.g.t.TransactionOutboxImpl - Processing com.gruelbox.transactionoutbox.acceptance.InterfaceProcessor.process(56, "Whee") [ad3c9fe6-63aa-483e-9a51-c7b28204b4de]
20:10:49.755 [pool-11-thread-2] INFO  SESSION-KEY= c.g.t.a.AbstractAcceptanceTest - Processing (56, Whee)
20:10:49.755 [pool-11-thread-2] INFO  SESSION-KEY= c.g.t.a.AbstractAcceptanceTest - Processed (56, Whee)
20:10:49.756 [pool-11-thread-1] INFO  SESSION-KEY= c.g.t.TransactionOutboxImpl - Processing com.gruelbox.transactionoutbox.acceptance.InterfaceProcessor.process(57, "Whee") [c41b265c-927d-464f-a8bb-b6819de2cd9a]
20:10:49.756 [pool-11-thread-2] INFO  SESSION-KEY= c.g.t.TransactionOutboxImpl - Processed com.gruelbox.transactionoutbox.acceptance.InterfaceProcessor.process(56, "Whee") [ad3c9fe6-63aa-483e-9a51-c7b28204b4de]
20:10:49.756 [pool-11-thread-1] INFO  SESSION-KEY= c.g.t.a.AbstractAcceptanceTest - Processing (57, Whee)
20:10:49.756 [pool-11-thread-1] INFO  SESSION-KEY= c.g.t.a.AbstractAcceptanceTest - Processed (57, Whee)
20:10:49.756 [pool-11-thread-1] INFO  SESSION-KEY= c.g.t.TransactionOutboxImpl - Processed com.gruelbox.transactionoutbox.acceptance.InterfaceProcessor.process(57, "Whee") [c41b265c-927d-464f-a8bb-b6819de2cd9a]
20:10:49.757 [pool-11-thread-2] INFO  SESSION-KEY= c.g.t.TransactionOutboxImpl - Processing com.gruelbox.transactionoutbox.acceptance.InterfaceProcessor.process(90, "Whee") [c17568fb-1317-4fe2-adc4-e1404556462d]
20:10:49.757 [pool-11-thread-2] INFO  SESSION-KEY= c.g.t.a.AbstractAcceptanceTest - Processing (90, Whee)
20:10:49.757 [pool-11-thread-2] INFO  SESSION-KEY= c.g.t.a.AbstractAcceptanceTest - Processed (90, Whee)
20:10:49.757 [pool-11-thread-2] INFO  SESSION-KEY= c.g.t.TransactionOutboxImpl - Processed com.gruelbox.transactionoutbox.acceptance.InterfaceProcessor.process(90, "Whee") [c17568fb-1317-4fe2-adc4-e1404556462d]
20:10:49.757 [pool-11-thread-1] INFO  SESSION-KEY= c.g.t.TransactionOutboxImpl - Processing com.gruelbox.transactionoutbox.acceptance.InterfaceProcessor.process(91, "Whee") [9b44f511-4b65-438e-9f4d-4966be4e9472]
20:10:49.757 [pool-11-thread-1] INFO  SESSION-KEY= c.g.t.a.AbstractAcceptanceTest - Processing (91, Whee)
20:10:49.757 [pool-11-thread-1] INFO  SESSION-KEY= c.g.t.a.AbstractAcceptanceTest - Processed (91, Whee)
20:10:49.758 [pool-11-thread-2] INFO  SESSION-KEY= c.g.t.TransactionOutboxImpl - Processing com.gruelbox.transactionoutbox.acceptance.InterfaceProcessor.process(10, "Whee") [80ea6808-9df0-44c6-95f4-6ba44ad026db]
20:10:49.758 [pool-11-thread-2] INFO  SESSION-KEY= c.g.t.a.AbstractAcceptanceTest - Processing (10, Whee)
20:10:49.758 [pool-11-thread-2] INFO  SESSION-KEY= c.g.t.a.AbstractAcceptanceTest - Processed (10, Whee)
20:10:49.758 [pool-11-thread-1] INFO  SESSION-KEY= c.g.t.TransactionOutboxImpl - Processed com.gruelbox.transactionoutbox.acceptance.InterfaceProcessor.process(91, "Whee") [9b44f511-4b65-438e-9f4d-4966be4e9472]
20:10:49.758 [pool-11-thread-2] INFO  SESSION-KEY= c.g.t.TransactionOutboxImpl - Processed com.gruelbox.transactionoutbox.acceptance.InterfaceProcessor.process(10, "Whee") [80ea6808-9df0-44c6-95f4-6ba44ad026db]
20:10:49.759 [pool-11-thread-1] INFO  SESSION-KEY= c.g.t.TransactionOutboxImpl - Processing com.gruelbox.transactionoutbox.acceptance.InterfaceProcessor.process(73, "Whee") [2b770c18-52f1-4ab4-9c69-75e5e8660122]
20:10:49.759 [pool-11-thread-1] INFO  SESSION-KEY= c.g.t.a.AbstractAcceptanceTest - Processing (73, Whee)
20:10:49.759 [pool-11-thread-1] INFO  SESSION-KEY= c.g.t.a.AbstractAcceptanceTest - Processed (73, Whee)
20:10:49.760 [pool-11-thread-1] INFO  SESSION-KEY= c.g.t.TransactionOutboxImpl - Processed com.gruelbox.transactionoutbox.acceptance.InterfaceProcessor.process(73, "Whee") [2b770c18-52f1-4ab4-9c69-75e5e8660122]
20:10:50.231 [pool-11-thread-2] INFO  SESSION-KEY= c.g.t.TransactionOutboxImpl - Processing com.gruelbox.transactionoutbox.acceptance.InterfaceProcessor.process(0, "Whee") [00444eb5-d9f7-4ac8-80cf-559acf9af929]
20:10:50.231 [pool-11-thread-1] INFO  SESSION-KEY= c.g.t.TransactionOutboxImpl - Processing com.gruelbox.transactionoutbox.acceptance.InterfaceProcessor.process(20, "Whee") [5eb50fe3-cf33-460f-b23e-d27db6dec361]
20:10:50.231 [pool-11-thread-2] INFO  SESSION-KEY= c.g.t.a.AbstractAcceptanceTest - Processing (0, Whee)
20:10:50.231 [pool-11-thread-2] INFO  SESSION-KEY= c.g.t.a.AbstractAcceptanceTest - Processed (0, Whee)
20:10:50.231 [pool-11-thread-1] INFO  SESSION-KEY= c.g.t.a.AbstractAcceptanceTest - Processing (20, Whee)
20:10:50.231 [pool-11-thread-1] INFO  SESSION-KEY= c.g.t.a.AbstractAcceptanceTest - Processed (20, Whee)
20:10:50.232 [pool-11-thread-2] INFO  SESSION-KEY= c.g.t.TransactionOutboxImpl - Processed com.gruelbox.transactionoutbox.acceptance.InterfaceProcessor.process(0, "Whee") [00444eb5-d9f7-4ac8-80cf-559acf9af929]
20:10:50.232 [pool-11-thread-1] INFO  SESSION-KEY= c.g.t.TransactionOutboxImpl - Processed com.gruelbox.transactionoutbox.acceptance.InterfaceProcessor.process(20, "Whee") [5eb50fe3-cf33-460f-b23e-d27db6dec361]
20:10:50.233 [pool-11-thread-2] INFO  SESSION-KEY= c.g.t.TransactionOutboxImpl - Processing com.gruelbox.transactionoutbox.acceptance.InterfaceProcessor.process(70, "Whee") [3b06a2b0-a9f7-4337-b6e2-aac0eb5eac5f]
20:10:50.233 [pool-11-thread-2] INFO  SESSION-KEY= c.g.t.a.AbstractAcceptanceTest - Processing (70, Whee)
20:10:50.233 [pool-11-thread-2] INFO  SESSION-KEY= c.g.t.a.AbstractAcceptanceTest - Processed (70, Whee)
20:10:50.234 [pool-11-thread-2] INFO  SESSION-KEY= c.g.t.TransactionOutboxImpl - Processed com.gruelbox.transactionoutbox.acceptance.InterfaceProcessor.process(70, "Whee") [3b06a2b0-a9f7-4337-b6e2-aac0eb5eac5f]
20:10:50.261 [pool-11-thread-1] INFO  SESSION-KEY= c.g.t.TransactionOutboxImpl - Processing com.gruelbox.transactionoutbox.acceptance.InterfaceProcessor.process(40, "Whee") [27303f8c-353d-4f13-9837-9fc321355f72]
20:10:50.261 [pool-11-thread-2] INFO  SESSION-KEY= c.g.t.TransactionOutboxImpl - Processing com.gruelbox.transactionoutbox.acceptance.InterfaceProcessor.process(30, "Whee") [5fc8e9f8-2ef7-402f-a20b-71bf2fdbb7b6]
20:10:50.261 [pool-11-thread-1] INFO  SESSION-KEY= c.g.t.a.AbstractAcceptanceTest - Processing (40, Whee)
20:10:50.261 [pool-11-thread-1] INFO  SESSION-KEY= c.g.t.a.AbstractAcceptanceTest - Processed (40, Whee)
20:10:50.261 [pool-11-thread-2] INFO  SESSION-KEY= c.g.t.a.AbstractAcceptanceTest - Processing (30, Whee)
20:10:50.262 [pool-11-thread-2] INFO  SESSION-KEY= c.g.t.a.AbstractAcceptanceTest - Processed (30, Whee)
20:10:50.262 [pool-11-thread-1] INFO  SESSION-KEY= c.g.t.TransactionOutboxImpl - Processed com.gruelbox.transactionoutbox.acceptance.InterfaceProcessor.process(40, "Whee") [27303f8c-353d-4f13-9837-9fc321355f72]
20:10:50.262 [pool-11-thread-2] INFO  SESSION-KEY= c.g.t.TransactionOutboxImpl - Processed com.gruelbox.transactionoutbox.acceptance.InterfaceProcessor.process(30, "Whee") [5fc8e9f8-2ef7-402f-a20b-71bf2fdbb7b6]
20:10:50.264 [pool-11-thread-1] INFO  SESSION-KEY= c.g.t.TransactionOutboxImpl - Processing com.gruelbox.transactionoutbox.acceptance.InterfaceProcessor.process(41, "Whee") [007e1169-fb9d-47ab-9b9c-d19998708819]
20:10:50.264 [pool-11-thread-2] INFO  SESSION-KEY= c.g.t.TransactionOutboxImpl - Processing com.gruelbox.transactionoutbox.acceptance.InterfaceProcessor.process(42, "Whee") [4eb237aa-7cba-4885-9bc0-807637bb352a]
20:10:50.264 [pool-11-thread-1] INFO  SESSION-KEY= c.g.t.a.AbstractAcceptanceTest - Processing (41, Whee)
20:10:50.264 [pool-11-thread-2] INFO  SESSION-KEY= c.g.t.a.AbstractAcceptanceTest - Processing (42, Whee)
20:10:50.264 [pool-11-thread-1] INFO  SESSION-KEY= c.g.t.a.AbstractAcceptanceTest - Processed (41, Whee)
20:10:50.264 [pool-11-thread-2] INFO  SESSION-KEY= c.g.t.a.AbstractAcceptanceTest - Processed (42, Whee)
20:10:50.265 [pool-11-thread-1] INFO  SESSION-KEY= c.g.t.TransactionOutboxImpl - Processed com.gruelbox.transactionoutbox.acceptance.InterfaceProcessor.process(41, "Whee") [007e1169-fb9d-47ab-9b9c-d19998708819]
20:10:50.265 [pool-11-thread-2] INFO  SESSION-KEY= c.g.t.TransactionOutboxImpl - Processed com.gruelbox.transactionoutbox.acceptance.InterfaceProcessor.process(42, "Whee") [4eb237aa-7cba-4885-9bc0-807637bb352a]
20:10:50.267 [pool-11-thread-1] INFO  SESSION-KEY= c.g.t.TransactionOutboxImpl - Processing com.gruelbox.transactionoutbox.acceptance.InterfaceProcessor.process(1, "Whee") [ecf4e9af-e4cf-4bd0-a332-ea070ffb7448]
20:10:50.267 [pool-11-thread-1] INFO  SESSION-KEY= c.g.t.a.AbstractAcceptanceTest - Processing (1, Whee)
20:10:50.267 [pool-11-thread-2] INFO  SESSION-KEY= c.g.t.TransactionOutboxImpl - Processing com.gruelbox.transactionoutbox.acceptance.InterfaceProcessor.process(2, "Whee") [dae037f8-b03c-4d80-956a-3c2d4d9e72d6]
20:10:50.267 [pool-11-thread-1] INFO  SESSION-KEY= c.g.t.a.AbstractAcceptanceTest - Processed (1, Whee)
20:10:50.267 [pool-11-thread-2] INFO  SESSION-KEY= c.g.t.a.AbstractAcceptanceTest - Processing (2, Whee)
20:10:50.267 [pool-11-thread-2] INFO  SESSION-KEY= c.g.t.a.AbstractAcceptanceTest - Processed (2, Whee)
20:10:50.268 [pool-11-thread-1] INFO  SESSION-KEY= c.g.t.TransactionOutboxImpl - Processed com.gruelbox.transactionoutbox.acceptance.InterfaceProcessor.process(1, "Whee") [ecf4e9af-e4cf-4bd0-a332-ea070ffb7448]
20:10:50.268 [pool-11-thread-2] INFO  SESSION-KEY= c.g.t.TransactionOutboxImpl - Processed com.gruelbox.transactionoutbox.acceptance.InterfaceProcessor.process(2, "Whee") [dae037f8-b03c-4d80-956a-3c2d4d9e72d6]
20:10:50.269 [pool-11-thread-1] INFO  SESSION-KEY= c.g.t.TransactionOutboxImpl - Processing com.gruelbox.transactionoutbox.acceptance.InterfaceProcessor.process(21, "Whee") [b4569a34-d14e-4ee4-b015-b04190b82503]
20:10:50.269 [pool-11-thread-1] INFO  SESSION-KEY= c.g.t.a.AbstractAcceptanceTest - Processing (21, Whee)
20:10:50.270 [pool-11-thread-1] INFO  SESSION-KEY= c.g.t.a.AbstractAcceptanceTest - Processed (21, Whee)
20:10:50.270 [pool-11-thread-2] INFO  SESSION-KEY= c.g.t.TransactionOutboxImpl - Processing com.gruelbox.transactionoutbox.acceptance.InterfaceProcessor.process(92, "Whee") [d970cc7a-3f17-4ef6-8c98-463b9bfe214e]
20:10:50.270 [pool-11-thread-2] INFO  SESSION-KEY= c.g.t.a.AbstractAcceptanceTest - Processing (92, Whee)
20:10:50.270 [pool-11-thread-2] INFO  SESSION-KEY= c.g.t.a.AbstractAcceptanceTest - Processed (92, Whee)
20:10:50.270 [pool-11-thread-1] INFO  SESSION-KEY= c.g.t.TransactionOutboxImpl - Processed com.gruelbox.transactionoutbox.acceptance.InterfaceProcessor.process(21, "Whee") [b4569a34-d14e-4ee4-b015-b04190b82503]
20:10:50.271 [pool-11-thread-2] INFO  SESSION-KEY= c.g.t.TransactionOutboxImpl - Processed com.gruelbox.transactionoutbox.acceptance.InterfaceProcessor.process(92, "Whee") [d970cc7a-3f17-4ef6-8c98-463b9bfe214e]
20:10:50.272 [pool-11-thread-1] INFO  SESSION-KEY= c.g.t.TransactionOutboxImpl - Processing com.gruelbox.transactionoutbox.acceptance.InterfaceProcessor.process(71, "Whee") [2b8f589e-c098-4cf1-b0f6-1535bc46afaf]
20:10:50.272 [pool-11-thread-1] INFO  SESSION-KEY= c.g.t.a.AbstractAcceptanceTest - Processing (71, Whee)
20:10:50.272 [pool-11-thread-1] INFO  SESSION-KEY= c.g.t.a.AbstractAcceptanceTest - Processed (71, Whee)
20:10:50.273 [pool-11-thread-2] INFO  SESSION-KEY= c.g.t.TransactionOutboxImpl - Processing com.gruelbox.transactionoutbox.acceptance.InterfaceProcessor.process(80, "Whee") [91946980-b419-4979-ae30-d3c5c5b61c39]
20:10:50.273 [pool-11-thread-2] INFO  SESSION-KEY= c.g.t.a.AbstractAcceptanceTest - Processing (80, Whee)
20:10:50.273 [pool-11-thread-2] INFO  SESSION-KEY= c.g.t.a.AbstractAcceptanceTest - Processed (80, Whee)
20:10:50.273 [pool-11-thread-1] INFO  SESSION-KEY= c.g.t.TransactionOutboxImpl - Processed com.gruelbox.transactionoutbox.acceptance.InterfaceProcessor.process(71, "Whee") [2b8f589e-c098-4cf1-b0f6-1535bc46afaf]
20:10:50.274 [pool-11-thread-2] INFO  SESSION-KEY= c.g.t.TransactionOutboxImpl - Processed com.gruelbox.transactionoutbox.acceptance.InterfaceProcessor.process(80, "Whee") [91946980-b419-4979-ae30-d3c5c5b61c39]
20:10:50.276 [pool-11-thread-1] INFO  SESSION-KEY= c.g.t.TransactionOutboxImpl - Processing com.gruelbox.transactionoutbox.acceptance.InterfaceProcessor.process(11, "Whee") [42f6c5b8-b455-4831-b077-103855aa7f98]
20:10:50.276 [pool-11-thread-1] INFO  SESSION-KEY= c.g.t.a.AbstractAcceptanceTest - Processing (11, Whee)
20:10:50.276 [pool-11-thread-2] INFO  SESSION-KEY= c.g.t.TransactionOutboxImpl - Processing com.gruelbox.transactionoutbox.acceptance.InterfaceProcessor.process(31, "Whee") [1ff80a89-22b5-475c-bdda-d90ced5c6fd7]
20:10:50.276 [pool-11-thread-1] INFO  SESSION-KEY= c.g.t.a.AbstractAcceptanceTest - Processed (11, Whee)
20:10:50.276 [pool-11-thread-2] INFO  SESSION-KEY= c.g.t.a.AbstractAcceptanceTest - Processing (31, Whee)
20:10:50.276 [pool-11-thread-2] INFO  SESSION-KEY= c.g.t.a.AbstractAcceptanceTest - Processed (31, Whee)
20:10:50.276 [pool-11-thread-1] INFO  SESSION-KEY= c.g.t.TransactionOutboxImpl - Processed com.gruelbox.transactionoutbox.acceptance.InterfaceProcessor.process(11, "Whee") [42f6c5b8-b455-4831-b077-103855aa7f98]
20:10:50.276 [pool-11-thread-2] INFO  SESSION-KEY= c.g.t.TransactionOutboxImpl - Processed com.gruelbox.transactionoutbox.acceptance.InterfaceProcessor.process(31, "Whee") [1ff80a89-22b5-475c-bdda-d90ced5c6fd7]
20:10:50.277 [pool-11-thread-1] INFO  SESSION-KEY= c.g.t.TransactionOutboxImpl - Processing com.gruelbox.transactionoutbox.acceptance.InterfaceProcessor.process(43, "Whee") [32200235-1f12-4fea-93a1-bd29d5782dde]
20:10:50.277 [pool-11-thread-1] INFO  SESSION-KEY= c.g.t.a.AbstractAcceptanceTest - Processing (43, Whee)
20:10:50.277 [pool-11-thread-1] INFO  SESSION-KEY= c.g.t.a.AbstractAcceptanceTest - Processed (43, Whee)
20:10:50.277 [pool-11-thread-2] INFO  SESSION-KEY= c.g.t.TransactionOutboxImpl - Processing com.gruelbox.transactionoutbox.acceptance.InterfaceProcessor.process(44, "Whee") [1b6da291-4c49-472f-8b26-48eba18e417f]
20:10:50.277 [pool-11-thread-2] INFO  SESSION-KEY= c.g.t.a.AbstractAcceptanceTest - Processing (44, Whee)
20:10:50.278 [pool-11-thread-2] INFO  SESSION-KEY= c.g.t.a.AbstractAcceptanceTest - Processed (44, Whee)
20:10:50.278 [pool-11-thread-1] INFO  SESSION-KEY= c.g.t.TransactionOutboxImpl - Processed com.gruelbox.transactionoutbox.acceptance.InterfaceProcessor.process(43, "Whee") [32200235-1f12-4fea-93a1-bd29d5782dde]
20:10:50.278 [pool-11-thread-2] INFO  SESSION-KEY= c.g.t.TransactionOutboxImpl - Processed com.gruelbox.transactionoutbox.acceptance.InterfaceProcessor.process(44, "Whee") [1b6da291-4c49-472f-8b26-48eba18e417f]
20:10:50.279 [pool-11-thread-1] INFO  SESSION-KEY= c.g.t.TransactionOutboxImpl - Processing com.gruelbox.transactionoutbox.acceptance.InterfaceProcessor.process(3, "Whee") [bc76fdb3-a3da-46f2-b549-318530a49bf4]
20:10:50.279 [pool-11-thread-1] INFO  SESSION-KEY= c.g.t.a.AbstractAcceptanceTest - Processing (3, Whee)
20:10:50.279 [pool-11-thread-1] WARN  SESSION-KEY= c.g.t.SimpleTransactionManager - Exception in transactional block (InvocationTargetException). Rolling back. See later messages for detail
20:10:50.279 [pool-11-thread-2] INFO  SESSION-KEY= c.g.t.TransactionOutboxImpl - Processing com.gruelbox.transactionoutbox.acceptance.InterfaceProcessor.process(22, "Whee") [24e4a110-6e00-4aca-80cd-03a291ca726e]
20:10:50.279 [pool-11-thread-2] INFO  SESSION-KEY= c.g.t.a.AbstractAcceptanceTest - Processing (22, Whee)
20:10:50.279 [pool-11-thread-2] INFO  SESSION-KEY= c.g.t.a.AbstractAcceptanceTest - Processed (22, Whee)
20:10:50.280 [pool-11-thread-2] INFO  SESSION-KEY= c.g.t.TransactionOutboxImpl - Processed com.gruelbox.transactionoutbox.acceptance.InterfaceProcessor.process(22, "Whee") [24e4a110-6e00-4aca-80cd-03a291ca726e]
20:10:50.280 [pool-11-thread-1] WARN  SESSION-KEY= c.g.t.TransactionOutboxImpl - Temporarily failed to process entry bc76fdb3-a3da-46f2-b549-318530a49bf4 : com.gruelbox.transactionoutbox.acceptance.InterfaceProcessor.process(3, "Whee") [bc76fdb3-a3da-46f2-b549-318530a49bf4]
java.lang.RuntimeException: Temporary failure of InterfaceProcessor
	at com.gruelbox.transactionoutbox.acceptance.AbstractAcceptanceTest$RandomFailingInstantiator.lambda$getInstance$0(AbstractAcceptanceTest.java:698)
	at java.base/jdk.internal.reflect.NativeMethodAccessorImpl.invoke0(Native Method)
	at java.base/jdk.internal.reflect.NativeMethodAccessorImpl.invoke(NativeMethodAccessorImpl.java:62)
	at java.base/jdk.internal.reflect.DelegatingMethodAccessorImpl.invoke(DelegatingMethodAccessorImpl.java:43)
	at java.base/java.lang.reflect.Method.invoke(Method.java:566)
	at com.gruelbox.transactionoutbox.Invocation.lambda$invoke$1(Invocation.java:107)
	at com.gruelbox.transactionoutbox.TransactionOutboxListener.wrapInvocation(TransactionOutboxListener.java:35)
	at com.gruelbox.transactionoutbox.Invocation.invoke(Invocation.java:107)
	at com.gruelbox.transactionoutbox.TransactionOutboxImpl.invoke(TransactionOutboxImpl.java:297)
	at com.gruelbox.transactionoutbox.TransactionOutboxImpl.lambda$processNow$13(TransactionOutboxImpl.java:265)
	at com.gruelbox.transactionoutbox.SimpleTransactionManager.processAndCommitOrRollback(SimpleTransactionManager.java:34)
	at com.gruelbox.transactionoutbox.SimpleTransactionManager.lambda$inTransactionReturnsThrows$0(SimpleTransactionManager.java:24)
	at com.gruelbox.transactionoutbox.SimpleTransactionManager.withTransaction(SimpleTransactionManager.java:64)
	at com.gruelbox.transactionoutbox.SimpleTransactionManager.inTransactionReturnsThrows(SimpleTransactionManager.java:22)
	at com.gruelbox.transactionoutbox.TransactionOutboxImpl.processNow(TransactionOutboxImpl.java:259)
	at com.gruelbox.transactionoutbox.ExecutorSubmitter.lambda$submit$0(ExecutorSubmitter.java:60)
	at java.base/java.util.concurrent.ThreadPoolExecutor.runWorker(ThreadPoolExecutor.java:1128)
	at java.base/java.util.concurrent.ThreadPoolExecutor$Worker.run(ThreadPoolExecutor.java:628)
	at java.base/java.lang.Thread.run(Thread.java:829)
20:10:50.281 [pool-11-thread-2] INFO  SESSION-KEY= c.g.t.TransactionOutboxImpl - Processing com.gruelbox.transactionoutbox.acceptance.InterfaceProcessor.process(23, "Whee") [5b50bec8-eff8-40d8-85a2-3b1c088c4912]
20:10:50.282 [pool-11-thread-2] INFO  SESSION-KEY= c.g.t.a.AbstractAcceptanceTest - Processing (23, Whee)
20:10:50.282 [pool-11-thread-1] INFO  SESSION-KEY= c.g.t.TransactionOutboxImpl - Processing com.gruelbox.transactionoutbox.acceptance.InterfaceProcessor.process(12, "Whee") [c6cbfce1-9d58-4ef2-8ddc-30b2a98aa0db]
20:10:50.282 [pool-11-thread-2] INFO  SESSION-KEY= c.g.t.a.AbstractAcceptanceTest - Processed (23, Whee)
20:10:50.282 [pool-11-thread-1] INFO  SESSION-KEY= c.g.t.a.AbstractAcceptanceTest - Processing (12, Whee)
20:10:50.282 [pool-11-thread-1] INFO  SESSION-KEY= c.g.t.a.AbstractAcceptanceTest - Processed (12, Whee)
20:10:50.282 [pool-11-thread-2] INFO  SESSION-KEY= c.g.t.TransactionOutboxImpl - Processed com.gruelbox.transactionoutbox.acceptance.InterfaceProcessor.process(23, "Whee") [5b50bec8-eff8-40d8-85a2-3b1c088c4912]
20:10:50.282 [pool-11-thread-1] INFO  SESSION-KEY= c.g.t.TransactionOutboxImpl - Processed com.gruelbox.transactionoutbox.acceptance.InterfaceProcessor.process(12, "Whee") [c6cbfce1-9d58-4ef2-8ddc-30b2a98aa0db]
20:10:50.284 [pool-11-thread-2] INFO  SESSION-KEY= c.g.t.TransactionOutboxImpl - Processing com.gruelbox.transactionoutbox.acceptance.InterfaceProcessor.process(85, "Whee") [796f0128-1e82-4fcc-a6ff-b79475582db2]
20:10:50.284 [pool-11-thread-1] INFO  SESSION-KEY= c.g.t.TransactionOutboxImpl - Processing com.gruelbox.transactionoutbox.acceptance.InterfaceProcessor.process(77, "Whee") [b742a023-5578-457b-8005-8b94ab18ad96]
20:10:50.284 [pool-11-thread-2] INFO  SESSION-KEY= c.g.t.a.AbstractAcceptanceTest - Processing (85, Whee)
20:10:50.284 [pool-11-thread-1] INFO  SESSION-KEY= c.g.t.a.AbstractAcceptanceTest - Processing (77, Whee)
20:10:50.284 [pool-11-thread-1] INFO  SESSION-KEY= c.g.t.a.AbstractAcceptanceTest - Processed (77, Whee)
20:10:50.284 [pool-11-thread-2] WARN  SESSION-KEY= c.g.t.SimpleTransactionManager - Exception in transactional block (InvocationTargetException). Rolling back. See later messages for detail
20:10:50.284 [pool-11-thread-1] INFO  SESSION-KEY= c.g.t.TransactionOutboxImpl - Processed com.gruelbox.transactionoutbox.acceptance.InterfaceProcessor.process(77, "Whee") [b742a023-5578-457b-8005-8b94ab18ad96]
20:10:50.285 [pool-11-thread-1] INFO  SESSION-KEY= c.g.t.TransactionOutboxImpl - Processing com.gruelbox.transactionoutbox.acceptance.InterfaceProcessor.process(18, "Whee") [378a5ade-7907-4b1d-a7ab-3dca23075e99]
20:10:50.285 [pool-11-thread-1] INFO  SESSION-KEY= c.g.t.a.AbstractAcceptanceTest - Processing (18, Whee)
20:10:50.285 [pool-11-thread-2] WARN  SESSION-KEY= c.g.t.TransactionOutboxImpl - Temporarily failed to process entry 796f0128-1e82-4fcc-a6ff-b79475582db2 : com.gruelbox.transactionoutbox.acceptance.InterfaceProcessor.process(85, "Whee") [796f0128-1e82-4fcc-a6ff-b79475582db2]
java.lang.RuntimeException: Temporary failure of InterfaceProcessor
	at com.gruelbox.transactionoutbox.acceptance.AbstractAcceptanceTest$RandomFailingInstantiator.lambda$getInstance$0(AbstractAcceptanceTest.java:698)
	at java.base/jdk.internal.reflect.NativeMethodAccessorImpl.invoke0(Native Method)
	at java.base/jdk.internal.reflect.NativeMethodAccessorImpl.invoke(NativeMethodAccessorImpl.java:62)
	at java.base/jdk.internal.reflect.DelegatingMethodAccessorImpl.invoke(DelegatingMethodAccessorImpl.java:43)
	at java.base/java.lang.reflect.Method.invoke(Method.java:566)
	at com.gruelbox.transactionoutbox.Invocation.lambda$invoke$1(Invocation.java:107)
	at com.gruelbox.transactionoutbox.TransactionOutboxListener.wrapInvocation(TransactionOutboxListener.java:35)
	at com.gruelbox.transactionoutbox.Invocation.invoke(Invocation.java:107)
	at com.gruelbox.transactionoutbox.TransactionOutboxImpl.invoke(TransactionOutboxImpl.java:297)
	at com.gruelbox.transactionoutbox.TransactionOutboxImpl.lambda$processNow$13(TransactionOutboxImpl.java:265)
	at com.gruelbox.transactionoutbox.SimpleTransactionManager.processAndCommitOrRollback(SimpleTransactionManager.java:34)
	at com.gruelbox.transactionoutbox.SimpleTransactionManager.lambda$inTransactionReturnsThrows$0(SimpleTransactionManager.java:24)
	at com.gruelbox.transactionoutbox.SimpleTransactionManager.withTransaction(SimpleTransactionManager.java:64)
	at com.gruelbox.transactionoutbox.SimpleTransactionManager.inTransactionReturnsThrows(SimpleTransactionManager.java:22)
	at com.gruelbox.transactionoutbox.TransactionOutboxImpl.processNow(TransactionOutboxImpl.java:259)
	at com.gruelbox.transactionoutbox.ExecutorSubmitter.lambda$submit$0(ExecutorSubmitter.java:60)
	at java.base/java.util.concurrent.ThreadPoolExecutor.runWorker(ThreadPoolExecutor.java:1128)
	at java.base/java.util.concurrent.ThreadPoolExecutor$Worker.run(ThreadPoolExecutor.java:628)
	at java.base/java.lang.Thread.run(Thread.java:829)
20:10:50.285 [pool-11-thread-1] WARN  SESSION-KEY= c.g.t.SimpleTransactionManager - Exception in transactional block (InvocationTargetException). Rolling back. See later messages for detail
20:10:50.286 [pool-11-thread-2] INFO  SESSION-KEY= c.g.t.TransactionOutboxImpl - Processing com.gruelbox.transactionoutbox.acceptance.InterfaceProcessor.process(78, "Whee") [b0318535-9505-417a-895c-6deb8f321def]
20:10:50.286 [pool-11-thread-2] INFO  SESSION-KEY= c.g.t.a.AbstractAcceptanceTest - Processing (78, Whee)
20:10:50.286 [pool-11-thread-2] INFO  SESSION-KEY= c.g.t.a.AbstractAcceptanceTest - Processed (78, Whee)
20:10:50.286 [pool-11-thread-1] WARN  SESSION-KEY= c.g.t.TransactionOutboxImpl - Temporarily failed to process entry 378a5ade-7907-4b1d-a7ab-3dca23075e99 : com.gruelbox.transactionoutbox.acceptance.InterfaceProcessor.process(18, "Whee") [378a5ade-7907-4b1d-a7ab-3dca23075e99]
java.lang.RuntimeException: Temporary failure of InterfaceProcessor
	at com.gruelbox.transactionoutbox.acceptance.AbstractAcceptanceTest$RandomFailingInstantiator.lambda$getInstance$0(AbstractAcceptanceTest.java:698)
	at java.base/jdk.internal.reflect.NativeMethodAccessorImpl.invoke0(Native Method)
	at java.base/jdk.internal.reflect.NativeMethodAccessorImpl.invoke(NativeMethodAccessorImpl.java:62)
	at java.base/jdk.internal.reflect.DelegatingMethodAccessorImpl.invoke(DelegatingMethodAccessorImpl.java:43)
	at java.base/java.lang.reflect.Method.invoke(Method.java:566)
	at com.gruelbox.transactionoutbox.Invocation.lambda$invoke$1(Invocation.java:107)
	at com.gruelbox.transactionoutbox.TransactionOutboxListener.wrapInvocation(TransactionOutboxListener.java:35)
	at com.gruelbox.transactionoutbox.Invocation.invoke(Invocation.java:107)
	at com.gruelbox.transactionoutbox.TransactionOutboxImpl.invoke(TransactionOutboxImpl.java:297)
	at com.gruelbox.transactionoutbox.TransactionOutboxImpl.lambda$processNow$13(TransactionOutboxImpl.java:265)
	at com.gruelbox.transactionoutbox.SimpleTransactionManager.processAndCommitOrRollback(SimpleTransactionManager.java:34)
	at com.gruelbox.transactionoutbox.SimpleTransactionManager.lambda$inTransactionReturnsThrows$0(SimpleTransactionManager.java:24)
	at com.gruelbox.transactionoutbox.SimpleTransactionManager.withTransaction(SimpleTransactionManager.java:64)
	at com.gruelbox.transactionoutbox.SimpleTransactionManager.inTransactionReturnsThrows(SimpleTransactionManager.java:22)
	at com.gruelbox.transactionoutbox.TransactionOutboxImpl.processNow(TransactionOutboxImpl.java:259)
	at com.gruelbox.transactionoutbox.ExecutorSubmitter.lambda$submit$0(ExecutorSubmitter.java:60)
	at java.base/java.util.concurrent.ThreadPoolExecutor.runWorker(ThreadPoolExecutor.java:1128)
	at java.base/java.util.concurrent.ThreadPoolExecutor$Worker.run(ThreadPoolExecutor.java:628)
	at java.base/java.lang.Thread.run(Thread.java:829)
20:10:50.287 [pool-11-thread-2] INFO  SESSION-KEY= c.g.t.TransactionOutboxImpl - Processed com.gruelbox.transactionoutbox.acceptance.InterfaceProcessor.process(78, "Whee") [b0318535-9505-417a-895c-6deb8f321def]
20:10:50.287 [pool-11-thread-1] INFO  SESSION-KEY= c.g.t.TransactionOutboxImpl - Processing com.gruelbox.transactionoutbox.acceptance.InterfaceProcessor.process(29, "Whee") [3514b697-c038-4c43-9ede-61f5199fa318]
20:10:50.287 [pool-11-thread-1] INFO  SESSION-KEY= c.g.t.a.AbstractAcceptanceTest - Processing (29, Whee)
20:10:50.287 [pool-11-thread-1] INFO  SESSION-KEY= c.g.t.a.AbstractAcceptanceTest - Processed (29, Whee)
20:10:50.287 [pool-11-thread-2] INFO  SESSION-KEY= c.g.t.TransactionOutboxImpl - Processing com.gruelbox.transactionoutbox.acceptance.InterfaceProcessor.process(86, "Whee") [4e03cabf-cb8e-4107-8b41-98e25eaaef7b]
20:10:50.287 [pool-11-thread-1] INFO  SESSION-KEY= c.g.t.TransactionOutboxImpl - Processed com.gruelbox.transactionoutbox.acceptance.InterfaceProcessor.process(29, "Whee") [3514b697-c038-4c43-9ede-61f5199fa318]
20:10:50.288 [pool-11-thread-2] INFO  SESSION-KEY= c.g.t.a.AbstractAcceptanceTest - Processing (86, Whee)
20:10:50.288 [pool-11-thread-2] INFO  SESSION-KEY= c.g.t.a.AbstractAcceptanceTest - Processed (86, Whee)
20:10:50.288 [pool-11-thread-2] INFO  SESSION-KEY= c.g.t.TransactionOutboxImpl - Processed com.gruelbox.transactionoutbox.acceptance.InterfaceProcessor.process(86, "Whee") [4e03cabf-cb8e-4107-8b41-98e25eaaef7b]
20:10:50.803 [pool-11-thread-1] INFO  SESSION-KEY= c.g.t.TransactionOutboxImpl - Processing com.gruelbox.transactionoutbox.acceptance.InterfaceProcessor.process(93, "Whee") [93f49e3d-e31c-4f53-b782-242b23f6c55a]
20:10:50.803 [pool-11-thread-2] INFO  SESSION-KEY= c.g.t.TransactionOutboxImpl - Processing com.gruelbox.transactionoutbox.acceptance.InterfaceProcessor.process(72, "Whee") [0847f319-1212-44dd-9fb1-6edd1deb2c6b]
20:10:50.803 [pool-11-thread-1] INFO  SESSION-KEY= c.g.t.a.AbstractAcceptanceTest - Processing (93, Whee)
20:10:50.803 [pool-11-thread-2] INFO  SESSION-KEY= c.g.t.a.AbstractAcceptanceTest - Processing (72, Whee)
20:10:50.803 [pool-11-thread-2] INFO  SESSION-KEY= c.g.t.a.AbstractAcceptanceTest - Processed (72, Whee)
20:10:50.803 [pool-11-thread-1] WARN  SESSION-KEY= c.g.t.SimpleTransactionManager - Exception in transactional block (InvocationTargetException). Rolling back. See later messages for detail
20:10:50.804 [pool-11-thread-2] INFO  SESSION-KEY= c.g.t.TransactionOutboxImpl - Processed com.gruelbox.transactionoutbox.acceptance.InterfaceProcessor.process(72, "Whee") [0847f319-1212-44dd-9fb1-6edd1deb2c6b]
20:10:50.805 [pool-11-thread-2] INFO  SESSION-KEY= c.g.t.TransactionOutboxImpl - Processing com.gruelbox.transactionoutbox.acceptance.InterfaceProcessor.process(81, "Whee") [9de89a22-6be5-4b86-a042-8fee52060d59]
20:10:50.805 [pool-11-thread-1] WARN  SESSION-KEY= c.g.t.TransactionOutboxImpl - Temporarily failed to process entry 93f49e3d-e31c-4f53-b782-242b23f6c55a : com.gruelbox.transactionoutbox.acceptance.InterfaceProcessor.process(93, "Whee") [93f49e3d-e31c-4f53-b782-242b23f6c55a]
java.lang.RuntimeException: Temporary failure of InterfaceProcessor
	at com.gruelbox.transactionoutbox.acceptance.AbstractAcceptanceTest$RandomFailingInstantiator.lambda$getInstance$0(AbstractAcceptanceTest.java:698)
	at java.base/jdk.internal.reflect.NativeMethodAccessorImpl.invoke0(Native Method)
	at java.base/jdk.internal.reflect.NativeMethodAccessorImpl.invoke(NativeMethodAccessorImpl.java:62)
	at java.base/jdk.internal.reflect.DelegatingMethodAccessorImpl.invoke(DelegatingMethodAccessorImpl.java:43)
	at java.base/java.lang.reflect.Method.invoke(Method.java:566)
	at com.gruelbox.transactionoutbox.Invocation.lambda$invoke$1(Invocation.java:107)
	at com.gruelbox.transactionoutbox.TransactionOutboxListener.wrapInvocation(TransactionOutboxListener.java:35)
	at com.gruelbox.transactionoutbox.Invocation.invoke(Invocation.java:107)
	at com.gruelbox.transactionoutbox.TransactionOutboxImpl.invoke(TransactionOutboxImpl.java:297)
	at com.gruelbox.transactionoutbox.TransactionOutboxImpl.lambda$processNow$13(TransactionOutboxImpl.java:265)
	at com.gruelbox.transactionoutbox.SimpleTransactionManager.processAndCommitOrRollback(SimpleTransactionManager.java:34)
	at com.gruelbox.transactionoutbox.SimpleTransactionManager.lambda$inTransactionReturnsThrows$0(SimpleTransactionManager.java:24)
	at com.gruelbox.transactionoutbox.SimpleTransactionManager.withTransaction(SimpleTransactionManager.java:64)
	at com.gruelbox.transactionoutbox.SimpleTransactionManager.inTransactionReturnsThrows(SimpleTransactionManager.java:22)
	at com.gruelbox.transactionoutbox.TransactionOutboxImpl.processNow(TransactionOutboxImpl.java:259)
	at com.gruelbox.transactionoutbox.ExecutorSubmitter.lambda$submit$0(ExecutorSubmitter.java:60)
	at java.base/java.util.concurrent.ThreadPoolExecutor.runWorker(ThreadPoolExecutor.java:1128)
	at java.base/java.util.concurrent.ThreadPoolExecutor$Worker.run(ThreadPoolExecutor.java:628)
	at java.base/java.lang.Thread.run(Thread.java:829)
20:10:50.806 [pool-11-thread-2] INFO  SESSION-KEY= c.g.t.a.AbstractAcceptanceTest - Processing (81, Whee)
20:10:50.806 [pool-11-thread-2] INFO  SESSION-KEY= c.g.t.a.AbstractAcceptanceTest - Processed (81, Whee)
20:10:50.806 [pool-11-thread-2] INFO  SESSION-KEY= c.g.t.TransactionOutboxImpl - Processed com.gruelbox.transactionoutbox.acceptance.InterfaceProcessor.process(81, "Whee") [9de89a22-6be5-4b86-a042-8fee52060d59]
20:10:50.807 [pool-11-thread-1] INFO  SESSION-KEY= c.g.t.TransactionOutboxImpl - Processing com.gruelbox.transactionoutbox.acceptance.InterfaceProcessor.process(58, "Whee") [23533f81-d76a-4d2d-bce1-50f6d77d9f35]
20:10:50.807 [pool-11-thread-1] INFO  SESSION-KEY= c.g.t.a.AbstractAcceptanceTest - Processing (58, Whee)
20:10:50.807 [pool-11-thread-1] INFO  SESSION-KEY= c.g.t.a.AbstractAcceptanceTest - Processed (58, Whee)
20:10:50.807 [pool-11-thread-2] INFO  SESSION-KEY= c.g.t.TransactionOutboxImpl - Processing com.gruelbox.transactionoutbox.acceptance.InterfaceProcessor.process(59, "Whee") [74281045-8e90-4096-af94-d44407383e96]
20:10:50.808 [pool-11-thread-2] INFO  SESSION-KEY= c.g.t.a.AbstractAcceptanceTest - Processing (59, Whee)
20:10:50.808 [pool-11-thread-2] INFO  SESSION-KEY= c.g.t.a.AbstractAcceptanceTest - Processed (59, Whee)
20:10:50.808 [pool-11-thread-1] INFO  SESSION-KEY= c.g.t.TransactionOutboxImpl - Processed com.gruelbox.transactionoutbox.acceptance.InterfaceProcessor.process(58, "Whee") [23533f81-d76a-4d2d-bce1-50f6d77d9f35]
20:10:50.808 [pool-11-thread-2] INFO  SESSION-KEY= c.g.t.TransactionOutboxImpl - Processed com.gruelbox.transactionoutbox.acceptance.InterfaceProcessor.process(59, "Whee") [74281045-8e90-4096-af94-d44407383e96]
20:10:50.809 [pool-11-thread-1] INFO  SESSION-KEY= c.g.t.TransactionOutboxImpl - Processing com.gruelbox.transactionoutbox.acceptance.InterfaceProcessor.process(45, "Whee") [d2c3186e-4bd8-4ad1-87f3-23b652528850]
20:10:50.809 [pool-11-thread-1] INFO  SESSION-KEY= c.g.t.a.AbstractAcceptanceTest - Processing (45, Whee)
20:10:50.809 [pool-11-thread-1] WARN  SESSION-KEY= c.g.t.SimpleTransactionManager - Exception in transactional block (InvocationTargetException). Rolling back. See later messages for detail
20:10:50.809 [pool-11-thread-2] INFO  SESSION-KEY= c.g.t.TransactionOutboxImpl - Processing com.gruelbox.transactionoutbox.acceptance.InterfaceProcessor.process(32, "Whee") [19779b0d-13c5-422f-9413-70a1352257ff]
20:10:50.809 [pool-11-thread-2] INFO  SESSION-KEY= c.g.t.a.AbstractAcceptanceTest - Processing (32, Whee)
20:10:50.810 [pool-11-thread-2] INFO  SESSION-KEY= c.g.t.a.AbstractAcceptanceTest - Processed (32, Whee)
20:10:50.810 [pool-11-thread-2] INFO  SESSION-KEY= c.g.t.TransactionOutboxImpl - Processed com.gruelbox.transactionoutbox.acceptance.InterfaceProcessor.process(32, "Whee") [19779b0d-13c5-422f-9413-70a1352257ff]
20:10:50.811 [pool-11-thread-1] WARN  SESSION-KEY= c.g.t.TransactionOutboxImpl - Temporarily failed to process entry d2c3186e-4bd8-4ad1-87f3-23b652528850 : com.gruelbox.transactionoutbox.acceptance.InterfaceProcessor.process(45, "Whee") [d2c3186e-4bd8-4ad1-87f3-23b652528850]
java.lang.RuntimeException: Temporary failure of InterfaceProcessor
	at com.gruelbox.transactionoutbox.acceptance.AbstractAcceptanceTest$RandomFailingInstantiator.lambda$getInstance$0(AbstractAcceptanceTest.java:698)
	at java.base/jdk.internal.reflect.NativeMethodAccessorImpl.invoke0(Native Method)
	at java.base/jdk.internal.reflect.NativeMethodAccessorImpl.invoke(NativeMethodAccessorImpl.java:62)
	at java.base/jdk.internal.reflect.DelegatingMethodAccessorImpl.invoke(DelegatingMethodAccessorImpl.java:43)
	at java.base/java.lang.reflect.Method.invoke(Method.java:566)
	at com.gruelbox.transactionoutbox.Invocation.lambda$invoke$1(Invocation.java:107)
	at com.gruelbox.transactionoutbox.TransactionOutboxListener.wrapInvocation(TransactionOutboxListener.java:35)
	at com.gruelbox.transactionoutbox.Invocation.invoke(Invocation.java:107)
	at com.gruelbox.transactionoutbox.TransactionOutboxImpl.invoke(TransactionOutboxImpl.java:297)
	at com.gruelbox.transactionoutbox.TransactionOutboxImpl.lambda$processNow$13(TransactionOutboxImpl.java:265)
	at com.gruelbox.transactionoutbox.SimpleTransactionManager.processAndCommitOrRollback(SimpleTransactionManager.java:34)
	at com.gruelbox.transactionoutbox.SimpleTransactionManager.lambda$inTransactionReturnsThrows$0(SimpleTransactionManager.java:24)
	at com.gruelbox.transactionoutbox.SimpleTransactionManager.withTransaction(SimpleTransactionManager.java:64)
	at com.gruelbox.transactionoutbox.SimpleTransactionManager.inTransactionReturnsThrows(SimpleTransactionManager.java:22)
	at com.gruelbox.transactionoutbox.TransactionOutboxImpl.processNow(TransactionOutboxImpl.java:259)
	at com.gruelbox.transactionoutbox.ExecutorSubmitter.lambda$submit$0(ExecutorSubmitter.java:60)
	at java.base/java.util.concurrent.ThreadPoolExecutor.runWorker(ThreadPoolExecutor.java:1128)
	at java.base/java.util.concurrent.ThreadPoolExecutor$Worker.run(ThreadPoolExecutor.java:628)
	at java.base/java.lang.Thread.run(Thread.java:829)
20:10:50.811 [pool-11-thread-2] INFO  SESSION-KEY= c.g.t.TransactionOutboxImpl - Processing com.gruelbox.transactionoutbox.acceptance.InterfaceProcessor.process(46, "Whee") [781d1b1a-ae6e-4116-abb0-07d1948b922c]
20:10:50.812 [pool-11-thread-2] INFO  SESSION-KEY= c.g.t.a.AbstractAcceptanceTest - Processing (46, Whee)
20:10:50.812 [pool-11-thread-2] INFO  SESSION-KEY= c.g.t.a.AbstractAcceptanceTest - Processed (46, Whee)
20:10:50.812 [pool-11-thread-1] INFO  SESSION-KEY= c.g.t.TransactionOutboxImpl - Processing com.gruelbox.transactionoutbox.acceptance.InterfaceProcessor.process(4, "Whee") [b0405db5-ad4d-4e3c-a8e1-36acf59268c6]
20:10:50.812 [pool-11-thread-2] INFO  SESSION-KEY= c.g.t.TransactionOutboxImpl - Processed com.gruelbox.transactionoutbox.acceptance.InterfaceProcessor.process(46, "Whee") [781d1b1a-ae6e-4116-abb0-07d1948b922c]
20:10:50.812 [pool-11-thread-1] INFO  SESSION-KEY= c.g.t.a.AbstractAcceptanceTest - Processing (4, Whee)
20:10:50.812 [pool-11-thread-1] INFO  SESSION-KEY= c.g.t.a.AbstractAcceptanceTest - Processed (4, Whee)
20:10:50.813 [pool-11-thread-1] INFO  SESSION-KEY= c.g.t.TransactionOutboxImpl - Processed com.gruelbox.transactionoutbox.acceptance.InterfaceProcessor.process(4, "Whee") [b0405db5-ad4d-4e3c-a8e1-36acf59268c6]
20:10:50.813 [pool-11-thread-2] INFO  SESSION-KEY= c.g.t.TransactionOutboxImpl - Processing com.gruelbox.transactionoutbox.acceptance.InterfaceProcessor.process(94, "Whee") [322b73d6-2b3c-4ce3-a0b0-47edd6d6ed0b]
20:10:50.813 [pool-11-thread-2] INFO  SESSION-KEY= c.g.t.a.AbstractAcceptanceTest - Processing (94, Whee)
20:10:50.813 [pool-11-thread-2] INFO  SESSION-KEY= c.g.t.a.AbstractAcceptanceTest - Processed (94, Whee)
20:10:50.814 [pool-11-thread-1] INFO  SESSION-KEY= c.g.t.TransactionOutboxImpl - Processing com.gruelbox.transactionoutbox.acceptance.InterfaceProcessor.process(24, "Whee") [3c280527-5a24-4b9a-a3d1-840e65793ab2]
20:10:50.814 [pool-11-thread-2] INFO  SESSION-KEY= c.g.t.TransactionOutboxImpl - Processed com.gruelbox.transactionoutbox.acceptance.InterfaceProcessor.process(94, "Whee") [322b73d6-2b3c-4ce3-a0b0-47edd6d6ed0b]
20:10:50.814 [pool-11-thread-1] INFO  SESSION-KEY= c.g.t.a.AbstractAcceptanceTest - Processing (24, Whee)
20:10:50.814 [pool-11-thread-1] INFO  SESSION-KEY= c.g.t.a.AbstractAcceptanceTest - Processed (24, Whee)
20:10:50.814 [pool-11-thread-1] INFO  SESSION-KEY= c.g.t.TransactionOutboxImpl - Processed com.gruelbox.transactionoutbox.acceptance.InterfaceProcessor.process(24, "Whee") [3c280527-5a24-4b9a-a3d1-840e65793ab2]
20:10:50.815 [pool-11-thread-2] INFO  SESSION-KEY= c.g.t.TransactionOutboxImpl - Processing com.gruelbox.transactionoutbox.acceptance.InterfaceProcessor.process(95, "Whee") [22e00fdd-2505-4d01-8a15-f06ebd815586]
20:10:50.815 [pool-11-thread-2] INFO  SESSION-KEY= c.g.t.a.AbstractAcceptanceTest - Processing (95, Whee)
20:10:50.815 [pool-11-thread-2] INFO  SESSION-KEY= c.g.t.a.AbstractAcceptanceTest - Processed (95, Whee)
20:10:50.815 [pool-11-thread-1] INFO  SESSION-KEY= c.g.t.TransactionOutboxImpl - Processing com.gruelbox.transactionoutbox.acceptance.InterfaceProcessor.process(25, "Whee") [6f227b5d-a857-4fea-a7ee-f188fdd08bcf]
20:10:50.815 [pool-11-thread-1] INFO  SESSION-KEY= c.g.t.a.AbstractAcceptanceTest - Processing (25, Whee)
20:10:50.815 [pool-11-thread-1] INFO  SESSION-KEY= c.g.t.a.AbstractAcceptanceTest - Processed (25, Whee)
20:10:50.815 [pool-11-thread-2] INFO  SESSION-KEY= c.g.t.TransactionOutboxImpl - Processed com.gruelbox.transactionoutbox.acceptance.InterfaceProcessor.process(95, "Whee") [22e00fdd-2505-4d01-8a15-f06ebd815586]
20:10:50.816 [pool-11-thread-1] INFO  SESSION-KEY= c.g.t.TransactionOutboxImpl - Processed com.gruelbox.transactionoutbox.acceptance.InterfaceProcessor.process(25, "Whee") [6f227b5d-a857-4fea-a7ee-f188fdd08bcf]
20:10:50.816 [pool-11-thread-2] INFO  SESSION-KEY= c.g.t.TransactionOutboxImpl - Processing com.gruelbox.transactionoutbox.acceptance.InterfaceProcessor.process(82, "Whee") [cbc4a77a-020c-4def-82c7-6042fb112443]
20:10:50.816 [pool-11-thread-2] INFO  SESSION-KEY= c.g.t.a.AbstractAcceptanceTest - Processing (82, Whee)
20:10:50.816 [pool-11-thread-2] INFO  SESSION-KEY= c.g.t.a.AbstractAcceptanceTest - Processed (82, Whee)
20:10:50.817 [pool-11-thread-1] INFO  SESSION-KEY= c.g.t.TransactionOutboxImpl - Processing com.gruelbox.transactionoutbox.acceptance.InterfaceProcessor.process(13, "Whee") [1ab472a3-53f5-4a73-8b3e-096fad6125f1]
20:10:50.817 [pool-11-thread-2] INFO  SESSION-KEY= c.g.t.TransactionOutboxImpl - Processed com.gruelbox.transactionoutbox.acceptance.InterfaceProcessor.process(82, "Whee") [cbc4a77a-020c-4def-82c7-6042fb112443]
20:10:50.817 [pool-11-thread-1] INFO  SESSION-KEY= c.g.t.a.AbstractAcceptanceTest - Processing (13, Whee)
20:10:50.817 [pool-11-thread-1] INFO  SESSION-KEY= c.g.t.a.AbstractAcceptanceTest - Processed (13, Whee)
20:10:50.817 [pool-11-thread-1] INFO  SESSION-KEY= c.g.t.TransactionOutboxImpl - Processed com.gruelbox.transactionoutbox.acceptance.InterfaceProcessor.process(13, "Whee") [1ab472a3-53f5-4a73-8b3e-096fad6125f1]
20:10:50.818 [pool-11-thread-2] INFO  SESSION-KEY= c.g.t.TransactionOutboxImpl - Processing com.gruelbox.transactionoutbox.acceptance.InterfaceProcessor.process(47, "Whee") [011fcc7f-03a3-40d2-a5d9-9f06e890d662]
20:10:50.818 [pool-11-thread-2] INFO  SESSION-KEY= c.g.t.a.AbstractAcceptanceTest - Processing (47, Whee)
20:10:50.818 [pool-11-thread-2] INFO  SESSION-KEY= c.g.t.a.AbstractAcceptanceTest - Processed (47, Whee)
20:10:50.818 [pool-11-thread-1] INFO  SESSION-KEY= c.g.t.TransactionOutboxImpl - Processing com.gruelbox.transactionoutbox.acceptance.InterfaceProcessor.process(5, "Whee") [2adb13f2-93c2-4100-ab9c-69c988d36835]
20:10:50.818 [pool-11-thread-1] INFO  SESSION-KEY= c.g.t.a.AbstractAcceptanceTest - Processing (5, Whee)
20:10:50.818 [pool-11-thread-2] INFO  SESSION-KEY= c.g.t.TransactionOutboxImpl - Processed com.gruelbox.transactionoutbox.acceptance.InterfaceProcessor.process(47, "Whee") [011fcc7f-03a3-40d2-a5d9-9f06e890d662]
20:10:50.818 [pool-11-thread-1] INFO  SESSION-KEY= c.g.t.a.AbstractAcceptanceTest - Processed (5, Whee)
20:10:50.819 [pool-11-thread-1] INFO  SESSION-KEY= c.g.t.TransactionOutboxImpl - Processed com.gruelbox.transactionoutbox.acceptance.InterfaceProcessor.process(5, "Whee") [2adb13f2-93c2-4100-ab9c-69c988d36835]
20:10:50.819 [pool-11-thread-2] INFO  SESSION-KEY= c.g.t.TransactionOutboxImpl - Processing com.gruelbox.transactionoutbox.acceptance.InterfaceProcessor.process(6, "Whee") [1748b763-8cab-426c-b5f5-19a9a2287b22]
20:10:50.819 [pool-11-thread-2] INFO  SESSION-KEY= c.g.t.a.AbstractAcceptanceTest - Processing (6, Whee)
20:10:50.819 [pool-11-thread-2] INFO  SESSION-KEY= c.g.t.a.AbstractAcceptanceTest - Processed (6, Whee)
20:10:50.819 [pool-11-thread-1] INFO  SESSION-KEY= c.g.t.TransactionOutboxImpl - Processing com.gruelbox.transactionoutbox.acceptance.InterfaceProcessor.process(3, "Whee") [bc76fdb3-a3da-46f2-b549-318530a49bf4]
20:10:50.820 [pool-11-thread-2] INFO  SESSION-KEY= c.g.t.TransactionOutboxImpl - Processed com.gruelbox.transactionoutbox.acceptance.InterfaceProcessor.process(6, "Whee") [1748b763-8cab-426c-b5f5-19a9a2287b22]
20:10:50.820 [pool-11-thread-1] INFO  SESSION-KEY= c.g.t.a.AbstractAcceptanceTest - Processing (3, Whee)
20:10:50.820 [pool-11-thread-1] INFO  SESSION-KEY= c.g.t.a.AbstractAcceptanceTest - Processed (3, Whee)
20:10:50.820 [pool-11-thread-1] INFO  SESSION-KEY= c.g.t.TransactionOutboxImpl - Processed com.gruelbox.transactionoutbox.acceptance.InterfaceProcessor.process(3, "Whee") [bc76fdb3-a3da-46f2-b549-318530a49bf4]
20:10:51.328 [pool-11-thread-2] INFO  SESSION-KEY= c.g.t.TransactionOutboxImpl - Processing com.gruelbox.transactionoutbox.acceptance.InterfaceProcessor.process(33, "Whee") [6597fbfa-007c-477a-b50e-2b76445605dc]
20:10:51.328 [pool-11-thread-1] INFO  SESSION-KEY= c.g.t.TransactionOutboxImpl - Processing com.gruelbox.transactionoutbox.acceptance.InterfaceProcessor.process(48, "Whee") [29e13a2a-08c5-4248-9740-eb8423075de8]
20:10:51.328 [pool-11-thread-2] INFO  SESSION-KEY= c.g.t.a.AbstractAcceptanceTest - Processing (33, Whee)
20:10:51.328 [pool-11-thread-1] INFO  SESSION-KEY= c.g.t.a.AbstractAcceptanceTest - Processing (48, Whee)
20:10:51.328 [pool-11-thread-2] INFO  SESSION-KEY= c.g.t.a.AbstractAcceptanceTest - Processed (33, Whee)
20:10:51.328 [pool-11-thread-1] INFO  SESSION-KEY= c.g.t.a.AbstractAcceptanceTest - Processed (48, Whee)
20:10:51.329 [pool-11-thread-1] INFO  SESSION-KEY= c.g.t.TransactionOutboxImpl - Processed com.gruelbox.transactionoutbox.acceptance.InterfaceProcessor.process(48, "Whee") [29e13a2a-08c5-4248-9740-eb8423075de8]
20:10:51.329 [pool-11-thread-2] INFO  SESSION-KEY= c.g.t.TransactionOutboxImpl - Processed com.gruelbox.transactionoutbox.acceptance.InterfaceProcessor.process(33, "Whee") [6597fbfa-007c-477a-b50e-2b76445605dc]
20:10:51.330 [pool-11-thread-1] INFO  SESSION-KEY= c.g.t.TransactionOutboxImpl - Processing com.gruelbox.transactionoutbox.acceptance.InterfaceProcessor.process(34, "Whee") [14e18eba-d1cd-48f1-b01e-b3a69e7a76b7]
20:10:51.330 [pool-11-thread-1] INFO  SESSION-KEY= c.g.t.a.AbstractAcceptanceTest - Processing (34, Whee)
20:10:51.330 [pool-11-thread-1] INFO  SESSION-KEY= c.g.t.a.AbstractAcceptanceTest - Processed (34, Whee)
20:10:51.330 [pool-11-thread-2] INFO  SESSION-KEY= c.g.t.TransactionOutboxImpl - Processing com.gruelbox.transactionoutbox.acceptance.InterfaceProcessor.process(49, "Whee") [67773dc4-9668-48cf-bace-34e0c963ebad]
20:10:51.331 [pool-11-thread-2] INFO  SESSION-KEY= c.g.t.a.AbstractAcceptanceTest - Processing (49, Whee)
20:10:51.331 [pool-11-thread-2] INFO  SESSION-KEY= c.g.t.a.AbstractAcceptanceTest - Processed (49, Whee)
20:10:51.331 [pool-11-thread-1] INFO  SESSION-KEY= c.g.t.TransactionOutboxImpl - Processed com.gruelbox.transactionoutbox.acceptance.InterfaceProcessor.process(34, "Whee") [14e18eba-d1cd-48f1-b01e-b3a69e7a76b7]
20:10:51.331 [pool-11-thread-2] INFO  SESSION-KEY= c.g.t.TransactionOutboxImpl - Processed com.gruelbox.transactionoutbox.acceptance.InterfaceProcessor.process(49, "Whee") [67773dc4-9668-48cf-bace-34e0c963ebad]
20:10:51.332 [pool-11-thread-1] INFO  SESSION-KEY= c.g.t.TransactionOutboxImpl - Processing com.gruelbox.transactionoutbox.acceptance.InterfaceProcessor.process(96, "Whee") [dc46c970-c7d7-4cbd-9c32-267702622679]
20:10:51.332 [pool-11-thread-1] INFO  SESSION-KEY= c.g.t.a.AbstractAcceptanceTest - Processing (96, Whee)
20:10:51.332 [pool-11-thread-1] INFO  SESSION-KEY= c.g.t.a.AbstractAcceptanceTest - Processed (96, Whee)
20:10:51.332 [pool-11-thread-2] INFO  SESSION-KEY= c.g.t.TransactionOutboxImpl - Processing com.gruelbox.transactionoutbox.acceptance.InterfaceProcessor.process(74, "Whee") [ced60e3d-fd35-4110-8024-347f57e169db]
20:10:51.333 [pool-11-thread-2] INFO  SESSION-KEY= c.g.t.a.AbstractAcceptanceTest - Processing (74, Whee)
20:10:51.333 [pool-11-thread-2] WARN  SESSION-KEY= c.g.t.SimpleTransactionManager - Exception in transactional block (InvocationTargetException). Rolling back. See later messages for detail
20:10:51.333 [pool-11-thread-1] INFO  SESSION-KEY= c.g.t.TransactionOutboxImpl - Processed com.gruelbox.transactionoutbox.acceptance.InterfaceProcessor.process(96, "Whee") [dc46c970-c7d7-4cbd-9c32-267702622679]
20:10:51.334 [pool-11-thread-1] INFO  SESSION-KEY= c.g.t.TransactionOutboxImpl - Processing com.gruelbox.transactionoutbox.acceptance.InterfaceProcessor.process(7, "Whee") [5966df7b-a851-421b-bdc6-6dd73e8d1c4d]
20:10:51.334 [pool-11-thread-1] INFO  SESSION-KEY= c.g.t.a.AbstractAcceptanceTest - Processing (7, Whee)
20:10:51.334 [pool-11-thread-1] INFO  SESSION-KEY= c.g.t.a.AbstractAcceptanceTest - Processed (7, Whee)
20:10:51.334 [pool-11-thread-2] WARN  SESSION-KEY= c.g.t.TransactionOutboxImpl - Temporarily failed to process entry ced60e3d-fd35-4110-8024-347f57e169db : com.gruelbox.transactionoutbox.acceptance.InterfaceProcessor.process(74, "Whee") [ced60e3d-fd35-4110-8024-347f57e169db]
java.lang.RuntimeException: Temporary failure of InterfaceProcessor
	at com.gruelbox.transactionoutbox.acceptance.AbstractAcceptanceTest$RandomFailingInstantiator.lambda$getInstance$0(AbstractAcceptanceTest.java:698)
	at java.base/jdk.internal.reflect.NativeMethodAccessorImpl.invoke0(Native Method)
	at java.base/jdk.internal.reflect.NativeMethodAccessorImpl.invoke(NativeMethodAccessorImpl.java:62)
	at java.base/jdk.internal.reflect.DelegatingMethodAccessorImpl.invoke(DelegatingMethodAccessorImpl.java:43)
	at java.base/java.lang.reflect.Method.invoke(Method.java:566)
	at com.gruelbox.transactionoutbox.Invocation.lambda$invoke$1(Invocation.java:107)
	at com.gruelbox.transactionoutbox.TransactionOutboxListener.wrapInvocation(TransactionOutboxListener.java:35)
	at com.gruelbox.transactionoutbox.Invocation.invoke(Invocation.java:107)
	at com.gruelbox.transactionoutbox.TransactionOutboxImpl.invoke(TransactionOutboxImpl.java:297)
	at com.gruelbox.transactionoutbox.TransactionOutboxImpl.lambda$processNow$13(TransactionOutboxImpl.java:265)
	at com.gruelbox.transactionoutbox.SimpleTransactionManager.processAndCommitOrRollback(SimpleTransactionManager.java:34)
	at com.gruelbox.transactionoutbox.SimpleTransactionManager.lambda$inTransactionReturnsThrows$0(SimpleTransactionManager.java:24)
	at com.gruelbox.transactionoutbox.SimpleTransactionManager.withTransaction(SimpleTransactionManager.java:64)
	at com.gruelbox.transactionoutbox.SimpleTransactionManager.inTransactionReturnsThrows(SimpleTransactionManager.java:22)
	at com.gruelbox.transactionoutbox.TransactionOutboxImpl.processNow(TransactionOutboxImpl.java:259)
	at com.gruelbox.transactionoutbox.ExecutorSubmitter.lambda$submit$0(ExecutorSubmitter.java:60)
	at java.base/java.util.concurrent.ThreadPoolExecutor.runWorker(ThreadPoolExecutor.java:1128)
	at java.base/java.util.concurrent.ThreadPoolExecutor$Worker.run(ThreadPoolExecutor.java:628)
	at java.base/java.lang.Thread.run(Thread.java:829)
20:10:51.335 [pool-11-thread-1] INFO  SESSION-KEY= c.g.t.TransactionOutboxImpl - Processed com.gruelbox.transactionoutbox.acceptance.InterfaceProcessor.process(7, "Whee") [5966df7b-a851-421b-bdc6-6dd73e8d1c4d]
20:10:51.335 [pool-11-thread-2] INFO  SESSION-KEY= c.g.t.TransactionOutboxImpl - Processing com.gruelbox.transactionoutbox.acceptance.InterfaceProcessor.process(14, "Whee") [31f36340-e991-4cce-b8ad-a1e3f1417826]
20:10:51.335 [pool-11-thread-2] INFO  SESSION-KEY= c.g.t.a.AbstractAcceptanceTest - Processing (14, Whee)
20:10:51.336 [pool-11-thread-2] INFO  SESSION-KEY= c.g.t.a.AbstractAcceptanceTest - Processed (14, Whee)
20:10:51.336 [pool-11-thread-1] INFO  SESSION-KEY= c.g.t.TransactionOutboxImpl - Processing com.gruelbox.transactionoutbox.acceptance.InterfaceProcessor.process(26, "Whee") [f5d09ad4-cb29-4c3b-8348-f89cad60c8bb]
20:10:51.336 [pool-11-thread-1] INFO  SESSION-KEY= c.g.t.a.AbstractAcceptanceTest - Processing (26, Whee)
20:10:51.336 [pool-11-thread-1] INFO  SESSION-KEY= c.g.t.a.AbstractAcceptanceTest - Processed (26, Whee)
20:10:51.336 [pool-11-thread-1] INFO  SESSION-KEY= c.g.t.TransactionOutboxImpl - Processed com.gruelbox.transactionoutbox.acceptance.InterfaceProcessor.process(26, "Whee") [f5d09ad4-cb29-4c3b-8348-f89cad60c8bb]
20:10:51.336 [pool-11-thread-2] INFO  SESSION-KEY= c.g.t.TransactionOutboxImpl - Processed com.gruelbox.transactionoutbox.acceptance.InterfaceProcessor.process(14, "Whee") [31f36340-e991-4cce-b8ad-a1e3f1417826]
20:10:51.337 [pool-11-thread-1] INFO  SESSION-KEY= c.g.t.TransactionOutboxImpl - Processing com.gruelbox.transactionoutbox.acceptance.InterfaceProcessor.process(35, "Whee") [a07a4e1b-04d1-4984-860a-75b3a75e567b]
20:10:51.337 [pool-11-thread-1] INFO  SESSION-KEY= c.g.t.a.AbstractAcceptanceTest - Processing (35, Whee)
20:10:51.337 [pool-11-thread-1] INFO  SESSION-KEY= c.g.t.a.AbstractAcceptanceTest - Processed (35, Whee)
20:10:51.337 [pool-11-thread-2] INFO  SESSION-KEY= c.g.t.TransactionOutboxImpl - Processing com.gruelbox.transactionoutbox.acceptance.InterfaceProcessor.process(97, "Whee") [2dac7121-2286-4105-985f-36e95690a296]
20:10:51.337 [pool-11-thread-2] INFO  SESSION-KEY= c.g.t.a.AbstractAcceptanceTest - Processing (97, Whee)
20:10:51.337 [pool-11-thread-2] INFO  SESSION-KEY= c.g.t.a.AbstractAcceptanceTest - Processed (97, Whee)
20:10:51.338 [pool-11-thread-1] INFO  SESSION-KEY= c.g.t.TransactionOutboxImpl - Processed com.gruelbox.transactionoutbox.acceptance.InterfaceProcessor.process(35, "Whee") [a07a4e1b-04d1-4984-860a-75b3a75e567b]
20:10:51.338 [pool-11-thread-2] INFO  SESSION-KEY= c.g.t.TransactionOutboxImpl - Processed com.gruelbox.transactionoutbox.acceptance.InterfaceProcessor.process(97, "Whee") [2dac7121-2286-4105-985f-36e95690a296]
20:10:51.339 [pool-11-thread-1] INFO  SESSION-KEY= c.g.t.TransactionOutboxImpl - Processing com.gruelbox.transactionoutbox.acceptance.InterfaceProcessor.process(98, "Whee") [91fec1b8-c66a-4faa-82e5-d76c874f369d]
20:10:51.339 [pool-11-thread-2] INFO  SESSION-KEY= c.g.t.TransactionOutboxImpl - Processing com.gruelbox.transactionoutbox.acceptance.InterfaceProcessor.process(75, "Whee") [53853cae-04fb-46bb-9f59-0feb4b531ba8]
20:10:51.339 [pool-11-thread-1] INFO  SESSION-KEY= c.g.t.a.AbstractAcceptanceTest - Processing (98, Whee)
20:10:51.339 [pool-11-thread-2] INFO  SESSION-KEY= c.g.t.a.AbstractAcceptanceTest - Processing (75, Whee)
20:10:51.339 [pool-11-thread-2] INFO  SESSION-KEY= c.g.t.a.AbstractAcceptanceTest - Processed (75, Whee)
20:10:51.339 [pool-11-thread-1] WARN  SESSION-KEY= c.g.t.SimpleTransactionManager - Exception in transactional block (InvocationTargetException). Rolling back. See later messages for detail
20:10:51.340 [pool-11-thread-2] INFO  SESSION-KEY= c.g.t.TransactionOutboxImpl - Processed com.gruelbox.transactionoutbox.acceptance.InterfaceProcessor.process(75, "Whee") [53853cae-04fb-46bb-9f59-0feb4b531ba8]
20:10:51.341 [pool-11-thread-1] WARN  SESSION-KEY= c.g.t.TransactionOutboxImpl - Temporarily failed to process entry 91fec1b8-c66a-4faa-82e5-d76c874f369d : com.gruelbox.transactionoutbox.acceptance.InterfaceProcessor.process(98, "Whee") [91fec1b8-c66a-4faa-82e5-d76c874f369d]
java.lang.RuntimeException: Temporary failure of InterfaceProcessor
	at com.gruelbox.transactionoutbox.acceptance.AbstractAcceptanceTest$RandomFailingInstantiator.lambda$getInstance$0(AbstractAcceptanceTest.java:698)
	at java.base/jdk.internal.reflect.NativeMethodAccessorImpl.invoke0(Native Method)
	at java.base/jdk.internal.reflect.NativeMethodAccessorImpl.invoke(NativeMethodAccessorImpl.java:62)
	at java.base/jdk.internal.reflect.DelegatingMethodAccessorImpl.invoke(DelegatingMethodAccessorImpl.java:43)
	at java.base/java.lang.reflect.Method.invoke(Method.java:566)
	at com.gruelbox.transactionoutbox.Invocation.lambda$invoke$1(Invocation.java:107)
	at com.gruelbox.transactionoutbox.TransactionOutboxListener.wrapInvocation(TransactionOutboxListener.java:35)
	at com.gruelbox.transactionoutbox.Invocation.invoke(Invocation.java:107)
	at com.gruelbox.transactionoutbox.TransactionOutboxImpl.invoke(TransactionOutboxImpl.java:297)
	at com.gruelbox.transactionoutbox.TransactionOutboxImpl.lambda$processNow$13(TransactionOutboxImpl.java:265)
	at com.gruelbox.transactionoutbox.SimpleTransactionManager.processAndCommitOrRollback(SimpleTransactionManager.java:34)
	at com.gruelbox.transactionoutbox.SimpleTransactionManager.lambda$inTransactionReturnsThrows$0(SimpleTransactionManager.java:24)
	at com.gruelbox.transactionoutbox.SimpleTransactionManager.withTransaction(SimpleTransactionManager.java:64)
	at com.gruelbox.transactionoutbox.SimpleTransactionManager.inTransactionReturnsThrows(SimpleTransactionManager.java:22)
	at com.gruelbox.transactionoutbox.TransactionOutboxImpl.processNow(TransactionOutboxImpl.java:259)
	at com.gruelbox.transactionoutbox.ExecutorSubmitter.lambda$submit$0(ExecutorSubmitter.java:60)
	at java.base/java.util.concurrent.ThreadPoolExecutor.runWorker(ThreadPoolExecutor.java:1128)
	at java.base/java.util.concurrent.ThreadPoolExecutor$Worker.run(ThreadPoolExecutor.java:628)
	at java.base/java.lang.Thread.run(Thread.java:829)
20:10:51.341 [pool-11-thread-2] INFO  SESSION-KEY= c.g.t.TransactionOutboxImpl - Processing com.gruelbox.transactionoutbox.acceptance.InterfaceProcessor.process(8, "Whee") [aec3c543-0e27-480c-9241-a106ac39ddd2]
20:10:51.341 [pool-11-thread-2] INFO  SESSION-KEY= c.g.t.a.AbstractAcceptanceTest - Processing (8, Whee)
20:10:51.341 [pool-11-thread-2] INFO  SESSION-KEY= c.g.t.a.AbstractAcceptanceTest - Processed (8, Whee)
20:10:51.342 [pool-11-thread-2] INFO  SESSION-KEY= c.g.t.TransactionOutboxImpl - Processed com.gruelbox.transactionoutbox.acceptance.InterfaceProcessor.process(8, "Whee") [aec3c543-0e27-480c-9241-a106ac39ddd2]
20:10:51.342 [pool-11-thread-1] INFO  SESSION-KEY= c.g.t.TransactionOutboxImpl - Processing com.gruelbox.transactionoutbox.acceptance.InterfaceProcessor.process(15, "Whee") [df354644-1a8b-47ef-8ece-f5bf243e563e]
20:10:51.342 [pool-11-thread-1] INFO  SESSION-KEY= c.g.t.a.AbstractAcceptanceTest - Processing (15, Whee)
20:10:51.342 [pool-11-thread-1] INFO  SESSION-KEY= c.g.t.a.AbstractAcceptanceTest - Processed (15, Whee)
20:10:51.342 [pool-11-thread-1] INFO  SESSION-KEY= c.g.t.TransactionOutboxImpl - Processed com.gruelbox.transactionoutbox.acceptance.InterfaceProcessor.process(15, "Whee") [df354644-1a8b-47ef-8ece-f5bf243e563e]
20:10:51.343 [pool-11-thread-2] INFO  SESSION-KEY= c.g.t.TransactionOutboxImpl - Processing com.gruelbox.transactionoutbox.acceptance.InterfaceProcessor.process(27, "Whee") [34fd14fc-21e3-4e8a-b1e8-76c1a78790eb]
20:10:51.343 [pool-11-thread-2] INFO  SESSION-KEY= c.g.t.a.AbstractAcceptanceTest - Processing (27, Whee)
20:10:51.343 [pool-11-thread-2] INFO  SESSION-KEY= c.g.t.a.AbstractAcceptanceTest - Processed (27, Whee)
20:10:51.343 [pool-11-thread-1] INFO  SESSION-KEY= c.g.t.TransactionOutboxImpl - Processing com.gruelbox.transactionoutbox.acceptance.InterfaceProcessor.process(9, "Whee") [4bfea5a8-7bfc-40dd-b6b1-ba4b9d62f80c]
20:10:51.344 [pool-11-thread-2] INFO  SESSION-KEY= c.g.t.TransactionOutboxImpl - Processed com.gruelbox.transactionoutbox.acceptance.InterfaceProcessor.process(27, "Whee") [34fd14fc-21e3-4e8a-b1e8-76c1a78790eb]
20:10:51.344 [pool-11-thread-1] INFO  SESSION-KEY= c.g.t.a.AbstractAcceptanceTest - Processing (9, Whee)
20:10:51.344 [pool-11-thread-1] INFO  SESSION-KEY= c.g.t.a.AbstractAcceptanceTest - Processed (9, Whee)
20:10:51.344 [pool-11-thread-1] INFO  SESSION-KEY= c.g.t.TransactionOutboxImpl - Processed com.gruelbox.transactionoutbox.acceptance.InterfaceProcessor.process(9, "Whee") [4bfea5a8-7bfc-40dd-b6b1-ba4b9d62f80c]
20:10:51.345 [pool-11-thread-2] INFO  SESSION-KEY= c.g.t.TransactionOutboxImpl - Processing com.gruelbox.transactionoutbox.acceptance.InterfaceProcessor.process(16, "Whee") [f9bdbb06-33b5-48ff-ab16-0b5dd336ce94]
20:10:51.345 [pool-11-thread-2] INFO  SESSION-KEY= c.g.t.a.AbstractAcceptanceTest - Processing (16, Whee)
20:10:51.345 [pool-11-thread-2] WARN  SESSION-KEY= c.g.t.SimpleTransactionManager - Exception in transactional block (InvocationTargetException). Rolling back. See later messages for detail
20:10:51.346 [pool-11-thread-2] WARN  SESSION-KEY= c.g.t.TransactionOutboxImpl - Temporarily failed to process entry f9bdbb06-33b5-48ff-ab16-0b5dd336ce94 : com.gruelbox.transactionoutbox.acceptance.InterfaceProcessor.process(16, "Whee") [f9bdbb06-33b5-48ff-ab16-0b5dd336ce94]
java.lang.RuntimeException: Temporary failure of InterfaceProcessor
	at com.gruelbox.transactionoutbox.acceptance.AbstractAcceptanceTest$RandomFailingInstantiator.lambda$getInstance$0(AbstractAcceptanceTest.java:698)
	at java.base/jdk.internal.reflect.NativeMethodAccessorImpl.invoke0(Native Method)
	at java.base/jdk.internal.reflect.NativeMethodAccessorImpl.invoke(NativeMethodAccessorImpl.java:62)
	at java.base/jdk.internal.reflect.DelegatingMethodAccessorImpl.invoke(DelegatingMethodAccessorImpl.java:43)
	at java.base/java.lang.reflect.Method.invoke(Method.java:566)
	at com.gruelbox.transactionoutbox.Invocation.lambda$invoke$1(Invocation.java:107)
	at com.gruelbox.transactionoutbox.TransactionOutboxListener.wrapInvocation(TransactionOutboxListener.java:35)
	at com.gruelbox.transactionoutbox.Invocation.invoke(Invocation.java:107)
	at com.gruelbox.transactionoutbox.TransactionOutboxImpl.invoke(TransactionOutboxImpl.java:297)
	at com.gruelbox.transactionoutbox.TransactionOutboxImpl.lambda$processNow$13(TransactionOutboxImpl.java:265)
	at com.gruelbox.transactionoutbox.SimpleTransactionManager.processAndCommitOrRollback(SimpleTransactionManager.java:34)
	at com.gruelbox.transactionoutbox.SimpleTransactionManager.lambda$inTransactionReturnsThrows$0(SimpleTransactionManager.java:24)
	at com.gruelbox.transactionoutbox.SimpleTransactionManager.withTransaction(SimpleTransactionManager.java:64)
	at com.gruelbox.transactionoutbox.SimpleTransactionManager.inTransactionReturnsThrows(SimpleTransactionManager.java:22)
	at com.gruelbox.transactionoutbox.TransactionOutboxImpl.processNow(TransactionOutboxImpl.java:259)
	at com.gruelbox.transactionoutbox.ExecutorSubmitter.lambda$submit$0(ExecutorSubmitter.java:60)
	at java.base/java.util.concurrent.ThreadPoolExecutor.runWorker(ThreadPoolExecutor.java:1128)
	at java.base/java.util.concurrent.ThreadPoolExecutor$Worker.run(ThreadPoolExecutor.java:628)
	at java.base/java.lang.Thread.run(Thread.java:829)
20:10:51.842 [pool-11-thread-1] INFO  SESSION-KEY= c.g.t.TransactionOutboxImpl - Processing com.gruelbox.transactionoutbox.acceptance.InterfaceProcessor.process(83, "Whee") [498d13c8-3511-4c3e-9fc1-44020fe98568]
20:10:51.842 [pool-11-thread-1] INFO  SESSION-KEY= c.g.t.a.AbstractAcceptanceTest - Processing (83, Whee)
20:10:51.842 [pool-11-thread-2] INFO  SESSION-KEY= c.g.t.TransactionOutboxImpl - Processing com.gruelbox.transactionoutbox.acceptance.InterfaceProcessor.process(99, "Whee") [a4a850d7-e046-4813-b63b-768ad4759c08]
20:10:51.842 [pool-11-thread-1] WARN  SESSION-KEY= c.g.t.SimpleTransactionManager - Exception in transactional block (InvocationTargetException). Rolling back. See later messages for detail
20:10:51.842 [pool-11-thread-2] INFO  SESSION-KEY= c.g.t.a.AbstractAcceptanceTest - Processing (99, Whee)
20:10:51.843 [pool-11-thread-2] INFO  SESSION-KEY= c.g.t.a.AbstractAcceptanceTest - Processed (99, Whee)
20:10:51.843 [pool-11-thread-2] INFO  SESSION-KEY= c.g.t.TransactionOutboxImpl - Processed com.gruelbox.transactionoutbox.acceptance.InterfaceProcessor.process(99, "Whee") [a4a850d7-e046-4813-b63b-768ad4759c08]
20:10:51.844 [pool-11-thread-1] WARN  SESSION-KEY= c.g.t.TransactionOutboxImpl - Temporarily failed to process entry 498d13c8-3511-4c3e-9fc1-44020fe98568 : com.gruelbox.transactionoutbox.acceptance.InterfaceProcessor.process(83, "Whee") [498d13c8-3511-4c3e-9fc1-44020fe98568]
java.lang.RuntimeException: Temporary failure of InterfaceProcessor
	at com.gruelbox.transactionoutbox.acceptance.AbstractAcceptanceTest$RandomFailingInstantiator.lambda$getInstance$0(AbstractAcceptanceTest.java:698)
	at java.base/jdk.internal.reflect.NativeMethodAccessorImpl.invoke0(Native Method)
	at java.base/jdk.internal.reflect.NativeMethodAccessorImpl.invoke(NativeMethodAccessorImpl.java:62)
	at java.base/jdk.internal.reflect.DelegatingMethodAccessorImpl.invoke(DelegatingMethodAccessorImpl.java:43)
	at java.base/java.lang.reflect.Method.invoke(Method.java:566)
	at com.gruelbox.transactionoutbox.Invocation.lambda$invoke$1(Invocation.java:107)
	at com.gruelbox.transactionoutbox.TransactionOutboxListener.wrapInvocation(TransactionOutboxListener.java:35)
	at com.gruelbox.transactionoutbox.Invocation.invoke(Invocation.java:107)
	at com.gruelbox.transactionoutbox.TransactionOutboxImpl.invoke(TransactionOutboxImpl.java:297)
	at com.gruelbox.transactionoutbox.TransactionOutboxImpl.lambda$processNow$13(TransactionOutboxImpl.java:265)
	at com.gruelbox.transactionoutbox.SimpleTransactionManager.processAndCommitOrRollback(SimpleTransactionManager.java:34)
	at com.gruelbox.transactionoutbox.SimpleTransactionManager.lambda$inTransactionReturnsThrows$0(SimpleTransactionManager.java:24)
	at com.gruelbox.transactionoutbox.SimpleTransactionManager.withTransaction(SimpleTransactionManager.java:64)
	at com.gruelbox.transactionoutbox.SimpleTransactionManager.inTransactionReturnsThrows(SimpleTransactionManager.java:22)
	at com.gruelbox.transactionoutbox.TransactionOutboxImpl.processNow(TransactionOutboxImpl.java:259)
	at com.gruelbox.transactionoutbox.ExecutorSubmitter.lambda$submit$0(ExecutorSubmitter.java:60)
	at java.base/java.util.concurrent.ThreadPoolExecutor.runWorker(ThreadPoolExecutor.java:1128)
	at java.base/java.util.concurrent.ThreadPoolExecutor$Worker.run(ThreadPoolExecutor.java:628)
	at java.base/java.lang.Thread.run(Thread.java:829)
20:10:51.844 [pool-11-thread-2] INFO  SESSION-KEY= c.g.t.TransactionOutboxImpl - Processing com.gruelbox.transactionoutbox.acceptance.InterfaceProcessor.process(84, "Whee") [08872e36-c70a-4d04-ab4f-da74707afe4d]
20:10:51.844 [pool-11-thread-2] INFO  SESSION-KEY= c.g.t.a.AbstractAcceptanceTest - Processing (84, Whee)
20:10:51.844 [pool-11-thread-2] WARN  SESSION-KEY= c.g.t.SimpleTransactionManager - Exception in transactional block (InvocationTargetException). Rolling back. See later messages for detail
20:10:51.845 [pool-11-thread-1] INFO  SESSION-KEY= c.g.t.TransactionOutboxImpl - Processing com.gruelbox.transactionoutbox.acceptance.InterfaceProcessor.process(76, "Whee") [4a09183b-a3ef-4927-bbc7-b239e0d19efb]
20:10:51.845 [pool-11-thread-1] INFO  SESSION-KEY= c.g.t.a.AbstractAcceptanceTest - Processing (76, Whee)
20:10:51.845 [pool-11-thread-1] INFO  SESSION-KEY= c.g.t.a.AbstractAcceptanceTest - Processed (76, Whee)
20:10:51.846 [pool-11-thread-1] INFO  SESSION-KEY= c.g.t.TransactionOutboxImpl - Processed com.gruelbox.transactionoutbox.acceptance.InterfaceProcessor.process(76, "Whee") [4a09183b-a3ef-4927-bbc7-b239e0d19efb]
20:10:51.846 [pool-11-thread-2] WARN  SESSION-KEY= c.g.t.TransactionOutboxImpl - Temporarily failed to process entry 08872e36-c70a-4d04-ab4f-da74707afe4d : com.gruelbox.transactionoutbox.acceptance.InterfaceProcessor.process(84, "Whee") [08872e36-c70a-4d04-ab4f-da74707afe4d]
java.lang.RuntimeException: Temporary failure of InterfaceProcessor
	at com.gruelbox.transactionoutbox.acceptance.AbstractAcceptanceTest$RandomFailingInstantiator.lambda$getInstance$0(AbstractAcceptanceTest.java:698)
	at java.base/jdk.internal.reflect.NativeMethodAccessorImpl.invoke0(Native Method)
	at java.base/jdk.internal.reflect.NativeMethodAccessorImpl.invoke(NativeMethodAccessorImpl.java:62)
	at java.base/jdk.internal.reflect.DelegatingMethodAccessorImpl.invoke(DelegatingMethodAccessorImpl.java:43)
	at java.base/java.lang.reflect.Method.invoke(Method.java:566)
	at com.gruelbox.transactionoutbox.Invocation.lambda$invoke$1(Invocation.java:107)
	at com.gruelbox.transactionoutbox.TransactionOutboxListener.wrapInvocation(TransactionOutboxListener.java:35)
	at com.gruelbox.transactionoutbox.Invocation.invoke(Invocation.java:107)
	at com.gruelbox.transactionoutbox.TransactionOutboxImpl.invoke(TransactionOutboxImpl.java:297)
	at com.gruelbox.transactionoutbox.TransactionOutboxImpl.lambda$processNow$13(TransactionOutboxImpl.java:265)
	at com.gruelbox.transactionoutbox.SimpleTransactionManager.processAndCommitOrRollback(SimpleTransactionManager.java:34)
	at com.gruelbox.transactionoutbox.SimpleTransactionManager.lambda$inTransactionReturnsThrows$0(SimpleTransactionManager.java:24)
	at com.gruelbox.transactionoutbox.SimpleTransactionManager.withTransaction(SimpleTransactionManager.java:64)
	at com.gruelbox.transactionoutbox.SimpleTransactionManager.inTransactionReturnsThrows(SimpleTransactionManager.java:22)
	at com.gruelbox.transactionoutbox.TransactionOutboxImpl.processNow(TransactionOutboxImpl.java:259)
	at com.gruelbox.transactionoutbox.ExecutorSubmitter.lambda$submit$0(ExecutorSubmitter.java:60)
	at java.base/java.util.concurrent.ThreadPoolExecutor.runWorker(ThreadPoolExecutor.java:1128)
	at java.base/java.util.concurrent.ThreadPoolExecutor$Worker.run(ThreadPoolExecutor.java:628)
	at java.base/java.lang.Thread.run(Thread.java:829)
20:10:51.847 [pool-11-thread-1] INFO  SESSION-KEY= c.g.t.TransactionOutboxImpl - Processing com.gruelbox.transactionoutbox.acceptance.InterfaceProcessor.process(17, "Whee") [e8c3aca4-051c-4d16-834c-faa564e924ed]
20:10:51.847 [pool-11-thread-1] INFO  SESSION-KEY= c.g.t.a.AbstractAcceptanceTest - Processing (17, Whee)
20:10:51.847 [pool-11-thread-1] INFO  SESSION-KEY= c.g.t.a.AbstractAcceptanceTest - Processed (17, Whee)
20:10:51.847 [pool-11-thread-2] INFO  SESSION-KEY= c.g.t.TransactionOutboxImpl - Processing com.gruelbox.transactionoutbox.acceptance.InterfaceProcessor.process(19, "Whee") [e1602809-add9-4d73-8542-b45d3f0fc9f2]
20:10:51.847 [pool-11-thread-2] INFO  SESSION-KEY= c.g.t.a.AbstractAcceptanceTest - Processing (19, Whee)
20:10:51.847 [pool-11-thread-2] INFO  SESSION-KEY= c.g.t.a.AbstractAcceptanceTest - Processed (19, Whee)
20:10:51.847 [pool-11-thread-1] INFO  SESSION-KEY= c.g.t.TransactionOutboxImpl - Processed com.gruelbox.transactionoutbox.acceptance.InterfaceProcessor.process(17, "Whee") [e8c3aca4-051c-4d16-834c-faa564e924ed]
20:10:51.847 [pool-11-thread-2] INFO  SESSION-KEY= c.g.t.TransactionOutboxImpl - Processed com.gruelbox.transactionoutbox.acceptance.InterfaceProcessor.process(19, "Whee") [e1602809-add9-4d73-8542-b45d3f0fc9f2]
20:10:51.848 [pool-11-thread-1] INFO  SESSION-KEY= c.g.t.TransactionOutboxImpl - Processing com.gruelbox.transactionoutbox.acceptance.InterfaceProcessor.process(36, "Whee") [e7ddaea0-55f7-42a9-a2b3-fb67c1679e32]
20:10:51.848 [pool-11-thread-1] INFO  SESSION-KEY= c.g.t.a.AbstractAcceptanceTest - Processing (36, Whee)
20:10:51.848 [pool-11-thread-1] INFO  SESSION-KEY= c.g.t.a.AbstractAcceptanceTest - Processed (36, Whee)
20:10:51.848 [pool-11-thread-2] INFO  SESSION-KEY= c.g.t.TransactionOutboxImpl - Processing com.gruelbox.transactionoutbox.acceptance.InterfaceProcessor.process(87, "Whee") [cf1ec015-033c-4579-828f-ad503e8cb0dd]
20:10:51.849 [pool-11-thread-2] INFO  SESSION-KEY= c.g.t.a.AbstractAcceptanceTest - Processing (87, Whee)
20:10:51.849 [pool-11-thread-2] INFO  SESSION-KEY= c.g.t.a.AbstractAcceptanceTest - Processed (87, Whee)
20:10:51.849 [pool-11-thread-1] INFO  SESSION-KEY= c.g.t.TransactionOutboxImpl - Processed com.gruelbox.transactionoutbox.acceptance.InterfaceProcessor.process(36, "Whee") [e7ddaea0-55f7-42a9-a2b3-fb67c1679e32]
20:10:51.849 [pool-11-thread-2] INFO  SESSION-KEY= c.g.t.TransactionOutboxImpl - Processed com.gruelbox.transactionoutbox.acceptance.InterfaceProcessor.process(87, "Whee") [cf1ec015-033c-4579-828f-ad503e8cb0dd]
20:10:51.850 [pool-11-thread-1] INFO  SESSION-KEY= c.g.t.TransactionOutboxImpl - Processing com.gruelbox.transactionoutbox.acceptance.InterfaceProcessor.process(28, "Whee") [08672845-48c7-4666-b2c5-8875c4414ebd]
20:10:51.850 [pool-11-thread-1] INFO  SESSION-KEY= c.g.t.a.AbstractAcceptanceTest - Processing (28, Whee)
20:10:51.850 [pool-11-thread-1] WARN  SESSION-KEY= c.g.t.SimpleTransactionManager - Exception in transactional block (InvocationTargetException). Rolling back. See later messages for detail
20:10:51.850 [pool-11-thread-2] INFO  SESSION-KEY= c.g.t.TransactionOutboxImpl - Processing com.gruelbox.transactionoutbox.acceptance.InterfaceProcessor.process(79, "Whee") [878a2507-f5f4-4ce0-b24a-8f9632de2f59]
20:10:51.850 [pool-11-thread-2] INFO  SESSION-KEY= c.g.t.a.AbstractAcceptanceTest - Processing (79, Whee)
20:10:51.851 [pool-11-thread-2] INFO  SESSION-KEY= c.g.t.a.AbstractAcceptanceTest - Processed (79, Whee)
20:10:51.851 [pool-11-thread-2] INFO  SESSION-KEY= c.g.t.TransactionOutboxImpl - Processed com.gruelbox.transactionoutbox.acceptance.InterfaceProcessor.process(79, "Whee") [878a2507-f5f4-4ce0-b24a-8f9632de2f59]
20:10:51.851 [pool-11-thread-1] WARN  SESSION-KEY= c.g.t.TransactionOutboxImpl - Temporarily failed to process entry 08672845-48c7-4666-b2c5-8875c4414ebd : com.gruelbox.transactionoutbox.acceptance.InterfaceProcessor.process(28, "Whee") [08672845-48c7-4666-b2c5-8875c4414ebd]
java.lang.RuntimeException: Temporary failure of InterfaceProcessor
	at com.gruelbox.transactionoutbox.acceptance.AbstractAcceptanceTest$RandomFailingInstantiator.lambda$getInstance$0(AbstractAcceptanceTest.java:698)
	at java.base/jdk.internal.reflect.NativeMethodAccessorImpl.invoke0(Native Method)
	at java.base/jdk.internal.reflect.NativeMethodAccessorImpl.invoke(NativeMethodAccessorImpl.java:62)
	at java.base/jdk.internal.reflect.DelegatingMethodAccessorImpl.invoke(DelegatingMethodAccessorImpl.java:43)
	at java.base/java.lang.reflect.Method.invoke(Method.java:566)
	at com.gruelbox.transactionoutbox.Invocation.lambda$invoke$1(Invocation.java:107)
	at com.gruelbox.transactionoutbox.TransactionOutboxListener.wrapInvocation(TransactionOutboxListener.java:35)
	at com.gruelbox.transactionoutbox.Invocation.invoke(Invocation.java:107)
	at com.gruelbox.transactionoutbox.TransactionOutboxImpl.invoke(TransactionOutboxImpl.java:297)
	at com.gruelbox.transactionoutbox.TransactionOutboxImpl.lambda$processNow$13(TransactionOutboxImpl.java:265)
	at com.gruelbox.transactionoutbox.SimpleTransactionManager.processAndCommitOrRollback(SimpleTransactionManager.java:34)
	at com.gruelbox.transactionoutbox.SimpleTransactionManager.lambda$inTransactionReturnsThrows$0(SimpleTransactionManager.java:24)
	at com.gruelbox.transactionoutbox.SimpleTransactionManager.withTransaction(SimpleTransactionManager.java:64)
	at com.gruelbox.transactionoutbox.SimpleTransactionManager.inTransactionReturnsThrows(SimpleTransactionManager.java:22)
	at com.gruelbox.transactionoutbox.TransactionOutboxImpl.processNow(TransactionOutboxImpl.java:259)
	at com.gruelbox.transactionoutbox.ExecutorSubmitter.lambda$submit$0(ExecutorSubmitter.java:60)
	at java.base/java.util.concurrent.ThreadPoolExecutor.runWorker(ThreadPoolExecutor.java:1128)
	at java.base/java.util.concurrent.ThreadPoolExecutor$Worker.run(ThreadPoolExecutor.java:628)
	at java.base/java.lang.Thread.run(Thread.java:829)
20:10:51.852 [pool-11-thread-2] INFO  SESSION-KEY= c.g.t.TransactionOutboxImpl - Processing com.gruelbox.transactionoutbox.acceptance.InterfaceProcessor.process(37, "Whee") [2a72971c-6ab7-42fe-8474-737cfd6cdcf6]
20:10:51.852 [pool-11-thread-2] INFO  SESSION-KEY= c.g.t.a.AbstractAcceptanceTest - Processing (37, Whee)
20:10:51.852 [pool-11-thread-1] INFO  SESSION-KEY= c.g.t.TransactionOutboxImpl - Processing com.gruelbox.transactionoutbox.acceptance.InterfaceProcessor.process(66, "Whee") [2a175214-a622-45e7-882d-783c6665a4bc]
20:10:51.852 [pool-11-thread-2] INFO  SESSION-KEY= c.g.t.a.AbstractAcceptanceTest - Processed (37, Whee)
20:10:51.852 [pool-11-thread-1] INFO  SESSION-KEY= c.g.t.a.AbstractAcceptanceTest - Processing (66, Whee)
20:10:51.852 [pool-11-thread-1] INFO  SESSION-KEY= c.g.t.a.AbstractAcceptanceTest - Processed (66, Whee)
20:10:51.852 [pool-11-thread-2] INFO  SESSION-KEY= c.g.t.TransactionOutboxImpl - Processed com.gruelbox.transactionoutbox.acceptance.InterfaceProcessor.process(37, "Whee") [2a72971c-6ab7-42fe-8474-737cfd6cdcf6]
20:10:51.852 [pool-11-thread-1] INFO  SESSION-KEY= c.g.t.TransactionOutboxImpl - Processed com.gruelbox.transactionoutbox.acceptance.InterfaceProcessor.process(66, "Whee") [2a175214-a622-45e7-882d-783c6665a4bc]
20:10:51.853 [pool-11-thread-2] INFO  SESSION-KEY= c.g.t.TransactionOutboxImpl - Processing com.gruelbox.transactionoutbox.acceptance.InterfaceProcessor.process(88, "Whee") [556633f4-2778-4e88-b76e-f96838ca9ccf]
20:10:51.853 [pool-11-thread-1] INFO  SESSION-KEY= c.g.t.TransactionOutboxImpl - Processing com.gruelbox.transactionoutbox.acceptance.InterfaceProcessor.process(38, "Whee") [cfbbe168-e3e6-4e9a-84b6-6462f1f9bba3]
20:10:51.853 [pool-11-thread-2] INFO  SESSION-KEY= c.g.t.a.AbstractAcceptanceTest - Processing (88, Whee)
20:10:51.853 [pool-11-thread-1] INFO  SESSION-KEY= c.g.t.a.AbstractAcceptanceTest - Processing (38, Whee)
20:10:51.853 [pool-11-thread-2] INFO  SESSION-KEY= c.g.t.a.AbstractAcceptanceTest - Processed (88, Whee)
20:10:51.853 [pool-11-thread-1] INFO  SESSION-KEY= c.g.t.a.AbstractAcceptanceTest - Processed (38, Whee)
20:10:51.854 [pool-11-thread-2] INFO  SESSION-KEY= c.g.t.TransactionOutboxImpl - Processed com.gruelbox.transactionoutbox.acceptance.InterfaceProcessor.process(88, "Whee") [556633f4-2778-4e88-b76e-f96838ca9ccf]
20:10:51.854 [pool-11-thread-1] INFO  SESSION-KEY= c.g.t.TransactionOutboxImpl - Processed com.gruelbox.transactionoutbox.acceptance.InterfaceProcessor.process(38, "Whee") [cfbbe168-e3e6-4e9a-84b6-6462f1f9bba3]
20:10:51.855 [pool-11-thread-1] INFO  SESSION-KEY= c.g.t.TransactionOutboxImpl - Processing com.gruelbox.transactionoutbox.acceptance.InterfaceProcessor.process(93, "Whee") [93f49e3d-e31c-4f53-b782-242b23f6c55a]
20:10:51.855 [pool-11-thread-2] INFO  SESSION-KEY= c.g.t.TransactionOutboxImpl - Processing com.gruelbox.transactionoutbox.acceptance.InterfaceProcessor.process(39, "Whee") [fe54d63c-23df-4ff0-8934-9f348ff7de26]
20:10:51.855 [pool-11-thread-1] INFO  SESSION-KEY= c.g.t.a.AbstractAcceptanceTest - Processing (93, Whee)
20:10:51.855 [pool-11-thread-1] INFO  SESSION-KEY= c.g.t.a.AbstractAcceptanceTest - Processed (93, Whee)
20:10:51.855 [pool-11-thread-2] INFO  SESSION-KEY= c.g.t.a.AbstractAcceptanceTest - Processing (39, Whee)
20:10:51.855 [pool-11-thread-2] INFO  SESSION-KEY= c.g.t.a.AbstractAcceptanceTest - Processed (39, Whee)
20:10:51.855 [pool-11-thread-1] INFO  SESSION-KEY= c.g.t.TransactionOutboxImpl - Processed com.gruelbox.transactionoutbox.acceptance.InterfaceProcessor.process(93, "Whee") [93f49e3d-e31c-4f53-b782-242b23f6c55a]
20:10:51.856 [pool-11-thread-2] INFO  SESSION-KEY= c.g.t.TransactionOutboxImpl - Processed com.gruelbox.transactionoutbox.acceptance.InterfaceProcessor.process(39, "Whee") [fe54d63c-23df-4ff0-8934-9f348ff7de26]
20:10:51.856 [pool-11-thread-1] INFO  SESSION-KEY= c.g.t.TransactionOutboxImpl - Processing com.gruelbox.transactionoutbox.acceptance.InterfaceProcessor.process(18, "Whee") [378a5ade-7907-4b1d-a7ab-3dca23075e99]
20:10:51.856 [pool-11-thread-1] INFO  SESSION-KEY= c.g.t.a.AbstractAcceptanceTest - Processing (18, Whee)
20:10:51.856 [pool-11-thread-1] INFO  SESSION-KEY= c.g.t.a.AbstractAcceptanceTest - Processed (18, Whee)
20:10:51.856 [pool-11-thread-2] INFO  SESSION-KEY= c.g.t.TransactionOutboxImpl - Processing com.gruelbox.transactionoutbox.acceptance.InterfaceProcessor.process(74, "Whee") [ced60e3d-fd35-4110-8024-347f57e169db]
20:10:51.856 [pool-11-thread-2] INFO  SESSION-KEY= c.g.t.a.AbstractAcceptanceTest - Processing (74, Whee)
20:10:51.857 [pool-11-thread-2] WARN  SESSION-KEY= c.g.t.SimpleTransactionManager - Exception in transactional block (InvocationTargetException). Rolling back. See later messages for detail
20:10:51.857 [pool-11-thread-1] INFO  SESSION-KEY= c.g.t.TransactionOutboxImpl - Processed com.gruelbox.transactionoutbox.acceptance.InterfaceProcessor.process(18, "Whee") [378a5ade-7907-4b1d-a7ab-3dca23075e99]
20:10:51.857 [pool-11-thread-1] INFO  SESSION-KEY= c.g.t.TransactionOutboxImpl - Processing com.gruelbox.transactionoutbox.acceptance.InterfaceProcessor.process(98, "Whee") [91fec1b8-c66a-4faa-82e5-d76c874f369d]
20:10:51.858 [pool-11-thread-1] INFO  SESSION-KEY= c.g.t.a.AbstractAcceptanceTest - Processing (98, Whee)
20:10:51.858 [pool-11-thread-1] INFO  SESSION-KEY= c.g.t.a.AbstractAcceptanceTest - Processed (98, Whee)
20:10:51.858 [pool-11-thread-2] WARN  SESSION-KEY= c.g.t.TransactionOutboxImpl - Temporarily failed to process entry ced60e3d-fd35-4110-8024-347f57e169db : com.gruelbox.transactionoutbox.acceptance.InterfaceProcessor.process(74, "Whee") [ced60e3d-fd35-4110-8024-347f57e169db]
java.lang.RuntimeException: Temporary failure of InterfaceProcessor
	at com.gruelbox.transactionoutbox.acceptance.AbstractAcceptanceTest$RandomFailingInstantiator.lambda$getInstance$0(AbstractAcceptanceTest.java:698)
	at java.base/jdk.internal.reflect.NativeMethodAccessorImpl.invoke0(Native Method)
	at java.base/jdk.internal.reflect.NativeMethodAccessorImpl.invoke(NativeMethodAccessorImpl.java:62)
	at java.base/jdk.internal.reflect.DelegatingMethodAccessorImpl.invoke(DelegatingMethodAccessorImpl.java:43)
	at java.base/java.lang.reflect.Method.invoke(Method.java:566)
	at com.gruelbox.transactionoutbox.Invocation.lambda$invoke$1(Invocation.java:107)
	at com.gruelbox.transactionoutbox.TransactionOutboxListener.wrapInvocation(TransactionOutboxListener.java:35)
	at com.gruelbox.transactionoutbox.Invocation.invoke(Invocation.java:107)
	at com.gruelbox.transactionoutbox.TransactionOutboxImpl.invoke(TransactionOutboxImpl.java:297)
	at com.gruelbox.transactionoutbox.TransactionOutboxImpl.lambda$processNow$13(TransactionOutboxImpl.java:265)
	at com.gruelbox.transactionoutbox.SimpleTransactionManager.processAndCommitOrRollback(SimpleTransactionManager.java:34)
	at com.gruelbox.transactionoutbox.SimpleTransactionManager.lambda$inTransactionReturnsThrows$0(SimpleTransactionManager.java:24)
	at com.gruelbox.transactionoutbox.SimpleTransactionManager.withTransaction(SimpleTransactionManager.java:64)
	at com.gruelbox.transactionoutbox.SimpleTransactionManager.inTransactionReturnsThrows(SimpleTransactionManager.java:22)
	at com.gruelbox.transactionoutbox.TransactionOutboxImpl.processNow(TransactionOutboxImpl.java:259)
	at com.gruelbox.transactionoutbox.ExecutorSubmitter.lambda$submit$0(ExecutorSubmitter.java:60)
	at java.base/java.util.concurrent.ThreadPoolExecutor.runWorker(ThreadPoolExecutor.java:1128)
	at java.base/java.util.concurrent.ThreadPoolExecutor$Worker.run(ThreadPoolExecutor.java:628)
	at java.base/java.lang.Thread.run(Thread.java:829)
20:10:51.858 [pool-11-thread-1] INFO  SESSION-KEY= c.g.t.TransactionOutboxImpl - Processed com.gruelbox.transactionoutbox.acceptance.InterfaceProcessor.process(98, "Whee") [91fec1b8-c66a-4faa-82e5-d76c874f369d]
20:10:52.098 [pool-11-thread-2] INFO  SESSION-KEY= c.g.t.TransactionOutboxImpl - Processing com.gruelbox.transactionoutbox.acceptance.InterfaceProcessor.process(16, "Whee") [f9bdbb06-33b5-48ff-ab16-0b5dd336ce94]
20:10:52.099 [pool-11-thread-2] INFO  SESSION-KEY= c.g.t.a.AbstractAcceptanceTest - Processing (16, Whee)
20:10:52.099 [pool-11-thread-2] INFO  SESSION-KEY= c.g.t.a.AbstractAcceptanceTest - Processed (16, Whee)
20:10:52.099 [pool-11-thread-2] INFO  SESSION-KEY= c.g.t.TransactionOutboxImpl - Processed com.gruelbox.transactionoutbox.acceptance.InterfaceProcessor.process(16, "Whee") [f9bdbb06-33b5-48ff-ab16-0b5dd336ce94]
20:10:52.352 [pool-11-thread-1] INFO  SESSION-KEY= c.g.t.TransactionOutboxImpl - Processing com.gruelbox.transactionoutbox.acceptance.InterfaceProcessor.process(85, "Whee") [796f0128-1e82-4fcc-a6ff-b79475582db2]
20:10:52.352 [pool-11-thread-1] INFO  SESSION-KEY= c.g.t.a.AbstractAcceptanceTest - Processing (85, Whee)
20:10:52.352 [pool-11-thread-1] INFO  SESSION-KEY= c.g.t.a.AbstractAcceptanceTest - Processed (85, Whee)
20:10:52.352 [pool-11-thread-2] INFO  SESSION-KEY= c.g.t.TransactionOutboxImpl - Processing com.gruelbox.transactionoutbox.acceptance.InterfaceProcessor.process(45, "Whee") [d2c3186e-4bd8-4ad1-87f3-23b652528850]
20:10:52.352 [pool-11-thread-2] INFO  SESSION-KEY= c.g.t.a.AbstractAcceptanceTest - Processing (45, Whee)
20:10:52.352 [pool-11-thread-2] INFO  SESSION-KEY= c.g.t.a.AbstractAcceptanceTest - Processed (45, Whee)
20:10:52.353 [pool-11-thread-1] INFO  SESSION-KEY= c.g.t.TransactionOutboxImpl - Processed com.gruelbox.transactionoutbox.acceptance.InterfaceProcessor.process(85, "Whee") [796f0128-1e82-4fcc-a6ff-b79475582db2]
20:10:52.353 [pool-11-thread-2] INFO  SESSION-KEY= c.g.t.TransactionOutboxImpl - Processed com.gruelbox.transactionoutbox.acceptance.InterfaceProcessor.process(45, "Whee") [d2c3186e-4bd8-4ad1-87f3-23b652528850]
20:10:52.354 [pool-11-thread-1] INFO  SESSION-KEY= c.g.t.TransactionOutboxImpl - Processing com.gruelbox.transactionoutbox.acceptance.InterfaceProcessor.process(89, "Whee") [552503a1-3976-4290-b2c6-253573d12e6c]
20:10:52.354 [pool-11-thread-1] INFO  SESSION-KEY= c.g.t.a.AbstractAcceptanceTest - Processing (89, Whee)
20:10:52.354 [pool-11-thread-2] INFO  SESSION-KEY= c.g.t.TransactionOutboxImpl - Processing com.gruelbox.transactionoutbox.acceptance.InterfaceProcessor.process(83, "Whee") [498d13c8-3511-4c3e-9fc1-44020fe98568]
20:10:52.354 [pool-11-thread-1] INFO  SESSION-KEY= c.g.t.a.AbstractAcceptanceTest - Processed (89, Whee)
20:10:52.354 [pool-11-thread-2] INFO  SESSION-KEY= c.g.t.a.AbstractAcceptanceTest - Processing (83, Whee)
20:10:52.354 [pool-11-thread-2] INFO  SESSION-KEY= c.g.t.a.AbstractAcceptanceTest - Processed (83, Whee)
20:10:52.354 [pool-11-thread-1] INFO  SESSION-KEY= c.g.t.TransactionOutboxImpl - Processed com.gruelbox.transactionoutbox.acceptance.InterfaceProcessor.process(89, "Whee") [552503a1-3976-4290-b2c6-253573d12e6c]
20:10:52.354 [pool-11-thread-2] INFO  SESSION-KEY= c.g.t.TransactionOutboxImpl - Processed com.gruelbox.transactionoutbox.acceptance.InterfaceProcessor.process(83, "Whee") [498d13c8-3511-4c3e-9fc1-44020fe98568]
20:10:52.355 [pool-11-thread-1] INFO  SESSION-KEY= c.g.t.TransactionOutboxImpl - Processing com.gruelbox.transactionoutbox.acceptance.InterfaceProcessor.process(84, "Whee") [08872e36-c70a-4d04-ab4f-da74707afe4d]
20:10:52.355 [pool-11-thread-1] INFO  SESSION-KEY= c.g.t.a.AbstractAcceptanceTest - Processing (84, Whee)
20:10:52.355 [pool-11-thread-1] INFO  SESSION-KEY= c.g.t.a.AbstractAcceptanceTest - Processed (84, Whee)
20:10:52.356 [pool-11-thread-2] INFO  SESSION-KEY= c.g.t.TransactionOutboxImpl - Processing com.gruelbox.transactionoutbox.acceptance.InterfaceProcessor.process(28, "Whee") [08672845-48c7-4666-b2c5-8875c4414ebd]
20:10:52.356 [pool-11-thread-2] INFO  SESSION-KEY= c.g.t.a.AbstractAcceptanceTest - Processing (28, Whee)
20:10:52.356 [pool-11-thread-2] INFO  SESSION-KEY= c.g.t.a.AbstractAcceptanceTest - Processed (28, Whee)
20:10:52.356 [pool-11-thread-1] INFO  SESSION-KEY= c.g.t.TransactionOutboxImpl - Processed com.gruelbox.transactionoutbox.acceptance.InterfaceProcessor.process(84, "Whee") [08872e36-c70a-4d04-ab4f-da74707afe4d]
20:10:52.356 [pool-11-thread-2] INFO  SESSION-KEY= c.g.t.TransactionOutboxImpl - Processed com.gruelbox.transactionoutbox.acceptance.InterfaceProcessor.process(28, "Whee") [08672845-48c7-4666-b2c5-8875c4414ebd]
20:10:52.609 [pool-11-thread-1] INFO  SESSION-KEY= c.g.t.TransactionOutboxImpl - Processing com.gruelbox.transactionoutbox.acceptance.InterfaceProcessor.process(74, "Whee") [ced60e3d-fd35-4110-8024-347f57e169db]
20:10:52.609 [pool-11-thread-1] INFO  SESSION-KEY= c.g.t.a.AbstractAcceptanceTest - Processing (74, Whee)
20:10:52.610 [pool-11-thread-1] INFO  SESSION-KEY= c.g.t.a.AbstractAcceptanceTest - Processed (74, Whee)
20:10:52.610 [pool-11-thread-1] INFO  SESSION-KEY= c.g.t.TransactionOutboxImpl - Processed com.gruelbox.transactionoutbox.acceptance.InterfaceProcessor.process(74, "Whee") [ced60e3d-fd35-4110-8024-347f57e169db]
20:10:52.642 [pool-13-thread-1] INFO  SESSION-KEY= c.g.t.TransactionOutboxImpl - Processing BEEF.process(3, "Whee") [d2e39052-e2cc-47aa-9dcc-4037bd7fb70e]
20:10:52.642 [pool-13-thread-1] INFO  SESSION-KEY= c.g.t.a.AbstractAcceptanceTest - Processing (3, Whee)
20:10:52.642 [pool-13-thread-1] WARN  SESSION-KEY= c.g.t.SimpleTransactionManager - Exception in transactional block (InvocationTargetException). Rolling back. See later messages for detail
20:10:52.644 [pool-13-thread-1] WARN  SESSION-KEY= c.g.t.TransactionOutboxImpl - Temporarily failed to process entry d2e39052-e2cc-47aa-9dcc-4037bd7fb70e : BEEF.process(3, "Whee") [d2e39052-e2cc-47aa-9dcc-4037bd7fb70e]
java.lang.RuntimeException: Temporary failure
	at com.gruelbox.transactionoutbox.acceptance.AbstractAcceptanceTest$FailingInstantiator.lambda$getInstance$0(AbstractAcceptanceTest.java:677)
	at java.base/jdk.internal.reflect.NativeMethodAccessorImpl.invoke0(Native Method)
	at java.base/jdk.internal.reflect.NativeMethodAccessorImpl.invoke(NativeMethodAccessorImpl.java:62)
	at java.base/jdk.internal.reflect.DelegatingMethodAccessorImpl.invoke(DelegatingMethodAccessorImpl.java:43)
	at java.base/java.lang.reflect.Method.invoke(Method.java:566)
	at com.gruelbox.transactionoutbox.Invocation.lambda$invoke$1(Invocation.java:107)
	at com.gruelbox.transactionoutbox.TransactionOutboxListener.wrapInvocation(TransactionOutboxListener.java:35)
	at com.gruelbox.transactionoutbox.Invocation.invoke(Invocation.java:107)
	at com.gruelbox.transactionoutbox.TransactionOutboxImpl.invoke(TransactionOutboxImpl.java:297)
	at com.gruelbox.transactionoutbox.TransactionOutboxImpl.lambda$processNow$13(TransactionOutboxImpl.java:265)
	at com.gruelbox.transactionoutbox.SimpleTransactionManager.processAndCommitOrRollback(SimpleTransactionManager.java:34)
	at com.gruelbox.transactionoutbox.SimpleTransactionManager.lambda$inTransactionReturnsThrows$0(SimpleTransactionManager.java:24)
	at com.gruelbox.transactionoutbox.SimpleTransactionManager.withTransaction(SimpleTransactionManager.java:64)
	at com.gruelbox.transactionoutbox.SimpleTransactionManager.inTransactionReturnsThrows(SimpleTransactionManager.java:22)
	at com.gruelbox.transactionoutbox.TransactionOutboxImpl.processNow(TransactionOutboxImpl.java:259)
	at com.gruelbox.transactionoutbox.ExecutorSubmitter.lambda$submit$0(ExecutorSubmitter.java:60)
	at java.base/java.util.concurrent.ThreadPoolExecutor.runWorker(ThreadPoolExecutor.java:1128)
	at java.base/java.util.concurrent.ThreadPoolExecutor$Worker.run(ThreadPoolExecutor.java:628)
	at java.base/java.lang.Thread.run(Thread.java:829)
20:10:53.396 [pool-13-thread-1] INFO  SESSION-KEY= c.g.t.TransactionOutboxImpl - Processing BEEF.process(3, "Whee") [d2e39052-e2cc-47aa-9dcc-4037bd7fb70e]
20:10:53.396 [pool-13-thread-1] INFO  SESSION-KEY= c.g.t.a.AbstractAcceptanceTest - Processing (3, Whee)
20:10:53.396 [pool-13-thread-1] WARN  SESSION-KEY= c.g.t.SimpleTransactionManager - Exception in transactional block (InvocationTargetException). Rolling back. See later messages for detail
20:10:53.397 [pool-13-thread-1] ERROR SESSION-KEY= c.g.t.TransactionOutboxImpl - Blocking failing entry d2e39052-e2cc-47aa-9dcc-4037bd7fb70e after 2 attempts: BEEF.process(3, "Whee") [d2e39052-e2cc-47aa-9dcc-4037bd7fb70e]
java.lang.RuntimeException: Temporary failure
	at com.gruelbox.transactionoutbox.acceptance.AbstractAcceptanceTest$FailingInstantiator.lambda$getInstance$0(AbstractAcceptanceTest.java:677)
	at java.base/jdk.internal.reflect.NativeMethodAccessorImpl.invoke0(Native Method)
	at java.base/jdk.internal.reflect.NativeMethodAccessorImpl.invoke(NativeMethodAccessorImpl.java:62)
	at java.base/jdk.internal.reflect.DelegatingMethodAccessorImpl.invoke(DelegatingMethodAccessorImpl.java:43)
	at java.base/java.lang.reflect.Method.invoke(Method.java:566)
	at com.gruelbox.transactionoutbox.Invocation.lambda$invoke$1(Invocation.java:107)
	at com.gruelbox.transactionoutbox.TransactionOutboxListener.wrapInvocation(TransactionOutboxListener.java:35)
	at com.gruelbox.transactionoutbox.Invocation.invoke(Invocation.java:107)
	at com.gruelbox.transactionoutbox.TransactionOutboxImpl.invoke(TransactionOutboxImpl.java:297)
	at com.gruelbox.transactionoutbox.TransactionOutboxImpl.lambda$processNow$13(TransactionOutboxImpl.java:265)
	at com.gruelbox.transactionoutbox.SimpleTransactionManager.processAndCommitOrRollback(SimpleTransactionManager.java:34)
	at com.gruelbox.transactionoutbox.SimpleTransactionManager.lambda$inTransactionReturnsThrows$0(SimpleTransactionManager.java:24)
	at com.gruelbox.transactionoutbox.SimpleTransactionManager.withTransaction(SimpleTransactionManager.java:64)
	at com.gruelbox.transactionoutbox.SimpleTransactionManager.inTransactionReturnsThrows(SimpleTransactionManager.java:22)
	at com.gruelbox.transactionoutbox.TransactionOutboxImpl.processNow(TransactionOutboxImpl.java:259)
	at com.gruelbox.transactionoutbox.ExecutorSubmitter.lambda$submit$0(ExecutorSubmitter.java:60)
	at java.base/java.util.concurrent.ThreadPoolExecutor.runWorker(ThreadPoolExecutor.java:1128)
	at java.base/java.util.concurrent.ThreadPoolExecutor$Worker.run(ThreadPoolExecutor.java:628)
	at java.base/java.lang.Thread.run(Thread.java:829)
20:10:53.398 [main] INFO  SESSION-KEY= c.g.t.TransactionOutboxImpl - Unblocking entry d2e39052-e2cc-47aa-9dcc-4037bd7fb70e for retry.
20:10:53.901 [pool-13-thread-1] INFO  SESSION-KEY= c.g.t.TransactionOutboxImpl - Processing BEEF.process(3, "Whee") [d2e39052-e2cc-47aa-9dcc-4037bd7fb70e]
20:10:53.902 [pool-13-thread-1] INFO  SESSION-KEY= c.g.t.a.AbstractAcceptanceTest - Processing (3, Whee)
20:10:53.902 [pool-13-thread-1] INFO  SESSION-KEY= c.g.t.a.AbstractAcceptanceTest - Processed (3, Whee)
20:10:53.902 [pool-13-thread-1] INFO  SESSION-KEY= c.g.t.TransactionOutboxImpl - Processed BEEF.process(3, "Whee") [d2e39052-e2cc-47aa-9dcc-4037bd7fb70e]
20:10:53.925 [pool-14-thread-1] INFO  SESSION-KEY= c.g.t.TransactionOutboxImpl - Processing BEEF.process(3, "Whee") [4b80d796-8a3e-4254-a3f0-5b50a725a3aa]
20:10:53.925 [pool-14-thread-1] INFO  SESSION-KEY= c.g.t.a.AbstractAcceptanceTest - Processing (3, Whee)
20:10:53.925 [pool-14-thread-1] WARN  SESSION-KEY= c.g.t.SimpleTransactionManager - Exception in transactional block (InvocationTargetException). Rolling back. See later messages for detail
20:10:53.926 [pool-14-thread-1] WARN  SESSION-KEY= c.g.t.TransactionOutboxImpl - Temporarily failed to process entry 4b80d796-8a3e-4254-a3f0-5b50a725a3aa : BEEF.process(3, "Whee") [4b80d796-8a3e-4254-a3f0-5b50a725a3aa]
java.lang.RuntimeException: Temporary failure
	at com.gruelbox.transactionoutbox.acceptance.AbstractAcceptanceTest$FailingInstantiator.lambda$getInstance$0(AbstractAcceptanceTest.java:677)
	at java.base/jdk.internal.reflect.NativeMethodAccessorImpl.invoke0(Native Method)
	at java.base/jdk.internal.reflect.NativeMethodAccessorImpl.invoke(NativeMethodAccessorImpl.java:62)
	at java.base/jdk.internal.reflect.DelegatingMethodAccessorImpl.invoke(DelegatingMethodAccessorImpl.java:43)
	at java.base/java.lang.reflect.Method.invoke(Method.java:566)
	at com.gruelbox.transactionoutbox.Invocation.lambda$invoke$1(Invocation.java:107)
	at com.gruelbox.transactionoutbox.TransactionOutboxListener.wrapInvocation(TransactionOutboxListener.java:35)
	at com.gruelbox.transactionoutbox.Invocation.invoke(Invocation.java:107)
	at com.gruelbox.transactionoutbox.TransactionOutboxImpl.invoke(TransactionOutboxImpl.java:297)
	at com.gruelbox.transactionoutbox.TransactionOutboxImpl.lambda$processNow$13(TransactionOutboxImpl.java:265)
	at com.gruelbox.transactionoutbox.SimpleTransactionManager.processAndCommitOrRollback(SimpleTransactionManager.java:34)
	at com.gruelbox.transactionoutbox.SimpleTransactionManager.lambda$inTransactionReturnsThrows$0(SimpleTransactionManager.java:24)
	at com.gruelbox.transactionoutbox.SimpleTransactionManager.withTransaction(SimpleTransactionManager.java:64)
	at com.gruelbox.transactionoutbox.SimpleTransactionManager.inTransactionReturnsThrows(SimpleTransactionManager.java:22)
	at com.gruelbox.transactionoutbox.TransactionOutboxImpl.processNow(TransactionOutboxImpl.java:259)
	at com.gruelbox.transactionoutbox.ExecutorSubmitter.lambda$submit$0(ExecutorSubmitter.java:60)
	at java.base/java.util.concurrent.ThreadPoolExecutor.runWorker(ThreadPoolExecutor.java:1128)
	at java.base/java.util.concurrent.ThreadPoolExecutor$Worker.run(ThreadPoolExecutor.java:628)
	at java.base/java.lang.Thread.run(Thread.java:829)
20:10:54.678 [pool-14-thread-2] INFO  SESSION-KEY= c.g.t.TransactionOutboxImpl - Processing BEEF.process(3, "Whee") [4b80d796-8a3e-4254-a3f0-5b50a725a3aa]
20:10:54.678 [pool-14-thread-2] INFO  SESSION-KEY= c.g.t.a.AbstractAcceptanceTest - Processing (3, Whee)
20:10:54.678 [pool-14-thread-2] WARN  SESSION-KEY= c.g.t.SimpleTransactionManager - Exception in transactional block (InvocationTargetException). Rolling back. See later messages for detail
20:10:54.680 [pool-14-thread-2] WARN  SESSION-KEY= c.g.t.TransactionOutboxImpl - Temporarily failed to process entry 4b80d796-8a3e-4254-a3f0-5b50a725a3aa : BEEF.process(3, "Whee") [4b80d796-8a3e-4254-a3f0-5b50a725a3aa]
java.lang.RuntimeException: Temporary failure
	at com.gruelbox.transactionoutbox.acceptance.AbstractAcceptanceTest$FailingInstantiator.lambda$getInstance$0(AbstractAcceptanceTest.java:677)
	at java.base/jdk.internal.reflect.NativeMethodAccessorImpl.invoke0(Native Method)
	at java.base/jdk.internal.reflect.NativeMethodAccessorImpl.invoke(NativeMethodAccessorImpl.java:62)
	at java.base/jdk.internal.reflect.DelegatingMethodAccessorImpl.invoke(DelegatingMethodAccessorImpl.java:43)
	at java.base/java.lang.reflect.Method.invoke(Method.java:566)
	at com.gruelbox.transactionoutbox.Invocation.lambda$invoke$1(Invocation.java:107)
	at com.gruelbox.transactionoutbox.TransactionOutboxListener.wrapInvocation(TransactionOutboxListener.java:35)
	at com.gruelbox.transactionoutbox.Invocation.invoke(Invocation.java:107)
	at com.gruelbox.transactionoutbox.TransactionOutboxImpl.invoke(TransactionOutboxImpl.java:297)
	at com.gruelbox.transactionoutbox.TransactionOutboxImpl.lambda$processNow$13(TransactionOutboxImpl.java:265)
	at com.gruelbox.transactionoutbox.SimpleTransactionManager.processAndCommitOrRollback(SimpleTransactionManager.java:34)
	at com.gruelbox.transactionoutbox.SimpleTransactionManager.lambda$inTransactionReturnsThrows$0(SimpleTransactionManager.java:24)
	at com.gruelbox.transactionoutbox.SimpleTransactionManager.withTransaction(SimpleTransactionManager.java:64)
	at com.gruelbox.transactionoutbox.SimpleTransactionManager.inTransactionReturnsThrows(SimpleTransactionManager.java:22)
	at com.gruelbox.transactionoutbox.TransactionOutboxImpl.processNow(TransactionOutboxImpl.java:259)
	at com.gruelbox.transactionoutbox.ExecutorSubmitter.lambda$submit$0(ExecutorSubmitter.java:60)
	at java.base/java.util.concurrent.ThreadPoolExecutor.runWorker(ThreadPoolExecutor.java:1128)
	at java.base/java.util.concurrent.ThreadPoolExecutor$Worker.run(ThreadPoolExecutor.java:628)
	at java.base/java.lang.Thread.run(Thread.java:829)
20:10:55.182 [pool-14-thread-1] INFO  SESSION-KEY= c.g.t.TransactionOutboxImpl - Processing BEEF.process(3, "Whee") [4b80d796-8a3e-4254-a3f0-5b50a725a3aa]
20:10:55.182 [pool-14-thread-1] INFO  SESSION-KEY= c.g.t.a.AbstractAcceptanceTest - Processing (3, Whee)
20:10:55.182 [pool-14-thread-1] INFO  SESSION-KEY= c.g.t.a.AbstractAcceptanceTest - Processed (3, Whee)
20:10:55.183 [pool-14-thread-1] INFO  SESSION-KEY= c.g.t.TransactionOutboxImpl - Processed BEEF.process(3, "Whee") [4b80d796-8a3e-4254-a3f0-5b50a725a3aa]
20:10:55.196 [main] INFO  SESSION-KEY= c.z.h.HikariDataSource - HikariPool-1 - Starting...
20:10:55.221 [main] INFO  SESSION-KEY= c.z.h.p.HikariPool - HikariPool-1 - Added connection conn295: url=jdbc:h2:mem:test user=TEST
20:10:55.222 [main] INFO  SESSION-KEY= c.z.h.HikariDataSource - HikariPool-1 - Start completed.
20:10:55.243 [pool-16-thread-1] INFO  SESSION-KEY= c.g.t.TransactionOutboxImpl - Processing com.gruelbox.transactionoutbox.acceptance.ClassProcessor.process("dcab919e-1095-4a0c-9166-ac4e28b4689f") [95b33e29-e9f9-4a8a-9014-f72326d28cbb]
20:10:55.243 [pool-16-thread-1] INFO  SESSION-KEY= c.g.t.a.ClassProcessor - Processing work: dcab919e-1095-4a0c-9166-ac4e28b4689f
20:10:55.244 [pool-16-thread-1] INFO  SESSION-KEY= c.g.t.TransactionOutboxImpl - Processed com.gruelbox.transactionoutbox.acceptance.ClassProcessor.process("dcab919e-1095-4a0c-9166-ac4e28b4689f") [95b33e29-e9f9-4a8a-9014-f72326d28cbb]
20:10:55.244 [main] INFO  SESSION-KEY= c.z.h.HikariDataSource - HikariPool-1 - Shutdown initiated...
20:10:55.246 [main] INFO  SESSION-KEY= c.z.h.HikariDataSource - HikariPool-1 - Shutdown completed.
20:10:55.267 [pool-18-thread-1] INFO  SESSION-KEY= c.g.t.TransactionOutboxImpl - Processing com.gruelbox.transactionoutbox.acceptance.InterfaceProcessor.process(1, "bar") [117cfd57-d59c-4eee-9a2b-f2461aa10f24]
20:10:55.268 [pool-18-thread-1] INFO  SESSION-KEY= c.g.t.TransactionOutboxImpl - Processed com.gruelbox.transactionoutbox.acceptance.InterfaceProcessor.process(1, "bar") [117cfd57-d59c-4eee-9a2b-f2461aa10f24]
20:10:55.282 [pool-20-thread-1] INFO  SESSION-KEY= c.g.t.TransactionOutboxImpl - Processing com.gruelbox.transactionoutbox.acceptance.InterfaceProcessor.process(1, "bar") [c3a40e0a-e4f7-4e84-a82b-3a20d95c7d4d]
20:10:55.283 [pool-20-thread-1] INFO  SESSION-KEY= c.g.t.TransactionOutboxImpl - Processed com.gruelbox.transactionoutbox.acceptance.InterfaceProcessor.process(1, "bar") [c3a40e0a-e4f7-4e84-a82b-3a20d95c7d4d]
[WARNING] Tests run: 12, Failures: 0, Errors: 0, Skipped: 1, Time elapsed: 9.049 s - in com.gruelbox.transactionoutbox.acceptance.TestH2
[INFO] Running com.gruelbox.transactionoutbox.acceptance.TestComplexConfigurationExample
[WARNING] Tests run: 1, Failures: 0, Errors: 0, Skipped: 1, Time elapsed: 0.001 s - in com.gruelbox.transactionoutbox.acceptance.TestComplexConfigurationExample
[INFO] Running com.gruelbox.transactionoutbox.acceptance.TestPostgres10
[ERROR] Tests run: 1, Failures: 0, Errors: 1, Skipped: 0, Time elapsed: 0.002 s <<< FAILURE! - in com.gruelbox.transactionoutbox.acceptance.TestPostgres10
[ERROR] com.gruelbox.transactionoutbox.acceptance.TestPostgres10  Time elapsed: 0.002 s  <<< ERROR!
java.lang.IllegalStateException: Previous attempts to find a Docker environment failed. Will not retry. Please see logs and check configuration

[INFO] Running com.gruelbox.transactionoutbox.acceptance.TestPostgres9
[ERROR] Tests run: 1, Failures: 0, Errors: 1, Skipped: 0, Time elapsed: 0.002 s <<< FAILURE! - in com.gruelbox.transactionoutbox.acceptance.TestPostgres9
[ERROR] com.gruelbox.transactionoutbox.acceptance.TestPostgres9  Time elapsed: 0.002 s  <<< ERROR!
java.lang.IllegalStateException: Previous attempts to find a Docker environment failed. Will not retry. Please see logs and check configuration

[INFO] Running com.gruelbox.transactionoutbox.acceptance.TestMySql8
[ERROR] Tests run: 1, Failures: 0, Errors: 1, Skipped: 0, Time elapsed: 0.002 s <<< FAILURE! - in com.gruelbox.transactionoutbox.acceptance.TestMySql8
[ERROR] com.gruelbox.transactionoutbox.acceptance.TestMySql8  Time elapsed: 0.002 s  <<< ERROR!
java.lang.IllegalStateException: Previous attempts to find a Docker environment failed. Will not retry. Please see logs and check configuration

[INFO] Running com.gruelbox.transactionoutbox.acceptance.TestMySql5
[ERROR] Tests run: 1, Failures: 0, Errors: 1, Skipped: 0, Time elapsed: 0.001 s <<< FAILURE! - in com.gruelbox.transactionoutbox.acceptance.TestMySql5
[ERROR] com.gruelbox.transactionoutbox.acceptance.TestMySql5  Time elapsed: 0.001 s  <<< ERROR!
java.lang.IllegalStateException: Previous attempts to find a Docker environment failed. Will not retry. Please see logs and check configuration

[INFO] Running com.gruelbox.transactionoutbox.acceptance.TestPostgres11
[ERROR] Tests run: 1, Failures: 0, Errors: 1, Skipped: 0, Time elapsed: 0.001 s <<< FAILURE! - in com.gruelbox.transactionoutbox.acceptance.TestPostgres11
[ERROR] com.gruelbox.transactionoutbox.acceptance.TestPostgres11  Time elapsed: 0.001 s  <<< ERROR!
java.lang.IllegalStateException: Previous attempts to find a Docker environment failed. Will not retry. Please see logs and check configuration

[INFO] Running com.gruelbox.transactionoutbox.acceptance.TestMDC
20:10:55.307 [pool-21-thread-1] INFO  SESSION-KEY= c.g.t.TransactionOutboxImpl - Processing com.gruelbox.transactionoutbox.acceptance.InterfaceProcessor.process(3, "Whee") [d1a91e1e-2e4d-4be9-a393-22d67bcaa641]
20:10:55.308 [pool-21-thread-1] INFO  SESSION-KEY=Foo c.g.t.a.TestMDC - Processing (3, Whee)
20:10:55.309 [pool-21-thread-1] INFO  SESSION-KEY= c.g.t.TransactionOutboxImpl - Processed com.gruelbox.transactionoutbox.acceptance.InterfaceProcessor.process(3, "Whee") [d1a91e1e-2e4d-4be9-a393-22d67bcaa641]
[INFO] Tests run: 1, Failures: 0, Errors: 0, Skipped: 0, Time elapsed: 0.009 s - in com.gruelbox.transactionoutbox.acceptance.TestMDC
[INFO] Running com.gruelbox.transactionoutbox.TestDefaultInvocationSerializer
20:10:55.319 [main] WARN  SESSION-KEY= c.g.t.DefaultInvocationSerializer - Serializing as deprecated version 1
20:10:55.319 [main] INFO  SESSION-KEY= c.g.t.TestDefaultInvocationSerializer - Serialised as: {"c":"foo","m":"bar","p":[{"t":"Byte","v":1},{"t":"Short","v":2},{"t":"Integer","v":3},{"t":"Long","v":4},{"t":"Float","v":1.23},{"t":"Double","v":1.23},{"t":"Boolean","v":true},{"t":"Character","v":"-"},{"t":"String","v":"Foo"}]}
20:10:55.319 [main] WARN  SESSION-KEY= c.g.t.DefaultInvocationSerializer - Serializing as deprecated version 1
20:10:55.320 [main] INFO  SESSION-KEY= c.g.t.TestDefaultInvocationSerializer - Serialised as: {"c":"foo","m":"bar","p":[{"t":"Byte","v":1},{"t":"Short","v":2},{"t":"Integer","v":3},{"t":"Long","v":4},{"t":"Float","v":1.23},{"t":"Double","v":1.23},{"t":"Boolean","v":true},{"t":"Character","v":"-"},{"t":"String","v":"Foo"}]}
20:10:55.321 [main] WARN  SESSION-KEY= c.g.t.DefaultInvocationSerializer - Serializing as deprecated version 1
20:10:55.321 [main] INFO  SESSION-KEY= c.g.t.TestDefaultInvocationSerializer - Serialised as: {"c":"foo","m":"bar","p":[{"t":"byte","v":1},{"t":"short","v":2},{"t":"int","v":3},{"t":"long","v":4},{"t":"float","v":1.23},{"t":"double","v":1.23},{"t":"boolean","v":true},{"t":"char","v":"-"}]}
20:10:55.321 [main] WARN  SESSION-KEY= c.g.t.DefaultInvocationSerializer - Serializing as deprecated version 1
20:10:55.322 [main] INFO  SESSION-KEY= c.g.t.TestDefaultInvocationSerializer - Serialised as: {"c":"foo","m":"bar","p":[{"t":"byte","v":1},{"t":"short","v":2},{"t":"int","v":3},{"t":"long","v":4},{"t":"float","v":1.23},{"t":"double","v":1.23},{"t":"boolean","v":true},{"t":"char","v":"-"}]}
20:10:55.322 [main] WARN  SESSION-KEY= c.g.t.DefaultInvocationSerializer - Serializing as deprecated version 1
20:10:55.323 [main] INFO  SESSION-KEY= c.g.t.TestDefaultInvocationSerializer - Serialised as: {"c":"foo","m":"bar","p":[{"t":"Integer","v":1}],"x":{"B":"2","A":"1"}}
20:10:55.324 [main] WARN  SESSION-KEY= c.g.t.DefaultInvocationSerializer - Serializing as deprecated version 1
20:10:55.324 [main] INFO  SESSION-KEY= c.g.t.TestDefaultInvocationSerializer - Serialised as: {"c":"foo","m":"bar","p":[{"t":"Integer","v":1}],"x":{"B":"2","A":"1"}}
20:10:55.324 [main] WARN  SESSION-KEY= c.g.t.DefaultInvocationSerializer - Serializing as deprecated version 1
20:10:55.325 [main] INFO  SESSION-KEY= c.g.t.TestDefaultInvocationSerializer - Serialised as: {"c":"foo","m":"bar","p":[{"t":"DayOfWeek","v":"FRIDAY"},{"t":"Month","v":"APRIL"},{"t":"ChronoUnit","v":"DAYS"}]}
20:10:55.325 [main] WARN  SESSION-KEY= c.g.t.DefaultInvocationSerializer - Serializing as deprecated version 1
20:10:55.325 [main] INFO  SESSION-KEY= c.g.t.TestDefaultInvocationSerializer - Serialised as: {"c":"foo","m":"bar","p":[{"t":"DayOfWeek","v":"FRIDAY"},{"t":"Month","v":"APRIL"},{"t":"ChronoUnit","v":"DAYS"}]}
20:10:55.326 [main] WARN  SESSION-KEY= c.g.t.DefaultInvocationSerializer - Serializing as deprecated version 1
20:10:55.326 [main] INFO  SESSION-KEY= c.g.t.TestDefaultInvocationSerializer - Serialised as: {"c":"foo","m":"bar","p":[{"t":"UUID","v":"1bdd6893-df0d-4022-8695-9122a34b7492"}]}
20:10:55.326 [main] WARN  SESSION-KEY= c.g.t.DefaultInvocationSerializer - Serializing as deprecated version 1
20:10:55.326 [main] INFO  SESSION-KEY= c.g.t.TestDefaultInvocationSerializer - Serialised as: {"c":"foo","m":"bar","p":[{"t":"UUID","v":"1bdd6893-df0d-4022-8695-9122a34b7492"}]}
20:10:55.326 [main] WARN  SESSION-KEY= c.g.t.DefaultInvocationSerializer - Serializing as deprecated version 1
20:10:55.326 [main] INFO  SESSION-KEY= c.g.t.TestDefaultInvocationSerializer - Serialised as: {"c":"foo","m":"bar","p":[{"t":"Date","v":"2023-02-11T20:10:55.326Z"}]}
20:10:55.327 [main] WARN  SESSION-KEY= c.g.t.DefaultInvocationSerializer - Serializing as deprecated version 1
20:10:55.327 [main] INFO  SESSION-KEY= c.g.t.TestDefaultInvocationSerializer - Serialised as: {"c":"foo","m":"bar","p":[{"t":"Date","v":"2023-02-11T20:10:55.326Z"}]}
20:10:55.327 [main] WARN  SESSION-KEY= c.g.t.DefaultInvocationSerializer - Serializing as deprecated version 1
20:10:55.328 [main] INFO  SESSION-KEY= c.g.t.TestDefaultInvocationSerializer - Serialised as: {"c":"foo","m":"bar","p":[{"t":"com.gruelbox.transactionoutbox.TestDefaultInvocationSerializer$ExampleCustomClass","v":{"arg1":"Foo","arg2":"Bar"}},{"t":"com.gruelbox.transactionoutbox.TestDefaultInvocationSerializer$ExampleCustomClass","v":{"arg1":"Bish","arg2":"Bash"}}]}
20:10:55.328 [main] WARN  SESSION-KEY= c.g.t.DefaultInvocationSerializer - Serializing as deprecated version 1
20:10:55.328 [main] INFO  SESSION-KEY= c.g.t.TestDefaultInvocationSerializer - Serialised as: {"c":"foo","m":"bar","p":[{"t":"com.gruelbox.transactionoutbox.TestDefaultInvocationSerializer$ExampleCustomClass","v":{"arg1":"Foo","arg2":"Bar"}},{"t":"com.gruelbox.transactionoutbox.TestDefaultInvocationSerializer$ExampleCustomClass","v":{"arg1":"Bish","arg2":"Bash"}}]}
20:10:55.329 [main] WARN  SESSION-KEY= c.g.t.DefaultInvocationSerializer - Serializing as deprecated version 1
20:10:55.329 [main] INFO  SESSION-KEY= c.g.t.TestDefaultInvocationSerializer - Serialised as: {"c":"foo","m":"bar","p":[{"t":"[I","v":[1,2,3]}]}
20:10:55.329 [main] WARN  SESSION-KEY= c.g.t.DefaultInvocationSerializer - Serializing as deprecated version 1
20:10:55.329 [main] INFO  SESSION-KEY= c.g.t.TestDefaultInvocationSerializer - Serialised as: {"c":"foo","m":"bar","p":[{"t":"[I","v":[1,2,3]}]}
20:10:55.329 [main] WARN  SESSION-KEY= c.g.t.DefaultInvocationSerializer - Serializing as deprecated version 1
20:10:55.329 [main] INFO  SESSION-KEY= c.g.t.TestDefaultInvocationSerializer - Serialised as: {"c":"foo","m":"bar","p":[{"t":"[Ljava.lang.Integer;","v":[1,2,3]}]}
20:10:55.329 [main] WARN  SESSION-KEY= c.g.t.DefaultInvocationSerializer - Serializing as deprecated version 1
20:10:55.329 [main] INFO  SESSION-KEY= c.g.t.TestDefaultInvocationSerializer - Serialised as: {"c":"foo","m":"bar","p":[{"t":"[Ljava.lang.Integer;","v":[1,2,3]}]}
20:10:55.329 [main] WARN  SESSION-KEY= c.g.t.DefaultInvocationSerializer - Serializing as deprecated version 1
20:10:55.329 [main] INFO  SESSION-KEY= c.g.t.TestDefaultInvocationSerializer - Serialised as: {"c":"foo","m":"bar","p":[{"t":"[Ljava.lang.String;","v":["1","2","3"]}]}
20:10:55.329 [main] WARN  SESSION-KEY= c.g.t.DefaultInvocationSerializer - Serializing as deprecated version 1
20:10:55.329 [main] INFO  SESSION-KEY= c.g.t.TestDefaultInvocationSerializer - Serialised as: {"c":"foo","m":"bar","p":[{"t":"[Ljava.lang.String;","v":["1","2","3"]}]}
20:10:55.330 [main] WARN  SESSION-KEY= c.g.t.DefaultInvocationSerializer - Serializing as deprecated version 1
20:10:55.331 [main] INFO  SESSION-KEY= c.g.t.TestDefaultInvocationSerializer - Serialised as: {"c":"foo","m":"bar","p":[{"t":"Duration","v":86400},{"t":"Instant","v":"2023-02-11T20:10:55.330351Z"},{"t":"LocalDate","v":"2023-02-11"},{"t":"LocalDateTime","v":"2023-02-11T20:10:55.330393"},{"t":"LocalDateTime"},{"t":"MonthDay","v":"1/1"},{"t":"Period","v":"P1M"},{"t":"Year","v":2023},{"t":"YearMonth","v":"2023-02"}]}
20:10:55.332 [main] WARN  SESSION-KEY= c.g.t.DefaultInvocationSerializer - Serializing as deprecated version 1
20:10:55.333 [main] INFO  SESSION-KEY= c.g.t.TestDefaultInvocationSerializer - Serialised as: {"c":"foo","m":"bar","p":[{"t":"Duration","v":86400},{"t":"Instant","v":"2023-02-11T20:10:55.330351Z"},{"t":"LocalDate","v":"2023-02-11"},{"t":"LocalDateTime","v":"2023-02-11T20:10:55.330393"},{"t":"LocalDateTime"},{"t":"MonthDay","v":"1/1"},{"t":"Period","v":"P1M"},{"t":"Year","v":2023},{"t":"YearMonth","v":"2023-02"}]}
20:10:55.333 [main] WARN  SESSION-KEY= c.g.t.DefaultInvocationSerializer - Serializing as deprecated version 1
20:10:55.333 [main] INFO  SESSION-KEY= c.g.t.TestDefaultInvocationSerializer - Serialised as: {"c":"java.lang.String","m":"toString","p":[]}
20:10:55.333 [main] WARN  SESSION-KEY= c.g.t.DefaultInvocationSerializer - Serializing as deprecated version 1
20:10:55.333 [main] INFO  SESSION-KEY= c.g.t.TestDefaultInvocationSerializer - Serialised as: {"c":"java.lang.String","m":"toString","p":[]}
20:10:55.334 [main] WARN  SESSION-KEY= c.g.t.DefaultInvocationSerializer - Serializing as deprecated version 1
20:10:55.334 [main] INFO  SESSION-KEY= c.g.t.TestDefaultInvocationSerializer - Serialised as: {"c":"foo","m":"bar","p":[{"t":"com.gruelbox.transactionoutbox.TestDefaultInvocationSerializer$ExampleCustomEnum","v":"ONE"},{"t":"com.gruelbox.transactionoutbox.TestDefaultInvocationSerializer$ExampleCustomEnum","v":"TWO"}]}
20:10:55.334 [main] WARN  SESSION-KEY= c.g.t.DefaultInvocationSerializer - Serializing as deprecated version 1
20:10:55.334 [main] INFO  SESSION-KEY= c.g.t.TestDefaultInvocationSerializer - Serialised as: {"c":"foo","m":"bar","p":[{"t":"com.gruelbox.transactionoutbox.TestDefaultInvocationSerializer$ExampleCustomEnum","v":"ONE"},{"t":"com.gruelbox.transactionoutbox.TestDefaultInvocationSerializer$ExampleCustomEnum","v":"TWO"}]}
20:10:55.335 [main] INFO  SESSION-KEY= c.g.t.TestDefaultInvocationSerializer - Serialised as: {"c":"foo","m":"bar","p":["Byte","Short","Integer","Long","Float","Double","Boolean","Character","String"],"a":[{"t":"Byte","v":1},{"t":"Short","v":2},{"t":"Integer","v":3},{"t":"Long","v":4},{"t":"Float","v":1.23},{"t":"Double","v":1.23},{"t":"Boolean","v":true},{"t":"Character","v":"-"},{"t":"String","v":"Foo"}]}
20:10:55.335 [main] INFO  SESSION-KEY= c.g.t.TestDefaultInvocationSerializer - Serialised as: {"c":"foo","m":"bar","p":["Byte","Short","Integer","Long","Float","Double","Boolean","Character","String"],"a":[{"t":"Byte","v":1},{"t":"Short","v":2},{"t":"Integer","v":3},{"t":"Long","v":4},{"t":"Float","v":1.23},{"t":"Double","v":1.23},{"t":"Boolean","v":true},{"t":"Character","v":"-"},{"t":"String","v":"Foo"}]}
20:10:55.336 [main] INFO  SESSION-KEY= c.g.t.TestDefaultInvocationSerializer - Serialised as: {"c":"foo","m":"bar","p":["byte","short","int","long","float","double","boolean","char"],"a":[{"t":"Byte","v":1},{"t":"Short","v":2},{"t":"Integer","v":3},{"t":"Long","v":4},{"t":"Float","v":1.23},{"t":"Double","v":1.23},{"t":"Boolean","v":true},{"t":"Character","v":"-"}]}
20:10:55.336 [main] INFO  SESSION-KEY= c.g.t.TestDefaultInvocationSerializer - Serialised as: {"c":"foo","m":"bar","p":["byte","short","int","long","float","double","boolean","char"],"a":[{"t":"Byte","v":1},{"t":"Short","v":2},{"t":"Integer","v":3},{"t":"Long","v":4},{"t":"Float","v":1.23},{"t":"Double","v":1.23},{"t":"Boolean","v":true},{"t":"Character","v":"-"}]}
20:10:55.336 [main] INFO  SESSION-KEY= c.g.t.TestDefaultInvocationSerializer - Serialised as: {"c":"foo","m":"bar","p":["Integer"],"a":[{"t":"Integer","v":1}],"x":{"B":"2","A":"1"}}
20:10:55.337 [main] INFO  SESSION-KEY= c.g.t.TestDefaultInvocationSerializer - Serialised as: {"c":"foo","m":"bar","p":["Integer"],"a":[{"t":"Integer","v":1}],"x":{"B":"2","A":"1"}}
20:10:55.337 [main] INFO  SESSION-KEY= c.g.t.TestDefaultInvocationSerializer - Serialised as: {"c":"foo","m":"bar","p":["DayOfWeek","Month","ChronoUnit"],"a":[{"t":"DayOfWeek","v":"FRIDAY"},{"t":"Month","v":"APRIL"},{"t":"ChronoUnit","v":"DAYS"}]}
20:10:55.337 [main] INFO  SESSION-KEY= c.g.t.TestDefaultInvocationSerializer - Serialised as: {"c":"foo","m":"bar","p":["DayOfWeek","Month","ChronoUnit"],"a":[{"t":"DayOfWeek","v":"FRIDAY"},{"t":"Month","v":"APRIL"},{"t":"ChronoUnit","v":"DAYS"}]}
20:10:55.338 [main] INFO  SESSION-KEY= c.g.t.TestDefaultInvocationSerializer - Serialised as: {"c":"foo","m":"bar","p":["UUID"],"a":[{"t":"UUID","v":"33a20940-c843-40cb-99f0-170a3c1e9d4f"}]}
20:10:55.338 [main] INFO  SESSION-KEY= c.g.t.TestDefaultInvocationSerializer - Serialised as: {"c":"foo","m":"bar","p":["UUID"],"a":[{"t":"UUID","v":"33a20940-c843-40cb-99f0-170a3c1e9d4f"}]}
20:10:55.338 [main] INFO  SESSION-KEY= c.g.t.TestDefaultInvocationSerializer - Serialised as: {"c":"foo","m":"bar","p":["Date"],"a":[{"t":"Date","v":"2023-02-11T20:10:55.338Z"}]}
20:10:55.338 [main] INFO  SESSION-KEY= c.g.t.TestDefaultInvocationSerializer - Serialised as: {"c":"foo","m":"bar","p":["Date"],"a":[{"t":"Date","v":"2023-02-11T20:10:55.338Z"}]}
20:10:55.339 [main] INFO  SESSION-KEY= c.g.t.TestDefaultInvocationSerializer - Serialised as: {"c":"foo","m":"bar","p":["com.gruelbox.transactionoutbox.TestDefaultInvocationSerializer$ExampleCustomClass","com.gruelbox.transactionoutbox.TestDefaultInvocationSerializer$ExampleCustomClass"],"a":[{"t":"com.gruelbox.transactionoutbox.TestDefaultInvocationSerializer$ExampleCustomClass","v":{"arg1":"Foo","arg2":"Bar"}},{"t":"com.gruelbox.transactionoutbox.TestDefaultInvocationSerializer$ExampleCustomClass","v":{"arg1":"Bish","arg2":"Bash"}}]}
20:10:55.339 [main] INFO  SESSION-KEY= c.g.t.TestDefaultInvocationSerializer - Serialised as: {"c":"foo","m":"bar","p":["com.gruelbox.transactionoutbox.TestDefaultInvocationSerializer$ExampleCustomClass","com.gruelbox.transactionoutbox.TestDefaultInvocationSerializer$ExampleCustomClass"],"a":[{"t":"com.gruelbox.transactionoutbox.TestDefaultInvocationSerializer$ExampleCustomClass","v":{"arg1":"Foo","arg2":"Bar"}},{"t":"com.gruelbox.transactionoutbox.TestDefaultInvocationSerializer$ExampleCustomClass","v":{"arg1":"Bish","arg2":"Bash"}}]}
20:10:55.339 [main] INFO  SESSION-KEY= c.g.t.TestDefaultInvocationSerializer - Serialised as: {"c":"foo","m":"bar","p":["[I"],"a":[{"t":"[I","v":[1,2,3]}]}
20:10:55.339 [main] INFO  SESSION-KEY= c.g.t.TestDefaultInvocationSerializer - Serialised as: {"c":"foo","m":"bar","p":["[I"],"a":[{"t":"[I","v":[1,2,3]}]}
20:10:55.340 [main] INFO  SESSION-KEY= c.g.t.TestDefaultInvocationSerializer - Serialised as: {"c":"foo","m":"bar","p":["[Ljava.lang.Integer;"],"a":[{"t":"[Ljava.lang.Integer;","v":[1,2,3]}]}
20:10:55.340 [main] INFO  SESSION-KEY= c.g.t.TestDefaultInvocationSerializer - Serialised as: {"c":"foo","m":"bar","p":["[Ljava.lang.Integer;"],"a":[{"t":"[Ljava.lang.Integer;","v":[1,2,3]}]}
20:10:55.340 [main] INFO  SESSION-KEY= c.g.t.TestDefaultInvocationSerializer - Serialised as: {"c":"foo","m":"bar","p":["[Ljava.lang.String;"],"a":[{"t":"[Ljava.lang.String;","v":["1","2","3"]}]}
20:10:55.340 [main] INFO  SESSION-KEY= c.g.t.TestDefaultInvocationSerializer - Serialised as: {"c":"foo","m":"bar","p":["[Ljava.lang.String;"],"a":[{"t":"[Ljava.lang.String;","v":["1","2","3"]}]}
20:10:55.340 [main] INFO  SESSION-KEY= c.g.t.TestDefaultInvocationSerializer - Serialised as: {"c":"foo","m":"bar","p":["Duration","Instant","LocalDate","LocalDateTime","LocalDateTime","MonthDay","Period","Year","YearMonth"],"a":[{"t":"Duration","v":86400},{"t":"Instant","v":"2023-02-11T20:10:55.340692Z"},{"t":"LocalDate","v":"2023-02-11"},{"t":"LocalDateTime","v":"2023-02-11T20:10:55.340703"},{},{"t":"MonthDay","v":"1/1"},{"t":"Period","v":"P1M"},{"t":"Year","v":2023},{"t":"YearMonth","v":"2023-02"}]}
20:10:55.341 [main] INFO  SESSION-KEY= c.g.t.TestDefaultInvocationSerializer - Serialised as: {"c":"foo","m":"bar","p":["Duration","Instant","LocalDate","LocalDateTime","LocalDateTime","MonthDay","Period","Year","YearMonth"],"a":[{"t":"Duration","v":86400},{"t":"Instant","v":"2023-02-11T20:10:55.340692Z"},{"t":"LocalDate","v":"2023-02-11"},{"t":"LocalDateTime","v":"2023-02-11T20:10:55.340703"},{},{"t":"MonthDay","v":"1/1"},{"t":"Period","v":"P1M"},{"t":"Year","v":2023},{"t":"YearMonth","v":"2023-02"}]}
20:10:55.342 [main] INFO  SESSION-KEY= c.g.t.TestDefaultInvocationSerializer - Serialised as: {"c":"java.lang.String","m":"toString","p":[],"a":[]}
20:10:55.342 [main] INFO  SESSION-KEY= c.g.t.TestDefaultInvocationSerializer - Serialised as: {"c":"java.lang.String","m":"toString","p":[],"a":[]}
20:10:55.342 [main] INFO  SESSION-KEY= c.g.t.TestDefaultInvocationSerializer - Serialised as: {"c":"foo","m":"bar","p":["com.gruelbox.transactionoutbox.TestDefaultInvocationSerializer$ExampleCustomEnum","com.gruelbox.transactionoutbox.TestDefaultInvocationSerializer$ExampleCustomEnum"],"a":[{"t":"com.gruelbox.transactionoutbox.TestDefaultInvocationSerializer$ExampleCustomEnum","v":"ONE"},{"t":"com.gruelbox.transactionoutbox.TestDefaultInvocationSerializer$ExampleCustomEnum","v":"TWO"}]}
20:10:55.342 [main] INFO  SESSION-KEY= c.g.t.TestDefaultInvocationSerializer - Serialised as: {"c":"foo","m":"bar","p":["com.gruelbox.transactionoutbox.TestDefaultInvocationSerializer$ExampleCustomEnum","com.gruelbox.transactionoutbox.TestDefaultInvocationSerializer$ExampleCustomEnum"],"a":[{"t":"com.gruelbox.transactionoutbox.TestDefaultInvocationSerializer$ExampleCustomEnum","v":"ONE"},{"t":"com.gruelbox.transactionoutbox.TestDefaultInvocationSerializer$ExampleCustomEnum","v":"TWO"}]}
20:10:55.343 [main] INFO  SESSION-KEY= c.g.t.TestDefaultInvocationSerializer - Serialised as: {"c":"foo","m":"bar","p":["Byte","Short","Integer","Long","Float","Double","Boolean","Character","String"],"a":[{"t":"Byte","v":1},{"t":"Short","v":2},{"t":"Integer","v":3},{"t":"Long","v":4},{"t":"Float","v":1.23},{"t":"Double","v":1.23},{"t":"Boolean","v":true},{"t":"Character","v":"-"},{"t":"String","v":"Foo"}]}
20:10:55.343 [main] INFO  SESSION-KEY= c.g.t.TestDefaultInvocationSerializer - Serialised as: {"c":"foo","m":"bar","p":["Byte","Short","Integer","Long","Float","Double","Boolean","Character","String"],"a":[{"t":"Byte","v":1},{"t":"Short","v":2},{"t":"Integer","v":3},{"t":"Long","v":4},{"t":"Float","v":1.23},{"t":"Double","v":1.23},{"t":"Boolean","v":true},{"t":"Character","v":"-"},{"t":"String","v":"Foo"}]}
20:10:55.344 [main] INFO  SESSION-KEY= c.g.t.TestDefaultInvocationSerializer - Serialised as: {"c":"foo","m":"bar","p":["byte","short","int","long","float","double","boolean","char"],"a":[{"t":"Byte","v":1},{"t":"Short","v":2},{"t":"Integer","v":3},{"t":"Long","v":4},{"t":"Float","v":1.23},{"t":"Double","v":1.23},{"t":"Boolean","v":true},{"t":"Character","v":"-"}]}
20:10:55.344 [main] INFO  SESSION-KEY= c.g.t.TestDefaultInvocationSerializer - Serialised as: {"c":"foo","m":"bar","p":["byte","short","int","long","float","double","boolean","char"],"a":[{"t":"Byte","v":1},{"t":"Short","v":2},{"t":"Integer","v":3},{"t":"Long","v":4},{"t":"Float","v":1.23},{"t":"Double","v":1.23},{"t":"Boolean","v":true},{"t":"Character","v":"-"}]}
20:10:55.344 [main] INFO  SESSION-KEY= c.g.t.TestDefaultInvocationSerializer - Serialised as: {"c":"foo","m":"bar","p":["Integer"],"a":[{"t":"Integer","v":1}],"x":{"B":"2","A":"1"}}
20:10:55.344 [main] INFO  SESSION-KEY= c.g.t.TestDefaultInvocationSerializer - Serialised as: {"c":"foo","m":"bar","p":["Integer"],"a":[{"t":"Integer","v":1}],"x":{"B":"2","A":"1"}}
20:10:55.345 [main] INFO  SESSION-KEY= c.g.t.TestDefaultInvocationSerializer - Serialised as: {"c":"foo","m":"bar","p":["DayOfWeek","Month","ChronoUnit"],"a":[{"t":"DayOfWeek","v":"FRIDAY"},{"t":"Month","v":"APRIL"},{"t":"ChronoUnit","v":"DAYS"}]}
20:10:55.345 [main] INFO  SESSION-KEY= c.g.t.TestDefaultInvocationSerializer - Serialised as: {"c":"foo","m":"bar","p":["DayOfWeek","Month","ChronoUnit"],"a":[{"t":"DayOfWeek","v":"FRIDAY"},{"t":"Month","v":"APRIL"},{"t":"ChronoUnit","v":"DAYS"}]}
20:10:55.345 [main] INFO  SESSION-KEY= c.g.t.TestDefaultInvocationSerializer - Serialised as: {"c":"foo","m":"bar","p":["UUID"],"a":[{"t":"UUID","v":"174d687e-0994-4be7-a4c1-68e1998429f6"}]}
20:10:55.345 [main] INFO  SESSION-KEY= c.g.t.TestDefaultInvocationSerializer - Serialised as: {"c":"foo","m":"bar","p":["UUID"],"a":[{"t":"UUID","v":"174d687e-0994-4be7-a4c1-68e1998429f6"}]}
20:10:55.346 [main] INFO  SESSION-KEY= c.g.t.TestDefaultInvocationSerializer - Serialised as: {"c":"foo","m":"bar","p":["Date"],"a":[{"t":"Date","v":"2023-02-11T20:10:55.346Z"}]}
20:10:55.346 [main] INFO  SESSION-KEY= c.g.t.TestDefaultInvocationSerializer - Serialised as: {"c":"foo","m":"bar","p":["Date"],"a":[{"t":"Date","v":"2023-02-11T20:10:55.346Z"}]}
20:10:55.346 [main] INFO  SESSION-KEY= c.g.t.TestDefaultInvocationSerializer - Serialised as: {"c":"foo","m":"bar","p":["com.gruelbox.transactionoutbox.TestDefaultInvocationSerializer$ExampleCustomClass","com.gruelbox.transactionoutbox.TestDefaultInvocationSerializer$ExampleCustomClass"],"a":[{"t":"com.gruelbox.transactionoutbox.TestDefaultInvocationSerializer$ExampleCustomClass","v":{"arg1":"Foo","arg2":"Bar"}},{"t":"com.gruelbox.transactionoutbox.TestDefaultInvocationSerializer$ExampleCustomClass","v":{"arg1":"Bish","arg2":"Bash"}}]}
20:10:55.346 [main] INFO  SESSION-KEY= c.g.t.TestDefaultInvocationSerializer - Serialised as: {"c":"foo","m":"bar","p":["com.gruelbox.transactionoutbox.TestDefaultInvocationSerializer$ExampleCustomClass","com.gruelbox.transactionoutbox.TestDefaultInvocationSerializer$ExampleCustomClass"],"a":[{"t":"com.gruelbox.transactionoutbox.TestDefaultInvocationSerializer$ExampleCustomClass","v":{"arg1":"Foo","arg2":"Bar"}},{"t":"com.gruelbox.transactionoutbox.TestDefaultInvocationSerializer$ExampleCustomClass","v":{"arg1":"Bish","arg2":"Bash"}}]}
20:10:55.347 [main] INFO  SESSION-KEY= c.g.t.TestDefaultInvocationSerializer - Serialised as: {"c":"foo","m":"bar","p":["[I"],"a":[{"t":"[I","v":[1,2,3]}]}
20:10:55.347 [main] INFO  SESSION-KEY= c.g.t.TestDefaultInvocationSerializer - Serialised as: {"c":"foo","m":"bar","p":["[I"],"a":[{"t":"[I","v":[1,2,3]}]}
20:10:55.347 [main] INFO  SESSION-KEY= c.g.t.TestDefaultInvocationSerializer - Serialised as: {"c":"foo","m":"bar","p":["[Ljava.lang.Integer;"],"a":[{"t":"[Ljava.lang.Integer;","v":[1,2,3]}]}
20:10:55.347 [main] INFO  SESSION-KEY= c.g.t.TestDefaultInvocationSerializer - Serialised as: {"c":"foo","m":"bar","p":["[Ljava.lang.Integer;"],"a":[{"t":"[Ljava.lang.Integer;","v":[1,2,3]}]}
20:10:55.347 [main] INFO  SESSION-KEY= c.g.t.TestDefaultInvocationSerializer - Serialised as: {"c":"foo","m":"bar","p":["[Ljava.lang.String;"],"a":[{"t":"[Ljava.lang.String;","v":["1","2","3"]}]}
20:10:55.347 [main] INFO  SESSION-KEY= c.g.t.TestDefaultInvocationSerializer - Serialised as: {"c":"foo","m":"bar","p":["[Ljava.lang.String;"],"a":[{"t":"[Ljava.lang.String;","v":["1","2","3"]}]}
20:10:55.348 [main] INFO  SESSION-KEY= c.g.t.TestDefaultInvocationSerializer - Serialised as: {"c":"foo","m":"bar","p":["Duration","Instant","LocalDate","LocalDateTime","LocalDateTime","MonthDay","Period","Year","YearMonth"],"a":[{"t":"Duration","v":86400},{"t":"Instant","v":"2023-02-11T20:10:55.347843Z"},{"t":"LocalDate","v":"2023-02-11"},{"t":"LocalDateTime","v":"2023-02-11T20:10:55.347854"},{},{"t":"MonthDay","v":"1/1"},{"t":"Period","v":"P1M"},{"t":"Year","v":2023},{"t":"YearMonth","v":"2023-02"}]}
20:10:55.348 [main] INFO  SESSION-KEY= c.g.t.TestDefaultInvocationSerializer - Serialised as: {"c":"foo","m":"bar","p":["Duration","Instant","LocalDate","LocalDateTime","LocalDateTime","MonthDay","Period","Year","YearMonth"],"a":[{"t":"Duration","v":86400},{"t":"Instant","v":"2023-02-11T20:10:55.347843Z"},{"t":"LocalDate","v":"2023-02-11"},{"t":"LocalDateTime","v":"2023-02-11T20:10:55.347854"},{},{"t":"MonthDay","v":"1/1"},{"t":"Period","v":"P1M"},{"t":"Year","v":2023},{"t":"YearMonth","v":"2023-02"}]}
20:10:55.349 [main] INFO  SESSION-KEY= c.g.t.TestDefaultInvocationSerializer - Serialised as: {"c":"java.lang.String","m":"toString","p":[],"a":[]}
20:10:55.349 [main] INFO  SESSION-KEY= c.g.t.TestDefaultInvocationSerializer - Serialised as: {"c":"java.lang.String","m":"toString","p":[],"a":[]}
20:10:55.349 [main] INFO  SESSION-KEY= c.g.t.TestDefaultInvocationSerializer - Serialised as: {"c":"foo","m":"bar","p":["com.gruelbox.transactionoutbox.TestDefaultInvocationSerializer$ExampleCustomEnum","com.gruelbox.transactionoutbox.TestDefaultInvocationSerializer$ExampleCustomEnum"],"a":[{"t":"com.gruelbox.transactionoutbox.TestDefaultInvocationSerializer$ExampleCustomEnum","v":"ONE"},{"t":"com.gruelbox.transactionoutbox.TestDefaultInvocationSerializer$ExampleCustomEnum","v":"TWO"}]}
20:10:55.349 [main] INFO  SESSION-KEY= c.g.t.TestDefaultInvocationSerializer - Serialised as: {"c":"foo","m":"bar","p":["com.gruelbox.transactionoutbox.TestDefaultInvocationSerializer$ExampleCustomEnum","com.gruelbox.transactionoutbox.TestDefaultInvocationSerializer$ExampleCustomEnum"],"a":[{"t":"com.gruelbox.transactionoutbox.TestDefaultInvocationSerializer$ExampleCustomEnum","v":"ONE"},{"t":"com.gruelbox.transactionoutbox.TestDefaultInvocationSerializer$ExampleCustomEnum","v":"TWO"}]}
[INFO] Tests run: 33, Failures: 0, Errors: 0, Skipped: 0, Time elapsed: 0.04 s - in com.gruelbox.transactionoutbox.TestDefaultInvocationSerializer
[INFO] Running com.gruelbox.transactionoutbox.TestProxyGeneration
[INFO] Tests run: 3, Failures: 0, Errors: 0, Skipped: 0, Time elapsed: 0.009 s - in com.gruelbox.transactionoutbox.TestProxyGeneration
[INFO] Running com.gruelbox.transactionoutbox.TestDefaultPersistorMySql5
[ERROR] Tests run: 1, Failures: 0, Errors: 1, Skipped: 0, Time elapsed: 0.001 s <<< FAILURE! - in com.gruelbox.transactionoutbox.TestDefaultPersistorMySql5
[ERROR] com.gruelbox.transactionoutbox.TestDefaultPersistorMySql5  Time elapsed: 0.001 s  <<< ERROR!
java.lang.IllegalStateException: Previous attempts to find a Docker environment failed. Will not retry. Please see logs and check configuration

[INFO] Running com.gruelbox.transactionoutbox.TestDefaultPersistorPostgres10
[ERROR] Tests run: 1, Failures: 0, Errors: 1, Skipped: 0, Time elapsed: 0.001 s <<< FAILURE! - in com.gruelbox.transactionoutbox.TestDefaultPersistorPostgres10
[ERROR] com.gruelbox.transactionoutbox.TestDefaultPersistorPostgres10  Time elapsed: 0.001 s  <<< ERROR!
java.lang.IllegalStateException: Previous attempts to find a Docker environment failed. Will not retry. Please see logs and check configuration

[INFO] Running com.gruelbox.transactionoutbox.TestDefaultPersistorH2
20:10:55.376 [main] INFO  SESSION-KEY= c.g.t.AbstractDefaultPersistorTest - Waiting for background thread to obtain lock
20:10:55.376 [pool-22-thread-1] INFO  SESSION-KEY= c.g.t.AbstractDefaultPersistorTest - Background thread starting
20:10:55.377 [pool-22-thread-1] INFO  SESSION-KEY= c.g.t.AbstractDefaultPersistorTest - Background thread attempting lock
20:10:55.380 [pool-22-thread-1] INFO  SESSION-KEY= c.g.t.AbstractDefaultPersistorTest - Background thread obtained lock, going to sleep
20:10:55.380 [main] INFO  SESSION-KEY= c.g.t.AbstractDefaultPersistorTest - Attempting to obtain duplicate lock
20:11:01.384 [main] INFO  SESSION-KEY= c.g.t.AbstractDefaultPersistorTest - Shutting down
20:11:01.385 [pool-22-thread-1] INFO  SESSION-KEY= c.g.t.AbstractDefaultPersistorTest - Background thread interrupted correctly
20:11:02.499 [main] WARN  SESSION-KEY= c.g.t.SimpleTransactionManager - Exception in transactional block (JdbcSQLDataException - Value too long for column "UNIQUEREQUESTID VARCHAR(250)": "'INTENTIONALLY_TOO_LONG_TO_CAUSE_BLOW_UPINTENTIONALLY_TOO_LONG_TO_CAUSE_BLOW_UPINTENTIONALLY_TOO_LONG_TO_CAUSE_BLOW_UPINTENTIONA... (390)"; SQL statement:
INSERT INTO TXNO_OUTBOX (id, uniqueRequestId, invocation, lastAttemptTime, nextAttemptTime, attempts, blocked, processed, version) VALUES (?, ?, ?, ?, ?, ?, ?, ?, ?) [22001-200]). Rolling back. See later messages for detail
20:11:04.729 [main] WARN  SESSION-KEY= c.g.t.SimpleTransactionManager - Exception in transactional block (AlreadyScheduledException - Request Foo.Bar(1, 10, null) [FOO3] uid=[context-clientkey1] already exists). Rolling back. See later messages for detail
[WARNING] Tests run: 16, Failures: 0, Errors: 0, Skipped: 1, Time elapsed: 9.403 s - in com.gruelbox.transactionoutbox.TestDefaultPersistorH2
[INFO] Running com.gruelbox.transactionoutbox.TestDefaultPersistorConfiguration
[INFO] Tests run: 1, Failures: 0, Errors: 0, Skipped: 0, Time elapsed: 0.018 s - in com.gruelbox.transactionoutbox.TestDefaultPersistorConfiguration
[INFO] Running com.gruelbox.transactionoutbox.TestValidator
[INFO] Tests run: 3, Failures: 0, Errors: 0, Skipped: 0, Time elapsed: 0.018 s - in com.gruelbox.transactionoutbox.TestValidator
[INFO] Running com.gruelbox.transactionoutbox.TestDefaultPersistorMySql8
[ERROR] Tests run: 1, Failures: 0, Errors: 1, Skipped: 0, Time elapsed: 0.001 s <<< FAILURE! - in com.gruelbox.transactionoutbox.TestDefaultPersistorMySql8
[ERROR] com.gruelbox.transactionoutbox.TestDefaultPersistorMySql8  Time elapsed: 0.001 s  <<< ERROR!
java.lang.IllegalStateException: Previous attempts to find a Docker environment failed. Will not retry. Please see logs and check configuration

[INFO] 
[INFO] Results:
[INFO] 
[ERROR] Errors: 
[ERROR]   TestDefaultPersistorMySql5  IllegalState Previous attempts to find a Docker e...
[ERROR]   TestDefaultPersistorMySql8  IllegalState Previous attempts to find a Docker e...
[ERROR]   TestDefaultPersistorPostgres10  IllegalState Previous attempts to find a Dock...
[ERROR]   TestMySql5  IllegalState Previous attempts to find a Docker environment faile...
[ERROR]   TestMySql8  IllegalState Previous attempts to find a Docker environment faile...
[ERROR]   TestPostgres10  IllegalState Previous attempts to find a Docker environment f...
[ERROR]   TestPostgres11  IllegalState Previous attempts to find a Docker environment f...
[ERROR]   TestPostgres12  IllegalState Could not find a valid Docker environment. Pleas...
[ERROR]   TestPostgres9  IllegalState Previous attempts to find a Docker environment fa...
[INFO] 
[ERROR] Tests run: 84, Failures: 0, Errors: 9, Skipped: 3
[INFO] 
[INFO] ------------------------------------------------------------------------
[INFO] Reactor Summary for Transaction Outbox Parent 1.3.99999-SNAPSHOT:
[INFO] 
[INFO] Transaction Outbox Parent .......................... SUCCESS [  0.439 s]
[INFO] Transaction Outbox Core ............................ FAILURE [ 29.373 s]
[INFO] Transaction Outbox Jackson ......................... SKIPPED
[INFO] Transaction Outbox Spring .......................... SKIPPED
[INFO] Transaction Outbox Guice ........................... SKIPPED
[INFO] Transaction Outbox jOOQ ............................ SKIPPED
[INFO] ------------------------------------------------------------------------
[INFO] BUILD FAILURE
[INFO] ------------------------------------------------------------------------
[INFO] Total time:  29.909 s
[INFO] Finished at: 2023-02-11T20:11:04Z
[INFO] ------------------------------------------------------------------------
[ERROR] Failed to execute goal org.apache.maven.plugins:maven-surefire-plugin:3.0.0-M5:test (default-test) on project transactionoutbox-core: There are test failures.
[ERROR] 
[ERROR] Please refer to /home/gabsko/breaking-updates/transactionoutbox-core/target/surefire-reports for the individual test results.
[ERROR] Please refer to dump files (if any exist) [date].dump, [date]-jvmRun[N].dump and [date].dumpstream.
[ERROR] -> [Help 1]
[ERROR] 
[ERROR] To see the full stack trace of the errors, re-run Maven with the -e switch.
[ERROR] Re-run Maven using the -X switch to enable full debug logging.
[ERROR] 
[ERROR] For more information about the errors and possible solutions, please read the following articles:
[ERROR] [Help 1] http://cwiki.apache.org/confluence/display/MAVEN/MojoFailureException
[ERROR] 
[ERROR] After correcting the problems, you can resume the build with the command
[ERROR]   mvn <args> -rf :transactionoutbox-core
