[INFO] Scanning for projects...
[INFO] 
[INFO] -----------------------< com.jcabi:jcabi-dynamo >-----------------------
[INFO] Building jcabi-dynamo 1.0-SNAPSHOT
[INFO] --------------------------------[ jar ]---------------------------------
[WARNING] The artifact org.slf4j:slf4j-log4j12:jar:2.0.2 has been relocated to org.slf4j:slf4j-reload4j:jar:2.0.2
[INFO] 
[INFO] --- maven-clean-plugin:3.1.0:clean (default-clean) @ jcabi-dynamo ---
[INFO] Deleting /home/gabsko/breaking-updates/target
[INFO] 
[INFO] --- maven-enforcer-plugin:3.0.0-M3:enforce (enforce-maven) @ jcabi-dynamo ---
[INFO] 
[INFO] --- buildnumber-maven-plugin:1.4:create (jcabi-build-number) @ jcabi-dynamo ---
[INFO] ShortRevision tag detected. The value is '7'.
[INFO] Executing: /bin/sh -c cd '/home/gabsko/breaking-updates' && 'git' 'rev-parse' '--verify' '--short=7' 'HEAD'
[INFO] Working directory: /home/gabsko/breaking-updates
[INFO] Storing buildNumber: 092700e at timestamp: 2023-01-07T01:33:48
[INFO] Storing buildScmBranch: branch-jcabi/jcabi-dynamo-092700eddd838dea4f5c2776b0a8b9581c843442
[INFO] 
[INFO] --- buildnumber-maven-plugin:1.4:create-timestamp (jcabi-build-number) @ jcabi-dynamo ---
[INFO] 
[INFO] --- maven-dependency-plugin:3.1.2:unpack (default) @ jcabi-dynamo ---
[INFO] Configured Artifact: com.jcabi:DynamoDBLocal:2014-01-08:zip
[INFO] Unpacking /home/gabsko/.m2/repository/com/jcabi/DynamoDBLocal/2014-01-08/DynamoDBLocal-2014-01-08.zip to /home/gabsko/breaking-updates/target/dynamodb-dist with includes "" and excludes ""
[INFO] 
[INFO] --- maven-resources-plugin:3.2.0:resources (default-resources) @ jcabi-dynamo ---
[INFO] Using 'UTF-8' encoding to copy filtered resources.
[INFO] Using 'UTF-8' encoding to copy filtered properties files.
[INFO] skip non existing resourceDirectory /home/gabsko/breaking-updates/src/main/resources
[INFO] 
[INFO] --- maven-compiler-plugin:3.9.0:compile (default-compile) @ jcabi-dynamo ---
[INFO] Changes detected - recompiling the module!
[INFO] Compiling 34 source files to /home/gabsko/breaking-updates/target/classes
[INFO] 
[INFO] --- jcabi-maven-plugin:0.16.0:ajc (jcabi-ajc-compile) @ jcabi-dynamo ---
[INFO] Unwoven classes will be copied to /home/gabsko/breaking-updates/target/unwoven
[INFO] Created temp dir /home/gabsko/breaking-updates/target/jcabi-ajc
[WARNING] The artifact org.slf4j:slf4j-log4j12:jar:2.0.2 has been relocated to org.slf4j:slf4j-reload4j:jar:2.0.2
[WARNING] The artifact org.slf4j:slf4j-log4j12:jar:2.0.2 has been relocated to org.slf4j:slf4j-reload4j:jar:2.0.2

225 warnings
[INFO] ajc result: 245 file(s) processed, 0 pointcut(s) woven, 0 error(s), 0 warning(s)
[INFO] 
[INFO] --- maven-resources-plugin:3.2.0:testResources (default-testResources) @ jcabi-dynamo ---
[INFO] Using 'UTF-8' encoding to copy filtered resources.
[INFO] Using 'UTF-8' encoding to copy filtered properties files.
[INFO] Copying 1 resource
[INFO] The encoding used to copy filtered properties files have not been set. This means that the same encoding will be used to copy filtered properties files as when copying other filtered resources. This might not be what you want! Run your build with --debug to see which files might be affected. Read more at https://maven.apache.org/plugins/maven-resources-plugin/examples/filtering-properties-files.html
[INFO] 
[INFO] --- maven-compiler-plugin:3.9.0:testCompile (default-testCompile) @ jcabi-dynamo ---
[INFO] Changes detected - recompiling the module!
[INFO] Compiling 20 source files to /home/gabsko/breaking-updates/target/test-classes
[INFO] 
[INFO] --- jcabi-maven-plugin:0.16.0:ajc (jcabi-ajc-test-compile) @ jcabi-dynamo ---
[INFO] Unwoven test classes will be copied to /home/gabsko/breaking-updates/target/unwoven-test
[INFO] Created temp dir /home/gabsko/breaking-updates/target/jcabi-ajc-test
[WARNING] The artifact org.slf4j:slf4j-log4j12:jar:2.0.2 has been relocated to org.slf4j:slf4j-reload4j:jar:2.0.2
[WARNING] The artifact org.slf4j:slf4j-log4j12:jar:2.0.2 has been relocated to org.slf4j:slf4j-reload4j:jar:2.0.2

28 warnings
[INFO] ajc result: 21 file(s) processed, 0 pointcut(s) woven, 0 error(s), 0 warning(s)
[INFO] 
[INFO] --- build-helper-maven-plugin:1.10:reserve-network-port (default) @ jcabi-dynamo ---
[INFO] Reserved port 39795 for dynamodb.port
[INFO] 
[INFO] --- build-helper-maven-plugin:1.10:reserve-network-port (reserver-dynamodb-port) @ jcabi-dynamo ---
[INFO] Reserved port 39609 for failsafe.ddl.port
[INFO] 
[INFO] --- maven-surefire-plugin:3.0.0-M7:test (default-test) @ jcabi-dynamo ---
[INFO] Tests will run in random order. To reproduce ordering use flag -Dsurefire.runOrder.random.seed=19041763849422577
[INFO] Using auto detected provider org.apache.maven.surefire.junitplatform.JUnitPlatformProvider
[INFO] 
[INFO] -------------------------------------------------------
[INFO]  T E S T S
[INFO] -------------------------------------------------------
[INFO] Running com.jcabi.dynamo.mock.MkRegionTest
[ERROR] Tests run: 2, Failures: 0, Errors: 1, Skipped: 0, Time elapsed: 8.59 s <<< FAILURE! - in com.jcabi.dynamo.mock.MkRegionTest
[ERROR] com.jcabi.dynamo.mock.MkRegionTest.storesAndReadsAttributes  Time elapsed: 0.084 s  <<< ERROR!
java.lang.NoClassDefFoundError: org/slf4j/helpers/ThreadLocalMapOfStacks
	at org.slf4j.reload4j.Reload4jMDCAdapter.<init>(Reload4jMDCAdapter.java:36)
	at org.slf4j.reload4j.Reload4jServiceProvider.initialize(Reload4jServiceProvider.java:37)
	at org.slf4j.LoggerFactory.bind(LoggerFactory.java:152)
	at org.slf4j.LoggerFactory.performInitialization(LoggerFactory.java:139)
	at org.slf4j.LoggerFactory.getProvider(LoggerFactory.java:421)
	at org.slf4j.LoggerFactory.getILoggerFactory(LoggerFactory.java:407)
	at org.slf4j.LoggerFactory.getLogger(LoggerFactory.java:356)
	at org.slf4j.LoggerFactory.getLogger(LoggerFactory.java:382)
	at com.jcabi.log.Logger.logger(Logger.java:485)
	at com.jcabi.log.Logger.isDebugEnabled(Logger.java:321)
	at com.jcabi.log.Logger.debug(Logger.java:186)
	at com.jcabi.aspects.aj.ImmutabilityChecker.check(ImmutabilityChecker.java:121)
	at com.jcabi.aspects.aj.ImmutabilityChecker.after(ImmutabilityChecker.java:70)
	at com.jcabi.dynamo.mock.H2Data.<init>(H2Data.java:188)
	at com.jcabi.dynamo.mock.MkRegionTest.storesAndReadsAttributes(MkRegionTest.java:60)
	at java.base/jdk.internal.reflect.NativeMethodAccessorImpl.invoke0(Native Method)
	at java.base/jdk.internal.reflect.NativeMethodAccessorImpl.invoke(NativeMethodAccessorImpl.java:62)
	at java.base/jdk.internal.reflect.DelegatingMethodAccessorImpl.invoke(DelegatingMethodAccessorImpl.java:43)
	at java.base/java.lang.reflect.Method.invoke(Method.java:566)
	at org.junit.platform.commons.util.ReflectionUtils.invokeMethod(ReflectionUtils.java:686)
	at org.junit.jupiter.engine.execution.MethodInvocation.proceed(MethodInvocation.java:60)
	at org.junit.jupiter.engine.execution.InvocationInterceptorChain$ValidatingInvocation.proceed(InvocationInterceptorChain.java:131)
	at org.junit.jupiter.engine.extension.TimeoutExtension.intercept(TimeoutExtension.java:149)
	at org.junit.jupiter.engine.extension.TimeoutExtension.interceptTestableMethod(TimeoutExtension.java:140)
	at org.junit.jupiter.engine.extension.TimeoutExtension.interceptTestMethod(TimeoutExtension.java:84)
	at org.junit.jupiter.engine.execution.ExecutableInvoker$ReflectiveInterceptorCall.lambda$ofVoidMethod$0(ExecutableInvoker.java:115)
	at org.junit.jupiter.engine.execution.ExecutableInvoker.lambda$invoke$0(ExecutableInvoker.java:105)
	at org.junit.jupiter.engine.execution.InvocationInterceptorChain$InterceptedInvocation.proceed(InvocationInterceptorChain.java:106)
	at org.junit.jupiter.engine.execution.InvocationInterceptorChain.proceed(InvocationInterceptorChain.java:64)
	at org.junit.jupiter.engine.execution.InvocationInterceptorChain.chainAndInvoke(InvocationInterceptorChain.java:45)
	at org.junit.jupiter.engine.execution.InvocationInterceptorChain.invoke(InvocationInterceptorChain.java:37)
	at org.junit.jupiter.engine.execution.ExecutableInvoker.invoke(ExecutableInvoker.java:104)
	at org.junit.jupiter.engine.execution.ExecutableInvoker.invoke(ExecutableInvoker.java:98)
	at org.junit.jupiter.engine.descriptor.TestMethodTestDescriptor.lambda$invokeTestMethod$6(TestMethodTestDescriptor.java:212)
	at org.junit.platform.engine.support.hierarchical.ThrowableCollector.execute(ThrowableCollector.java:73)
	at org.junit.jupiter.engine.descriptor.TestMethodTestDescriptor.invokeTestMethod(TestMethodTestDescriptor.java:208)
	at org.junit.jupiter.engine.descriptor.TestMethodTestDescriptor.execute(TestMethodTestDescriptor.java:137)
	at org.junit.jupiter.engine.descriptor.TestMethodTestDescriptor.execute(TestMethodTestDescriptor.java:71)
	at org.junit.platform.engine.support.hierarchical.NodeTestTask.lambda$executeRecursively$5(NodeTestTask.java:135)
	at org.junit.platform.engine.support.hierarchical.ThrowableCollector.execute(ThrowableCollector.java:73)
	at org.junit.platform.engine.support.hierarchical.NodeTestTask.lambda$executeRecursively$7(NodeTestTask.java:125)
	at org.junit.platform.engine.support.hierarchical.Node.around(Node.java:135)
	at org.junit.platform.engine.support.hierarchical.NodeTestTask.lambda$executeRecursively$8(NodeTestTask.java:123)
	at org.junit.platform.engine.support.hierarchical.ThrowableCollector.execute(ThrowableCollector.java:73)
	at org.junit.platform.engine.support.hierarchical.NodeTestTask.executeRecursively(NodeTestTask.java:122)
	at org.junit.platform.engine.support.hierarchical.NodeTestTask.execute(NodeTestTask.java:80)
	at java.base/java.util.ArrayList.forEach(ArrayList.java:1541)
	at org.junit.platform.engine.support.hierarchical.SameThreadHierarchicalTestExecutorService.invokeAll(SameThreadHierarchicalTestExecutorService.java:38)
	at org.junit.platform.engine.support.hierarchical.NodeTestTask.lambda$executeRecursively$5(NodeTestTask.java:139)
	at org.junit.platform.engine.support.hierarchical.ThrowableCollector.execute(ThrowableCollector.java:73)
	at org.junit.platform.engine.support.hierarchical.NodeTestTask.lambda$executeRecursively$7(NodeTestTask.java:125)
	at org.junit.platform.engine.support.hierarchical.Node.around(Node.java:135)
	at org.junit.platform.engine.support.hierarchical.NodeTestTask.lambda$executeRecursively$8(NodeTestTask.java:123)
	at org.junit.platform.engine.support.hierarchical.ThrowableCollector.execute(ThrowableCollector.java:73)
	at org.junit.platform.engine.support.hierarchical.NodeTestTask.executeRecursively(NodeTestTask.java:122)
	at org.junit.platform.engine.support.hierarchical.NodeTestTask.execute(NodeTestTask.java:80)
	at java.base/java.util.ArrayList.forEach(ArrayList.java:1541)
	at org.junit.platform.engine.support.hierarchical.SameThreadHierarchicalTestExecutorService.invokeAll(SameThreadHierarchicalTestExecutorService.java:38)
	at org.junit.platform.engine.support.hierarchical.NodeTestTask.lambda$executeRecursively$5(NodeTestTask.java:139)
	at org.junit.platform.engine.support.hierarchical.ThrowableCollector.execute(ThrowableCollector.java:73)
	at org.junit.platform.engine.support.hierarchical.NodeTestTask.lambda$executeRecursively$7(NodeTestTask.java:125)
	at org.junit.platform.engine.support.hierarchical.Node.around(Node.java:135)
	at org.junit.platform.engine.support.hierarchical.NodeTestTask.lambda$executeRecursively$8(NodeTestTask.java:123)
	at org.junit.platform.engine.support.hierarchical.ThrowableCollector.execute(ThrowableCollector.java:73)
	at org.junit.platform.engine.support.hierarchical.NodeTestTask.executeRecursively(NodeTestTask.java:122)
	at org.junit.platform.engine.support.hierarchical.NodeTestTask.execute(NodeTestTask.java:80)
	at org.junit.platform.engine.support.hierarchical.SameThreadHierarchicalTestExecutorService.submit(SameThreadHierarchicalTestExecutorService.java:32)
	at org.junit.platform.engine.support.hierarchical.HierarchicalTestExecutor.execute(HierarchicalTestExecutor.java:57)
	at org.junit.platform.engine.support.hierarchical.HierarchicalTestEngine.execute(HierarchicalTestEngine.java:51)
	at org.junit.platform.launcher.core.DefaultLauncher.execute(DefaultLauncher.java:248)
	at org.junit.platform.launcher.core.DefaultLauncher.lambda$execute$5(DefaultLauncher.java:211)
	at org.junit.platform.launcher.core.DefaultLauncher.withInterceptedStreams(DefaultLauncher.java:226)
	at org.junit.platform.launcher.core.DefaultLauncher.execute(DefaultLauncher.java:199)
	at org.junit.platform.launcher.core.DefaultLauncher.execute(DefaultLauncher.java:132)
	at org.apache.maven.surefire.junitplatform.LazyLauncher.execute(LazyLauncher.java:55)
	at org.apache.maven.surefire.junitplatform.JUnitPlatformProvider.execute(JUnitPlatformProvider.java:223)
	at org.apache.maven.surefire.junitplatform.JUnitPlatformProvider.invokeAllTests(JUnitPlatformProvider.java:175)
	at org.apache.maven.surefire.junitplatform.JUnitPlatformProvider.invoke(JUnitPlatformProvider.java:139)
	at org.apache.maven.surefire.booter.ForkedBooter.runSuitesInProcess(ForkedBooter.java:456)
	at org.apache.maven.surefire.booter.ForkedBooter.execute(ForkedBooter.java:169)
	at org.apache.maven.surefire.booter.ForkedBooter.run(ForkedBooter.java:595)
	at org.apache.maven.surefire.booter.ForkedBooter.main(ForkedBooter.java:581)
Caused by: java.lang.ClassNotFoundException: org.slf4j.helpers.ThreadLocalMapOfStacks
	at java.base/jdk.internal.loader.BuiltinClassLoader.loadClass(BuiltinClassLoader.java:581)
	at java.base/jdk.internal.loader.ClassLoaders$AppClassLoader.loadClass(ClassLoaders.java:178)
	at java.base/java.lang.ClassLoader.loadClass(ClassLoader.java:522)
	... 82 more

[INFO] Running com.jcabi.dynamo.RegionTest
[INFO] Tests run: 1, Failures: 0, Errors: 0, Skipped: 0, Time elapsed: 0.274 s - in com.jcabi.dynamo.RegionTest
[INFO] Running com.jcabi.dynamo.ConditionsTest
[INFO] Tests run: 1, Failures: 0, Errors: 0, Skipped: 0, Time elapsed: 0.003 s - in com.jcabi.dynamo.ConditionsTest
[INFO] Running com.jcabi.dynamo.ScanValveTest
[INFO] Tests run: 1, Failures: 0, Errors: 0, Skipped: 0, Time elapsed: 0.127 s - in com.jcabi.dynamo.ScanValveTest
[INFO] Running com.jcabi.dynamo.AttributeUpdatesTest
[INFO] Tests run: 16, Failures: 0, Errors: 0, Skipped: 0, Time elapsed: 0.109 s - in com.jcabi.dynamo.AttributeUpdatesTest
[INFO] Running com.jcabi.dynamo.AttributesTest
[INFO] Tests run: 4, Failures: 0, Errors: 0, Skipped: 0, Time elapsed: 0.009 s - in com.jcabi.dynamo.AttributesTest
[INFO] Running com.jcabi.dynamo.CredentialsTest
[INFO] Tests run: 2, Failures: 0, Errors: 0, Skipped: 0, Time elapsed: 0.46 s - in com.jcabi.dynamo.CredentialsTest
[INFO] Running com.jcabi.dynamo.QueryValveTest
[INFO] Tests run: 1, Failures: 0, Errors: 0, Skipped: 0, Time elapsed: 0.006 s - in com.jcabi.dynamo.QueryValveTest
[INFO] Running com.jcabi.dynamo.AwsItemTest
[INFO] Tests run: 1, Failures: 0, Errors: 0, Skipped: 0, Time elapsed: 0.006 s - in com.jcabi.dynamo.AwsItemTest
[INFO] Running com.jcabi.dynamo.ThroughputTest
[INFO] Tests run: 1, Failures: 0, Errors: 0, Skipped: 0, Time elapsed: 0.002 s - in com.jcabi.dynamo.ThroughputTest
[INFO] Running com.jcabi.dynamo.AwsIteratorTest
[INFO] Tests run: 2, Failures: 0, Errors: 0, Skipped: 0, Time elapsed: 0.029 s - in com.jcabi.dynamo.AwsIteratorTest
[INFO] Running com.jcabi.dynamo.mock.H2DataTest
[WARNING] Tests run: 9, Failures: 0, Errors: 0, Skipped: 2, Time elapsed: 29.562 s - in com.jcabi.dynamo.mock.H2DataTest
[INFO] Running com.jcabi.dynamo.retry.ReRegionTest
[INFO] Tests run: 1, Failures: 0, Errors: 0, Skipped: 0, Time elapsed: 30.01 s - in com.jcabi.dynamo.retry.ReRegionTest
[INFO] Running com.jcabi.dynamo.retry.ReTableTest
[INFO] Tests run: 1, Failures: 0, Errors: 0, Skipped: 0, Time elapsed: 30.006 s - in com.jcabi.dynamo.retry.ReTableTest
[INFO] Running com.jcabi.dynamo.AwsTableTest
[INFO] Tests run: 2, Failures: 0, Errors: 0, Skipped: 0, Time elapsed: 0.032 s - in com.jcabi.dynamo.AwsTableTest
[INFO] 
[INFO] Results:
[INFO] 
[ERROR] Errors: 
[ERROR]   MkRegionTest.storesAndReadsAttributes:60 Â» NoClassDefFound org/slf4j/helpers/ThreadLocalMapOfStacks
[INFO] 
[ERROR] Tests run: 45, Failures: 0, Errors: 1, Skipped: 2
[INFO] 
[INFO] ------------------------------------------------------------------------
[INFO] BUILD FAILURE
[INFO] ------------------------------------------------------------------------
[INFO] Total time:  01:48 min
[INFO] Finished at: 2023-01-07T01:35:36Z
[INFO] ------------------------------------------------------------------------
[ERROR] Failed to execute goal org.apache.maven.plugins:maven-surefire-plugin:3.0.0-M7:test (default-test) on project jcabi-dynamo: 
[ERROR] 
[ERROR] Please refer to /home/gabsko/breaking-updates/target/surefire-reports for the individual test results.
[ERROR] Please refer to dump files (if any exist) [date].dump, [date]-jvmRun[N].dump and [date].dumpstream.
[ERROR] -> [Help 1]
[ERROR] 
[ERROR] To see the full stack trace of the errors, re-run Maven with the -e switch.
[ERROR] Re-run Maven using the -X switch to enable full debug logging.
[ERROR] 
[ERROR] For more information about the errors and possible solutions, please read the following articles:
[ERROR] [Help 1] http://cwiki.apache.org/confluence/display/MAVEN/MojoFailureException
