[INFO] Scanning for projects...
[INFO] 
[INFO] --------------------------< com.artipie:asto >--------------------------
[INFO] Building asto 1.0-SNAPSHOT
[INFO] --------------------------------[ jar ]---------------------------------
[INFO] Downloading from OSS sonnatype: https://oss.sonatype.org/content/repositories/snapshots/org/springframework/boot/spring-boot-starter-web/2.3.12.RELEASE/spring-boot-starter-web-2.3.12.RELEASE.jar
[INFO] Downloading from OSS sonnatype: https://oss.sonatype.org/content/repositories/snapshots/org/springframework/boot/spring-boot/2.3.12.RELEASE/spring-boot-2.3.12.RELEASE.jar
[INFO] Downloading from OSS sonnatype: https://oss.sonatype.org/content/repositories/snapshots/org/springframework/boot/spring-boot-starter/2.3.12.RELEASE/spring-boot-starter-2.3.12.RELEASE.jar
[INFO] Downloading from OSS sonnatype: https://oss.sonatype.org/content/repositories/snapshots/com/adobe/testing/s3mock/2.2.3/s3mock-2.2.3.jar
[INFO] Downloading from OSS sonnatype: https://oss.sonatype.org/content/repositories/snapshots/org/springframework/boot/spring-boot-autoconfigure/2.3.12.RELEASE/spring-boot-autoconfigure-2.3.12.RELEASE.jar
[INFO] Downloading from OSS sonnatype: https://oss.sonatype.org/content/repositories/snapshots/org/springframework/boot/spring-boot-starter-logging/2.3.12.RELEASE/spring-boot-starter-logging-2.3.12.RELEASE.jar
[INFO] Downloading from OSS sonnatype: https://oss.sonatype.org/content/repositories/snapshots/org/springframework/spring-web/5.2.15.RELEASE/spring-web-5.2.15.RELEASE.jar
[INFO] Downloading from OSS sonnatype: https://oss.sonatype.org/content/repositories/snapshots/org/springframework/boot/spring-boot-starter-json/2.3.12.RELEASE/spring-boot-starter-json-2.3.12.RELEASE.jar
[INFO] Downloading from OSS sonnatype: https://oss.sonatype.org/content/repositories/snapshots/org/springframework/spring-core/5.2.15.RELEASE/spring-core-5.2.15.RELEASE.jar
[INFO] Downloading from OSS sonnatype: https://oss.sonatype.org/content/repositories/snapshots/org/springframework/spring-jcl/5.2.15.RELEASE/spring-jcl-5.2.15.RELEASE.jar
[INFO] Downloading from OSS sonnatype: https://oss.sonatype.org/content/repositories/snapshots/org/springframework/spring-beans/5.2.15.RELEASE/spring-beans-5.2.15.RELEASE.jar
[INFO] Downloading from OSS sonnatype: https://oss.sonatype.org/content/repositories/snapshots/org/springframework/spring-webmvc/5.2.15.RELEASE/spring-webmvc-5.2.15.RELEASE.jar
[INFO] Downloading from OSS sonnatype: https://oss.sonatype.org/content/repositories/snapshots/org/springframework/spring-aop/5.2.15.RELEASE/spring-aop-5.2.15.RELEASE.jar
[INFO] Downloading from OSS sonnatype: https://oss.sonatype.org/content/repositories/snapshots/org/springframework/spring-expression/5.2.15.RELEASE/spring-expression-5.2.15.RELEASE.jar
[INFO] Downloading from OSS sonnatype: https://oss.sonatype.org/content/repositories/snapshots/org/springframework/spring-context/5.2.15.RELEASE/spring-context-5.2.15.RELEASE.jar
[INFO] Downloading from OSS sonnatype: https://oss.sonatype.org/content/repositories/snapshots/org/springframework/boot/spring-boot-starter-jetty/2.3.12.RELEASE/spring-boot-starter-jetty-2.3.12.RELEASE.jar
[INFO] Downloading from OSS sonnatype: https://oss.sonatype.org/content/repositories/snapshots/org/eclipse/jetty/jetty-servlets/9.4.42.v20210604/jetty-servlets-9.4.42.v20210604.jar
[INFO] Downloading from OSS sonnatype: https://oss.sonatype.org/content/repositories/snapshots/org/eclipse/jetty/jetty-webapp/9.4.42.v20210604/jetty-webapp-9.4.42.v20210604.jar
[INFO] Downloading from OSS sonnatype: https://oss.sonatype.org/content/repositories/snapshots/org/eclipse/jetty/jetty-xml/9.4.42.v20210604/jetty-xml-9.4.42.v20210604.jar
[INFO] Downloading from central: https://repo.maven.apache.org/maven2/com/adobe/testing/s3mock/2.2.3/s3mock-2.2.3.jar
[INFO] Downloading from central: https://repo.maven.apache.org/maven2/org/springframework/boot/spring-boot-starter-web/2.3.12.RELEASE/spring-boot-starter-web-2.3.12.RELEASE.jar
[INFO] Downloading from central: https://repo.maven.apache.org/maven2/org/springframework/boot/spring-boot-starter/2.3.12.RELEASE/spring-boot-starter-2.3.12.RELEASE.jar
[INFO] Downloading from central: https://repo.maven.apache.org/maven2/org/springframework/boot/spring-boot/2.3.12.RELEASE/spring-boot-2.3.12.RELEASE.jar
[INFO] Downloading from central: https://repo.maven.apache.org/maven2/org/springframework/boot/spring-boot-autoconfigure/2.3.12.RELEASE/spring-boot-autoconfigure-2.3.12.RELEASE.jar
[INFO] Downloaded from central: https://repo.maven.apache.org/maven2/org/springframework/boot/spring-boot-starter/2.3.12.RELEASE/spring-boot-starter-2.3.12.RELEASE.jar (4.8 kB at 67 kB/s)
[INFO] Downloading from central: https://repo.maven.apache.org/maven2/org/springframework/boot/spring-boot-starter-logging/2.3.12.RELEASE/spring-boot-starter-logging-2.3.12.RELEASE.jar
[INFO] Downloaded from central: https://repo.maven.apache.org/maven2/org/springframework/boot/spring-boot-starter-web/2.3.12.RELEASE/spring-boot-starter-web-2.3.12.RELEASE.jar (4.8 kB at 68 kB/s)
[INFO] Downloading from central: https://repo.maven.apache.org/maven2/org/springframework/spring-core/5.2.15.RELEASE/spring-core-5.2.15.RELEASE.jar
[INFO] Downloaded from central: https://repo.maven.apache.org/maven2/org/springframework/boot/spring-boot-starter-logging/2.3.12.RELEASE/spring-boot-starter-logging-2.3.12.RELEASE.jar (4.8 kB at 58 kB/s)
[INFO] Downloading from central: https://repo.maven.apache.org/maven2/org/springframework/spring-jcl/5.2.15.RELEASE/spring-jcl-5.2.15.RELEASE.jar
[INFO] Downloaded from central: https://repo.maven.apache.org/maven2/org/springframework/spring-jcl/5.2.15.RELEASE/spring-jcl-5.2.15.RELEASE.jar (24 kB at 180 kB/s)
[INFO] Downloading from central: https://repo.maven.apache.org/maven2/org/springframework/boot/spring-boot-starter-json/2.3.12.RELEASE/spring-boot-starter-json-2.3.12.RELEASE.jar
[INFO] Downloaded from central: https://repo.maven.apache.org/maven2/org/springframework/boot/spring-boot-starter-json/2.3.12.RELEASE/spring-boot-starter-json-2.3.12.RELEASE.jar (4.7 kB at 32 kB/s)
[INFO] Downloading from central: https://repo.maven.apache.org/maven2/org/springframework/spring-web/5.2.15.RELEASE/spring-web-5.2.15.RELEASE.jar
[INFO] Downloaded from central: https://repo.maven.apache.org/maven2/org/springframework/boot/spring-boot/2.3.12.RELEASE/spring-boot-2.3.12.RELEASE.jar (1.1 MB at 7.5 MB/s)
[INFO] Downloading from central: https://repo.maven.apache.org/maven2/org/springframework/spring-beans/5.2.15.RELEASE/spring-beans-5.2.15.RELEASE.jar
[INFO] Downloaded from central: https://repo.maven.apache.org/maven2/org/springframework/boot/spring-boot-autoconfigure/2.3.12.RELEASE/spring-boot-autoconfigure-2.3.12.RELEASE.jar (1.5 MB at 9.0 MB/s)
[INFO] Downloading from central: https://repo.maven.apache.org/maven2/org/springframework/spring-webmvc/5.2.15.RELEASE/spring-webmvc-5.2.15.RELEASE.jar
[INFO] Downloaded from central: https://repo.maven.apache.org/maven2/org/springframework/spring-beans/5.2.15.RELEASE/spring-beans-5.2.15.RELEASE.jar (689 kB at 3.9 MB/s)
[INFO] Downloading from central: https://repo.maven.apache.org/maven2/org/springframework/spring-aop/5.2.15.RELEASE/spring-aop-5.2.15.RELEASE.jar
[INFO] Downloaded from central: https://repo.maven.apache.org/maven2/org/springframework/spring-core/5.2.15.RELEASE/spring-core-5.2.15.RELEASE.jar (1.4 MB at 7.3 MB/s)
[INFO] Downloading from central: https://repo.maven.apache.org/maven2/org/springframework/spring-context/5.2.15.RELEASE/spring-context-5.2.15.RELEASE.jar
[INFO] Downloaded from central: https://repo.maven.apache.org/maven2/org/springframework/spring-aop/5.2.15.RELEASE/spring-aop-5.2.15.RELEASE.jar (373 kB at 1.9 MB/s)
[INFO] Downloading from central: https://repo.maven.apache.org/maven2/org/springframework/spring-expression/5.2.15.RELEASE/spring-expression-5.2.15.RELEASE.jar
[INFO] Downloaded from central: https://repo.maven.apache.org/maven2/org/springframework/spring-webmvc/5.2.15.RELEASE/spring-webmvc-5.2.15.RELEASE.jar (957 kB at 4.4 MB/s)
[INFO] Downloading from central: https://repo.maven.apache.org/maven2/org/springframework/boot/spring-boot-starter-jetty/2.3.12.RELEASE/spring-boot-starter-jetty-2.3.12.RELEASE.jar
[INFO] Downloaded from central: https://repo.maven.apache.org/maven2/org/springframework/boot/spring-boot-starter-jetty/2.3.12.RELEASE/spring-boot-starter-jetty-2.3.12.RELEASE.jar (4.8 kB at 21 kB/s)
[INFO] Downloading from central: https://repo.maven.apache.org/maven2/org/eclipse/jetty/jetty-servlets/9.4.42.v20210604/jetty-servlets-9.4.42.v20210604.jar
[INFO] Downloaded from central: https://repo.maven.apache.org/maven2/org/springframework/spring-web/5.2.15.RELEASE/spring-web-5.2.15.RELEASE.jar (1.4 MB at 6.1 MB/s)
[INFO] Downloading from central: https://repo.maven.apache.org/maven2/org/eclipse/jetty/jetty-webapp/9.4.42.v20210604/jetty-webapp-9.4.42.v20210604.jar
[INFO] Downloaded from central: https://repo.maven.apache.org/maven2/org/springframework/spring-expression/5.2.15.RELEASE/spring-expression-5.2.15.RELEASE.jar (282 kB at 1.2 MB/s)
[INFO] Downloading from central: https://repo.maven.apache.org/maven2/org/eclipse/jetty/jetty-xml/9.4.42.v20210604/jetty-xml-9.4.42.v20210604.jar
[INFO] Downloaded from central: https://repo.maven.apache.org/maven2/org/eclipse/jetty/jetty-servlets/9.4.42.v20210604/jetty-servlets-9.4.42.v20210604.jar (107 kB at 455 kB/s)
[INFO] Downloaded from central: https://repo.maven.apache.org/maven2/org/springframework/spring-context/5.2.15.RELEASE/spring-context-5.2.15.RELEASE.jar (1.2 MB at 5.0 MB/s)
[INFO] Downloaded from central: https://repo.maven.apache.org/maven2/org/eclipse/jetty/jetty-xml/9.4.42.v20210604/jetty-xml-9.4.42.v20210604.jar (68 kB at 273 kB/s)
[INFO] Downloaded from central: https://repo.maven.apache.org/maven2/org/eclipse/jetty/jetty-webapp/9.4.42.v20210604/jetty-webapp-9.4.42.v20210604.jar (140 kB at 552 kB/s)
[INFO] Downloaded from central: https://repo.maven.apache.org/maven2/com/adobe/testing/s3mock/2.2.3/s3mock-2.2.3.jar (85 kB at 330 kB/s)
[INFO] 
[INFO] --- maven-clean-plugin:3.1.0:clean (default-clean) @ asto ---
[INFO] Deleting /home/gabsko/breaking-updates/target
[INFO] 
[INFO] --- maven-enforcer-plugin:3.0.0-M3:enforce (enforce-maven) @ asto ---
[INFO] 
[INFO] --- buildnumber-maven-plugin:1.4:create (jcabi-build-number) @ asto ---
[INFO] ShortRevision tag detected. The value is '7'.
[INFO] Executing: /bin/sh -c cd '/home/gabsko/breaking-updates' && 'git' 'rev-parse' '--verify' '--short=7' 'HEAD'
[INFO] Working directory: /home/gabsko/breaking-updates
[INFO] Storing buildNumber: 13c527a2 at timestamp: 2023-01-13T14:33:03
[INFO] Storing buildScmBranch: branch-artipie/asto-13c527a21b1dc81305b0d19dda15bf684e04b2b8
[INFO] 
[INFO] --- buildnumber-maven-plugin:1.4:create-timestamp (jcabi-build-number) @ asto ---
[INFO] 
[INFO] --- maven-resources-plugin:3.0.2:resources (default-resources) @ asto ---
[INFO] Using 'UTF-8' encoding to copy filtered resources.
[INFO] skip non existing resourceDirectory /home/gabsko/breaking-updates/src/main/resources
[INFO] 
[INFO] --- maven-compiler-plugin:3.8.0:compile (default-compile) @ asto ---
[INFO] Compiling 82 source files to /home/gabsko/breaking-updates/target/classes
[INFO] 
[INFO] --- maven-resources-plugin:3.0.2:testResources (default-testResources) @ asto ---
[INFO] Using 'UTF-8' encoding to copy filtered resources.
[INFO] Copying 4 resources
[INFO] 
[INFO] --- maven-compiler-plugin:3.8.0:testCompile (default-testCompile) @ asto ---
[INFO] Compiling 54 source files to /home/gabsko/breaking-updates/target/test-classes
[INFO] 
[INFO] --- maven-surefire-plugin:2.22.2:test (default-test) @ asto ---
[INFO] 
[INFO] -------------------------------------------------------
[INFO]  T E S T S
[INFO] -------------------------------------------------------
[INFO] Running OneTimePublisherVerificationTest

===============================================
Command line suite
Total tests run: 38, Passes: 7, Failures: 0, Skips: 31
===============================================

[WARNING] Tests run: 38, Failures: 0, Errors: 0, Skipped: 31, Time elapsed: 0.445 s - in OneTimePublisherVerificationTest
[INFO] Running com.artipie.asto.StorageListTest


  .-')              _   .-')                           .-. .-')  
 ( OO ).           ( '.( OO )_                         \  ( OO ) 
(_)---\_) .-----.   ,--.   ,--.).-'),-----.    .-----. ,--. ,--. 
/    _ | /  -.   \  |   `.'   |( OO'  .-.  '  '  .--./ |  .'   / 
\  :` `. '-' _'  |  |         |/   |  | |  |  |  |('-. |      /, 
 '..`''.)   |_  <   |  |'.'|  |\_) |  |\|  | /_) |OO  )|     ' _)
.-._)   \.-.  |  |  |  |   |  |  \ |  | |  | ||  |`-'| |  .   \  
\       /\ `-'   /  |  |   |  |   `'  '-'  '(_'  '--'\ |  |\   \ 
 `-----'  `----''   `--'   `--'     `-----'    `-----' `--' '--' 



2023-01-13 14:33:07.424  INFO 14580 --- [           main] o.a.maven.surefire.booter.ForkedBooter   : Starting ForkedBooter v2.22.2 on repairnator with PID 14580 (started by gabsko in /home/gabsko/breaking-updates)
2023-01-13 14:33:07.426  INFO 14580 --- [           main] o.a.maven.surefire.booter.ForkedBooter   : No active profile set, falling back to default profiles: default
2023-01-13 14:33:08.042  INFO 14580 --- [           main] org.eclipse.jetty.util.log               : Logging initialized @2201ms to org.eclipse.jetty.util.log.Slf4jLog
2023-01-13 14:33:08.168  INFO 14580 --- [           main] o.s.b.w.e.j.JettyServletWebServerFactory : Server initialized with port: 0
2023-01-13 14:33:08.179  INFO 14580 --- [           main] org.eclipse.jetty.server.Server          : jetty-9.4.42.v20210604; built: 2021-06-04T17:33:38.939Z; git: 5cd5e6d2375eeab146813b0de9f19eda6ab6e6cb; jvm 11.0.17+8-post-Ubuntu-1ubuntu218.04
2023-01-13 14:33:08.199  INFO 14580 --- [           main] o.e.j.s.h.ContextHandler.application     : Initializing Spring embedded WebApplicationContext
2023-01-13 14:33:08.199  INFO 14580 --- [           main] w.s.c.ServletWebServerApplicationContext : Root WebApplicationContext: initialization completed in 729 ms
2023-01-13 14:33:08.224  INFO 14580 --- [           main] org.eclipse.jetty.server.session         : DefaultSessionIdManager workerName=node0
2023-01-13 14:33:08.224  INFO 14580 --- [           main] org.eclipse.jetty.server.session         : No SessionScavenger set, using defaults
2023-01-13 14:33:08.225  INFO 14580 --- [           main] org.eclipse.jetty.server.session         : node0 Scavenging every 660000ms
2023-01-13 14:33:08.229  INFO 14580 --- [           main] o.e.jetty.server.handler.ContextHandler  : Started o.s.b.w.e.j.JettyEmbeddedWebAppContext@37348491{application,/,[file:///tmp/jetty-docbase.0.6110925798048490697/],AVAILABLE}
2023-01-13 14:33:08.229  INFO 14580 --- [           main] org.eclipse.jetty.server.Server          : Started @2389ms
2023-01-13 14:33:08.241  INFO 14580 --- [           main] c.adobe.testing.s3mock.domain.FileStore  : Using "/tmp/s3mockFileStore1673620388240" as root folder. Will retain files on exit: false
2023-01-13 14:33:08.242  INFO 14580 --- [           main] c.a.testing.s3mock.FileStoreController   : Creating initial buckets: []
2023-01-13 14:33:08.359  INFO 14580 --- [           main] o.s.s.concurrent.ThreadPoolTaskExecutor  : Initializing ExecutorService 'applicationTaskExecutor'
2023-01-13 14:33:08.499  INFO 14580 --- [           main] o.e.j.s.h.ContextHandler.application     : Initializing Spring DispatcherServlet 'dispatcherServlet'
2023-01-13 14:33:08.499  INFO 14580 --- [           main] o.s.web.servlet.DispatcherServlet        : Initializing Servlet 'dispatcherServlet'
2023-01-13 14:33:08.502  INFO 14580 --- [           main] o.s.web.servlet.DispatcherServlet        : Completed initialization in 3 ms
2023-01-13 14:33:08.731  INFO 14580 --- [           main] o.e.jetty.util.ssl.SslContextFactory     : x509=X509@130cfc47(selfsigned,h=[unknown],a=[],w=[]) for Server@2eb0cefe[provider=null,keyStore=jar:file:/home/gabsko/.m2/repository/com/adobe/testing/s3mock/2.2.3/s3mock-2.2.3.jar!/s3mock.jks,trustStore=null]
2023-01-13 14:33:08.811  INFO 14580 --- [           main] o.e.jetty.server.AbstractConnector       : Started SslValidatingServerConnector@3c9c6245{SSL, (ssl, http/1.1)}{0.0.0.0:38803}
2023-01-13 14:33:08.844  INFO 14580 --- [           main] o.e.jetty.server.AbstractConnector       : Started ServerConnector@6ef60295{HTTP/1.1, (http/1.1)}{0.0.0.0:34657}
2023-01-13 14:33:08.846  INFO 14580 --- [           main] o.s.b.web.embedded.jetty.JettyWebServer  : Jetty started on port(s) 38803 (ssl, http/1.1), 34657 (http/1.1) with context path '/'
2023-01-13 14:33:08.860  INFO 14580 --- [           main] o.a.maven.surefire.booter.ForkedBooter   : Started ForkedBooter in 1.772 seconds (JVM running for 3.019)
2023-01-13 14:33:09.626  INFO 14580 --- [Pool-worker-115] com.artipie.asto.fs.FileStorage          : Found 0 objects by the prefix "a/b" in /tmp/junit8903683278859048799 by /tmp/junit8903683278859048799/a/b: []
2023-01-13 14:33:09.654  INFO 14580 --- [worker-thread-0] com.artipie.asto.fs.VertxFileStorage     : Found 0 objects by the prefix "a/b" in /tmp/vtxjunit10376683265857801343 by /tmp/vtxjunit10376683265857801343/a/b: []
2023-01-13 14:33:09.957  INFO 14580 --- [Pool-worker-115] com.artipie.asto.fs.FileStorage          : Found 2 objects by the prefix "a/b" in /tmp/junit856254149804759507 by /tmp/junit856254149804759507/a/b: [a/b/2, a/b/c/1]
2023-01-13 14:33:10.049  INFO 14580 --- [orker-thread-11] com.artipie.asto.fs.VertxFileStorage     : Found 2 objects by the prefix "a/b" in /tmp/vtxjunit5668882812258342993 by /tmp/vtxjunit5668882812258342993/a/b: [a/b/2, a/b/c/1]
2023-01-13 14:33:10.069  INFO 14580 --- [           main] o.e.jetty.server.AbstractConnector       : Stopped SslValidatingServerConnector@3c9c6245{SSL, (ssl, http/1.1)}{0.0.0.0:0}
2023-01-13 14:33:10.075  INFO 14580 --- [           main] o.e.jetty.server.AbstractConnector       : Stopped ServerConnector@6ef60295{HTTP/1.1, (http/1.1)}{0.0.0.0:0}
2023-01-13 14:33:10.088  INFO 14580 --- [           main] org.eclipse.jetty.server.session         : node0 Stopped scavenging
2023-01-13 14:33:10.089  INFO 14580 --- [           main] o.e.j.s.h.ContextHandler.application     : Destroying Spring FrameworkServlet 'dispatcherServlet'
2023-01-13 14:33:10.090  INFO 14580 --- [           main] o.e.jetty.server.handler.ContextHandler  : Stopped o.s.b.w.e.j.JettyEmbeddedWebAppContext@37348491{application,/,[file:///tmp/jetty-docbase.0.6110925798048490697/],STOPPED}
2023-01-13 14:33:10.092  INFO 14580 --- [           main] o.s.s.concurrent.ThreadPoolTaskExecutor  : Shutting down ExecutorService 'applicationTaskExecutor'
[INFO] Tests run: 12, Failures: 0, Errors: 0, Skipped: 0, Time elapsed: 3.154 s - in com.artipie.asto.StorageListTest
[INFO] Running com.artipie.asto.cache.RemoteWithErrorHandlingTest
2023-01-13 14:33:10.100 ERROR 14580 --- [           main] lingTest$$Lambda$1507/0x0000000840794c40 : Connection error
[INFO] Tests run: 2, Failures: 0, Errors: 0, Skipped: 0, Time elapsed: 0 s - in com.artipie.asto.cache.RemoteWithErrorHandlingTest
[INFO] Running com.artipie.asto.StorageSizeTest


  .-')              _   .-')                           .-. .-')  
 ( OO ).           ( '.( OO )_                         \  ( OO ) 
(_)---\_) .-----.   ,--.   ,--.).-'),-----.    .-----. ,--. ,--. 
/    _ | /  -.   \  |   `.'   |( OO'  .-.  '  '  .--./ |  .'   / 
\  :` `. '-' _'  |  |         |/   |  | |  |  |  |('-. |      /, 
 '..`''.)   |_  <   |  |'.'|  |\_) |  |\|  | /_) |OO  )|     ' _)
.-._)   \.-.  |  |  |  |   |  |  \ |  | |  | ||  |`-'| |  .   \  
\       /\ `-'   /  |  |   |  |   `'  '-'  '(_'  '--'\ |  |\   \ 
 `-----'  `----''   `--'   `--'     `-----'    `-----' `--' '--' 



2023-01-13 14:33:10.146  INFO 14580 --- [           main] o.a.maven.surefire.booter.ForkedBooter   : Starting ForkedBooter v2.22.2 on repairnator with PID 14580 (started by gabsko in /home/gabsko/breaking-updates)
2023-01-13 14:33:10.147  INFO 14580 --- [           main] o.a.maven.surefire.booter.ForkedBooter   : No active profile set, falling back to default profiles: default
2023-01-13 14:33:10.290  INFO 14580 --- [           main] o.s.b.w.e.j.JettyServletWebServerFactory : Server initialized with port: 0
2023-01-13 14:33:10.290  INFO 14580 --- [           main] org.eclipse.jetty.server.Server          : jetty-9.4.42.v20210604; built: 2021-06-04T17:33:38.939Z; git: 5cd5e6d2375eeab146813b0de9f19eda6ab6e6cb; jvm 11.0.17+8-post-Ubuntu-1ubuntu218.04
2023-01-13 14:33:10.292  INFO 14580 --- [           main] o.e.j.s.h.ContextHandler.application     : Initializing Spring embedded WebApplicationContext
2023-01-13 14:33:10.292  INFO 14580 --- [           main] w.s.c.ServletWebServerApplicationContext : Root WebApplicationContext: initialization completed in 143 ms
2023-01-13 14:33:10.299  INFO 14580 --- [           main] org.eclipse.jetty.server.session         : DefaultSessionIdManager workerName=node0
2023-01-13 14:33:10.299  INFO 14580 --- [           main] org.eclipse.jetty.server.session         : No SessionScavenger set, using defaults
2023-01-13 14:33:10.300  INFO 14580 --- [           main] org.eclipse.jetty.server.session         : node0 Scavenging every 600000ms
2023-01-13 14:33:10.300  INFO 14580 --- [           main] o.e.jetty.server.handler.ContextHandler  : Started o.s.b.w.e.j.JettyEmbeddedWebAppContext@56402642{application,/,[file:///tmp/jetty-docbase.0.3904269976071192686/],AVAILABLE}
2023-01-13 14:33:10.300  INFO 14580 --- [           main] org.eclipse.jetty.server.Server          : Started @4460ms
2023-01-13 14:33:10.303  INFO 14580 --- [           main] c.adobe.testing.s3mock.domain.FileStore  : Using "/tmp/s3mockFileStore1673620390303" as root folder. Will retain files on exit: false
2023-01-13 14:33:10.304  INFO 14580 --- [           main] c.a.testing.s3mock.FileStoreController   : Creating initial buckets: []
2023-01-13 14:33:10.334  INFO 14580 --- [           main] o.s.s.concurrent.ThreadPoolTaskExecutor  : Initializing ExecutorService 'applicationTaskExecutor'
2023-01-13 14:33:10.363  INFO 14580 --- [           main] o.e.j.s.h.ContextHandler.application     : Initializing Spring DispatcherServlet 'dispatcherServlet'
2023-01-13 14:33:10.363  INFO 14580 --- [           main] o.s.web.servlet.DispatcherServlet        : Initializing Servlet 'dispatcherServlet'
2023-01-13 14:33:10.364  INFO 14580 --- [           main] o.s.web.servlet.DispatcherServlet        : Completed initialization in 1 ms
2023-01-13 14:33:10.476  INFO 14580 --- [           main] o.e.jetty.util.ssl.SslContextFactory     : x509=X509@1ac3a6f(selfsigned,h=[unknown],a=[],w=[]) for Server@fee7ca[provider=null,keyStore=jar:file:/home/gabsko/.m2/repository/com/adobe/testing/s3mock/2.2.3/s3mock-2.2.3.jar!/s3mock.jks,trustStore=null]
2023-01-13 14:33:10.521  INFO 14580 --- [           main] o.e.jetty.server.AbstractConnector       : Started SslValidatingServerConnector@11e24688{SSL, (ssl, http/1.1)}{0.0.0.0:36343}
2023-01-13 14:33:10.529  INFO 14580 --- [           main] o.e.jetty.server.AbstractConnector       : Started ServerConnector@35d114f4{HTTP/1.1, (http/1.1)}{0.0.0.0:46229}
2023-01-13 14:33:10.529  INFO 14580 --- [           main] o.s.b.web.embedded.jetty.JettyWebServer  : Jetty started on port(s) 36343 (ssl, http/1.1), 46229 (http/1.1) with context path '/'
2023-01-13 14:33:10.534  INFO 14580 --- [           main] o.a.maven.surefire.booter.ForkedBooter   : Started ForkedBooter in 0.414 seconds (JVM running for 4.693)
2023-01-13 14:33:10.766  INFO 14580 --- [           main] o.e.jetty.server.AbstractConnector       : Stopped SslValidatingServerConnector@11e24688{SSL, (ssl, http/1.1)}{0.0.0.0:0}
2023-01-13 14:33:10.770  INFO 14580 --- [           main] o.e.jetty.server.AbstractConnector       : Stopped ServerConnector@35d114f4{HTTP/1.1, (http/1.1)}{0.0.0.0:0}
2023-01-13 14:33:10.770  INFO 14580 --- [           main] org.eclipse.jetty.server.session         : node0 Stopped scavenging
2023-01-13 14:33:10.771  INFO 14580 --- [           main] o.e.j.s.h.ContextHandler.application     : Destroying Spring FrameworkServlet 'dispatcherServlet'
2023-01-13 14:33:10.771  INFO 14580 --- [           main] o.e.jetty.server.handler.ContextHandler  : Stopped o.s.b.w.e.j.JettyEmbeddedWebAppContext@56402642{application,/,[file:///tmp/jetty-docbase.0.3904269976071192686/],STOPPED}
2023-01-13 14:33:10.772  INFO 14580 --- [           main] o.s.s.concurrent.ThreadPoolTaskExecutor  : Shutting down ExecutorService 'applicationTaskExecutor'
[INFO] Tests run: 12, Failures: 0, Errors: 0, Skipped: 0, Time elapsed: 0.662 s - in com.artipie.asto.StorageSizeTest
[INFO] Running com.artipie.asto.memory.BenchmarkStorageExistsTest
[INFO] Tests run: 3, Failures: 0, Errors: 0, Skipped: 0, Time elapsed: 0.005 s - in com.artipie.asto.memory.BenchmarkStorageExistsTest
[INFO] Running com.artipie.asto.StorageDeleteTest


  .-')              _   .-')                           .-. .-')  
 ( OO ).           ( '.( OO )_                         \  ( OO ) 
(_)---\_) .-----.   ,--.   ,--.).-'),-----.    .-----. ,--. ,--. 
/    _ | /  -.   \  |   `.'   |( OO'  .-.  '  '  .--./ |  .'   / 
\  :` `. '-' _'  |  |         |/   |  | |  |  |  |('-. |      /, 
 '..`''.)   |_  <   |  |'.'|  |\_) |  |\|  | /_) |OO  )|     ' _)
.-._)   \.-.  |  |  |  |   |  |  \ |  | |  | ||  |`-'| |  .   \  
\       /\ `-'   /  |  |   |  |   `'  '-'  '(_'  '--'\ |  |\   \ 
 `-----'  `----''   `--'   `--'     `-----'    `-----' `--' '--' 



2023-01-13 14:33:10.812  INFO 14580 --- [           main] o.a.maven.surefire.booter.ForkedBooter   : Starting ForkedBooter v2.22.2 on repairnator with PID 14580 (started by gabsko in /home/gabsko/breaking-updates)
2023-01-13 14:33:10.812  INFO 14580 --- [           main] o.a.maven.surefire.booter.ForkedBooter   : No active profile set, falling back to default profiles: default
2023-01-13 14:33:10.912  INFO 14580 --- [           main] o.s.b.w.e.j.JettyServletWebServerFactory : Server initialized with port: 0
2023-01-13 14:33:10.913  INFO 14580 --- [           main] org.eclipse.jetty.server.Server          : jetty-9.4.42.v20210604; built: 2021-06-04T17:33:38.939Z; git: 5cd5e6d2375eeab146813b0de9f19eda6ab6e6cb; jvm 11.0.17+8-post-Ubuntu-1ubuntu218.04
2023-01-13 14:33:10.914  INFO 14580 --- [           main] o.e.j.s.h.ContextHandler.application     : Initializing Spring embedded WebApplicationContext
2023-01-13 14:33:10.914  INFO 14580 --- [           main] w.s.c.ServletWebServerApplicationContext : Root WebApplicationContext: initialization completed in 100 ms
2023-01-13 14:33:10.926  INFO 14580 --- [           main] org.eclipse.jetty.server.session         : DefaultSessionIdManager workerName=node0
2023-01-13 14:33:10.926  INFO 14580 --- [           main] org.eclipse.jetty.server.session         : No SessionScavenger set, using defaults
2023-01-13 14:33:10.926  INFO 14580 --- [           main] org.eclipse.jetty.server.session         : node0 Scavenging every 660000ms
2023-01-13 14:33:10.927  INFO 14580 --- [           main] o.e.jetty.server.handler.ContextHandler  : Started o.s.b.w.e.j.JettyEmbeddedWebAppContext@7b423f90{application,/,[file:///tmp/jetty-docbase.0.6017582634410304855/],AVAILABLE}
2023-01-13 14:33:10.927  INFO 14580 --- [           main] org.eclipse.jetty.server.Server          : Started @5086ms
2023-01-13 14:33:10.931  INFO 14580 --- [           main] c.adobe.testing.s3mock.domain.FileStore  : Using "/tmp/s3mockFileStore1673620390931" as root folder. Will retain files on exit: false
2023-01-13 14:33:10.932  INFO 14580 --- [           main] c.a.testing.s3mock.FileStoreController   : Creating initial buckets: []
2023-01-13 14:33:10.958  INFO 14580 --- [           main] o.s.s.concurrent.ThreadPoolTaskExecutor  : Initializing ExecutorService 'applicationTaskExecutor'
2023-01-13 14:33:10.982  INFO 14580 --- [           main] o.e.j.s.h.ContextHandler.application     : Initializing Spring DispatcherServlet 'dispatcherServlet'
2023-01-13 14:33:10.983  INFO 14580 --- [           main] o.s.web.servlet.DispatcherServlet        : Initializing Servlet 'dispatcherServlet'
2023-01-13 14:33:10.983  INFO 14580 --- [           main] o.s.web.servlet.DispatcherServlet        : Completed initialization in 0 ms
2023-01-13 14:33:11.088  INFO 14580 --- [           main] o.e.jetty.util.ssl.SslContextFactory     : x509=X509@31de27c(selfsigned,h=[unknown],a=[],w=[]) for Server@7ebfe01a[provider=null,keyStore=jar:file:/home/gabsko/.m2/repository/com/adobe/testing/s3mock/2.2.3/s3mock-2.2.3.jar!/s3mock.jks,trustStore=null]
2023-01-13 14:33:11.131  INFO 14580 --- [           main] o.e.jetty.server.AbstractConnector       : Started SslValidatingServerConnector@4037cdb0{SSL, (ssl, http/1.1)}{0.0.0.0:41735}
2023-01-13 14:33:11.136  INFO 14580 --- [           main] o.e.jetty.server.AbstractConnector       : Started ServerConnector@9499643{HTTP/1.1, (http/1.1)}{0.0.0.0:40337}
2023-01-13 14:33:11.136  INFO 14580 --- [           main] o.s.b.web.embedded.jetty.JettyWebServer  : Jetty started on port(s) 41735 (ssl, http/1.1), 40337 (http/1.1) with context path '/'
2023-01-13 14:33:11.138  INFO 14580 --- [           main] o.a.maven.surefire.booter.ForkedBooter   : Started ForkedBooter in 0.35 seconds (JVM running for 5.298)
2023-01-13 14:33:11.410  INFO 14580 --- [           main] o.e.jetty.server.AbstractConnector       : Stopped SslValidatingServerConnector@4037cdb0{SSL, (ssl, http/1.1)}{0.0.0.0:0}
2023-01-13 14:33:11.415  INFO 14580 --- [           main] o.e.jetty.server.AbstractConnector       : Stopped ServerConnector@9499643{HTTP/1.1, (http/1.1)}{0.0.0.0:0}
2023-01-13 14:33:11.415  INFO 14580 --- [           main] org.eclipse.jetty.server.session         : node0 Stopped scavenging
2023-01-13 14:33:11.416  INFO 14580 --- [           main] o.e.j.s.h.ContextHandler.application     : Destroying Spring FrameworkServlet 'dispatcherServlet'
2023-01-13 14:33:11.416  INFO 14580 --- [           main] o.e.jetty.server.handler.ContextHandler  : Stopped o.s.b.w.e.j.JettyEmbeddedWebAppContext@7b423f90{application,/,[file:///tmp/jetty-docbase.0.6017582634410304855/],STOPPED}
2023-01-13 14:33:11.417  INFO 14580 --- [           main] o.s.s.concurrent.ThreadPoolTaskExecutor  : Shutting down ExecutorService 'applicationTaskExecutor'
[INFO] Tests run: 18, Failures: 0, Errors: 0, Skipped: 0, Time elapsed: 0.627 s - in com.artipie.asto.StorageDeleteTest
[INFO] Running com.artipie.asto.memory.BenchmarkStorageSizeTest
[INFO] Tests run: 3, Failures: 0, Errors: 0, Skipped: 0, Time elapsed: 0 s - in com.artipie.asto.memory.BenchmarkStorageSizeTest
[INFO] Running com.artipie.asto.memory.BenchmarkStorageMoveTest
[INFO] Tests run: 5, Failures: 0, Errors: 0, Skipped: 0, Time elapsed: 0.001 s - in com.artipie.asto.memory.BenchmarkStorageMoveTest
[INFO] Running com.artipie.asto.ext.ContentAsTest
[INFO] Tests run: 3, Failures: 0, Errors: 0, Skipped: 0, Time elapsed: 0.001 s - in com.artipie.asto.ext.ContentAsTest
[INFO] Running com.artipie.asto.StorageMoveTest


  .-')              _   .-')                           .-. .-')  
 ( OO ).           ( '.( OO )_                         \  ( OO ) 
(_)---\_) .-----.   ,--.   ,--.).-'),-----.    .-----. ,--. ,--. 
/    _ | /  -.   \  |   `.'   |( OO'  .-.  '  '  .--./ |  .'   / 
\  :` `. '-' _'  |  |         |/   |  | |  |  |  |('-. |      /, 
 '..`''.)   |_  <   |  |'.'|  |\_) |  |\|  | /_) |OO  )|     ' _)
.-._)   \.-.  |  |  |  |   |  |  \ |  | |  | ||  |`-'| |  .   \  
\       /\ `-'   /  |  |   |  |   `'  '-'  '(_'  '--'\ |  |\   \ 
 `-----'  `----''   `--'   `--'     `-----'    `-----' `--' '--' 



2023-01-13 14:33:11.454  INFO 14580 --- [           main] o.a.maven.surefire.booter.ForkedBooter   : Starting ForkedBooter v2.22.2 on repairnator with PID 14580 (started by gabsko in /home/gabsko/breaking-updates)
2023-01-13 14:33:11.454  INFO 14580 --- [           main] o.a.maven.surefire.booter.ForkedBooter   : No active profile set, falling back to default profiles: default
2023-01-13 14:33:11.574  INFO 14580 --- [           main] o.s.b.w.e.j.JettyServletWebServerFactory : Server initialized with port: 0
2023-01-13 14:33:11.574  INFO 14580 --- [           main] org.eclipse.jetty.server.Server          : jetty-9.4.42.v20210604; built: 2021-06-04T17:33:38.939Z; git: 5cd5e6d2375eeab146813b0de9f19eda6ab6e6cb; jvm 11.0.17+8-post-Ubuntu-1ubuntu218.04
2023-01-13 14:33:11.576  INFO 14580 --- [           main] o.e.j.s.h.ContextHandler.application     : Initializing Spring embedded WebApplicationContext
2023-01-13 14:33:11.576  INFO 14580 --- [           main] w.s.c.ServletWebServerApplicationContext : Root WebApplicationContext: initialization completed in 120 ms
2023-01-13 14:33:11.582  INFO 14580 --- [           main] org.eclipse.jetty.server.session         : DefaultSessionIdManager workerName=node0
2023-01-13 14:33:11.582  INFO 14580 --- [           main] org.eclipse.jetty.server.session         : No SessionScavenger set, using defaults
2023-01-13 14:33:11.582  INFO 14580 --- [           main] org.eclipse.jetty.server.session         : node0 Scavenging every 660000ms
2023-01-13 14:33:11.582  INFO 14580 --- [           main] o.e.jetty.server.handler.ContextHandler  : Started o.s.b.w.e.j.JettyEmbeddedWebAppContext@364c93e6{application,/,[file:///tmp/jetty-docbase.0.13875574672052293241/],AVAILABLE}
2023-01-13 14:33:11.583  INFO 14580 --- [           main] org.eclipse.jetty.server.Server          : Started @5742ms
2023-01-13 14:33:11.585  INFO 14580 --- [           main] c.adobe.testing.s3mock.domain.FileStore  : Using "/tmp/s3mockFileStore1673620391585" as root folder. Will retain files on exit: false
2023-01-13 14:33:11.586  INFO 14580 --- [           main] c.a.testing.s3mock.FileStoreController   : Creating initial buckets: []
2023-01-13 14:33:11.611  INFO 14580 --- [           main] o.s.s.concurrent.ThreadPoolTaskExecutor  : Initializing ExecutorService 'applicationTaskExecutor'
2023-01-13 14:33:11.634  INFO 14580 --- [           main] o.e.j.s.h.ContextHandler.application     : Initializing Spring DispatcherServlet 'dispatcherServlet'
2023-01-13 14:33:11.635  INFO 14580 --- [           main] o.s.web.servlet.DispatcherServlet        : Initializing Servlet 'dispatcherServlet'
2023-01-13 14:33:11.635  INFO 14580 --- [           main] o.s.web.servlet.DispatcherServlet        : Completed initialization in 0 ms
2023-01-13 14:33:11.743  INFO 14580 --- [           main] o.e.jetty.util.ssl.SslContextFactory     : x509=X509@7c8f803d(selfsigned,h=[unknown],a=[],w=[]) for Server@176e839e[provider=null,keyStore=jar:file:/home/gabsko/.m2/repository/com/adobe/testing/s3mock/2.2.3/s3mock-2.2.3.jar!/s3mock.jks,trustStore=null]
2023-01-13 14:33:11.785  INFO 14580 --- [           main] o.e.jetty.server.AbstractConnector       : Started SslValidatingServerConnector@75345e47{SSL, (ssl, http/1.1)}{0.0.0.0:36797}
2023-01-13 14:33:11.789  INFO 14580 --- [           main] o.e.jetty.server.AbstractConnector       : Started ServerConnector@7c47b0f8{HTTP/1.1, (http/1.1)}{0.0.0.0:45203}
2023-01-13 14:33:11.790  INFO 14580 --- [           main] o.s.b.web.embedded.jetty.JettyWebServer  : Jetty started on port(s) 36797 (ssl, http/1.1), 45203 (http/1.1) with context path '/'
2023-01-13 14:33:11.794  INFO 14580 --- [           main] o.a.maven.surefire.booter.ForkedBooter   : Started ForkedBooter in 0.354 seconds (JVM running for 5.953)
2023-01-13 14:33:12.286  INFO 14580 --- [           main] o.e.jetty.server.AbstractConnector       : Stopped SslValidatingServerConnector@75345e47{SSL, (ssl, http/1.1)}{0.0.0.0:0}
2023-01-13 14:33:12.290  INFO 14580 --- [           main] o.e.jetty.server.AbstractConnector       : Stopped ServerConnector@7c47b0f8{HTTP/1.1, (http/1.1)}{0.0.0.0:0}
2023-01-13 14:33:12.290  INFO 14580 --- [           main] org.eclipse.jetty.server.session         : node0 Stopped scavenging
2023-01-13 14:33:12.291  INFO 14580 --- [           main] o.e.j.s.h.ContextHandler.application     : Destroying Spring FrameworkServlet 'dispatcherServlet'
2023-01-13 14:33:12.291  INFO 14580 --- [           main] o.e.jetty.server.handler.ContextHandler  : Stopped o.s.b.w.e.j.JettyEmbeddedWebAppContext@364c93e6{application,/,[file:///tmp/jetty-docbase.0.13875574672052293241/],STOPPED}
2023-01-13 14:33:12.292  INFO 14580 --- [           main] o.s.s.concurrent.ThreadPoolTaskExecutor  : Shutting down ExecutorService 'applicationTaskExecutor'
[INFO] Tests run: 18, Failures: 0, Errors: 0, Skipped: 0, Time elapsed: 0.853 s - in com.artipie.asto.StorageMoveTest
[INFO] Running com.artipie.asto.memory.InMemoryStorageTest
[INFO] Tests run: 1, Failures: 0, Errors: 0, Skipped: 0, Time elapsed: 0.1 s - in com.artipie.asto.memory.InMemoryStorageTest
[INFO] Running com.artipie.asto.ext.DigestsTest
[INFO] Tests run: 9, Failures: 0, Errors: 0, Skipped: 0, Time elapsed: 0.065 s - in com.artipie.asto.ext.DigestsTest
[INFO] Running com.artipie.asto.StorageExclusivelyTest


  .-')              _   .-')                           .-. .-')  
 ( OO ).           ( '.( OO )_                         \  ( OO ) 
(_)---\_) .-----.   ,--.   ,--.).-'),-----.    .-----. ,--. ,--. 
/    _ | /  -.   \  |   `.'   |( OO'  .-.  '  '  .--./ |  .'   / 
\  :` `. '-' _'  |  |         |/   |  | |  |  |  |('-. |      /, 
 '..`''.)   |_  <   |  |'.'|  |\_) |  |\|  | /_) |OO  )|     ' _)
.-._)   \.-.  |  |  |  |   |  |  \ |  | |  | ||  |`-'| |  .   \  
\       /\ `-'   /  |  |   |  |   `'  '-'  '(_'  '--'\ |  |\   \ 
 `-----'  `----''   `--'   `--'     `-----'    `-----' `--' '--' 



2023-01-13 14:33:12.481  INFO 14580 --- [           main] o.a.maven.surefire.booter.ForkedBooter   : Starting ForkedBooter v2.22.2 on repairnator with PID 14580 (started by gabsko in /home/gabsko/breaking-updates)
2023-01-13 14:33:12.481  INFO 14580 --- [           main] o.a.maven.surefire.booter.ForkedBooter   : No active profile set, falling back to default profiles: default
2023-01-13 14:33:12.576  INFO 14580 --- [           main] o.s.b.w.e.j.JettyServletWebServerFactory : Server initialized with port: 0
2023-01-13 14:33:12.577  INFO 14580 --- [           main] org.eclipse.jetty.server.Server          : jetty-9.4.42.v20210604; built: 2021-06-04T17:33:38.939Z; git: 5cd5e6d2375eeab146813b0de9f19eda6ab6e6cb; jvm 11.0.17+8-post-Ubuntu-1ubuntu218.04
2023-01-13 14:33:12.578  INFO 14580 --- [           main] o.e.j.s.h.ContextHandler.application     : Initializing Spring embedded WebApplicationContext
2023-01-13 14:33:12.578  INFO 14580 --- [           main] w.s.c.ServletWebServerApplicationContext : Root WebApplicationContext: initialization completed in 96 ms
2023-01-13 14:33:12.584  INFO 14580 --- [           main] org.eclipse.jetty.server.session         : DefaultSessionIdManager workerName=node0
2023-01-13 14:33:12.584  INFO 14580 --- [           main] org.eclipse.jetty.server.session         : No SessionScavenger set, using defaults
2023-01-13 14:33:12.584  INFO 14580 --- [           main] org.eclipse.jetty.server.session         : node0 Scavenging every 660000ms
2023-01-13 14:33:12.584  INFO 14580 --- [           main] o.e.jetty.server.handler.ContextHandler  : Started o.s.b.w.e.j.JettyEmbeddedWebAppContext@4930213b{application,/,[file:///tmp/jetty-docbase.0.9037539455193489237/],AVAILABLE}
2023-01-13 14:33:12.585  INFO 14580 --- [           main] org.eclipse.jetty.server.Server          : Started @6744ms
2023-01-13 14:33:12.590  INFO 14580 --- [           main] c.adobe.testing.s3mock.domain.FileStore  : Using "/tmp/s3mockFileStore1673620392590" as root folder. Will retain files on exit: false
2023-01-13 14:33:12.592  INFO 14580 --- [           main] c.a.testing.s3mock.FileStoreController   : Creating initial buckets: []
2023-01-13 14:33:12.625  INFO 14580 --- [           main] o.s.s.concurrent.ThreadPoolTaskExecutor  : Initializing ExecutorService 'applicationTaskExecutor'
2023-01-13 14:33:12.645  INFO 14580 --- [           main] o.e.j.s.h.ContextHandler.application     : Initializing Spring DispatcherServlet 'dispatcherServlet'
2023-01-13 14:33:12.645  INFO 14580 --- [           main] o.s.web.servlet.DispatcherServlet        : Initializing Servlet 'dispatcherServlet'
2023-01-13 14:33:12.646  INFO 14580 --- [           main] o.s.web.servlet.DispatcherServlet        : Completed initialization in 1 ms
2023-01-13 14:33:12.760  INFO 14580 --- [           main] o.e.jetty.util.ssl.SslContextFactory     : x509=X509@6f926d01(selfsigned,h=[unknown],a=[],w=[]) for Server@c67a89[provider=null,keyStore=jar:file:/home/gabsko/.m2/repository/com/adobe/testing/s3mock/2.2.3/s3mock-2.2.3.jar!/s3mock.jks,trustStore=null]
2023-01-13 14:33:12.807  INFO 14580 --- [           main] o.e.jetty.server.AbstractConnector       : Started SslValidatingServerConnector@443b6765{SSL, (ssl, http/1.1)}{0.0.0.0:41447}
2023-01-13 14:33:12.811  INFO 14580 --- [           main] o.e.jetty.server.AbstractConnector       : Started ServerConnector@4c6eaa65{HTTP/1.1, (http/1.1)}{0.0.0.0:43213}
2023-01-13 14:33:12.811  INFO 14580 --- [           main] o.s.b.web.embedded.jetty.JettyWebServer  : Jetty started on port(s) 41447 (ssl, http/1.1), 43213 (http/1.1) with context path '/'
2023-01-13 14:33:12.812  INFO 14580 --- [           main] o.a.maven.surefire.booter.ForkedBooter   : Started ForkedBooter in 0.342 seconds (JVM running for 6.972)
2023-01-13 14:33:12.979  INFO 14580 --- [Pool-worker-101] com.artipie.asto.fs.FileStorage          : Found 1 objects by the prefix ".artipie-locks/shouldRunExclusivelyWhenPrevFinishedWithSyncFailure" in /tmp/junit16818448262053655880 by /tmp/junit16818448262053655880/.artipie-locks/shouldRunExclusivelyWhenPrevFinishedWithSyncFailure: [.artipie-locks/shouldRunExclusivelyWhenPrevFinishedWithSyncFailure/e5c6dc1f-394b-4e73-ac22-4ef031e3f55d]
2023-01-13 14:33:12.984  INFO 14580 --- [Pool-worker-115] com.artipie.asto.fs.FileStorage          : Found 1 objects by the prefix ".artipie-locks/shouldRunExclusivelyWhenPrevFinishedWithSyncFailure" in /tmp/junit16818448262053655880 by /tmp/junit16818448262053655880/.artipie-locks/shouldRunExclusivelyWhenPrevFinishedWithSyncFailure: [.artipie-locks/shouldRunExclusivelyWhenPrevFinishedWithSyncFailure/d4406287-d0db-46ef-a798-c80a78ea7466]
2023-01-13 14:33:12.994  INFO 14580 --- [worker-thread-1] com.artipie.asto.fs.VertxFileStorage     : Found 1 objects by the prefix ".artipie-locks/shouldRunExclusivelyWhenPrevFinishedWithSyncFailure" in /tmp/vtxjunit3581915173537661500 by /tmp/vtxjunit3581915173537661500/.artipie-locks/shouldRunExclusivelyWhenPrevFinishedWithSyncFailure: [.artipie-locks/shouldRunExclusivelyWhenPrevFinishedWithSyncFailure/7d5f65bc-4f8d-4849-a6bb-d7d5d0366ddd]
2023-01-13 14:33:13.000  INFO 14580 --- [worker-thread-3] com.artipie.asto.fs.VertxFileStorage     : Found 1 objects by the prefix ".artipie-locks/shouldRunExclusivelyWhenPrevFinishedWithSyncFailure" in /tmp/vtxjunit3581915173537661500 by /tmp/vtxjunit3581915173537661500/.artipie-locks/shouldRunExclusivelyWhenPrevFinishedWithSyncFailure: [.artipie-locks/shouldRunExclusivelyWhenPrevFinishedWithSyncFailure/d0429729-f88e-407d-a806-76b43c6729f3]
2023-01-13 14:33:13.153  INFO 14580 --- [Pool-worker-115] com.artipie.asto.fs.FileStorage          : Found 1 objects by the prefix ".artipie-locks/shouldFailConcurrentExclusivelyForSameKey" in /tmp/junit11623039632864251965 by /tmp/junit11623039632864251965/.artipie-locks/shouldFailConcurrentExclusivelyForSameKey: [.artipie-locks/shouldFailConcurrentExclusivelyForSameKey/badd716a-f1d2-4af8-9484-4decc3c09ad3]
2023-01-13 14:33:13.156  INFO 14580 --- [Pool-worker-115] com.artipie.asto.fs.FileStorage          : Found 2 objects by the prefix ".artipie-locks/shouldFailConcurrentExclusivelyForSameKey" in /tmp/junit11623039632864251965 by /tmp/junit11623039632864251965/.artipie-locks/shouldFailConcurrentExclusivelyForSameKey: [.artipie-locks/shouldFailConcurrentExclusivelyForSameKey/81687dae-5400-417e-b9a7-80de1bd311ba, .artipie-locks/shouldFailConcurrentExclusivelyForSameKey/badd716a-f1d2-4af8-9484-4decc3c09ad3]
2023-01-13 14:33:13.168  INFO 14580 --- [worker-thread-5] com.artipie.asto.fs.VertxFileStorage     : Found 1 objects by the prefix ".artipie-locks/shouldFailConcurrentExclusivelyForSameKey" in /tmp/vtxjunit8526936069271107422 by /tmp/vtxjunit8526936069271107422/.artipie-locks/shouldFailConcurrentExclusivelyForSameKey: [.artipie-locks/shouldFailConcurrentExclusivelyForSameKey/94260038-0c08-4518-b436-03ceccbdd988]
2023-01-13 14:33:13.174  INFO 14580 --- [worker-thread-7] com.artipie.asto.fs.VertxFileStorage     : Found 2 objects by the prefix ".artipie-locks/shouldFailConcurrentExclusivelyForSameKey" in /tmp/vtxjunit8526936069271107422 by /tmp/vtxjunit8526936069271107422/.artipie-locks/shouldFailConcurrentExclusivelyForSameKey: [.artipie-locks/shouldFailConcurrentExclusivelyForSameKey/10855f3d-c387-43f9-a014-5b0838bf23c6, .artipie-locks/shouldFailConcurrentExclusivelyForSameKey/94260038-0c08-4518-b436-03ceccbdd988]
2023-01-13 14:33:13.347  INFO 14580 --- [Pool-worker-101] com.artipie.asto.fs.FileStorage          : Found 1 objects by the prefix ".artipie-locks/shouldRunExclusivelyForDiffKey-1" in /tmp/junit7484995360355186576 by /tmp/junit7484995360355186576/.artipie-locks/shouldRunExclusivelyForDiffKey-1: [.artipie-locks/shouldRunExclusivelyForDiffKey-1/afe50993-ccab-4040-bbe4-2738ded660d9]
2023-01-13 14:33:13.350  INFO 14580 --- [Pool-worker-101] com.artipie.asto.fs.FileStorage          : Found 1 objects by the prefix ".artipie-locks/shouldRunExclusivelyForDiffKey-2" in /tmp/junit7484995360355186576 by /tmp/junit7484995360355186576/.artipie-locks/shouldRunExclusivelyForDiffKey-2: [.artipie-locks/shouldRunExclusivelyForDiffKey-2/9fae899d-e40e-4ff2-be8c-b355bf47ebcc]
2023-01-13 14:33:13.358  INFO 14580 --- [orker-thread-10] com.artipie.asto.fs.VertxFileStorage     : Found 1 objects by the prefix ".artipie-locks/shouldRunExclusivelyForDiffKey-1" in /tmp/vtxjunit15034436406736498485 by /tmp/vtxjunit15034436406736498485/.artipie-locks/shouldRunExclusivelyForDiffKey-1: [.artipie-locks/shouldRunExclusivelyForDiffKey-1/bdf550f4-80a5-43c2-a806-414e8720d3df]
2023-01-13 14:33:13.363  INFO 14580 --- [orker-thread-12] com.artipie.asto.fs.VertxFileStorage     : Found 1 objects by the prefix ".artipie-locks/shouldRunExclusivelyForDiffKey-2" in /tmp/vtxjunit15034436406736498485 by /tmp/vtxjunit15034436406736498485/.artipie-locks/shouldRunExclusivelyForDiffKey-2: [.artipie-locks/shouldRunExclusivelyForDiffKey-2/1b86000c-02ee-45d6-b519-804806f4d471]
2023-01-13 14:33:13.505  INFO 14580 --- [Pool-worker-101] com.artipie.asto.fs.FileStorage          : Found 1 objects by the prefix ".artipie-locks/shouldRunExclusivelyWhenPrevFinishedWithAsyncFailure" in /tmp/junit7075966390409149052 by /tmp/junit7075966390409149052/.artipie-locks/shouldRunExclusivelyWhenPrevFinishedWithAsyncFailure: [.artipie-locks/shouldRunExclusivelyWhenPrevFinishedWithAsyncFailure/d3f693ca-ee61-48ae-b25e-b75f3dabee84]
2023-01-13 14:33:13.508  INFO 14580 --- [Pool-worker-101] com.artipie.asto.fs.FileStorage          : Found 1 objects by the prefix ".artipie-locks/shouldRunExclusivelyWhenPrevFinishedWithAsyncFailure" in /tmp/junit7075966390409149052 by /tmp/junit7075966390409149052/.artipie-locks/shouldRunExclusivelyWhenPrevFinishedWithAsyncFailure: [.artipie-locks/shouldRunExclusivelyWhenPrevFinishedWithAsyncFailure/efaf5132-c6ed-4ee8-9b89-e17bc3dd317c]
2023-01-13 14:33:13.515  INFO 14580 --- [orker-thread-14] com.artipie.asto.fs.VertxFileStorage     : Found 1 objects by the prefix ".artipie-locks/shouldRunExclusivelyWhenPrevFinishedWithAsyncFailure" in /tmp/vtxjunit2965382888648097583 by /tmp/vtxjunit2965382888648097583/.artipie-locks/shouldRunExclusivelyWhenPrevFinishedWithAsyncFailure: [.artipie-locks/shouldRunExclusivelyWhenPrevFinishedWithAsyncFailure/39d8a6e0-59a1-49ad-ac27-e4ff35af36e4]
2023-01-13 14:33:13.520  INFO 14580 --- [orker-thread-16] com.artipie.asto.fs.VertxFileStorage     : Found 1 objects by the prefix ".artipie-locks/shouldRunExclusivelyWhenPrevFinishedWithAsyncFailure" in /tmp/vtxjunit2965382888648097583 by /tmp/vtxjunit2965382888648097583/.artipie-locks/shouldRunExclusivelyWhenPrevFinishedWithAsyncFailure: [.artipie-locks/shouldRunExclusivelyWhenPrevFinishedWithAsyncFailure/02ceae06-fcb6-406e-aa51-76129d31dbf4]
2023-01-13 14:33:13.633  INFO 14580 --- [Pool-worker-101] com.artipie.asto.fs.FileStorage          : Found 1 objects by the prefix ".artipie-locks/shouldRunExclusivelyWhenPrevFinished" in /tmp/junit954009332332122962 by /tmp/junit954009332332122962/.artipie-locks/shouldRunExclusivelyWhenPrevFinished: [.artipie-locks/shouldRunExclusivelyWhenPrevFinished/18d26d06-bc65-4907-b7eb-72be9870bab6]
2023-01-13 14:33:13.635  INFO 14580 --- [Pool-worker-101] com.artipie.asto.fs.FileStorage          : Found 1 objects by the prefix ".artipie-locks/shouldRunExclusivelyWhenPrevFinished" in /tmp/junit954009332332122962 by /tmp/junit954009332332122962/.artipie-locks/shouldRunExclusivelyWhenPrevFinished: [.artipie-locks/shouldRunExclusivelyWhenPrevFinished/63a4e7f3-7508-4849-936e-e3d596d8c2c3]
2023-01-13 14:33:13.642  INFO 14580 --- [orker-thread-18] com.artipie.asto.fs.VertxFileStorage     : Found 1 objects by the prefix ".artipie-locks/shouldRunExclusivelyWhenPrevFinished" in /tmp/vtxjunit6612118203199678390 by /tmp/vtxjunit6612118203199678390/.artipie-locks/shouldRunExclusivelyWhenPrevFinished: [.artipie-locks/shouldRunExclusivelyWhenPrevFinished/39c46f51-c219-4905-8f81-59b883aff12e]
2023-01-13 14:33:13.645  INFO 14580 --- [worker-thread-0] com.artipie.asto.fs.VertxFileStorage     : Found 1 objects by the prefix ".artipie-locks/shouldRunExclusivelyWhenPrevFinished" in /tmp/vtxjunit6612118203199678390 by /tmp/vtxjunit6612118203199678390/.artipie-locks/shouldRunExclusivelyWhenPrevFinished: [.artipie-locks/shouldRunExclusivelyWhenPrevFinished/0859aaac-272b-492f-8fc6-18eec848c9e9]
2023-01-13 14:33:13.651  INFO 14580 --- [           main] o.e.jetty.server.AbstractConnector       : Stopped SslValidatingServerConnector@443b6765{SSL, (ssl, http/1.1)}{0.0.0.0:0}
2023-01-13 14:33:13.655  INFO 14580 --- [           main] o.e.jetty.server.AbstractConnector       : Stopped ServerConnector@4c6eaa65{HTTP/1.1, (http/1.1)}{0.0.0.0:0}
2023-01-13 14:33:13.655  INFO 14580 --- [           main] org.eclipse.jetty.server.session         : node0 Stopped scavenging
2023-01-13 14:33:13.655  INFO 14580 --- [           main] o.e.j.s.h.ContextHandler.application     : Destroying Spring FrameworkServlet 'dispatcherServlet'
2023-01-13 14:33:13.655  INFO 14580 --- [           main] o.e.jetty.server.handler.ContextHandler  : Stopped o.s.b.w.e.j.JettyEmbeddedWebAppContext@4930213b{application,/,[file:///tmp/jetty-docbase.0.9037539455193489237/],STOPPED}
2023-01-13 14:33:13.656  INFO 14580 --- [           main] o.s.s.concurrent.ThreadPoolTaskExecutor  : Shutting down ExecutorService 'applicationTaskExecutor'
[INFO] Tests run: 30, Failures: 0, Errors: 0, Skipped: 0, Time elapsed: 1.185 s - in com.artipie.asto.StorageExclusivelyTest
[INFO] Running com.artipie.asto.ext.ContentDigestTest
[INFO] Tests run: 1, Failures: 0, Errors: 0, Skipped: 0, Time elapsed: 0.008 s - in com.artipie.asto.ext.ContentDigestTest
[INFO] Running com.artipie.asto.fs.FileMetaTest
[INFO] Tests run: 1, Failures: 0, Errors: 0, Skipped: 0, Time elapsed: 0.314 s - in com.artipie.asto.fs.FileMetaTest
[INFO] Running com.artipie.asto.test.TestResourceTest
2023-01-13 14:33:13.998  INFO 14580 --- [Pool-worker-101] com.artipie.asto.fs.FileStorage          : Found 2 objects by the prefix "" in /home/gabsko/breaking-updates/target/test-classes/folder by /home/gabsko/breaking-updates/target/test-classes/folder: [one.txt, two.txt]
[INFO] Tests run: 6, Failures: 0, Errors: 0, Skipped: 0, Time elapsed: 0.008 s - in com.artipie.asto.test.TestResourceTest
[INFO] Running com.artipie.asto.misc.UncheckedFuncTest
[INFO] Tests run: 2, Failures: 0, Errors: 0, Skipped: 0, Time elapsed: 0 s - in com.artipie.asto.misc.UncheckedFuncTest
[INFO] Running com.artipie.asto.streams.StorageValuePipelineTest
[INFO] Tests run: 5, Failures: 0, Errors: 0, Skipped: 0, Time elapsed: 0.005 s - in com.artipie.asto.streams.StorageValuePipelineTest
[INFO] Running com.artipie.asto.ContentTest
[INFO] Tests run: 2, Failures: 0, Errors: 0, Skipped: 0, Time elapsed: 0.001 s - in com.artipie.asto.ContentTest
[INFO] Running com.artipie.asto.misc.UncheckedConsumerTest
[INFO] Tests run: 2, Failures: 0, Errors: 0, Skipped: 0, Time elapsed: 0 s - in com.artipie.asto.misc.UncheckedConsumerTest
[INFO] Running com.artipie.asto.FileStorageTest
2023-01-13 14:33:14.036  INFO 14580 --- [Pool-worker-101] com.artipie.asto.fs.FileStorage          : Found 0 objects by the prefix "" in /tmp/junit354141797516739651 by /tmp/junit354141797516739651: []
[WARNING] Tests run: 10, Failures: 0, Errors: 0, Skipped: 1, Time elapsed: 0.013 s - in com.artipie.asto.FileStorageTest
[INFO] Running com.artipie.asto.LoggingStorageTest
[INFO] Tests run: 5, Failures: 0, Errors: 0, Skipped: 0, Time elapsed: 0.006 s - in com.artipie.asto.LoggingStorageTest
[INFO] Running com.artipie.asto.misc.UncheckedSupplierTest
[INFO] Tests run: 2, Failures: 0, Errors: 0, Skipped: 0, Time elapsed: 0 s - in com.artipie.asto.misc.UncheckedSupplierTest
[INFO] Running com.artipie.asto.s3.InternalExceptionHandleTest
[INFO] Tests run: 3, Failures: 0, Errors: 0, Skipped: 0, Time elapsed: 0.007 s - in com.artipie.asto.s3.InternalExceptionHandleTest
[INFO] Running com.artipie.asto.s3.BucketTest


  .-')              _   .-')                           .-. .-')  
 ( OO ).           ( '.( OO )_                         \  ( OO ) 
(_)---\_) .-----.   ,--.   ,--.).-'),-----.    .-----. ,--. ,--. 
/    _ | /  -.   \  |   `.'   |( OO'  .-.  '  '  .--./ |  .'   / 
\  :` `. '-' _'  |  |         |/   |  | |  |  |  |('-. |      /, 
 '..`''.)   |_  <   |  |'.'|  |\_) |  |\|  | /_) |OO  )|     ' _)
.-._)   \.-.  |  |  |  |   |  |  \ |  | |  | ||  |`-'| |  .   \  
\       /\ `-'   /  |  |   |  |   `'  '-'  '(_'  '--'\ |  |\   \ 
 `-----'  `----''   `--'   `--'     `-----'    `-----' `--' '--' 



2023-01-13 14:33:14.098  INFO 14580 --- [           main] o.a.maven.surefire.booter.ForkedBooter   : Starting ForkedBooter v2.22.2 on repairnator with PID 14580 (started by gabsko in /home/gabsko/breaking-updates)
2023-01-13 14:33:14.098  INFO 14580 --- [           main] o.a.maven.surefire.booter.ForkedBooter   : No active profile set, falling back to default profiles: default
2023-01-13 14:33:14.220  INFO 14580 --- [           main] o.s.b.w.e.j.JettyServletWebServerFactory : Server initialized with port: 0
2023-01-13 14:33:14.221  INFO 14580 --- [           main] org.eclipse.jetty.server.Server          : jetty-9.4.42.v20210604; built: 2021-06-04T17:33:38.939Z; git: 5cd5e6d2375eeab146813b0de9f19eda6ab6e6cb; jvm 11.0.17+8-post-Ubuntu-1ubuntu218.04
2023-01-13 14:33:14.222  INFO 14580 --- [           main] o.e.j.s.h.ContextHandler.application     : Initializing Spring embedded WebApplicationContext
2023-01-13 14:33:14.222  INFO 14580 --- [           main] w.s.c.ServletWebServerApplicationContext : Root WebApplicationContext: initialization completed in 122 ms
2023-01-13 14:33:14.229  INFO 14580 --- [           main] org.eclipse.jetty.server.session         : DefaultSessionIdManager workerName=node0
2023-01-13 14:33:14.229  INFO 14580 --- [           main] org.eclipse.jetty.server.session         : No SessionScavenger set, using defaults
2023-01-13 14:33:14.229  INFO 14580 --- [           main] org.eclipse.jetty.server.session         : node0 Scavenging every 600000ms
2023-01-13 14:33:14.229  INFO 14580 --- [           main] o.e.jetty.server.handler.ContextHandler  : Started o.s.b.w.e.j.JettyEmbeddedWebAppContext@39f5eba4{application,/,[file:///tmp/jetty-docbase.0.3858681392696825791/],AVAILABLE}
2023-01-13 14:33:14.229  INFO 14580 --- [           main] org.eclipse.jetty.server.Server          : Started @8389ms
2023-01-13 14:33:14.232  INFO 14580 --- [           main] c.adobe.testing.s3mock.domain.FileStore  : Using "/tmp/s3mockFileStore1673620394232" as root folder. Will retain files on exit: false
2023-01-13 14:33:14.232  INFO 14580 --- [           main] c.a.testing.s3mock.FileStoreController   : Creating initial buckets: []
2023-01-13 14:33:14.255  INFO 14580 --- [           main] o.s.s.concurrent.ThreadPoolTaskExecutor  : Initializing ExecutorService 'applicationTaskExecutor'
2023-01-13 14:33:14.303  INFO 14580 --- [           main] o.e.j.s.h.ContextHandler.application     : Initializing Spring DispatcherServlet 'dispatcherServlet'
2023-01-13 14:33:14.303  INFO 14580 --- [           main] o.s.web.servlet.DispatcherServlet        : Initializing Servlet 'dispatcherServlet'
2023-01-13 14:33:14.303  INFO 14580 --- [           main] o.s.web.servlet.DispatcherServlet        : Completed initialization in 0 ms
2023-01-13 14:33:14.417  INFO 14580 --- [           main] o.e.jetty.util.ssl.SslContextFactory     : x509=X509@674c01ce(selfsigned,h=[unknown],a=[],w=[]) for Server@4b8ba6b7[provider=null,keyStore=jar:file:/home/gabsko/.m2/repository/com/adobe/testing/s3mock/2.2.3/s3mock-2.2.3.jar!/s3mock.jks,trustStore=null]
2023-01-13 14:33:14.459  INFO 14580 --- [           main] o.e.jetty.server.AbstractConnector       : Started SslValidatingServerConnector@74f9004c{SSL, (ssl, http/1.1)}{0.0.0.0:39065}
2023-01-13 14:33:14.463  INFO 14580 --- [           main] o.e.jetty.server.AbstractConnector       : Started ServerConnector@62ad5f35{HTTP/1.1, (http/1.1)}{0.0.0.0:41537}
2023-01-13 14:33:14.463  INFO 14580 --- [           main] o.s.b.web.embedded.jetty.JettyWebServer  : Jetty started on port(s) 39065 (ssl, http/1.1), 41537 (http/1.1) with context path '/'
2023-01-13 14:33:14.464  INFO 14580 --- [           main] o.a.maven.surefire.booter.ForkedBooter   : Started ForkedBooter in 0.386 seconds (JVM running for 8.624)
2023-01-13 14:33:14.967  INFO 14580 --- [           main] o.e.jetty.server.AbstractConnector       : Stopped SslValidatingServerConnector@74f9004c{SSL, (ssl, http/1.1)}{0.0.0.0:0}
2023-01-13 14:33:14.970  INFO 14580 --- [           main] o.e.jetty.server.AbstractConnector       : Stopped ServerConnector@62ad5f35{HTTP/1.1, (http/1.1)}{0.0.0.0:0}
2023-01-13 14:33:14.971  INFO 14580 --- [           main] org.eclipse.jetty.server.session         : node0 Stopped scavenging
2023-01-13 14:33:14.971  INFO 14580 --- [           main] o.e.j.s.h.ContextHandler.application     : Destroying Spring FrameworkServlet 'dispatcherServlet'
2023-01-13 14:33:14.971  INFO 14580 --- [           main] o.e.jetty.server.handler.ContextHandler  : Stopped o.s.b.w.e.j.JettyEmbeddedWebAppContext@39f5eba4{application,/,[file:///tmp/jetty-docbase.0.3858681392696825791/],STOPPED}
2023-01-13 14:33:14.972  INFO 14580 --- [           main] o.s.s.concurrent.ThreadPoolTaskExecutor  : Shutting down ExecutorService 'applicationTaskExecutor'
[ERROR] Tests run: 2, Failures: 0, Errors: 1, Skipped: 0, Time elapsed: 0.896 s <<< FAILURE! - in com.artipie.asto.s3.BucketTest
[ERROR] shouldUploadPartAndCompleteMultipartUpload{AmazonS3}  Time elapsed: 0.42 s  <<< ERROR!
java.util.concurrent.CompletionException: software.amazon.awssdk.services.s3.model.S3Exception: null (Service: S3, Status Code: 400, Request ID: null)
	at software.amazon.awssdk.utils.CompletableFutureUtils.errorAsCompletionException(CompletableFutureUtils.java:61)
	at software.amazon.awssdk.core.internal.http.pipeline.stages.AsyncExecutionFailureExceptionReportingStage.lambda$execute$0(AsyncExecutionFailureExceptionReportingStage.java:51)
	at java.base/java.util.concurrent.CompletableFuture.uniHandle(CompletableFuture.java:930)
	at java.base/java.util.concurrent.CompletableFuture$UniHandle.tryFire(CompletableFuture.java:907)
	at java.base/java.util.concurrent.CompletableFuture.postComplete(CompletableFuture.java:506)
	at java.base/java.util.concurrent.CompletableFuture.completeExceptionally(CompletableFuture.java:2088)
	at software.amazon.awssdk.utils.CompletableFutureUtils.lambda$forwardExceptionTo$0(CompletableFutureUtils.java:75)
	at java.base/java.util.concurrent.CompletableFuture.uniWhenComplete(CompletableFuture.java:859)
	at java.base/java.util.concurrent.CompletableFuture$UniWhenComplete.tryFire(CompletableFuture.java:837)
	at java.base/java.util.concurrent.CompletableFuture.postComplete(CompletableFuture.java:506)
	at java.base/java.util.concurrent.CompletableFuture.completeExceptionally(CompletableFuture.java:2088)
	at software.amazon.awssdk.core.internal.http.pipeline.stages.AsyncRetryableStage$RetryExecutor.retryResponseIfNeeded(AsyncRetryableStage.java:156)
	at software.amazon.awssdk.core.internal.http.pipeline.stages.AsyncRetryableStage$RetryExecutor.retryIfNeeded(AsyncRetryableStage.java:120)
	at software.amazon.awssdk.core.internal.http.pipeline.stages.AsyncRetryableStage$RetryExecutor.lambda$execute$0(AsyncRetryableStage.java:107)
	at java.base/java.util.concurrent.CompletableFuture.uniWhenComplete(CompletableFuture.java:859)
	at java.base/java.util.concurrent.CompletableFuture$UniWhenComplete.tryFire(CompletableFuture.java:837)
	at java.base/java.util.concurrent.CompletableFuture.postComplete(CompletableFuture.java:506)
	at java.base/java.util.concurrent.CompletableFuture.complete(CompletableFuture.java:2073)
	at software.amazon.awssdk.core.internal.http.pipeline.stages.MakeAsyncHttpRequestStage.lambda$executeHttpRequest$1(MakeAsyncHttpRequestStage.java:138)
	at java.base/java.util.concurrent.CompletableFuture.uniWhenComplete(CompletableFuture.java:859)
	at java.base/java.util.concurrent.CompletableFuture$UniWhenComplete.tryFire(CompletableFuture.java:837)
	at java.base/java.util.concurrent.CompletableFuture$Completion.run(CompletableFuture.java:478)
	at java.base/java.util.concurrent.ThreadPoolExecutor.runWorker(ThreadPoolExecutor.java:1128)
	at java.base/java.util.concurrent.ThreadPoolExecutor$Worker.run(ThreadPoolExecutor.java:628)
	at java.base/java.lang.Thread.run(Thread.java:829)
Caused by: software.amazon.awssdk.services.s3.model.S3Exception: null (Service: S3, Status Code: 400, Request ID: null)
	at software.amazon.awssdk.services.s3.model.S3Exception$BuilderImpl.build(S3Exception.java:95)
	at software.amazon.awssdk.services.s3.model.S3Exception$BuilderImpl.build(S3Exception.java:55)
	at software.amazon.awssdk.protocols.query.unmarshall.AwsXmlErrorProtocolUnmarshaller.handle(AwsXmlErrorProtocolUnmarshaller.java:127)
	at software.amazon.awssdk.protocols.query.unmarshall.AwsXmlErrorProtocolUnmarshaller.handle(AwsXmlErrorProtocolUnmarshaller.java:86)
	at software.amazon.awssdk.core.internal.http.async.AsyncResponseHandler.lambda$prepare$0(AsyncResponseHandler.java:88)
	at java.base/java.util.concurrent.CompletableFuture$UniCompose.tryFire(CompletableFuture.java:1072)
	at java.base/java.util.concurrent.CompletableFuture.postComplete(CompletableFuture.java:506)
	at java.base/java.util.concurrent.CompletableFuture.complete(CompletableFuture.java:2073)
	at software.amazon.awssdk.core.internal.http.async.AsyncResponseHandler$BaosSubscriber.onComplete(AsyncResponseHandler.java:129)
	at software.amazon.awssdk.http.nio.netty.internal.ResponseHandler$FullResponseContentPublisher$1.request(ResponseHandler.java:367)
	at software.amazon.awssdk.core.internal.http.async.AsyncResponseHandler$BaosSubscriber.onSubscribe(AsyncResponseHandler.java:108)
	at software.amazon.awssdk.http.nio.netty.internal.ResponseHandler$FullResponseContentPublisher.subscribe(ResponseHandler.java:358)
	at software.amazon.awssdk.core.internal.http.async.AsyncResponseHandler.onStream(AsyncResponseHandler.java:71)
	at software.amazon.awssdk.core.internal.http.async.AsyncAfterTransmissionInterceptorCallingResponseHandler.onStream(AsyncAfterTransmissionInterceptorCallingResponseHandler.java:86)
	at software.amazon.awssdk.core.internal.http.pipeline.stages.MakeAsyncHttpRequestStage$ResponseHandler.onStream(MakeAsyncHttpRequestStage.java:258)
	at software.amazon.awssdk.http.nio.netty.internal.ResponseHandler.channelRead0(ResponseHandler.java:112)
	at software.amazon.awssdk.http.nio.netty.internal.ResponseHandler.channelRead0(ResponseHandler.java:65)
	at io.netty.channel.SimpleChannelInboundHandler.channelRead(SimpleChannelInboundHandler.java:99)
	at io.netty.channel.AbstractChannelHandlerContext.invokeChannelRead(AbstractChannelHandlerContext.java:379)
	at io.netty.channel.AbstractChannelHandlerContext.invokeChannelRead(AbstractChannelHandlerContext.java:365)
	at io.netty.channel.AbstractChannelHandlerContext.fireChannelRead(AbstractChannelHandlerContext.java:357)
	at com.typesafe.netty.http.HttpStreamsHandler.channelRead(HttpStreamsHandler.java:129)
	at com.typesafe.netty.http.HttpStreamsClientHandler.channelRead(HttpStreamsClientHandler.java:148)
	at io.netty.channel.AbstractChannelHandlerContext.invokeChannelRead(AbstractChannelHandlerContext.java:379)
	at io.netty.channel.AbstractChannelHandlerContext.invokeChannelRead(AbstractChannelHandlerContext.java:365)
	at io.netty.channel.AbstractChannelHandlerContext.fireChannelRead(AbstractChannelHandlerContext.java:357)
	at io.netty.handler.logging.LoggingHandler.channelRead(LoggingHandler.java:271)
	at io.netty.channel.AbstractChannelHandlerContext.invokeChannelRead(AbstractChannelHandlerContext.java:379)
	at io.netty.channel.AbstractChannelHandlerContext.invokeChannelRead(AbstractChannelHandlerContext.java:365)
	at io.netty.channel.AbstractChannelHandlerContext.fireChannelRead(AbstractChannelHandlerContext.java:357)
	at io.netty.handler.timeout.IdleStateHandler.channelRead(IdleStateHandler.java:286)
	at io.netty.channel.AbstractChannelHandlerContext.invokeChannelRead(AbstractChannelHandlerContext.java:379)
	at io.netty.channel.AbstractChannelHandlerContext.invokeChannelRead(AbstractChannelHandlerContext.java:365)
	at io.netty.channel.AbstractChannelHandlerContext.fireChannelRead(AbstractChannelHandlerContext.java:357)
	at io.netty.channel.CombinedChannelDuplexHandler$DelegatingChannelHandlerContext.fireChannelRead(CombinedChannelDuplexHandler.java:436)
	at io.netty.handler.codec.ByteToMessageDecoder.fireChannelRead(ByteToMessageDecoder.java:324)
	at io.netty.handler.codec.ByteToMessageDecoder.channelRead(ByteToMessageDecoder.java:296)
	at io.netty.channel.CombinedChannelDuplexHandler.channelRead(CombinedChannelDuplexHandler.java:251)
	at io.netty.channel.AbstractChannelHandlerContext.invokeChannelRead(AbstractChannelHandlerContext.java:379)
	at io.netty.channel.AbstractChannelHandlerContext.invokeChannelRead(AbstractChannelHandlerContext.java:365)
	at io.netty.channel.AbstractChannelHandlerContext.fireChannelRead(AbstractChannelHandlerContext.java:357)
	at io.netty.handler.timeout.IdleStateHandler.channelRead(IdleStateHandler.java:286)
	at io.netty.channel.AbstractChannelHandlerContext.invokeChannelRead(AbstractChannelHandlerContext.java:379)
	at io.netty.channel.AbstractChannelHandlerContext.invokeChannelRead(AbstractChannelHandlerContext.java:365)
	at io.netty.channel.AbstractChannelHandlerContext.fireChannelRead(AbstractChannelHandlerContext.java:357)
	at io.netty.channel.DefaultChannelPipeline$HeadContext.channelRead(DefaultChannelPipeline.java:1410)
	at io.netty.channel.AbstractChannelHandlerContext.invokeChannelRead(AbstractChannelHandlerContext.java:379)
	at io.netty.channel.AbstractChannelHandlerContext.invokeChannelRead(AbstractChannelHandlerContext.java:365)
	at io.netty.channel.DefaultChannelPipeline.fireChannelRead(DefaultChannelPipeline.java:919)
	at io.netty.channel.nio.AbstractNioByteChannel$NioByteUnsafe.read(AbstractNioByteChannel.java:166)
	at io.netty.channel.nio.NioEventLoop.processSelectedKey(NioEventLoop.java:719)
	at io.netty.channel.nio.NioEventLoop.processSelectedKeysOptimized(NioEventLoop.java:655)
	at io.netty.channel.nio.NioEventLoop.processSelectedKeys(NioEventLoop.java:581)
	at io.netty.channel.nio.NioEventLoop.run(NioEventLoop.java:493)
	at io.netty.util.concurrent.SingleThreadEventExecutor$4.run(SingleThreadEventExecutor.java:989)
	at io.netty.util.internal.ThreadExecutorMap$2.run(ThreadExecutorMap.java:74)
	... 1 more

[INFO] Running com.artipie.asto.cache.FromRemoteCacheTest
[INFO] Tests run: 4, Failures: 0, Errors: 0, Skipped: 0, Time elapsed: 0.015 s - in com.artipie.asto.cache.FromRemoteCacheTest
[INFO] Running com.artipie.asto.cache.FromStorageCacheTest
2023-01-13 14:33:15.036  INFO 14580 --- [nPool-worker-47] c.a.asto.cache.FromStorageCacheTest      : Handled error: java.lang.Exception: Error!
[INFO] Tests run: 4, Failures: 0, Errors: 0, Skipped: 0, Time elapsed: 0.034 s - in com.artipie.asto.cache.FromStorageCacheTest
[INFO] Running com.artipie.asto.streams.ContentAsStreamTest
[INFO] Tests run: 1, Failures: 0, Errors: 0, Skipped: 0, Time elapsed: 0.001 s - in com.artipie.asto.streams.ContentAsStreamTest
[INFO] Running com.artipie.asto.StorageSaveAndLoadTest


  .-')              _   .-')                           .-. .-')  
 ( OO ).           ( '.( OO )_                         \  ( OO ) 
(_)---\_) .-----.   ,--.   ,--.).-'),-----.    .-----. ,--. ,--. 
/    _ | /  -.   \  |   `.'   |( OO'  .-.  '  '  .--./ |  .'   / 
\  :` `. '-' _'  |  |         |/   |  | |  |  |  |('-. |      /, 
 '..`''.)   |_  <   |  |'.'|  |\_) |  |\|  | /_) |OO  )|     ' _)
.-._)   \.-.  |  |  |  |   |  |  \ |  | |  | ||  |`-'| |  .   \  
\       /\ `-'   /  |  |   |  |   `'  '-'  '(_'  '--'\ |  |\   \ 
 `-----'  `----''   `--'   `--'     `-----'    `-----' `--' '--' 



2023-01-13 14:33:15.066  INFO 14580 --- [           main] o.a.maven.surefire.booter.ForkedBooter   : Starting ForkedBooter v2.22.2 on repairnator with PID 14580 (started by gabsko in /home/gabsko/breaking-updates)
2023-01-13 14:33:15.066  INFO 14580 --- [           main] o.a.maven.surefire.booter.ForkedBooter   : No active profile set, falling back to default profiles: default
2023-01-13 14:33:15.149  INFO 14580 --- [           main] o.s.b.w.e.j.JettyServletWebServerFactory : Server initialized with port: 0
2023-01-13 14:33:15.150  INFO 14580 --- [           main] org.eclipse.jetty.server.Server          : jetty-9.4.42.v20210604; built: 2021-06-04T17:33:38.939Z; git: 5cd5e6d2375eeab146813b0de9f19eda6ab6e6cb; jvm 11.0.17+8-post-Ubuntu-1ubuntu218.04
2023-01-13 14:33:15.151  INFO 14580 --- [           main] o.e.j.s.h.ContextHandler.application     : Initializing Spring embedded WebApplicationContext
2023-01-13 14:33:15.151  INFO 14580 --- [           main] w.s.c.ServletWebServerApplicationContext : Root WebApplicationContext: initialization completed in 84 ms
2023-01-13 14:33:15.157  INFO 14580 --- [           main] org.eclipse.jetty.server.session         : DefaultSessionIdManager workerName=node0
2023-01-13 14:33:15.157  INFO 14580 --- [           main] org.eclipse.jetty.server.session         : No SessionScavenger set, using defaults
2023-01-13 14:33:15.157  INFO 14580 --- [           main] org.eclipse.jetty.server.session         : node0 Scavenging every 600000ms
2023-01-13 14:33:15.158  INFO 14580 --- [           main] o.e.jetty.server.handler.ContextHandler  : Started o.s.b.w.e.j.JettyEmbeddedWebAppContext@6942ff10{application,/,[file:///tmp/jetty-docbase.0.15772534885151512481/],AVAILABLE}
2023-01-13 14:33:15.158  INFO 14580 --- [           main] org.eclipse.jetty.server.Server          : Started @9317ms
2023-01-13 14:33:15.160  INFO 14580 --- [           main] c.adobe.testing.s3mock.domain.FileStore  : Using "/tmp/s3mockFileStore1673620395160" as root folder. Will retain files on exit: false
2023-01-13 14:33:15.160  INFO 14580 --- [           main] c.a.testing.s3mock.FileStoreController   : Creating initial buckets: []
2023-01-13 14:33:15.181  INFO 14580 --- [           main] o.s.s.concurrent.ThreadPoolTaskExecutor  : Initializing ExecutorService 'applicationTaskExecutor'
2023-01-13 14:33:15.198  INFO 14580 --- [           main] o.e.j.s.h.ContextHandler.application     : Initializing Spring DispatcherServlet 'dispatcherServlet'
2023-01-13 14:33:15.198  INFO 14580 --- [           main] o.s.web.servlet.DispatcherServlet        : Initializing Servlet 'dispatcherServlet'
2023-01-13 14:33:15.198  INFO 14580 --- [           main] o.s.web.servlet.DispatcherServlet        : Completed initialization in 0 ms
2023-01-13 14:33:15.302  INFO 14580 --- [           main] o.e.jetty.util.ssl.SslContextFactory     : x509=X509@6d598162(selfsigned,h=[unknown],a=[],w=[]) for Server@679f3e12[provider=null,keyStore=jar:file:/home/gabsko/.m2/repository/com/adobe/testing/s3mock/2.2.3/s3mock-2.2.3.jar!/s3mock.jks,trustStore=null]
2023-01-13 14:33:15.363  INFO 14580 --- [           main] o.e.jetty.server.AbstractConnector       : Started SslValidatingServerConnector@388b9799{SSL, (ssl, http/1.1)}{0.0.0.0:36577}
2023-01-13 14:33:15.368  INFO 14580 --- [           main] o.e.jetty.server.AbstractConnector       : Started ServerConnector@74061ced{HTTP/1.1, (http/1.1)}{0.0.0.0:44135}
2023-01-13 14:33:15.368  INFO 14580 --- [           main] o.s.b.web.embedded.jetty.JettyWebServer  : Jetty started on port(s) 36577 (ssl, http/1.1), 44135 (http/1.1) with context path '/'
2023-01-13 14:33:15.371  INFO 14580 --- [           main] o.a.maven.surefire.booter.ForkedBooter   : Started ForkedBooter in 0.325 seconds (JVM running for 9.531)
2023-01-13 14:33:15.681 ERROR 14580 --- [           main] s.a.a.c.c.h.BaseAsyncClientHandler       : Error thrown from TransformingAsyncResponseHandler#onError, ignoring.

java.lang.NullPointerException: null
	at software.amazon.awssdk.core.internal.http.async.AsyncResponseHandler.onError(AsyncResponseHandler.java:76) ~[sdk-core-2.7.19.jar:na]
	at software.amazon.awssdk.core.client.handler.BaseAsyncClientHandler.lambda$doExecute$2(BaseAsyncClientHandler.java:152) ~[sdk-core-2.7.19.jar:na]
	at software.amazon.awssdk.utils.FunctionalUtils.runAndLogError(FunctionalUtils.java:40) ~[utils-2.7.19.jar:na]
	at software.amazon.awssdk.core.client.handler.BaseAsyncClientHandler.doExecute(BaseAsyncClientHandler.java:149) ~[sdk-core-2.7.19.jar:na]
	at software.amazon.awssdk.core.client.handler.BaseAsyncClientHandler.execute(BaseAsyncClientHandler.java:73) ~[sdk-core-2.7.19.jar:na]
	at software.amazon.awssdk.awscore.client.handler.AwsAsyncClientHandler.execute(AwsAsyncClientHandler.java:51) ~[aws-core-2.7.19.jar:na]
	at software.amazon.awssdk.services.s3.DefaultS3AsyncClient.putObject(DefaultS3AsyncClient.java:3721) ~[s3-2.7.19.jar:na]
	at com.artipie.asto.s3.S3Storage.put(S3Storage.java:262) ~[classes/:na]
	at com.artipie.asto.s3.S3Storage.lambda$save$3(S3Storage.java:159) ~[classes/:na]
	at java.base/java.util.concurrent.CompletableFuture.uniComposeStage(CompletableFuture.java:1106) ~[na:na]
	at java.base/java.util.concurrent.CompletableFuture.thenCompose(CompletableFuture.java:2235) ~[na:na]
	at java.base/java.util.concurrent.CompletableFuture.thenCompose(CompletableFuture.java:143) ~[na:na]
	at com.artipie.asto.s3.S3Storage.save(S3Storage.java:147) ~[classes/:na]
	at com.artipie.asto.StorageSaveAndLoadTest.lambda$saveDoesNotSupportRootKey$3(StorageSaveAndLoadTest.java:208) ~[test-classes/:na]
	at org.junit.jupiter.api.AssertThrows.assertThrows(AssertThrows.java:55) ~[junit-jupiter-api-5.7.1.jar:5.7.1]
	at org.junit.jupiter.api.AssertThrows.assertThrows(AssertThrows.java:41) ~[junit-jupiter-api-5.7.1.jar:5.7.1]
	at org.junit.jupiter.api.Assertions.assertThrows(Assertions.java:3023) ~[junit-jupiter-api-5.7.1.jar:5.7.1]
	at com.artipie.asto.StorageSaveAndLoadTest.saveDoesNotSupportRootKey(StorageSaveAndLoadTest.java:207) ~[test-classes/:na]
	at java.base/jdk.internal.reflect.NativeMethodAccessorImpl.invoke0(Native Method) ~[na:na]
	at java.base/jdk.internal.reflect.NativeMethodAccessorImpl.invoke(NativeMethodAccessorImpl.java:62) ~[na:na]
	at java.base/jdk.internal.reflect.DelegatingMethodAccessorImpl.invoke(DelegatingMethodAccessorImpl.java:43) ~[na:na]
	at java.base/java.lang.reflect.Method.invoke(Method.java:566) ~[na:na]
	at org.junit.platform.commons.util.ReflectionUtils.invokeMethod(ReflectionUtils.java:688) ~[junit-platform-commons-1.7.1.jar:1.7.1]
	at org.junit.jupiter.engine.execution.MethodInvocation.proceed(MethodInvocation.java:60) ~[junit-jupiter-engine-5.7.1.jar:5.7.1]
	at org.junit.jupiter.engine.execution.InvocationInterceptorChain$ValidatingInvocation.proceed(InvocationInterceptorChain.java:131) ~[junit-jupiter-engine-5.7.1.jar:5.7.1]
	at org.junit.jupiter.engine.extension.TimeoutExtension.intercept(TimeoutExtension.java:149) ~[junit-jupiter-engine-5.7.1.jar:5.7.1]
	at org.junit.jupiter.engine.extension.TimeoutExtension.interceptTestableMethod(TimeoutExtension.java:140) ~[junit-jupiter-engine-5.7.1.jar:5.7.1]
	at org.junit.jupiter.engine.extension.TimeoutExtension.interceptTestTemplateMethod(TimeoutExtension.java:92) ~[junit-jupiter-engine-5.7.1.jar:5.7.1]
	at org.junit.jupiter.engine.execution.ExecutableInvoker$ReflectiveInterceptorCall.lambda$ofVoidMethod$0(ExecutableInvoker.java:115) ~[junit-jupiter-engine-5.7.1.jar:5.7.1]
	at org.junit.jupiter.engine.execution.ExecutableInvoker.lambda$invoke$0(ExecutableInvoker.java:105) ~[junit-jupiter-engine-5.7.1.jar:5.7.1]
	at org.junit.jupiter.engine.execution.InvocationInterceptorChain$InterceptedInvocation.proceed(InvocationInterceptorChain.java:106) ~[junit-jupiter-engine-5.7.1.jar:5.7.1]
	at org.junit.jupiter.engine.execution.InvocationInterceptorChain.proceed(InvocationInterceptorChain.java:64) ~[junit-jupiter-engine-5.7.1.jar:5.7.1]
	at org.junit.jupiter.engine.execution.InvocationInterceptorChain.chainAndInvoke(InvocationInterceptorChain.java:45) ~[junit-jupiter-engine-5.7.1.jar:5.7.1]
	at org.junit.jupiter.engine.execution.InvocationInterceptorChain.invoke(InvocationInterceptorChain.java:37) ~[junit-jupiter-engine-5.7.1.jar:5.7.1]
	at org.junit.jupiter.engine.execution.ExecutableInvoker.invoke(ExecutableInvoker.java:104) ~[junit-jupiter-engine-5.7.1.jar:5.7.1]
	at org.junit.jupiter.engine.execution.ExecutableInvoker.invoke(ExecutableInvoker.java:98) ~[junit-jupiter-engine-5.7.1.jar:5.7.1]
	at org.junit.jupiter.engine.descriptor.TestMethodTestDescriptor.lambda$invokeTestMethod$6(TestMethodTestDescriptor.java:210) ~[junit-jupiter-engine-5.7.1.jar:5.7.1]
	at org.junit.platform.engine.support.hierarchical.ThrowableCollector.execute(ThrowableCollector.java:73) ~[junit-platform-engine-1.7.1.jar:1.7.1]
	at org.junit.jupiter.engine.descriptor.TestMethodTestDescriptor.invokeTestMethod(TestMethodTestDescriptor.java:206) ~[junit-jupiter-engine-5.7.1.jar:5.7.1]
	at org.junit.jupiter.engine.descriptor.TestMethodTestDescriptor.execute(TestMethodTestDescriptor.java:131) ~[junit-jupiter-engine-5.7.1.jar:5.7.1]
	at org.junit.jupiter.engine.descriptor.TestMethodTestDescriptor.execute(TestMethodTestDescriptor.java:65) ~[junit-jupiter-engine-5.7.1.jar:5.7.1]
	at org.junit.platform.engine.support.hierarchical.NodeTestTask.lambda$executeRecursively$5(NodeTestTask.java:139) ~[junit-platform-engine-1.7.1.jar:1.7.1]
	at org.junit.platform.engine.support.hierarchical.ThrowableCollector.execute(ThrowableCollector.java:73) ~[junit-platform-engine-1.7.1.jar:1.7.1]
	at org.junit.platform.engine.support.hierarchical.NodeTestTask.lambda$executeRecursively$7(NodeTestTask.java:129) ~[junit-platform-engine-1.7.1.jar:1.7.1]
	at org.junit.platform.engine.support.hierarchical.Node.around(Node.java:137) ~[junit-platform-engine-1.7.1.jar:1.7.1]
	at org.junit.platform.engine.support.hierarchical.NodeTestTask.lambda$executeRecursively$8(NodeTestTask.java:127) ~[junit-platform-engine-1.7.1.jar:1.7.1]
	at org.junit.platform.engine.support.hierarchical.ThrowableCollector.execute(ThrowableCollector.java:73) ~[junit-platform-engine-1.7.1.jar:1.7.1]
	at org.junit.platform.engine.support.hierarchical.NodeTestTask.executeRecursively(NodeTestTask.java:126) ~[junit-platform-engine-1.7.1.jar:1.7.1]
	at org.junit.platform.engine.support.hierarchical.NodeTestTask.execute(NodeTestTask.java:84) ~[junit-platform-engine-1.7.1.jar:1.7.1]
	at org.junit.platform.engine.support.hierarchical.SameThreadHierarchicalTestExecutorService.submit(SameThreadHierarchicalTestExecutorService.java:32) ~[junit-platform-engine-1.7.1.jar:1.7.1]
	at org.junit.platform.engine.support.hierarchical.NodeTestTask$DefaultDynamicTestExecutor.execute(NodeTestTask.java:212) ~[junit-platform-engine-1.7.1.jar:1.7.1]
	at org.junit.platform.engine.support.hierarchical.NodeTestTask$DefaultDynamicTestExecutor.execute(NodeTestTask.java:192) ~[junit-platform-engine-1.7.1.jar:1.7.1]
	at org.junit.jupiter.engine.descriptor.TestTemplateTestDescriptor.execute(TestTemplateTestDescriptor.java:139) ~[junit-jupiter-engine-5.7.1.jar:5.7.1]
	at org.junit.jupiter.engine.descriptor.TestTemplateTestDescriptor.lambda$execute$2(TestTemplateTestDescriptor.java:107) ~[junit-jupiter-engine-5.7.1.jar:5.7.1]
	at java.base/java.util.stream.ForEachOps$ForEachOp$OfRef.accept(ForEachOps.java:183) ~[na:na]
	at java.base/java.util.stream.ReferencePipeline$3$1.accept(ReferencePipeline.java:195) ~[na:na]
	at java.base/java.util.stream.ReferencePipeline$2$1.accept(ReferencePipeline.java:177) ~[na:na]
	at java.base/java.util.stream.ReferencePipeline$3$1.accept(ReferencePipeline.java:195) ~[na:na]
	at java.base/java.util.stream.ForEachOps$ForEachOp$OfRef.accept(ForEachOps.java:183) ~[na:na]
	at java.base/java.util.stream.ReferencePipeline$3$1.accept(ReferencePipeline.java:195) ~[na:na]
	at java.base/java.util.Spliterators$ArraySpliterator.forEachRemaining(Spliterators.java:948) ~[na:na]
	at java.base/java.util.stream.AbstractPipeline.copyInto(AbstractPipeline.java:484) ~[na:na]
	at java.base/java.util.stream.AbstractPipeline.wrapAndCopyInto(AbstractPipeline.java:474) ~[na:na]
	at java.base/java.util.stream.ForEachOps$ForEachOp.evaluateSequential(ForEachOps.java:150) ~[na:na]
	at java.base/java.util.stream.ForEachOps$ForEachOp$OfRef.evaluateSequential(ForEachOps.java:173) ~[na:na]
	at java.base/java.util.stream.AbstractPipeline.evaluate(AbstractPipeline.java:234) ~[na:na]
	at java.base/java.util.stream.ReferencePipeline.forEach(ReferencePipeline.java:497) ~[na:na]
	at java.base/java.util.stream.ReferencePipeline$7$1.accept(ReferencePipeline.java:274) ~[na:na]
	at java.base/java.util.ArrayList$ArrayListSpliterator.forEachRemaining(ArrayList.java:1655) ~[na:na]
	at java.base/java.util.stream.AbstractPipeline.copyInto(AbstractPipeline.java:484) ~[na:na]
	at java.base/java.util.stream.AbstractPipeline.wrapAndCopyInto(AbstractPipeline.java:474) ~[na:na]
	at java.base/java.util.stream.ForEachOps$ForEachOp.evaluateSequential(ForEachOps.java:150) ~[na:na]
	at java.base/java.util.stream.ForEachOps$ForEachOp$OfRef.evaluateSequential(ForEachOps.java:173) ~[na:na]
	at java.base/java.util.stream.AbstractPipeline.evaluate(AbstractPipeline.java:234) ~[na:na]
	at java.base/java.util.stream.ReferencePipeline.forEach(ReferencePipeline.java:497) ~[na:na]
	at org.junit.jupiter.engine.descriptor.TestTemplateTestDescriptor.execute(TestTemplateTestDescriptor.java:107) ~[junit-jupiter-engine-5.7.1.jar:5.7.1]
	at org.junit.jupiter.engine.descriptor.TestTemplateTestDescriptor.execute(TestTemplateTestDescriptor.java:42) ~[junit-jupiter-engine-5.7.1.jar:5.7.1]
	at org.junit.platform.engine.support.hierarchical.NodeTestTask.lambda$executeRecursively$5(NodeTestTask.java:139) ~[junit-platform-engine-1.7.1.jar:1.7.1]
	at org.junit.platform.engine.support.hierarchical.ThrowableCollector.execute(ThrowableCollector.java:73) ~[junit-platform-engine-1.7.1.jar:1.7.1]
	at org.junit.platform.engine.support.hierarchical.NodeTestTask.lambda$executeRecursively$7(NodeTestTask.java:129) ~[junit-platform-engine-1.7.1.jar:1.7.1]
	at org.junit.platform.engine.support.hierarchical.Node.around(Node.java:137) ~[junit-platform-engine-1.7.1.jar:1.7.1]
	at org.junit.platform.engine.support.hierarchical.NodeTestTask.lambda$executeRecursively$8(NodeTestTask.java:127) ~[junit-platform-engine-1.7.1.jar:1.7.1]
	at org.junit.platform.engine.support.hierarchical.ThrowableCollector.execute(ThrowableCollector.java:73) ~[junit-platform-engine-1.7.1.jar:1.7.1]
	at org.junit.platform.engine.support.hierarchical.NodeTestTask.executeRecursively(NodeTestTask.java:126) ~[junit-platform-engine-1.7.1.jar:1.7.1]
	at org.junit.platform.engine.support.hierarchical.NodeTestTask.execute(NodeTestTask.java:84) ~[junit-platform-engine-1.7.1.jar:1.7.1]
	at java.base/java.util.ArrayList.forEach(ArrayList.java:1541) ~[na:na]
	at org.junit.platform.engine.support.hierarchical.SameThreadHierarchicalTestExecutorService.invokeAll(SameThreadHierarchicalTestExecutorService.java:38) ~[junit-platform-engine-1.7.1.jar:1.7.1]
	at org.junit.platform.engine.support.hierarchical.NodeTestTask.lambda$executeRecursively$5(NodeTestTask.java:143) ~[junit-platform-engine-1.7.1.jar:1.7.1]
	at org.junit.platform.engine.support.hierarchical.ThrowableCollector.execute(ThrowableCollector.java:73) ~[junit-platform-engine-1.7.1.jar:1.7.1]
	at org.junit.platform.engine.support.hierarchical.NodeTestTask.lambda$executeRecursively$7(NodeTestTask.java:129) ~[junit-platform-engine-1.7.1.jar:1.7.1]
	at org.junit.platform.engine.support.hierarchical.Node.around(Node.java:137) ~[junit-platform-engine-1.7.1.jar:1.7.1]
	at org.junit.platform.engine.support.hierarchical.NodeTestTask.lambda$executeRecursively$8(NodeTestTask.java:127) ~[junit-platform-engine-1.7.1.jar:1.7.1]
	at org.junit.platform.engine.support.hierarchical.ThrowableCollector.execute(ThrowableCollector.java:73) ~[junit-platform-engine-1.7.1.jar:1.7.1]
	at org.junit.platform.engine.support.hierarchical.NodeTestTask.executeRecursively(NodeTestTask.java:126) ~[junit-platform-engine-1.7.1.jar:1.7.1]
	at org.junit.platform.engine.support.hierarchical.NodeTestTask.execute(NodeTestTask.java:84) ~[junit-platform-engine-1.7.1.jar:1.7.1]
	at java.base/java.util.ArrayList.forEach(ArrayList.java:1541) ~[na:na]
	at org.junit.platform.engine.support.hierarchical.SameThreadHierarchicalTestExecutorService.invokeAll(SameThreadHierarchicalTestExecutorService.java:38) ~[junit-platform-engine-1.7.1.jar:1.7.1]
	at org.junit.platform.engine.support.hierarchical.NodeTestTask.lambda$executeRecursively$5(NodeTestTask.java:143) ~[junit-platform-engine-1.7.1.jar:1.7.1]
	at org.junit.platform.engine.support.hierarchical.ThrowableCollector.execute(ThrowableCollector.java:73) ~[junit-platform-engine-1.7.1.jar:1.7.1]
	at org.junit.platform.engine.support.hierarchical.NodeTestTask.lambda$executeRecursively$7(NodeTestTask.java:129) ~[junit-platform-engine-1.7.1.jar:1.7.1]
	at org.junit.platform.engine.support.hierarchical.Node.around(Node.java:137) ~[junit-platform-engine-1.7.1.jar:1.7.1]
	at org.junit.platform.engine.support.hierarchical.NodeTestTask.lambda$executeRecursively$8(NodeTestTask.java:127) ~[junit-platform-engine-1.7.1.jar:1.7.1]
	at org.junit.platform.engine.support.hierarchical.ThrowableCollector.execute(ThrowableCollector.java:73) ~[junit-platform-engine-1.7.1.jar:1.7.1]
	at org.junit.platform.engine.support.hierarchical.NodeTestTask.executeRecursively(NodeTestTask.java:126) ~[junit-platform-engine-1.7.1.jar:1.7.1]
	at org.junit.platform.engine.support.hierarchical.NodeTestTask.execute(NodeTestTask.java:84) ~[junit-platform-engine-1.7.1.jar:1.7.1]
	at org.junit.platform.engine.support.hierarchical.SameThreadHierarchicalTestExecutorService.submit(SameThreadHierarchicalTestExecutorService.java:32) ~[junit-platform-engine-1.7.1.jar:1.7.1]
	at org.junit.platform.engine.support.hierarchical.HierarchicalTestExecutor.execute(HierarchicalTestExecutor.java:57) ~[junit-platform-engine-1.7.1.jar:1.7.1]
	at org.junit.platform.engine.support.hierarchical.HierarchicalTestEngine.execute(HierarchicalTestEngine.java:51) ~[junit-platform-engine-1.7.1.jar:1.7.1]
	at org.junit.platform.launcher.core.DefaultLauncher.execute(DefaultLauncher.java:220) ~[junit-platform-launcher-1.3.1.jar:1.3.1]
	at org.junit.platform.launcher.core.DefaultLauncher.lambda$execute$6(DefaultLauncher.java:188) ~[junit-platform-launcher-1.3.1.jar:1.3.1]
	at org.junit.platform.launcher.core.DefaultLauncher.withInterceptedStreams(DefaultLauncher.java:202) ~[junit-platform-launcher-1.3.1.jar:1.3.1]
	at org.junit.platform.launcher.core.DefaultLauncher.execute(DefaultLauncher.java:181) ~[junit-platform-launcher-1.3.1.jar:1.3.1]
	at org.junit.platform.launcher.core.DefaultLauncher.execute(DefaultLauncher.java:128) ~[junit-platform-launcher-1.3.1.jar:1.3.1]
	at org.apache.maven.surefire.junitplatform.JUnitPlatformProvider.invokeAllTests(JUnitPlatformProvider.java:150) ~[surefire-junit-platform-2.22.2.jar:2.22.2]
	at org.apache.maven.surefire.junitplatform.JUnitPlatformProvider.invoke(JUnitPlatformProvider.java:124) ~[surefire-junit-platform-2.22.2.jar:2.22.2]
	at org.apache.maven.surefire.booter.ForkedBooter.invokeProviderInSameClassLoader(ForkedBooter.java:384) ~[surefire-booter-2.22.2.jar:2.22.2]
	at org.apache.maven.surefire.booter.ForkedBooter.runSuitesInProcess(ForkedBooter.java:345) ~[surefire-booter-2.22.2.jar:2.22.2]
	at org.apache.maven.surefire.booter.ForkedBooter.execute(ForkedBooter.java:126) ~[surefire-booter-2.22.2.jar:2.22.2]
	at org.apache.maven.surefire.booter.ForkedBooter.main(ForkedBooter.java:418) ~[surefire-booter-2.22.2.jar:2.22.2]

2023-01-13 14:33:15.769  INFO 14580 --- [2145867337-1026] c.a.t.s.util.S3MockExceptionHandler      : Responding with status 404: The specified key does not exist.
2023-01-13 14:33:15.946  INFO 14580 --- [           main] o.e.jetty.server.AbstractConnector       : Stopped SslValidatingServerConnector@388b9799{SSL, (ssl, http/1.1)}{0.0.0.0:0}
2023-01-13 14:33:15.951  INFO 14580 --- [           main] o.e.jetty.server.AbstractConnector       : Stopped ServerConnector@74061ced{HTTP/1.1, (http/1.1)}{0.0.0.0:0}
2023-01-13 14:33:15.951  INFO 14580 --- [           main] org.eclipse.jetty.server.session         : node0 Stopped scavenging
2023-01-13 14:33:15.951  INFO 14580 --- [           main] o.e.j.s.h.ContextHandler.application     : Destroying Spring FrameworkServlet 'dispatcherServlet'
2023-01-13 14:33:15.952  INFO 14580 --- [           main] o.e.jetty.server.handler.ContextHandler  : Stopped o.s.b.w.e.j.JettyEmbeddedWebAppContext@6942ff10{application,/,[file:///tmp/jetty-docbase.0.15772534885151512481/],STOPPED}
2023-01-13 14:33:15.952  INFO 14580 --- [           main] o.s.s.concurrent.ThreadPoolTaskExecutor  : Shutting down ExecutorService 'applicationTaskExecutor'
[INFO] Tests run: 72, Failures: 0, Errors: 0, Skipped: 0, Time elapsed: 0.905 s - in com.artipie.asto.StorageSaveAndLoadTest
[INFO] Running com.artipie.asto.memory.BenchmarkStorageDeleteTest
[INFO] Tests run: 2, Failures: 0, Errors: 0, Skipped: 0, Time elapsed: 0 s - in com.artipie.asto.memory.BenchmarkStorageDeleteTest
[INFO] Running com.artipie.asto.lock.RetryLockTest
[INFO] Tests run: 4, Failures: 0, Errors: 0, Skipped: 0, Time elapsed: 3.556 s - in com.artipie.asto.lock.RetryLockTest
[INFO] Running com.artipie.asto.s3.EstimatedContentTest
[INFO] Tests run: 2, Failures: 0, Errors: 0, Skipped: 0, Time elapsed: 0 s - in com.artipie.asto.s3.EstimatedContentTest
[INFO] Running com.artipie.asto.misc.UncheckedScalarTest
[INFO] Tests run: 2, Failures: 0, Errors: 0, Skipped: 0, Time elapsed: 0.001 s - in com.artipie.asto.misc.UncheckedScalarTest
[INFO] Running com.artipie.asto.memory.BenchmarkStorageListTest
[INFO] Tests run: 5, Failures: 0, Errors: 0, Skipped: 0, Time elapsed: 0.001 s - in com.artipie.asto.memory.BenchmarkStorageListTest
[INFO] Running com.artipie.asto.ext.KeyLastPartTest
[INFO] Tests run: 5, Failures: 0, Errors: 0, Skipped: 0, Time elapsed: 0.004 s - in com.artipie.asto.ext.KeyLastPartTest
[INFO] Running com.artipie.asto.RxFileTest
[INFO] Tests run: 4, Failures: 0, Errors: 0, Skipped: 0, Time elapsed: 0.013 s - in com.artipie.asto.RxFileTest
[INFO] Running com.artipie.asto.s3.S3StorageTest


  .-')              _   .-')                           .-. .-')  
 ( OO ).           ( '.( OO )_                         \  ( OO ) 
(_)---\_) .-----.   ,--.   ,--.).-'),-----.    .-----. ,--. ,--. 
/    _ | /  -.   \  |   `.'   |( OO'  .-.  '  '  .--./ |  .'   / 
\  :` `. '-' _'  |  |         |/   |  | |  |  |  |('-. |      /, 
 '..`''.)   |_  <   |  |'.'|  |\_) |  |\|  | /_) |OO  )|     ' _)
.-._)   \.-.  |  |  |  |   |  |  \ |  | |  | ||  |`-'| |  .   \  
\       /\ `-'   /  |  |   |  |   `'  '-'  '(_'  '--'\ |  |\   \ 
 `-----'  `----''   `--'   `--'     `-----'    `-----' `--' '--' 



2023-01-13 14:33:19.580  INFO 14580 --- [           main] o.a.maven.surefire.booter.ForkedBooter   : Starting ForkedBooter v2.22.2 on repairnator with PID 14580 (started by gabsko in /home/gabsko/breaking-updates)
2023-01-13 14:33:19.580  INFO 14580 --- [           main] o.a.maven.surefire.booter.ForkedBooter   : No active profile set, falling back to default profiles: default
2023-01-13 14:33:19.666  INFO 14580 --- [           main] o.s.b.w.e.j.JettyServletWebServerFactory : Server initialized with port: 0
2023-01-13 14:33:19.666  INFO 14580 --- [           main] org.eclipse.jetty.server.Server          : jetty-9.4.42.v20210604; built: 2021-06-04T17:33:38.939Z; git: 5cd5e6d2375eeab146813b0de9f19eda6ab6e6cb; jvm 11.0.17+8-post-Ubuntu-1ubuntu218.04
2023-01-13 14:33:19.667  INFO 14580 --- [           main] o.e.j.s.h.ContextHandler.application     : Initializing Spring embedded WebApplicationContext
2023-01-13 14:33:19.667  INFO 14580 --- [           main] w.s.c.ServletWebServerApplicationContext : Root WebApplicationContext: initialization completed in 86 ms
2023-01-13 14:33:19.673  INFO 14580 --- [           main] org.eclipse.jetty.server.session         : DefaultSessionIdManager workerName=node0
2023-01-13 14:33:19.673  INFO 14580 --- [           main] org.eclipse.jetty.server.session         : No SessionScavenger set, using defaults
2023-01-13 14:33:19.673  INFO 14580 --- [           main] org.eclipse.jetty.server.session         : node0 Scavenging every 600000ms
2023-01-13 14:33:19.673  INFO 14580 --- [           main] o.e.jetty.server.handler.ContextHandler  : Started o.s.b.w.e.j.JettyEmbeddedWebAppContext@6c524a7f{application,/,[file:///tmp/jetty-docbase.0.16301600999290925860/],AVAILABLE}
2023-01-13 14:33:19.673  INFO 14580 --- [           main] org.eclipse.jetty.server.Server          : Started @13833ms
2023-01-13 14:33:19.675  INFO 14580 --- [           main] c.adobe.testing.s3mock.domain.FileStore  : Using "/tmp/s3mockFileStore1673620399675" as root folder. Will retain files on exit: false
2023-01-13 14:33:19.676  INFO 14580 --- [           main] c.a.testing.s3mock.FileStoreController   : Creating initial buckets: []
2023-01-13 14:33:19.695  INFO 14580 --- [           main] o.s.s.concurrent.ThreadPoolTaskExecutor  : Initializing ExecutorService 'applicationTaskExecutor'
2023-01-13 14:33:19.711  INFO 14580 --- [           main] o.e.j.s.h.ContextHandler.application     : Initializing Spring DispatcherServlet 'dispatcherServlet'
2023-01-13 14:33:19.711  INFO 14580 --- [           main] o.s.web.servlet.DispatcherServlet        : Initializing Servlet 'dispatcherServlet'
2023-01-13 14:33:19.712  INFO 14580 --- [           main] o.s.web.servlet.DispatcherServlet        : Completed initialization in 1 ms
2023-01-13 14:33:19.817  INFO 14580 --- [           main] o.e.jetty.util.ssl.SslContextFactory     : x509=X509@63714a1(selfsigned,h=[unknown],a=[],w=[]) for Server@53bf791[provider=null,keyStore=jar:file:/home/gabsko/.m2/repository/com/adobe/testing/s3mock/2.2.3/s3mock-2.2.3.jar!/s3mock.jks,trustStore=null]
2023-01-13 14:33:19.859  INFO 14580 --- [           main] o.e.jetty.server.AbstractConnector       : Started SslValidatingServerConnector@279e9c95{SSL, (ssl, http/1.1)}{0.0.0.0:46451}
2023-01-13 14:33:19.865  INFO 14580 --- [           main] o.e.jetty.server.AbstractConnector       : Started ServerConnector@4cb37177{HTTP/1.1, (http/1.1)}{0.0.0.0:45813}
2023-01-13 14:33:19.865  INFO 14580 --- [           main] o.s.b.web.embedded.jetty.JettyWebServer  : Jetty started on port(s) 46451 (ssl, http/1.1), 45813 (http/1.1) with context path '/'
2023-01-13 14:33:19.869  INFO 14580 --- [           main] o.a.maven.surefire.booter.ForkedBooter   : Started ForkedBooter in 0.305 seconds (JVM running for 14.028)
2023-01-13 14:33:19.889  WARN 14580 --- [           main] c.amazonaws.services.s3.AmazonS3Client   : No content length specified for stream data.  Stream contents will be buffered in memory and could result in out of memory errors.
2023-01-13 14:33:19.981  WARN 14580 --- [           main] c.amazonaws.services.s3.AmazonS3Client   : No content length specified for stream data.  Stream contents will be buffered in memory and could result in out of memory errors.
2023-01-13 14:33:20.084  WARN 14580 --- [           main] c.amazonaws.services.s3.AmazonS3Client   : No content length specified for stream data.  Stream contents will be buffered in memory and could result in out of memory errors.
2023-01-13 14:33:20.126  WARN 14580 --- [           main] c.amazonaws.services.s3.AmazonS3Client   : No content length specified for stream data.  Stream contents will be buffered in memory and could result in out of memory errors.
2023-01-13 14:33:20.185  WARN 14580 --- [           main] c.amazonaws.services.s3.AmazonS3Client   : No content length specified for stream data.  Stream contents will be buffered in memory and could result in out of memory errors.
2023-01-13 14:33:20.233  WARN 14580 --- [           main] c.amazonaws.services.s3.AmazonS3Client   : No content length specified for stream data.  Stream contents will be buffered in memory and could result in out of memory errors.
2023-01-13 14:33:20.671  WARN 14580 --- [           main] c.amazonaws.services.s3.AmazonS3Client   : No content length specified for stream data.  Stream contents will be buffered in memory and could result in out of memory errors.
2023-01-13 14:33:20.680  WARN 14580 --- [           main] c.amazonaws.services.s3.AmazonS3Client   : No content length specified for stream data.  Stream contents will be buffered in memory and could result in out of memory errors.
2023-01-13 14:33:20.688  WARN 14580 --- [           main] c.amazonaws.services.s3.AmazonS3Client   : No content length specified for stream data.  Stream contents will be buffered in memory and could result in out of memory errors.
2023-01-13 14:33:20.694  WARN 14580 --- [           main] c.amazonaws.services.s3.AmazonS3Client   : No content length specified for stream data.  Stream contents will be buffered in memory and could result in out of memory errors.
2023-01-13 14:33:20.701  WARN 14580 --- [           main] c.amazonaws.services.s3.AmazonS3Client   : No content length specified for stream data.  Stream contents will be buffered in memory and could result in out of memory errors.
2023-01-13 14:33:20.760  INFO 14580 --- [           main] o.e.jetty.server.AbstractConnector       : Stopped SslValidatingServerConnector@279e9c95{SSL, (ssl, http/1.1)}{0.0.0.0:0}
2023-01-13 14:33:20.766  INFO 14580 --- [           main] o.e.jetty.server.AbstractConnector       : Stopped ServerConnector@4cb37177{HTTP/1.1, (http/1.1)}{0.0.0.0:0}
2023-01-13 14:33:20.767  INFO 14580 --- [           main] org.eclipse.jetty.server.session         : node0 Stopped scavenging
2023-01-13 14:33:20.767  INFO 14580 --- [           main] o.e.j.s.h.ContextHandler.application     : Destroying Spring FrameworkServlet 'dispatcherServlet'
2023-01-13 14:33:20.767  INFO 14580 --- [           main] o.e.jetty.server.handler.ContextHandler  : Stopped o.s.b.w.e.j.JettyEmbeddedWebAppContext@6c524a7f{application,/,[file:///tmp/jetty-docbase.0.16301600999290925860/],STOPPED}
2023-01-13 14:33:20.768  INFO 14580 --- [           main] o.s.s.concurrent.ThreadPoolTaskExecutor  : Shutting down ExecutorService 'applicationTaskExecutor'
[ERROR] Tests run: 11, Failures: 0, Errors: 1, Skipped: 0, Time elapsed: 1.202 s <<< FAILURE! - in com.artipie.asto.s3.S3StorageTest
[ERROR] shouldUploadObjectWhenSaveLargeContent{AmazonS3}  Time elapsed: 0.385 s  <<< ERROR!
java.util.concurrent.CompletionException: software.amazon.awssdk.services.s3.model.S3Exception: null (Service: S3, Status Code: 400, Request ID: null)
	at software.amazon.awssdk.utils.CompletableFutureUtils.errorAsCompletionException(CompletableFutureUtils.java:61)
	at software.amazon.awssdk.core.internal.http.pipeline.stages.AsyncExecutionFailureExceptionReportingStage.lambda$execute$0(AsyncExecutionFailureExceptionReportingStage.java:51)
	at java.base/java.util.concurrent.CompletableFuture.uniHandle(CompletableFuture.java:930)
	at java.base/java.util.concurrent.CompletableFuture$UniHandle.tryFire(CompletableFuture.java:907)
	at java.base/java.util.concurrent.CompletableFuture.postComplete(CompletableFuture.java:506)
	at java.base/java.util.concurrent.CompletableFuture.completeExceptionally(CompletableFuture.java:2088)
	at software.amazon.awssdk.utils.CompletableFutureUtils.lambda$forwardExceptionTo$0(CompletableFutureUtils.java:75)
	at java.base/java.util.concurrent.CompletableFuture.uniWhenComplete(CompletableFuture.java:859)
	at java.base/java.util.concurrent.CompletableFuture$UniWhenComplete.tryFire(CompletableFuture.java:837)
	at java.base/java.util.concurrent.CompletableFuture.postComplete(CompletableFuture.java:506)
	at java.base/java.util.concurrent.CompletableFuture.completeExceptionally(CompletableFuture.java:2088)
	at software.amazon.awssdk.core.internal.http.pipeline.stages.AsyncRetryableStage$RetryExecutor.retryResponseIfNeeded(AsyncRetryableStage.java:156)
	at software.amazon.awssdk.core.internal.http.pipeline.stages.AsyncRetryableStage$RetryExecutor.retryIfNeeded(AsyncRetryableStage.java:120)
	at software.amazon.awssdk.core.internal.http.pipeline.stages.AsyncRetryableStage$RetryExecutor.lambda$execute$0(AsyncRetryableStage.java:107)
	at java.base/java.util.concurrent.CompletableFuture.uniWhenComplete(CompletableFuture.java:859)
	at java.base/java.util.concurrent.CompletableFuture$UniWhenComplete.tryFire(CompletableFuture.java:837)
	at java.base/java.util.concurrent.CompletableFuture.postComplete(CompletableFuture.java:506)
	at java.base/java.util.concurrent.CompletableFuture.complete(CompletableFuture.java:2073)
	at software.amazon.awssdk.core.internal.http.pipeline.stages.MakeAsyncHttpRequestStage.lambda$executeHttpRequest$1(MakeAsyncHttpRequestStage.java:138)
	at java.base/java.util.concurrent.CompletableFuture.uniWhenComplete(CompletableFuture.java:859)
	at java.base/java.util.concurrent.CompletableFuture$UniWhenComplete.tryFire(CompletableFuture.java:837)
	at java.base/java.util.concurrent.CompletableFuture$Completion.run(CompletableFuture.java:478)
	at java.base/java.util.concurrent.ThreadPoolExecutor.runWorker(ThreadPoolExecutor.java:1128)
	at java.base/java.util.concurrent.ThreadPoolExecutor$Worker.run(ThreadPoolExecutor.java:628)
	at java.base/java.lang.Thread.run(Thread.java:829)
Caused by: software.amazon.awssdk.services.s3.model.S3Exception: null (Service: S3, Status Code: 400, Request ID: null)
	at software.amazon.awssdk.services.s3.model.S3Exception$BuilderImpl.build(S3Exception.java:95)
	at software.amazon.awssdk.services.s3.model.S3Exception$BuilderImpl.build(S3Exception.java:55)
	at software.amazon.awssdk.protocols.query.unmarshall.AwsXmlErrorProtocolUnmarshaller.handle(AwsXmlErrorProtocolUnmarshaller.java:127)
	at software.amazon.awssdk.protocols.query.unmarshall.AwsXmlErrorProtocolUnmarshaller.handle(AwsXmlErrorProtocolUnmarshaller.java:86)
	at software.amazon.awssdk.core.internal.http.async.AsyncResponseHandler.lambda$prepare$0(AsyncResponseHandler.java:88)
	at java.base/java.util.concurrent.CompletableFuture$UniCompose.tryFire(CompletableFuture.java:1072)
	at java.base/java.util.concurrent.CompletableFuture.postComplete(CompletableFuture.java:506)
	at java.base/java.util.concurrent.CompletableFuture.complete(CompletableFuture.java:2073)
	at software.amazon.awssdk.core.internal.http.async.AsyncResponseHandler$BaosSubscriber.onComplete(AsyncResponseHandler.java:129)
	at software.amazon.awssdk.http.nio.netty.internal.ResponseHandler$FullResponseContentPublisher$1.request(ResponseHandler.java:367)
	at software.amazon.awssdk.core.internal.http.async.AsyncResponseHandler$BaosSubscriber.onSubscribe(AsyncResponseHandler.java:108)
	at software.amazon.awssdk.http.nio.netty.internal.ResponseHandler$FullResponseContentPublisher.subscribe(ResponseHandler.java:358)
	at software.amazon.awssdk.core.internal.http.async.AsyncResponseHandler.onStream(AsyncResponseHandler.java:71)
	at software.amazon.awssdk.core.internal.http.async.AsyncAfterTransmissionInterceptorCallingResponseHandler.onStream(AsyncAfterTransmissionInterceptorCallingResponseHandler.java:86)
	at software.amazon.awssdk.core.internal.http.pipeline.stages.MakeAsyncHttpRequestStage$ResponseHandler.onStream(MakeAsyncHttpRequestStage.java:258)
	at software.amazon.awssdk.http.nio.netty.internal.ResponseHandler.channelRead0(ResponseHandler.java:112)
	at software.amazon.awssdk.http.nio.netty.internal.ResponseHandler.channelRead0(ResponseHandler.java:65)
	at io.netty.channel.SimpleChannelInboundHandler.channelRead(SimpleChannelInboundHandler.java:99)
	at io.netty.channel.AbstractChannelHandlerContext.invokeChannelRead(AbstractChannelHandlerContext.java:379)
	at io.netty.channel.AbstractChannelHandlerContext.invokeChannelRead(AbstractChannelHandlerContext.java:365)
	at io.netty.channel.AbstractChannelHandlerContext.fireChannelRead(AbstractChannelHandlerContext.java:357)
	at com.typesafe.netty.http.HttpStreamsHandler.channelRead(HttpStreamsHandler.java:129)
	at com.typesafe.netty.http.HttpStreamsClientHandler.channelRead(HttpStreamsClientHandler.java:148)
	at io.netty.channel.AbstractChannelHandlerContext.invokeChannelRead(AbstractChannelHandlerContext.java:379)
	at io.netty.channel.AbstractChannelHandlerContext.invokeChannelRead(AbstractChannelHandlerContext.java:365)
	at io.netty.channel.AbstractChannelHandlerContext.fireChannelRead(AbstractChannelHandlerContext.java:357)
	at io.netty.handler.logging.LoggingHandler.channelRead(LoggingHandler.java:271)
	at io.netty.channel.AbstractChannelHandlerContext.invokeChannelRead(AbstractChannelHandlerContext.java:379)
	at io.netty.channel.AbstractChannelHandlerContext.invokeChannelRead(AbstractChannelHandlerContext.java:365)
	at io.netty.channel.AbstractChannelHandlerContext.fireChannelRead(AbstractChannelHandlerContext.java:357)
	at io.netty.handler.timeout.IdleStateHandler.channelRead(IdleStateHandler.java:286)
	at io.netty.channel.AbstractChannelHandlerContext.invokeChannelRead(AbstractChannelHandlerContext.java:379)
	at io.netty.channel.AbstractChannelHandlerContext.invokeChannelRead(AbstractChannelHandlerContext.java:365)
	at io.netty.channel.AbstractChannelHandlerContext.fireChannelRead(AbstractChannelHandlerContext.java:357)
	at io.netty.channel.CombinedChannelDuplexHandler$DelegatingChannelHandlerContext.fireChannelRead(CombinedChannelDuplexHandler.java:436)
	at io.netty.handler.codec.ByteToMessageDecoder.fireChannelRead(ByteToMessageDecoder.java:324)
	at io.netty.handler.codec.ByteToMessageDecoder.channelRead(ByteToMessageDecoder.java:296)
	at io.netty.channel.CombinedChannelDuplexHandler.channelRead(CombinedChannelDuplexHandler.java:251)
	at io.netty.channel.AbstractChannelHandlerContext.invokeChannelRead(AbstractChannelHandlerContext.java:379)
	at io.netty.channel.AbstractChannelHandlerContext.invokeChannelRead(AbstractChannelHandlerContext.java:365)
	at io.netty.channel.AbstractChannelHandlerContext.fireChannelRead(AbstractChannelHandlerContext.java:357)
	at io.netty.handler.timeout.IdleStateHandler.channelRead(IdleStateHandler.java:286)
	at io.netty.channel.AbstractChannelHandlerContext.invokeChannelRead(AbstractChannelHandlerContext.java:379)
	at io.netty.channel.AbstractChannelHandlerContext.invokeChannelRead(AbstractChannelHandlerContext.java:365)
	at io.netty.channel.AbstractChannelHandlerContext.fireChannelRead(AbstractChannelHandlerContext.java:357)
	at io.netty.channel.DefaultChannelPipeline$HeadContext.channelRead(DefaultChannelPipeline.java:1410)
	at io.netty.channel.AbstractChannelHandlerContext.invokeChannelRead(AbstractChannelHandlerContext.java:379)
	at io.netty.channel.AbstractChannelHandlerContext.invokeChannelRead(AbstractChannelHandlerContext.java:365)
	at io.netty.channel.DefaultChannelPipeline.fireChannelRead(DefaultChannelPipeline.java:919)
	at io.netty.channel.nio.AbstractNioByteChannel$NioByteUnsafe.read(AbstractNioByteChannel.java:166)
	at io.netty.channel.nio.NioEventLoop.processSelectedKey(NioEventLoop.java:719)
	at io.netty.channel.nio.NioEventLoop.processSelectedKeysOptimized(NioEventLoop.java:655)
	at io.netty.channel.nio.NioEventLoop.processSelectedKeys(NioEventLoop.java:581)
	at io.netty.channel.nio.NioEventLoop.run(NioEventLoop.java:493)
	at io.netty.util.concurrent.SingleThreadEventExecutor$4.run(SingleThreadEventExecutor.java:989)
	at io.netty.util.internal.ThreadExecutorMap$2.run(ThreadExecutorMap.java:74)
	... 1 more

[INFO] Running com.artipie.asto.ext.PublisherAsTest
[INFO] Tests run: 3, Failures: 0, Errors: 0, Skipped: 0, Time elapsed: 0 s - in com.artipie.asto.ext.PublisherAsTest
[INFO] Running com.artipie.asto.StorageExistsTest


  .-')              _   .-')                           .-. .-')  
 ( OO ).           ( '.( OO )_                         \  ( OO ) 
(_)---\_) .-----.   ,--.   ,--.).-'),-----.    .-----. ,--. ,--. 
/    _ | /  -.   \  |   `.'   |( OO'  .-.  '  '  .--./ |  .'   / 
\  :` `. '-' _'  |  |         |/   |  | |  |  |  |('-. |      /, 
 '..`''.)   |_  <   |  |'.'|  |\_) |  |\|  | /_) |OO  )|     ' _)
.-._)   \.-.  |  |  |  |   |  |  \ |  | |  | ||  |`-'| |  .   \  
\       /\ `-'   /  |  |   |  |   `'  '-'  '(_'  '--'\ |  |\   \ 
 `-----'  `----''   `--'   `--'     `-----'    `-----' `--' '--' 



2023-01-13 14:33:20.792  INFO 14580 --- [           main] o.a.maven.surefire.booter.ForkedBooter   : Starting ForkedBooter v2.22.2 on repairnator with PID 14580 (started by gabsko in /home/gabsko/breaking-updates)
2023-01-13 14:33:20.793  INFO 14580 --- [           main] o.a.maven.surefire.booter.ForkedBooter   : No active profile set, falling back to default profiles: default
2023-01-13 14:33:20.915  INFO 14580 --- [           main] o.s.b.w.e.j.JettyServletWebServerFactory : Server initialized with port: 0
2023-01-13 14:33:20.915  INFO 14580 --- [           main] org.eclipse.jetty.server.Server          : jetty-9.4.42.v20210604; built: 2021-06-04T17:33:38.939Z; git: 5cd5e6d2375eeab146813b0de9f19eda6ab6e6cb; jvm 11.0.17+8-post-Ubuntu-1ubuntu218.04
2023-01-13 14:33:20.916  INFO 14580 --- [           main] o.e.j.s.h.ContextHandler.application     : Initializing Spring embedded WebApplicationContext
2023-01-13 14:33:20.916  INFO 14580 --- [           main] w.s.c.ServletWebServerApplicationContext : Root WebApplicationContext: initialization completed in 122 ms
2023-01-13 14:33:20.922  INFO 14580 --- [           main] org.eclipse.jetty.server.session         : DefaultSessionIdManager workerName=node0
2023-01-13 14:33:20.922  INFO 14580 --- [           main] org.eclipse.jetty.server.session         : No SessionScavenger set, using defaults
2023-01-13 14:33:20.922  INFO 14580 --- [           main] org.eclipse.jetty.server.session         : node0 Scavenging every 660000ms
2023-01-13 14:33:20.922  INFO 14580 --- [           main] o.e.jetty.server.handler.ContextHandler  : Started o.s.b.w.e.j.JettyEmbeddedWebAppContext@380f9c1d{application,/,[file:///tmp/jetty-docbase.0.13885956689309250475/],AVAILABLE}
2023-01-13 14:33:20.922  INFO 14580 --- [           main] org.eclipse.jetty.server.Server          : Started @15082ms
2023-01-13 14:33:20.924  INFO 14580 --- [           main] c.adobe.testing.s3mock.domain.FileStore  : Using "/tmp/s3mockFileStore1673620400924" as root folder. Will retain files on exit: false
2023-01-13 14:33:20.925  INFO 14580 --- [           main] c.a.testing.s3mock.FileStoreController   : Creating initial buckets: []
2023-01-13 14:33:20.944  INFO 14580 --- [           main] o.s.s.concurrent.ThreadPoolTaskExecutor  : Initializing ExecutorService 'applicationTaskExecutor'
2023-01-13 14:33:20.962  INFO 14580 --- [           main] o.e.j.s.h.ContextHandler.application     : Initializing Spring DispatcherServlet 'dispatcherServlet'
2023-01-13 14:33:20.963  INFO 14580 --- [           main] o.s.web.servlet.DispatcherServlet        : Initializing Servlet 'dispatcherServlet'
2023-01-13 14:33:20.963  INFO 14580 --- [           main] o.s.web.servlet.DispatcherServlet        : Completed initialization in 0 ms
2023-01-13 14:33:21.073  INFO 14580 --- [           main] o.e.jetty.util.ssl.SslContextFactory     : x509=X509@f57ced1(selfsigned,h=[unknown],a=[],w=[]) for Server@1d9c18b9[provider=null,keyStore=jar:file:/home/gabsko/.m2/repository/com/adobe/testing/s3mock/2.2.3/s3mock-2.2.3.jar!/s3mock.jks,trustStore=null]
2023-01-13 14:33:21.113  INFO 14580 --- [           main] o.e.jetty.server.AbstractConnector       : Started SslValidatingServerConnector@51ba8929{SSL, (ssl, http/1.1)}{0.0.0.0:38993}
2023-01-13 14:33:21.118  INFO 14580 --- [           main] o.e.jetty.server.AbstractConnector       : Started ServerConnector@304f4888{HTTP/1.1, (http/1.1)}{0.0.0.0:33137}
2023-01-13 14:33:21.118  INFO 14580 --- [           main] o.s.b.web.embedded.jetty.JettyWebServer  : Jetty started on port(s) 38993 (ssl, http/1.1), 33137 (http/1.1) with context path '/'
2023-01-13 14:33:21.119  INFO 14580 --- [           main] o.a.maven.surefire.booter.ForkedBooter   : Started ForkedBooter in 0.345 seconds (JVM running for 15.279)
2023-01-13 14:33:21.241  INFO 14580 --- [           main] o.e.jetty.server.AbstractConnector       : Stopped SslValidatingServerConnector@51ba8929{SSL, (ssl, http/1.1)}{0.0.0.0:0}
2023-01-13 14:33:21.244  INFO 14580 --- [           main] o.e.jetty.server.AbstractConnector       : Stopped ServerConnector@304f4888{HTTP/1.1, (http/1.1)}{0.0.0.0:0}
2023-01-13 14:33:21.245  INFO 14580 --- [           main] org.eclipse.jetty.server.session         : node0 Stopped scavenging
2023-01-13 14:33:21.245  INFO 14580 --- [           main] o.e.j.s.h.ContextHandler.application     : Destroying Spring FrameworkServlet 'dispatcherServlet'
2023-01-13 14:33:21.245  INFO 14580 --- [           main] o.e.jetty.server.handler.ContextHandler  : Stopped o.s.b.w.e.j.JettyEmbeddedWebAppContext@380f9c1d{application,/,[file:///tmp/jetty-docbase.0.13885956689309250475/],STOPPED}
2023-01-13 14:33:21.246  INFO 14580 --- [           main] o.s.s.concurrent.ThreadPoolTaskExecutor  : Shutting down ExecutorService 'applicationTaskExecutor'
[INFO] Tests run: 18, Failures: 0, Errors: 0, Skipped: 0, Time elapsed: 0.471 s - in com.artipie.asto.StorageExistsTest
[INFO] Running com.artipie.asto.SubStorageTest
[INFO] Tests run: 6, Failures: 0, Errors: 0, Skipped: 0, Time elapsed: 0.012 s - in com.artipie.asto.SubStorageTest
[INFO] Running com.artipie.asto.CopyTest
[INFO] Tests run: 3, Failures: 0, Errors: 0, Skipped: 0, Time elapsed: 0.008 s - in com.artipie.asto.CopyTest
[INFO] Running com.artipie.asto.RemainingTest
[INFO] Tests run: 1, Failures: 0, Errors: 0, Skipped: 0, Time elapsed: 0 s - in com.artipie.asto.RemainingTest
[INFO] Running com.artipie.asto.lock.storage.StorageLockTest
[INFO] Tests run: 8, Failures: 0, Errors: 0, Skipped: 0, Time elapsed: 0.011 s - in com.artipie.asto.lock.storage.StorageLockTest
[INFO] Running com.artipie.asto.cache.CacheControlTest
[INFO] Tests run: 4, Failures: 0, Errors: 0, Skipped: 0, Time elapsed: 0.005 s - in com.artipie.asto.cache.CacheControlTest
[INFO] Running com.artipie.asto.key.KeyExcludeFirstTest
[INFO] Tests run: 2, Failures: 0, Errors: 0, Skipped: 0, Time elapsed: 0 s - in com.artipie.asto.key.KeyExcludeFirstTest
[INFO] Running com.artipie.asto.cache.DigestVerificationTest
[INFO] Tests run: 3, Failures: 0, Errors: 0, Skipped: 0, Time elapsed: 0 s - in com.artipie.asto.cache.DigestVerificationTest
[INFO] Running com.artipie.asto.ConcatenationTest
[INFO] Tests run: 7, Failures: 0, Errors: 0, Skipped: 0, Time elapsed: 0.211 s - in com.artipie.asto.ConcatenationTest
[INFO] Running com.artipie.asto.OneTimePublisherTest
[INFO] Tests run: 1, Failures: 0, Errors: 0, Skipped: 0, Time elapsed: 0 s - in com.artipie.asto.OneTimePublisherTest
[INFO] Running com.artipie.asto.s3.S3HeadMetaTest
[INFO] Tests run: 2, Failures: 0, Errors: 0, Skipped: 0, Time elapsed: 0 s - in com.artipie.asto.s3.S3HeadMetaTest
[INFO] Running com.artipie.asto.KeyTest
[INFO] Tests run: 11, Failures: 0, Errors: 0, Skipped: 0, Time elapsed: 0 s - in com.artipie.asto.KeyTest
[INFO] Running com.artipie.asto.key.KeyExcludeAllTest
[INFO] Tests run: 2, Failures: 0, Errors: 0, Skipped: 0, Time elapsed: 0 s - in com.artipie.asto.key.KeyExcludeAllTest
[INFO] Running com.artipie.asto.memory.BenchmarkStorageTest
[INFO] Tests run: 5, Failures: 0, Errors: 0, Skipped: 0, Time elapsed: 0 s - in com.artipie.asto.memory.BenchmarkStorageTest
[INFO] 
[INFO] Results:
[INFO] 
[ERROR] Errors: 
[ERROR]   BucketTest.shouldUploadPartAndCompleteMultipartUpload  Completion software.am...
[ERROR]   S3StorageTest.shouldUploadObjectWhenSaveLargeContent  Completion software.ama...
[INFO] 
[ERROR] Tests run: 387, Failures: 0, Errors: 2, Skipped: 32
[INFO] 
[INFO] ------------------------------------------------------------------------
[INFO] BUILD FAILURE
[INFO] ------------------------------------------------------------------------
[INFO] Total time:  21.518 s
[INFO] Finished at: 2023-01-13T14:33:22Z
[INFO] ------------------------------------------------------------------------
[ERROR] Failed to execute goal org.apache.maven.plugins:maven-surefire-plugin:2.22.2:test (default-test) on project asto: There are test failures.
[ERROR] 
[ERROR] Please refer to /home/gabsko/breaking-updates/target/surefire-reports for the individual test results.
[ERROR] Please refer to dump files (if any exist) [date].dump, [date]-jvmRun[N].dump and [date].dumpstream.
[ERROR] -> [Help 1]
[ERROR] 
[ERROR] To see the full stack trace of the errors, re-run Maven with the -e switch.
[ERROR] Re-run Maven using the -X switch to enable full debug logging.
[ERROR] 
[ERROR] For more information about the errors and possible solutions, please read the following articles:
[ERROR] [Help 1] http://cwiki.apache.org/confluence/display/MAVEN/MojoFailureException
