[INFO] Scanning for projects...
[INFO] 
[INFO] ------------------------< com.jcabi:jcabi-jdbc >------------------------
[INFO] Building jcabi-jdbc 1.0-SNAPSHOT
[INFO] --------------------------------[ jar ]---------------------------------
[WARNING] The artifact org.slf4j:slf4j-log4j12:jar:2.0.2 has been relocated to org.slf4j:slf4j-reload4j:jar:2.0.2
[INFO] 
[INFO] --- maven-clean-plugin:3.2.0:clean (default-clean) @ jcabi-jdbc ---
[INFO] Deleting /home/gabsko/breaking-updates/target
[INFO] 
[INFO] --- maven-enforcer-plugin:3.1.0:enforce (enforce-maven) @ jcabi-jdbc ---
[INFO] 
[INFO] --- buildnumber-maven-plugin:3.0.0:create (jcabi-build-number) @ jcabi-jdbc ---
[INFO] ShortRevision tag detected. The value is '7'.
[INFO] Executing: /bin/sh -c cd '/home/gabsko/breaking-updates' && 'git' 'rev-parse' '--verify' '--short=7' 'HEAD'
[INFO] Working directory: /home/gabsko/breaking-updates
[INFO] Storing buildNumber: 1470156 at timestamp: 2023-01-13T18:40:14
[INFO] Storing buildScmBranch: branch-jcabi/jcabi-jdbc-14701563ecf509b9eecf398187c5e9cda503d55e
[INFO] 
[INFO] --- buildnumber-maven-plugin:3.0.0:create-timestamp (jcabi-build-number) @ jcabi-jdbc ---
[INFO] Skipping because we are not in root module.
[INFO] 
[INFO] --- maven-resources-plugin:3.2.0:resources (default-resources) @ jcabi-jdbc ---
[INFO] Using 'UTF-8' encoding to copy filtered resources.
[INFO] Using 'UTF-8' encoding to copy filtered properties files.
[INFO] skip non existing resourceDirectory /home/gabsko/breaking-updates/src/main/resources
[INFO] 
[INFO] --- maven-compiler-plugin:3.10.1:compile (default-compile) @ jcabi-jdbc ---
[INFO] Changes detected - recompiling the module!
[INFO] Compiling 14 source files to /home/gabsko/breaking-updates/target/classes
[INFO] 
[INFO] --- jcabi-maven-plugin:0.16.0:ajc (jcabi-ajc-compile) @ jcabi-jdbc ---
[INFO] Unwoven classes will be copied to /home/gabsko/breaking-updates/target/unwoven
[INFO] Created temp dir /home/gabsko/breaking-updates/target/jcabi-ajc
[WARNING] The artifact org.slf4j:slf4j-log4j12:jar:2.0.2 has been relocated to org.slf4j:slf4j-reload4j:jar:2.0.2
[WARNING] The artifact org.slf4j:slf4j-log4j12:jar:2.0.2 has been relocated to org.slf4j:slf4j-reload4j:jar:2.0.2
[INFO] ajc result: 22 file(s) processed, 0 pointcut(s) woven, 0 error(s), 0 warning(s)
[INFO] 
[INFO] --- maven-resources-plugin:3.2.0:testResources (default-testResources) @ jcabi-jdbc ---
[INFO] Using 'UTF-8' encoding to copy filtered resources.
[INFO] Using 'UTF-8' encoding to copy filtered properties files.
[INFO] Copying 1 resource
[INFO] The encoding used to copy filtered properties files have not been set. This means that the same encoding will be used to copy filtered properties files as when copying other filtered resources. This might not be what you want! Run your build with --debug to see which files might be affected. Read more at https://maven.apache.org/plugins/maven-resources-plugin/examples/filtering-properties-files.html
[INFO] 
[INFO] --- maven-compiler-plugin:3.10.1:testCompile (default-testCompile) @ jcabi-jdbc ---
[INFO] Changes detected - recompiling the module!
[INFO] Compiling 9 source files to /home/gabsko/breaking-updates/target/test-classes
[INFO] 
[INFO] --- jcabi-maven-plugin:0.16.0:ajc (jcabi-ajc-test-compile) @ jcabi-jdbc ---
[INFO] Unwoven test classes will be copied to /home/gabsko/breaking-updates/target/unwoven-test
[INFO] Created temp dir /home/gabsko/breaking-updates/target/jcabi-ajc-test
[WARNING] The artifact org.slf4j:slf4j-log4j12:jar:2.0.2 has been relocated to org.slf4j:slf4j-reload4j:jar:2.0.2
[WARNING] The artifact org.slf4j:slf4j-log4j12:jar:2.0.2 has been relocated to org.slf4j:slf4j-reload4j:jar:2.0.2

20 warnings
[INFO] ajc result: 16 file(s) processed, 0 pointcut(s) woven, 0 error(s), 0 warning(s)
[INFO] 
[INFO] --- build-helper-maven-plugin:3.3.0:reserve-network-port (default) @ jcabi-jdbc ---
[INFO] Reserved port 33539 for failsafe.pgsql.port
[INFO] 
[INFO] --- maven-surefire-plugin:3.0.0-M7:test (default-test) @ jcabi-jdbc ---
[INFO] Tests will run in random order. To reproduce ordering use flag -Dsurefire.runOrder.random.seed=19621747549383092
[INFO] Using auto detected provider org.apache.maven.surefire.junitplatform.JUnitPlatformProvider
[INFO] 
[INFO] -------------------------------------------------------
[INFO]  T E S T S
[INFO] -------------------------------------------------------
[INFO] Running com.jcabi.jdbc.UtcTest
[INFO] Tests run: 3, Failures: 0, Errors: 0, Skipped: 0, Time elapsed: 0.369 s - in com.jcabi.jdbc.UtcTest
[INFO] Running com.jcabi.jdbc.ListOutcomeTest
[INFO] Tests run: 1, Failures: 0, Errors: 0, Skipped: 0, Time elapsed: 0.009 s - in com.jcabi.jdbc.ListOutcomeTest
[INFO] Running com.jcabi.jdbc.ColumnOutcomeTest
[INFO] Tests run: 1, Failures: 0, Errors: 0, Skipped: 0, Time elapsed: 0.005 s - in com.jcabi.jdbc.ColumnOutcomeTest
[INFO] Running com.jcabi.jdbc.JdbcSessionTest
[ERROR] Tests run: 6, Failures: 0, Errors: 1, Skipped: 0, Time elapsed: 0.083 s <<< FAILURE! - in com.jcabi.jdbc.JdbcSessionTest
[ERROR] com.jcabi.jdbc.JdbcSessionTest.executesSqlInParallelThreads  Time elapsed: 0.047 s  <<< ERROR!
org.aspectj.lang.NoAspectBoundException: Exception while initializing com.jcabi.aspects.aj.Parallelizer: java.lang.NoClassDefFoundError: org/slf4j/helpers/ThreadLocalMapOfStacks
	at com.jcabi.aspects.aj.Parallelizer.aspectOf(Parallelizer.java:1)
	at com.jcabi.jdbc.JdbcSessionTest.insert(JdbcSessionTest.java:200)
	at com.jcabi.jdbc.JdbcSessionTest.executesSqlInParallelThreads(JdbcSessionTest.java:164)
	at java.base/jdk.internal.reflect.NativeMethodAccessorImpl.invoke0(Native Method)
	at java.base/jdk.internal.reflect.NativeMethodAccessorImpl.invoke(NativeMethodAccessorImpl.java:62)
	at java.base/jdk.internal.reflect.DelegatingMethodAccessorImpl.invoke(DelegatingMethodAccessorImpl.java:43)
	at java.base/java.lang.reflect.Method.invoke(Method.java:566)
	at org.junit.platform.commons.util.ReflectionUtils.invokeMethod(ReflectionUtils.java:727)
	at org.junit.jupiter.engine.execution.MethodInvocation.proceed(MethodInvocation.java:60)
	at org.junit.jupiter.engine.execution.InvocationInterceptorChain$ValidatingInvocation.proceed(InvocationInterceptorChain.java:131)
	at org.junit.jupiter.engine.extension.TimeoutExtension.intercept(TimeoutExtension.java:156)
	at org.junit.jupiter.engine.extension.TimeoutExtension.interceptTestableMethod(TimeoutExtension.java:147)
	at org.junit.jupiter.engine.extension.TimeoutExtension.interceptTestMethod(TimeoutExtension.java:86)
	at org.junit.jupiter.engine.execution.InterceptingExecutableInvoker$ReflectiveInterceptorCall.lambda$ofVoidMethod$0(InterceptingExecutableInvoker.java:103)
	at org.junit.jupiter.engine.execution.InterceptingExecutableInvoker.lambda$invoke$0(InterceptingExecutableInvoker.java:93)
	at org.junit.jupiter.engine.execution.InvocationInterceptorChain$InterceptedInvocation.proceed(InvocationInterceptorChain.java:106)
	at org.junit.jupiter.engine.execution.InvocationInterceptorChain.proceed(InvocationInterceptorChain.java:64)
	at org.junit.jupiter.engine.execution.InvocationInterceptorChain.chainAndInvoke(InvocationInterceptorChain.java:45)
	at org.junit.jupiter.engine.execution.InvocationInterceptorChain.invoke(InvocationInterceptorChain.java:37)
	at org.junit.jupiter.engine.execution.InterceptingExecutableInvoker.invoke(InterceptingExecutableInvoker.java:92)
	at org.junit.jupiter.engine.execution.InterceptingExecutableInvoker.invoke(InterceptingExecutableInvoker.java:86)
	at org.junit.jupiter.engine.descriptor.TestMethodTestDescriptor.lambda$invokeTestMethod$7(TestMethodTestDescriptor.java:217)
	at org.junit.platform.engine.support.hierarchical.ThrowableCollector.execute(ThrowableCollector.java:73)
	at org.junit.jupiter.engine.descriptor.TestMethodTestDescriptor.invokeTestMethod(TestMethodTestDescriptor.java:213)
	at org.junit.jupiter.engine.descriptor.TestMethodTestDescriptor.execute(TestMethodTestDescriptor.java:138)
	at org.junit.jupiter.engine.descriptor.TestMethodTestDescriptor.execute(TestMethodTestDescriptor.java:68)
	at org.junit.platform.engine.support.hierarchical.NodeTestTask.lambda$executeRecursively$6(NodeTestTask.java:151)
	at org.junit.platform.engine.support.hierarchical.ThrowableCollector.execute(ThrowableCollector.java:73)
	at org.junit.platform.engine.support.hierarchical.NodeTestTask.lambda$executeRecursively$8(NodeTestTask.java:141)
	at org.junit.platform.engine.support.hierarchical.Node.around(Node.java:137)
	at org.junit.platform.engine.support.hierarchical.NodeTestTask.lambda$executeRecursively$9(NodeTestTask.java:139)
	at org.junit.platform.engine.support.hierarchical.ThrowableCollector.execute(ThrowableCollector.java:73)
	at org.junit.platform.engine.support.hierarchical.NodeTestTask.executeRecursively(NodeTestTask.java:138)
	at org.junit.platform.engine.support.hierarchical.NodeTestTask.execute(NodeTestTask.java:95)
	at java.base/java.util.ArrayList.forEach(ArrayList.java:1541)
	at org.junit.platform.engine.support.hierarchical.SameThreadHierarchicalTestExecutorService.invokeAll(SameThreadHierarchicalTestExecutorService.java:41)
	at org.junit.platform.engine.support.hierarchical.NodeTestTask.lambda$executeRecursively$6(NodeTestTask.java:155)
	at org.junit.platform.engine.support.hierarchical.ThrowableCollector.execute(ThrowableCollector.java:73)
	at org.junit.platform.engine.support.hierarchical.NodeTestTask.lambda$executeRecursively$8(NodeTestTask.java:141)
	at org.junit.platform.engine.support.hierarchical.Node.around(Node.java:137)
	at org.junit.platform.engine.support.hierarchical.NodeTestTask.lambda$executeRecursively$9(NodeTestTask.java:139)
	at org.junit.platform.engine.support.hierarchical.ThrowableCollector.execute(ThrowableCollector.java:73)
	at org.junit.platform.engine.support.hierarchical.NodeTestTask.executeRecursively(NodeTestTask.java:138)
	at org.junit.platform.engine.support.hierarchical.NodeTestTask.execute(NodeTestTask.java:95)
	at java.base/java.util.ArrayList.forEach(ArrayList.java:1541)
	at org.junit.platform.engine.support.hierarchical.SameThreadHierarchicalTestExecutorService.invokeAll(SameThreadHierarchicalTestExecutorService.java:41)
	at org.junit.platform.engine.support.hierarchical.NodeTestTask.lambda$executeRecursively$6(NodeTestTask.java:155)
	at org.junit.platform.engine.support.hierarchical.ThrowableCollector.execute(ThrowableCollector.java:73)
	at org.junit.platform.engine.support.hierarchical.NodeTestTask.lambda$executeRecursively$8(NodeTestTask.java:141)
	at org.junit.platform.engine.support.hierarchical.Node.around(Node.java:137)
	at org.junit.platform.engine.support.hierarchical.NodeTestTask.lambda$executeRecursively$9(NodeTestTask.java:139)
	at org.junit.platform.engine.support.hierarchical.ThrowableCollector.execute(ThrowableCollector.java:73)
	at org.junit.platform.engine.support.hierarchical.NodeTestTask.executeRecursively(NodeTestTask.java:138)
	at org.junit.platform.engine.support.hierarchical.NodeTestTask.execute(NodeTestTask.java:95)
	at org.junit.platform.engine.support.hierarchical.SameThreadHierarchicalTestExecutorService.submit(SameThreadHierarchicalTestExecutorService.java:35)
	at org.junit.platform.engine.support.hierarchical.HierarchicalTestExecutor.execute(HierarchicalTestExecutor.java:57)
	at org.junit.platform.engine.support.hierarchical.HierarchicalTestEngine.execute(HierarchicalTestEngine.java:54)
	at org.junit.platform.launcher.core.EngineExecutionOrchestrator.execute(EngineExecutionOrchestrator.java:147)
	at org.junit.platform.launcher.core.EngineExecutionOrchestrator.execute(EngineExecutionOrchestrator.java:127)
	at org.junit.platform.launcher.core.EngineExecutionOrchestrator.execute(EngineExecutionOrchestrator.java:90)
	at org.junit.platform.launcher.core.EngineExecutionOrchestrator.lambda$execute$0(EngineExecutionOrchestrator.java:55)
	at org.junit.platform.launcher.core.EngineExecutionOrchestrator.withInterceptedStreams(EngineExecutionOrchestrator.java:102)
	at org.junit.platform.launcher.core.EngineExecutionOrchestrator.execute(EngineExecutionOrchestrator.java:54)
	at org.junit.platform.launcher.core.DefaultLauncher.execute(DefaultLauncher.java:114)
	at org.junit.platform.launcher.core.DefaultLauncher.execute(DefaultLauncher.java:86)
	at org.junit.platform.launcher.core.DefaultLauncherSession$DelegatingLauncher.execute(DefaultLauncherSession.java:86)
	at org.apache.maven.surefire.junitplatform.LazyLauncher.execute(LazyLauncher.java:55)
	at org.apache.maven.surefire.junitplatform.JUnitPlatformProvider.execute(JUnitPlatformProvider.java:223)
	at org.apache.maven.surefire.junitplatform.JUnitPlatformProvider.invokeAllTests(JUnitPlatformProvider.java:175)
	at org.apache.maven.surefire.junitplatform.JUnitPlatformProvider.invoke(JUnitPlatformProvider.java:139)
	at org.apache.maven.surefire.booter.ForkedBooter.runSuitesInProcess(ForkedBooter.java:456)
	at org.apache.maven.surefire.booter.ForkedBooter.execute(ForkedBooter.java:169)
	at org.apache.maven.surefire.booter.ForkedBooter.run(ForkedBooter.java:595)
	at org.apache.maven.surefire.booter.ForkedBooter.main(ForkedBooter.java:581)
Caused by: java.lang.NoClassDefFoundError: org/slf4j/helpers/ThreadLocalMapOfStacks
	at org.slf4j.reload4j.Reload4jMDCAdapter.<init>(Reload4jMDCAdapter.java:36)
	at org.slf4j.reload4j.Reload4jServiceProvider.initialize(Reload4jServiceProvider.java:37)
	at org.slf4j.LoggerFactory.bind(LoggerFactory.java:152)
	at org.slf4j.LoggerFactory.performInitialization(LoggerFactory.java:139)
	at org.slf4j.LoggerFactory.getProvider(LoggerFactory.java:421)
	at org.slf4j.LoggerFactory.getILoggerFactory(LoggerFactory.java:407)
	at org.slf4j.LoggerFactory.getLogger(LoggerFactory.java:356)
	at org.slf4j.LoggerFactory.getLogger(LoggerFactory.java:382)
	at com.jcabi.log.Logger.logger(Logger.java:485)
	at com.jcabi.log.Logger.isDebugEnabled(Logger.java:321)
	at com.jcabi.log.Logger.debug(Logger.java:186)
	at com.jcabi.aspects.aj.ImmutabilityChecker.check(ImmutabilityChecker.java:121)
	at com.jcabi.aspects.aj.ImmutabilityChecker.after(ImmutabilityChecker.java:70)
	at com.jcabi.aspects.aj.Parallelizer.<init>(Parallelizer.java:59)
	at com.jcabi.aspects.aj.Parallelizer.ajc$postClinit(Parallelizer.java:1)
	at com.jcabi.aspects.aj.Parallelizer.<clinit>(Parallelizer.java:1)
	... 73 more
Caused by: java.lang.ClassNotFoundException: org.slf4j.helpers.ThreadLocalMapOfStacks
	at java.base/jdk.internal.loader.BuiltinClassLoader.loadClass(BuiltinClassLoader.java:581)
	at java.base/jdk.internal.loader.ClassLoaders$AppClassLoader.loadClass(ClassLoaders.java:178)
	at java.base/java.lang.ClassLoader.loadClass(ClassLoader.java:522)
	... 89 more

[INFO] Running com.jcabi.jdbc.OutcomeTest
[INFO] Tests run: 1, Failures: 0, Errors: 0, Skipped: 0, Time elapsed: 0.008 s - in com.jcabi.jdbc.OutcomeTest
[INFO] Running com.jcabi.jdbc.SingleOutcomeTest
[INFO] Tests run: 7, Failures: 0, Errors: 0, Skipped: 0, Time elapsed: 0.016 s - in com.jcabi.jdbc.SingleOutcomeTest
[INFO] 
[INFO] Results:
[INFO] 
[ERROR] Errors: 
[ERROR]   JdbcSessionTest.executesSqlInParallelThreads:164->insert:200 Â» NoAspectBound Exception while initializing com.jcabi.aspects.aj.Parallelizer: java.lang.NoClassDefFoundError: org/slf4j/helpers/ThreadLocalMapOfStacks
[INFO] 
[ERROR] Tests run: 19, Failures: 0, Errors: 1, Skipped: 0
[INFO] 
[INFO] ------------------------------------------------------------------------
[INFO] BUILD FAILURE
[INFO] ------------------------------------------------------------------------
[INFO] Total time:  7.273 s
[INFO] Finished at: 2023-01-13T18:40:20Z
[INFO] ------------------------------------------------------------------------
[ERROR] Failed to execute goal org.apache.maven.plugins:maven-surefire-plugin:3.0.0-M7:test (default-test) on project jcabi-jdbc: 
[ERROR] 
[ERROR] Please refer to /home/gabsko/breaking-updates/target/surefire-reports for the individual test results.
[ERROR] Please refer to dump files (if any exist) [date].dump, [date]-jvmRun[N].dump and [date].dumpstream.
[ERROR] -> [Help 1]
[ERROR] 
[ERROR] To see the full stack trace of the errors, re-run Maven with the -e switch.
[ERROR] Re-run Maven using the -X switch to enable full debug logging.
[ERROR] 
[ERROR] For more information about the errors and possible solutions, please read the following articles:
[ERROR] [Help 1] http://cwiki.apache.org/confluence/display/MAVEN/MojoFailureException
