[INFO] Scanning for projects...
[INFO] ------------------------------------------------------------------------
[INFO] Reactor Build Order:
[INFO] 
[INFO] Metrics Parent                                                     [pom]
[INFO] Metrics Documentation                                              [jar]
[INFO] Metrics BOM                                                        [pom]
[INFO] Annotations for Metrics                                         [bundle]
[INFO] Metrics Core                                                    [bundle]
[INFO] Benchmarks for Metrics                                             [jar]
[INFO] Metrics Integration for Caffeine 2.x                            [bundle]
[INFO] Metrics Integration for Caffeine 3.x                            [bundle]
[INFO] Metrics Integration for Collectd                                [bundle]
[INFO] Metrics Integration for Ehcache                                 [bundle]
[INFO] Graphite Integration for Metrics                                [bundle]
[INFO] JVM Integration for Metrics                                     [bundle]
[INFO] Metrics Health Checks                                           [bundle]
[INFO] Metrics Integration for Apache HttpClient                       [bundle]
[INFO] Metrics Integration for Apache HttpClient 5.x                   [bundle]
[INFO] Metrics Integration for Apache HttpAsyncClient                  [bundle]
[INFO] Metrics Integration for Jakarta Servlets                        [bundle]
[INFO] Jackson Integration for Metrics                                 [bundle]
[INFO] Metrics Integration for Jetty 11.x and higher                   [bundle]
[INFO] Metrics Utility Jakarta Servlets                                [bundle]
[INFO] Metrics Integration for JCache                                  [bundle]
[INFO] Metrics JCStress tests                                             [jar]
[INFO] Metrics Integration for JDBI                                    [bundle]
[INFO] Metrics Integration for JDBI3                                   [bundle]
[INFO] Metrics Integration for Jersey 2.x                              [bundle]
[INFO] Metrics Integration for Jersey 3.x                              [bundle]
[INFO] Metrics Integration for Jetty 9.3 and higher                    [bundle]
[INFO] Metrics Integration for Jetty 10.x and higher                   [bundle]
[INFO] Metrics Integration with JMX                                    [bundle]
[INFO] Metrics Integration for Log4j 2.x                               [bundle]
[INFO] Metrics Integration for Logback                                 [bundle]
[INFO] Metrics Integration for Servlets                                [bundle]
[INFO] Metrics Utility Servlets                                        [bundle]
[INFO] 
[INFO] ----------------< io.dropwizard.metrics:metrics-parent >----------------
[INFO] Building Metrics Parent 4.2.0-SNAPSHOT                            [1/33]
[INFO] --------------------------------[ pom ]---------------------------------
[INFO] 
[INFO] --- maven-clean-plugin:2.5:clean (default-clean) @ metrics-parent ---
[INFO] 
[INFO] --- maven-enforcer-plugin:1.4.1:enforce (enforce) @ metrics-parent ---
[INFO] 
[INFO] --- jacoco-maven-plugin:0.8.6:prepare-agent (prepare-agent) @ metrics-parent ---
[INFO] argLine set to -javaagent:/home/gabsko/.m2/repository/org/jacoco/org.jacoco.agent/0.8.6/org.jacoco.agent-0.8.6-runtime.jar=destfile=/home/gabsko/breaking-updates/target/jacoco.exec
[INFO] 
[INFO] ---------------------< io.dropwizard.metrics:docs >---------------------
[INFO] Building Metrics Documentation 4.2.0-SNAPSHOT                     [2/33]
[INFO] --------------------------------[ jar ]---------------------------------
[INFO] 
[INFO] --- maven-clean-plugin:2.5:clean (default-clean) @ docs ---
[INFO] Deleting /home/gabsko/breaking-updates/docs/target
[INFO] 
[INFO] --- maven-enforcer-plugin:1.4.1:enforce (enforce) @ docs ---
[INFO] 
[INFO] --- jacoco-maven-plugin:0.8.6:prepare-agent (prepare-agent) @ docs ---
[INFO] argLine set to -javaagent:/home/gabsko/.m2/repository/org/jacoco/org.jacoco.agent/0.8.6/org.jacoco.agent-0.8.6-runtime.jar=destfile=/home/gabsko/breaking-updates/docs/target/jacoco.exec
[INFO] 
[INFO] --- build-helper-maven-plugin:3.2.0:parse-version (parse-version) @ docs ---
[INFO] 
[INFO] --- maven-resources-plugin:3.2.0:resources (process-resources) @ docs ---
[INFO] Using 'UTF-8' encoding to copy filtered resources.
[INFO] Using 'UTF-8' encoding to copy filtered properties files.
[INFO] Copying 72 resources
[INFO] 
[INFO] --- maven-resources-plugin:3.2.0:resources (default-resources) @ docs ---
[INFO] Using 'UTF-8' encoding to copy filtered resources.
[INFO] Using 'UTF-8' encoding to copy filtered properties files.
[INFO] Copying 72 resources
[INFO] 
[INFO] --- maven-compiler-plugin:3.8.1:compile (default-compile) @ docs ---
[INFO] No sources to compile
[INFO] 
[INFO] --- maven-resources-plugin:3.2.0:testResources (default-testResources) @ docs ---
[INFO] Using 'UTF-8' encoding to copy filtered resources.
[INFO] Using 'UTF-8' encoding to copy filtered properties files.
[INFO] skip non existing resourceDirectory /home/gabsko/breaking-updates/docs/src/test/resources
[INFO] 
[INFO] --- maven-compiler-plugin:3.8.1:testCompile (default-testCompile) @ docs ---
[INFO] No sources to compile
[INFO] 
[INFO] --- maven-surefire-plugin:2.22.2:test (default-test) @ docs ---
[INFO] No tests to run.
[INFO] 
[INFO] -----------------< io.dropwizard.metrics:metrics-bom >------------------
[INFO] Building Metrics BOM 4.2.0-SNAPSHOT                               [3/33]
[INFO] --------------------------------[ pom ]---------------------------------
[INFO] 
[INFO] --- maven-clean-plugin:2.5:clean (default-clean) @ metrics-bom ---
[INFO] 
[INFO] --- maven-enforcer-plugin:1.4.1:enforce (enforce) @ metrics-bom ---
[INFO] 
[INFO] --- jacoco-maven-plugin:0.8.6:prepare-agent (prepare-agent) @ metrics-bom ---
[INFO] argLine set to -javaagent:/home/gabsko/.m2/repository/org/jacoco/org.jacoco.agent/0.8.6/org.jacoco.agent-0.8.6-runtime.jar=destfile=/home/gabsko/breaking-updates/metrics-bom/target/jacoco.exec
[INFO] 
[INFO] --------------< io.dropwizard.metrics:metrics-annotation >--------------
[INFO] Building Annotations for Metrics 4.2.0-SNAPSHOT                   [4/33]
[INFO] -------------------------------[ bundle ]-------------------------------
[INFO] 
[INFO] --- maven-clean-plugin:2.5:clean (default-clean) @ metrics-annotation ---
[INFO] Deleting /home/gabsko/breaking-updates/metrics-annotation/target
[INFO] 
[INFO] --- maven-enforcer-plugin:1.4.1:enforce (enforce) @ metrics-annotation ---
[INFO] 
[INFO] --- jacoco-maven-plugin:0.8.6:prepare-agent (prepare-agent) @ metrics-annotation ---
[INFO] argLine set to -javaagent:/home/gabsko/.m2/repository/org/jacoco/org.jacoco.agent/0.8.6/org.jacoco.agent-0.8.6-runtime.jar=destfile=/home/gabsko/breaking-updates/metrics-annotation/target/jacoco.exec
[INFO] 
[INFO] --- maven-resources-plugin:3.3.0:resources (default-resources) @ metrics-annotation ---
[INFO] skip non existing resourceDirectory /home/gabsko/breaking-updates/metrics-annotation/src/main/resources
[INFO] 
[INFO] --- maven-compiler-plugin:3.8.1:compile (default-compile) @ metrics-annotation ---
[INFO] Changes detected - recompiling the module!
[INFO] Compiling 8 source files to /home/gabsko/breaking-updates/metrics-annotation/target/classes
[WARNING] bootstrap class path not set in conjunction with -source 8
[WARNING] /home/gabsko/breaking-updates/metrics-annotation/src/main/java/com/codahale/metrics/annotation/Metered.java:[30,8] [MissingSummary] A summary fragment is required; consider using the value of the @return block as a summary fragment instead.
    (see https://google.github.io/styleguide/javaguide.html#s7.2-summary-fragment)
  Did you mean '*Returns the name of the meter.'?
[WARNING] /home/gabsko/breaking-updates/metrics-annotation/src/main/java/com/codahale/metrics/annotation/Metered.java:[35,8] [MissingSummary] A summary fragment is required; consider using the value of the @return block as a summary fragment instead.
    (see https://google.github.io/styleguide/javaguide.html#s7.2-summary-fragment)
  Did you mean '*Returns if {@code true}, use the given name as an absolute name. If {@code false}, use the given name'?
[WARNING] /home/gabsko/breaking-updates/metrics-annotation/src/main/java/com/codahale/metrics/annotation/Metric.java:[38,8] [MissingSummary] A summary fragment is required; consider using the value of the @return block as a summary fragment instead.
    (see https://google.github.io/styleguide/javaguide.html#s7.2-summary-fragment)
  Did you mean '*Returns the name of the metric.'?
[WARNING] /home/gabsko/breaking-updates/metrics-annotation/src/main/java/com/codahale/metrics/annotation/Metric.java:[43,8] [MissingSummary] A summary fragment is required; consider using the value of the @return block as a summary fragment instead.
    (see https://google.github.io/styleguide/javaguide.html#s7.2-summary-fragment)
  Did you mean '*Returns if {@code true}, use the given name as an absolute name. If {@code false},'?
[WARNING] /home/gabsko/breaking-updates/metrics-annotation/src/main/java/com/codahale/metrics/annotation/Timed.java:[30,8] [MissingSummary] A summary fragment is required; consider using the value of the @return block as a summary fragment instead.
    (see https://google.github.io/styleguide/javaguide.html#s7.2-summary-fragment)
  Did you mean '*Returns the name of the timer.'?
[WARNING] /home/gabsko/breaking-updates/metrics-annotation/src/main/java/com/codahale/metrics/annotation/Timed.java:[35,8] [MissingSummary] A summary fragment is required; consider using the value of the @return block as a summary fragment instead.
    (see https://google.github.io/styleguide/javaguide.html#s7.2-summary-fragment)
  Did you mean '*Returns if {@code true}, use the given name as an absolute name. If {@code false}, use the given name'?
[WARNING] /home/gabsko/breaking-updates/metrics-annotation/src/main/java/com/codahale/metrics/annotation/Counted.java:[34,8] [MissingSummary] A summary fragment is required; consider using the value of the @return block as a summary fragment instead.
    (see https://google.github.io/styleguide/javaguide.html#s7.2-summary-fragment)
  Did you mean '*Returns the name of the counter.'?
[WARNING] /home/gabsko/breaking-updates/metrics-annotation/src/main/java/com/codahale/metrics/annotation/Counted.java:[39,8] [MissingSummary] A summary fragment is required; consider using the value of the @return block as a summary fragment instead.
    (see https://google.github.io/styleguide/javaguide.html#s7.2-summary-fragment)
  Did you mean '*Returns if {@code true}, use the given name as an absolute name. If {@code false}, use the given name'?
[WARNING] /home/gabsko/breaking-updates/metrics-annotation/src/main/java/com/codahale/metrics/annotation/Counted.java:[45,8] [MissingSummary] A summary fragment is required; consider using the value of the @return block as a summary fragment instead.
    (see https://google.github.io/styleguide/javaguide.html#s7.2-summary-fragment)
  Did you mean '*Returns if {@code false} (default), the counter is decremented when the annotated'?
[WARNING] /home/gabsko/breaking-updates/metrics-annotation/src/main/java/com/codahale/metrics/annotation/ResponseMetered.java:[30,8] [MissingSummary] A summary fragment is required; consider using the value of the @return block as a summary fragment instead.
    (see https://google.github.io/styleguide/javaguide.html#s7.2-summary-fragment)
  Did you mean '*Returns the name of the meter.'?
[WARNING] /home/gabsko/breaking-updates/metrics-annotation/src/main/java/com/codahale/metrics/annotation/ResponseMetered.java:[35,8] [MissingSummary] A summary fragment is required; consider using the value of the @return block as a summary fragment instead.
    (see https://google.github.io/styleguide/javaguide.html#s7.2-summary-fragment)
  Did you mean '*Returns if {@code true}, use the given name as an absolute name. If {@code false}, use the given name'?
[WARNING] /home/gabsko/breaking-updates/metrics-annotation/src/main/java/com/codahale/metrics/annotation/ExceptionMetered.java:[50,8] [MissingSummary] A summary fragment is required; consider using the value of the @return block as a summary fragment instead.
    (see https://google.github.io/styleguide/javaguide.html#s7.2-summary-fragment)
  Did you mean '*Returns the name of the meter. If not specified, the meter will be given a name based on the method'?
[WARNING] /home/gabsko/breaking-updates/metrics-annotation/src/main/java/com/codahale/metrics/annotation/ExceptionMetered.java:[56,8] [MissingSummary] A summary fragment is required; consider using the value of the @return block as a summary fragment instead.
    (see https://google.github.io/styleguide/javaguide.html#s7.2-summary-fragment)
  Did you mean '*Returns if {@code true}, use the given name as an absolute name. If {@code false}, use the given name'?
[WARNING] /home/gabsko/breaking-updates/metrics-annotation/src/main/java/com/codahale/metrics/annotation/ExceptionMetered.java:[62,8] [MissingSummary] A summary fragment is required; consider using the value of the @return block as a summary fragment instead.
    (see https://google.github.io/styleguide/javaguide.html#s7.2-summary-fragment)
  Did you mean '*Returns the type of exceptions that the meter will catch and count.'?
[WARNING] /home/gabsko/breaking-updates/metrics-annotation/src/main/java/com/codahale/metrics/annotation/CachedGauge.java:[33,8] [MissingSummary] A summary fragment is required; consider using the value of the @return block as a summary fragment instead.
    (see https://google.github.io/styleguide/javaguide.html#s7.2-summary-fragment)
  Did you mean '*Returns the name of the counter.'?
[WARNING] /home/gabsko/breaking-updates/metrics-annotation/src/main/java/com/codahale/metrics/annotation/CachedGauge.java:[38,8] [MissingSummary] A summary fragment is required; consider using the value of the @return block as a summary fragment instead.
    (see https://google.github.io/styleguide/javaguide.html#s7.2-summary-fragment)
  Did you mean '*Returns if {@code true}, use the given name as an absolute name. If {@code false}, use the given name'?
[WARNING] /home/gabsko/breaking-updates/metrics-annotation/src/main/java/com/codahale/metrics/annotation/CachedGauge.java:[44,8] [MissingSummary] A summary fragment is required; consider using the value of the @return block as a summary fragment instead.
    (see https://google.github.io/styleguide/javaguide.html#s7.2-summary-fragment)
  Did you mean '*Returns the amount of time to cache the result.'?
[WARNING] /home/gabsko/breaking-updates/metrics-annotation/src/main/java/com/codahale/metrics/annotation/CachedGauge.java:[49,8] [MissingSummary] A summary fragment is required; consider using the value of the @return block as a summary fragment instead.
    (see https://google.github.io/styleguide/javaguide.html#s7.2-summary-fragment)
  Did you mean '*Returns the unit of timeout.'?
[WARNING] /home/gabsko/breaking-updates/metrics-annotation/src/main/java/com/codahale/metrics/annotation/Gauge.java:[26,8] [MissingSummary] A summary fragment is required; consider using the value of the @return block as a summary fragment instead.
    (see https://google.github.io/styleguide/javaguide.html#s7.2-summary-fragment)
  Did you mean '*Returns the gauge's name.'?
[WARNING] /home/gabsko/breaking-updates/metrics-annotation/src/main/java/com/codahale/metrics/annotation/Gauge.java:[31,8] [MissingSummary] A summary fragment is required; consider using the value of the @return block as a summary fragment instead.
    (see https://google.github.io/styleguide/javaguide.html#s7.2-summary-fragment)
  Did you mean '*Returns if {@code true}, use the given name as an absolute name. If {@code false}, use the given name'?
[INFO] 
[INFO] --- maven-resources-plugin:3.3.0:testResources (default-testResources) @ metrics-annotation ---
[INFO] skip non existing resourceDirectory /home/gabsko/breaking-updates/metrics-annotation/src/test/resources
[INFO] 
[INFO] --- maven-compiler-plugin:3.8.1:testCompile (default-testCompile) @ metrics-annotation ---
[INFO] No sources to compile
[INFO] 
[INFO] --- maven-surefire-plugin:2.22.2:test (default-test) @ metrics-annotation ---
[INFO] No tests to run.
[INFO] 
[INFO] -----------------< io.dropwizard.metrics:metrics-core >-----------------
[INFO] Building Metrics Core 4.2.0-SNAPSHOT                              [5/33]
[INFO] -------------------------------[ bundle ]-------------------------------
[INFO] 
[INFO] --- maven-clean-plugin:2.5:clean (default-clean) @ metrics-core ---
[INFO] Deleting /home/gabsko/breaking-updates/metrics-core/target
[INFO] 
[INFO] --- maven-enforcer-plugin:1.4.1:enforce (enforce) @ metrics-core ---
[INFO] 
[INFO] --- jacoco-maven-plugin:0.8.6:prepare-agent (prepare-agent) @ metrics-core ---
[INFO] argLine set to -javaagent:/home/gabsko/.m2/repository/org/jacoco/org.jacoco.agent/0.8.6/org.jacoco.agent-0.8.6-runtime.jar=destfile=/home/gabsko/breaking-updates/metrics-core/target/jacoco.exec
[INFO] 
[INFO] --- maven-resources-plugin:3.3.0:resources (default-resources) @ metrics-core ---
[INFO] skip non existing resourceDirectory /home/gabsko/breaking-updates/metrics-core/src/main/resources
[INFO] 
[INFO] --- maven-compiler-plugin:3.8.1:compile (default-compile) @ metrics-core ---
[INFO] Changes detected - recompiling the module!
[INFO] Compiling 47 source files to /home/gabsko/breaking-updates/metrics-core/target/classes
[WARNING] bootstrap class path not set in conjunction with -source 8
[WARNING] /home/gabsko/breaking-updates/metrics-core/src/main/java/com/codahale/metrics/MovingAverages.java:[24,8] [EmptyBlockTag] A block tag (@param, @return, @throws, @deprecated) has an empty description. Block tags without descriptions don't add much value for future readers of the code; consider removing the tag entirely or adding a description.
    (see https://google.github.io/styleguide/javaguide.html#s7.1.3-javadoc-block-tags)
  Did you mean '*'?
[WARNING] /home/gabsko/breaking-updates/metrics-core/src/main/java/com/codahale/metrics/ScheduledReporter.java:[50,30] [ThreadPriorityCheck] Relying on the thread scheduler is discouraged.
    (see https://errorprone.info/bugpattern/ThreadPriorityCheck)
[WARNING] /home/gabsko/breaking-updates/metrics-core/src/main/java/com/codahale/metrics/WeightedSnapshot.java:[81,21] [UnnecessaryParentheses] These grouping parentheses are unnecessary; it is unlikely the code will be misinterpreted without them
    (see https://errorprone.info/bugpattern/UnnecessaryParentheses)
  Did you mean 'posx = (-posx - 1) - 1;'?
[WARNING] /home/gabsko/breaking-updates/metrics-core/src/main/java/com/codahale/metrics/ConsoleReporter.java:[231,51] [JavaUtilDate] Date has a bad API that leads to bugs; prefer java.time.Instant or LocalDate.
    (see https://errorprone.info/bugpattern/JavaUtilDate)
[WARNING] /home/gabsko/breaking-updates/metrics-core/src/main/java/com/codahale/metrics/SettableGauge.java:[5,70] [InvalidLink] The reference `#setValue(T)` to a method doesn't resolve to anything. Is it misspelt, or is the parameter list not correct? See https://docs.oracle.com/javase/8/docs/technotes/tools/unix/javadoc.html#JSSOR654 for documentation on how to form method links.
    (see https://errorprone.info/bugpattern/InvalidLink)
[WARNING] /home/gabsko/breaking-updates/metrics-core/src/main/java/com/codahale/metrics/DefaultSettableGauge.java:[4,70] [InvalidLink] The reference `#setValue(T)` to a method doesn't resolve to anything. Is it misspelt, or is the parameter list not correct? See https://docs.oracle.com/javase/8/docs/technotes/tools/unix/javadoc.html#JSSOR654 for documentation on how to form method links.
    (see https://errorprone.info/bugpattern/InvalidLink)
[WARNING] /home/gabsko/breaking-updates/metrics-core/src/main/java/com/codahale/metrics/Slf4jReporter.java:[257,18] [BadImport] Importing nested classes/static methods/static fields with commonly-used names can make code harder to read, because it may not be clear from the context exactly which type is being referred to. Qualifying the name with that of the containing class can make the code clearer. Here we recommend using qualified class: Map.
    (see https://errorprone.info/bugpattern/BadImport)
  Did you mean 'for (Map.Entry<String, Gauge> entry : gauges.entrySet()) {'?
[WARNING] /home/gabsko/breaking-updates/metrics-core/src/main/java/com/codahale/metrics/Slf4jReporter.java:[177,34] [InvalidInlineTag] Curly braces should be used for inline Javadoc tags: {@link ...}
    (see https://errorprone.info/bugpattern/InvalidInlineTag)
  Did you mean '* @param loggingLevel a {@link Slf4jReporter.LoggingLevel}'?
[WARNING] /home/gabsko/breaking-updates/metrics-core/src/main/java/com/codahale/metrics/InstrumentedExecutorService.java:[179,32] auto-closeable resource durationContext is never referenced in body of corresponding try statement
[WARNING] /home/gabsko/breaking-updates/metrics-core/src/main/java/com/codahale/metrics/InstrumentedExecutorService.java:[201,32] auto-closeable resource context is never referenced in body of corresponding try statement
[INFO] 
[INFO] --- maven-resources-plugin:3.3.0:testResources (default-testResources) @ metrics-core ---
[INFO] skip non existing resourceDirectory /home/gabsko/breaking-updates/metrics-core/src/test/resources
[INFO] 
[INFO] --- maven-compiler-plugin:3.8.1:testCompile (default-testCompile) @ metrics-core ---
[INFO] Changes detected - recompiling the module!
[INFO] Compiling 34 source files to /home/gabsko/breaking-updates/metrics-core/target/test-classes
[WARNING] bootstrap class path not set in conjunction with -source 8
[WARNING] /home/gabsko/breaking-updates/metrics-core/src/test/java/com/codahale/metrics/TimerTest.java:[124,9] verifyZeroInteractions(java.lang.Object...) in org.mockito.Mockito has been deprecated
[WARNING] /home/gabsko/breaking-updates/metrics-core/src/test/java/com/codahale/metrics/TimerTest.java:[142,9] verifyZeroInteractions(java.lang.Object...) in org.mockito.Mockito has been deprecated
[WARNING] /home/gabsko/breaking-updates/metrics-core/src/test/java/com/codahale/metrics/MetricRegistryListenerTest.java:[28,9] verifyZeroInteractions(java.lang.Object...) in org.mockito.Mockito has been deprecated
[WARNING] /home/gabsko/breaking-updates/metrics-core/src/test/java/com/codahale/metrics/MetricRegistryListenerTest.java:[35,9] verifyZeroInteractions(java.lang.Object...) in org.mockito.Mockito has been deprecated
[WARNING] /home/gabsko/breaking-updates/metrics-core/src/test/java/com/codahale/metrics/MetricRegistryListenerTest.java:[42,9] verifyZeroInteractions(java.lang.Object...) in org.mockito.Mockito has been deprecated
[WARNING] /home/gabsko/breaking-updates/metrics-core/src/test/java/com/codahale/metrics/MetricRegistryListenerTest.java:[49,9] verifyZeroInteractions(java.lang.Object...) in org.mockito.Mockito has been deprecated
[WARNING] /home/gabsko/breaking-updates/metrics-core/src/test/java/com/codahale/metrics/SharedMetricRegistriesTest.java:[14,59] none() in org.junit.rules.ExpectedException has been deprecated
[INFO] 
[INFO] --- maven-surefire-plugin:2.22.2:test (default-test) @ metrics-core ---
[INFO] 
[INFO] -------------------------------------------------------
[INFO]  T E S T S
[INFO] -------------------------------------------------------
[INFO] Running com.codahale.metrics.RatioGaugeTest
[INFO] Tests run: 5, Failures: 0, Errors: 0, Skipped: 0, Time elapsed: 0.063 s - in com.codahale.metrics.RatioGaugeTest
[INFO] Running com.codahale.metrics.CachedGaugeTest
[INFO] Tests run: 4, Failures: 0, Errors: 0, Skipped: 0, Time elapsed: 10.152 s - in com.codahale.metrics.CachedGaugeTest
[INFO] Running com.codahale.metrics.MetricFilterTest
[INFO] Tests run: 4, Failures: 0, Errors: 0, Skipped: 0, Time elapsed: 0.259 s - in com.codahale.metrics.MetricFilterTest
[INFO] Running com.codahale.metrics.CounterTest
[INFO] Tests run: 7, Failures: 0, Errors: 0, Skipped: 0, Time elapsed: 0.001 s - in com.codahale.metrics.CounterTest
[INFO] Running com.codahale.metrics.ClockTest
[INFO] Tests run: 2, Failures: 0, Errors: 0, Skipped: 0, Time elapsed: 0 s - in com.codahale.metrics.ClockTest
[INFO] Running com.codahale.metrics.InstrumentedThreadFactoryTest
[INFO] Tests run: 1, Failures: 0, Errors: 0, Skipped: 0, Time elapsed: 0.003 s - in com.codahale.metrics.InstrumentedThreadFactoryTest
[INFO] Running com.codahale.metrics.UniformReservoirTest
[INFO] Tests run: 1, Failures: 0, Errors: 0, Skipped: 0, Time elapsed: 0.003 s - in com.codahale.metrics.UniformReservoirTest
[INFO] Running com.codahale.metrics.TimerTest
[INFO] Tests run: 11, Failures: 0, Errors: 0, Skipped: 0, Time elapsed: 0.046 s - in com.codahale.metrics.TimerTest
[INFO] Running com.codahale.metrics.ChunkedAssociativeLongArrayTest
[INFO] Tests run: 1, Failures: 0, Errors: 0, Skipped: 0, Time elapsed: 0.002 s - in com.codahale.metrics.ChunkedAssociativeLongArrayTest
[INFO] Running com.codahale.metrics.SlidingTimeWindowArrayReservoirTest
[INFO] Tests run: 4, Failures: 0, Errors: 0, Skipped: 0, Time elapsed: 0.6 s - in com.codahale.metrics.SlidingTimeWindowArrayReservoirTest
[INFO] Running com.codahale.metrics.MetricRegistryTest
[INFO] Tests run: 47, Failures: 0, Errors: 0, Skipped: 0, Time elapsed: 0.126 s - in com.codahale.metrics.MetricRegistryTest
[INFO] Running com.codahale.metrics.FixedNameCsvFileProviderTest
[INFO] Tests run: 2, Failures: 0, Errors: 0, Skipped: 0, Time elapsed: 0.011 s - in com.codahale.metrics.FixedNameCsvFileProviderTest
[INFO] Running com.codahale.metrics.ScheduledReporterTest
[INFO] Tests run: 16, Failures: 0, Errors: 0, Skipped: 0, Time elapsed: 2.09 s - in com.codahale.metrics.ScheduledReporterTest
[INFO] Running com.codahale.metrics.SharedMetricRegistriesTest
[INFO] Tests run: 8, Failures: 0, Errors: 0, Skipped: 0, Time elapsed: 0.011 s - in com.codahale.metrics.SharedMetricRegistriesTest
[INFO] Running com.codahale.metrics.WeightedSnapshotTest
[INFO] Tests run: 27, Failures: 0, Errors: 0, Skipped: 0, Time elapsed: 0.056 s - in com.codahale.metrics.WeightedSnapshotTest
[INFO] Running com.codahale.metrics.SimpleSettableGaugeTest
[INFO] Tests run: 2, Failures: 0, Errors: 0, Skipped: 0, Time elapsed: 0.001 s - in com.codahale.metrics.SimpleSettableGaugeTest
[INFO] Running com.codahale.metrics.InstrumentedScheduledExecutorServiceTest
[INFO] Tests run: 6, Failures: 0, Errors: 0, Skipped: 0, Time elapsed: 0.627 s - in com.codahale.metrics.InstrumentedScheduledExecutorServiceTest
[INFO] Running com.codahale.metrics.MeterTest
[INFO] Tests run: 2, Failures: 0, Errors: 0, Skipped: 0, Time elapsed: 0.003 s - in com.codahale.metrics.MeterTest
[INFO] Running com.codahale.metrics.HistogramTest
[INFO] Tests run: 3, Failures: 0, Errors: 0, Skipped: 0, Time elapsed: 0.002 s - in com.codahale.metrics.HistogramTest
[INFO] Running com.codahale.metrics.MetricRegistryListenerTest
[INFO] Tests run: 6, Failures: 0, Errors: 0, Skipped: 0, Time elapsed: 0.003 s - in com.codahale.metrics.MetricRegistryListenerTest
[INFO] Running com.codahale.metrics.InstrumentedExecutorServiceTest
[INFO] Tests run: 2, Failures: 0, Errors: 0, Skipped: 0, Time elapsed: 0.004 s - in com.codahale.metrics.InstrumentedExecutorServiceTest
[INFO] Running com.codahale.metrics.EWMATest
[INFO] Tests run: 3, Failures: 0, Errors: 0, Skipped: 0, Time elapsed: 0.001 s - in com.codahale.metrics.EWMATest
[INFO] Running com.codahale.metrics.SlidingTimeWindowReservoirTest
[INFO] Tests run: 3, Failures: 0, Errors: 0, Skipped: 0, Time elapsed: 1.449 s - in com.codahale.metrics.SlidingTimeWindowReservoirTest
[INFO] Running com.codahale.metrics.MeterApproximationTest
[INFO] Tests run: 12, Failures: 0, Errors: 0, Skipped: 0, Time elapsed: 0.027 s - in com.codahale.metrics.MeterApproximationTest
[INFO] Running com.codahale.metrics.Slf4jReporterTest
[INFO] Tests run: 16, Failures: 0, Errors: 0, Skipped: 0, Time elapsed: 0.085 s - in com.codahale.metrics.Slf4jReporterTest
[INFO] Running com.codahale.metrics.ExponentiallyDecayingReservoirTest
[INFO] Tests run: 24, Failures: 0, Errors: 0, Skipped: 0, Time elapsed: 0.07 s - in com.codahale.metrics.ExponentiallyDecayingReservoirTest
[INFO] Running com.codahale.metrics.CsvReporterTest
[INFO] Tests run: 7, Failures: 0, Errors: 0, Skipped: 0, Time elapsed: 0.028 s - in com.codahale.metrics.CsvReporterTest
[INFO] Running com.codahale.metrics.SlidingWindowReservoirTest
[INFO] Tests run: 2, Failures: 0, Errors: 0, Skipped: 0, Time elapsed: 0 s - in com.codahale.metrics.SlidingWindowReservoirTest
[INFO] Running com.codahale.metrics.ConsoleReporterTest
[INFO] Tests run: 8, Failures: 0, Errors: 0, Skipped: 0, Time elapsed: 0.028 s - in com.codahale.metrics.ConsoleReporterTest
[INFO] Running com.codahale.metrics.NoopMetricRegistryTest
[INFO] Tests run: 39, Failures: 0, Errors: 0, Skipped: 0, Time elapsed: 0.011 s - in com.codahale.metrics.NoopMetricRegistryTest
[INFO] Running com.codahale.metrics.UniformSnapshotTest
[INFO] Tests run: 25, Failures: 0, Errors: 0, Skipped: 0, Time elapsed: 0.001 s - in com.codahale.metrics.UniformSnapshotTest
[INFO] Running com.codahale.metrics.SlidingTimeWindowMovingAveragesTest
[INFO] Tests run: 9, Failures: 0, Errors: 0, Skipped: 0, Time elapsed: 0.023 s - in com.codahale.metrics.SlidingTimeWindowMovingAveragesTest
[INFO] Running com.codahale.metrics.DerivativeGaugeTest
[INFO] Tests run: 1, Failures: 0, Errors: 0, Skipped: 0, Time elapsed: 0 s - in com.codahale.metrics.DerivativeGaugeTest
[INFO] 
[INFO] Results:
[INFO] 
[INFO] Tests run: 310, Failures: 0, Errors: 0, Skipped: 0
[INFO] 
[INFO] 
[INFO] --------------< io.dropwizard.metrics:metrics-benchmarks >--------------
[INFO] Building Benchmarks for Metrics 4.2.0-SNAPSHOT                    [6/33]
[INFO] --------------------------------[ jar ]---------------------------------
[INFO] 
[INFO] --- maven-clean-plugin:2.5:clean (default-clean) @ metrics-benchmarks ---
[INFO] Deleting /home/gabsko/breaking-updates/metrics-benchmarks/target
[INFO] 
[INFO] --- maven-enforcer-plugin:1.4.1:enforce (enforce) @ metrics-benchmarks ---
[INFO] 
[INFO] --- jacoco-maven-plugin:0.8.6:prepare-agent (prepare-agent) @ metrics-benchmarks ---
[INFO] argLine set to -javaagent:/home/gabsko/.m2/repository/org/jacoco/org.jacoco.agent/0.8.6/org.jacoco.agent-0.8.6-runtime.jar=destfile=/home/gabsko/breaking-updates/metrics-benchmarks/target/jacoco.exec
[INFO] 
[INFO] --- maven-resources-plugin:2.6:resources (default-resources) @ metrics-benchmarks ---
[INFO] Using 'UTF-8' encoding to copy filtered resources.
[INFO] skip non existing resourceDirectory /home/gabsko/breaking-updates/metrics-benchmarks/src/main/resources
[INFO] 
[INFO] --- maven-compiler-plugin:3.8.1:compile (default-compile) @ metrics-benchmarks ---
[INFO] Changes detected - recompiling the module!
[INFO] Compiling 5 source files to /home/gabsko/breaking-updates/metrics-benchmarks/target/classes
[WARNING] bootstrap class path not set in conjunction with -source 8
[WARNING] /home/gabsko/breaking-updates/metrics-benchmarks/src/main/java/com/codahale/metrics/benchmarks/SlidingTimeWindowReservoirsBenchmark.java:[23,4] [MissingSummary] A summary line is required on public/protected Javadocs.
    (see https://google.github.io/styleguide/javaguide.html#s7.2-summary-fragment)
[INFO] 
[INFO] --- maven-resources-plugin:2.6:testResources (default-testResources) @ metrics-benchmarks ---
[INFO] Using 'UTF-8' encoding to copy filtered resources.
[INFO] skip non existing resourceDirectory /home/gabsko/breaking-updates/metrics-benchmarks/src/test/resources
[INFO] 
[INFO] --- maven-compiler-plugin:3.8.1:testCompile (default-testCompile) @ metrics-benchmarks ---
[INFO] No sources to compile
[INFO] 
[INFO] --- maven-surefire-plugin:2.22.2:test (default-test) @ metrics-benchmarks ---
[INFO] No tests to run.
[INFO] 
[INFO] ---------------< io.dropwizard.metrics:metrics-caffeine >---------------
[INFO] Building Metrics Integration for Caffeine 2.x 4.2.0-SNAPSHOT      [7/33]
[INFO] -------------------------------[ bundle ]-------------------------------
[INFO] 
[INFO] --- maven-clean-plugin:2.5:clean (default-clean) @ metrics-caffeine ---
[INFO] Deleting /home/gabsko/breaking-updates/metrics-caffeine/target
[INFO] 
[INFO] --- maven-enforcer-plugin:1.4.1:enforce (enforce) @ metrics-caffeine ---
[INFO] 
[INFO] --- jacoco-maven-plugin:0.8.6:prepare-agent (prepare-agent) @ metrics-caffeine ---
[INFO] argLine set to -javaagent:/home/gabsko/.m2/repository/org/jacoco/org.jacoco.agent/0.8.6/org.jacoco.agent-0.8.6-runtime.jar=destfile=/home/gabsko/breaking-updates/metrics-caffeine/target/jacoco.exec
[INFO] 
[INFO] --- maven-resources-plugin:3.3.0:resources (default-resources) @ metrics-caffeine ---
[INFO] skip non existing resourceDirectory /home/gabsko/breaking-updates/metrics-caffeine/src/main/resources
[INFO] 
[INFO] --- maven-compiler-plugin:3.8.1:compile (default-compile) @ metrics-caffeine ---
[INFO] Changes detected - recompiling the module!
[INFO] Compiling 1 source file to /home/gabsko/breaking-updates/metrics-caffeine/target/classes
[WARNING] bootstrap class path not set in conjunction with -source 8
[INFO] 
[INFO] --- maven-resources-plugin:3.3.0:testResources (default-testResources) @ metrics-caffeine ---
[INFO] skip non existing resourceDirectory /home/gabsko/breaking-updates/metrics-caffeine/src/test/resources
[INFO] 
[INFO] --- maven-compiler-plugin:3.8.1:testCompile (default-testCompile) @ metrics-caffeine ---
[INFO] Changes detected - recompiling the module!
[INFO] Compiling 1 source file to /home/gabsko/breaking-updates/metrics-caffeine/target/test-classes
[WARNING] bootstrap class path not set in conjunction with -source 8
[WARNING] /home/gabsko/breaking-updates/metrics-caffeine/src/test/java/com/codahale/metrics/caffeine/MetricsStatsCounterTest.java:[88,10] recordEviction() in com.codahale.metrics.caffeine.MetricsStatsCounter has been deprecated
[WARNING] /home/gabsko/breaking-updates/metrics-caffeine/src/test/java/com/codahale/metrics/caffeine/MetricsStatsCounterTest.java:[95,10] recordEviction(int) in com.codahale.metrics.caffeine.MetricsStatsCounter has been deprecated
[INFO] 
[INFO] --- maven-surefire-plugin:2.22.2:test (default-test) @ metrics-caffeine ---
[INFO] 
[INFO] -------------------------------------------------------
[INFO]  T E S T S
[INFO] -------------------------------------------------------
[INFO] Running com.codahale.metrics.caffeine.MetricsStatsCounterTest
[INFO] Tests run: 8, Failures: 0, Errors: 0, Skipped: 0, Time elapsed: 0.118 s - in com.codahale.metrics.caffeine.MetricsStatsCounterTest
[INFO] 
[INFO] Results:
[INFO] 
[INFO] Tests run: 8, Failures: 0, Errors: 0, Skipped: 0
[INFO] 
[INFO] 
[INFO] --------------< io.dropwizard.metrics:metrics-caffeine3 >---------------
[INFO] Building Metrics Integration for Caffeine 3.x 4.2.0-SNAPSHOT      [8/33]
[INFO] -------------------------------[ bundle ]-------------------------------
[INFO] 
[INFO] --- maven-clean-plugin:2.5:clean (default-clean) @ metrics-caffeine3 ---
[INFO] Deleting /home/gabsko/breaking-updates/metrics-caffeine3/target
[INFO] 
[INFO] --- maven-enforcer-plugin:1.4.1:enforce (enforce) @ metrics-caffeine3 ---
[INFO] 
[INFO] --- jacoco-maven-plugin:0.8.6:prepare-agent (prepare-agent) @ metrics-caffeine3 ---
[INFO] argLine set to -javaagent:/home/gabsko/.m2/repository/org/jacoco/org.jacoco.agent/0.8.6/org.jacoco.agent-0.8.6-runtime.jar=destfile=/home/gabsko/breaking-updates/metrics-caffeine3/target/jacoco.exec
[INFO] 
[INFO] --- maven-resources-plugin:3.3.0:resources (default-resources) @ metrics-caffeine3 ---
[INFO] skip non existing resourceDirectory /home/gabsko/breaking-updates/metrics-caffeine3/src/main/resources
[INFO] 
[INFO] --- maven-compiler-plugin:3.8.1:compile (default-compile) @ metrics-caffeine3 ---
[INFO] Changes detected - recompiling the module!
[INFO] Compiling 1 source file to /home/gabsko/breaking-updates/metrics-caffeine3/target/classes
[WARNING] bootstrap class path not set in conjunction with -source 8
[INFO] 
[INFO] --- maven-resources-plugin:3.3.0:testResources (default-testResources) @ metrics-caffeine3 ---
[INFO] skip non existing resourceDirectory /home/gabsko/breaking-updates/metrics-caffeine3/src/test/resources
[INFO] 
[INFO] --- maven-compiler-plugin:3.8.1:testCompile (default-testCompile) @ metrics-caffeine3 ---
[INFO] Changes detected - recompiling the module!
[INFO] Compiling 1 source file to /home/gabsko/breaking-updates/metrics-caffeine3/target/test-classes
[WARNING] bootstrap class path not set in conjunction with -source 8
[INFO] 
[INFO] --- maven-surefire-plugin:2.22.2:test (default-test) @ metrics-caffeine3 ---
[INFO] 
[INFO] -------------------------------------------------------
[INFO]  T E S T S
[INFO] -------------------------------------------------------
[INFO] Running io.dropwizard.metrics.caffeine3.MetricsStatsCounterTest
[INFO] Tests run: 6, Failures: 0, Errors: 0, Skipped: 0, Time elapsed: 0.109 s - in io.dropwizard.metrics.caffeine3.MetricsStatsCounterTest
[INFO] 
[INFO] Results:
[INFO] 
[INFO] Tests run: 6, Failures: 0, Errors: 0, Skipped: 0
[INFO] 
[INFO] 
[INFO] ---------------< io.dropwizard.metrics:metrics-collectd >---------------
[INFO] Building Metrics Integration for Collectd 4.2.0-SNAPSHOT          [9/33]
[INFO] -------------------------------[ bundle ]-------------------------------
[INFO] 
[INFO] --- maven-clean-plugin:2.5:clean (default-clean) @ metrics-collectd ---
[INFO] Deleting /home/gabsko/breaking-updates/metrics-collectd/target
[INFO] 
[INFO] --- maven-enforcer-plugin:1.4.1:enforce (enforce) @ metrics-collectd ---
[INFO] 
[INFO] --- jacoco-maven-plugin:0.8.6:prepare-agent (prepare-agent) @ metrics-collectd ---
[INFO] argLine set to -javaagent:/home/gabsko/.m2/repository/org/jacoco/org.jacoco.agent/0.8.6/org.jacoco.agent-0.8.6-runtime.jar=destfile=/home/gabsko/breaking-updates/metrics-collectd/target/jacoco.exec
[INFO] 
[INFO] --- maven-resources-plugin:3.3.0:resources (default-resources) @ metrics-collectd ---
[INFO] skip non existing resourceDirectory /home/gabsko/breaking-updates/metrics-collectd/src/main/resources
[INFO] 
[INFO] --- maven-compiler-plugin:3.8.1:compile (default-compile) @ metrics-collectd ---
[INFO] Changes detected - recompiling the module!
[INFO] Compiling 7 source files to /home/gabsko/breaking-updates/metrics-collectd/target/classes
[WARNING] bootstrap class path not set in conjunction with -source 8
[WARNING] /home/gabsko/breaking-updates/metrics-collectd/src/main/java/com/codahale/metrics/collectd/PacketWriter.java:[157,49] redundant cast to java.nio.ByteBuffer
[WARNING] /home/gabsko/breaking-updates/metrics-collectd/src/main/java/com/codahale/metrics/collectd/PacketWriter.java:[166,22] redundant cast to java.nio.ByteBuffer
[WARNING] /home/gabsko/breaking-updates/metrics-collectd/src/main/java/com/codahale/metrics/collectd/PacketWriter.java:[161,16] redundant cast to java.nio.ByteBuffer
[WARNING] /home/gabsko/breaking-updates/metrics-collectd/src/main/java/com/codahale/metrics/collectd/PacketWriter.java:[191,22] redundant cast to java.nio.ByteBuffer
[WARNING] /home/gabsko/breaking-updates/metrics-collectd/src/main/java/com/codahale/metrics/collectd/PacketWriter.java:[189,36] redundant cast to java.nio.ByteBuffer
[WARNING] /home/gabsko/breaking-updates/metrics-collectd/src/main/java/com/codahale/metrics/collectd/PacketWriter.java:[194,16] redundant cast to java.nio.ByteBuffer
[WARNING] /home/gabsko/breaking-updates/metrics-collectd/src/main/java/com/codahale/metrics/collectd/PacketWriter.java:[239,41] redundant cast to java.nio.ByteBuffer
[WARNING] /home/gabsko/breaking-updates/metrics-collectd/src/main/java/com/codahale/metrics/collectd/CollectdReporter.java:[182,37] [InconsistentCapitalization] Found the field 'hostName' with the same name as the parameter 'hostname' but with different capitalization.
    (see https://errorprone.info/bugpattern/InconsistentCapitalization)
  Did you mean 'String hostName, Sender sender,'?
[INFO] 
[INFO] --- maven-resources-plugin:3.3.0:testResources (default-testResources) @ metrics-collectd ---
[INFO] skip non existing resourceDirectory /home/gabsko/breaking-updates/metrics-collectd/src/test/resources
[INFO] 
[INFO] --- maven-compiler-plugin:3.8.1:testCompile (default-testCompile) @ metrics-collectd ---
[INFO] Changes detected - recompiling the module!
[INFO] Compiling 5 source files to /home/gabsko/breaking-updates/metrics-collectd/target/test-classes
[WARNING] bootstrap class path not set in conjunction with -source 8
[WARNING] /home/gabsko/breaking-updates/metrics-collectd/src/test/java/com/codahale/metrics/collectd/SanitizeTest.java:[24,77] [UnnecessaryParentheses] These grouping parentheses are unnecessary; it is unlikely the code will be misinterpreted without them
    (see https://errorprone.info/bugpattern/UnnecessaryParentheses)
  Did you mean 'assertThat(sanitize.name(longName)).isEqualTo(longName.substring(0, Sanitize.DEFAULT_MAX_LENGTH));'?
[WARNING] /home/gabsko/breaking-updates/metrics-collectd/src/test/java/com/codahale/metrics/collectd/Receiver.java:[49,17] [CatchAndPrintStackTrace] Logging or rethrowing exceptions should usually be preferred to catching and calling printStackTrace
    (see https://errorprone.info/bugpattern/CatchAndPrintStackTrace)
[INFO] 
[INFO] --- maven-surefire-plugin:2.22.2:test (default-test) @ metrics-collectd ---
[INFO] 
[INFO] -------------------------------------------------------
[INFO]  T E S T S
[INFO] -------------------------------------------------------
[INFO] Running com.codahale.metrics.collectd.CollectdReporterSecurityTest
[INFO] Tests run: 2, Failures: 0, Errors: 0, Skipped: 0, Time elapsed: 0.084 s - in com.codahale.metrics.collectd.CollectdReporterSecurityTest
[INFO] Running com.codahale.metrics.collectd.CollectdReporterTest
[main] WARN com.codahale.metrics.collectd.CollectdReporter - Failed to process metric 'unsupported'. Unsupported gauge of type: java.lang.String 
java.net.SocketException: Socket closed
	at java.base/java.net.PlainDatagramSocketImpl.receive0(Native Method)
	at java.base/java.net.AbstractPlainDatagramSocketImpl.receive(AbstractPlainDatagramSocketImpl.java:200)
	at java.base/java.net.DatagramSocket.receive(DatagramSocket.java:814)
	at org.collectd.protocol.UdpReceiver.listen(UdpReceiver.java:266)
	at com.codahale.metrics.collectd.Receiver.lambda$before$0(Receiver.java:47)
	at java.base/java.lang.Thread.run(Thread.java:829)
[INFO] Tests run: 15, Failures: 0, Errors: 0, Skipped: 0, Time elapsed: 2.382 s - in com.codahale.metrics.collectd.CollectdReporterTest
[INFO] Running com.codahale.metrics.collectd.PacketWriterTest
[INFO] Tests run: 2, Failures: 0, Errors: 0, Skipped: 0, Time elapsed: 0.039 s - in com.codahale.metrics.collectd.PacketWriterTest
[INFO] Running com.codahale.metrics.collectd.SanitizeTest
[INFO] Tests run: 5, Failures: 0, Errors: 0, Skipped: 0, Time elapsed: 0.001 s - in com.codahale.metrics.collectd.SanitizeTest
[INFO] 
[INFO] Results:
[INFO] 
[INFO] Tests run: 24, Failures: 0, Errors: 0, Skipped: 0
[INFO] 
[INFO] 
[INFO] ---------------< io.dropwizard.metrics:metrics-ehcache >----------------
[INFO] Building Metrics Integration for Ehcache 4.2.0-SNAPSHOT          [10/33]
[INFO] -------------------------------[ bundle ]-------------------------------
[INFO] 
[INFO] --- maven-clean-plugin:2.5:clean (default-clean) @ metrics-ehcache ---
[INFO] Deleting /home/gabsko/breaking-updates/metrics-ehcache/target
[INFO] 
[INFO] --- maven-enforcer-plugin:1.4.1:enforce (enforce) @ metrics-ehcache ---
[INFO] 
[INFO] --- jacoco-maven-plugin:0.8.6:prepare-agent (prepare-agent) @ metrics-ehcache ---
[INFO] argLine set to -javaagent:/home/gabsko/.m2/repository/org/jacoco/org.jacoco.agent/0.8.6/org.jacoco.agent-0.8.6-runtime.jar=destfile=/home/gabsko/breaking-updates/metrics-ehcache/target/jacoco.exec
[INFO] 
[INFO] --- maven-resources-plugin:3.3.0:resources (default-resources) @ metrics-ehcache ---
[INFO] skip non existing resourceDirectory /home/gabsko/breaking-updates/metrics-ehcache/src/main/resources
[INFO] 
[INFO] --- maven-compiler-plugin:3.8.1:compile (default-compile) @ metrics-ehcache ---
[INFO] Changes detected - recompiling the module!
[INFO] Compiling 2 source files to /home/gabsko/breaking-updates/metrics-ehcache/target/classes
[WARNING] bootstrap class path not set in conjunction with -source 8
[INFO] 
[INFO] --- maven-resources-plugin:3.3.0:testResources (default-testResources) @ metrics-ehcache ---
[INFO] Copying 1 resource
[INFO] 
[INFO] --- maven-compiler-plugin:3.8.1:testCompile (default-testCompile) @ metrics-ehcache ---
[INFO] Changes detected - recompiling the module!
[INFO] Compiling 2 source files to /home/gabsko/breaking-updates/metrics-ehcache/target/test-classes
[WARNING] bootstrap class path not set in conjunction with -source 8
[INFO] 
[INFO] --- maven-surefire-plugin:2.22.2:test (default-test) @ metrics-ehcache ---
[INFO] 
[INFO] -------------------------------------------------------
[INFO]  T E S T S
[INFO] -------------------------------------------------------
[INFO] Running com.codahale.metrics.ehcache.InstrumentedEhcacheTest
[INFO] Tests run: 1, Failures: 0, Errors: 0, Skipped: 0, Time elapsed: 0.226 s - in com.codahale.metrics.ehcache.InstrumentedEhcacheTest
[INFO] Running com.codahale.metrics.ehcache.InstrumentedCacheDecoratorFactoryTest
[INFO] Tests run: 2, Failures: 0, Errors: 0, Skipped: 0, Time elapsed: 0.002 s - in com.codahale.metrics.ehcache.InstrumentedCacheDecoratorFactoryTest
[INFO] 
[INFO] Results:
[INFO] 
[INFO] Tests run: 3, Failures: 0, Errors: 0, Skipped: 0
[INFO] 
[INFO] 
[INFO] ---------------< io.dropwizard.metrics:metrics-graphite >---------------
[INFO] Building Graphite Integration for Metrics 4.2.0-SNAPSHOT         [11/33]
[INFO] -------------------------------[ bundle ]-------------------------------
[INFO] 
[INFO] --- maven-clean-plugin:2.5:clean (default-clean) @ metrics-graphite ---
[INFO] Deleting /home/gabsko/breaking-updates/metrics-graphite/target
[INFO] 
[INFO] --- maven-enforcer-plugin:1.4.1:enforce (enforce) @ metrics-graphite ---
[INFO] 
[INFO] --- jacoco-maven-plugin:0.8.6:prepare-agent (prepare-agent) @ metrics-graphite ---
[INFO] argLine set to -javaagent:/home/gabsko/.m2/repository/org/jacoco/org.jacoco.agent/0.8.6/org.jacoco.agent-0.8.6-runtime.jar=destfile=/home/gabsko/breaking-updates/metrics-graphite/target/jacoco.exec
[INFO] 
[INFO] --- maven-resources-plugin:3.3.0:resources (default-resources) @ metrics-graphite ---
[INFO] skip non existing resourceDirectory /home/gabsko/breaking-updates/metrics-graphite/src/main/resources
[INFO] 
[INFO] --- maven-compiler-plugin:3.8.1:compile (default-compile) @ metrics-graphite ---
[INFO] Changes detected - recompiling the module!
[INFO] Compiling 7 source files to /home/gabsko/breaking-updates/metrics-graphite/target/classes
[WARNING] bootstrap class path not set in conjunction with -source 8
[WARNING] /home/gabsko/breaking-updates/metrics-graphite/src/main/java/com/codahale/metrics/graphite/Graphite.java:[130,62] [OperatorPrecedence] Use grouping parenthesis to make the operator precedence explicit
    (see https://errorprone.info/bugpattern/OperatorPrecedence)
  Did you mean 'if (address == null || (address.getHostName() == null && hostname != null)) {'?
[WARNING] /home/gabsko/breaking-updates/metrics-graphite/src/main/java/com/codahale/metrics/graphite/GraphiteReporter.java:[252,49] [UnnecessaryLambda] Returning a lambda from a helper method or saving it in a constant is unnecessary; prefer to implement the functional interface method directly and use a method reference instead.
    (see https://errorprone.info/bugpattern/UnnecessaryLambda)
  Did you mean 'this.floatingPointFormatter = GraphiteReporter::defaultFpFormatter;'?
[INFO] 
[INFO] --- maven-resources-plugin:3.3.0:testResources (default-testResources) @ metrics-graphite ---
[INFO] Copying 1 resource
[INFO] 
[INFO] --- maven-compiler-plugin:3.8.1:testCompile (default-testCompile) @ metrics-graphite ---
[INFO] Changes detected - recompiling the module!
[INFO] Compiling 6 source files to /home/gabsko/breaking-updates/metrics-graphite/target/test-classes
[WARNING] bootstrap class path not set in conjunction with -source 8
[INFO] 
[INFO] --- maven-surefire-plugin:2.22.2:test (default-test) @ metrics-graphite ---
[INFO] 
[INFO] -------------------------------------------------------
[INFO]  T E S T S
[INFO] -------------------------------------------------------
[INFO] Running com.codahale.metrics.graphite.GraphiteUDPTest
[INFO] Tests run: 2, Failures: 0, Errors: 0, Skipped: 0, Time elapsed: 0.383 s - in com.codahale.metrics.graphite.GraphiteUDPTest
[INFO] Running com.codahale.metrics.graphite.GraphiteReporterTest
[main] WARN com.codahale.metrics.graphite.GraphiteReporter - Unable to report to Graphite
java.net.UnknownHostException: UNKNOWN-HOST
	at com.codahale.metrics.graphite.GraphiteReporter.report(GraphiteReporter.java:374)
	at com.codahale.metrics.graphite.GraphiteReporterTest.closesConnectionIfGraphiteIsUnavailable(GraphiteReporterTest.java:432)
	at java.base/jdk.internal.reflect.NativeMethodAccessorImpl.invoke0(Native Method)
	at java.base/jdk.internal.reflect.NativeMethodAccessorImpl.invoke(NativeMethodAccessorImpl.java:62)
	at java.base/jdk.internal.reflect.DelegatingMethodAccessorImpl.invoke(DelegatingMethodAccessorImpl.java:43)
	at java.base/java.lang.reflect.Method.invoke(Method.java:566)
	at org.junit.runners.model.FrameworkMethod$1.runReflectiveCall(FrameworkMethod.java:59)
	at org.junit.internal.runners.model.ReflectiveCallable.run(ReflectiveCallable.java:12)
	at org.junit.runners.model.FrameworkMethod.invokeExplosively(FrameworkMethod.java:56)
	at org.junit.internal.runners.statements.InvokeMethod.evaluate(InvokeMethod.java:17)
	at org.junit.internal.runners.statements.RunBefores.evaluate(RunBefores.java:26)
	at org.junit.runners.ParentRunner$3.evaluate(ParentRunner.java:306)
	at org.junit.runners.BlockJUnit4ClassRunner$1.evaluate(BlockJUnit4ClassRunner.java:100)
	at org.junit.runners.ParentRunner.runLeaf(ParentRunner.java:366)
	at org.junit.runners.BlockJUnit4ClassRunner.runChild(BlockJUnit4ClassRunner.java:103)
	at org.junit.runners.BlockJUnit4ClassRunner.runChild(BlockJUnit4ClassRunner.java:63)
	at org.junit.runners.ParentRunner$4.run(ParentRunner.java:331)
	at org.junit.runners.ParentRunner$1.schedule(ParentRunner.java:79)
	at org.junit.runners.ParentRunner.runChildren(ParentRunner.java:329)
	at org.junit.runners.ParentRunner.access$100(ParentRunner.java:66)
	at org.junit.runners.ParentRunner$2.evaluate(ParentRunner.java:293)
	at org.junit.runners.ParentRunner$3.evaluate(ParentRunner.java:306)
	at org.junit.runners.ParentRunner.run(ParentRunner.java:413)
	at org.apache.maven.surefire.junit4.JUnit4Provider.execute(JUnit4Provider.java:365)
	at org.apache.maven.surefire.junit4.JUnit4Provider.executeWithRerun(JUnit4Provider.java:273)
	at org.apache.maven.surefire.junit4.JUnit4Provider.executeTestSet(JUnit4Provider.java:238)
	at org.apache.maven.surefire.junit4.JUnit4Provider.invoke(JUnit4Provider.java:159)
	at org.apache.maven.surefire.booter.ForkedBooter.invokeProviderInSameClassLoader(ForkedBooter.java:384)
	at org.apache.maven.surefire.booter.ForkedBooter.runSuitesInProcess(ForkedBooter.java:345)
	at org.apache.maven.surefire.booter.ForkedBooter.execute(ForkedBooter.java:126)
	at org.apache.maven.surefire.booter.ForkedBooter.main(ForkedBooter.java:418)
[INFO] Tests run: 19, Failures: 0, Errors: 0, Skipped: 0, Time elapsed: 0.188 s - in com.codahale.metrics.graphite.GraphiteReporterTest
[INFO] Running com.codahale.metrics.graphite.GraphiteTest
[INFO] Tests run: 9, Failures: 0, Errors: 0, Skipped: 0, Time elapsed: 0.079 s - in com.codahale.metrics.graphite.GraphiteTest
[INFO] Running com.codahale.metrics.graphite.PickledGraphiteTest
[INFO] Tests run: 7, Failures: 0, Errors: 0, Skipped: 0, Time elapsed: 1.537 s - in com.codahale.metrics.graphite.PickledGraphiteTest
[INFO] Running com.codahale.metrics.graphite.GraphiteRabbitMQTest
[INFO] Tests run: 7, Failures: 0, Errors: 0, Skipped: 0, Time elapsed: 0.149 s - in com.codahale.metrics.graphite.GraphiteRabbitMQTest
[INFO] Running com.codahale.metrics.graphite.GraphiteSanitizeTest
[INFO] Tests run: 1, Failures: 0, Errors: 0, Skipped: 0, Time elapsed: 0.388 s - in com.codahale.metrics.graphite.GraphiteSanitizeTest
[INFO] 
[INFO] Results:
[INFO] 
[INFO] Tests run: 45, Failures: 0, Errors: 0, Skipped: 0
[INFO] 
[INFO] 
[INFO] -----------------< io.dropwizard.metrics:metrics-jvm >------------------
[INFO] Building JVM Integration for Metrics 4.2.0-SNAPSHOT              [12/33]
[INFO] -------------------------------[ bundle ]-------------------------------
[INFO] 
[INFO] --- maven-clean-plugin:2.5:clean (default-clean) @ metrics-jvm ---
[INFO] Deleting /home/gabsko/breaking-updates/metrics-jvm/target
[INFO] 
[INFO] --- maven-enforcer-plugin:1.4.1:enforce (enforce) @ metrics-jvm ---
[INFO] 
[INFO] --- jacoco-maven-plugin:0.8.6:prepare-agent (prepare-agent) @ metrics-jvm ---
[INFO] argLine set to -javaagent:/home/gabsko/.m2/repository/org/jacoco/org.jacoco.agent/0.8.6/org.jacoco.agent-0.8.6-runtime.jar=destfile=/home/gabsko/breaking-updates/metrics-jvm/target/jacoco.exec
[INFO] 
[INFO] --- maven-resources-plugin:3.3.0:resources (default-resources) @ metrics-jvm ---
[INFO] skip non existing resourceDirectory /home/gabsko/breaking-updates/metrics-jvm/src/main/resources
[INFO] 
[INFO] --- maven-compiler-plugin:3.8.1:compile (default-compile) @ metrics-jvm ---
[INFO] Changes detected - recompiling the module!
[INFO] Compiling 12 source files to /home/gabsko/breaking-updates/metrics-jvm/target/classes
[WARNING] bootstrap class path not set in conjunction with -source 8
[INFO] 
[INFO] --- maven-resources-plugin:3.3.0:testResources (default-testResources) @ metrics-jvm ---
[INFO] skip non existing resourceDirectory /home/gabsko/breaking-updates/metrics-jvm/src/test/resources
[INFO] 
[INFO] --- maven-compiler-plugin:3.8.1:testCompile (default-testCompile) @ metrics-jvm ---
[INFO] Changes detected - recompiling the module!
[INFO] Compiling 12 source files to /home/gabsko/breaking-updates/metrics-jvm/target/test-classes
[WARNING] bootstrap class path not set in conjunction with -source 8
[WARNING] /home/gabsko/breaking-updates/metrics-jvm/src/test/java/com/codahale/metrics/jvm/FileDescriptorRatioGaugeSunManagementNotExistsTest.java:[61,43] [URLEqualsHashCode] Avoid hash-based containers of java.net.URL--the containers rely on equals() and hashCode(), which cause java.net.URL to make blocking internet connections.
    (see https://errorprone.info/bugpattern/URLEqualsHashCode)
[INFO] 
[INFO] --- maven-surefire-plugin:2.22.2:test (default-test) @ metrics-jvm ---
[INFO] 
[INFO] -------------------------------------------------------
[INFO]  T E S T S
[INFO] -------------------------------------------------------
[INFO] Running com.codahale.metrics.jvm.ThreadDeadlockDetectorTest
[INFO] Tests run: 3, Failures: 0, Errors: 0, Skipped: 0, Time elapsed: 0.524 s - in com.codahale.metrics.jvm.ThreadDeadlockDetectorTest
[INFO] Running com.codahale.metrics.jvm.ClassLoadingGaugeSetTest
[INFO] Tests run: 2, Failures: 0, Errors: 0, Skipped: 0, Time elapsed: 0.024 s - in com.codahale.metrics.jvm.ClassLoadingGaugeSetTest
[INFO] Running com.codahale.metrics.jvm.FileDescriptorRatioGaugeTest
[INFO] Tests run: 3, Failures: 0, Errors: 0, Skipped: 0, Time elapsed: 0.038 s - in com.codahale.metrics.jvm.FileDescriptorRatioGaugeTest
[INFO] Running com.codahale.metrics.jvm.GarbageCollectorMetricSetTest
[INFO] Tests run: 4, Failures: 0, Errors: 0, Skipped: 0, Time elapsed: 0.032 s - in com.codahale.metrics.jvm.GarbageCollectorMetricSetTest
[INFO] Running com.codahale.metrics.jvm.BufferPoolMetricSetTest
[INFO] Tests run: 8, Failures: 0, Errors: 0, Skipped: 0, Time elapsed: 0.05 s - in com.codahale.metrics.jvm.BufferPoolMetricSetTest
[INFO] Running com.codahale.metrics.jvm.MemoryUsageGaugeSetTest
[INFO] Tests run: 23, Failures: 0, Errors: 0, Skipped: 0, Time elapsed: 0.104 s - in com.codahale.metrics.jvm.MemoryUsageGaugeSetTest
[INFO] Running com.codahale.metrics.jvm.ThreadStatesGaugeSetTest
[INFO] Tests run: 9, Failures: 0, Errors: 0, Skipped: 0, Time elapsed: 0.018 s - in com.codahale.metrics.jvm.ThreadStatesGaugeSetTest
[INFO] Running com.codahale.metrics.jvm.FileDescriptorRatioGaugeSunManagementNotExistsTest
[INFO] Tests run: 1, Failures: 0, Errors: 0, Skipped: 0, Time elapsed: 0.002 s - in com.codahale.metrics.jvm.FileDescriptorRatioGaugeSunManagementNotExistsTest
[INFO] Running com.codahale.metrics.jvm.ThreadDumpTest
[INFO] Tests run: 1, Failures: 0, Errors: 0, Skipped: 0, Time elapsed: 0.003 s - in com.codahale.metrics.jvm.ThreadDumpTest
[INFO] Running com.codahale.metrics.jvm.JmxAttributeGaugeTest
[INFO] Tests run: 5, Failures: 0, Errors: 0, Skipped: 0, Time elapsed: 0.065 s - in com.codahale.metrics.jvm.JmxAttributeGaugeTest
[INFO] Running com.codahale.metrics.jvm.CpuTimeClockTest
[INFO] Tests run: 1, Failures: 0, Errors: 0, Skipped: 0, Time elapsed: 0.001 s - in com.codahale.metrics.jvm.CpuTimeClockTest
[INFO] Running com.codahale.metrics.jvm.JvmAttributeGaugeSetTest
[INFO] Tests run: 5, Failures: 0, Errors: 0, Skipped: 0, Time elapsed: 0.016 s - in com.codahale.metrics.jvm.JvmAttributeGaugeSetTest
[INFO] 
[INFO] Results:
[INFO] 
[INFO] Tests run: 65, Failures: 0, Errors: 0, Skipped: 0
[INFO] 
[INFO] 
[INFO] -------------< io.dropwizard.metrics:metrics-healthchecks >-------------
[INFO] Building Metrics Health Checks 4.2.0-SNAPSHOT                    [13/33]
[INFO] -------------------------------[ bundle ]-------------------------------
[INFO] 
[INFO] --- maven-clean-plugin:2.5:clean (default-clean) @ metrics-healthchecks ---
[INFO] Deleting /home/gabsko/breaking-updates/metrics-healthchecks/target
[INFO] 
[INFO] --- maven-enforcer-plugin:1.4.1:enforce (enforce) @ metrics-healthchecks ---
[INFO] 
[INFO] --- jacoco-maven-plugin:0.8.6:prepare-agent (prepare-agent) @ metrics-healthchecks ---
[INFO] argLine set to -javaagent:/home/gabsko/.m2/repository/org/jacoco/org.jacoco.agent/0.8.6/org.jacoco.agent-0.8.6-runtime.jar=destfile=/home/gabsko/breaking-updates/metrics-healthchecks/target/jacoco.exec
[INFO] 
[INFO] --- maven-resources-plugin:3.3.0:resources (default-resources) @ metrics-healthchecks ---
[INFO] skip non existing resourceDirectory /home/gabsko/breaking-updates/metrics-healthchecks/src/main/resources
[INFO] 
[INFO] --- maven-compiler-plugin:3.8.1:compile (default-compile) @ metrics-healthchecks ---
[INFO] Changes detected - recompiling the module!
[INFO] Compiling 8 source files to /home/gabsko/breaking-updates/metrics-healthchecks/target/classes
[WARNING] bootstrap class path not set in conjunction with -source 8
[WARNING] /home/gabsko/breaking-updates/metrics-healthchecks/src/main/java/com/codahale/metrics/health/HealthCheck.java:[57,30] [AnnotateFormatMethod] This method passes a pair of parameters through to String.format, but the enclosing method wasn't annotated @FormatMethod. Doing so gives compile-time rather than run-time protection against malformed format strings.
    (see https://errorprone.info/bugpattern/AnnotateFormatMethod)
[WARNING] /home/gabsko/breaking-updates/metrics-healthchecks/src/main/java/com/codahale/metrics/health/HealthCheck.java:[81,30] [AnnotateFormatMethod] This method passes a pair of parameters through to String.format, but the enclosing method wasn't annotated @FormatMethod. Doing so gives compile-time rather than run-time protection against malformed format strings.
    (see https://errorprone.info/bugpattern/AnnotateFormatMethod)
[WARNING] /home/gabsko/breaking-updates/metrics-healthchecks/src/main/java/com/codahale/metrics/health/HealthCheck.java:[201,24] [EqualsGetClass] Prefer instanceof to getClass when implementing Object#equals.
    (see https://errorprone.info/bugpattern/EqualsGetClass)
  Did you mean 'if (!(o instanceof Result)) {'?
[WARNING] /home/gabsko/breaking-updates/metrics-healthchecks/src/main/java/com/codahale/metrics/health/HealthCheck.java:[220,39] [UnnecessaryParentheses] These grouping parentheses are unnecessary; it is unlikely the code will be misinterpreted without them
    (see https://errorprone.info/bugpattern/UnnecessaryParentheses)
  Did you mean 'result = PRIME * result + Long.hashCode(time);'?
[WARNING] /home/gabsko/breaking-updates/metrics-healthchecks/src/main/java/com/codahale/metrics/health/HealthCheck.java:[318,30] [AnnotateFormatMethod] This method passes a pair of parameters through to String.format, but the enclosing method wasn't annotated @FormatMethod. Doing so gives compile-time rather than run-time protection against malformed format strings.
    (see https://errorprone.info/bugpattern/AnnotateFormatMethod)
[WARNING] /home/gabsko/breaking-updates/metrics-healthchecks/src/main/java/com/codahale/metrics/health/HealthCheckRegistry.java:[284,30] [ThreadPriorityCheck] Relying on the thread scheduler is discouraged.
    (see https://errorprone.info/bugpattern/ThreadPriorityCheck)
[INFO] 
[INFO] --- maven-resources-plugin:3.3.0:testResources (default-testResources) @ metrics-healthchecks ---
[INFO] skip non existing resourceDirectory /home/gabsko/breaking-updates/metrics-healthchecks/src/test/resources
[INFO] 
[INFO] --- maven-compiler-plugin:3.8.1:testCompile (default-testCompile) @ metrics-healthchecks ---
[INFO] Changes detected - recompiling the module!
[INFO] Compiling 6 source files to /home/gabsko/breaking-updates/metrics-healthchecks/target/test-classes
[WARNING] bootstrap class path not set in conjunction with -source 8
[WARNING] /home/gabsko/breaking-updates/metrics-healthchecks/src/test/java/com/codahale/metrics/health/SharedHealthCheckRegistriesTest.java:[15,67] none() in org.junit.rules.ExpectedException has been deprecated
[WARNING] /home/gabsko/breaking-updates/metrics-healthchecks/src/test/java/com/codahale/metrics/health/HealthCheckTest.java:[234,51] [JavaTimeDefaultTimeZone] ZonedDateTime.now() is not allowed because it silently uses the system default time-zone. You must pass an explicit time-zone (e.g., ZoneId.of("America/Los_Angeles")) to this method.
    (see https://errorprone.info/bugpattern/JavaTimeDefaultTimeZone)
  Did you mean 'ZonedDateTime dateTime = ZonedDateTime.now(ZoneId.systemDefault()).minusMinutes(10);'?
[WARNING] /home/gabsko/breaking-updates/metrics-healthchecks/src/test/java/com/codahale/metrics/health/HealthCheckTest.java:[252,51] [JavaTimeDefaultTimeZone] ZonedDateTime.now() is not allowed because it silently uses the system default time-zone. You must pass an explicit time-zone (e.g., ZoneId.of("America/Los_Angeles")) to this method.
    (see https://errorprone.info/bugpattern/JavaTimeDefaultTimeZone)
  Did you mean 'ZonedDateTime dateTime = ZonedDateTime.now(ZoneId.systemDefault()).minusMinutes(25);'?
[INFO] 
[INFO] --- maven-surefire-plugin:2.22.2:test (default-test) @ metrics-healthchecks ---
[INFO] 
[INFO] -------------------------------------------------------
[INFO]  T E S T S
[INFO] -------------------------------------------------------
[INFO] Running com.codahale.metrics.health.HealthCheckRegistryTest
[INFO] Tests run: 17, Failures: 0, Errors: 0, Skipped: 0, Time elapsed: 0.482 s - in com.codahale.metrics.health.HealthCheckRegistryTest
[INFO] Running com.codahale.metrics.health.SharedHealthCheckRegistriesTest
[INFO] Tests run: 9, Failures: 0, Errors: 0, Skipped: 0, Time elapsed: 0.021 s - in com.codahale.metrics.health.SharedHealthCheckRegistriesTest
[INFO] Running com.codahale.metrics.health.HealthCheckTest
[INFO] Tests run: 14, Failures: 0, Errors: 0, Skipped: 0, Time elapsed: 0.04 s - in com.codahale.metrics.health.HealthCheckTest
[INFO] Running com.codahale.metrics.health.HealthCheckFilterTest
[INFO] Tests run: 1, Failures: 0, Errors: 0, Skipped: 0, Time elapsed: 0 s - in com.codahale.metrics.health.HealthCheckFilterTest
[INFO] Running com.codahale.metrics.health.jvm.ThreadDeadlockHealthCheckTest
[INFO] Tests run: 3, Failures: 0, Errors: 0, Skipped: 0, Time elapsed: 0.007 s - in com.codahale.metrics.health.jvm.ThreadDeadlockHealthCheckTest
[INFO] Running com.codahale.metrics.health.AsyncHealthCheckDecoratorTest
[INFO] Tests run: 15, Failures: 0, Errors: 0, Skipped: 0, Time elapsed: 0.009 s - in com.codahale.metrics.health.AsyncHealthCheckDecoratorTest
[INFO] 
[INFO] Results:
[INFO] 
[INFO] Tests run: 59, Failures: 0, Errors: 0, Skipped: 0
[INFO] 
[INFO] 
[INFO] --------------< io.dropwizard.metrics:metrics-httpclient >--------------
[INFO] Building Metrics Integration for Apache HttpClient 4.2.0-SNAPSHOT [14/33]
[INFO] -------------------------------[ bundle ]-------------------------------
[INFO] 
[INFO] --- maven-clean-plugin:2.5:clean (default-clean) @ metrics-httpclient ---
[INFO] Deleting /home/gabsko/breaking-updates/metrics-httpclient/target
[INFO] 
[INFO] --- maven-enforcer-plugin:1.4.1:enforce (enforce) @ metrics-httpclient ---
[INFO] 
[INFO] --- jacoco-maven-plugin:0.8.6:prepare-agent (prepare-agent) @ metrics-httpclient ---
[INFO] argLine set to -javaagent:/home/gabsko/.m2/repository/org/jacoco/org.jacoco.agent/0.8.6/org.jacoco.agent-0.8.6-runtime.jar=destfile=/home/gabsko/breaking-updates/metrics-httpclient/target/jacoco.exec
[INFO] 
[INFO] --- maven-resources-plugin:3.3.0:resources (default-resources) @ metrics-httpclient ---
[INFO] skip non existing resourceDirectory /home/gabsko/breaking-updates/metrics-httpclient/src/main/resources
[INFO] 
[INFO] --- maven-compiler-plugin:3.8.1:compile (default-compile) @ metrics-httpclient ---
[INFO] Changes detected - recompiling the module!
[INFO] Compiling 5 source files to /home/gabsko/breaking-updates/metrics-httpclient/target/classes
[WARNING] bootstrap class path not set in conjunction with -source 8
[INFO] 
[INFO] --- maven-resources-plugin:3.3.0:testResources (default-testResources) @ metrics-httpclient ---
[INFO] skip non existing resourceDirectory /home/gabsko/breaking-updates/metrics-httpclient/src/test/resources
[INFO] 
[INFO] --- maven-compiler-plugin:3.8.1:testCompile (default-testCompile) @ metrics-httpclient ---
[INFO] Changes detected - recompiling the module!
[INFO] Compiling 3 source files to /home/gabsko/breaking-updates/metrics-httpclient/target/test-classes
[WARNING] bootstrap class path not set in conjunction with -source 8
[WARNING] /home/gabsko/breaking-updates/metrics-httpclient/src/test/java/com/codahale/metrics/httpclient/HttpClientMetricNameStrategiesTest.java:[25,9] <T>assertThat(T,org.hamcrest.Matcher<? super T>) in org.junit.Assert has been deprecated
[WARNING] /home/gabsko/breaking-updates/metrics-httpclient/src/test/java/com/codahale/metrics/httpclient/HttpClientMetricNameStrategiesTest.java:[31,9] <T>assertThat(T,org.hamcrest.Matcher<? super T>) in org.junit.Assert has been deprecated
[WARNING] /home/gabsko/breaking-updates/metrics-httpclient/src/test/java/com/codahale/metrics/httpclient/HttpClientMetricNameStrategiesTest.java:[37,9] <T>assertThat(T,org.hamcrest.Matcher<? super T>) in org.junit.Assert has been deprecated
[WARNING] /home/gabsko/breaking-updates/metrics-httpclient/src/test/java/com/codahale/metrics/httpclient/HttpClientMetricNameStrategiesTest.java:[43,9] <T>assertThat(T,org.hamcrest.Matcher<? super T>) in org.junit.Assert has been deprecated
[WARNING] /home/gabsko/breaking-updates/metrics-httpclient/src/test/java/com/codahale/metrics/httpclient/HttpClientMetricNameStrategiesTest.java:[51,9] <T>assertThat(T,org.hamcrest.Matcher<? super T>) in org.junit.Assert has been deprecated
[WARNING] /home/gabsko/breaking-updates/metrics-httpclient/src/test/java/com/codahale/metrics/httpclient/HttpClientMetricNameStrategiesTest.java:[59,9] <T>assertThat(T,org.hamcrest.Matcher<? super T>) in org.junit.Assert has been deprecated
[WARNING] /home/gabsko/breaking-updates/metrics-httpclient/src/test/java/com/codahale/metrics/httpclient/HttpClientMetricNameStrategiesTest.java:[65,9] <T>assertThat(T,org.hamcrest.Matcher<? super T>) in org.junit.Assert has been deprecated
[WARNING] /home/gabsko/breaking-updates/metrics-httpclient/src/test/java/com/codahale/metrics/httpclient/HttpClientMetricNameStrategiesTest.java:[71,9] <T>assertThat(T,org.hamcrest.Matcher<? super T>) in org.junit.Assert has been deprecated
[WARNING] /home/gabsko/breaking-updates/metrics-httpclient/src/test/java/com/codahale/metrics/httpclient/HttpClientMetricNameStrategiesTest.java:[78,9] <T>assertThat(T,org.hamcrest.Matcher<? super T>) in org.junit.Assert has been deprecated
[WARNING] /home/gabsko/breaking-updates/metrics-httpclient/src/test/java/com/codahale/metrics/httpclient/HttpClientMetricNameStrategiesTest.java:[85,9] <T>assertThat(T,org.hamcrest.Matcher<? super T>) in org.junit.Assert has been deprecated
[WARNING] /home/gabsko/breaking-updates/metrics-httpclient/src/test/java/com/codahale/metrics/httpclient/HttpClientMetricNameStrategiesTest.java:[91,9] <T>assertThat(T,org.hamcrest.Matcher<? super T>) in org.junit.Assert has been deprecated
[WARNING] /home/gabsko/breaking-updates/metrics-httpclient/src/test/java/com/codahale/metrics/httpclient/HttpClientMetricNameStrategiesTest.java:[100,9] <T>assertThat(T,org.hamcrest.Matcher<? super T>) in org.junit.Assert has been deprecated
[WARNING] /home/gabsko/breaking-updates/metrics-httpclient/src/test/java/com/codahale/metrics/httpclient/HttpClientMetricNameStrategiesTest.java:[108,27] rewriteURI(java.net.URI,org.apache.http.HttpHost,boolean) in org.apache.http.client.utils.URIUtils has been deprecated
[INFO] 
[INFO] --- maven-surefire-plugin:2.22.2:test (default-test) @ metrics-httpclient ---
[INFO] 
[INFO] -------------------------------------------------------
[INFO]  T E S T S
[INFO] -------------------------------------------------------
[INFO] Running com.codahale.metrics.httpclient.InstrumentedHttpClientsTest
[INFO] Tests run: 2, Failures: 0, Errors: 0, Skipped: 0, Time elapsed: 0.86 s - in com.codahale.metrics.httpclient.InstrumentedHttpClientsTest
[INFO] Running com.codahale.metrics.httpclient.InstrumentedHttpClientConnectionManagerTest
[INFO] Tests run: 2, Failures: 0, Errors: 0, Skipped: 0, Time elapsed: 0.06 s - in com.codahale.metrics.httpclient.InstrumentedHttpClientConnectionManagerTest
[INFO] Running com.codahale.metrics.httpclient.HttpClientMetricNameStrategiesTest
[INFO] Tests run: 12, Failures: 0, Errors: 0, Skipped: 0, Time elapsed: 0.007 s - in com.codahale.metrics.httpclient.HttpClientMetricNameStrategiesTest
[INFO] 
[INFO] Results:
[INFO] 
[INFO] Tests run: 16, Failures: 0, Errors: 0, Skipped: 0
[INFO] 
[INFO] 
[INFO] -------------< io.dropwizard.metrics:metrics-httpclient5 >--------------
[INFO] Building Metrics Integration for Apache HttpClient 5.x 4.2.0-SNAPSHOT [15/33]
[INFO] -------------------------------[ bundle ]-------------------------------
[INFO] 
[INFO] --- maven-clean-plugin:2.5:clean (default-clean) @ metrics-httpclient5 ---
[INFO] Deleting /home/gabsko/breaking-updates/metrics-httpclient5/target
[INFO] 
[INFO] --- maven-enforcer-plugin:1.4.1:enforce (enforce) @ metrics-httpclient5 ---
[INFO] 
[INFO] --- jacoco-maven-plugin:0.8.6:prepare-agent (prepare-agent) @ metrics-httpclient5 ---
[INFO] argLine set to -javaagent:/home/gabsko/.m2/repository/org/jacoco/org.jacoco.agent/0.8.6/org.jacoco.agent-0.8.6-runtime.jar=destfile=/home/gabsko/breaking-updates/metrics-httpclient5/target/jacoco.exec
[INFO] 
[INFO] --- maven-resources-plugin:3.3.0:resources (default-resources) @ metrics-httpclient5 ---
[INFO] skip non existing resourceDirectory /home/gabsko/breaking-updates/metrics-httpclient5/src/main/resources
[INFO] 
[INFO] --- maven-compiler-plugin:3.8.1:compile (default-compile) @ metrics-httpclient5 ---
[INFO] Changes detected - recompiling the module!
[INFO] Compiling 8 source files to /home/gabsko/breaking-updates/metrics-httpclient5/target/classes
[WARNING] bootstrap class path not set in conjunction with -source 8
[INFO] 
[INFO] --- maven-resources-plugin:3.3.0:testResources (default-testResources) @ metrics-httpclient5 ---
[INFO] skip non existing resourceDirectory /home/gabsko/breaking-updates/metrics-httpclient5/src/test/resources
[INFO] 
[INFO] --- maven-compiler-plugin:3.8.1:testCompile (default-testCompile) @ metrics-httpclient5 ---
[INFO] Changes detected - recompiling the module!
[INFO] Compiling 5 source files to /home/gabsko/breaking-updates/metrics-httpclient5/target/test-classes
[WARNING] bootstrap class path not set in conjunction with -source 8
[WARNING] /home/gabsko/breaking-updates/metrics-httpclient5/src/test/java/com/codahale/metrics/httpclient5/HttpClientMetricNameStrategiesTest.java:[24,9] <T>assertThat(T,org.hamcrest.Matcher<? super T>) in org.junit.Assert has been deprecated
[WARNING] /home/gabsko/breaking-updates/metrics-httpclient5/src/test/java/com/codahale/metrics/httpclient5/HttpClientMetricNameStrategiesTest.java:[30,9] <T>assertThat(T,org.hamcrest.Matcher<? super T>) in org.junit.Assert has been deprecated
[WARNING] /home/gabsko/breaking-updates/metrics-httpclient5/src/test/java/com/codahale/metrics/httpclient5/HttpClientMetricNameStrategiesTest.java:[36,9] <T>assertThat(T,org.hamcrest.Matcher<? super T>) in org.junit.Assert has been deprecated
[WARNING] /home/gabsko/breaking-updates/metrics-httpclient5/src/test/java/com/codahale/metrics/httpclient5/HttpClientMetricNameStrategiesTest.java:[42,9] <T>assertThat(T,org.hamcrest.Matcher<? super T>) in org.junit.Assert has been deprecated
[WARNING] /home/gabsko/breaking-updates/metrics-httpclient5/src/test/java/com/codahale/metrics/httpclient5/HttpClientMetricNameStrategiesTest.java:[50,9] <T>assertThat(T,org.hamcrest.Matcher<? super T>) in org.junit.Assert has been deprecated
[WARNING] /home/gabsko/breaking-updates/metrics-httpclient5/src/test/java/com/codahale/metrics/httpclient5/HttpClientMetricNameStrategiesTest.java:[58,9] <T>assertThat(T,org.hamcrest.Matcher<? super T>) in org.junit.Assert has been deprecated
[WARNING] /home/gabsko/breaking-updates/metrics-httpclient5/src/test/java/com/codahale/metrics/httpclient5/HttpClientMetricNameStrategiesTest.java:[64,9] <T>assertThat(T,org.hamcrest.Matcher<? super T>) in org.junit.Assert has been deprecated
[WARNING] /home/gabsko/breaking-updates/metrics-httpclient5/src/test/java/com/codahale/metrics/httpclient5/HttpClientMetricNameStrategiesTest.java:[73,9] <T>assertThat(T,org.hamcrest.Matcher<? super T>) in org.junit.Assert has been deprecated
[INFO] 
[INFO] --- maven-surefire-plugin:2.22.2:test (default-test) @ metrics-httpclient5 ---
[INFO] 
[INFO] -------------------------------------------------------
[INFO]  T E S T S
[INFO] -------------------------------------------------------
[INFO] Running com.codahale.metrics.httpclient5.InstrumentedHttpClientsTest
[INFO] Tests run: 2, Failures: 0, Errors: 0, Skipped: 0, Time elapsed: 0.851 s - in com.codahale.metrics.httpclient5.InstrumentedHttpClientsTest
[INFO] Running com.codahale.metrics.httpclient5.InstrumentedAsyncClientConnectionManagerTest
[INFO] Tests run: 2, Failures: 0, Errors: 0, Skipped: 0, Time elapsed: 0.082 s - in com.codahale.metrics.httpclient5.InstrumentedAsyncClientConnectionManagerTest
[INFO] Running com.codahale.metrics.httpclient5.InstrumentedHttpClientConnectionManagerTest
[INFO] Tests run: 2, Failures: 0, Errors: 0, Skipped: 0, Time elapsed: 0.002 s - in com.codahale.metrics.httpclient5.InstrumentedHttpClientConnectionManagerTest
[INFO] Running com.codahale.metrics.httpclient5.HttpClientMetricNameStrategiesTest
[INFO] Tests run: 8, Failures: 0, Errors: 0, Skipped: 0, Time elapsed: 0.007 s - in com.codahale.metrics.httpclient5.HttpClientMetricNameStrategiesTest
[INFO] Running com.codahale.metrics.httpclient5.InstrumentedHttpAsyncClientsTest
[INFO] Tests run: 2, Failures: 0, Errors: 0, Skipped: 0, Time elapsed: 0.502 s - in com.codahale.metrics.httpclient5.InstrumentedHttpAsyncClientsTest
[INFO] 
[INFO] Results:
[INFO] 
[INFO] Tests run: 16, Failures: 0, Errors: 0, Skipped: 0
[INFO] 
[INFO] 
[INFO] -----------< io.dropwizard.metrics:metrics-httpasyncclient >------------
[INFO] Building Metrics Integration for Apache HttpAsyncClient 4.2.0-SNAPSHOT [16/33]
[INFO] -------------------------------[ bundle ]-------------------------------
[INFO] 
[INFO] --- maven-clean-plugin:2.5:clean (default-clean) @ metrics-httpasyncclient ---
[INFO] Deleting /home/gabsko/breaking-updates/metrics-httpasyncclient/target
[INFO] 
[INFO] --- maven-enforcer-plugin:1.4.1:enforce (enforce) @ metrics-httpasyncclient ---
[INFO] 
[INFO] --- jacoco-maven-plugin:0.8.6:prepare-agent (prepare-agent) @ metrics-httpasyncclient ---
[INFO] argLine set to -javaagent:/home/gabsko/.m2/repository/org/jacoco/org.jacoco.agent/0.8.6/org.jacoco.agent-0.8.6-runtime.jar=destfile=/home/gabsko/breaking-updates/metrics-httpasyncclient/target/jacoco.exec
[INFO] 
[INFO] --- maven-resources-plugin:3.3.0:resources (default-resources) @ metrics-httpasyncclient ---
[INFO] skip non existing resourceDirectory /home/gabsko/breaking-updates/metrics-httpasyncclient/src/main/resources
[INFO] 
[INFO] --- maven-compiler-plugin:3.8.1:compile (default-compile) @ metrics-httpasyncclient ---
[INFO] Changes detected - recompiling the module!
[INFO] Compiling 2 source files to /home/gabsko/breaking-updates/metrics-httpasyncclient/target/classes
[WARNING] bootstrap class path not set in conjunction with -source 8
[INFO] 
[INFO] --- maven-resources-plugin:3.3.0:testResources (default-testResources) @ metrics-httpasyncclient ---
[INFO] skip non existing resourceDirectory /home/gabsko/breaking-updates/metrics-httpasyncclient/src/test/resources
[INFO] 
[INFO] --- maven-compiler-plugin:3.8.1:testCompile (default-testCompile) @ metrics-httpasyncclient ---
[INFO] Changes detected - recompiling the module!
[INFO] Compiling 3 source files to /home/gabsko/breaking-updates/metrics-httpasyncclient/target/test-classes
[WARNING] bootstrap class path not set in conjunction with -source 8
[WARNING] /home/gabsko/breaking-updates/metrics-httpasyncclient/src/test/java/com/codahale/metrics/httpasyncclient/HttpClientTestBase.java:[26,8] [MissingSummary] A summary fragment is required; consider using the value of the @return block as a summary fragment instead.
    (see https://google.github.io/styleguide/javaguide.html#s7.2-summary-fragment)
  Did you mean '*Returns a free local port or {@code -1} on error.'?
[INFO] 
[INFO] --- maven-surefire-plugin:2.22.2:test (default-test) @ metrics-httpasyncclient ---
[INFO] 
[INFO] -------------------------------------------------------
[INFO]  T E S T S
[INFO] -------------------------------------------------------
[INFO] Running com.codahale.metrics.httpasyncclient.InstrumentedHttpClientsTimerTest
[WARNING] Tests run: 1, Failures: 0, Errors: 0, Skipped: 1, Time elapsed: 0.024 s - in com.codahale.metrics.httpasyncclient.InstrumentedHttpClientsTimerTest
[INFO] Running com.codahale.metrics.httpasyncclient.InstrumentedHttpClientsTest
[INFO] Tests run: 1, Failures: 0, Errors: 0, Skipped: 0, Time elapsed: 0.799 s - in com.codahale.metrics.httpasyncclient.InstrumentedHttpClientsTest
[INFO] 
[INFO] Results:
[INFO] 
[WARNING] Tests run: 2, Failures: 0, Errors: 0, Skipped: 1
[INFO] 
[INFO] 
[INFO] -----------< io.dropwizard.metrics:metrics-jakarta-servlet >------------
[INFO] Building Metrics Integration for Jakarta Servlets 4.2.0-SNAPSHOT [17/33]
[INFO] -------------------------------[ bundle ]-------------------------------
[INFO] 
[INFO] --- maven-clean-plugin:2.5:clean (default-clean) @ metrics-jakarta-servlet ---
[INFO] Deleting /home/gabsko/breaking-updates/metrics-jakarta-servlet/target
[INFO] 
[INFO] --- maven-enforcer-plugin:1.4.1:enforce (enforce) @ metrics-jakarta-servlet ---
[INFO] 
[INFO] --- jacoco-maven-plugin:0.8.6:prepare-agent (prepare-agent) @ metrics-jakarta-servlet ---
[INFO] argLine set to -javaagent:/home/gabsko/.m2/repository/org/jacoco/org.jacoco.agent/0.8.6/org.jacoco.agent-0.8.6-runtime.jar=destfile=/home/gabsko/breaking-updates/metrics-jakarta-servlet/target/jacoco.exec
[INFO] 
[INFO] --- maven-resources-plugin:3.3.0:resources (default-resources) @ metrics-jakarta-servlet ---
[INFO] skip non existing resourceDirectory /home/gabsko/breaking-updates/metrics-jakarta-servlet/src/main/resources
[INFO] 
[INFO] --- maven-compiler-plugin:3.8.1:compile (default-compile) @ metrics-jakarta-servlet ---
[INFO] Changes detected - recompiling the module!
[INFO] Compiling 3 source files to /home/gabsko/breaking-updates/metrics-jakarta-servlet/target/classes
[WARNING] bootstrap class path not set in conjunction with -source 8
[WARNING] /home/gabsko/breaking-updates/metrics-jakarta-servlet/src/main/java/io/dropwizard/metrics/servlet/InstrumentedFilterContextListener.java:[14,8] [MissingSummary] A summary fragment is required; consider using the value of the @return block as a summary fragment instead.
    (see https://google.github.io/styleguide/javaguide.html#s7.2-summary-fragment)
  Did you mean '*Returns the {@link MetricRegistry} to inject into the servlet context.'?
[WARNING] /home/gabsko/breaking-updates/metrics-jakarta-servlet/src/main/java/io/dropwizard/metrics/servlet/AbstractInstrumentedFilter.java:[73,14] [BadImport] Importing nested classes/static methods/static fields with commonly-used names can make code harder to read, because it may not be clear from the context exactly which type is being referred to. Qualifying the name with that of the containing class can make the code clearer. Here we recommend using qualified class: Map.
    (see https://errorprone.info/bugpattern/BadImport)
  Did you mean 'for (Map.Entry<Integer, String> entry : meterNamesByStatusCode.entrySet()) {'?
[INFO] 
[INFO] --- maven-resources-plugin:3.3.0:testResources (default-testResources) @ metrics-jakarta-servlet ---
[INFO] skip non existing resourceDirectory /home/gabsko/breaking-updates/metrics-jakarta-servlet/src/test/resources
[INFO] 
[INFO] --- maven-compiler-plugin:3.8.1:testCompile (default-testCompile) @ metrics-jakarta-servlet ---
[INFO] Changes detected - recompiling the module!
[INFO] Compiling 1 source file to /home/gabsko/breaking-updates/metrics-jakarta-servlet/target/test-classes
[WARNING] bootstrap class path not set in conjunction with -source 8
[INFO] 
[INFO] --- maven-surefire-plugin:2.22.2:test (default-test) @ metrics-jakarta-servlet ---
[INFO] 
[INFO] -------------------------------------------------------
[INFO]  T E S T S
[INFO] -------------------------------------------------------
[INFO] Running io.dropwizard.metrics.servlet.InstrumentedFilterContextListenerTest
[INFO] Tests run: 1, Failures: 0, Errors: 0, Skipped: 0, Time elapsed: 0.438 s - in io.dropwizard.metrics.servlet.InstrumentedFilterContextListenerTest
[INFO] 
[INFO] Results:
[INFO] 
[INFO] Tests run: 1, Failures: 0, Errors: 0, Skipped: 0
[INFO] 
[INFO] 
[INFO] -----------------< io.dropwizard.metrics:metrics-json >-----------------
[INFO] Building Jackson Integration for Metrics 4.2.0-SNAPSHOT          [18/33]
[INFO] -------------------------------[ bundle ]-------------------------------
[INFO] 
[INFO] --- maven-clean-plugin:2.5:clean (default-clean) @ metrics-json ---
[INFO] Deleting /home/gabsko/breaking-updates/metrics-json/target
[INFO] 
[INFO] --- maven-enforcer-plugin:1.4.1:enforce (enforce) @ metrics-json ---
[INFO] 
[INFO] --- jacoco-maven-plugin:0.8.6:prepare-agent (prepare-agent) @ metrics-json ---
[INFO] argLine set to -javaagent:/home/gabsko/.m2/repository/org/jacoco/org.jacoco.agent/0.8.6/org.jacoco.agent-0.8.6-runtime.jar=destfile=/home/gabsko/breaking-updates/metrics-json/target/jacoco.exec
[INFO] 
[INFO] --- maven-resources-plugin:3.3.0:resources (default-resources) @ metrics-json ---
[INFO] skip non existing resourceDirectory /home/gabsko/breaking-updates/metrics-json/src/main/resources
[INFO] 
[INFO] --- maven-compiler-plugin:3.8.1:compile (default-compile) @ metrics-json ---
[INFO] Changes detected - recompiling the module!
[INFO] Compiling 2 source files to /home/gabsko/breaking-updates/metrics-json/target/classes
[WARNING] bootstrap class path not set in conjunction with -source 8
[INFO] 
[INFO] --- maven-resources-plugin:3.3.0:testResources (default-testResources) @ metrics-json ---
[INFO] skip non existing resourceDirectory /home/gabsko/breaking-updates/metrics-json/src/test/resources
[INFO] 
[INFO] --- maven-compiler-plugin:3.8.1:testCompile (default-testCompile) @ metrics-json ---
[INFO] Changes detected - recompiling the module!
[INFO] Compiling 2 source files to /home/gabsko/breaking-updates/metrics-json/target/test-classes
[WARNING] bootstrap class path not set in conjunction with -source 8
[INFO] 
[INFO] --- maven-surefire-plugin:2.22.2:test (default-test) @ metrics-json ---
[INFO] 
[INFO] -------------------------------------------------------
[INFO]  T E S T S
[INFO] -------------------------------------------------------
[INFO] Running com.codahale.metrics.json.MetricsModuleTest
[INFO] Tests run: 7, Failures: 0, Errors: 0, Skipped: 0, Time elapsed: 0.579 s - in com.codahale.metrics.json.MetricsModuleTest
[INFO] Running com.codahale.metrics.json.HealthCheckModuleTest
[INFO] Tests run: 6, Failures: 0, Errors: 0, Skipped: 0, Time elapsed: 0.024 s - in com.codahale.metrics.json.HealthCheckModuleTest
[INFO] 
[INFO] Results:
[INFO] 
[INFO] Tests run: 13, Failures: 0, Errors: 0, Skipped: 0
[INFO] 
[INFO] 
[INFO] ---------------< io.dropwizard.metrics:metrics-jetty11 >----------------
[INFO] Building Metrics Integration for Jetty 11.x and higher 4.2.0-SNAPSHOT [19/33]
[INFO] -------------------------------[ bundle ]-------------------------------
[INFO] 
[INFO] --- maven-clean-plugin:2.5:clean (default-clean) @ metrics-jetty11 ---
[INFO] Deleting /home/gabsko/breaking-updates/metrics-jetty11/target
[INFO] 
[INFO] --- maven-enforcer-plugin:1.4.1:enforce (enforce) @ metrics-jetty11 ---
[INFO] 
[INFO] --- jacoco-maven-plugin:0.8.6:prepare-agent (prepare-agent) @ metrics-jetty11 ---
[INFO] argLine set to -javaagent:/home/gabsko/.m2/repository/org/jacoco/org.jacoco.agent/0.8.6/org.jacoco.agent-0.8.6-runtime.jar=destfile=/home/gabsko/breaking-updates/metrics-jetty11/target/jacoco.exec
[INFO] 
[INFO] --- maven-resources-plugin:3.3.0:resources (default-resources) @ metrics-jetty11 ---
[INFO] skip non existing resourceDirectory /home/gabsko/breaking-updates/metrics-jetty11/src/main/resources
[INFO] 
[INFO] --- maven-compiler-plugin:3.8.1:compile (default-compile) @ metrics-jetty11 ---
[INFO] Changes detected - recompiling the module!
[INFO] Compiling 4 source files to /home/gabsko/breaking-updates/metrics-jetty11/target/classes
[WARNING] bootstrap class path not set in conjunction with -source 8
[INFO] 
[INFO] --- maven-resources-plugin:3.3.0:testResources (default-testResources) @ metrics-jetty11 ---
[INFO] skip non existing resourceDirectory /home/gabsko/breaking-updates/metrics-jetty11/src/test/resources
[INFO] 
[INFO] --- maven-compiler-plugin:3.8.1:testCompile (default-testCompile) @ metrics-jetty11 ---
[INFO] Changes detected - recompiling the module!
[INFO] Compiling 4 source files to /home/gabsko/breaking-updates/metrics-jetty11/target/test-classes
[WARNING] bootstrap class path not set in conjunction with -source 8
[INFO] 
[INFO] --- maven-surefire-plugin:2.22.2:test (default-test) @ metrics-jetty11 ---
[INFO] 
[INFO] -------------------------------------------------------
[INFO]  T E S T S
[INFO] -------------------------------------------------------
[INFO] Running io.dropwizard.metrics.jetty11.InstrumentedHandlerTest
[main] INFO org.eclipse.jetty.server.Server - jetty-11.0.1; built: 2021-02-19T22:03:05.556Z; git: e98092c1791fbda9d157dd5339cf3a909e90ab40; jvm 11.0.17+8-post-Ubuntu-1ubuntu218.04
[main] INFO org.eclipse.jetty.server.AbstractConnector - Started ServerConnector@50de0926{HTTP/1.1, (http/1.1)}{0.0.0.0:35817}
[main] INFO org.eclipse.jetty.server.Server - Started Server@701fc37a{STARTING}[11.0.1,sto=0] @440ms
[main] INFO org.eclipse.jetty.server.Server - Stopped Server@701fc37a{STOPPING}[11.0.1,sto=0]
[main] INFO org.eclipse.jetty.server.AbstractConnector - Stopped ServerConnector@50de0926{HTTP/1.1, (http/1.1)}{0.0.0.0:0}
[main] INFO org.eclipse.jetty.server.Server - jetty-11.0.1; built: 2021-02-19T22:03:05.556Z; git: e98092c1791fbda9d157dd5339cf3a909e90ab40; jvm 11.0.17+8-post-Ubuntu-1ubuntu218.04
[main] INFO org.eclipse.jetty.server.AbstractConnector - Started ServerConnector@611889f4{HTTP/1.1, (http/1.1)}{0.0.0.0:44009}
[main] INFO org.eclipse.jetty.server.Server - Started Server@48f278eb{STARTING}[11.0.1,sto=0] @679ms
[main] INFO org.eclipse.jetty.server.Server - Stopped Server@48f278eb{STOPPING}[11.0.1,sto=0]
[main] INFO org.eclipse.jetty.server.AbstractConnector - Stopped ServerConnector@611889f4{HTTP/1.1, (http/1.1)}{0.0.0.0:0}
[main] INFO org.eclipse.jetty.server.Server - jetty-11.0.1; built: 2021-02-19T22:03:05.556Z; git: e98092c1791fbda9d157dd5339cf3a909e90ab40; jvm 11.0.17+8-post-Ubuntu-1ubuntu218.04
[main] INFO org.eclipse.jetty.server.AbstractConnector - Started ServerConnector@3e27ba32{HTTP/1.1, (http/1.1)}{0.0.0.0:37517}
[main] INFO org.eclipse.jetty.server.Server - Started Server@3b0fe47a{STARTING}[11.0.1,sto=0] @861ms
[main] INFO org.eclipse.jetty.server.Server - Stopped Server@3b0fe47a{STOPPING}[11.0.1,sto=0]
[main] INFO org.eclipse.jetty.server.AbstractConnector - Stopped ServerConnector@3e27ba32{HTTP/1.1, (http/1.1)}{0.0.0.0:0}
[WARNING] Tests run: 4, Failures: 0, Errors: 0, Skipped: 1, Time elapsed: 0.825 s - in io.dropwizard.metrics.jetty11.InstrumentedHandlerTest
[INFO] Running io.dropwizard.metrics.jetty11.InstrumentedHttpChannelListenerTest
[main] INFO org.eclipse.jetty.server.Server - jetty-11.0.1; built: 2021-02-19T22:03:05.556Z; git: e98092c1791fbda9d157dd5339cf3a909e90ab40; jvm 11.0.17+8-post-Ubuntu-1ubuntu218.04
[main] INFO org.eclipse.jetty.server.AbstractConnector - Started ServerConnector@5b247367{HTTP/1.1, (http/1.1)}{0.0.0.0:36921}
[main] INFO org.eclipse.jetty.server.Server - Started Server@35841320{STARTING}[11.0.1,sto=0] @1021ms
[main] INFO org.eclipse.jetty.server.Server - Stopped Server@35841320{STOPPING}[11.0.1,sto=0]
[main] INFO org.eclipse.jetty.server.AbstractConnector - Stopped ServerConnector@5b247367{HTTP/1.1, (http/1.1)}{0.0.0.0:0}
[main] INFO org.eclipse.jetty.server.Server - jetty-11.0.1; built: 2021-02-19T22:03:05.556Z; git: e98092c1791fbda9d157dd5339cf3a909e90ab40; jvm 11.0.17+8-post-Ubuntu-1ubuntu218.04
[main] INFO org.eclipse.jetty.server.AbstractConnector - Started ServerConnector@673fdbce{HTTP/1.1, (http/1.1)}{0.0.0.0:44871}
[main] INFO org.eclipse.jetty.server.Server - Started Server@7a5ceedd{STARTING}[11.0.1,sto=0] @1375ms
[main] INFO org.eclipse.jetty.server.Server - Stopped Server@7a5ceedd{STOPPING}[11.0.1,sto=0]
[main] INFO org.eclipse.jetty.server.AbstractConnector - Stopped ServerConnector@673fdbce{HTTP/1.1, (http/1.1)}{0.0.0.0:0}
[main] INFO org.eclipse.jetty.server.Server - jetty-11.0.1; built: 2021-02-19T22:03:05.556Z; git: e98092c1791fbda9d157dd5339cf3a909e90ab40; jvm 11.0.17+8-post-Ubuntu-1ubuntu218.04
[main] INFO org.eclipse.jetty.server.AbstractConnector - Started ServerConnector@5c7933ad{HTTP/1.1, (http/1.1)}{0.0.0.0:43303}
[main] INFO org.eclipse.jetty.server.Server - Started Server@5fb759d6{STARTING}[11.0.1,sto=0] @1704ms
[main] INFO org.eclipse.jetty.server.Server - Stopped Server@5fb759d6{STOPPING}[11.0.1,sto=0]
[main] INFO org.eclipse.jetty.server.AbstractConnector - Stopped ServerConnector@5c7933ad{HTTP/1.1, (http/1.1)}{0.0.0.0:0}
[INFO] Tests run: 3, Failures: 0, Errors: 0, Skipped: 0, Time elapsed: 0.73 s - in io.dropwizard.metrics.jetty11.InstrumentedHttpChannelListenerTest
[INFO] Running io.dropwizard.metrics.jetty11.InstrumentedConnectionFactoryTest
[main] INFO org.eclipse.jetty.server.Server - jetty-11.0.1; built: 2021-02-19T22:03:05.556Z; git: e98092c1791fbda9d157dd5339cf3a909e90ab40; jvm 11.0.17+8-post-Ubuntu-1ubuntu218.04
[main] INFO org.eclipse.jetty.server.AbstractConnector - Started ServerConnector@782859e{HTTP/1.1, (http/1.1)}{0.0.0.0:36725}
[main] INFO org.eclipse.jetty.server.Server - Started Server@821330f{STARTING}[11.0.1,sto=0] @1742ms
[main] INFO org.eclipse.jetty.server.Server - Stopped Server@821330f{STOPPING}[11.0.1,sto=0]
[main] INFO org.eclipse.jetty.server.AbstractConnector - Stopped ServerConnector@782859e{HTTP/1.1, (http/1.1)}{0.0.0.0:0}
[main] INFO org.eclipse.jetty.server.Server - jetty-11.0.1; built: 2021-02-19T22:03:05.556Z; git: e98092c1791fbda9d157dd5339cf3a909e90ab40; jvm 11.0.17+8-post-Ubuntu-1ubuntu218.04
[main] INFO org.eclipse.jetty.server.AbstractConnector - Started ServerConnector@7dfb0c0f{HTTP/1.1, (http/1.1)}{0.0.0.0:45435}
[main] INFO org.eclipse.jetty.server.Server - Started Server@1f9e9475{STARTING}[11.0.1,sto=0] @1870ms
[main] INFO org.eclipse.jetty.server.Server - Stopped Server@1f9e9475{STOPPING}[11.0.1,sto=0]
[main] INFO org.eclipse.jetty.server.AbstractConnector - Stopped ServerConnector@7dfb0c0f{HTTP/1.1, (http/1.1)}{0.0.0.0:0}
[INFO] Tests run: 2, Failures: 0, Errors: 0, Skipped: 0, Time elapsed: 0.258 s - in io.dropwizard.metrics.jetty11.InstrumentedConnectionFactoryTest
[INFO] Running io.dropwizard.metrics.jetty11.InstrumentedQueuedThreadPoolTest
[INFO] Tests run: 2, Failures: 0, Errors: 0, Skipped: 0, Time elapsed: 0.02 s - in io.dropwizard.metrics.jetty11.InstrumentedQueuedThreadPoolTest
[INFO] 
[INFO] Results:
[INFO] 
[WARNING] Tests run: 11, Failures: 0, Errors: 0, Skipped: 1
[INFO] 
[INFO] 
[INFO] -----------< io.dropwizard.metrics:metrics-jakarta-servlets >-----------
[INFO] Building Metrics Utility Jakarta Servlets 4.2.0-SNAPSHOT         [20/33]
[INFO] -------------------------------[ bundle ]-------------------------------
[INFO] 
[INFO] --- maven-clean-plugin:2.5:clean (default-clean) @ metrics-jakarta-servlets ---
[INFO] Deleting /home/gabsko/breaking-updates/metrics-jakarta-servlets/target
[INFO] 
[INFO] --- maven-enforcer-plugin:1.4.1:enforce (enforce) @ metrics-jakarta-servlets ---
[INFO] 
[INFO] --- jacoco-maven-plugin:0.8.6:prepare-agent (prepare-agent) @ metrics-jakarta-servlets ---
[INFO] argLine set to -javaagent:/home/gabsko/.m2/repository/org/jacoco/org.jacoco.agent/0.8.6/org.jacoco.agent-0.8.6-runtime.jar=destfile=/home/gabsko/breaking-updates/metrics-jakarta-servlets/target/jacoco.exec
[INFO] 
[INFO] --- maven-resources-plugin:3.3.0:resources (default-resources) @ metrics-jakarta-servlets ---
[INFO] skip non existing resourceDirectory /home/gabsko/breaking-updates/metrics-jakarta-servlets/src/main/resources
[INFO] 
[INFO] --- maven-compiler-plugin:3.8.1:compile (default-compile) @ metrics-jakarta-servlets ---
[INFO] Changes detected - recompiling the module!
[INFO] Compiling 6 source files to /home/gabsko/breaking-updates/metrics-jakarta-servlets/target/classes
[WARNING] bootstrap class path not set in conjunction with -source 8
[WARNING] /home/gabsko/breaking-updates/metrics-jakarta-servlets/src/main/java/io/dropwizard/metrics/servlets/HealthCheckServlet.java:[27,12] [MissingSummary] A summary fragment is required; consider using the value of the @return block as a summary fragment instead.
    (see https://google.github.io/styleguide/javaguide.html#s7.2-summary-fragment)
  Did you mean '*Returns the {@link HealthCheckRegistry} to inject into the servlet context.'?
[WARNING] /home/gabsko/breaking-updates/metrics-jakarta-servlets/src/main/java/io/dropwizard/metrics/servlets/HealthCheckServlet.java:[32,12] [MissingSummary] A summary fragment is required; consider using the value of the @return block as a summary fragment instead.
    (see https://google.github.io/styleguide/javaguide.html#s7.2-summary-fragment)
  Did you mean '*Returns the {@link ExecutorService} to inject into the servlet context, or {@code null}'?
[WARNING] /home/gabsko/breaking-updates/metrics-jakarta-servlets/src/main/java/io/dropwizard/metrics/servlets/HealthCheckServlet.java:[41,12] [MissingSummary] A summary fragment is required; consider using the value of the @return block as a summary fragment instead.
    (see https://google.github.io/styleguide/javaguide.html#s7.2-summary-fragment)
  Did you mean '*Returns the {@link HealthCheckFilter} that shall be used to filter health checks,'?
[WARNING] /home/gabsko/breaking-updates/metrics-jakarta-servlets/src/main/java/io/dropwizard/metrics/servlets/MetricsServlet.java:[34,12] [MissingSummary] A summary fragment is required; consider using the value of the @return block as a summary fragment instead.
    (see https://google.github.io/styleguide/javaguide.html#s7.2-summary-fragment)
  Did you mean '*Returns the {@link MetricRegistry} to inject into the servlet context.'?
[WARNING] /home/gabsko/breaking-updates/metrics-jakarta-servlets/src/main/java/io/dropwizard/metrics/servlets/MetricsServlet.java:[39,12] [MissingSummary] A summary fragment is required; consider using the value of the @return block as a summary fragment instead.
    (see https://google.github.io/styleguide/javaguide.html#s7.2-summary-fragment)
  Did you mean '*Returns the {@link TimeUnit} to which rates should be converted, or {@code null} if the'?
[WARNING] /home/gabsko/breaking-updates/metrics-jakarta-servlets/src/main/java/io/dropwizard/metrics/servlets/MetricsServlet.java:[48,12] [MissingSummary] A summary fragment is required; consider using the value of the @return block as a summary fragment instead.
    (see https://google.github.io/styleguide/javaguide.html#s7.2-summary-fragment)
  Did you mean '*Returns the {@link TimeUnit} to which durations should be converted, or {@code null} if'?
[WARNING] /home/gabsko/breaking-updates/metrics-jakarta-servlets/src/main/java/io/dropwizard/metrics/servlets/MetricsServlet.java:[57,12] [MissingSummary] A summary fragment is required; consider using the value of the @return block as a summary fragment instead.
    (see https://google.github.io/styleguide/javaguide.html#s7.2-summary-fragment)
  Did you mean '*Returns the {@code Access-Control-Allow-Origin} header value, if any.'?
[INFO] 
[INFO] --- maven-resources-plugin:3.3.0:testResources (default-testResources) @ metrics-jakarta-servlets ---
[INFO] skip non existing resourceDirectory /home/gabsko/breaking-updates/metrics-jakarta-servlets/src/test/resources
[INFO] 
[INFO] --- maven-compiler-plugin:3.8.1:testCompile (default-testCompile) @ metrics-jakarta-servlets ---
[INFO] Changes detected - recompiling the module!
[INFO] Compiling 9 source files to /home/gabsko/breaking-updates/metrics-jakarta-servlets/target/test-classes
[WARNING] bootstrap class path not set in conjunction with -source 8
[WARNING] /home/gabsko/breaking-updates/metrics-jakarta-servlets/src/test/java/io/dropwizard/metrics/servlets/HealthCheckServletTest.java:[31,70] [JavaTimeDefaultTimeZone] ZonedDateTime.now() is not allowed because it silently uses the system default time-zone. You must pass an explicit time-zone (e.g., ZoneId.of("America/Los_Angeles")) to this method.
    (see https://errorprone.info/bugpattern/JavaTimeDefaultTimeZone)
  Did you mean 'private static final ZonedDateTime FIXED_TIME = ZonedDateTime.now(ZoneId.systemDefault());'?
[INFO] 
[INFO] --- maven-surefire-plugin:2.22.2:test (default-test) @ metrics-jakarta-servlets ---
[INFO] 
[INFO] -------------------------------------------------------
[INFO]  T E S T S
[INFO] -------------------------------------------------------
[INFO] Running io.dropwizard.metrics.servlets.MetricsServletTest
[main] INFO org.eclipse.jetty.server.Server - jetty-11.0.1; built: 2021-02-19T22:03:05.556Z; git: e98092c1791fbda9d157dd5339cf3a909e90ab40; jvm 11.0.17+8-post-Ubuntu-1ubuntu218.04
[main] INFO org.eclipse.jetty.server.session.DefaultSessionIdManager - Session workerName=node0
[main] INFO org.eclipse.jetty.server.handler.ContextHandler - Started o.e.j.s.ServletContextHandler@395b56bb{/,null,AVAILABLE}
[main] INFO org.eclipse.jetty.server.AbstractConnector - Started LocalConnector@954b04f{HTTP/1.1, (http/1.1)}
[main] INFO org.eclipse.jetty.server.Server - Started Server@736caf7a{STARTING}[11.0.1,sto=0] @606ms
[main] INFO org.eclipse.jetty.server.Server - Stopped Server@736caf7a{STOPPING}[11.0.1,sto=0]
[main] INFO org.eclipse.jetty.server.AbstractConnector - Stopped LocalConnector@954b04f{HTTP/1.1, (http/1.1)}
[main] INFO org.eclipse.jetty.server.handler.ContextHandler - Stopped o.e.j.s.ServletContextHandler@395b56bb{/,null,STOPPED}
[main] INFO org.eclipse.jetty.server.Server - jetty-11.0.1; built: 2021-02-19T22:03:05.556Z; git: e98092c1791fbda9d157dd5339cf3a909e90ab40; jvm 11.0.17+8-post-Ubuntu-1ubuntu218.04
[main] INFO org.eclipse.jetty.server.session.DefaultSessionIdManager - Session workerName=node0
[main] INFO org.eclipse.jetty.server.handler.ContextHandler - Started o.e.j.s.ServletContextHandler@29cfd92b{/,null,AVAILABLE}
[main] INFO org.eclipse.jetty.server.AbstractConnector - Started LocalConnector@209775a9{HTTP/1.1, (http/1.1)}
[main] INFO org.eclipse.jetty.server.Server - Started Server@74cec793{STARTING}[11.0.1,sto=0] @715ms
[main] INFO org.eclipse.jetty.server.Server - Stopped Server@74cec793{STOPPING}[11.0.1,sto=0]
[main] INFO org.eclipse.jetty.server.AbstractConnector - Stopped LocalConnector@209775a9{HTTP/1.1, (http/1.1)}
[main] INFO org.eclipse.jetty.server.handler.ContextHandler - Stopped o.e.j.s.ServletContextHandler@29cfd92b{/,null,STOPPED}
[main] INFO org.eclipse.jetty.server.Server - jetty-11.0.1; built: 2021-02-19T22:03:05.556Z; git: e98092c1791fbda9d157dd5339cf3a909e90ab40; jvm 11.0.17+8-post-Ubuntu-1ubuntu218.04
[main] INFO org.eclipse.jetty.server.session.DefaultSessionIdManager - Session workerName=node0
[main] INFO org.eclipse.jetty.server.handler.ContextHandler - Started o.e.j.s.ServletContextHandler@285f09de{/,null,AVAILABLE}
[main] INFO org.eclipse.jetty.server.AbstractConnector - Started LocalConnector@69adf72c{HTTP/1.1, (http/1.1)}
[main] INFO org.eclipse.jetty.server.Server - Started Server@57f791c6{STARTING}[11.0.1,sto=0] @961ms
[main] INFO org.eclipse.jetty.server.Server - Stopped Server@57f791c6{STOPPING}[11.0.1,sto=0]
[main] INFO org.eclipse.jetty.server.AbstractConnector - Stopped LocalConnector@69adf72c{HTTP/1.1, (http/1.1)}
[main] INFO org.eclipse.jetty.server.handler.ContextHandler - Stopped o.e.j.s.ServletContextHandler@285f09de{/,null,STOPPED}
[main] INFO org.eclipse.jetty.server.Server - jetty-11.0.1; built: 2021-02-19T22:03:05.556Z; git: e98092c1791fbda9d157dd5339cf3a909e90ab40; jvm 11.0.17+8-post-Ubuntu-1ubuntu218.04
[main] INFO org.eclipse.jetty.server.session.DefaultSessionIdManager - Session workerName=node0
[main] INFO org.eclipse.jetty.server.handler.ContextHandler - Started o.e.j.s.ServletContextHandler@7957dc72{/,null,AVAILABLE}
[main] INFO org.eclipse.jetty.server.AbstractConnector - Started LocalConnector@1827a871{HTTP/1.1, (http/1.1)}
[main] INFO org.eclipse.jetty.server.Server - Started Server@4362d7df{STARTING}[11.0.1,sto=0] @979ms
[main] INFO org.eclipse.jetty.server.Server - Stopped Server@4362d7df{STOPPING}[11.0.1,sto=0]
[main] INFO org.eclipse.jetty.server.AbstractConnector - Stopped LocalConnector@1827a871{HTTP/1.1, (http/1.1)}
[main] INFO org.eclipse.jetty.server.handler.ContextHandler - Stopped o.e.j.s.ServletContextHandler@7957dc72{/,null,STOPPED}
[main] INFO org.eclipse.jetty.server.Server - jetty-11.0.1; built: 2021-02-19T22:03:05.556Z; git: e98092c1791fbda9d157dd5339cf3a909e90ab40; jvm 11.0.17+8-post-Ubuntu-1ubuntu218.04
[main] INFO org.eclipse.jetty.server.session.DefaultSessionIdManager - Session workerName=node0
[main] INFO org.eclipse.jetty.server.handler.ContextHandler - Started o.e.j.s.ServletContextHandler@425357dd{/,null,AVAILABLE}
[main] INFO org.eclipse.jetty.server.AbstractConnector - Started LocalConnector@4fdfa676{HTTP/1.1, (http/1.1)}
[main] INFO org.eclipse.jetty.server.Server - Started Server@600b0b7{STARTING}[11.0.1,sto=0] @990ms
[main] INFO org.eclipse.jetty.server.Server - Stopped Server@600b0b7{STOPPING}[11.0.1,sto=0]
[main] INFO org.eclipse.jetty.server.AbstractConnector - Stopped LocalConnector@4fdfa676{HTTP/1.1, (http/1.1)}
[main] INFO org.eclipse.jetty.server.handler.ContextHandler - Stopped o.e.j.s.ServletContextHandler@425357dd{/,null,STOPPED}
[main] INFO org.eclipse.jetty.server.Server - jetty-11.0.1; built: 2021-02-19T22:03:05.556Z; git: e98092c1791fbda9d157dd5339cf3a909e90ab40; jvm 11.0.17+8-post-Ubuntu-1ubuntu218.04
[main] INFO org.eclipse.jetty.server.session.DefaultSessionIdManager - Session workerName=node0
[main] INFO org.eclipse.jetty.server.handler.ContextHandler - Started o.e.j.s.ServletContextHandler@3f3ddbd9{/,null,AVAILABLE}
[main] INFO org.eclipse.jetty.server.AbstractConnector - Started LocalConnector@4e7095ac{HTTP/1.1, (http/1.1)}
[main] INFO org.eclipse.jetty.server.Server - Started Server@1b70203f{STARTING}[11.0.1,sto=0] @1049ms
[main] INFO org.eclipse.jetty.server.Server - Stopped Server@1b70203f{STOPPING}[11.0.1,sto=0]
[main] INFO org.eclipse.jetty.server.AbstractConnector - Stopped LocalConnector@4e7095ac{HTTP/1.1, (http/1.1)}
[main] INFO org.eclipse.jetty.server.handler.ContextHandler - Stopped o.e.j.s.ServletContextHandler@3f3ddbd9{/,null,STOPPED}
[main] INFO org.eclipse.jetty.server.Server - jetty-11.0.1; built: 2021-02-19T22:03:05.556Z; git: e98092c1791fbda9d157dd5339cf3a909e90ab40; jvm 11.0.17+8-post-Ubuntu-1ubuntu218.04
[main] INFO org.eclipse.jetty.server.session.DefaultSessionIdManager - Session workerName=node0
[main] INFO org.eclipse.jetty.server.handler.ContextHandler - Started o.e.j.s.ServletContextHandler@232024b9{/,null,AVAILABLE}
[main] INFO org.eclipse.jetty.server.AbstractConnector - Started LocalConnector@6c2d4cc6{HTTP/1.1, (http/1.1)}
[main] INFO org.eclipse.jetty.server.Server - Started Server@777c9dc9{STARTING}[11.0.1,sto=0] @1053ms
[main] INFO org.eclipse.jetty.server.Server - Stopped Server@777c9dc9{STOPPING}[11.0.1,sto=0]
[main] INFO org.eclipse.jetty.server.AbstractConnector - Stopped LocalConnector@6c2d4cc6{HTTP/1.1, (http/1.1)}
[main] INFO org.eclipse.jetty.server.handler.ContextHandler - Stopped o.e.j.s.ServletContextHandler@232024b9{/,null,STOPPED}
[INFO] Tests run: 7, Failures: 0, Errors: 0, Skipped: 0, Time elapsed: 0.913 s - in io.dropwizard.metrics.servlets.MetricsServletTest
[INFO] Running io.dropwizard.metrics.servlets.ThreadDumpServletTest
[main] INFO org.eclipse.jetty.server.Server - jetty-11.0.1; built: 2021-02-19T22:03:05.556Z; git: e98092c1791fbda9d157dd5339cf3a909e90ab40; jvm 11.0.17+8-post-Ubuntu-1ubuntu218.04
[main] INFO org.eclipse.jetty.server.session.DefaultSessionIdManager - Session workerName=node0
[main] INFO org.eclipse.jetty.server.handler.ContextHandler - Started o.e.j.s.ServletContextHandler@669d2b1b{/,null,AVAILABLE}
[main] INFO org.eclipse.jetty.server.AbstractConnector - Started LocalConnector@5fa47fea{HTTP/1.1, (http/1.1)}
[main] INFO org.eclipse.jetty.server.Server - Started Server@28f8e165{STARTING}[11.0.1,sto=0] @1066ms
[main] INFO org.eclipse.jetty.server.Server - Stopped Server@28f8e165{STOPPING}[11.0.1,sto=0]
[main] INFO org.eclipse.jetty.server.AbstractConnector - Stopped LocalConnector@5fa47fea{HTTP/1.1, (http/1.1)}
[main] INFO org.eclipse.jetty.server.handler.ContextHandler - Stopped o.e.j.s.ServletContextHandler@669d2b1b{/,null,STOPPED}
[main] INFO org.eclipse.jetty.server.Server - jetty-11.0.1; built: 2021-02-19T22:03:05.556Z; git: e98092c1791fbda9d157dd5339cf3a909e90ab40; jvm 11.0.17+8-post-Ubuntu-1ubuntu218.04
[main] INFO org.eclipse.jetty.server.session.DefaultSessionIdManager - Session workerName=node0
[main] INFO org.eclipse.jetty.server.handler.ContextHandler - Started o.e.j.s.ServletContextHandler@64a1923a{/,null,AVAILABLE}
[main] INFO org.eclipse.jetty.server.AbstractConnector - Started LocalConnector@5d52e3ef{HTTP/1.1, (http/1.1)}
[main] INFO org.eclipse.jetty.server.Server - Started Server@4c7a078{STARTING}[11.0.1,sto=0] @1103ms
[main] INFO org.eclipse.jetty.server.Server - Stopped Server@4c7a078{STOPPING}[11.0.1,sto=0]
[main] INFO org.eclipse.jetty.server.AbstractConnector - Stopped LocalConnector@5d52e3ef{HTTP/1.1, (http/1.1)}
[main] INFO org.eclipse.jetty.server.handler.ContextHandler - Stopped o.e.j.s.ServletContextHandler@64a1923a{/,null,STOPPED}
[main] INFO org.eclipse.jetty.server.Server - jetty-11.0.1; built: 2021-02-19T22:03:05.556Z; git: e98092c1791fbda9d157dd5339cf3a909e90ab40; jvm 11.0.17+8-post-Ubuntu-1ubuntu218.04
[main] INFO org.eclipse.jetty.server.session.DefaultSessionIdManager - Session workerName=node0
[main] INFO org.eclipse.jetty.server.handler.ContextHandler - Started o.e.j.s.ServletContextHandler@710b30ef{/,null,AVAILABLE}
[main] INFO org.eclipse.jetty.server.AbstractConnector - Started LocalConnector@88a8218{HTTP/1.1, (http/1.1)}
[main] INFO org.eclipse.jetty.server.Server - Started Server@5fa05212{STARTING}[11.0.1,sto=0] @1126ms
[main] INFO org.eclipse.jetty.server.Server - Stopped Server@5fa05212{STOPPING}[11.0.1,sto=0]
[main] INFO org.eclipse.jetty.server.AbstractConnector - Stopped LocalConnector@88a8218{HTTP/1.1, (http/1.1)}
[main] INFO org.eclipse.jetty.server.handler.ContextHandler - Stopped o.e.j.s.ServletContextHandler@710b30ef{/,null,STOPPED}
[main] INFO org.eclipse.jetty.server.Server - jetty-11.0.1; built: 2021-02-19T22:03:05.556Z; git: e98092c1791fbda9d157dd5339cf3a909e90ab40; jvm 11.0.17+8-post-Ubuntu-1ubuntu218.04
[main] INFO org.eclipse.jetty.server.session.DefaultSessionIdManager - Session workerName=node0
[main] INFO org.eclipse.jetty.server.handler.ContextHandler - Started o.e.j.s.ServletContextHandler@737edcfa{/,null,AVAILABLE}
[main] INFO org.eclipse.jetty.server.AbstractConnector - Started LocalConnector@7cf7aee{HTTP/1.1, (http/1.1)}
[main] INFO org.eclipse.jetty.server.Server - Started Server@18151a14{STARTING}[11.0.1,sto=0] @1146ms
[main] INFO org.eclipse.jetty.server.Server - Stopped Server@18151a14{STOPPING}[11.0.1,sto=0]
[main] INFO org.eclipse.jetty.server.AbstractConnector - Stopped LocalConnector@7cf7aee{HTTP/1.1, (http/1.1)}
[main] INFO org.eclipse.jetty.server.handler.ContextHandler - Stopped o.e.j.s.ServletContextHandler@737edcfa{/,null,STOPPED}
[INFO] Tests run: 4, Failures: 0, Errors: 0, Skipped: 0, Time elapsed: 0.101 s - in io.dropwizard.metrics.servlets.ThreadDumpServletTest
[INFO] Running io.dropwizard.metrics.servlets.PingServletTest
[main] INFO org.eclipse.jetty.server.Server - jetty-11.0.1; built: 2021-02-19T22:03:05.556Z; git: e98092c1791fbda9d157dd5339cf3a909e90ab40; jvm 11.0.17+8-post-Ubuntu-1ubuntu218.04
[main] INFO org.eclipse.jetty.server.session.DefaultSessionIdManager - Session workerName=node0
[main] INFO org.eclipse.jetty.server.handler.ContextHandler - Started o.e.j.s.ServletContextHandler@78d50a3c{/,null,AVAILABLE}
[main] INFO org.eclipse.jetty.server.AbstractConnector - Started LocalConnector@36c54a56{HTTP/1.1, (http/1.1)}
[main] INFO org.eclipse.jetty.server.Server - Started Server@73386d72{STARTING}[11.0.1,sto=0] @1172ms
[main] INFO org.eclipse.jetty.server.Server - Stopped Server@73386d72{STOPPING}[11.0.1,sto=0]
[main] INFO org.eclipse.jetty.server.AbstractConnector - Stopped LocalConnector@36c54a56{HTTP/1.1, (http/1.1)}
[main] INFO org.eclipse.jetty.server.handler.ContextHandler - Stopped o.e.j.s.ServletContextHandler@78d50a3c{/,null,STOPPED}
[main] INFO org.eclipse.jetty.server.Server - jetty-11.0.1; built: 2021-02-19T22:03:05.556Z; git: e98092c1791fbda9d157dd5339cf3a909e90ab40; jvm 11.0.17+8-post-Ubuntu-1ubuntu218.04
[main] INFO org.eclipse.jetty.server.session.DefaultSessionIdManager - Session workerName=node0
[main] INFO org.eclipse.jetty.server.handler.ContextHandler - Started o.e.j.s.ServletContextHandler@5e63cad{/,null,AVAILABLE}
[main] INFO org.eclipse.jetty.server.AbstractConnector - Started LocalConnector@7f4d9395{HTTP/1.1, (http/1.1)}
[main] INFO org.eclipse.jetty.server.Server - Started Server@6a078481{STARTING}[11.0.1,sto=0] @1181ms
[main] INFO org.eclipse.jetty.server.Server - Stopped Server@6a078481{STOPPING}[11.0.1,sto=0]
[main] INFO org.eclipse.jetty.server.AbstractConnector - Stopped LocalConnector@7f4d9395{HTTP/1.1, (http/1.1)}
[main] INFO org.eclipse.jetty.server.handler.ContextHandler - Stopped o.e.j.s.ServletContextHandler@5e63cad{/,null,STOPPED}
[main] INFO org.eclipse.jetty.server.Server - jetty-11.0.1; built: 2021-02-19T22:03:05.556Z; git: e98092c1791fbda9d157dd5339cf3a909e90ab40; jvm 11.0.17+8-post-Ubuntu-1ubuntu218.04
[main] INFO org.eclipse.jetty.server.session.DefaultSessionIdManager - Session workerName=node0
[main] INFO org.eclipse.jetty.server.handler.ContextHandler - Started o.e.j.s.ServletContextHandler@70d8de{/,null,AVAILABLE}
[main] INFO org.eclipse.jetty.server.AbstractConnector - Started LocalConnector@14a54ef6{HTTP/1.1, (http/1.1)}
[main] INFO org.eclipse.jetty.server.Server - Started Server@5ba745bc{STARTING}[11.0.1,sto=0] @1189ms
[main] INFO org.eclipse.jetty.server.Server - Stopped Server@5ba745bc{STOPPING}[11.0.1,sto=0]
[main] INFO org.eclipse.jetty.server.AbstractConnector - Stopped LocalConnector@14a54ef6{HTTP/1.1, (http/1.1)}
[main] INFO org.eclipse.jetty.server.handler.ContextHandler - Stopped o.e.j.s.ServletContextHandler@70d8de{/,null,STOPPED}
[main] INFO org.eclipse.jetty.server.Server - jetty-11.0.1; built: 2021-02-19T22:03:05.556Z; git: e98092c1791fbda9d157dd5339cf3a909e90ab40; jvm 11.0.17+8-post-Ubuntu-1ubuntu218.04
[main] INFO org.eclipse.jetty.server.session.DefaultSessionIdManager - Session workerName=node0
[main] INFO org.eclipse.jetty.server.handler.ContextHandler - Started o.e.j.s.ServletContextHandler@437ebf59{/,null,AVAILABLE}
[main] INFO org.eclipse.jetty.server.AbstractConnector - Started LocalConnector@46b695ec{HTTP/1.1, (http/1.1)}
[main] INFO org.eclipse.jetty.server.Server - Started Server@11ce2e22{STARTING}[11.0.1,sto=0] @1198ms
[main] INFO org.eclipse.jetty.server.Server - Stopped Server@11ce2e22{STOPPING}[11.0.1,sto=0]
[main] INFO org.eclipse.jetty.server.AbstractConnector - Stopped LocalConnector@46b695ec{HTTP/1.1, (http/1.1)}
[main] INFO org.eclipse.jetty.server.handler.ContextHandler - Stopped o.e.j.s.ServletContextHandler@437ebf59{/,null,STOPPED}
[INFO] Tests run: 4, Failures: 0, Errors: 0, Skipped: 0, Time elapsed: 0.034 s - in io.dropwizard.metrics.servlets.PingServletTest
[INFO] Running io.dropwizard.metrics.servlets.HealthCheckServletTest
[main] INFO org.eclipse.jetty.server.Server - jetty-11.0.1; built: 2021-02-19T22:03:05.556Z; git: e98092c1791fbda9d157dd5339cf3a909e90ab40; jvm 11.0.17+8-post-Ubuntu-1ubuntu218.04
[main] INFO org.eclipse.jetty.server.session.DefaultSessionIdManager - Session workerName=node0
[main] INFO org.eclipse.jetty.server.handler.ContextHandler - Started o.e.j.s.ServletContextHandler@67fe380b{/,null,AVAILABLE}
[main] INFO org.eclipse.jetty.server.AbstractConnector - Started LocalConnector@1bdbf9be{HTTP/1.1, (http/1.1)}
[main] INFO org.eclipse.jetty.server.Server - Started Server@4aa3d36{STARTING}[11.0.1,sto=0] @1217ms
[main] INFO org.eclipse.jetty.server.Server - Stopped Server@4aa3d36{STOPPING}[11.0.1,sto=0]
[main] INFO org.eclipse.jetty.server.AbstractConnector - Stopped LocalConnector@1bdbf9be{HTTP/1.1, (http/1.1)}
[main] INFO org.eclipse.jetty.server.handler.ContextHandler - Stopped o.e.j.s.ServletContextHandler@67fe380b{/,null,STOPPED}
[main] INFO org.eclipse.jetty.server.Server - jetty-11.0.1; built: 2021-02-19T22:03:05.556Z; git: e98092c1791fbda9d157dd5339cf3a909e90ab40; jvm 11.0.17+8-post-Ubuntu-1ubuntu218.04
[main] INFO org.eclipse.jetty.server.session.DefaultSessionIdManager - Session workerName=node0
[main] INFO org.eclipse.jetty.server.handler.ContextHandler - Started o.e.j.s.ServletContextHandler@9ec531{/,null,AVAILABLE}
[main] INFO org.eclipse.jetty.server.AbstractConnector - Started LocalConnector@2c30b71f{HTTP/1.1, (http/1.1)}
[main] INFO org.eclipse.jetty.server.Server - Started Server@bf71cec{STARTING}[11.0.1,sto=0] @1225ms
[main] INFO org.eclipse.jetty.server.Server - Stopped Server@bf71cec{STOPPING}[11.0.1,sto=0]
[main] INFO org.eclipse.jetty.server.AbstractConnector - Stopped LocalConnector@2c30b71f{HTTP/1.1, (http/1.1)}
[main] INFO org.eclipse.jetty.server.handler.ContextHandler - Stopped o.e.j.s.ServletContextHandler@9ec531{/,null,STOPPED}
[main] INFO org.eclipse.jetty.server.Server - jetty-11.0.1; built: 2021-02-19T22:03:05.556Z; git: e98092c1791fbda9d157dd5339cf3a909e90ab40; jvm 11.0.17+8-post-Ubuntu-1ubuntu218.04
[main] INFO org.eclipse.jetty.server.session.DefaultSessionIdManager - Session workerName=node0
[main] INFO org.eclipse.jetty.server.handler.ContextHandler - Started o.e.j.s.ServletContextHandler@47dd778{/,null,AVAILABLE}
[main] INFO org.eclipse.jetty.server.AbstractConnector - Started LocalConnector@210f0cc1{HTTP/1.1, (http/1.1)}
[main] INFO org.eclipse.jetty.server.Server - Started Server@c7a977f{STARTING}[11.0.1,sto=0] @1229ms
[main] INFO org.eclipse.jetty.server.Server - Stopped Server@c7a977f{STOPPING}[11.0.1,sto=0]
[main] INFO org.eclipse.jetty.server.AbstractConnector - Stopped LocalConnector@210f0cc1{HTTP/1.1, (http/1.1)}
[main] INFO org.eclipse.jetty.server.handler.ContextHandler - Stopped o.e.j.s.ServletContextHandler@47dd778{/,null,STOPPED}
[main] INFO org.eclipse.jetty.server.Server - jetty-11.0.1; built: 2021-02-19T22:03:05.556Z; git: e98092c1791fbda9d157dd5339cf3a909e90ab40; jvm 11.0.17+8-post-Ubuntu-1ubuntu218.04
[main] INFO org.eclipse.jetty.server.session.DefaultSessionIdManager - Session workerName=node0
[main] INFO org.eclipse.jetty.server.handler.ContextHandler - Started o.e.j.s.ServletContextHandler@29d334c{/,null,AVAILABLE}
[main] INFO org.eclipse.jetty.server.AbstractConnector - Started LocalConnector@e044b4a{HTTP/1.1, (http/1.1)}
[main] INFO org.eclipse.jetty.server.Server - Started Server@3ae66c85{STARTING}[11.0.1,sto=0] @1239ms
[main] INFO org.eclipse.jetty.server.Server - Stopped Server@3ae66c85{STOPPING}[11.0.1,sto=0]
[main] INFO org.eclipse.jetty.server.AbstractConnector - Stopped LocalConnector@e044b4a{HTTP/1.1, (http/1.1)}
[main] INFO org.eclipse.jetty.server.handler.ContextHandler - Stopped o.e.j.s.ServletContextHandler@29d334c{/,null,STOPPED}
[main] INFO org.eclipse.jetty.server.Server - jetty-11.0.1; built: 2021-02-19T22:03:05.556Z; git: e98092c1791fbda9d157dd5339cf3a909e90ab40; jvm 11.0.17+8-post-Ubuntu-1ubuntu218.04
[main] INFO org.eclipse.jetty.server.session.DefaultSessionIdManager - Session workerName=node0
[main] INFO org.eclipse.jetty.server.handler.ContextHandler - Started o.e.j.s.ServletContextHandler@42d236fb{/,null,AVAILABLE}
[main] INFO org.eclipse.jetty.server.AbstractConnector - Started LocalConnector@60e949e1{HTTP/1.1, (http/1.1)}
[main] INFO org.eclipse.jetty.server.Server - Started Server@3569edd5{STARTING}[11.0.1,sto=0] @1246ms
[main] INFO org.eclipse.jetty.server.Server - Stopped Server@3569edd5{STOPPING}[11.0.1,sto=0]
[main] INFO org.eclipse.jetty.server.AbstractConnector - Stopped LocalConnector@60e949e1{HTTP/1.1, (http/1.1)}
[main] INFO org.eclipse.jetty.server.handler.ContextHandler - Stopped o.e.j.s.ServletContextHandler@42d236fb{/,null,STOPPED}
[main] INFO org.eclipse.jetty.server.Server - jetty-11.0.1; built: 2021-02-19T22:03:05.556Z; git: e98092c1791fbda9d157dd5339cf3a909e90ab40; jvm 11.0.17+8-post-Ubuntu-1ubuntu218.04
[main] INFO org.eclipse.jetty.server.session.DefaultSessionIdManager - Session workerName=node0
[main] INFO org.eclipse.jetty.server.handler.ContextHandler - Started o.e.j.s.ServletContextHandler@3249a1ce{/,null,AVAILABLE}
[main] INFO org.eclipse.jetty.server.AbstractConnector - Started LocalConnector@2e6ba49a{HTTP/1.1, (http/1.1)}
[main] INFO org.eclipse.jetty.server.Server - Started Server@6b04acb2{STARTING}[11.0.1,sto=0] @1277ms
[main] INFO org.eclipse.jetty.server.Server - Stopped Server@6b04acb2{STOPPING}[11.0.1,sto=0]
[main] INFO org.eclipse.jetty.server.AbstractConnector - Stopped LocalConnector@2e6ba49a{HTTP/1.1, (http/1.1)}
[main] INFO org.eclipse.jetty.server.handler.ContextHandler - Stopped o.e.j.s.ServletContextHandler@3249a1ce{/,null,STOPPED}
[main] INFO org.eclipse.jetty.server.Server - jetty-11.0.1; built: 2021-02-19T22:03:05.556Z; git: e98092c1791fbda9d157dd5339cf3a909e90ab40; jvm 11.0.17+8-post-Ubuntu-1ubuntu218.04
[main] INFO org.eclipse.jetty.server.session.DefaultSessionIdManager - Session workerName=node0
[main] INFO org.eclipse.jetty.server.handler.ContextHandler - Started o.e.j.s.ServletContextHandler@40620d8e{/,null,AVAILABLE}
[main] INFO org.eclipse.jetty.server.AbstractConnector - Started LocalConnector@2f4919b0{HTTP/1.1, (http/1.1)}
[main] INFO org.eclipse.jetty.server.Server - Started Server@72be135f{STARTING}[11.0.1,sto=0] @1280ms
[main] INFO org.eclipse.jetty.server.Server - Stopped Server@72be135f{STOPPING}[11.0.1,sto=0]
[main] INFO org.eclipse.jetty.server.AbstractConnector - Stopped LocalConnector@2f4919b0{HTTP/1.1, (http/1.1)}
[main] INFO org.eclipse.jetty.server.handler.ContextHandler - Stopped o.e.j.s.ServletContextHandler@40620d8e{/,null,STOPPED}
[main] INFO org.eclipse.jetty.server.Server - jetty-11.0.1; built: 2021-02-19T22:03:05.556Z; git: e98092c1791fbda9d157dd5339cf3a909e90ab40; jvm 11.0.17+8-post-Ubuntu-1ubuntu218.04
[main] INFO org.eclipse.jetty.server.session.DefaultSessionIdManager - Session workerName=node0
[main] INFO org.eclipse.jetty.server.handler.ContextHandler - Started o.e.j.s.ServletContextHandler@5488b5c5{/,null,AVAILABLE}
[main] INFO org.eclipse.jetty.server.AbstractConnector - Started LocalConnector@2424686b{HTTP/1.1, (http/1.1)}
[main] INFO org.eclipse.jetty.server.Server - Started Server@4d7e7435{STARTING}[11.0.1,sto=0] @1285ms
[main] INFO org.eclipse.jetty.server.Server - Stopped Server@4d7e7435{STOPPING}[11.0.1,sto=0]
[main] INFO org.eclipse.jetty.server.AbstractConnector - Stopped LocalConnector@2424686b{HTTP/1.1, (http/1.1)}
[main] INFO org.eclipse.jetty.server.handler.ContextHandler - Stopped o.e.j.s.ServletContextHandler@5488b5c5{/,null,STOPPED}
[INFO] Tests run: 8, Failures: 0, Errors: 0, Skipped: 0, Time elapsed: 0.086 s - in io.dropwizard.metrics.servlets.HealthCheckServletTest
[INFO] Running io.dropwizard.metrics.servlets.AdminServletTest
[main] INFO org.eclipse.jetty.server.Server - jetty-11.0.1; built: 2021-02-19T22:03:05.556Z; git: e98092c1791fbda9d157dd5339cf3a909e90ab40; jvm 11.0.17+8-post-Ubuntu-1ubuntu218.04
[main] INFO org.eclipse.jetty.server.session.DefaultSessionIdManager - Session workerName=node0
[main] INFO org.eclipse.jetty.server.handler.ContextHandler - Started o.e.j.s.ServletContextHandler@89c65d5{/context,null,AVAILABLE}
[main] INFO org.eclipse.jetty.server.AbstractConnector - Started LocalConnector@54534abf{HTTP/1.1, (http/1.1)}
[main] INFO org.eclipse.jetty.server.Server - Started Server@27abb83e{STARTING}[11.0.1,sto=0] @1292ms
[main] INFO org.eclipse.jetty.server.Server - Stopped Server@27abb83e{STOPPING}[11.0.1,sto=0]
[main] INFO org.eclipse.jetty.server.AbstractConnector - Stopped LocalConnector@54534abf{HTTP/1.1, (http/1.1)}
[main] INFO org.eclipse.jetty.server.handler.ContextHandler - Stopped o.e.j.s.ServletContextHandler@89c65d5{/context,null,STOPPED}
[INFO] Tests run: 1, Failures: 0, Errors: 0, Skipped: 0, Time elapsed: 0.005 s - in io.dropwizard.metrics.servlets.AdminServletTest
[INFO] Running io.dropwizard.metrics.servlets.MetricsServletContextListenerTest
[main] INFO org.eclipse.jetty.server.Server - jetty-11.0.1; built: 2021-02-19T22:03:05.556Z; git: e98092c1791fbda9d157dd5339cf3a909e90ab40; jvm 11.0.17+8-post-Ubuntu-1ubuntu218.04
[main] INFO org.eclipse.jetty.server.session.DefaultSessionIdManager - Session workerName=node0
[main] INFO org.eclipse.jetty.server.handler.ContextHandler - Started o.e.j.s.ServletContextHandler@14faa38c{/,null,AVAILABLE}
[main] INFO org.eclipse.jetty.server.AbstractConnector - Started LocalConnector@988246e{HTTP/1.1, (http/1.1)}
[main] INFO org.eclipse.jetty.server.Server - Started Server@aa21042{STARTING}[11.0.1,sto=0] @1299ms
[main] INFO org.eclipse.jetty.server.Server - Stopped Server@aa21042{STOPPING}[11.0.1,sto=0]
[main] INFO org.eclipse.jetty.server.AbstractConnector - Stopped LocalConnector@988246e{HTTP/1.1, (http/1.1)}
[main] INFO org.eclipse.jetty.server.handler.ContextHandler - Stopped o.e.j.s.ServletContextHandler@14faa38c{/,null,STOPPED}
[main] INFO org.eclipse.jetty.server.Server - jetty-11.0.1; built: 2021-02-19T22:03:05.556Z; git: e98092c1791fbda9d157dd5339cf3a909e90ab40; jvm 11.0.17+8-post-Ubuntu-1ubuntu218.04
[main] INFO org.eclipse.jetty.server.session.DefaultSessionIdManager - Session workerName=node0
[main] INFO org.eclipse.jetty.server.handler.ContextHandler - Started o.e.j.s.ServletContextHandler@6b7d1df8{/,null,AVAILABLE}
[main] INFO org.eclipse.jetty.server.AbstractConnector - Started LocalConnector@2fb5fe30{HTTP/1.1, (http/1.1)}
[main] INFO org.eclipse.jetty.server.Server - Started Server@5baaae4c{STARTING}[11.0.1,sto=0] @1310ms
[main] INFO org.eclipse.jetty.server.Server - Stopped Server@5baaae4c{STOPPING}[11.0.1,sto=0]
[main] INFO org.eclipse.jetty.server.AbstractConnector - Stopped LocalConnector@2fb5fe30{HTTP/1.1, (http/1.1)}
[main] INFO org.eclipse.jetty.server.handler.ContextHandler - Stopped o.e.j.s.ServletContextHandler@6b7d1df8{/,null,STOPPED}
[INFO] Tests run: 2, Failures: 0, Errors: 0, Skipped: 0, Time elapsed: 0.021 s - in io.dropwizard.metrics.servlets.MetricsServletContextListenerTest
[INFO] Running io.dropwizard.metrics.servlets.CpuProfileServletTest
[main] INFO org.eclipse.jetty.server.Server - jetty-11.0.1; built: 2021-02-19T22:03:05.556Z; git: e98092c1791fbda9d157dd5339cf3a909e90ab40; jvm 11.0.17+8-post-Ubuntu-1ubuntu218.04
[main] INFO org.eclipse.jetty.server.session.DefaultSessionIdManager - Session workerName=node0
[main] INFO org.eclipse.jetty.server.handler.ContextHandler - Started o.e.j.s.ServletContextHandler@7a94b64e{/,null,AVAILABLE}
[main] INFO org.eclipse.jetty.server.AbstractConnector - Started LocalConnector@49096b06{HTTP/1.1, (http/1.1)}
[main] INFO org.eclipse.jetty.server.Server - Started Server@213deac2{STARTING}[11.0.1,sto=0] @1322ms
[main] INFO org.eclipse.jetty.server.Server - Stopped Server@213deac2{STOPPING}[11.0.1,sto=0]
[main] INFO org.eclipse.jetty.server.AbstractConnector - Stopped LocalConnector@49096b06{HTTP/1.1, (http/1.1)}
[main] INFO org.eclipse.jetty.server.handler.ContextHandler - Stopped o.e.j.s.ServletContextHandler@7a94b64e{/,null,STOPPED}
[main] INFO org.eclipse.jetty.server.Server - jetty-11.0.1; built: 2021-02-19T22:03:05.556Z; git: e98092c1791fbda9d157dd5339cf3a909e90ab40; jvm 11.0.17+8-post-Ubuntu-1ubuntu218.04
[main] INFO org.eclipse.jetty.server.session.DefaultSessionIdManager - Session workerName=node0
[main] INFO org.eclipse.jetty.server.handler.ContextHandler - Started o.e.j.s.ServletContextHandler@5a101b1c{/,null,AVAILABLE}
[main] INFO org.eclipse.jetty.server.AbstractConnector - Started LocalConnector@2caf6912{HTTP/1.1, (http/1.1)}
[main] INFO org.eclipse.jetty.server.Server - Started Server@1d01dfa5{STARTING}[11.0.1,sto=0] @2336ms
[main] INFO org.eclipse.jetty.server.Server - Stopped Server@1d01dfa5{STOPPING}[11.0.1,sto=0]
[main] INFO org.eclipse.jetty.server.AbstractConnector - Stopped LocalConnector@2caf6912{HTTP/1.1, (http/1.1)}
[main] INFO org.eclipse.jetty.server.handler.ContextHandler - Stopped o.e.j.s.ServletContextHandler@5a101b1c{/,null,STOPPED}
[main] INFO org.eclipse.jetty.server.Server - jetty-11.0.1; built: 2021-02-19T22:03:05.556Z; git: e98092c1791fbda9d157dd5339cf3a909e90ab40; jvm 11.0.17+8-post-Ubuntu-1ubuntu218.04
[main] INFO org.eclipse.jetty.server.session.DefaultSessionIdManager - Session workerName=node0
[main] INFO org.eclipse.jetty.server.handler.ContextHandler - Started o.e.j.s.ServletContextHandler@4303b7f0{/,null,AVAILABLE}
[main] INFO org.eclipse.jetty.server.AbstractConnector - Started LocalConnector@3a60c416{HTTP/1.1, (http/1.1)}
[main] INFO org.eclipse.jetty.server.Server - Started Server@6b410923{STARTING}[11.0.1,sto=0] @3346ms
[main] INFO org.eclipse.jetty.server.Server - Stopped Server@6b410923{STOPPING}[11.0.1,sto=0]
[main] INFO org.eclipse.jetty.server.AbstractConnector - Stopped LocalConnector@3a60c416{HTTP/1.1, (http/1.1)}
[main] INFO org.eclipse.jetty.server.handler.ContextHandler - Stopped o.e.j.s.ServletContextHandler@4303b7f0{/,null,STOPPED}
[INFO] Tests run: 3, Failures: 0, Errors: 0, Skipped: 0, Time elapsed: 3.033 s - in io.dropwizard.metrics.servlets.CpuProfileServletTest
[INFO] 
[INFO] Results:
[INFO] 
[INFO] Tests run: 29, Failures: 0, Errors: 0, Skipped: 0
[INFO] 
[INFO] 
[INFO] ----------------< io.dropwizard.metrics:metrics-jcache >----------------
[INFO] Building Metrics Integration for JCache 4.2.0-SNAPSHOT           [21/33]
[INFO] -------------------------------[ bundle ]-------------------------------
[INFO] 
[INFO] --- maven-clean-plugin:2.5:clean (default-clean) @ metrics-jcache ---
[INFO] Deleting /home/gabsko/breaking-updates/metrics-jcache/target
[INFO] 
[INFO] --- maven-enforcer-plugin:1.4.1:enforce (enforce) @ metrics-jcache ---
[INFO] 
[INFO] --- jacoco-maven-plugin:0.8.6:prepare-agent (prepare-agent) @ metrics-jcache ---
[INFO] argLine set to -javaagent:/home/gabsko/.m2/repository/org/jacoco/org.jacoco.agent/0.8.6/org.jacoco.agent-0.8.6-runtime.jar=destfile=/home/gabsko/breaking-updates/metrics-jcache/target/jacoco.exec
[INFO] 
[INFO] --- maven-resources-plugin:3.3.0:resources (default-resources) @ metrics-jcache ---
[INFO] skip non existing resourceDirectory /home/gabsko/breaking-updates/metrics-jcache/src/main/resources
[INFO] 
[INFO] --- maven-compiler-plugin:3.8.1:compile (default-compile) @ metrics-jcache ---
[INFO] Changes detected - recompiling the module!
[INFO] Compiling 1 source file to /home/gabsko/breaking-updates/metrics-jcache/target/classes
[WARNING] bootstrap class path not set in conjunction with -source 8
[INFO] 
[INFO] --- maven-resources-plugin:3.3.0:testResources (default-testResources) @ metrics-jcache ---
[INFO] Copying 1 resource
[INFO] 
[INFO] --- maven-compiler-plugin:3.8.1:testCompile (default-testCompile) @ metrics-jcache ---
[INFO] Changes detected - recompiling the module!
[INFO] Compiling 1 source file to /home/gabsko/breaking-updates/metrics-jcache/target/test-classes
[WARNING] bootstrap class path not set in conjunction with -source 8
[WARNING] /home/gabsko/breaking-updates/metrics-jcache/src/test/java/JCacheGaugeSetTest.java:[1,1] [DefaultPackage] Java classes shouldn't use default package
    (see https://errorprone.info/bugpattern/DefaultPackage)
[INFO] 
[INFO] --- maven-surefire-plugin:2.22.2:test (default-test) @ metrics-jcache ---
[INFO] 
[INFO] -------------------------------------------------------
[INFO]  T E S T S
[INFO] -------------------------------------------------------
[INFO] Running JCacheGaugeSetTest
[ERROR] Tests run: 2, Failures: 0, Errors: 2, Skipped: 0, Time elapsed: 0.162 s <<< FAILURE! - in JCacheGaugeSetTest
[ERROR] measuresGauges(JCacheGaugeSetTest)  Time elapsed: 0.076 s  <<< ERROR!
javax.cache.CacheException: org.ehcache.xml.exceptions.XmlConfigurationException: Error parsing XML configuration at file:/home/gabsko/breaking-updates/metrics-jcache/target/test-classes/ehcache.xml
	at JCacheGaugeSetTest.setUp(JCacheGaugeSetTest.java:26)
Caused by: org.ehcache.xml.exceptions.XmlConfigurationException: Error parsing XML configuration at file:/home/gabsko/breaking-updates/metrics-jcache/target/test-classes/ehcache.xml
	at JCacheGaugeSetTest.setUp(JCacheGaugeSetTest.java:26)
Caused by: javax.xml.bind.JAXBException: Implementation of JAXB-API has not been found on module path or classpath.
	at JCacheGaugeSetTest.setUp(JCacheGaugeSetTest.java:26)
Caused by: java.lang.ClassNotFoundException: com.sun.xml.internal.bind.v2.ContextFactory
	at JCacheGaugeSetTest.setUp(JCacheGaugeSetTest.java:26)

[ERROR] measuresGauges(JCacheGaugeSetTest)  Time elapsed: 0.076 s  <<< ERROR!
java.lang.NullPointerException
	at JCacheGaugeSetTest.tearDown(JCacheGaugeSetTest.java:82)

[INFO] 
[INFO] Results:
[INFO] 
[ERROR] Errors: 
[ERROR] JCacheGaugeSetTest.measuresGauges(JCacheGaugeSetTest)
[ERROR]   Run 1: JCacheGaugeSetTest.setUp:26  Cache org.ehcache.xml.exceptions.XmlConfiguratio...
[ERROR]   Run 2: JCacheGaugeSetTest.tearDown:82 NullPointer
[INFO] 
[INFO] 
[ERROR] Tests run: 1, Failures: 0, Errors: 1, Skipped: 0
[INFO] 
[INFO] ------------------------------------------------------------------------
[INFO] Reactor Summary for Metrics Parent 4.2.0-SNAPSHOT:
[INFO] 
[INFO] Metrics Parent ..................................... SUCCESS [  0.326 s]
[INFO] Metrics Documentation .............................. SUCCESS [  0.487 s]
[INFO] Metrics BOM ........................................ SUCCESS [  0.007 s]
[INFO] Annotations for Metrics ............................ SUCCESS [  0.985 s]
[INFO] Metrics Core ....................................... SUCCESS [ 21.545 s]
[INFO] Benchmarks for Metrics ............................. SUCCESS [  0.572 s]
[INFO] Metrics Integration for Caffeine 2.x ............... SUCCESS [  1.860 s]
[INFO] Metrics Integration for Caffeine 3.x ............... SUCCESS [  1.651 s]
[INFO] Metrics Integration for Collectd ................... SUCCESS [  4.546 s]
[INFO] Metrics Integration for Ehcache .................... SUCCESS [  1.859 s]
[INFO] Graphite Integration for Metrics ................... SUCCESS [  5.130 s]
[INFO] JVM Integration for Metrics ........................ SUCCESS [  2.953 s]
[INFO] Metrics Health Checks .............................. SUCCESS [  2.673 s]
[INFO] Metrics Integration for Apache HttpClient .......... SUCCESS [  2.586 s]
[INFO] Metrics Integration for Apache HttpClient 5.x ...... SUCCESS [  3.077 s]
[INFO] Metrics Integration for Apache HttpAsyncClient ..... SUCCESS [  2.799 s]
[INFO] Metrics Integration for Jakarta Servlets ........... SUCCESS [  1.913 s]
[INFO] Jackson Integration for Metrics .................... SUCCESS [  2.266 s]
[INFO] Metrics Integration for Jetty 11.x and higher ...... SUCCESS [  3.845 s]
[INFO] Metrics Utility Jakarta Servlets ................... SUCCESS [  6.172 s]
[INFO] Metrics Integration for JCache ..................... FAILURE [  1.835 s]
[INFO] Metrics JCStress tests ............................. SKIPPED
[INFO] Metrics Integration for JDBI ....................... SKIPPED
[INFO] Metrics Integration for JDBI3 ...................... SKIPPED
[INFO] Metrics Integration for Jersey 2.x ................. SKIPPED
[INFO] Metrics Integration for Jersey 3.x ................. SKIPPED
[INFO] Metrics Integration for Jetty 9.3 and higher ....... SKIPPED
[INFO] Metrics Integration for Jetty 10.x and higher ...... SKIPPED
[INFO] Metrics Integration with JMX ....................... SKIPPED
[INFO] Metrics Integration for Log4j 2.x .................. SKIPPED
[INFO] Metrics Integration for Logback .................... SKIPPED
[INFO] Metrics Integration for Servlets ................... SKIPPED
[INFO] Metrics Utility Servlets ........................... SKIPPED
[INFO] ------------------------------------------------------------------------
[INFO] BUILD FAILURE
[INFO] ------------------------------------------------------------------------
[INFO] Total time:  01:09 min
[INFO] Finished at: 2023-01-13T16:36:23Z
[INFO] ------------------------------------------------------------------------
[ERROR] Failed to execute goal org.apache.maven.plugins:maven-surefire-plugin:2.22.2:test (default-test) on project metrics-jcache: There are test failures.
[ERROR] 
[ERROR] Please refer to /home/gabsko/breaking-updates/metrics-jcache/target/surefire-reports for the individual test results.
[ERROR] Please refer to dump files (if any exist) [date].dump, [date]-jvmRun[N].dump and [date].dumpstream.
[ERROR] -> [Help 1]
[ERROR] 
[ERROR] To see the full stack trace of the errors, re-run Maven with the -e switch.
[ERROR] Re-run Maven using the -X switch to enable full debug logging.
[ERROR] 
[ERROR] For more information about the errors and possible solutions, please read the following articles:
[ERROR] [Help 1] http://cwiki.apache.org/confluence/display/MAVEN/MojoFailureException
[ERROR] 
[ERROR] After correcting the problems, you can resume the build with the command
[ERROR]   mvn <args> -rf :metrics-jcache
