[INFO] Scanning for projects...
[INFO] 
[INFO] ------------------------< org.mybatis:mybatis2 >------------------------
[INFO] Building mybatis2 2.4.5-SNAPSHOT
[INFO] --------------------------------[ jar ]---------------------------------
[INFO] 
[INFO] --- maven-clean-plugin:3.1.0:clean (default-clean) @ mybatis2 ---
[INFO] Deleting /home/gabsko/breaking-updates/target
[INFO] 
[INFO] --- maven-enforcer-plugin:3.0.0-M1:enforce (enforce-java) @ mybatis2 ---
[INFO] 
[INFO] --- jacoco-maven-plugin:0.8.5:prepare-agent (prepare-agent) @ mybatis2 ---
[INFO] argLine set to -javaagent:/home/gabsko/.m2/repository/org/jacoco/org.jacoco.agent/0.8.5/org.jacoco.agent-0.8.5-runtime.jar=destfile=/home/gabsko/breaking-updates/target/jacoco.exec
[INFO] 
[INFO] --- whitespace-maven-plugin:1.0.4:trim (default) @ mybatis2 ---
[INFO] 
[INFO] --- formatter-maven-plugin:2.12.2:format (default) @ mybatis2 ---
[INFO] Using 'UTF-8' encoding to format source files.
[INFO] Number of files to be formatted: 291
[INFO] Successfully formatted:          77 file(s)
[INFO] Fail to format:                  0 file(s)
[INFO] Skipped:                         214 file(s)
[INFO] Read only skipped:               0 file(s)
[INFO] Approximate time taken:          1s
[INFO] 
[INFO] --- impsort-maven-plugin:1.4.1:sort (default) @ mybatis2 ---
[INFO]  Total Files Processed: 291 in 00:01.064
[INFO]         Already Sorted: 291
[INFO]         Needed Sorting:   0
[INFO] 
[INFO] --- maven-resources-plugin:3.2.0:resources (default-resources) @ mybatis2 ---
[INFO] Using 'UTF-8' encoding to copy filtered resources.
[INFO] Using 'UTF-8' encoding to copy filtered properties files.
[INFO] Copying 2 resources
[INFO] Copying 2 resources to META-INF
[INFO] 
[INFO] --- maven-compiler-plugin:3.8.1:compile (default-compile) @ mybatis2 ---
[INFO] Compiling 205 source files to /home/gabsko/breaking-updates/target/classes
[INFO] /home/gabsko/breaking-updates/src/main/java/com/ibatis/sqlmap/client/SqlMapExecutor.java: Some input files use or override a deprecated API.
[INFO] /home/gabsko/breaking-updates/src/main/java/com/ibatis/sqlmap/client/SqlMapExecutor.java: Recompile with -Xlint:deprecation for details.
[INFO] /home/gabsko/breaking-updates/src/main/java/com/ibatis/sqlmap/engine/builder/xml/SqlMapClasspathEntityResolver.java: Some input files use unchecked or unsafe operations.
[INFO] /home/gabsko/breaking-updates/src/main/java/com/ibatis/sqlmap/engine/builder/xml/SqlMapClasspathEntityResolver.java: Recompile with -Xlint:unchecked for details.
[INFO] 
[INFO] --- license-maven-plugin:3.0:format (default) @ mybatis2 ---
[INFO] Updating license headers...
[INFO] Updating license header in: /home/gabsko/breaking-updates/src/main/java/com/ibatis/sqlmap/engine/config/ParameterMapConfig.java
[INFO] Updating license header in: /home/gabsko/breaking-updates/src/main/java/com/ibatis/sqlmap/engine/config/ResultMapConfig.java
[INFO] Updating license header in: /home/gabsko/breaking-updates/src/main/java/com/ibatis/sqlmap/engine/config/SqlSource.java
[INFO] Updating license header in: /home/gabsko/breaking-updates/src/main/java/com/ibatis/sqlmap/engine/execution/BatchResult.java
[INFO] Updating license header in: /home/gabsko/breaking-updates/src/main/java/com/ibatis/sqlmap/engine/config/MappedStatementConfig.java
[INFO] Updating license header in: /home/gabsko/breaking-updates/src/main/java/com/ibatis/sqlmap/engine/execution/BatchException.java
[INFO] Updating license header in: /home/gabsko/breaking-updates/src/main/java/com/ibatis/sqlmap/engine/config/CacheModelConfig.java
[INFO] Updating license header in: /home/gabsko/breaking-updates/src/main/java/com/ibatis/sqlmap/engine/mapping/parameter/ParameterMapping.java
[INFO] Updating license header in: /home/gabsko/breaking-updates/src/main/java/com/ibatis/sqlmap/engine/mapping/parameter/ParameterMap.java
[INFO] Updating license header in: /home/gabsko/breaking-updates/src/main/java/com/ibatis/sqlmap/engine/mapping/sql/dynamic/elements/IterateContext.java
[INFO] Updating license header in: /home/gabsko/breaking-updates/src/main/java/com/ibatis/sqlmap/engine/mapping/sql/raw/RawSql.java
[INFO] Updating license header in: /home/gabsko/breaking-updates/src/main/java/com/ibatis/sqlmap/engine/mapping/result/Discriminator.java
[INFO] Updating license header in: /home/gabsko/breaking-updates/src/main/java/com/ibatis/sqlmap/engine/mapping/result/ResultObjectFactoryUtil.java
[INFO] Updating license header in: /home/gabsko/breaking-updates/src/main/java/com/ibatis/sqlmap/engine/mapping/result/ResultMap.java
[INFO] Updating license header in: /home/gabsko/breaking-updates/src/main/java/com/ibatis/sqlmap/engine/builder/xml/XMLSqlSource.java
[INFO] Updating license header in: /home/gabsko/breaking-updates/src/main/java/com/ibatis/sqlmap/engine/mapping/statement/MappedStatement.java
[INFO] Updating license header in: /home/gabsko/breaking-updates/src/main/java/com/ibatis/sqlmap/engine/mapping/statement/StatementType.java
[INFO] Updating license header in: /home/gabsko/breaking-updates/src/main/java/com/ibatis/sqlmap/engine/mapping/result/ResultObjectFactory.java
[INFO] Updating license header in: /home/gabsko/breaking-updates/src/main/java/com/ibatis/sqlmap/engine/type/SimpleDateFormatter.java
[INFO] Updating license header in: /home/gabsko/breaking-updates/src/main/java/com/ibatis/sqlmap/engine/builder/xml/XmlParserState.java
[INFO] Updating license header in: /home/gabsko/breaking-updates/src/main/java/com/ibatis/common/logging/nologging/NoLoggingImpl.java
[INFO] Updating license header in: /home/gabsko/breaking-updates/src/main/java/com/ibatis/common/logging/jakarta/JakartaCommonsLoggingImpl.java
[INFO] Updating license header in: /home/gabsko/breaking-updates/src/main/java/com/ibatis/common/logging/LogFactory.java
[INFO] Updating license header in: /home/gabsko/breaking-updates/src/main/java/com/ibatis/common/logging/log4j/Log4jImpl.java
[INFO] Updating license header in: /home/gabsko/breaking-updates/src/main/java/com/ibatis/common/logging/Log.java
[INFO] Updating license header in: /home/gabsko/breaking-updates/src/main/java/com/ibatis/common/logging/jdk14/Jdk14LoggingImpl.java
[INFO] Updating license header in: /home/gabsko/breaking-updates/src/main/java/com/ibatis/common/beans/GetFieldInvoker.java
[INFO] Updating license header in: /home/gabsko/breaking-updates/src/main/java/com/ibatis/common/beans/SetFieldInvoker.java
[INFO] Updating license header in: /home/gabsko/breaking-updates/src/test/java/com/ibatis/sqlmap/DiscriminatorTest.java
[INFO] Updating license header in: /home/gabsko/breaking-updates/src/test/java/com/ibatis/sqlmap/engine/mapping/result/loader/test/Bean1.java
[INFO] Updating license header in: /home/gabsko/breaking-updates/src/test/java/com/ibatis/sqlmap/engine/mapping/parameter/InlineParameterMapParserTest.java
[INFO] Updating license header in: /home/gabsko/breaking-updates/src/test/java/com/ibatis/sqlmap/engine/mapping/result/loader/EnhancedLazyResultLoaderTest.java
[INFO] Updating license header in: /home/gabsko/breaking-updates/src/test/java/com/ibatis/sqlmap/engine/mapping/result/loader/test/Bean2.java
[INFO] Updating license header in: /home/gabsko/breaking-updates/src/test/java/com/ibatis/sqlmap/ResultObjectFactoryImpl.java
[INFO] Updating license header in: /home/gabsko/breaking-updates/src/test/java/com/ibatis/sqlmap/DerbyParameterMapTest.java
[INFO] Updating license header in: /home/gabsko/breaking-updates/src/main/java/com/ibatis/common/beans/Invoker.java
[INFO] Updating license header in: /home/gabsko/breaking-updates/src/test/java/com/ibatis/sqlmap/PrivateMethodAccessTest.java
[INFO] Updating license header in: /home/gabsko/breaking-updates/src/test/java/com/ibatis/sqlmap/MultiResultSetTest.java
[INFO] Updating license header in: /home/gabsko/breaking-updates/src/main/java/com/ibatis/common/beans/MethodInvoker.java
[INFO] Updating license header in: /home/gabsko/breaking-updates/src/test/java/com/ibatis/sqlmap/DirectFieldMappingTest.java
[INFO] Updating license header in: /home/gabsko/breaking-updates/src/test/java/com/ibatis/sqlmap/NestedIterateTest.java
[INFO] Updating license header in: /home/gabsko/breaking-updates/src/test/java/com/ibatis/sqlmap/builder/xml/SqlMapClasspathEntityResolverTest.java
[INFO] Updating license header in: /home/gabsko/breaking-updates/src/test/java/com/ibatis/sqlmap/BatchTest.java
[INFO] Updating license header in: /home/gabsko/breaking-updates/src/test/java/com/ibatis/sqlmap/ResultObjectFactoryTest.java
[INFO] Updating license header in: /home/gabsko/breaking-updates/src/test/java/com/ibatis/common/xml/NodeletUtilsTest.java
[INFO] Updating license header in: /home/gabsko/breaking-updates/src/test/java/com/ibatis/common/beans/BadBeanTest.java
[INFO] Updating license header in: /home/gabsko/breaking-updates/src/test/java/badbeans/BeanWithNoGetterOverloadedSetters.java
[INFO] Updating license header in: /home/gabsko/breaking-updates/src/test/java/badbeans/BeanWithDifferentTypeOverloadedSetter.java
[INFO] Updating license header in: /home/gabsko/breaking-updates/src/test/java/badbeans/BeanWithOverloadedSetter.java
[INFO] Updating license header in: /home/gabsko/breaking-updates/src/test/java/badbeans/BeanWithDifferentTypeGetterSetter.java
[INFO] Updating license header in: /home/gabsko/breaking-updates/src/test/java/com/ibatis/sqlmap/jira/JiraIbatis260.java
[INFO] Updating license header in: /home/gabsko/breaking-updates/src/test/java/testdomain/Document.java
[INFO] Updating license header in: /home/gabsko/breaking-updates/src/test/java/testdomain/DocType.java
[INFO] Updating license header in: /home/gabsko/breaking-updates/src/test/java/testdomain/ISupplier.java
[INFO] Updating license header in: /home/gabsko/breaking-updates/src/test/java/testdomain/Magazine.java
[INFO] Updating license header in: /home/gabsko/breaking-updates/src/test/java/badbeans/GoodBean.java
[INFO] Updating license header in: /home/gabsko/breaking-updates/src/test/java/testdomain/Topic.java
[INFO] Updating license header in: /home/gabsko/breaking-updates/src/test/java/testdomain/ArticleIndex.java
[INFO] Updating license header in: /home/gabsko/breaking-updates/src/test/java/testdomain/Person.java
[INFO] Updating license header in: /home/gabsko/breaking-updates/src/test/java/testdomain/PrivateBook.java
[INFO] Updating license header in: /home/gabsko/breaking-updates/src/test/java/testdomain/ISupplierKeyImpl.java
[INFO] Updating license header in: /home/gabsko/breaking-updates/src/test/java/testdomain/Book.java
[INFO] Updating license header in: /home/gabsko/breaking-updates/src/test/java/testdomain/PersonDocument.java
[INFO] Updating license header in: /home/gabsko/breaking-updates/src/test/java/testdomain/FieldAccount.java
[INFO] Updating license header in: /home/gabsko/breaking-updates/src/test/java/testdomain/TopicDescription.java
[INFO] Updating license header in: /home/gabsko/breaking-updates/src/test/java/testdomain/IItem.java
[INFO] Updating license header in: /home/gabsko/breaking-updates/src/test/java/testdomain/NestedIterateParameterObject.java
[INFO] Updating license header in: /home/gabsko/breaking-updates/src/test/java/testdomain/ISupplierKey.java
[INFO] Updating license header in: /home/gabsko/breaking-updates/src/test/java/threads/Foo.java
[INFO] Updating license header in: /home/gabsko/breaking-updates/src/test/java/threads/MyThread.java
[INFO] Updating license header in: /home/gabsko/breaking-updates/src/test/java/com/ibatis/common/beans/ComplexBeanProbeTest.java
[INFO] Updating license header in: /home/gabsko/breaking-updates/src/test/java/testdomain/PrivateAccount.java
[INFO] Updating license header in: /home/gabsko/breaking-updates/src/test/java/testdomain/ISupplierImpl.java
[INFO] Updating license header in: /home/gabsko/breaking-updates/src/test/java/threads/RemapResultsThreadTest.java
[INFO] Updating license header in: /home/gabsko/breaking-updates/src/test/java/testdomain/IItemImpl.java
[INFO] Updating license header in: /home/gabsko/breaking-updates/src/test/java/testdomain/MyBean.java
[INFO] Updating license header in: /home/gabsko/breaking-updates/src/test/java/testdomain/ArticleIndexDenorm.java
[INFO] 
[INFO] --- animal-sniffer-maven-plugin:1.19:check (check-java-compat) @ mybatis2 ---
[INFO] Checking unresolved references to org.codehaus.mojo.signature:java17:1.0
[INFO] 
[INFO] --- maven-bundle-plugin:5.1.1:manifest (bundle-manifest) @ mybatis2 ---
[WARNING] Manifest org.mybatis:mybatis2:jar:2.4.5-SNAPSHOT : Unused Export-Package instructions: [org.ibatis.*] 
[INFO] 
[INFO] --- maven-resources-plugin:3.2.0:testResources (default-testResources) @ mybatis2 ---
[INFO] Using 'UTF-8' encoding to copy filtered resources.
[INFO] Using 'UTF-8' encoding to copy filtered properties files.
[INFO] Copying 36 resources
[INFO] 
[INFO] --- maven-compiler-plugin:3.8.1:testCompile (default-testCompile) @ mybatis2 ---
[INFO] Compiling 86 source files to /home/gabsko/breaking-updates/target/test-classes
[INFO] /home/gabsko/breaking-updates/src/test/java/com/ibatis/sqlmap/StatementTest.java: Some input files use or override a deprecated API.
[INFO] /home/gabsko/breaking-updates/src/test/java/com/ibatis/sqlmap/StatementTest.java: Recompile with -Xlint:deprecation for details.
[INFO] /home/gabsko/breaking-updates/src/test/java/com/ibatis/sqlmap/ComplexTypeTest.java: Some input files use unchecked or unsafe operations.
[INFO] /home/gabsko/breaking-updates/src/test/java/com/ibatis/sqlmap/ComplexTypeTest.java: Recompile with -Xlint:unchecked for details.
[INFO] 
[INFO] --- maven-surefire-plugin:3.0.0-M5:test (default-test) @ mybatis2 ---
[INFO] 
[INFO] -------------------------------------------------------
[INFO]  T E S T S
[INFO] -------------------------------------------------------
[INFO] Running com.ibatis.sqlmap.DynamicTest
[ERROR] WARNING: An illegal reflective access operation has occurred
[ERROR] WARNING: Illegal reflective access by com.ibatis.common.beans.ClassInfo (file:/home/gabsko/breaking-updates/target/classes/) to method java.util.HashMap.hash(java.lang.Object)
[ERROR] WARNING: Please consider reporting this to the maintainers of com.ibatis.common.beans.ClassInfo
[ERROR] WARNING: Use --illegal-access=warn to enable warnings of further illegal reflective access operations
[ERROR] WARNING: All illegal access operations will be denied in a future release
[INFO] Tests run: 24, Failures: 0, Errors: 0, Skipped: 0, Time elapsed: 1.145 s - in com.ibatis.sqlmap.DynamicTest
[INFO] Running com.ibatis.sqlmap.TransactionTest
[INFO] Tests run: 9, Failures: 0, Errors: 0, Skipped: 0, Time elapsed: 0.195 s - in com.ibatis.sqlmap.TransactionTest
[INFO] Running com.ibatis.sqlmap.DynamicPrependTest
[INFO] Tests run: 15, Failures: 0, Errors: 0, Skipped: 0, Time elapsed: 0.294 s - in com.ibatis.sqlmap.DynamicPrependTest
[INFO] Running com.ibatis.sqlmap.NestedIterateTest
[INFO] Tests run: 32, Failures: 0, Errors: 0, Skipped: 0, Time elapsed: 0.68 s - in com.ibatis.sqlmap.NestedIterateTest
[INFO] Running com.ibatis.sqlmap.engine.cache.CacheKeyTest
[INFO] Tests run: 1, Failures: 0, Errors: 0, Skipped: 0, Time elapsed: 0.001 s - in com.ibatis.sqlmap.engine.cache.CacheKeyTest
[INFO] Running com.ibatis.sqlmap.engine.cache.lru.LruCacheControllerTest
[INFO] Tests run: 4, Failures: 0, Errors: 0, Skipped: 0, Time elapsed: 0.002 s - in com.ibatis.sqlmap.engine.cache.lru.LruCacheControllerTest
[INFO] Running com.ibatis.sqlmap.engine.cache.memory.MemoryCacheControllerTest
[INFO] Tests run: 4, Failures: 0, Errors: 0, Skipped: 0, Time elapsed: 0.002 s - in com.ibatis.sqlmap.engine.cache.memory.MemoryCacheControllerTest
[INFO] Running com.ibatis.sqlmap.engine.cache.fifo.FifoCacheControllerTest
[INFO] Tests run: 4, Failures: 0, Errors: 0, Skipped: 0, Time elapsed: 0.002 s - in com.ibatis.sqlmap.engine.cache.fifo.FifoCacheControllerTest
[INFO] Running com.ibatis.sqlmap.engine.mapping.parameter.InlineParameterMapParserTest
[INFO] Tests run: 1, Failures: 0, Errors: 0, Skipped: 0, Time elapsed: 0.001 s - in com.ibatis.sqlmap.engine.mapping.parameter.InlineParameterMapParserTest
[INFO] Running com.ibatis.sqlmap.engine.mapping.result.loader.EnhancedLazyResultLoaderTest
[INFO] Tests run: 2, Failures: 0, Errors: 0, Skipped: 0, Time elapsed: 0.079 s - in com.ibatis.sqlmap.engine.mapping.result.loader.EnhancedLazyResultLoaderTest
[INFO] Running com.ibatis.sqlmap.DomStatementTest
[INFO] Tests run: 5, Failures: 0, Errors: 0, Skipped: 0, Time elapsed: 0.1 s - in com.ibatis.sqlmap.DomStatementTest
[INFO] Running com.ibatis.sqlmap.DirectFieldMappingTest
[INFO] Tests run: 3, Failures: 0, Errors: 0, Skipped: 0, Time elapsed: 0.052 s - in com.ibatis.sqlmap.DirectFieldMappingTest
[INFO] Running com.ibatis.sqlmap.XmlStatementTest
[INFO] Tests run: 5, Failures: 0, Errors: 0, Skipped: 0, Time elapsed: 0.195 s - in com.ibatis.sqlmap.XmlStatementTest
[INFO] Running com.ibatis.sqlmap.MultiResultSetTest
ERROR [main] - SimpleDataSource: Error while loading properties. Cause: java.lang.ClassNotFoundException: org.apache.derby.jdbc.EmbeddedDriver
java.lang.ClassNotFoundException: org.apache.derby.jdbc.EmbeddedDriver
	at java.base/jdk.internal.loader.BuiltinClassLoader.loadClass(BuiltinClassLoader.java:581)
	at java.base/jdk.internal.loader.ClassLoaders$AppClassLoader.loadClass(ClassLoaders.java:178)
	at java.base/java.lang.ClassLoader.loadClass(ClassLoader.java:522)
	at java.base/java.lang.Class.forName0(Native Method)
	at java.base/java.lang.Class.forName(Class.java:315)
	at com.ibatis.common.resources.Resources.classForName(Resources.java:308)
	at com.ibatis.common.resources.Resources.instantiate(Resources.java:328)
	at com.ibatis.common.jdbc.SimpleDataSource.initialize(SimpleDataSource.java:263)
	at com.ibatis.common.jdbc.SimpleDataSource.<init>(SimpleDataSource.java:187)
	at com.ibatis.sqlmap.engine.datasource.SimpleDataSourceFactory.initialize(SimpleDataSourceFactory.java:33)
	at com.ibatis.sqlmap.engine.builder.xml.SqlMapConfigParser$9.process(SqlMapConfigParser.java:300)
	at com.ibatis.common.xml.NodeletParser.processNodelet(NodeletParser.java:169)
	at com.ibatis.common.xml.NodeletParser.process(NodeletParser.java:145)
	at com.ibatis.common.xml.NodeletParser.process(NodeletParser.java:142)
	at com.ibatis.common.xml.NodeletParser.process(NodeletParser.java:142)
	at com.ibatis.common.xml.NodeletParser.parse(NodeletParser.java:108)
	at com.ibatis.common.xml.NodeletParser.parse(NodeletParser.java:76)
	at com.ibatis.sqlmap.engine.builder.xml.SqlMapConfigParser.parse(SqlMapConfigParser.java:89)
	at com.ibatis.sqlmap.engine.builder.xml.SqlMapConfigParser.parse(SqlMapConfigParser.java:75)
	at com.ibatis.sqlmap.client.SqlMapClientBuilder.buildSqlMapClient(SqlMapClientBuilder.java:80)
	at com.ibatis.sqlmap.BaseSqlMapTest.initSqlMap(BaseSqlMapTest.java:45)
	at com.ibatis.sqlmap.MultiResultSetTest.setUp(MultiResultSetTest.java:39)
	at java.base/jdk.internal.reflect.NativeMethodAccessorImpl.invoke0(Native Method)
	at java.base/jdk.internal.reflect.NativeMethodAccessorImpl.invoke(NativeMethodAccessorImpl.java:62)
	at java.base/jdk.internal.reflect.DelegatingMethodAccessorImpl.invoke(DelegatingMethodAccessorImpl.java:43)
	at java.base/java.lang.reflect.Method.invoke(Method.java:566)
	at org.junit.platform.commons.util.ReflectionUtils.invokeMethod(ReflectionUtils.java:686)
	at org.junit.jupiter.engine.execution.MethodInvocation.proceed(MethodInvocation.java:60)
	at org.junit.jupiter.engine.execution.InvocationInterceptorChain$ValidatingInvocation.proceed(InvocationInterceptorChain.java:131)
	at org.junit.jupiter.engine.extension.TimeoutExtension.intercept(TimeoutExtension.java:149)
	at org.junit.jupiter.engine.extension.TimeoutExtension.interceptLifecycleMethod(TimeoutExtension.java:126)
	at org.junit.jupiter.engine.extension.TimeoutExtension.interceptBeforeEachMethod(TimeoutExtension.java:76)
	at org.junit.jupiter.engine.execution.ExecutableInvoker$ReflectiveInterceptorCall.lambda$ofVoidMethod$0(ExecutableInvoker.java:115)
	at org.junit.jupiter.engine.execution.ExecutableInvoker.lambda$invoke$0(ExecutableInvoker.java:105)
	at org.junit.jupiter.engine.execution.InvocationInterceptorChain$InterceptedInvocation.proceed(InvocationInterceptorChain.java:106)
	at org.junit.jupiter.engine.execution.InvocationInterceptorChain.proceed(InvocationInterceptorChain.java:64)
	at org.junit.jupiter.engine.execution.InvocationInterceptorChain.chainAndInvoke(InvocationInterceptorChain.java:45)
	at org.junit.jupiter.engine.execution.InvocationInterceptorChain.invoke(InvocationInterceptorChain.java:37)
	at org.junit.jupiter.engine.execution.ExecutableInvoker.invoke(ExecutableInvoker.java:104)
	at org.junit.jupiter.engine.execution.ExecutableInvoker.invoke(ExecutableInvoker.java:98)
	at org.junit.jupiter.engine.descriptor.ClassBasedTestDescriptor.invokeMethodInExtensionContext(ClassBasedTestDescriptor.java:481)
	at org.junit.jupiter.engine.descriptor.ClassBasedTestDescriptor.lambda$synthesizeBeforeEachMethodAdapter$18(ClassBasedTestDescriptor.java:466)
	at org.junit.jupiter.engine.descriptor.TestMethodTestDescriptor.lambda$invokeBeforeEachMethods$2(TestMethodTestDescriptor.java:169)
	at org.junit.jupiter.engine.descriptor.TestMethodTestDescriptor.lambda$invokeBeforeMethodsOrCallbacksUntilExceptionOccurs$5(TestMethodTestDescriptor.java:197)
	at org.junit.platform.engine.support.hierarchical.ThrowableCollector.execute(ThrowableCollector.java:73)
	at org.junit.jupiter.engine.descriptor.TestMethodTestDescriptor.invokeBeforeMethodsOrCallbacksUntilExceptionOccurs(TestMethodTestDescriptor.java:197)
	at org.junit.jupiter.engine.descriptor.TestMethodTestDescriptor.invokeBeforeEachMethods(TestMethodTestDescriptor.java:166)
	at org.junit.jupiter.engine.descriptor.TestMethodTestDescriptor.execute(TestMethodTestDescriptor.java:133)
	at org.junit.jupiter.engine.descriptor.TestMethodTestDescriptor.execute(TestMethodTestDescriptor.java:71)
	at org.junit.platform.engine.support.hierarchical.NodeTestTask.lambda$executeRecursively$5(NodeTestTask.java:135)
	at org.junit.platform.engine.support.hierarchical.ThrowableCollector.execute(ThrowableCollector.java:73)
	at org.junit.platform.engine.support.hierarchical.NodeTestTask.lambda$executeRecursively$7(NodeTestTask.java:125)
	at org.junit.platform.engine.support.hierarchical.Node.around(Node.java:135)
	at org.junit.platform.engine.support.hierarchical.NodeTestTask.lambda$executeRecursively$8(NodeTestTask.java:123)
	at org.junit.platform.engine.support.hierarchical.ThrowableCollector.execute(ThrowableCollector.java:73)
	at org.junit.platform.engine.support.hierarchical.NodeTestTask.executeRecursively(NodeTestTask.java:122)
	at org.junit.platform.engine.support.hierarchical.NodeTestTask.execute(NodeTestTask.java:80)
	at java.base/java.util.ArrayList.forEach(ArrayList.java:1541)
	at org.junit.platform.engine.support.hierarchical.SameThreadHierarchicalTestExecutorService.invokeAll(SameThreadHierarchicalTestExecutorService.java:38)
	at org.junit.platform.engine.support.hierarchical.NodeTestTask.lambda$executeRecursively$5(NodeTestTask.java:139)
	at org.junit.platform.engine.support.hierarchical.ThrowableCollector.execute(ThrowableCollector.java:73)
	at org.junit.platform.engine.support.hierarchical.NodeTestTask.lambda$executeRecursively$7(NodeTestTask.java:125)
	at org.junit.platform.engine.support.hierarchical.Node.around(Node.java:135)
	at org.junit.platform.engine.support.hierarchical.NodeTestTask.lambda$executeRecursively$8(NodeTestTask.java:123)
	at org.junit.platform.engine.support.hierarchical.ThrowableCollector.execute(ThrowableCollector.java:73)
	at org.junit.platform.engine.support.hierarchical.NodeTestTask.executeRecursively(NodeTestTask.java:122)
	at org.junit.platform.engine.support.hierarchical.NodeTestTask.execute(NodeTestTask.java:80)
	at java.base/java.util.ArrayList.forEach(ArrayList.java:1541)
	at org.junit.platform.engine.support.hierarchical.SameThreadHierarchicalTestExecutorService.invokeAll(SameThreadHierarchicalTestExecutorService.java:38)
	at org.junit.platform.engine.support.hierarchical.NodeTestTask.lambda$executeRecursively$5(NodeTestTask.java:139)
	at org.junit.platform.engine.support.hierarchical.ThrowableCollector.execute(ThrowableCollector.java:73)
	at org.junit.platform.engine.support.hierarchical.NodeTestTask.lambda$executeRecursively$7(NodeTestTask.java:125)
	at org.junit.platform.engine.support.hierarchical.Node.around(Node.java:135)
	at org.junit.platform.engine.support.hierarchical.NodeTestTask.lambda$executeRecursively$8(NodeTestTask.java:123)
	at org.junit.platform.engine.support.hierarchical.ThrowableCollector.execute(ThrowableCollector.java:73)
	at org.junit.platform.engine.support.hierarchical.NodeTestTask.executeRecursively(NodeTestTask.java:122)
	at org.junit.platform.engine.support.hierarchical.NodeTestTask.execute(NodeTestTask.java:80)
	at org.junit.platform.engine.support.hierarchical.SameThreadHierarchicalTestExecutorService.submit(SameThreadHierarchicalTestExecutorService.java:32)
	at org.junit.platform.engine.support.hierarchical.HierarchicalTestExecutor.execute(HierarchicalTestExecutor.java:57)
	at org.junit.platform.engine.support.hierarchical.HierarchicalTestEngine.execute(HierarchicalTestEngine.java:51)
	at org.junit.platform.launcher.core.DefaultLauncher.execute(DefaultLauncher.java:229)
	at org.junit.platform.launcher.core.DefaultLauncher.lambda$execute$6(DefaultLauncher.java:197)
	at org.junit.platform.launcher.core.DefaultLauncher.withInterceptedStreams(DefaultLauncher.java:211)
	at org.junit.platform.launcher.core.DefaultLauncher.execute(DefaultLauncher.java:191)
	at org.junit.platform.launcher.core.DefaultLauncher.execute(DefaultLauncher.java:128)
	at org.apache.maven.surefire.junitplatform.JUnitPlatformProvider.execute(JUnitPlatformProvider.java:188)
	at org.apache.maven.surefire.junitplatform.JUnitPlatformProvider.invokeAllTests(JUnitPlatformProvider.java:154)
	at org.apache.maven.surefire.junitplatform.JUnitPlatformProvider.invoke(JUnitPlatformProvider.java:128)
	at org.apache.maven.surefire.booter.ForkedBooter.runSuitesInProcess(ForkedBooter.java:428)
	at org.apache.maven.surefire.booter.ForkedBooter.execute(ForkedBooter.java:162)
	at org.apache.maven.surefire.booter.ForkedBooter.run(ForkedBooter.java:562)
	at org.apache.maven.surefire.booter.ForkedBooter.main(ForkedBooter.java:548)
ERROR [main] - SimpleDataSource: Error while loading properties. Cause: java.lang.ClassNotFoundException: org.apache.derby.jdbc.EmbeddedDriver
java.lang.ClassNotFoundException: org.apache.derby.jdbc.EmbeddedDriver
	at java.base/jdk.internal.loader.BuiltinClassLoader.loadClass(BuiltinClassLoader.java:581)
	at java.base/jdk.internal.loader.ClassLoaders$AppClassLoader.loadClass(ClassLoaders.java:178)
	at java.base/java.lang.ClassLoader.loadClass(ClassLoader.java:522)
	at java.base/java.lang.Class.forName0(Native Method)
	at java.base/java.lang.Class.forName(Class.java:315)
	at com.ibatis.common.resources.Resources.classForName(Resources.java:308)
	at com.ibatis.common.resources.Resources.instantiate(Resources.java:328)
	at com.ibatis.common.jdbc.SimpleDataSource.initialize(SimpleDataSource.java:263)
	at com.ibatis.common.jdbc.SimpleDataSource.<init>(SimpleDataSource.java:187)
	at com.ibatis.sqlmap.engine.datasource.SimpleDataSourceFactory.initialize(SimpleDataSourceFactory.java:33)
	at com.ibatis.sqlmap.engine.builder.xml.SqlMapConfigParser$9.process(SqlMapConfigParser.java:300)
	at com.ibatis.common.xml.NodeletParser.processNodelet(NodeletParser.java:169)
	at com.ibatis.common.xml.NodeletParser.process(NodeletParser.java:145)
	at com.ibatis.common.xml.NodeletParser.process(NodeletParser.java:142)
	at com.ibatis.common.xml.NodeletParser.process(NodeletParser.java:142)
	at com.ibatis.common.xml.NodeletParser.parse(NodeletParser.java:108)
	at com.ibatis.common.xml.NodeletParser.parse(NodeletParser.java:76)
	at com.ibatis.sqlmap.engine.builder.xml.SqlMapConfigParser.parse(SqlMapConfigParser.java:89)
	at com.ibatis.sqlmap.engine.builder.xml.SqlMapConfigParser.parse(SqlMapConfigParser.java:75)
	at com.ibatis.sqlmap.client.SqlMapClientBuilder.buildSqlMapClient(SqlMapClientBuilder.java:80)
	at com.ibatis.sqlmap.BaseSqlMapTest.initSqlMap(BaseSqlMapTest.java:45)
	at com.ibatis.sqlmap.MultiResultSetTest.setUp(MultiResultSetTest.java:39)
	at java.base/jdk.internal.reflect.NativeMethodAccessorImpl.invoke0(Native Method)
	at java.base/jdk.internal.reflect.NativeMethodAccessorImpl.invoke(NativeMethodAccessorImpl.java:62)
	at java.base/jdk.internal.reflect.DelegatingMethodAccessorImpl.invoke(DelegatingMethodAccessorImpl.java:43)
	at java.base/java.lang.reflect.Method.invoke(Method.java:566)
	at org.junit.platform.commons.util.ReflectionUtils.invokeMethod(ReflectionUtils.java:686)
	at org.junit.jupiter.engine.execution.MethodInvocation.proceed(MethodInvocation.java:60)
	at org.junit.jupiter.engine.execution.InvocationInterceptorChain$ValidatingInvocation.proceed(InvocationInterceptorChain.java:131)
	at org.junit.jupiter.engine.extension.TimeoutExtension.intercept(TimeoutExtension.java:149)
	at org.junit.jupiter.engine.extension.TimeoutExtension.interceptLifecycleMethod(TimeoutExtension.java:126)
	at org.junit.jupiter.engine.extension.TimeoutExtension.interceptBeforeEachMethod(TimeoutExtension.java:76)
	at org.junit.jupiter.engine.execution.ExecutableInvoker$ReflectiveInterceptorCall.lambda$ofVoidMethod$0(ExecutableInvoker.java:115)
	at org.junit.jupiter.engine.execution.ExecutableInvoker.lambda$invoke$0(ExecutableInvoker.java:105)
	at org.junit.jupiter.engine.execution.InvocationInterceptorChain$InterceptedInvocation.proceed(InvocationInterceptorChain.java:106)
	at org.junit.jupiter.engine.execution.InvocationInterceptorChain.proceed(InvocationInterceptorChain.java:64)
	at org.junit.jupiter.engine.execution.InvocationInterceptorChain.chainAndInvoke(InvocationInterceptorChain.java:45)
	at org.junit.jupiter.engine.execution.InvocationInterceptorChain.invoke(InvocationInterceptorChain.java:37)
	at org.junit.jupiter.engine.execution.ExecutableInvoker.invoke(ExecutableInvoker.java:104)
	at org.junit.jupiter.engine.execution.ExecutableInvoker.invoke(ExecutableInvoker.java:98)
	at org.junit.jupiter.engine.descriptor.ClassBasedTestDescriptor.invokeMethodInExtensionContext(ClassBasedTestDescriptor.java:481)
	at org.junit.jupiter.engine.descriptor.ClassBasedTestDescriptor.lambda$synthesizeBeforeEachMethodAdapter$18(ClassBasedTestDescriptor.java:466)
	at org.junit.jupiter.engine.descriptor.TestMethodTestDescriptor.lambda$invokeBeforeEachMethods$2(TestMethodTestDescriptor.java:169)
	at org.junit.jupiter.engine.descriptor.TestMethodTestDescriptor.lambda$invokeBeforeMethodsOrCallbacksUntilExceptionOccurs$5(TestMethodTestDescriptor.java:197)
	at org.junit.platform.engine.support.hierarchical.ThrowableCollector.execute(ThrowableCollector.java:73)
	at org.junit.jupiter.engine.descriptor.TestMethodTestDescriptor.invokeBeforeMethodsOrCallbacksUntilExceptionOccurs(TestMethodTestDescriptor.java:197)
	at org.junit.jupiter.engine.descriptor.TestMethodTestDescriptor.invokeBeforeEachMethods(TestMethodTestDescriptor.java:166)
	at org.junit.jupiter.engine.descriptor.TestMethodTestDescriptor.execute(TestMethodTestDescriptor.java:133)
	at org.junit.jupiter.engine.descriptor.TestMethodTestDescriptor.execute(TestMethodTestDescriptor.java:71)
	at org.junit.platform.engine.support.hierarchical.NodeTestTask.lambda$executeRecursively$5(NodeTestTask.java:135)
	at org.junit.platform.engine.support.hierarchical.ThrowableCollector.execute(ThrowableCollector.java:73)
	at org.junit.platform.engine.support.hierarchical.NodeTestTask.lambda$executeRecursively$7(NodeTestTask.java:125)
	at org.junit.platform.engine.support.hierarchical.Node.around(Node.java:135)
	at org.junit.platform.engine.support.hierarchical.NodeTestTask.lambda$executeRecursively$8(NodeTestTask.java:123)
	at org.junit.platform.engine.support.hierarchical.ThrowableCollector.execute(ThrowableCollector.java:73)
	at org.junit.platform.engine.support.hierarchical.NodeTestTask.executeRecursively(NodeTestTask.java:122)
	at org.junit.platform.engine.support.hierarchical.NodeTestTask.execute(NodeTestTask.java:80)
	at java.base/java.util.ArrayList.forEach(ArrayList.java:1541)
	at org.junit.platform.engine.support.hierarchical.SameThreadHierarchicalTestExecutorService.invokeAll(SameThreadHierarchicalTestExecutorService.java:38)
	at org.junit.platform.engine.support.hierarchical.NodeTestTask.lambda$executeRecursively$5(NodeTestTask.java:139)
	at org.junit.platform.engine.support.hierarchical.ThrowableCollector.execute(ThrowableCollector.java:73)
	at org.junit.platform.engine.support.hierarchical.NodeTestTask.lambda$executeRecursively$7(NodeTestTask.java:125)
	at org.junit.platform.engine.support.hierarchical.Node.around(Node.java:135)
	at org.junit.platform.engine.support.hierarchical.NodeTestTask.lambda$executeRecursively$8(NodeTestTask.java:123)
	at org.junit.platform.engine.support.hierarchical.ThrowableCollector.execute(ThrowableCollector.java:73)
	at org.junit.platform.engine.support.hierarchical.NodeTestTask.executeRecursively(NodeTestTask.java:122)
	at org.junit.platform.engine.support.hierarchical.NodeTestTask.execute(NodeTestTask.java:80)
	at java.base/java.util.ArrayList.forEach(ArrayList.java:1541)
	at org.junit.platform.engine.support.hierarchical.SameThreadHierarchicalTestExecutorService.invokeAll(SameThreadHierarchicalTestExecutorService.java:38)
	at org.junit.platform.engine.support.hierarchical.NodeTestTask.lambda$executeRecursively$5(NodeTestTask.java:139)
	at org.junit.platform.engine.support.hierarchical.ThrowableCollector.execute(ThrowableCollector.java:73)
	at org.junit.platform.engine.support.hierarchical.NodeTestTask.lambda$executeRecursively$7(NodeTestTask.java:125)
	at org.junit.platform.engine.support.hierarchical.Node.around(Node.java:135)
	at org.junit.platform.engine.support.hierarchical.NodeTestTask.lambda$executeRecursively$8(NodeTestTask.java:123)
	at org.junit.platform.engine.support.hierarchical.ThrowableCollector.execute(ThrowableCollector.java:73)
	at org.junit.platform.engine.support.hierarchical.NodeTestTask.executeRecursively(NodeTestTask.java:122)
	at org.junit.platform.engine.support.hierarchical.NodeTestTask.execute(NodeTestTask.java:80)
	at org.junit.platform.engine.support.hierarchical.SameThreadHierarchicalTestExecutorService.submit(SameThreadHierarchicalTestExecutorService.java:32)
	at org.junit.platform.engine.support.hierarchical.HierarchicalTestExecutor.execute(HierarchicalTestExecutor.java:57)
	at org.junit.platform.engine.support.hierarchical.HierarchicalTestEngine.execute(HierarchicalTestEngine.java:51)
	at org.junit.platform.launcher.core.DefaultLauncher.execute(DefaultLauncher.java:229)
	at org.junit.platform.launcher.core.DefaultLauncher.lambda$execute$6(DefaultLauncher.java:197)
	at org.junit.platform.launcher.core.DefaultLauncher.withInterceptedStreams(DefaultLauncher.java:211)
	at org.junit.platform.launcher.core.DefaultLauncher.execute(DefaultLauncher.java:191)
	at org.junit.platform.launcher.core.DefaultLauncher.execute(DefaultLauncher.java:128)
	at org.apache.maven.surefire.junitplatform.JUnitPlatformProvider.execute(JUnitPlatformProvider.java:188)
	at org.apache.maven.surefire.junitplatform.JUnitPlatformProvider.invokeAllTests(JUnitPlatformProvider.java:154)
	at org.apache.maven.surefire.junitplatform.JUnitPlatformProvider.invoke(JUnitPlatformProvider.java:128)
	at org.apache.maven.surefire.booter.ForkedBooter.runSuitesInProcess(ForkedBooter.java:428)
	at org.apache.maven.surefire.booter.ForkedBooter.execute(ForkedBooter.java:162)
	at org.apache.maven.surefire.booter.ForkedBooter.run(ForkedBooter.java:562)
	at org.apache.maven.surefire.booter.ForkedBooter.main(ForkedBooter.java:548)
ERROR [main] - SimpleDataSource: Error while loading properties. Cause: java.lang.ClassNotFoundException: org.apache.derby.jdbc.EmbeddedDriver
java.lang.ClassNotFoundException: org.apache.derby.jdbc.EmbeddedDriver
	at java.base/jdk.internal.loader.BuiltinClassLoader.loadClass(BuiltinClassLoader.java:581)
	at java.base/jdk.internal.loader.ClassLoaders$AppClassLoader.loadClass(ClassLoaders.java:178)
	at java.base/java.lang.ClassLoader.loadClass(ClassLoader.java:522)
	at java.base/java.lang.Class.forName0(Native Method)
	at java.base/java.lang.Class.forName(Class.java:315)
	at com.ibatis.common.resources.Resources.classForName(Resources.java:308)
	at com.ibatis.common.resources.Resources.instantiate(Resources.java:328)
	at com.ibatis.common.jdbc.SimpleDataSource.initialize(SimpleDataSource.java:263)
	at com.ibatis.common.jdbc.SimpleDataSource.<init>(SimpleDataSource.java:187)
	at com.ibatis.sqlmap.engine.datasource.SimpleDataSourceFactory.initialize(SimpleDataSourceFactory.java:33)
	at com.ibatis.sqlmap.engine.builder.xml.SqlMapConfigParser$9.process(SqlMapConfigParser.java:300)
	at com.ibatis.common.xml.NodeletParser.processNodelet(NodeletParser.java:169)
	at com.ibatis.common.xml.NodeletParser.process(NodeletParser.java:145)
	at com.ibatis.common.xml.NodeletParser.process(NodeletParser.java:142)
	at com.ibatis.common.xml.NodeletParser.process(NodeletParser.java:142)
	at com.ibatis.common.xml.NodeletParser.parse(NodeletParser.java:108)
	at com.ibatis.common.xml.NodeletParser.parse(NodeletParser.java:76)
	at com.ibatis.sqlmap.engine.builder.xml.SqlMapConfigParser.parse(SqlMapConfigParser.java:89)
	at com.ibatis.sqlmap.engine.builder.xml.SqlMapConfigParser.parse(SqlMapConfigParser.java:75)
	at com.ibatis.sqlmap.client.SqlMapClientBuilder.buildSqlMapClient(SqlMapClientBuilder.java:80)
	at com.ibatis.sqlmap.BaseSqlMapTest.initSqlMap(BaseSqlMapTest.java:45)
	at com.ibatis.sqlmap.MultiResultSetTest.setUp(MultiResultSetTest.java:39)
	at java.base/jdk.internal.reflect.NativeMethodAccessorImpl.invoke0(Native Method)
	at java.base/jdk.internal.reflect.NativeMethodAccessorImpl.invoke(NativeMethodAccessorImpl.java:62)
	at java.base/jdk.internal.reflect.DelegatingMethodAccessorImpl.invoke(DelegatingMethodAccessorImpl.java:43)
	at java.base/java.lang.reflect.Method.invoke(Method.java:566)
	at org.junit.platform.commons.util.ReflectionUtils.invokeMethod(ReflectionUtils.java:686)
	at org.junit.jupiter.engine.execution.MethodInvocation.proceed(MethodInvocation.java:60)
	at org.junit.jupiter.engine.execution.InvocationInterceptorChain$ValidatingInvocation.proceed(InvocationInterceptorChain.java:131)
	at org.junit.jupiter.engine.extension.TimeoutExtension.intercept(TimeoutExtension.java:149)
	at org.junit.jupiter.engine.extension.TimeoutExtension.interceptLifecycleMethod(TimeoutExtension.java:126)
	at org.junit.jupiter.engine.extension.TimeoutExtension.interceptBeforeEachMethod(TimeoutExtension.java:76)
	at org.junit.jupiter.engine.execution.ExecutableInvoker$ReflectiveInterceptorCall.lambda$ofVoidMethod$0(ExecutableInvoker.java:115)
	at org.junit.jupiter.engine.execution.ExecutableInvoker.lambda$invoke$0(ExecutableInvoker.java:105)
	at org.junit.jupiter.engine.execution.InvocationInterceptorChain$InterceptedInvocation.proceed(InvocationInterceptorChain.java:106)
	at org.junit.jupiter.engine.execution.InvocationInterceptorChain.proceed(InvocationInterceptorChain.java:64)
	at org.junit.jupiter.engine.execution.InvocationInterceptorChain.chainAndInvoke(InvocationInterceptorChain.java:45)
	at org.junit.jupiter.engine.execution.InvocationInterceptorChain.invoke(InvocationInterceptorChain.java:37)
	at org.junit.jupiter.engine.execution.ExecutableInvoker.invoke(ExecutableInvoker.java:104)
	at org.junit.jupiter.engine.execution.ExecutableInvoker.invoke(ExecutableInvoker.java:98)
	at org.junit.jupiter.engine.descriptor.ClassBasedTestDescriptor.invokeMethodInExtensionContext(ClassBasedTestDescriptor.java:481)
	at org.junit.jupiter.engine.descriptor.ClassBasedTestDescriptor.lambda$synthesizeBeforeEachMethodAdapter$18(ClassBasedTestDescriptor.java:466)
	at org.junit.jupiter.engine.descriptor.TestMethodTestDescriptor.lambda$invokeBeforeEachMethods$2(TestMethodTestDescriptor.java:169)
	at org.junit.jupiter.engine.descriptor.TestMethodTestDescriptor.lambda$invokeBeforeMethodsOrCallbacksUntilExceptionOccurs$5(TestMethodTestDescriptor.java:197)
	at org.junit.platform.engine.support.hierarchical.ThrowableCollector.execute(ThrowableCollector.java:73)
	at org.junit.jupiter.engine.descriptor.TestMethodTestDescriptor.invokeBeforeMethodsOrCallbacksUntilExceptionOccurs(TestMethodTestDescriptor.java:197)
	at org.junit.jupiter.engine.descriptor.TestMethodTestDescriptor.invokeBeforeEachMethods(TestMethodTestDescriptor.java:166)
	at org.junit.jupiter.engine.descriptor.TestMethodTestDescriptor.execute(TestMethodTestDescriptor.java:133)
	at org.junit.jupiter.engine.descriptor.TestMethodTestDescriptor.execute(TestMethodTestDescriptor.java:71)
	at org.junit.platform.engine.support.hierarchical.NodeTestTask.lambda$executeRecursively$5(NodeTestTask.java:135)
	at org.junit.platform.engine.support.hierarchical.ThrowableCollector.execute(ThrowableCollector.java:73)
	at org.junit.platform.engine.support.hierarchical.NodeTestTask.lambda$executeRecursively$7(NodeTestTask.java:125)
	at org.junit.platform.engine.support.hierarchical.Node.around(Node.java:135)
	at org.junit.platform.engine.support.hierarchical.NodeTestTask.lambda$executeRecursively$8(NodeTestTask.java:123)
	at org.junit.platform.engine.support.hierarchical.ThrowableCollector.execute(ThrowableCollector.java:73)
	at org.junit.platform.engine.support.hierarchical.NodeTestTask.executeRecursively(NodeTestTask.java:122)
	at org.junit.platform.engine.support.hierarchical.NodeTestTask.execute(NodeTestTask.java:80)
	at java.base/java.util.ArrayList.forEach(ArrayList.java:1541)
	at org.junit.platform.engine.support.hierarchical.SameThreadHierarchicalTestExecutorService.invokeAll(SameThreadHierarchicalTestExecutorService.java:38)
	at org.junit.platform.engine.support.hierarchical.NodeTestTask.lambda$executeRecursively$5(NodeTestTask.java:139)
	at org.junit.platform.engine.support.hierarchical.ThrowableCollector.execute(ThrowableCollector.java:73)
	at org.junit.platform.engine.support.hierarchical.NodeTestTask.lambda$executeRecursively$7(NodeTestTask.java:125)
	at org.junit.platform.engine.support.hierarchical.Node.around(Node.java:135)
	at org.junit.platform.engine.support.hierarchical.NodeTestTask.lambda$executeRecursively$8(NodeTestTask.java:123)
	at org.junit.platform.engine.support.hierarchical.ThrowableCollector.execute(ThrowableCollector.java:73)
	at org.junit.platform.engine.support.hierarchical.NodeTestTask.executeRecursively(NodeTestTask.java:122)
	at org.junit.platform.engine.support.hierarchical.NodeTestTask.execute(NodeTestTask.java:80)
	at java.base/java.util.ArrayList.forEach(ArrayList.java:1541)
	at org.junit.platform.engine.support.hierarchical.SameThreadHierarchicalTestExecutorService.invokeAll(SameThreadHierarchicalTestExecutorService.java:38)
	at org.junit.platform.engine.support.hierarchical.NodeTestTask.lambda$executeRecursively$5(NodeTestTask.java:139)
	at org.junit.platform.engine.support.hierarchical.ThrowableCollector.execute(ThrowableCollector.java:73)
	at org.junit.platform.engine.support.hierarchical.NodeTestTask.lambda$executeRecursively$7(NodeTestTask.java:125)
	at org.junit.platform.engine.support.hierarchical.Node.around(Node.java:135)
	at org.junit.platform.engine.support.hierarchical.NodeTestTask.lambda$executeRecursively$8(NodeTestTask.java:123)
	at org.junit.platform.engine.support.hierarchical.ThrowableCollector.execute(ThrowableCollector.java:73)
	at org.junit.platform.engine.support.hierarchical.NodeTestTask.executeRecursively(NodeTestTask.java:122)
	at org.junit.platform.engine.support.hierarchical.NodeTestTask.execute(NodeTestTask.java:80)
	at org.junit.platform.engine.support.hierarchical.SameThreadHierarchicalTestExecutorService.submit(SameThreadHierarchicalTestExecutorService.java:32)
	at org.junit.platform.engine.support.hierarchical.HierarchicalTestExecutor.execute(HierarchicalTestExecutor.java:57)
	at org.junit.platform.engine.support.hierarchical.HierarchicalTestEngine.execute(HierarchicalTestEngine.java:51)
	at org.junit.platform.launcher.core.DefaultLauncher.execute(DefaultLauncher.java:229)
	at org.junit.platform.launcher.core.DefaultLauncher.lambda$execute$6(DefaultLauncher.java:197)
	at org.junit.platform.launcher.core.DefaultLauncher.withInterceptedStreams(DefaultLauncher.java:211)
	at org.junit.platform.launcher.core.DefaultLauncher.execute(DefaultLauncher.java:191)
	at org.junit.platform.launcher.core.DefaultLauncher.execute(DefaultLauncher.java:128)
	at org.apache.maven.surefire.junitplatform.JUnitPlatformProvider.execute(JUnitPlatformProvider.java:188)
	at org.apache.maven.surefire.junitplatform.JUnitPlatformProvider.invokeAllTests(JUnitPlatformProvider.java:154)
	at org.apache.maven.surefire.junitplatform.JUnitPlatformProvider.invoke(JUnitPlatformProvider.java:128)
	at org.apache.maven.surefire.booter.ForkedBooter.runSuitesInProcess(ForkedBooter.java:428)
	at org.apache.maven.surefire.booter.ForkedBooter.execute(ForkedBooter.java:162)
	at org.apache.maven.surefire.booter.ForkedBooter.run(ForkedBooter.java:562)
	at org.apache.maven.surefire.booter.ForkedBooter.main(ForkedBooter.java:548)
ERROR [main] - SimpleDataSource: Error while loading properties. Cause: java.lang.ClassNotFoundException: org.apache.derby.jdbc.EmbeddedDriver
java.lang.ClassNotFoundException: org.apache.derby.jdbc.EmbeddedDriver
	at java.base/jdk.internal.loader.BuiltinClassLoader.loadClass(BuiltinClassLoader.java:581)
	at java.base/jdk.internal.loader.ClassLoaders$AppClassLoader.loadClass(ClassLoaders.java:178)
	at java.base/java.lang.ClassLoader.loadClass(ClassLoader.java:522)
	at java.base/java.lang.Class.forName0(Native Method)
	at java.base/java.lang.Class.forName(Class.java:315)
	at com.ibatis.common.resources.Resources.classForName(Resources.java:308)
	at com.ibatis.common.resources.Resources.instantiate(Resources.java:328)
	at com.ibatis.common.jdbc.SimpleDataSource.initialize(SimpleDataSource.java:263)
	at com.ibatis.common.jdbc.SimpleDataSource.<init>(SimpleDataSource.java:187)
	at com.ibatis.sqlmap.engine.datasource.SimpleDataSourceFactory.initialize(SimpleDataSourceFactory.java:33)
	at com.ibatis.sqlmap.engine.builder.xml.SqlMapConfigParser$9.process(SqlMapConfigParser.java:300)
	at com.ibatis.common.xml.NodeletParser.processNodelet(NodeletParser.java:169)
	at com.ibatis.common.xml.NodeletParser.process(NodeletParser.java:145)
	at com.ibatis.common.xml.NodeletParser.process(NodeletParser.java:142)
	at com.ibatis.common.xml.NodeletParser.process(NodeletParser.java:142)
	at com.ibatis.common.xml.NodeletParser.parse(NodeletParser.java:108)
	at com.ibatis.common.xml.NodeletParser.parse(NodeletParser.java:76)
	at com.ibatis.sqlmap.engine.builder.xml.SqlMapConfigParser.parse(SqlMapConfigParser.java:89)
	at com.ibatis.sqlmap.engine.builder.xml.SqlMapConfigParser.parse(SqlMapConfigParser.java:75)
	at com.ibatis.sqlmap.client.SqlMapClientBuilder.buildSqlMapClient(SqlMapClientBuilder.java:80)
	at com.ibatis.sqlmap.BaseSqlMapTest.initSqlMap(BaseSqlMapTest.java:45)
	at com.ibatis.sqlmap.MultiResultSetTest.setUp(MultiResultSetTest.java:39)
	at java.base/jdk.internal.reflect.NativeMethodAccessorImpl.invoke0(Native Method)
	at java.base/jdk.internal.reflect.NativeMethodAccessorImpl.invoke(NativeMethodAccessorImpl.java:62)
	at java.base/jdk.internal.reflect.DelegatingMethodAccessorImpl.invoke(DelegatingMethodAccessorImpl.java:43)
	at java.base/java.lang.reflect.Method.invoke(Method.java:566)
	at org.junit.platform.commons.util.ReflectionUtils.invokeMethod(ReflectionUtils.java:686)
	at org.junit.jupiter.engine.execution.MethodInvocation.proceed(MethodInvocation.java:60)
	at org.junit.jupiter.engine.execution.InvocationInterceptorChain$ValidatingInvocation.proceed(InvocationInterceptorChain.java:131)
	at org.junit.jupiter.engine.extension.TimeoutExtension.intercept(TimeoutExtension.java:149)
	at org.junit.jupiter.engine.extension.TimeoutExtension.interceptLifecycleMethod(TimeoutExtension.java:126)
	at org.junit.jupiter.engine.extension.TimeoutExtension.interceptBeforeEachMethod(TimeoutExtension.java:76)
	at org.junit.jupiter.engine.execution.ExecutableInvoker$ReflectiveInterceptorCall.lambda$ofVoidMethod$0(ExecutableInvoker.java:115)
	at org.junit.jupiter.engine.execution.ExecutableInvoker.lambda$invoke$0(ExecutableInvoker.java:105)
	at org.junit.jupiter.engine.execution.InvocationInterceptorChain$InterceptedInvocation.proceed(InvocationInterceptorChain.java:106)
	at org.junit.jupiter.engine.execution.InvocationInterceptorChain.proceed(InvocationInterceptorChain.java:64)
	at org.junit.jupiter.engine.execution.InvocationInterceptorChain.chainAndInvoke(InvocationInterceptorChain.java:45)
	at org.junit.jupiter.engine.execution.InvocationInterceptorChain.invoke(InvocationInterceptorChain.java:37)
	at org.junit.jupiter.engine.execution.ExecutableInvoker.invoke(ExecutableInvoker.java:104)
	at org.junit.jupiter.engine.execution.ExecutableInvoker.invoke(ExecutableInvoker.java:98)
	at org.junit.jupiter.engine.descriptor.ClassBasedTestDescriptor.invokeMethodInExtensionContext(ClassBasedTestDescriptor.java:481)
	at org.junit.jupiter.engine.descriptor.ClassBasedTestDescriptor.lambda$synthesizeBeforeEachMethodAdapter$18(ClassBasedTestDescriptor.java:466)
	at org.junit.jupiter.engine.descriptor.TestMethodTestDescriptor.lambda$invokeBeforeEachMethods$2(TestMethodTestDescriptor.java:169)
	at org.junit.jupiter.engine.descriptor.TestMethodTestDescriptor.lambda$invokeBeforeMethodsOrCallbacksUntilExceptionOccurs$5(TestMethodTestDescriptor.java:197)
	at org.junit.platform.engine.support.hierarchical.ThrowableCollector.execute(ThrowableCollector.java:73)
	at org.junit.jupiter.engine.descriptor.TestMethodTestDescriptor.invokeBeforeMethodsOrCallbacksUntilExceptionOccurs(TestMethodTestDescriptor.java:197)
	at org.junit.jupiter.engine.descriptor.TestMethodTestDescriptor.invokeBeforeEachMethods(TestMethodTestDescriptor.java:166)
	at org.junit.jupiter.engine.descriptor.TestMethodTestDescriptor.execute(TestMethodTestDescriptor.java:133)
	at org.junit.jupiter.engine.descriptor.TestMethodTestDescriptor.execute(TestMethodTestDescriptor.java:71)
	at org.junit.platform.engine.support.hierarchical.NodeTestTask.lambda$executeRecursively$5(NodeTestTask.java:135)
	at org.junit.platform.engine.support.hierarchical.ThrowableCollector.execute(ThrowableCollector.java:73)
	at org.junit.platform.engine.support.hierarchical.NodeTestTask.lambda$executeRecursively$7(NodeTestTask.java:125)
	at org.junit.platform.engine.support.hierarchical.Node.around(Node.java:135)
	at org.junit.platform.engine.support.hierarchical.NodeTestTask.lambda$executeRecursively$8(NodeTestTask.java:123)
	at org.junit.platform.engine.support.hierarchical.ThrowableCollector.execute(ThrowableCollector.java:73)
	at org.junit.platform.engine.support.hierarchical.NodeTestTask.executeRecursively(NodeTestTask.java:122)
	at org.junit.platform.engine.support.hierarchical.NodeTestTask.execute(NodeTestTask.java:80)
	at java.base/java.util.ArrayList.forEach(ArrayList.java:1541)
	at org.junit.platform.engine.support.hierarchical.SameThreadHierarchicalTestExecutorService.invokeAll(SameThreadHierarchicalTestExecutorService.java:38)
	at org.junit.platform.engine.support.hierarchical.NodeTestTask.lambda$executeRecursively$5(NodeTestTask.java:139)
	at org.junit.platform.engine.support.hierarchical.ThrowableCollector.execute(ThrowableCollector.java:73)
	at org.junit.platform.engine.support.hierarchical.NodeTestTask.lambda$executeRecursively$7(NodeTestTask.java:125)
	at org.junit.platform.engine.support.hierarchical.Node.around(Node.java:135)
	at org.junit.platform.engine.support.hierarchical.NodeTestTask.lambda$executeRecursively$8(NodeTestTask.java:123)
	at org.junit.platform.engine.support.hierarchical.ThrowableCollector.execute(ThrowableCollector.java:73)
	at org.junit.platform.engine.support.hierarchical.NodeTestTask.executeRecursively(NodeTestTask.java:122)
	at org.junit.platform.engine.support.hierarchical.NodeTestTask.execute(NodeTestTask.java:80)
	at java.base/java.util.ArrayList.forEach(ArrayList.java:1541)
	at org.junit.platform.engine.support.hierarchical.SameThreadHierarchicalTestExecutorService.invokeAll(SameThreadHierarchicalTestExecutorService.java:38)
	at org.junit.platform.engine.support.hierarchical.NodeTestTask.lambda$executeRecursively$5(NodeTestTask.java:139)
	at org.junit.platform.engine.support.hierarchical.ThrowableCollector.execute(ThrowableCollector.java:73)
	at org.junit.platform.engine.support.hierarchical.NodeTestTask.lambda$executeRecursively$7(NodeTestTask.java:125)
	at org.junit.platform.engine.support.hierarchical.Node.around(Node.java:135)
	at org.junit.platform.engine.support.hierarchical.NodeTestTask.lambda$executeRecursively$8(NodeTestTask.java:123)
	at org.junit.platform.engine.support.hierarchical.ThrowableCollector.execute(ThrowableCollector.java:73)
	at org.junit.platform.engine.support.hierarchical.NodeTestTask.executeRecursively(NodeTestTask.java:122)
	at org.junit.platform.engine.support.hierarchical.NodeTestTask.execute(NodeTestTask.java:80)
	at org.junit.platform.engine.support.hierarchical.SameThreadHierarchicalTestExecutorService.submit(SameThreadHierarchicalTestExecutorService.java:32)
	at org.junit.platform.engine.support.hierarchical.HierarchicalTestExecutor.execute(HierarchicalTestExecutor.java:57)
	at org.junit.platform.engine.support.hierarchical.HierarchicalTestEngine.execute(HierarchicalTestEngine.java:51)
	at org.junit.platform.launcher.core.DefaultLauncher.execute(DefaultLauncher.java:229)
	at org.junit.platform.launcher.core.DefaultLauncher.lambda$execute$6(DefaultLauncher.java:197)
	at org.junit.platform.launcher.core.DefaultLauncher.withInterceptedStreams(DefaultLauncher.java:211)
	at org.junit.platform.launcher.core.DefaultLauncher.execute(DefaultLauncher.java:191)
	at org.junit.platform.launcher.core.DefaultLauncher.execute(DefaultLauncher.java:128)
	at org.apache.maven.surefire.junitplatform.JUnitPlatformProvider.execute(JUnitPlatformProvider.java:188)
	at org.apache.maven.surefire.junitplatform.JUnitPlatformProvider.invokeAllTests(JUnitPlatformProvider.java:154)
	at org.apache.maven.surefire.junitplatform.JUnitPlatformProvider.invoke(JUnitPlatformProvider.java:128)
	at org.apache.maven.surefire.booter.ForkedBooter.runSuitesInProcess(ForkedBooter.java:428)
	at org.apache.maven.surefire.booter.ForkedBooter.execute(ForkedBooter.java:162)
	at org.apache.maven.surefire.booter.ForkedBooter.run(ForkedBooter.java:562)
	at org.apache.maven.surefire.booter.ForkedBooter.main(ForkedBooter.java:548)
[ERROR] Tests run: 4, Failures: 0, Errors: 4, Skipped: 0, Time elapsed: 0.022 s <<< FAILURE! - in com.ibatis.sqlmap.MultiResultSetTest
[ERROR] com.ibatis.sqlmap.MultiResultSetTest.testDummy  Time elapsed: 0.007 s  <<< ERROR!
java.lang.RuntimeException: Error occurred.  Cause: com.ibatis.common.xml.NodeletException: Error parsing XML.  Cause: java.lang.RuntimeException: Error parsing XPath '/sqlMapConfig/transactionManager/dataSource/end()'.  Cause: com.ibatis.sqlmap.client.SqlMapException: Error initializing DataSource.  Could not instantiate DataSourceFactory.  Cause: java.lang.RuntimeException: SimpleDataSource: Error while loading properties. Cause: java.lang.ClassNotFoundException: org.apache.derby.jdbc.EmbeddedDriver
	at com.ibatis.sqlmap.MultiResultSetTest.setUp(MultiResultSetTest.java:39)
Caused by: com.ibatis.common.xml.NodeletException: Error parsing XML.  Cause: java.lang.RuntimeException: Error parsing XPath '/sqlMapConfig/transactionManager/dataSource/end()'.  Cause: com.ibatis.sqlmap.client.SqlMapException: Error initializing DataSource.  Could not instantiate DataSourceFactory.  Cause: java.lang.RuntimeException: SimpleDataSource: Error while loading properties. Cause: java.lang.ClassNotFoundException: org.apache.derby.jdbc.EmbeddedDriver
	at com.ibatis.sqlmap.MultiResultSetTest.setUp(MultiResultSetTest.java:39)
Caused by: java.lang.RuntimeException: Error parsing XPath '/sqlMapConfig/transactionManager/dataSource/end()'.  Cause: com.ibatis.sqlmap.client.SqlMapException: Error initializing DataSource.  Could not instantiate DataSourceFactory.  Cause: java.lang.RuntimeException: SimpleDataSource: Error while loading properties. Cause: java.lang.ClassNotFoundException: org.apache.derby.jdbc.EmbeddedDriver
	at com.ibatis.sqlmap.MultiResultSetTest.setUp(MultiResultSetTest.java:39)
Caused by: com.ibatis.sqlmap.client.SqlMapException: Error initializing DataSource.  Could not instantiate DataSourceFactory.  Cause: java.lang.RuntimeException: SimpleDataSource: Error while loading properties. Cause: java.lang.ClassNotFoundException: org.apache.derby.jdbc.EmbeddedDriver
	at com.ibatis.sqlmap.MultiResultSetTest.setUp(MultiResultSetTest.java:39)
Caused by: java.lang.RuntimeException: SimpleDataSource: Error while loading properties. Cause: java.lang.ClassNotFoundException: org.apache.derby.jdbc.EmbeddedDriver
	at com.ibatis.sqlmap.MultiResultSetTest.setUp(MultiResultSetTest.java:39)
Caused by: java.lang.ClassNotFoundException: org.apache.derby.jdbc.EmbeddedDriver
	at com.ibatis.sqlmap.MultiResultSetTest.setUp(MultiResultSetTest.java:39)

[ERROR] com.ibatis.sqlmap.MultiResultSetTest.testCallableStatementShouldReturnTwoResultSets  Time elapsed: 0.003 s  <<< ERROR!
java.lang.RuntimeException: Error occurred.  Cause: com.ibatis.common.xml.NodeletException: Error parsing XML.  Cause: java.lang.RuntimeException: Error parsing XPath '/sqlMapConfig/transactionManager/dataSource/end()'.  Cause: com.ibatis.sqlmap.client.SqlMapException: Error initializing DataSource.  Could not instantiate DataSourceFactory.  Cause: java.lang.RuntimeException: SimpleDataSource: Error while loading properties. Cause: java.lang.ClassNotFoundException: org.apache.derby.jdbc.EmbeddedDriver
	at com.ibatis.sqlmap.MultiResultSetTest.setUp(MultiResultSetTest.java:39)
Caused by: com.ibatis.common.xml.NodeletException: Error parsing XML.  Cause: java.lang.RuntimeException: Error parsing XPath '/sqlMapConfig/transactionManager/dataSource/end()'.  Cause: com.ibatis.sqlmap.client.SqlMapException: Error initializing DataSource.  Could not instantiate DataSourceFactory.  Cause: java.lang.RuntimeException: SimpleDataSource: Error while loading properties. Cause: java.lang.ClassNotFoundException: org.apache.derby.jdbc.EmbeddedDriver
	at com.ibatis.sqlmap.MultiResultSetTest.setUp(MultiResultSetTest.java:39)
Caused by: java.lang.RuntimeException: Error parsing XPath '/sqlMapConfig/transactionManager/dataSource/end()'.  Cause: com.ibatis.sqlmap.client.SqlMapException: Error initializing DataSource.  Could not instantiate DataSourceFactory.  Cause: java.lang.RuntimeException: SimpleDataSource: Error while loading properties. Cause: java.lang.ClassNotFoundException: org.apache.derby.jdbc.EmbeddedDriver
	at com.ibatis.sqlmap.MultiResultSetTest.setUp(MultiResultSetTest.java:39)
Caused by: com.ibatis.sqlmap.client.SqlMapException: Error initializing DataSource.  Could not instantiate DataSourceFactory.  Cause: java.lang.RuntimeException: SimpleDataSource: Error while loading properties. Cause: java.lang.ClassNotFoundException: org.apache.derby.jdbc.EmbeddedDriver
	at com.ibatis.sqlmap.MultiResultSetTest.setUp(MultiResultSetTest.java:39)
Caused by: java.lang.RuntimeException: SimpleDataSource: Error while loading properties. Cause: java.lang.ClassNotFoundException: org.apache.derby.jdbc.EmbeddedDriver
	at com.ibatis.sqlmap.MultiResultSetTest.setUp(MultiResultSetTest.java:39)
Caused by: java.lang.ClassNotFoundException: org.apache.derby.jdbc.EmbeddedDriver
	at com.ibatis.sqlmap.MultiResultSetTest.setUp(MultiResultSetTest.java:39)

[ERROR] com.ibatis.sqlmap.MultiResultSetTest.testShouldRetrieveTwoSetsOfTwoAccountsFromMultipleResultClasses  Time elapsed: 0.003 s  <<< ERROR!
java.lang.RuntimeException: Error occurred.  Cause: com.ibatis.common.xml.NodeletException: Error parsing XML.  Cause: java.lang.RuntimeException: Error parsing XPath '/sqlMapConfig/transactionManager/dataSource/end()'.  Cause: com.ibatis.sqlmap.client.SqlMapException: Error initializing DataSource.  Could not instantiate DataSourceFactory.  Cause: java.lang.RuntimeException: SimpleDataSource: Error while loading properties. Cause: java.lang.ClassNotFoundException: org.apache.derby.jdbc.EmbeddedDriver
	at com.ibatis.sqlmap.MultiResultSetTest.setUp(MultiResultSetTest.java:39)
Caused by: com.ibatis.common.xml.NodeletException: Error parsing XML.  Cause: java.lang.RuntimeException: Error parsing XPath '/sqlMapConfig/transactionManager/dataSource/end()'.  Cause: com.ibatis.sqlmap.client.SqlMapException: Error initializing DataSource.  Could not instantiate DataSourceFactory.  Cause: java.lang.RuntimeException: SimpleDataSource: Error while loading properties. Cause: java.lang.ClassNotFoundException: org.apache.derby.jdbc.EmbeddedDriver
	at com.ibatis.sqlmap.MultiResultSetTest.setUp(MultiResultSetTest.java:39)
Caused by: java.lang.RuntimeException: Error parsing XPath '/sqlMapConfig/transactionManager/dataSource/end()'.  Cause: com.ibatis.sqlmap.client.SqlMapException: Error initializing DataSource.  Could not instantiate DataSourceFactory.  Cause: java.lang.RuntimeException: SimpleDataSource: Error while loading properties. Cause: java.lang.ClassNotFoundException: org.apache.derby.jdbc.EmbeddedDriver
	at com.ibatis.sqlmap.MultiResultSetTest.setUp(MultiResultSetTest.java:39)
Caused by: com.ibatis.sqlmap.client.SqlMapException: Error initializing DataSource.  Could not instantiate DataSourceFactory.  Cause: java.lang.RuntimeException: SimpleDataSource: Error while loading properties. Cause: java.lang.ClassNotFoundException: org.apache.derby.jdbc.EmbeddedDriver
	at com.ibatis.sqlmap.MultiResultSetTest.setUp(MultiResultSetTest.java:39)
Caused by: java.lang.RuntimeException: SimpleDataSource: Error while loading properties. Cause: java.lang.ClassNotFoundException: org.apache.derby.jdbc.EmbeddedDriver
	at com.ibatis.sqlmap.MultiResultSetTest.setUp(MultiResultSetTest.java:39)
Caused by: java.lang.ClassNotFoundException: org.apache.derby.jdbc.EmbeddedDriver
	at com.ibatis.sqlmap.MultiResultSetTest.setUp(MultiResultSetTest.java:39)

[ERROR] com.ibatis.sqlmap.MultiResultSetTest.testShouldRetrieveTwoSetsOfTwoAccountsFromMultipleResultMaps  Time elapsed: 0.003 s  <<< ERROR!
java.lang.RuntimeException: Error occurred.  Cause: com.ibatis.common.xml.NodeletException: Error parsing XML.  Cause: java.lang.RuntimeException: Error parsing XPath '/sqlMapConfig/transactionManager/dataSource/end()'.  Cause: com.ibatis.sqlmap.client.SqlMapException: Error initializing DataSource.  Could not instantiate DataSourceFactory.  Cause: java.lang.RuntimeException: SimpleDataSource: Error while loading properties. Cause: java.lang.ClassNotFoundException: org.apache.derby.jdbc.EmbeddedDriver
	at com.ibatis.sqlmap.MultiResultSetTest.setUp(MultiResultSetTest.java:39)
Caused by: com.ibatis.common.xml.NodeletException: Error parsing XML.  Cause: java.lang.RuntimeException: Error parsing XPath '/sqlMapConfig/transactionManager/dataSource/end()'.  Cause: com.ibatis.sqlmap.client.SqlMapException: Error initializing DataSource.  Could not instantiate DataSourceFactory.  Cause: java.lang.RuntimeException: SimpleDataSource: Error while loading properties. Cause: java.lang.ClassNotFoundException: org.apache.derby.jdbc.EmbeddedDriver
	at com.ibatis.sqlmap.MultiResultSetTest.setUp(MultiResultSetTest.java:39)
Caused by: java.lang.RuntimeException: Error parsing XPath '/sqlMapConfig/transactionManager/dataSource/end()'.  Cause: com.ibatis.sqlmap.client.SqlMapException: Error initializing DataSource.  Could not instantiate DataSourceFactory.  Cause: java.lang.RuntimeException: SimpleDataSource: Error while loading properties. Cause: java.lang.ClassNotFoundException: org.apache.derby.jdbc.EmbeddedDriver
	at com.ibatis.sqlmap.MultiResultSetTest.setUp(MultiResultSetTest.java:39)
Caused by: com.ibatis.sqlmap.client.SqlMapException: Error initializing DataSource.  Could not instantiate DataSourceFactory.  Cause: java.lang.RuntimeException: SimpleDataSource: Error while loading properties. Cause: java.lang.ClassNotFoundException: org.apache.derby.jdbc.EmbeddedDriver
	at com.ibatis.sqlmap.MultiResultSetTest.setUp(MultiResultSetTest.java:39)
Caused by: java.lang.RuntimeException: SimpleDataSource: Error while loading properties. Cause: java.lang.ClassNotFoundException: org.apache.derby.jdbc.EmbeddedDriver
	at com.ibatis.sqlmap.MultiResultSetTest.setUp(MultiResultSetTest.java:39)
Caused by: java.lang.ClassNotFoundException: org.apache.derby.jdbc.EmbeddedDriver
	at com.ibatis.sqlmap.MultiResultSetTest.setUp(MultiResultSetTest.java:39)

[INFO] Running com.ibatis.sqlmap.CacheStatementTest
[INFO] Tests run: 14, Failures: 0, Errors: 0, Skipped: 0, Time elapsed: 0.32 s - in com.ibatis.sqlmap.CacheStatementTest
[INFO] Running com.ibatis.sqlmap.ComplexTypeTest
[INFO] Tests run: 2, Failures: 0, Errors: 0, Skipped: 0, Time elapsed: 0.041 s - in com.ibatis.sqlmap.ComplexTypeTest
[INFO] Running com.ibatis.sqlmap.PrivateMethodAccessTest
[INFO] Tests run: 2, Failures: 0, Errors: 0, Skipped: 0, Time elapsed: 0.035 s - in com.ibatis.sqlmap.PrivateMethodAccessTest
[INFO] Running com.ibatis.sqlmap.BaseSqlMapTest
[INFO] Tests run: 1, Failures: 0, Errors: 0, Skipped: 0, Time elapsed: 0.001 s - in com.ibatis.sqlmap.BaseSqlMapTest
[INFO] Running com.ibatis.sqlmap.builder.xml.SqlMapClasspathEntityResolverTest
[INFO] Tests run: 9, Failures: 0, Errors: 0, Skipped: 0, Time elapsed: 0.003 s - in com.ibatis.sqlmap.builder.xml.SqlMapClasspathEntityResolverTest
[INFO] Running com.ibatis.sqlmap.DiscriminatorTest
[INFO] Tests run: 4, Failures: 0, Errors: 0, Skipped: 0, Time elapsed: 0.072 s - in com.ibatis.sqlmap.DiscriminatorTest
[INFO] Running com.ibatis.sqlmap.ResultMapTest
[INFO] Tests run: 18, Failures: 0, Errors: 0, Skipped: 0, Time elapsed: 0.325 s - in com.ibatis.sqlmap.ResultMapTest
[INFO] Running com.ibatis.sqlmap.StatementTest
[INFO] Tests run: 40, Failures: 0, Errors: 0, Skipped: 0, Time elapsed: 0.6 s - in com.ibatis.sqlmap.StatementTest
[INFO] Running com.ibatis.sqlmap.BatchTest
[INFO] Tests run: 4, Failures: 0, Errors: 0, Skipped: 0, Time elapsed: 0.056 s - in com.ibatis.sqlmap.BatchTest
[INFO] Running com.ibatis.sqlmap.IterateTest
[INFO] Tests run: 15, Failures: 0, Errors: 0, Skipped: 0, Time elapsed: 0.203 s - in com.ibatis.sqlmap.IterateTest
[INFO] Running com.ibatis.sqlmap.RepeatingGroupMappingTest
[INFO] Tests run: 5, Failures: 0, Errors: 0, Skipped: 0, Time elapsed: 0.079 s - in com.ibatis.sqlmap.RepeatingGroupMappingTest
[INFO] Running com.ibatis.sqlmap.ResultObjectFactoryTest
[INFO] Tests run: 2, Failures: 0, Errors: 0, Skipped: 0, Time elapsed: 0.038 s - in com.ibatis.sqlmap.ResultObjectFactoryTest
[INFO] Running com.ibatis.sqlmap.ParameterMapTest
[INFO] Tests run: 8, Failures: 0, Errors: 0, Skipped: 0, Time elapsed: 0.112 s - in com.ibatis.sqlmap.ParameterMapTest
[INFO] Running com.ibatis.sqlmap.DerbyParameterMapTest
ERROR [main] - SimpleDataSource: Error while loading properties. Cause: java.lang.ClassNotFoundException: org.apache.derby.jdbc.EmbeddedDriver
java.lang.ClassNotFoundException: org.apache.derby.jdbc.EmbeddedDriver
	at java.base/jdk.internal.loader.BuiltinClassLoader.loadClass(BuiltinClassLoader.java:581)
	at java.base/jdk.internal.loader.ClassLoaders$AppClassLoader.loadClass(ClassLoaders.java:178)
	at java.base/java.lang.ClassLoader.loadClass(ClassLoader.java:522)
	at java.base/java.lang.Class.forName0(Native Method)
	at java.base/java.lang.Class.forName(Class.java:315)
	at com.ibatis.common.resources.Resources.classForName(Resources.java:308)
	at com.ibatis.common.resources.Resources.instantiate(Resources.java:328)
	at com.ibatis.common.jdbc.SimpleDataSource.initialize(SimpleDataSource.java:263)
	at com.ibatis.common.jdbc.SimpleDataSource.<init>(SimpleDataSource.java:187)
	at com.ibatis.sqlmap.engine.datasource.SimpleDataSourceFactory.initialize(SimpleDataSourceFactory.java:33)
	at com.ibatis.sqlmap.engine.builder.xml.SqlMapConfigParser$9.process(SqlMapConfigParser.java:300)
	at com.ibatis.common.xml.NodeletParser.processNodelet(NodeletParser.java:169)
	at com.ibatis.common.xml.NodeletParser.process(NodeletParser.java:145)
	at com.ibatis.common.xml.NodeletParser.process(NodeletParser.java:142)
	at com.ibatis.common.xml.NodeletParser.process(NodeletParser.java:142)
	at com.ibatis.common.xml.NodeletParser.parse(NodeletParser.java:108)
	at com.ibatis.common.xml.NodeletParser.parse(NodeletParser.java:76)
	at com.ibatis.sqlmap.engine.builder.xml.SqlMapConfigParser.parse(SqlMapConfigParser.java:89)
	at com.ibatis.sqlmap.engine.builder.xml.SqlMapConfigParser.parse(SqlMapConfigParser.java:75)
	at com.ibatis.sqlmap.client.SqlMapClientBuilder.buildSqlMapClient(SqlMapClientBuilder.java:80)
	at com.ibatis.sqlmap.BaseSqlMapTest.initSqlMap(BaseSqlMapTest.java:45)
	at com.ibatis.sqlmap.DerbyParameterMapTest.setUp(DerbyParameterMapTest.java:31)
	at java.base/jdk.internal.reflect.NativeMethodAccessorImpl.invoke0(Native Method)
	at java.base/jdk.internal.reflect.NativeMethodAccessorImpl.invoke(NativeMethodAccessorImpl.java:62)
	at java.base/jdk.internal.reflect.DelegatingMethodAccessorImpl.invoke(DelegatingMethodAccessorImpl.java:43)
	at java.base/java.lang.reflect.Method.invoke(Method.java:566)
	at org.junit.platform.commons.util.ReflectionUtils.invokeMethod(ReflectionUtils.java:686)
	at org.junit.jupiter.engine.execution.MethodInvocation.proceed(MethodInvocation.java:60)
	at org.junit.jupiter.engine.execution.InvocationInterceptorChain$ValidatingInvocation.proceed(InvocationInterceptorChain.java:131)
	at org.junit.jupiter.engine.extension.TimeoutExtension.intercept(TimeoutExtension.java:149)
	at org.junit.jupiter.engine.extension.TimeoutExtension.interceptLifecycleMethod(TimeoutExtension.java:126)
	at org.junit.jupiter.engine.extension.TimeoutExtension.interceptBeforeEachMethod(TimeoutExtension.java:76)
	at org.junit.jupiter.engine.execution.ExecutableInvoker$ReflectiveInterceptorCall.lambda$ofVoidMethod$0(ExecutableInvoker.java:115)
	at org.junit.jupiter.engine.execution.ExecutableInvoker.lambda$invoke$0(ExecutableInvoker.java:105)
	at org.junit.jupiter.engine.execution.InvocationInterceptorChain$InterceptedInvocation.proceed(InvocationInterceptorChain.java:106)
	at org.junit.jupiter.engine.execution.InvocationInterceptorChain.proceed(InvocationInterceptorChain.java:64)
	at org.junit.jupiter.engine.execution.InvocationInterceptorChain.chainAndInvoke(InvocationInterceptorChain.java:45)
	at org.junit.jupiter.engine.execution.InvocationInterceptorChain.invoke(InvocationInterceptorChain.java:37)
	at org.junit.jupiter.engine.execution.ExecutableInvoker.invoke(ExecutableInvoker.java:104)
	at org.junit.jupiter.engine.execution.ExecutableInvoker.invoke(ExecutableInvoker.java:98)
	at org.junit.jupiter.engine.descriptor.ClassBasedTestDescriptor.invokeMethodInExtensionContext(ClassBasedTestDescriptor.java:481)
	at org.junit.jupiter.engine.descriptor.ClassBasedTestDescriptor.lambda$synthesizeBeforeEachMethodAdapter$18(ClassBasedTestDescriptor.java:466)
	at org.junit.jupiter.engine.descriptor.TestMethodTestDescriptor.lambda$invokeBeforeEachMethods$2(TestMethodTestDescriptor.java:169)
	at org.junit.jupiter.engine.descriptor.TestMethodTestDescriptor.lambda$invokeBeforeMethodsOrCallbacksUntilExceptionOccurs$5(TestMethodTestDescriptor.java:197)
	at org.junit.platform.engine.support.hierarchical.ThrowableCollector.execute(ThrowableCollector.java:73)
	at org.junit.jupiter.engine.descriptor.TestMethodTestDescriptor.invokeBeforeMethodsOrCallbacksUntilExceptionOccurs(TestMethodTestDescriptor.java:197)
	at org.junit.jupiter.engine.descriptor.TestMethodTestDescriptor.invokeBeforeEachMethods(TestMethodTestDescriptor.java:166)
	at org.junit.jupiter.engine.descriptor.TestMethodTestDescriptor.execute(TestMethodTestDescriptor.java:133)
	at org.junit.jupiter.engine.descriptor.TestMethodTestDescriptor.execute(TestMethodTestDescriptor.java:71)
	at org.junit.platform.engine.support.hierarchical.NodeTestTask.lambda$executeRecursively$5(NodeTestTask.java:135)
	at org.junit.platform.engine.support.hierarchical.ThrowableCollector.execute(ThrowableCollector.java:73)
	at org.junit.platform.engine.support.hierarchical.NodeTestTask.lambda$executeRecursively$7(NodeTestTask.java:125)
	at org.junit.platform.engine.support.hierarchical.Node.around(Node.java:135)
	at org.junit.platform.engine.support.hierarchical.NodeTestTask.lambda$executeRecursively$8(NodeTestTask.java:123)
	at org.junit.platform.engine.support.hierarchical.ThrowableCollector.execute(ThrowableCollector.java:73)
	at org.junit.platform.engine.support.hierarchical.NodeTestTask.executeRecursively(NodeTestTask.java:122)
	at org.junit.platform.engine.support.hierarchical.NodeTestTask.execute(NodeTestTask.java:80)
	at java.base/java.util.ArrayList.forEach(ArrayList.java:1541)
	at org.junit.platform.engine.support.hierarchical.SameThreadHierarchicalTestExecutorService.invokeAll(SameThreadHierarchicalTestExecutorService.java:38)
	at org.junit.platform.engine.support.hierarchical.NodeTestTask.lambda$executeRecursively$5(NodeTestTask.java:139)
	at org.junit.platform.engine.support.hierarchical.ThrowableCollector.execute(ThrowableCollector.java:73)
	at org.junit.platform.engine.support.hierarchical.NodeTestTask.lambda$executeRecursively$7(NodeTestTask.java:125)
	at org.junit.platform.engine.support.hierarchical.Node.around(Node.java:135)
	at org.junit.platform.engine.support.hierarchical.NodeTestTask.lambda$executeRecursively$8(NodeTestTask.java:123)
	at org.junit.platform.engine.support.hierarchical.ThrowableCollector.execute(ThrowableCollector.java:73)
	at org.junit.platform.engine.support.hierarchical.NodeTestTask.executeRecursively(NodeTestTask.java:122)
	at org.junit.platform.engine.support.hierarchical.NodeTestTask.execute(NodeTestTask.java:80)
	at java.base/java.util.ArrayList.forEach(ArrayList.java:1541)
	at org.junit.platform.engine.support.hierarchical.SameThreadHierarchicalTestExecutorService.invokeAll(SameThreadHierarchicalTestExecutorService.java:38)
	at org.junit.platform.engine.support.hierarchical.NodeTestTask.lambda$executeRecursively$5(NodeTestTask.java:139)
	at org.junit.platform.engine.support.hierarchical.ThrowableCollector.execute(ThrowableCollector.java:73)
	at org.junit.platform.engine.support.hierarchical.NodeTestTask.lambda$executeRecursively$7(NodeTestTask.java:125)
	at org.junit.platform.engine.support.hierarchical.Node.around(Node.java:135)
	at org.junit.platform.engine.support.hierarchical.NodeTestTask.lambda$executeRecursively$8(NodeTestTask.java:123)
	at org.junit.platform.engine.support.hierarchical.ThrowableCollector.execute(ThrowableCollector.java:73)
	at org.junit.platform.engine.support.hierarchical.NodeTestTask.executeRecursively(NodeTestTask.java:122)
	at org.junit.platform.engine.support.hierarchical.NodeTestTask.execute(NodeTestTask.java:80)
	at org.junit.platform.engine.support.hierarchical.SameThreadHierarchicalTestExecutorService.submit(SameThreadHierarchicalTestExecutorService.java:32)
	at org.junit.platform.engine.support.hierarchical.HierarchicalTestExecutor.execute(HierarchicalTestExecutor.java:57)
	at org.junit.platform.engine.support.hierarchical.HierarchicalTestEngine.execute(HierarchicalTestEngine.java:51)
	at org.junit.platform.launcher.core.DefaultLauncher.execute(DefaultLauncher.java:229)
	at org.junit.platform.launcher.core.DefaultLauncher.lambda$execute$6(DefaultLauncher.java:197)
	at org.junit.platform.launcher.core.DefaultLauncher.withInterceptedStreams(DefaultLauncher.java:211)
	at org.junit.platform.launcher.core.DefaultLauncher.execute(DefaultLauncher.java:191)
	at org.junit.platform.launcher.core.DefaultLauncher.execute(DefaultLauncher.java:128)
	at org.apache.maven.surefire.junitplatform.JUnitPlatformProvider.execute(JUnitPlatformProvider.java:188)
	at org.apache.maven.surefire.junitplatform.JUnitPlatformProvider.invokeAllTests(JUnitPlatformProvider.java:154)
	at org.apache.maven.surefire.junitplatform.JUnitPlatformProvider.invoke(JUnitPlatformProvider.java:128)
	at org.apache.maven.surefire.booter.ForkedBooter.runSuitesInProcess(ForkedBooter.java:428)
	at org.apache.maven.surefire.booter.ForkedBooter.execute(ForkedBooter.java:162)
	at org.apache.maven.surefire.booter.ForkedBooter.run(ForkedBooter.java:562)
	at org.apache.maven.surefire.booter.ForkedBooter.main(ForkedBooter.java:548)
ERROR [main] - SimpleDataSource: Error while loading properties. Cause: java.lang.ClassNotFoundException: org.apache.derby.jdbc.EmbeddedDriver
java.lang.ClassNotFoundException: org.apache.derby.jdbc.EmbeddedDriver
	at java.base/jdk.internal.loader.BuiltinClassLoader.loadClass(BuiltinClassLoader.java:581)
	at java.base/jdk.internal.loader.ClassLoaders$AppClassLoader.loadClass(ClassLoaders.java:178)
	at java.base/java.lang.ClassLoader.loadClass(ClassLoader.java:522)
	at java.base/java.lang.Class.forName0(Native Method)
	at java.base/java.lang.Class.forName(Class.java:315)
	at com.ibatis.common.resources.Resources.classForName(Resources.java:308)
	at com.ibatis.common.resources.Resources.instantiate(Resources.java:328)
	at com.ibatis.common.jdbc.SimpleDataSource.initialize(SimpleDataSource.java:263)
	at com.ibatis.common.jdbc.SimpleDataSource.<init>(SimpleDataSource.java:187)
	at com.ibatis.sqlmap.engine.datasource.SimpleDataSourceFactory.initialize(SimpleDataSourceFactory.java:33)
	at com.ibatis.sqlmap.engine.builder.xml.SqlMapConfigParser$9.process(SqlMapConfigParser.java:300)
	at com.ibatis.common.xml.NodeletParser.processNodelet(NodeletParser.java:169)
	at com.ibatis.common.xml.NodeletParser.process(NodeletParser.java:145)
	at com.ibatis.common.xml.NodeletParser.process(NodeletParser.java:142)
	at com.ibatis.common.xml.NodeletParser.process(NodeletParser.java:142)
	at com.ibatis.common.xml.NodeletParser.parse(NodeletParser.java:108)
	at com.ibatis.common.xml.NodeletParser.parse(NodeletParser.java:76)
	at com.ibatis.sqlmap.engine.builder.xml.SqlMapConfigParser.parse(SqlMapConfigParser.java:89)
	at com.ibatis.sqlmap.engine.builder.xml.SqlMapConfigParser.parse(SqlMapConfigParser.java:75)
	at com.ibatis.sqlmap.client.SqlMapClientBuilder.buildSqlMapClient(SqlMapClientBuilder.java:80)
	at com.ibatis.sqlmap.BaseSqlMapTest.initSqlMap(BaseSqlMapTest.java:45)
	at com.ibatis.sqlmap.DerbyParameterMapTest.setUp(DerbyParameterMapTest.java:31)
	at java.base/jdk.internal.reflect.NativeMethodAccessorImpl.invoke0(Native Method)
	at java.base/jdk.internal.reflect.NativeMethodAccessorImpl.invoke(NativeMethodAccessorImpl.java:62)
	at java.base/jdk.internal.reflect.DelegatingMethodAccessorImpl.invoke(DelegatingMethodAccessorImpl.java:43)
	at java.base/java.lang.reflect.Method.invoke(Method.java:566)
	at org.junit.platform.commons.util.ReflectionUtils.invokeMethod(ReflectionUtils.java:686)
	at org.junit.jupiter.engine.execution.MethodInvocation.proceed(MethodInvocation.java:60)
	at org.junit.jupiter.engine.execution.InvocationInterceptorChain$ValidatingInvocation.proceed(InvocationInterceptorChain.java:131)
	at org.junit.jupiter.engine.extension.TimeoutExtension.intercept(TimeoutExtension.java:149)
	at org.junit.jupiter.engine.extension.TimeoutExtension.interceptLifecycleMethod(TimeoutExtension.java:126)
	at org.junit.jupiter.engine.extension.TimeoutExtension.interceptBeforeEachMethod(TimeoutExtension.java:76)
	at org.junit.jupiter.engine.execution.ExecutableInvoker$ReflectiveInterceptorCall.lambda$ofVoidMethod$0(ExecutableInvoker.java:115)
	at org.junit.jupiter.engine.execution.ExecutableInvoker.lambda$invoke$0(ExecutableInvoker.java:105)
	at org.junit.jupiter.engine.execution.InvocationInterceptorChain$InterceptedInvocation.proceed(InvocationInterceptorChain.java:106)
	at org.junit.jupiter.engine.execution.InvocationInterceptorChain.proceed(InvocationInterceptorChain.java:64)
	at org.junit.jupiter.engine.execution.InvocationInterceptorChain.chainAndInvoke(InvocationInterceptorChain.java:45)
	at org.junit.jupiter.engine.execution.InvocationInterceptorChain.invoke(InvocationInterceptorChain.java:37)
	at org.junit.jupiter.engine.execution.ExecutableInvoker.invoke(ExecutableInvoker.java:104)
	at org.junit.jupiter.engine.execution.ExecutableInvoker.invoke(ExecutableInvoker.java:98)
	at org.junit.jupiter.engine.descriptor.ClassBasedTestDescriptor.invokeMethodInExtensionContext(ClassBasedTestDescriptor.java:481)
	at org.junit.jupiter.engine.descriptor.ClassBasedTestDescriptor.lambda$synthesizeBeforeEachMethodAdapter$18(ClassBasedTestDescriptor.java:466)
	at org.junit.jupiter.engine.descriptor.TestMethodTestDescriptor.lambda$invokeBeforeEachMethods$2(TestMethodTestDescriptor.java:169)
	at org.junit.jupiter.engine.descriptor.TestMethodTestDescriptor.lambda$invokeBeforeMethodsOrCallbacksUntilExceptionOccurs$5(TestMethodTestDescriptor.java:197)
	at org.junit.platform.engine.support.hierarchical.ThrowableCollector.execute(ThrowableCollector.java:73)
	at org.junit.jupiter.engine.descriptor.TestMethodTestDescriptor.invokeBeforeMethodsOrCallbacksUntilExceptionOccurs(TestMethodTestDescriptor.java:197)
	at org.junit.jupiter.engine.descriptor.TestMethodTestDescriptor.invokeBeforeEachMethods(TestMethodTestDescriptor.java:166)
	at org.junit.jupiter.engine.descriptor.TestMethodTestDescriptor.execute(TestMethodTestDescriptor.java:133)
	at org.junit.jupiter.engine.descriptor.TestMethodTestDescriptor.execute(TestMethodTestDescriptor.java:71)
	at org.junit.platform.engine.support.hierarchical.NodeTestTask.lambda$executeRecursively$5(NodeTestTask.java:135)
	at org.junit.platform.engine.support.hierarchical.ThrowableCollector.execute(ThrowableCollector.java:73)
	at org.junit.platform.engine.support.hierarchical.NodeTestTask.lambda$executeRecursively$7(NodeTestTask.java:125)
	at org.junit.platform.engine.support.hierarchical.Node.around(Node.java:135)
	at org.junit.platform.engine.support.hierarchical.NodeTestTask.lambda$executeRecursively$8(NodeTestTask.java:123)
	at org.junit.platform.engine.support.hierarchical.ThrowableCollector.execute(ThrowableCollector.java:73)
	at org.junit.platform.engine.support.hierarchical.NodeTestTask.executeRecursively(NodeTestTask.java:122)
	at org.junit.platform.engine.support.hierarchical.NodeTestTask.execute(NodeTestTask.java:80)
	at java.base/java.util.ArrayList.forEach(ArrayList.java:1541)
	at org.junit.platform.engine.support.hierarchical.SameThreadHierarchicalTestExecutorService.invokeAll(SameThreadHierarchicalTestExecutorService.java:38)
	at org.junit.platform.engine.support.hierarchical.NodeTestTask.lambda$executeRecursively$5(NodeTestTask.java:139)
	at org.junit.platform.engine.support.hierarchical.ThrowableCollector.execute(ThrowableCollector.java:73)
	at org.junit.platform.engine.support.hierarchical.NodeTestTask.lambda$executeRecursively$7(NodeTestTask.java:125)
	at org.junit.platform.engine.support.hierarchical.Node.around(Node.java:135)
	at org.junit.platform.engine.support.hierarchical.NodeTestTask.lambda$executeRecursively$8(NodeTestTask.java:123)
	at org.junit.platform.engine.support.hierarchical.ThrowableCollector.execute(ThrowableCollector.java:73)
	at org.junit.platform.engine.support.hierarchical.NodeTestTask.executeRecursively(NodeTestTask.java:122)
	at org.junit.platform.engine.support.hierarchical.NodeTestTask.execute(NodeTestTask.java:80)
	at java.base/java.util.ArrayList.forEach(ArrayList.java:1541)
	at org.junit.platform.engine.support.hierarchical.SameThreadHierarchicalTestExecutorService.invokeAll(SameThreadHierarchicalTestExecutorService.java:38)
	at org.junit.platform.engine.support.hierarchical.NodeTestTask.lambda$executeRecursively$5(NodeTestTask.java:139)
	at org.junit.platform.engine.support.hierarchical.ThrowableCollector.execute(ThrowableCollector.java:73)
	at org.junit.platform.engine.support.hierarchical.NodeTestTask.lambda$executeRecursively$7(NodeTestTask.java:125)
	at org.junit.platform.engine.support.hierarchical.Node.around(Node.java:135)
	at org.junit.platform.engine.support.hierarchical.NodeTestTask.lambda$executeRecursively$8(NodeTestTask.java:123)
	at org.junit.platform.engine.support.hierarchical.ThrowableCollector.execute(ThrowableCollector.java:73)
	at org.junit.platform.engine.support.hierarchical.NodeTestTask.executeRecursively(NodeTestTask.java:122)
	at org.junit.platform.engine.support.hierarchical.NodeTestTask.execute(NodeTestTask.java:80)
	at org.junit.platform.engine.support.hierarchical.SameThreadHierarchicalTestExecutorService.submit(SameThreadHierarchicalTestExecutorService.java:32)
	at org.junit.platform.engine.support.hierarchical.HierarchicalTestExecutor.execute(HierarchicalTestExecutor.java:57)
	at org.junit.platform.engine.support.hierarchical.HierarchicalTestEngine.execute(HierarchicalTestEngine.java:51)
	at org.junit.platform.launcher.core.DefaultLauncher.execute(DefaultLauncher.java:229)
	at org.junit.platform.launcher.core.DefaultLauncher.lambda$execute$6(DefaultLauncher.java:197)
	at org.junit.platform.launcher.core.DefaultLauncher.withInterceptedStreams(DefaultLauncher.java:211)
	at org.junit.platform.launcher.core.DefaultLauncher.execute(DefaultLauncher.java:191)
	at org.junit.platform.launcher.core.DefaultLauncher.execute(DefaultLauncher.java:128)
	at org.apache.maven.surefire.junitplatform.JUnitPlatformProvider.execute(JUnitPlatformProvider.java:188)
	at org.apache.maven.surefire.junitplatform.JUnitPlatformProvider.invokeAllTests(JUnitPlatformProvider.java:154)
	at org.apache.maven.surefire.junitplatform.JUnitPlatformProvider.invoke(JUnitPlatformProvider.java:128)
	at org.apache.maven.surefire.booter.ForkedBooter.runSuitesInProcess(ForkedBooter.java:428)
	at org.apache.maven.surefire.booter.ForkedBooter.execute(ForkedBooter.java:162)
	at org.apache.maven.surefire.booter.ForkedBooter.run(ForkedBooter.java:562)
	at org.apache.maven.surefire.booter.ForkedBooter.main(ForkedBooter.java:548)
ERROR [main] - SimpleDataSource: Error while loading properties. Cause: java.lang.ClassNotFoundException: org.apache.derby.jdbc.EmbeddedDriver
java.lang.ClassNotFoundException: org.apache.derby.jdbc.EmbeddedDriver
	at java.base/jdk.internal.loader.BuiltinClassLoader.loadClass(BuiltinClassLoader.java:581)
	at java.base/jdk.internal.loader.ClassLoaders$AppClassLoader.loadClass(ClassLoaders.java:178)
	at java.base/java.lang.ClassLoader.loadClass(ClassLoader.java:522)
	at java.base/java.lang.Class.forName0(Native Method)
	at java.base/java.lang.Class.forName(Class.java:315)
	at com.ibatis.common.resources.Resources.classForName(Resources.java:308)
	at com.ibatis.common.resources.Resources.instantiate(Resources.java:328)
	at com.ibatis.common.jdbc.SimpleDataSource.initialize(SimpleDataSource.java:263)
	at com.ibatis.common.jdbc.SimpleDataSource.<init>(SimpleDataSource.java:187)
	at com.ibatis.sqlmap.engine.datasource.SimpleDataSourceFactory.initialize(SimpleDataSourceFactory.java:33)
	at com.ibatis.sqlmap.engine.builder.xml.SqlMapConfigParser$9.process(SqlMapConfigParser.java:300)
	at com.ibatis.common.xml.NodeletParser.processNodelet(NodeletParser.java:169)
	at com.ibatis.common.xml.NodeletParser.process(NodeletParser.java:145)
	at com.ibatis.common.xml.NodeletParser.process(NodeletParser.java:142)
	at com.ibatis.common.xml.NodeletParser.process(NodeletParser.java:142)
	at com.ibatis.common.xml.NodeletParser.parse(NodeletParser.java:108)
	at com.ibatis.common.xml.NodeletParser.parse(NodeletParser.java:76)
	at com.ibatis.sqlmap.engine.builder.xml.SqlMapConfigParser.parse(SqlMapConfigParser.java:89)
	at com.ibatis.sqlmap.engine.builder.xml.SqlMapConfigParser.parse(SqlMapConfigParser.java:75)
	at com.ibatis.sqlmap.client.SqlMapClientBuilder.buildSqlMapClient(SqlMapClientBuilder.java:80)
	at com.ibatis.sqlmap.BaseSqlMapTest.initSqlMap(BaseSqlMapTest.java:45)
	at com.ibatis.sqlmap.DerbyParameterMapTest.setUp(DerbyParameterMapTest.java:31)
	at java.base/jdk.internal.reflect.NativeMethodAccessorImpl.invoke0(Native Method)
	at java.base/jdk.internal.reflect.NativeMethodAccessorImpl.invoke(NativeMethodAccessorImpl.java:62)
	at java.base/jdk.internal.reflect.DelegatingMethodAccessorImpl.invoke(DelegatingMethodAccessorImpl.java:43)
	at java.base/java.lang.reflect.Method.invoke(Method.java:566)
	at org.junit.platform.commons.util.ReflectionUtils.invokeMethod(ReflectionUtils.java:686)
	at org.junit.jupiter.engine.execution.MethodInvocation.proceed(MethodInvocation.java:60)
	at org.junit.jupiter.engine.execution.InvocationInterceptorChain$ValidatingInvocation.proceed(InvocationInterceptorChain.java:131)
	at org.junit.jupiter.engine.extension.TimeoutExtension.intercept(TimeoutExtension.java:149)
	at org.junit.jupiter.engine.extension.TimeoutExtension.interceptLifecycleMethod(TimeoutExtension.java:126)
	at org.junit.jupiter.engine.extension.TimeoutExtension.interceptBeforeEachMethod(TimeoutExtension.java:76)
	at org.junit.jupiter.engine.execution.ExecutableInvoker$ReflectiveInterceptorCall.lambda$ofVoidMethod$0(ExecutableInvoker.java:115)
	at org.junit.jupiter.engine.execution.ExecutableInvoker.lambda$invoke$0(ExecutableInvoker.java:105)
	at org.junit.jupiter.engine.execution.InvocationInterceptorChain$InterceptedInvocation.proceed(InvocationInterceptorChain.java:106)
	at org.junit.jupiter.engine.execution.InvocationInterceptorChain.proceed(InvocationInterceptorChain.java:64)
	at org.junit.jupiter.engine.execution.InvocationInterceptorChain.chainAndInvoke(InvocationInterceptorChain.java:45)
	at org.junit.jupiter.engine.execution.InvocationInterceptorChain.invoke(InvocationInterceptorChain.java:37)
	at org.junit.jupiter.engine.execution.ExecutableInvoker.invoke(ExecutableInvoker.java:104)
	at org.junit.jupiter.engine.execution.ExecutableInvoker.invoke(ExecutableInvoker.java:98)
	at org.junit.jupiter.engine.descriptor.ClassBasedTestDescriptor.invokeMethodInExtensionContext(ClassBasedTestDescriptor.java:481)
	at org.junit.jupiter.engine.descriptor.ClassBasedTestDescriptor.lambda$synthesizeBeforeEachMethodAdapter$18(ClassBasedTestDescriptor.java:466)
	at org.junit.jupiter.engine.descriptor.TestMethodTestDescriptor.lambda$invokeBeforeEachMethods$2(TestMethodTestDescriptor.java:169)
	at org.junit.jupiter.engine.descriptor.TestMethodTestDescriptor.lambda$invokeBeforeMethodsOrCallbacksUntilExceptionOccurs$5(TestMethodTestDescriptor.java:197)
	at org.junit.platform.engine.support.hierarchical.ThrowableCollector.execute(ThrowableCollector.java:73)
	at org.junit.jupiter.engine.descriptor.TestMethodTestDescriptor.invokeBeforeMethodsOrCallbacksUntilExceptionOccurs(TestMethodTestDescriptor.java:197)
	at org.junit.jupiter.engine.descriptor.TestMethodTestDescriptor.invokeBeforeEachMethods(TestMethodTestDescriptor.java:166)
	at org.junit.jupiter.engine.descriptor.TestMethodTestDescriptor.execute(TestMethodTestDescriptor.java:133)
	at org.junit.jupiter.engine.descriptor.TestMethodTestDescriptor.execute(TestMethodTestDescriptor.java:71)
	at org.junit.platform.engine.support.hierarchical.NodeTestTask.lambda$executeRecursively$5(NodeTestTask.java:135)
	at org.junit.platform.engine.support.hierarchical.ThrowableCollector.execute(ThrowableCollector.java:73)
	at org.junit.platform.engine.support.hierarchical.NodeTestTask.lambda$executeRecursively$7(NodeTestTask.java:125)
	at org.junit.platform.engine.support.hierarchical.Node.around(Node.java:135)
	at org.junit.platform.engine.support.hierarchical.NodeTestTask.lambda$executeRecursively$8(NodeTestTask.java:123)
	at org.junit.platform.engine.support.hierarchical.ThrowableCollector.execute(ThrowableCollector.java:73)
	at org.junit.platform.engine.support.hierarchical.NodeTestTask.executeRecursively(NodeTestTask.java:122)
	at org.junit.platform.engine.support.hierarchical.NodeTestTask.execute(NodeTestTask.java:80)
	at java.base/java.util.ArrayList.forEach(ArrayList.java:1541)
	at org.junit.platform.engine.support.hierarchical.SameThreadHierarchicalTestExecutorService.invokeAll(SameThreadHierarchicalTestExecutorService.java:38)
	at org.junit.platform.engine.support.hierarchical.NodeTestTask.lambda$executeRecursively$5(NodeTestTask.java:139)
	at org.junit.platform.engine.support.hierarchical.ThrowableCollector.execute(ThrowableCollector.java:73)
	at org.junit.platform.engine.support.hierarchical.NodeTestTask.lambda$executeRecursively$7(NodeTestTask.java:125)
	at org.junit.platform.engine.support.hierarchical.Node.around(Node.java:135)
	at org.junit.platform.engine.support.hierarchical.NodeTestTask.lambda$executeRecursively$8(NodeTestTask.java:123)
	at org.junit.platform.engine.support.hierarchical.ThrowableCollector.execute(ThrowableCollector.java:73)
	at org.junit.platform.engine.support.hierarchical.NodeTestTask.executeRecursively(NodeTestTask.java:122)
	at org.junit.platform.engine.support.hierarchical.NodeTestTask.execute(NodeTestTask.java:80)
	at java.base/java.util.ArrayList.forEach(ArrayList.java:1541)
	at org.junit.platform.engine.support.hierarchical.SameThreadHierarchicalTestExecutorService.invokeAll(SameThreadHierarchicalTestExecutorService.java:38)
	at org.junit.platform.engine.support.hierarchical.NodeTestTask.lambda$executeRecursively$5(NodeTestTask.java:139)
	at org.junit.platform.engine.support.hierarchical.ThrowableCollector.execute(ThrowableCollector.java:73)
	at org.junit.platform.engine.support.hierarchical.NodeTestTask.lambda$executeRecursively$7(NodeTestTask.java:125)
	at org.junit.platform.engine.support.hierarchical.Node.around(Node.java:135)
	at org.junit.platform.engine.support.hierarchical.NodeTestTask.lambda$executeRecursively$8(NodeTestTask.java:123)
	at org.junit.platform.engine.support.hierarchical.ThrowableCollector.execute(ThrowableCollector.java:73)
	at org.junit.platform.engine.support.hierarchical.NodeTestTask.executeRecursively(NodeTestTask.java:122)
	at org.junit.platform.engine.support.hierarchical.NodeTestTask.execute(NodeTestTask.java:80)
	at org.junit.platform.engine.support.hierarchical.SameThreadHierarchicalTestExecutorService.submit(SameThreadHierarchicalTestExecutorService.java:32)
	at org.junit.platform.engine.support.hierarchical.HierarchicalTestExecutor.execute(HierarchicalTestExecutor.java:57)
	at org.junit.platform.engine.support.hierarchical.HierarchicalTestEngine.execute(HierarchicalTestEngine.java:51)
	at org.junit.platform.launcher.core.DefaultLauncher.execute(DefaultLauncher.java:229)
	at org.junit.platform.launcher.core.DefaultLauncher.lambda$execute$6(DefaultLauncher.java:197)
	at org.junit.platform.launcher.core.DefaultLauncher.withInterceptedStreams(DefaultLauncher.java:211)
	at org.junit.platform.launcher.core.DefaultLauncher.execute(DefaultLauncher.java:191)
	at org.junit.platform.launcher.core.DefaultLauncher.execute(DefaultLauncher.java:128)
	at org.apache.maven.surefire.junitplatform.JUnitPlatformProvider.execute(JUnitPlatformProvider.java:188)
	at org.apache.maven.surefire.junitplatform.JUnitPlatformProvider.invokeAllTests(JUnitPlatformProvider.java:154)
	at org.apache.maven.surefire.junitplatform.JUnitPlatformProvider.invoke(JUnitPlatformProvider.java:128)
	at org.apache.maven.surefire.booter.ForkedBooter.runSuitesInProcess(ForkedBooter.java:428)
	at org.apache.maven.surefire.booter.ForkedBooter.execute(ForkedBooter.java:162)
	at org.apache.maven.surefire.booter.ForkedBooter.run(ForkedBooter.java:562)
	at org.apache.maven.surefire.booter.ForkedBooter.main(ForkedBooter.java:548)
ERROR [main] - SimpleDataSource: Error while loading properties. Cause: java.lang.ClassNotFoundException: org.apache.derby.jdbc.EmbeddedDriver
java.lang.ClassNotFoundException: org.apache.derby.jdbc.EmbeddedDriver
	at java.base/jdk.internal.loader.BuiltinClassLoader.loadClass(BuiltinClassLoader.java:581)
	at java.base/jdk.internal.loader.ClassLoaders$AppClassLoader.loadClass(ClassLoaders.java:178)
	at java.base/java.lang.ClassLoader.loadClass(ClassLoader.java:522)
	at java.base/java.lang.Class.forName0(Native Method)
	at java.base/java.lang.Class.forName(Class.java:315)
	at com.ibatis.common.resources.Resources.classForName(Resources.java:308)
	at com.ibatis.common.resources.Resources.instantiate(Resources.java:328)
	at com.ibatis.common.jdbc.SimpleDataSource.initialize(SimpleDataSource.java:263)
	at com.ibatis.common.jdbc.SimpleDataSource.<init>(SimpleDataSource.java:187)
	at com.ibatis.sqlmap.engine.datasource.SimpleDataSourceFactory.initialize(SimpleDataSourceFactory.java:33)
	at com.ibatis.sqlmap.engine.builder.xml.SqlMapConfigParser$9.process(SqlMapConfigParser.java:300)
	at com.ibatis.common.xml.NodeletParser.processNodelet(NodeletParser.java:169)
	at com.ibatis.common.xml.NodeletParser.process(NodeletParser.java:145)
	at com.ibatis.common.xml.NodeletParser.process(NodeletParser.java:142)
	at com.ibatis.common.xml.NodeletParser.process(NodeletParser.java:142)
	at com.ibatis.common.xml.NodeletParser.parse(NodeletParser.java:108)
	at com.ibatis.common.xml.NodeletParser.parse(NodeletParser.java:76)
	at com.ibatis.sqlmap.engine.builder.xml.SqlMapConfigParser.parse(SqlMapConfigParser.java:89)
	at com.ibatis.sqlmap.engine.builder.xml.SqlMapConfigParser.parse(SqlMapConfigParser.java:75)
	at com.ibatis.sqlmap.client.SqlMapClientBuilder.buildSqlMapClient(SqlMapClientBuilder.java:80)
	at com.ibatis.sqlmap.BaseSqlMapTest.initSqlMap(BaseSqlMapTest.java:45)
	at com.ibatis.sqlmap.DerbyParameterMapTest.setUp(DerbyParameterMapTest.java:31)
	at java.base/jdk.internal.reflect.NativeMethodAccessorImpl.invoke0(Native Method)
	at java.base/jdk.internal.reflect.NativeMethodAccessorImpl.invoke(NativeMethodAccessorImpl.java:62)
	at java.base/jdk.internal.reflect.DelegatingMethodAccessorImpl.invoke(DelegatingMethodAccessorImpl.java:43)
	at java.base/java.lang.reflect.Method.invoke(Method.java:566)
	at org.junit.platform.commons.util.ReflectionUtils.invokeMethod(ReflectionUtils.java:686)
	at org.junit.jupiter.engine.execution.MethodInvocation.proceed(MethodInvocation.java:60)
	at org.junit.jupiter.engine.execution.InvocationInterceptorChain$ValidatingInvocation.proceed(InvocationInterceptorChain.java:131)
	at org.junit.jupiter.engine.extension.TimeoutExtension.intercept(TimeoutExtension.java:149)
	at org.junit.jupiter.engine.extension.TimeoutExtension.interceptLifecycleMethod(TimeoutExtension.java:126)
	at org.junit.jupiter.engine.extension.TimeoutExtension.interceptBeforeEachMethod(TimeoutExtension.java:76)
	at org.junit.jupiter.engine.execution.ExecutableInvoker$ReflectiveInterceptorCall.lambda$ofVoidMethod$0(ExecutableInvoker.java:115)
	at org.junit.jupiter.engine.execution.ExecutableInvoker.lambda$invoke$0(ExecutableInvoker.java:105)
	at org.junit.jupiter.engine.execution.InvocationInterceptorChain$InterceptedInvocation.proceed(InvocationInterceptorChain.java:106)
	at org.junit.jupiter.engine.execution.InvocationInterceptorChain.proceed(InvocationInterceptorChain.java:64)
	at org.junit.jupiter.engine.execution.InvocationInterceptorChain.chainAndInvoke(InvocationInterceptorChain.java:45)
	at org.junit.jupiter.engine.execution.InvocationInterceptorChain.invoke(InvocationInterceptorChain.java:37)
	at org.junit.jupiter.engine.execution.ExecutableInvoker.invoke(ExecutableInvoker.java:104)
	at org.junit.jupiter.engine.execution.ExecutableInvoker.invoke(ExecutableInvoker.java:98)
	at org.junit.jupiter.engine.descriptor.ClassBasedTestDescriptor.invokeMethodInExtensionContext(ClassBasedTestDescriptor.java:481)
	at org.junit.jupiter.engine.descriptor.ClassBasedTestDescriptor.lambda$synthesizeBeforeEachMethodAdapter$18(ClassBasedTestDescriptor.java:466)
	at org.junit.jupiter.engine.descriptor.TestMethodTestDescriptor.lambda$invokeBeforeEachMethods$2(TestMethodTestDescriptor.java:169)
	at org.junit.jupiter.engine.descriptor.TestMethodTestDescriptor.lambda$invokeBeforeMethodsOrCallbacksUntilExceptionOccurs$5(TestMethodTestDescriptor.java:197)
	at org.junit.platform.engine.support.hierarchical.ThrowableCollector.execute(ThrowableCollector.java:73)
	at org.junit.jupiter.engine.descriptor.TestMethodTestDescriptor.invokeBeforeMethodsOrCallbacksUntilExceptionOccurs(TestMethodTestDescriptor.java:197)
	at org.junit.jupiter.engine.descriptor.TestMethodTestDescriptor.invokeBeforeEachMethods(TestMethodTestDescriptor.java:166)
	at org.junit.jupiter.engine.descriptor.TestMethodTestDescriptor.execute(TestMethodTestDescriptor.java:133)
	at org.junit.jupiter.engine.descriptor.TestMethodTestDescriptor.execute(TestMethodTestDescriptor.java:71)
	at org.junit.platform.engine.support.hierarchical.NodeTestTask.lambda$executeRecursively$5(NodeTestTask.java:135)
	at org.junit.platform.engine.support.hierarchical.ThrowableCollector.execute(ThrowableCollector.java:73)
	at org.junit.platform.engine.support.hierarchical.NodeTestTask.lambda$executeRecursively$7(NodeTestTask.java:125)
	at org.junit.platform.engine.support.hierarchical.Node.around(Node.java:135)
	at org.junit.platform.engine.support.hierarchical.NodeTestTask.lambda$executeRecursively$8(NodeTestTask.java:123)
	at org.junit.platform.engine.support.hierarchical.ThrowableCollector.execute(ThrowableCollector.java:73)
	at org.junit.platform.engine.support.hierarchical.NodeTestTask.executeRecursively(NodeTestTask.java:122)
	at org.junit.platform.engine.support.hierarchical.NodeTestTask.execute(NodeTestTask.java:80)
	at java.base/java.util.ArrayList.forEach(ArrayList.java:1541)
	at org.junit.platform.engine.support.hierarchical.SameThreadHierarchicalTestExecutorService.invokeAll(SameThreadHierarchicalTestExecutorService.java:38)
	at org.junit.platform.engine.support.hierarchical.NodeTestTask.lambda$executeRecursively$5(NodeTestTask.java:139)
	at org.junit.platform.engine.support.hierarchical.ThrowableCollector.execute(ThrowableCollector.java:73)
	at org.junit.platform.engine.support.hierarchical.NodeTestTask.lambda$executeRecursively$7(NodeTestTask.java:125)
	at org.junit.platform.engine.support.hierarchical.Node.around(Node.java:135)
	at org.junit.platform.engine.support.hierarchical.NodeTestTask.lambda$executeRecursively$8(NodeTestTask.java:123)
	at org.junit.platform.engine.support.hierarchical.ThrowableCollector.execute(ThrowableCollector.java:73)
	at org.junit.platform.engine.support.hierarchical.NodeTestTask.executeRecursively(NodeTestTask.java:122)
	at org.junit.platform.engine.support.hierarchical.NodeTestTask.execute(NodeTestTask.java:80)
	at java.base/java.util.ArrayList.forEach(ArrayList.java:1541)
	at org.junit.platform.engine.support.hierarchical.SameThreadHierarchicalTestExecutorService.invokeAll(SameThreadHierarchicalTestExecutorService.java:38)
	at org.junit.platform.engine.support.hierarchical.NodeTestTask.lambda$executeRecursively$5(NodeTestTask.java:139)
	at org.junit.platform.engine.support.hierarchical.ThrowableCollector.execute(ThrowableCollector.java:73)
	at org.junit.platform.engine.support.hierarchical.NodeTestTask.lambda$executeRecursively$7(NodeTestTask.java:125)
	at org.junit.platform.engine.support.hierarchical.Node.around(Node.java:135)
	at org.junit.platform.engine.support.hierarchical.NodeTestTask.lambda$executeRecursively$8(NodeTestTask.java:123)
	at org.junit.platform.engine.support.hierarchical.ThrowableCollector.execute(ThrowableCollector.java:73)
	at org.junit.platform.engine.support.hierarchical.NodeTestTask.executeRecursively(NodeTestTask.java:122)
	at org.junit.platform.engine.support.hierarchical.NodeTestTask.execute(NodeTestTask.java:80)
	at org.junit.platform.engine.support.hierarchical.SameThreadHierarchicalTestExecutorService.submit(SameThreadHierarchicalTestExecutorService.java:32)
	at org.junit.platform.engine.support.hierarchical.HierarchicalTestExecutor.execute(HierarchicalTestExecutor.java:57)
	at org.junit.platform.engine.support.hierarchical.HierarchicalTestEngine.execute(HierarchicalTestEngine.java:51)
	at org.junit.platform.launcher.core.DefaultLauncher.execute(DefaultLauncher.java:229)
	at org.junit.platform.launcher.core.DefaultLauncher.lambda$execute$6(DefaultLauncher.java:197)
	at org.junit.platform.launcher.core.DefaultLauncher.withInterceptedStreams(DefaultLauncher.java:211)
	at org.junit.platform.launcher.core.DefaultLauncher.execute(DefaultLauncher.java:191)
	at org.junit.platform.launcher.core.DefaultLauncher.execute(DefaultLauncher.java:128)
	at org.apache.maven.surefire.junitplatform.JUnitPlatformProvider.execute(JUnitPlatformProvider.java:188)
	at org.apache.maven.surefire.junitplatform.JUnitPlatformProvider.invokeAllTests(JUnitPlatformProvider.java:154)
	at org.apache.maven.surefire.junitplatform.JUnitPlatformProvider.invoke(JUnitPlatformProvider.java:128)
	at org.apache.maven.surefire.booter.ForkedBooter.runSuitesInProcess(ForkedBooter.java:428)
	at org.apache.maven.surefire.booter.ForkedBooter.execute(ForkedBooter.java:162)
	at org.apache.maven.surefire.booter.ForkedBooter.run(ForkedBooter.java:562)
	at org.apache.maven.surefire.booter.ForkedBooter.main(ForkedBooter.java:548)
ERROR [main] - SimpleDataSource: Error while loading properties. Cause: java.lang.ClassNotFoundException: org.apache.derby.jdbc.EmbeddedDriver
java.lang.ClassNotFoundException: org.apache.derby.jdbc.EmbeddedDriver
	at java.base/jdk.internal.loader.BuiltinClassLoader.loadClass(BuiltinClassLoader.java:581)
	at java.base/jdk.internal.loader.ClassLoaders$AppClassLoader.loadClass(ClassLoaders.java:178)
	at java.base/java.lang.ClassLoader.loadClass(ClassLoader.java:522)
	at java.base/java.lang.Class.forName0(Native Method)
	at java.base/java.lang.Class.forName(Class.java:315)
	at com.ibatis.common.resources.Resources.classForName(Resources.java:308)
	at com.ibatis.common.resources.Resources.instantiate(Resources.java:328)
	at com.ibatis.common.jdbc.SimpleDataSource.initialize(SimpleDataSource.java:263)
	at com.ibatis.common.jdbc.SimpleDataSource.<init>(SimpleDataSource.java:187)
	at com.ibatis.sqlmap.engine.datasource.SimpleDataSourceFactory.initialize(SimpleDataSourceFactory.java:33)
	at com.ibatis.sqlmap.engine.builder.xml.SqlMapConfigParser$9.process(SqlMapConfigParser.java:300)
	at com.ibatis.common.xml.NodeletParser.processNodelet(NodeletParser.java:169)
	at com.ibatis.common.xml.NodeletParser.process(NodeletParser.java:145)
	at com.ibatis.common.xml.NodeletParser.process(NodeletParser.java:142)
	at com.ibatis.common.xml.NodeletParser.process(NodeletParser.java:142)
	at com.ibatis.common.xml.NodeletParser.parse(NodeletParser.java:108)
	at com.ibatis.common.xml.NodeletParser.parse(NodeletParser.java:76)
	at com.ibatis.sqlmap.engine.builder.xml.SqlMapConfigParser.parse(SqlMapConfigParser.java:89)
	at com.ibatis.sqlmap.engine.builder.xml.SqlMapConfigParser.parse(SqlMapConfigParser.java:75)
	at com.ibatis.sqlmap.client.SqlMapClientBuilder.buildSqlMapClient(SqlMapClientBuilder.java:80)
	at com.ibatis.sqlmap.BaseSqlMapTest.initSqlMap(BaseSqlMapTest.java:45)
	at com.ibatis.sqlmap.DerbyParameterMapTest.setUp(DerbyParameterMapTest.java:31)
	at java.base/jdk.internal.reflect.NativeMethodAccessorImpl.invoke0(Native Method)
	at java.base/jdk.internal.reflect.NativeMethodAccessorImpl.invoke(NativeMethodAccessorImpl.java:62)
	at java.base/jdk.internal.reflect.DelegatingMethodAccessorImpl.invoke(DelegatingMethodAccessorImpl.java:43)
	at java.base/java.lang.reflect.Method.invoke(Method.java:566)
	at org.junit.platform.commons.util.ReflectionUtils.invokeMethod(ReflectionUtils.java:686)
	at org.junit.jupiter.engine.execution.MethodInvocation.proceed(MethodInvocation.java:60)
	at org.junit.jupiter.engine.execution.InvocationInterceptorChain$ValidatingInvocation.proceed(InvocationInterceptorChain.java:131)
	at org.junit.jupiter.engine.extension.TimeoutExtension.intercept(TimeoutExtension.java:149)
	at org.junit.jupiter.engine.extension.TimeoutExtension.interceptLifecycleMethod(TimeoutExtension.java:126)
	at org.junit.jupiter.engine.extension.TimeoutExtension.interceptBeforeEachMethod(TimeoutExtension.java:76)
	at org.junit.jupiter.engine.execution.ExecutableInvoker$ReflectiveInterceptorCall.lambda$ofVoidMethod$0(ExecutableInvoker.java:115)
	at org.junit.jupiter.engine.execution.ExecutableInvoker.lambda$invoke$0(ExecutableInvoker.java:105)
	at org.junit.jupiter.engine.execution.InvocationInterceptorChain$InterceptedInvocation.proceed(InvocationInterceptorChain.java:106)
	at org.junit.jupiter.engine.execution.InvocationInterceptorChain.proceed(InvocationInterceptorChain.java:64)
	at org.junit.jupiter.engine.execution.InvocationInterceptorChain.chainAndInvoke(InvocationInterceptorChain.java:45)
	at org.junit.jupiter.engine.execution.InvocationInterceptorChain.invoke(InvocationInterceptorChain.java:37)
	at org.junit.jupiter.engine.execution.ExecutableInvoker.invoke(ExecutableInvoker.java:104)
	at org.junit.jupiter.engine.execution.ExecutableInvoker.invoke(ExecutableInvoker.java:98)
	at org.junit.jupiter.engine.descriptor.ClassBasedTestDescriptor.invokeMethodInExtensionContext(ClassBasedTestDescriptor.java:481)
	at org.junit.jupiter.engine.descriptor.ClassBasedTestDescriptor.lambda$synthesizeBeforeEachMethodAdapter$18(ClassBasedTestDescriptor.java:466)
	at org.junit.jupiter.engine.descriptor.TestMethodTestDescriptor.lambda$invokeBeforeEachMethods$2(TestMethodTestDescriptor.java:169)
	at org.junit.jupiter.engine.descriptor.TestMethodTestDescriptor.lambda$invokeBeforeMethodsOrCallbacksUntilExceptionOccurs$5(TestMethodTestDescriptor.java:197)
	at org.junit.platform.engine.support.hierarchical.ThrowableCollector.execute(ThrowableCollector.java:73)
	at org.junit.jupiter.engine.descriptor.TestMethodTestDescriptor.invokeBeforeMethodsOrCallbacksUntilExceptionOccurs(TestMethodTestDescriptor.java:197)
	at org.junit.jupiter.engine.descriptor.TestMethodTestDescriptor.invokeBeforeEachMethods(TestMethodTestDescriptor.java:166)
	at org.junit.jupiter.engine.descriptor.TestMethodTestDescriptor.execute(TestMethodTestDescriptor.java:133)
	at org.junit.jupiter.engine.descriptor.TestMethodTestDescriptor.execute(TestMethodTestDescriptor.java:71)
	at org.junit.platform.engine.support.hierarchical.NodeTestTask.lambda$executeRecursively$5(NodeTestTask.java:135)
	at org.junit.platform.engine.support.hierarchical.ThrowableCollector.execute(ThrowableCollector.java:73)
	at org.junit.platform.engine.support.hierarchical.NodeTestTask.lambda$executeRecursively$7(NodeTestTask.java:125)
	at org.junit.platform.engine.support.hierarchical.Node.around(Node.java:135)
	at org.junit.platform.engine.support.hierarchical.NodeTestTask.lambda$executeRecursively$8(NodeTestTask.java:123)
	at org.junit.platform.engine.support.hierarchical.ThrowableCollector.execute(ThrowableCollector.java:73)
	at org.junit.platform.engine.support.hierarchical.NodeTestTask.executeRecursively(NodeTestTask.java:122)
	at org.junit.platform.engine.support.hierarchical.NodeTestTask.execute(NodeTestTask.java:80)
	at java.base/java.util.ArrayList.forEach(ArrayList.java:1541)
	at org.junit.platform.engine.support.hierarchical.SameThreadHierarchicalTestExecutorService.invokeAll(SameThreadHierarchicalTestExecutorService.java:38)
	at org.junit.platform.engine.support.hierarchical.NodeTestTask.lambda$executeRecursively$5(NodeTestTask.java:139)
	at org.junit.platform.engine.support.hierarchical.ThrowableCollector.execute(ThrowableCollector.java:73)
	at org.junit.platform.engine.support.hierarchical.NodeTestTask.lambda$executeRecursively$7(NodeTestTask.java:125)
	at org.junit.platform.engine.support.hierarchical.Node.around(Node.java:135)
	at org.junit.platform.engine.support.hierarchical.NodeTestTask.lambda$executeRecursively$8(NodeTestTask.java:123)
	at org.junit.platform.engine.support.hierarchical.ThrowableCollector.execute(ThrowableCollector.java:73)
	at org.junit.platform.engine.support.hierarchical.NodeTestTask.executeRecursively(NodeTestTask.java:122)
	at org.junit.platform.engine.support.hierarchical.NodeTestTask.execute(NodeTestTask.java:80)
	at java.base/java.util.ArrayList.forEach(ArrayList.java:1541)
	at org.junit.platform.engine.support.hierarchical.SameThreadHierarchicalTestExecutorService.invokeAll(SameThreadHierarchicalTestExecutorService.java:38)
	at org.junit.platform.engine.support.hierarchical.NodeTestTask.lambda$executeRecursively$5(NodeTestTask.java:139)
	at org.junit.platform.engine.support.hierarchical.ThrowableCollector.execute(ThrowableCollector.java:73)
	at org.junit.platform.engine.support.hierarchical.NodeTestTask.lambda$executeRecursively$7(NodeTestTask.java:125)
	at org.junit.platform.engine.support.hierarchical.Node.around(Node.java:135)
	at org.junit.platform.engine.support.hierarchical.NodeTestTask.lambda$executeRecursively$8(NodeTestTask.java:123)
	at org.junit.platform.engine.support.hierarchical.ThrowableCollector.execute(ThrowableCollector.java:73)
	at org.junit.platform.engine.support.hierarchical.NodeTestTask.executeRecursively(NodeTestTask.java:122)
	at org.junit.platform.engine.support.hierarchical.NodeTestTask.execute(NodeTestTask.java:80)
	at org.junit.platform.engine.support.hierarchical.SameThreadHierarchicalTestExecutorService.submit(SameThreadHierarchicalTestExecutorService.java:32)
	at org.junit.platform.engine.support.hierarchical.HierarchicalTestExecutor.execute(HierarchicalTestExecutor.java:57)
	at org.junit.platform.engine.support.hierarchical.HierarchicalTestEngine.execute(HierarchicalTestEngine.java:51)
	at org.junit.platform.launcher.core.DefaultLauncher.execute(DefaultLauncher.java:229)
	at org.junit.platform.launcher.core.DefaultLauncher.lambda$execute$6(DefaultLauncher.java:197)
	at org.junit.platform.launcher.core.DefaultLauncher.withInterceptedStreams(DefaultLauncher.java:211)
	at org.junit.platform.launcher.core.DefaultLauncher.execute(DefaultLauncher.java:191)
	at org.junit.platform.launcher.core.DefaultLauncher.execute(DefaultLauncher.java:128)
	at org.apache.maven.surefire.junitplatform.JUnitPlatformProvider.execute(JUnitPlatformProvider.java:188)
	at org.apache.maven.surefire.junitplatform.JUnitPlatformProvider.invokeAllTests(JUnitPlatformProvider.java:154)
	at org.apache.maven.surefire.junitplatform.JUnitPlatformProvider.invoke(JUnitPlatformProvider.java:128)
	at org.apache.maven.surefire.booter.ForkedBooter.runSuitesInProcess(ForkedBooter.java:428)
	at org.apache.maven.surefire.booter.ForkedBooter.execute(ForkedBooter.java:162)
	at org.apache.maven.surefire.booter.ForkedBooter.run(ForkedBooter.java:562)
	at org.apache.maven.surefire.booter.ForkedBooter.main(ForkedBooter.java:548)
ERROR [main] - SimpleDataSource: Error while loading properties. Cause: java.lang.ClassNotFoundException: org.apache.derby.jdbc.EmbeddedDriver
java.lang.ClassNotFoundException: org.apache.derby.jdbc.EmbeddedDriver
	at java.base/jdk.internal.loader.BuiltinClassLoader.loadClass(BuiltinClassLoader.java:581)
	at java.base/jdk.internal.loader.ClassLoaders$AppClassLoader.loadClass(ClassLoaders.java:178)
	at java.base/java.lang.ClassLoader.loadClass(ClassLoader.java:522)
	at java.base/java.lang.Class.forName0(Native Method)
	at java.base/java.lang.Class.forName(Class.java:315)
	at com.ibatis.common.resources.Resources.classForName(Resources.java:308)
	at com.ibatis.common.resources.Resources.instantiate(Resources.java:328)
	at com.ibatis.common.jdbc.SimpleDataSource.initialize(SimpleDataSource.java:263)
	at com.ibatis.common.jdbc.SimpleDataSource.<init>(SimpleDataSource.java:187)
	at com.ibatis.sqlmap.engine.datasource.SimpleDataSourceFactory.initialize(SimpleDataSourceFactory.java:33)
	at com.ibatis.sqlmap.engine.builder.xml.SqlMapConfigParser$9.process(SqlMapConfigParser.java:300)
	at com.ibatis.common.xml.NodeletParser.processNodelet(NodeletParser.java:169)
	at com.ibatis.common.xml.NodeletParser.process(NodeletParser.java:145)
	at com.ibatis.common.xml.NodeletParser.process(NodeletParser.java:142)
	at com.ibatis.common.xml.NodeletParser.process(NodeletParser.java:142)
	at com.ibatis.common.xml.NodeletParser.parse(NodeletParser.java:108)
	at com.ibatis.common.xml.NodeletParser.parse(NodeletParser.java:76)
	at com.ibatis.sqlmap.engine.builder.xml.SqlMapConfigParser.parse(SqlMapConfigParser.java:89)
	at com.ibatis.sqlmap.engine.builder.xml.SqlMapConfigParser.parse(SqlMapConfigParser.java:75)
	at com.ibatis.sqlmap.client.SqlMapClientBuilder.buildSqlMapClient(SqlMapClientBuilder.java:80)
	at com.ibatis.sqlmap.BaseSqlMapTest.initSqlMap(BaseSqlMapTest.java:45)
	at com.ibatis.sqlmap.DerbyParameterMapTest.setUp(DerbyParameterMapTest.java:31)
	at java.base/jdk.internal.reflect.NativeMethodAccessorImpl.invoke0(Native Method)
	at java.base/jdk.internal.reflect.NativeMethodAccessorImpl.invoke(NativeMethodAccessorImpl.java:62)
	at java.base/jdk.internal.reflect.DelegatingMethodAccessorImpl.invoke(DelegatingMethodAccessorImpl.java:43)
	at java.base/java.lang.reflect.Method.invoke(Method.java:566)
	at org.junit.platform.commons.util.ReflectionUtils.invokeMethod(ReflectionUtils.java:686)
	at org.junit.jupiter.engine.execution.MethodInvocation.proceed(MethodInvocation.java:60)
	at org.junit.jupiter.engine.execution.InvocationInterceptorChain$ValidatingInvocation.proceed(InvocationInterceptorChain.java:131)
	at org.junit.jupiter.engine.extension.TimeoutExtension.intercept(TimeoutExtension.java:149)
	at org.junit.jupiter.engine.extension.TimeoutExtension.interceptLifecycleMethod(TimeoutExtension.java:126)
	at org.junit.jupiter.engine.extension.TimeoutExtension.interceptBeforeEachMethod(TimeoutExtension.java:76)
	at org.junit.jupiter.engine.execution.ExecutableInvoker$ReflectiveInterceptorCall.lambda$ofVoidMethod$0(ExecutableInvoker.java:115)
	at org.junit.jupiter.engine.execution.ExecutableInvoker.lambda$invoke$0(ExecutableInvoker.java:105)
	at org.junit.jupiter.engine.execution.InvocationInterceptorChain$InterceptedInvocation.proceed(InvocationInterceptorChain.java:106)
	at org.junit.jupiter.engine.execution.InvocationInterceptorChain.proceed(InvocationInterceptorChain.java:64)
	at org.junit.jupiter.engine.execution.InvocationInterceptorChain.chainAndInvoke(InvocationInterceptorChain.java:45)
	at org.junit.jupiter.engine.execution.InvocationInterceptorChain.invoke(InvocationInterceptorChain.java:37)
	at org.junit.jupiter.engine.execution.ExecutableInvoker.invoke(ExecutableInvoker.java:104)
	at org.junit.jupiter.engine.execution.ExecutableInvoker.invoke(ExecutableInvoker.java:98)
	at org.junit.jupiter.engine.descriptor.ClassBasedTestDescriptor.invokeMethodInExtensionContext(ClassBasedTestDescriptor.java:481)
	at org.junit.jupiter.engine.descriptor.ClassBasedTestDescriptor.lambda$synthesizeBeforeEachMethodAdapter$18(ClassBasedTestDescriptor.java:466)
	at org.junit.jupiter.engine.descriptor.TestMethodTestDescriptor.lambda$invokeBeforeEachMethods$2(TestMethodTestDescriptor.java:169)
	at org.junit.jupiter.engine.descriptor.TestMethodTestDescriptor.lambda$invokeBeforeMethodsOrCallbacksUntilExceptionOccurs$5(TestMethodTestDescriptor.java:197)
	at org.junit.platform.engine.support.hierarchical.ThrowableCollector.execute(ThrowableCollector.java:73)
	at org.junit.jupiter.engine.descriptor.TestMethodTestDescriptor.invokeBeforeMethodsOrCallbacksUntilExceptionOccurs(TestMethodTestDescriptor.java:197)
	at org.junit.jupiter.engine.descriptor.TestMethodTestDescriptor.invokeBeforeEachMethods(TestMethodTestDescriptor.java:166)
	at org.junit.jupiter.engine.descriptor.TestMethodTestDescriptor.execute(TestMethodTestDescriptor.java:133)
	at org.junit.jupiter.engine.descriptor.TestMethodTestDescriptor.execute(TestMethodTestDescriptor.java:71)
	at org.junit.platform.engine.support.hierarchical.NodeTestTask.lambda$executeRecursively$5(NodeTestTask.java:135)
	at org.junit.platform.engine.support.hierarchical.ThrowableCollector.execute(ThrowableCollector.java:73)
	at org.junit.platform.engine.support.hierarchical.NodeTestTask.lambda$executeRecursively$7(NodeTestTask.java:125)
	at org.junit.platform.engine.support.hierarchical.Node.around(Node.java:135)
	at org.junit.platform.engine.support.hierarchical.NodeTestTask.lambda$executeRecursively$8(NodeTestTask.java:123)
	at org.junit.platform.engine.support.hierarchical.ThrowableCollector.execute(ThrowableCollector.java:73)
	at org.junit.platform.engine.support.hierarchical.NodeTestTask.executeRecursively(NodeTestTask.java:122)
	at org.junit.platform.engine.support.hierarchical.NodeTestTask.execute(NodeTestTask.java:80)
	at java.base/java.util.ArrayList.forEach(ArrayList.java:1541)
	at org.junit.platform.engine.support.hierarchical.SameThreadHierarchicalTestExecutorService.invokeAll(SameThreadHierarchicalTestExecutorService.java:38)
	at org.junit.platform.engine.support.hierarchical.NodeTestTask.lambda$executeRecursively$5(NodeTestTask.java:139)
	at org.junit.platform.engine.support.hierarchical.ThrowableCollector.execute(ThrowableCollector.java:73)
	at org.junit.platform.engine.support.hierarchical.NodeTestTask.lambda$executeRecursively$7(NodeTestTask.java:125)
	at org.junit.platform.engine.support.hierarchical.Node.around(Node.java:135)
	at org.junit.platform.engine.support.hierarchical.NodeTestTask.lambda$executeRecursively$8(NodeTestTask.java:123)
	at org.junit.platform.engine.support.hierarchical.ThrowableCollector.execute(ThrowableCollector.java:73)
	at org.junit.platform.engine.support.hierarchical.NodeTestTask.executeRecursively(NodeTestTask.java:122)
	at org.junit.platform.engine.support.hierarchical.NodeTestTask.execute(NodeTestTask.java:80)
	at java.base/java.util.ArrayList.forEach(ArrayList.java:1541)
	at org.junit.platform.engine.support.hierarchical.SameThreadHierarchicalTestExecutorService.invokeAll(SameThreadHierarchicalTestExecutorService.java:38)
	at org.junit.platform.engine.support.hierarchical.NodeTestTask.lambda$executeRecursively$5(NodeTestTask.java:139)
	at org.junit.platform.engine.support.hierarchical.ThrowableCollector.execute(ThrowableCollector.java:73)
	at org.junit.platform.engine.support.hierarchical.NodeTestTask.lambda$executeRecursively$7(NodeTestTask.java:125)
	at org.junit.platform.engine.support.hierarchical.Node.around(Node.java:135)
	at org.junit.platform.engine.support.hierarchical.NodeTestTask.lambda$executeRecursively$8(NodeTestTask.java:123)
	at org.junit.platform.engine.support.hierarchical.ThrowableCollector.execute(ThrowableCollector.java:73)
	at org.junit.platform.engine.support.hierarchical.NodeTestTask.executeRecursively(NodeTestTask.java:122)
	at org.junit.platform.engine.support.hierarchical.NodeTestTask.execute(NodeTestTask.java:80)
	at org.junit.platform.engine.support.hierarchical.SameThreadHierarchicalTestExecutorService.submit(SameThreadHierarchicalTestExecutorService.java:32)
	at org.junit.platform.engine.support.hierarchical.HierarchicalTestExecutor.execute(HierarchicalTestExecutor.java:57)
	at org.junit.platform.engine.support.hierarchical.HierarchicalTestEngine.execute(HierarchicalTestEngine.java:51)
	at org.junit.platform.launcher.core.DefaultLauncher.execute(DefaultLauncher.java:229)
	at org.junit.platform.launcher.core.DefaultLauncher.lambda$execute$6(DefaultLauncher.java:197)
	at org.junit.platform.launcher.core.DefaultLauncher.withInterceptedStreams(DefaultLauncher.java:211)
	at org.junit.platform.launcher.core.DefaultLauncher.execute(DefaultLauncher.java:191)
	at org.junit.platform.launcher.core.DefaultLauncher.execute(DefaultLauncher.java:128)
	at org.apache.maven.surefire.junitplatform.JUnitPlatformProvider.execute(JUnitPlatformProvider.java:188)
	at org.apache.maven.surefire.junitplatform.JUnitPlatformProvider.invokeAllTests(JUnitPlatformProvider.java:154)
	at org.apache.maven.surefire.junitplatform.JUnitPlatformProvider.invoke(JUnitPlatformProvider.java:128)
	at org.apache.maven.surefire.booter.ForkedBooter.runSuitesInProcess(ForkedBooter.java:428)
	at org.apache.maven.surefire.booter.ForkedBooter.execute(ForkedBooter.java:162)
	at org.apache.maven.surefire.booter.ForkedBooter.run(ForkedBooter.java:562)
	at org.apache.maven.surefire.booter.ForkedBooter.main(ForkedBooter.java:548)
ERROR [main] - SimpleDataSource: Error while loading properties. Cause: java.lang.ClassNotFoundException: org.apache.derby.jdbc.EmbeddedDriver
java.lang.ClassNotFoundException: org.apache.derby.jdbc.EmbeddedDriver
	at java.base/jdk.internal.loader.BuiltinClassLoader.loadClass(BuiltinClassLoader.java:581)
	at java.base/jdk.internal.loader.ClassLoaders$AppClassLoader.loadClass(ClassLoaders.java:178)
	at java.base/java.lang.ClassLoader.loadClass(ClassLoader.java:522)
	at java.base/java.lang.Class.forName0(Native Method)
	at java.base/java.lang.Class.forName(Class.java:315)
	at com.ibatis.common.resources.Resources.classForName(Resources.java:308)
	at com.ibatis.common.resources.Resources.instantiate(Resources.java:328)
	at com.ibatis.common.jdbc.SimpleDataSource.initialize(SimpleDataSource.java:263)
	at com.ibatis.common.jdbc.SimpleDataSource.<init>(SimpleDataSource.java:187)
	at com.ibatis.sqlmap.engine.datasource.SimpleDataSourceFactory.initialize(SimpleDataSourceFactory.java:33)
	at com.ibatis.sqlmap.engine.builder.xml.SqlMapConfigParser$9.process(SqlMapConfigParser.java:300)
	at com.ibatis.common.xml.NodeletParser.processNodelet(NodeletParser.java:169)
	at com.ibatis.common.xml.NodeletParser.process(NodeletParser.java:145)
	at com.ibatis.common.xml.NodeletParser.process(NodeletParser.java:142)
	at com.ibatis.common.xml.NodeletParser.process(NodeletParser.java:142)
	at com.ibatis.common.xml.NodeletParser.parse(NodeletParser.java:108)
	at com.ibatis.common.xml.NodeletParser.parse(NodeletParser.java:76)
	at com.ibatis.sqlmap.engine.builder.xml.SqlMapConfigParser.parse(SqlMapConfigParser.java:89)
	at com.ibatis.sqlmap.engine.builder.xml.SqlMapConfigParser.parse(SqlMapConfigParser.java:75)
	at com.ibatis.sqlmap.client.SqlMapClientBuilder.buildSqlMapClient(SqlMapClientBuilder.java:80)
	at com.ibatis.sqlmap.BaseSqlMapTest.initSqlMap(BaseSqlMapTest.java:45)
	at com.ibatis.sqlmap.DerbyParameterMapTest.setUp(DerbyParameterMapTest.java:31)
	at java.base/jdk.internal.reflect.NativeMethodAccessorImpl.invoke0(Native Method)
	at java.base/jdk.internal.reflect.NativeMethodAccessorImpl.invoke(NativeMethodAccessorImpl.java:62)
	at java.base/jdk.internal.reflect.DelegatingMethodAccessorImpl.invoke(DelegatingMethodAccessorImpl.java:43)
	at java.base/java.lang.reflect.Method.invoke(Method.java:566)
	at org.junit.platform.commons.util.ReflectionUtils.invokeMethod(ReflectionUtils.java:686)
	at org.junit.jupiter.engine.execution.MethodInvocation.proceed(MethodInvocation.java:60)
	at org.junit.jupiter.engine.execution.InvocationInterceptorChain$ValidatingInvocation.proceed(InvocationInterceptorChain.java:131)
	at org.junit.jupiter.engine.extension.TimeoutExtension.intercept(TimeoutExtension.java:149)
	at org.junit.jupiter.engine.extension.TimeoutExtension.interceptLifecycleMethod(TimeoutExtension.java:126)
	at org.junit.jupiter.engine.extension.TimeoutExtension.interceptBeforeEachMethod(TimeoutExtension.java:76)
	at org.junit.jupiter.engine.execution.ExecutableInvoker$ReflectiveInterceptorCall.lambda$ofVoidMethod$0(ExecutableInvoker.java:115)
	at org.junit.jupiter.engine.execution.ExecutableInvoker.lambda$invoke$0(ExecutableInvoker.java:105)
	at org.junit.jupiter.engine.execution.InvocationInterceptorChain$InterceptedInvocation.proceed(InvocationInterceptorChain.java:106)
	at org.junit.jupiter.engine.execution.InvocationInterceptorChain.proceed(InvocationInterceptorChain.java:64)
	at org.junit.jupiter.engine.execution.InvocationInterceptorChain.chainAndInvoke(InvocationInterceptorChain.java:45)
	at org.junit.jupiter.engine.execution.InvocationInterceptorChain.invoke(InvocationInterceptorChain.java:37)
	at org.junit.jupiter.engine.execution.ExecutableInvoker.invoke(ExecutableInvoker.java:104)
	at org.junit.jupiter.engine.execution.ExecutableInvoker.invoke(ExecutableInvoker.java:98)
	at org.junit.jupiter.engine.descriptor.ClassBasedTestDescriptor.invokeMethodInExtensionContext(ClassBasedTestDescriptor.java:481)
	at org.junit.jupiter.engine.descriptor.ClassBasedTestDescriptor.lambda$synthesizeBeforeEachMethodAdapter$18(ClassBasedTestDescriptor.java:466)
	at org.junit.jupiter.engine.descriptor.TestMethodTestDescriptor.lambda$invokeBeforeEachMethods$2(TestMethodTestDescriptor.java:169)
	at org.junit.jupiter.engine.descriptor.TestMethodTestDescriptor.lambda$invokeBeforeMethodsOrCallbacksUntilExceptionOccurs$5(TestMethodTestDescriptor.java:197)
	at org.junit.platform.engine.support.hierarchical.ThrowableCollector.execute(ThrowableCollector.java:73)
	at org.junit.jupiter.engine.descriptor.TestMethodTestDescriptor.invokeBeforeMethodsOrCallbacksUntilExceptionOccurs(TestMethodTestDescriptor.java:197)
	at org.junit.jupiter.engine.descriptor.TestMethodTestDescriptor.invokeBeforeEachMethods(TestMethodTestDescriptor.java:166)
	at org.junit.jupiter.engine.descriptor.TestMethodTestDescriptor.execute(TestMethodTestDescriptor.java:133)
	at org.junit.jupiter.engine.descriptor.TestMethodTestDescriptor.execute(TestMethodTestDescriptor.java:71)
	at org.junit.platform.engine.support.hierarchical.NodeTestTask.lambda$executeRecursively$5(NodeTestTask.java:135)
	at org.junit.platform.engine.support.hierarchical.ThrowableCollector.execute(ThrowableCollector.java:73)
	at org.junit.platform.engine.support.hierarchical.NodeTestTask.lambda$executeRecursively$7(NodeTestTask.java:125)
	at org.junit.platform.engine.support.hierarchical.Node.around(Node.java:135)
	at org.junit.platform.engine.support.hierarchical.NodeTestTask.lambda$executeRecursively$8(NodeTestTask.java:123)
	at org.junit.platform.engine.support.hierarchical.ThrowableCollector.execute(ThrowableCollector.java:73)
	at org.junit.platform.engine.support.hierarchical.NodeTestTask.executeRecursively(NodeTestTask.java:122)
	at org.junit.platform.engine.support.hierarchical.NodeTestTask.execute(NodeTestTask.java:80)
	at java.base/java.util.ArrayList.forEach(ArrayList.java:1541)
	at org.junit.platform.engine.support.hierarchical.SameThreadHierarchicalTestExecutorService.invokeAll(SameThreadHierarchicalTestExecutorService.java:38)
	at org.junit.platform.engine.support.hierarchical.NodeTestTask.lambda$executeRecursively$5(NodeTestTask.java:139)
	at org.junit.platform.engine.support.hierarchical.ThrowableCollector.execute(ThrowableCollector.java:73)
	at org.junit.platform.engine.support.hierarchical.NodeTestTask.lambda$executeRecursively$7(NodeTestTask.java:125)
	at org.junit.platform.engine.support.hierarchical.Node.around(Node.java:135)
	at org.junit.platform.engine.support.hierarchical.NodeTestTask.lambda$executeRecursively$8(NodeTestTask.java:123)
	at org.junit.platform.engine.support.hierarchical.ThrowableCollector.execute(ThrowableCollector.java:73)
	at org.junit.platform.engine.support.hierarchical.NodeTestTask.executeRecursively(NodeTestTask.java:122)
	at org.junit.platform.engine.support.hierarchical.NodeTestTask.execute(NodeTestTask.java:80)
	at java.base/java.util.ArrayList.forEach(ArrayList.java:1541)
	at org.junit.platform.engine.support.hierarchical.SameThreadHierarchicalTestExecutorService.invokeAll(SameThreadHierarchicalTestExecutorService.java:38)
	at org.junit.platform.engine.support.hierarchical.NodeTestTask.lambda$executeRecursively$5(NodeTestTask.java:139)
	at org.junit.platform.engine.support.hierarchical.ThrowableCollector.execute(ThrowableCollector.java:73)
	at org.junit.platform.engine.support.hierarchical.NodeTestTask.lambda$executeRecursively$7(NodeTestTask.java:125)
	at org.junit.platform.engine.support.hierarchical.Node.around(Node.java:135)
	at org.junit.platform.engine.support.hierarchical.NodeTestTask.lambda$executeRecursively$8(NodeTestTask.java:123)
	at org.junit.platform.engine.support.hierarchical.ThrowableCollector.execute(ThrowableCollector.java:73)
	at org.junit.platform.engine.support.hierarchical.NodeTestTask.executeRecursively(NodeTestTask.java:122)
	at org.junit.platform.engine.support.hierarchical.NodeTestTask.execute(NodeTestTask.java:80)
	at org.junit.platform.engine.support.hierarchical.SameThreadHierarchicalTestExecutorService.submit(SameThreadHierarchicalTestExecutorService.java:32)
	at org.junit.platform.engine.support.hierarchical.HierarchicalTestExecutor.execute(HierarchicalTestExecutor.java:57)
	at org.junit.platform.engine.support.hierarchical.HierarchicalTestEngine.execute(HierarchicalTestEngine.java:51)
	at org.junit.platform.launcher.core.DefaultLauncher.execute(DefaultLauncher.java:229)
	at org.junit.platform.launcher.core.DefaultLauncher.lambda$execute$6(DefaultLauncher.java:197)
	at org.junit.platform.launcher.core.DefaultLauncher.withInterceptedStreams(DefaultLauncher.java:211)
	at org.junit.platform.launcher.core.DefaultLauncher.execute(DefaultLauncher.java:191)
	at org.junit.platform.launcher.core.DefaultLauncher.execute(DefaultLauncher.java:128)
	at org.apache.maven.surefire.junitplatform.JUnitPlatformProvider.execute(JUnitPlatformProvider.java:188)
	at org.apache.maven.surefire.junitplatform.JUnitPlatformProvider.invokeAllTests(JUnitPlatformProvider.java:154)
	at org.apache.maven.surefire.junitplatform.JUnitPlatformProvider.invoke(JUnitPlatformProvider.java:128)
	at org.apache.maven.surefire.booter.ForkedBooter.runSuitesInProcess(ForkedBooter.java:428)
	at org.apache.maven.surefire.booter.ForkedBooter.execute(ForkedBooter.java:162)
	at org.apache.maven.surefire.booter.ForkedBooter.run(ForkedBooter.java:562)
	at org.apache.maven.surefire.booter.ForkedBooter.main(ForkedBooter.java:548)
ERROR [main] - SimpleDataSource: Error while loading properties. Cause: java.lang.ClassNotFoundException: org.apache.derby.jdbc.EmbeddedDriver
java.lang.ClassNotFoundException: org.apache.derby.jdbc.EmbeddedDriver
	at java.base/jdk.internal.loader.BuiltinClassLoader.loadClass(BuiltinClassLoader.java:581)
	at java.base/jdk.internal.loader.ClassLoaders$AppClassLoader.loadClass(ClassLoaders.java:178)
	at java.base/java.lang.ClassLoader.loadClass(ClassLoader.java:522)
	at java.base/java.lang.Class.forName0(Native Method)
	at java.base/java.lang.Class.forName(Class.java:315)
	at com.ibatis.common.resources.Resources.classForName(Resources.java:308)
	at com.ibatis.common.resources.Resources.instantiate(Resources.java:328)
	at com.ibatis.common.jdbc.SimpleDataSource.initialize(SimpleDataSource.java:263)
	at com.ibatis.common.jdbc.SimpleDataSource.<init>(SimpleDataSource.java:187)
	at com.ibatis.sqlmap.engine.datasource.SimpleDataSourceFactory.initialize(SimpleDataSourceFactory.java:33)
	at com.ibatis.sqlmap.engine.builder.xml.SqlMapConfigParser$9.process(SqlMapConfigParser.java:300)
	at com.ibatis.common.xml.NodeletParser.processNodelet(NodeletParser.java:169)
	at com.ibatis.common.xml.NodeletParser.process(NodeletParser.java:145)
	at com.ibatis.common.xml.NodeletParser.process(NodeletParser.java:142)
	at com.ibatis.common.xml.NodeletParser.process(NodeletParser.java:142)
	at com.ibatis.common.xml.NodeletParser.parse(NodeletParser.java:108)
	at com.ibatis.common.xml.NodeletParser.parse(NodeletParser.java:76)
	at com.ibatis.sqlmap.engine.builder.xml.SqlMapConfigParser.parse(SqlMapConfigParser.java:89)
	at com.ibatis.sqlmap.engine.builder.xml.SqlMapConfigParser.parse(SqlMapConfigParser.java:75)
	at com.ibatis.sqlmap.client.SqlMapClientBuilder.buildSqlMapClient(SqlMapClientBuilder.java:80)
	at com.ibatis.sqlmap.BaseSqlMapTest.initSqlMap(BaseSqlMapTest.java:45)
	at com.ibatis.sqlmap.DerbyParameterMapTest.setUp(DerbyParameterMapTest.java:31)
	at java.base/jdk.internal.reflect.NativeMethodAccessorImpl.invoke0(Native Method)
	at java.base/jdk.internal.reflect.NativeMethodAccessorImpl.invoke(NativeMethodAccessorImpl.java:62)
	at java.base/jdk.internal.reflect.DelegatingMethodAccessorImpl.invoke(DelegatingMethodAccessorImpl.java:43)
	at java.base/java.lang.reflect.Method.invoke(Method.java:566)
	at org.junit.platform.commons.util.ReflectionUtils.invokeMethod(ReflectionUtils.java:686)
	at org.junit.jupiter.engine.execution.MethodInvocation.proceed(MethodInvocation.java:60)
	at org.junit.jupiter.engine.execution.InvocationInterceptorChain$ValidatingInvocation.proceed(InvocationInterceptorChain.java:131)
	at org.junit.jupiter.engine.extension.TimeoutExtension.intercept(TimeoutExtension.java:149)
	at org.junit.jupiter.engine.extension.TimeoutExtension.interceptLifecycleMethod(TimeoutExtension.java:126)
	at org.junit.jupiter.engine.extension.TimeoutExtension.interceptBeforeEachMethod(TimeoutExtension.java:76)
	at org.junit.jupiter.engine.execution.ExecutableInvoker$ReflectiveInterceptorCall.lambda$ofVoidMethod$0(ExecutableInvoker.java:115)
	at org.junit.jupiter.engine.execution.ExecutableInvoker.lambda$invoke$0(ExecutableInvoker.java:105)
	at org.junit.jupiter.engine.execution.InvocationInterceptorChain$InterceptedInvocation.proceed(InvocationInterceptorChain.java:106)
	at org.junit.jupiter.engine.execution.InvocationInterceptorChain.proceed(InvocationInterceptorChain.java:64)
	at org.junit.jupiter.engine.execution.InvocationInterceptorChain.chainAndInvoke(InvocationInterceptorChain.java:45)
	at org.junit.jupiter.engine.execution.InvocationInterceptorChain.invoke(InvocationInterceptorChain.java:37)
	at org.junit.jupiter.engine.execution.ExecutableInvoker.invoke(ExecutableInvoker.java:104)
	at org.junit.jupiter.engine.execution.ExecutableInvoker.invoke(ExecutableInvoker.java:98)
	at org.junit.jupiter.engine.descriptor.ClassBasedTestDescriptor.invokeMethodInExtensionContext(ClassBasedTestDescriptor.java:481)
	at org.junit.jupiter.engine.descriptor.ClassBasedTestDescriptor.lambda$synthesizeBeforeEachMethodAdapter$18(ClassBasedTestDescriptor.java:466)
	at org.junit.jupiter.engine.descriptor.TestMethodTestDescriptor.lambda$invokeBeforeEachMethods$2(TestMethodTestDescriptor.java:169)
	at org.junit.jupiter.engine.descriptor.TestMethodTestDescriptor.lambda$invokeBeforeMethodsOrCallbacksUntilExceptionOccurs$5(TestMethodTestDescriptor.java:197)
	at org.junit.platform.engine.support.hierarchical.ThrowableCollector.execute(ThrowableCollector.java:73)
	at org.junit.jupiter.engine.descriptor.TestMethodTestDescriptor.invokeBeforeMethodsOrCallbacksUntilExceptionOccurs(TestMethodTestDescriptor.java:197)
	at org.junit.jupiter.engine.descriptor.TestMethodTestDescriptor.invokeBeforeEachMethods(TestMethodTestDescriptor.java:166)
	at org.junit.jupiter.engine.descriptor.TestMethodTestDescriptor.execute(TestMethodTestDescriptor.java:133)
	at org.junit.jupiter.engine.descriptor.TestMethodTestDescriptor.execute(TestMethodTestDescriptor.java:71)
	at org.junit.platform.engine.support.hierarchical.NodeTestTask.lambda$executeRecursively$5(NodeTestTask.java:135)
	at org.junit.platform.engine.support.hierarchical.ThrowableCollector.execute(ThrowableCollector.java:73)
	at org.junit.platform.engine.support.hierarchical.NodeTestTask.lambda$executeRecursively$7(NodeTestTask.java:125)
	at org.junit.platform.engine.support.hierarchical.Node.around(Node.java:135)
	at org.junit.platform.engine.support.hierarchical.NodeTestTask.lambda$executeRecursively$8(NodeTestTask.java:123)
	at org.junit.platform.engine.support.hierarchical.ThrowableCollector.execute(ThrowableCollector.java:73)
	at org.junit.platform.engine.support.hierarchical.NodeTestTask.executeRecursively(NodeTestTask.java:122)
	at org.junit.platform.engine.support.hierarchical.NodeTestTask.execute(NodeTestTask.java:80)
	at java.base/java.util.ArrayList.forEach(ArrayList.java:1541)
	at org.junit.platform.engine.support.hierarchical.SameThreadHierarchicalTestExecutorService.invokeAll(SameThreadHierarchicalTestExecutorService.java:38)
	at org.junit.platform.engine.support.hierarchical.NodeTestTask.lambda$executeRecursively$5(NodeTestTask.java:139)
	at org.junit.platform.engine.support.hierarchical.ThrowableCollector.execute(ThrowableCollector.java:73)
	at org.junit.platform.engine.support.hierarchical.NodeTestTask.lambda$executeRecursively$7(NodeTestTask.java:125)
	at org.junit.platform.engine.support.hierarchical.Node.around(Node.java:135)
	at org.junit.platform.engine.support.hierarchical.NodeTestTask.lambda$executeRecursively$8(NodeTestTask.java:123)
	at org.junit.platform.engine.support.hierarchical.ThrowableCollector.execute(ThrowableCollector.java:73)
	at org.junit.platform.engine.support.hierarchical.NodeTestTask.executeRecursively(NodeTestTask.java:122)
	at org.junit.platform.engine.support.hierarchical.NodeTestTask.execute(NodeTestTask.java:80)
	at java.base/java.util.ArrayList.forEach(ArrayList.java:1541)
	at org.junit.platform.engine.support.hierarchical.SameThreadHierarchicalTestExecutorService.invokeAll(SameThreadHierarchicalTestExecutorService.java:38)
	at org.junit.platform.engine.support.hierarchical.NodeTestTask.lambda$executeRecursively$5(NodeTestTask.java:139)
	at org.junit.platform.engine.support.hierarchical.ThrowableCollector.execute(ThrowableCollector.java:73)
	at org.junit.platform.engine.support.hierarchical.NodeTestTask.lambda$executeRecursively$7(NodeTestTask.java:125)
	at org.junit.platform.engine.support.hierarchical.Node.around(Node.java:135)
	at org.junit.platform.engine.support.hierarchical.NodeTestTask.lambda$executeRecursively$8(NodeTestTask.java:123)
	at org.junit.platform.engine.support.hierarchical.ThrowableCollector.execute(ThrowableCollector.java:73)
	at org.junit.platform.engine.support.hierarchical.NodeTestTask.executeRecursively(NodeTestTask.java:122)
	at org.junit.platform.engine.support.hierarchical.NodeTestTask.execute(NodeTestTask.java:80)
	at org.junit.platform.engine.support.hierarchical.SameThreadHierarchicalTestExecutorService.submit(SameThreadHierarchicalTestExecutorService.java:32)
	at org.junit.platform.engine.support.hierarchical.HierarchicalTestExecutor.execute(HierarchicalTestExecutor.java:57)
	at org.junit.platform.engine.support.hierarchical.HierarchicalTestEngine.execute(HierarchicalTestEngine.java:51)
	at org.junit.platform.launcher.core.DefaultLauncher.execute(DefaultLauncher.java:229)
	at org.junit.platform.launcher.core.DefaultLauncher.lambda$execute$6(DefaultLauncher.java:197)
	at org.junit.platform.launcher.core.DefaultLauncher.withInterceptedStreams(DefaultLauncher.java:211)
	at org.junit.platform.launcher.core.DefaultLauncher.execute(DefaultLauncher.java:191)
	at org.junit.platform.launcher.core.DefaultLauncher.execute(DefaultLauncher.java:128)
	at org.apache.maven.surefire.junitplatform.JUnitPlatformProvider.execute(JUnitPlatformProvider.java:188)
	at org.apache.maven.surefire.junitplatform.JUnitPlatformProvider.invokeAllTests(JUnitPlatformProvider.java:154)
	at org.apache.maven.surefire.junitplatform.JUnitPlatformProvider.invoke(JUnitPlatformProvider.java:128)
	at org.apache.maven.surefire.booter.ForkedBooter.runSuitesInProcess(ForkedBooter.java:428)
	at org.apache.maven.surefire.booter.ForkedBooter.execute(ForkedBooter.java:162)
	at org.apache.maven.surefire.booter.ForkedBooter.run(ForkedBooter.java:562)
	at org.apache.maven.surefire.booter.ForkedBooter.main(ForkedBooter.java:548)
[ERROR] Tests run: 8, Failures: 0, Errors: 8, Skipped: 0, Time elapsed: 0.016 s <<< FAILURE! - in com.ibatis.sqlmap.DerbyParameterMapTest
[ERROR] com.ibatis.sqlmap.DerbyParameterMapTest.testDummy  Time elapsed: 0.002 s  <<< ERROR!
java.lang.RuntimeException: Error occurred.  Cause: com.ibatis.common.xml.NodeletException: Error parsing XML.  Cause: java.lang.RuntimeException: Error parsing XPath '/sqlMapConfig/transactionManager/dataSource/end()'.  Cause: com.ibatis.sqlmap.client.SqlMapException: Error initializing DataSource.  Could not instantiate DataSourceFactory.  Cause: java.lang.RuntimeException: SimpleDataSource: Error while loading properties. Cause: java.lang.ClassNotFoundException: org.apache.derby.jdbc.EmbeddedDriver
	at com.ibatis.sqlmap.DerbyParameterMapTest.setUp(DerbyParameterMapTest.java:31)
Caused by: com.ibatis.common.xml.NodeletException: Error parsing XML.  Cause: java.lang.RuntimeException: Error parsing XPath '/sqlMapConfig/transactionManager/dataSource/end()'.  Cause: com.ibatis.sqlmap.client.SqlMapException: Error initializing DataSource.  Could not instantiate DataSourceFactory.  Cause: java.lang.RuntimeException: SimpleDataSource: Error while loading properties. Cause: java.lang.ClassNotFoundException: org.apache.derby.jdbc.EmbeddedDriver
	at com.ibatis.sqlmap.DerbyParameterMapTest.setUp(DerbyParameterMapTest.java:31)
Caused by: java.lang.RuntimeException: Error parsing XPath '/sqlMapConfig/transactionManager/dataSource/end()'.  Cause: com.ibatis.sqlmap.client.SqlMapException: Error initializing DataSource.  Could not instantiate DataSourceFactory.  Cause: java.lang.RuntimeException: SimpleDataSource: Error while loading properties. Cause: java.lang.ClassNotFoundException: org.apache.derby.jdbc.EmbeddedDriver
	at com.ibatis.sqlmap.DerbyParameterMapTest.setUp(DerbyParameterMapTest.java:31)
Caused by: com.ibatis.sqlmap.client.SqlMapException: Error initializing DataSource.  Could not instantiate DataSourceFactory.  Cause: java.lang.RuntimeException: SimpleDataSource: Error while loading properties. Cause: java.lang.ClassNotFoundException: org.apache.derby.jdbc.EmbeddedDriver
	at com.ibatis.sqlmap.DerbyParameterMapTest.setUp(DerbyParameterMapTest.java:31)
Caused by: java.lang.RuntimeException: SimpleDataSource: Error while loading properties. Cause: java.lang.ClassNotFoundException: org.apache.derby.jdbc.EmbeddedDriver
	at com.ibatis.sqlmap.DerbyParameterMapTest.setUp(DerbyParameterMapTest.java:31)
Caused by: java.lang.ClassNotFoundException: org.apache.derby.jdbc.EmbeddedDriver
	at com.ibatis.sqlmap.DerbyParameterMapTest.setUp(DerbyParameterMapTest.java:31)

[ERROR] com.ibatis.sqlmap.DerbyParameterMapTest.testNullValueReplacementInline  Time elapsed: 0.001 s  <<< ERROR!
java.lang.RuntimeException: Error occurred.  Cause: com.ibatis.common.xml.NodeletException: Error parsing XML.  Cause: java.lang.RuntimeException: Error parsing XPath '/sqlMapConfig/transactionManager/dataSource/end()'.  Cause: com.ibatis.sqlmap.client.SqlMapException: Error initializing DataSource.  Could not instantiate DataSourceFactory.  Cause: java.lang.RuntimeException: SimpleDataSource: Error while loading properties. Cause: java.lang.ClassNotFoundException: org.apache.derby.jdbc.EmbeddedDriver
	at com.ibatis.sqlmap.DerbyParameterMapTest.setUp(DerbyParameterMapTest.java:31)
Caused by: com.ibatis.common.xml.NodeletException: Error parsing XML.  Cause: java.lang.RuntimeException: Error parsing XPath '/sqlMapConfig/transactionManager/dataSource/end()'.  Cause: com.ibatis.sqlmap.client.SqlMapException: Error initializing DataSource.  Could not instantiate DataSourceFactory.  Cause: java.lang.RuntimeException: SimpleDataSource: Error while loading properties. Cause: java.lang.ClassNotFoundException: org.apache.derby.jdbc.EmbeddedDriver
	at com.ibatis.sqlmap.DerbyParameterMapTest.setUp(DerbyParameterMapTest.java:31)
Caused by: java.lang.RuntimeException: Error parsing XPath '/sqlMapConfig/transactionManager/dataSource/end()'.  Cause: com.ibatis.sqlmap.client.SqlMapException: Error initializing DataSource.  Could not instantiate DataSourceFactory.  Cause: java.lang.RuntimeException: SimpleDataSource: Error while loading properties. Cause: java.lang.ClassNotFoundException: org.apache.derby.jdbc.EmbeddedDriver
	at com.ibatis.sqlmap.DerbyParameterMapTest.setUp(DerbyParameterMapTest.java:31)
Caused by: com.ibatis.sqlmap.client.SqlMapException: Error initializing DataSource.  Could not instantiate DataSourceFactory.  Cause: java.lang.RuntimeException: SimpleDataSource: Error while loading properties. Cause: java.lang.ClassNotFoundException: org.apache.derby.jdbc.EmbeddedDriver
	at com.ibatis.sqlmap.DerbyParameterMapTest.setUp(DerbyParameterMapTest.java:31)
Caused by: java.lang.RuntimeException: SimpleDataSource: Error while loading properties. Cause: java.lang.ClassNotFoundException: org.apache.derby.jdbc.EmbeddedDriver
	at com.ibatis.sqlmap.DerbyParameterMapTest.setUp(DerbyParameterMapTest.java:31)
Caused by: java.lang.ClassNotFoundException: org.apache.derby.jdbc.EmbeddedDriver
	at com.ibatis.sqlmap.DerbyParameterMapTest.setUp(DerbyParameterMapTest.java:31)

[ERROR] com.ibatis.sqlmap.DerbyParameterMapTest.testSpecifiedType  Time elapsed: 0.001 s  <<< ERROR!
java.lang.RuntimeException: Error occurred.  Cause: com.ibatis.common.xml.NodeletException: Error parsing XML.  Cause: java.lang.RuntimeException: Error parsing XPath '/sqlMapConfig/transactionManager/dataSource/end()'.  Cause: com.ibatis.sqlmap.client.SqlMapException: Error initializing DataSource.  Could not instantiate DataSourceFactory.  Cause: java.lang.RuntimeException: SimpleDataSource: Error while loading properties. Cause: java.lang.ClassNotFoundException: org.apache.derby.jdbc.EmbeddedDriver
	at com.ibatis.sqlmap.DerbyParameterMapTest.setUp(DerbyParameterMapTest.java:31)
Caused by: com.ibatis.common.xml.NodeletException: Error parsing XML.  Cause: java.lang.RuntimeException: Error parsing XPath '/sqlMapConfig/transactionManager/dataSource/end()'.  Cause: com.ibatis.sqlmap.client.SqlMapException: Error initializing DataSource.  Could not instantiate DataSourceFactory.  Cause: java.lang.RuntimeException: SimpleDataSource: Error while loading properties. Cause: java.lang.ClassNotFoundException: org.apache.derby.jdbc.EmbeddedDriver
	at com.ibatis.sqlmap.DerbyParameterMapTest.setUp(DerbyParameterMapTest.java:31)
Caused by: java.lang.RuntimeException: Error parsing XPath '/sqlMapConfig/transactionManager/dataSource/end()'.  Cause: com.ibatis.sqlmap.client.SqlMapException: Error initializing DataSource.  Could not instantiate DataSourceFactory.  Cause: java.lang.RuntimeException: SimpleDataSource: Error while loading properties. Cause: java.lang.ClassNotFoundException: org.apache.derby.jdbc.EmbeddedDriver
	at com.ibatis.sqlmap.DerbyParameterMapTest.setUp(DerbyParameterMapTest.java:31)
Caused by: com.ibatis.sqlmap.client.SqlMapException: Error initializing DataSource.  Could not instantiate DataSourceFactory.  Cause: java.lang.RuntimeException: SimpleDataSource: Error while loading properties. Cause: java.lang.ClassNotFoundException: org.apache.derby.jdbc.EmbeddedDriver
	at com.ibatis.sqlmap.DerbyParameterMapTest.setUp(DerbyParameterMapTest.java:31)
Caused by: java.lang.RuntimeException: SimpleDataSource: Error while loading properties. Cause: java.lang.ClassNotFoundException: org.apache.derby.jdbc.EmbeddedDriver
	at com.ibatis.sqlmap.DerbyParameterMapTest.setUp(DerbyParameterMapTest.java:31)
Caused by: java.lang.ClassNotFoundException: org.apache.derby.jdbc.EmbeddedDriver
	at com.ibatis.sqlmap.DerbyParameterMapTest.setUp(DerbyParameterMapTest.java:31)

[ERROR] com.ibatis.sqlmap.DerbyParameterMapTest.testNullValueReplacementInlineWithDynamic  Time elapsed: 0.001 s  <<< ERROR!
java.lang.RuntimeException: Error occurred.  Cause: com.ibatis.common.xml.NodeletException: Error parsing XML.  Cause: java.lang.RuntimeException: Error parsing XPath '/sqlMapConfig/transactionManager/dataSource/end()'.  Cause: com.ibatis.sqlmap.client.SqlMapException: Error initializing DataSource.  Could not instantiate DataSourceFactory.  Cause: java.lang.RuntimeException: SimpleDataSource: Error while loading properties. Cause: java.lang.ClassNotFoundException: org.apache.derby.jdbc.EmbeddedDriver
	at com.ibatis.sqlmap.DerbyParameterMapTest.setUp(DerbyParameterMapTest.java:31)
Caused by: com.ibatis.common.xml.NodeletException: Error parsing XML.  Cause: java.lang.RuntimeException: Error parsing XPath '/sqlMapConfig/transactionManager/dataSource/end()'.  Cause: com.ibatis.sqlmap.client.SqlMapException: Error initializing DataSource.  Could not instantiate DataSourceFactory.  Cause: java.lang.RuntimeException: SimpleDataSource: Error while loading properties. Cause: java.lang.ClassNotFoundException: org.apache.derby.jdbc.EmbeddedDriver
	at com.ibatis.sqlmap.DerbyParameterMapTest.setUp(DerbyParameterMapTest.java:31)
Caused by: java.lang.RuntimeException: Error parsing XPath '/sqlMapConfig/transactionManager/dataSource/end()'.  Cause: com.ibatis.sqlmap.client.SqlMapException: Error initializing DataSource.  Could not instantiate DataSourceFactory.  Cause: java.lang.RuntimeException: SimpleDataSource: Error while loading properties. Cause: java.lang.ClassNotFoundException: org.apache.derby.jdbc.EmbeddedDriver
	at com.ibatis.sqlmap.DerbyParameterMapTest.setUp(DerbyParameterMapTest.java:31)
Caused by: com.ibatis.sqlmap.client.SqlMapException: Error initializing DataSource.  Could not instantiate DataSourceFactory.  Cause: java.lang.RuntimeException: SimpleDataSource: Error while loading properties. Cause: java.lang.ClassNotFoundException: org.apache.derby.jdbc.EmbeddedDriver
	at com.ibatis.sqlmap.DerbyParameterMapTest.setUp(DerbyParameterMapTest.java:31)
Caused by: java.lang.RuntimeException: SimpleDataSource: Error while loading properties. Cause: java.lang.ClassNotFoundException: org.apache.derby.jdbc.EmbeddedDriver
	at com.ibatis.sqlmap.DerbyParameterMapTest.setUp(DerbyParameterMapTest.java:31)
Caused by: java.lang.ClassNotFoundException: org.apache.derby.jdbc.EmbeddedDriver
	at com.ibatis.sqlmap.DerbyParameterMapTest.setUp(DerbyParameterMapTest.java:31)

[ERROR] com.ibatis.sqlmap.DerbyParameterMapTest.testUnknownParameterClass  Time elapsed: 0.002 s  <<< ERROR!
java.lang.RuntimeException: Error occurred.  Cause: com.ibatis.common.xml.NodeletException: Error parsing XML.  Cause: java.lang.RuntimeException: Error parsing XPath '/sqlMapConfig/transactionManager/dataSource/end()'.  Cause: com.ibatis.sqlmap.client.SqlMapException: Error initializing DataSource.  Could not instantiate DataSourceFactory.  Cause: java.lang.RuntimeException: SimpleDataSource: Error while loading properties. Cause: java.lang.ClassNotFoundException: org.apache.derby.jdbc.EmbeddedDriver
	at com.ibatis.sqlmap.DerbyParameterMapTest.setUp(DerbyParameterMapTest.java:31)
Caused by: com.ibatis.common.xml.NodeletException: Error parsing XML.  Cause: java.lang.RuntimeException: Error parsing XPath '/sqlMapConfig/transactionManager/dataSource/end()'.  Cause: com.ibatis.sqlmap.client.SqlMapException: Error initializing DataSource.  Could not instantiate DataSourceFactory.  Cause: java.lang.RuntimeException: SimpleDataSource: Error while loading properties. Cause: java.lang.ClassNotFoundException: org.apache.derby.jdbc.EmbeddedDriver
	at com.ibatis.sqlmap.DerbyParameterMapTest.setUp(DerbyParameterMapTest.java:31)
Caused by: java.lang.RuntimeException: Error parsing XPath '/sqlMapConfig/transactionManager/dataSource/end()'.  Cause: com.ibatis.sqlmap.client.SqlMapException: Error initializing DataSource.  Could not instantiate DataSourceFactory.  Cause: java.lang.RuntimeException: SimpleDataSource: Error while loading properties. Cause: java.lang.ClassNotFoundException: org.apache.derby.jdbc.EmbeddedDriver
	at com.ibatis.sqlmap.DerbyParameterMapTest.setUp(DerbyParameterMapTest.java:31)
Caused by: com.ibatis.sqlmap.client.SqlMapException: Error initializing DataSource.  Could not instantiate DataSourceFactory.  Cause: java.lang.RuntimeException: SimpleDataSource: Error while loading properties. Cause: java.lang.ClassNotFoundException: org.apache.derby.jdbc.EmbeddedDriver
	at com.ibatis.sqlmap.DerbyParameterMapTest.setUp(DerbyParameterMapTest.java:31)
Caused by: java.lang.RuntimeException: SimpleDataSource: Error while loading properties. Cause: java.lang.ClassNotFoundException: org.apache.derby.jdbc.EmbeddedDriver
	at com.ibatis.sqlmap.DerbyParameterMapTest.setUp(DerbyParameterMapTest.java:31)
Caused by: java.lang.ClassNotFoundException: org.apache.derby.jdbc.EmbeddedDriver
	at com.ibatis.sqlmap.DerbyParameterMapTest.setUp(DerbyParameterMapTest.java:31)

[ERROR] com.ibatis.sqlmap.DerbyParameterMapTest.testNullParameter  Time elapsed: 0.002 s  <<< ERROR!
java.lang.RuntimeException: Error occurred.  Cause: com.ibatis.common.xml.NodeletException: Error parsing XML.  Cause: java.lang.RuntimeException: Error parsing XPath '/sqlMapConfig/transactionManager/dataSource/end()'.  Cause: com.ibatis.sqlmap.client.SqlMapException: Error initializing DataSource.  Could not instantiate DataSourceFactory.  Cause: java.lang.RuntimeException: SimpleDataSource: Error while loading properties. Cause: java.lang.ClassNotFoundException: org.apache.derby.jdbc.EmbeddedDriver
	at com.ibatis.sqlmap.DerbyParameterMapTest.setUp(DerbyParameterMapTest.java:31)
Caused by: com.ibatis.common.xml.NodeletException: Error parsing XML.  Cause: java.lang.RuntimeException: Error parsing XPath '/sqlMapConfig/transactionManager/dataSource/end()'.  Cause: com.ibatis.sqlmap.client.SqlMapException: Error initializing DataSource.  Could not instantiate DataSourceFactory.  Cause: java.lang.RuntimeException: SimpleDataSource: Error while loading properties. Cause: java.lang.ClassNotFoundException: org.apache.derby.jdbc.EmbeddedDriver
	at com.ibatis.sqlmap.DerbyParameterMapTest.setUp(DerbyParameterMapTest.java:31)
Caused by: java.lang.RuntimeException: Error parsing XPath '/sqlMapConfig/transactionManager/dataSource/end()'.  Cause: com.ibatis.sqlmap.client.SqlMapException: Error initializing DataSource.  Could not instantiate DataSourceFactory.  Cause: java.lang.RuntimeException: SimpleDataSource: Error while loading properties. Cause: java.lang.ClassNotFoundException: org.apache.derby.jdbc.EmbeddedDriver
	at com.ibatis.sqlmap.DerbyParameterMapTest.setUp(DerbyParameterMapTest.java:31)
Caused by: com.ibatis.sqlmap.client.SqlMapException: Error initializing DataSource.  Could not instantiate DataSourceFactory.  Cause: java.lang.RuntimeException: SimpleDataSource: Error while loading properties. Cause: java.lang.ClassNotFoundException: org.apache.derby.jdbc.EmbeddedDriver
	at com.ibatis.sqlmap.DerbyParameterMapTest.setUp(DerbyParameterMapTest.java:31)
Caused by: java.lang.RuntimeException: SimpleDataSource: Error while loading properties. Cause: java.lang.ClassNotFoundException: org.apache.derby.jdbc.EmbeddedDriver
	at com.ibatis.sqlmap.DerbyParameterMapTest.setUp(DerbyParameterMapTest.java:31)
Caused by: java.lang.ClassNotFoundException: org.apache.derby.jdbc.EmbeddedDriver
	at com.ibatis.sqlmap.DerbyParameterMapTest.setUp(DerbyParameterMapTest.java:31)

[ERROR] com.ibatis.sqlmap.DerbyParameterMapTest.testNullValueReplacementMap  Time elapsed: 0.001 s  <<< ERROR!
java.lang.RuntimeException: Error occurred.  Cause: com.ibatis.common.xml.NodeletException: Error parsing XML.  Cause: java.lang.RuntimeException: Error parsing XPath '/sqlMapConfig/transactionManager/dataSource/end()'.  Cause: com.ibatis.sqlmap.client.SqlMapException: Error initializing DataSource.  Could not instantiate DataSourceFactory.  Cause: java.lang.RuntimeException: SimpleDataSource: Error while loading properties. Cause: java.lang.ClassNotFoundException: org.apache.derby.jdbc.EmbeddedDriver
	at com.ibatis.sqlmap.DerbyParameterMapTest.setUp(DerbyParameterMapTest.java:31)
Caused by: com.ibatis.common.xml.NodeletException: Error parsing XML.  Cause: java.lang.RuntimeException: Error parsing XPath '/sqlMapConfig/transactionManager/dataSource/end()'.  Cause: com.ibatis.sqlmap.client.SqlMapException: Error initializing DataSource.  Could not instantiate DataSourceFactory.  Cause: java.lang.RuntimeException: SimpleDataSource: Error while loading properties. Cause: java.lang.ClassNotFoundException: org.apache.derby.jdbc.EmbeddedDriver
	at com.ibatis.sqlmap.DerbyParameterMapTest.setUp(DerbyParameterMapTest.java:31)
Caused by: java.lang.RuntimeException: Error parsing XPath '/sqlMapConfig/transactionManager/dataSource/end()'.  Cause: com.ibatis.sqlmap.client.SqlMapException: Error initializing DataSource.  Could not instantiate DataSourceFactory.  Cause: java.lang.RuntimeException: SimpleDataSource: Error while loading properties. Cause: java.lang.ClassNotFoundException: org.apache.derby.jdbc.EmbeddedDriver
	at com.ibatis.sqlmap.DerbyParameterMapTest.setUp(DerbyParameterMapTest.java:31)
Caused by: com.ibatis.sqlmap.client.SqlMapException: Error initializing DataSource.  Could not instantiate DataSourceFactory.  Cause: java.lang.RuntimeException: SimpleDataSource: Error while loading properties. Cause: java.lang.ClassNotFoundException: org.apache.derby.jdbc.EmbeddedDriver
	at com.ibatis.sqlmap.DerbyParameterMapTest.setUp(DerbyParameterMapTest.java:31)
Caused by: java.lang.RuntimeException: SimpleDataSource: Error while loading properties. Cause: java.lang.ClassNotFoundException: org.apache.derby.jdbc.EmbeddedDriver
	at com.ibatis.sqlmap.DerbyParameterMapTest.setUp(DerbyParameterMapTest.java:31)
Caused by: java.lang.ClassNotFoundException: org.apache.derby.jdbc.EmbeddedDriver
	at com.ibatis.sqlmap.DerbyParameterMapTest.setUp(DerbyParameterMapTest.java:31)

[ERROR] com.ibatis.sqlmap.DerbyParameterMapTest.testNullParameter2  Time elapsed: 0.001 s  <<< ERROR!
java.lang.RuntimeException: Error occurred.  Cause: com.ibatis.common.xml.NodeletException: Error parsing XML.  Cause: java.lang.RuntimeException: Error parsing XPath '/sqlMapConfig/transactionManager/dataSource/end()'.  Cause: com.ibatis.sqlmap.client.SqlMapException: Error initializing DataSource.  Could not instantiate DataSourceFactory.  Cause: java.lang.RuntimeException: SimpleDataSource: Error while loading properties. Cause: java.lang.ClassNotFoundException: org.apache.derby.jdbc.EmbeddedDriver
	at com.ibatis.sqlmap.DerbyParameterMapTest.setUp(DerbyParameterMapTest.java:31)
Caused by: com.ibatis.common.xml.NodeletException: Error parsing XML.  Cause: java.lang.RuntimeException: Error parsing XPath '/sqlMapConfig/transactionManager/dataSource/end()'.  Cause: com.ibatis.sqlmap.client.SqlMapException: Error initializing DataSource.  Could not instantiate DataSourceFactory.  Cause: java.lang.RuntimeException: SimpleDataSource: Error while loading properties. Cause: java.lang.ClassNotFoundException: org.apache.derby.jdbc.EmbeddedDriver
	at com.ibatis.sqlmap.DerbyParameterMapTest.setUp(DerbyParameterMapTest.java:31)
Caused by: java.lang.RuntimeException: Error parsing XPath '/sqlMapConfig/transactionManager/dataSource/end()'.  Cause: com.ibatis.sqlmap.client.SqlMapException: Error initializing DataSource.  Could not instantiate DataSourceFactory.  Cause: java.lang.RuntimeException: SimpleDataSource: Error while loading properties. Cause: java.lang.ClassNotFoundException: org.apache.derby.jdbc.EmbeddedDriver
	at com.ibatis.sqlmap.DerbyParameterMapTest.setUp(DerbyParameterMapTest.java:31)
Caused by: com.ibatis.sqlmap.client.SqlMapException: Error initializing DataSource.  Could not instantiate DataSourceFactory.  Cause: java.lang.RuntimeException: SimpleDataSource: Error while loading properties. Cause: java.lang.ClassNotFoundException: org.apache.derby.jdbc.EmbeddedDriver
	at com.ibatis.sqlmap.DerbyParameterMapTest.setUp(DerbyParameterMapTest.java:31)
Caused by: java.lang.RuntimeException: SimpleDataSource: Error while loading properties. Cause: java.lang.ClassNotFoundException: org.apache.derby.jdbc.EmbeddedDriver
	at com.ibatis.sqlmap.DerbyParameterMapTest.setUp(DerbyParameterMapTest.java:31)
Caused by: java.lang.ClassNotFoundException: org.apache.derby.jdbc.EmbeddedDriver
	at com.ibatis.sqlmap.DerbyParameterMapTest.setUp(DerbyParameterMapTest.java:31)

[INFO] Running com.ibatis.common.util.PaginatedArrayListTest
[INFO] Tests run: 3, Failures: 0, Errors: 0, Skipped: 0, Time elapsed: 0.001 s - in com.ibatis.common.util.PaginatedArrayListTest
[INFO] Running com.ibatis.common.xml.NodeletUtilsTest
[INFO] Tests run: 3, Failures: 0, Errors: 0, Skipped: 0, Time elapsed: 0.001 s - in com.ibatis.common.xml.NodeletUtilsTest
[INFO] Running com.ibatis.common.resources.ResourcesTest
[INFO] Tests run: 17, Failures: 0, Errors: 0, Skipped: 0, Time elapsed: 0.014 s - in com.ibatis.common.resources.ResourcesTest
[INFO] Running com.ibatis.common.beans.ComplexBeanProbeTest
[INFO] Tests run: 1, Failures: 0, Errors: 0, Skipped: 0, Time elapsed: 0.002 s - in com.ibatis.common.beans.ComplexBeanProbeTest
[INFO] Running com.ibatis.common.beans.PropertyAccessPlanTest
[INFO] Tests run: 1, Failures: 0, Errors: 0, Skipped: 0, Time elapsed: 0.001 s - in com.ibatis.common.beans.PropertyAccessPlanTest
[INFO] Running com.ibatis.common.beans.BadBeanTest
[INFO] Tests run: 6, Failures: 0, Errors: 0, Skipped: 0, Time elapsed: 0.005 s - in com.ibatis.common.beans.BadBeanTest
[INFO] Running com.ibatis.common.beans.JavaBeanProbeTest
[INFO] Tests run: 5, Failures: 0, Errors: 0, Skipped: 0, Time elapsed: 0.002 s - in com.ibatis.common.beans.JavaBeanProbeTest
[INFO] Running threads.RemapResultsThreadTest
[INFO] Tests run: 2, Failures: 0, Errors: 0, Skipped: 0, Time elapsed: 20.01 s - in threads.RemapResultsThreadTest
[INFO] 
[INFO] Results:
[INFO] 
[ERROR] Errors: 
[ERROR]   DerbyParameterMapTest.setUp:31->BaseSqlMapTest.initSqlMap:45  Runtime Error o...
[ERROR]   DerbyParameterMapTest.setUp:31->BaseSqlMapTest.initSqlMap:45  Runtime Error o...
[ERROR]   DerbyParameterMapTest.setUp:31->BaseSqlMapTest.initSqlMap:45  Runtime Error o...
[ERROR]   DerbyParameterMapTest.setUp:31->BaseSqlMapTest.initSqlMap:45  Runtime Error o...
[ERROR]   DerbyParameterMapTest.setUp:31->BaseSqlMapTest.initSqlMap:45  Runtime Error o...
[ERROR]   DerbyParameterMapTest.setUp:31->BaseSqlMapTest.initSqlMap:45  Runtime Error o...
[ERROR]   DerbyParameterMapTest.setUp:31->BaseSqlMapTest.initSqlMap:45  Runtime Error o...
[ERROR]   DerbyParameterMapTest.setUp:31->BaseSqlMapTest.initSqlMap:45  Runtime Error o...
[ERROR]   MultiResultSetTest.setUp:39->BaseSqlMapTest.initSqlMap:45  Runtime Error occu...
[ERROR]   MultiResultSetTest.setUp:39->BaseSqlMapTest.initSqlMap:45  Runtime Error occu...
[ERROR]   MultiResultSetTest.setUp:39->BaseSqlMapTest.initSqlMap:45  Runtime Error occu...
[ERROR]   MultiResultSetTest.setUp:39->BaseSqlMapTest.initSqlMap:45  Runtime Error occu...
[INFO] 
[ERROR] Tests run: 283, Failures: 0, Errors: 12, Skipped: 0
[INFO] 
[INFO] ------------------------------------------------------------------------
[INFO] BUILD FAILURE
[INFO] ------------------------------------------------------------------------
[INFO] Total time:  34.704 s
[INFO] Finished at: 2023-01-13T20:26:45Z
[INFO] ------------------------------------------------------------------------
[ERROR] Failed to execute goal org.apache.maven.plugins:maven-surefire-plugin:3.0.0-M5:test (default-test) on project mybatis2: There are test failures.
[ERROR] 
[ERROR] Please refer to /home/gabsko/breaking-updates/target/surefire-reports for the individual test results.
[ERROR] Please refer to dump files (if any exist) [date].dump, [date]-jvmRun[N].dump and [date].dumpstream.
[ERROR] -> [Help 1]
[ERROR] 
[ERROR] To see the full stack trace of the errors, re-run Maven with the -e switch.
[ERROR] Re-run Maven using the -X switch to enable full debug logging.
[ERROR] 
[ERROR] For more information about the errors and possible solutions, please read the following articles:
[ERROR] [Help 1] http://cwiki.apache.org/confluence/display/MAVEN/MojoFailureException
