[INFO] Scanning for projects...
[INFO] ------------------------------------------------------------------------
[INFO] Reactor Build Order:
[INFO] 
[INFO] messaging-services                                                 [pom]
[INFO] core                                                               [jar]
[INFO] messaging                                                          [jar]
[INFO] clearinghouse                                                      [jar]
[INFO] broker                                                             [jar]
[INFO] vocol                                                              [jar]
[INFO] paris                                                              [jar]
[INFO] appstore                                                           [jar]
[INFO] 
[INFO] -----------< de.fraunhofer.ids.messaging:messaging-services >-----------
[INFO] Building messaging-services 5.2.0                                  [1/8]
[INFO] --------------------------------[ pom ]---------------------------------
[INFO] 
[INFO] --- maven-clean-plugin:2.5:clean (default-clean) @ messaging-services ---
[INFO] 
[INFO] --- flatten-maven-plugin:1.2.7:clean (flatten.clean) @ messaging-services ---
[INFO] Deleting /home/gabsko/breaking-updates/.flattened-pom.xml
[INFO] 
[INFO] --- flatten-maven-plugin:1.2.7:flatten (flatten) @ messaging-services ---
[INFO] Generating flattened POM of project de.fraunhofer.ids.messaging:messaging-services:pom:5.2.0...
[INFO] 
[INFO] ------------------< de.fraunhofer.ids.messaging:core >------------------
[INFO] Building core 5.2.0                                                [2/8]
[INFO] --------------------------------[ jar ]---------------------------------
[INFO] 
[INFO] --- maven-clean-plugin:2.5:clean (default-clean) @ core ---
[INFO] Deleting /home/gabsko/breaking-updates/core/target
[INFO] 
[INFO] --- flatten-maven-plugin:1.2.7:clean (flatten.clean) @ core ---
[INFO] Deleting /home/gabsko/breaking-updates/core/.flattened-pom.xml
[INFO] 
[INFO] --- maven-resources-plugin:2.6:resources (default-resources) @ core ---
[INFO] Using 'UTF-8' encoding to copy filtered resources.
[INFO] skip non existing resourceDirectory /home/gabsko/breaking-updates/core/src/main/resources
[INFO] 
[INFO] --- flatten-maven-plugin:1.2.7:flatten (flatten) @ core ---
[INFO] Generating flattened POM of project de.fraunhofer.ids.messaging:core:jar:5.2.0...
[INFO] 
[INFO] --- maven-compiler-plugin:3.8.1:compile (default-compile) @ core ---
[INFO] Changes detected - recompiling the module!
[INFO] Compiling 36 source files to /home/gabsko/breaking-updates/core/target/classes
[INFO] /home/gabsko/breaking-updates/core/src/main/java/de/fraunhofer/ids/messaging/core/config/ConfigProducer.java: /home/gabsko/breaking-updates/core/src/main/java/de/fraunhofer/ids/messaging/core/config/ConfigProducer.java uses or overrides a deprecated API.
[INFO] /home/gabsko/breaking-updates/core/src/main/java/de/fraunhofer/ids/messaging/core/config/ConfigProducer.java: Recompile with -Xlint:deprecation for details.
[INFO] 
[INFO] --- maven-resources-plugin:2.6:testResources (default-testResources) @ core ---
[INFO] Using 'UTF-8' encoding to copy filtered resources.
[INFO] Copying 4 resources
[INFO] 
[INFO] --- maven-compiler-plugin:3.8.1:testCompile (default-testCompile) @ core ---
[INFO] Changes detected - recompiling the module!
[INFO] Compiling 6 source files to /home/gabsko/breaking-updates/core/target/test-classes
[INFO] /home/gabsko/breaking-updates/core/src/test/java/de/fraunhofer/ids/messaging/core/config/PreConfigInterceptor.java: /home/gabsko/breaking-updates/core/src/test/java/de/fraunhofer/ids/messaging/core/config/PreConfigInterceptor.java uses or overrides a deprecated API.
[INFO] /home/gabsko/breaking-updates/core/src/test/java/de/fraunhofer/ids/messaging/core/config/PreConfigInterceptor.java: Recompile with -Xlint:deprecation for details.
[INFO] 
[INFO] --- maven-surefire-plugin:2.19.1:test (default-test) @ core ---

-------------------------------------------------------
 T E S T S
-------------------------------------------------------
Running de.fraunhofer.ids.messaging.core.config.ConfigProducerTest
16:13:50.452 [main] DEBUG org.springframework.test.context.BootstrapUtils - Instantiating CacheAwareContextLoaderDelegate from class [org.springframework.test.context.cache.DefaultCacheAwareContextLoaderDelegate]
16:13:50.459 [main] DEBUG org.springframework.test.context.BootstrapUtils - Instantiating BootstrapContext using constructor [public org.springframework.test.context.support.DefaultBootstrapContext(java.lang.Class,org.springframework.test.context.CacheAwareContextLoaderDelegate)]
16:13:50.488 [main] DEBUG org.springframework.test.context.BootstrapUtils - Instantiating TestContextBootstrapper for test class [de.fraunhofer.ids.messaging.core.config.ConfigProducerTest] from class [org.springframework.boot.test.context.SpringBootTestContextBootstrapper]
16:13:50.496 [main] INFO org.springframework.boot.test.context.SpringBootTestContextBootstrapper - Neither @ContextConfiguration nor @ContextHierarchy found for test class [de.fraunhofer.ids.messaging.core.config.ConfigProducerTest], using SpringBootContextLoader
16:13:50.498 [main] DEBUG org.springframework.test.context.support.AbstractContextLoader - Did not detect default resource location for test class [de.fraunhofer.ids.messaging.core.config.ConfigProducerTest]: class path resource [de/fraunhofer/ids/messaging/core/config/ConfigProducerTest-context.xml] does not exist
16:13:50.499 [main] DEBUG org.springframework.test.context.support.AbstractContextLoader - Did not detect default resource location for test class [de.fraunhofer.ids.messaging.core.config.ConfigProducerTest]: class path resource [de/fraunhofer/ids/messaging/core/config/ConfigProducerTestContext.groovy] does not exist
16:13:50.499 [main] INFO org.springframework.test.context.support.AbstractContextLoader - Could not detect default resource locations for test class [de.fraunhofer.ids.messaging.core.config.ConfigProducerTest]: no resource found for suffixes {-context.xml, Context.groovy}.
16:13:50.528 [main] DEBUG org.springframework.test.context.support.ActiveProfilesUtils - Could not find an 'annotation declaring class' for annotation type [org.springframework.test.context.ActiveProfiles] and class [de.fraunhofer.ids.messaging.core.config.ConfigProducerTest]
16:13:50.625 [main] DEBUG org.springframework.boot.test.context.SpringBootTestContextBootstrapper - @TestExecutionListeners is not present for class [de.fraunhofer.ids.messaging.core.config.ConfigProducerTest]: using defaults.
16:13:50.626 [main] INFO org.springframework.boot.test.context.SpringBootTestContextBootstrapper - Loaded default TestExecutionListener class names from location [META-INF/spring.factories]: [org.springframework.boot.test.mock.mockito.MockitoTestExecutionListener, org.springframework.boot.test.mock.mockito.ResetMocksTestExecutionListener, org.springframework.boot.test.autoconfigure.restdocs.RestDocsTestExecutionListener, org.springframework.boot.test.autoconfigure.web.client.MockRestServiceServerResetTestExecutionListener, org.springframework.boot.test.autoconfigure.web.servlet.MockMvcPrintOnlyOnFailureTestExecutionListener, org.springframework.boot.test.autoconfigure.web.servlet.WebDriverTestExecutionListener, org.springframework.boot.test.autoconfigure.webservices.client.MockWebServiceServerTestExecutionListener, org.springframework.test.context.web.ServletTestExecutionListener, org.springframework.test.context.support.DirtiesContextBeforeModesTestExecutionListener, org.springframework.test.context.event.ApplicationEventsTestExecutionListener, org.springframework.test.context.support.DependencyInjectionTestExecutionListener, org.springframework.test.context.support.DirtiesContextTestExecutionListener, org.springframework.test.context.transaction.TransactionalTestExecutionListener, org.springframework.test.context.jdbc.SqlScriptsTestExecutionListener, org.springframework.test.context.event.EventPublishingTestExecutionListener]
16:13:50.632 [main] DEBUG org.springframework.boot.test.context.SpringBootTestContextBootstrapper - Skipping candidate TestExecutionListener [org.springframework.test.context.web.ServletTestExecutionListener] due to a missing dependency. Specify custom listener classes or make the default listener classes and their required dependencies available. Offending class: [org/springframework/web/context/request/RequestAttributes]
16:13:50.634 [main] DEBUG org.springframework.boot.test.context.SpringBootTestContextBootstrapper - Skipping candidate TestExecutionListener [org.springframework.test.context.transaction.TransactionalTestExecutionListener] due to a missing dependency. Specify custom listener classes or make the default listener classes and their required dependencies available. Offending class: [org/springframework/transaction/interceptor/TransactionAttributeSource]
16:13:50.634 [main] DEBUG org.springframework.boot.test.context.SpringBootTestContextBootstrapper - Skipping candidate TestExecutionListener [org.springframework.test.context.jdbc.SqlScriptsTestExecutionListener] due to a missing dependency. Specify custom listener classes or make the default listener classes and their required dependencies available. Offending class: [org/springframework/transaction/interceptor/TransactionAttribute]
16:13:50.634 [main] INFO org.springframework.boot.test.context.SpringBootTestContextBootstrapper - Using TestExecutionListeners: [org.springframework.test.context.support.DirtiesContextBeforeModesTestExecutionListener@407a7f2a, org.springframework.test.context.event.ApplicationEventsTestExecutionListener@4ea5b703, org.springframework.boot.test.mock.mockito.MockitoTestExecutionListener@2a7ed1f, org.springframework.boot.test.autoconfigure.SpringBootDependencyInjectionTestExecutionListener@3fa247d1, org.springframework.test.context.support.DirtiesContextTestExecutionListener@2cb2fc20, org.springframework.test.context.event.EventPublishingTestExecutionListener@4f4c4b1a, org.springframework.boot.test.mock.mockito.ResetMocksTestExecutionListener@723e88f9, org.springframework.boot.test.autoconfigure.restdocs.RestDocsTestExecutionListener@5f0fd5a0, org.springframework.boot.test.autoconfigure.web.client.MockRestServiceServerResetTestExecutionListener@64e7619d, org.springframework.boot.test.autoconfigure.web.servlet.MockMvcPrintOnlyOnFailureTestExecutionListener@495ee280, org.springframework.boot.test.autoconfigure.web.servlet.WebDriverTestExecutionListener@4fa1c212, org.springframework.boot.test.autoconfigure.webservices.client.MockWebServiceServerTestExecutionListener@6ea2bc93]
16:13:50.636 [main] DEBUG org.springframework.test.context.support.AbstractDirtiesContextTestExecutionListener - Before test class: context [DefaultTestContext@6736fa8d testClass = ConfigProducerTest, testInstance = [null], testMethod = [null], testException = [null], mergedContextConfiguration = [MergedContextConfiguration@52815fa3 testClass = ConfigProducerTest, locations = '{}', classes = '{class de.fraunhofer.ids.messaging.core.config.TestSpringApp}', contextInitializerClasses = '[]', activeProfiles = '{}', propertySourceLocations = '{classpath:application.properties}', propertySourceProperties = '{org.springframework.boot.test.context.SpringBootTestContextBootstrapper=true}', contextCustomizers = set[org.springframework.boot.test.context.filter.ExcludeFilterContextCustomizer@4cc8eb05, org.springframework.boot.test.json.DuplicateJsonObjectContextCustomizerFactory$DuplicateJsonObjectContextCustomizer@1f97cf0d, org.springframework.boot.test.mock.mockito.MockitoContextCustomizer@0, org.springframework.boot.test.web.client.TestRestTemplateContextCustomizer@378542de, org.springframework.boot.test.autoconfigure.actuate.metrics.MetricsExportContextCustomizerFactory$DisableMetricExportContextCustomizer@4e7912d8, org.springframework.boot.test.autoconfigure.properties.PropertyMappingContextCustomizer@0, org.springframework.boot.test.autoconfigure.web.servlet.WebDriverContextCustomizerFactory$Customizer@1cbb87f3, org.springframework.boot.test.context.SpringBootTestArgs@1, org.springframework.boot.test.context.SpringBootTestWebEnvironment@578486a3], contextLoader = 'org.springframework.boot.test.context.SpringBootContextLoader', parent = [null]], attributes = map[[empty]]], class annotated with @DirtiesContext [false] with mode [null].
16:13:50.645 [main] DEBUG org.springframework.test.context.support.DependencyInjectionTestExecutionListener - Performing dependency injection for test context [[DefaultTestContext@6736fa8d testClass = ConfigProducerTest, testInstance = de.fraunhofer.ids.messaging.core.config.ConfigProducerTest@704deff2, testMethod = [null], testException = [null], mergedContextConfiguration = [MergedContextConfiguration@52815fa3 testClass = ConfigProducerTest, locations = '{}', classes = '{class de.fraunhofer.ids.messaging.core.config.TestSpringApp}', contextInitializerClasses = '[]', activeProfiles = '{}', propertySourceLocations = '{classpath:application.properties}', propertySourceProperties = '{org.springframework.boot.test.context.SpringBootTestContextBootstrapper=true}', contextCustomizers = set[org.springframework.boot.test.context.filter.ExcludeFilterContextCustomizer@4cc8eb05, org.springframework.boot.test.json.DuplicateJsonObjectContextCustomizerFactory$DuplicateJsonObjectContextCustomizer@1f97cf0d, org.springframework.boot.test.mock.mockito.MockitoContextCustomizer@0, org.springframework.boot.test.web.client.TestRestTemplateContextCustomizer@378542de, org.springframework.boot.test.autoconfigure.actuate.metrics.MetricsExportContextCustomizerFactory$DisableMetricExportContextCustomizer@4e7912d8, org.springframework.boot.test.autoconfigure.properties.PropertyMappingContextCustomizer@0, org.springframework.boot.test.autoconfigure.web.servlet.WebDriverContextCustomizerFactory$Customizer@1cbb87f3, org.springframework.boot.test.context.SpringBootTestArgs@1, org.springframework.boot.test.context.SpringBootTestWebEnvironment@578486a3], contextLoader = 'org.springframework.boot.test.context.SpringBootContextLoader', parent = [null]], attributes = map['org.springframework.test.context.event.ApplicationEventsTestExecutionListener.recordApplicationEvents' -> false]]].
16:13:50.665 [main] DEBUG org.springframework.boot.ApplicationEnvironment - Activating profiles []
16:13:50.669 [main] DEBUG org.springframework.test.context.support.TestPropertySourceUtils - Adding inlined properties to environment: {spring.jmx.enabled=false, org.springframework.boot.test.context.SpringBootTestContextBootstrapper=true}

  .   ____          _            __ _ _
 /\\ / ___'_ __ _ _(_)_ __  __ _ \ \ \ \
( ( )\___ | '_ | '_| | '_ \/ _` | \ \ \ \
 \\/  ___)| |_)| | | | | || (_| |  ) ) ) )
  '  |____| .__|_| |_|_| |_\__, | / / / /
 =========|_|==============|___/=/_/_/_/
 :: Spring Boot ::                (v2.6.0)

2023-01-16 16:13:50.920  INFO 10720 --- [           main] d.f.i.m.core.config.ConfigProducerTest   : Starting ConfigProducerTest using Java 11.0.17 on repairnator with PID 10720 (started by gabsko in /home/gabsko/breaking-updates/core)
2023-01-16 16:13:50.921  INFO 10720 --- [           main] d.f.i.m.core.config.ConfigProducerTest   : No active profile set, falling back to default profiles: default
2023-01-16 16:13:51.388  INFO 10720 --- [           main] d.f.i.m.c.config.PreConfigInterceptor    : Intercepting loading of configuration!
2023-01-16 16:13:51.388  INFO 10720 --- [           main] d.f.i.m.c.config.PreConfigInterceptor    : Loading config from classpath: configmodel.json
2023-01-16 16:13:51.393  INFO 10720 --- [           main] d.f.i.m.c.config.PreConfigInterceptor    : Importing configuration from file.
2023-01-16 16:13:51.967  INFO 10720 --- [           main] d.f.i.m.c.c.s.keystore.KeyStoreManager   : Successfully loaded Keystore.
2023-01-16 16:13:51.978  INFO 10720 --- [           main] d.f.i.m.c.c.s.keystore.KeyStoreManager   : Successfully loaded Truststore.
2023-01-16 16:13:52.247  WARN 10720 --- [           main] d.f.i.m.core.config.ClientProvider       : Trustmanager is trusting all Certificates in TEST_DEPLOYMENT mode, you should not use this in production! [code=(IMSCOW0032)]
2023-01-16 16:13:52.283  INFO 10720 --- [           main] d.f.i.m.c.config.PostConfigInterceptor   : Modifying configuration using interceptor interface.
2023-01-16 16:13:52.366  INFO 10720 --- [           main] d.f.i.m.core.config.ConfigProducerTest   : Started ConfigProducerTest in 1.696 seconds (JVM running for 2.473)
2023-01-16 16:13:53.229  WARN 10720 --- [           main] d.f.i.m.c.d.a.AisecTokenManagerService   : TEST_DEPLOYMENT: IDS-Message is sent without a valid DAT, will not be sent in PRODUCTIVE_DEPLOYMENT. [code=(IMSCOW0041), reason=(Error connecting to DAPS (possibly currently not reachable or wrong DAPS-URL): Unexpected code Response{protocol=http/1.1, code=400, message=Bad Request, url=https://daps.aisec.fraunhofer.de/v2/token} Body: {"error":"invalid_client","error_description":"Error decoding JWT: Client does not exist"})]
2023-01-16 16:13:53.716  WARN 10720 --- [           main] d.f.i.m.core.config.ClientProvider       : Proxy port invalid! Trying to skip using this proxy! Please check configuration! [code=(IMSCOW0031), port=(-1)]
2023-01-16 16:13:53.908  INFO 10720 --- [           main] d.f.i.m.c.c.s.keystore.KeyStoreManager   : Successfully loaded Keystore.
2023-01-16 16:13:53.914  INFO 10720 --- [           main] d.f.i.m.c.c.s.keystore.KeyStoreManager   : Successfully loaded Truststore.
2023-01-16 16:13:53.923  WARN 10720 --- [           main] d.f.i.m.core.config.ClientProvider       : Trustmanager is trusting all Certificates in TEST_DEPLOYMENT mode, you should not use this in production! [code=(IMSCOW0032)]
Tests run: 3, Failures: 0, Errors: 0, Skipped: 0, Time elapsed: 3.505 sec - in de.fraunhofer.ids.messaging.core.config.ConfigProducerTest
Running de.fraunhofer.ids.messaging.core.daps.DapsValidatorTest
2023-01-16 16:13:53.938  INFO 10720 --- [           main] o.s.t.c.s.DefaultTestContextBootstrapper : Loaded default TestExecutionListener class names from location [META-INF/spring.factories]: [org.springframework.boot.test.mock.mockito.MockitoTestExecutionListener, org.springframework.boot.test.mock.mockito.ResetMocksTestExecutionListener, org.springframework.boot.test.autoconfigure.restdocs.RestDocsTestExecutionListener, org.springframework.boot.test.autoconfigure.web.client.MockRestServiceServerResetTestExecutionListener, org.springframework.boot.test.autoconfigure.web.servlet.MockMvcPrintOnlyOnFailureTestExecutionListener, org.springframework.boot.test.autoconfigure.web.servlet.WebDriverTestExecutionListener, org.springframework.boot.test.autoconfigure.webservices.client.MockWebServiceServerTestExecutionListener, org.springframework.test.context.web.ServletTestExecutionListener, org.springframework.test.context.support.DirtiesContextBeforeModesTestExecutionListener, org.springframework.test.context.event.ApplicationEventsTestExecutionListener, org.springframework.test.context.support.DependencyInjectionTestExecutionListener, org.springframework.test.context.support.DirtiesContextTestExecutionListener, org.springframework.test.context.transaction.TransactionalTestExecutionListener, org.springframework.test.context.jdbc.SqlScriptsTestExecutionListener, org.springframework.test.context.event.EventPublishingTestExecutionListener]
2023-01-16 16:13:53.939  INFO 10720 --- [           main] o.s.t.c.s.DefaultTestContextBootstrapper : Using TestExecutionListeners: [org.springframework.test.context.support.DirtiesContextBeforeModesTestExecutionListener@50672905, org.springframework.test.context.event.ApplicationEventsTestExecutionListener@430d3021, org.springframework.boot.test.mock.mockito.MockitoTestExecutionListener@58f290bc, org.springframework.test.context.support.DependencyInjectionTestExecutionListener@3220c28, org.springframework.test.context.support.DirtiesContextTestExecutionListener@6ae42248, org.springframework.test.context.event.EventPublishingTestExecutionListener@40c28b0d, org.springframework.boot.test.mock.mockito.ResetMocksTestExecutionListener@cf984d9, org.springframework.boot.test.autoconfigure.restdocs.RestDocsTestExecutionListener@1fa98a22, org.springframework.boot.test.autoconfigure.web.client.MockRestServiceServerResetTestExecutionListener@54941dfd, org.springframework.boot.test.autoconfigure.web.servlet.MockMvcPrintOnlyOnFailureTestExecutionListener@5a7e81, org.springframework.boot.test.autoconfigure.web.servlet.WebDriverTestExecutionListener@4045fd1f, org.springframework.boot.test.autoconfigure.webservices.client.MockWebServiceServerTestExecutionListener@13ee97af]
2023-01-16 16:13:54.134  INFO 10720 --- [           main] d.f.i.messaging.core.daps.DapsVerifier   : Successfully verified DAT claims.
2023-01-16 16:13:54.136  INFO 10720 --- [           main] d.f.i.messaging.core.daps.DapsVerifier   : Successfully verified DAT claims.
2023-01-16 16:13:54.137  WARN 10720 --- [           main] d.f.i.messaging.core.daps.DapsValidator  : SecurityProfile could not be successfully verified! [message=(Security profile violation. Registered security profile at DAPS is: idsc:BASE_CONNECTOR_SECURITY_PROFILE, but the given security profile is: idsc:TRUSTED_CONNECTOR_SECURITY_PROFILE), code=(IMSCOW0033)]
2023-01-16 16:13:54.139  WARN 10720 --- [           main] d.f.i.messaging.core.daps.DapsValidator  : SecurityProfile could not be successfully verified! [message=(Security profile violation. Registered security profile at DAPS is: idsc:BASE_CONNECTOR_SECURITY_PROFILE, but the given security profile is: aiosdhiuaghduiwh), code=(IMSCOW0033)]
2023-01-16 16:13:54.150  WARN 10720 --- [           main] d.f.i.messaging.core.daps.DapsValidator  : SecurityProfile could not be successfully verified! [message=(Security profile violation. Registered security profile at DAPS is: sjondfasdhfiou, but the given security profile is: idsc:TRUSTED_CONNECTOR_SECURITY_PROFILE), code=(IMSCOW0033)]
2023-01-16 16:13:54.161  WARN 10720 --- [           main] d.f.i.messaging.core.daps.DapsValidator  : SecurityProfile could not be successfully verified! [message=(Security profile violation. No security profile given in DAT!), code=(IMSCOW0033)]
2023-01-16 16:13:54.178  INFO 10720 --- [           main] d.f.i.messaging.core.daps.DapsVerifier   : Successfully verified DAT claims.
Tests run: 2, Failures: 0, Errors: 0, Skipped: 0, Time elapsed: 0.271 sec - in de.fraunhofer.ids.messaging.core.daps.DapsValidatorTest
Running de.fraunhofer.ids.messaging.core.daps.DapsVerifierTest
2023-01-16 16:13:54.212  WARN 10720 --- [           main] d.f.i.messaging.core.daps.DapsVerifier   : Could not verify DAT Claims! [code=(IMSCOW0036)]
2023-01-16 16:13:54.212  INFO 10720 --- [           main] d.f.i.messaging.core.daps.DapsVerifier   : Successfully verified DAT claims.
2023-01-16 16:13:54.213  INFO 10720 --- [           main] d.f.i.messaging.core.daps.DapsVerifier   : Successfully verified DAT claims.
2023-01-16 16:13:54.213  INFO 10720 --- [           main] d.f.i.messaging.core.daps.DapsVerifier   : Successfully verified DAT claims.
2023-01-16 16:13:54.214  WARN 10720 --- [           main] d.f.i.messaging.core.daps.DapsVerifier   : Custom DAT validation rule failed! [code=(IMSCOW0035), message=(This rule sometimes fails!)]
2023-01-16 16:13:54.214  WARN 10720 --- [           main] d.f.i.messaging.core.daps.DapsVerifier   : Custom DAT validation rule failed! [code=(IMSCOW0035), message=(This rule sometimes fails!)]
Tests run: 1, Failures: 0, Errors: 0, Skipped: 0, Time elapsed: 0.001 sec - in de.fraunhofer.ids.messaging.core.daps.DapsVerifierTest

Results :

Tests run: 6, Failures: 0, Errors: 0, Skipped: 0

[INFO] 
[INFO] ---------------< de.fraunhofer.ids.messaging:messaging >----------------
[INFO] Building messaging 5.2.0                                           [3/8]
[INFO] --------------------------------[ jar ]---------------------------------
[INFO] 
[INFO] --- maven-clean-plugin:2.5:clean (default-clean) @ messaging ---
[INFO] Deleting /home/gabsko/breaking-updates/messaging/target
[INFO] 
[INFO] --- flatten-maven-plugin:1.2.7:clean (flatten.clean) @ messaging ---
[INFO] Deleting /home/gabsko/breaking-updates/messaging/.flattened-pom.xml
[INFO] 
[INFO] --- maven-resources-plugin:2.6:resources (default-resources) @ messaging ---
[INFO] Using 'UTF-8' encoding to copy filtered resources.
[INFO] skip non existing resourceDirectory /home/gabsko/breaking-updates/messaging/src/main/resources
[INFO] 
[INFO] --- flatten-maven-plugin:1.2.7:flatten (flatten) @ messaging ---
[INFO] Generating flattened POM of project de.fraunhofer.ids.messaging:messaging:jar:5.2.0...
[INFO] 
[INFO] --- maven-compiler-plugin:3.8.1:compile (default-compile) @ messaging ---
[INFO] Changes detected - recompiling the module!
[INFO] Compiling 120 source files to /home/gabsko/breaking-updates/messaging/target/classes
[INFO] /home/gabsko/breaking-updates/messaging/src/main/java/de/fraunhofer/ids/messaging/protocol/multipart/parser/MultipartParser.java: /home/gabsko/breaking-updates/messaging/src/main/java/de/fraunhofer/ids/messaging/protocol/multipart/parser/MultipartParser.java uses or overrides a deprecated API.
[INFO] /home/gabsko/breaking-updates/messaging/src/main/java/de/fraunhofer/ids/messaging/protocol/multipart/parser/MultipartParser.java: Recompile with -Xlint:deprecation for details.
[INFO] /home/gabsko/breaking-updates/messaging/src/main/java/de/fraunhofer/ids/messaging/requests/builder/IdsRequestBuilder.java: /home/gabsko/breaking-updates/messaging/src/main/java/de/fraunhofer/ids/messaging/requests/builder/IdsRequestBuilder.java uses unchecked or unsafe operations.
[INFO] /home/gabsko/breaking-updates/messaging/src/main/java/de/fraunhofer/ids/messaging/requests/builder/IdsRequestBuilder.java: Recompile with -Xlint:unchecked for details.
[INFO] 
[INFO] --- maven-resources-plugin:2.6:testResources (default-testResources) @ messaging ---
[INFO] Using 'UTF-8' encoding to copy filtered resources.
[INFO] skip non existing resourceDirectory /home/gabsko/breaking-updates/messaging/src/test/resources
[INFO] 
[INFO] --- maven-compiler-plugin:3.8.1:testCompile (default-testCompile) @ messaging ---
[INFO] Changes detected - recompiling the module!
[INFO] Compiling 15 source files to /home/gabsko/breaking-updates/messaging/target/test-classes
[INFO] 
[INFO] --- maven-surefire-plugin:2.19.1:test (default-test) @ messaging ---

-------------------------------------------------------
 T E S T S
-------------------------------------------------------
Running de.fraunhofer.ids.messaging.endpoint.MessageControllerTest
SLF4J: No SLF4J providers were found.
SLF4J: Defaulting to no-operation (NOP) logger implementation
SLF4J: See http://www.slf4j.org/codes.html#noProviders for further details.
SLF4J: Class path contains SLF4J bindings targeting slf4j-api versions prior to 1.8.
SLF4J: Ignoring binding found at [jar:file:/home/gabsko/.m2/repository/ch/qos/logback/logback-classic/1.2.7/logback-classic-1.2.7.jar!/org/slf4j/impl/StaticLoggerBinder.class]
SLF4J: See http://www.slf4j.org/codes.html#ignoredBindings for an explanation.

  .   ____          _            __ _ _
 /\\ / ___'_ __ _ _(_)_ __  __ _ \ \ \ \
( ( )\___ | '_ | '_| | '_ \/ _` | \ \ \ \
 \\/  ___)| |_)| | | | | || (_| |  ) ) ) )
  '  |____| .__|_| |_|_| |_\__, | / / / /
 =========|_|==============|___/=/_/_/_/
 :: Spring Boot ::                (v2.6.0)

Tests run: 1, Failures: 0, Errors: 1, Skipped: 0, Time elapsed: 2.102 sec <<< FAILURE! - in de.fraunhofer.ids.messaging.endpoint.MessageControllerTest
testGetValidMultipartReturn  Time elapsed: 0.254 sec  <<< ERROR!
org.springframework.web.util.NestedServletException: Request processing failed; nested exception is java.lang.IllegalArgumentException: Expected lookupPath in request attribute "org.springframework.web.util.UrlPathHelper.PATH".
	at de.fraunhofer.ids.messaging.endpoint.MessageControllerTest.testGetValidMultipartReturn(MessageControllerTest.java:166)
Caused by: java.lang.IllegalArgumentException: Expected lookupPath in request attribute "org.springframework.web.util.UrlPathHelper.PATH".
	at de.fraunhofer.ids.messaging.endpoint.MessageControllerTest.testGetValidMultipartReturn(MessageControllerTest.java:166)

Running de.fraunhofer.ids.messaging.endpoint.EndpointServiceTest

  .   ____          _            __ _ _
 /\\ / ___'_ __ _ _(_)_ __  __ _ \ \ \ \
( ( )\___ | '_ | '_| | '_ \/ _` | \ \ \ \
 \\/  ___)| |_)| | | | | || (_| |  ) ) ) )
  '  |____| .__|_| |_|_| |_\__, | / / / /
 =========|_|==============|___/=/_/_/_/
 :: Spring Boot ::                (v2.6.0)

Tests run: 1, Failures: 0, Errors: 0, Skipped: 0, Time elapsed: 0.316 sec - in de.fraunhofer.ids.messaging.endpoint.EndpointServiceTest
Running de.fraunhofer.ids.messaging.response.MessageResponseTest
Tests run: 1, Failures: 0, Errors: 0, Skipped: 0, Time elapsed: 0.109 sec - in de.fraunhofer.ids.messaging.response.MessageResponseTest
Running de.fraunhofer.ids.messaging.requests.InfrastructureServiceTest
Tests run: 1, Failures: 0, Errors: 0, Skipped: 0, Time elapsed: 0.319 sec - in de.fraunhofer.ids.messaging.requests.InfrastructureServiceTest
Running de.fraunhofer.ids.messaging.util.InfomodelMessageBuilderTest
Tests run: 1, Failures: 0, Errors: 0, Skipped: 0, Time elapsed: 0.028 sec - in de.fraunhofer.ids.messaging.util.InfomodelMessageBuilderTest
Running de.fraunhofer.ids.messaging.util.IdsMessageUtilsTest
Tests run: 1, Failures: 0, Errors: 0, Skipped: 0, Time elapsed: 0.546 sec - in de.fraunhofer.ids.messaging.util.IdsMessageUtilsTest
Running de.fraunhofer.ids.messaging.util.RequestUtilsTest
Tests run: 1, Failures: 0, Errors: 0, Skipped: 0, Time elapsed: 0.01 sec - in de.fraunhofer.ids.messaging.util.RequestUtilsTest
Running de.fraunhofer.ids.messaging.util.SerializerProviderTest
Tests run: 1, Failures: 0, Errors: 0, Skipped: 0, Time elapsed: 0 sec - in de.fraunhofer.ids.messaging.util.SerializerProviderTest
Running de.fraunhofer.ids.messaging.dispatcher.MessageDispatcherTest

  .   ____          _            __ _ _
 /\\ / ___'_ __ _ _(_)_ __  __ _ \ \ \ \
( ( )\___ | '_ | '_| | '_ \/ _` | \ \ \ \
 \\/  ___)| |_)| | | | | || (_| |  ) ) ) )
  '  |____| .__|_| |_|_| |_\__, | / / / /
 =========|_|==============|___/=/_/_/_/
 :: Spring Boot ::                (v2.6.0)

Tests run: 1, Failures: 0, Errors: 0, Skipped: 0, Time elapsed: 0.361 sec - in de.fraunhofer.ids.messaging.dispatcher.MessageDispatcherTest
Running de.fraunhofer.ids.messaging.protocol.multipart.MultipartResponseConverterTest
Tests run: 1, Failures: 0, Errors: 0, Skipped: 0, Time elapsed: 0.667 sec - in de.fraunhofer.ids.messaging.protocol.multipart.MultipartResponseConverterTest
Running de.fraunhofer.ids.messaging.protocol.multipart.parser.MultipartParserTest
Tests run: 1, Failures: 0, Errors: 0, Skipped: 0, Time elapsed: 0 sec - in de.fraunhofer.ids.messaging.protocol.multipart.parser.MultipartParserTest
Running de.fraunhofer.ids.messaging.protocol.http.IdsHttpServiceTest
Tests run: 1, Failures: 0, Errors: 0, Skipped: 0, Time elapsed: 0.092 sec - in de.fraunhofer.ids.messaging.protocol.http.IdsHttpServiceTest

Results :

Tests in error: 
  MessageControllerTest.testGetValidMultipartReturn:166 Â» NestedServlet Request ...

Tests run: 12, Failures: 0, Errors: 1, Skipped: 0

[INFO] ------------------------------------------------------------------------
[INFO] Reactor Summary for messaging-services 5.2.0:
[INFO] 
[INFO] messaging-services ................................. SUCCESS [  0.639 s]
[INFO] core ............................................... SUCCESS [  7.153 s]
[INFO] messaging .......................................... FAILURE [  7.348 s]
[INFO] clearinghouse ...................................... SKIPPED
[INFO] broker ............................................. SKIPPED
[INFO] vocol .............................................. SKIPPED
[INFO] paris .............................................. SKIPPED
[INFO] appstore ........................................... SKIPPED
[INFO] ------------------------------------------------------------------------
[INFO] BUILD FAILURE
[INFO] ------------------------------------------------------------------------
[INFO] Total time:  15.234 s
[INFO] Finished at: 2023-01-16T16:14:01Z
[INFO] ------------------------------------------------------------------------
[ERROR] Failed to execute goal org.apache.maven.plugins:maven-surefire-plugin:2.19.1:test (default-test) on project messaging: There are test failures.
[ERROR] 
[ERROR] Please refer to /home/gabsko/breaking-updates/messaging/target/surefire-reports for the individual test results.
[ERROR] -> [Help 1]
[ERROR] 
[ERROR] To see the full stack trace of the errors, re-run Maven with the -e switch.
[ERROR] Re-run Maven using the -X switch to enable full debug logging.
[ERROR] 
[ERROR] For more information about the errors and possible solutions, please read the following articles:
[ERROR] [Help 1] http://cwiki.apache.org/confluence/display/MAVEN/MojoFailureException
[ERROR] 
[ERROR] After correcting the problems, you can resume the build with the command
[ERROR]   mvn <args> -rf :messaging
