[INFO] Scanning for projects...
[INFO] 
[INFO] ----------------------< uk.gov.pay:pay-connector >----------------------
[INFO] Building pay-connector 0.1-SNAPSHOT
[INFO] --------------------------------[ jar ]---------------------------------
[INFO] 
[INFO] --- maven-clean-plugin:3.1.0:clean (default-clean) @ pay-connector ---
[INFO] Deleting /home/gabsko/breaking-updates/target
[INFO] 
[INFO] --- maven-resources-plugin:3.2.0:copy-resources (copy-resources) @ pay-connector ---
[INFO] Using 'UTF-8' encoding to copy filtered resources.
[INFO] Using 'UTF-8' encoding to copy filtered properties files.
[INFO] Copying 1 resource
[INFO] 
[INFO] --- maven-resources-plugin:3.2.0:resources (default-resources) @ pay-connector ---
[INFO] Using 'UTF-8' encoding to copy filtered resources.
[INFO] Using 'UTF-8' encoding to copy filtered properties files.
[INFO] Copying 24 resources
[INFO] 
[INFO] --- maven-compiler-plugin:3.8.1:compile (default-compile) @ pay-connector ---
[INFO] Changes detected - recompiling the module!
[INFO] Compiling 636 source files to /home/gabsko/breaking-updates/target/classes
[INFO] /home/gabsko/breaking-updates/src/main/java/uk/gov/pay/connector/gateway/ClientFactory.java: Some input files use or override a deprecated API.
[INFO] /home/gabsko/breaking-updates/src/main/java/uk/gov/pay/connector/gateway/ClientFactory.java: Recompile with -Xlint:deprecation for details.
[INFO] /home/gabsko/breaking-updates/src/main/java/uk/gov/pay/connector/events/model/EventFactory.java: Some input files use unchecked or unsafe operations.
[INFO] /home/gabsko/breaking-updates/src/main/java/uk/gov/pay/connector/events/model/EventFactory.java: Recompile with -Xlint:unchecked for details.
[INFO] 
[INFO] --- maven-resources-plugin:3.2.0:testResources (default-testResources) @ pay-connector ---
[INFO] Using 'UTF-8' encoding to copy filtered resources.
[INFO] Using 'UTF-8' encoding to copy filtered properties files.
[INFO] Copying 158 resources
[INFO] 
[INFO] --- maven-compiler-plugin:3.8.1:testCompile (default-testCompile) @ pay-connector ---
[INFO] Changes detected - recompiling the module!
[INFO] Compiling 378 source files to /home/gabsko/breaking-updates/target/test-classes
[INFO] /home/gabsko/breaking-updates/src/test/java/uk/gov/pay/connector/model/domain/EmailCollectionModeTest.java: Some input files use or override a deprecated API.
[INFO] /home/gabsko/breaking-updates/src/test/java/uk/gov/pay/connector/model/domain/EmailCollectionModeTest.java: Recompile with -Xlint:deprecation for details.
[INFO] /home/gabsko/breaking-updates/src/test/java/uk/gov/pay/connector/util/DatabaseTestHelper.java: Some input files use unchecked or unsafe operations.
[INFO] /home/gabsko/breaking-updates/src/test/java/uk/gov/pay/connector/util/DatabaseTestHelper.java: Recompile with -Xlint:unchecked for details.
[INFO] 
[INFO] --- maven-surefire-plugin:3.0.0-M5:test (default-test) @ pay-connector ---
[INFO] 
[INFO] -------------------------------------------------------
[INFO]  T E S T S
[INFO] -------------------------------------------------------
[INFO] Running uk.gov.pay.connector.gateway.worldpay.WorldpayRefundHandlerTest
[INFO] Tests run: 1, Failures: 0, Errors: 0, Skipped: 0, Time elapsed: 0.581 s - in uk.gov.pay.connector.gateway.worldpay.WorldpayRefundHandlerTest
[INFO] Running uk.gov.pay.connector.gateway.worldpay.WorldpayAuthorisationRequestSummaryTest
[INFO] Tests run: 6, Failures: 0, Errors: 0, Skipped: 0, Time elapsed: 0.27 s - in uk.gov.pay.connector.gateway.worldpay.WorldpayAuthorisationRequestSummaryTest
[INFO] Running uk.gov.pay.connector.gateway.worldpay.WorldpayCredentialsValidationServiceTest
[INFO] Tests run: 6, Failures: 0, Errors: 0, Skipped: 0, Time elapsed: 0.374 s - in uk.gov.pay.connector.gateway.worldpay.WorldpayCredentialsValidationServiceTest
[INFO] Running uk.gov.pay.connector.gateway.worldpay.WorldpayOrderStatusResponseTest
[INFO] Tests run: 3, Failures: 0, Errors: 0, Skipped: 0, Time elapsed: 0.027 s - in uk.gov.pay.connector.gateway.worldpay.WorldpayOrderStatusResponseTest
[INFO] Running uk.gov.pay.connector.gateway.worldpay.WorldpayNotificationServiceTest
[Fatal Error] :1:8: The element type "not" must be terminated by the matching end-tag "</not>".
[INFO] Tests run: 12, Failures: 0, Errors: 0, Skipped: 0, Time elapsed: 0.18 s - in uk.gov.pay.connector.gateway.worldpay.WorldpayNotificationServiceTest
[INFO] Running uk.gov.pay.connector.gateway.worldpay.Worldpay3dsFlexCredentialsValidationServiceTest
[INFO] Tests run: 11, Failures: 0, Errors: 0, Skipped: 0, Time elapsed: 0.2 s - in uk.gov.pay.connector.gateway.worldpay.Worldpay3dsFlexCredentialsValidationServiceTest
[INFO] Running uk.gov.pay.connector.gateway.worldpay.WorldpayPaymentProviderTest
[INFO] Tests run: 21, Failures: 0, Errors: 0, Skipped: 0, Time elapsed: 0.443 s - in uk.gov.pay.connector.gateway.worldpay.WorldpayPaymentProviderTest
[INFO] Running uk.gov.pay.connector.gateway.worldpay.WorldpayAuthoriseHandlerTest
[INFO] Tests run: 18, Failures: 0, Errors: 0, Skipped: 0, Time elapsed: 0.662 s - in uk.gov.pay.connector.gateway.worldpay.WorldpayAuthoriseHandlerTest
[INFO] Running uk.gov.pay.connector.gateway.util.AuthorisationRequestSummaryStringifierTest
[INFO] Tests run: 2, Failures: 0, Errors: 0, Skipped: 0, Time elapsed: 0.011 s - in uk.gov.pay.connector.gateway.util.AuthorisationRequestSummaryStringifierTest
[INFO] Running uk.gov.pay.connector.gateway.util.AuthorisationRequestSummaryStructuredLoggingTest
[INFO] Tests run: 4, Failures: 0, Errors: 0, Skipped: 0, Time elapsed: 0.007 s - in uk.gov.pay.connector.gateway.util.AuthorisationRequestSummaryStructuredLoggingTest
[INFO] Running uk.gov.pay.connector.gateway.smartpay.SmartpayNotificationServiceTest
[ERROR] WARNING: An illegal reflective access operation has occurred
[ERROR] WARNING: Illegal reflective access by com.fasterxml.jackson.databind.util.ClassUtil (file:/home/gabsko/.m2/repository/com/fasterxml/jackson/core/jackson-databind/2.13.0/jackson-databind-2.13.0.jar) to constructor java.util.Optional()
[ERROR] WARNING: Please consider reporting this to the maintainers of com.fasterxml.jackson.databind.util.ClassUtil
[ERROR] WARNING: Use --illegal-access=warn to enable warnings of further illegal reflective access operations
[ERROR] WARNING: All illegal access operations will be denied in a future release
[INFO] Tests run: 11, Failures: 0, Errors: 0, Skipped: 0, Time elapsed: 0.12 s - in uk.gov.pay.connector.gateway.smartpay.SmartpayNotificationServiceTest
[INFO] Running uk.gov.pay.connector.gateway.smartpay.SmartpayAuthorisationRequestSummaryTest
[INFO] Tests run: 6, Failures: 0, Errors: 0, Skipped: 0, Time elapsed: 0.006 s - in uk.gov.pay.connector.gateway.smartpay.SmartpayAuthorisationRequestSummaryTest
[INFO] Running uk.gov.pay.connector.gateway.stripe.StripeNotificationServiceTest
[INFO] Tests run: 18, Failures: 0, Errors: 0, Skipped: 0, Time elapsed: 1.165 s - in uk.gov.pay.connector.gateway.stripe.StripeNotificationServiceTest
[INFO] Running uk.gov.pay.connector.gateway.stripe.StripeAuthorisationRequestSummaryTest
[INFO] Tests run: 5, Failures: 0, Errors: 0, Skipped: 0, Time elapsed: 0.004 s - in uk.gov.pay.connector.gateway.stripe.StripeAuthorisationRequestSummaryTest
[INFO] Running uk.gov.pay.connector.gateway.stripe.request.StripeRequestTest
[INFO] Tests run: 2, Failures: 0, Errors: 0, Skipped: 0, Time elapsed: 0.068 s - in uk.gov.pay.connector.gateway.stripe.request.StripeRequestTest
[INFO] Running uk.gov.pay.connector.gateway.epdq.EpdqAuthorisationRequestSummaryTest
[INFO] Tests run: 8, Failures: 0, Errors: 0, Skipped: 0, Time elapsed: 0.009 s - in uk.gov.pay.connector.gateway.epdq.EpdqAuthorisationRequestSummaryTest
[INFO] Running uk.gov.pay.connector.gateway.epdq.EpdqNotificationServiceStatusMapperTest
[INFO] Tests run: 30, Failures: 0, Errors: 0, Skipped: 0, Time elapsed: 0.088 s - in uk.gov.pay.connector.gateway.epdq.EpdqNotificationServiceStatusMapperTest
[INFO] Running uk.gov.pay.connector.gateway.epdq.EpdqNotificationServiceTest
[INFO] Tests run: 11, Failures: 0, Errors: 0, Skipped: 0, Time elapsed: 0.011 s - in uk.gov.pay.connector.gateway.epdq.EpdqNotificationServiceTest
[INFO] Running uk.gov.pay.connector.gateway.sandbox.SandboxNotificationServiceTest
[INFO] Tests run: 3, Failures: 0, Errors: 0, Skipped: 0, Time elapsed: 0.001 s - in uk.gov.pay.connector.gateway.sandbox.SandboxNotificationServiceTest
[INFO] Running uk.gov.pay.connector.gateway.sandbox.SandboxAuthorisationRequestSummaryTest
[INFO] Tests run: 4, Failures: 0, Errors: 0, Skipped: 0, Time elapsed: 0.003 s - in uk.gov.pay.connector.gateway.sandbox.SandboxAuthorisationRequestSummaryTest
[INFO] Running uk.gov.pay.connector.gateway.sandbox.SandboxPaymentProviderTest
[INFO] Tests run: 8, Failures: 0, Errors: 0, Skipped: 0, Time elapsed: 0.009 s - in uk.gov.pay.connector.gateway.sandbox.SandboxPaymentProviderTest
[INFO] Running uk.gov.pay.connector.gatewayaccountcredentials.resource.GatewayAccountCredentialsResourceTest
[INFO] Tests run: 21, Failures: 0, Errors: 0, Skipped: 0, Time elapsed: 0.918 s - in uk.gov.pay.connector.gatewayaccountcredentials.resource.GatewayAccountCredentialsResourceTest
[INFO] Running uk.gov.pay.connector.gatewayaccountcredentials.service.GatewayAccountCredentialsServiceTest
ERROR [2023-01-16 22:59:00,922] uk.gov.pay.connector.util.ResponseUtil: [Multiple usable credentials exist for payment provider [%s], unable to determine which to use.]
WARN  [2023-01-16 22:59:00,927] uk.gov.pay.connector.gatewayaccount.model.GatewayAccountEntity: Gateway account [id=1] has multiple credentials but no active credential found
[INFO] Tests run: 28, Failures: 0, Errors: 0, Skipped: 0, Time elapsed: 0.035 s - in uk.gov.pay.connector.gatewayaccountcredentials.service.GatewayAccountCredentialsServiceTest
[INFO] Running uk.gov.pay.connector.charge.model.SourceDeserialiserTest
[INFO] Tests run: 6, Failures: 0, Errors: 0, Skipped: 0, Time elapsed: 0.127 s - in uk.gov.pay.connector.charge.model.SourceDeserialiserTest
[INFO] Running uk.gov.pay.connector.service.RefundServiceTest
WARN  [2023-01-16 22:59:01,148] uk.gov.pay.connector.refund.service.RefundService: Charge not available for refund - charge_external_id=chargeId, status=EXTERNAL_SUBMITTED, refund_status=unavailable, account_id=2, operation_type=Refund, provider=sandbox, provider_type=test
[INFO] Tests run: 20, Failures: 0, Errors: 0, Skipped: 0, Time elapsed: 0.102 s - in uk.gov.pay.connector.service.RefundServiceTest
[INFO] Running uk.gov.pay.connector.gatewayaccount.model.GatewayAccountEntityTest
WARN  [2023-01-16 22:59:01,166] uk.gov.pay.connector.gatewayaccount.model.GatewayAccountEntity: Gateway account [id=1] has multiple credentials but no active credential found
WARN  [2023-01-16 22:59:01,167] uk.gov.pay.connector.gatewayaccount.model.GatewayAccountEntity: Gateway account [id=1] has multiple credentials but no active credential found
WARN  [2023-01-16 22:59:01,168] uk.gov.pay.connector.gatewayaccount.model.GatewayAccountEntity: Gateway account [id=1] has multiple credentials but no active credential found
[INFO] Tests run: 17, Failures: 0, Errors: 0, Skipped: 0, Time elapsed: 0.008 s - in uk.gov.pay.connector.gatewayaccount.model.GatewayAccountEntityTest
[INFO] Running uk.gov.pay.connector.gatewayaccount.validation.Worldpay3DsFlexIssuerOrOrganisationalUnitIdValidatorTest
[INFO] Tests run: 7, Failures: 0, Errors: 0, Skipped: 0, Time elapsed: 0.003 s - in uk.gov.pay.connector.gatewayaccount.validation.Worldpay3DsFlexIssuerOrOrganisationalUnitIdValidatorTest
[INFO] Running uk.gov.pay.connector.gatewayaccount.validation.Worldpay3dsFlexJwtMacKeyValidatorTest
[INFO] Tests run: 9, Failures: 0, Errors: 0, Skipped: 0, Time elapsed: 0.003 s - in uk.gov.pay.connector.gatewayaccount.validation.Worldpay3dsFlexJwtMacKeyValidatorTest
[INFO] Running uk.gov.pay.connector.events.model.charge.PaymentNotificationCreatedTest
[INFO] Tests run: 3, Failures: 0, Errors: 0, Skipped: 0, Time elapsed: 0.054 s - in uk.gov.pay.connector.events.model.charge.PaymentNotificationCreatedTest
[INFO] Running uk.gov.pay.connector.events.model.charge.Gateway3dsExemptionResultObtainedTest
[INFO] Tests run: 2, Failures: 0, Errors: 0, Skipped: 0, Time elapsed: 0.002 s - in uk.gov.pay.connector.events.model.charge.Gateway3dsExemptionResultObtainedTest
[INFO] Running uk.gov.pay.connector.events.model.charge.Gateway3dsInfoObtainedTest
[INFO] Tests run: 2, Failures: 0, Errors: 0, Skipped: 0, Time elapsed: 0.002 s - in uk.gov.pay.connector.events.model.charge.Gateway3dsInfoObtainedTest
[INFO] Running uk.gov.pay.connector.events.model.charge.PaymentCreatedTest
[INFO] Tests run: 16, Failures: 0, Errors: 0, Skipped: 0, Time elapsed: 0.056 s - in uk.gov.pay.connector.events.model.charge.PaymentCreatedTest
[INFO] Running uk.gov.pay.connector.paymentprocessor.service.QueryServiceTest
[INFO] Tests run: 5, Failures: 0, Errors: 0, Skipped: 0, Time elapsed: 0.011 s - in uk.gov.pay.connector.paymentprocessor.service.QueryServiceTest
[INFO] Running uk.gov.pay.connector.paymentprocessor.service.WorldpayCardAuthoriseServiceTest
[INFO] Tests run: 7, Failures: 0, Errors: 0, Skipped: 0, Time elapsed: 0.077 s - in uk.gov.pay.connector.paymentprocessor.service.WorldpayCardAuthoriseServiceTest
[INFO] Running uk.gov.pay.connector.paymentprocessor.service.DiscrepancyServiceTest
[INFO] Tests run: 6, Failures: 0, Errors: 0, Skipped: 0, Time elapsed: 0.016 s - in uk.gov.pay.connector.paymentprocessor.service.DiscrepancyServiceTest
[INFO] Running uk.gov.pay.connector.util.CidrUtilsTest
[INFO] Tests run: 3, Failures: 0, Errors: 0, Skipped: 0, Time elapsed: 0.002 s - in uk.gov.pay.connector.util.CidrUtilsTest
[INFO] Running uk.gov.pay.connector.util.IpAddressMatcherTest
[INFO] Tests run: 9, Failures: 0, Errors: 0, Skipped: 0, Time elapsed: 0.002 s - in uk.gov.pay.connector.util.IpAddressMatcherTest
[INFO] Running uk.gov.pay.connector.wallets.applepay.ApplePayDecrypterTest
ERROR [2023-01-16 22:59:01,514] uk.gov.pay.connector.wallets.applepay.ApplePayDecrypter: Error while trying to decrypt apple pay payload: Tag mismatch!
ERROR [2023-01-16 22:59:01,519] uk.gov.pay.connector.wallets.applepay.ApplePayDecrypter: Error while trying to decrypt apple pay payload: java.security.InvalidKeyException: IOException: DerInputStream.getLength(): lengthTag=10, too big.
ERROR [2023-01-16 22:59:01,558] uk.gov.pay.connector.wallets.applepay.ApplePayDecrypter: Error while trying to decrypt apple pay payload: Input too short - need tag
[INFO] Tests run: 9, Failures: 0, Errors: 0, Skipped: 0, Time elapsed: 0.134 s - in uk.gov.pay.connector.wallets.applepay.ApplePayDecrypterTest
[INFO] Running uk.gov.pay.connector.it.resources.ChargesApiResourceTest
[WARNING] Tests run: 2, Failures: 0, Errors: 0, Skipped: 1, Time elapsed: 0.118 s - in uk.gov.pay.connector.it.resources.ChargesApiResourceTest
[INFO] Running uk.gov.pay.connector.it.resources.GatewayAccountResourceTest
[INFO] Tests run: 1, Failures: 0, Errors: 0, Skipped: 0, Time elapsed: 0.111 s - in uk.gov.pay.connector.it.resources.GatewayAccountResourceTest
[INFO] Running uk.gov.pay.connector.model.domain.EmailNotificationTypeTest
[INFO] Tests run: 3, Failures: 0, Errors: 0, Skipped: 0, Time elapsed: 0.006 s - in uk.gov.pay.connector.model.domain.EmailNotificationTypeTest
[INFO] Running uk.gov.pay.connector.model.domain.RefundEntityTest
[INFO] Tests run: 4, Failures: 0, Errors: 0, Skipped: 0, Time elapsed: 0.001 s - in uk.gov.pay.connector.model.domain.RefundEntityTest
[INFO] Running uk.gov.pay.connector.model.domain.HistoryCustomizerTest
[INFO] Tests run: 1, Failures: 0, Errors: 0, Skipped: 0, Time elapsed: 0.189 s - in uk.gov.pay.connector.model.domain.HistoryCustomizerTest
[INFO] Running uk.gov.pay.connector.model.domain.EmailCollectionModeTest
[INFO] Tests run: 4, Failures: 0, Errors: 0, Skipped: 0, Time elapsed: 0.001 s - in uk.gov.pay.connector.model.domain.EmailCollectionModeTest
[INFO] Running uk.gov.pay.connector.model.domain.JsonToMapConverterTest
[INFO] Tests run: 4, Failures: 0, Errors: 0, Skipped: 0, Time elapsed: 0.005 s - in uk.gov.pay.connector.model.domain.JsonToMapConverterTest
[INFO] Running uk.gov.pay.connector.model.domain.ChargeEntityTest
WARN  [2023-01-16 22:59:02,028] uk.gov.pay.connector.charge.model.domain.ChargeEntity: Charge with state CREATED cannot proceed to CAPTURED [charge_external_id=mojoiifs1r0n7uev8m3jcsu55j, charge_status=CAPTURED, event=Event{resourceExternalId='null', eventDetails=uk.gov.pay.connector.events.eventdetails.EmptyEventDetails, timestamp=null}]
[INFO] Tests run: 7, Failures: 0, Errors: 0, Skipped: 0, Time elapsed: 0.004 s - in uk.gov.pay.connector.model.domain.ChargeEntityTest
[INFO] Running uk.gov.pay.connector.model.domain.RefundStatusMapTest
[INFO] Tests run: 5, Failures: 0, Errors: 0, Skipped: 0, Time elapsed: 0.001 s - in uk.gov.pay.connector.model.domain.RefundStatusMapTest
[INFO] Running uk.gov.pay.connector.model.LastDigitsCardNumberTest
[INFO] Tests run: 5, Failures: 0, Errors: 0, Skipped: 0, Time elapsed: 0.001 s - in uk.gov.pay.connector.model.LastDigitsCardNumberTest
[INFO] Running uk.gov.pay.connector.model.TransactionEventTest
[INFO] Tests run: 5, Failures: 0, Errors: 0, Skipped: 0, Time elapsed: 0.002 s - in uk.gov.pay.connector.model.TransactionEventTest
[INFO] Running uk.gov.pay.connector.model.FirstDigitsCardNumberTest
[INFO] Tests run: 5, Failures: 0, Errors: 0, Skipped: 0, Time elapsed: 0.001 s - in uk.gov.pay.connector.model.FirstDigitsCardNumberTest
[INFO] Running uk.gov.pay.connector.model.RefundResponseTest
[INFO] Tests run: 2, Failures: 0, Errors: 0, Skipped: 0, Time elapsed: 0.024 s - in uk.gov.pay.connector.model.RefundResponseTest
[INFO] Running uk.gov.pay.connector.client.ledger.service.LedgerServiceTest
ERROR [2023-01-16 22:59:02,075] uk.gov.pay.connector.client.ledger.service.LedgerService: Error processing response from ledger for payment refunds: gateway_account_id=152 payment_external_id=external-id
ERROR [2023-01-16 22:59:02,077] uk.gov.pay.connector.client.ledger.service.LedgerService: Received non-success status code for get refunds for payment from Ledger: gateway_account_id=152, payment_external_id=external-id
[INFO] Tests run: 2, Failures: 0, Errors: 0, Skipped: 0, Time elapsed: 0.005 s - in uk.gov.pay.connector.client.ledger.service.LedgerServiceTest
[INFO] Running uk.gov.pay.connector.client.ledger.service.LedgerServiceConsumerTest
WARN  [2023-01-16 22:59:02,971] au.com.dius.pact.model.matchingrules.MatchingRuleGroup: Unrecognised matcher value, defaulting to equality matching
WARN  [2023-01-16 22:59:02,972] au.com.dius.pact.model.matchingrules.MatchingRuleGroup: Unrecognised matcher value, defaulting to equality matching
WARN  [2023-01-16 22:59:04,224] au.com.dius.pact.model.matchingrules.MatchingRuleGroup: Unrecognised matcher value, defaulting to equality matching
WARN  [2023-01-16 22:59:04,224] au.com.dius.pact.model.matchingrules.MatchingRuleGroup: Unrecognised matcher value, defaulting to equality matching
[INFO] Tests run: 3, Failures: 0, Errors: 0, Skipped: 0, Time elapsed: 2.895 s - in uk.gov.pay.connector.client.ledger.service.LedgerServiceConsumerTest
[INFO] Running uk.gov.pay.connector.gateway.model.response.GatewayResponseTest
[WARNING] Tests run: 4, Failures: 0, Errors: 0, Skipped: 1, Time elapsed: 0.002 s - in uk.gov.pay.connector.gateway.model.response.GatewayResponseTest
[INFO] Running uk.gov.pay.connector.gateway.model.request.CardAuthorisationGatewayRequestTest
[INFO] Tests run: 2, Failures: 0, Errors: 0, Skipped: 0, Time elapsed: 0.001 s - in uk.gov.pay.connector.gateway.model.request.CardAuthorisationGatewayRequestTest
[INFO] Running uk.gov.pay.connector.gateway.worldpay.WorldpayCaptureHandlerTest
[INFO] Tests run: 4, Failures: 0, Errors: 0, Skipped: 0, Time elapsed: 0.078 s - in uk.gov.pay.connector.gateway.worldpay.WorldpayCaptureHandlerTest
[INFO] Running uk.gov.pay.connector.gateway.worldpay.WorldpayOrderRequestBuilderTest
[INFO] Tests run: 18, Failures: 0, Errors: 0, Skipped: 0, Time elapsed: 0.616 s - in uk.gov.pay.connector.gateway.worldpay.WorldpayOrderRequestBuilderTest
[INFO] Running uk.gov.pay.connector.gateway.worldpay.wallets.WorldpayWalletAuthorisationHandlerTest
[INFO] Tests run: 14, Failures: 0, Errors: 0, Skipped: 0, Time elapsed: 0.463 s - in uk.gov.pay.connector.gateway.worldpay.wallets.WorldpayWalletAuthorisationHandlerTest
[INFO] Running uk.gov.pay.connector.gateway.smartpay.SmartpayOrderRequestBuilderTest
[INFO] Tests run: 15, Failures: 0, Errors: 0, Skipped: 0, Time elapsed: 0.055 s - in uk.gov.pay.connector.gateway.smartpay.SmartpayOrderRequestBuilderTest
[INFO] Running uk.gov.pay.connector.gateway.smartpay.SmartpayStatusMapperTest
[INFO] Tests run: 8, Failures: 0, Errors: 0, Skipped: 0, Time elapsed: 0.001 s - in uk.gov.pay.connector.gateway.smartpay.SmartpayStatusMapperTest
[INFO] Running uk.gov.pay.connector.gateway.smartpay.SmartpayPaymentProviderTest
[INFO] Tests run: 7, Failures: 0, Errors: 0, Skipped: 0, Time elapsed: 0.054 s - in uk.gov.pay.connector.gateway.smartpay.SmartpayPaymentProviderTest
[INFO] Running uk.gov.pay.connector.gateway.smartpay.auth.SmartpayAccountSpecificAuthenticatorTest
WARN  [2023-01-16 22:59:06,288] uk.gov.pay.connector.gateway.smartpay.auth.SmartpayAccountSpecificAuthenticator: Authentication failure: failed for smartpay username BasicCredentials{username=MyService, password=**********}
WARN  [2023-01-16 22:59:06,289] uk.gov.pay.connector.gateway.smartpay.auth.SmartpayAccountSpecificAuthenticator: Authentication failure: failed for smartpay username BasicCredentials{username=MyService, password=**********}
[INFO] Tests run: 3, Failures: 0, Errors: 0, Skipped: 0, Time elapsed: 0.016 s - in uk.gov.pay.connector.gateway.smartpay.auth.SmartpayAccountSpecificAuthenticatorTest
[INFO] Running uk.gov.pay.connector.gateway.smartpay.SmartpayCaptureHandlerTest
[INFO] Tests run: 2, Failures: 0, Errors: 0, Skipped: 0, Time elapsed: 0.011 s - in uk.gov.pay.connector.gateway.smartpay.SmartpayCaptureHandlerTest
[INFO] Running uk.gov.pay.connector.gateway.smartpay.SmartpayNotificationTest
[INFO] Tests run: 5, Failures: 0, Errors: 0, Skipped: 0, Time elapsed: 0.005 s - in uk.gov.pay.connector.gateway.smartpay.SmartpayNotificationTest
[INFO] Running uk.gov.pay.connector.gateway.stripe.StripeCaptureHandlerTest
WARN  [2023-01-16 22:59:06,329] uk.gov.pay.connector.gateway.stripe.handler.StripeCaptureHandler: Capture failed for transaction id ch_1231231123123. Reason: uh oh. Status code from Stripe: Optional[500]. Charge External Id: sang1qom9hd6m4q5p4uj9k6gbg
WARN  [2023-01-16 22:59:06,339] uk.gov.pay.connector.gateway.stripe.handler.StripeCaptureHandler: Capture failed for transaction id ch_1231231123123. Reason: uh oh. Status code from Stripe: Optional[500]. Charge External Id: c5uuag0t8mdkmpv3eiulrecol8
WARN  [2023-01-16 22:59:06,343] uk.gov.pay.connector.gateway.stripe.handler.StripeCaptureHandler: Capture failed for transaction id ch_1231231123123. Failure code from Stripe: resource_missing, failure message from Stripe: No such charge: ch_123456 or something similar. External Charge id: hfd1ujss9h7ohacjl3l7etbekt. Response code from Stripe: Optional[401]
WARN  [2023-01-16 22:59:06,348] uk.gov.pay.connector.gateway.stripe.handler.StripeCaptureHandler: Capture failed for transaction id ch_1231231123123. Failure code from Stripe: resource_missing, failure message from Stripe: No such charge: ch_123456 or something similar. External Charge id: eruve91j5hltmbl50ppfe0694n. Response code from Stripe: Optional[401]
[INFO] Tests run: 11, Failures: 0, Errors: 0, Skipped: 0, Time elapsed: 0.04 s - in uk.gov.pay.connector.gateway.stripe.StripeCaptureHandlerTest
[INFO] Running uk.gov.pay.connector.gateway.stripe.StripePaymentProviderTest
ERROR [2023-01-16 22:59:06,363] uk.gov.pay.connector.gateway.stripe.handler.StripeAuthoriseHandler: Authorisation failed for charge mq4ht90j2oir6am585afk58kml due to an internal error. Reason: server error. Status code from Stripe: 500.
ERROR [2023-01-16 22:59:06,385] uk.gov.pay.connector.gateway.stripe.handler.StripeAuthoriseHandler: GatewayException occurred for charge external id mq4ht90j2oir6am585afk58kml, error:
 {}
! uk.gov.pay.connector.gateway.GatewayException$GatewayConnectionTimeoutException: javax.ws.rs.ProcessingException: java.io.IOException
! at uk.gov.pay.connector.gateway.stripe.handler.StripeAuthoriseHandler.createPaymentIntent(StripeAuthoriseHandler.java:92)
! at uk.gov.pay.connector.gateway.stripe.handler.StripeAuthoriseHandler.authorise(StripeAuthoriseHandler.java:56)
! at uk.gov.pay.connector.gateway.stripe.StripePaymentProvider.authorise(StripePaymentProvider.java:99)
! at uk.gov.pay.connector.gateway.stripe.StripePaymentProviderTest.shouldNotAuthorise_whenProcessingExceptionIsThrown(StripePaymentProviderTest.java:167)
! at java.base/jdk.internal.reflect.NativeMethodAccessorImpl.invoke0(Native Method)
! at java.base/jdk.internal.reflect.NativeMethodAccessorImpl.invoke(NativeMethodAccessorImpl.java:62)
! at java.base/jdk.internal.reflect.DelegatingMethodAccessorImpl.invoke(DelegatingMethodAccessorImpl.java:43)
! at java.base/java.lang.reflect.Method.invoke(Method.java:566)
! at org.junit.runners.model.FrameworkMethod$1.runReflectiveCall(FrameworkMethod.java:59)
! at org.junit.internal.runners.model.ReflectiveCallable.run(ReflectiveCallable.java:12)
! at org.junit.runners.model.FrameworkMethod.invokeExplosively(FrameworkMethod.java:56)
! at org.junit.internal.runners.statements.InvokeMethod.evaluate(InvokeMethod.java:17)
! at org.junit.internal.runners.statements.RunBefores.evaluate(RunBefores.java:26)
! at org.junit.runners.ParentRunner$3.evaluate(ParentRunner.java:306)
! at org.junit.runners.BlockJUnit4ClassRunner$1.evaluate(BlockJUnit4ClassRunner.java:100)
! at org.junit.runners.ParentRunner.runLeaf(ParentRunner.java:366)
! at org.junit.runners.BlockJUnit4ClassRunner.runChild(BlockJUnit4ClassRunner.java:103)
! at org.junit.runners.BlockJUnit4ClassRunner.runChild(BlockJUnit4ClassRunner.java:63)
! at org.junit.runners.ParentRunner$4.run(ParentRunner.java:331)
! at org.junit.runners.ParentRunner$1.schedule(ParentRunner.java:79)
! at org.junit.runners.ParentRunner.runChildren(ParentRunner.java:329)
! at org.junit.runners.ParentRunner.access$100(ParentRunner.java:66)
! at org.junit.runners.ParentRunner$2.evaluate(ParentRunner.java:293)
! at org.junit.runners.ParentRunner$3.evaluate(ParentRunner.java:306)
! at org.junit.runners.ParentRunner.run(ParentRunner.java:413)
! at org.junit.runner.JUnitCore.run(JUnitCore.java:137)
! at org.junit.runner.JUnitCore.run(JUnitCore.java:115)
! at org.junit.vintage.engine.execution.RunnerExecutor.execute(RunnerExecutor.java:43)
! at java.base/java.util.stream.ForEachOps$ForEachOp$OfRef.accept(ForEachOps.java:183)
! at java.base/java.util.stream.ReferencePipeline$3$1.accept(ReferencePipeline.java:195)
! at java.base/java.util.Iterator.forEachRemaining(Iterator.java:133)
! at java.base/java.util.Spliterators$IteratorSpliterator.forEachRemaining(Spliterators.java:1801)
! at java.base/java.util.stream.AbstractPipeline.copyInto(AbstractPipeline.java:484)
! at java.base/java.util.stream.AbstractPipeline.wrapAndCopyInto(AbstractPipeline.java:474)
! at java.base/java.util.stream.ForEachOps$ForEachOp.evaluateSequential(ForEachOps.java:150)
! at java.base/java.util.stream.ForEachOps$ForEachOp$OfRef.evaluateSequential(ForEachOps.java:173)
! at java.base/java.util.stream.AbstractPipeline.evaluate(AbstractPipeline.java:234)
! at java.base/java.util.stream.ReferencePipeline.forEach(ReferencePipeline.java:497)
! at org.junit.vintage.engine.VintageTestEngine.executeAllChildren(VintageTestEngine.java:82)
! at org.junit.vintage.engine.VintageTestEngine.execute(VintageTestEngine.java:73)
! at org.junit.platform.launcher.core.EngineExecutionOrchestrator.execute(EngineExecutionOrchestrator.java:108)
! at org.junit.platform.launcher.core.EngineExecutionOrchestrator.execute(EngineExecutionOrchestrator.java:88)
! at org.junit.platform.launcher.core.EngineExecutionOrchestrator.lambda$execute$0(EngineExecutionOrchestrator.java:54)
! at org.junit.platform.launcher.core.EngineExecutionOrchestrator.withInterceptedStreams(EngineExecutionOrchestrator.java:67)
! at org.junit.platform.launcher.core.EngineExecutionOrchestrator.execute(EngineExecutionOrchestrator.java:52)
! at org.junit.platform.launcher.core.DefaultLauncher.execute(DefaultLauncher.java:96)
! at org.junit.platform.launcher.core.DefaultLauncher.execute(DefaultLauncher.java:75)
! at org.apache.maven.surefire.junitplatform.JUnitPlatformProvider.execute(JUnitPlatformProvider.java:188)
! at org.apache.maven.surefire.junitplatform.JUnitPlatformProvider.invokeAllTests(JUnitPlatformProvider.java:154)
! at org.apache.maven.surefire.junitplatform.JUnitPlatformProvider.invoke(JUnitPlatformProvider.java:128)
! at org.apache.maven.surefire.booter.ForkedBooter.runSuitesInProcess(ForkedBooter.java:428)
! at org.apache.maven.surefire.booter.ForkedBooter.execute(ForkedBooter.java:162)
! at org.apache.maven.surefire.booter.ForkedBooter.run(ForkedBooter.java:562)
! at org.apache.maven.surefire.booter.ForkedBooter.main(ForkedBooter.java:548)
[INFO] Tests run: 15, Failures: 0, Errors: 0, Skipped: 0, Time elapsed: 0.04 s - in uk.gov.pay.connector.gateway.stripe.StripePaymentProviderTest
[INFO] Running uk.gov.pay.connector.gateway.stripe.json.StripePayoutStatusTest
[INFO] Tests run: 3, Failures: 0, Errors: 0, Skipped: 0, Time elapsed: 0.001 s - in uk.gov.pay.connector.gateway.stripe.json.StripePayoutStatusTest
[INFO] Running uk.gov.pay.connector.gateway.stripe.json.StripePayoutTest
[INFO] Tests run: 2, Failures: 0, Errors: 0, Skipped: 0, Time elapsed: 0 s - in uk.gov.pay.connector.gateway.stripe.json.StripePayoutTest
[INFO] Running uk.gov.pay.connector.gateway.stripe.StripeCancelHandlerTest
ERROR [2023-01-16 22:59:06,403] uk.gov.pay.connector.gateway.stripe.handler.StripeCancelHandler: Cancel failed for gateway transaction id ch_1231231123123. Failure message from Stripe: stripe server error. Charge External Id: qhcovtjn7q1dc99501duujh31o. Response code from Stripe: Optional[503]
ERROR [2023-01-16 22:59:06,404] uk.gov.pay.connector.gateway.stripe.handler.StripeCancelHandler: Cancel failed for gateway transaction id ch_1231231123123. Failure message from Stripe: {
  "error": {
    "charge": "ch_1DX3j5C6H5MjhE5YhPcLhENF",
    "code": "resource_missing",
    "message": "No such charge: ch_123456 or something similar",
    "type": "{{type}}"
  }
}. Charge External Id: 572varns0fdl77q2jcltcfltgn. Response code from Stripe: Optional[400]
[INFO] Tests run: 5, Failures: 0, Errors: 0, Skipped: 0, Time elapsed: 0.009 s - in uk.gov.pay.connector.gateway.stripe.StripeCancelHandlerTest
[INFO] Running uk.gov.pay.connector.gateway.stripe.request.StripeCaptureRequestTest
[INFO] Tests run: 5, Failures: 0, Errors: 0, Skipped: 0, Time elapsed: 0.009 s - in uk.gov.pay.connector.gateway.stripe.request.StripeCaptureRequestTest
[INFO] Running uk.gov.pay.connector.gateway.stripe.request.StripePaymentIntentRequestTest
[INFO] Tests run: 5, Failures: 0, Errors: 0, Skipped: 0, Time elapsed: 0.008 s - in uk.gov.pay.connector.gateway.stripe.request.StripePaymentIntentRequestTest
[INFO] Running uk.gov.pay.connector.gateway.stripe.request.StripeTransferOutRequestTest
[INFO] Tests run: 3, Failures: 0, Errors: 0, Skipped: 0, Time elapsed: 0.003 s - in uk.gov.pay.connector.gateway.stripe.request.StripeTransferOutRequestTest
[INFO] Running uk.gov.pay.connector.gateway.stripe.request.StripeTransferInRequestTest
[INFO] Tests run: 4, Failures: 0, Errors: 0, Skipped: 0, Time elapsed: 0.003 s - in uk.gov.pay.connector.gateway.stripe.request.StripeTransferInRequestTest
[INFO] Running uk.gov.pay.connector.gateway.stripe.request.StripePaymentMethodRequestTest
[INFO] Tests run: 6, Failures: 0, Errors: 0, Skipped: 0, Time elapsed: 0.006 s - in uk.gov.pay.connector.gateway.stripe.request.StripePaymentMethodRequestTest
[INFO] Running uk.gov.pay.connector.gateway.stripe.request.StripeRefundRequestTest
[INFO] Tests run: 3, Failures: 0, Errors: 0, Skipped: 0, Time elapsed: 0.003 s - in uk.gov.pay.connector.gateway.stripe.request.StripeRefundRequestTest
[INFO] Running uk.gov.pay.connector.gateway.stripe.request.StripeAuthoriseRequestTest
[INFO] Tests run: 5, Failures: 0, Errors: 0, Skipped: 0, Time elapsed: 0.005 s - in uk.gov.pay.connector.gateway.stripe.request.StripeAuthoriseRequestTest
[INFO] Running uk.gov.pay.connector.gateway.stripe.request.StripeTransferMetadataTest
[INFO] Tests run: 2, Failures: 0, Errors: 0, Skipped: 0, Time elapsed: 0.001 s - in uk.gov.pay.connector.gateway.stripe.request.StripeTransferMetadataTest
[INFO] Running uk.gov.pay.connector.gateway.stripe.StripeRefundHandlerTest
ERROR [2023-01-16 22:59:06,457] uk.gov.pay.connector.gateway.stripe.handler.StripeRefundHandler: Refund failed for refund gateway request RefundGatewayRequest[
transactionId: gatewayTransactionId
refundExternalId: someExternalId]. Reason: Problem with Stripe servers. Status code from Stripe: Optional[500].
ERROR [2023-01-16 22:59:06,461] uk.gov.pay.connector.gateway.stripe.handler.StripeRefundHandler: Refund failed for refund gateway request RefundGatewayRequest[
transactionId: gatewayTransactionId
refundExternalId: someExternalId]. Failure code from Stripe: resource_missing, failure message from Stripe: No such charge: ch_123456 or something similar. Response code from Stripe: Optional[402]
ERROR [2023-01-16 22:59:06,463] uk.gov.pay.connector.gateway.stripe.handler.StripeRefundHandler: Refund failed for refund gateway request RefundGatewayRequest[
transactionId: gatewayTransactionId
refundExternalId: someExternalId]. Failure code from Stripe: resource_missing, failure message from Stripe: No such charge: ch_123456 or something similar. Response code from Stripe: Optional[402]
ERROR [2023-01-16 22:59:06,466] uk.gov.pay.connector.gateway.stripe.handler.StripeRefundHandler: Refund failed for refund gateway request RefundGatewayRequest[
transactionId: gatewayTransactionId
refundExternalId: someExternalId]. Reason: Problem with Stripe servers. Status code from Stripe: Optional[500].
[INFO] Tests run: 6, Failures: 0, Errors: 0, Skipped: 0, Time elapsed: 0.01 s - in uk.gov.pay.connector.gateway.stripe.StripeRefundHandlerTest
[INFO] Running uk.gov.pay.connector.gateway.stripe.StripeNotificationTypeTest
[INFO] Tests run: 1, Failures: 0, Errors: 0, Skipped: 0, Time elapsed: 0 s - in uk.gov.pay.connector.gateway.stripe.StripeNotificationTypeTest
[INFO] Running uk.gov.pay.connector.gateway.epdq.EpdqPayloadDefinitionForNewOrderTest
[INFO] Tests run: 4, Failures: 0, Errors: 0, Skipped: 0, Time elapsed: 0.006 s - in uk.gov.pay.connector.gateway.epdq.EpdqPayloadDefinitionForNewOrderTest
[INFO] Running uk.gov.pay.connector.gateway.epdq.EpdqPayloadDefinitionForCancelOrderTest
[INFO] Tests run: 2, Failures: 0, Errors: 0, Skipped: 0, Time elapsed: 0.002 s - in uk.gov.pay.connector.gateway.epdq.EpdqPayloadDefinitionForCancelOrderTest
[INFO] Running uk.gov.pay.connector.gateway.epdq.EpdqPayloadDefinitionForCaptureOrderTest
[INFO] Tests run: 1, Failures: 0, Errors: 0, Skipped: 0, Time elapsed: 0.001 s - in uk.gov.pay.connector.gateway.epdq.EpdqPayloadDefinitionForCaptureOrderTest
[INFO] Running uk.gov.pay.connector.gateway.epdq.EpdqSha512SignatureGeneratorTest
[INFO] Tests run: 8, Failures: 0, Errors: 0, Skipped: 0, Time elapsed: 0.002 s - in uk.gov.pay.connector.gateway.epdq.EpdqSha512SignatureGeneratorTest
[INFO] Running uk.gov.pay.connector.gateway.epdq.EpdqPayloadDefinitionForNew3dsOrderTest
[INFO] Tests run: 4, Failures: 0, Errors: 0, Skipped: 0, Time elapsed: 0.007 s - in uk.gov.pay.connector.gateway.epdq.EpdqPayloadDefinitionForNew3dsOrderTest
[INFO] Running uk.gov.pay.connector.gateway.epdq.payload.EpdqPayloadDefinitionForNew3ds2OrderTest
[INFO] Tests run: 80, Failures: 0, Errors: 0, Skipped: 0, Time elapsed: 0.023 s - in uk.gov.pay.connector.gateway.epdq.payload.EpdqPayloadDefinitionForNew3ds2OrderTest
[INFO] Running uk.gov.pay.connector.gateway.epdq.EpdqNotificationTest
[INFO] Tests run: 7, Failures: 0, Errors: 0, Skipped: 0, Time elapsed: 0.002 s - in uk.gov.pay.connector.gateway.epdq.EpdqNotificationTest
[INFO] Running uk.gov.pay.connector.gateway.epdq.EpdqPayloadDefinitionForRefundOrderTest
[INFO] Tests run: 1, Failures: 0, Errors: 0, Skipped: 0, Time elapsed: 0.001 s - in uk.gov.pay.connector.gateway.epdq.EpdqPayloadDefinitionForRefundOrderTest
[INFO] Running uk.gov.pay.connector.gateway.epdq.EpdqCaptureHandlerTest
[INFO] Tests run: 3, Failures: 0, Errors: 0, Skipped: 0, Time elapsed: 0.076 s - in uk.gov.pay.connector.gateway.epdq.EpdqCaptureHandlerTest
[INFO] Running uk.gov.pay.connector.gateway.sandbox.applepay.SandboxWalletAuthorisationHandlerTest
[INFO] Tests run: 3, Failures: 0, Errors: 0, Skipped: 0, Time elapsed: 0.001 s - in uk.gov.pay.connector.gateway.sandbox.applepay.SandboxWalletAuthorisationHandlerTest
[INFO] Running uk.gov.pay.connector.gateway.sandbox.SandboxWalletCardNumbersTest
[INFO] Tests run: 4, Failures: 0, Errors: 0, Skipped: 0, Time elapsed: 0 s - in uk.gov.pay.connector.gateway.sandbox.SandboxWalletCardNumbersTest
[INFO] Running uk.gov.pay.connector.gateway.sandbox.SandboxCardNumbersTest
[INFO] Tests run: 4, Failures: 0, Errors: 0, Skipped: 0, Time elapsed: 0.001 s - in uk.gov.pay.connector.gateway.sandbox.SandboxCardNumbersTest
[INFO] Running uk.gov.pay.connector.gateway.processor.ChargeNotificationProcessorTest
[INFO] Tests run: 1, Failures: 0, Errors: 0, Skipped: 0, Time elapsed: 0.032 s - in uk.gov.pay.connector.gateway.processor.ChargeNotificationProcessorTest
[INFO] Running uk.gov.pay.connector.gateway.processor.RefundNotificationProcessorTest
WARN  [2023-01-16 22:59:06,653] uk.gov.pay.connector.gateway.processor.RefundNotificationProcessor: WORLDPAY refund notification could not be used to update charge [oanl6cmrp01agcm53k0f541rje] (missing reference)
WARN  [2023-01-16 22:59:06,655] uk.gov.pay.connector.gateway.processor.RefundNotificationProcessor: WORLDPAY notification could not be processed as refund [someExternalId] has been expunged from connector
WARN  [2023-01-16 22:59:06,657] uk.gov.pay.connector.gateway.processor.RefundNotificationProcessor: WORLDPAY notification 'unknown' could not be used to update refund (associated refund entity not found) for charge [1b74ekhi5eo3vo0oogbjgr0uf8]
[INFO] Tests run: 5, Failures: 0, Errors: 0, Skipped: 0, Time elapsed: 0.007 s - in uk.gov.pay.connector.gateway.processor.RefundNotificationProcessorTest
[INFO] Running uk.gov.pay.connector.gatewayaccountcredentials.resource.GatewayAccountCredentialsRequestValidatorTest
[INFO] Tests run: 15, Failures: 0, Errors: 0, Skipped: 0, Time elapsed: 0.023 s - in uk.gov.pay.connector.gatewayaccountcredentials.resource.GatewayAccountCredentialsRequestValidatorTest
[INFO] Running uk.gov.pay.connector.payout.PayoutEmitterServiceTest
WARN  [2023-01-16 22:59:06,687] uk.gov.pay.connector.payout.PayoutEmitterService: Unsupported payout event class [class uk.gov.pay.connector.events.model.payout.PayoutEvent]
[INFO] Tests run: 7, Failures: 0, Errors: 0, Skipped: 0, Time elapsed: 0.007 s - in uk.gov.pay.connector.payout.PayoutEmitterServiceTest
[INFO] Running uk.gov.pay.connector.payout.PayoutReconcileProcessTest
ERROR [2023-01-16 22:59:06,882] uk.gov.pay.connector.payout.PayoutReconcileProcess: Error processing payout from SQS message [queueMessageId=null] [errorMessage=Transaction external ID missing in metadata on Stripe transfer for balance transaction [null] for payout [po_123dv3RPEC2XwBWpqiQfnJGQ] for gateway account [acct_2RDpWRLXEC2XwBWp]]
ERROR [2023-01-16 22:59:06,885] uk.gov.pay.connector.payout.PayoutReconcileProcess: No payments or refunds retrieved for payout [po_123dv3RPEC2XwBWpqiQfnJGQ]. Requires investigation.
ERROR [2023-01-16 22:59:06,888] uk.gov.pay.connector.payout.PayoutReconcileProcess: Error processing payout from SQS message [queueMessageId=null] [errorMessage=Error sending PAYMENT_INCLUDED_IN_PAYOUT event for transaction [payment-id] included in payout [po_123dv3RPEC2XwBWpqiQfnJGQ] to event queue: null]
[INFO] Tests run: 7, Failures: 0, Errors: 0, Skipped: 0, Time elapsed: 0.199 s - in uk.gov.pay.connector.payout.PayoutReconcileProcessTest
[INFO] Running uk.gov.pay.connector.charge.model.ChargeCreateRequestTest
[INFO] Tests run: 2, Failures: 0, Errors: 0, Skipped: 0, Time elapsed: 0.011 s - in uk.gov.pay.connector.charge.model.ChargeCreateRequestTest
[INFO] Running uk.gov.pay.connector.charge.resource.ChargesFrontendResourceTest
[INFO] Tests run: 3, Failures: 0, Errors: 0, Skipped: 0, Time elapsed: 0.094 s - in uk.gov.pay.connector.charge.resource.ChargesFrontendResourceTest
[INFO] Running uk.gov.pay.connector.charge.validation.telephone.CardBrandValidatorTest
[INFO] Tests run: 3, Failures: 0, Errors: 0, Skipped: 0, Time elapsed: 0.017 s - in uk.gov.pay.connector.charge.validation.telephone.CardBrandValidatorTest
[INFO] Running uk.gov.pay.connector.charge.validation.telephone.ZoneDateTimeValidatorTest
[INFO] Tests run: 3, Failures: 0, Errors: 0, Skipped: 0, Time elapsed: 0.008 s - in uk.gov.pay.connector.charge.validation.telephone.ZoneDateTimeValidatorTest
[INFO] Running uk.gov.pay.connector.charge.validation.telephone.PaymentOutcomeValidatorTest
[INFO] Tests run: 6, Failures: 0, Errors: 0, Skipped: 0, Time elapsed: 0.008 s - in uk.gov.pay.connector.charge.validation.telephone.PaymentOutcomeValidatorTest
[INFO] Running uk.gov.pay.connector.charge.validation.telephone.CardLastFourDigitsValidatorTest
[INFO] Tests run: 4, Failures: 0, Errors: 0, Skipped: 0, Time elapsed: 0.007 s - in uk.gov.pay.connector.charge.validation.telephone.CardLastFourDigitsValidatorTest
[INFO] Running uk.gov.pay.connector.charge.validation.telephone.CardFirstSixDigitsValidatorTest
[INFO] Tests run: 4, Failures: 0, Errors: 0, Skipped: 0, Time elapsed: 0.008 s - in uk.gov.pay.connector.charge.validation.telephone.CardFirstSixDigitsValidatorTest
[INFO] Running uk.gov.pay.connector.charge.service.ChargeExpiryServiceTest
ERROR [2023-01-16 22:59:07,086] uk.gov.pay.connector.charge.service.ChargeExpiryService: Gateway error while cancelling the Charge - charge_external_id=ka3s0sl3huqq1h6dg253hpmmda, gateway_error=something went wrong
[MockitoHint] ChargeExpiryServiceTest.shouldExpireWithGateway_whenStateIsPostAuthorisationAndCannotCheckStatusWithGateway (see javadoc for MockitoHint):
[MockitoHint] 1. Unused -> at uk.gov.pay.connector.charge.service.ChargeExpiryServiceTest.mockExpiredChargeEntity(ChargeExpiryServiceTest.java:128)

[MockitoHint] ChargeExpiryServiceTest.shouldExpireWithGateway_whenStateIsPostAuthorisationAndCannotCheckStatusWithGateway (see javadoc for MockitoHint):
[MockitoHint] 1. Unused -> at uk.gov.pay.connector.charge.service.ChargeExpiryServiceTest.mockExpiredChargeEntity(ChargeExpiryServiceTest.java:128)

[MockitoHint] ChargeExpiryServiceTest.shouldExpireWithGateway_whenCanCheckWithGatewayAndGatewayStatusIsNotTerminal (see javadoc for MockitoHint):
[MockitoHint] 1. Unused -> at uk.gov.pay.connector.charge.service.ChargeExpiryServiceTest.mockExpiredChargeEntity(ChargeExpiryServiceTest.java:128)

[MockitoHint] ChargeExpiryServiceTest.shouldExpireWithGateway_whenCanCheckWithGatewayAndGatewayStatusIsNotTerminal (see javadoc for MockitoHint):
[MockitoHint] 1. Unused -> at uk.gov.pay.connector.charge.service.ChargeExpiryServiceTest.mockExpiredChargeEntity(ChargeExpiryServiceTest.java:128)

[MockitoHint] ChargeExpiryServiceTest.shouldExpireWithGateway_whenCanCheckWithGatewayAndGatewayStatusIsNotTerminal (see javadoc for MockitoHint):
[MockitoHint] 1. Unused -> at uk.gov.pay.connector.charge.service.ChargeExpiryServiceTest.mockExpiredChargeEntity(ChargeExpiryServiceTest.java:128)

[MockitoHint] ChargeExpiryServiceTest.shouldExpireWithGateway_whenCanCheckWithGatewayAndGatewayStatusIsNotTerminal (see javadoc for MockitoHint):
[MockitoHint] 1. Unused -> at uk.gov.pay.connector.charge.service.ChargeExpiryServiceTest.mockExpiredChargeEntity(ChargeExpiryServiceTest.java:128)

[MockitoHint] ChargeExpiryServiceTest.shouldSweepAndExpireCharges (see javadoc for MockitoHint):
[MockitoHint] 1. Unused -> at uk.gov.pay.connector.charge.service.ChargeExpiryServiceTest.mockExpiredChargeEntity(ChargeExpiryServiceTest.java:128)

[INFO] Tests run: 22, Failures: 0, Errors: 0, Skipped: 0, Time elapsed: 0.054 s - in uk.gov.pay.connector.charge.service.ChargeExpiryServiceTest
[INFO] Running uk.gov.pay.connector.charge.service.EpdqAuthorisationErrorGatewayCleanupServiceTest
ERROR [2023-01-16 22:59:07,123] uk.gov.pay.connector.charge.service.EpdqAuthorisationErrorGatewayCleanupService: Charge is in a mapped status of [AUTHORISATION UNEXPECTED ERROR] with the gateway, which is unexpected and we do not handle. If the gateway status is CAPTURED, it suggests the service has incorrect gateway settings.
ERROR [2023-01-16 22:59:07,126] uk.gov.pay.connector.charge.service.EpdqAuthorisationErrorGatewayCleanupService: Charge does not map to an internal charge state. Raw query response was: mockQueryResponse
[INFO] Tests run: 7, Failures: 0, Errors: 0, Skipped: 0, Time elapsed: 0.015 s - in uk.gov.pay.connector.charge.service.EpdqAuthorisationErrorGatewayCleanupServiceTest
[INFO] Running uk.gov.pay.connector.charge.service.Worldpay3dsFlexJwtServiceTest
[INFO] Tests run: 12, Failures: 0, Errors: 0, Skipped: 0, Time elapsed: 0.066 s - in uk.gov.pay.connector.charge.service.Worldpay3dsFlexJwtServiceTest
[INFO] Running uk.gov.pay.connector.charge.service.ChargeCancelServiceTest
[INFO] Tests run: 21, Failures: 0, Errors: 0, Skipped: 0, Time elapsed: 0.023 s - in uk.gov.pay.connector.charge.service.ChargeCancelServiceTest
[INFO] Running uk.gov.pay.connector.charge.service.ChargeServiceCreateTest
[INFO] Tests run: 51, Failures: 0, Errors: 0, Skipped: 0, Time elapsed: 0.125 s - in uk.gov.pay.connector.charge.service.ChargeServiceCreateTest
[INFO] Running uk.gov.pay.connector.charge.service.ChargeServiceFindTest
[INFO] Tests run: 35, Failures: 0, Errors: 0, Skipped: 0, Time elapsed: 0.049 s - in uk.gov.pay.connector.charge.service.ChargeServiceFindTest
[INFO] Running uk.gov.pay.connector.charge.service.ChargeServiceTest
[INFO] Tests run: 21, Failures: 0, Errors: 0, Skipped: 0, Time elapsed: 0.028 s - in uk.gov.pay.connector.charge.service.ChargeServiceTest
[INFO] Running uk.gov.pay.connector.charge.util.FixedCorporateCardSurchargeCalculatorTest
[INFO] Tests run: 26, Failures: 0, Errors: 0, Skipped: 0, Time elapsed: 0.002 s - in uk.gov.pay.connector.charge.util.FixedCorporateCardSurchargeCalculatorTest
[INFO] Running uk.gov.pay.connector.charge.util.RefundCalculatorTest
[INFO] Tests run: 5, Failures: 0, Errors: 0, Skipped: 0, Time elapsed: 0.001 s - in uk.gov.pay.connector.charge.util.RefundCalculatorTest
[INFO] Running uk.gov.pay.connector.charge.util.CorporateCardSurchargeCalculatorTest
[INFO] Tests run: 5, Failures: 0, Errors: 0, Skipped: 0, Time elapsed: 0.003 s - in uk.gov.pay.connector.charge.util.CorporateCardSurchargeCalculatorTest
[INFO] Running uk.gov.pay.connector.charge.util.JwtGeneratorTest
[INFO] Tests run: 1, Failures: 0, Errors: 0, Skipped: 0, Time elapsed: 0.004 s - in uk.gov.pay.connector.charge.util.JwtGeneratorTest
[INFO] Running uk.gov.pay.connector.service.UnknownStatusTest
[INFO] Tests run: 3, Failures: 0, Errors: 0, Skipped: 0, Time elapsed: 0.001 s - in uk.gov.pay.connector.service.UnknownStatusTest
[INFO] Running uk.gov.pay.connector.service.GatewayClientFactoryTest
[INFO] Tests run: 1, Failures: 0, Errors: 0, Skipped: 0, Time elapsed: 0.001 s - in uk.gov.pay.connector.service.GatewayClientFactoryTest
[INFO] Running uk.gov.pay.connector.service.IgnoredStatusTest
[INFO] Tests run: 3, Failures: 0, Errors: 0, Skipped: 0, Time elapsed: 0 s - in uk.gov.pay.connector.service.IgnoredStatusTest
[INFO] Running uk.gov.pay.connector.service.GatewayAccountServiceTest
[INFO] Tests run: 36, Failures: 0, Errors: 0, Skipped: 0, Time elapsed: 0.045 s - in uk.gov.pay.connector.service.GatewayAccountServiceTest
[INFO] Running uk.gov.pay.connector.service.MappedChargeStatusTest
[INFO] Tests run: 3, Failures: 0, Errors: 0, Skipped: 0, Time elapsed: 0 s - in uk.gov.pay.connector.service.MappedChargeStatusTest
[INFO] Running uk.gov.pay.connector.service.EpdqExternalRefundAvailabilityCalculatorTest
[INFO] Tests run: 7, Failures: 0, Errors: 0, Skipped: 0, Time elapsed: 0.002 s - in uk.gov.pay.connector.service.EpdqExternalRefundAvailabilityCalculatorTest
[INFO] Running uk.gov.pay.connector.service.MappedRefundStatusTest
[INFO] Tests run: 3, Failures: 0, Errors: 0, Skipped: 0, Time elapsed: 0 s - in uk.gov.pay.connector.service.MappedRefundStatusTest
[INFO] Running uk.gov.pay.connector.service.PaymentProvidersTest
[INFO] Tests run: 4, Failures: 0, Errors: 0, Skipped: 0, Time elapsed: 0.046 s - in uk.gov.pay.connector.service.PaymentProvidersTest
[INFO] Running uk.gov.pay.connector.service.GatewayClientTest
WARN  [2023-01-16 22:59:07,567] uk.gov.pay.connector.gateway.GatewayClient: Exception for gateway url=http://www.example.com/worldpay/order, error message: java.net.SocketException: socket failed
! java.net.SocketException: socket failed
! at uk.gov.pay.connector.service.GatewayClientTest.shouldReturnGatewayErrorWhenProviderFailsWithAProcessingException(GatewayClientTest.java:93)
! ... 56 common frames omitted
! Causing: javax.ws.rs.ProcessingException: java.net.SocketException: socket failed
! at uk.gov.pay.connector.gateway.GatewayClient.postRequestFor(GatewayClient.java:70)
! at uk.gov.pay.connector.gateway.GatewayClient.postRequestFor(GatewayClient.java:44)
! at uk.gov.pay.connector.service.GatewayClientTest.shouldReturnGatewayErrorWhenProviderFailsWithAProcessingException(GatewayClientTest.java:94)
! at java.base/jdk.internal.reflect.NativeMethodAccessorImpl.invoke0(Native Method)
! at java.base/jdk.internal.reflect.NativeMethodAccessorImpl.invoke(NativeMethodAccessorImpl.java:62)
! at java.base/jdk.internal.reflect.DelegatingMethodAccessorImpl.invoke(DelegatingMethodAccessorImpl.java:43)
! at java.base/java.lang.reflect.Method.invoke(Method.java:566)
! at org.junit.runners.model.FrameworkMethod$1.runReflectiveCall(FrameworkMethod.java:59)
! at org.junit.internal.runners.model.ReflectiveCallable.run(ReflectiveCallable.java:12)
! at org.junit.runners.model.FrameworkMethod.invokeExplosively(FrameworkMethod.java:56)
! at org.junit.internal.runners.statements.InvokeMethod.evaluate(InvokeMethod.java:17)
! at org.junit.internal.runners.statements.ExpectException.evaluate(ExpectException.java:19)
! at org.junit.internal.runners.statements.RunBefores.evaluate(RunBefores.java:26)
! at org.mockito.internal.runners.DefaultInternalRunner$1$1.evaluate(DefaultInternalRunner.java:55)
! at org.junit.runners.ParentRunner$3.evaluate(ParentRunner.java:306)
! at org.junit.runners.BlockJUnit4ClassRunner$1.evaluate(BlockJUnit4ClassRunner.java:100)
! at org.junit.runners.ParentRunner.runLeaf(ParentRunner.java:366)
! at org.junit.runners.BlockJUnit4ClassRunner.runChild(BlockJUnit4ClassRunner.java:103)
! at org.junit.runners.BlockJUnit4ClassRunner.runChild(BlockJUnit4ClassRunner.java:63)
! at org.junit.runners.ParentRunner$4.run(ParentRunner.java:331)
! at org.junit.runners.ParentRunner$1.schedule(ParentRunner.java:79)
! at org.junit.runners.ParentRunner.runChildren(ParentRunner.java:329)
! at org.junit.runners.ParentRunner.access$100(ParentRunner.java:66)
! at org.junit.runners.ParentRunner$2.evaluate(ParentRunner.java:293)
! at org.junit.runners.ParentRunner$3.evaluate(ParentRunner.java:306)
! at org.junit.runners.ParentRunner.run(ParentRunner.java:413)
! at org.mockito.internal.runners.DefaultInternalRunner$1.run(DefaultInternalRunner.java:100)
! at org.mockito.internal.runners.DefaultInternalRunner.run(DefaultInternalRunner.java:107)
! at org.mockito.internal.runners.StrictRunner.run(StrictRunner.java:41)
! at org.mockito.junit.MockitoJUnitRunner.run(MockitoJUnitRunner.java:163)
! at org.junit.runner.JUnitCore.run(JUnitCore.java:137)
! at org.junit.runner.JUnitCore.run(JUnitCore.java:115)
! at org.junit.vintage.engine.execution.RunnerExecutor.execute(RunnerExecutor.java:43)
! at java.base/java.util.stream.ForEachOps$ForEachOp$OfRef.accept(ForEachOps.java:183)
! at java.base/java.util.stream.ReferencePipeline$3$1.accept(ReferencePipeline.java:195)
! at java.base/java.util.Iterator.forEachRemaining(Iterator.java:133)
! at java.base/java.util.Spliterators$IteratorSpliterator.forEachRemaining(Spliterators.java:1801)
! at java.base/java.util.stream.AbstractPipeline.copyInto(AbstractPipeline.java:484)
! at java.base/java.util.stream.AbstractPipeline.wrapAndCopyInto(AbstractPipeline.java:474)
! at java.base/java.util.stream.ForEachOps$ForEachOp.evaluateSequential(ForEachOps.java:150)
! at java.base/java.util.stream.ForEachOps$ForEachOp$OfRef.evaluateSequential(ForEachOps.java:173)
! at java.base/java.util.stream.AbstractPipeline.evaluate(AbstractPipeline.java:234)
! at java.base/java.util.stream.ReferencePipeline.forEach(ReferencePipeline.java:497)
! at org.junit.vintage.engine.VintageTestEngine.executeAllChildren(VintageTestEngine.java:82)
! at org.junit.vintage.engine.VintageTestEngine.execute(VintageTestEngine.java:73)
! at org.junit.platform.launcher.core.EngineExecutionOrchestrator.execute(EngineExecutionOrchestrator.java:108)
! at org.junit.platform.launcher.core.EngineExecutionOrchestrator.execute(EngineExecutionOrchestrator.java:88)
! at org.junit.platform.launcher.core.EngineExecutionOrchestrator.lambda$execute$0(EngineExecutionOrchestrator.java:54)
! at org.junit.platform.launcher.core.EngineExecutionOrchestrator.withInterceptedStreams(EngineExecutionOrchestrator.java:67)
! at org.junit.platform.launcher.core.EngineExecutionOrchestrator.execute(EngineExecutionOrchestrator.java:52)
! at org.junit.platform.launcher.core.DefaultLauncher.execute(DefaultLauncher.java:96)
! at org.junit.platform.launcher.core.DefaultLauncher.execute(DefaultLauncher.java:75)
! at org.apache.maven.surefire.junitplatform.JUnitPlatformProvider.execute(JUnitPlatformProvider.java:188)
! at org.apache.maven.surefire.junitplatform.JUnitPlatformProvider.invokeAllTests(JUnitPlatformProvider.java:154)
! at org.apache.maven.surefire.junitplatform.JUnitPlatformProvider.invoke(JUnitPlatformProvider.java:128)
! at org.apache.maven.surefire.booter.ForkedBooter.runSuitesInProcess(ForkedBooter.java:428)
! at org.apache.maven.surefire.booter.ForkedBooter.execute(ForkedBooter.java:162)
! at org.apache.maven.surefire.booter.ForkedBooter.run(ForkedBooter.java:562)
! at org.apache.maven.surefire.booter.ForkedBooter.main(ForkedBooter.java:548)
WARN  [2023-01-16 22:59:07,569] uk.gov.pay.connector.gateway.GatewayClient: Gateway returned unexpected status code: 500, for gateway url=http://www.example.com/worldpay/order with type test with order request type authorise
[INFO] Tests run: 3, Failures: 0, Errors: 0, Skipped: 0, Time elapsed: 0.009 s - in uk.gov.pay.connector.service.GatewayClientTest
[INFO] Running uk.gov.pay.connector.service.DefaultExternalRefundAvailabilityCalculatorTest
[INFO] Tests run: 7, Failures: 0, Errors: 0, Skipped: 0, Time elapsed: 0.002 s - in uk.gov.pay.connector.service.DefaultExternalRefundAvailabilityCalculatorTest
[INFO] Running uk.gov.pay.connector.gatewayaccount.model.GatewayAccountResourceDTOTest
[INFO] Tests run: 1, Failures: 0, Errors: 0, Skipped: 0, Time elapsed: 0.001 s - in uk.gov.pay.connector.gatewayaccount.model.GatewayAccountResourceDTOTest
[INFO] Running uk.gov.pay.connector.gatewayaccount.model.GatewayAccountSearchParamsTest
[INFO] Tests run: 6, Failures: 0, Errors: 0, Skipped: 0, Time elapsed: 0.002 s - in uk.gov.pay.connector.gatewayaccount.model.GatewayAccountSearchParamsTest
[INFO] Running uk.gov.pay.connector.gatewayaccount.resource.GatewayAccountSwitchPaymentProviderRequestValidatorTest
[INFO] Tests run: 5, Failures: 0, Errors: 0, Skipped: 0, Time elapsed: 0.002 s - in uk.gov.pay.connector.gatewayaccount.resource.GatewayAccountSwitchPaymentProviderRequestValidatorTest
[INFO] Running uk.gov.pay.connector.gatewayaccount.resource.GatewayAccountResourceSwitchPspValidationTest
ERROR [2023-01-16 22:59:07,670] uk.gov.pay.connector.gatewayaccount.resource.GatewayAccountResource: Switching Payment Provider failure: Account credential with id [63e3923d499f4671a92ccc14fe18c559] not found.
ERROR [2023-01-16 22:59:07,672] uk.gov.pay.connector.gatewayaccount.resource.GatewayAccountResource: Switching Payment Provider failure: Account has no credential to switch to/from
ERROR [2023-01-16 22:59:07,676] uk.gov.pay.connector.gatewayaccount.resource.GatewayAccountResource: Switching Payment Provider failure: Credential with id [9ac129d314fe4c0e9b921b2b41785de1] is not in correct state.
ERROR [2023-01-16 22:59:07,679] uk.gov.pay.connector.gatewayaccount.resource.GatewayAccountResource: Switching Payment Provider failure: Account credential with ACTIVE state not found.
[INFO] Tests run: 7, Failures: 0, Errors: 0, Skipped: 0, Time elapsed: 0.089 s - in uk.gov.pay.connector.gatewayaccount.resource.GatewayAccountResourceSwitchPspValidationTest
[INFO] Running uk.gov.pay.connector.gatewayaccount.resource.StripeAccountSetupRequestValidatorTest
[INFO] Tests run: 24, Failures: 0, Errors: 0, Skipped: 0, Time elapsed: 0.012 s - in uk.gov.pay.connector.gatewayaccount.resource.StripeAccountSetupRequestValidatorTest
[INFO] Running uk.gov.pay.connector.gatewayaccount.resource.GatewayAccountRequestValidatorTest
[INFO] Tests run: 53, Failures: 0, Errors: 0, Skipped: 0, Time elapsed: 0.023 s - in uk.gov.pay.connector.gatewayaccount.resource.GatewayAccountRequestValidatorTest
[INFO] Running uk.gov.pay.connector.gatewayaccount.resource.GatewayAccountResourceValidationTest
ERROR [2023-01-16 22:59:07,800] uk.gov.pay.connector.common.exception.ValidationExceptionMapper: Value [false] must be of type boolean for path [allow_zero_amount]
ERROR [2023-01-16 22:59:07,823] uk.gov.pay.connector.common.exception.ValidationExceptionMapper: Operation [add] is not valid for path [corporate_debit_card_surcharge_amount]
ERROR [2023-01-16 22:59:07,824] uk.gov.pay.connector.common.exception.ValidationExceptionMapper: Value [] is not valid for path [corporate_credit_card_surcharge_amount]
ERROR [2023-01-16 22:59:07,825] uk.gov.pay.connector.common.exception.ValidationExceptionMapper: Value [-100] is not valid for path [corporate_credit_card_surcharge_amount]
ERROR [2023-01-16 22:59:07,826] uk.gov.pay.connector.common.exception.ValidationExceptionMapper: Field [op] is required
ERROR [2023-01-16 22:59:07,827] uk.gov.pay.connector.common.exception.ValidationExceptionMapper: Field [value] is required
ERROR [2023-01-16 22:59:07,828] uk.gov.pay.connector.common.exception.ValidationExceptionMapper: Field [value] is required
ERROR [2023-01-16 22:59:07,829] uk.gov.pay.connector.common.exception.ValidationExceptionMapper: Field [value] is required
ERROR [2023-01-16 22:59:07,830] uk.gov.pay.connector.common.exception.ValidationExceptionMapper: Value [not zero or a positive number that can be represented as a long] is not valid for path [corporate_debit_card_surcharge_amount]
[INFO] Tests run: 12, Failures: 0, Errors: 0, Skipped: 0, Time elapsed: 0.113 s - in uk.gov.pay.connector.gatewayaccount.resource.GatewayAccountResourceValidationTest
[INFO] Running uk.gov.pay.connector.gatewayaccount.service.StripeAccountSetupServiceTest
[INFO] Tests run: 7, Failures: 0, Errors: 0, Skipped: 0, Time elapsed: 0.017 s - in uk.gov.pay.connector.gatewayaccount.service.StripeAccountSetupServiceTest
[INFO] Running uk.gov.pay.connector.gatewayaccount.service.GatewayAccountSwitchPaymentProviderServiceTest
[INFO] Tests run: 5, Failures: 0, Errors: 0, Skipped: 0, Time elapsed: 0.003 s - in uk.gov.pay.connector.gatewayaccount.service.GatewayAccountSwitchPaymentProviderServiceTest
[INFO] Running uk.gov.pay.connector.gatewayaccount.service.StripeAccountServiceTest
[INFO] Tests run: 3, Failures: 0, Errors: 0, Skipped: 0, Time elapsed: 0.001 s - in uk.gov.pay.connector.gatewayaccount.service.StripeAccountServiceTest
[INFO] Running uk.gov.pay.connector.events.model.EventTest
[INFO] Tests run: 2, Failures: 0, Errors: 0, Skipped: 0, Time elapsed: 0 s - in uk.gov.pay.connector.events.model.EventTest
[INFO] Running uk.gov.pay.connector.events.model.payout.PayoutUpdatedTest
[INFO] Tests run: 1, Failures: 0, Errors: 0, Skipped: 0, Time elapsed: 0.002 s - in uk.gov.pay.connector.events.model.payout.PayoutUpdatedTest
[INFO] Running uk.gov.pay.connector.events.model.payout.PayoutPaidTest
[INFO] Tests run: 1, Failures: 0, Errors: 0, Skipped: 0, Time elapsed: 0.002 s - in uk.gov.pay.connector.events.model.payout.PayoutPaidTest
[INFO] Running uk.gov.pay.connector.events.model.payout.PayoutFailedTest
[INFO] Tests run: 1, Failures: 0, Errors: 0, Skipped: 0, Time elapsed: 0.001 s - in uk.gov.pay.connector.events.model.payout.PayoutFailedTest
[INFO] Running uk.gov.pay.connector.events.model.payout.PayoutCreatedTest
[INFO] Tests run: 1, Failures: 0, Errors: 0, Skipped: 0, Time elapsed: 0.002 s - in uk.gov.pay.connector.events.model.payout.PayoutCreatedTest
[INFO] Running uk.gov.pay.connector.events.model.charge.UserEmailCollectedTest
[INFO] Tests run: 1, Failures: 0, Errors: 0, Skipped: 0, Time elapsed: 0.001 s - in uk.gov.pay.connector.events.model.charge.UserEmailCollectedTest
[INFO] Running uk.gov.pay.connector.events.model.charge.CaptureSubmittedTest
[INFO] Tests run: 1, Failures: 0, Errors: 0, Skipped: 0, Time elapsed: 0.002 s - in uk.gov.pay.connector.events.model.charge.CaptureSubmittedTest
[INFO] Running uk.gov.pay.connector.events.model.charge.BackfillerRecreatedUserEmailCollectedTest
[INFO] Tests run: 1, Failures: 0, Errors: 0, Skipped: 0, Time elapsed: 0.002 s - in uk.gov.pay.connector.events.model.charge.BackfillerRecreatedUserEmailCollectedTest
[INFO] Running uk.gov.pay.connector.events.model.charge.CancelledByUserTest
[INFO] Tests run: 2, Failures: 0, Errors: 0, Skipped: 0, Time elapsed: 0.002 s - in uk.gov.pay.connector.events.model.charge.CancelledByUserTest
[INFO] Running uk.gov.pay.connector.events.model.charge.PaymentDetailsEnteredTest
[INFO] Tests run: 3, Failures: 0, Errors: 0, Skipped: 0, Time elapsed: 0.004 s - in uk.gov.pay.connector.events.model.charge.PaymentDetailsEnteredTest
[INFO] Running uk.gov.pay.connector.events.model.charge.CaptureConfirmedTest
[INFO] Tests run: 2, Failures: 0, Errors: 0, Skipped: 0, Time elapsed: 0.003 s - in uk.gov.pay.connector.events.model.charge.CaptureConfirmedTest
[INFO] Running uk.gov.pay.connector.events.model.charge.RefundAvailabilityUpdatedTest
[INFO] Tests run: 1, Failures: 0, Errors: 0, Skipped: 0, Time elapsed: 0.001 s - in uk.gov.pay.connector.events.model.charge.RefundAvailabilityUpdatedTest
[INFO] Running uk.gov.pay.connector.events.model.charge.PaymentIncludedInPayoutTest
[INFO] Tests run: 1, Failures: 0, Errors: 0, Skipped: 0, Time elapsed: 0.002 s - in uk.gov.pay.connector.events.model.charge.PaymentIncludedInPayoutTest
[INFO] Running uk.gov.pay.connector.events.model.charge.GatewayRequires3dsAuthorisationTest
[INFO] Tests run: 2, Failures: 0, Errors: 0, Skipped: 0, Time elapsed: 0.003 s - in uk.gov.pay.connector.events.model.charge.GatewayRequires3dsAuthorisationTest
[INFO] Running uk.gov.pay.connector.events.model.refund.EventFactoryTest
[INFO] Tests run: 31, Failures: 0, Errors: 0, Skipped: 0, Time elapsed: 0.025 s - in uk.gov.pay.connector.events.model.refund.EventFactoryTest
[INFO] Running uk.gov.pay.connector.events.model.refund.RefundIncludedInPayoutTest
[INFO] Tests run: 1, Failures: 0, Errors: 0, Skipped: 0, Time elapsed: 0.001 s - in uk.gov.pay.connector.events.model.refund.RefundIncludedInPayoutTest
[INFO] Running uk.gov.pay.connector.events.model.refund.RefundSucceededTest
[INFO] Tests run: 1, Failures: 0, Errors: 0, Skipped: 0, Time elapsed: 0.002 s - in uk.gov.pay.connector.events.model.refund.RefundSucceededTest
[INFO] Running uk.gov.pay.connector.events.model.refund.RefundCreatedByUserTest
[INFO] Tests run: 1, Failures: 0, Errors: 0, Skipped: 0, Time elapsed: 0 s - in uk.gov.pay.connector.events.model.refund.RefundCreatedByUserTest
[INFO] Running uk.gov.pay.connector.events.model.refund.RefundCreatedByServiceTest
[INFO] Tests run: 1, Failures: 0, Errors: 0, Skipped: 0, Time elapsed: 0.001 s - in uk.gov.pay.connector.events.model.refund.RefundCreatedByServiceTest
[INFO] Running uk.gov.pay.connector.events.resource.EmittedEventResourceTest
[INFO] Tests run: 5, Failures: 0, Errors: 0, Skipped: 0, Time elapsed: 0.085 s - in uk.gov.pay.connector.events.resource.EmittedEventResourceTest
[INFO] Running uk.gov.pay.connector.events.EmittedEventsBackfillServiceTest
[INFO] Tests run: 4, Failures: 0, Errors: 0, Skipped: 0, Time elapsed: 0.036 s - in uk.gov.pay.connector.events.EmittedEventsBackfillServiceTest
[INFO] Running uk.gov.pay.connector.events.EventQueueTest
[INFO] Tests run: 2, Failures: 0, Errors: 0, Skipped: 0, Time elapsed: 0.025 s - in uk.gov.pay.connector.events.EventQueueTest
[INFO] Running uk.gov.pay.connector.events.StateTransitionEmitterProcessTest
WARN  [2023-01-16 22:59:08,110] uk.gov.pay.connector.events.StateTransitionEmitterProcess: Failed to emit new event for state transition [eventId=100] [eventType=PaymentEvent] [error=null]
WARN  [2023-01-16 22:59:08,110] uk.gov.pay.connector.events.StateTransitionEmitterProcess: Failed to emit new event for state transition [eventId=100] [eventType=PaymentEvent] [error=null]
WARN  [2023-01-16 22:59:08,111] uk.gov.pay.connector.events.StateTransitionEmitterProcess: Failed to emit new event for state transition [eventId=100] [eventType=PaymentEvent] [error=null]
WARN  [2023-01-16 22:59:08,111] uk.gov.pay.connector.events.StateTransitionEmitterProcess: Failed to emit new event for state transition [eventId=100] [eventType=PaymentEvent] [error=null]
WARN  [2023-01-16 22:59:08,111] uk.gov.pay.connector.events.StateTransitionEmitterProcess: Failed to emit new event for state transition [eventId=100] [eventType=PaymentEvent] [error=null]
WARN  [2023-01-16 22:59:08,111] uk.gov.pay.connector.events.StateTransitionEmitterProcess: Failed to emit new event for state transition [eventId=100] [eventType=PaymentEvent] [error=null]
WARN  [2023-01-16 22:59:08,111] uk.gov.pay.connector.events.StateTransitionEmitterProcess: Failed to emit new event for state transition [eventId=100] [eventType=PaymentEvent] [error=null]
WARN  [2023-01-16 22:59:08,112] uk.gov.pay.connector.events.StateTransitionEmitterProcess: Failed to emit new event for state transition [eventId=100] [eventType=PaymentEvent] [error=null]
WARN  [2023-01-16 22:59:08,112] uk.gov.pay.connector.events.StateTransitionEmitterProcess: Failed to emit new event for state transition [eventId=100] [eventType=PaymentEvent] [error=null]
ERROR [2023-01-16 22:59:08,112] uk.gov.pay.connector.events.StateTransitionEmitterProcess: State transition message failed to process beyond max retries [eventId=100] [eventType=PaymentEvent]:
WARN  [2023-01-16 22:59:08,123] uk.gov.pay.connector.events.StateTransitionEmitterProcess: Failed to emit new event for state transition [eventId=100] [eventType=PaymentEvent] [error=null]
WARN  [2023-01-16 22:59:08,123] uk.gov.pay.connector.events.StateTransitionEmitterProcess: Failed to emit new event for state transition [eventId=100] [eventType=PaymentEvent] [error=null]
[INFO] Tests run: 4, Failures: 0, Errors: 0, Skipped: 0, Time elapsed: 0.024 s - in uk.gov.pay.connector.events.StateTransitionEmitterProcessTest
[INFO] Running uk.gov.pay.connector.events.EventServiceTest
ERROR [2023-01-16 22:59:08,127] uk.gov.pay.connector.events.EventService: Failed to emit event PAYMENT_EVENT due to null [externalId=external-id]
ERROR [2023-01-16 22:59:08,128] uk.gov.pay.connector.events.EventService: Failed to emit event PAYMENT_EVENT due to null [externalId=external-id]
ERROR [2023-01-16 22:59:08,129] uk.gov.pay.connector.events.EventService: Failed to emit event PAYMENT_CREATED due to null [externalId=external-id]
[INFO] Tests run: 8, Failures: 0, Errors: 0, Skipped: 0, Time elapsed: 0.005 s - in uk.gov.pay.connector.events.EventServiceTest
[INFO] Running uk.gov.pay.connector.events.HistoricalEventEmitterServiceTest
[INFO] Tests run: 17, Failures: 0, Errors: 0, Skipped: 0, Time elapsed: 0.07 s - in uk.gov.pay.connector.events.HistoricalEventEmitterServiceTest
[INFO] Running uk.gov.pay.connector.paymentprocessor.service.Card3dsResponseAuthServiceTest
WARN  [2023-01-16 22:59:08,218] uk.gov.pay.connector.charge.model.domain.ChargeEntity: Charge with state AUTHORISATION READY cannot proceed to AUTHORISATION 3DS READY [charge_external_id=69ru063aklj6hd5qtef4j6ren4, charge_status=AUTHORISATION 3DS READY, event=Event{resourceExternalId='null', eventDetails=uk.gov.pay.connector.events.eventdetails.EmptyEventDetails, timestamp=null}]
WARN  [2023-01-16 22:59:08,219] uk.gov.pay.connector.charge.model.domain.ChargeEntity: Charge with state AUTHORISATION 3DS READY cannot proceed to AUTHORISATION 3DS READY [charge_external_id=oonfk2fvphp8v1qak9u9pvi2ei, charge_status=AUTHORISATION 3DS READY, event=Event{resourceExternalId='null', eventDetails=uk.gov.pay.connector.events.eventdetails.EmptyEventDetails, timestamp=null}]
WARN  [2023-01-16 22:59:08,225] uk.gov.pay.connector.charge.model.domain.ChargeEntity: Charge with state EXPIRED cannot proceed to AUTHORISATION 3DS READY [charge_external_id=v47mv8pa3pehut02h6udfebobg, charge_status=AUTHORISATION 3DS READY, event=Event{resourceExternalId='null', eventDetails=uk.gov.pay.connector.events.eventdetails.EmptyEventDetails, timestamp=null}]
[INFO] Tests run: 15, Failures: 0, Errors: 0, Skipped: 0, Time elapsed: 0.025 s - in uk.gov.pay.connector.paymentprocessor.service.Card3dsResponseAuthServiceTest
[INFO] Running uk.gov.pay.connector.paymentprocessor.service.CardCaptureServiceTest
ERROR [2023-01-16 22:59:08,240] uk.gov.pay.connector.paymentprocessor.service.CardCaptureService: CAPTURE_ERROR for charge [charge_external_id=external-id] - reached maximum number of capture attempts
WARN  [2023-01-16 22:59:08,250] uk.gov.pay.connector.charge.model.domain.ChargeEntity: Charge with state CAPTURE READY cannot proceed to CAPTURE READY [charge_external_id=88ca5q8tpve930p3pejb2gfvc7, charge_status=CAPTURE READY, event=Event{resourceExternalId='null', eventDetails=uk.gov.pay.connector.events.eventdetails.EmptyEventDetails, timestamp=null}]
ERROR [2023-01-16 22:59:08,252] uk.gov.pay.connector.paymentprocessor.service.CardCaptureService: Exception sending charge [kfh9s07db5bnpa34chgbqlk0fs] to capture queue
WARN  [2023-01-16 22:59:08,256] uk.gov.pay.connector.paymentprocessor.service.CardCaptureService: Card capture response received with no transaction id. - charge_external_id=51gft5539bcr7aa0tvt2hl7e1d
WARN  [2023-01-16 22:59:08,260] uk.gov.pay.connector.charge.model.domain.ChargeEntity: Charge with state ENTERING CARD DETAILS cannot proceed to CAPTURE READY [charge_external_id=i7peolkngjko8ri62039kj7gr9, charge_status=CAPTURE READY, event=Event{resourceExternalId='null', eventDetails=uk.gov.pay.connector.events.eventdetails.EmptyEventDetails, timestamp=null}]
WARN  [2023-01-16 22:59:08,262] uk.gov.pay.connector.charge.model.domain.ChargeEntity: Charge with state CAPTURE READY cannot proceed to CAPTURE APPROVED [charge_external_id=2f4lvchnip6k6eih4v0f2vmhn1, charge_status=CAPTURE APPROVED, event=Event{resourceExternalId='null', eventDetails=uk.gov.pay.connector.events.eventdetails.EmptyEventDetails, timestamp=null}]
ERROR [2023-01-16 22:59:08,263] uk.gov.pay.connector.paymentprocessor.service.CardCaptureService: CAPTURE_ERROR for charge [charge_external_id=iueq664ia0557l6fkbt4nj801q] - reached maximum number of capture attempts
[INFO] Tests run: 23, Failures: 0, Errors: 0, Skipped: 0, Time elapsed: 0.049 s - in uk.gov.pay.connector.paymentprocessor.service.CardCaptureServiceTest
[INFO] Running uk.gov.pay.connector.paymentprocessor.service.CardAuthoriseServiceTest
WARN  [2023-01-16 22:59:08,301] uk.gov.pay.connector.paymentprocessor.service.AuthorisationService: AuthCardDetails authorisation response received with no transaction id. -  charge_external_id=tv12rsehnb9bjjd3abt2qgdo65
WARN  [2023-01-16 22:59:08,304] uk.gov.pay.connector.paymentprocessor.service.AuthorisationService: AuthCardDetails authorisation response received with no transaction id. -  charge_external_id=2meamdpd0op4igqkpe9bt746mq
WARN  [2023-01-16 22:59:08,306] uk.gov.pay.connector.charge.model.domain.ChargeEntity: Charge with state CREATED cannot proceed to AUTHORISATION READY [charge_external_id=73cn7ifpkobsil7282a8eakpn6, charge_status=AUTHORISATION READY, event=Event{resourceExternalId='null', eventDetails=uk.gov.pay.connector.events.eventdetails.EmptyEventDetails, timestamp=null}]
WARN  [2023-01-16 22:59:08,323] uk.gov.pay.connector.charge.model.domain.ChargeEntity: Charge with state AUTHORISATION READY cannot proceed to AUTHORISATION READY [charge_external_id=tmebi07qbrug02gr6hc15qjmoo, charge_status=AUTHORISATION READY, event=Event{resourceExternalId='null', eventDetails=uk.gov.pay.connector.events.eventdetails.EmptyEventDetails, timestamp=null}]
WARN  [2023-01-16 22:59:08,327] uk.gov.pay.connector.paymentprocessor.service.AuthorisationService: AuthCardDetails authorisation response received with no transaction id. -  charge_external_id=t3mqi1dli5ugbh17gnp8vlgbq3
WARN  [2023-01-16 22:59:08,339] uk.gov.pay.connector.paymentprocessor.service.AuthorisationService: AuthCardDetails authorisation response received with no transaction id. -  charge_external_id=19tk2pm4oj0vq9vv10ilbaoh4n
ERROR [2023-01-16 22:59:08,343] uk.gov.pay.connector.paymentprocessor.service.CardAuthoriseService: AuthCardDetails authorisation failed pre operation. Card brand requires 3ds but Gateway account has 3ds disabled - charge_external_id=gbvid7qk0kd5ncnrskvkn960ud, operation_type=Authorisation, card_brand=visa
WARN  [2023-01-16 22:59:08,345] uk.gov.pay.connector.paymentprocessor.service.AuthorisationService: AuthCardDetails authorisation response received with no transaction id. -  charge_external_id=gtlk33939ceucsun7rdvmb3tbm
WARN  [2023-01-16 22:59:08,350] uk.gov.pay.connector.paymentprocessor.service.AuthorisationService: AuthCardDetails authorisation response received with no transaction id. -  charge_external_id=95lilidmb7aap39umu1kkfolf5
[INFO] Tests run: 25, Failures: 0, Errors: 0, Skipped: 0, Time elapsed: 0.072 s - in uk.gov.pay.connector.paymentprocessor.service.CardAuthoriseServiceTest
[INFO] Running uk.gov.pay.connector.paymentprocessor.service.CardCaptureProcessTest
[INFO] Tests run: 4, Failures: 0, Errors: 0, Skipped: 0, Time elapsed: 0.02 s - in uk.gov.pay.connector.paymentprocessor.service.CardCaptureProcessTest
[INFO] Running uk.gov.pay.connector.report.resource.ParityCheckerResourceTest
[INFO] Tests run: 4, Failures: 0, Errors: 0, Skipped: 0, Time elapsed: 0.065 s - in uk.gov.pay.connector.report.resource.ParityCheckerResourceTest
[INFO] Running uk.gov.pay.connector.report.ParityCheckerServiceTest
[INFO] Tests run: 13, Failures: 0, Errors: 0, Skipped: 0, Time elapsed: 0.03 s - in uk.gov.pay.connector.report.ParityCheckerServiceTest
[INFO] Running uk.gov.pay.connector.filters.SchemeRewriteFilterTest
[INFO] Tests run: 1, Failures: 0, Errors: 0, Skipped: 0, Time elapsed: 0.008 s - in uk.gov.pay.connector.filters.SchemeRewriteFilterTest
[INFO] Running uk.gov.pay.connector.app.RestClientFactoryTest
[INFO] Tests run: 2, Failures: 0, Errors: 0, Skipped: 0, Time elapsed: 0.009 s - in uk.gov.pay.connector.app.RestClientFactoryTest
[INFO] Running uk.gov.pay.connector.app.validator.SqsConfigValidatorTest
[INFO] Tests run: 5, Failures: 0, Errors: 0, Skipped: 0, Time elapsed: 0.009 s - in uk.gov.pay.connector.app.validator.SqsConfigValidatorTest
[INFO] Running uk.gov.pay.connector.expunge.service.ChargeExpungeServiceTest
[INFO] Tests run: 13, Failures: 0, Errors: 0, Skipped: 0, Time elapsed: 0.024 s - in uk.gov.pay.connector.expunge.service.ChargeExpungeServiceTest
[INFO] Running uk.gov.pay.connector.expunge.service.ExpungeServiceTest
[INFO] Tests run: 2, Failures: 0, Errors: 0, Skipped: 0, Time elapsed: 0.007 s - in uk.gov.pay.connector.expunge.service.ExpungeServiceTest
[INFO] Running uk.gov.pay.connector.expunge.service.RefundExpungeServiceTest
[INFO] Tests run: 6, Failures: 0, Errors: 0, Skipped: 0, Time elapsed: 0.007 s - in uk.gov.pay.connector.expunge.service.RefundExpungeServiceTest
[INFO] Running uk.gov.pay.connector.chargeevent.model.domain.LocalDateTimeConverterTest
[INFO] Tests run: 2, Failures: 0, Errors: 0, Skipped: 0, Time elapsed: 0 s - in uk.gov.pay.connector.chargeevent.model.domain.LocalDateTimeConverterTest
[INFO] Running uk.gov.pay.connector.northamericaregion.CanadaPostalcodeToProvinceOrTerritoryMapperTest
[INFO] Tests run: 4, Failures: 0, Errors: 0, Skipped: 0, Time elapsed: 0 s - in uk.gov.pay.connector.northamericaregion.CanadaPostalcodeToProvinceOrTerritoryMapperTest
[INFO] Running uk.gov.pay.connector.northamericaregion.UsZipCodeToStateMapperTest
[INFO] Tests run: 8, Failures: 0, Errors: 0, Skipped: 0, Time elapsed: 0 s - in uk.gov.pay.connector.northamericaregion.UsZipCodeToStateMapperTest
[INFO] Running uk.gov.pay.connector.northamericaregion.NorthAmericanRegionMapperTest
[INFO] Tests run: 3, Failures: 0, Errors: 0, Skipped: 0, Time elapsed: 0.001 s - in uk.gov.pay.connector.northamericaregion.NorthAmericanRegionMapperTest
[INFO] Running uk.gov.pay.connector.util.WorldpayXMLUnmarshallerTest
[INFO] Tests run: 13, Failures: 0, Errors: 0, Skipped: 0, Time elapsed: 0.04 s - in uk.gov.pay.connector.util.WorldpayXMLUnmarshallerTest
[INFO] Running uk.gov.pay.connector.util.ReverseDnsLookupTest
[INFO] Tests run: 2, Failures: 0, Errors: 0, Skipped: 0, Time elapsed: 0.029 s - in uk.gov.pay.connector.util.ReverseDnsLookupTest
[INFO] Running uk.gov.pay.connector.util.ApplicationStartupApplicationStartupDependentResourceCheckerTest
[INFO] Tests run: 3, Failures: 0, Errors: 0, Skipped: 0, Time elapsed: 0.034 s - in uk.gov.pay.connector.util.ApplicationStartupApplicationStartupDependentResourceCheckerTest
[INFO] Running uk.gov.pay.connector.util.SmartpayXMLUnmarshallerTest
[INFO] Tests run: 9, Failures: 0, Errors: 0, Skipped: 0, Time elapsed: 0.024 s - in uk.gov.pay.connector.util.SmartpayXMLUnmarshallerTest
[INFO] Running uk.gov.pay.connector.util.XMLUnmarshallerSecurityTest
[INFO] Tests run: 5, Failures: 0, Errors: 0, Skipped: 0, Time elapsed: 0.016 s - in uk.gov.pay.connector.util.XMLUnmarshallerSecurityTest
[INFO] Running uk.gov.pay.connector.util.JsonObjectMapperTest
[INFO] Tests run: 2, Failures: 0, Errors: 0, Skipped: 0, Time elapsed: 0.002 s - in uk.gov.pay.connector.util.JsonObjectMapperTest
[INFO] Running uk.gov.pay.connector.util.DnsPointerResourceRecordTest
[INFO] Tests run: 1, Failures: 0, Errors: 0, Skipped: 0, Time elapsed: 0.001 s - in uk.gov.pay.connector.util.DnsPointerResourceRecordTest
[INFO] Running uk.gov.pay.connector.util.IpDomainMatcherTest
ERROR [2023-01-16 22:59:08,726] uk.gov.pay.connector.util.IpDomainMatcher: Reverse DNS Lookup failed: Host not found for ip address 'not-an-ip'
ERROR [2023-01-16 22:59:08,726] uk.gov.pay.connector.util.IpDomainMatcher: Reverse DNS Lookup failed: null
ERROR [2023-01-16 22:59:08,730] uk.gov.pay.connector.util.IpDomainMatcher: Reverse DNS lookup on ip '8.8.8.8' - resolved domain 'dns.google.' does not match 'worldpay.com'
[INFO] Tests run: 3, Failures: 0, Errors: 0, Skipped: 0, Time elapsed: 0.012 s - in uk.gov.pay.connector.util.IpDomainMatcherTest
[INFO] Running uk.gov.pay.connector.util.RandomIdGeneratorTest
[INFO] Tests run: 4, Failures: 0, Errors: 0, Skipped: 0, Time elapsed: 0.015 s - in uk.gov.pay.connector.util.RandomIdGeneratorTest
[INFO] Running uk.gov.pay.connector.util.DateTimeUtilsTest
[INFO] Tests run: 7, Failures: 0, Errors: 0, Skipped: 0, Time elapsed: 0.012 s - in uk.gov.pay.connector.util.DateTimeUtilsTest
[INFO] Running uk.gov.pay.connector.util.EpdqXMLUnmarshallerTest
[INFO] Tests run: 11, Failures: 0, Errors: 0, Skipped: 0, Time elapsed: 0.032 s - in uk.gov.pay.connector.util.EpdqXMLUnmarshallerTest
[INFO] Running uk.gov.pay.connector.common.model.domain.PrefilledAddressTest
[INFO] Tests run: 4, Failures: 0, Errors: 0, Skipped: 0, Time elapsed: 0 s - in uk.gov.pay.connector.common.model.domain.PrefilledAddressTest
[INFO] Running uk.gov.pay.connector.common.model.domain.PaymentGatewayStateTransitionsTest
[INFO] Tests run: 41, Failures: 0, Errors: 0, Skipped: 0, Time elapsed: 0.005 s - in uk.gov.pay.connector.common.model.domain.PaymentGatewayStateTransitionsTest
[INFO] Running uk.gov.pay.connector.common.model.domain.NumbersInStringsSanitizerTest
[INFO] Tests run: 5, Failures: 0, Errors: 0, Skipped: 0, Time elapsed: 0.001 s - in uk.gov.pay.connector.common.model.domain.NumbersInStringsSanitizerTest
[INFO] Running uk.gov.pay.connector.common.model.api.ExternalRefundStatusMapTest
[INFO] Tests run: 4, Failures: 0, Errors: 0, Skipped: 0, Time elapsed: 0 s - in uk.gov.pay.connector.common.model.api.ExternalRefundStatusMapTest
[INFO] Running uk.gov.pay.connector.queue.payout.PayoutReconcileQueueTest
[INFO] Tests run: 2, Failures: 0, Errors: 0, Skipped: 0, Time elapsed: 0.016 s - in uk.gov.pay.connector.queue.payout.PayoutReconcileQueueTest
[INFO] Running uk.gov.pay.connector.queue.StateTransitionQueueTest
[INFO] Tests run: 2, Failures: 0, Errors: 0, Skipped: 0, Time elapsed: 0.301 s - in uk.gov.pay.connector.queue.StateTransitionQueueTest
[INFO] Running uk.gov.pay.connector.queue.CaptureQueueTest
[INFO] Tests run: 2, Failures: 0, Errors: 0, Skipped: 0, Time elapsed: 0.01 s - in uk.gov.pay.connector.queue.CaptureQueueTest
[INFO] Running uk.gov.pay.connector.queue.StateTransitionServiceTest
[INFO] Tests run: 4, Failures: 0, Errors: 0, Skipped: 0, Time elapsed: 0.021 s - in uk.gov.pay.connector.queue.StateTransitionServiceTest
[INFO] Running uk.gov.pay.connector.queue.sqs.SqsQueueServiceTest
ERROR [2023-01-16 22:59:09,202] uk.gov.pay.connector.queue.sqs.SqsQueueService: Failed sending message to SQS queue - null (Service: null; Status Code: 0; Error Code: null; Request ID: null)
ERROR [2023-01-16 22:59:09,203] uk.gov.pay.connector.queue.sqs.SqsQueueService: Failed to receive messages from SQS queue - null (Service: null; Status Code: 0; Error Code: null; Request ID: null)
[INFO] Tests run: 5, Failures: 0, Errors: 0, Skipped: 0, Time elapsed: 0.028 s - in uk.gov.pay.connector.queue.sqs.SqsQueueServiceTest
[INFO] Running uk.gov.pay.connector.wallets.applepay.ApplePayServiceTest
[INFO] Tests run: 2, Failures: 0, Errors: 0, Skipped: 0, Time elapsed: 0.013 s - in uk.gov.pay.connector.wallets.applepay.ApplePayServiceTest
[INFO] Running uk.gov.pay.connector.wallets.googlepay.api.GooglePayAuthRequestTest
[INFO] Tests run: 1, Failures: 0, Errors: 0, Skipped: 0, Time elapsed: 0.001 s - in uk.gov.pay.connector.wallets.googlepay.api.GooglePayAuthRequestTest
[INFO] Running uk.gov.pay.connector.wallets.googlepay.GooglePayServiceTest
[INFO] Tests run: 3, Failures: 0, Errors: 0, Skipped: 0, Time elapsed: 0.008 s - in uk.gov.pay.connector.wallets.googlepay.GooglePayServiceTest
[INFO] Running uk.gov.pay.connector.wallets.WalletAuthoriseServiceForGooglePay3dsTest
[INFO] Tests run: 1, Failures: 0, Errors: 0, Skipped: 0, Time elapsed: 0.024 s - in uk.gov.pay.connector.wallets.WalletAuthoriseServiceForGooglePay3dsTest
[INFO] Running uk.gov.pay.connector.wallets.WalletAuthoriseServiceTest
ERROR [2023-01-16 22:59:09,269] uk.gov.pay.connector.wallets.WalletAuthoriseService: Error occurred authorising charge. Charge external id: bkbhtjlt8mnk6hdng82khsaa3f; message: Mock for WorldpayOrderStatusResponse, hashCode: 179833649
WARN  [2023-01-16 22:59:09,269] uk.gov.pay.connector.paymentprocessor.service.AuthorisationService: AuthCardDetails authorisation response received with no transaction id. -  charge_external_id=bkbhtjlt8mnk6hdng82khsaa3f
WARN  [2023-01-16 22:59:09,274] uk.gov.pay.connector.charge.model.domain.ChargeEntity: Charge with state CREATED cannot proceed to AUTHORISATION READY [charge_external_id=9n7fivb4bvibokjuj1tf89hcne, charge_status=AUTHORISATION READY, event=Event{resourceExternalId='null', eventDetails=uk.gov.pay.connector.events.eventdetails.EmptyEventDetails, timestamp=null}]
WARN  [2023-01-16 22:59:09,297] uk.gov.pay.connector.charge.model.domain.ChargeEntity: Charge with state AUTHORISATION READY cannot proceed to AUTHORISATION READY [charge_external_id=7tktlu2ncrjlsr7r5p9cdn80hv, charge_status=AUTHORISATION READY, event=Event{resourceExternalId='null', eventDetails=uk.gov.pay.connector.events.eventdetails.EmptyEventDetails, timestamp=null}]
ERROR [2023-01-16 22:59:09,303] uk.gov.pay.connector.wallets.WalletAuthoriseService: Error occurred authorising charge. Charge external id: fog9gbopt68o0dlavubpbc22of; message: Malformed response received
ERROR [2023-01-16 22:59:09,303] uk.gov.pay.connector.wallets.WalletAuthoriseService: Response from gateway: null
WARN  [2023-01-16 22:59:09,304] uk.gov.pay.connector.paymentprocessor.service.AuthorisationService: AuthCardDetails authorisation response received with no transaction id. -  charge_external_id=fog9gbopt68o0dlavubpbc22of
ERROR [2023-01-16 22:59:09,316] uk.gov.pay.connector.wallets.WalletAuthoriseService: Error occurred authorising charge. Charge external id: u4q5evtbur5am5ld9ubpgb264d; message: Mock for WorldpayOrderStatusResponse, hashCode: 164092742
WARN  [2023-01-16 22:59:09,316] uk.gov.pay.connector.paymentprocessor.service.AuthorisationService: AuthCardDetails authorisation response received with no transaction id. -  charge_external_id=u4q5evtbur5am5ld9ubpgb264d
ERROR [2023-01-16 22:59:09,324] uk.gov.pay.connector.wallets.WalletAuthoriseService: Error occurred authorising charge. Charge external id: phqeurippu8hcrij9ujos1j0nt; message: Connection timed out
WARN  [2023-01-16 22:59:09,325] uk.gov.pay.connector.paymentprocessor.service.AuthorisationService: AuthCardDetails authorisation response received with no transaction id. -  charge_external_id=phqeurippu8hcrij9ujos1j0nt
ERROR [2023-01-16 22:59:09,331] uk.gov.pay.connector.wallets.WalletAuthoriseService: Error occurred authorising charge. Charge external id: mtt081huomi54v37amkqj7riv4; message: Mock for WorldpayOrderStatusResponse, hashCode: 1601680752
WARN  [2023-01-16 22:59:09,332] uk.gov.pay.connector.paymentprocessor.service.AuthorisationService: AuthCardDetails authorisation response received with no transaction id. -  charge_external_id=mtt081huomi54v37amkqj7riv4
[INFO] Tests run: 19, Failures: 0, Errors: 0, Skipped: 0, Time elapsed: 0.079 s - in uk.gov.pay.connector.wallets.WalletAuthoriseServiceTest
[INFO] Running uk.gov.pay.connector.tasks.service.ChargeParityCheckerTest
[INFO] Tests run: 22, Failures: 0, Errors: 0, Skipped: 0, Time elapsed: 0.022 s - in uk.gov.pay.connector.tasks.service.ChargeParityCheckerTest
[INFO] Running uk.gov.pay.connector.tasks.service.RefundParityCheckerTest
[INFO] Tests run: 8, Failures: 0, Errors: 0, Skipped: 0, Time elapsed: 0.003 s - in uk.gov.pay.connector.tasks.service.RefundParityCheckerTest
[INFO] Running uk.gov.pay.connector.tasks.ParityCheckServiceTest
[INFO] Tests run: 5, Failures: 0, Errors: 0, Skipped: 0, Time elapsed: 0.006 s - in uk.gov.pay.connector.tasks.ParityCheckServiceTest
[INFO] Running uk.gov.pay.connector.usernotification.model.NotificationsTest
[INFO] Tests run: 2, Failures: 0, Errors: 0, Skipped: 0, Time elapsed: 0.001 s - in uk.gov.pay.connector.usernotification.model.NotificationsTest
[INFO] Running uk.gov.pay.connector.usernotification.model.EvaluatedChargeStatusNotificationTest
[INFO] Tests run: 1, Failures: 0, Errors: 0, Skipped: 0, Time elapsed: 0.001 s - in uk.gov.pay.connector.usernotification.model.EvaluatedChargeStatusNotificationTest
[INFO] Running uk.gov.pay.connector.usernotification.model.EvaluatedRefundStatusNotificationTest
[INFO] Tests run: 1, Failures: 0, Errors: 0, Skipped: 0, Time elapsed: 0.001 s - in uk.gov.pay.connector.usernotification.model.EvaluatedRefundStatusNotificationTest
[INFO] Running uk.gov.pay.connector.usernotification.service.UserNotificationServiceTest
WARN  [2023-01-16 22:59:09,423] uk.gov.pay.connector.usernotification.service.UserNotificationService: Email notifications is disabled by configuration
ERROR [2023-01-16 22:59:09,478] uk.gov.pay.connector.usernotification.service.UserNotificationService: Failed to send PAYMENT_CONFIRMED email - charge_external_id=d2t1fv40ukashk70jn1crinpbo
! uk.gov.service.notify.NotificationClientException: null
WARN  [2023-01-16 22:59:09,538] uk.gov.pay.connector.usernotification.service.UserNotificationService: Cannot send email for charge_external_id = lhbb4qnfihrdn1l82b8qjie3md because the charge does not have an email address
ERROR [2023-01-16 22:59:09,553] uk.gov.pay.connector.usernotification.service.UserNotificationService: Failed to send REFUND_ISSUED email - charge_external_id=8kif0hsumos8s90cdvc0mqssuh
! uk.gov.service.notify.NotificationClientException: null
WARN  [2023-01-16 22:59:09,557] uk.gov.pay.connector.usernotification.service.UserNotificationService: Email notifications is disabled by configuration
[INFO] Tests run: 22, Failures: 0, Errors: 0, Skipped: 0, Time elapsed: 0.169 s - in uk.gov.pay.connector.usernotification.service.UserNotificationServiceTest
[INFO] Running uk.gov.pay.connector.usernotification.service.GatewayAccountNotificationCredentialsServiceTest
[INFO] Tests run: 3, Failures: 0, Errors: 0, Skipped: 0, Time elapsed: 0.003 s - in uk.gov.pay.connector.usernotification.service.GatewayAccountNotificationCredentialsServiceTest
[INFO] Running uk.gov.pay.connector.usernotification.service.UserNotificationServiceEmailCollectionModeTest
[INFO] Tests run: 4, Failures: 0, Errors: 0, Skipped: 0, Time elapsed: 0.007 s - in uk.gov.pay.connector.usernotification.service.UserNotificationServiceEmailCollectionModeTest
[INFO] Running uk.gov.pay.connector.resources.PerformanceReportResourceTest
[INFO] Tests run: 2, Failures: 0, Errors: 0, Skipped: 0, Time elapsed: 0.148 s - in uk.gov.pay.connector.resources.PerformanceReportResourceTest
[INFO] Running uk.gov.pay.connector.resources.ApiValidatorsTest
[INFO] Tests run: 23, Failures: 0, Errors: 0, Skipped: 0, Time elapsed: 0.026 s - in uk.gov.pay.connector.resources.ApiValidatorsTest
[INFO] Running uk.gov.pay.connector.resources.AuthCardDetailsValidatorTest
[INFO] Tests run: 52, Failures: 0, Errors: 0, Skipped: 0, Time elapsed: 0.035 s - in uk.gov.pay.connector.resources.AuthCardDetailsValidatorTest
[INFO] Running uk.gov.pay.connector.resources.GatewayAccountPerformanceReportResourceTest
[INFO] Tests run: 2, Failures: 0, Errors: 0, Skipped: 0, Time elapsed: 0.002 s - in uk.gov.pay.connector.resources.GatewayAccountPerformanceReportResourceTest
[INFO] Running uk.gov.pay.connector.it.util.XMLUnmarshallerTest
[ERROR] Tests run: 1, Failures: 0, Errors: 1, Skipped: 0, Time elapsed: 0.113 s <<< FAILURE! - in uk.gov.pay.connector.it.util.XMLUnmarshallerTest
[ERROR] uk.gov.pay.connector.it.util.XMLUnmarshallerTest.shouldUnmarshallXmlIgnoringDTD  Time elapsed: 0.108 s  <<< ERROR!
java.lang.NoClassDefFoundError: org/eclipse/jetty/io/ChannelEndPoint
	at uk.gov.pay.connector.it.util.XMLUnmarshallerTest.<init>(XMLUnmarshallerTest.java:24)
Caused by: java.lang.ClassNotFoundException: org.eclipse.jetty.io.ChannelEndPoint
	at uk.gov.pay.connector.it.util.XMLUnmarshallerTest.<init>(XMLUnmarshallerTest.java:24)

[INFO] Running uk.gov.pay.connector.it.resources.PayersCardTypesResourceITest
[WARNING] Tests run: 6, Failures: 0, Errors: 0, Skipped: 5, Time elapsed: 0.063 s - in uk.gov.pay.connector.it.resources.PayersCardTypesResourceITest
[INFO] Running uk.gov.pay.connector.healthcheck.PingTest
[INFO] Tests run: 1, Failures: 0, Errors: 0, Skipped: 0, Time elapsed: 0.001 s - in uk.gov.pay.connector.healthcheck.PingTest
[INFO] 
[INFO] Results:
[INFO] 
[ERROR] Errors: 
[ERROR]   XMLUnmarshallerTest.<init>:24  NoClassDefFound org/eclipse/jetty/io/ChannelEn...
[INFO] 
[ERROR] Tests run: 1686, Failures: 0, Errors: 1, Skipped: 7
[INFO] 
[INFO] ------------------------------------------------------------------------
[INFO] BUILD FAILURE
[INFO] ------------------------------------------------------------------------
[INFO] Total time:  25.118 s
[INFO] Finished at: 2023-01-16T22:59:10Z
[INFO] ------------------------------------------------------------------------
[ERROR] Failed to execute goal org.apache.maven.plugins:maven-surefire-plugin:3.0.0-M5:test (default-test) on project pay-connector: There are test failures.
[ERROR] 
[ERROR] Please refer to /home/gabsko/breaking-updates/target/surefire-reports for the individual test results.
[ERROR] Please refer to dump files (if any exist) [date].dump, [date]-jvmRun[N].dump and [date].dumpstream.
[ERROR] -> [Help 1]
[ERROR] 
[ERROR] To see the full stack trace of the errors, re-run Maven with the -e switch.
[ERROR] Re-run Maven using the -X switch to enable full debug logging.
[ERROR] 
[ERROR] For more information about the errors and possible solutions, please read the following articles:
[ERROR] [Help 1] http://cwiki.apache.org/confluence/display/MAVEN/MojoFailureException
