[INFO] Scanning for projects...
[INFO] 
[INFO] ---------------------< org.mybatis:mybatis-spring >---------------------
[INFO] Building mybatis-spring 2.1.0-SNAPSHOT
[INFO] --------------------------------[ jar ]---------------------------------
[INFO] 
[INFO] --- maven-clean-plugin:3.1.0:clean (default-clean) @ mybatis-spring ---
[INFO] Deleting /home/gabsko/breaking-updates/target
[INFO] 
[INFO] --- maven-enforcer-plugin:3.0.0:enforce (enforce-java) @ mybatis-spring ---
[INFO] 
[INFO] --- jacoco-maven-plugin:0.8.7:prepare-agent (prepare-agent) @ mybatis-spring ---
[INFO] argLine set to -javaagent:/home/gabsko/.m2/repository/org/jacoco/org.jacoco.agent/0.8.7/org.jacoco.agent-0.8.7-runtime.jar=destfile=/home/gabsko/breaking-updates/target/jacoco.exec
[INFO] 
[INFO] --- whitespace-maven-plugin:1.0.4:trim (default) @ mybatis-spring ---
[INFO] 
[INFO] --- formatter-maven-plugin:2.16.0:format (default) @ mybatis-spring ---
[INFO] Using 'UTF-8' encoding to format source files.
[INFO] Formatting is skipped for types: XML
[INFO] Number of files to be formatted: 147
[INFO] Successfully formatted:          0 file(s)
[INFO] Fail to format:                  0 file(s)
[INFO] Skipped:                         147 file(s)
[INFO] Read only skipped:               0 file(s)
[INFO] Approximate time taken:          1s
[INFO] 
[INFO] --- impsort-maven-plugin:1.6.2:sort (default) @ mybatis-spring ---
[INFO] Processed 119 files in 00:00.553 (Already Sorted: 119, Needed Sorting: 0)
[INFO] 
[INFO] --- license-maven-plugin:4.2.rc2:format (default) @ mybatis-spring ---
[INFO] Updating license headers...
[WARNING] Unknown file extension: /home/gabsko/breaking-updates/src/main/resources/META-INF/spring.schemas
[WARNING] Unknown file extension: /home/gabsko/breaking-updates/src/main/resources/META-INF/spring.handlers
[INFO] Updating license header in: /home/gabsko/breaking-updates/src/main/java/org/mybatis/spring/SqlSessionTemplate.java
[WARNING] Unable to find a comment style definition for some files. You may want to add a custom mapping for the relevant file extensions.
[INFO] 
[INFO] --- maven-resources-plugin:3.2.0:resources (default-resources) @ mybatis-spring ---
[INFO] Using 'UTF-8' encoding to copy filtered resources.
[INFO] Using 'UTF-8' encoding to copy filtered properties files.
[INFO] Copying 2 resources to META-INF
[INFO] Copying 3 resources
[INFO] Copying 70 resources to /home/gabsko/breaking-updates/target/site-src
[INFO] 
[INFO] --- maven-compiler-plugin:3.9.0:compile (default-compile) @ mybatis-spring ---
[INFO] Compiling 33 source files to /home/gabsko/breaking-updates/target/classes
[INFO] /home/gabsko/breaking-updates/src/main/java/org/mybatis/spring/SqlSessionUtils.java: /home/gabsko/breaking-updates/src/main/java/org/mybatis/spring/SqlSessionUtils.java uses or overrides a deprecated API.
[INFO] /home/gabsko/breaking-updates/src/main/java/org/mybatis/spring/SqlSessionUtils.java: Recompile with -Xlint:deprecation for details.
[INFO] 
[INFO] --- animal-sniffer-maven-plugin:1.21:check (check-java-compat) @ mybatis-spring ---
[INFO] Checking unresolved references to org.codehaus.mojo.signature:java18:1.0
[INFO] 
[INFO] --- maven-bundle-plugin:5.1.4:manifest (bundle-manifest) @ mybatis-spring ---
[INFO] Writing manifest: /home/gabsko/breaking-updates/target/osgi/MANIFEST.MF
[INFO] 
[INFO] --- maven-resources-plugin:3.2.0:testResources (default-testResources) @ mybatis-spring ---
[INFO] Using 'UTF-8' encoding to copy filtered resources.
[INFO] Using 'UTF-8' encoding to copy filtered properties files.
[INFO] Copying 39 resources
[INFO] 
[INFO] --- maven-compiler-plugin:3.9.0:testCompile (default-testCompile) @ mybatis-spring ---
[INFO] Compiling 86 source files to /home/gabsko/breaking-updates/target/test-classes
[INFO] /home/gabsko/breaking-updates/src/test/java/org/mybatis/spring/mapper/MapperScannerConfigurerTest.java: Some input files use or override a deprecated API.
[INFO] /home/gabsko/breaking-updates/src/test/java/org/mybatis/spring/mapper/MapperScannerConfigurerTest.java: Recompile with -Xlint:deprecation for details.
[INFO] 
[INFO] --- maven-surefire-plugin:3.0.0-M5:test (default-test) @ mybatis-spring ---
[INFO] 
[INFO] -------------------------------------------------------
[INFO]  T E S T S
[INFO] -------------------------------------------------------
[INFO] Running org.mybatis.spring.transaction.SpringTransactionManagerTest
[INFO] Tests run: 4, Failures: 0, Errors: 0, Skipped: 0, Time elapsed: 0.393 s - in org.mybatis.spring.transaction.SpringTransactionManagerTest
[INFO] Running org.mybatis.spring.config.NamespaceTest
[INFO] Tests run: 10, Failures: 0, Errors: 0, Skipped: 0, Time elapsed: 0.992 s - in org.mybatis.spring.config.NamespaceTest
[INFO] Running org.mybatis.spring.batch.MyBatisBatchItemWriterTest
[INFO] Tests run: 5, Failures: 0, Errors: 0, Skipped: 0, Time elapsed: 0.59 s - in org.mybatis.spring.batch.MyBatisBatchItemWriterTest
[INFO] Running org.mybatis.spring.batch.SpringBatchTest
[main] INFO org.springframework.test.context.support.DefaultTestContextBootstrapper - Loaded default TestExecutionListener class names from location [META-INF/spring.factories]: [org.springframework.test.context.web.ServletTestExecutionListener, org.springframework.test.context.support.DirtiesContextBeforeModesTestExecutionListener, org.springframework.test.context.event.ApplicationEventsTestExecutionListener, org.springframework.test.context.support.DependencyInjectionTestExecutionListener, org.springframework.test.context.support.DirtiesContextTestExecutionListener, org.springframework.test.context.transaction.TransactionalTestExecutionListener, org.springframework.test.context.jdbc.SqlScriptsTestExecutionListener, org.springframework.test.context.event.EventPublishingTestExecutionListener]
[main] INFO org.springframework.test.context.support.DefaultTestContextBootstrapper - Using TestExecutionListeners: [org.springframework.test.context.support.DirtiesContextBeforeModesTestExecutionListener@17143892, org.springframework.test.context.event.ApplicationEventsTestExecutionListener@5770b59f, org.springframework.test.context.support.DependencyInjectionTestExecutionListener@3c89f754, org.springframework.test.context.support.DirtiesContextTestExecutionListener@4d2d95e6, org.springframework.test.context.transaction.TransactionalTestExecutionListener@7bcbf479, org.springframework.test.context.jdbc.SqlScriptsTestExecutionListener@29457ad2, org.springframework.test.context.event.EventPublishingTestExecutionListener@5a050bf9]
[main] INFO org.springframework.jdbc.datasource.embedded.EmbeddedDatabaseFactory - Starting embedded database: url='jdbc:hsqldb:mem:dataSource', username='sa'
[main] INFO org.springframework.test.context.transaction.TransactionContext - Began transaction (1) for test context [DefaultTestContext@10481c77 testClass = SpringBatchTest, testInstance = org.mybatis.spring.batch.SpringBatchTest@7bc1fd7e, testMethod = shouldDuplicateSalaryOfAllEmployees@SpringBatchTest, testException = [null], mergedContextConfiguration = [MergedContextConfiguration@48c2429c testClass = SpringBatchTest, locations = '{classpath:org/mybatis/spring/batch/applicationContext.xml}', classes = '{}', contextInitializerClasses = '[]', activeProfiles = '{}', propertySourceLocations = '{}', propertySourceProperties = '{}', contextCustomizers = set[[empty]], contextLoader = 'org.springframework.test.context.support.DelegatingSmartContextLoader', parent = [null]], attributes = map['org.springframework.test.context.event.ApplicationEventsTestExecutionListener.recordApplicationEvents' -> false]]; transaction manager [org.springframework.jdbc.datasource.DataSourceTransactionManager@624cdb95]; rollback [true]
[main] INFO org.springframework.test.context.transaction.TransactionContext - Rolled back transaction for test: [DefaultTestContext@10481c77 testClass = SpringBatchTest, testInstance = org.mybatis.spring.batch.SpringBatchTest@7bc1fd7e, testMethod = shouldDuplicateSalaryOfAllEmployees@SpringBatchTest, testException = [null], mergedContextConfiguration = [MergedContextConfiguration@48c2429c testClass = SpringBatchTest, locations = '{classpath:org/mybatis/spring/batch/applicationContext.xml}', classes = '{}', contextInitializerClasses = '[]', activeProfiles = '{}', propertySourceLocations = '{}', propertySourceProperties = '{}', contextCustomizers = set[[empty]], contextLoader = 'org.springframework.test.context.support.DelegatingSmartContextLoader', parent = [null]], attributes = map['org.springframework.test.context.event.ApplicationEventsTestExecutionListener.recordApplicationEvents' -> false]]
[main] INFO org.springframework.test.context.transaction.TransactionContext - Began transaction (1) for test context [DefaultTestContext@10481c77 testClass = SpringBatchTest, testInstance = org.mybatis.spring.batch.SpringBatchTest@1913cde9, testMethod = checkPagingReadingWithNestedInResultMap@SpringBatchTest, testException = [null], mergedContextConfiguration = [MergedContextConfiguration@48c2429c testClass = SpringBatchTest, locations = '{classpath:org/mybatis/spring/batch/applicationContext.xml}', classes = '{}', contextInitializerClasses = '[]', activeProfiles = '{}', propertySourceLocations = '{}', propertySourceProperties = '{}', contextCustomizers = set[[empty]], contextLoader = 'org.springframework.test.context.support.DelegatingSmartContextLoader', parent = [null]], attributes = map['org.springframework.test.context.event.ApplicationEventsTestExecutionListener.recordApplicationEvents' -> false]]; transaction manager [org.springframework.jdbc.datasource.DataSourceTransactionManager@624cdb95]; rollback [true]
[main] INFO org.springframework.test.context.transaction.TransactionContext - Rolled back transaction for test: [DefaultTestContext@10481c77 testClass = SpringBatchTest, testInstance = org.mybatis.spring.batch.SpringBatchTest@1913cde9, testMethod = checkPagingReadingWithNestedInResultMap@SpringBatchTest, testException = [null], mergedContextConfiguration = [MergedContextConfiguration@48c2429c testClass = SpringBatchTest, locations = '{classpath:org/mybatis/spring/batch/applicationContext.xml}', classes = '{}', contextInitializerClasses = '[]', activeProfiles = '{}', propertySourceLocations = '{}', propertySourceProperties = '{}', contextCustomizers = set[[empty]], contextLoader = 'org.springframework.test.context.support.DelegatingSmartContextLoader', parent = [null]], attributes = map['org.springframework.test.context.event.ApplicationEventsTestExecutionListener.recordApplicationEvents' -> false]]
[main] INFO org.springframework.test.context.transaction.TransactionContext - Began transaction (1) for test context [DefaultTestContext@10481c77 testClass = SpringBatchTest, testInstance = org.mybatis.spring.batch.SpringBatchTest@fa230d1, testMethod = checkCursorReadingWithNestedInResultMap@SpringBatchTest, testException = [null], mergedContextConfiguration = [MergedContextConfiguration@48c2429c testClass = SpringBatchTest, locations = '{classpath:org/mybatis/spring/batch/applicationContext.xml}', classes = '{}', contextInitializerClasses = '[]', activeProfiles = '{}', propertySourceLocations = '{}', propertySourceProperties = '{}', contextCustomizers = set[[empty]], contextLoader = 'org.springframework.test.context.support.DelegatingSmartContextLoader', parent = [null]], attributes = map['org.springframework.test.context.event.ApplicationEventsTestExecutionListener.recordApplicationEvents' -> false]]; transaction manager [org.springframework.jdbc.datasource.DataSourceTransactionManager@624cdb95]; rollback [true]
[main] INFO org.springframework.test.context.transaction.TransactionContext - Rolled back transaction for test: [DefaultTestContext@10481c77 testClass = SpringBatchTest, testInstance = org.mybatis.spring.batch.SpringBatchTest@fa230d1, testMethod = checkCursorReadingWithNestedInResultMap@SpringBatchTest, testException = [null], mergedContextConfiguration = [MergedContextConfiguration@48c2429c testClass = SpringBatchTest, locations = '{classpath:org/mybatis/spring/batch/applicationContext.xml}', classes = '{}', contextInitializerClasses = '[]', activeProfiles = '{}', propertySourceLocations = '{}', propertySourceProperties = '{}', contextCustomizers = set[[empty]], contextLoader = 'org.springframework.test.context.support.DelegatingSmartContextLoader', parent = [null]], attributes = map['org.springframework.test.context.event.ApplicationEventsTestExecutionListener.recordApplicationEvents' -> false]]
[main] INFO org.springframework.test.context.transaction.TransactionContext - Began transaction (1) for test context [DefaultTestContext@10481c77 testClass = SpringBatchTest, testInstance = org.mybatis.spring.batch.SpringBatchTest@72ec0943, testMethod = checkCursorReadingWithoutNestedInResultMap@SpringBatchTest, testException = [null], mergedContextConfiguration = [MergedContextConfiguration@48c2429c testClass = SpringBatchTest, locations = '{classpath:org/mybatis/spring/batch/applicationContext.xml}', classes = '{}', contextInitializerClasses = '[]', activeProfiles = '{}', propertySourceLocations = '{}', propertySourceProperties = '{}', contextCustomizers = set[[empty]], contextLoader = 'org.springframework.test.context.support.DelegatingSmartContextLoader', parent = [null]], attributes = map['org.springframework.test.context.event.ApplicationEventsTestExecutionListener.recordApplicationEvents' -> false]]; transaction manager [org.springframework.jdbc.datasource.DataSourceTransactionManager@624cdb95]; rollback [true]
[main] INFO org.springframework.test.context.transaction.TransactionContext - Rolled back transaction for test: [DefaultTestContext@10481c77 testClass = SpringBatchTest, testInstance = org.mybatis.spring.batch.SpringBatchTest@72ec0943, testMethod = checkCursorReadingWithoutNestedInResultMap@SpringBatchTest, testException = [null], mergedContextConfiguration = [MergedContextConfiguration@48c2429c testClass = SpringBatchTest, locations = '{classpath:org/mybatis/spring/batch/applicationContext.xml}', classes = '{}', contextInitializerClasses = '[]', activeProfiles = '{}', propertySourceLocations = '{}', propertySourceProperties = '{}', contextCustomizers = set[[empty]], contextLoader = 'org.springframework.test.context.support.DelegatingSmartContextLoader', parent = [null]], attributes = map['org.springframework.test.context.event.ApplicationEventsTestExecutionListener.recordApplicationEvents' -> false]]
[INFO] Tests run: 4, Failures: 0, Errors: 0, Skipped: 0, Time elapsed: 0.743 s - in org.mybatis.spring.batch.SpringBatchTest
[INFO] Running org.mybatis.spring.batch.builder.MyBatisCursorItemReaderBuilderTest
[INFO] Tests run: 3, Failures: 0, Errors: 0, Skipped: 0, Time elapsed: 0.095 s - in org.mybatis.spring.batch.builder.MyBatisCursorItemReaderBuilderTest
[INFO] Running org.mybatis.spring.batch.builder.MyBatisPagingItemReaderBuilderTest
[INFO] Tests run: 4, Failures: 0, Errors: 0, Skipped: 0, Time elapsed: 0.034 s - in org.mybatis.spring.batch.builder.MyBatisPagingItemReaderBuilderTest
[INFO] Running org.mybatis.spring.batch.builder.MyBatisBatchItemWriterBuilderTest
[INFO] Tests run: 4, Failures: 0, Errors: 0, Skipped: 0, Time elapsed: 0.021 s - in org.mybatis.spring.batch.builder.MyBatisBatchItemWriterBuilderTest
[INFO] Running org.mybatis.spring.batch.MyBatisCursorItemReaderTest
[INFO] Tests run: 2, Failures: 0, Errors: 0, Skipped: 0, Time elapsed: 0.006 s - in org.mybatis.spring.batch.MyBatisCursorItemReaderTest
[INFO] Running org.mybatis.spring.sample.SampleEnableTest
[main] INFO org.springframework.test.context.support.AbstractContextLoader - Could not detect default resource locations for test class [org.mybatis.spring.sample.SampleEnableTest]: no resource found for suffixes {-context.xml}.
[main] INFO org.springframework.test.context.support.AbstractDelegatingSmartContextLoader - AnnotationConfigContextLoader detected default configuration classes for context configuration [ContextConfigurationAttributes@44730d2c declaringClass = 'org.mybatis.spring.sample.SampleEnableTest', classes = '{class org.mybatis.spring.sample.SampleEnableTest$AppConfig}', locations = '{}', inheritLocations = true, initializers = '{}', inheritInitializers = true, name = [null], contextLoaderClass = 'org.springframework.test.context.ContextLoader'].
[main] INFO org.springframework.test.context.support.DefaultTestContextBootstrapper - Loaded default TestExecutionListener class names from location [META-INF/spring.factories]: [org.springframework.test.context.web.ServletTestExecutionListener, org.springframework.test.context.support.DirtiesContextBeforeModesTestExecutionListener, org.springframework.test.context.event.ApplicationEventsTestExecutionListener, org.springframework.test.context.support.DependencyInjectionTestExecutionListener, org.springframework.test.context.support.DirtiesContextTestExecutionListener, org.springframework.test.context.transaction.TransactionalTestExecutionListener, org.springframework.test.context.jdbc.SqlScriptsTestExecutionListener, org.springframework.test.context.event.EventPublishingTestExecutionListener]
[main] INFO org.springframework.test.context.support.DefaultTestContextBootstrapper - Using TestExecutionListeners: [org.springframework.test.context.support.DirtiesContextBeforeModesTestExecutionListener@3343f1db, org.springframework.test.context.event.ApplicationEventsTestExecutionListener@44579647, org.springframework.test.context.support.DependencyInjectionTestExecutionListener@1811f98c, org.springframework.test.context.support.DirtiesContextTestExecutionListener@599739be, org.springframework.test.context.transaction.TransactionalTestExecutionListener@75f6c67e, org.springframework.test.context.jdbc.SqlScriptsTestExecutionListener@d6b8329, org.springframework.test.context.event.EventPublishingTestExecutionListener@1aa1c691]
[main] INFO org.springframework.jdbc.datasource.embedded.EmbeddedDatabaseFactory - Starting embedded database: url='jdbc:hsqldb:mem:dataSource', username='sa'
[main] INFO org.springframework.jdbc.datasource.embedded.EmbeddedDatabaseFactory - Shutting down embedded database: url='jdbc:hsqldb:mem:dataSource'
[INFO] Tests run: 1, Failures: 0, Errors: 0, Skipped: 0, Time elapsed: 0.196 s - in org.mybatis.spring.sample.SampleEnableTest
[INFO] Running org.mybatis.spring.sample.SampleJobXmlConfigTest
[main] INFO org.springframework.test.context.support.DefaultTestContextBootstrapper - Loaded default TestExecutionListener class names from location [META-INF/spring.factories]: [org.springframework.test.context.web.ServletTestExecutionListener, org.springframework.test.context.support.DirtiesContextBeforeModesTestExecutionListener, org.springframework.test.context.event.ApplicationEventsTestExecutionListener, org.springframework.test.context.support.DependencyInjectionTestExecutionListener, org.springframework.test.context.support.DirtiesContextTestExecutionListener, org.springframework.test.context.transaction.TransactionalTestExecutionListener, org.springframework.test.context.jdbc.SqlScriptsTestExecutionListener, org.springframework.test.context.event.EventPublishingTestExecutionListener]
[main] INFO org.springframework.test.context.support.DefaultTestContextBootstrapper - Using TestExecutionListeners: [org.springframework.test.context.support.DirtiesContextBeforeModesTestExecutionListener@2498b498, org.springframework.test.context.event.ApplicationEventsTestExecutionListener@21735533, org.springframework.test.context.support.DependencyInjectionTestExecutionListener@1cc909f5, org.springframework.test.context.support.DirtiesContextTestExecutionListener@62c5255b, org.springframework.test.context.transaction.TransactionalTestExecutionListener@31861ef, org.springframework.test.context.jdbc.SqlScriptsTestExecutionListener@38f96672, org.springframework.test.context.event.EventPublishingTestExecutionListener@6c2b5639]
[main] INFO org.springframework.jdbc.datasource.embedded.EmbeddedDatabaseFactory - Starting embedded database: url='jdbc:hsqldb:mem:dataSource', username='sa'
[main] INFO org.springframework.batch.core.repository.support.JobRepositoryFactoryBean - No database type set, using meta data indicating: HSQL
[main] INFO org.springframework.batch.core.launch.support.SimpleJobLauncher - No TaskExecutor has been set, defaulting to synchronous executor.
[main] INFO org.springframework.batch.core.launch.support.SimpleJobLauncher - Job: [FlowJob: [name=importUserJob]] launched with the following parameters: [{random=5790864372181184021}]
[main] INFO org.springframework.batch.core.job.SimpleStepHandler - Executing step: [step1]
[main] INFO org.springframework.batch.core.step.AbstractStep - Step: [step1] executed in 22ms
[main] INFO org.springframework.batch.core.launch.support.SimpleJobLauncher - Job: [FlowJob: [name=importUserJob]] completed with the following parameters: [{random=5790864372181184021}] and the following status: [COMPLETED] in 53ms
[INFO] Tests run: 1, Failures: 0, Errors: 0, Skipped: 0, Time elapsed: 0.629 s - in org.mybatis.spring.sample.SampleJobXmlConfigTest
[INFO] Running org.mybatis.spring.sample.SampleJobJavaConfigTest
[main] INFO org.springframework.test.context.support.DefaultTestContextBootstrapper - Loaded default TestExecutionListener class names from location [META-INF/spring.factories]: [org.springframework.test.context.web.ServletTestExecutionListener, org.springframework.test.context.support.DirtiesContextBeforeModesTestExecutionListener, org.springframework.test.context.event.ApplicationEventsTestExecutionListener, org.springframework.test.context.support.DependencyInjectionTestExecutionListener, org.springframework.test.context.support.DirtiesContextTestExecutionListener, org.springframework.test.context.transaction.TransactionalTestExecutionListener, org.springframework.test.context.jdbc.SqlScriptsTestExecutionListener, org.springframework.test.context.event.EventPublishingTestExecutionListener]
[main] INFO org.springframework.test.context.support.DefaultTestContextBootstrapper - Using TestExecutionListeners: [org.springframework.test.context.support.DirtiesContextBeforeModesTestExecutionListener@336a7a2f, org.springframework.test.context.event.ApplicationEventsTestExecutionListener@29526e58, org.springframework.test.context.support.DependencyInjectionTestExecutionListener@136236ff, org.springframework.test.context.support.DirtiesContextTestExecutionListener@2a2ff592, org.springframework.test.context.transaction.TransactionalTestExecutionListener@4a7449fa, org.springframework.test.context.jdbc.SqlScriptsTestExecutionListener@70eede42, org.springframework.test.context.event.EventPublishingTestExecutionListener@7239cb6e]
[main] INFO org.springframework.jdbc.datasource.embedded.EmbeddedDatabaseFactory - Starting embedded database: url='jdbc:hsqldb:mem:testdb', username='sa'
[main] WARN org.springframework.batch.core.configuration.annotation.DefaultBatchConfigurer - No transaction manager was provided, using a DataSourceTransactionManager
[main] INFO org.springframework.batch.core.repository.support.JobRepositoryFactoryBean - No database type set, using meta data indicating: HSQL
[main] INFO org.springframework.batch.core.launch.support.SimpleJobLauncher - No TaskExecutor has been set, defaulting to synchronous executor.
[main] INFO org.springframework.batch.core.launch.support.SimpleJobLauncher - Job: [FlowJob: [name=importUserJob]] launched with the following parameters: [{random=-8345020973633602051}]
[main] INFO org.springframework.batch.core.job.SimpleStepHandler - Executing step: [step1]
[main] INFO org.springframework.batch.core.step.AbstractStep - Step: [step1] executed in 6ms
[main] INFO org.springframework.batch.core.launch.support.SimpleJobLauncher - Job: [FlowJob: [name=importUserJob]] completed with the following parameters: [{random=-8345020973633602051}] and the following status: [COMPLETED] in 14ms
[INFO] Tests run: 1, Failures: 0, Errors: 0, Skipped: 0, Time elapsed: 0.109 s - in org.mybatis.spring.sample.SampleJobJavaConfigTest
[INFO] Running org.mybatis.spring.sample.SampleSqlSessionTest
[main] INFO org.springframework.test.context.support.DefaultTestContextBootstrapper - Loaded default TestExecutionListener class names from location [META-INF/spring.factories]: [org.springframework.test.context.web.ServletTestExecutionListener, org.springframework.test.context.support.DirtiesContextBeforeModesTestExecutionListener, org.springframework.test.context.event.ApplicationEventsTestExecutionListener, org.springframework.test.context.support.DependencyInjectionTestExecutionListener, org.springframework.test.context.support.DirtiesContextTestExecutionListener, org.springframework.test.context.transaction.TransactionalTestExecutionListener, org.springframework.test.context.jdbc.SqlScriptsTestExecutionListener, org.springframework.test.context.event.EventPublishingTestExecutionListener]
[main] INFO org.springframework.test.context.support.DefaultTestContextBootstrapper - Using TestExecutionListeners: [org.springframework.test.context.support.DirtiesContextBeforeModesTestExecutionListener@6ed64d97, org.springframework.test.context.event.ApplicationEventsTestExecutionListener@4797fa5f, org.springframework.test.context.support.DependencyInjectionTestExecutionListener@516b6eb8, org.springframework.test.context.support.DirtiesContextTestExecutionListener@256dd56e, org.springframework.test.context.transaction.TransactionalTestExecutionListener@790b8ea1, org.springframework.test.context.jdbc.SqlScriptsTestExecutionListener@1b6c6dd, org.springframework.test.context.event.EventPublishingTestExecutionListener@ba266fd]
[main] INFO org.springframework.jdbc.datasource.embedded.EmbeddedDatabaseFactory - Starting embedded database: url='jdbc:hsqldb:mem:dataSource', username='sa'
[main] INFO org.springframework.jdbc.datasource.embedded.EmbeddedDatabaseFactory - Shutting down embedded database: url='jdbc:hsqldb:mem:dataSource'
[INFO] Tests run: 1, Failures: 0, Errors: 0, Skipped: 0, Time elapsed: 0.065 s - in org.mybatis.spring.sample.SampleSqlSessionTest
[INFO] Running org.mybatis.spring.sample.SampleBatchTest
[main] INFO org.springframework.test.context.support.DefaultTestContextBootstrapper - Loaded default TestExecutionListener class names from location [META-INF/spring.factories]: [org.springframework.test.context.web.ServletTestExecutionListener, org.springframework.test.context.support.DirtiesContextBeforeModesTestExecutionListener, org.springframework.test.context.event.ApplicationEventsTestExecutionListener, org.springframework.test.context.support.DependencyInjectionTestExecutionListener, org.springframework.test.context.support.DirtiesContextTestExecutionListener, org.springframework.test.context.transaction.TransactionalTestExecutionListener, org.springframework.test.context.jdbc.SqlScriptsTestExecutionListener, org.springframework.test.context.event.EventPublishingTestExecutionListener]
[main] INFO org.springframework.test.context.support.DefaultTestContextBootstrapper - Using TestExecutionListeners: [org.springframework.test.context.support.DirtiesContextBeforeModesTestExecutionListener@6b0bad4b, org.springframework.test.context.event.ApplicationEventsTestExecutionListener@622720d5, org.springframework.test.context.support.DependencyInjectionTestExecutionListener@2cf4e4db, org.springframework.test.context.support.DirtiesContextTestExecutionListener@69b2c2e3, org.springframework.test.context.transaction.TransactionalTestExecutionListener@5f654b6b, org.springframework.test.context.jdbc.SqlScriptsTestExecutionListener@49fe9da, org.springframework.test.context.event.EventPublishingTestExecutionListener@f4617ae]
[main] INFO org.springframework.jdbc.datasource.embedded.EmbeddedDatabaseFactory - Starting embedded database: url='jdbc:hsqldb:mem:dataSource', username='sa'
[main] INFO org.springframework.jdbc.datasource.embedded.EmbeddedDatabaseFactory - Shutting down embedded database: url='jdbc:hsqldb:mem:dataSource'
[INFO] Tests run: 1, Failures: 0, Errors: 0, Skipped: 0, Time elapsed: 0.055 s - in org.mybatis.spring.sample.SampleBatchTest
[INFO] Running org.mybatis.spring.sample.SampleMapperTest
[main] INFO org.springframework.test.context.support.DefaultTestContextBootstrapper - Loaded default TestExecutionListener class names from location [META-INF/spring.factories]: [org.springframework.test.context.web.ServletTestExecutionListener, org.springframework.test.context.support.DirtiesContextBeforeModesTestExecutionListener, org.springframework.test.context.event.ApplicationEventsTestExecutionListener, org.springframework.test.context.support.DependencyInjectionTestExecutionListener, org.springframework.test.context.support.DirtiesContextTestExecutionListener, org.springframework.test.context.transaction.TransactionalTestExecutionListener, org.springframework.test.context.jdbc.SqlScriptsTestExecutionListener, org.springframework.test.context.event.EventPublishingTestExecutionListener]
[main] INFO org.springframework.test.context.support.DefaultTestContextBootstrapper - Using TestExecutionListeners: [org.springframework.test.context.support.DirtiesContextBeforeModesTestExecutionListener@6d2c9832, org.springframework.test.context.event.ApplicationEventsTestExecutionListener@2ffd7ab3, org.springframework.test.context.support.DependencyInjectionTestExecutionListener@70ae147, org.springframework.test.context.support.DirtiesContextTestExecutionListener@5cbc96eb, org.springframework.test.context.transaction.TransactionalTestExecutionListener@55d87846, org.springframework.test.context.jdbc.SqlScriptsTestExecutionListener@11b4a8ac, org.springframework.test.context.event.EventPublishingTestExecutionListener@41646304]
[main] INFO org.springframework.jdbc.datasource.embedded.EmbeddedDatabaseFactory - Starting embedded database: url='jdbc:hsqldb:mem:dataSource', username='sa'
[main] INFO org.springframework.jdbc.datasource.embedded.EmbeddedDatabaseFactory - Shutting down embedded database: url='jdbc:hsqldb:mem:dataSource'
[INFO] Tests run: 1, Failures: 0, Errors: 0, Skipped: 0, Time elapsed: 0.053 s - in org.mybatis.spring.sample.SampleMapperTest
[INFO] Running org.mybatis.spring.sample.SampleNamespaceTest
[main] INFO org.springframework.test.context.support.DefaultTestContextBootstrapper - Loaded default TestExecutionListener class names from location [META-INF/spring.factories]: [org.springframework.test.context.web.ServletTestExecutionListener, org.springframework.test.context.support.DirtiesContextBeforeModesTestExecutionListener, org.springframework.test.context.event.ApplicationEventsTestExecutionListener, org.springframework.test.context.support.DependencyInjectionTestExecutionListener, org.springframework.test.context.support.DirtiesContextTestExecutionListener, org.springframework.test.context.transaction.TransactionalTestExecutionListener, org.springframework.test.context.jdbc.SqlScriptsTestExecutionListener, org.springframework.test.context.event.EventPublishingTestExecutionListener]
[main] INFO org.springframework.test.context.support.DefaultTestContextBootstrapper - Using TestExecutionListeners: [org.springframework.test.context.support.DirtiesContextBeforeModesTestExecutionListener@2bd2a531, org.springframework.test.context.event.ApplicationEventsTestExecutionListener@3594e209, org.springframework.test.context.support.DependencyInjectionTestExecutionListener@3e81c395, org.springframework.test.context.support.DirtiesContextTestExecutionListener@1f4e62b5, org.springframework.test.context.transaction.TransactionalTestExecutionListener@210ba740, org.springframework.test.context.jdbc.SqlScriptsTestExecutionListener@339d8dc2, org.springframework.test.context.event.EventPublishingTestExecutionListener@3307d4f]
[main] INFO org.springframework.jdbc.datasource.embedded.EmbeddedDatabaseFactory - Starting embedded database: url='jdbc:hsqldb:mem:dataSource', username='sa'
[main] INFO org.springframework.jdbc.datasource.embedded.EmbeddedDatabaseFactory - Shutting down embedded database: url='jdbc:hsqldb:mem:dataSource'
[INFO] Tests run: 1, Failures: 0, Errors: 0, Skipped: 0, Time elapsed: 0.07 s - in org.mybatis.spring.sample.SampleNamespaceTest
[INFO] Running org.mybatis.spring.sample.SampleJavaConfigTest
[main] INFO org.springframework.test.context.support.DefaultTestContextBootstrapper - Loaded default TestExecutionListener class names from location [META-INF/spring.factories]: [org.springframework.test.context.web.ServletTestExecutionListener, org.springframework.test.context.support.DirtiesContextBeforeModesTestExecutionListener, org.springframework.test.context.event.ApplicationEventsTestExecutionListener, org.springframework.test.context.support.DependencyInjectionTestExecutionListener, org.springframework.test.context.support.DirtiesContextTestExecutionListener, org.springframework.test.context.transaction.TransactionalTestExecutionListener, org.springframework.test.context.jdbc.SqlScriptsTestExecutionListener, org.springframework.test.context.event.EventPublishingTestExecutionListener]
[main] INFO org.springframework.test.context.support.DefaultTestContextBootstrapper - Using TestExecutionListeners: [org.springframework.test.context.support.DirtiesContextBeforeModesTestExecutionListener@42c866e1, org.springframework.test.context.event.ApplicationEventsTestExecutionListener@3f5bb066, org.springframework.test.context.support.DependencyInjectionTestExecutionListener@670fbc4d, org.springframework.test.context.support.DirtiesContextTestExecutionListener@37a26744, org.springframework.test.context.transaction.TransactionalTestExecutionListener@365ce03f, org.springframework.test.context.jdbc.SqlScriptsTestExecutionListener@5466ae12, org.springframework.test.context.event.EventPublishingTestExecutionListener@4e119d07]
[main] INFO org.springframework.jdbc.datasource.embedded.EmbeddedDatabaseFactory - Starting embedded database: url='jdbc:hsqldb:mem:testdb', username='sa'
[INFO] Tests run: 2, Failures: 0, Errors: 0, Skipped: 0, Time elapsed: 0.023 s - in org.mybatis.spring.sample.SampleJavaConfigTest
[INFO] Running org.mybatis.spring.sample.SampleScannerTest
[main] INFO org.springframework.test.context.support.DefaultTestContextBootstrapper - Loaded default TestExecutionListener class names from location [META-INF/spring.factories]: [org.springframework.test.context.web.ServletTestExecutionListener, org.springframework.test.context.support.DirtiesContextBeforeModesTestExecutionListener, org.springframework.test.context.event.ApplicationEventsTestExecutionListener, org.springframework.test.context.support.DependencyInjectionTestExecutionListener, org.springframework.test.context.support.DirtiesContextTestExecutionListener, org.springframework.test.context.transaction.TransactionalTestExecutionListener, org.springframework.test.context.jdbc.SqlScriptsTestExecutionListener, org.springframework.test.context.event.EventPublishingTestExecutionListener]
[main] INFO org.springframework.test.context.support.DefaultTestContextBootstrapper - Using TestExecutionListeners: [org.springframework.test.context.support.DirtiesContextBeforeModesTestExecutionListener@3b23cbaa, org.springframework.test.context.event.ApplicationEventsTestExecutionListener@183bf445, org.springframework.test.context.support.DependencyInjectionTestExecutionListener@c8ad456, org.springframework.test.context.support.DirtiesContextTestExecutionListener@5190c1c4, org.springframework.test.context.transaction.TransactionalTestExecutionListener@74cb2ec7, org.springframework.test.context.jdbc.SqlScriptsTestExecutionListener@331565c7, org.springframework.test.context.event.EventPublishingTestExecutionListener@69672f97]
[main] INFO org.springframework.jdbc.datasource.embedded.EmbeddedDatabaseFactory - Starting embedded database: url='jdbc:hsqldb:mem:dataSource', username='sa'
[main] INFO org.springframework.jdbc.datasource.embedded.EmbeddedDatabaseFactory - Shutting down embedded database: url='jdbc:hsqldb:mem:dataSource'
[INFO] Tests run: 1, Failures: 0, Errors: 0, Skipped: 0, Time elapsed: 0.046 s - in org.mybatis.spring.sample.SampleScannerTest
[INFO] Running org.mybatis.spring.MyBatisSpringTest
[WARNING] Tests run: 25, Failures: 0, Errors: 0, Skipped: 1, Time elapsed: 0.082 s - in org.mybatis.spring.MyBatisSpringTest
[INFO] Running org.mybatis.spring.SqlSessionFactoryBeanTest
[date, _boolean, cglib, supertype, _byte[], _int[], object[], decimal[], integer, float, perpetual, scanenum, _byte, _char[], character, iterator, biginteger[], xml, _double, _int, hashmap, testalias2, _float[], soft, javassist, date[], bigdecimal[], slf4j, byte, double, _character[], resultset, raw, collection, list, dummytypehandler2, lru, dummymapperfactorybean, _float, scanclass2, scanclass1, _long, _integer, _integer[], boolean[], decimal, _double[], object, testalias, biginteger, string, long[], jdbc, long, weak, no_logging, unpooled, pooled, db_vendor, _character, managed, commons_logging, _short[], _char, _short, map, log4j, jdk_logging, fifo, bigdecimal, short[], int[], arraylist, int, char[], float[], log4j2, byte[], character[], boolean, stdout_logging, double[], dummytypehandler, _long[], char, jndi, short, _boolean[], integer[]]
[main] WARN org.mybatis.spring.SqlSessionFactoryBean - Property 'mapperLocations' was specified but matching resources are not found.
[INFO] Tests run: 35, Failures: 0, Errors: 0, Skipped: 0, Time elapsed: 0.131 s - in org.mybatis.spring.SqlSessionFactoryBeanTest
[INFO] Running org.mybatis.spring.submitted.webapp_placeholder.WebappPlaceholderTest
[ERROR] Tests run: 1, Failures: 0, Errors: 1, Skipped: 0, Time elapsed: 0.004 s <<< FAILURE! - in org.mybatis.spring.submitted.webapp_placeholder.WebappPlaceholderTest
[ERROR] org.mybatis.spring.submitted.webapp_placeholder.WebappPlaceholderTest  Time elapsed: 0.004 s  <<< ERROR!
org.springframework.beans.BeanInstantiationException: Failed to instantiate [org.springframework.test.context.web.WebDelegatingSmartContextLoader]: Constructor threw exception; nested exception is java.lang.NoClassDefFoundError: javax/servlet/ServletContext
Caused by: java.lang.NoClassDefFoundError: javax/servlet/ServletContext
Caused by: java.lang.ClassNotFoundException: javax.servlet.ServletContext

[INFO] Running org.mybatis.spring.submitted.xa.UserServiceTest
[main] INFO org.springframework.test.context.support.DefaultTestContextBootstrapper - Loaded default TestExecutionListener class names from location [META-INF/spring.factories]: [org.springframework.test.context.web.ServletTestExecutionListener, org.springframework.test.context.support.DirtiesContextBeforeModesTestExecutionListener, org.springframework.test.context.event.ApplicationEventsTestExecutionListener, org.springframework.test.context.support.DependencyInjectionTestExecutionListener, org.springframework.test.context.support.DirtiesContextTestExecutionListener, org.springframework.test.context.transaction.TransactionalTestExecutionListener, org.springframework.test.context.jdbc.SqlScriptsTestExecutionListener, org.springframework.test.context.event.EventPublishingTestExecutionListener]
[main] INFO org.springframework.test.context.support.DefaultTestContextBootstrapper - Using TestExecutionListeners: [org.springframework.test.context.support.DirtiesContextBeforeModesTestExecutionListener@76264392, org.springframework.test.context.event.ApplicationEventsTestExecutionListener@7e6a967d, org.springframework.test.context.support.DependencyInjectionTestExecutionListener@7463bc9d, org.springframework.test.context.support.DirtiesContextTestExecutionListener@7800114f, org.springframework.test.context.transaction.TransactionalTestExecutionListener@3c7ef70e, org.springframework.test.context.jdbc.SqlScriptsTestExecutionListener@160d5782, org.springframework.test.context.event.EventPublishingTestExecutionListener@7f63968a]
[main] INFO com.atomikos.icatch.provider.imp.AssemblerImp - Loaded jar:file:/home/gabsko/.m2/repository/com/atomikos/transactions/5.0.9/transactions-5.0.9.jar!/transactions-defaults.properties
[main] WARN com.atomikos.icatch.provider.imp.AssemblerImp - Thanks for using Atomikos! This installation is not registered yet. 
REGISTER FOR FREE at http://www.atomikos.com/Main/RegisterYourDownload and receive:
- tips & advice 
- working demos 
- access to the full documentation 
- special exclusive bonus offers not available to others 
- everything you need to get the most out of using Atomikos!
Thanks for using Atomikos! This installation is not registered yet. 
REGISTER FOR FREE at http://www.atomikos.com/Main/RegisterYourDownload and receive:
- tips & advice 
- working demos 
- access to the full documentation 
- special exclusive bonus offers not available to others 
- everything you need to get the most out of using Atomikos!
[main] INFO com.atomikos.icatch.provider.imp.AssemblerImp - USING core version: 5.0.9
[main] INFO com.atomikos.icatch.provider.imp.AssemblerImp - USING: com.atomikos.icatch.oltp_max_retries = 5
[main] INFO com.atomikos.icatch.provider.imp.AssemblerImp - USING: com.atomikos.icatch.log_base_dir = /home/gabsko/breaking-updates/target
[main] INFO com.atomikos.icatch.provider.imp.AssemblerImp - USING: com.atomikos.icatch.tm_unique_name = 127.0.1.1.tm
[main] INFO com.atomikos.icatch.provider.imp.AssemblerImp - USING: com.atomikos.icatch.default_jta_timeout = 10000
[main] INFO com.atomikos.icatch.provider.imp.AssemblerImp - USING: com.atomikos.icatch.serial_jta_transactions = false
[main] INFO com.atomikos.icatch.provider.imp.AssemblerImp - USING: com.atomikos.icatch.allow_subtransactions = true
[main] INFO com.atomikos.icatch.provider.imp.AssemblerImp - USING: com.atomikos.icatch.log_base_name = tmlog
[main] INFO com.atomikos.icatch.provider.imp.AssemblerImp - USING: com.atomikos.icatch.oltp_retry_interval = 10000
[main] INFO com.atomikos.icatch.provider.imp.AssemblerImp - USING: com.atomikos.icatch.checkpoint_interval = 500
[main] INFO com.atomikos.icatch.provider.imp.AssemblerImp - USING: com.atomikos.icatch.default_max_wait_time_on_shutdown = 9223372036854775807
[main] INFO com.atomikos.icatch.provider.imp.AssemblerImp - USING: com.atomikos.icatch.jvm_id = 15902@repairnator
[main] INFO com.atomikos.icatch.provider.imp.AssemblerImp - USING: com.atomikos.icatch.forget_orphaned_log_entries_delay = 86400000
[main] INFO com.atomikos.icatch.provider.imp.AssemblerImp - USING: com.atomikos.icatch.throw_on_heuristic = false
[main] INFO com.atomikos.icatch.provider.imp.AssemblerImp - USING: com.atomikos.icatch.force_shutdown_on_vm_exit = false
[main] INFO com.atomikos.icatch.provider.imp.AssemblerImp - USING: com.atomikos.icatch.enable_logging = true
[main] INFO com.atomikos.icatch.provider.imp.AssemblerImp - USING: com.atomikos.icatch.max_timeout = 300000
[main] INFO com.atomikos.icatch.provider.imp.AssemblerImp - USING: com.atomikos.icatch.threaded_2pc = true
[main] INFO com.atomikos.icatch.provider.imp.AssemblerImp - USING: com.atomikos.icatch.recovery_delay = 10000
[main] INFO com.atomikos.icatch.provider.imp.AssemblerImp - USING: com.atomikos.icatch.logcloud_datasource_name = logCloudDS
[main] INFO com.atomikos.icatch.provider.imp.AssemblerImp - USING: com.atomikos.icatch.max_actives = 50
[main] INFO com.atomikos.icatch.provider.imp.AssemblerImp - Using default (local) logging and recovery...
[main] WARN com.atomikos.jdbc.internal.AbstractDataSourceBean - masterDBUniqueName: poolSize equals default - this may cause performance problems!
[main] WARN com.atomikos.jdbc.internal.AbstractDataSourceBean - slaveDBUniqueName: poolSize equals default - this may cause performance problems!
[INFO] Tests run: 4, Failures: 0, Errors: 0, Skipped: 0, Time elapsed: 1.223 s - in org.mybatis.spring.submitted.xa.UserServiceTest
[INFO] Running org.mybatis.spring.submitted.autowire.AutowireTest
[main] INFO org.springframework.jdbc.datasource.embedded.EmbeddedDatabaseFactory - Starting embedded database: url='jdbc:hsqldb:mem:dataSourceFoo', username='sa'
[main] INFO org.springframework.jdbc.datasource.embedded.EmbeddedDatabaseFactory - Starting embedded database: url='jdbc:hsqldb:mem:dataSourceBar', username='sa'
[main] INFO org.springframework.jdbc.datasource.embedded.EmbeddedDatabaseFactory - Shutting down embedded database: url='jdbc:hsqldb:mem:dataSourceBar'
[main] INFO org.springframework.jdbc.datasource.embedded.EmbeddedDatabaseFactory - Shutting down embedded database: url='jdbc:hsqldb:mem:dataSourceFoo'
[INFO] Tests run: 1, Failures: 0, Errors: 0, Skipped: 0, Time elapsed: 0.071 s - in org.mybatis.spring.submitted.autowire.AutowireTest
[INFO] Running org.mybatis.spring.mapper.MapperScannerConfigurerTest
[interface org.mybatis.spring.TestMapper]
[main] WARN org.mybatis.spring.mapper.ClassPathMapperScanner - Skipping MapperFactoryBean with name 'mapperInterface' and 'org.mybatis.spring.mapper.MapperInterface' mapperInterface. Bean already defined with the same name!
[INFO] Tests run: 14, Failures: 0, Errors: 0, Skipped: 0, Time elapsed: 0.137 s - in org.mybatis.spring.mapper.MapperScannerConfigurerTest
[INFO] Running org.mybatis.spring.mapper.MapperFactoryBeanTest
[INFO] Tests run: 7, Failures: 0, Errors: 0, Skipped: 0, Time elapsed: 0.018 s - in org.mybatis.spring.mapper.MapperFactoryBeanTest
[INFO] Running org.mybatis.spring.annotation.MapperScanTest
[main] WARN org.mybatis.spring.mapper.ClassPathMapperScanner - Skipping MapperFactoryBean with name 'mapperInterface' and 'org.mybatis.spring.mapper.MapperInterface' mapperInterface. Bean already defined with the same name!
[INFO] Tests run: 18, Failures: 0, Errors: 0, Skipped: 0, Time elapsed: 0.189 s - in org.mybatis.spring.annotation.MapperScanTest
[INFO] Running org.mybatis.spring.support.SqlSessionDaoSupportTest
[main] WARN org.springframework.context.support.GenericApplicationContext - Exception encountered during context initialization - cancelling refresh attempt: org.springframework.beans.factory.BeanCreationException: Error creating bean with name 'dao': Invocation of init method failed; nested exception is java.lang.IllegalArgumentException: Property 'sqlSessionFactory' or 'sqlSessionTemplate' are required
[main] WARN org.springframework.context.support.GenericApplicationContext - Exception encountered during context initialization - cancelling refresh attempt: org.springframework.beans.factory.BeanCreationException: Error creating bean with name 'dao': Invocation of init method failed; nested exception is java.lang.IllegalArgumentException: Property 'sqlSessionFactory' or 'sqlSessionTemplate' are required
[INFO] Tests run: 6, Failures: 0, Errors: 0, Skipped: 0, Time elapsed: 0.016 s - in org.mybatis.spring.support.SqlSessionDaoSupportTest
[INFO] Running org.mybatis.spring.SqlSessionTemplateTest
[INFO] Tests run: 11, Failures: 0, Errors: 0, Skipped: 0, Time elapsed: 0.015 s - in org.mybatis.spring.SqlSessionTemplateTest
[INFO] 
[INFO] Results:
[INFO] 
[ERROR] Errors: 
[ERROR]   WebappPlaceholderTest Â» BeanInstantiation Failed to instantiate [org.springfra...
[INFO] 
[ERROR] Tests run: 168, Failures: 0, Errors: 1, Skipped: 1
[INFO] 
[INFO] ------------------------------------------------------------------------
[INFO] BUILD FAILURE
[INFO] ------------------------------------------------------------------------
[INFO] Total time:  17.747 s
[INFO] Finished at: 2023-01-17T21:17:28Z
[INFO] ------------------------------------------------------------------------
[ERROR] Failed to execute goal org.apache.maven.plugins:maven-surefire-plugin:3.0.0-M5:test (default-test) on project mybatis-spring: There are test failures.
[ERROR] 
[ERROR] Please refer to /home/gabsko/breaking-updates/target/surefire-reports for the individual test results.
[ERROR] Please refer to dump files (if any exist) [date].dump, [date]-jvmRun[N].dump and [date].dumpstream.
[ERROR] -> [Help 1]
[ERROR] 
[ERROR] To see the full stack trace of the errors, re-run Maven with the -e switch.
[ERROR] Re-run Maven using the -X switch to enable full debug logging.
[ERROR] 
[ERROR] For more information about the errors and possible solutions, please read the following articles:
[ERROR] [Help 1] http://cwiki.apache.org/confluence/display/MAVEN/MojoFailureException
