[INFO] Scanning for projects...
[WARNING] 
[WARNING] Some problems were encountered while building the effective model for com.github.cukedoctor:cukedoctor-maven-plugin:maven-plugin:3.7.1-SNAPSHOT
[WARNING] 'dependencies.dependency.(groupId:artifactId:type:classifier)' must be unique: org.apache.maven:maven-plugin-api:jar -> version 2.0 vs 3.3.3 @ line 68, column 21
[WARNING] 
[WARNING] It is highly recommended to fix these problems because they threaten the stability of your build.
[WARNING] 
[WARNING] For this reason, future Maven versions might no longer support building such malformed projects.
[WARNING] 
[INFO] ------------------------------------------------------------------------
[INFO] Reactor Build Order:
[INFO] 
[INFO] cukedoctor                                                         [pom]
[INFO] cukedoctor-extension                                               [jar]
[INFO] cukedoctor-converter                                               [jar]
[INFO] cukedoctor-maven-plugin                                   [maven-plugin]
[INFO] cukedoctor-main                                                    [jar]
[INFO] cukedoctor-spi-example                                             [jar]
[INFO] cukedoctor-section-layout                                          [jar]
[INFO] cukedoctor-multipage-layout                                        [jar]
[INFO] 
[INFO] ------------------< com.github.cukedoctor:cukedoctor >------------------
[INFO] Building cukedoctor 3.7.1-SNAPSHOT                                 [1/8]
[INFO] --------------------------------[ pom ]---------------------------------
[INFO] 
[INFO] --- maven-clean-plugin:2.5:clean (default-clean) @ cukedoctor ---
[INFO] 
[INFO] --- maven-enforcer-plugin:1.0:enforce (enforce-maven) @ cukedoctor ---
[INFO] 
[INFO] -------------< com.github.cukedoctor:cukedoctor-extension >-------------
[INFO] Building cukedoctor-extension 3.7.1-SNAPSHOT                       [2/8]
[INFO] --------------------------------[ jar ]---------------------------------
[INFO] 
[INFO] --- maven-clean-plugin:2.5:clean (default-clean) @ cukedoctor-extension ---
[INFO] Deleting /home/gabsko/breaking-updates/cukedoctor-extension/target
[INFO] 
[INFO] --- maven-enforcer-plugin:1.0:enforce (enforce-maven) @ cukedoctor-extension ---
[INFO] 
[INFO] --- maven-resources-plugin:2.6:resources (default-resources) @ cukedoctor-extension ---
[INFO] Using 'UTF-8' encoding to copy filtered resources.
[INFO] Copying 11 resources
[INFO] 
[INFO] --- maven-compiler-plugin:3.3:compile (default-compile) @ cukedoctor-extension ---
[INFO] Changes detected - recompiling the module!
[INFO] Compiling 8 source files to /home/gabsko/breaking-updates/cukedoctor-extension/target/classes
[INFO] /home/gabsko/breaking-updates/cukedoctor-extension/src/main/java/com/github/cukedoctor/extension/util/FileUtil.java: Some input files use or override a deprecated API.
[INFO] /home/gabsko/breaking-updates/cukedoctor-extension/src/main/java/com/github/cukedoctor/extension/util/FileUtil.java: Recompile with -Xlint:deprecation for details.
[INFO] 
[INFO] --- maven-resources-plugin:2.6:testResources (default-testResources) @ cukedoctor-extension ---
[INFO] Using 'UTF-8' encoding to copy filtered resources.
[INFO] Copying 3 resources
[INFO] 
[INFO] --- maven-compiler-plugin:3.3:testCompile (default-testCompile) @ cukedoctor-extension ---
[INFO] Changes detected - recompiling the module!
[INFO] Compiling 6 source files to /home/gabsko/breaking-updates/cukedoctor-extension/target/test-classes
[INFO] /home/gabsko/breaking-updates/cukedoctor-extension/src/test/java/com/github/cukedoctor/extension/FooterExtensionTest.java: Some input files use or override a deprecated API.
[INFO] /home/gabsko/breaking-updates/cukedoctor-extension/src/test/java/com/github/cukedoctor/extension/FooterExtensionTest.java: Recompile with -Xlint:deprecation for details.
[INFO] 
[INFO] --- maven-surefire-plugin:3.0.0-M5:test (default-test) @ cukedoctor-extension ---
[INFO] 
[INFO] -------------------------------------------------------
[INFO]  T E S T S
[INFO] -------------------------------------------------------
[INFO] Running com.github.cukedoctor.extension.MinMaxExtensionTest
[INFO] Tests run: 2, Failures: 0, Errors: 0, Skipped: 0, Time elapsed: 3.352 s - in com.github.cukedoctor.extension.MinMaxExtensionTest
[INFO] Running com.github.cukedoctor.extension.ThemeExtensionTest
[INFO] Tests run: 2, Failures: 0, Errors: 0, Skipped: 0, Time elapsed: 0.731 s - in com.github.cukedoctor.extension.ThemeExtensionTest
[INFO] Running com.github.cukedoctor.extension.StyleExtensionTest
[INFO] Tests run: 2, Failures: 0, Errors: 0, Skipped: 0, Time elapsed: 0.619 s - in com.github.cukedoctor.extension.StyleExtensionTest
[INFO] Running com.github.cukedoctor.extension.ScriptsExtensionTest
[INFO] Tests run: 4, Failures: 0, Errors: 0, Skipped: 0, Time elapsed: 0.822 s - in com.github.cukedoctor.extension.ScriptsExtensionTest
[INFO] Running com.github.cukedoctor.extension.FilterExtensionTest
[INFO] Tests run: 2, Failures: 0, Errors: 0, Skipped: 0, Time elapsed: 0.45 s - in com.github.cukedoctor.extension.FilterExtensionTest
[INFO] Running com.github.cukedoctor.extension.FooterExtensionTest
[INFO] Tests run: 2, Failures: 0, Errors: 0, Skipped: 0, Time elapsed: 0.439 s - in com.github.cukedoctor.extension.FooterExtensionTest
[INFO] 
[INFO] Results:
[INFO] 
[INFO] Tests run: 14, Failures: 0, Errors: 0, Skipped: 0
[INFO] 
[INFO] 
[INFO] -------------< com.github.cukedoctor:cukedoctor-converter >-------------
[INFO] Building cukedoctor-converter 3.7.1-SNAPSHOT                       [3/8]
[INFO] --------------------------------[ jar ]---------------------------------
[INFO] 
[INFO] --- maven-clean-plugin:2.5:clean (default-clean) @ cukedoctor-converter ---
[INFO] Deleting /home/gabsko/breaking-updates/cukedoctor-converter/target
[INFO] 
[INFO] --- maven-enforcer-plugin:1.0:enforce (enforce-maven) @ cukedoctor-converter ---
[INFO] 
[INFO] --- maven-resources-plugin:2.6:resources (default-resources) @ cukedoctor-converter ---
[INFO] Using 'UTF-8' encoding to copy filtered resources.
[INFO] Copying 7 resources
[INFO] 
[INFO] --- maven-compiler-plugin:3.3:compile (default-compile) @ cukedoctor-converter ---
[INFO] Changes detected - recompiling the module!
[INFO] Compiling 59 source files to /home/gabsko/breaking-updates/cukedoctor-converter/target/classes
[INFO] /home/gabsko/breaking-updates/cukedoctor-converter/src/main/java/com/github/cukedoctor/spi/ExamplesRenderer.java: Some input files use or override a deprecated API.
[INFO] /home/gabsko/breaking-updates/cukedoctor-converter/src/main/java/com/github/cukedoctor/spi/ExamplesRenderer.java: Recompile with -Xlint:deprecation for details.
[INFO] /home/gabsko/breaking-updates/cukedoctor-converter/src/main/java/com/github/cukedoctor/renderer/CukedoctorScenarioRenderer.java: Some input files use unchecked or unsafe operations.
[INFO] /home/gabsko/breaking-updates/cukedoctor-converter/src/main/java/com/github/cukedoctor/renderer/CukedoctorScenarioRenderer.java: Recompile with -Xlint:unchecked for details.
[INFO] 
[INFO] --- maven-resources-plugin:2.6:testResources (default-testResources) @ cukedoctor-converter ---
[INFO] Using 'UTF-8' encoding to copy filtered resources.
[INFO] Copying 65 resources
[INFO] 
[INFO] --- maven-compiler-plugin:3.3:testCompile (default-testCompile) @ cukedoctor-converter ---
[INFO] Changes detected - recompiling the module!
[INFO] Compiling 37 source files to /home/gabsko/breaking-updates/cukedoctor-converter/target/test-classes
[INFO] /home/gabsko/breaking-updates/cukedoctor-converter/src/test/java/com/github/cukedoctor/util/MyService1.java: Some input files use or override a deprecated API.
[INFO] /home/gabsko/breaking-updates/cukedoctor-converter/src/test/java/com/github/cukedoctor/util/MyService1.java: Recompile with -Xlint:deprecation for details.
[INFO] /home/gabsko/breaking-updates/cukedoctor-converter/src/test/java/com/github/cukedoctor/util/ServiceLoaderUtilTest.java: /home/gabsko/breaking-updates/cukedoctor-converter/src/test/java/com/github/cukedoctor/util/ServiceLoaderUtilTest.java uses unchecked or unsafe operations.
[INFO] /home/gabsko/breaking-updates/cukedoctor-converter/src/test/java/com/github/cukedoctor/util/ServiceLoaderUtilTest.java: Recompile with -Xlint:unchecked for details.
[INFO] 
[INFO] --- maven-surefire-plugin:3.0.0-M5:test (default-test) @ cukedoctor-converter ---
[INFO] 
[INFO] -------------------------------------------------------
[INFO]  T E S T S
[INFO] -------------------------------------------------------
[INFO] Running com.github.cukedoctor.bdd.sample.SampleBdd
[32m[1mâ”Œâ”€â”€â”€â”€â”€â”€â”€â”€â”€â”€â”€â”€â”€â”€â”€â”€â”€â”€â”€â”€â”€â”€â”€â”€â”€â”€â”€â”€â”€â”€â”€â”€â”€â”€â”€â”€â”€â”€â”€â”€â”€â”€â”€â”€â”€â”€â”€â”€â”€â”€â”€â”€â”€â”€â”€â”€â”€â”€â”€â”€â”€â”€â”€â”€â”€â”€â”€â”€â”€â”€â”€â”€â”€â”€â”€â”€â”€â”€â”€â”€â”€â”€â”€â”[0m
[32m[1mâ”‚[0m Share your Cucumber Report with your team at [36m[1m[4mhttps://reports.cucumber.io[0m          [32m[1mâ”‚[0m
[32m[1mâ”‚[0m Activate publishing with one of the following:                                    [32m[1mâ”‚[0m
[32m[1mâ”‚[0m                                                                                   [32m[1mâ”‚[0m
[32m[1mâ”‚[0m src/test/resources/cucumber.properties:          [36mcucumber.publish.enabled[0m=[36mtrue[0m    [32m[1mâ”‚[0m
[32m[1mâ”‚[0m src/test/resources/junit-platform.properties:    [36mcucumber.publish.enabled[0m=[36mtrue[0m    [32m[1mâ”‚[0m
[32m[1mâ”‚[0m Environment variable:                            [36mCUCUMBER_PUBLISH_ENABLED[0m=[36mtrue[0m    [32m[1mâ”‚[0m
[32m[1mâ”‚[0m JUnit:                                           [36m@CucumberOptions[0m(publish = [36mtrue[0m) [32m[1mâ”‚[0m
[32m[1mâ”‚[0m                                                                                   [32m[1mâ”‚[0m
[32m[1mâ”‚[0m More information at [36mhttps://reports.cucumber.io/docs/cucumber-jvm[0m                 [32m[1mâ”‚[0m
[32m[1mâ”‚[0m                                                                                   [32m[1mâ”‚[0m
[32m[1mâ”‚[0m Disable this message with one of the following:                                   [32m[1mâ”‚[0m
[32m[1mâ”‚[0m                                                                                   [32m[1mâ”‚[0m
[32m[1mâ”‚[0m src/test/resources/cucumber.properties:          [36mcucumber.publish.quiet[0m=[36mtrue[0m      [32m[1mâ”‚[0m
[32m[1mâ”‚[0m src/test/resources/junit-platform.properties:    [36mcucumber.publish.quiet[0m=[36mtrue[0m      [32m[1mâ”‚[0m
[32m[1mâ””â”€â”€â”€â”€â”€â”€â”€â”€â”€â”€â”€â”€â”€â”€â”€â”€â”€â”€â”€â”€â”€â”€â”€â”€â”€â”€â”€â”€â”€â”€â”€â”€â”€â”€â”€â”€â”€â”€â”€â”€â”€â”€â”€â”€â”€â”€â”€â”€â”€â”€â”€â”€â”€â”€â”€â”€â”€â”€â”€â”€â”€â”€â”€â”€â”€â”€â”€â”€â”€â”€â”€â”€â”€â”€â”€â”€â”€â”€â”€â”€â”€â”€â”€â”˜[0m
[INFO] Tests run: 9, Failures: 0, Errors: 0, Skipped: 0, Time elapsed: 0.564 s - in com.github.cukedoctor.bdd.sample.SampleBdd
[INFO] Running com.github.cukedoctor.bdd.cukedoctor.CukedoctorBdd
SLF4J: Failed to load class "org.slf4j.impl.StaticLoggerBinder".
SLF4J: Defaulting to no-operation (NOP) logger implementation
SLF4J: See http://www.slf4j.org/codes.html#StaticLoggerBinder for further details.

0 Scenarios
0 Steps
0m0.011s


[32m[1mâ”Œâ”€â”€â”€â”€â”€â”€â”€â”€â”€â”€â”€â”€â”€â”€â”€â”€â”€â”€â”€â”€â”€â”€â”€â”€â”€â”€â”€â”€â”€â”€â”€â”€â”€â”€â”€â”€â”€â”€â”€â”€â”€â”€â”€â”€â”€â”€â”€â”€â”€â”€â”€â”€â”€â”€â”€â”€â”€â”€â”€â”€â”€â”€â”€â”€â”€â”€â”€â”€â”€â”€â”€â”€â”€â”€â”€â”€â”€â”€â”€â”€â”€â”€â”€â”[0m
[32m[1mâ”‚[0m Share your Cucumber Report with your team at [36m[1m[4mhttps://reports.cucumber.io[0m          [32m[1mâ”‚[0m
[32m[1mâ”‚[0m Activate publishing with one of the following:                                    [32m[1mâ”‚[0m
[32m[1mâ”‚[0m                                                                                   [32m[1mâ”‚[0m
[32m[1mâ”‚[0m src/test/resources/cucumber.properties:          [36mcucumber.publish.enabled[0m=[36mtrue[0m    [32m[1mâ”‚[0m
[32m[1mâ”‚[0m src/test/resources/junit-platform.properties:    [36mcucumber.publish.enabled[0m=[36mtrue[0m    [32m[1mâ”‚[0m
[32m[1mâ”‚[0m Environment variable:                            [36mCUCUMBER_PUBLISH_ENABLED[0m=[36mtrue[0m    [32m[1mâ”‚[0m
[32m[1mâ”‚[0m JUnit:                                           [36m@CucumberOptions[0m(publish = [36mtrue[0m) [32m[1mâ”‚[0m
[32m[1mâ”‚[0m                                                                                   [32m[1mâ”‚[0m
[32m[1mâ”‚[0m More information at [36mhttps://reports.cucumber.io/docs/cucumber-jvm[0m                 [32m[1mâ”‚[0m
[32m[1mâ”‚[0m                                                                                   [32m[1mâ”‚[0m
[32m[1mâ”‚[0m Disable this message with one of the following:                                   [32m[1mâ”‚[0m
[32m[1mâ”‚[0m                                                                                   [32m[1mâ”‚[0m
[32m[1mâ”‚[0m src/test/resources/cucumber.properties:          [36mcucumber.publish.quiet[0m=[36mtrue[0m      [32m[1mâ”‚[0m
[32m[1mâ”‚[0m src/test/resources/junit-platform.properties:    [36mcucumber.publish.quiet[0m=[36mtrue[0m      [32m[1mâ”‚[0m
[32m[1mâ””â”€â”€â”€â”€â”€â”€â”€â”€â”€â”€â”€â”€â”€â”€â”€â”€â”€â”€â”€â”€â”€â”€â”€â”€â”€â”€â”€â”€â”€â”€â”€â”€â”€â”€â”€â”€â”€â”€â”€â”€â”€â”€â”€â”€â”€â”€â”€â”€â”€â”€â”€â”€â”€â”€â”€â”€â”€â”€â”€â”€â”€â”€â”€â”€â”€â”€â”€â”€â”€â”€â”€â”€â”€â”€â”€â”€â”€â”€â”€â”€â”€â”€â”€â”˜[0m
[32m[1mâ”Œâ”€â”€â”€â”€â”€â”€â”€â”€â”€â”€â”€â”€â”€â”€â”€â”€â”€â”€â”€â”€â”€â”€â”€â”€â”€â”€â”€â”€â”€â”€â”€â”€â”€â”€â”€â”€â”€â”€â”€â”€â”€â”€â”€â”€â”€â”€â”€â”€â”€â”€â”€â”€â”€â”€â”€â”€â”€â”€â”€â”€â”€â”€â”€â”€â”€â”€â”€â”€â”€â”€â”€â”€â”€â”€â”€â”€â”€â”€â”€â”€â”€â”€â”€â”[0m
[32m[1mâ”‚[0m Share your Cucumber Report with your team at [36m[1m[4mhttps://reports.cucumber.io[0m          [32m[1mâ”‚[0m
[32m[1mâ”‚[0m Activate publishing with one of the following:                                    [32m[1mâ”‚[0m
[32m[1mâ”‚[0m                                                                                   [32m[1mâ”‚[0m
[32m[1mâ”‚[0m src/test/resources/cucumber.properties:          [36mcucumber.publish.enabled[0m=[36mtrue[0m    [32m[1mâ”‚[0m
[32m[1mâ”‚[0m src/test/resources/junit-platform.properties:    [36mcucumber.publish.enabled[0m=[36mtrue[0m    [32m[1mâ”‚[0m
[32m[1mâ”‚[0m Environment variable:                            [36mCUCUMBER_PUBLISH_ENABLED[0m=[36mtrue[0m    [32m[1mâ”‚[0m
[32m[1mâ”‚[0m JUnit:                                           [36m@CucumberOptions[0m(publish = [36mtrue[0m) [32m[1mâ”‚[0m
[32m[1mâ”‚[0m                                                                                   [32m[1mâ”‚[0m
[32m[1mâ”‚[0m More information at [36mhttps://reports.cucumber.io/docs/cucumber-jvm[0m                 [32m[1mâ”‚[0m
[32m[1mâ”‚[0m                                                                                   [32m[1mâ”‚[0m
[32m[1mâ”‚[0m Disable this message with one of the following:                                   [32m[1mâ”‚[0m
[32m[1mâ”‚[0m                                                                                   [32m[1mâ”‚[0m
[32m[1mâ”‚[0m src/test/resources/cucumber.properties:          [36mcucumber.publish.quiet[0m=[36mtrue[0m      [32m[1mâ”‚[0m
[32m[1mâ”‚[0m src/test/resources/junit-platform.properties:    [36mcucumber.publish.quiet[0m=[36mtrue[0m      [32m[1mâ”‚[0m
[32m[1mâ””â”€â”€â”€â”€â”€â”€â”€â”€â”€â”€â”€â”€â”€â”€â”€â”€â”€â”€â”€â”€â”€â”€â”€â”€â”€â”€â”€â”€â”€â”€â”€â”€â”€â”€â”€â”€â”€â”€â”€â”€â”€â”€â”€â”€â”€â”€â”€â”€â”€â”€â”€â”€â”€â”€â”€â”€â”€â”€â”€â”€â”€â”€â”€â”€â”€â”€â”€â”€â”€â”€â”€â”€â”€â”€â”€â”€â”€â”€â”€â”€â”€â”€â”€â”˜[0m
[INFO] Tests run: 19, Failures: 0, Errors: 0, Skipped: 0, Time elapsed: 0.883 s - in com.github.cukedoctor.bdd.cukedoctor.CukedoctorBdd
[INFO] Running com.github.cukedoctor.converter.CukedoctorConverterTest
Jan 25, 2023 8:58:07 AM com.github.cukedoctor.util.FileUtil saveFile
INFO: Wrote: /home/gabsko/breaking-updates/cukedoctor-converter/target/test-docs/doc_without_features_sect.adoc
Jan 25, 2023 8:58:07 AM com.github.cukedoctor.api.model.Step getStatus
WARNING: Line 4 : Step is missing Result: Given  : this step <status>
Jan 25, 2023 8:58:07 AM com.github.cukedoctor.api.model.Step getStatus
WARNING: Line 4 : Step is missing Result: Given  : this step <status>
Jan 25, 2023 8:58:07 AM com.github.cukedoctor.util.FileUtil saveFile
INFO: Wrote: /home/gabsko/breaking-updates/cukedoctor-converter/target/test-docs/doc_multiple_feature.adoc
Jan 25, 2023 8:58:07 AM com.github.cukedoctor.util.FileUtil saveFile
INFO: Wrote: /home/gabsko/breaking-updates/cukedoctor-converter/target/test-docs/doc_one_feature.adoc
Jan 25, 2023 8:58:07 AM com.github.cukedoctor.util.FileUtil saveFile
INFO: Wrote: /home/gabsko/breaking-updates/cukedoctor-converter/target/sample.adoc
Jan 25, 2023 8:58:07 AM com.github.cukedoctor.util.FileUtil saveFile
INFO: Wrote: /home/gabsko/breaking-updates/cukedoctor-converter/target/test-docs/doc_without_features_sect.adoc
Jan 25, 2023 8:58:07 AM com.github.cukedoctor.util.FileUtil saveFile
INFO: Wrote: /home/gabsko/breaking-updates/cukedoctor-converter/target/generated-test-sources/living_documentation.adoc
Jan 25, 2023 8:58:07 AM com.github.cukedoctor.util.FileUtil saveFile
INFO: Wrote: /home/gabsko/breaking-updates/cukedoctor-converter/target/pdf/cukedoctor-pdf.yml
[INFO] Tests run: 21, Failures: 0, Errors: 0, Skipped: 0, Time elapsed: 0.283 s - in com.github.cukedoctor.converter.CukedoctorConverterTest
[INFO] Running com.github.cukedoctor.api.model.FeatureTest
[INFO] Tests run: 3, Failures: 0, Errors: 0, Skipped: 0, Time elapsed: 0.002 s - in com.github.cukedoctor.api.model.FeatureTest
[INFO] Running com.github.cukedoctor.api.DocumentAttributesTest
[INFO] Tests run: 2, Failures: 0, Errors: 0, Skipped: 0, Time elapsed: 0.003 s - in com.github.cukedoctor.api.DocumentAttributesTest
[INFO] Running com.github.cukedoctor.util.ServiceLoaderUtilTest
[INFO] Tests run: 5, Failures: 0, Errors: 0, Skipped: 0, Time elapsed: 0.004 s - in com.github.cukedoctor.util.ServiceLoaderUtilTest
[INFO] Running com.github.cukedoctor.util.FileUtilTest
Jan 25, 2023 8:58:07 AM com.github.cukedoctor.util.FileUtil saveFile
SEVERE: Could not create file /target/filename.adoc
java.io.IOException: No such file or directory
	at java.base/java.io.UnixFileSystem.createFileExclusively(Native Method)
	at java.base/java.io.File.createNewFile(File.java:1035)
	at com.github.cukedoctor.util.FileUtil.saveFile(FileUtil.java:149)
	at com.github.cukedoctor.util.FileUtilTest.shouldNotSaveFileUsingNonExistingAbsolutePath(FileUtilTest.java:42)
	at java.base/jdk.internal.reflect.NativeMethodAccessorImpl.invoke0(Native Method)
	at java.base/jdk.internal.reflect.NativeMethodAccessorImpl.invoke(NativeMethodAccessorImpl.java:62)
	at java.base/jdk.internal.reflect.DelegatingMethodAccessorImpl.invoke(DelegatingMethodAccessorImpl.java:43)
	at java.base/java.lang.reflect.Method.invoke(Method.java:566)
	at org.junit.runners.model.FrameworkMethod$1.runReflectiveCall(FrameworkMethod.java:59)
	at org.junit.internal.runners.model.ReflectiveCallable.run(ReflectiveCallable.java:12)
	at org.junit.runners.model.FrameworkMethod.invokeExplosively(FrameworkMethod.java:56)
	at org.junit.internal.runners.statements.InvokeMethod.evaluate(InvokeMethod.java:17)
	at org.junit.internal.runners.statements.RunAfters.evaluate(RunAfters.java:27)
	at org.junit.runners.ParentRunner$3.evaluate(ParentRunner.java:306)
	at org.junit.runners.BlockJUnit4ClassRunner$1.evaluate(BlockJUnit4ClassRunner.java:100)
	at org.junit.runners.ParentRunner.runLeaf(ParentRunner.java:366)
	at org.junit.runners.BlockJUnit4ClassRunner.runChild(BlockJUnit4ClassRunner.java:103)
	at org.junit.runners.BlockJUnit4ClassRunner.runChild(BlockJUnit4ClassRunner.java:63)
	at org.junit.runners.ParentRunner$4.run(ParentRunner.java:331)
	at org.junit.runners.ParentRunner$1.schedule(ParentRunner.java:79)
	at org.junit.runners.ParentRunner.runChildren(ParentRunner.java:329)
	at org.junit.runners.ParentRunner.access$100(ParentRunner.java:66)
	at org.junit.runners.ParentRunner$2.evaluate(ParentRunner.java:293)
	at org.junit.runners.ParentRunner$3.evaluate(ParentRunner.java:306)
	at org.junit.runners.ParentRunner.run(ParentRunner.java:413)
	at org.apache.maven.surefire.junit4.JUnit4Provider.execute(JUnit4Provider.java:364)
	at org.apache.maven.surefire.junit4.JUnit4Provider.executeWithRerun(JUnit4Provider.java:272)
	at org.apache.maven.surefire.junit4.JUnit4Provider.executeTestSet(JUnit4Provider.java:237)
	at org.apache.maven.surefire.junit4.JUnit4Provider.invoke(JUnit4Provider.java:158)
	at org.apache.maven.surefire.booter.ForkedBooter.runSuitesInProcess(ForkedBooter.java:428)
	at org.apache.maven.surefire.booter.ForkedBooter.execute(ForkedBooter.java:162)
	at org.apache.maven.surefire.booter.ForkedBooter.run(ForkedBooter.java:562)
	at org.apache.maven.surefire.booter.ForkedBooter.main(ForkedBooter.java:548)

Jan 25, 2023 8:58:07 AM com.github.cukedoctor.util.FileUtil saveFile
INFO: Wrote: /home/gabsko/breaking-updates/cukedoctor-converter/target/filename.adoc
Jan 25, 2023 8:58:07 AM com.github.cukedoctor.util.FileUtil saveFile
INFO: Wrote: /home/gabsko/breaking-updates/cukedoctor-converter/target/filename.adoc
[INFO] Tests run: 3, Failures: 0, Errors: 0, Skipped: 0, Time elapsed: 0.004 s - in com.github.cukedoctor.util.FileUtilTest
[INFO] Running com.github.cukedoctor.renderer.CukedoctorFeatureRendererTest
[ERROR] WARNING: An illegal reflective access operation has occurred
[ERROR] WARNING: Illegal reflective access by org.mockito.cglib.core.ReflectUtils$2 (file:/home/gabsko/.m2/repository/org/mockito/mockito-all/1.10.19/mockito-all-1.10.19.jar) to method java.lang.ClassLoader.defineClass(java.lang.String,byte[],int,int,java.security.ProtectionDomain)
[ERROR] WARNING: Please consider reporting this to the maintainers of org.mockito.cglib.core.ReflectUtils$2
[ERROR] WARNING: Use --illegal-access=warn to enable warnings of further illegal reflective access operations
[ERROR] WARNING: All illegal access operations will be denied in a future release
[INFO] Tests run: 20, Failures: 0, Errors: 0, Skipped: 0, Time elapsed: 0.168 s - in com.github.cukedoctor.renderer.CukedoctorFeatureRendererTest
[INFO] Running com.github.cukedoctor.renderer.CukedoctorScenarioRendererTest
[INFO] Tests run: 2, Failures: 0, Errors: 0, Skipped: 0, Time elapsed: 0.006 s - in com.github.cukedoctor.renderer.CukedoctorScenarioRendererTest
[INFO] Running com.github.cukedoctor.renderer.CukedoctorHeaderRendererTest
[INFO] Tests run: 16, Failures: 0, Errors: 0, Skipped: 0, Time elapsed: 0.019 s - in com.github.cukedoctor.renderer.CukedoctorHeaderRendererTest
[INFO] Running com.github.cukedoctor.renderer.CukedoctorTagsRendererTest
[INFO] Tests run: 14, Failures: 0, Errors: 0, Skipped: 0, Time elapsed: 0.001 s - in com.github.cukedoctor.renderer.CukedoctorTagsRendererTest
[INFO] Running com.github.cukedoctor.renderer.CukedoctorStepsRendererTest
[INFO] Tests run: 2, Failures: 0, Errors: 0, Skipped: 0, Time elapsed: 0 s - in com.github.cukedoctor.renderer.CukedoctorStepsRendererTest
[INFO] Running com.github.cukedoctor.renderer.CukedoctorSummaryRendererTest
[INFO] Tests run: 5, Failures: 0, Errors: 0, Skipped: 0, Time elapsed: 0.04 s - in com.github.cukedoctor.renderer.CukedoctorSummaryRendererTest
[INFO] Running com.github.cukedoctor.builder.CukedoctorDocumentBuilderImplTest
[INFO] Tests run: 22, Failures: 0, Errors: 0, Skipped: 0, Time elapsed: 0 s - in com.github.cukedoctor.builder.CukedoctorDocumentBuilderImplTest
[INFO] Running com.github.cukedoctor.i18n.I18nLoaderTest
[INFO] Tests run: 4, Failures: 0, Errors: 0, Skipped: 0, Time elapsed: 0.031 s - in com.github.cukedoctor.i18n.I18nLoaderTest
[INFO] Running com.github.cukedoctor.parser.FeatureParserTest
[INFO] Tests run: 16, Failures: 0, Errors: 0, Skipped: 0, Time elapsed: 0.088 s - in com.github.cukedoctor.parser.FeatureParserTest
[INFO] 
[INFO] Results:
[INFO] 
[INFO] Tests run: 163, Failures: 0, Errors: 0, Skipped: 0
[INFO] 
[INFO] 
[INFO] -----------< com.github.cukedoctor:cukedoctor-maven-plugin >------------
[INFO] Building cukedoctor-maven-plugin 3.7.1-SNAPSHOT                    [4/8]
[INFO] ----------------------------[ maven-plugin ]----------------------------
[INFO] 
[INFO] --- maven-clean-plugin:2.5:clean (default-clean) @ cukedoctor-maven-plugin ---
[INFO] Deleting /home/gabsko/breaking-updates/cukedoctor-maven-plugin/target
[INFO] 
[INFO] --- maven-enforcer-plugin:1.0:enforce (enforce-maven) @ cukedoctor-maven-plugin ---
[INFO] 
[INFO] --- maven-plugin-plugin:3.5.2:helpmojo (help-goal) @ cukedoctor-maven-plugin ---
[INFO] Using 'UTF-8' encoding to read mojo source files.
[INFO] java-javadoc mojo extractor found 0 mojo descriptor.
[INFO] java-annotations mojo extractor found 0 mojo descriptor.
[INFO] 
[INFO] --- maven-resources-plugin:2.6:resources (default-resources) @ cukedoctor-maven-plugin ---
[INFO] Using 'UTF-8' encoding to copy filtered resources.
[INFO] skip non existing resourceDirectory /home/gabsko/breaking-updates/cukedoctor-maven-plugin/src/main/resources
[INFO] 
[INFO] --- maven-compiler-plugin:3.3:compile (default-compile) @ cukedoctor-maven-plugin ---
[INFO] Changes detected - recompiling the module!
[INFO] Compiling 4 source files to /home/gabsko/breaking-updates/cukedoctor-maven-plugin/target/classes
[INFO] /home/gabsko/breaking-updates/cukedoctor-maven-plugin/src/main/java/com/github/cukedoctor/mojo/CukedoctorMojo.java: /home/gabsko/breaking-updates/cukedoctor-maven-plugin/src/main/java/com/github/cukedoctor/mojo/CukedoctorMojo.java uses or overrides a deprecated API.
[INFO] /home/gabsko/breaking-updates/cukedoctor-maven-plugin/src/main/java/com/github/cukedoctor/mojo/CukedoctorMojo.java: Recompile with -Xlint:deprecation for details.
[INFO] 
[INFO] --- maven-plugin-plugin:3.5.2:descriptor (default-descriptor) @ cukedoctor-maven-plugin ---
[INFO] Using 'UTF-8' encoding to read mojo source files.
[INFO] java-javadoc mojo extractor found 0 mojo descriptor.
[WARNING] Deprecated @Component annotation for 'project' field in com.github.cukedoctor.mojo.CukedoctorMojo: replace with @Parameter( defaultValue = "${project}", readonly = true )
[INFO] java-annotations mojo extractor found 2 mojo descriptors.
[INFO] 
[INFO] --- maven-plugin-plugin:3.5.2:descriptor (mojo-descriptor) @ cukedoctor-maven-plugin ---
[INFO] Using 'UTF-8' encoding to read mojo source files.
[INFO] java-javadoc mojo extractor found 0 mojo descriptor.
[WARNING] Deprecated @Component annotation for 'project' field in com.github.cukedoctor.mojo.CukedoctorMojo: replace with @Parameter( defaultValue = "${project}", readonly = true )
[INFO] java-annotations mojo extractor found 2 mojo descriptors.
[INFO] 
[INFO] --- maven-resources-plugin:2.6:testResources (default-testResources) @ cukedoctor-maven-plugin ---
[INFO] Using 'UTF-8' encoding to copy filtered resources.
[INFO] Copying 22 resources
[INFO] 
[INFO] --- maven-compiler-plugin:3.3:testCompile (default-testCompile) @ cukedoctor-maven-plugin ---
[INFO] Changes detected - recompiling the module!
[INFO] Compiling 3 source files to /home/gabsko/breaking-updates/cukedoctor-maven-plugin/target/test-classes
[INFO] 
[INFO] --- maven-surefire-plugin:3.0.0-M5:test (default-test) @ cukedoctor-maven-plugin ---
[INFO] 
[INFO] -------------------------------------------------------
[INFO]  T E S T S
[INFO] -------------------------------------------------------
[INFO] Running com.github.cukedoctor.mojo.CukedoctorMojoTest
SLF4J: Failed to load class "org.slf4j.impl.StaticLoggerBinder".
SLF4J: Defaulting to no-operation (NOP) logger implementation
SLF4J: See http://www.slf4j.org/codes.html#StaticLoggerBinder for further details.
[INFO] Searching cucumber features in path: /home/gabsko/breaking-updates/cukedoctor-maven-plugin
[INFO] Generating living documentation for 4 feature(s)...
[INFO] Document attributes:
{revnumber=${project.version}, version-label=myversion, numbered=true, toclevels=3, toc=left, icons=font, doctitle=Living Documentation, doctype=book, sectanchors=true, hardbreaks=false, data-uri=true, backend=html5, source-highlighter=highlightjs, docinfo=true, sectlink=true, chapter-label=mychapter, stem=latexmath}
[INFO] Generated documentation at: /home/gabsko/breaking-updates/cukedoctor-maven-plugin/target/docs
[INFO] Searching cucumber features in path: /home/gabsko/breaking-updates/cukedoctor-maven-plugin
[INFO] Generating living documentation for 4 feature(s)...
[INFO] Document attributes:
{revnumber=${project.version}, version-label=myversion, numbered=true, toclevels=3, toc=left, icons=font, doctitle=Living Documentation, doctype=book, sectanchors=true, hardbreaks=false, backend=html5, source-highlighter=highlightjs, docinfo=true, sectlink=true, chapter-label=mychapter, stem=latexmath}
[INFO] Generated documentation at: /home/gabsko/breaking-updates/cukedoctor-maven-plugin/target/docs
[INFO] Searching cucumber features in path: /home/gabsko/breaking-updates/cukedoctor-maven-plugin
[INFO] Generating living documentation for 4 feature(s)...
[INFO] Document attributes:
{revnumber=${project.version}, version-label=myversion, numbered=true, toclevels=3, toc=left, icons=font, doctitle=Living Documentation, doctype=book, sectanchors=true, hardbreaks=false, backend=html5, source-highlighter=highlightjs, docinfo=true, sectlink=true, chapter-label=mychapter}
[INFO] Generated documentation at: /home/gabsko/breaking-updates/cukedoctor-maven-plugin/target/docs
[INFO] Searching cucumber features in path: /home/gabsko/breaking-updates/cukedoctor-maven-plugin
[INFO] Generating living documentation for 4 feature(s)...
[INFO] Document attributes:
{revnumber=${project.version}, version-label=Version, numbered=true, toclevels=3, toc=left, icons=font, doctitle=Living Documentation, doctype=book, sectanchors=true, hardbreaks=false, backend=html5, source-highlighter=highlightjs, docinfo=true, sectlink=true, chapter-label=Chapter}
[INFO] Generated documentation at: /home/gabsko/breaking-updates/cukedoctor-maven-plugin/target/docs
[INFO] Tests run: 21, Failures: 0, Errors: 0, Skipped: 0, Time elapsed: 65.155 s - in com.github.cukedoctor.mojo.CukedoctorMojoTest
[INFO] 
[INFO] Results:
[INFO] 
[INFO] Tests run: 21, Failures: 0, Errors: 0, Skipped: 0
[INFO] 
[INFO] 
[INFO] ---------------< com.github.cukedoctor:cukedoctor-main >----------------
[INFO] Building cukedoctor-main 3.7.1-SNAPSHOT                            [5/8]
[INFO] --------------------------------[ jar ]---------------------------------
[INFO] 
[INFO] --- maven-clean-plugin:2.5:clean (default-clean) @ cukedoctor-main ---
[INFO] Deleting /home/gabsko/breaking-updates/cukedoctor-main/target
[INFO] 
[INFO] --- maven-enforcer-plugin:1.0:enforce (enforce-maven) @ cukedoctor-main ---
[INFO] 
[INFO] --- maven-resources-plugin:2.6:resources (default-resources) @ cukedoctor-main ---
[INFO] Using 'UTF-8' encoding to copy filtered resources.
[INFO] skip non existing resourceDirectory /home/gabsko/breaking-updates/cukedoctor-main/src/main/resources
[INFO] 
[INFO] --- maven-compiler-plugin:3.3:compile (default-compile) @ cukedoctor-main ---
[INFO] Changes detected - recompiling the module!
[INFO] Compiling 1 source file to /home/gabsko/breaking-updates/cukedoctor-main/target/classes
[INFO] /home/gabsko/breaking-updates/cukedoctor-main/src/main/java/com/github/cukedoctor/CukedoctorMain.java: /home/gabsko/breaking-updates/cukedoctor-main/src/main/java/com/github/cukedoctor/CukedoctorMain.java uses or overrides a deprecated API.
[INFO] /home/gabsko/breaking-updates/cukedoctor-main/src/main/java/com/github/cukedoctor/CukedoctorMain.java: Recompile with -Xlint:deprecation for details.
[INFO] 
[INFO] --- maven-resources-plugin:2.6:testResources (default-testResources) @ cukedoctor-main ---
[INFO] Using 'UTF-8' encoding to copy filtered resources.
[INFO] Copying 9 resources
[INFO] 
[INFO] --- maven-compiler-plugin:3.3:testCompile (default-testCompile) @ cukedoctor-main ---
[INFO] Changes detected - recompiling the module!
[INFO] Compiling 3 source files to /home/gabsko/breaking-updates/cukedoctor-main/target/test-classes
[INFO] 
[INFO] --- maven-surefire-plugin:3.0.0-M5:test (default-test) @ cukedoctor-main ---
[INFO] 
[INFO] -------------------------------------------------------
[INFO]  T E S T S
[INFO] -------------------------------------------------------
[INFO] Running com.github.cukedoctor.bdd.CukedoctorMainBdd
Generating living documentation with args:
-f: html5
-p: target/test-classes/json-output/one_passing_one_failing.json
-t: Documentation
-o: target/test-classes/outputFile.adoc
Found 1 feature(s)
SLF4J: Failed to load class "org.slf4j.impl.StaticLoggerBinder".
SLF4J: Defaulting to no-operation (NOP) logger implementation
SLF4J: See http://www.slf4j.org/codes.html#StaticLoggerBinder for further details.
Jan 25, 2023 8:59:20 AM com.github.cukedoctor.util.FileUtil saveFile
INFO: Wrote: /home/gabsko/breaking-updates/cukedoctor-main/target/test-classes/outputFile.adoc
Document attributes
{version-label=Version, toclevels=3, toc=right, icons=font, doctitle=Documentation, doctype=book, sectanchors=true, hardbreaks=true, backend=html5, source-highlighter=highlightjs, docinfo=true, sectlink=true, chapter-label=Chapter}
Jan 25, 2023 8:59:25 AM com.github.cukedoctor.extension.util.FileUtil saveFile
INFO: Wrote: /home/gabsko/breaking-updates/cukedoctor-main/target/test-classes/themes/asciidoctor.css
Jan 25, 2023 8:59:25 AM com.github.cukedoctor.extension.util.FileUtil saveFile
INFO: Wrote: /home/gabsko/breaking-updates/cukedoctor-main/target/test-classes/themes/colony.css
Jan 25, 2023 8:59:25 AM com.github.cukedoctor.extension.util.FileUtil saveFile
INFO: Wrote: /home/gabsko/breaking-updates/cukedoctor-main/target/test-classes/themes/foundation.css
Jan 25, 2023 8:59:25 AM com.github.cukedoctor.extension.util.FileUtil saveFile
INFO: Wrote: /home/gabsko/breaking-updates/cukedoctor-main/target/test-classes/themes/github.css
Jan 25, 2023 8:59:25 AM com.github.cukedoctor.extension.util.FileUtil saveFile
INFO: Wrote: /home/gabsko/breaking-updates/cukedoctor-main/target/test-classes/themes/iconic.css
Jan 25, 2023 8:59:25 AM com.github.cukedoctor.extension.util.FileUtil saveFile
INFO: Wrote: /home/gabsko/breaking-updates/cukedoctor-main/target/test-classes/themes/maker.css
Jan 25, 2023 8:59:25 AM com.github.cukedoctor.extension.util.FileUtil saveFile
INFO: Wrote: /home/gabsko/breaking-updates/cukedoctor-main/target/test-classes/themes/readthedocs.css
Jan 25, 2023 8:59:25 AM com.github.cukedoctor.extension.util.FileUtil saveFile
INFO: Wrote: /home/gabsko/breaking-updates/cukedoctor-main/target/test-classes/themes/rocket-panda.css
Jan 25, 2023 8:59:25 AM com.github.cukedoctor.extension.util.FileUtil saveFile
INFO: Wrote: /home/gabsko/breaking-updates/cukedoctor-main/target/test-classes/themes/rubygems.css
Generating living documentation with args:
-f: html5
-p: target/test-classes/json-output/
-t: Documentation
-o: target/test-classes/outputFile.adoc
Found 5 feature(s)
Jan 25, 2023 8:59:25 AM com.github.cukedoctor.api.model.Step getStatus
WARNING: Line 4 : Step is missing Result: Given  : this step <status>
Jan 25, 2023 8:59:25 AM com.github.cukedoctor.api.model.Step getStatus
WARNING: Line 4 : Step is missing Result: Given  : this step <status>
Jan 25, 2023 8:59:25 AM com.github.cukedoctor.api.model.Step getStatus
WARNING: Line 3 : Step is missing Result: Given  : I navigate to the home page
Jan 25, 2023 8:59:25 AM com.github.cukedoctor.api.model.Step getStatus
WARNING: Line 3 : Step is missing Result: Given  : I navigate to the home page
Jan 25, 2023 8:59:25 AM com.github.cukedoctor.util.FileUtil saveFile
INFO: Wrote: /home/gabsko/breaking-updates/cukedoctor-main/target/test-classes/outputFile.adoc
Document attributes
{version-label=Version, toclevels=3, toc=right, icons=font, doctitle=Documentation, doctype=book, sectanchors=true, hardbreaks=true, backend=html5, source-highlighter=highlightjs, docinfo=true, sectlink=true, chapter-label=Chapter}
[32m[1mâ”Œâ”€â”€â”€â”€â”€â”€â”€â”€â”€â”€â”€â”€â”€â”€â”€â”€â”€â”€â”€â”€â”€â”€â”€â”€â”€â”€â”€â”€â”€â”€â”€â”€â”€â”€â”€â”€â”€â”€â”€â”€â”€â”€â”€â”€â”€â”€â”€â”€â”€â”€â”€â”€â”€â”€â”€â”€â”€â”€â”€â”€â”€â”€â”€â”€â”€â”€â”€â”€â”€â”€â”€â”€â”€â”€â”€â”€â”€â”€â”€â”€â”€â”€â”€â”[0m
[32m[1mâ”‚[0m Share your Cucumber Report with your team at [36m[1m[4mhttps://reports.cucumber.io[0m          [32m[1mâ”‚[0m
[32m[1mâ”‚[0m Activate publishing with one of the following:                                    [32m[1mâ”‚[0m
[32m[1mâ”‚[0m                                                                                   [32m[1mâ”‚[0m
[32m[1mâ”‚[0m src/test/resources/cucumber.properties:          [36mcucumber.publish.enabled[0m=[36mtrue[0m    [32m[1mâ”‚[0m
[32m[1mâ”‚[0m src/test/resources/junit-platform.properties:    [36mcucumber.publish.enabled[0m=[36mtrue[0m    [32m[1mâ”‚[0m
[32m[1mâ”‚[0m Environment variable:                            [36mCUCUMBER_PUBLISH_ENABLED[0m=[36mtrue[0m    [32m[1mâ”‚[0m
[32m[1mâ”‚[0m JUnit:                                           [36m@CucumberOptions[0m(publish = [36mtrue[0m) [32m[1mâ”‚[0m
[32m[1mâ”‚[0m                                                                                   [32m[1mâ”‚[0m
[32m[1mâ”‚[0m More information at [36mhttps://reports.cucumber.io/docs/cucumber-jvm[0m                 [32m[1mâ”‚[0m
[32m[1mâ”‚[0m                                                                                   [32m[1mâ”‚[0m
[32m[1mâ”‚[0m Disable this message with one of the following:                                   [32m[1mâ”‚[0m
[32m[1mâ”‚[0m                                                                                   [32m[1mâ”‚[0m
[32m[1mâ”‚[0m src/test/resources/cucumber.properties:          [36mcucumber.publish.quiet[0m=[36mtrue[0m      [32m[1mâ”‚[0m
[32m[1mâ”‚[0m src/test/resources/junit-platform.properties:    [36mcucumber.publish.quiet[0m=[36mtrue[0m      [32m[1mâ”‚[0m
[32m[1mâ””â”€â”€â”€â”€â”€â”€â”€â”€â”€â”€â”€â”€â”€â”€â”€â”€â”€â”€â”€â”€â”€â”€â”€â”€â”€â”€â”€â”€â”€â”€â”€â”€â”€â”€â”€â”€â”€â”€â”€â”€â”€â”€â”€â”€â”€â”€â”€â”€â”€â”€â”€â”€â”€â”€â”€â”€â”€â”€â”€â”€â”€â”€â”€â”€â”€â”€â”€â”€â”€â”€â”€â”€â”€â”€â”€â”€â”€â”€â”€â”€â”€â”€â”€â”˜[0m
[INFO] Tests run: 2, Failures: 0, Errors: 0, Skipped: 0, Time elapsed: 8.05 s - in com.github.cukedoctor.bdd.CukedoctorMainBdd
[INFO] Running com.github.cukedoctor.CukedoctorMainTest
Jan 25, 2023 8:59:27 AM com.github.cukedoctor.api.model.Step getStatus
WARNING: Line 4 : Step is missing Result: Given  : this step <status>
Jan 25, 2023 8:59:27 AM com.github.cukedoctor.api.model.Step getStatus
WARNING: Line 4 : Step is missing Result: Given  : this step <status>
Jan 25, 2023 8:59:27 AM com.github.cukedoctor.api.model.Step getStatus
WARNING: Line 4 : Step is missing Result: Given  : this step <status>
Jan 25, 2023 8:59:27 AM com.github.cukedoctor.api.model.Step getStatus
WARNING: Line 4 : Step is missing Result: Given  : this step <status>
Jan 25, 2023 8:59:27 AM com.github.cukedoctor.api.model.Step getStatus
WARNING: Line 3 : Step is missing Result: Given  : I navigate to the home page
Jan 25, 2023 8:59:27 AM com.github.cukedoctor.api.model.Step getStatus
WARNING: Line 3 : Step is missing Result: Given  : I navigate to the home page
Jan 25, 2023 8:59:27 AM com.github.cukedoctor.api.model.Step getStatus
WARNING: Line 3 : Step is missing Result: Given  : I navigate to the home page
Jan 25, 2023 8:59:27 AM com.github.cukedoctor.api.model.Step getStatus
WARNING: Line 3 : Step is missing Result: Given  : I navigate to the home page
Jan 25, 2023 8:59:27 AM com.github.cukedoctor.util.FileUtil saveFile
INFO: Wrote: /home/gabsko/breaking-updates/cukedoctor-main/"target/document-one".adoc
Jan 25, 2023 8:59:28 AM uri:classloader:/gems/asciidoctor-2.0.15/lib/asciidoctor/parser.rb next_section
WARNING: document-one".adoc: line 217: id assigned to section already in use: A-feature-with-a-diagram
Jan 25, 2023 8:59:28 AM uri:classloader:/gems/asciidoctor-2.0.15/lib/asciidoctor/parser.rb next_section
WARNING: document-one".adoc: line 265: id assigned to section already in use: An-embed-data-directly-feature
Jan 25, 2023 8:59:28 AM uri:classloader:/gems/asciidoctor-2.0.15/lib/asciidoctor/parser.rb next_section
WARNING: document-one".adoc: line 315: id assigned to section already in use: An-outline-feature
Jan 25, 2023 8:59:29 AM uri:classloader:/gems/asciidoctor-2.0.15/lib/asciidoctor/parser.rb build_block
WARNING: document-one".adoc: line 361: unterminated listing block
Jan 25, 2023 8:59:29 AM uri:classloader:/gems/asciidoctor-2.0.15/lib/asciidoctor/parser.rb build_block
WARNING: document-one".adoc: line 446: unterminated listing block
Jan 25, 2023 8:59:29 AM uri:classloader:/gems/asciidoctor-2.0.15/lib/asciidoctor/parser.rb build_block
WARNING: document-one".adoc: line 577: unterminated listing block
Jan 25, 2023 8:59:29 AM uri:classloader:/gems/asciidoctor-2.0.15/lib/asciidoctor/parser.rb parse_blocks
WARNING: document-one".adoc: line 592: id assigned to block already in use: An-embed-data-directly-feature
Jan 25, 2023 8:59:29 AM uri:classloader:/gems/asciidoctor-2.0.15/lib/asciidoctor/parser.rb parse_blocks
WARNING: document-one".adoc: line 618: id assigned to block already in use: An-outline-feature
Jan 25, 2023 8:59:29 AM uri:classloader:/gems/asciidoctor-2.0.15/lib/asciidoctor/parser.rb next_block
WARNING: document-one".adoc: line 717: unterminated listing block
Jan 25, 2023 8:59:29 AM uri:classloader:/gems/asciidoctor-2.0.15/lib/asciidoctor/parser.rb next_section
WARNING: document-one".adoc: line 721: id assigned to section already in use: One-passing-scenario-one-failing-scenario
Jan 25, 2023 8:59:29 AM uri:classloader:/gems/asciidoctor-2.0.15/lib/asciidoctor/parser.rb next_section
WARNING: document-one".adoc: line 749: id assigned to section already in use: One-passing-scenario-one-failing-scenario
Jan 25, 2023 8:59:29 AM uri:classloader:/gems/asciidoctor-2.0.15/lib/asciidoctor/parser.rb next_section
WARNING: document-one".adoc: line 777: id assigned to section already in use: Sample-test
Jan 25, 2023 8:59:29 AM uri:classloader:/gems/asciidoctor-2.0.15/lib/asciidoctor/parser.rb next_section
WARNING: document-one".adoc: line 823: id assigned to section already in use: Sample-test
Jan 25, 2023 8:59:29 AM com.github.cukedoctor.extension.util.FileUtil saveFile
INFO: Wrote: /home/gabsko/breaking-updates/cukedoctor-main/"target/themes/asciidoctor.css
Jan 25, 2023 8:59:29 AM com.github.cukedoctor.extension.util.FileUtil saveFile
INFO: Wrote: /home/gabsko/breaking-updates/cukedoctor-main/"target/themes/colony.css
Jan 25, 2023 8:59:29 AM com.github.cukedoctor.extension.util.FileUtil saveFile
INFO: Wrote: /home/gabsko/breaking-updates/cukedoctor-main/"target/themes/foundation.css
Jan 25, 2023 8:59:29 AM com.github.cukedoctor.extension.util.FileUtil saveFile
INFO: Wrote: /home/gabsko/breaking-updates/cukedoctor-main/"target/themes/github.css
Jan 25, 2023 8:59:29 AM com.github.cukedoctor.extension.util.FileUtil saveFile
INFO: Wrote: /home/gabsko/breaking-updates/cukedoctor-main/"target/themes/iconic.css
Jan 25, 2023 8:59:29 AM com.github.cukedoctor.extension.util.FileUtil saveFile
INFO: Wrote: /home/gabsko/breaking-updates/cukedoctor-main/"target/themes/maker.css
Jan 25, 2023 8:59:29 AM com.github.cukedoctor.extension.util.FileUtil saveFile
INFO: Wrote: /home/gabsko/breaking-updates/cukedoctor-main/"target/themes/readthedocs.css
Jan 25, 2023 8:59:29 AM com.github.cukedoctor.extension.util.FileUtil saveFile
INFO: Wrote: /home/gabsko/breaking-updates/cukedoctor-main/"target/themes/rocket-panda.css
Jan 25, 2023 8:59:29 AM com.github.cukedoctor.extension.util.FileUtil saveFile
INFO: Wrote: /home/gabsko/breaking-updates/cukedoctor-main/"target/themes/rubygems.css
Jan 25, 2023 8:59:29 AM com.github.cukedoctor.api.model.Step getStatus
WARNING: Line 4 : Step is missing Result: Given  : this step <status>
Jan 25, 2023 8:59:29 AM com.github.cukedoctor.api.model.Step getStatus
WARNING: Line 4 : Step is missing Result: Given  : this step <status>
Jan 25, 2023 8:59:29 AM com.github.cukedoctor.api.model.Step getStatus
WARNING: Line 4 : Step is missing Result: Given  : this step <status>
Jan 25, 2023 8:59:29 AM com.github.cukedoctor.api.model.Step getStatus
WARNING: Line 4 : Step is missing Result: Given  : this step <status>
Jan 25, 2023 8:59:29 AM com.github.cukedoctor.api.model.Step getStatus
WARNING: Line 3 : Step is missing Result: Given  : I navigate to the home page
Jan 25, 2023 8:59:29 AM com.github.cukedoctor.api.model.Step getStatus
WARNING: Line 3 : Step is missing Result: Given  : I navigate to the home page
Jan 25, 2023 8:59:29 AM com.github.cukedoctor.api.model.Step getStatus
WARNING: Line 3 : Step is missing Result: Given  : I navigate to the home page
Jan 25, 2023 8:59:29 AM com.github.cukedoctor.api.model.Step getStatus
WARNING: Line 3 : Step is missing Result: Given  : I navigate to the home page
Jan 25, 2023 8:59:29 AM com.github.cukedoctor.util.FileUtil saveFile
INFO: Wrote: /home/gabsko/breaking-updates/cukedoctor-main/"target/document-one".adoc
Jan 25, 2023 8:59:33 AM uri:classloader:/gems/asciidoctor-2.0.15/lib/asciidoctor/parser.rb next_section
WARNING: document-one".adoc: line 214: id assigned to section already in use: A-feature-with-a-diagram
Jan 25, 2023 8:59:33 AM uri:classloader:/gems/asciidoctor-2.0.15/lib/asciidoctor/parser.rb next_section
WARNING: document-one".adoc: line 256: id assigned to section already in use: An-embed-data-directly-feature
Jan 25, 2023 8:59:33 AM uri:classloader:/gems/asciidoctor-pdf-1.6.0/lib/asciidoctor/pdf/converter.rb convert_inline_image
INFO: thumbs-down icon not found in deprecated fa icon set; using match found in far icon set instead
Jan 25, 2023 8:59:33 AM uri:classloader:/gems/asciidoctor-2.0.15/lib/asciidoctor/parser.rb next_section
WARNING: document-one".adoc: line 300: id assigned to section already in use: An-outline-feature
Jan 25, 2023 8:59:33 AM uri:classloader:/gems/asciidoctor-pdf-1.6.0/lib/asciidoctor/pdf/converter.rb convert_inline_image
INFO: thumbs-down icon not found in deprecated fa icon set; using match found in far icon set instead
Jan 25, 2023 8:59:33 AM uri:classloader:/gems/asciidoctor-2.0.15/lib/asciidoctor/parser.rb build_block
WARNING: document-one".adoc: line 340: unterminated listing block
Jan 25, 2023 8:59:33 AM uri:classloader:/gems/asciidoctor-2.0.15/lib/asciidoctor/parser.rb build_block
WARNING: document-one".adoc: line 425: unterminated listing block
Jan 25, 2023 8:59:33 AM uri:classloader:/gems/asciidoctor-2.0.15/lib/asciidoctor/parser.rb build_block
WARNING: document-one".adoc: line 555: unterminated listing block
Jan 25, 2023 8:59:33 AM uri:classloader:/gems/asciidoctor-2.0.15/lib/asciidoctor/parser.rb parse_blocks
WARNING: document-one".adoc: line 571: id assigned to block already in use: An-embed-data-directly-feature
Jan 25, 2023 8:59:34 AM uri:classloader:/gems/asciidoctor-2.0.15/lib/asciidoctor/parser.rb parse_blocks
WARNING: document-one".adoc: line 597: id assigned to block already in use: An-outline-feature
Jan 25, 2023 8:59:34 AM uri:classloader:/gems/asciidoctor-2.0.15/lib/asciidoctor/parser.rb next_block
WARNING: document-one".adoc: line 696: unterminated listing block
Jan 25, 2023 8:59:34 AM uri:classloader:/gems/asciidoctor-2.0.15/lib/asciidoctor/parser.rb next_section
WARNING: document-one".adoc: line 700: id assigned to section already in use: One-passing-scenario-one-failing-scenario
Jan 25, 2023 8:59:34 AM uri:classloader:/gems/asciidoctor-pdf-1.6.0/lib/asciidoctor/pdf/converter.rb convert_inline_image
INFO: thumbs-down icon not found in deprecated fa icon set; using match found in far icon set instead
Jan 25, 2023 8:59:34 AM uri:classloader:/gems/asciidoctor-2.0.15/lib/asciidoctor/parser.rb next_section
WARNING: document-one".adoc: line 725: id assigned to section already in use: One-passing-scenario-one-failing-scenario
Jan 25, 2023 8:59:34 AM uri:classloader:/gems/asciidoctor-pdf-1.6.0/lib/asciidoctor/pdf/converter.rb convert_inline_image
INFO: thumbs-down icon not found in deprecated fa icon set; using match found in far icon set instead
Jan 25, 2023 8:59:34 AM uri:classloader:/gems/asciidoctor-2.0.15/lib/asciidoctor/parser.rb next_section
WARNING: document-one".adoc: line 750: id assigned to section already in use: Sample-test
Jan 25, 2023 8:59:34 AM uri:classloader:/gems/asciidoctor-pdf-1.6.0/lib/asciidoctor/pdf/converter.rb convert_inline_image
INFO: thumbs-down icon not found in deprecated fa icon set; using match found in far icon set instead
Jan 25, 2023 8:59:34 AM uri:classloader:/gems/asciidoctor-pdf-1.6.0/lib/asciidoctor/pdf/converter.rb convert_inline_image
INFO: thumbs-down icon not found in deprecated fa icon set; using match found in far icon set instead
Jan 25, 2023 8:59:34 AM uri:classloader:/gems/asciidoctor-2.0.15/lib/asciidoctor/parser.rb next_section
WARNING: document-one".adoc: line 793: id assigned to section already in use: Sample-test
Jan 25, 2023 8:59:34 AM uri:classloader:/gems/asciidoctor-pdf-1.6.0/lib/asciidoctor/pdf/converter.rb convert_inline_image
INFO: thumbs-down icon not found in deprecated fa icon set; using match found in far icon set instead
Jan 25, 2023 8:59:34 AM uri:classloader:/gems/asciidoctor-pdf-1.6.0/lib/asciidoctor/pdf/converter.rb convert_inline_image
INFO: thumbs-down icon not found in deprecated fa icon set; using match found in far icon set instead
Jan 25, 2023 8:59:38 AM uri:classloader:/gems/asciidoctor-pdf-1.6.0/lib/asciidoctor/pdf/converter.rb convert_inline_image
INFO: thumbs-up icon not found in deprecated fa icon set; using match found in far icon set instead
Jan 25, 2023 8:59:38 AM uri:classloader:/gems/asciidoctor-pdf-1.6.0/lib/asciidoctor/pdf/converter.rb convert_inline_image
INFO: thumbs-up icon not found in deprecated fa icon set; using match found in far icon set instead
Jan 25, 2023 8:59:38 AM uri:classloader:/gems/asciidoctor-pdf-1.6.0/lib/asciidoctor/pdf/converter.rb convert_inline_image
INFO: thumbs-up icon not found in deprecated fa icon set; using match found in far icon set instead
Jan 25, 2023 8:59:38 AM uri:classloader:/gems/asciidoctor-pdf-1.6.0/lib/asciidoctor/pdf/converter.rb convert_inline_image
INFO: thumbs-up icon not found in deprecated fa icon set; using match found in far icon set instead
Jan 25, 2023 8:59:38 AM uri:classloader:/gems/asciidoctor-pdf-1.6.0/lib/asciidoctor/pdf/converter.rb convert_inline_image
INFO: thumbs-up icon not found in deprecated fa icon set; using match found in far icon set instead
Jan 25, 2023 8:59:38 AM uri:classloader:/gems/asciidoctor-pdf-1.6.0/lib/asciidoctor/pdf/converter.rb convert_inline_image
INFO: thumbs-up icon not found in deprecated fa icon set; using match found in far icon set instead
Jan 25, 2023 8:59:38 AM uri:classloader:/gems/asciidoctor-pdf-1.6.0/lib/asciidoctor/pdf/converter.rb convert_inline_image
INFO: thumbs-up icon not found in deprecated fa icon set; using match found in far icon set instead
Jan 25, 2023 8:59:38 AM uri:classloader:/gems/asciidoctor-pdf-1.6.0/lib/asciidoctor/pdf/converter.rb convert_inline_image
INFO: thumbs-up icon not found in deprecated fa icon set; using match found in far icon set instead
Jan 25, 2023 8:59:39 AM uri:classloader:/gems/asciidoctor-pdf-1.6.0/lib/asciidoctor/pdf/converter.rb convert_inline_image
INFO: thumbs-up icon not found in deprecated fa icon set; using match found in far icon set instead
Jan 25, 2023 8:59:40 AM uri:classloader:/gems/asciidoctor-pdf-1.6.0/lib/asciidoctor/pdf/converter.rb convert_inline_image
INFO: thumbs-up icon not found in deprecated fa icon set; using match found in far icon set instead
Jan 25, 2023 8:59:40 AM uri:classloader:/gems/asciidoctor-pdf-1.6.0/lib/asciidoctor/pdf/converter.rb convert_inline_image
INFO: thumbs-up icon not found in deprecated fa icon set; using match found in far icon set instead
Jan 25, 2023 8:59:40 AM uri:classloader:/gems/asciidoctor-pdf-1.6.0/lib/asciidoctor/pdf/converter.rb convert_inline_image
INFO: thumbs-up icon not found in deprecated fa icon set; using match found in far icon set instead
Jan 25, 2023 8:59:40 AM uri:classloader:/gems/asciidoctor-pdf-1.6.0/lib/asciidoctor/pdf/converter.rb convert_inline_image
INFO: thumbs-down icon not found in deprecated fa icon set; using match found in far icon set instead
Jan 25, 2023 8:59:40 AM uri:classloader:/gems/asciidoctor-pdf-1.6.0/lib/asciidoctor/pdf/converter.rb convert_inline_image
INFO: thumbs-down icon not found in deprecated fa icon set; using match found in far icon set instead
Jan 25, 2023 8:59:41 AM uri:classloader:/gems/asciidoctor-pdf-1.6.0/lib/asciidoctor/pdf/converter.rb convert_inline_image
INFO: thumbs-up icon not found in deprecated fa icon set; using match found in far icon set instead
Jan 25, 2023 8:59:41 AM uri:classloader:/gems/asciidoctor-pdf-1.6.0/lib/asciidoctor/pdf/converter.rb convert_inline_image
INFO: thumbs-up icon not found in deprecated fa icon set; using match found in far icon set instead
Jan 25, 2023 8:59:41 AM uri:classloader:/gems/asciidoctor-pdf-1.6.0/lib/asciidoctor/pdf/converter.rb convert_inline_image
INFO: thumbs-up icon not found in deprecated fa icon set; using match found in far icon set instead
Jan 25, 2023 8:59:41 AM uri:classloader:/gems/asciidoctor-pdf-1.6.0/lib/asciidoctor/pdf/converter.rb convert_inline_image
INFO: thumbs-up icon not found in deprecated fa icon set; using match found in far icon set instead
Jan 25, 2023 8:59:41 AM uri:classloader:/gems/asciidoctor-pdf-1.6.0/lib/asciidoctor/pdf/converter.rb convert_inline_image
INFO: thumbs-up icon not found in deprecated fa icon set; using match found in far icon set instead
Jan 25, 2023 8:59:41 AM uri:classloader:/gems/asciidoctor-pdf-1.6.0/lib/asciidoctor/pdf/converter.rb convert_inline_image
INFO: thumbs-up icon not found in deprecated fa icon set; using match found in far icon set instead
Jan 25, 2023 8:59:41 AM uri:classloader:/gems/asciidoctor-pdf-1.6.0/lib/asciidoctor/pdf/converter.rb convert_inline_image
INFO: thumbs-up icon not found in deprecated fa icon set; using match found in far icon set instead
Jan 25, 2023 8:59:41 AM uri:classloader:/gems/asciidoctor-pdf-1.6.0/lib/asciidoctor/pdf/converter.rb convert_inline_image
INFO: thumbs-down icon not found in deprecated fa icon set; using match found in far icon set instead
Jan 25, 2023 8:59:41 AM uri:classloader:/gems/asciidoctor-pdf-1.6.0/lib/asciidoctor/pdf/converter.rb convert_inline_image
INFO: thumbs-up icon not found in deprecated fa icon set; using match found in far icon set instead
Jan 25, 2023 8:59:41 AM uri:classloader:/gems/asciidoctor-pdf-1.6.0/lib/asciidoctor/pdf/converter.rb convert_inline_image
INFO: thumbs-down icon not found in deprecated fa icon set; using match found in far icon set instead
Jan 25, 2023 8:59:41 AM uri:classloader:/gems/asciidoctor-pdf-1.6.0/lib/asciidoctor/pdf/converter.rb convert_inline_image
INFO: thumbs-down icon not found in deprecated fa icon set; using match found in far icon set instead
Jan 25, 2023 8:59:42 AM uri:classloader:/gems/asciidoctor-pdf-1.6.0/lib/asciidoctor/pdf/converter.rb convert_example
INFO: thumbs-down icon not found in deprecated fa icon set; using match found in far icon set instead
Jan 25, 2023 8:59:42 AM uri:classloader:/gems/asciidoctor-pdf-1.6.0/lib/asciidoctor/pdf/converter.rb convert_dlist
INFO: thumbs-up icon not found in deprecated fa icon set; using match found in far icon set instead
Jan 25, 2023 8:59:42 AM uri:classloader:/gems/asciidoctor-pdf-1.6.0/lib/asciidoctor/pdf/converter.rb convert_dlist
INFO: thumbs-up icon not found in deprecated fa icon set; using match found in far icon set instead
Jan 25, 2023 8:59:42 AM uri:classloader:/gems/asciidoctor-pdf-1.6.0/lib/asciidoctor/pdf/converter.rb convert_example
INFO: thumbs-down icon not found in deprecated fa icon set; using match found in far icon set instead
Jan 25, 2023 8:59:42 AM uri:classloader:/gems/asciidoctor-pdf-1.6.0/lib/asciidoctor/pdf/converter.rb convert_dlist
INFO: thumbs-up icon not found in deprecated fa icon set; using match found in far icon set instead
Jan 25, 2023 8:59:42 AM uri:classloader:/gems/asciidoctor-pdf-1.6.0/lib/asciidoctor/pdf/converter.rb convert_dlist
INFO: thumbs-down icon not found in deprecated fa icon set; using match found in far icon set instead
Jan 25, 2023 8:59:42 AM uri:classloader:/gems/asciidoctor-pdf-1.6.0/lib/asciidoctor/pdf/converter.rb convert_dlist
INFO: thumbs-up icon not found in deprecated fa icon set; using match found in far icon set instead
Jan 25, 2023 8:59:42 AM uri:classloader:/gems/asciidoctor-pdf-1.6.0/lib/asciidoctor/pdf/converter.rb convert_dlist
INFO: thumbs-down icon not found in deprecated fa icon set; using match found in far icon set instead
Jan 25, 2023 8:59:42 AM uri:classloader:/gems/asciidoctor-pdf-1.6.0/lib/asciidoctor/pdf/converter.rb convert_dlist
INFO: thumbs-up icon not found in deprecated fa icon set; using match found in far icon set instead
Jan 25, 2023 8:59:42 AM uri:classloader:/gems/asciidoctor-pdf-1.6.0/lib/asciidoctor/pdf/converter.rb convert_dlist
INFO: thumbs-down icon not found in deprecated fa icon set; using match found in far icon set instead
Jan 25, 2023 8:59:42 AM uri:classloader:/gems/asciidoctor-pdf-1.6.0/lib/asciidoctor/pdf/converter.rb convert_dlist
INFO: thumbs-up icon not found in deprecated fa icon set; using match found in far icon set instead
Jan 25, 2023 8:59:42 AM uri:classloader:/gems/asciidoctor-2.0.15/lib/asciidoctor/list.rb convert
INFO: thumbs-up icon not found in deprecated fa icon set; using match found in far icon set instead
Jan 25, 2023 8:59:42 AM uri:classloader:/gems/asciidoctor-2.0.15/lib/asciidoctor/list.rb convert
INFO: thumbs-up icon not found in deprecated fa icon set; using match found in far icon set instead
Jan 25, 2023 8:59:42 AM uri:classloader:/gems/asciidoctor-2.0.15/lib/asciidoctor/list.rb convert
INFO: thumbs-down icon not found in deprecated fa icon set; using match found in far icon set instead
Jan 25, 2023 8:59:43 AM uri:classloader:/gems/asciidoctor-2.0.15/lib/asciidoctor/list.rb convert
INFO: thumbs-up icon not found in deprecated fa icon set; using match found in far icon set instead
Jan 25, 2023 8:59:43 AM uri:classloader:/gems/asciidoctor-2.0.15/lib/asciidoctor/list.rb convert
INFO: thumbs-up icon not found in deprecated fa icon set; using match found in far icon set instead
Jan 25, 2023 8:59:43 AM uri:classloader:/gems/asciidoctor-2.0.15/lib/asciidoctor/list.rb convert
INFO: thumbs-up icon not found in deprecated fa icon set; using match found in far icon set instead
Jan 25, 2023 8:59:43 AM uri:classloader:/gems/asciidoctor-2.0.15/lib/asciidoctor/list.rb convert
INFO: thumbs-down icon not found in deprecated fa icon set; using match found in far icon set instead
Jan 25, 2023 8:59:44 AM com.github.cukedoctor.api.model.Step getStatus
WARNING: Line 4 : Step is missing Result: Given  : this step <status>
Jan 25, 2023 8:59:44 AM com.github.cukedoctor.api.model.Step getStatus
WARNING: Line 4 : Step is missing Result: Given  : this step <status>
Jan 25, 2023 8:59:44 AM com.github.cukedoctor.api.model.Step getStatus
WARNING: Line 4 : Step is missing Result: Given  : this step <status>
Jan 25, 2023 8:59:44 AM com.github.cukedoctor.api.model.Step getStatus
WARNING: Line 4 : Step is missing Result: Given  : this step <status>
Jan 25, 2023 8:59:44 AM com.github.cukedoctor.api.model.Step getStatus
WARNING: Line 3 : Step is missing Result: Given  : I navigate to the home page
Jan 25, 2023 8:59:44 AM com.github.cukedoctor.api.model.Step getStatus
WARNING: Line 3 : Step is missing Result: Given  : I navigate to the home page
Jan 25, 2023 8:59:44 AM com.github.cukedoctor.api.model.Step getStatus
WARNING: Line 3 : Step is missing Result: Given  : I navigate to the home page
Jan 25, 2023 8:59:44 AM com.github.cukedoctor.api.model.Step getStatus
WARNING: Line 3 : Step is missing Result: Given  : I navigate to the home page
Jan 25, 2023 8:59:44 AM com.github.cukedoctor.util.FileUtil saveFile
INFO: Wrote: /home/gabsko/breaking-updates/cukedoctor-main/"target/test-classes/asciidoctorj-diagram".adoc
Jan 25, 2023 8:59:46 AM uri:classloader:/gems/asciidoctor-2.0.15/lib/asciidoctor/parser.rb next_section
WARNING: asciidoctorj-diagram".adoc: line 217: id assigned to section already in use: A-feature-with-a-diagram
Jan 25, 2023 8:59:46 AM uri:classloader:/gems/asciidoctor-2.0.15/lib/asciidoctor/parser.rb next_section
WARNING: asciidoctorj-diagram".adoc: line 265: id assigned to section already in use: An-embed-data-directly-feature
Jan 25, 2023 8:59:46 AM uri:classloader:/gems/asciidoctor-2.0.15/lib/asciidoctor/parser.rb next_section
WARNING: asciidoctorj-diagram".adoc: line 315: id assigned to section already in use: An-outline-feature
Jan 25, 2023 8:59:46 AM uri:classloader:/gems/asciidoctor-2.0.15/lib/asciidoctor/parser.rb build_block
WARNING: asciidoctorj-diagram".adoc: line 361: unterminated listing block
Jan 25, 2023 8:59:46 AM uri:classloader:/gems/asciidoctor-2.0.15/lib/asciidoctor/parser.rb build_block
WARNING: asciidoctorj-diagram".adoc: line 446: unterminated listing block
Jan 25, 2023 8:59:46 AM uri:classloader:/gems/asciidoctor-2.0.15/lib/asciidoctor/parser.rb build_block
WARNING: asciidoctorj-diagram".adoc: line 577: unterminated listing block
Jan 25, 2023 8:59:46 AM uri:classloader:/gems/asciidoctor-2.0.15/lib/asciidoctor/parser.rb parse_blocks
WARNING: asciidoctorj-diagram".adoc: line 592: id assigned to block already in use: An-embed-data-directly-feature
Jan 25, 2023 8:59:46 AM uri:classloader:/gems/asciidoctor-2.0.15/lib/asciidoctor/parser.rb parse_blocks
WARNING: asciidoctorj-diagram".adoc: line 618: id assigned to block already in use: An-outline-feature
Jan 25, 2023 8:59:46 AM uri:classloader:/gems/asciidoctor-2.0.15/lib/asciidoctor/parser.rb next_block
WARNING: asciidoctorj-diagram".adoc: line 717: unterminated listing block
Jan 25, 2023 8:59:46 AM uri:classloader:/gems/asciidoctor-2.0.15/lib/asciidoctor/parser.rb next_section
WARNING: asciidoctorj-diagram".adoc: line 721: id assigned to section already in use: One-passing-scenario-one-failing-scenario
Jan 25, 2023 8:59:46 AM uri:classloader:/gems/asciidoctor-2.0.15/lib/asciidoctor/parser.rb next_section
WARNING: asciidoctorj-diagram".adoc: line 749: id assigned to section already in use: One-passing-scenario-one-failing-scenario
Jan 25, 2023 8:59:46 AM uri:classloader:/gems/asciidoctor-2.0.15/lib/asciidoctor/parser.rb next_section
WARNING: asciidoctorj-diagram".adoc: line 777: id assigned to section already in use: Sample-test
Jan 25, 2023 8:59:46 AM uri:classloader:/gems/asciidoctor-2.0.15/lib/asciidoctor/parser.rb next_section
WARNING: asciidoctorj-diagram".adoc: line 823: id assigned to section already in use: Sample-test
Jan 25, 2023 8:59:46 AM com.github.cukedoctor.extension.util.FileUtil saveFile
INFO: Wrote: /home/gabsko/breaking-updates/cukedoctor-main/"target/test-classes/themes/asciidoctor.css
Jan 25, 2023 8:59:46 AM com.github.cukedoctor.extension.util.FileUtil saveFile
INFO: Wrote: /home/gabsko/breaking-updates/cukedoctor-main/"target/test-classes/themes/colony.css
Jan 25, 2023 8:59:46 AM com.github.cukedoctor.extension.util.FileUtil saveFile
INFO: Wrote: /home/gabsko/breaking-updates/cukedoctor-main/"target/test-classes/themes/foundation.css
Jan 25, 2023 8:59:46 AM com.github.cukedoctor.extension.util.FileUtil saveFile
INFO: Wrote: /home/gabsko/breaking-updates/cukedoctor-main/"target/test-classes/themes/github.css
Jan 25, 2023 8:59:46 AM com.github.cukedoctor.extension.util.FileUtil saveFile
INFO: Wrote: /home/gabsko/breaking-updates/cukedoctor-main/"target/test-classes/themes/iconic.css
Jan 25, 2023 8:59:46 AM com.github.cukedoctor.extension.util.FileUtil saveFile
INFO: Wrote: /home/gabsko/breaking-updates/cukedoctor-main/"target/test-classes/themes/maker.css
Jan 25, 2023 8:59:46 AM com.github.cukedoctor.extension.util.FileUtil saveFile
INFO: Wrote: /home/gabsko/breaking-updates/cukedoctor-main/"target/test-classes/themes/readthedocs.css
Jan 25, 2023 8:59:46 AM com.github.cukedoctor.extension.util.FileUtil saveFile
INFO: Wrote: /home/gabsko/breaking-updates/cukedoctor-main/"target/test-classes/themes/rocket-panda.css
Jan 25, 2023 8:59:46 AM com.github.cukedoctor.extension.util.FileUtil saveFile
INFO: Wrote: /home/gabsko/breaking-updates/cukedoctor-main/"target/test-classes/themes/rubygems.css
Jan 25, 2023 8:59:46 AM com.github.cukedoctor.api.model.Step getStatus
WARNING: Line 4 : Step is missing Result: Given  : this step <status>
Jan 25, 2023 8:59:46 AM com.github.cukedoctor.api.model.Step getStatus
WARNING: Line 4 : Step is missing Result: Given  : this step <status>
Jan 25, 2023 8:59:46 AM com.github.cukedoctor.api.model.Step getStatus
WARNING: Line 4 : Step is missing Result: Given  : this step <status>
Jan 25, 2023 8:59:46 AM com.github.cukedoctor.api.model.Step getStatus
WARNING: Line 4 : Step is missing Result: Given  : this step <status>
Jan 25, 2023 8:59:46 AM com.github.cukedoctor.api.model.Step getStatus
WARNING: Line 3 : Step is missing Result: Given  : I navigate to the home page
Jan 25, 2023 8:59:46 AM com.github.cukedoctor.api.model.Step getStatus
WARNING: Line 3 : Step is missing Result: Given  : I navigate to the home page
Jan 25, 2023 8:59:46 AM com.github.cukedoctor.api.model.Step getStatus
WARNING: Line 3 : Step is missing Result: Given  : I navigate to the home page
Jan 25, 2023 8:59:46 AM com.github.cukedoctor.api.model.Step getStatus
WARNING: Line 3 : Step is missing Result: Given  : I navigate to the home page
Jan 25, 2023 8:59:46 AM com.github.cukedoctor.util.FileUtil saveFile
INFO: Wrote: /home/gabsko/breaking-updates/cukedoctor-main/"target/test-classes/Living-Documentation".adoc
Jan 25, 2023 8:59:47 AM uri:classloader:/gems/asciidoctor-2.0.15/lib/asciidoctor/parser.rb next_section
WARNING: Living-Documentation".adoc: line 217: id assigned to section already in use: A-feature-with-a-diagram
Jan 25, 2023 8:59:47 AM uri:classloader:/gems/asciidoctor-2.0.15/lib/asciidoctor/parser.rb next_section
WARNING: Living-Documentation".adoc: line 265: id assigned to section already in use: An-embed-data-directly-feature
Jan 25, 2023 8:59:47 AM uri:classloader:/gems/asciidoctor-2.0.15/lib/asciidoctor/parser.rb next_section
WARNING: Living-Documentation".adoc: line 315: id assigned to section already in use: An-outline-feature
Jan 25, 2023 8:59:47 AM uri:classloader:/gems/asciidoctor-2.0.15/lib/asciidoctor/parser.rb build_block
WARNING: Living-Documentation".adoc: line 361: unterminated listing block
Jan 25, 2023 8:59:47 AM uri:classloader:/gems/asciidoctor-2.0.15/lib/asciidoctor/parser.rb build_block
WARNING: Living-Documentation".adoc: line 446: unterminated listing block
Jan 25, 2023 8:59:47 AM uri:classloader:/gems/asciidoctor-2.0.15/lib/asciidoctor/parser.rb build_block
WARNING: Living-Documentation".adoc: line 577: unterminated listing block
Jan 25, 2023 8:59:47 AM uri:classloader:/gems/asciidoctor-2.0.15/lib/asciidoctor/parser.rb parse_blocks
WARNING: Living-Documentation".adoc: line 592: id assigned to block already in use: An-embed-data-directly-feature
Jan 25, 2023 8:59:47 AM uri:classloader:/gems/asciidoctor-2.0.15/lib/asciidoctor/parser.rb parse_blocks
WARNING: Living-Documentation".adoc: line 618: id assigned to block already in use: An-outline-feature
Jan 25, 2023 8:59:47 AM uri:classloader:/gems/asciidoctor-2.0.15/lib/asciidoctor/parser.rb next_block
WARNING: Living-Documentation".adoc: line 717: unterminated listing block
Jan 25, 2023 8:59:47 AM uri:classloader:/gems/asciidoctor-2.0.15/lib/asciidoctor/parser.rb next_section
WARNING: Living-Documentation".adoc: line 721: id assigned to section already in use: One-passing-scenario-one-failing-scenario
Jan 25, 2023 8:59:47 AM uri:classloader:/gems/asciidoctor-2.0.15/lib/asciidoctor/parser.rb next_section
WARNING: Living-Documentation".adoc: line 749: id assigned to section already in use: One-passing-scenario-one-failing-scenario
Jan 25, 2023 8:59:47 AM uri:classloader:/gems/asciidoctor-2.0.15/lib/asciidoctor/parser.rb next_section
WARNING: Living-Documentation".adoc: line 777: id assigned to section already in use: Sample-test
Jan 25, 2023 8:59:47 AM uri:classloader:/gems/asciidoctor-2.0.15/lib/asciidoctor/parser.rb next_section
WARNING: Living-Documentation".adoc: line 823: id assigned to section already in use: Sample-test
Jan 25, 2023 8:59:48 AM com.github.cukedoctor.api.model.Step getStatus
WARNING: Line 4 : Step is missing Result: Given  : this step <status>
Jan 25, 2023 8:59:48 AM com.github.cukedoctor.api.model.Step getStatus
WARNING: Line 4 : Step is missing Result: Given  : this step <status>
Jan 25, 2023 8:59:48 AM com.github.cukedoctor.api.model.Step getStatus
WARNING: Line 4 : Step is missing Result: Given  : this step <status>
Jan 25, 2023 8:59:48 AM com.github.cukedoctor.api.model.Step getStatus
WARNING: Line 4 : Step is missing Result: Given  : this step <status>
Jan 25, 2023 8:59:48 AM com.github.cukedoctor.api.model.Step getStatus
WARNING: Line 3 : Step is missing Result: Given  : I navigate to the home page
Jan 25, 2023 8:59:48 AM com.github.cukedoctor.api.model.Step getStatus
WARNING: Line 3 : Step is missing Result: Given  : I navigate to the home page
Jan 25, 2023 8:59:48 AM com.github.cukedoctor.api.model.Step getStatus
WARNING: Line 3 : Step is missing Result: Given  : I navigate to the home page
Jan 25, 2023 8:59:48 AM com.github.cukedoctor.api.model.Step getStatus
WARNING: Line 3 : Step is missing Result: Given  : I navigate to the home page
Jan 25, 2023 8:59:48 AM com.github.cukedoctor.util.FileUtil saveFile
INFO: Wrote: /home/gabsko/breaking-updates/cukedoctor-main/"target/test-classes/document-mult".adoc
Jan 25, 2023 8:59:49 AM uri:classloader:/gems/asciidoctor-2.0.15/lib/asciidoctor/parser.rb next_section
WARNING: document-mult".adoc: line 217: id assigned to section already in use: A-feature-with-a-diagram
Jan 25, 2023 8:59:49 AM uri:classloader:/gems/asciidoctor-2.0.15/lib/asciidoctor/parser.rb next_section
WARNING: document-mult".adoc: line 265: id assigned to section already in use: An-embed-data-directly-feature
Jan 25, 2023 8:59:49 AM uri:classloader:/gems/asciidoctor-2.0.15/lib/asciidoctor/parser.rb next_section
WARNING: document-mult".adoc: line 315: id assigned to section already in use: An-outline-feature
Jan 25, 2023 8:59:49 AM uri:classloader:/gems/asciidoctor-2.0.15/lib/asciidoctor/parser.rb build_block
WARNING: document-mult".adoc: line 361: unterminated listing block
Jan 25, 2023 8:59:49 AM uri:classloader:/gems/asciidoctor-2.0.15/lib/asciidoctor/parser.rb build_block
WARNING: document-mult".adoc: line 446: unterminated listing block
Jan 25, 2023 8:59:49 AM uri:classloader:/gems/asciidoctor-2.0.15/lib/asciidoctor/parser.rb build_block
WARNING: document-mult".adoc: line 577: unterminated listing block
Jan 25, 2023 8:59:49 AM uri:classloader:/gems/asciidoctor-2.0.15/lib/asciidoctor/parser.rb parse_blocks
WARNING: document-mult".adoc: line 592: id assigned to block already in use: An-embed-data-directly-feature
Jan 25, 2023 8:59:49 AM uri:classloader:/gems/asciidoctor-2.0.15/lib/asciidoctor/parser.rb parse_blocks
WARNING: document-mult".adoc: line 618: id assigned to block already in use: An-outline-feature
Jan 25, 2023 8:59:49 AM uri:classloader:/gems/asciidoctor-2.0.15/lib/asciidoctor/parser.rb next_block
WARNING: document-mult".adoc: line 717: unterminated listing block
Jan 25, 2023 8:59:49 AM uri:classloader:/gems/asciidoctor-2.0.15/lib/asciidoctor/parser.rb next_section
WARNING: document-mult".adoc: line 721: id assigned to section already in use: One-passing-scenario-one-failing-scenario
Jan 25, 2023 8:59:49 AM uri:classloader:/gems/asciidoctor-2.0.15/lib/asciidoctor/parser.rb next_section
WARNING: document-mult".adoc: line 749: id assigned to section already in use: One-passing-scenario-one-failing-scenario
Jan 25, 2023 8:59:49 AM uri:classloader:/gems/asciidoctor-2.0.15/lib/asciidoctor/parser.rb next_section
WARNING: document-mult".adoc: line 777: id assigned to section already in use: Sample-test
Jan 25, 2023 8:59:49 AM uri:classloader:/gems/asciidoctor-2.0.15/lib/asciidoctor/parser.rb next_section
WARNING: document-mult".adoc: line 823: id assigned to section already in use: Sample-test
Jan 25, 2023 8:59:49 AM com.github.cukedoctor.api.model.Step getStatus
WARNING: Line 4 : Step is missing Result: Given  : this step <status>
Jan 25, 2023 8:59:49 AM com.github.cukedoctor.api.model.Step getStatus
WARNING: Line 4 : Step is missing Result: Given  : this step <status>
Jan 25, 2023 8:59:49 AM com.github.cukedoctor.api.model.Step getStatus
WARNING: Line 4 : Step is missing Result: Given  : this step <status>
Jan 25, 2023 8:59:49 AM com.github.cukedoctor.api.model.Step getStatus
WARNING: Line 4 : Step is missing Result: Given  : this step <status>
Jan 25, 2023 8:59:49 AM com.github.cukedoctor.api.model.Step getStatus
WARNING: Line 3 : Step is missing Result: Given  : I navigate to the home page
Jan 25, 2023 8:59:49 AM com.github.cukedoctor.api.model.Step getStatus
WARNING: Line 3 : Step is missing Result: Given  : I navigate to the home page
Jan 25, 2023 8:59:49 AM com.github.cukedoctor.api.model.Step getStatus
WARNING: Line 3 : Step is missing Result: Given  : I navigate to the home page
Jan 25, 2023 8:59:49 AM com.github.cukedoctor.api.model.Step getStatus
WARNING: Line 3 : Step is missing Result: Given  : I navigate to the home page
Jan 25, 2023 8:59:49 AM com.github.cukedoctor.util.FileUtil saveFile
INFO: Wrote: /home/gabsko/breaking-updates/cukedoctor-main/Living-Documentation.adoc
Jan 25, 2023 8:59:50 AM uri:classloader:/gems/asciidoctor-2.0.15/lib/asciidoctor/parser.rb next_section
WARNING: Living-Documentation.adoc: line 217: id assigned to section already in use: A-feature-with-a-diagram
Jan 25, 2023 8:59:50 AM uri:classloader:/gems/asciidoctor-2.0.15/lib/asciidoctor/parser.rb next_section
WARNING: Living-Documentation.adoc: line 265: id assigned to section already in use: An-embed-data-directly-feature
Jan 25, 2023 8:59:50 AM uri:classloader:/gems/asciidoctor-2.0.15/lib/asciidoctor/parser.rb next_section
WARNING: Living-Documentation.adoc: line 315: id assigned to section already in use: An-outline-feature
Jan 25, 2023 8:59:50 AM uri:classloader:/gems/asciidoctor-2.0.15/lib/asciidoctor/parser.rb build_block
WARNING: Living-Documentation.adoc: line 361: unterminated listing block
Jan 25, 2023 8:59:50 AM uri:classloader:/gems/asciidoctor-2.0.15/lib/asciidoctor/parser.rb build_block
WARNING: Living-Documentation.adoc: line 446: unterminated listing block
Jan 25, 2023 8:59:50 AM uri:classloader:/gems/asciidoctor-2.0.15/lib/asciidoctor/parser.rb build_block
WARNING: Living-Documentation.adoc: line 577: unterminated listing block
Jan 25, 2023 8:59:50 AM uri:classloader:/gems/asciidoctor-2.0.15/lib/asciidoctor/parser.rb parse_blocks
WARNING: Living-Documentation.adoc: line 592: id assigned to block already in use: An-embed-data-directly-feature
Jan 25, 2023 8:59:50 AM uri:classloader:/gems/asciidoctor-2.0.15/lib/asciidoctor/parser.rb parse_blocks
WARNING: Living-Documentation.adoc: line 618: id assigned to block already in use: An-outline-feature
Jan 25, 2023 8:59:50 AM uri:classloader:/gems/asciidoctor-2.0.15/lib/asciidoctor/parser.rb next_block
WARNING: Living-Documentation.adoc: line 717: unterminated listing block
Jan 25, 2023 8:59:50 AM uri:classloader:/gems/asciidoctor-2.0.15/lib/asciidoctor/parser.rb next_section
WARNING: Living-Documentation.adoc: line 721: id assigned to section already in use: One-passing-scenario-one-failing-scenario
Jan 25, 2023 8:59:50 AM uri:classloader:/gems/asciidoctor-2.0.15/lib/asciidoctor/parser.rb next_section
WARNING: Living-Documentation.adoc: line 749: id assigned to section already in use: One-passing-scenario-one-failing-scenario
Jan 25, 2023 8:59:50 AM uri:classloader:/gems/asciidoctor-2.0.15/lib/asciidoctor/parser.rb next_section
WARNING: Living-Documentation.adoc: line 777: id assigned to section already in use: Sample-test
Jan 25, 2023 8:59:50 AM uri:classloader:/gems/asciidoctor-2.0.15/lib/asciidoctor/parser.rb next_section
WARNING: Living-Documentation.adoc: line 823: id assigned to section already in use: Sample-test
Jan 25, 2023 8:59:50 AM com.github.cukedoctor.api.model.Step getStatus
WARNING: Line 4 : Step is missing Result: Given  : this step <status>
Jan 25, 2023 8:59:50 AM com.github.cukedoctor.api.model.Step getStatus
WARNING: Line 4 : Step is missing Result: Given  : this step <status>
Jan 25, 2023 8:59:50 AM com.github.cukedoctor.api.model.Step getStatus
WARNING: Line 4 : Step is missing Result: Given  : this step <status>
Jan 25, 2023 8:59:50 AM com.github.cukedoctor.api.model.Step getStatus
WARNING: Line 4 : Step is missing Result: Given  : this step <status>
Jan 25, 2023 8:59:50 AM com.github.cukedoctor.api.model.Step getStatus
WARNING: Line 3 : Step is missing Result: Given  : I navigate to the home page
Jan 25, 2023 8:59:50 AM com.github.cukedoctor.api.model.Step getStatus
WARNING: Line 3 : Step is missing Result: Given  : I navigate to the home page
Jan 25, 2023 8:59:50 AM com.github.cukedoctor.api.model.Step getStatus
WARNING: Line 3 : Step is missing Result: Given  : I navigate to the home page
Jan 25, 2023 8:59:50 AM com.github.cukedoctor.api.model.Step getStatus
WARNING: Line 3 : Step is missing Result: Given  : I navigate to the home page
Jan 25, 2023 8:59:50 AM com.github.cukedoctor.util.FileUtil saveFile
INFO: Wrote: /home/gabsko/breaking-updates/cukedoctor-main/Living-Documentation.adoc
Jan 25, 2023 8:59:51 AM uri:classloader:/gems/asciidoctor-2.0.15/lib/asciidoctor/parser.rb next_section
WARNING: Living-Documentation.adoc: line 218: id assigned to section already in use: A-feature-with-a-diagram
Jan 25, 2023 8:59:51 AM uri:classloader:/gems/asciidoctor-2.0.15/lib/asciidoctor/parser.rb next_section
WARNING: Living-Documentation.adoc: line 266: id assigned to section already in use: An-embed-data-directly-feature
Jan 25, 2023 8:59:51 AM uri:classloader:/gems/asciidoctor-2.0.15/lib/asciidoctor/parser.rb next_section
WARNING: Living-Documentation.adoc: line 316: id assigned to section already in use: An-outline-feature
Jan 25, 2023 8:59:51 AM uri:classloader:/gems/asciidoctor-2.0.15/lib/asciidoctor/parser.rb build_block
WARNING: Living-Documentation.adoc: line 362: unterminated listing block
Jan 25, 2023 8:59:51 AM uri:classloader:/gems/asciidoctor-2.0.15/lib/asciidoctor/parser.rb build_block
WARNING: Living-Documentation.adoc: line 447: unterminated listing block
Jan 25, 2023 8:59:51 AM uri:classloader:/gems/asciidoctor-2.0.15/lib/asciidoctor/parser.rb build_block
WARNING: Living-Documentation.adoc: line 578: unterminated listing block
Jan 25, 2023 8:59:51 AM uri:classloader:/gems/asciidoctor-2.0.15/lib/asciidoctor/parser.rb parse_blocks
WARNING: Living-Documentation.adoc: line 593: id assigned to block already in use: An-embed-data-directly-feature
Jan 25, 2023 8:59:51 AM uri:classloader:/gems/asciidoctor-2.0.15/lib/asciidoctor/parser.rb parse_blocks
WARNING: Living-Documentation.adoc: line 619: id assigned to block already in use: An-outline-feature
Jan 25, 2023 8:59:51 AM uri:classloader:/gems/asciidoctor-2.0.15/lib/asciidoctor/parser.rb next_block
WARNING: Living-Documentation.adoc: line 718: unterminated listing block
Jan 25, 2023 8:59:51 AM uri:classloader:/gems/asciidoctor-2.0.15/lib/asciidoctor/parser.rb next_section
WARNING: Living-Documentation.adoc: line 722: id assigned to section already in use: One-passing-scenario-one-failing-scenario
Jan 25, 2023 8:59:51 AM uri:classloader:/gems/asciidoctor-2.0.15/lib/asciidoctor/parser.rb next_section
WARNING: Living-Documentation.adoc: line 750: id assigned to section already in use: One-passing-scenario-one-failing-scenario
Jan 25, 2023 8:59:51 AM uri:classloader:/gems/asciidoctor-2.0.15/lib/asciidoctor/parser.rb next_section
WARNING: Living-Documentation.adoc: line 778: id assigned to section already in use: Sample-test
Jan 25, 2023 8:59:51 AM uri:classloader:/gems/asciidoctor-2.0.15/lib/asciidoctor/parser.rb next_section
WARNING: Living-Documentation.adoc: line 824: id assigned to section already in use: Sample-test
Jan 25, 2023 8:59:51 AM com.github.cukedoctor.api.model.Step getStatus
WARNING: Line 4 : Step is missing Result: Given  : this step <status>
Jan 25, 2023 8:59:51 AM com.github.cukedoctor.api.model.Step getStatus
WARNING: Line 4 : Step is missing Result: Given  : this step <status>
Jan 25, 2023 8:59:51 AM com.github.cukedoctor.api.model.Step getStatus
WARNING: Line 4 : Step is missing Result: Given  : this step <status>
Jan 25, 2023 8:59:51 AM com.github.cukedoctor.api.model.Step getStatus
WARNING: Line 4 : Step is missing Result: Given  : this step <status>
Jan 25, 2023 8:59:51 AM com.github.cukedoctor.api.model.Step getStatus
WARNING: Line 3 : Step is missing Result: Given  : I navigate to the home page
Jan 25, 2023 8:59:51 AM com.github.cukedoctor.api.model.Step getStatus
WARNING: Line 3 : Step is missing Result: Given  : I navigate to the home page
Jan 25, 2023 8:59:51 AM com.github.cukedoctor.api.model.Step getStatus
WARNING: Line 3 : Step is missing Result: Given  : I navigate to the home page
Jan 25, 2023 8:59:51 AM com.github.cukedoctor.api.model.Step getStatus
WARNING: Line 3 : Step is missing Result: Given  : I navigate to the home page
Jan 25, 2023 8:59:51 AM com.github.cukedoctor.util.FileUtil saveFile
INFO: Wrote: /home/gabsko/breaking-updates/cukedoctor-main/Living-Documentation.adoc
Jan 25, 2023 8:59:52 AM uri:classloader:/gems/asciidoctor-2.0.15/lib/asciidoctor/parser.rb next_section
WARNING: Living-Documentation.adoc: line 218: id assigned to section already in use: A-feature-with-a-diagram
Jan 25, 2023 8:59:52 AM uri:classloader:/gems/asciidoctor-2.0.15/lib/asciidoctor/parser.rb next_section
WARNING: Living-Documentation.adoc: line 266: id assigned to section already in use: An-embed-data-directly-feature
Jan 25, 2023 8:59:52 AM uri:classloader:/gems/asciidoctor-2.0.15/lib/asciidoctor/parser.rb next_section
WARNING: Living-Documentation.adoc: line 316: id assigned to section already in use: An-outline-feature
Jan 25, 2023 8:59:52 AM uri:classloader:/gems/asciidoctor-2.0.15/lib/asciidoctor/parser.rb build_block
WARNING: Living-Documentation.adoc: line 362: unterminated listing block
Jan 25, 2023 8:59:52 AM uri:classloader:/gems/asciidoctor-2.0.15/lib/asciidoctor/parser.rb build_block
WARNING: Living-Documentation.adoc: line 447: unterminated listing block
Jan 25, 2023 8:59:52 AM uri:classloader:/gems/asciidoctor-2.0.15/lib/asciidoctor/parser.rb build_block
WARNING: Living-Documentation.adoc: line 578: unterminated listing block
Jan 25, 2023 8:59:52 AM uri:classloader:/gems/asciidoctor-2.0.15/lib/asciidoctor/parser.rb parse_blocks
WARNING: Living-Documentation.adoc: line 593: id assigned to block already in use: An-embed-data-directly-feature
Jan 25, 2023 8:59:52 AM uri:classloader:/gems/asciidoctor-2.0.15/lib/asciidoctor/parser.rb parse_blocks
WARNING: Living-Documentation.adoc: line 619: id assigned to block already in use: An-outline-feature
Jan 25, 2023 8:59:52 AM uri:classloader:/gems/asciidoctor-2.0.15/lib/asciidoctor/parser.rb next_block
WARNING: Living-Documentation.adoc: line 718: unterminated listing block
Jan 25, 2023 8:59:52 AM uri:classloader:/gems/asciidoctor-2.0.15/lib/asciidoctor/parser.rb next_section
WARNING: Living-Documentation.adoc: line 722: id assigned to section already in use: One-passing-scenario-one-failing-scenario
Jan 25, 2023 8:59:52 AM uri:classloader:/gems/asciidoctor-2.0.15/lib/asciidoctor/parser.rb next_section
WARNING: Living-Documentation.adoc: line 750: id assigned to section already in use: One-passing-scenario-one-failing-scenario
Jan 25, 2023 8:59:52 AM uri:classloader:/gems/asciidoctor-2.0.15/lib/asciidoctor/parser.rb next_section
WARNING: Living-Documentation.adoc: line 778: id assigned to section already in use: Sample-test
Jan 25, 2023 8:59:52 AM uri:classloader:/gems/asciidoctor-2.0.15/lib/asciidoctor/parser.rb next_section
WARNING: Living-Documentation.adoc: line 824: id assigned to section already in use: Sample-test
Jan 25, 2023 8:59:52 AM com.github.cukedoctor.api.model.Step getStatus
WARNING: Line 4 : Step is missing Result: Given  : this step <status>
Jan 25, 2023 8:59:52 AM com.github.cukedoctor.api.model.Step getStatus
WARNING: Line 4 : Step is missing Result: Given  : this step <status>
Jan 25, 2023 8:59:52 AM com.github.cukedoctor.api.model.Step getStatus
WARNING: Line 4 : Step is missing Result: Given  : this step <status>
Jan 25, 2023 8:59:52 AM com.github.cukedoctor.api.model.Step getStatus
WARNING: Line 4 : Step is missing Result: Given  : this step <status>
Jan 25, 2023 8:59:52 AM com.github.cukedoctor.api.model.Step getStatus
WARNING: Line 3 : Step is missing Result: Given  : I navigate to the home page
Jan 25, 2023 8:59:52 AM com.github.cukedoctor.api.model.Step getStatus
WARNING: Line 3 : Step is missing Result: Given  : I navigate to the home page
Jan 25, 2023 8:59:52 AM com.github.cukedoctor.api.model.Step getStatus
WARNING: Line 3 : Step is missing Result: Given  : I navigate to the home page
Jan 25, 2023 8:59:52 AM com.github.cukedoctor.api.model.Step getStatus
WARNING: Line 3 : Step is missing Result: Given  : I navigate to the home page
Jan 25, 2023 8:59:52 AM com.github.cukedoctor.util.FileUtil saveFile
INFO: Wrote: /home/gabsko/breaking-updates/cukedoctor-main/"target/document-one".adoc
Jan 25, 2023 8:59:55 AM uri:classloader:/gems/asciidoctor-2.0.15/lib/asciidoctor/parser.rb next_section
WARNING: document-one".adoc: line 214: id assigned to section already in use: A-feature-with-a-diagram
Jan 25, 2023 8:59:55 AM uri:classloader:/gems/asciidoctor-2.0.15/lib/asciidoctor/parser.rb next_section
WARNING: document-one".adoc: line 256: id assigned to section already in use: An-embed-data-directly-feature
Jan 25, 2023 8:59:55 AM uri:classloader:/gems/asciidoctor-pdf-1.6.0/lib/asciidoctor/pdf/converter.rb convert_inline_image
INFO: thumbs-down icon not found in deprecated fa icon set; using match found in far icon set instead
Jan 25, 2023 8:59:55 AM uri:classloader:/gems/asciidoctor-2.0.15/lib/asciidoctor/parser.rb next_section
WARNING: document-one".adoc: line 300: id assigned to section already in use: An-outline-feature
Jan 25, 2023 8:59:55 AM uri:classloader:/gems/asciidoctor-pdf-1.6.0/lib/asciidoctor/pdf/converter.rb convert_inline_image
INFO: thumbs-down icon not found in deprecated fa icon set; using match found in far icon set instead
Jan 25, 2023 8:59:55 AM uri:classloader:/gems/asciidoctor-2.0.15/lib/asciidoctor/parser.rb build_block
WARNING: document-one".adoc: line 340: unterminated listing block
Jan 25, 2023 8:59:55 AM uri:classloader:/gems/asciidoctor-2.0.15/lib/asciidoctor/parser.rb build_block
WARNING: document-one".adoc: line 425: unterminated listing block
Jan 25, 2023 8:59:55 AM uri:classloader:/gems/asciidoctor-2.0.15/lib/asciidoctor/parser.rb build_block
WARNING: document-one".adoc: line 555: unterminated listing block
Jan 25, 2023 8:59:55 AM uri:classloader:/gems/asciidoctor-2.0.15/lib/asciidoctor/parser.rb parse_blocks
WARNING: document-one".adoc: line 571: id assigned to block already in use: An-embed-data-directly-feature
Jan 25, 2023 8:59:55 AM uri:classloader:/gems/asciidoctor-2.0.15/lib/asciidoctor/parser.rb parse_blocks
WARNING: document-one".adoc: line 597: id assigned to block already in use: An-outline-feature
Jan 25, 2023 8:59:55 AM uri:classloader:/gems/asciidoctor-2.0.15/lib/asciidoctor/parser.rb next_block
WARNING: document-one".adoc: line 696: unterminated listing block
Jan 25, 2023 8:59:55 AM uri:classloader:/gems/asciidoctor-2.0.15/lib/asciidoctor/parser.rb next_section
WARNING: document-one".adoc: line 700: id assigned to section already in use: One-passing-scenario-one-failing-scenario
Jan 25, 2023 8:59:55 AM uri:classloader:/gems/asciidoctor-pdf-1.6.0/lib/asciidoctor/pdf/converter.rb convert_inline_image
INFO: thumbs-down icon not found in deprecated fa icon set; using match found in far icon set instead
Jan 25, 2023 8:59:55 AM uri:classloader:/gems/asciidoctor-2.0.15/lib/asciidoctor/parser.rb next_section
WARNING: document-one".adoc: line 725: id assigned to section already in use: One-passing-scenario-one-failing-scenario
Jan 25, 2023 8:59:55 AM uri:classloader:/gems/asciidoctor-pdf-1.6.0/lib/asciidoctor/pdf/converter.rb convert_inline_image
INFO: thumbs-down icon not found in deprecated fa icon set; using match found in far icon set instead
Jan 25, 2023 8:59:55 AM uri:classloader:/gems/asciidoctor-2.0.15/lib/asciidoctor/parser.rb next_section
WARNING: document-one".adoc: line 750: id assigned to section already in use: Sample-test
Jan 25, 2023 8:59:55 AM uri:classloader:/gems/asciidoctor-pdf-1.6.0/lib/asciidoctor/pdf/converter.rb convert_inline_image
INFO: thumbs-down icon not found in deprecated fa icon set; using match found in far icon set instead
Jan 25, 2023 8:59:55 AM uri:classloader:/gems/asciidoctor-pdf-1.6.0/lib/asciidoctor/pdf/converter.rb convert_inline_image
INFO: thumbs-down icon not found in deprecated fa icon set; using match found in far icon set instead
Jan 25, 2023 8:59:55 AM uri:classloader:/gems/asciidoctor-2.0.15/lib/asciidoctor/parser.rb next_section
WARNING: document-one".adoc: line 793: id assigned to section already in use: Sample-test
Jan 25, 2023 8:59:55 AM uri:classloader:/gems/asciidoctor-pdf-1.6.0/lib/asciidoctor/pdf/converter.rb convert_inline_image
INFO: thumbs-down icon not found in deprecated fa icon set; using match found in far icon set instead
Jan 25, 2023 8:59:55 AM uri:classloader:/gems/asciidoctor-pdf-1.6.0/lib/asciidoctor/pdf/converter.rb convert_inline_image
INFO: thumbs-down icon not found in deprecated fa icon set; using match found in far icon set instead
Jan 25, 2023 8:59:58 AM uri:classloader:/gems/asciidoctor-pdf-1.6.0/lib/asciidoctor/pdf/converter.rb convert_inline_image
INFO: thumbs-up icon not found in deprecated fa icon set; using match found in far icon set instead
Jan 25, 2023 8:59:58 AM uri:classloader:/gems/asciidoctor-pdf-1.6.0/lib/asciidoctor/pdf/converter.rb convert_inline_image
INFO: thumbs-up icon not found in deprecated fa icon set; using match found in far icon set instead
Jan 25, 2023 8:59:58 AM uri:classloader:/gems/asciidoctor-pdf-1.6.0/lib/asciidoctor/pdf/converter.rb convert_inline_image
INFO: thumbs-up icon not found in deprecated fa icon set; using match found in far icon set instead
Jan 25, 2023 8:59:58 AM uri:classloader:/gems/asciidoctor-pdf-1.6.0/lib/asciidoctor/pdf/converter.rb convert_inline_image
INFO: thumbs-up icon not found in deprecated fa icon set; using match found in far icon set instead
Jan 25, 2023 8:59:58 AM uri:classloader:/gems/asciidoctor-pdf-1.6.0/lib/asciidoctor/pdf/converter.rb convert_inline_image
INFO: thumbs-up icon not found in deprecated fa icon set; using match found in far icon set instead
Jan 25, 2023 8:59:58 AM uri:classloader:/gems/asciidoctor-pdf-1.6.0/lib/asciidoctor/pdf/converter.rb convert_inline_image
INFO: thumbs-up icon not found in deprecated fa icon set; using match found in far icon set instead
Jan 25, 2023 8:59:58 AM uri:classloader:/gems/asciidoctor-pdf-1.6.0/lib/asciidoctor/pdf/converter.rb convert_inline_image
INFO: thumbs-up icon not found in deprecated fa icon set; using match found in far icon set instead
Jan 25, 2023 8:59:58 AM uri:classloader:/gems/asciidoctor-pdf-1.6.0/lib/asciidoctor/pdf/converter.rb convert_inline_image
INFO: thumbs-up icon not found in deprecated fa icon set; using match found in far icon set instead
Jan 25, 2023 8:59:58 AM uri:classloader:/gems/asciidoctor-pdf-1.6.0/lib/asciidoctor/pdf/converter.rb convert_inline_image
INFO: thumbs-up icon not found in deprecated fa icon set; using match found in far icon set instead
Jan 25, 2023 8:59:58 AM uri:classloader:/gems/asciidoctor-pdf-1.6.0/lib/asciidoctor/pdf/converter.rb convert_inline_image
INFO: thumbs-up icon not found in deprecated fa icon set; using match found in far icon set instead
Jan 25, 2023 8:59:58 AM uri:classloader:/gems/asciidoctor-pdf-1.6.0/lib/asciidoctor/pdf/converter.rb convert_inline_image
INFO: thumbs-up icon not found in deprecated fa icon set; using match found in far icon set instead
Jan 25, 2023 8:59:59 AM uri:classloader:/gems/asciidoctor-pdf-1.6.0/lib/asciidoctor/pdf/converter.rb convert_inline_image
INFO: thumbs-up icon not found in deprecated fa icon set; using match found in far icon set instead
Jan 25, 2023 8:59:59 AM uri:classloader:/gems/asciidoctor-pdf-1.6.0/lib/asciidoctor/pdf/converter.rb convert_inline_image
INFO: thumbs-down icon not found in deprecated fa icon set; using match found in far icon set instead
Jan 25, 2023 8:59:59 AM uri:classloader:/gems/asciidoctor-pdf-1.6.0/lib/asciidoctor/pdf/converter.rb convert_inline_image
INFO: thumbs-down icon not found in deprecated fa icon set; using match found in far icon set instead
Jan 25, 2023 8:59:59 AM uri:classloader:/gems/asciidoctor-pdf-1.6.0/lib/asciidoctor/pdf/converter.rb convert_inline_image
INFO: thumbs-up icon not found in deprecated fa icon set; using match found in far icon set instead
Jan 25, 2023 8:59:59 AM uri:classloader:/gems/asciidoctor-pdf-1.6.0/lib/asciidoctor/pdf/converter.rb convert_inline_image
INFO: thumbs-up icon not found in deprecated fa icon set; using match found in far icon set instead
Jan 25, 2023 8:59:59 AM uri:classloader:/gems/asciidoctor-pdf-1.6.0/lib/asciidoctor/pdf/converter.rb convert_inline_image
INFO: thumbs-up icon not found in deprecated fa icon set; using match found in far icon set instead
Jan 25, 2023 9:00:00 AM uri:classloader:/gems/asciidoctor-pdf-1.6.0/lib/asciidoctor/pdf/converter.rb convert_inline_image
INFO: thumbs-up icon not found in deprecated fa icon set; using match found in far icon set instead
Jan 25, 2023 9:00:00 AM uri:classloader:/gems/asciidoctor-pdf-1.6.0/lib/asciidoctor/pdf/converter.rb convert_inline_image
INFO: thumbs-up icon not found in deprecated fa icon set; using match found in far icon set instead
Jan 25, 2023 9:00:00 AM uri:classloader:/gems/asciidoctor-pdf-1.6.0/lib/asciidoctor/pdf/converter.rb convert_inline_image
INFO: thumbs-up icon not found in deprecated fa icon set; using match found in far icon set instead
Jan 25, 2023 9:00:00 AM uri:classloader:/gems/asciidoctor-pdf-1.6.0/lib/asciidoctor/pdf/converter.rb convert_inline_image
INFO: thumbs-up icon not found in deprecated fa icon set; using match found in far icon set instead
Jan 25, 2023 9:00:00 AM uri:classloader:/gems/asciidoctor-pdf-1.6.0/lib/asciidoctor/pdf/converter.rb convert_inline_image
INFO: thumbs-down icon not found in deprecated fa icon set; using match found in far icon set instead
Jan 25, 2023 9:00:00 AM uri:classloader:/gems/asciidoctor-pdf-1.6.0/lib/asciidoctor/pdf/converter.rb convert_inline_image
INFO: thumbs-up icon not found in deprecated fa icon set; using match found in far icon set instead
Jan 25, 2023 9:00:00 AM uri:classloader:/gems/asciidoctor-pdf-1.6.0/lib/asciidoctor/pdf/converter.rb convert_inline_image
INFO: thumbs-down icon not found in deprecated fa icon set; using match found in far icon set instead
Jan 25, 2023 9:00:00 AM uri:classloader:/gems/asciidoctor-pdf-1.6.0/lib/asciidoctor/pdf/converter.rb convert_inline_image
INFO: thumbs-down icon not found in deprecated fa icon set; using match found in far icon set instead
Jan 25, 2023 9:00:00 AM uri:classloader:/gems/asciidoctor-pdf-1.6.0/lib/asciidoctor/pdf/converter.rb convert_example
INFO: thumbs-down icon not found in deprecated fa icon set; using match found in far icon set instead
Jan 25, 2023 9:00:00 AM uri:classloader:/gems/asciidoctor-pdf-1.6.0/lib/asciidoctor/pdf/converter.rb convert_dlist
INFO: thumbs-up icon not found in deprecated fa icon set; using match found in far icon set instead
Jan 25, 2023 9:00:00 AM uri:classloader:/gems/asciidoctor-pdf-1.6.0/lib/asciidoctor/pdf/converter.rb convert_dlist
INFO: thumbs-up icon not found in deprecated fa icon set; using match found in far icon set instead
Jan 25, 2023 9:00:00 AM uri:classloader:/gems/asciidoctor-pdf-1.6.0/lib/asciidoctor/pdf/converter.rb convert_example
INFO: thumbs-down icon not found in deprecated fa icon set; using match found in far icon set instead
Jan 25, 2023 9:00:00 AM uri:classloader:/gems/asciidoctor-pdf-1.6.0/lib/asciidoctor/pdf/converter.rb convert_dlist
INFO: thumbs-up icon not found in deprecated fa icon set; using match found in far icon set instead
Jan 25, 2023 9:00:00 AM uri:classloader:/gems/asciidoctor-pdf-1.6.0/lib/asciidoctor/pdf/converter.rb convert_dlist
INFO: thumbs-down icon not found in deprecated fa icon set; using match found in far icon set instead
Jan 25, 2023 9:00:01 AM uri:classloader:/gems/asciidoctor-pdf-1.6.0/lib/asciidoctor/pdf/converter.rb convert_dlist
INFO: thumbs-up icon not found in deprecated fa icon set; using match found in far icon set instead
Jan 25, 2023 9:00:01 AM uri:classloader:/gems/asciidoctor-pdf-1.6.0/lib/asciidoctor/pdf/converter.rb convert_dlist
INFO: thumbs-down icon not found in deprecated fa icon set; using match found in far icon set instead
Jan 25, 2023 9:00:01 AM uri:classloader:/gems/asciidoctor-pdf-1.6.0/lib/asciidoctor/pdf/converter.rb convert_dlist
INFO: thumbs-up icon not found in deprecated fa icon set; using match found in far icon set instead
Jan 25, 2023 9:00:01 AM uri:classloader:/gems/asciidoctor-pdf-1.6.0/lib/asciidoctor/pdf/converter.rb convert_dlist
INFO: thumbs-down icon not found in deprecated fa icon set; using match found in far icon set instead
Jan 25, 2023 9:00:01 AM uri:classloader:/gems/asciidoctor-pdf-1.6.0/lib/asciidoctor/pdf/converter.rb convert_dlist
INFO: thumbs-up icon not found in deprecated fa icon set; using match found in far icon set instead
Jan 25, 2023 9:00:01 AM uri:classloader:/gems/asciidoctor-2.0.15/lib/asciidoctor/list.rb convert
INFO: thumbs-up icon not found in deprecated fa icon set; using match found in far icon set instead
Jan 25, 2023 9:00:01 AM uri:classloader:/gems/asciidoctor-2.0.15/lib/asciidoctor/list.rb convert
INFO: thumbs-up icon not found in deprecated fa icon set; using match found in far icon set instead
Jan 25, 2023 9:00:01 AM uri:classloader:/gems/asciidoctor-2.0.15/lib/asciidoctor/list.rb convert
INFO: thumbs-down icon not found in deprecated fa icon set; using match found in far icon set instead
Jan 25, 2023 9:00:01 AM uri:classloader:/gems/asciidoctor-2.0.15/lib/asciidoctor/list.rb convert
INFO: thumbs-up icon not found in deprecated fa icon set; using match found in far icon set instead
Jan 25, 2023 9:00:01 AM uri:classloader:/gems/asciidoctor-2.0.15/lib/asciidoctor/list.rb convert
INFO: thumbs-up icon not found in deprecated fa icon set; using match found in far icon set instead
Jan 25, 2023 9:00:01 AM uri:classloader:/gems/asciidoctor-2.0.15/lib/asciidoctor/list.rb convert
INFO: thumbs-up icon not found in deprecated fa icon set; using match found in far icon set instead
Jan 25, 2023 9:00:01 AM uri:classloader:/gems/asciidoctor-2.0.15/lib/asciidoctor/list.rb convert
INFO: thumbs-down icon not found in deprecated fa icon set; using match found in far icon set instead
Jan 25, 2023 9:00:02 AM com.github.cukedoctor.api.model.Step getStatus
WARNING: Line 4 : Step is missing Result: Given  : this step <status>
Jan 25, 2023 9:00:02 AM com.github.cukedoctor.api.model.Step getStatus
WARNING: Line 4 : Step is missing Result: Given  : this step <status>
Jan 25, 2023 9:00:02 AM com.github.cukedoctor.api.model.Step getStatus
WARNING: Line 4 : Step is missing Result: Given  : this step <status>
Jan 25, 2023 9:00:02 AM com.github.cukedoctor.api.model.Step getStatus
WARNING: Line 4 : Step is missing Result: Given  : this step <status>
Jan 25, 2023 9:00:02 AM com.github.cukedoctor.api.model.Step getStatus
WARNING: Line 3 : Step is missing Result: Given  : I navigate to the home page
Jan 25, 2023 9:00:02 AM com.github.cukedoctor.api.model.Step getStatus
WARNING: Line 3 : Step is missing Result: Given  : I navigate to the home page
Jan 25, 2023 9:00:02 AM com.github.cukedoctor.api.model.Step getStatus
WARNING: Line 3 : Step is missing Result: Given  : I navigate to the home page
Jan 25, 2023 9:00:02 AM com.github.cukedoctor.api.model.Step getStatus
WARNING: Line 3 : Step is missing Result: Given  : I navigate to the home page
Jan 25, 2023 9:00:02 AM com.github.cukedoctor.util.FileUtil saveFile
INFO: Wrote: /home/gabsko/breaking-updates/cukedoctor-main/"target/document-one".adoc
Jan 25, 2023 9:00:03 AM uri:classloader:/gems/asciidoctor-2.0.15/lib/asciidoctor/parser.rb next_section
WARNING: document-one".adoc: line 217: id assigned to section already in use: A-feature-with-a-diagram
Jan 25, 2023 9:00:03 AM uri:classloader:/gems/asciidoctor-2.0.15/lib/asciidoctor/parser.rb next_section
WARNING: document-one".adoc: line 265: id assigned to section already in use: An-embed-data-directly-feature
Jan 25, 2023 9:00:03 AM uri:classloader:/gems/asciidoctor-2.0.15/lib/asciidoctor/parser.rb next_section
WARNING: document-one".adoc: line 315: id assigned to section already in use: An-outline-feature
Jan 25, 2023 9:00:03 AM uri:classloader:/gems/asciidoctor-2.0.15/lib/asciidoctor/parser.rb build_block
WARNING: document-one".adoc: line 361: unterminated listing block
Jan 25, 2023 9:00:03 AM uri:classloader:/gems/asciidoctor-2.0.15/lib/asciidoctor/parser.rb build_block
WARNING: document-one".adoc: line 446: unterminated listing block
Jan 25, 2023 9:00:03 AM uri:classloader:/gems/asciidoctor-2.0.15/lib/asciidoctor/parser.rb build_block
WARNING: document-one".adoc: line 577: unterminated listing block
Jan 25, 2023 9:00:03 AM uri:classloader:/gems/asciidoctor-2.0.15/lib/asciidoctor/parser.rb parse_blocks
WARNING: document-one".adoc: line 592: id assigned to block already in use: An-embed-data-directly-feature
Jan 25, 2023 9:00:03 AM uri:classloader:/gems/asciidoctor-2.0.15/lib/asciidoctor/parser.rb parse_blocks
WARNING: document-one".adoc: line 618: id assigned to block already in use: An-outline-feature
Jan 25, 2023 9:00:03 AM uri:classloader:/gems/asciidoctor-2.0.15/lib/asciidoctor/parser.rb next_block
WARNING: document-one".adoc: line 717: unterminated listing block
Jan 25, 2023 9:00:03 AM uri:classloader:/gems/asciidoctor-2.0.15/lib/asciidoctor/parser.rb next_section
WARNING: document-one".adoc: line 721: id assigned to section already in use: One-passing-scenario-one-failing-scenario
Jan 25, 2023 9:00:03 AM uri:classloader:/gems/asciidoctor-2.0.15/lib/asciidoctor/parser.rb next_section
WARNING: document-one".adoc: line 749: id assigned to section already in use: One-passing-scenario-one-failing-scenario
Jan 25, 2023 9:00:03 AM uri:classloader:/gems/asciidoctor-2.0.15/lib/asciidoctor/parser.rb next_section
WARNING: document-one".adoc: line 777: id assigned to section already in use: Sample-test
Jan 25, 2023 9:00:03 AM uri:classloader:/gems/asciidoctor-2.0.15/lib/asciidoctor/parser.rb next_section
WARNING: document-one".adoc: line 823: id assigned to section already in use: Sample-test
Jan 25, 2023 9:00:03 AM com.github.cukedoctor.api.model.Step getStatus
WARNING: Line 4 : Step is missing Result: Given  : this step <status>
Jan 25, 2023 9:00:03 AM com.github.cukedoctor.api.model.Step getStatus
WARNING: Line 4 : Step is missing Result: Given  : this step <status>
Jan 25, 2023 9:00:03 AM com.github.cukedoctor.api.model.Step getStatus
WARNING: Line 4 : Step is missing Result: Given  : this step <status>
Jan 25, 2023 9:00:03 AM com.github.cukedoctor.api.model.Step getStatus
WARNING: Line 4 : Step is missing Result: Given  : this step <status>
Jan 25, 2023 9:00:03 AM com.github.cukedoctor.api.model.Step getStatus
WARNING: Line 3 : Step is missing Result: Given  : I navigate to the home page
Jan 25, 2023 9:00:03 AM com.github.cukedoctor.api.model.Step getStatus
WARNING: Line 3 : Step is missing Result: Given  : I navigate to the home page
Jan 25, 2023 9:00:03 AM com.github.cukedoctor.api.model.Step getStatus
WARNING: Line 3 : Step is missing Result: Given  : I navigate to the home page
Jan 25, 2023 9:00:03 AM com.github.cukedoctor.api.model.Step getStatus
WARNING: Line 3 : Step is missing Result: Given  : I navigate to the home page
Jan 25, 2023 9:00:03 AM com.github.cukedoctor.util.FileUtil saveFile
INFO: Wrote: /home/gabsko/breaking-updates/cukedoctor-main/Living-Documentation.adoc
Jan 25, 2023 9:00:04 AM uri:classloader:/gems/asciidoctor-2.0.15/lib/asciidoctor/parser.rb next_section
WARNING: Living-Documentation.adoc: line 217: id assigned to section already in use: A-feature-with-a-diagram
Jan 25, 2023 9:00:04 AM uri:classloader:/gems/asciidoctor-2.0.15/lib/asciidoctor/parser.rb next_section
WARNING: Living-Documentation.adoc: line 265: id assigned to section already in use: An-embed-data-directly-feature
Jan 25, 2023 9:00:04 AM uri:classloader:/gems/asciidoctor-2.0.15/lib/asciidoctor/parser.rb next_section
WARNING: Living-Documentation.adoc: line 315: id assigned to section already in use: An-outline-feature
Jan 25, 2023 9:00:04 AM uri:classloader:/gems/asciidoctor-2.0.15/lib/asciidoctor/parser.rb build_block
WARNING: Living-Documentation.adoc: line 361: unterminated listing block
Jan 25, 2023 9:00:04 AM uri:classloader:/gems/asciidoctor-2.0.15/lib/asciidoctor/parser.rb build_block
WARNING: Living-Documentation.adoc: line 446: unterminated listing block
Jan 25, 2023 9:00:04 AM uri:classloader:/gems/asciidoctor-2.0.15/lib/asciidoctor/parser.rb build_block
WARNING: Living-Documentation.adoc: line 577: unterminated listing block
Jan 25, 2023 9:00:04 AM uri:classloader:/gems/asciidoctor-2.0.15/lib/asciidoctor/parser.rb parse_blocks
WARNING: Living-Documentation.adoc: line 592: id assigned to block already in use: An-embed-data-directly-feature
Jan 25, 2023 9:00:04 AM uri:classloader:/gems/asciidoctor-2.0.15/lib/asciidoctor/parser.rb parse_blocks
WARNING: Living-Documentation.adoc: line 618: id assigned to block already in use: An-outline-feature
Jan 25, 2023 9:00:04 AM uri:classloader:/gems/asciidoctor-2.0.15/lib/asciidoctor/parser.rb next_block
WARNING: Living-Documentation.adoc: line 717: unterminated listing block
Jan 25, 2023 9:00:04 AM uri:classloader:/gems/asciidoctor-2.0.15/lib/asciidoctor/parser.rb next_section
WARNING: Living-Documentation.adoc: line 721: id assigned to section already in use: One-passing-scenario-one-failing-scenario
Jan 25, 2023 9:00:04 AM uri:classloader:/gems/asciidoctor-2.0.15/lib/asciidoctor/parser.rb next_section
WARNING: Living-Documentation.adoc: line 749: id assigned to section already in use: One-passing-scenario-one-failing-scenario
Jan 25, 2023 9:00:04 AM uri:classloader:/gems/asciidoctor-2.0.15/lib/asciidoctor/parser.rb next_section
WARNING: Living-Documentation.adoc: line 777: id assigned to section already in use: Sample-test
Jan 25, 2023 9:00:04 AM uri:classloader:/gems/asciidoctor-2.0.15/lib/asciidoctor/parser.rb next_section
WARNING: Living-Documentation.adoc: line 823: id assigned to section already in use: Sample-test
Jan 25, 2023 9:00:04 AM com.github.cukedoctor.api.model.Step getStatus
WARNING: Line 4 : Step is missing Result: Given  : this step <status>
Jan 25, 2023 9:00:04 AM com.github.cukedoctor.api.model.Step getStatus
WARNING: Line 4 : Step is missing Result: Given  : this step <status>
Jan 25, 2023 9:00:04 AM com.github.cukedoctor.api.model.Step getStatus
WARNING: Line 4 : Step is missing Result: Given  : this step <status>
Jan 25, 2023 9:00:04 AM com.github.cukedoctor.api.model.Step getStatus
WARNING: Line 4 : Step is missing Result: Given  : this step <status>
Jan 25, 2023 9:00:04 AM com.github.cukedoctor.api.model.Step getStatus
WARNING: Line 3 : Step is missing Result: Given  : I navigate to the home page
Jan 25, 2023 9:00:04 AM com.github.cukedoctor.api.model.Step getStatus
WARNING: Line 3 : Step is missing Result: Given  : I navigate to the home page
Jan 25, 2023 9:00:04 AM com.github.cukedoctor.api.model.Step getStatus
WARNING: Line 3 : Step is missing Result: Given  : I navigate to the home page
Jan 25, 2023 9:00:04 AM com.github.cukedoctor.api.model.Step getStatus
WARNING: Line 3 : Step is missing Result: Given  : I navigate to the home page
Jan 25, 2023 9:00:04 AM com.github.cukedoctor.util.FileUtil saveFile
INFO: Wrote: /home/gabsko/breaking-updates/cukedoctor-main/"target/test-classes/document".adoc
Jan 25, 2023 9:00:04 AM uri:classloader:/gems/asciidoctor-2.0.15/lib/asciidoctor/parser.rb next_section
WARNING: document".adoc: line 217: id assigned to section already in use: A-feature-with-a-diagram
Jan 25, 2023 9:00:04 AM uri:classloader:/gems/asciidoctor-2.0.15/lib/asciidoctor/parser.rb next_section
WARNING: document".adoc: line 265: id assigned to section already in use: An-embed-data-directly-feature
Jan 25, 2023 9:00:04 AM uri:classloader:/gems/asciidoctor-2.0.15/lib/asciidoctor/parser.rb next_section
WARNING: document".adoc: line 315: id assigned to section already in use: An-outline-feature
Jan 25, 2023 9:00:04 AM uri:classloader:/gems/asciidoctor-2.0.15/lib/asciidoctor/parser.rb build_block
WARNING: document".adoc: line 361: unterminated listing block
Jan 25, 2023 9:00:04 AM uri:classloader:/gems/asciidoctor-2.0.15/lib/asciidoctor/parser.rb build_block
WARNING: document".adoc: line 446: unterminated listing block
Jan 25, 2023 9:00:04 AM uri:classloader:/gems/asciidoctor-2.0.15/lib/asciidoctor/parser.rb build_block
WARNING: document".adoc: line 577: unterminated listing block
Jan 25, 2023 9:00:04 AM uri:classloader:/gems/asciidoctor-2.0.15/lib/asciidoctor/parser.rb parse_blocks
WARNING: document".adoc: line 592: id assigned to block already in use: An-embed-data-directly-feature
Jan 25, 2023 9:00:04 AM uri:classloader:/gems/asciidoctor-2.0.15/lib/asciidoctor/parser.rb parse_blocks
WARNING: document".adoc: line 618: id assigned to block already in use: An-outline-feature
Jan 25, 2023 9:00:04 AM uri:classloader:/gems/asciidoctor-2.0.15/lib/asciidoctor/parser.rb next_block
WARNING: document".adoc: line 717: unterminated listing block
Jan 25, 2023 9:00:04 AM uri:classloader:/gems/asciidoctor-2.0.15/lib/asciidoctor/parser.rb next_section
WARNING: document".adoc: line 721: id assigned to section already in use: One-passing-scenario-one-failing-scenario
Jan 25, 2023 9:00:04 AM uri:classloader:/gems/asciidoctor-2.0.15/lib/asciidoctor/parser.rb next_section
WARNING: document".adoc: line 749: id assigned to section already in use: One-passing-scenario-one-failing-scenario
Jan 25, 2023 9:00:04 AM uri:classloader:/gems/asciidoctor-2.0.15/lib/asciidoctor/parser.rb next_section
WARNING: document".adoc: line 777: id assigned to section already in use: Sample-test
Jan 25, 2023 9:00:04 AM uri:classloader:/gems/asciidoctor-2.0.15/lib/asciidoctor/parser.rb next_section
WARNING: document".adoc: line 823: id assigned to section already in use: Sample-test
Jan 25, 2023 9:00:05 AM com.github.cukedoctor.api.model.Step getStatus
WARNING: Line 4 : Step is missing Result: Given  : this step <status>
Jan 25, 2023 9:00:05 AM com.github.cukedoctor.api.model.Step getStatus
WARNING: Line 4 : Step is missing Result: Given  : this step <status>
Jan 25, 2023 9:00:05 AM com.github.cukedoctor.api.model.Step getStatus
WARNING: Line 4 : Step is missing Result: Given  : this step <status>
Jan 25, 2023 9:00:05 AM com.github.cukedoctor.api.model.Step getStatus
WARNING: Line 4 : Step is missing Result: Given  : this step <status>
Jan 25, 2023 9:00:05 AM com.github.cukedoctor.api.model.Step getStatus
WARNING: Line 3 : Step is missing Result: Given  : I navigate to the home page
Jan 25, 2023 9:00:05 AM com.github.cukedoctor.api.model.Step getStatus
WARNING: Line 3 : Step is missing Result: Given  : I navigate to the home page
Jan 25, 2023 9:00:05 AM com.github.cukedoctor.api.model.Step getStatus
WARNING: Line 3 : Step is missing Result: Given  : I navigate to the home page
Jan 25, 2023 9:00:05 AM com.github.cukedoctor.api.model.Step getStatus
WARNING: Line 3 : Step is missing Result: Given  : I navigate to the home page
Jan 25, 2023 9:00:05 AM com.github.cukedoctor.util.FileUtil saveFile
INFO: Wrote: /home/gabsko/breaking-updates/cukedoctor-main/"target/test-classes/document-one".adoc
Jan 25, 2023 9:00:05 AM uri:classloader:/gems/asciidoctor-2.0.15/lib/asciidoctor/parser.rb next_section
WARNING: document-one".adoc: line 217: id assigned to section already in use: A-feature-with-a-diagram
Jan 25, 2023 9:00:05 AM uri:classloader:/gems/asciidoctor-2.0.15/lib/asciidoctor/parser.rb next_section
WARNING: document-one".adoc: line 265: id assigned to section already in use: An-embed-data-directly-feature
Jan 25, 2023 9:00:05 AM uri:classloader:/gems/asciidoctor-2.0.15/lib/asciidoctor/parser.rb next_section
WARNING: document-one".adoc: line 315: id assigned to section already in use: An-outline-feature
Jan 25, 2023 9:00:05 AM uri:classloader:/gems/asciidoctor-2.0.15/lib/asciidoctor/parser.rb build_block
WARNING: document-one".adoc: line 361: unterminated listing block
Jan 25, 2023 9:00:05 AM uri:classloader:/gems/asciidoctor-2.0.15/lib/asciidoctor/parser.rb build_block
WARNING: document-one".adoc: line 446: unterminated listing block
Jan 25, 2023 9:00:05 AM uri:classloader:/gems/asciidoctor-2.0.15/lib/asciidoctor/parser.rb build_block
WARNING: document-one".adoc: line 577: unterminated listing block
Jan 25, 2023 9:00:05 AM uri:classloader:/gems/asciidoctor-2.0.15/lib/asciidoctor/parser.rb parse_blocks
WARNING: document-one".adoc: line 592: id assigned to block already in use: An-embed-data-directly-feature
Jan 25, 2023 9:00:05 AM uri:classloader:/gems/asciidoctor-2.0.15/lib/asciidoctor/parser.rb parse_blocks
WARNING: document-one".adoc: line 618: id assigned to block already in use: An-outline-feature
Jan 25, 2023 9:00:05 AM uri:classloader:/gems/asciidoctor-2.0.15/lib/asciidoctor/parser.rb next_block
WARNING: document-one".adoc: line 717: unterminated listing block
Jan 25, 2023 9:00:05 AM uri:classloader:/gems/asciidoctor-2.0.15/lib/asciidoctor/parser.rb next_section
WARNING: document-one".adoc: line 721: id assigned to section already in use: One-passing-scenario-one-failing-scenario
Jan 25, 2023 9:00:05 AM uri:classloader:/gems/asciidoctor-2.0.15/lib/asciidoctor/parser.rb next_section
WARNING: document-one".adoc: line 749: id assigned to section already in use: One-passing-scenario-one-failing-scenario
Jan 25, 2023 9:00:05 AM uri:classloader:/gems/asciidoctor-2.0.15/lib/asciidoctor/parser.rb next_section
WARNING: document-one".adoc: line 777: id assigned to section already in use: Sample-test
Jan 25, 2023 9:00:05 AM uri:classloader:/gems/asciidoctor-2.0.15/lib/asciidoctor/parser.rb next_section
WARNING: document-one".adoc: line 823: id assigned to section already in use: Sample-test
Jan 25, 2023 9:00:05 AM com.github.cukedoctor.api.model.Step getStatus
WARNING: Line 4 : Step is missing Result: Given  : this step <status>
Jan 25, 2023 9:00:05 AM com.github.cukedoctor.api.model.Step getStatus
WARNING: Line 4 : Step is missing Result: Given  : this step <status>
Jan 25, 2023 9:00:05 AM com.github.cukedoctor.api.model.Step getStatus
WARNING: Line 3 : Step is missing Result: Given  : I navigate to the home page
Jan 25, 2023 9:00:05 AM com.github.cukedoctor.api.model.Step getStatus
WARNING: Line 3 : Step is missing Result: Given  : I navigate to the home page
Jan 25, 2023 9:00:05 AM com.github.cukedoctor.util.FileUtil saveFile
INFO: Wrote: /home/gabsko/breaking-updates/cukedoctor-main/"target/document-one".adoc
[ERROR] Tests run: 21, Failures: 8, Errors: 7, Skipped: 0, Time elapsed: 39.076 s <<< FAILURE! - in com.github.cukedoctor.CukedoctorMainTest
[ERROR] com.github.cukedoctor.CukedoctorMainTest.shouldRenderPdfAndHtml  Time elapsed: 17.366 s  <<< FAILURE!
java.lang.AssertionError: 

Expecting file:
  </home/gabsko/breaking-updates/cukedoctor-main/target/document-one.pdf>
to exist.
	at com.github.cukedoctor.CukedoctorMainTest.shouldRenderPdfAndHtml(CukedoctorMainTest.java:299)

[ERROR] com.github.cukedoctor.CukedoctorMainTest.shouldRenderAllowIriReadWhenSpecifiedOnCommandLine  Time elapsed: 0.011 s  <<< ERROR!
com.beust.jcommander.ParameterException: Was passed main parameter '' but no main parameter was defined in your arg class
	at com.github.cukedoctor.CukedoctorMainTest.shouldRenderAllowIriReadWhenSpecifiedOnCommandLine(CukedoctorMainTest.java:392)

[ERROR] com.github.cukedoctor.CukedoctorMainTest.shouldCreateDiagramWithAsciidoctorJDiagram  Time elapsed: 1.742 s  <<< FAILURE!
java.lang.AssertionError
	at com.github.cukedoctor.CukedoctorMainTest.shouldCreateDiagramWithAsciidoctorJDiagram(CukedoctorMainTest.java:417)

[ERROR] com.github.cukedoctor.CukedoctorMainTest.shouldCreateDocumentationUsingDocNameAsTitle  Time elapsed: 1.583 s  <<< FAILURE!
java.lang.AssertionError: 

Expecting:
 <"Generating living documentation with args:
-f: html5
-p: "target/test-classes/json-output"
-t: "target/test-classes/Living Documentation"
-o: "target/test-classes/Living-Documentation"
Found 11 feature(s)
Document attributes
{version-label=Version, toclevels=3, toc=right, icons=font, doctitle="target/test-classes/Living Documentation", doctype=book, sectanchors=true, hardbreaks=true, backend=html5, source-highlighter=highlightjs, docinfo=true, sectlink=true, chapter-label=Chapter}
">
to contain:
 <"-t: target/test-classes/Living Documentation"> 
	at com.github.cukedoctor.CukedoctorMainTest.shouldCreateDocumentationUsingDocNameAsTitle(CukedoctorMainTest.java:82)

[ERROR] com.github.cukedoctor.CukedoctorMainTest.shouldCreateDocumentationForMultipleFeatures  Time elapsed: 1.246 s  <<< FAILURE!
java.lang.AssertionError: 

Expecting:
 <"Generating living documentation with args:
-f: html5
-p: "target/test-classes/json-output"
-t: Living Documentation
-o: "target/test-classes/document-mult"
Found 11 feature(s)
Document attributes
{version-label=Version, toclevels=3, toc=right, icons=font, doctitle=Living Documentation, doctype=book, sectanchors=true, hardbreaks=true, backend=html5, source-highlighter=highlightjs, docinfo=true, sectlink=true, chapter-label=Chapter}
">
to contain:
 <"Found 5 feature(s)"> 
	at com.github.cukedoctor.CukedoctorMainTest.shouldCreateDocumentationForMultipleFeatures(CukedoctorMainTest.java:70)

[ERROR] com.github.cukedoctor.CukedoctorMainTest.shouldCreateDocumentationWithoutScenarioKeyword  Time elapsed: 0.001 s  <<< ERROR!
com.beust.jcommander.ParameterException: Was passed main parameter '' but no main parameter was defined in your arg class
	at com.github.cukedoctor.CukedoctorMainTest.shouldCreateDocumentationWithoutScenarioKeyword(CukedoctorMainTest.java:177)

[ERROR] com.github.cukedoctor.CukedoctorMainTest.shouldRenderPdfForOneFeature  Time elapsed: 9.825 s  <<< FAILURE!
java.lang.AssertionError: 

Expecting file:
  </home/gabsko/breaking-updates/cukedoctor-main/target/document-one.pdf>
to exist.
	at com.github.cukedoctor.CukedoctorMainTest.shouldRenderPdfForOneFeature(CukedoctorMainTest.java:283)

[ERROR] com.github.cukedoctor.CukedoctorMainTest.shouldCreateDocumentationWithoutTags  Time elapsed: 0 s  <<< ERROR!
com.beust.jcommander.ParameterException: Was passed main parameter '' but no main parameter was defined in your arg class
	at com.github.cukedoctor.CukedoctorMainTest.shouldCreateDocumentationWithoutTags(CukedoctorMainTest.java:238)

[ERROR] com.github.cukedoctor.CukedoctorMainTest.shouldCreateDocumentationUsingCoderaySourceHighlighter  Time elapsed: 0 s  <<< ERROR!
com.beust.jcommander.ParameterException: Was passed main parameter '' but no main parameter was defined in your arg class
	at com.github.cukedoctor.CukedoctorMainTest.shouldCreateDocumentationUsingCoderaySourceHighlighter(CukedoctorMainTest.java:217)

[ERROR] com.github.cukedoctor.CukedoctorMainTest.shouldCreateDocumentationWithoutStepTime  Time elapsed: 0.001 s  <<< ERROR!
com.beust.jcommander.ParameterException: Was passed main parameter '' but no main parameter was defined in your arg class
	at com.github.cukedoctor.CukedoctorMainTest.shouldCreateDocumentationWithoutStepTime(CukedoctorMainTest.java:198)

[ERROR] com.github.cukedoctor.CukedoctorMainTest.shouldCreateDocumentationWithoutFeaturesSection  Time elapsed: 0.001 s  <<< ERROR!
com.beust.jcommander.ParameterException: Was passed main parameter '' but no main parameter was defined in your arg class
	at com.github.cukedoctor.CukedoctorMainTest.shouldCreateDocumentationWithoutFeaturesSection(CukedoctorMainTest.java:126)

[ERROR] com.github.cukedoctor.CukedoctorMainTest.shouldRenderHtmlForOneFeature  Time elapsed: 0.835 s  <<< FAILURE!
java.lang.AssertionError: 

Expecting file:
  </home/gabsko/breaking-updates/cukedoctor-main/target/document-one.html>
to exist.
	at com.github.cukedoctor.CukedoctorMainTest.shouldRenderHtmlForOneFeature(CukedoctorMainTest.java:267)

[ERROR] com.github.cukedoctor.CukedoctorMainTest.shouldNotFindFeatures  Time elapsed: 0.876 s  <<< FAILURE!
java.lang.AssertionError: 

Expecting:
 <"No features found in path:target/classes/">
to appear only once in:
 <"Generating living documentation with args:
-f: html5
-p: "target/classes/"
-t: Living Documentation
-o: "target/test-classes/document"
Found 11 feature(s)
Document attributes
{version-label=Version, toclevels=3, toc=right, icons=font, doctitle=Living Documentation, doctype=book, sectanchors=true, hardbreaks=true, backend=html5, source-highlighter=highlightjs, docinfo=true, sectlink=true, chapter-label=Chapter}
">
but it did not appear 
	at com.github.cukedoctor.CukedoctorMainTest.shouldNotFindFeatures(CukedoctorMainTest.java:96)

[ERROR] com.github.cukedoctor.CukedoctorMainTest.shouldCreateDocumentationWithoutSummarySection  Time elapsed: 0 s  <<< ERROR!
com.beust.jcommander.ParameterException: Was passed main parameter '' but no main parameter was defined in your arg class
	at com.github.cukedoctor.CukedoctorMainTest.shouldCreateDocumentationWithoutSummarySection(CukedoctorMainTest.java:157)

[ERROR] com.github.cukedoctor.CukedoctorMainTest.shouldCreateDocumentationForOneFeature  Time elapsed: 0.837 s  <<< FAILURE!
java.lang.AssertionError
	at com.github.cukedoctor.CukedoctorMainTest.shouldCreateDocumentationForOneFeature(CukedoctorMainTest.java:58)

[INFO] 
[INFO] Results:
[INFO] 
[ERROR] Failures: 
[ERROR]   CukedoctorMainTest.shouldCreateDiagramWithAsciidoctorJDiagram:417
[ERROR]   CukedoctorMainTest.shouldCreateDocumentationForMultipleFeatures:70 
Expecting:
 <"Generating living documentation with args:
-f: html5
-p: "target/test-classes/json-output"
-t: Living Documentation
-o: "target/test-classes/document-mult"
Found 11 feature(s)
Document attributes
{version-label=Version, toclevels=3, toc=right, icons=font, doctitle=Living Documentation, doctype=book, sectanchors=true, hardbreaks=true, backend=html5, source-highlighter=highlightjs, docinfo=true, sectlink=true, chapter-label=Chapter}
">
to contain:
 <"Found 5 feature(s)"> 
[ERROR]   CukedoctorMainTest.shouldCreateDocumentationForOneFeature:58
[ERROR]   CukedoctorMainTest.shouldCreateDocumentationUsingDocNameAsTitle:82 
Expecting:
 <"Generating living documentation with args:
-f: html5
-p: "target/test-classes/json-output"
-t: "target/test-classes/Living Documentation"
-o: "target/test-classes/Living-Documentation"
Found 11 feature(s)
Document attributes
{version-label=Version, toclevels=3, toc=right, icons=font, doctitle="target/test-classes/Living Documentation", doctype=book, sectanchors=true, hardbreaks=true, backend=html5, source-highlighter=highlightjs, docinfo=true, sectlink=true, chapter-label=Chapter}
">
to contain:
 <"-t: target/test-classes/Living Documentation"> 
[ERROR]   CukedoctorMainTest.shouldNotFindFeatures:96 
Expecting:
 <"No features found in path:target/classes/">
to appear only once in:
 <"Generating living documentation with args:
-f: html5
-p: "target/classes/"
-t: Living Documentation
-o: "target/test-classes/document"
Found 11 feature(s)
Document attributes
{version-label=Version, toclevels=3, toc=right, icons=font, doctitle=Living Documentation, doctype=book, sectanchors=true, hardbreaks=true, backend=html5, source-highlighter=highlightjs, docinfo=true, sectlink=true, chapter-label=Chapter}
">
but it did not appear 
[ERROR]   CukedoctorMainTest.shouldRenderHtmlForOneFeature:267 
Expecting file:
  </home/gabsko/breaking-updates/cukedoctor-main/target/document-one.html>
to exist.
[ERROR]   CukedoctorMainTest.shouldRenderPdfAndHtml:299 
Expecting file:
  </home/gabsko/breaking-updates/cukedoctor-main/target/document-one.pdf>
to exist.
[ERROR]   CukedoctorMainTest.shouldRenderPdfForOneFeature:283 
Expecting file:
  </home/gabsko/breaking-updates/cukedoctor-main/target/document-one.pdf>
to exist.
[ERROR] Errors: 
[ERROR]   CukedoctorMainTest.shouldCreateDocumentationUsingCoderaySourceHighlighter:217 Â» Parameter
[ERROR]   CukedoctorMainTest.shouldCreateDocumentationWithoutFeaturesSection:126 Â» Parameter
[ERROR]   CukedoctorMainTest.shouldCreateDocumentationWithoutScenarioKeyword:177 Â» Parameter
[ERROR]   CukedoctorMainTest.shouldCreateDocumentationWithoutStepTime:198 Â» Parameter Wa...
[ERROR]   CukedoctorMainTest.shouldCreateDocumentationWithoutSummarySection:157 Â» Parameter
[ERROR]   CukedoctorMainTest.shouldCreateDocumentationWithoutTags:238 Â» Parameter Was pa...
[ERROR]   CukedoctorMainTest.shouldRenderAllowIriReadWhenSpecifiedOnCommandLine:392 Â» Parameter
[INFO] 
[ERROR] Tests run: 23, Failures: 8, Errors: 7, Skipped: 0
[INFO] 
[INFO] ------------------------------------------------------------------------
[INFO] Reactor Summary for cukedoctor 3.7.1-SNAPSHOT:
[INFO] 
[INFO] cukedoctor ......................................... SUCCESS [  0.476 s]
[INFO] cukedoctor-extension ............................... SUCCESS [  9.064 s]
[INFO] cukedoctor-converter ............................... SUCCESS [  4.289 s]
[INFO] cukedoctor-maven-plugin ............................ SUCCESS [01:10 min]
[INFO] cukedoctor-main .................................... FAILURE [ 48.304 s]
[INFO] cukedoctor-spi-example ............................. SKIPPED
[INFO] cukedoctor-section-layout .......................... SKIPPED
[INFO] cukedoctor-multipage-layout ........................ SKIPPED
[INFO] ------------------------------------------------------------------------
[INFO] BUILD FAILURE
[INFO] ------------------------------------------------------------------------
[INFO] Total time:  02:12 min
[INFO] Finished at: 2023-01-25T09:00:06Z
[INFO] ------------------------------------------------------------------------
[ERROR] Failed to execute goal org.apache.maven.plugins:maven-surefire-plugin:3.0.0-M5:test (default-test) on project cukedoctor-main: There are test failures.
[ERROR] 
[ERROR] Please refer to /home/gabsko/breaking-updates/cukedoctor-main/target/surefire-reports for the individual test results.
[ERROR] Please refer to dump files (if any exist) [date].dump, [date]-jvmRun[N].dump and [date].dumpstream.
[ERROR] -> [Help 1]
[ERROR] 
[ERROR] To see the full stack trace of the errors, re-run Maven with the -e switch.
[ERROR] Re-run Maven using the -X switch to enable full debug logging.
[ERROR] 
[ERROR] For more information about the errors and possible solutions, please read the following articles:
[ERROR] [Help 1] http://cwiki.apache.org/confluence/display/MAVEN/MojoFailureException
[ERROR] 
[ERROR] After correcting the problems, you can resume the build with the command
[ERROR]   mvn <args> -rf :cukedoctor-main
