[INFO] Scanning for projects...
[INFO] 
[INFO] ------------------< de.refactoringBot:RefactoringBot >------------------
[INFO] Building Refactoring-Bot 0.0.1-SNAPSHOT
[INFO] --------------------------------[ jar ]---------------------------------
[INFO] 
[INFO] --- maven-clean-plugin:3.1.0:clean (default-clean) @ RefactoringBot ---
[INFO] Deleting /home/gabsko/breaking-updates/target
[INFO] 
[INFO] --- antlr4-maven-plugin:4.7.2:antlr4 (default) @ RefactoringBot ---
[INFO] ANTLR 4: Processing source directory /home/gabsko/breaking-updates/src/main/antlr4
[INFO] Processing grammar: botGrammar/BotOperations.g4
[INFO] 
[INFO] --- maven-resources-plugin:3.1.0:resources (default-resources) @ RefactoringBot ---
[INFO] Using 'UTF-8' encoding to copy filtered resources.
[INFO] Copying 1 resource
[INFO] Copying 0 resource
[INFO] 
[INFO] --- maven-compiler-plugin:3.8.1:compile (default-compile) @ RefactoringBot ---
[INFO] Changes detected - recompiling the module!
[INFO] Compiling 112 source files to /home/gabsko/breaking-updates/target/classes
[INFO] /home/gabsko/breaking-updates/src/main/java/de/refactoringbot/configuration/WebConfig.java: /home/gabsko/breaking-updates/src/main/java/de/refactoringbot/configuration/WebConfig.java uses or overrides a deprecated API.
[INFO] /home/gabsko/breaking-updates/src/main/java/de/refactoringbot/configuration/WebConfig.java: Recompile with -Xlint:deprecation for details.
[INFO] 
[INFO] --- maven-resources-plugin:3.1.0:testResources (default-testResources) @ RefactoringBot ---
[INFO] Using 'UTF-8' encoding to copy filtered resources.
[INFO] skip non existing resourceDirectory /home/gabsko/breaking-updates/src/test/resources
[INFO] 
[INFO] --- maven-compiler-plugin:3.8.1:testCompile (default-testCompile) @ RefactoringBot ---
[INFO] Changes detected - recompiling the module!
[INFO] Compiling 38 source files to /home/gabsko/breaking-updates/target/test-classes
[INFO] 
[INFO] --- maven-surefire-plugin:2.22.2:test (default-test) @ RefactoringBot ---
[INFO] Tests are skipped.
[INFO] 
[INFO] --- maven-surefire-plugin:2.22.2:test (unit-tests) @ RefactoringBot ---
[INFO] 
[INFO] -------------------------------------------------------
[INFO]  T E S T S
[INFO] -------------------------------------------------------
[INFO] Running de.refactoringbot.refactoring.RefactoringOperationsTest
[INFO] Tests run: 1, Failures: 0, Errors: 0, Skipped: 0, Time elapsed: 0.058 s - in de.refactoringbot.refactoring.RefactoringOperationsTest
[INFO] Running de.refactoringbot.refactoring.RefactoringHelperTest
[INFO] Tests run: 7, Failures: 0, Errors: 0, Skipped: 0, Time elapsed: 0.369 s - in de.refactoringbot.refactoring.RefactoringHelperTest
[INFO] Running de.refactoringbot.refactorings.RemoveMethodParameterTest
10:36:16.748 [main] INFO de.refactoringbot.refactorings.RemoveMethodParameterTest - Removed parameter 'b' from method 'getLineOfMethodWithUnusedParameter(int, int, int)'
10:36:16.796 [main] INFO de.refactoringbot.refactorings.RemoveMethodParameterTest - Removed parameter 'b' from method 'getLineOfMethodPlacedInAndAfterInnerClass(int, int, int)'
10:36:17.306 [main] INFO de.refactoringbot.refactorings.RemoveMethodParameterTest - Removed parameter 'b' from method 'getLineOfMethodWithUnusedParameter(int, int, int)'
10:36:17.359 [main] INFO de.refactoringbot.refactorings.RemoveMethodParameterTest - Removed parameter 'b' from method 'getLineOfMethodWithUnusedParameter(int, int, int)'
10:36:17.419 [main] INFO de.refactoringbot.refactorings.RemoveMethodParameterTest - Removed parameter 'b' from method 'getLineOfMethodWithUnusedParameter(int, int, int)'
10:36:17.477 [main] INFO de.refactoringbot.refactorings.RemoveMethodParameterTest - Removed parameter 'b' from method 'getLineOfMethodWithUnusedParameter(int, int, int)'
10:36:17.524 [main] INFO de.refactoringbot.refactorings.RemoveMethodParameterTest - Removed parameter 'b' from method 'getLineOfMethodWithUnusedParameter(int, int, int)'
10:36:17.543 [main] INFO de.refactoringbot.refactorings.RemoveMethodParameterTest - Removed parameter 'b' from method 'getLineOfMethodWithUnusedParameter(int, int, int)'
10:36:17.595 [main] INFO de.refactoringbot.refactorings.RemoveMethodParameterTest - Removed parameter 'b' from method 'getLineOfMethodWithUnusedParameter(int, int, int)'
10:36:17.660 [main] INFO de.refactoringbot.refactorings.RemoveMethodParameterTest - Removed parameter 'b' from method 'getLineOfMethodWithUnusedParameter(int, int, int)'
[INFO] Tests run: 12, Failures: 0, Errors: 0, Skipped: 0, Time elapsed: 1.084 s - in de.refactoringbot.refactorings.RemoveMethodParameterTest
[INFO] Running de.refactoringbot.refactorings.RenameMethodTest
10:36:17.691 [main] INFO de.refactoringbot.refactorings.RenameMethodTest - Renamed method 'getLineOfMethodToBeRenamed' to 'newMethodName'
10:36:17.708 [main] INFO de.refactoringbot.refactorings.RenameMethodTest - Renamed method 'getLineOfMethodToBeRenamed' to 'newMethodName'
10:36:17.723 [main] INFO de.refactoringbot.refactorings.RenameMethodTest - Renamed method 'getLineOfMethodPlacedInAndAfterInnerClass' to 'newMethodName'
10:36:17.745 [main] INFO de.refactoringbot.refactorings.RenameMethodTest - Renamed method 'getLineOfInterfaceMethod' to 'newMethodName'
10:36:17.771 [main] INFO de.refactoringbot.refactorings.RenameMethodTest - Renamed method 'getLineOfInterfaceMethod' to 'newMethodName'
10:36:17.799 [main] INFO de.refactoringbot.refactorings.RenameMethodTest - Renamed method 'getLineOfInterfaceMethod' to 'newMethodName'
10:36:17.836 [main] INFO de.refactoringbot.refactorings.RenameMethodTest - Renamed method 'getLineOfMethodToBeRenamed' to 'newMethodName'
10:36:17.854 [main] INFO de.refactoringbot.refactorings.RenameMethodTest - Renamed method 'getLineOfMethodToBeRenamed' to 'newMethodName'
10:36:17.869 [main] INFO de.refactoringbot.refactorings.RenameMethodTest - Renamed method 'getLineOfMethodToBeRenamed' to 'newMethodName'
10:36:17.890 [main] INFO de.refactoringbot.refactorings.RenameMethodTest - Renamed method 'getLineOfMethodToBeRenamed' to 'newMethodName'
[INFO] Tests run: 12, Failures: 0, Errors: 0, Skipped: 0, Time elapsed: 0.224 s - in de.refactoringbot.refactorings.RenameMethodTest
[INFO] Running de.refactoringbot.refactorings.ReorderModifiersTest
10:36:17.900 [main] INFO de.refactoringbot.refactorings.ReorderModifiersTest - Reordered modifiers to comply with the Java Language Specification
10:36:17.913 [main] INFO de.refactoringbot.refactorings.ReorderModifiersTest - Reordered modifiers to comply with the Java Language Specification
10:36:17.917 [main] INFO de.refactoringbot.refactorings.ReorderModifiersTest - Reordered modifiers to comply with the Java Language Specification
10:36:17.920 [main] INFO de.refactoringbot.refactorings.ReorderModifiersTest - Reordered modifiers to comply with the Java Language Specification
[INFO] Tests run: 5, Failures: 0, Errors: 0, Skipped: 0, Time elapsed: 0.027 s - in de.refactoringbot.refactorings.ReorderModifiersTest
[INFO] Running de.refactoringbot.refactorings.RemoveCommentedOutCodeTest
10:36:17.929 [main] INFO de.refactoringbot.refactorings.RemoveCommentedOutCodeTest - Removed 1 line(s) of commented out code (line 49-49)
10:36:17.936 [main] INFO de.refactoringbot.refactorings.RemoveCommentedOutCodeTest - Removed 10 line(s) of commented out code (line 35-44)
10:36:17.940 [main] INFO de.refactoringbot.refactorings.RemoveCommentedOutCodeTest - Removed 4 line(s) of commented out code (line 17-20)
10:36:17.945 [main] INFO de.refactoringbot.refactorings.RemoveCommentedOutCodeTest - Removed 3 line(s) of commented out code (line 6-8)
10:36:17.948 [main] INFO de.refactoringbot.refactorings.RemoveCommentedOutCodeTest - Removed 6 line(s) of commented out code (line 25-30)
10:36:17.952 [main] INFO de.refactoringbot.refactorings.RemoveCommentedOutCodeTest - Removed 3 line(s) of commented out code (line 10-12)
10:36:17.961 [main] INFO de.refactoringbot.refactorings.RemoveCommentedOutCodeTest - Removed 5 line(s) of commented out code (line 53-57)
[INFO] Tests run: 8, Failures: 0, Errors: 0, Skipped: 0, Time elapsed: 0.038 s - in de.refactoringbot.refactorings.RemoveCommentedOutCodeTest
[INFO] Running de.refactoringbot.refactorings.AddOverrideAnnotationTest
10:36:17.969 [main] INFO de.refactoringbot.refactorings.AddOverrideAnnotationTest - Added override annotation to method 'getLineOfMethodWithMissingOverrideAnnotation'
10:36:17.972 [main] INFO de.refactoringbot.refactorings.AddOverrideAnnotationTest - Added override annotation to method 'getLineOfMethodWithMissingOverrideAnnotation2'
10:36:17.975 [main] INFO de.refactoringbot.refactorings.AddOverrideAnnotationTest - Added override annotation to method 'getLineOfMethodWithMissingOverrideAnnotation3'
10:36:17.981 [main] INFO de.refactoringbot.refactorings.AddOverrideAnnotationTest - Added override annotation to method 'getLineOfMethodWithMissingOverrideAnnotation4'
[INFO] Tests run: 5, Failures: 0, Errors: 0, Skipped: 0, Time elapsed: 0.018 s - in de.refactoringbot.refactorings.AddOverrideAnnotationTest
[INFO] Running de.refactoringbot.services.main.FileServiceTest
[INFO] Tests run: 2, Failures: 0, Errors: 0, Skipped: 0, Time elapsed: 1.569 s - in de.refactoringbot.services.main.FileServiceTest
[INFO] Running de.refactoringbot.services.main.GitServiceTest
[INFO] Tests run: 2, Failures: 0, Errors: 0, Skipped: 0, Time elapsed: 0.271 s - in de.refactoringbot.services.main.GitServiceTest
[INFO] Running de.refactoringbot.services.main.GrammarServiceTest
ANTLR Tool version 4.7.1 used for code generation does not match the current runtime version 4.10.1
[ERROR] Tests run: 5, Failures: 0, Errors: 1, Skipped: 0, Time elapsed: 0.531 s <<< FAILURE! - in de.refactoringbot.services.main.GrammarServiceTest
[ERROR] testCheckComment(de.refactoringbot.services.main.GrammarServiceTest)  Time elapsed: 0.012 s  <<< ERROR!
java.lang.ExceptionInInitializerError
	at de.refactoringbot.services.main.GrammarServiceTest.testCheckComment(GrammarServiceTest.java:111)
Caused by: java.lang.UnsupportedOperationException: java.io.InvalidClassException: org.antlr.v4.runtime.atn.ATN; Could not deserialize ATN with version 3 (expected 4).
	at de.refactoringbot.services.main.GrammarServiceTest.testCheckComment(GrammarServiceTest.java:111)
Caused by: java.io.InvalidClassException: org.antlr.v4.runtime.atn.ATN; Could not deserialize ATN with version 3 (expected 4).
	at de.refactoringbot.services.main.GrammarServiceTest.testCheckComment(GrammarServiceTest.java:111)

[INFO] Running de.refactoringbot.services.github.GithubObjectTranslatorTest
[INFO] Tests run: 1, Failures: 0, Errors: 0, Skipped: 0, Time elapsed: 0.001 s - in de.refactoringbot.services.github.GithubObjectTranslatorTest
[INFO] Running de.refactoringbot.services.sonarqube.SonarQubeObjectTranslatorTest
[INFO] Tests run: 2, Failures: 0, Errors: 0, Skipped: 0, Time elapsed: 0 s - in de.refactoringbot.services.sonarqube.SonarQubeObjectTranslatorTest
[INFO] 
[INFO] Results:
[INFO] 
[ERROR] Errors: 
[ERROR]   GrammarServiceTest.testCheckComment:111 Â» ExceptionInInitializer
[INFO] 
[ERROR] Tests run: 62, Failures: 0, Errors: 1, Skipped: 0
[INFO] 
[INFO] ------------------------------------------------------------------------
[INFO] BUILD FAILURE
[INFO] ------------------------------------------------------------------------
[INFO] Total time:  9.157 s
[INFO] Finished at: 2023-01-26T10:36:20Z
[INFO] ------------------------------------------------------------------------
[ERROR] Failed to execute goal org.apache.maven.plugins:maven-surefire-plugin:2.22.2:test (unit-tests) on project RefactoringBot: There are test failures.
[ERROR] 
[ERROR] Please refer to /home/gabsko/breaking-updates/target/surefire-reports for the individual test results.
[ERROR] Please refer to dump files (if any exist) [date].dump, [date]-jvmRun[N].dump and [date].dumpstream.
[ERROR] -> [Help 1]
[ERROR] 
[ERROR] To see the full stack trace of the errors, re-run Maven with the -e switch.
[ERROR] Re-run Maven using the -X switch to enable full debug logging.
[ERROR] 
[ERROR] For more information about the errors and possible solutions, please read the following articles:
[ERROR] [Help 1] http://cwiki.apache.org/confluence/display/MAVEN/MojoFailureException
