[INFO] Scanning for projects...
[INFO] Inspecting build with total of 1 modules...
[INFO] Installing Nexus Staging features:
[INFO]   ... total of 1 executions of maven-deploy-plugin replaced with nexus-staging-maven-plugin
[INFO] 
[INFO] -------------< com.google.cloud:google-cloud-spanner-jdbc >-------------
[INFO] Building Google Cloud Spanner JDBC 2.2.2-SNAPSHOT
[INFO] --------------------------------[ jar ]---------------------------------
[INFO] Downloading from central: https://repo.maven.apache.org/maven2/com/google/cloud/google-cloud-spanner/6.6.0/google-cloud-spanner-6.6.0-tests.jar
[INFO] Downloaded from central: https://repo.maven.apache.org/maven2/com/google/cloud/google-cloud-spanner/6.6.0/google-cloud-spanner-6.6.0-tests.jar (1.6 MB at 1.9 MB/s)
[INFO] 
[INFO] --- maven-clean-plugin:2.5:clean (default-clean) @ google-cloud-spanner-jdbc ---
[INFO] Deleting /home/gabsko/breaking-updates/target
[INFO] 
[INFO] --- flatten-maven-plugin:1.2.7:clean (flatten.clean) @ google-cloud-spanner-jdbc ---
[INFO] Deleting /home/gabsko/breaking-updates/.flattened-pom.xml
[INFO] 
[INFO] --- maven-enforcer-plugin:3.0.0-M3:enforce (enforce) @ google-cloud-spanner-jdbc ---
[INFO] Adding ignore: module-info
[INFO] Adding ignore: META-INF/versions/*/module-info
[INFO] 
[INFO] --- maven-checkstyle-plugin:3.1.2:check (checkstyle) @ google-cloud-spanner-jdbc ---
[INFO] Starting audit...
Audit done.
[INFO] You have 0 Checkstyle violations.
[INFO] 
[INFO] --- jacoco-maven-plugin:0.8.7:prepare-agent (default) @ google-cloud-spanner-jdbc ---
[INFO] argLine set to -javaagent:/home/gabsko/.m2/repository/org/jacoco/org.jacoco.agent/0.8.7/org.jacoco.agent-0.8.7-runtime.jar=destfile=/home/gabsko/breaking-updates/target/jacoco.exec
[INFO] 
[INFO] --- build-helper-maven-plugin:3.2.0:add-resource (add-main-proto-resources) @ google-cloud-spanner-jdbc ---
[INFO] 
[INFO] --- maven-resources-plugin:2.6:resources (default-resources) @ google-cloud-spanner-jdbc ---
[INFO] Using 'UTF-8' encoding to copy filtered resources.
[INFO] Copying 9 resources
[INFO] skip non existing resourceDirectory /home/gabsko/breaking-updates/src/main/proto
[INFO] 
[INFO] --- flatten-maven-plugin:1.2.7:flatten (flatten) @ google-cloud-spanner-jdbc ---
[INFO] Generating flattened POM of project com.google.cloud:google-cloud-spanner-jdbc:jar:2.2.2-SNAPSHOT...
[INFO] 
[INFO] --- maven-compiler-plugin:3.8.1:compile (default-compile) @ google-cloud-spanner-jdbc ---
[INFO] Changes detected - recompiling the module!
[INFO] Compiling 28 source files to /home/gabsko/breaking-updates/target/classes
[WARNING] bootstrap class path not set in conjunction with -source 8
[INFO] 
[INFO] --- build-helper-maven-plugin:3.2.0:add-test-resource (add-test-proto-resources) @ google-cloud-spanner-jdbc ---
[INFO] 
[INFO] --- maven-resources-plugin:2.6:testResources (default-testResources) @ google-cloud-spanner-jdbc ---
[INFO] Using 'UTF-8' encoding to copy filtered resources.
[INFO] Copying 34 resources
[INFO] skip non existing resourceDirectory /home/gabsko/breaking-updates/src/test/proto
[INFO] 
[INFO] --- maven-compiler-plugin:3.8.1:testCompile (default-testCompile) @ google-cloud-spanner-jdbc ---
[INFO] Changes detected - recompiling the module!
[INFO] Compiling 37 source files to /home/gabsko/breaking-updates/target/test-classes
[WARNING] bootstrap class path not set in conjunction with -source 8
[WARNING] /home/gabsko/breaking-updates/src/test/java/com/google/cloud/spanner/jdbc/it/ITJdbcDdlTest.java:[36,13] verifyStatementsInFile(java.lang.String,java.lang.Class<?>) in com.google.cloud.spanner.connection.AbstractSqlScriptVerifier has been deprecated
[WARNING] /home/gabsko/breaking-updates/src/test/java/com/google/cloud/spanner/jdbc/it/ITJdbcSqlMusicScriptTest.java:[39,15] verifyStatementsInFile(com.google.cloud.spanner.connection.AbstractSqlScriptVerifier.GenericConnection,java.lang.String,java.lang.Class<?>) in com.google.cloud.spanner.connection.AbstractSqlScriptVerifier has been deprecated
[WARNING] /home/gabsko/breaking-updates/src/test/java/com/google/cloud/spanner/jdbc/it/ITJdbcConnectTest.java:[58,28] isEmulator() in com.google.cloud.spanner.testing.RemoteSpannerHelper has been deprecated
[WARNING] /home/gabsko/breaking-updates/src/test/java/com/google/cloud/spanner/jdbc/it/ITJdbcConnectTest.java:[62,28] isEmulator() in com.google.cloud.spanner.testing.RemoteSpannerHelper has been deprecated
[WARNING] /home/gabsko/breaking-updates/src/test/java/com/google/cloud/spanner/jdbc/it/ITJdbcConnectTest.java:[177,50] isEmulator() in com.google.cloud.spanner.testing.RemoteSpannerHelper has been deprecated
[WARNING] /home/gabsko/breaking-updates/src/test/java/com/google/cloud/spanner/jdbc/it/ITJdbcReadWriteAutocommitTest.java:[54,13] verifyStatementsInFile(java.lang.String,java.lang.Class<?>) in com.google.cloud.spanner.connection.AbstractSqlScriptVerifier has been deprecated
[WARNING] /home/gabsko/breaking-updates/src/test/java/com/google/cloud/spanner/jdbc/it/ITJdbcSqlScriptTest.java:[78,15] verifyStatementsInFile(com.google.cloud.spanner.connection.AbstractSqlScriptVerifier.GenericConnection,java.lang.String,java.lang.Class<?>) in com.google.cloud.spanner.connection.AbstractSqlScriptVerifier has been deprecated
[WARNING] /home/gabsko/breaking-updates/src/test/java/com/google/cloud/spanner/jdbc/it/ITJdbcSqlScriptTest.java:[87,15] verifyStatementsInFile(com.google.cloud.spanner.connection.AbstractSqlScriptVerifier.GenericConnection,java.lang.String,java.lang.Class<?>) in com.google.cloud.spanner.connection.AbstractSqlScriptVerifier has been deprecated
[WARNING] /home/gabsko/breaking-updates/src/test/java/com/google/cloud/spanner/jdbc/it/ITJdbcSqlScriptTest.java:[92,30] isEmulator() in com.google.cloud.spanner.testing.RemoteSpannerHelper has been deprecated
[WARNING] /home/gabsko/breaking-updates/src/test/java/com/google/cloud/spanner/jdbc/it/ITJdbcSqlScriptTest.java:[98,30] isEmulator() in com.google.cloud.spanner.testing.RemoteSpannerHelper has been deprecated
[WARNING] /home/gabsko/breaking-updates/src/test/java/com/google/cloud/spanner/jdbc/it/ITJdbcSqlScriptTest.java:[108,15] verifyStatementsInFile(com.google.cloud.spanner.connection.AbstractSqlScriptVerifier.GenericConnection,java.lang.String,java.lang.Class<?>) in com.google.cloud.spanner.connection.AbstractSqlScriptVerifier has been deprecated
[WARNING] /home/gabsko/breaking-updates/src/test/java/com/google/cloud/spanner/jdbc/it/ITJdbcSqlScriptTest.java:[116,15] verifyStatementsInFile(com.google.cloud.spanner.connection.AbstractSqlScriptVerifier.GenericConnection,java.lang.String,java.lang.Class<?>) in com.google.cloud.spanner.connection.AbstractSqlScriptVerifier has been deprecated
[WARNING] /home/gabsko/breaking-updates/src/test/java/com/google/cloud/spanner/jdbc/it/ITJdbcSqlScriptTest.java:[119,30] isEmulator() in com.google.cloud.spanner.testing.RemoteSpannerHelper has been deprecated
[WARNING] /home/gabsko/breaking-updates/src/test/java/com/google/cloud/spanner/jdbc/it/ITJdbcSqlScriptTest.java:[124,30] isEmulator() in com.google.cloud.spanner.testing.RemoteSpannerHelper has been deprecated
[WARNING] /home/gabsko/breaking-updates/src/test/java/com/google/cloud/spanner/jdbc/it/ITJdbcSqlScriptTest.java:[134,15] verifyStatementsInFile(com.google.cloud.spanner.connection.AbstractSqlScriptVerifier.GenericConnection,java.lang.String,java.lang.Class<?>) in com.google.cloud.spanner.connection.AbstractSqlScriptVerifier has been deprecated
[WARNING] /home/gabsko/breaking-updates/src/test/java/com/google/cloud/spanner/jdbc/it/ITJdbcSqlScriptTest.java:[144,15] verifyStatementsInFile(com.google.cloud.spanner.connection.AbstractSqlScriptVerifier.GenericConnection,java.lang.String,java.lang.Class<?>) in com.google.cloud.spanner.connection.AbstractSqlScriptVerifier has been deprecated
[WARNING] /home/gabsko/breaking-updates/src/test/java/com/google/cloud/spanner/jdbc/it/ITJdbcSqlScriptTest.java:[152,15] verifyStatementsInFile(com.google.cloud.spanner.connection.AbstractSqlScriptVerifier.GenericConnection,java.lang.String,java.lang.Class<?>) in com.google.cloud.spanner.connection.AbstractSqlScriptVerifier has been deprecated
[WARNING] /home/gabsko/breaking-updates/src/test/java/com/google/cloud/spanner/jdbc/it/ITJdbcSqlScriptTest.java:[162,15] verifyStatementsInFile(com.google.cloud.spanner.connection.AbstractSqlScriptVerifier.GenericConnection,java.lang.String,java.lang.Class<?>) in com.google.cloud.spanner.connection.AbstractSqlScriptVerifier has been deprecated
[WARNING] /home/gabsko/breaking-updates/src/test/java/com/google/cloud/spanner/jdbc/it/ITJdbcSqlScriptTest.java:[170,15] verifyStatementsInFile(com.google.cloud.spanner.connection.AbstractSqlScriptVerifier.GenericConnection,java.lang.String,java.lang.Class<?>) in com.google.cloud.spanner.connection.AbstractSqlScriptVerifier has been deprecated
[WARNING] /home/gabsko/breaking-updates/src/test/java/com/google/cloud/spanner/jdbc/it/ITJdbcSqlScriptTest.java:[178,15] verifyStatementsInFile(com.google.cloud.spanner.connection.AbstractSqlScriptVerifier.GenericConnection,java.lang.String,java.lang.Class<?>) in com.google.cloud.spanner.connection.AbstractSqlScriptVerifier has been deprecated
[WARNING] /home/gabsko/breaking-updates/src/test/java/com/google/cloud/spanner/jdbc/it/ITJdbcSqlScriptTest.java:[186,15] verifyStatementsInFile(com.google.cloud.spanner.connection.AbstractSqlScriptVerifier.GenericConnection,java.lang.String,java.lang.Class<?>) in com.google.cloud.spanner.connection.AbstractSqlScriptVerifier has been deprecated
[WARNING] /home/gabsko/breaking-updates/src/test/java/com/google/cloud/spanner/jdbc/it/ITJdbcSqlScriptTest.java:[224,15] verifyStatementsInFile(com.google.cloud.spanner.connection.AbstractSqlScriptVerifier.GenericConnection,java.lang.String,java.lang.Class<?>) in com.google.cloud.spanner.connection.AbstractSqlScriptVerifier has been deprecated
[WARNING] /home/gabsko/breaking-updates/src/test/java/com/google/cloud/spanner/jdbc/it/ITJdbcSqlScriptTest.java:[232,15] verifyStatementsInFile(com.google.cloud.spanner.connection.AbstractSqlScriptVerifier.GenericConnection,java.lang.String,java.lang.Class<?>) in com.google.cloud.spanner.connection.AbstractSqlScriptVerifier has been deprecated
[WARNING] /home/gabsko/breaking-updates/src/test/java/com/google/cloud/spanner/jdbc/it/ITJdbcSqlScriptTest.java:[240,15] verifyStatementsInFile(com.google.cloud.spanner.connection.AbstractSqlScriptVerifier.GenericConnection,java.lang.String,java.lang.Class<?>) in com.google.cloud.spanner.connection.AbstractSqlScriptVerifier has been deprecated
[WARNING] /home/gabsko/breaking-updates/src/test/java/com/google/cloud/spanner/jdbc/JdbcConnectionGeneratedSqlScriptTest.java:[68,13] verifyStatementsInFile(java.lang.String,java.lang.Class<?>) in com.google.cloud.spanner.connection.AbstractSqlScriptVerifier has been deprecated
[WARNING] /home/gabsko/breaking-updates/src/test/java/com/google/cloud/spanner/jdbc/JdbcTimeoutSqlTest.java:[38,13] verifyStatementsInFile(java.lang.String,java.lang.Class<?>) in com.google.cloud.spanner.connection.AbstractSqlScriptVerifier has been deprecated
[WARNING] /home/gabsko/breaking-updates/src/test/java/com/google/cloud/spanner/jdbc/it/ITJdbcReadOnlyTest.java:[56,17] verifyStatementsInFile(java.lang.String,java.lang.Class<?>) in com.google.cloud.spanner.connection.AbstractSqlScriptVerifier has been deprecated
[WARNING] /home/gabsko/breaking-updates/src/test/java/com/google/cloud/spanner/jdbc/it/ITJdbcReadOnlyTest.java:[97,13] verifyStatementsInFile(java.lang.String,java.lang.Class<?>) in com.google.cloud.spanner.connection.AbstractSqlScriptVerifier has been deprecated
[WARNING] /home/gabsko/breaking-updates/src/test/java/com/google/cloud/spanner/jdbc/it/ITJdbcQueryOptionsTest.java:[99,80] isEmulator() in com.google.cloud.spanner.testing.RemoteSpannerHelper has been deprecated
[WARNING] /home/gabsko/breaking-updates/src/test/java/com/google/cloud/spanner/jdbc/it/ITJdbcQueryOptionsTest.java:[142,80] isEmulator() in com.google.cloud.spanner.testing.RemoteSpannerHelper has been deprecated
[WARNING] /home/gabsko/breaking-updates/src/test/java/com/google/cloud/spanner/jdbc/it/ITJdbcQueryOptionsTest.java:[159,28] isEmulator() in com.google.cloud.spanner.testing.RemoteSpannerHelper has been deprecated
[WARNING] /home/gabsko/breaking-updates/src/test/java/com/google/cloud/spanner/jdbc/it/ITJdbcQueryOptionsTest.java:[179,80] isEmulator() in com.google.cloud.spanner.testing.RemoteSpannerHelper has been deprecated
[INFO] 
[INFO] --- maven-surefire-plugin:3.0.0-M5:test (default-test) @ google-cloud-spanner-jdbc ---
[INFO] 
[INFO] -------------------------------------------------------
[INFO]  T E S T S
[INFO] -------------------------------------------------------
[INFO] Running com.google.cloud.spanner.jdbc.JdbcResultSetTest
[INFO] Tests run: 131, Failures: 0, Errors: 0, Skipped: 0, Time elapsed: 1.185 s - in com.google.cloud.spanner.jdbc.JdbcResultSetTest
[INFO] Running com.google.cloud.spanner.jdbc.AbstractJdbcResultSetTest
[ERROR] WARNING: An illegal reflective access operation has occurred
[ERROR] WARNING: Illegal reflective access by org.mockito.internal.creation.cglib.ClassImposterizer (file:/home/gabsko/.m2/repository/org/mockito/mockito-core/1.10.19/mockito-core-1.10.19.jar) to constructor java.io.Reader(java.lang.Object)
[ERROR] WARNING: Please consider reporting this to the maintainers of org.mockito.internal.creation.cglib.ClassImposterizer
[ERROR] WARNING: Use --illegal-access=warn to enable warnings of further illegal reflective access operations
[ERROR] WARNING: All illegal access operations will be denied in a future release
[INFO] Tests run: 7, Failures: 0, Errors: 0, Skipped: 0, Time elapsed: 0.694 s - in com.google.cloud.spanner.jdbc.AbstractJdbcResultSetTest
[INFO] Running com.google.cloud.spanner.jdbc.JdbcConnectionUrlTest$ConnectionMaxSessionsTest
[INFO] Tests run: 1, Failures: 0, Errors: 0, Skipped: 0, Time elapsed: 1.146 s - in com.google.cloud.spanner.jdbc.JdbcConnectionUrlTest$ConnectionMaxSessionsTest
[INFO] Running com.google.cloud.spanner.jdbc.JdbcConnectionUrlTest$ConnectionMinSessionsTest
[INFO] Tests run: 1, Failures: 0, Errors: 0, Skipped: 0, Time elapsed: 0.077 s - in com.google.cloud.spanner.jdbc.JdbcConnectionUrlTest$ConnectionMinSessionsTest
[INFO] Running com.google.cloud.spanner.jdbc.AbstractJdbcWrapperTest
[INFO] Tests run: 13, Failures: 0, Errors: 0, Skipped: 0, Time elapsed: 0.013 s - in com.google.cloud.spanner.jdbc.AbstractJdbcWrapperTest
[INFO] Running com.google.cloud.spanner.jdbc.JdbcStatementTest
[INFO] Tests run: 22, Failures: 0, Errors: 0, Skipped: 0, Time elapsed: 0.083 s - in com.google.cloud.spanner.jdbc.JdbcStatementTest
[INFO] Running com.google.cloud.spanner.jdbc.JdbcParameterStoreTest
[INFO] Tests run: 6, Failures: 0, Errors: 0, Skipped: 0, Time elapsed: 0.012 s - in com.google.cloud.spanner.jdbc.JdbcParameterStoreTest
[INFO] Running com.google.cloud.spanner.jdbc.JdbcConnectionGeneratedSqlScriptTest
[INFO] Tests run: 1, Failures: 0, Errors: 0, Skipped: 0, Time elapsed: 3.295 s - in com.google.cloud.spanner.jdbc.JdbcConnectionGeneratedSqlScriptTest
[INFO] Running com.google.cloud.spanner.jdbc.JdbcCommitStatsTest
[INFO] Tests run: 5, Failures: 0, Errors: 0, Skipped: 0, Time elapsed: 0.643 s - in com.google.cloud.spanner.jdbc.JdbcCommitStatsTest
[INFO] Running com.google.cloud.spanner.jdbc.JdbcGrpcErrorTest
[INFO] Tests run: 19, Failures: 0, Errors: 0, Skipped: 0, Time elapsed: 1.136 s - in com.google.cloud.spanner.jdbc.JdbcGrpcErrorTest
[INFO] Running com.google.cloud.spanner.jdbc.JdbcTypeConverterTest
[INFO] Tests run: 25, Failures: 0, Errors: 0, Skipped: 0, Time elapsed: 0.025 s - in com.google.cloud.spanner.jdbc.JdbcTypeConverterTest
[INFO] Running com.google.cloud.spanner.jdbc.JdbcBlobTest
[INFO] Tests run: 11, Failures: 0, Errors: 0, Skipped: 0, Time elapsed: 0.003 s - in com.google.cloud.spanner.jdbc.JdbcBlobTest
[INFO] Running com.google.cloud.spanner.jdbc.JdbcResultSetMetaDataTest
[INFO] Tests run: 22, Failures: 0, Errors: 0, Skipped: 0, Time elapsed: 0.166 s - in com.google.cloud.spanner.jdbc.JdbcResultSetMetaDataTest
[INFO] Running com.google.cloud.spanner.jdbc.JdbcAbortedTransactionTest
[INFO] Tests run: 20, Failures: 0, Errors: 0, Skipped: 0, Time elapsed: 0.762 s - in com.google.cloud.spanner.jdbc.JdbcAbortedTransactionTest
[INFO] Running com.google.cloud.spanner.jdbc.JdbcDriverTest
[INFO] Tests run: 8, Failures: 0, Errors: 0, Skipped: 0, Time elapsed: 0.146 s - in com.google.cloud.spanner.jdbc.JdbcDriverTest
[INFO] Running com.google.cloud.spanner.jdbc.JdbcPreparedStatementTest
[INFO] Tests run: 5, Failures: 0, Errors: 0, Skipped: 0, Time elapsed: 0.022 s - in com.google.cloud.spanner.jdbc.JdbcPreparedStatementTest
[INFO] Running com.google.cloud.spanner.jdbc.JdbcDatabaseMetaDataWithMockedServerTest
[INFO] Tests run: 6, Failures: 0, Errors: 0, Skipped: 0, Time elapsed: 0.361 s - in com.google.cloud.spanner.jdbc.JdbcDatabaseMetaDataWithMockedServerTest
[INFO] Running com.google.cloud.spanner.jdbc.JdbcConnectionUrlTest$ConnectionMaxSessionsTest
[INFO] Tests run: 1, Failures: 0, Errors: 0, Skipped: 0, Time elapsed: 0.061 s - in com.google.cloud.spanner.jdbc.JdbcConnectionUrlTest$ConnectionMaxSessionsTest
[INFO] Running com.google.cloud.spanner.jdbc.JdbcConnectionUrlTest$ConnectionMinSessionsTest
[INFO] Tests run: 1, Failures: 0, Errors: 0, Skipped: 0, Time elapsed: 0.023 s - in com.google.cloud.spanner.jdbc.JdbcConnectionUrlTest$ConnectionMinSessionsTest
[INFO] Running com.google.cloud.spanner.jdbc.JdbcTimeoutSqlTest
[INFO] Tests run: 1, Failures: 0, Errors: 0, Skipped: 0, Time elapsed: 0.004 s - in com.google.cloud.spanner.jdbc.JdbcTimeoutSqlTest
[INFO] Running com.google.cloud.spanner.jdbc.JdbcPreparedStatementWithMockedServerTest
[INFO] Tests run: 6, Failures: 0, Errors: 0, Skipped: 0, Time elapsed: 0.308 s - in com.google.cloud.spanner.jdbc.JdbcPreparedStatementWithMockedServerTest
[INFO] Running com.google.cloud.spanner.jdbc.JdbcArrayTest
[INFO] Tests run: 7, Failures: 0, Errors: 0, Skipped: 0, Time elapsed: 0.003 s - in com.google.cloud.spanner.jdbc.JdbcArrayTest
[INFO] Running com.google.cloud.spanner.jdbc.JdbcClobTest
[INFO] Tests run: 10, Failures: 0, Errors: 0, Skipped: 0, Time elapsed: 0.012 s - in com.google.cloud.spanner.jdbc.JdbcClobTest
[INFO] Running com.google.cloud.spanner.jdbc.JdbcQueryOptionsTest
[ERROR] Tests run: 7, Failures: 0, Errors: 1, Skipped: 0, Time elapsed: 0.367 s <<< FAILURE! - in com.google.cloud.spanner.jdbc.JdbcQueryOptionsTest
[ERROR] com.google.cloud.spanner.jdbc.JdbcQueryOptionsTest.testUseOptimizerVersionFromEnvironment  Time elapsed: 0.038 s  <<< ERROR!
com.google.cloud.spanner.jdbc.JdbcSqlExceptionFactory$JdbcSqlExceptionImpl: UNKNOWN: Unimplemented
	at com.google.cloud.spanner.jdbc.JdbcQueryOptionsTest.testUseOptimizerVersionFromEnvironment(JdbcQueryOptionsTest.java:163)
Caused by: java.lang.UnsupportedOperationException: Unimplemented
	at com.google.cloud.spanner.jdbc.JdbcQueryOptionsTest.testUseOptimizerVersionFromEnvironment(JdbcQueryOptionsTest.java:163)

[INFO] Running com.google.cloud.spanner.jdbc.JdbcConnectionTest
[INFO] Tests run: 23, Failures: 0, Errors: 0, Skipped: 0, Time elapsed: 0.059 s - in com.google.cloud.spanner.jdbc.JdbcConnectionTest
[INFO] Running com.google.cloud.spanner.jdbc.JdbcDatabaseMetaDataTest
[INFO] Tests run: 18, Failures: 0, Errors: 0, Skipped: 0, Time elapsed: 0.003 s - in com.google.cloud.spanner.jdbc.JdbcDatabaseMetaDataTest
[INFO] 
[INFO] Results:
[INFO] 
[ERROR] Errors: 
[ERROR]   JdbcQueryOptionsTest.testUseOptimizerVersionFromEnvironment:163 Â» JdbcSqlExceptionImpl
[INFO] 
[ERROR] Tests run: 377, Failures: 0, Errors: 1, Skipped: 0
[INFO] 
[INFO] ------------------------------------------------------------------------
[INFO] BUILD FAILURE
[INFO] ------------------------------------------------------------------------
[INFO] Total time:  19.568 s
[INFO] Finished at: 2023-01-30T13:41:03Z
[INFO] ------------------------------------------------------------------------
[ERROR] Failed to execute goal org.apache.maven.plugins:maven-surefire-plugin:3.0.0-M5:test (default-test) on project google-cloud-spanner-jdbc: There are test failures.
[ERROR] 
[ERROR] Please refer to /home/gabsko/breaking-updates/target/surefire-reports for the individual test results.
[ERROR] Please refer to dump files (if any exist) [date].dump, [date]-jvmRun[N].dump and [date].dumpstream.
[ERROR] -> [Help 1]
[ERROR] 
[ERROR] To see the full stack trace of the errors, re-run Maven with the -e switch.
[ERROR] Re-run Maven using the -X switch to enable full debug logging.
[ERROR] 
[ERROR] For more information about the errors and possible solutions, please read the following articles:
[ERROR] [Help 1] http://cwiki.apache.org/confluence/display/MAVEN/MojoFailureException
