[INFO] Scanning for projects...
[INFO] 
[INFO] --------------------< org.eclipse.basyx:basyx.sdk >---------------------
[INFO] Building BaSyx SDK 1.3.0-SNAPSHOT
[INFO] --------------------------------[ jar ]---------------------------------
[INFO] 
[INFO] --- maven-clean-plugin:2.5:clean (default-clean) @ basyx.sdk ---
[INFO] Deleting /home/gabsko/breaking-updates/target
[INFO] 
[INFO] --- maven-resources-plugin:2.6:resources (default-resources) @ basyx.sdk ---
[INFO] Using 'UTF-8' encoding to copy filtered resources.
[INFO] skip non existing resourceDirectory /home/gabsko/breaking-updates/src/main/resources
[INFO] 
[INFO] --- maven-compiler-plugin:3.8.1:compile (default-compile) @ basyx.sdk ---
[INFO] Changes detected - recompiling the module!
[INFO] Compiling 434 source files to /home/gabsko/breaking-updates/target/classes
[INFO] /home/gabsko/breaking-updates/src/main/java/org/eclipse/basyx/submodel/metamodel/map/submodelelement/operation/Operation.java: Some input files use or override a deprecated API.
[INFO] /home/gabsko/breaking-updates/src/main/java/org/eclipse/basyx/submodel/metamodel/map/submodelelement/operation/Operation.java: Recompile with -Xlint:deprecation for details.
[INFO] 
[INFO] --- maven-resources-plugin:2.6:testResources (default-testResources) @ basyx.sdk ---
[INFO] Using 'UTF-8' encoding to copy filtered resources.
[INFO] Copying 7 resources
[INFO] 
[INFO] --- maven-compiler-plugin:3.8.1:testCompile (default-testCompile) @ basyx.sdk ---
[INFO] Changes detected - recompiling the module!
[INFO] Compiling 198 source files to /home/gabsko/breaking-updates/target/test-classes
[INFO] /home/gabsko/breaking-updates/src/test/java/org/eclipse/basyx/testsuite/regression/extensions/aas/aggregator/mqtt/TestFullMqttAASAggregator.java: Some input files use or override a deprecated API.
[INFO] /home/gabsko/breaking-updates/src/test/java/org/eclipse/basyx/testsuite/regression/extensions/aas/aggregator/mqtt/TestFullMqttAASAggregator.java: Recompile with -Xlint:deprecation for details.
[INFO] 
[INFO] --- maven-surefire-plugin:3.0.0-M3:test (default-test) @ basyx.sdk ---
[INFO] 
[INFO] -------------------------------------------------------
[INFO]  T E S T S
[INFO] -------------------------------------------------------
[INFO] Running org.eclipse.basyx.testsuite.regression.extensions.submodel.aggregator.mqtt.TestMqttSubmodelAggregatorObserver
[INFO] Tests run: 4, Failures: 0, Errors: 0, Skipped: 0, Time elapsed: 10.635 s - in org.eclipse.basyx.testsuite.regression.extensions.submodel.aggregator.mqtt.TestMqttSubmodelAggregatorObserver
[INFO] Running org.eclipse.basyx.testsuite.regression.extensions.submodel.aggregator.mqtt.TestMqttSubmodelAggregator
[INFO] Tests run: 4, Failures: 0, Errors: 0, Skipped: 0, Time elapsed: 10.072 s - in org.eclipse.basyx.testsuite.regression.extensions.submodel.aggregator.mqtt.TestMqttSubmodelAggregator
[INFO] Running org.eclipse.basyx.testsuite.regression.extensions.submodel.aggregator.authorization.TestAuthorizedSubmodelAggregator
[INFO] Tests run: 30, Failures: 0, Errors: 0, Skipped: 0, Time elapsed: 0.369 s - in org.eclipse.basyx.testsuite.regression.extensions.submodel.aggregator.authorization.TestAuthorizedSubmodelAggregator
[INFO] Running org.eclipse.basyx.testsuite.regression.extensions.submodel.mqtt.TestMqttSubmodelAPI
[INFO] Tests run: 1, Failures: 0, Errors: 0, Skipped: 0, Time elapsed: 3.077 s - in org.eclipse.basyx.testsuite.regression.extensions.submodel.mqtt.TestMqttSubmodelAPI
[INFO] Running org.eclipse.basyx.testsuite.regression.extensions.submodel.mqtt.TestMqttSubmodelAPIPayloadParser
[INFO] Tests run: 6, Failures: 0, Errors: 0, Skipped: 0, Time elapsed: 13.074 s - in org.eclipse.basyx.testsuite.regression.extensions.submodel.mqtt.TestMqttSubmodelAPIPayloadParser
[INFO] Running org.eclipse.basyx.testsuite.regression.extensions.submodel.mqtt.MqttSubmodelAPIObserverTest
[INFO] Tests run: 5, Failures: 0, Errors: 0, Skipped: 0, Time elapsed: 12.057 s - in org.eclipse.basyx.testsuite.regression.extensions.submodel.mqtt.MqttSubmodelAPIObserverTest
[INFO] Running org.eclipse.basyx.testsuite.regression.extensions.submodel.mqtt.TestMqttSubmodelAPIEvents
[INFO] Tests run: 4, Failures: 0, Errors: 0, Skipped: 0, Time elapsed: 10.083 s - in org.eclipse.basyx.testsuite.regression.extensions.submodel.mqtt.TestMqttSubmodelAPIEvents
[INFO] Running org.eclipse.basyx.testsuite.regression.extensions.submodel.authorization.TestAuthorizedSubmodelAPI
[INFO] Tests run: 36, Failures: 0, Errors: 0, Skipped: 0, Time elapsed: 0.088 s - in org.eclipse.basyx.testsuite.regression.extensions.submodel.authorization.TestAuthorizedSubmodelAPI
[INFO] Running org.eclipse.basyx.testsuite.regression.extensions.aas.aggregator.aasxupload.TestAASAggregatorAASXUpload
[INFO] Tests run: 7, Failures: 0, Errors: 0, Skipped: 0, Time elapsed: 0.308 s - in org.eclipse.basyx.testsuite.regression.extensions.aas.aggregator.aasxupload.TestAASAggregatorAASXUpload
[INFO] Running org.eclipse.basyx.testsuite.regression.extensions.aas.aggregator.aasxupload.TestAASAggregatorProxyWithAASXProvider
Jan 30, 2023 1:08:24 AM org.apache.coyote.AbstractProtocol init
INFO: Initializing ProtocolHandler ["http-nio-4000"]
Jan 30, 2023 1:08:24 AM org.apache.catalina.core.StandardService startInternal
INFO: Starting service [Tomcat]
Jan 30, 2023 1:08:24 AM org.apache.catalina.core.StandardEngine startInternal
INFO: Starting Servlet engine: [Apache Tomcat/9.0.64]
Jan 30, 2023 1:08:24 AM org.apache.coyote.AbstractProtocol start
INFO: Starting ProtocolHandler ["http-nio-4000"]
Jan 30, 2023 1:08:24 AM org.apache.coyote.AbstractProtocol pause
INFO: Pausing ProtocolHandler ["http-nio-4000"]
Jan 30, 2023 1:08:24 AM org.apache.catalina.core.StandardService stopInternal
INFO: Stopping service [Tomcat]
Jan 30, 2023 1:08:24 AM org.apache.coyote.AbstractProtocol stop
INFO: Stopping ProtocolHandler ["http-nio-4000"]
Jan 30, 2023 1:08:24 AM org.apache.coyote.AbstractProtocol destroy
INFO: Destroying ProtocolHandler ["http-nio-4000"]
Jan 30, 2023 1:08:24 AM org.apache.coyote.AbstractProtocol init
INFO: Initializing ProtocolHandler ["http-nio-4000"]
Jan 30, 2023 1:08:24 AM org.apache.catalina.core.StandardService startInternal
INFO: Starting service [Tomcat]
Jan 30, 2023 1:08:24 AM org.apache.catalina.core.StandardEngine startInternal
INFO: Starting Servlet engine: [Apache Tomcat/9.0.64]
Jan 30, 2023 1:08:24 AM org.apache.coyote.AbstractProtocol start
INFO: Starting ProtocolHandler ["http-nio-4000"]
Jan 30, 2023 1:08:24 AM org.apache.coyote.AbstractProtocol pause
INFO: Pausing ProtocolHandler ["http-nio-4000"]
Jan 30, 2023 1:08:24 AM org.apache.catalina.core.StandardService stopInternal
INFO: Stopping service [Tomcat]
Jan 30, 2023 1:08:24 AM org.apache.coyote.AbstractProtocol stop
INFO: Stopping ProtocolHandler ["http-nio-4000"]
Jan 30, 2023 1:08:24 AM org.apache.coyote.AbstractProtocol destroy
INFO: Destroying ProtocolHandler ["http-nio-4000"]
Jan 30, 2023 1:08:24 AM org.apache.coyote.AbstractProtocol init
INFO: Initializing ProtocolHandler ["http-nio-4000"]
Jan 30, 2023 1:08:24 AM org.apache.catalina.core.StandardService startInternal
INFO: Starting service [Tomcat]
Jan 30, 2023 1:08:24 AM org.apache.catalina.core.StandardEngine startInternal
INFO: Starting Servlet engine: [Apache Tomcat/9.0.64]
Jan 30, 2023 1:08:24 AM org.apache.coyote.AbstractProtocol start
INFO: Starting ProtocolHandler ["http-nio-4000"]
Jan 30, 2023 1:08:24 AM org.apache.coyote.AbstractProtocol pause
INFO: Pausing ProtocolHandler ["http-nio-4000"]
Jan 30, 2023 1:08:24 AM org.apache.catalina.core.StandardService stopInternal
INFO: Stopping service [Tomcat]
Jan 30, 2023 1:08:24 AM org.apache.coyote.AbstractProtocol stop
INFO: Stopping ProtocolHandler ["http-nio-4000"]
Jan 30, 2023 1:08:24 AM org.apache.coyote.AbstractProtocol destroy
INFO: Destroying ProtocolHandler ["http-nio-4000"]
Jan 30, 2023 1:08:24 AM org.apache.coyote.AbstractProtocol init
INFO: Initializing ProtocolHandler ["http-nio-4000"]
Jan 30, 2023 1:08:24 AM org.apache.catalina.core.StandardService startInternal
INFO: Starting service [Tomcat]
Jan 30, 2023 1:08:24 AM org.apache.catalina.core.StandardEngine startInternal
INFO: Starting Servlet engine: [Apache Tomcat/9.0.64]
Jan 30, 2023 1:08:24 AM org.apache.coyote.AbstractProtocol start
INFO: Starting ProtocolHandler ["http-nio-4000"]
Jan 30, 2023 1:08:24 AM org.apache.coyote.AbstractProtocol pause
INFO: Pausing ProtocolHandler ["http-nio-4000"]
Jan 30, 2023 1:08:24 AM org.apache.catalina.core.StandardService stopInternal
INFO: Stopping service [Tomcat]
Jan 30, 2023 1:08:24 AM org.apache.coyote.AbstractProtocol stop
INFO: Stopping ProtocolHandler ["http-nio-4000"]
Jan 30, 2023 1:08:24 AM org.apache.coyote.AbstractProtocol destroy
INFO: Destroying ProtocolHandler ["http-nio-4000"]
Jan 30, 2023 1:08:24 AM org.apache.coyote.AbstractProtocol init
INFO: Initializing ProtocolHandler ["http-nio-4000"]
Jan 30, 2023 1:08:24 AM org.apache.catalina.core.StandardService startInternal
INFO: Starting service [Tomcat]
Jan 30, 2023 1:08:24 AM org.apache.catalina.core.StandardEngine startInternal
INFO: Starting Servlet engine: [Apache Tomcat/9.0.64]
Jan 30, 2023 1:08:24 AM org.apache.coyote.AbstractProtocol start
INFO: Starting ProtocolHandler ["http-nio-4000"]
Jan 30, 2023 1:08:24 AM org.apache.coyote.AbstractProtocol pause
INFO: Pausing ProtocolHandler ["http-nio-4000"]
Jan 30, 2023 1:08:24 AM org.apache.catalina.core.StandardService stopInternal
INFO: Stopping service [Tomcat]
Jan 30, 2023 1:08:24 AM org.apache.coyote.AbstractProtocol stop
INFO: Stopping ProtocolHandler ["http-nio-4000"]
Jan 30, 2023 1:08:24 AM org.apache.coyote.AbstractProtocol destroy
INFO: Destroying ProtocolHandler ["http-nio-4000"]
Jan 30, 2023 1:08:24 AM org.apache.coyote.AbstractProtocol init
INFO: Initializing ProtocolHandler ["http-nio-4000"]
Jan 30, 2023 1:08:24 AM org.apache.catalina.core.StandardService startInternal
INFO: Starting service [Tomcat]
Jan 30, 2023 1:08:24 AM org.apache.catalina.core.StandardEngine startInternal
INFO: Starting Servlet engine: [Apache Tomcat/9.0.64]
Jan 30, 2023 1:08:24 AM org.apache.coyote.AbstractProtocol start
INFO: Starting ProtocolHandler ["http-nio-4000"]
Jan 30, 2023 1:08:24 AM org.apache.coyote.AbstractProtocol pause
INFO: Pausing ProtocolHandler ["http-nio-4000"]
Jan 30, 2023 1:08:24 AM org.apache.catalina.core.StandardService stopInternal
INFO: Stopping service [Tomcat]
Jan 30, 2023 1:08:24 AM org.apache.coyote.AbstractProtocol stop
INFO: Stopping ProtocolHandler ["http-nio-4000"]
Jan 30, 2023 1:08:24 AM org.apache.coyote.AbstractProtocol destroy
INFO: Destroying ProtocolHandler ["http-nio-4000"]
Jan 30, 2023 1:08:24 AM org.apache.coyote.AbstractProtocol init
INFO: Initializing ProtocolHandler ["http-nio-4000"]
Jan 30, 2023 1:08:24 AM org.apache.catalina.core.StandardService startInternal
INFO: Starting service [Tomcat]
Jan 30, 2023 1:08:24 AM org.apache.catalina.core.StandardEngine startInternal
INFO: Starting Servlet engine: [Apache Tomcat/9.0.64]
Jan 30, 2023 1:08:24 AM org.apache.coyote.AbstractProtocol start
INFO: Starting ProtocolHandler ["http-nio-4000"]
Jan 30, 2023 1:08:24 AM org.apache.coyote.AbstractProtocol pause
INFO: Pausing ProtocolHandler ["http-nio-4000"]
Jan 30, 2023 1:08:24 AM org.apache.catalina.core.StandardService stopInternal
INFO: Stopping service [Tomcat]
Jan 30, 2023 1:08:24 AM org.apache.coyote.AbstractProtocol stop
INFO: Stopping ProtocolHandler ["http-nio-4000"]
Jan 30, 2023 1:08:24 AM org.apache.coyote.AbstractProtocol destroy
INFO: Destroying ProtocolHandler ["http-nio-4000"]
Jan 30, 2023 1:08:24 AM org.apache.coyote.AbstractProtocol init
INFO: Initializing ProtocolHandler ["http-nio-4000"]
Jan 30, 2023 1:08:24 AM org.apache.catalina.core.StandardService startInternal
INFO: Starting service [Tomcat]
Jan 30, 2023 1:08:24 AM org.apache.catalina.core.StandardEngine startInternal
INFO: Starting Servlet engine: [Apache Tomcat/9.0.64]
Jan 30, 2023 1:08:24 AM org.apache.coyote.AbstractProtocol start
INFO: Starting ProtocolHandler ["http-nio-4000"]
Jan 30, 2023 1:08:24 AM org.apache.coyote.AbstractProtocol pause
INFO: Pausing ProtocolHandler ["http-nio-4000"]
Jan 30, 2023 1:08:24 AM org.apache.catalina.core.StandardService stopInternal
INFO: Stopping service [Tomcat]
Jan 30, 2023 1:08:24 AM org.apache.coyote.AbstractProtocol stop
INFO: Stopping ProtocolHandler ["http-nio-4000"]
Jan 30, 2023 1:08:24 AM org.apache.coyote.AbstractProtocol destroy
INFO: Destroying ProtocolHandler ["http-nio-4000"]
[ERROR] Tests run: 16, Failures: 0, Errors: 16, Skipped: 0, Time elapsed: 0.694 s <<< FAILURE! - in org.eclipse.basyx.testsuite.regression.extensions.aas.aggregator.aasxupload.TestAASAggregatorProxyWithAASXProvider
[ERROR] testClientUpload(org.eclipse.basyx.testsuite.regression.extensions.aas.aggregator.aasxupload.TestAASAggregatorProxyWithAASXProvider)  Time elapsed: 0.487 s  <<< ERROR!
java.lang.LinkageError: ClassCastException: attempting to castjar:file:/home/gabsko/.m2/repository/javax/ws/rs/javax.ws.rs-api/2.1.1/javax.ws.rs-api-2.1.1.jar!/javax/ws/rs/client/ClientBuilder.class to jar:file:/home/gabsko/.m2/repository/javax/ws/rs/javax.ws.rs-api/2.1.1/javax.ws.rs-api-2.1.1.jar!/javax/ws/rs/client/ClientBuilder.class
	at org.eclipse.basyx.testsuite.regression.extensions.aas.aggregator.aasxupload.TestAASAggregatorProxyWithAASXProvider.getAggregator(TestAASAggregatorProxyWithAASXProvider.java:67)

[ERROR] testClientUpload(org.eclipse.basyx.testsuite.regression.extensions.aas.aggregator.aasxupload.TestAASAggregatorProxyWithAASXProvider)  Time elapsed: 0.488 s  <<< ERROR!
java.lang.LinkageError: ClassCastException: attempting to castjar:file:/home/gabsko/.m2/repository/javax/ws/rs/javax.ws.rs-api/2.1.1/javax.ws.rs-api-2.1.1.jar!/javax/ws/rs/client/ClientBuilder.class to jar:file:/home/gabsko/.m2/repository/javax/ws/rs/javax.ws.rs-api/2.1.1/javax.ws.rs-api-2.1.1.jar!/javax/ws/rs/client/ClientBuilder.class
	at org.eclipse.basyx.testsuite.regression.extensions.aas.aggregator.aasxupload.TestAASAggregatorProxyWithAASXProvider.getAggregator(TestAASAggregatorProxyWithAASXProvider.java:67)

[ERROR] testFeedThrough(org.eclipse.basyx.testsuite.regression.extensions.aas.aggregator.aasxupload.TestAASAggregatorProxyWithAASXProvider)  Time elapsed: 0.031 s  <<< ERROR!
java.lang.LinkageError: ClassCastException: attempting to castjar:file:/home/gabsko/.m2/repository/javax/ws/rs/javax.ws.rs-api/2.1.1/javax.ws.rs-api-2.1.1.jar!/javax/ws/rs/client/ClientBuilder.class to jar:file:/home/gabsko/.m2/repository/javax/ws/rs/javax.ws.rs-api/2.1.1/javax.ws.rs-api-2.1.1.jar!/javax/ws/rs/client/ClientBuilder.class
	at org.eclipse.basyx.testsuite.regression.extensions.aas.aggregator.aasxupload.TestAASAggregatorProxyWithAASXProvider.getAggregator(TestAASAggregatorProxyWithAASXProvider.java:67)

[ERROR] testFeedThrough(org.eclipse.basyx.testsuite.regression.extensions.aas.aggregator.aasxupload.TestAASAggregatorProxyWithAASXProvider)  Time elapsed: 0.031 s  <<< ERROR!
java.lang.LinkageError: ClassCastException: attempting to castjar:file:/home/gabsko/.m2/repository/javax/ws/rs/javax.ws.rs-api/2.1.1/javax.ws.rs-api-2.1.1.jar!/javax/ws/rs/client/ClientBuilder.class to jar:file:/home/gabsko/.m2/repository/javax/ws/rs/javax.ws.rs-api/2.1.1/javax.ws.rs-api-2.1.1.jar!/javax/ws/rs/client/ClientBuilder.class
	at org.eclipse.basyx.testsuite.regression.extensions.aas.aggregator.aasxupload.TestAASAggregatorProxyWithAASXProvider.getAggregator(TestAASAggregatorProxyWithAASXProvider.java:67)

[ERROR] testGetAASList(org.eclipse.basyx.testsuite.regression.extensions.aas.aggregator.aasxupload.TestAASAggregatorProxyWithAASXProvider)  Time elapsed: 0.034 s  <<< ERROR!
java.lang.LinkageError: ClassCastException: attempting to castjar:file:/home/gabsko/.m2/repository/javax/ws/rs/javax.ws.rs-api/2.1.1/javax.ws.rs-api-2.1.1.jar!/javax/ws/rs/client/ClientBuilder.class to jar:file:/home/gabsko/.m2/repository/javax/ws/rs/javax.ws.rs-api/2.1.1/javax.ws.rs-api-2.1.1.jar!/javax/ws/rs/client/ClientBuilder.class
	at org.eclipse.basyx.testsuite.regression.extensions.aas.aggregator.aasxupload.TestAASAggregatorProxyWithAASXProvider.getAggregator(TestAASAggregatorProxyWithAASXProvider.java:67)

[ERROR] testGetAASList(org.eclipse.basyx.testsuite.regression.extensions.aas.aggregator.aasxupload.TestAASAggregatorProxyWithAASXProvider)  Time elapsed: 0.035 s  <<< ERROR!
java.lang.LinkageError: ClassCastException: attempting to castjar:file:/home/gabsko/.m2/repository/javax/ws/rs/javax.ws.rs-api/2.1.1/javax.ws.rs-api-2.1.1.jar!/javax/ws/rs/client/ClientBuilder.class to jar:file:/home/gabsko/.m2/repository/javax/ws/rs/javax.ws.rs-api/2.1.1/javax.ws.rs-api-2.1.1.jar!/javax/ws/rs/client/ClientBuilder.class
	at org.eclipse.basyx.testsuite.regression.extensions.aas.aggregator.aasxupload.TestAASAggregatorProxyWithAASXProvider.getAggregator(TestAASAggregatorProxyWithAASXProvider.java:67)

[ERROR] deleteNotExistingAAS(org.eclipse.basyx.testsuite.regression.extensions.aas.aggregator.aasxupload.TestAASAggregatorProxyWithAASXProvider)  Time elapsed: 0.025 s  <<< ERROR!
java.lang.LinkageError: ClassCastException: attempting to castjar:file:/home/gabsko/.m2/repository/javax/ws/rs/javax.ws.rs-api/2.1.1/javax.ws.rs-api-2.1.1.jar!/javax/ws/rs/client/ClientBuilder.class to jar:file:/home/gabsko/.m2/repository/javax/ws/rs/javax.ws.rs-api/2.1.1/javax.ws.rs-api-2.1.1.jar!/javax/ws/rs/client/ClientBuilder.class
	at org.eclipse.basyx.testsuite.regression.extensions.aas.aggregator.aasxupload.TestAASAggregatorProxyWithAASXProvider.getAggregator(TestAASAggregatorProxyWithAASXProvider.java:67)

[ERROR] deleteNotExistingAAS(org.eclipse.basyx.testsuite.regression.extensions.aas.aggregator.aasxupload.TestAASAggregatorProxyWithAASXProvider)  Time elapsed: 0.026 s  <<< ERROR!
java.lang.LinkageError: ClassCastException: attempting to castjar:file:/home/gabsko/.m2/repository/javax/ws/rs/javax.ws.rs-api/2.1.1/javax.ws.rs-api-2.1.1.jar!/javax/ws/rs/client/ClientBuilder.class to jar:file:/home/gabsko/.m2/repository/javax/ws/rs/javax.ws.rs-api/2.1.1/javax.ws.rs-api-2.1.1.jar!/javax/ws/rs/client/ClientBuilder.class
	at org.eclipse.basyx.testsuite.regression.extensions.aas.aggregator.aasxupload.TestAASAggregatorProxyWithAASXProvider.getAggregator(TestAASAggregatorProxyWithAASXProvider.java:67)

[ERROR] testCreateAndGetAAS(org.eclipse.basyx.testsuite.regression.extensions.aas.aggregator.aasxupload.TestAASAggregatorProxyWithAASXProvider)  Time elapsed: 0.033 s  <<< ERROR!
java.lang.LinkageError: ClassCastException: attempting to castjar:file:/home/gabsko/.m2/repository/javax/ws/rs/javax.ws.rs-api/2.1.1/javax.ws.rs-api-2.1.1.jar!/javax/ws/rs/client/ClientBuilder.class to jar:file:/home/gabsko/.m2/repository/javax/ws/rs/javax.ws.rs-api/2.1.1/javax.ws.rs-api-2.1.1.jar!/javax/ws/rs/client/ClientBuilder.class
	at org.eclipse.basyx.testsuite.regression.extensions.aas.aggregator.aasxupload.TestAASAggregatorProxyWithAASXProvider.getAggregator(TestAASAggregatorProxyWithAASXProvider.java:67)

[ERROR] testCreateAndGetAAS(org.eclipse.basyx.testsuite.regression.extensions.aas.aggregator.aasxupload.TestAASAggregatorProxyWithAASXProvider)  Time elapsed: 0.034 s  <<< ERROR!
java.lang.LinkageError: ClassCastException: attempting to castjar:file:/home/gabsko/.m2/repository/javax/ws/rs/javax.ws.rs-api/2.1.1/javax.ws.rs-api-2.1.1.jar!/javax/ws/rs/client/ClientBuilder.class to jar:file:/home/gabsko/.m2/repository/javax/ws/rs/javax.ws.rs-api/2.1.1/javax.ws.rs-api-2.1.1.jar!/javax/ws/rs/client/ClientBuilder.class
	at org.eclipse.basyx.testsuite.regression.extensions.aas.aggregator.aasxupload.TestAASAggregatorProxyWithAASXProvider.getAggregator(TestAASAggregatorProxyWithAASXProvider.java:67)

[ERROR] submodelReferencesPresentAfterUpdate(org.eclipse.basyx.testsuite.regression.extensions.aas.aggregator.aasxupload.TestAASAggregatorProxyWithAASXProvider)  Time elapsed: 0.022 s  <<< ERROR!
java.lang.LinkageError: ClassCastException: attempting to castjar:file:/home/gabsko/.m2/repository/javax/ws/rs/javax.ws.rs-api/2.1.1/javax.ws.rs-api-2.1.1.jar!/javax/ws/rs/client/ClientBuilder.class to jar:file:/home/gabsko/.m2/repository/javax/ws/rs/javax.ws.rs-api/2.1.1/javax.ws.rs-api-2.1.1.jar!/javax/ws/rs/client/ClientBuilder.class
	at org.eclipse.basyx.testsuite.regression.extensions.aas.aggregator.aasxupload.TestAASAggregatorProxyWithAASXProvider.getAggregator(TestAASAggregatorProxyWithAASXProvider.java:67)

[ERROR] submodelReferencesPresentAfterUpdate(org.eclipse.basyx.testsuite.regression.extensions.aas.aggregator.aasxupload.TestAASAggregatorProxyWithAASXProvider)  Time elapsed: 0.022 s  <<< ERROR!
java.lang.LinkageError: ClassCastException: attempting to castjar:file:/home/gabsko/.m2/repository/javax/ws/rs/javax.ws.rs-api/2.1.1/javax.ws.rs-api-2.1.1.jar!/javax/ws/rs/client/ClientBuilder.class to jar:file:/home/gabsko/.m2/repository/javax/ws/rs/javax.ws.rs-api/2.1.1/javax.ws.rs-api-2.1.1.jar!/javax/ws/rs/client/ClientBuilder.class
	at org.eclipse.basyx.testsuite.regression.extensions.aas.aggregator.aasxupload.TestAASAggregatorProxyWithAASXProvider.getAggregator(TestAASAggregatorProxyWithAASXProvider.java:67)

[ERROR] testDelete(org.eclipse.basyx.testsuite.regression.extensions.aas.aggregator.aasxupload.TestAASAggregatorProxyWithAASXProvider)  Time elapsed: 0.026 s  <<< ERROR!
java.lang.LinkageError: ClassCastException: attempting to castjar:file:/home/gabsko/.m2/repository/javax/ws/rs/javax.ws.rs-api/2.1.1/javax.ws.rs-api-2.1.1.jar!/javax/ws/rs/client/ClientBuilder.class to jar:file:/home/gabsko/.m2/repository/javax/ws/rs/javax.ws.rs-api/2.1.1/javax.ws.rs-api-2.1.1.jar!/javax/ws/rs/client/ClientBuilder.class
	at org.eclipse.basyx.testsuite.regression.extensions.aas.aggregator.aasxupload.TestAASAggregatorProxyWithAASXProvider.getAggregator(TestAASAggregatorProxyWithAASXProvider.java:67)

[ERROR] testDelete(org.eclipse.basyx.testsuite.regression.extensions.aas.aggregator.aasxupload.TestAASAggregatorProxyWithAASXProvider)  Time elapsed: 0.027 s  <<< ERROR!
java.lang.LinkageError: ClassCastException: attempting to castjar:file:/home/gabsko/.m2/repository/javax/ws/rs/javax.ws.rs-api/2.1.1/javax.ws.rs-api-2.1.1.jar!/javax/ws/rs/client/ClientBuilder.class to jar:file:/home/gabsko/.m2/repository/javax/ws/rs/javax.ws.rs-api/2.1.1/javax.ws.rs-api-2.1.1.jar!/javax/ws/rs/client/ClientBuilder.class
	at org.eclipse.basyx.testsuite.regression.extensions.aas.aggregator.aasxupload.TestAASAggregatorProxyWithAASXProvider.getAggregator(TestAASAggregatorProxyWithAASXProvider.java:67)

[ERROR] testUpdate(org.eclipse.basyx.testsuite.regression.extensions.aas.aggregator.aasxupload.TestAASAggregatorProxyWithAASXProvider)  Time elapsed: 0.028 s  <<< ERROR!
java.lang.LinkageError: ClassCastException: attempting to castjar:file:/home/gabsko/.m2/repository/javax/ws/rs/javax.ws.rs-api/2.1.1/javax.ws.rs-api-2.1.1.jar!/javax/ws/rs/client/ClientBuilder.class to jar:file:/home/gabsko/.m2/repository/javax/ws/rs/javax.ws.rs-api/2.1.1/javax.ws.rs-api-2.1.1.jar!/javax/ws/rs/client/ClientBuilder.class
	at org.eclipse.basyx.testsuite.regression.extensions.aas.aggregator.aasxupload.TestAASAggregatorProxyWithAASXProvider.getAggregator(TestAASAggregatorProxyWithAASXProvider.java:67)

[ERROR] testUpdate(org.eclipse.basyx.testsuite.regression.extensions.aas.aggregator.aasxupload.TestAASAggregatorProxyWithAASXProvider)  Time elapsed: 0.029 s  <<< ERROR!
java.lang.LinkageError: ClassCastException: attempting to castjar:file:/home/gabsko/.m2/repository/javax/ws/rs/javax.ws.rs-api/2.1.1/javax.ws.rs-api-2.1.1.jar!/javax/ws/rs/client/ClientBuilder.class to jar:file:/home/gabsko/.m2/repository/javax/ws/rs/javax.ws.rs-api/2.1.1/javax.ws.rs-api-2.1.1.jar!/javax/ws/rs/client/ClientBuilder.class
	at org.eclipse.basyx.testsuite.regression.extensions.aas.aggregator.aasxupload.TestAASAggregatorProxyWithAASXProvider.getAggregator(TestAASAggregatorProxyWithAASXProvider.java:67)

[INFO] Running org.eclipse.basyx.testsuite.regression.extensions.aas.aggregator.mqtt.TestFullMqttAASAggregator
[INFO] Tests run: 2, Failures: 0, Errors: 0, Skipped: 0, Time elapsed: 11.11 s - in org.eclipse.basyx.testsuite.regression.extensions.aas.aggregator.mqtt.TestFullMqttAASAggregator
[INFO] Running org.eclipse.basyx.testsuite.regression.extensions.aas.aggregator.mqtt.TestMqttAASAggregatorPayloadParser
[INFO] Tests run: 3, Failures: 0, Errors: 0, Skipped: 0, Time elapsed: 7.118 s - in org.eclipse.basyx.testsuite.regression.extensions.aas.aggregator.mqtt.TestMqttAASAggregatorPayloadParser
[INFO] Running org.eclipse.basyx.testsuite.regression.extensions.aas.aggregator.mqtt.TestMqttAASAggregatorObserver
[INFO] Tests run: 3, Failures: 0, Errors: 0, Skipped: 0, Time elapsed: 8.083 s - in org.eclipse.basyx.testsuite.regression.extensions.aas.aggregator.mqtt.TestMqttAASAggregatorObserver
[INFO] Running org.eclipse.basyx.testsuite.regression.extensions.aas.aggregator.mqtt.TestMqttAASAggregator
[INFO] Tests run: 3, Failures: 0, Errors: 0, Skipped: 0, Time elapsed: 8.104 s - in org.eclipse.basyx.testsuite.regression.extensions.aas.aggregator.mqtt.TestMqttAASAggregator
[INFO] Running org.eclipse.basyx.testsuite.regression.extensions.aas.aggregator.authorization.TestAuthorizedAASAggregator
[INFO] Tests run: 9, Failures: 0, Errors: 0, Skipped: 0, Time elapsed: 0.021 s - in org.eclipse.basyx.testsuite.regression.extensions.aas.aggregator.authorization.TestAuthorizedAASAggregator
[INFO] Running org.eclipse.basyx.testsuite.regression.extensions.aas.directory.tagged.map.TestMapTaggedDirectory
[INFO] Tests run: 26, Failures: 0, Errors: 0, Skipped: 0, Time elapsed: 0.021 s - in org.eclipse.basyx.testsuite.regression.extensions.aas.directory.tagged.map.TestMapTaggedDirectory
[INFO] Running org.eclipse.basyx.testsuite.regression.extensions.aas.directory.tagged.authorized.TestTaggedDirectoryAuthorization
[INFO] Tests run: 8, Failures: 0, Errors: 0, Skipped: 0, Time elapsed: 0.003 s - in org.eclipse.basyx.testsuite.regression.extensions.aas.directory.tagged.authorized.TestTaggedDirectoryAuthorization
[INFO] Running org.eclipse.basyx.testsuite.regression.extensions.aas.directory.tagged.proxy.TestProxyTaggedDirectory
[INFO] Tests run: 26, Failures: 0, Errors: 0, Skipped: 0, Time elapsed: 0.043 s - in org.eclipse.basyx.testsuite.regression.extensions.aas.directory.tagged.proxy.TestProxyTaggedDirectory
[INFO] Running org.eclipse.basyx.testsuite.regression.extensions.aas.registration.mqtt.TestMqttAASRegistryService
[INFO] Tests run: 4, Failures: 0, Errors: 0, Skipped: 0, Time elapsed: 14.084 s - in org.eclipse.basyx.testsuite.regression.extensions.aas.registration.mqtt.TestMqttAASRegistryService
[INFO] Running org.eclipse.basyx.testsuite.regression.extensions.aas.registration.mqtt.TestMqttAASRegistryServiceObserver
[INFO] Tests run: 4, Failures: 0, Errors: 0, Skipped: 0, Time elapsed: 14.067 s - in org.eclipse.basyx.testsuite.regression.extensions.aas.registration.mqtt.TestMqttAASRegistryServiceObserver
[INFO] Running org.eclipse.basyx.testsuite.regression.extensions.aas.registration.mqtt.TestMqttAASRegistryServicePayloadParser
[INFO] Tests run: 5, Failures: 0, Errors: 0, Skipped: 0, Time elapsed: 11.099 s - in org.eclipse.basyx.testsuite.regression.extensions.aas.registration.mqtt.TestMqttAASRegistryServicePayloadParser
[INFO] Running org.eclipse.basyx.testsuite.regression.extensions.aas.registration.authorization.TestAuthorizedAASRegistry
[INFO] Tests run: 17, Failures: 0, Errors: 0, Skipped: 0, Time elapsed: 0.027 s - in org.eclipse.basyx.testsuite.regression.extensions.aas.registration.authorization.TestAuthorizedAASRegistry
[INFO] Running org.eclipse.basyx.testsuite.regression.extensions.aas.api.mqtt.TestMqttAASAPIEvents
[INFO] Tests run: 2, Failures: 0, Errors: 0, Skipped: 0, Time elapsed: 5.125 s - in org.eclipse.basyx.testsuite.regression.extensions.aas.api.mqtt.TestMqttAASAPIEvents
[INFO] Running org.eclipse.basyx.testsuite.regression.extensions.aas.api.mqtt.TestMqttAASAPIObserver
[INFO] Tests run: 2, Failures: 0, Errors: 0, Skipped: 0, Time elapsed: 5.06 s - in org.eclipse.basyx.testsuite.regression.extensions.aas.api.mqtt.TestMqttAASAPIObserver
[INFO] Running org.eclipse.basyx.testsuite.regression.extensions.aas.api.authorization.TestAuthorizedAASAPI
[INFO] Tests run: 9, Failures: 0, Errors: 0, Skipped: 0, Time elapsed: 0.023 s - in org.eclipse.basyx.testsuite.regression.extensions.aas.api.authorization.TestAuthorizedAASAPI
[INFO] Running org.eclipse.basyx.testsuite.regression.submodel.restapi.SubmodelProviderIntegrationTest
[INFO] Tests run: 4, Failures: 0, Errors: 0, Skipped: 0, Time elapsed: 0.029 s - in org.eclipse.basyx.testsuite.regression.submodel.restapi.SubmodelProviderIntegrationTest
[INFO] Running org.eclipse.basyx.testsuite.regression.submodel.restapi.SubmodelProviderTest
[INFO] Tests run: 27, Failures: 0, Errors: 0, Skipped: 0, Time elapsed: 0.239 s - in org.eclipse.basyx.testsuite.regression.submodel.restapi.SubmodelProviderTest
[INFO] Running org.eclipse.basyx.testsuite.regression.submodel.restapi.TestSubmodelElementCollectionProvider
[INFO] Tests run: 4, Failures: 0, Errors: 0, Skipped: 0, Time elapsed: 0.001 s - in org.eclipse.basyx.testsuite.regression.submodel.restapi.TestSubmodelElementCollectionProvider
[INFO] Running org.eclipse.basyx.testsuite.regression.submodel.restapi.TestPropertyProvider
[INFO] Tests run: 2, Failures: 0, Errors: 0, Skipped: 0, Time elapsed: 0 s - in org.eclipse.basyx.testsuite.regression.submodel.restapi.TestPropertyProvider
[INFO] Running org.eclipse.basyx.testsuite.regression.submodel.restapi.observing.ObservableSubmodelAPITest
[INFO] Tests run: 4, Failures: 0, Errors: 0, Skipped: 0, Time elapsed: 0 s - in org.eclipse.basyx.testsuite.regression.submodel.restapi.observing.ObservableSubmodelAPITest
[INFO] Running org.eclipse.basyx.testsuite.regression.submodel.restapi.OperationProviderTest
Jan 30, 2023 1:09:49 AM org.apache.coyote.AbstractProtocol init
INFO: Initializing ProtocolHandler ["http-nio-4000"]
Jan 30, 2023 1:09:49 AM org.apache.catalina.core.StandardService startInternal
INFO: Starting service [Tomcat]
Jan 30, 2023 1:09:49 AM org.apache.catalina.core.StandardEngine startInternal
INFO: Starting Servlet engine: [Apache Tomcat/9.0.64]
Jan 30, 2023 1:09:49 AM org.apache.coyote.AbstractProtocol start
INFO: Starting ProtocolHandler ["http-nio-4000"]
[ERROR] Tests run: 8, Failures: 0, Errors: 1, Skipped: 0, Time elapsed: 0.029 s <<< FAILURE! - in org.eclipse.basyx.testsuite.regression.submodel.restapi.OperationProviderTest
[ERROR] testInvocationDelegation(org.eclipse.basyx.testsuite.regression.submodel.restapi.OperationProviderTest)  Time elapsed: 0.016 s  <<< ERROR!
java.lang.LinkageError: ClassCastException: attempting to castjar:file:/home/gabsko/.m2/repository/javax/ws/rs/javax.ws.rs-api/2.1.1/javax.ws.rs-api-2.1.1.jar!/javax/ws/rs/client/ClientBuilder.class to jar:file:/home/gabsko/.m2/repository/javax/ws/rs/javax.ws.rs-api/2.1.1/javax.ws.rs-api-2.1.1.jar!/javax/ws/rs/client/ClientBuilder.class
	at org.eclipse.basyx.testsuite.regression.submodel.restapi.OperationProviderTest.testInvocationDelegation(OperationProviderTest.java:272)

[INFO] Running org.eclipse.basyx.testsuite.regression.submodel.aggregator.TestInMemorySubmodelAggregator
[INFO] Tests run: 9, Failures: 0, Errors: 0, Skipped: 0, Time elapsed: 0 s - in org.eclipse.basyx.testsuite.regression.submodel.aggregator.TestInMemorySubmodelAggregator
[INFO] Running org.eclipse.basyx.testsuite.regression.submodel.aggregator.observing.ObservableSubmodelAggregatorTest
[INFO] Tests run: 5, Failures: 0, Errors: 0, Skipped: 0, Time elapsed: 0 s - in org.eclipse.basyx.testsuite.regression.submodel.aggregator.observing.ObservableSubmodelAggregatorTest
[INFO] Running org.eclipse.basyx.testsuite.regression.submodel.factory.xml.converters.submodelelement.operation.TestOperationXMLConverter
[INFO] Tests run: 1, Failures: 0, Errors: 0, Skipped: 0, Time elapsed: 0 s - in org.eclipse.basyx.testsuite.regression.submodel.factory.xml.converters.submodelelement.operation.TestOperationXMLConverter
[INFO] Running org.eclipse.basyx.testsuite.regression.submodel.metamodel.connected.TestConnectedSubmodel
[INFO] Tests run: 13, Failures: 0, Errors: 0, Skipped: 0, Time elapsed: 0.011 s - in org.eclipse.basyx.testsuite.regression.submodel.metamodel.connected.TestConnectedSubmodel
[INFO] Running org.eclipse.basyx.testsuite.regression.submodel.metamodel.connected.TestConnectedProperty
[INFO] Tests run: 5, Failures: 0, Errors: 0, Skipped: 0, Time elapsed: 0 s - in org.eclipse.basyx.testsuite.regression.submodel.metamodel.connected.TestConnectedProperty
[INFO] Running org.eclipse.basyx.testsuite.regression.submodel.metamodel.connected.submodelelement.event.TestConnectedBasicEvent
[INFO] Tests run: 1, Failures: 0, Errors: 0, Skipped: 0, Time elapsed: 0 s - in org.eclipse.basyx.testsuite.regression.submodel.metamodel.connected.submodelelement.event.TestConnectedBasicEvent
[INFO] Running org.eclipse.basyx.testsuite.regression.submodel.metamodel.connected.submodelelement.dataelement.TestConnectedFile
[INFO] Tests run: 4, Failures: 0, Errors: 0, Skipped: 0, Time elapsed: 0 s - in org.eclipse.basyx.testsuite.regression.submodel.metamodel.connected.submodelelement.dataelement.TestConnectedFile
[INFO] Running org.eclipse.basyx.testsuite.regression.submodel.metamodel.connected.submodelelement.dataelement.TestConnectedMultiLanguageProperty
[INFO] Tests run: 3, Failures: 0, Errors: 0, Skipped: 0, Time elapsed: 0 s - in org.eclipse.basyx.testsuite.regression.submodel.metamodel.connected.submodelelement.dataelement.TestConnectedMultiLanguageProperty
[INFO] Running org.eclipse.basyx.testsuite.regression.submodel.metamodel.connected.submodelelement.dataelement.TestConnectedReferenceElement
[INFO] Tests run: 2, Failures: 0, Errors: 0, Skipped: 0, Time elapsed: 0 s - in org.eclipse.basyx.testsuite.regression.submodel.metamodel.connected.submodelelement.dataelement.TestConnectedReferenceElement
[INFO] Running org.eclipse.basyx.testsuite.regression.submodel.metamodel.connected.submodelelement.dataelement.TestConnectedRange
[INFO] Tests run: 6, Failures: 0, Errors: 0, Skipped: 0, Time elapsed: 0 s - in org.eclipse.basyx.testsuite.regression.submodel.metamodel.connected.submodelelement.dataelement.TestConnectedRange
[INFO] Running org.eclipse.basyx.testsuite.regression.submodel.metamodel.connected.submodelelement.dataelement.TestConnectedBlob
[INFO] Tests run: 8, Failures: 0, Errors: 0, Skipped: 0, Time elapsed: 0 s - in org.eclipse.basyx.testsuite.regression.submodel.metamodel.connected.submodelelement.dataelement.TestConnectedBlob
[INFO] Running org.eclipse.basyx.testsuite.regression.submodel.metamodel.connected.submodelelement.relationship.TestConnectedAnnotatedRelationshipElement
[INFO] Tests run: 1, Failures: 0, Errors: 0, Skipped: 0, Time elapsed: 0 s - in org.eclipse.basyx.testsuite.regression.submodel.metamodel.connected.submodelelement.relationship.TestConnectedAnnotatedRelationshipElement
[INFO] Running org.eclipse.basyx.testsuite.regression.submodel.metamodel.connected.submodelelement.relationship.TestConnectedRelationshipElement
[INFO] Tests run: 1, Failures: 0, Errors: 0, Skipped: 0, Time elapsed: 0 s - in org.eclipse.basyx.testsuite.regression.submodel.metamodel.connected.submodelelement.relationship.TestConnectedRelationshipElement
[INFO] Running org.eclipse.basyx.testsuite.regression.submodel.metamodel.connected.submodelelement.operation.TestConnectedOperationParameter
[INFO] Tests run: 2, Failures: 0, Errors: 0, Skipped: 0, Time elapsed: 0 s - in org.eclipse.basyx.testsuite.regression.submodel.metamodel.connected.submodelelement.operation.TestConnectedOperationParameter
[INFO] Running org.eclipse.basyx.testsuite.regression.submodel.metamodel.connected.submodelelement.operation.TestConnectedOperation
[INFO] Tests run: 25, Failures: 0, Errors: 0, Skipped: 0, Time elapsed: 0.514 s - in org.eclipse.basyx.testsuite.regression.submodel.metamodel.connected.submodelelement.operation.TestConnectedOperation
[INFO] Running org.eclipse.basyx.testsuite.regression.submodel.metamodel.connected.submodelelement.operation.TestConnectedOperationInput
[INFO] Tests run: 5, Failures: 0, Errors: 0, Skipped: 0, Time elapsed: 0 s - in org.eclipse.basyx.testsuite.regression.submodel.metamodel.connected.submodelelement.operation.TestConnectedOperationInput
[INFO] Running org.eclipse.basyx.testsuite.regression.submodel.metamodel.connected.submodelelement.TestConnectedSubmodelElementFactory
[INFO] Tests run: 3, Failures: 0, Errors: 0, Skipped: 0, Time elapsed: 0 s - in org.eclipse.basyx.testsuite.regression.submodel.metamodel.connected.submodelelement.TestConnectedSubmodelElementFactory
[INFO] Running org.eclipse.basyx.testsuite.regression.submodel.metamodel.connected.TestConnectedSubmodelElementCollection
[INFO] Tests run: 7, Failures: 0, Errors: 0, Skipped: 0, Time elapsed: 0 s - in org.eclipse.basyx.testsuite.regression.submodel.metamodel.connected.TestConnectedSubmodelElementCollection
[INFO] Running org.eclipse.basyx.testsuite.regression.submodel.metamodel.map.TestSubmodel
[INFO] Tests run: 13, Failures: 0, Errors: 0, Skipped: 0, Time elapsed: 0.002 s - in org.eclipse.basyx.testsuite.regression.submodel.metamodel.map.TestSubmodel
[INFO] Running org.eclipse.basyx.testsuite.regression.submodel.metamodel.map.parts.TestConceptDescription
[INFO] Tests run: 9, Failures: 0, Errors: 0, Skipped: 0, Time elapsed: 0 s - in org.eclipse.basyx.testsuite.regression.submodel.metamodel.map.parts.TestConceptDescription
[INFO] Running org.eclipse.basyx.testsuite.regression.submodel.metamodel.map.submodelelement.dataelement.range.TestRange
[INFO] Tests run: 2, Failures: 0, Errors: 0, Skipped: 0, Time elapsed: 0 s - in org.eclipse.basyx.testsuite.regression.submodel.metamodel.map.submodelelement.dataelement.range.TestRange
[INFO] Running org.eclipse.basyx.testsuite.regression.submodel.metamodel.map.submodelelement.dataelement.TestBlob
[INFO] Tests run: 5, Failures: 0, Errors: 0, Skipped: 0, Time elapsed: 0.001 s - in org.eclipse.basyx.testsuite.regression.submodel.metamodel.map.submodelelement.dataelement.TestBlob
[INFO] Running org.eclipse.basyx.testsuite.regression.submodel.metamodel.map.submodelelement.dataelement.property.TestProperty
[INFO] Tests run: 8, Failures: 0, Errors: 0, Skipped: 0, Time elapsed: 0 s - in org.eclipse.basyx.testsuite.regression.submodel.metamodel.map.submodelelement.dataelement.property.TestProperty
[INFO] Running org.eclipse.basyx.testsuite.regression.submodel.metamodel.map.submodelelement.dataelement.TestFile
[INFO] Tests run: 3, Failures: 0, Errors: 0, Skipped: 0, Time elapsed: 0 s - in org.eclipse.basyx.testsuite.regression.submodel.metamodel.map.submodelelement.dataelement.TestFile
[INFO] Running org.eclipse.basyx.testsuite.regression.submodel.metamodel.map.submodelelement.dataelement.TestReferenceElement
[INFO] Tests run: 2, Failures: 0, Errors: 0, Skipped: 0, Time elapsed: 0.001 s - in org.eclipse.basyx.testsuite.regression.submodel.metamodel.map.submodelelement.dataelement.TestReferenceElement
[INFO] Running org.eclipse.basyx.testsuite.regression.submodel.metamodel.map.submodelelement.TestSubmodelElementCollection
[INFO] Tests run: 16, Failures: 0, Errors: 0, Skipped: 0, Time elapsed: 0 s - in org.eclipse.basyx.testsuite.regression.submodel.metamodel.map.submodelelement.TestSubmodelElementCollection
[INFO] Running org.eclipse.basyx.testsuite.regression.submodel.metamodel.map.submodelelement.TestSubmodelElement
[INFO] Tests run: 10, Failures: 0, Errors: 0, Skipped: 0, Time elapsed: 0.001 s - in org.eclipse.basyx.testsuite.regression.submodel.metamodel.map.submodelelement.TestSubmodelElement
[INFO] Running org.eclipse.basyx.testsuite.regression.submodel.metamodel.map.submodelelement.relationship.TestAnnotatedRelationshipElement
[INFO] Tests run: 5, Failures: 0, Errors: 0, Skipped: 0, Time elapsed: 0.001 s - in org.eclipse.basyx.testsuite.regression.submodel.metamodel.map.submodelelement.relationship.TestAnnotatedRelationshipElement
[INFO] Running org.eclipse.basyx.testsuite.regression.submodel.metamodel.map.submodelelement.relationship.TestRelationshipElement
[INFO] Tests run: 4, Failures: 0, Errors: 0, Skipped: 0, Time elapsed: 0 s - in org.eclipse.basyx.testsuite.regression.submodel.metamodel.map.submodelelement.relationship.TestRelationshipElement
[INFO] Running org.eclipse.basyx.testsuite.regression.submodel.metamodel.map.submodelelement.operation.TestOperationInput
[INFO] Tests run: 5, Failures: 0, Errors: 0, Skipped: 0, Time elapsed: 0 s - in org.eclipse.basyx.testsuite.regression.submodel.metamodel.map.submodelelement.operation.TestOperationInput
[INFO] Running org.eclipse.basyx.testsuite.regression.submodel.metamodel.map.submodelelement.operation.TestOperation
[INFO] Tests run: 29, Failures: 0, Errors: 0, Skipped: 0, Time elapsed: 0.504 s - in org.eclipse.basyx.testsuite.regression.submodel.metamodel.map.submodelelement.operation.TestOperation
[INFO] Running org.eclipse.basyx.testsuite.regression.submodel.metamodel.map.submodelelement.operation.TestOperationParameter
[INFO] Tests run: 2, Failures: 0, Errors: 0, Skipped: 0, Time elapsed: 0 s - in org.eclipse.basyx.testsuite.regression.submodel.metamodel.map.submodelelement.operation.TestOperationParameter
[INFO] Running org.eclipse.basyx.testsuite.regression.submodel.metamodel.map.submodelelement.operation.TestOperationVariable
[INFO] Tests run: 3, Failures: 0, Errors: 0, Skipped: 0, Time elapsed: 0 s - in org.eclipse.basyx.testsuite.regression.submodel.metamodel.map.submodelelement.operation.TestOperationVariable
[INFO] Running org.eclipse.basyx.testsuite.regression.submodel.metamodel.map.reference.TestReference
[INFO] Tests run: 6, Failures: 0, Errors: 0, Skipped: 0, Time elapsed: 0 s - in org.eclipse.basyx.testsuite.regression.submodel.metamodel.map.reference.TestReference
[INFO] Running org.eclipse.basyx.testsuite.regression.submodel.metamodel.map.reference.TestKey
[INFO] Tests run: 8, Failures: 0, Errors: 0, Skipped: 0, Time elapsed: 0 s - in org.eclipse.basyx.testsuite.regression.submodel.metamodel.map.reference.TestKey
[INFO] Running org.eclipse.basyx.testsuite.regression.submodel.metamodel.map.identifier.TestIdentifier
[INFO] Tests run: 3, Failures: 0, Errors: 0, Skipped: 0, Time elapsed: 0 s - in org.eclipse.basyx.testsuite.regression.submodel.metamodel.map.identifier.TestIdentifier
[INFO] Running org.eclipse.basyx.testsuite.regression.submodel.metamodel.map.dataspecification.TestEmbeddedDataSpecification
[INFO] Tests run: 1, Failures: 0, Errors: 0, Skipped: 0, Time elapsed: 0 s - in org.eclipse.basyx.testsuite.regression.submodel.metamodel.map.dataspecification.TestEmbeddedDataSpecification
[INFO] Running org.eclipse.basyx.testsuite.regression.submodel.metamodel.map.dataspecification.TestValueReferencePair
[INFO] Tests run: 3, Failures: 0, Errors: 0, Skipped: 0, Time elapsed: 0 s - in org.eclipse.basyx.testsuite.regression.submodel.metamodel.map.dataspecification.TestValueReferencePair
[INFO] Running org.eclipse.basyx.testsuite.regression.submodel.metamodel.map.dataspecification.TestDataSpecificationIEC61360
[INFO] Tests run: 14, Failures: 0, Errors: 0, Skipped: 0, Time elapsed: 0 s - in org.eclipse.basyx.testsuite.regression.submodel.metamodel.map.dataspecification.TestDataSpecificationIEC61360
[INFO] Running org.eclipse.basyx.testsuite.regression.submodel.metamodel.map.qualifier.TestLangString
[INFO] Tests run: 1, Failures: 0, Errors: 0, Skipped: 0, Time elapsed: 0 s - in org.eclipse.basyx.testsuite.regression.submodel.metamodel.map.qualifier.TestLangString
[INFO] Running org.eclipse.basyx.testsuite.regression.submodel.metamodel.map.qualifier.TestIdentifiable
[INFO] Tests run: 3, Failures: 0, Errors: 0, Skipped: 0, Time elapsed: 0 s - in org.eclipse.basyx.testsuite.regression.submodel.metamodel.map.qualifier.TestIdentifiable
[INFO] Running org.eclipse.basyx.testsuite.regression.submodel.metamodel.map.qualifier.qualifiable.TestQualifiable
[INFO] Tests run: 5, Failures: 0, Errors: 0, Skipped: 0, Time elapsed: 0 s - in org.eclipse.basyx.testsuite.regression.submodel.metamodel.map.qualifier.qualifiable.TestQualifiable
[INFO] Running org.eclipse.basyx.testsuite.regression.submodel.metamodel.map.qualifier.qualifiable.TestQualifier
[INFO] Tests run: 8, Failures: 0, Errors: 0, Skipped: 0, Time elapsed: 0 s - in org.eclipse.basyx.testsuite.regression.submodel.metamodel.map.qualifier.qualifiable.TestQualifier
[INFO] Running org.eclipse.basyx.testsuite.regression.submodel.metamodel.map.qualifier.qualifiable.TestFormula
[INFO] Tests run: 2, Failures: 0, Errors: 0, Skipped: 0, Time elapsed: 0 s - in org.eclipse.basyx.testsuite.regression.submodel.metamodel.map.qualifier.qualifiable.TestFormula
[INFO] Running org.eclipse.basyx.testsuite.regression.submodel.metamodel.map.qualifier.haskind.TestHasKind
[INFO] Tests run: 3, Failures: 0, Errors: 0, Skipped: 0, Time elapsed: 0 s - in org.eclipse.basyx.testsuite.regression.submodel.metamodel.map.qualifier.haskind.TestHasKind
[INFO] Running org.eclipse.basyx.testsuite.regression.submodel.metamodel.map.qualifier.TestAdministrativeInformation
[INFO] Tests run: 7, Failures: 0, Errors: 0, Skipped: 0, Time elapsed: 0 s - in org.eclipse.basyx.testsuite.regression.submodel.metamodel.map.qualifier.TestAdministrativeInformation
[INFO] Running org.eclipse.basyx.testsuite.regression.submodel.metamodel.map.qualifier.TestReferable
[INFO] Tests run: 5, Failures: 0, Errors: 0, Skipped: 0, Time elapsed: 0 s - in org.eclipse.basyx.testsuite.regression.submodel.metamodel.map.qualifier.TestReferable
[INFO] Running org.eclipse.basyx.testsuite.regression.submodel.metamodel.map.qualifier.TestHasSemantics
[INFO] Tests run: 2, Failures: 0, Errors: 0, Skipped: 0, Time elapsed: 0 s - in org.eclipse.basyx.testsuite.regression.submodel.metamodel.map.qualifier.TestHasSemantics
[INFO] Running org.eclipse.basyx.testsuite.regression.submodel.metamodel.map.qualifier.TestHasDataSpecification
[INFO] Tests run: 2, Failures: 0, Errors: 0, Skipped: 0, Time elapsed: 0 s - in org.eclipse.basyx.testsuite.regression.submodel.metamodel.map.qualifier.TestHasDataSpecification
[INFO] Running org.eclipse.basyx.testsuite.regression.submodel.metamodel.map.qualifier.TestLangStrings
[INFO] Tests run: 10, Failures: 0, Errors: 0, Skipped: 0, Time elapsed: 0 s - in org.eclipse.basyx.testsuite.regression.submodel.metamodel.map.qualifier.TestLangStrings
[INFO] Running org.eclipse.basyx.testsuite.regression.submodel.metamodel.map.modeltype.TestModelType
[INFO] Tests run: 1, Failures: 0, Errors: 0, Skipped: 0, Time elapsed: 0 s - in org.eclipse.basyx.testsuite.regression.submodel.metamodel.map.modeltype.TestModelType
[INFO] Running org.eclipse.basyx.testsuite.regression.submodel.metamodel.map.support.TestAASLambdaPropertyHelper
[INFO] Tests run: 1, Failures: 0, Errors: 0, Skipped: 0, Time elapsed: 0 s - in org.eclipse.basyx.testsuite.regression.submodel.metamodel.map.support.TestAASLambdaPropertyHelper
[INFO] Running org.eclipse.basyx.testsuite.regression.submodel.metamodel.api.submodelelement.TestSubmodelElementIdShortBlacklist
[INFO] Tests run: 1, Failures: 0, Errors: 0, Skipped: 0, Time elapsed: 0.001 s - in org.eclipse.basyx.testsuite.regression.submodel.metamodel.api.submodelelement.TestSubmodelElementIdShortBlacklist
[INFO] Running org.eclipse.basyx.testsuite.regression.submodel.metamodel.api.qualifier.TestIdShortValidator
[INFO] Tests run: 1, Failures: 0, Errors: 0, Skipped: 0, Time elapsed: 0.001 s - in org.eclipse.basyx.testsuite.regression.submodel.metamodel.api.qualifier.TestIdShortValidator
[INFO] Running org.eclipse.basyx.testsuite.regression.submodel.metamodel.facade.TestSubmodelElementMapCollectionConverter
[INFO] Tests run: 3, Failures: 0, Errors: 0, Skipped: 0, Time elapsed: 0 s - in org.eclipse.basyx.testsuite.regression.submodel.metamodel.facade.TestSubmodelElementMapCollectionConverter
[INFO] Running org.eclipse.basyx.testsuite.regression.submodel.types.digitalnameplate.TestDigitalNameplateSubmodel
[INFO] Tests run: 8, Failures: 0, Errors: 0, Skipped: 0, Time elapsed: 0 s - in org.eclipse.basyx.testsuite.regression.submodel.types.digitalnameplate.TestDigitalNameplateSubmodel
[INFO] Running org.eclipse.basyx.testsuite.regression.submodel.types.digitalnameplate.submodelelementcollections.address.TestAddress
[INFO] Tests run: 6, Failures: 0, Errors: 0, Skipped: 0, Time elapsed: 0 s - in org.eclipse.basyx.testsuite.regression.submodel.types.digitalnameplate.submodelelementcollections.address.TestAddress
[INFO] Running org.eclipse.basyx.testsuite.regression.submodel.types.digitalnameplate.submodelelementcollections.address.TestFax
[INFO] Tests run: 3, Failures: 0, Errors: 0, Skipped: 0, Time elapsed: 0 s - in org.eclipse.basyx.testsuite.regression.submodel.types.digitalnameplate.submodelelementcollections.address.TestFax
[INFO] Running org.eclipse.basyx.testsuite.regression.submodel.types.digitalnameplate.submodelelementcollections.address.TestEmail
[INFO] Tests run: 3, Failures: 0, Errors: 0, Skipped: 0, Time elapsed: 0.001 s - in org.eclipse.basyx.testsuite.regression.submodel.types.digitalnameplate.submodelelementcollections.address.TestEmail
[INFO] Running org.eclipse.basyx.testsuite.regression.submodel.types.digitalnameplate.submodelelementcollections.address.TestPhone
[INFO] Tests run: 3, Failures: 0, Errors: 0, Skipped: 0, Time elapsed: 0 s - in org.eclipse.basyx.testsuite.regression.submodel.types.digitalnameplate.submodelelementcollections.address.TestPhone
[INFO] Running org.eclipse.basyx.testsuite.regression.submodel.types.digitalnameplate.submodelelementcollections.markings.TestMarkings
[INFO] Tests run: 4, Failures: 0, Errors: 0, Skipped: 0, Time elapsed: 0 s - in org.eclipse.basyx.testsuite.regression.submodel.types.digitalnameplate.submodelelementcollections.markings.TestMarkings
[INFO] Running org.eclipse.basyx.testsuite.regression.submodel.types.digitalnameplate.submodelelementcollections.markings.TestMarking
[INFO] Tests run: 4, Failures: 0, Errors: 0, Skipped: 0, Time elapsed: 0 s - in org.eclipse.basyx.testsuite.regression.submodel.types.digitalnameplate.submodelelementcollections.markings.TestMarking
[INFO] Running org.eclipse.basyx.testsuite.regression.submodel.types.digitalnameplate.submodelelementcollections.assetspecificproperties.TestGuidelineSpecificProperties
[INFO] Tests run: 4, Failures: 0, Errors: 0, Skipped: 0, Time elapsed: 0 s - in org.eclipse.basyx.testsuite.regression.submodel.types.digitalnameplate.submodelelementcollections.assetspecificproperties.TestGuidelineSpecificProperties
[INFO] Running org.eclipse.basyx.testsuite.regression.submodel.types.digitalnameplate.submodelelementcollections.assetspecificproperties.TestAssetSpecificProperties
[INFO] Tests run: 3, Failures: 0, Errors: 0, Skipped: 0, Time elapsed: 0 s - in org.eclipse.basyx.testsuite.regression.submodel.types.digitalnameplate.submodelelementcollections.assetspecificproperties.TestAssetSpecificProperties
[INFO] Running org.eclipse.basyx.testsuite.regression.submodel.types.technicaldata.productclassifications.TestProductClassificationItem
[INFO] Tests run: 4, Failures: 0, Errors: 0, Skipped: 0, Time elapsed: 0.001 s - in org.eclipse.basyx.testsuite.regression.submodel.types.technicaldata.productclassifications.TestProductClassificationItem
[INFO] Running org.eclipse.basyx.testsuite.regression.submodel.types.technicaldata.productclassifications.TestProductClassifications
[INFO] Tests run: 2, Failures: 0, Errors: 0, Skipped: 0, Time elapsed: 0 s - in org.eclipse.basyx.testsuite.regression.submodel.types.technicaldata.productclassifications.TestProductClassifications
[INFO] Running org.eclipse.basyx.testsuite.regression.submodel.types.technicaldata.furtherinformation.TestFurtherInformation
[INFO] Tests run: 3, Failures: 0, Errors: 0, Skipped: 0, Time elapsed: 0 s - in org.eclipse.basyx.testsuite.regression.submodel.types.technicaldata.furtherinformation.TestFurtherInformation
[INFO] Running org.eclipse.basyx.testsuite.regression.submodel.types.technicaldata.generalinformation.TestGeneralInformation
[INFO] Tests run: 6, Failures: 0, Errors: 0, Skipped: 0, Time elapsed: 0 s - in org.eclipse.basyx.testsuite.regression.submodel.types.technicaldata.generalinformation.TestGeneralInformation
[INFO] Running org.eclipse.basyx.testsuite.regression.submodel.types.technicaldata.technicalproperties.TestTechnicalProperties
[INFO] Tests run: 2, Failures: 0, Errors: 0, Skipped: 0, Time elapsed: 0 s - in org.eclipse.basyx.testsuite.regression.submodel.types.technicaldata.technicalproperties.TestTechnicalProperties
[INFO] Running org.eclipse.basyx.testsuite.regression.submodel.types.technicaldata.TestTechnicalDataSubmodel
[INFO] Tests run: 5, Failures: 0, Errors: 0, Skipped: 0, Time elapsed: 0 s - in org.eclipse.basyx.testsuite.regression.submodel.types.technicaldata.TestTechnicalDataSubmodel
[INFO] Running org.eclipse.basyx.testsuite.regression.aas.restapi.MultiSubmodelProviderTest
[INFO] Tests run: 11, Failures: 0, Errors: 0, Skipped: 0, Time elapsed: 0 s - in org.eclipse.basyx.testsuite.regression.aas.restapi.MultiSubmodelProviderTest
[INFO] Running org.eclipse.basyx.testsuite.regression.aas.restapi.MultiSubmodelProviderRemoteInvocationTest
01:09:50.493 [main] ERROR o.e.b.v.p.b.s.BaSyxTCPServer - Exception in BaSyxTCPServer
java.net.BindException: Address already in use
	at java.base/sun.nio.ch.Net.bind0(Native Method)
	at java.base/sun.nio.ch.Net.bind(Net.java:459)
	at java.base/sun.nio.ch.Net.bind(Net.java:448)
	at java.base/sun.nio.ch.ServerSocketChannelImpl.bind(ServerSocketChannelImpl.java:227)
	at java.base/sun.nio.ch.ServerSocketAdaptor.bind(ServerSocketAdaptor.java:80)
	at java.base/sun.nio.ch.ServerSocketAdaptor.bind(ServerSocketAdaptor.java:73)
	at org.eclipse.basyx.vab.protocol.basyx.server.BaSyxTCPServer.<init>(BaSyxTCPServer.java:91)
	at org.eclipse.basyx.testsuite.regression.aas.restapi.MultiSubmodelProviderRemoteInvocationTest.init(MultiSubmodelProviderRemoteInvocationTest.java:119)
	at java.base/jdk.internal.reflect.NativeMethodAccessorImpl.invoke0(Native Method)
	at java.base/jdk.internal.reflect.NativeMethodAccessorImpl.invoke(NativeMethodAccessorImpl.java:62)
	at java.base/jdk.internal.reflect.DelegatingMethodAccessorImpl.invoke(DelegatingMethodAccessorImpl.java:43)
	at java.base/java.lang.reflect.Method.invoke(Method.java:566)
	at org.junit.runners.model.FrameworkMethod$1.runReflectiveCall(FrameworkMethod.java:59)
	at org.junit.internal.runners.model.ReflectiveCallable.run(ReflectiveCallable.java:12)
	at org.junit.runners.model.FrameworkMethod.invokeExplosively(FrameworkMethod.java:56)
	at org.junit.internal.runners.statements.RunBefores.invokeMethod(RunBefores.java:33)
	at org.junit.internal.runners.statements.RunBefores.evaluate(RunBefores.java:24)
	at org.junit.internal.runners.statements.RunAfters.evaluate(RunAfters.java:27)
	at org.junit.runners.ParentRunner$3.evaluate(ParentRunner.java:306)
	at org.junit.runners.BlockJUnit4ClassRunner$1.evaluate(BlockJUnit4ClassRunner.java:100)
	at org.junit.runners.ParentRunner.runLeaf(ParentRunner.java:366)
	at org.junit.runners.BlockJUnit4ClassRunner.runChild(BlockJUnit4ClassRunner.java:103)
	at org.junit.runners.BlockJUnit4ClassRunner.runChild(BlockJUnit4ClassRunner.java:63)
	at org.junit.runners.ParentRunner$4.run(ParentRunner.java:331)
	at org.junit.runners.ParentRunner$1.schedule(ParentRunner.java:79)
	at org.junit.runners.ParentRunner.runChildren(ParentRunner.java:329)
	at org.junit.runners.ParentRunner.access$100(ParentRunner.java:66)
	at org.junit.runners.ParentRunner$2.evaluate(ParentRunner.java:293)
	at org.junit.runners.ParentRunner$3.evaluate(ParentRunner.java:306)
	at org.junit.runners.ParentRunner.run(ParentRunner.java:413)
	at org.apache.maven.surefire.junit4.JUnit4Provider.execute(JUnit4Provider.java:365)
	at org.apache.maven.surefire.junit4.JUnit4Provider.executeWithRerun(JUnit4Provider.java:273)
	at org.apache.maven.surefire.junit4.JUnit4Provider.executeTestSet(JUnit4Provider.java:238)
	at org.apache.maven.surefire.junit4.JUnit4Provider.invoke(JUnit4Provider.java:159)
	at org.apache.maven.surefire.booter.ForkedBooter.invokeProviderInSameClassLoader(ForkedBooter.java:384)
	at org.apache.maven.surefire.booter.ForkedBooter.runSuitesInProcess(ForkedBooter.java:345)
	at org.apache.maven.surefire.booter.ForkedBooter.execute(ForkedBooter.java:126)
	at org.apache.maven.surefire.booter.ForkedBooter.main(ForkedBooter.java:418)
Exception in thread "Thread-89" java.nio.channels.NotYetBoundException
	at java.base/sun.nio.ch.ServerSocketChannelImpl.begin(ServerSocketChannelImpl.java:246)
	at java.base/sun.nio.ch.ServerSocketChannelImpl.accept(ServerSocketChannelImpl.java:283)
	at org.eclipse.basyx.vab.protocol.basyx.server.BaSyxTCPServer.acceptIncomingConnection(BaSyxTCPServer.java:129)
	at org.eclipse.basyx.vab.protocol.basyx.server.BaSyxTCPServer.run(BaSyxTCPServer.java:114)
	at java.base/java.lang.Thread.run(Thread.java:829)
01:09:50.533 [main] ERROR o.e.b.v.p.b.s.BaSyxTCPServer - Exception in BaSyxTCPServer
java.net.BindException: Address already in use
	at java.base/sun.nio.ch.Net.bind0(Native Method)
	at java.base/sun.nio.ch.Net.bind(Net.java:459)
	at java.base/sun.nio.ch.Net.bind(Net.java:448)
	at java.base/sun.nio.ch.ServerSocketChannelImpl.bind(ServerSocketChannelImpl.java:227)
	at java.base/sun.nio.ch.ServerSocketAdaptor.bind(ServerSocketAdaptor.java:80)
	at java.base/sun.nio.ch.ServerSocketAdaptor.bind(ServerSocketAdaptor.java:73)
	at org.eclipse.basyx.vab.protocol.basyx.server.BaSyxTCPServer.<init>(BaSyxTCPServer.java:91)
	at org.eclipse.basyx.testsuite.regression.aas.restapi.MultiSubmodelProviderRemoteInvocationTest.init(MultiSubmodelProviderRemoteInvocationTest.java:119)
	at java.base/jdk.internal.reflect.NativeMethodAccessorImpl.invoke0(Native Method)
	at java.base/jdk.internal.reflect.NativeMethodAccessorImpl.invoke(NativeMethodAccessorImpl.java:62)
	at java.base/jdk.internal.reflect.DelegatingMethodAccessorImpl.invoke(DelegatingMethodAccessorImpl.java:43)
	at java.base/java.lang.reflect.Method.invoke(Method.java:566)
	at org.junit.runners.model.FrameworkMethod$1.runReflectiveCall(FrameworkMethod.java:59)
	at org.junit.internal.runners.model.ReflectiveCallable.run(ReflectiveCallable.java:12)
	at org.junit.runners.model.FrameworkMethod.invokeExplosively(FrameworkMethod.java:56)
	at org.junit.internal.runners.statements.RunBefores.invokeMethod(RunBefores.java:33)
	at org.junit.internal.runners.statements.RunBefores.evaluate(RunBefores.java:24)
	at org.junit.internal.runners.statements.RunAfters.evaluate(RunAfters.java:27)
	at org.junit.runners.ParentRunner$3.evaluate(ParentRunner.java:306)
	at org.junit.runners.BlockJUnit4ClassRunner$1.evaluate(BlockJUnit4ClassRunner.java:100)
	at org.junit.runners.ParentRunner.runLeaf(ParentRunner.java:366)
	at org.junit.runners.BlockJUnit4ClassRunner.runChild(BlockJUnit4ClassRunner.java:103)
	at org.junit.runners.BlockJUnit4ClassRunner.runChild(BlockJUnit4ClassRunner.java:63)
	at org.junit.runners.ParentRunner$4.run(ParentRunner.java:331)
	at org.junit.runners.ParentRunner$1.schedule(ParentRunner.java:79)
	at org.junit.runners.ParentRunner.runChildren(ParentRunner.java:329)
	at org.junit.runners.ParentRunner.access$100(ParentRunner.java:66)
	at org.junit.runners.ParentRunner$2.evaluate(ParentRunner.java:293)
	at org.junit.runners.ParentRunner$3.evaluate(ParentRunner.java:306)
	at org.junit.runners.ParentRunner.run(ParentRunner.java:413)
	at org.apache.maven.surefire.junit4.JUnit4Provider.execute(JUnit4Provider.java:365)
	at org.apache.maven.surefire.junit4.JUnit4Provider.executeWithRerun(JUnit4Provider.java:273)
	at org.apache.maven.surefire.junit4.JUnit4Provider.executeTestSet(JUnit4Provider.java:238)
	at org.apache.maven.surefire.junit4.JUnit4Provider.invoke(JUnit4Provider.java:159)
	at org.apache.maven.surefire.booter.ForkedBooter.invokeProviderInSameClassLoader(ForkedBooter.java:384)
	at org.apache.maven.surefire.booter.ForkedBooter.runSuitesInProcess(ForkedBooter.java:345)
	at org.apache.maven.surefire.booter.ForkedBooter.execute(ForkedBooter.java:126)
	at org.apache.maven.surefire.booter.ForkedBooter.main(ForkedBooter.java:418)
Exception in thread "Thread-92" java.nio.channels.NotYetBoundException
	at java.base/sun.nio.ch.ServerSocketChannelImpl.begin(ServerSocketChannelImpl.java:246)
	at java.base/sun.nio.ch.ServerSocketChannelImpl.accept(ServerSocketChannelImpl.java:283)
	at org.eclipse.basyx.vab.protocol.basyx.server.BaSyxTCPServer.acceptIncomingConnection(BaSyxTCPServer.java:129)
	at org.eclipse.basyx.vab.protocol.basyx.server.BaSyxTCPServer.run(BaSyxTCPServer.java:114)
	at java.base/java.lang.Thread.run(Thread.java:829)
01:09:50.559 [main] ERROR o.e.b.v.p.b.s.BaSyxTCPServer - Exception in BaSyxTCPServer
java.net.BindException: Address already in use
	at java.base/sun.nio.ch.Net.bind0(Native Method)
	at java.base/sun.nio.ch.Net.bind(Net.java:459)
	at java.base/sun.nio.ch.Net.bind(Net.java:448)
	at java.base/sun.nio.ch.ServerSocketChannelImpl.bind(ServerSocketChannelImpl.java:227)
	at java.base/sun.nio.ch.ServerSocketAdaptor.bind(ServerSocketAdaptor.java:80)
	at java.base/sun.nio.ch.ServerSocketAdaptor.bind(ServerSocketAdaptor.java:73)
	at org.eclipse.basyx.vab.protocol.basyx.server.BaSyxTCPServer.<init>(BaSyxTCPServer.java:91)
	at org.eclipse.basyx.testsuite.regression.aas.restapi.MultiSubmodelProviderRemoteInvocationTest.init(MultiSubmodelProviderRemoteInvocationTest.java:119)
	at java.base/jdk.internal.reflect.NativeMethodAccessorImpl.invoke0(Native Method)
	at java.base/jdk.internal.reflect.NativeMethodAccessorImpl.invoke(NativeMethodAccessorImpl.java:62)
	at java.base/jdk.internal.reflect.DelegatingMethodAccessorImpl.invoke(DelegatingMethodAccessorImpl.java:43)
	at java.base/java.lang.reflect.Method.invoke(Method.java:566)
	at org.junit.runners.model.FrameworkMethod$1.runReflectiveCall(FrameworkMethod.java:59)
	at org.junit.internal.runners.model.ReflectiveCallable.run(ReflectiveCallable.java:12)
	at org.junit.runners.model.FrameworkMethod.invokeExplosively(FrameworkMethod.java:56)
	at org.junit.internal.runners.statements.RunBefores.invokeMethod(RunBefores.java:33)
	at org.junit.internal.runners.statements.RunBefores.evaluate(RunBefores.java:24)
	at org.junit.internal.runners.statements.RunAfters.evaluate(RunAfters.java:27)
	at org.junit.runners.ParentRunner$3.evaluate(ParentRunner.java:306)
	at org.junit.runners.BlockJUnit4ClassRunner$1.evaluate(BlockJUnit4ClassRunner.java:100)
	at org.junit.runners.ParentRunner.runLeaf(ParentRunner.java:366)
	at org.junit.runners.BlockJUnit4ClassRunner.runChild(BlockJUnit4ClassRunner.java:103)
	at org.junit.runners.BlockJUnit4ClassRunner.runChild(BlockJUnit4ClassRunner.java:63)
	at org.junit.runners.ParentRunner$4.run(ParentRunner.java:331)
	at org.junit.runners.ParentRunner$1.schedule(ParentRunner.java:79)
	at org.junit.runners.ParentRunner.runChildren(ParentRunner.java:329)
	at org.junit.runners.ParentRunner.access$100(ParentRunner.java:66)
	at org.junit.runners.ParentRunner$2.evaluate(ParentRunner.java:293)
	at org.junit.runners.ParentRunner$3.evaluate(ParentRunner.java:306)
	at org.junit.runners.ParentRunner.run(ParentRunner.java:413)
	at org.apache.maven.surefire.junit4.JUnit4Provider.execute(JUnit4Provider.java:365)
	at org.apache.maven.surefire.junit4.JUnit4Provider.executeWithRerun(JUnit4Provider.java:273)
	at org.apache.maven.surefire.junit4.JUnit4Provider.executeTestSet(JUnit4Provider.java:238)
	at org.apache.maven.surefire.junit4.JUnit4Provider.invoke(JUnit4Provider.java:159)
	at org.apache.maven.surefire.booter.ForkedBooter.invokeProviderInSameClassLoader(ForkedBooter.java:384)
	at org.apache.maven.surefire.booter.ForkedBooter.runSuitesInProcess(ForkedBooter.java:345)
	at org.apache.maven.surefire.booter.ForkedBooter.execute(ForkedBooter.java:126)
	at org.apache.maven.surefire.booter.ForkedBooter.main(ForkedBooter.java:418)
Exception in thread "Thread-95" java.nio.channels.NotYetBoundException
	at java.base/sun.nio.ch.ServerSocketChannelImpl.begin(ServerSocketChannelImpl.java:246)
	at java.base/sun.nio.ch.ServerSocketChannelImpl.accept(ServerSocketChannelImpl.java:283)
	at org.eclipse.basyx.vab.protocol.basyx.server.BaSyxTCPServer.acceptIncomingConnection(BaSyxTCPServer.java:129)
	at org.eclipse.basyx.vab.protocol.basyx.server.BaSyxTCPServer.run(BaSyxTCPServer.java:114)
	at java.base/java.lang.Thread.run(Thread.java:829)
01:09:50.564 [main] ERROR o.e.b.v.p.b.s.BaSyxTCPServer - Exception in BaSyxTCPServer
java.net.BindException: Address already in use
	at java.base/sun.nio.ch.Net.bind0(Native Method)
	at java.base/sun.nio.ch.Net.bind(Net.java:459)
	at java.base/sun.nio.ch.Net.bind(Net.java:448)
	at java.base/sun.nio.ch.ServerSocketChannelImpl.bind(ServerSocketChannelImpl.java:227)
	at java.base/sun.nio.ch.ServerSocketAdaptor.bind(ServerSocketAdaptor.java:80)
	at java.base/sun.nio.ch.ServerSocketAdaptor.bind(ServerSocketAdaptor.java:73)
	at org.eclipse.basyx.vab.protocol.basyx.server.BaSyxTCPServer.<init>(BaSyxTCPServer.java:91)
	at org.eclipse.basyx.testsuite.regression.aas.restapi.MultiSubmodelProviderRemoteInvocationTest.init(MultiSubmodelProviderRemoteInvocationTest.java:119)
	at java.base/jdk.internal.reflect.NativeMethodAccessorImpl.invoke0(Native Method)
	at java.base/jdk.internal.reflect.NativeMethodAccessorImpl.invoke(NativeMethodAccessorImpl.java:62)
	at java.base/jdk.internal.reflect.DelegatingMethodAccessorImpl.invoke(DelegatingMethodAccessorImpl.java:43)
	at java.base/java.lang.reflect.Method.invoke(Method.java:566)
	at org.junit.runners.model.FrameworkMethod$1.runReflectiveCall(FrameworkMethod.java:59)
	at org.junit.internal.runners.model.ReflectiveCallable.run(ReflectiveCallable.java:12)
	at org.junit.runners.model.FrameworkMethod.invokeExplosively(FrameworkMethod.java:56)
	at org.junit.internal.runners.statements.RunBefores.invokeMethod(RunBefores.java:33)
	at org.junit.internal.runners.statements.RunBefores.evaluate(RunBefores.java:24)
	at org.junit.internal.runners.statements.RunAfters.evaluate(RunAfters.java:27)
	at org.junit.runners.ParentRunner$3.evaluate(ParentRunner.java:306)
	at org.junit.runners.BlockJUnit4ClassRunner$1.evaluate(BlockJUnit4ClassRunner.java:100)
	at org.junit.runners.ParentRunner.runLeaf(ParentRunner.java:366)
	at org.junit.runners.BlockJUnit4ClassRunner.runChild(BlockJUnit4ClassRunner.java:103)
	at org.junit.runners.BlockJUnit4ClassRunner.runChild(BlockJUnit4ClassRunner.java:63)
	at org.junit.runners.ParentRunner$4.run(ParentRunner.java:331)
	at org.junit.runners.ParentRunner$1.schedule(ParentRunner.java:79)
	at org.junit.runners.ParentRunner.runChildren(ParentRunner.java:329)
	at org.junit.runners.ParentRunner.access$100(ParentRunner.java:66)
	at org.junit.runners.ParentRunner$2.evaluate(ParentRunner.java:293)
	at org.junit.runners.ParentRunner$3.evaluate(ParentRunner.java:306)
	at org.junit.runners.ParentRunner.run(ParentRunner.java:413)
	at org.apache.maven.surefire.junit4.JUnit4Provider.execute(JUnit4Provider.java:365)
	at org.apache.maven.surefire.junit4.JUnit4Provider.executeWithRerun(JUnit4Provider.java:273)
	at org.apache.maven.surefire.junit4.JUnit4Provider.executeTestSet(JUnit4Provider.java:238)
	at org.apache.maven.surefire.junit4.JUnit4Provider.invoke(JUnit4Provider.java:159)
	at org.apache.maven.surefire.booter.ForkedBooter.invokeProviderInSameClassLoader(ForkedBooter.java:384)
	at org.apache.maven.surefire.booter.ForkedBooter.runSuitesInProcess(ForkedBooter.java:345)
	at org.apache.maven.surefire.booter.ForkedBooter.execute(ForkedBooter.java:126)
	at org.apache.maven.surefire.booter.ForkedBooter.main(ForkedBooter.java:418)
Exception in thread "Thread-99" java.nio.channels.NotYetBoundException
	at java.base/sun.nio.ch.ServerSocketChannelImpl.begin(ServerSocketChannelImpl.java:246)
	at java.base/sun.nio.ch.ServerSocketChannelImpl.accept(ServerSocketChannelImpl.java:283)
	at org.eclipse.basyx.vab.protocol.basyx.server.BaSyxTCPServer.acceptIncomingConnection(BaSyxTCPServer.java:129)
	at org.eclipse.basyx.vab.protocol.basyx.server.BaSyxTCPServer.run(BaSyxTCPServer.java:114)
	at java.base/java.lang.Thread.run(Thread.java:829)
01:09:50.566 [main] ERROR o.e.b.v.p.b.s.BaSyxTCPServer - Exception in BaSyxTCPServer
java.net.BindException: Address already in use
	at java.base/sun.nio.ch.Net.bind0(Native Method)
	at java.base/sun.nio.ch.Net.bind(Net.java:459)
	at java.base/sun.nio.ch.Net.bind(Net.java:448)
	at java.base/sun.nio.ch.ServerSocketChannelImpl.bind(ServerSocketChannelImpl.java:227)
	at java.base/sun.nio.ch.ServerSocketAdaptor.bind(ServerSocketAdaptor.java:80)
	at java.base/sun.nio.ch.ServerSocketAdaptor.bind(ServerSocketAdaptor.java:73)
	at org.eclipse.basyx.vab.protocol.basyx.server.BaSyxTCPServer.<init>(BaSyxTCPServer.java:91)
	at org.eclipse.basyx.testsuite.regression.aas.restapi.MultiSubmodelProviderRemoteInvocationTest.init(MultiSubmodelProviderRemoteInvocationTest.java:119)
	at java.base/jdk.internal.reflect.NativeMethodAccessorImpl.invoke0(Native Method)
	at java.base/jdk.internal.reflect.NativeMethodAccessorImpl.invoke(NativeMethodAccessorImpl.java:62)
	at java.base/jdk.internal.reflect.DelegatingMethodAccessorImpl.invoke(DelegatingMethodAccessorImpl.java:43)
	at java.base/java.lang.reflect.Method.invoke(Method.java:566)
	at org.junit.runners.model.FrameworkMethod$1.runReflectiveCall(FrameworkMethod.java:59)
	at org.junit.internal.runners.model.ReflectiveCallable.run(ReflectiveCallable.java:12)
	at org.junit.runners.model.FrameworkMethod.invokeExplosively(FrameworkMethod.java:56)
	at org.junit.internal.runners.statements.RunBefores.invokeMethod(RunBefores.java:33)
	at org.junit.internal.runners.statements.RunBefores.evaluate(RunBefores.java:24)
	at org.junit.internal.runners.statements.RunAfters.evaluate(RunAfters.java:27)
	at org.junit.runners.ParentRunner$3.evaluate(ParentRunner.java:306)
	at org.junit.runners.BlockJUnit4ClassRunner$1.evaluate(BlockJUnit4ClassRunner.java:100)
	at org.junit.runners.ParentRunner.runLeaf(ParentRunner.java:366)
	at org.junit.runners.BlockJUnit4ClassRunner.runChild(BlockJUnit4ClassRunner.java:103)
	at org.junit.runners.BlockJUnit4ClassRunner.runChild(BlockJUnit4ClassRunner.java:63)
	at org.junit.runners.ParentRunner$4.run(ParentRunner.java:331)
	at org.junit.runners.ParentRunner$1.schedule(ParentRunner.java:79)
	at org.junit.runners.ParentRunner.runChildren(ParentRunner.java:329)
	at org.junit.runners.ParentRunner.access$100(ParentRunner.java:66)
	at org.junit.runners.ParentRunner$2.evaluate(ParentRunner.java:293)
	at org.junit.runners.ParentRunner$3.evaluate(ParentRunner.java:306)
	at org.junit.runners.ParentRunner.run(ParentRunner.java:413)
	at org.apache.maven.surefire.junit4.JUnit4Provider.execute(JUnit4Provider.java:365)
	at org.apache.maven.surefire.junit4.JUnit4Provider.executeWithRerun(JUnit4Provider.java:273)
	at org.apache.maven.surefire.junit4.JUnit4Provider.executeTestSet(JUnit4Provider.java:238)
	at org.apache.maven.surefire.junit4.JUnit4Provider.invoke(JUnit4Provider.java:159)
	at org.apache.maven.surefire.booter.ForkedBooter.invokeProviderInSameClassLoader(ForkedBooter.java:384)
	at org.apache.maven.surefire.booter.ForkedBooter.runSuitesInProcess(ForkedBooter.java:345)
	at org.apache.maven.surefire.booter.ForkedBooter.execute(ForkedBooter.java:126)
	at org.apache.maven.surefire.booter.ForkedBooter.main(ForkedBooter.java:418)
Exception in thread "Thread-101" java.nio.channels.NotYetBoundException
	at java.base/sun.nio.ch.ServerSocketChannelImpl.begin(ServerSocketChannelImpl.java:246)
	at java.base/sun.nio.ch.ServerSocketChannelImpl.accept(ServerSocketChannelImpl.java:283)
	at org.eclipse.basyx.vab.protocol.basyx.server.BaSyxTCPServer.acceptIncomingConnection(BaSyxTCPServer.java:129)
	at org.eclipse.basyx.vab.protocol.basyx.server.BaSyxTCPServer.run(BaSyxTCPServer.java:114)
	at java.base/java.lang.Thread.run(Thread.java:829)
01:09:50.571 [main] ERROR o.e.b.v.p.b.s.BaSyxTCPServer - Exception in BaSyxTCPServer
java.net.BindException: Address already in use
	at java.base/sun.nio.ch.Net.bind0(Native Method)
	at java.base/sun.nio.ch.Net.bind(Net.java:459)
	at java.base/sun.nio.ch.Net.bind(Net.java:448)
	at java.base/sun.nio.ch.ServerSocketChannelImpl.bind(ServerSocketChannelImpl.java:227)
	at java.base/sun.nio.ch.ServerSocketAdaptor.bind(ServerSocketAdaptor.java:80)
	at java.base/sun.nio.ch.ServerSocketAdaptor.bind(ServerSocketAdaptor.java:73)
	at org.eclipse.basyx.vab.protocol.basyx.server.BaSyxTCPServer.<init>(BaSyxTCPServer.java:91)
	at org.eclipse.basyx.testsuite.regression.aas.restapi.MultiSubmodelProviderRemoteInvocationTest.init(MultiSubmodelProviderRemoteInvocationTest.java:119)
	at java.base/jdk.internal.reflect.NativeMethodAccessorImpl.invoke0(Native Method)
	at java.base/jdk.internal.reflect.NativeMethodAccessorImpl.invoke(NativeMethodAccessorImpl.java:62)
	at java.base/jdk.internal.reflect.DelegatingMethodAccessorImpl.invoke(DelegatingMethodAccessorImpl.java:43)
	at java.base/java.lang.reflect.Method.invoke(Method.java:566)
	at org.junit.runners.model.FrameworkMethod$1.runReflectiveCall(FrameworkMethod.java:59)
	at org.junit.internal.runners.model.ReflectiveCallable.run(ReflectiveCallable.java:12)
	at org.junit.runners.model.FrameworkMethod.invokeExplosively(FrameworkMethod.java:56)
	at org.junit.internal.runners.statements.RunBefores.invokeMethod(RunBefores.java:33)
	at org.junit.internal.runners.statements.RunBefores.evaluate(RunBefores.java:24)
	at org.junit.internal.runners.statements.RunAfters.evaluate(RunAfters.java:27)
	at org.junit.runners.ParentRunner$3.evaluate(ParentRunner.java:306)
	at org.junit.runners.BlockJUnit4ClassRunner$1.evaluate(BlockJUnit4ClassRunner.java:100)
	at org.junit.runners.ParentRunner.runLeaf(ParentRunner.java:366)
	at org.junit.runners.BlockJUnit4ClassRunner.runChild(BlockJUnit4ClassRunner.java:103)
	at org.junit.runners.BlockJUnit4ClassRunner.runChild(BlockJUnit4ClassRunner.java:63)
	at org.junit.runners.ParentRunner$4.run(ParentRunner.java:331)
	at org.junit.runners.ParentRunner$1.schedule(ParentRunner.java:79)
	at org.junit.runners.ParentRunner.runChildren(ParentRunner.java:329)
	at org.junit.runners.ParentRunner.access$100(ParentRunner.java:66)
	at org.junit.runners.ParentRunner$2.evaluate(ParentRunner.java:293)
	at org.junit.runners.ParentRunner$3.evaluate(ParentRunner.java:306)
	at org.junit.runners.ParentRunner.run(ParentRunner.java:413)
	at org.apache.maven.surefire.junit4.JUnit4Provider.execute(JUnit4Provider.java:365)
	at org.apache.maven.surefire.junit4.JUnit4Provider.executeWithRerun(JUnit4Provider.java:273)
	at org.apache.maven.surefire.junit4.JUnit4Provider.executeTestSet(JUnit4Provider.java:238)
	at org.apache.maven.surefire.junit4.JUnit4Provider.invoke(JUnit4Provider.java:159)
	at org.apache.maven.surefire.booter.ForkedBooter.invokeProviderInSameClassLoader(ForkedBooter.java:384)
	at org.apache.maven.surefire.booter.ForkedBooter.runSuitesInProcess(ForkedBooter.java:345)
	at org.apache.maven.surefire.booter.ForkedBooter.execute(ForkedBooter.java:126)
	at org.apache.maven.surefire.booter.ForkedBooter.main(ForkedBooter.java:418)
Exception in thread "Thread-105" java.nio.channels.NotYetBoundException
	at java.base/sun.nio.ch.ServerSocketChannelImpl.begin(ServerSocketChannelImpl.java:246)
	at java.base/sun.nio.ch.ServerSocketChannelImpl.accept(ServerSocketChannelImpl.java:283)
	at org.eclipse.basyx.vab.protocol.basyx.server.BaSyxTCPServer.acceptIncomingConnection(BaSyxTCPServer.java:129)
	at org.eclipse.basyx.vab.protocol.basyx.server.BaSyxTCPServer.run(BaSyxTCPServer.java:114)
	at java.base/java.lang.Thread.run(Thread.java:829)
01:09:50.574 [main] ERROR o.e.b.v.p.b.s.BaSyxTCPServer - Exception in BaSyxTCPServer
java.net.BindException: Address already in use
	at java.base/sun.nio.ch.Net.bind0(Native Method)
	at java.base/sun.nio.ch.Net.bind(Net.java:459)
	at java.base/sun.nio.ch.Net.bind(Net.java:448)
	at java.base/sun.nio.ch.ServerSocketChannelImpl.bind(ServerSocketChannelImpl.java:227)
	at java.base/sun.nio.ch.ServerSocketAdaptor.bind(ServerSocketAdaptor.java:80)
	at java.base/sun.nio.ch.ServerSocketAdaptor.bind(ServerSocketAdaptor.java:73)
	at org.eclipse.basyx.vab.protocol.basyx.server.BaSyxTCPServer.<init>(BaSyxTCPServer.java:91)
	at org.eclipse.basyx.testsuite.regression.aas.restapi.MultiSubmodelProviderRemoteInvocationTest.init(MultiSubmodelProviderRemoteInvocationTest.java:119)
	at java.base/jdk.internal.reflect.NativeMethodAccessorImpl.invoke0(Native Method)
	at java.base/jdk.internal.reflect.NativeMethodAccessorImpl.invoke(NativeMethodAccessorImpl.java:62)
	at java.base/jdk.internal.reflect.DelegatingMethodAccessorImpl.invoke(DelegatingMethodAccessorImpl.java:43)
	at java.base/java.lang.reflect.Method.invoke(Method.java:566)
	at org.junit.runners.model.FrameworkMethod$1.runReflectiveCall(FrameworkMethod.java:59)
	at org.junit.internal.runners.model.ReflectiveCallable.run(ReflectiveCallable.java:12)
	at org.junit.runners.model.FrameworkMethod.invokeExplosively(FrameworkMethod.java:56)
	at org.junit.internal.runners.statements.RunBefores.invokeMethod(RunBefores.java:33)
	at org.junit.internal.runners.statements.RunBefores.evaluate(RunBefores.java:24)
	at org.junit.internal.runners.statements.RunAfters.evaluate(RunAfters.java:27)
	at org.junit.runners.ParentRunner$3.evaluate(ParentRunner.java:306)
	at org.junit.runners.BlockJUnit4ClassRunner$1.evaluate(BlockJUnit4ClassRunner.java:100)
	at org.junit.runners.ParentRunner.runLeaf(ParentRunner.java:366)
	at org.junit.runners.BlockJUnit4ClassRunner.runChild(BlockJUnit4ClassRunner.java:103)
	at org.junit.runners.BlockJUnit4ClassRunner.runChild(BlockJUnit4ClassRunner.java:63)
	at org.junit.runners.ParentRunner$4.run(ParentRunner.java:331)
	at org.junit.runners.ParentRunner$1.schedule(ParentRunner.java:79)
	at org.junit.runners.ParentRunner.runChildren(ParentRunner.java:329)
	at org.junit.runners.ParentRunner.access$100(ParentRunner.java:66)
	at org.junit.runners.ParentRunner$2.evaluate(ParentRunner.java:293)
	at org.junit.runners.ParentRunner$3.evaluate(ParentRunner.java:306)
	at org.junit.runners.ParentRunner.run(ParentRunner.java:413)
	at org.apache.maven.surefire.junit4.JUnit4Provider.execute(JUnit4Provider.java:365)
	at org.apache.maven.surefire.junit4.JUnit4Provider.executeWithRerun(JUnit4Provider.java:273)
	at org.apache.maven.surefire.junit4.JUnit4Provider.executeTestSet(JUnit4Provider.java:238)
	at org.apache.maven.surefire.junit4.JUnit4Provider.invoke(JUnit4Provider.java:159)
	at org.apache.maven.surefire.booter.ForkedBooter.invokeProviderInSameClassLoader(ForkedBooter.java:384)
	at org.apache.maven.surefire.booter.ForkedBooter.runSuitesInProcess(ForkedBooter.java:345)
	at org.apache.maven.surefire.booter.ForkedBooter.execute(ForkedBooter.java:126)
	at org.apache.maven.surefire.booter.ForkedBooter.main(ForkedBooter.java:418)
Exception in thread "Thread-108" java.nio.channels.NotYetBoundException
	at java.base/sun.nio.ch.ServerSocketChannelImpl.begin(ServerSocketChannelImpl.java:246)
	at java.base/sun.nio.ch.ServerSocketChannelImpl.accept(ServerSocketChannelImpl.java:283)
	at org.eclipse.basyx.vab.protocol.basyx.server.BaSyxTCPServer.acceptIncomingConnection(BaSyxTCPServer.java:129)
	at org.eclipse.basyx.vab.protocol.basyx.server.BaSyxTCPServer.run(BaSyxTCPServer.java:114)
	at java.base/java.lang.Thread.run(Thread.java:829)
[INFO] Tests run: 7, Failures: 0, Errors: 0, Skipped: 0, Time elapsed: 0.058 s - in org.eclipse.basyx.testsuite.regression.aas.restapi.MultiSubmodelProviderRemoteInvocationTest
[INFO] Running org.eclipse.basyx.testsuite.regression.aas.aggregator.TestAASAggregatorProxy
[INFO] Tests run: 7, Failures: 0, Errors: 0, Skipped: 0, Time elapsed: 0.004 s - in org.eclipse.basyx.testsuite.regression.aas.aggregator.TestAASAggregatorProxy
[INFO] Running org.eclipse.basyx.testsuite.regression.aas.aggregator.observing.ObservableAASAggregatorTest
[INFO] Tests run: 4, Failures: 0, Errors: 0, Skipped: 0, Time elapsed: 0.001 s - in org.eclipse.basyx.testsuite.regression.aas.aggregator.observing.ObservableAASAggregatorTest
[INFO] Running org.eclipse.basyx.testsuite.regression.aas.aggregator.TestAASAggregator
[INFO] Tests run: 6, Failures: 0, Errors: 0, Skipped: 0, Time elapsed: 0 s - in org.eclipse.basyx.testsuite.regression.aas.aggregator.TestAASAggregator
[INFO] Running org.eclipse.basyx.testsuite.regression.aas.bundle.TestAASBundleFactory
[INFO] Tests run: 1, Failures: 0, Errors: 0, Skipped: 0, Time elapsed: 0 s - in org.eclipse.basyx.testsuite.regression.aas.bundle.TestAASBundleFactory
[INFO] Running org.eclipse.basyx.testsuite.regression.aas.bundle.TestAASBundleDescriptorFactory
[INFO] Tests run: 1, Failures: 0, Errors: 0, Skipped: 0, Time elapsed: 0 s - in org.eclipse.basyx.testsuite.regression.aas.bundle.TestAASBundleDescriptorFactory
[INFO] Running org.eclipse.basyx.testsuite.regression.aas.bundle.TestAASBundleHelper
[INFO] Tests run: 5, Failures: 0, Errors: 0, Skipped: 0, Time elapsed: 0.002 s - in org.eclipse.basyx.testsuite.regression.aas.bundle.TestAASBundleHelper
[INFO] Running org.eclipse.basyx.testsuite.regression.aas.factory.json.TestJSONConverter
[INFO] Tests run: 5, Failures: 0, Errors: 0, Skipped: 0, Time elapsed: 0.01 s - in org.eclipse.basyx.testsuite.regression.aas.factory.json.TestJSONConverter
[INFO] Running org.eclipse.basyx.testsuite.regression.aas.factory.xml.TestAASXPackageExplorerCompatibility
[INFO] Tests run: 1, Failures: 0, Errors: 0, Skipped: 0, Time elapsed: 0 s - in org.eclipse.basyx.testsuite.regression.aas.factory.xml.TestAASXPackageExplorerCompatibility
[INFO] Running org.eclipse.basyx.testsuite.regression.aas.factory.xml.TestXMLConverter
[INFO] Tests run: 6, Failures: 0, Errors: 0, Skipped: 0, Time elapsed: 0.084 s - in org.eclipse.basyx.testsuite.regression.aas.factory.xml.TestXMLConverter
[INFO] Running org.eclipse.basyx.testsuite.regression.aas.factory.aasx.TestMetamodelToAASXConverter
[INFO] Tests run: 5, Failures: 0, Errors: 0, Skipped: 0, Time elapsed: 0.091 s - in org.eclipse.basyx.testsuite.regression.aas.factory.aasx.TestMetamodelToAASXConverter
[INFO] Running org.eclipse.basyx.testsuite.regression.aas.factory.aasx.AASXPackageExplorerConformantHelperTest
[INFO] Tests run: 2, Failures: 0, Errors: 0, Skipped: 0, Time elapsed: 0.001 s - in org.eclipse.basyx.testsuite.regression.aas.factory.aasx.AASXPackageExplorerConformantHelperTest
[INFO] Running org.eclipse.basyx.testsuite.regression.aas.factory.aasx.TestSubmodelFileEndpointerLoader
[INFO] Tests run: 3, Failures: 0, Errors: 0, Skipped: 0, Time elapsed: 0.007 s - in org.eclipse.basyx.testsuite.regression.aas.factory.aasx.TestSubmodelFileEndpointerLoader
[INFO] Running org.eclipse.basyx.testsuite.regression.aas.factory.aasx.TestAASXToMetamodelConverterFromBaSyx
[INFO] Tests run: 5, Failures: 0, Errors: 0, Skipped: 0, Time elapsed: 0.072 s - in org.eclipse.basyx.testsuite.regression.aas.factory.aasx.TestAASXToMetamodelConverterFromBaSyx
[INFO] Running org.eclipse.basyx.testsuite.regression.aas.factory.aasx.TestAASXToMetamodelConverterFromFile
[INFO] Tests run: 6, Failures: 0, Errors: 0, Skipped: 0, Time elapsed: 0.099 s - in org.eclipse.basyx.testsuite.regression.aas.factory.aasx.TestAASXToMetamodelConverterFromFile
[INFO] Running org.eclipse.basyx.testsuite.regression.aas.registration.restapi.TestDirectoryModelProviderServlet
[ERROR] Tests run: 13, Failures: 0, Errors: 13, Skipped: 0, Time elapsed: 0.007 s <<< FAILURE! - in org.eclipse.basyx.testsuite.regression.aas.registration.restapi.TestDirectoryModelProviderServlet
[ERROR] testSubmodelCalls(org.eclipse.basyx.testsuite.regression.aas.registration.restapi.TestDirectoryModelProviderServlet)  Time elapsed: 0.001 s  <<< ERROR!
java.lang.LinkageError: ClassCastException: attempting to castjar:file:/home/gabsko/.m2/repository/javax/ws/rs/javax.ws.rs-api/2.1.1/javax.ws.rs-api-2.1.1.jar!/javax/ws/rs/client/ClientBuilder.class to jar:file:/home/gabsko/.m2/repository/javax/ws/rs/javax.ws.rs-api/2.1.1/javax.ws.rs-api-2.1.1.jar!/javax/ws/rs/client/ClientBuilder.class
	at org.eclipse.basyx.testsuite.regression.aas.registration.restapi.TestDirectoryModelProviderServlet.getRegistryService(TestDirectoryModelProviderServlet.java:50)
	at org.eclipse.basyx.testsuite.regression.aas.registration.restapi.TestDirectoryModelProviderServlet.<init>(TestDirectoryModelProviderServlet.java:40)

[ERROR] testOverwritingAASDescriptor(org.eclipse.basyx.testsuite.regression.aas.registration.restapi.TestDirectoryModelProviderServlet)  Time elapsed: 0 s  <<< ERROR!
java.lang.LinkageError: ClassCastException: attempting to castjar:file:/home/gabsko/.m2/repository/javax/ws/rs/javax.ws.rs-api/2.1.1/javax.ws.rs-api-2.1.1.jar!/javax/ws/rs/client/ClientBuilder.class to jar:file:/home/gabsko/.m2/repository/javax/ws/rs/javax.ws.rs-api/2.1.1/javax.ws.rs-api-2.1.1.jar!/javax/ws/rs/client/ClientBuilder.class
	at org.eclipse.basyx.testsuite.regression.aas.registration.restapi.TestDirectoryModelProviderServlet.getRegistryService(TestDirectoryModelProviderServlet.java:50)
	at org.eclipse.basyx.testsuite.regression.aas.registration.restapi.TestDirectoryModelProviderServlet.<init>(TestDirectoryModelProviderServlet.java:40)

[ERROR] testDeleteWithAssetExtension(org.eclipse.basyx.testsuite.regression.aas.registration.restapi.TestDirectoryModelProviderServlet)  Time elapsed: 0.001 s  <<< ERROR!
java.lang.LinkageError: ClassCastException: attempting to castjar:file:/home/gabsko/.m2/repository/javax/ws/rs/javax.ws.rs-api/2.1.1/javax.ws.rs-api-2.1.1.jar!/javax/ws/rs/client/ClientBuilder.class to jar:file:/home/gabsko/.m2/repository/javax/ws/rs/javax.ws.rs-api/2.1.1/javax.ws.rs-api-2.1.1.jar!/javax/ws/rs/client/ClientBuilder.class
	at org.eclipse.basyx.testsuite.regression.aas.registration.restapi.TestDirectoryModelProviderServlet.getRegistryService(TestDirectoryModelProviderServlet.java:50)
	at org.eclipse.basyx.testsuite.regression.aas.registration.restapi.TestDirectoryModelProviderServlet.<init>(TestDirectoryModelProviderServlet.java:40)

[ERROR] testRetrieveSpecificSubmodelDescriptor(org.eclipse.basyx.testsuite.regression.aas.registration.restapi.TestDirectoryModelProviderServlet)  Time elapsed: 0 s  <<< ERROR!
java.lang.LinkageError: ClassCastException: attempting to castjar:file:/home/gabsko/.m2/repository/javax/ws/rs/javax.ws.rs-api/2.1.1/javax.ws.rs-api-2.1.1.jar!/javax/ws/rs/client/ClientBuilder.class to jar:file:/home/gabsko/.m2/repository/javax/ws/rs/javax.ws.rs-api/2.1.1/javax.ws.rs-api-2.1.1.jar!/javax/ws/rs/client/ClientBuilder.class
	at org.eclipse.basyx.testsuite.regression.aas.registration.restapi.TestDirectoryModelProviderServlet.getRegistryService(TestDirectoryModelProviderServlet.java:50)
	at org.eclipse.basyx.testsuite.regression.aas.registration.restapi.TestDirectoryModelProviderServlet.<init>(TestDirectoryModelProviderServlet.java:40)

[ERROR] testGetSingleAAS(org.eclipse.basyx.testsuite.regression.aas.registration.restapi.TestDirectoryModelProviderServlet)  Time elapsed: 0 s  <<< ERROR!
java.lang.LinkageError: ClassCastException: attempting to castjar:file:/home/gabsko/.m2/repository/javax/ws/rs/javax.ws.rs-api/2.1.1/javax.ws.rs-api-2.1.1.jar!/javax/ws/rs/client/ClientBuilder.class to jar:file:/home/gabsko/.m2/repository/javax/ws/rs/javax.ws.rs-api/2.1.1/javax.ws.rs-api-2.1.1.jar!/javax/ws/rs/client/ClientBuilder.class
	at org.eclipse.basyx.testsuite.regression.aas.registration.restapi.TestDirectoryModelProviderServlet.getRegistryService(TestDirectoryModelProviderServlet.java:50)
	at org.eclipse.basyx.testsuite.regression.aas.registration.restapi.TestDirectoryModelProviderServlet.<init>(TestDirectoryModelProviderServlet.java:40)

[ERROR] testRegisterSubmodelToNotExistingAAS(org.eclipse.basyx.testsuite.regression.aas.registration.restapi.TestDirectoryModelProviderServlet)  Time elapsed: 0 s  <<< ERROR!
java.lang.LinkageError: ClassCastException: attempting to castjar:file:/home/gabsko/.m2/repository/javax/ws/rs/javax.ws.rs-api/2.1.1/javax.ws.rs-api-2.1.1.jar!/javax/ws/rs/client/ClientBuilder.class to jar:file:/home/gabsko/.m2/repository/javax/ws/rs/javax.ws.rs-api/2.1.1/javax.ws.rs-api-2.1.1.jar!/javax/ws/rs/client/ClientBuilder.class
	at org.eclipse.basyx.testsuite.regression.aas.registration.restapi.TestDirectoryModelProviderServlet.getRegistryService(TestDirectoryModelProviderServlet.java:50)
	at org.eclipse.basyx.testsuite.regression.aas.registration.restapi.TestDirectoryModelProviderServlet.<init>(TestDirectoryModelProviderServlet.java:40)

[ERROR] testDeleteByAssetIdCall(org.eclipse.basyx.testsuite.regression.aas.registration.restapi.TestDirectoryModelProviderServlet)  Time elapsed: 0.001 s  <<< ERROR!
java.lang.LinkageError: ClassCastException: attempting to castjar:file:/home/gabsko/.m2/repository/javax/ws/rs/javax.ws.rs-api/2.1.1/javax.ws.rs-api-2.1.1.jar!/javax/ws/rs/client/ClientBuilder.class to jar:file:/home/gabsko/.m2/repository/javax/ws/rs/javax.ws.rs-api/2.1.1/javax.ws.rs-api-2.1.1.jar!/javax/ws/rs/client/ClientBuilder.class
	at org.eclipse.basyx.testsuite.regression.aas.registration.restapi.TestDirectoryModelProviderServlet.getRegistryService(TestDirectoryModelProviderServlet.java:50)
	at org.eclipse.basyx.testsuite.regression.aas.registration.restapi.TestDirectoryModelProviderServlet.<init>(TestDirectoryModelProviderServlet.java:40)

[ERROR] testDeleteNotExistingSubmodel(org.eclipse.basyx.testsuite.regression.aas.registration.restapi.TestDirectoryModelProviderServlet)  Time elapsed: 0.001 s  <<< ERROR!
java.lang.LinkageError: ClassCastException: attempting to castjar:file:/home/gabsko/.m2/repository/javax/ws/rs/javax.ws.rs-api/2.1.1/javax.ws.rs-api-2.1.1.jar!/javax/ws/rs/client/ClientBuilder.class to jar:file:/home/gabsko/.m2/repository/javax/ws/rs/javax.ws.rs-api/2.1.1/javax.ws.rs-api-2.1.1.jar!/javax/ws/rs/client/ClientBuilder.class
	at org.eclipse.basyx.testsuite.regression.aas.registration.restapi.TestDirectoryModelProviderServlet.getRegistryService(TestDirectoryModelProviderServlet.java:50)
	at org.eclipse.basyx.testsuite.regression.aas.registration.restapi.TestDirectoryModelProviderServlet.<init>(TestDirectoryModelProviderServlet.java:40)

[ERROR] testDeleteNotExistingAAS(org.eclipse.basyx.testsuite.regression.aas.registration.restapi.TestDirectoryModelProviderServlet)  Time elapsed: 0 s  <<< ERROR!
java.lang.LinkageError: ClassCastException: attempting to castjar:file:/home/gabsko/.m2/repository/javax/ws/rs/javax.ws.rs-api/2.1.1/javax.ws.rs-api-2.1.1.jar!/javax/ws/rs/client/ClientBuilder.class to jar:file:/home/gabsko/.m2/repository/javax/ws/rs/javax.ws.rs-api/2.1.1/javax.ws.rs-api-2.1.1.jar!/javax/ws/rs/client/ClientBuilder.class
	at org.eclipse.basyx.testsuite.regression.aas.registration.restapi.TestDirectoryModelProviderServlet.getRegistryService(TestDirectoryModelProviderServlet.java:50)
	at org.eclipse.basyx.testsuite.regression.aas.registration.restapi.TestDirectoryModelProviderServlet.<init>(TestDirectoryModelProviderServlet.java:40)

[ERROR] testDeleteCall(org.eclipse.basyx.testsuite.regression.aas.registration.restapi.TestDirectoryModelProviderServlet)  Time elapsed: 0 s  <<< ERROR!
java.lang.LinkageError: ClassCastException: attempting to castjar:file:/home/gabsko/.m2/repository/javax/ws/rs/javax.ws.rs-api/2.1.1/javax.ws.rs-api-2.1.1.jar!/javax/ws/rs/client/ClientBuilder.class to jar:file:/home/gabsko/.m2/repository/javax/ws/rs/javax.ws.rs-api/2.1.1/javax.ws.rs-api-2.1.1.jar!/javax/ws/rs/client/ClientBuilder.class
	at org.eclipse.basyx.testsuite.regression.aas.registration.restapi.TestDirectoryModelProviderServlet.getRegistryService(TestDirectoryModelProviderServlet.java:50)
	at org.eclipse.basyx.testsuite.regression.aas.registration.restapi.TestDirectoryModelProviderServlet.<init>(TestDirectoryModelProviderServlet.java:40)

[ERROR] testRetrieveSubmodelDescriptors(org.eclipse.basyx.testsuite.regression.aas.registration.restapi.TestDirectoryModelProviderServlet)  Time elapsed: 0 s  <<< ERROR!
java.lang.LinkageError: ClassCastException: attempting to castjar:file:/home/gabsko/.m2/repository/javax/ws/rs/javax.ws.rs-api/2.1.1/javax.ws.rs-api-2.1.1.jar!/javax/ws/rs/client/ClientBuilder.class to jar:file:/home/gabsko/.m2/repository/javax/ws/rs/javax.ws.rs-api/2.1.1/javax.ws.rs-api-2.1.1.jar!/javax/ws/rs/client/ClientBuilder.class
	at org.eclipse.basyx.testsuite.regression.aas.registration.restapi.TestDirectoryModelProviderServlet.getRegistryService(TestDirectoryModelProviderServlet.java:50)
	at org.eclipse.basyx.testsuite.regression.aas.registration.restapi.TestDirectoryModelProviderServlet.<init>(TestDirectoryModelProviderServlet.java:40)

[ERROR] testDeleteNotExistingSubmodelFromNotExistingAAS(org.eclipse.basyx.testsuite.regression.aas.registration.restapi.TestDirectoryModelProviderServlet)  Time elapsed: 0 s  <<< ERROR!
java.lang.LinkageError: ClassCastException: attempting to castjar:file:/home/gabsko/.m2/repository/javax/ws/rs/javax.ws.rs-api/2.1.1/javax.ws.rs-api-2.1.1.jar!/javax/ws/rs/client/ClientBuilder.class to jar:file:/home/gabsko/.m2/repository/javax/ws/rs/javax.ws.rs-api/2.1.1/javax.ws.rs-api-2.1.1.jar!/javax/ws/rs/client/ClientBuilder.class
	at org.eclipse.basyx.testsuite.regression.aas.registration.restapi.TestDirectoryModelProviderServlet.getRegistryService(TestDirectoryModelProviderServlet.java:50)
	at org.eclipse.basyx.testsuite.regression.aas.registration.restapi.TestDirectoryModelProviderServlet.<init>(TestDirectoryModelProviderServlet.java:40)

[ERROR] testGetMultiAAS(org.eclipse.basyx.testsuite.regression.aas.registration.restapi.TestDirectoryModelProviderServlet)  Time elapsed: 0.001 s  <<< ERROR!
java.lang.LinkageError: ClassCastException: attempting to castjar:file:/home/gabsko/.m2/repository/javax/ws/rs/javax.ws.rs-api/2.1.1/javax.ws.rs-api-2.1.1.jar!/javax/ws/rs/client/ClientBuilder.class to jar:file:/home/gabsko/.m2/repository/javax/ws/rs/javax.ws.rs-api/2.1.1/javax.ws.rs-api-2.1.1.jar!/javax/ws/rs/client/ClientBuilder.class
	at org.eclipse.basyx.testsuite.regression.aas.registration.restapi.TestDirectoryModelProviderServlet.getRegistryService(TestDirectoryModelProviderServlet.java:50)
	at org.eclipse.basyx.testsuite.regression.aas.registration.restapi.TestDirectoryModelProviderServlet.<init>(TestDirectoryModelProviderServlet.java:40)

[INFO] Running org.eclipse.basyx.testsuite.regression.aas.registration.restapi.TestDirectoryModelProvider
[INFO] Tests run: 13, Failures: 0, Errors: 0, Skipped: 0, Time elapsed: 0.002 s - in org.eclipse.basyx.testsuite.regression.aas.registration.restapi.TestDirectoryModelProvider
[INFO] Running org.eclipse.basyx.testsuite.regression.aas.registration.observing.ObservableAASRegistryServiceTest
[INFO] Tests run: 5, Failures: 0, Errors: 0, Skipped: 0, Time elapsed: 0 s - in org.eclipse.basyx.testsuite.regression.aas.registration.observing.ObservableAASRegistryServiceTest
[INFO] Running org.eclipse.basyx.testsuite.regression.aas.registration.memory.TestMapRegistry
[INFO] Tests run: 13, Failures: 0, Errors: 0, Skipped: 0, Time elapsed: 0.001 s - in org.eclipse.basyx.testsuite.regression.aas.registration.memory.TestMapRegistry
[INFO] Running org.eclipse.basyx.testsuite.regression.aas.metamodel.connected.TestConnectedAssetAdministrationShell
[INFO] Tests run: 10, Failures: 0, Errors: 0, Skipped: 0, Time elapsed: 0.003 s - in org.eclipse.basyx.testsuite.regression.aas.metamodel.connected.TestConnectedAssetAdministrationShell
[INFO] Running org.eclipse.basyx.testsuite.regression.aas.metamodel.map.policypoints.TestAccessControlPolicyPoints
[INFO] Tests run: 4, Failures: 0, Errors: 0, Skipped: 0, Time elapsed: 0 s - in org.eclipse.basyx.testsuite.regression.aas.metamodel.map.policypoints.TestAccessControlPolicyPoints
[INFO] Running org.eclipse.basyx.testsuite.regression.aas.metamodel.map.parts.TestView
[INFO] Tests run: 9, Failures: 0, Errors: 0, Skipped: 0, Time elapsed: 0 s - in org.eclipse.basyx.testsuite.regression.aas.metamodel.map.parts.TestView
[INFO] Running org.eclipse.basyx.testsuite.regression.aas.metamodel.map.parts.TestConceptDictionary
[INFO] Tests run: 8, Failures: 0, Errors: 0, Skipped: 0, Time elapsed: 0 s - in org.eclipse.basyx.testsuite.regression.aas.metamodel.map.parts.TestConceptDictionary
[INFO] Running org.eclipse.basyx.testsuite.regression.aas.metamodel.map.parts.TestAsset
[INFO] Tests run: 12, Failures: 0, Errors: 0, Skipped: 0, Time elapsed: 0 s - in org.eclipse.basyx.testsuite.regression.aas.metamodel.map.parts.TestAsset
[INFO] Running org.eclipse.basyx.testsuite.regression.aas.metamodel.map.TestAssetAdministrationShell
[INFO] Tests run: 12, Failures: 0, Errors: 0, Skipped: 0, Time elapsed: 0.001 s - in org.eclipse.basyx.testsuite.regression.aas.metamodel.map.TestAssetAdministrationShell
[INFO] Running org.eclipse.basyx.testsuite.regression.aas.metamodel.map.descriptor.TestAASDescriptor
[INFO] Tests run: 15, Failures: 0, Errors: 0, Skipped: 0, Time elapsed: 0 s - in org.eclipse.basyx.testsuite.regression.aas.metamodel.map.descriptor.TestAASDescriptor
[INFO] Running org.eclipse.basyx.testsuite.regression.aas.metamodel.map.descriptor.TestSubmodelDescriptor
[INFO] Tests run: 4, Failures: 0, Errors: 0, Skipped: 0, Time elapsed: 0 s - in org.eclipse.basyx.testsuite.regression.aas.metamodel.map.descriptor.TestSubmodelDescriptor
[INFO] Running org.eclipse.basyx.testsuite.regression.aas.metamodel.map.descriptor.TestModelUrn
[INFO] Tests run: 4, Failures: 0, Errors: 0, Skipped: 0, Time elapsed: 0.01 s - in org.eclipse.basyx.testsuite.regression.aas.metamodel.map.descriptor.TestModelUrn
[INFO] Running org.eclipse.basyx.testsuite.regression.aas.metamodel.map.security.TestSecurity
[INFO] Tests run: 2, Failures: 0, Errors: 0, Skipped: 0, Time elapsed: 0 s - in org.eclipse.basyx.testsuite.regression.aas.metamodel.map.security.TestSecurity
[INFO] Running org.eclipse.basyx.testsuite.regression.aas.metamodel.map.TestAasEnv
[INFO] Tests run: 7, Failures: 0, Errors: 0, Skipped: 0, Time elapsed: 0 s - in org.eclipse.basyx.testsuite.regression.aas.metamodel.map.TestAasEnv
[INFO] Running org.eclipse.basyx.testsuite.regression.aas.manager.TestConnectedAssetAdministrationShellManager
[INFO] Tests run: 10, Failures: 0, Errors: 0, Skipped: 0, Time elapsed: 0.019 s - in org.eclipse.basyx.testsuite.regression.aas.manager.TestConnectedAssetAdministrationShellManager
[INFO] Running org.eclipse.basyx.testsuite.regression.vab.model.VABModelMapTest
[INFO] Tests run: 5, Failures: 0, Errors: 0, Skipped: 0, Time elapsed: 0 s - in org.eclipse.basyx.testsuite.regression.vab.model.VABModelMapTest
[INFO] Running org.eclipse.basyx.testsuite.regression.vab.gateway.TestGateway
Jan 30, 2023 1:09:51 AM org.apache.coyote.AbstractProtocol init
INFO: Initializing ProtocolHandler ["http-nio-5123"]
Jan 30, 2023 1:09:51 AM org.apache.catalina.core.StandardService startInternal
INFO: Starting service [Tomcat]
Jan 30, 2023 1:09:51 AM org.apache.catalina.core.StandardEngine startInternal
INFO: Starting Servlet engine: [Apache Tomcat/9.0.64]
Jan 30, 2023 1:09:51 AM org.apache.coyote.AbstractProtocol start
INFO: Starting ProtocolHandler ["http-nio-5123"]
Jan 30, 2023 1:09:51 AM org.apache.coyote.AbstractProtocol pause
INFO: Pausing ProtocolHandler ["http-nio-5123"]
Jan 30, 2023 1:09:51 AM org.apache.catalina.core.StandardService stopInternal
INFO: Stopping service [Tomcat]
Jan 30, 2023 1:09:51 AM org.apache.coyote.AbstractProtocol stop
INFO: Stopping ProtocolHandler ["http-nio-5123"]
Jan 30, 2023 1:09:51 AM org.apache.coyote.AbstractProtocol destroy
INFO: Destroying ProtocolHandler ["http-nio-5123"]
[ERROR] Tests run: 1, Failures: 0, Errors: 1, Skipped: 0, Time elapsed: 0.03 s <<< FAILURE! - in org.eclipse.basyx.testsuite.regression.vab.gateway.TestGateway
[ERROR] test(org.eclipse.basyx.testsuite.regression.vab.gateway.TestGateway)  Time elapsed: 0.03 s  <<< ERROR!
java.lang.LinkageError: ClassCastException: attempting to castjar:file:/home/gabsko/.m2/repository/javax/ws/rs/javax.ws.rs-api/2.1.1/javax.ws.rs-api-2.1.1.jar!/javax/ws/rs/client/ClientBuilder.class to jar:file:/home/gabsko/.m2/repository/javax/ws/rs/javax.ws.rs-api/2.1.1/javax.ws.rs-api-2.1.1.jar!/javax/ws/rs/client/ClientBuilder.class
	at org.eclipse.basyx.testsuite.regression.vab.gateway.TestGateway.test(TestGateway.java:127)

[INFO] Running org.eclipse.basyx.testsuite.regression.vab.gateway.TestDelegatingModelProvider
[INFO] Tests run: 1, Failures: 0, Errors: 0, Skipped: 0, Time elapsed: 0 s - in org.eclipse.basyx.testsuite.regression.vab.gateway.TestDelegatingModelProvider
[INFO] Running org.eclipse.basyx.testsuite.regression.vab.gateway.TestConnectorProviderMapper
[INFO] Tests run: 1, Failures: 0, Errors: 0, Skipped: 0, Time elapsed: 0 s - in org.eclipse.basyx.testsuite.regression.vab.gateway.TestConnectorProviderMapper
[INFO] Running org.eclipse.basyx.testsuite.regression.vab.directory.restapi.TestDirectoryProvider
[INFO] Tests run: 2, Failures: 0, Errors: 0, Skipped: 0, Time elapsed: 0 s - in org.eclipse.basyx.testsuite.regression.vab.directory.restapi.TestDirectoryProvider
[INFO] Running org.eclipse.basyx.testsuite.regression.vab.directory.memory.TestInMemoryDirectory
[INFO] Tests run: 4, Failures: 0, Errors: 0, Skipped: 0, Time elapsed: 0.001 s - in org.eclipse.basyx.testsuite.regression.vab.directory.memory.TestInMemoryDirectory
[INFO] Running org.eclipse.basyx.testsuite.regression.vab.factory.xml.TestVABXmlProviderFactory
[INFO] Tests run: 1, Failures: 0, Errors: 0, Skipped: 0, Time elapsed: 0 s - in org.eclipse.basyx.testsuite.regression.vab.factory.xml.TestVABXmlProviderFactory
[INFO] Running org.eclipse.basyx.testsuite.regression.vab.factory.xml.TestXmlParser
[INFO] Tests run: 5, Failures: 0, Errors: 0, Skipped: 0, Time elapsed: 0 s - in org.eclipse.basyx.testsuite.regression.vab.factory.xml.TestXmlParser
[INFO] Running org.eclipse.basyx.testsuite.regression.vab.coder.json.TestJSONConnectorProviderIntegration
[INFO] Tests run: 9, Failures: 0, Errors: 0, Skipped: 0, Time elapsed: 0.016 s - in org.eclipse.basyx.testsuite.regression.vab.coder.json.TestJSONConnectorProviderIntegration
[INFO] Running org.eclipse.basyx.testsuite.regression.vab.coder.json.TestJson
[INFO] Tests run: 16, Failures: 0, Errors: 0, Skipped: 0, Time elapsed: 0.012 s - in org.eclipse.basyx.testsuite.regression.vab.coder.json.TestJson
[INFO] Running org.eclipse.basyx.testsuite.regression.vab.modelprovider.map.TestMapProvider
[INFO] Tests run: 9, Failures: 0, Errors: 0, Skipped: 0, Time elapsed: 0 s - in org.eclipse.basyx.testsuite.regression.vab.modelprovider.map.TestMapProvider
[INFO] Running org.eclipse.basyx.testsuite.regression.vab.modelprovider.lambda.TestLambdaProvider
[INFO] Tests run: 9, Failures: 0, Errors: 0, Skipped: 0, Time elapsed: 0.004 s - in org.eclipse.basyx.testsuite.regression.vab.modelprovider.lambda.TestLambdaProvider
[INFO] Running org.eclipse.basyx.testsuite.regression.vab.modelprovider.VABElementProxyTest
[INFO] Tests run: 1, Failures: 0, Errors: 0, Skipped: 0, Time elapsed: 0 s - in org.eclipse.basyx.testsuite.regression.vab.modelprovider.VABElementProxyTest
[INFO] Running org.eclipse.basyx.testsuite.regression.vab.modelprovider.VABPathToolsTest
[INFO] Tests run: 15, Failures: 0, Errors: 0, Skipped: 0, Time elapsed: 0 s - in org.eclipse.basyx.testsuite.regression.vab.modelprovider.VABPathToolsTest
[INFO] Running org.eclipse.basyx.testsuite.regression.vab.modelprovider.filesystem.TestFileSystemProvider
[INFO] Tests run: 9, Failures: 0, Errors: 0, Skipped: 0, Time elapsed: 0.084 s - in org.eclipse.basyx.testsuite.regression.vab.modelprovider.filesystem.TestFileSystemProvider
[INFO] Running org.eclipse.basyx.testsuite.regression.vab.protocol.http.TestHttpCors
Jan 30, 2023 1:09:51 AM org.apache.coyote.AbstractProtocol init
INFO: Initializing ProtocolHandler ["http-nio-4001"]
Jan 30, 2023 1:09:51 AM org.apache.catalina.core.StandardService startInternal
INFO: Starting service [Tomcat]
Jan 30, 2023 1:09:51 AM org.apache.catalina.core.StandardEngine startInternal
INFO: Starting Servlet engine: [Apache Tomcat/9.0.64]
Jan 30, 2023 1:09:51 AM org.apache.coyote.AbstractProtocol start
INFO: Starting ProtocolHandler ["http-nio-4001"]
Jan 30, 2023 1:09:51 AM org.apache.coyote.AbstractProtocol pause
INFO: Pausing ProtocolHandler ["http-nio-4001"]
Jan 30, 2023 1:09:51 AM org.apache.catalina.core.StandardService stopInternal
INFO: Stopping service [Tomcat]
Jan 30, 2023 1:09:51 AM org.apache.coyote.AbstractProtocol stop
INFO: Stopping ProtocolHandler ["http-nio-4001"]
Jan 30, 2023 1:09:51 AM org.apache.coyote.AbstractProtocol destroy
INFO: Destroying ProtocolHandler ["http-nio-4001"]
Jan 30, 2023 1:09:51 AM org.apache.coyote.AbstractProtocol init
INFO: Initializing ProtocolHandler ["http-nio-4001"]
Jan 30, 2023 1:09:51 AM org.apache.catalina.core.StandardService startInternal
INFO: Starting service [Tomcat]
Jan 30, 2023 1:09:51 AM org.apache.catalina.core.StandardEngine startInternal
INFO: Starting Servlet engine: [Apache Tomcat/9.0.64]
Jan 30, 2023 1:09:51 AM org.apache.coyote.AbstractProtocol start
INFO: Starting ProtocolHandler ["http-nio-4001"]
Jan 30, 2023 1:09:51 AM org.apache.coyote.AbstractProtocol pause
INFO: Pausing ProtocolHandler ["http-nio-4001"]
Jan 30, 2023 1:09:51 AM org.apache.catalina.core.StandardService stopInternal
INFO: Stopping service [Tomcat]
Jan 30, 2023 1:09:51 AM org.apache.coyote.AbstractProtocol stop
INFO: Stopping ProtocolHandler ["http-nio-4001"]
Jan 30, 2023 1:09:51 AM org.apache.coyote.AbstractProtocol destroy
INFO: Destroying ProtocolHandler ["http-nio-4001"]
Jan 30, 2023 1:09:51 AM org.apache.coyote.AbstractProtocol init
INFO: Initializing ProtocolHandler ["http-nio-4001"]
Jan 30, 2023 1:09:51 AM org.apache.catalina.core.StandardService startInternal
INFO: Starting service [Tomcat]
Jan 30, 2023 1:09:51 AM org.apache.catalina.core.StandardEngine startInternal
INFO: Starting Servlet engine: [Apache Tomcat/9.0.64]
Jan 30, 2023 1:09:51 AM org.apache.coyote.AbstractProtocol start
INFO: Starting ProtocolHandler ["http-nio-4001"]
Jan 30, 2023 1:09:51 AM org.apache.coyote.AbstractProtocol pause
INFO: Pausing ProtocolHandler ["http-nio-4001"]
Jan 30, 2023 1:09:51 AM org.apache.catalina.core.StandardService stopInternal
INFO: Stopping service [Tomcat]
Jan 30, 2023 1:09:51 AM org.apache.coyote.AbstractProtocol stop
INFO: Stopping ProtocolHandler ["http-nio-4001"]
Jan 30, 2023 1:09:51 AM org.apache.coyote.AbstractProtocol destroy
INFO: Destroying ProtocolHandler ["http-nio-4001"]
Jan 30, 2023 1:09:51 AM org.apache.coyote.AbstractProtocol init
INFO: Initializing ProtocolHandler ["http-nio-4001"]
Jan 30, 2023 1:09:51 AM org.apache.catalina.core.StandardService startInternal
INFO: Starting service [Tomcat]
Jan 30, 2023 1:09:51 AM org.apache.catalina.core.StandardEngine startInternal
INFO: Starting Servlet engine: [Apache Tomcat/9.0.64]
Jan 30, 2023 1:09:51 AM org.apache.coyote.AbstractProtocol start
INFO: Starting ProtocolHandler ["http-nio-4001"]
Jan 30, 2023 1:09:51 AM org.apache.coyote.AbstractProtocol pause
INFO: Pausing ProtocolHandler ["http-nio-4001"]
Jan 30, 2023 1:09:51 AM org.apache.catalina.core.StandardService stopInternal
INFO: Stopping service [Tomcat]
Jan 30, 2023 1:09:51 AM org.apache.coyote.AbstractProtocol stop
INFO: Stopping ProtocolHandler ["http-nio-4001"]
Jan 30, 2023 1:09:51 AM org.apache.coyote.AbstractProtocol destroy
INFO: Destroying ProtocolHandler ["http-nio-4001"]
Jan 30, 2023 1:09:51 AM org.apache.coyote.AbstractProtocol init
INFO: Initializing ProtocolHandler ["http-nio-4001"]
Jan 30, 2023 1:09:51 AM org.apache.catalina.core.StandardService startInternal
INFO: Starting service [Tomcat]
Jan 30, 2023 1:09:51 AM org.apache.catalina.core.StandardEngine startInternal
INFO: Starting Servlet engine: [Apache Tomcat/9.0.64]
Jan 30, 2023 1:09:51 AM org.apache.coyote.AbstractProtocol start
INFO: Starting ProtocolHandler ["http-nio-4001"]
Jan 30, 2023 1:09:51 AM org.apache.coyote.AbstractProtocol pause
INFO: Pausing ProtocolHandler ["http-nio-4001"]
Jan 30, 2023 1:09:51 AM org.apache.catalina.core.StandardService stopInternal
INFO: Stopping service [Tomcat]
Jan 30, 2023 1:09:51 AM org.apache.coyote.AbstractProtocol stop
INFO: Stopping ProtocolHandler ["http-nio-4001"]
Jan 30, 2023 1:09:51 AM org.apache.coyote.AbstractProtocol destroy
INFO: Destroying ProtocolHandler ["http-nio-4001"]
[ERROR] Tests run: 5, Failures: 0, Errors: 5, Skipped: 0, Time elapsed: 0.134 s <<< FAILURE! - in org.eclipse.basyx.testsuite.regression.vab.protocol.http.TestHttpCors
[ERROR] withoutCorsConfiguration(org.eclipse.basyx.testsuite.regression.vab.protocol.http.TestHttpCors)  Time elapsed: 0.038 s  <<< ERROR!
java.lang.LinkageError: ClassCastException: attempting to castjar:file:/home/gabsko/.m2/repository/javax/ws/rs/javax.ws.rs-api/2.1.1/javax.ws.rs-api-2.1.1.jar!/javax/ws/rs/client/ClientBuilder.class to jar:file:/home/gabsko/.m2/repository/javax/ws/rs/javax.ws.rs-api/2.1.1/javax.ws.rs-api-2.1.1.jar!/javax/ws/rs/client/ClientBuilder.class
	at org.eclipse.basyx.testsuite.regression.vab.protocol.http.TestHttpCors.doRequest(TestHttpCors.java:151)
	at org.eclipse.basyx.testsuite.regression.vab.protocol.http.TestHttpCors.getAccessControlAllowOriginResponseHeader(TestHttpCors.java:132)
	at org.eclipse.basyx.testsuite.regression.vab.protocol.http.TestHttpCors.withoutCorsConfiguration(TestHttpCors.java:83)

[ERROR] allowSpecificCorsOrigin(org.eclipse.basyx.testsuite.regression.vab.protocol.http.TestHttpCors)  Time elapsed: 0.025 s  <<< ERROR!
java.lang.LinkageError: ClassCastException: attempting to castjar:file:/home/gabsko/.m2/repository/javax/ws/rs/javax.ws.rs-api/2.1.1/javax.ws.rs-api-2.1.1.jar!/javax/ws/rs/client/ClientBuilder.class to jar:file:/home/gabsko/.m2/repository/javax/ws/rs/javax.ws.rs-api/2.1.1/javax.ws.rs-api-2.1.1.jar!/javax/ws/rs/client/ClientBuilder.class
	at org.eclipse.basyx.testsuite.regression.vab.protocol.http.TestHttpCors.doRequest(TestHttpCors.java:151)
	at org.eclipse.basyx.testsuite.regression.vab.protocol.http.TestHttpCors.getAccessControlAllowOriginResponseHeader(TestHttpCors.java:132)
	at org.eclipse.basyx.testsuite.regression.vab.protocol.http.TestHttpCors.allowSpecificCorsOrigin(TestHttpCors.java:68)

[ERROR] allowSpecificHeaders(org.eclipse.basyx.testsuite.regression.vab.protocol.http.TestHttpCors)  Time elapsed: 0.024 s  <<< ERROR!
java.lang.LinkageError: ClassCastException: attempting to castjar:file:/home/gabsko/.m2/repository/javax/ws/rs/javax.ws.rs-api/2.1.1/javax.ws.rs-api-2.1.1.jar!/javax/ws/rs/client/ClientBuilder.class to jar:file:/home/gabsko/.m2/repository/javax/ws/rs/javax.ws.rs-api/2.1.1/javax.ws.rs-api-2.1.1.jar!/javax/ws/rs/client/ClientBuilder.class
	at org.eclipse.basyx.testsuite.regression.vab.protocol.http.TestHttpCors.doRequest(TestHttpCors.java:151)
	at org.eclipse.basyx.testsuite.regression.vab.protocol.http.TestHttpCors.getAccessControlAllowHeadersResponseHeader(TestHttpCors.java:146)
	at org.eclipse.basyx.testsuite.regression.vab.protocol.http.TestHttpCors.allowSpecificHeaders(TestHttpCors.java:101)

[ERROR] allowSpecificMethods(org.eclipse.basyx.testsuite.regression.vab.protocol.http.TestHttpCors)  Time elapsed: 0.025 s  <<< ERROR!
java.lang.LinkageError: ClassCastException: attempting to castjar:file:/home/gabsko/.m2/repository/javax/ws/rs/javax.ws.rs-api/2.1.1/javax.ws.rs-api-2.1.1.jar!/javax/ws/rs/client/ClientBuilder.class to jar:file:/home/gabsko/.m2/repository/javax/ws/rs/javax.ws.rs-api/2.1.1/javax.ws.rs-api-2.1.1.jar!/javax/ws/rs/client/ClientBuilder.class
	at org.eclipse.basyx.testsuite.regression.vab.protocol.http.TestHttpCors.doRequest(TestHttpCors.java:151)
	at org.eclipse.basyx.testsuite.regression.vab.protocol.http.TestHttpCors.getAccessControlAllowMethodsResponseHeader(TestHttpCors.java:139)
	at org.eclipse.basyx.testsuite.regression.vab.protocol.http.TestHttpCors.allowSpecificMethods(TestHttpCors.java:92)

[ERROR] allowAllOriginInCors(org.eclipse.basyx.testsuite.regression.vab.protocol.http.TestHttpCors)  Time elapsed: 0.022 s  <<< ERROR!
java.lang.LinkageError: ClassCastException: attempting to castjar:file:/home/gabsko/.m2/repository/javax/ws/rs/javax.ws.rs-api/2.1.1/javax.ws.rs-api-2.1.1.jar!/javax/ws/rs/client/ClientBuilder.class to jar:file:/home/gabsko/.m2/repository/javax/ws/rs/javax.ws.rs-api/2.1.1/javax.ws.rs-api-2.1.1.jar!/javax/ws/rs/client/ClientBuilder.class
	at org.eclipse.basyx.testsuite.regression.vab.protocol.http.TestHttpCors.doRequest(TestHttpCors.java:151)
	at org.eclipse.basyx.testsuite.regression.vab.protocol.http.TestHttpCors.getAccessControlAllowOriginResponseHeader(TestHttpCors.java:132)
	at org.eclipse.basyx.testsuite.regression.vab.protocol.http.TestHttpCors.allowAllOriginInCors(TestHttpCors.java:76)

[INFO] Running org.eclipse.basyx.testsuite.regression.vab.protocol.opcua.BrowsePathHelperTest
[INFO] Tests run: 16, Failures: 0, Errors: 0, Skipped: 0, Time elapsed: 0.155 s - in org.eclipse.basyx.testsuite.regression.vab.protocol.opcua.BrowsePathHelperTest
[INFO] Running org.eclipse.basyx.testsuite.regression.vab.support.TestTypeDestroyer
[INFO] Tests run: 1, Failures: 0, Errors: 0, Skipped: 0, Time elapsed: 0 s - in org.eclipse.basyx.testsuite.regression.vab.support.TestTypeDestroyer
[INFO] Running org.eclipse.basyx.testsuite.regression.enumhelper.StandardizedLiteralEnumHelperTests
[INFO] Tests run: 1, Failures: 0, Errors: 0, Skipped: 0, Time elapsed: 0 s - in org.eclipse.basyx.testsuite.regression.enumhelper.StandardizedLiteralEnumHelperTests
[INFO] 
[INFO] Results:
[INFO] 
[ERROR] Errors: 
[ERROR]   TestDirectoryModelProviderServlet.<init>:40->TestRegistryProviderSuite.<init>:60->getRegistryService:50  Linkage
[ERROR]   TestDirectoryModelProviderServlet.<init>:40->TestRegistryProviderSuite.<init>:60->getRegistryService:50  Linkage
[ERROR]   TestDirectoryModelProviderServlet.<init>:40->TestRegistryProviderSuite.<init>:60->getRegistryService:50  Linkage
[ERROR]   TestDirectoryModelProviderServlet.<init>:40->TestRegistryProviderSuite.<init>:60->getRegistryService:50  Linkage
[ERROR]   TestDirectoryModelProviderServlet.<init>:40->TestRegistryProviderSuite.<init>:60->getRegistryService:50  Linkage
[ERROR]   TestDirectoryModelProviderServlet.<init>:40->TestRegistryProviderSuite.<init>:60->getRegistryService:50  Linkage
[ERROR]   TestDirectoryModelProviderServlet.<init>:40->TestRegistryProviderSuite.<init>:60->getRegistryService:50  Linkage
[ERROR]   TestDirectoryModelProviderServlet.<init>:40->TestRegistryProviderSuite.<init>:60->getRegistryService:50  Linkage
[ERROR]   TestDirectoryModelProviderServlet.<init>:40->TestRegistryProviderSuite.<init>:60->getRegistryService:50  Linkage
[ERROR]   TestDirectoryModelProviderServlet.<init>:40->TestRegistryProviderSuite.<init>:60->getRegistryService:50  Linkage
[ERROR]   TestDirectoryModelProviderServlet.<init>:40->TestRegistryProviderSuite.<init>:60->getRegistryService:50  Linkage
[ERROR]   TestDirectoryModelProviderServlet.<init>:40->TestRegistryProviderSuite.<init>:60->getRegistryService:50  Linkage
[ERROR]   TestDirectoryModelProviderServlet.<init>:40->TestRegistryProviderSuite.<init>:60->getRegistryService:50  Linkage
[ERROR] org.eclipse.basyx.testsuite.regression.extensions.aas.aggregator.aasxupload.TestAASAggregatorProxyWithAASXProvider.deleteNotExistingAAS(org.eclipse.basyx.testsuite.regression.extensions.aas.aggregator.aasxupload.TestAASAggregatorProxyWithAASXProvider)
[ERROR]   Run 1: TestAASAggregatorProxyWithAASXProvider>AASAggregatorSuite.clearAASAggregator:90->getAggregator:67  Linkage
[ERROR]   Run 2: TestAASAggregatorProxyWithAASXProvider>AASAggregatorSuite.deleteExistingAAS:224->getAggregator:67  Linkage
[INFO] 
[ERROR] org.eclipse.basyx.testsuite.regression.extensions.aas.aggregator.aasxupload.TestAASAggregatorProxyWithAASXProvider.submodelReferencesPresentAfterUpdate(org.eclipse.basyx.testsuite.regression.extensions.aas.aggregator.aasxupload.TestAASAggregatorProxyWithAASXProvider)
[ERROR]   Run 1: TestAASAggregatorProxyWithAASXProvider>AASAggregatorSuite.clearAASAggregator:90->getAggregator:67  Linkage
[ERROR]   Run 2: TestAASAggregatorProxyWithAASXProvider>AASAggregatorSuite.deleteExistingAAS:224->getAggregator:67  Linkage
[INFO] 
[ERROR] org.eclipse.basyx.testsuite.regression.extensions.aas.aggregator.aasxupload.TestAASAggregatorProxyWithAASXProvider.testClientUpload(org.eclipse.basyx.testsuite.regression.extensions.aas.aggregator.aasxupload.TestAASAggregatorProxyWithAASXProvider)
[ERROR]   Run 1: TestAASAggregatorProxyWithAASXProvider>AASAggregatorSuite.clearAASAggregator:90->getAggregator:67  Linkage
[ERROR]   Run 2: TestAASAggregatorProxyWithAASXProvider>AASAggregatorSuite.deleteExistingAAS:224->getAggregator:67  Linkage
[INFO] 
[ERROR] org.eclipse.basyx.testsuite.regression.extensions.aas.aggregator.aasxupload.TestAASAggregatorProxyWithAASXProvider.testCreateAndGetAAS(org.eclipse.basyx.testsuite.regression.extensions.aas.aggregator.aasxupload.TestAASAggregatorProxyWithAASXProvider)
[ERROR]   Run 1: TestAASAggregatorProxyWithAASXProvider>AASAggregatorSuite.clearAASAggregator:90->getAggregator:67  Linkage
[ERROR]   Run 2: TestAASAggregatorProxyWithAASXProvider>AASAggregatorSuite.deleteExistingAAS:224->getAggregator:67  Linkage
[INFO] 
[ERROR] org.eclipse.basyx.testsuite.regression.extensions.aas.aggregator.aasxupload.TestAASAggregatorProxyWithAASXProvider.testDelete(org.eclipse.basyx.testsuite.regression.extensions.aas.aggregator.aasxupload.TestAASAggregatorProxyWithAASXProvider)
[ERROR]   Run 1: TestAASAggregatorProxyWithAASXProvider>AASAggregatorSuite.clearAASAggregator:90->getAggregator:67  Linkage
[ERROR]   Run 2: TestAASAggregatorProxyWithAASXProvider>AASAggregatorSuite.deleteExistingAAS:224->getAggregator:67  Linkage
[INFO] 
[ERROR] org.eclipse.basyx.testsuite.regression.extensions.aas.aggregator.aasxupload.TestAASAggregatorProxyWithAASXProvider.testFeedThrough(org.eclipse.basyx.testsuite.regression.extensions.aas.aggregator.aasxupload.TestAASAggregatorProxyWithAASXProvider)
[ERROR]   Run 1: TestAASAggregatorProxyWithAASXProvider>AASAggregatorSuite.clearAASAggregator:90->getAggregator:67  Linkage
[ERROR]   Run 2: TestAASAggregatorProxyWithAASXProvider>AASAggregatorSuite.deleteExistingAAS:224->getAggregator:67  Linkage
[INFO] 
[ERROR] org.eclipse.basyx.testsuite.regression.extensions.aas.aggregator.aasxupload.TestAASAggregatorProxyWithAASXProvider.testGetAASList(org.eclipse.basyx.testsuite.regression.extensions.aas.aggregator.aasxupload.TestAASAggregatorProxyWithAASXProvider)
[ERROR]   Run 1: TestAASAggregatorProxyWithAASXProvider>AASAggregatorSuite.clearAASAggregator:90->getAggregator:67  Linkage
[ERROR]   Run 2: TestAASAggregatorProxyWithAASXProvider>AASAggregatorSuite.deleteExistingAAS:224->getAggregator:67  Linkage
[INFO] 
[ERROR] org.eclipse.basyx.testsuite.regression.extensions.aas.aggregator.aasxupload.TestAASAggregatorProxyWithAASXProvider.testUpdate(org.eclipse.basyx.testsuite.regression.extensions.aas.aggregator.aasxupload.TestAASAggregatorProxyWithAASXProvider)
[ERROR]   Run 1: TestAASAggregatorProxyWithAASXProvider>AASAggregatorSuite.clearAASAggregator:90->getAggregator:67  Linkage
[ERROR]   Run 2: TestAASAggregatorProxyWithAASXProvider>AASAggregatorSuite.deleteExistingAAS:224->getAggregator:67  Linkage
[INFO] 
[ERROR]   OperationProviderTest.testInvocationDelegation:272  Linkage ClassCastExceptio...
[ERROR]   TestGateway.test:127  Linkage ClassCastException: attempting to castjar:file:...
[ERROR]   TestHttpCors.allowAllOriginInCors:76->getAccessControlAllowOriginResponseHeader:132->doRequest:151  Linkage
[ERROR]   TestHttpCors.allowSpecificCorsOrigin:68->getAccessControlAllowOriginResponseHeader:132->doRequest:151  Linkage
[ERROR]   TestHttpCors.allowSpecificHeaders:101->getAccessControlAllowHeadersResponseHeader:146->doRequest:151  Linkage
[ERROR]   TestHttpCors.allowSpecificMethods:92->getAccessControlAllowMethodsResponseHeader:139->doRequest:151  Linkage
[ERROR]   TestHttpCors.withoutCorsConfiguration:83->getAccessControlAllowOriginResponseHeader:132->doRequest:151  Linkage
[INFO] 
[ERROR] Tests run: 971, Failures: 0, Errors: 28, Skipped: 0
[INFO] 
[INFO] ------------------------------------------------------------------------
[INFO] BUILD FAILURE
[INFO] ------------------------------------------------------------------------
[INFO] Total time:  02:34 min
[INFO] Finished at: 2023-01-30T01:09:51Z
[INFO] ------------------------------------------------------------------------
[ERROR] Failed to execute goal org.apache.maven.plugins:maven-surefire-plugin:3.0.0-M3:test (default-test) on project basyx.sdk: There are test failures.
[ERROR] 
[ERROR] Please refer to /home/gabsko/breaking-updates/target/surefire-reports for the individual test results.
[ERROR] Please refer to dump files (if any exist) [date].dump, [date]-jvmRun[N].dump and [date].dumpstream.
[ERROR] -> [Help 1]
[ERROR] 
[ERROR] To see the full stack trace of the errors, re-run Maven with the -e switch.
[ERROR] Re-run Maven using the -X switch to enable full debug logging.
[ERROR] 
[ERROR] For more information about the errors and possible solutions, please read the following articles:
[ERROR] [Help 1] http://cwiki.apache.org/confluence/display/MAVEN/MojoFailureException
