[INFO] Scanning for projects...
[INFO] ------------------------------------------------------------------------
[INFO] Reactor Build Order:
[INFO] 
[INFO] messaging-services                                                 [pom]
[INFO] core                                                               [jar]
[INFO] messaging                                                          [jar]
[INFO] clearinghouse                                                      [jar]
[INFO] broker                                                             [jar]
[INFO] vocol                                                              [jar]
[INFO] paris                                                              [jar]
[INFO] appstore                                                           [jar]
[INFO] 
[INFO] ------------------< ids.messaging:messaging-services >------------------
[INFO] Building messaging-services 7.0.1                                  [1/8]
[INFO] --------------------------------[ pom ]---------------------------------
[INFO] 
[INFO] --- maven-clean-plugin:2.5:clean (default-clean) @ messaging-services ---
[INFO] 
[INFO] --- flatten-maven-plugin:1.3.0:clean (flatten.clean) @ messaging-services ---
[INFO] Deleting /home/gabsko/breaking-updates/.flattened-pom.xml
[INFO] 
[INFO] --- flatten-maven-plugin:1.3.0:flatten (flatten) @ messaging-services ---
[INFO] Generating flattened POM of project ids.messaging:messaging-services:pom:7.0.1...
[INFO] 
[INFO] -------------------------< ids.messaging:core >-------------------------
[INFO] Building core 7.0.1                                                [2/8]
[INFO] --------------------------------[ jar ]---------------------------------
[INFO] 
[INFO] --- maven-clean-plugin:2.5:clean (default-clean) @ core ---
[INFO] Deleting /home/gabsko/breaking-updates/core/target
[INFO] 
[INFO] --- flatten-maven-plugin:1.3.0:clean (flatten.clean) @ core ---
[INFO] Deleting /home/gabsko/breaking-updates/core/.flattened-pom.xml
[INFO] 
[INFO] --- maven-resources-plugin:2.6:resources (default-resources) @ core ---
[INFO] Using 'UTF-8' encoding to copy filtered resources.
[INFO] skip non existing resourceDirectory /home/gabsko/breaking-updates/core/src/main/resources
[INFO] 
[INFO] --- flatten-maven-plugin:1.3.0:flatten (flatten) @ core ---
[INFO] Generating flattened POM of project ids.messaging:core:jar:7.0.1...
[INFO] 
[INFO] --- maven-compiler-plugin:3.10.1:compile (default-compile) @ core ---
[INFO] Changes detected - recompiling the module!
[INFO] Compiling 29 source files to /home/gabsko/breaking-updates/core/target/classes
[INFO] /home/gabsko/breaking-updates/core/src/main/java/ids/messaging/core/config/ConfigProducer.java: /home/gabsko/breaking-updates/core/src/main/java/ids/messaging/core/config/ConfigProducer.java uses or overrides a deprecated API.
[INFO] /home/gabsko/breaking-updates/core/src/main/java/ids/messaging/core/config/ConfigProducer.java: Recompile with -Xlint:deprecation for details.
[INFO] 
[INFO] --- maven-resources-plugin:2.6:testResources (default-testResources) @ core ---
[INFO] Using 'UTF-8' encoding to copy filtered resources.
[INFO] Copying 4 resources
[INFO] 
[INFO] --- maven-compiler-plugin:3.10.1:testCompile (default-testCompile) @ core ---
[INFO] Changes detected - recompiling the module!
[INFO] Compiling 6 source files to /home/gabsko/breaking-updates/core/target/test-classes
[INFO] /home/gabsko/breaking-updates/core/src/test/java/ids/messaging/core/config/PreConfigInterceptor.java: /home/gabsko/breaking-updates/core/src/test/java/ids/messaging/core/config/PreConfigInterceptor.java uses or overrides a deprecated API.
[INFO] /home/gabsko/breaking-updates/core/src/test/java/ids/messaging/core/config/PreConfigInterceptor.java: Recompile with -Xlint:deprecation for details.
[INFO] 
[INFO] --- maven-surefire-plugin:2.22.2:test (default-test) @ core ---
[INFO] 
[INFO] -------------------------------------------------------
[INFO]  T E S T S
[INFO] -------------------------------------------------------
[INFO] Running ids.messaging.core.config.ConfigProducerTest
09:32:11.971 [main] DEBUG org.springframework.test.context.BootstrapUtils - Instantiating CacheAwareContextLoaderDelegate from class [org.springframework.test.context.cache.DefaultCacheAwareContextLoaderDelegate]
09:32:11.979 [main] DEBUG org.springframework.test.context.BootstrapUtils - Instantiating BootstrapContext using constructor [public org.springframework.test.context.support.DefaultBootstrapContext(java.lang.Class,org.springframework.test.context.CacheAwareContextLoaderDelegate)]
09:32:12.009 [main] DEBUG org.springframework.test.context.BootstrapUtils - Instantiating TestContextBootstrapper for test class [ids.messaging.core.config.ConfigProducerTest] from class [org.springframework.boot.test.context.SpringBootTestContextBootstrapper]
09:32:12.025 [main] INFO org.springframework.boot.test.context.SpringBootTestContextBootstrapper - Neither @ContextConfiguration nor @ContextHierarchy found for test class [ids.messaging.core.config.ConfigProducerTest], using SpringBootContextLoader
09:32:12.030 [main] DEBUG org.springframework.test.context.support.AbstractContextLoader - Did not detect default resource location for test class [ids.messaging.core.config.ConfigProducerTest]: class path resource [ids/messaging/core/config/ConfigProducerTest-context.xml] does not exist
09:32:12.030 [main] DEBUG org.springframework.test.context.support.AbstractContextLoader - Did not detect default resource location for test class [ids.messaging.core.config.ConfigProducerTest]: class path resource [ids/messaging/core/config/ConfigProducerTestContext.groovy] does not exist
09:32:12.031 [main] INFO org.springframework.test.context.support.AbstractContextLoader - Could not detect default resource locations for test class [ids.messaging.core.config.ConfigProducerTest]: no resource found for suffixes {-context.xml, Context.groovy}.
09:32:12.072 [main] DEBUG org.springframework.test.context.support.ActiveProfilesUtils - Could not find an 'annotation declaring class' for annotation type [org.springframework.test.context.ActiveProfiles] and class [ids.messaging.core.config.ConfigProducerTest]
09:32:12.168 [main] DEBUG org.springframework.boot.test.context.SpringBootTestContextBootstrapper - @TestExecutionListeners is not present for class [ids.messaging.core.config.ConfigProducerTest]: using defaults.
09:32:12.169 [main] INFO org.springframework.boot.test.context.SpringBootTestContextBootstrapper - Loaded default TestExecutionListener class names from location [META-INF/spring.factories]: [org.springframework.boot.test.mock.mockito.MockitoTestExecutionListener, org.springframework.boot.test.mock.mockito.ResetMocksTestExecutionListener, org.springframework.boot.test.autoconfigure.restdocs.RestDocsTestExecutionListener, org.springframework.boot.test.autoconfigure.web.client.MockRestServiceServerResetTestExecutionListener, org.springframework.boot.test.autoconfigure.web.servlet.MockMvcPrintOnlyOnFailureTestExecutionListener, org.springframework.boot.test.autoconfigure.web.servlet.WebDriverTestExecutionListener, org.springframework.boot.test.autoconfigure.webservices.client.MockWebServiceServerTestExecutionListener, org.springframework.test.context.web.ServletTestExecutionListener, org.springframework.test.context.support.DirtiesContextBeforeModesTestExecutionListener, org.springframework.test.context.event.ApplicationEventsTestExecutionListener, org.springframework.test.context.support.DependencyInjectionTestExecutionListener, org.springframework.test.context.support.DirtiesContextTestExecutionListener, org.springframework.test.context.transaction.TransactionalTestExecutionListener, org.springframework.test.context.jdbc.SqlScriptsTestExecutionListener, org.springframework.test.context.event.EventPublishingTestExecutionListener]
09:32:12.176 [main] DEBUG org.springframework.boot.test.context.SpringBootTestContextBootstrapper - Skipping candidate TestExecutionListener [org.springframework.test.context.web.ServletTestExecutionListener] due to a missing dependency. Specify custom listener classes or make the default listener classes and their required dependencies available. Offending class: [org/springframework/web/context/request/RequestAttributes]
09:32:12.178 [main] DEBUG org.springframework.boot.test.context.SpringBootTestContextBootstrapper - Skipping candidate TestExecutionListener [org.springframework.test.context.transaction.TransactionalTestExecutionListener] due to a missing dependency. Specify custom listener classes or make the default listener classes and their required dependencies available. Offending class: [org/springframework/transaction/interceptor/TransactionAttributeSource]
09:32:12.178 [main] DEBUG org.springframework.boot.test.context.SpringBootTestContextBootstrapper - Skipping candidate TestExecutionListener [org.springframework.test.context.jdbc.SqlScriptsTestExecutionListener] due to a missing dependency. Specify custom listener classes or make the default listener classes and their required dependencies available. Offending class: [org/springframework/transaction/interceptor/TransactionAttribute]
09:32:12.179 [main] INFO org.springframework.boot.test.context.SpringBootTestContextBootstrapper - Using TestExecutionListeners: [org.springframework.test.context.support.DirtiesContextBeforeModesTestExecutionListener@6a47b187, org.springframework.test.context.event.ApplicationEventsTestExecutionListener@2049a9c1, org.springframework.boot.test.mock.mockito.MockitoTestExecutionListener@1ef6d34c, org.springframework.boot.test.autoconfigure.SpringBootDependencyInjectionTestExecutionListener@46271dd6, org.springframework.test.context.support.DirtiesContextTestExecutionListener@11bb571c, org.springframework.test.context.event.EventPublishingTestExecutionListener@7c51f34b, org.springframework.boot.test.mock.mockito.ResetMocksTestExecutionListener@5495333e, org.springframework.boot.test.autoconfigure.restdocs.RestDocsTestExecutionListener@2a225dd7, org.springframework.boot.test.autoconfigure.web.client.MockRestServiceServerResetTestExecutionListener@61eaec38, org.springframework.boot.test.autoconfigure.web.servlet.MockMvcPrintOnlyOnFailureTestExecutionListener@125290e5, org.springframework.boot.test.autoconfigure.web.servlet.WebDriverTestExecutionListener@6fa34d52, org.springframework.boot.test.autoconfigure.webservices.client.MockWebServiceServerTestExecutionListener@57576994]
09:32:12.182 [main] DEBUG org.springframework.test.context.support.AbstractDirtiesContextTestExecutionListener - Before test class: context [DefaultTestContext@30c8681 testClass = ConfigProducerTest, testInstance = [null], testMethod = [null], testException = [null], mergedContextConfiguration = [MergedContextConfiguration@5cdec700 testClass = ConfigProducerTest, locations = '{}', classes = '{class ids.messaging.core.config.TestSpringApp}', contextInitializerClasses = '[]', activeProfiles = '{}', propertySourceLocations = '{classpath:application.properties}', propertySourceProperties = '{org.springframework.boot.test.context.SpringBootTestContextBootstrapper=true}', contextCustomizers = set[org.springframework.boot.test.context.filter.ExcludeFilterContextCustomizer@67c33749, org.springframework.boot.test.json.DuplicateJsonObjectContextCustomizerFactory$DuplicateJsonObjectContextCustomizer@2a54a73f, org.springframework.boot.test.mock.mockito.MockitoContextCustomizer@0, org.springframework.boot.test.web.client.TestRestTemplateContextCustomizer@20ccf40b, org.springframework.boot.test.autoconfigure.actuate.metrics.MetricsExportContextCustomizerFactory$DisableMetricExportContextCustomizer@1da2cb77, org.springframework.boot.test.autoconfigure.properties.PropertyMappingContextCustomizer@0, org.springframework.boot.test.autoconfigure.web.servlet.WebDriverContextCustomizerFactory$Customizer@1b2abca6, org.springframework.boot.test.context.SpringBootTestArgs@1, org.springframework.boot.test.context.SpringBootTestWebEnvironment@7e2d773b], contextLoader = 'org.springframework.boot.test.context.SpringBootContextLoader', parent = [null]], attributes = map[[empty]]], class annotated with @DirtiesContext [false] with mode [null].
09:32:12.195 [main] DEBUG org.springframework.test.context.support.DependencyInjectionTestExecutionListener - Performing dependency injection for test context [[DefaultTestContext@30c8681 testClass = ConfigProducerTest, testInstance = ids.messaging.core.config.ConfigProducerTest@5a9f4771, testMethod = [null], testException = [null], mergedContextConfiguration = [MergedContextConfiguration@5cdec700 testClass = ConfigProducerTest, locations = '{}', classes = '{class ids.messaging.core.config.TestSpringApp}', contextInitializerClasses = '[]', activeProfiles = '{}', propertySourceLocations = '{classpath:application.properties}', propertySourceProperties = '{org.springframework.boot.test.context.SpringBootTestContextBootstrapper=true}', contextCustomizers = set[org.springframework.boot.test.context.filter.ExcludeFilterContextCustomizer@67c33749, org.springframework.boot.test.json.DuplicateJsonObjectContextCustomizerFactory$DuplicateJsonObjectContextCustomizer@2a54a73f, org.springframework.boot.test.mock.mockito.MockitoContextCustomizer@0, org.springframework.boot.test.web.client.TestRestTemplateContextCustomizer@20ccf40b, org.springframework.boot.test.autoconfigure.actuate.metrics.MetricsExportContextCustomizerFactory$DisableMetricExportContextCustomizer@1da2cb77, org.springframework.boot.test.autoconfigure.properties.PropertyMappingContextCustomizer@0, org.springframework.boot.test.autoconfigure.web.servlet.WebDriverContextCustomizerFactory$Customizer@1b2abca6, org.springframework.boot.test.context.SpringBootTestArgs@1, org.springframework.boot.test.context.SpringBootTestWebEnvironment@7e2d773b], contextLoader = 'org.springframework.boot.test.context.SpringBootContextLoader', parent = [null]], attributes = map['org.springframework.test.context.event.ApplicationEventsTestExecutionListener.recordApplicationEvents' -> false]]].

  .   ____          _            __ _ _
 /\\ / ___'_ __ _ _(_)_ __  __ _ \ \ \ \
( ( )\___ | '_ | '_| | '_ \/ _` | \ \ \ \
 \\/  ___)| |_)| | | | | || (_| |  ) ) ) )
  '  |____| .__|_| |_|_| |_\__, | / / / /
 =========|_|==============|___/=/_/_/_/
 :: Spring Boot ::                (v2.7.4)

2023-01-26 09:32:12.472  INFO 33768 --- [           main] i.m.core.config.ConfigProducerTest       : Starting ConfigProducerTest using Java 11.0.17 on repairnator with PID 33768 (started by gabsko in /home/gabsko/breaking-updates/core)
2023-01-26 09:32:12.474  INFO 33768 --- [           main] i.m.core.config.ConfigProducerTest       : No active profile set, falling back to 1 default profile: "default"
2023-01-26 09:32:13.850  INFO 33768 --- [           main] i.m.core.config.PreConfigInterceptor     : Intercepting loading of configuration! [code=(IMSCOI0055)]
2023-01-26 09:32:13.850  INFO 33768 --- [           main] i.m.core.config.PreConfigInterceptor     : Loading config from classpath: configmodel.json [code=(IMSCOI0057)]
2023-01-26 09:32:13.855  INFO 33768 --- [           main] i.m.core.config.PreConfigInterceptor     : Importing configuration from file. [code=(IMSCOI0056)]
2023-01-26 09:32:14.589  INFO 33768 --- [           main] i.m.c.c.ssl.keystore.KeyStoreManager     : Successfully loaded Keystore. [code=(IMSCOI0049)]
2023-01-26 09:32:14.606  INFO 33768 --- [           main] i.m.c.c.ssl.keystore.KeyStoreManager     : Successfully loaded Truststore. [code=(IMSCOI0049)]
2023-01-26 09:32:14.876  WARN 33768 --- [           main] i.messaging.core.config.ClientProvider   : Trustmanager is trusting all Certificates in TEST_DEPLOYMENT mode, you should not use this in production! [code=(IMSCOW0032)]
2023-01-26 09:32:14.908  INFO 33768 --- [           main] i.m.core.config.PostConfigInterceptor    : Modifying configuration using interceptor interface. [code=(IMSCOI0047)]
2023-01-26 09:32:15.216  INFO 33768 --- [           main] i.m.core.config.ConfigProducerTest       : Started ConfigProducerTest in 3.002 seconds (JVM running for 3.992)
2023-01-26 09:32:15.942  WARN 33768 --- [           main] i.m.c.d.aisec.AisecTokenManagerService   : TEST_DEPLOYMENT: IDS-Message is sent without a valid DAT, will not be sent in PRODUCTIVE_DEPLOYMENT. [code=(IMSCOW0041), reason=(Error connecting to DAPS (possibly currently not reachable or wrong DAPS-URL): Unexpected code Response{protocol=http/1.1, code=400, message=Bad Request, url=https://daps.aisec.fraunhofer.de/v2/token} Body: {"error":"invalid_client","error_description":"Error decoding JWT: Client does not exist"})]
2023-01-26 09:32:16.270  WARN 33768 --- [           main] i.messaging.core.config.ClientProvider   : Proxy port invalid! Trying to skip using this proxy! Please check configuration! [code=(IMSCOW0031), port=(-1)]
2023-01-26 09:32:16.463  INFO 33768 --- [           main] i.m.c.c.ssl.keystore.KeyStoreManager     : Successfully loaded Keystore. [code=(IMSCOI0049)]
2023-01-26 09:32:16.469  INFO 33768 --- [           main] i.m.c.c.ssl.keystore.KeyStoreManager     : Successfully loaded Truststore. [code=(IMSCOI0049)]
2023-01-26 09:32:16.477  WARN 33768 --- [           main] i.messaging.core.config.ClientProvider   : Trustmanager is trusting all Certificates in TEST_DEPLOYMENT mode, you should not use this in production! [code=(IMSCOW0032)]
[INFO] Tests run: 3, Failures: 0, Errors: 0, Skipped: 0, Time elapsed: 4.663 s - in ids.messaging.core.config.ConfigProducerTest
[INFO] Running ids.messaging.core.daps.DapsValidatorTest
2023-01-26 09:32:16.493  INFO 33768 --- [           main] o.s.t.c.s.DefaultTestContextBootstrapper : Loaded default TestExecutionListener class names from location [META-INF/spring.factories]: [org.springframework.boot.test.mock.mockito.MockitoTestExecutionListener, org.springframework.boot.test.mock.mockito.ResetMocksTestExecutionListener, org.springframework.boot.test.autoconfigure.restdocs.RestDocsTestExecutionListener, org.springframework.boot.test.autoconfigure.web.client.MockRestServiceServerResetTestExecutionListener, org.springframework.boot.test.autoconfigure.web.servlet.MockMvcPrintOnlyOnFailureTestExecutionListener, org.springframework.boot.test.autoconfigure.web.servlet.WebDriverTestExecutionListener, org.springframework.boot.test.autoconfigure.webservices.client.MockWebServiceServerTestExecutionListener, org.springframework.test.context.web.ServletTestExecutionListener, org.springframework.test.context.support.DirtiesContextBeforeModesTestExecutionListener, org.springframework.test.context.event.ApplicationEventsTestExecutionListener, org.springframework.test.context.support.DependencyInjectionTestExecutionListener, org.springframework.test.context.support.DirtiesContextTestExecutionListener, org.springframework.test.context.transaction.TransactionalTestExecutionListener, org.springframework.test.context.jdbc.SqlScriptsTestExecutionListener, org.springframework.test.context.event.EventPublishingTestExecutionListener]
2023-01-26 09:32:16.494  INFO 33768 --- [           main] o.s.t.c.s.DefaultTestContextBootstrapper : Using TestExecutionListeners: [org.springframework.test.context.support.DirtiesContextBeforeModesTestExecutionListener@56f84c9b, org.springframework.test.context.event.ApplicationEventsTestExecutionListener@26679788, org.springframework.boot.test.mock.mockito.MockitoTestExecutionListener@5cdda548, org.springframework.test.context.support.DependencyInjectionTestExecutionListener@4f2544b0, org.springframework.test.context.support.DirtiesContextTestExecutionListener@5bad555b, org.springframework.test.context.event.EventPublishingTestExecutionListener@41ec4271, org.springframework.boot.test.mock.mockito.ResetMocksTestExecutionListener@70aa58e1, org.springframework.boot.test.autoconfigure.restdocs.RestDocsTestExecutionListener@154f8280, org.springframework.boot.test.autoconfigure.web.client.MockRestServiceServerResetTestExecutionListener@24f90aff, org.springframework.boot.test.autoconfigure.web.servlet.MockMvcPrintOnlyOnFailureTestExecutionListener@7252bdb, org.springframework.boot.test.autoconfigure.web.servlet.WebDriverTestExecutionListener@25ea068e, org.springframework.boot.test.autoconfigure.webservices.client.MockWebServiceServerTestExecutionListener@4cd8db31]
2023-01-26 09:32:16.677  INFO 33768 --- [           main] ids.messaging.core.daps.DapsVerifier     : Successfully verified DAT claims. [code=(IMSCOI0050)]
2023-01-26 09:32:16.679  INFO 33768 --- [           main] ids.messaging.core.daps.DapsVerifier     : Successfully verified DAT claims. [code=(IMSCOI0050)]
2023-01-26 09:32:16.682  WARN 33768 --- [           main] ids.messaging.core.daps.DapsValidator    : SecurityProfile could not be successfully verified! [message=(Security profile violation. Registered security profile at DAPS is: idsc:BASE_CONNECTOR_SECURITY_PROFILE, but the given security profile is: idsc:TRUSTED_CONNECTOR_SECURITY_PROFILE), code=(IMSCOW0033)]
2023-01-26 09:32:16.684  WARN 33768 --- [           main] ids.messaging.core.daps.DapsValidator    : SecurityProfile could not be successfully verified! [message=(Security profile violation. Registered security profile at DAPS is: idsc:BASE_CONNECTOR_SECURITY_PROFILE, but the given security profile is: aiosdhiuaghduiwh), code=(IMSCOW0033)]
2023-01-26 09:32:16.695  WARN 33768 --- [           main] ids.messaging.core.daps.DapsValidator    : SecurityProfile could not be successfully verified! [message=(Security profile violation. Registered security profile at DAPS is: sjondfasdhfiou, but the given security profile is: idsc:TRUSTED_CONNECTOR_SECURITY_PROFILE), code=(IMSCOW0033)]
2023-01-26 09:32:16.706  WARN 33768 --- [           main] ids.messaging.core.daps.DapsValidator    : SecurityProfile could not be successfully verified! [message=(Security profile violation. No security profile given in DAT!), code=(IMSCOW0033)]
2023-01-26 09:32:16.723  INFO 33768 --- [           main] ids.messaging.core.daps.DapsVerifier     : Successfully verified DAT claims. [code=(IMSCOI0050)]
[INFO] Tests run: 2, Failures: 0, Errors: 0, Skipped: 0, Time elapsed: 0.223 s - in ids.messaging.core.daps.DapsValidatorTest
[INFO] Running ids.messaging.core.daps.DapsVerifierTest
2023-01-26 09:32:16.734  WARN 33768 --- [           main] ids.messaging.core.daps.DapsVerifier     : Could not verify DAT Claims! [code=(IMSCOW0036)]
2023-01-26 09:32:16.734  INFO 33768 --- [           main] ids.messaging.core.daps.DapsVerifier     : Successfully verified DAT claims. [code=(IMSCOI0050)]
2023-01-26 09:32:16.735  INFO 33768 --- [           main] ids.messaging.core.daps.DapsVerifier     : Successfully verified DAT claims. [code=(IMSCOI0050)]
2023-01-26 09:32:16.735  INFO 33768 --- [           main] ids.messaging.core.daps.DapsVerifier     : Successfully verified DAT claims. [code=(IMSCOI0050)]
2023-01-26 09:32:16.735  WARN 33768 --- [           main] ids.messaging.core.daps.DapsVerifier     : Custom DAT validation rule failed! [code=(IMSCOW0035), message=(This rule sometimes fails!)]
2023-01-26 09:32:16.736  WARN 33768 --- [           main] ids.messaging.core.daps.DapsVerifier     : Custom DAT validation rule failed! [code=(IMSCOW0035), message=(This rule sometimes fails!)]
[INFO] Tests run: 1, Failures: 0, Errors: 0, Skipped: 0, Time elapsed: 0.001 s - in ids.messaging.core.daps.DapsVerifierTest
[INFO] 
[INFO] Results:
[INFO] 
[INFO] Tests run: 6, Failures: 0, Errors: 0, Skipped: 0
[INFO] 
[INFO] 
[INFO] ----------------------< ids.messaging:messaging >-----------------------
[INFO] Building messaging 7.0.1                                           [3/8]
[INFO] --------------------------------[ jar ]---------------------------------
[INFO] 
[INFO] --- maven-clean-plugin:2.5:clean (default-clean) @ messaging ---
[INFO] Deleting /home/gabsko/breaking-updates/messaging/target
[INFO] 
[INFO] --- flatten-maven-plugin:1.3.0:clean (flatten.clean) @ messaging ---
[INFO] Deleting /home/gabsko/breaking-updates/messaging/.flattened-pom.xml
[INFO] 
[INFO] --- maven-resources-plugin:2.6:resources (default-resources) @ messaging ---
[INFO] Using 'UTF-8' encoding to copy filtered resources.
[INFO] skip non existing resourceDirectory /home/gabsko/breaking-updates/messaging/src/main/resources
[INFO] 
[INFO] --- flatten-maven-plugin:1.3.0:flatten (flatten) @ messaging ---
[INFO] Generating flattened POM of project ids.messaging:messaging:jar:7.0.1...
[INFO] 
[INFO] --- maven-compiler-plugin:3.10.1:compile (default-compile) @ messaging ---
[INFO] Changes detected - recompiling the module!
[INFO] Compiling 103 source files to /home/gabsko/breaking-updates/messaging/target/classes
[INFO] /home/gabsko/breaking-updates/messaging/src/main/java/ids/messaging/protocol/multipart/parser/MultipartParser.java: /home/gabsko/breaking-updates/messaging/src/main/java/ids/messaging/protocol/multipart/parser/MultipartParser.java uses or overrides a deprecated API.
[INFO] /home/gabsko/breaking-updates/messaging/src/main/java/ids/messaging/protocol/multipart/parser/MultipartParser.java: Recompile with -Xlint:deprecation for details.
[INFO] /home/gabsko/breaking-updates/messaging/src/main/java/ids/messaging/requests/builder/IdsRequestBuilder.java: /home/gabsko/breaking-updates/messaging/src/main/java/ids/messaging/requests/builder/IdsRequestBuilder.java uses unchecked or unsafe operations.
[INFO] /home/gabsko/breaking-updates/messaging/src/main/java/ids/messaging/requests/builder/IdsRequestBuilder.java: Recompile with -Xlint:unchecked for details.
[INFO] 
[INFO] --- maven-resources-plugin:2.6:testResources (default-testResources) @ messaging ---
[INFO] Using 'UTF-8' encoding to copy filtered resources.
[INFO] Copying 1 resource
[INFO] 
[INFO] --- maven-compiler-plugin:3.10.1:testCompile (default-testCompile) @ messaging ---
[INFO] Changes detected - recompiling the module!
[INFO] Compiling 15 source files to /home/gabsko/breaking-updates/messaging/target/test-classes
[INFO] 
[INFO] --- maven-surefire-plugin:2.22.2:test (default-test) @ messaging ---
[INFO] 
[INFO] -------------------------------------------------------
[INFO]  T E S T S
[INFO] -------------------------------------------------------
[INFO] Running ids.messaging.endpoint.MessageControllerTest
09:32:20.035 [main] DEBUG org.springframework.test.context.BootstrapUtils - Instantiating CacheAwareContextLoaderDelegate from class [org.springframework.test.context.cache.DefaultCacheAwareContextLoaderDelegate]
09:32:20.044 [main] DEBUG org.springframework.test.context.BootstrapUtils - Instantiating BootstrapContext using constructor [public org.springframework.test.context.support.DefaultBootstrapContext(java.lang.Class,org.springframework.test.context.CacheAwareContextLoaderDelegate)]
09:32:20.090 [main] DEBUG org.springframework.test.context.BootstrapUtils - Instantiating TestContextBootstrapper for test class [ids.messaging.endpoint.MessageControllerTest] from class [org.springframework.boot.test.autoconfigure.web.servlet.WebMvcTestContextBootstrapper]
09:32:20.110 [main] DEBUG org.springframework.test.context.support.AbstractContextLoader - Did not detect default resource location for test class [ids.messaging.endpoint.MessageControllerTest]: class path resource [ids/messaging/endpoint/MessageControllerTest-context.xml] does not exist
09:32:20.110 [main] DEBUG org.springframework.test.context.support.AbstractContextLoader - Did not detect default resource location for test class [ids.messaging.endpoint.MessageControllerTest]: class path resource [ids/messaging/endpoint/MessageControllerTestContext.groovy] does not exist
09:32:20.110 [main] INFO org.springframework.test.context.support.AbstractContextLoader - Could not detect default resource locations for test class [ids.messaging.endpoint.MessageControllerTest]: no resource found for suffixes {-context.xml, Context.groovy}.
09:32:20.185 [main] DEBUG org.springframework.test.context.support.ActiveProfilesUtils - Could not find an 'annotation declaring class' for annotation type [org.springframework.test.context.ActiveProfiles] and class [ids.messaging.endpoint.MessageControllerTest]
09:32:20.191 [main] DEBUG org.springframework.boot.test.autoconfigure.web.servlet.WebMvcTestContextBootstrapper - @TestExecutionListeners is not present for class [ids.messaging.endpoint.MessageControllerTest]: using defaults.
09:32:20.191 [main] INFO org.springframework.boot.test.autoconfigure.web.servlet.WebMvcTestContextBootstrapper - Loaded default TestExecutionListener class names from location [META-INF/spring.factories]: [org.springframework.boot.test.mock.mockito.MockitoTestExecutionListener, org.springframework.boot.test.mock.mockito.ResetMocksTestExecutionListener, org.springframework.boot.test.autoconfigure.restdocs.RestDocsTestExecutionListener, org.springframework.boot.test.autoconfigure.web.client.MockRestServiceServerResetTestExecutionListener, org.springframework.boot.test.autoconfigure.web.servlet.MockMvcPrintOnlyOnFailureTestExecutionListener, org.springframework.boot.test.autoconfigure.web.servlet.WebDriverTestExecutionListener, org.springframework.boot.test.autoconfigure.webservices.client.MockWebServiceServerTestExecutionListener, org.springframework.test.context.web.ServletTestExecutionListener, org.springframework.test.context.support.DirtiesContextBeforeModesTestExecutionListener, org.springframework.test.context.event.ApplicationEventsTestExecutionListener, org.springframework.test.context.support.DependencyInjectionTestExecutionListener, org.springframework.test.context.support.DirtiesContextTestExecutionListener, org.springframework.test.context.transaction.TransactionalTestExecutionListener, org.springframework.test.context.jdbc.SqlScriptsTestExecutionListener, org.springframework.test.context.event.EventPublishingTestExecutionListener]
09:32:20.203 [main] INFO org.springframework.boot.test.autoconfigure.web.servlet.WebMvcTestContextBootstrapper - Using TestExecutionListeners: [org.springframework.test.context.web.ServletTestExecutionListener@81d9a72, org.springframework.test.context.support.DirtiesContextBeforeModesTestExecutionListener@747f281, org.springframework.test.context.event.ApplicationEventsTestExecutionListener@1169afe1, org.springframework.boot.test.mock.mockito.MockitoTestExecutionListener@2ca26d77, org.springframework.boot.test.autoconfigure.SpringBootDependencyInjectionTestExecutionListener@4808bc9b, org.springframework.test.context.support.DirtiesContextTestExecutionListener@70e38ce1, org.springframework.test.context.transaction.TransactionalTestExecutionListener@2ca923bb, org.springframework.test.context.jdbc.SqlScriptsTestExecutionListener@13df2a8c, org.springframework.test.context.event.EventPublishingTestExecutionListener@1ebea008, org.springframework.boot.test.mock.mockito.ResetMocksTestExecutionListener@72d6b3ba, org.springframework.boot.test.autoconfigure.restdocs.RestDocsTestExecutionListener@1787f2a0, org.springframework.boot.test.autoconfigure.web.client.MockRestServiceServerResetTestExecutionListener@7de62196, org.springframework.boot.test.autoconfigure.web.servlet.MockMvcPrintOnlyOnFailureTestExecutionListener@163370c2, org.springframework.boot.test.autoconfigure.web.servlet.WebDriverTestExecutionListener@51bf5add, org.springframework.boot.test.autoconfigure.webservices.client.MockWebServiceServerTestExecutionListener@7905a0b8]
09:32:20.206 [main] DEBUG org.springframework.test.context.support.AbstractDirtiesContextTestExecutionListener - Before test class: context [DefaultTestContext@2f666ebb testClass = MessageControllerTest, testInstance = [null], testMethod = [null], testException = [null], mergedContextConfiguration = [WebMergedContextConfiguration@19976a65 testClass = MessageControllerTest, locations = '{}', classes = '{class ids.messaging.endpoint.MessageController, class ids.messaging.endpoint.MessageControllerTest$TestContextConfiguration}', contextInitializerClasses = '[]', activeProfiles = '{}', propertySourceLocations = '{}', propertySourceProperties = '{org.springframework.boot.test.autoconfigure.web.servlet.WebMvcTestContextBootstrapper=true}', contextCustomizers = set[[ImportsContextCustomizer@a1f72f5 key = [org.springframework.boot.autoconfigure.cache.CacheAutoConfiguration, org.springframework.boot.autoconfigure.context.MessageSourceAutoConfiguration, org.springframework.boot.autoconfigure.data.web.SpringDataWebAutoConfiguration, org.springframework.boot.autoconfigure.freemarker.FreeMarkerAutoConfiguration, org.springframework.boot.autoconfigure.groovy.template.GroovyTemplateAutoConfiguration, org.springframework.boot.autoconfigure.gson.GsonAutoConfiguration, org.springframework.boot.autoconfigure.hateoas.HypermediaAutoConfiguration, org.springframework.boot.autoconfigure.http.HttpMessageConvertersAutoConfiguration, org.springframework.boot.autoconfigure.jackson.JacksonAutoConfiguration, org.springframework.boot.autoconfigure.jsonb.JsonbAutoConfiguration, org.springframework.boot.autoconfigure.mustache.MustacheAutoConfiguration, org.springframework.boot.autoconfigure.task.TaskExecutionAutoConfiguration, org.springframework.boot.autoconfigure.thymeleaf.ThymeleafAutoConfiguration, org.springframework.boot.autoconfigure.validation.ValidationAutoConfiguration, org.springframework.boot.autoconfigure.web.servlet.error.ErrorMvcAutoConfiguration, org.springframework.boot.autoconfigure.web.servlet.HttpEncodingAutoConfiguration, org.springframework.boot.autoconfigure.web.servlet.WebMvcAutoConfiguration, org.springframework.boot.test.autoconfigure.web.servlet.MockMvcAutoConfiguration, org.springframework.boot.test.autoconfigure.web.servlet.MockMvcWebClientAutoConfiguration, org.springframework.boot.test.autoconfigure.web.servlet.MockMvcWebDriverAutoConfiguration, org.springframework.boot.autoconfigure.security.oauth2.client.servlet.OAuth2ClientAutoConfiguration, org.springframework.boot.autoconfigure.security.oauth2.resource.servlet.OAuth2ResourceServerAutoConfiguration, org.springframework.boot.autoconfigure.security.servlet.SecurityAutoConfiguration, org.springframework.boot.autoconfigure.security.servlet.SecurityFilterAutoConfiguration, org.springframework.boot.autoconfigure.security.servlet.UserDetailsServiceAutoConfiguration, org.springframework.boot.test.autoconfigure.web.servlet.MockMvcSecurityConfiguration, org.springframework.boot.test.autoconfigure.web.reactive.WebTestClientAutoConfiguration]], org.springframework.boot.test.context.filter.ExcludeFilterContextCustomizer@7ce026d3, org.springframework.boot.test.json.DuplicateJsonObjectContextCustomizerFactory$DuplicateJsonObjectContextCustomizer@5b247367, org.springframework.boot.test.mock.mockito.MockitoContextCustomizer@9fcb1420, org.springframework.boot.test.autoconfigure.OverrideAutoConfigurationContextCustomizerFactory$DisableAutoConfigurationContextCustomizer@45d84a20, org.springframework.boot.test.autoconfigure.actuate.metrics.MetricsExportContextCustomizerFactory$DisableMetricExportContextCustomizer@c430e6c, org.springframework.boot.test.autoconfigure.filter.TypeExcludeFiltersContextCustomizer@70e9c90c, org.springframework.boot.test.autoconfigure.properties.PropertyMappingContextCustomizer@f706d6d8, org.springframework.boot.test.autoconfigure.web.servlet.WebDriverContextCustomizerFactory$Customizer@5340477f, org.springframework.boot.test.context.SpringBootTestArgs@1, org.springframework.boot.test.context.SpringBootTestWebEnvironment@0], resourceBasePath = 'src/main/webapp', contextLoader = 'org.springframework.boot.test.context.SpringBootContextLoader', parent = [null]], attributes = map[[empty]]], class annotated with @DirtiesContext [false] with mode [null].

  .   ____          _            __ _ _
 /\\ / ___'_ __ _ _(_)_ __  __ _ \ \ \ \
( ( )\___ | '_ | '_| | '_ \/ _` | \ \ \ \
 \\/  ___)| |_)| | | | | || (_| |  ) ) ) )
  '  |____| .__|_| |_|_| |_\__, | / / / /
 =========|_|==============|___/=/_/_/_/
 :: Spring Boot ::                (v2.7.4)

2023-01-26 09:32:20.618  INFO 824 --- [           main] i.m.endpoint.MessageControllerTest       : Starting MessageControllerTest using Java 11.0.17 on repairnator with PID 824 (started by gabsko in /home/gabsko/breaking-updates/messaging)
2023-01-26 09:32:20.619  INFO 824 --- [           main] i.m.endpoint.MessageControllerTest       : No active profile set, falling back to 1 default profile: "default"
2023-01-26 09:32:22.560  INFO 824 --- [           main] o.s.b.t.m.w.SpringBootMockServletContext : Initializing Spring TestDispatcherServlet ''
2023-01-26 09:32:22.560  INFO 824 --- [           main] o.s.t.web.servlet.TestDispatcherServlet  : Initializing Servlet ''
2023-01-26 09:32:22.561  INFO 824 --- [           main] o.s.t.web.servlet.TestDispatcherServlet  : Completed initialization in 1 ms
2023-01-26 09:32:22.584  INFO 824 --- [           main] i.m.endpoint.MessageControllerTest       : Started MessageControllerTest in 2.333 seconds (JVM running for 3.372)
[ERROR] Tests run: 1, Failures: 0, Errors: 1, Skipped: 0, Time elapsed: 3.323 s <<< FAILURE! - in ids.messaging.endpoint.MessageControllerTest
[ERROR] testGetValidMultipartReturn  Time elapsed: 0.695 s  <<< ERROR!
java.lang.NoSuchMethodError: 'boolean com.fasterxml.jackson.annotation.JsonSubTypes.failOnRepeatedNames()'
	at ids.messaging.endpoint.MessageControllerTest.testGetValidMultipartReturn(MessageControllerTest.java:157)

[INFO] Running ids.messaging.endpoint.EndpointServiceTest
2023-01-26 09:32:23.292  INFO 824 --- [           main] .b.t.a.w.s.WebMvcTestContextBootstrapper : Neither @ContextConfiguration nor @ContextHierarchy found for test class [ids.messaging.endpoint.EndpointServiceTest], using SpringBootContextLoader
2023-01-26 09:32:23.293  INFO 824 --- [           main] o.s.t.c.support.AbstractContextLoader    : Could not detect default resource locations for test class [ids.messaging.endpoint.EndpointServiceTest]: no resource found for suffixes {-context.xml, Context.groovy}.
2023-01-26 09:32:23.299  INFO 824 --- [           main] .b.t.a.w.s.WebMvcTestContextBootstrapper : Loaded default TestExecutionListener class names from location [META-INF/spring.factories]: [org.springframework.boot.test.mock.mockito.MockitoTestExecutionListener, org.springframework.boot.test.mock.mockito.ResetMocksTestExecutionListener, org.springframework.boot.test.autoconfigure.restdocs.RestDocsTestExecutionListener, org.springframework.boot.test.autoconfigure.web.client.MockRestServiceServerResetTestExecutionListener, org.springframework.boot.test.autoconfigure.web.servlet.MockMvcPrintOnlyOnFailureTestExecutionListener, org.springframework.boot.test.autoconfigure.web.servlet.WebDriverTestExecutionListener, org.springframework.boot.test.autoconfigure.webservices.client.MockWebServiceServerTestExecutionListener, org.springframework.test.context.web.ServletTestExecutionListener, org.springframework.test.context.support.DirtiesContextBeforeModesTestExecutionListener, org.springframework.test.context.event.ApplicationEventsTestExecutionListener, org.springframework.test.context.support.DependencyInjectionTestExecutionListener, org.springframework.test.context.support.DirtiesContextTestExecutionListener, org.springframework.test.context.transaction.TransactionalTestExecutionListener, org.springframework.test.context.jdbc.SqlScriptsTestExecutionListener, org.springframework.test.context.event.EventPublishingTestExecutionListener]
2023-01-26 09:32:23.300  INFO 824 --- [           main] .b.t.a.w.s.WebMvcTestContextBootstrapper : Using TestExecutionListeners: [org.springframework.test.context.web.ServletTestExecutionListener@78318ac2, org.springframework.test.context.support.DirtiesContextBeforeModesTestExecutionListener@77ce88c4, org.springframework.test.context.event.ApplicationEventsTestExecutionListener@11abd6c, org.springframework.boot.test.mock.mockito.MockitoTestExecutionListener@29b5533, org.springframework.boot.test.autoconfigure.SpringBootDependencyInjectionTestExecutionListener@7608a838, org.springframework.test.context.support.DirtiesContextTestExecutionListener@75839695, org.springframework.test.context.transaction.TransactionalTestExecutionListener@21a6a494, org.springframework.test.context.jdbc.SqlScriptsTestExecutionListener@794c5f5e, org.springframework.test.context.event.EventPublishingTestExecutionListener@4ab66127, org.springframework.boot.test.mock.mockito.ResetMocksTestExecutionListener@236861da, org.springframework.boot.test.autoconfigure.restdocs.RestDocsTestExecutionListener@37fef327, org.springframework.boot.test.autoconfigure.web.client.MockRestServiceServerResetTestExecutionListener@2cd3fc29, org.springframework.boot.test.autoconfigure.web.servlet.MockMvcPrintOnlyOnFailureTestExecutionListener@55951fcd, org.springframework.boot.test.autoconfigure.web.servlet.WebDriverTestExecutionListener@3513d214, org.springframework.boot.test.autoconfigure.webservices.client.MockWebServiceServerTestExecutionListener@7534785a]

  .   ____          _            __ _ _
 /\\ / ___'_ __ _ _(_)_ __  __ _ \ \ \ \
( ( )\___ | '_ | '_| | '_ \/ _` | \ \ \ \
 \\/  ___)| |_)| | | | | || (_| |  ) ) ) )
  '  |____| .__|_| |_|_| |_\__, | / / / /
 =========|_|==============|___/=/_/_/_/
 :: Spring Boot ::                (v2.7.4)

2023-01-26 09:32:23.320  INFO 824 --- [           main] i.m.endpoint.EndpointServiceTest         : Starting EndpointServiceTest using Java 11.0.17 on repairnator with PID 824 (started by gabsko in /home/gabsko/breaking-updates/messaging)
2023-01-26 09:32:23.320  INFO 824 --- [           main] i.m.endpoint.EndpointServiceTest         : No active profile set, falling back to 1 default profile: "default"
2023-01-26 09:32:24.074  INFO 824 --- [           main] o.s.b.t.m.w.SpringBootMockServletContext : Initializing Spring TestDispatcherServlet ''
2023-01-26 09:32:24.074  INFO 824 --- [           main] o.s.t.web.servlet.TestDispatcherServlet  : Initializing Servlet ''
2023-01-26 09:32:24.074  INFO 824 --- [           main] o.s.t.web.servlet.TestDispatcherServlet  : Completed initialization in 0 ms
2023-01-26 09:32:24.083  INFO 824 --- [           main] i.m.endpoint.EndpointServiceTest         : Started EndpointServiceTest in 0.781 seconds (JVM running for 4.87)
[INFO] Tests run: 1, Failures: 0, Errors: 0, Skipped: 0, Time elapsed: 0.792 s - in ids.messaging.endpoint.EndpointServiceTest
[INFO] Running ids.messaging.response.MessageResponseTest
[ERROR] Tests run: 1, Failures: 0, Errors: 1, Skipped: 0, Time elapsed: 0.267 s <<< FAILURE! - in ids.messaging.response.MessageResponseTest
[ERROR] testResponses  Time elapsed: 0.267 s  <<< ERROR!
java.lang.NoSuchMethodError: 'boolean com.fasterxml.jackson.annotation.JsonSubTypes.failOnRepeatedNames()'
	at ids.messaging.response.MessageResponseTest.testResponses(MessageResponseTest.java:50)

[INFO] Running ids.messaging.requests.InfrastructureServiceTest
2023-01-26 09:32:24.368  INFO 824 --- [           main] o.s.t.c.s.DefaultTestContextBootstrapper : Loaded default TestExecutionListener class names from location [META-INF/spring.factories]: [org.springframework.boot.test.mock.mockito.MockitoTestExecutionListener, org.springframework.boot.test.mock.mockito.ResetMocksTestExecutionListener, org.springframework.boot.test.autoconfigure.restdocs.RestDocsTestExecutionListener, org.springframework.boot.test.autoconfigure.web.client.MockRestServiceServerResetTestExecutionListener, org.springframework.boot.test.autoconfigure.web.servlet.MockMvcPrintOnlyOnFailureTestExecutionListener, org.springframework.boot.test.autoconfigure.web.servlet.WebDriverTestExecutionListener, org.springframework.boot.test.autoconfigure.webservices.client.MockWebServiceServerTestExecutionListener, org.springframework.test.context.web.ServletTestExecutionListener, org.springframework.test.context.support.DirtiesContextBeforeModesTestExecutionListener, org.springframework.test.context.event.ApplicationEventsTestExecutionListener, org.springframework.test.context.support.DependencyInjectionTestExecutionListener, org.springframework.test.context.support.DirtiesContextTestExecutionListener, org.springframework.test.context.transaction.TransactionalTestExecutionListener, org.springframework.test.context.jdbc.SqlScriptsTestExecutionListener, org.springframework.test.context.event.EventPublishingTestExecutionListener]
2023-01-26 09:32:24.369  INFO 824 --- [           main] o.s.t.c.s.DefaultTestContextBootstrapper : Using TestExecutionListeners: [org.springframework.test.context.web.ServletTestExecutionListener@36e409e0, org.springframework.test.context.support.DirtiesContextBeforeModesTestExecutionListener@145e958f, org.springframework.test.context.event.ApplicationEventsTestExecutionListener@2d2fc130, org.springframework.boot.test.mock.mockito.MockitoTestExecutionListener@7bbdb220, org.springframework.test.context.support.DependencyInjectionTestExecutionListener@6d001fbe, org.springframework.test.context.support.DirtiesContextTestExecutionListener@d120d7c, org.springframework.test.context.transaction.TransactionalTestExecutionListener@5ee77baf, org.springframework.test.context.jdbc.SqlScriptsTestExecutionListener@485deee1, org.springframework.test.context.event.EventPublishingTestExecutionListener@25cde5bb, org.springframework.boot.test.mock.mockito.ResetMocksTestExecutionListener@38a96593, org.springframework.boot.test.autoconfigure.restdocs.RestDocsTestExecutionListener@5df64b2a, org.springframework.boot.test.autoconfigure.web.client.MockRestServiceServerResetTestExecutionListener@7afb9c93, org.springframework.boot.test.autoconfigure.web.servlet.MockMvcPrintOnlyOnFailureTestExecutionListener@30d15e4a, org.springframework.boot.test.autoconfigure.web.servlet.WebDriverTestExecutionListener@43a7203e, org.springframework.boot.test.autoconfigure.webservices.client.MockWebServiceServerTestExecutionListener@2c678c7b]
[ERROR] Tests run: 1, Failures: 0, Errors: 1, Skipped: 0, Time elapsed: 0.822 s <<< FAILURE! - in ids.messaging.requests.InfrastructureServiceTest
[ERROR] testInfrastructureService  Time elapsed: 0.219 s  <<< ERROR!
java.lang.NoSuchMethodError: 'boolean com.fasterxml.jackson.annotation.JsonSubTypes.failOnRepeatedNames()'
	at ids.messaging.requests.InfrastructureServiceTest.testInfrastructureService(InfrastructureServiceTest.java:160)

[INFO] Running ids.messaging.util.InfomodelMessageBuilderTest
[ERROR] Tests run: 1, Failures: 0, Errors: 1, Skipped: 0, Time elapsed: 0.105 s <<< FAILURE! - in ids.messaging.util.InfomodelMessageBuilderTest
[ERROR] testBuildMessage  Time elapsed: 0.104 s  <<< ERROR!
java.lang.NoSuchMethodError: 'boolean com.fasterxml.jackson.annotation.JsonSubTypes.failOnRepeatedNames()'
	at ids.messaging.util.InfomodelMessageBuilderTest.testBuildMessage(InfomodelMessageBuilderTest.java:41)

[INFO] Running ids.messaging.util.IdsMessageUtilsTest
[ERROR] Tests run: 1, Failures: 1, Errors: 0, Skipped: 0, Time elapsed: 0.216 s <<< FAILURE! - in ids.messaging.util.IdsMessageUtilsTest
[ERROR] testUtils  Time elapsed: 0.216 s  <<< FAILURE!
org.opentest4j.AssertionFailedError: Unexpected exception thrown: java.lang.NoSuchMethodError: 'boolean com.fasterxml.jackson.annotation.JsonSubTypes.failOnRepeatedNames()'
	at ids.messaging.util.IdsMessageUtilsTest.testUtils(IdsMessageUtilsTest.java:60)
Caused by: java.lang.NoSuchMethodError: 'boolean com.fasterxml.jackson.annotation.JsonSubTypes.failOnRepeatedNames()'
	at ids.messaging.util.IdsMessageUtilsTest.lambda$testUtils$0(IdsMessageUtilsTest.java:60)
	at ids.messaging.util.IdsMessageUtilsTest.testUtils(IdsMessageUtilsTest.java:60)

[INFO] Running ids.messaging.util.RequestUtilsTest
2023-01-26 09:32:25.530  INFO 824 --- [           main] ids.messaging.util.RequestUtils          : String [code=(IMSMEI0069)]
[INFO] Tests run: 1, Failures: 0, Errors: 0, Skipped: 0, Time elapsed: 0.015 s - in ids.messaging.util.RequestUtilsTest
[INFO] Running ids.messaging.util.SerializerProviderTest
[INFO] Tests run: 1, Failures: 0, Errors: 0, Skipped: 0, Time elapsed: 0.102 s - in ids.messaging.util.SerializerProviderTest
[INFO] Running ids.messaging.dispatcher.MessageDispatcherTest
2023-01-26 09:32:25.641  INFO 824 --- [           main] o.s.t.c.support.AbstractContextLoader    : Could not detect default resource locations for test class [ids.messaging.dispatcher.MessageDispatcherTest]: no resource found for suffixes {-context.xml, Context.groovy}.
2023-01-26 09:32:25.651  INFO 824 --- [           main] .b.t.a.w.s.WebMvcTestContextBootstrapper : Loaded default TestExecutionListener class names from location [META-INF/spring.factories]: [org.springframework.boot.test.mock.mockito.MockitoTestExecutionListener, org.springframework.boot.test.mock.mockito.ResetMocksTestExecutionListener, org.springframework.boot.test.autoconfigure.restdocs.RestDocsTestExecutionListener, org.springframework.boot.test.autoconfigure.web.client.MockRestServiceServerResetTestExecutionListener, org.springframework.boot.test.autoconfigure.web.servlet.MockMvcPrintOnlyOnFailureTestExecutionListener, org.springframework.boot.test.autoconfigure.web.servlet.WebDriverTestExecutionListener, org.springframework.boot.test.autoconfigure.webservices.client.MockWebServiceServerTestExecutionListener, org.springframework.test.context.web.ServletTestExecutionListener, org.springframework.test.context.support.DirtiesContextBeforeModesTestExecutionListener, org.springframework.test.context.event.ApplicationEventsTestExecutionListener, org.springframework.test.context.support.DependencyInjectionTestExecutionListener, org.springframework.test.context.support.DirtiesContextTestExecutionListener, org.springframework.test.context.transaction.TransactionalTestExecutionListener, org.springframework.test.context.jdbc.SqlScriptsTestExecutionListener, org.springframework.test.context.event.EventPublishingTestExecutionListener]
2023-01-26 09:32:25.652  INFO 824 --- [           main] .b.t.a.w.s.WebMvcTestContextBootstrapper : Using TestExecutionListeners: [org.springframework.test.context.web.ServletTestExecutionListener@3a7469ca, org.springframework.test.context.support.DirtiesContextBeforeModesTestExecutionListener@1c8e8fed, org.springframework.test.context.event.ApplicationEventsTestExecutionListener@70f98f7a, org.springframework.boot.test.mock.mockito.MockitoTestExecutionListener@713e7d9a, org.springframework.boot.test.autoconfigure.SpringBootDependencyInjectionTestExecutionListener@681d704e, org.springframework.test.context.support.DirtiesContextTestExecutionListener@846b47, org.springframework.test.context.transaction.TransactionalTestExecutionListener@3c3ab672, org.springframework.test.context.jdbc.SqlScriptsTestExecutionListener@3e6acec2, org.springframework.test.context.event.EventPublishingTestExecutionListener@3d764641, org.springframework.boot.test.mock.mockito.ResetMocksTestExecutionListener@1e8bccfb, org.springframework.boot.test.autoconfigure.restdocs.RestDocsTestExecutionListener@77eb607e, org.springframework.boot.test.autoconfigure.web.client.MockRestServiceServerResetTestExecutionListener@1f1fbc9f, org.springframework.boot.test.autoconfigure.web.servlet.MockMvcPrintOnlyOnFailureTestExecutionListener@10d4b573, org.springframework.boot.test.autoconfigure.web.servlet.WebDriverTestExecutionListener@50785f86, org.springframework.boot.test.autoconfigure.webservices.client.MockWebServiceServerTestExecutionListener@7c3c3d67]

  .   ____          _            __ _ _
 /\\ / ___'_ __ _ _(_)_ __  __ _ \ \ \ \
( ( )\___ | '_ | '_| | '_ \/ _` | \ \ \ \
 \\/  ___)| |_)| | | | | || (_| |  ) ) ) )
  '  |____| .__|_| |_|_| |_\__, | / / / /
 =========|_|==============|___/=/_/_/_/
 :: Spring Boot ::                (v2.7.4)

2023-01-26 09:32:25.669  INFO 824 --- [           main] i.m.dispatcher.MessageDispatcherTest     : Starting MessageDispatcherTest using Java 11.0.17 on repairnator with PID 824 (started by gabsko in /home/gabsko/breaking-updates/messaging)
2023-01-26 09:32:25.670  INFO 824 --- [           main] i.m.dispatcher.MessageDispatcherTest     : No active profile set, falling back to 1 default profile: "default"
2023-01-26 09:32:26.025  INFO 824 --- [           main] o.s.b.t.m.w.SpringBootMockServletContext : Initializing Spring TestDispatcherServlet ''
2023-01-26 09:32:26.025  INFO 824 --- [           main] o.s.t.web.servlet.TestDispatcherServlet  : Initializing Servlet ''
2023-01-26 09:32:26.025  INFO 824 --- [           main] o.s.t.web.servlet.TestDispatcherServlet  : Completed initialization in 0 ms
2023-01-26 09:32:26.034  INFO 824 --- [           main] i.m.dispatcher.MessageDispatcherTest     : Started MessageDispatcherTest in 0.379 seconds (JVM running for 6.821)
2023-01-26 09:32:26.124 ERROR 824 --- [           main] i.m.dispatcher.MessageDispatcher         : A preDispatchingFilter failed, sending response RejectionReason.MALFORMED_MESSAGE! [code=(IMSMEE0019), result=(predispatching)]
[INFO] Tests run: 1, Failures: 0, Errors: 0, Skipped: 0, Time elapsed: 0.5 s - in ids.messaging.dispatcher.MessageDispatcherTest
[INFO] Running ids.messaging.protocol.multipart.MultipartResponseConverterTest
[ERROR] Tests run: 1, Failures: 0, Errors: 1, Skipped: 0, Time elapsed: 0.287 s <<< FAILURE! - in ids.messaging.protocol.multipart.MultipartResponseConverterTest
[ERROR] testConvertResponse  Time elapsed: 0.287 s  <<< ERROR!
java.lang.NoSuchMethodError: 'boolean com.fasterxml.jackson.annotation.JsonSubTypes.failOnRepeatedNames()'
	at ids.messaging.protocol.multipart.MultipartResponseConverterTest.buildMultipart(MultipartResponseConverterTest.java:211)
	at ids.messaging.protocol.multipart.MultipartResponseConverterTest.testConvertResponse(MultipartResponseConverterTest.java:106)

[INFO] Running ids.messaging.protocol.multipart.parser.MultipartParserTest
2023-01-26 09:32:26.435  INFO 824 --- [           main] i.m.p.m.parser.MultipartParserTest       : --9ac60e5f-0404-4441-a815-757eae9282f0
Content-Disposition: form-data; name="header"
Content-Length: 6

value1
--9ac60e5f-0404-4441-a815-757eae9282f0
Content-Disposition: form-data; name="payload"
Content-Length: 6

value2
--9ac60e5f-0404-4441-a815-757eae9282f0--
 [code=(IMSMEI0070)]
[INFO] Tests run: 1, Failures: 0, Errors: 0, Skipped: 0, Time elapsed: 0.021 s - in ids.messaging.protocol.multipart.parser.MultipartParserTest
[INFO] Running ids.messaging.protocol.http.IdsHttpServiceTest
2023-01-26 09:32:26.455  INFO 824 --- [           main] o.s.t.c.s.DefaultTestContextBootstrapper : Loaded default TestExecutionListener class names from location [META-INF/spring.factories]: [org.springframework.boot.test.mock.mockito.MockitoTestExecutionListener, org.springframework.boot.test.mock.mockito.ResetMocksTestExecutionListener, org.springframework.boot.test.autoconfigure.restdocs.RestDocsTestExecutionListener, org.springframework.boot.test.autoconfigure.web.client.MockRestServiceServerResetTestExecutionListener, org.springframework.boot.test.autoconfigure.web.servlet.MockMvcPrintOnlyOnFailureTestExecutionListener, org.springframework.boot.test.autoconfigure.web.servlet.WebDriverTestExecutionListener, org.springframework.boot.test.autoconfigure.webservices.client.MockWebServiceServerTestExecutionListener, org.springframework.test.context.web.ServletTestExecutionListener, org.springframework.test.context.support.DirtiesContextBeforeModesTestExecutionListener, org.springframework.test.context.event.ApplicationEventsTestExecutionListener, org.springframework.test.context.support.DependencyInjectionTestExecutionListener, org.springframework.test.context.support.DirtiesContextTestExecutionListener, org.springframework.test.context.transaction.TransactionalTestExecutionListener, org.springframework.test.context.jdbc.SqlScriptsTestExecutionListener, org.springframework.test.context.event.EventPublishingTestExecutionListener]
2023-01-26 09:32:26.455  INFO 824 --- [           main] o.s.t.c.s.DefaultTestContextBootstrapper : Using TestExecutionListeners: [org.springframework.test.context.web.ServletTestExecutionListener@14ca88bc, org.springframework.test.context.support.DirtiesContextBeforeModesTestExecutionListener@f01fc6d, org.springframework.test.context.event.ApplicationEventsTestExecutionListener@85cd413, org.springframework.boot.test.mock.mockito.MockitoTestExecutionListener@688d2a5d, org.springframework.test.context.support.DependencyInjectionTestExecutionListener@2842c098, org.springframework.test.context.support.DirtiesContextTestExecutionListener@2820b369, org.springframework.test.context.transaction.TransactionalTestExecutionListener@46b21632, org.springframework.test.context.jdbc.SqlScriptsTestExecutionListener@476c137b, org.springframework.test.context.event.EventPublishingTestExecutionListener@79144d0e, org.springframework.boot.test.mock.mockito.ResetMocksTestExecutionListener@540212be, org.springframework.boot.test.autoconfigure.restdocs.RestDocsTestExecutionListener@2579d8a, org.springframework.boot.test.autoconfigure.web.client.MockRestServiceServerResetTestExecutionListener@2507a170, org.springframework.boot.test.autoconfigure.web.servlet.MockMvcPrintOnlyOnFailureTestExecutionListener@7e20f4e3, org.springframework.boot.test.autoconfigure.web.servlet.WebDriverTestExecutionListener@3af39e7b, org.springframework.boot.test.autoconfigure.webservices.client.MockWebServiceServerTestExecutionListener@4f6ff62]
2023-01-26 09:32:26.575  INFO 824 --- [           main] i.m.protocol.http.IdsHttpService         : Sending request to http://localhost:57453/ ... [code=(IMSMEI0065)]
2023-01-26 09:32:26.601  INFO 824 --- [           main] i.m.protocol.http.IdsHttpService         : Successfully received response to request. [code=(IMSMEI0067)]
2023-01-26 09:32:26.602  INFO 824 --- [           main] i.m.protocol.http.IdsHttpService         : Sending request to http://localhost:57453/ ... [code=(IMSMEI0065)]
2023-01-26 09:32:26.603  INFO 824 --- [           main] i.m.protocol.http.IdsHttpService         : Successfully received response to request. [code=(IMSMEI0067)]
2023-01-26 09:32:26.605  INFO 824 --- [           main] i.m.protocol.http.IdsHttpService         : Sending request to http://localhost:57453/ ... [code=(IMSMEI0065)]
2023-01-26 09:32:26.607  INFO 824 --- [           main] i.m.protocol.http.IdsHttpService         : Successfully received response to request. [code=(IMSMEI0067)]
2023-01-26 09:32:26.607  INFO 824 --- [           main] i.m.protocol.http.IdsHttpService         : Sending request to http://localhost:57453/ ... [code=(IMSMEI0065)]
2023-01-26 09:32:26.609  INFO 824 --- [           main] i.m.protocol.http.IdsHttpService         : Successfully received response to request. [code=(IMSMEI0067)]
2023-01-26 09:32:26.611  INFO 824 --- [           main] i.m.protocol.http.IdsHttpService         : Sending request to http://localhost:57453/ ... [code=(IMSMEI0065)]
[INFO] Tests run: 1, Failures: 0, Errors: 0, Skipped: 0, Time elapsed: 0.172 s - in ids.messaging.protocol.http.IdsHttpServiceTest
[INFO] 
[INFO] Results:
[INFO] 
[ERROR] Failures: 
[ERROR]   IdsMessageUtilsTest.testUtils:60 Unexpected exception thrown: java.lang.NoSuchMethodError: 'boolean com.fasterxml.jackson.annotation.JsonSubTypes.failOnRepeatedNames()'
[ERROR] Errors: 
[ERROR]   MessageControllerTest.testGetValidMultipartReturn:157  NoSuchMethod 'boolean ...
[ERROR]   MultipartResponseConverterTest.testConvertResponse:106->buildMultipart:211  NoSuchMethod
[ERROR]   InfrastructureServiceTest.testInfrastructureService:160  NoSuchMethod 'boolea...
[ERROR]   MessageResponseTest.testResponses:50  NoSuchMethod 'boolean com.fasterxml.jac...
[ERROR]   InfomodelMessageBuilderTest.testBuildMessage:41  NoSuchMethod 'boolean com.fa...
[INFO] 
[ERROR] Tests run: 12, Failures: 1, Errors: 5, Skipped: 0
[INFO] 
[INFO] ------------------------------------------------------------------------
[INFO] Reactor Summary for messaging-services 7.0.1:
[INFO] 
[INFO] messaging-services ................................. SUCCESS [  0.699 s]
[INFO] core ............................................... SUCCESS [  8.666 s]
[INFO] messaging .......................................... FAILURE [  9.909 s]
[INFO] clearinghouse ...................................... SKIPPED
[INFO] broker ............................................. SKIPPED
[INFO] vocol .............................................. SKIPPED
[INFO] paris .............................................. SKIPPED
[INFO] appstore ........................................... SKIPPED
[INFO] ------------------------------------------------------------------------
[INFO] BUILD FAILURE
[INFO] ------------------------------------------------------------------------
[INFO] Total time:  19.410 s
[INFO] Finished at: 2023-01-26T09:32:27Z
[INFO] ------------------------------------------------------------------------
[ERROR] Failed to execute goal org.apache.maven.plugins:maven-surefire-plugin:2.22.2:test (default-test) on project messaging: There are test failures.
[ERROR] 
[ERROR] Please refer to /home/gabsko/breaking-updates/messaging/target/surefire-reports for the individual test results.
[ERROR] Please refer to dump files (if any exist) [date].dump, [date]-jvmRun[N].dump and [date].dumpstream.
[ERROR] -> [Help 1]
[ERROR] 
[ERROR] To see the full stack trace of the errors, re-run Maven with the -e switch.
[ERROR] Re-run Maven using the -X switch to enable full debug logging.
[ERROR] 
[ERROR] For more information about the errors and possible solutions, please read the following articles:
[ERROR] [Help 1] http://cwiki.apache.org/confluence/display/MAVEN/MojoFailureException
[ERROR] 
[ERROR] After correcting the problems, you can resume the build with the command
[ERROR]   mvn <args> -rf :messaging
