[INFO] Scanning for projects...
[INFO] 
[INFO] ----------------< org.apache.commons:commons-compress >-----------------
[INFO] Building Apache Commons Compress 1.21-SNAPSHOT
[INFO] --------------------------------[ jar ]---------------------------------
[INFO] 
[INFO] --- maven-clean-plugin:3.1.0:clean (default-clean) @ commons-compress ---
[INFO] Deleting /home/gabsko/breaking-updates/target
[INFO] 
[INFO] --- maven-enforcer-plugin:3.0.0-M3:enforce (enforce-maven-version) @ commons-compress ---
[INFO] 
[INFO] --- maven-enforcer-plugin:3.0.0-M3:enforce (enforce-maven-3) @ commons-compress ---
[INFO] 
[INFO] --- apache-rat-plugin:0.13:check (rat-check) @ commons-compress ---
[INFO] Enabled default license matchers.
[INFO] Will parse SCM ignores for exclusions...
[INFO] Parsing exclusions from /home/gabsko/breaking-updates/.gitignore
[INFO] Finished adding exclusions from SCM ignore files.
[INFO] 68 implicit excludes (use -debug for more details).
[INFO] 13 explicit excludes (use -debug for more details).
[INFO] 432 resources included (use -debug for more details)
[INFO] Rat check: Summary over all files. Unapproved: 0, unknown: 0, generated: 0, approved: 426 licenses.
[INFO] 
[INFO] --- build-helper-maven-plugin:3.2.0:parse-version (parse-version) @ commons-compress ---
[INFO] 
[INFO] --- maven-antrun-plugin:1.8:run (javadoc.resources) @ commons-compress ---
[INFO] Executing tasks

main:
     [copy] Copying 2 files to /home/gabsko/breaking-updates/target/apidocs/META-INF
[INFO] Executed tasks
[INFO] 
[INFO] --- maven-remote-resources-plugin:1.7.0:process (process-resource-bundles) @ commons-compress ---
[INFO] Skipping remote resources execution.
[INFO] 
[INFO] --- buildnumber-maven-plugin:1.4:create (default) @ commons-compress ---
[INFO] Executing: /bin/sh -c cd '/home/gabsko/breaking-updates' && 'git' 'rev-parse' '--verify' 'HEAD'
[INFO] Working directory: /home/gabsko/breaking-updates
[INFO] Storing buildNumber: 511ffecc036344f312c81ecc731754faba423ea5 at timestamp: 1675251548869
[INFO] Storing buildScmBranch: branch-apache/commons-compress-511ffecc036344f312c81ecc731754faba423ea5
[INFO] 
[INFO] --- maven-resources-plugin:3.1.0:resources (default-resources) @ commons-compress ---
[INFO] Using 'iso-8859-1' encoding to copy filtered resources.
[INFO] skip non existing resourceDirectory /home/gabsko/breaking-updates/src/main/resources
[INFO] Copying 2 resources to META-INF
[INFO] 
[INFO] --- maven-compiler-plugin:3.8.1:compile (default-compile) @ commons-compress ---
[INFO] Changes detected - recompiling the module!
[INFO] Compiling 216 source files to /home/gabsko/breaking-updates/target/classes
[INFO] /home/gabsko/breaking-updates/src/main/java/org/apache/commons/compress/archivers/zip/ExtraFieldUtils.java: Some input files use or override a deprecated API.
[INFO] /home/gabsko/breaking-updates/src/main/java/org/apache/commons/compress/archivers/zip/ExtraFieldUtils.java: Recompile with -Xlint:deprecation for details.
[INFO] 
[INFO] --- maven-bundle-plugin:5.1.1:manifest (bundle-manifest) @ commons-compress ---
[INFO] 
[INFO] --- maven-resources-plugin:3.1.0:testResources (default-testResources) @ commons-compress ---
[INFO] Using 'iso-8859-1' encoding to copy filtered resources.
[INFO] Copying 221 resources
[INFO] Copying 2 resources to META-INF
[INFO] 
[INFO] --- maven-antrun-plugin:1.8:run (default) @ commons-compress ---
[INFO] Executing tasks

main:
    [untar] Expanding: /home/gabsko/breaking-updates/src/test/resources/zstd-tests.tar into /home/gabsko/breaking-updates/target/test-classes
[INFO] Executed tasks
[INFO] 
[INFO] --- maven-compiler-plugin:3.8.1:testCompile (default-testCompile) @ commons-compress ---
[INFO] Changes detected - recompiling the module!
[INFO] Compiling 155 source files to /home/gabsko/breaking-updates/target/test-classes
[INFO] /home/gabsko/breaking-updates/src/test/java/org/apache/commons/compress/archivers/zip/X5455_ExtendedTimestampTest.java: Some input files use or override a deprecated API.
[INFO] /home/gabsko/breaking-updates/src/test/java/org/apache/commons/compress/archivers/zip/X5455_ExtendedTimestampTest.java: Recompile with -Xlint:deprecation for details.
[INFO] 
[INFO] --- animal-sniffer-maven-plugin:1.19:check (checkAPIcompatibility) @ commons-compress ---
[INFO] Signature checking is skipped.
[INFO] 
[INFO] --- jacoco-maven-plugin:0.8.5:prepare-agent (prepare-agent) @ commons-compress ---
[INFO] argLine set to -javaagent:/home/gabsko/.m2/repository/org/jacoco/org.jacoco.agent/0.8.5/org.jacoco.agent-0.8.5-runtime.jar=destfile=/home/gabsko/breaking-updates/target/jacoco.exec
[INFO] 
[INFO] --- maven-surefire-plugin:2.22.2:test (default-test) @ commons-compress ---
[INFO] 
[INFO] -------------------------------------------------------
[INFO]  T E S T S
[INFO] -------------------------------------------------------
[INFO] Running org.apache.commons.compress.utils.CountingStreamTest
[INFO] Tests run: 2, Failures: 0, Errors: 0, Skipped: 0, Time elapsed: 0.036 s - in org.apache.commons.compress.utils.CountingStreamTest
[INFO] Running org.apache.commons.compress.utils.ByteUtilsTest
[INFO] Tests run: 26, Failures: 0, Errors: 0, Skipped: 0, Time elapsed: 0.002 s - in org.apache.commons.compress.utils.ByteUtilsTest
[INFO] Running org.apache.commons.compress.utils.SeekableInMemoryByteChannelTest
[WARNING] Tests run: 27, Failures: 0, Errors: 0, Skipped: 3, Time elapsed: 0.003 s - in org.apache.commons.compress.utils.SeekableInMemoryByteChannelTest
[INFO] Running org.apache.commons.compress.utils.SkipShieldingInputStreamTest
[INFO] Tests run: 3, Failures: 0, Errors: 0, Skipped: 0, Time elapsed: 0 s - in org.apache.commons.compress.utils.SkipShieldingInputStreamTest
[INFO] Running org.apache.commons.compress.utils.BitInputStreamTest
[INFO] Tests run: 18, Failures: 0, Errors: 0, Skipped: 0, Time elapsed: 0.004 s - in org.apache.commons.compress.utils.BitInputStreamTest
[INFO] Running org.apache.commons.compress.utils.ChecksumVerifyingInputStreamTest
[INFO] Tests run: 3, Failures: 0, Errors: 0, Skipped: 0, Time elapsed: 0 s - in org.apache.commons.compress.utils.ChecksumVerifyingInputStreamTest
[INFO] Running org.apache.commons.compress.utils.FileNameUtilsTest
[INFO] Tests run: 4, Failures: 0, Errors: 0, Skipped: 0, Time elapsed: 0.001 s - in org.apache.commons.compress.utils.FileNameUtilsTest
[INFO] Running org.apache.commons.compress.utils.MultiReadOnlySeekableByteChannelTest
[WARNING] Tests run: 19, Failures: 0, Errors: 0, Skipped: 1, Time elapsed: 0.078 s - in org.apache.commons.compress.utils.MultiReadOnlySeekableByteChannelTest
[INFO] Running org.apache.commons.compress.utils.ZipSplitReadOnlySeekableByteChannelTest
[INFO] Tests run: 12, Failures: 0, Errors: 0, Skipped: 0, Time elapsed: 0.103 s - in org.apache.commons.compress.utils.ZipSplitReadOnlySeekableByteChannelTest
[INFO] Running org.apache.commons.compress.utils.ServiceLoaderIteratorTest
[INFO] Tests run: 3, Failures: 0, Errors: 0, Skipped: 0, Time elapsed: 0.012 s - in org.apache.commons.compress.utils.ServiceLoaderIteratorTest
[INFO] Running org.apache.commons.compress.utils.IOUtilsTest
[INFO] Tests run: 6, Failures: 0, Errors: 0, Skipped: 0, Time elapsed: 0.005 s - in org.apache.commons.compress.utils.IOUtilsTest
[INFO] Running org.apache.commons.compress.utils.CharsetsTest
[INFO] Tests run: 1, Failures: 0, Errors: 0, Skipped: 0, Time elapsed: 0 s - in org.apache.commons.compress.utils.CharsetsTest
[INFO] Running org.apache.commons.compress.utils.FixedLengthBlockOutputStreamTest
[INFO] Tests run: 9, Failures: 0, Errors: 0, Skipped: 0, Time elapsed: 0.091 s - in org.apache.commons.compress.utils.FixedLengthBlockOutputStreamTest
[INFO] Running org.apache.commons.compress.utils.ChecksumCalculatingInputStreamTest
[INFO] Tests run: 7, Failures: 0, Errors: 0, Skipped: 0, Time elapsed: 0 s - in org.apache.commons.compress.utils.ChecksumCalculatingInputStreamTest
[INFO] Running org.apache.commons.compress.ChainingTestCase
[INFO] Tests run: 2, Failures: 0, Errors: 0, Skipped: 0, Time elapsed: 0.016 s - in org.apache.commons.compress.ChainingTestCase
[INFO] Running org.apache.commons.compress.DetectArchiverTestCase
[INFO] Tests run: 7, Failures: 0, Errors: 0, Skipped: 0, Time elapsed: 0.044 s - in org.apache.commons.compress.DetectArchiverTestCase
[INFO] Running org.apache.commons.compress.compressors.BZip2UtilsTestCase
[INFO] Tests run: 3, Failures: 0, Errors: 0, Skipped: 0, Time elapsed: 0.019 s - in org.apache.commons.compress.compressors.BZip2UtilsTestCase
[INFO] Running org.apache.commons.compress.compressors.pack200.Pack200UtilsTest
[INFO] Tests run: 2, Failures: 0, Errors: 0, Skipped: 0, Time elapsed: 0.063 s - in org.apache.commons.compress.compressors.pack200.Pack200UtilsTest
[INFO] Running org.apache.commons.compress.compressors.bzip2.PythonTruncatedBzip2Test
Attempt to read the whole thing in, should throw ...
[INFO] Tests run: 2, Failures: 0, Errors: 0, Skipped: 0, Time elapsed: 0.016 s - in org.apache.commons.compress.compressors.bzip2.PythonTruncatedBzip2Test
[INFO] Running org.apache.commons.compress.compressors.bzip2.BZip2NSelectorsOverflowTest
[INFO] Tests run: 1, Failures: 0, Errors: 0, Skipped: 0, Time elapsed: 0.011 s - in org.apache.commons.compress.compressors.bzip2.BZip2NSelectorsOverflowTest
[INFO] Running org.apache.commons.compress.compressors.bzip2.BZip2CompressorInputStreamTest
[INFO] Tests run: 6, Failures: 0, Errors: 0, Skipped: 0, Time elapsed: 0.692 s - in org.apache.commons.compress.compressors.bzip2.BZip2CompressorInputStreamTest
[INFO] Running org.apache.commons.compress.compressors.bzip2.BlockSortTest
[INFO] Tests run: 7, Failures: 0, Errors: 0, Skipped: 0, Time elapsed: 0.006 s - in org.apache.commons.compress.compressors.bzip2.BlockSortTest
[INFO] Running org.apache.commons.compress.compressors.FramedSnappyTestCase
test.txt written, uncompressed bytes: 369, compressed bytes: 53 after 5ms
bla.tar written, uncompressed bytes: 10240, compressed bytes: 971 after 4ms
COMPRESS-256.7z written, uncompressed bytes: 4069842, compressed bytes: 4068310 after 201ms
bigChunkTest written, uncompressed bytes: 131072, compressed bytes: 131126 after 6ms
[INFO] Tests run: 5, Failures: 0, Errors: 0, Skipped: 0, Time elapsed: 0.504 s - in org.apache.commons.compress.compressors.FramedSnappyTestCase
[INFO] Running org.apache.commons.compress.compressors.lz77support.LZ77CompressorTest
[INFO] Tests run: 14, Failures: 0, Errors: 0, Skipped: 0, Time elapsed: 0.012 s - in org.apache.commons.compress.compressors.lz77support.LZ77CompressorTest
[INFO] Running org.apache.commons.compress.compressors.lz77support.AbstractLZ77CompressorInputStreamTest
[INFO] Tests run: 3, Failures: 0, Errors: 0, Skipped: 0, Time elapsed: 0 s - in org.apache.commons.compress.compressors.lz77support.AbstractLZ77CompressorInputStreamTest
[INFO] Running org.apache.commons.compress.compressors.lz77support.ParametersTest
[INFO] Tests run: 14, Failures: 0, Errors: 0, Skipped: 0, Time elapsed: 0.001 s - in org.apache.commons.compress.compressors.lz77support.ParametersTest
[INFO] Running org.apache.commons.compress.compressors.DeflateTestCase
[INFO] Tests run: 4, Failures: 0, Errors: 0, Skipped: 0, Time elapsed: 0 s - in org.apache.commons.compress.compressors.DeflateTestCase
[INFO] Running org.apache.commons.compress.compressors.z.ZCompressorInputStreamTest
[INFO] Tests run: 3, Failures: 0, Errors: 0, Skipped: 0, Time elapsed: 0.001 s - in org.apache.commons.compress.compressors.z.ZCompressorInputStreamTest
[INFO] Running org.apache.commons.compress.compressors.snappy.SnappyRoundtripTest
COMPRESS-256.7z written, uncompressed bytes: 4069842, compressed bytes: 4067498 after 228ms
COMPRESS-256.7z.raw.sz read after 17ms
Configuration: tuned for compression ratio
bla.tar written, uncompressed bytes: 10240, compressed bytes: 949 after 3ms
bla.tar.raw.sz read after 1ms
reallyBigLiteralTest written, uncompressed bytes: 524288, compressed bytes: 524313 after 28ms
reallyBigLiteralTest.raw.sz read after 3ms
byte array written, uncompressed bytes: 2097160, compressed bytes: 2097338 after 143ms
byte array read after 7ms
lorem-ipsum.txt.gz written, uncompressed bytes: 38080, compressed bytes: 38089 after 2ms
lorem-ipsum.txt.gz.raw.sz read after 0ms
Configuration: default
bla.tar written, uncompressed bytes: 10240, compressed bytes: 955 after 1ms
bla.tar.raw.sz read after 1ms
Configuration: tuned for speed
bla.tar written, uncompressed bytes: 10240, compressed bytes: 960 after 2ms
bla.tar.raw.sz read after 1ms
[INFO] Tests run: 7, Failures: 0, Errors: 0, Skipped: 0, Time elapsed: 1.363 s - in org.apache.commons.compress.compressors.snappy.SnappyRoundtripTest
[INFO] Running org.apache.commons.compress.compressors.snappy.FramedSnappyCompressorInputStreamTest
[INFO] Tests run: 10, Failures: 0, Errors: 0, Skipped: 0, Time elapsed: 0.235 s - in org.apache.commons.compress.compressors.snappy.FramedSnappyCompressorInputStreamTest
[INFO] Running org.apache.commons.compress.compressors.LZMATestCase
[INFO] Tests run: 5, Failures: 0, Errors: 0, Skipped: 0, Time elapsed: 0.094 s - in org.apache.commons.compress.compressors.LZMATestCase
[INFO] Running org.apache.commons.compress.compressors.deflate.DeflateCompressorOutputStreamTest
[INFO] Tests run: 1, Failures: 0, Errors: 0, Skipped: 0, Time elapsed: 0 s - in org.apache.commons.compress.compressors.deflate.DeflateCompressorOutputStreamTest
[INFO] Running org.apache.commons.compress.compressors.deflate.DeflateParametersTest
[INFO] Tests run: 3, Failures: 0, Errors: 0, Skipped: 0, Time elapsed: 0.001 s - in org.apache.commons.compress.compressors.deflate.DeflateParametersTest
[INFO] Running org.apache.commons.compress.compressors.deflate.DeflateCompressorInputStreamTest
[INFO] Tests run: 5, Failures: 0, Errors: 0, Skipped: 0, Time elapsed: 0.001 s - in org.apache.commons.compress.compressors.deflate.DeflateCompressorInputStreamTest
[INFO] Running org.apache.commons.compress.compressors.BZip2TestCase
[INFO] Tests run: 5, Failures: 0, Errors: 0, Skipped: 0, Time elapsed: 0.006 s - in org.apache.commons.compress.compressors.BZip2TestCase
[INFO] Running org.apache.commons.compress.compressors.deflate64.Deflate64BugsTest
[INFO] Tests run: 1, Failures: 0, Errors: 0, Skipped: 0, Time elapsed: 0.018 s - in org.apache.commons.compress.compressors.deflate64.Deflate64BugsTest
[INFO] Running org.apache.commons.compress.compressors.deflate64.Deflate64CompressorInputStreamTest
[INFO] Tests run: 17, Failures: 0, Errors: 0, Skipped: 0, Time elapsed: 0.16 s - in org.apache.commons.compress.compressors.deflate64.Deflate64CompressorInputStreamTest
[INFO] Running org.apache.commons.compress.compressors.deflate64.HuffmanDecoderTest
[INFO] Tests run: 7, Failures: 0, Errors: 0, Skipped: 0, Time elapsed: 0.001 s - in org.apache.commons.compress.compressors.deflate64.HuffmanDecoderTest
[INFO] Running org.apache.commons.compress.compressors.GZipTestCase
[INFO] Tests run: 15, Failures: 0, Errors: 0, Skipped: 0, Time elapsed: 0.007 s - in org.apache.commons.compress.compressors.GZipTestCase
[INFO] Running org.apache.commons.compress.compressors.GzipUtilsTestCase
[INFO] Tests run: 3, Failures: 0, Errors: 0, Skipped: 0, Time elapsed: 0 s - in org.apache.commons.compress.compressors.GzipUtilsTestCase
[INFO] Running org.apache.commons.compress.compressors.CompressorStreamFactoryRoundtripTest
[INFO] Tests run: 4, Failures: 0, Errors: 0, Skipped: 0, Time elapsed: 0.061 s - in org.apache.commons.compress.compressors.CompressorStreamFactoryRoundtripTest
[INFO] Running org.apache.commons.compress.compressors.XZTestCase
XZTestCase: HeapMax=32178700288 bytes 30688.0 MB
[INFO] Tests run: 4, Failures: 0, Errors: 0, Skipped: 0, Time elapsed: 0.07 s - in org.apache.commons.compress.compressors.XZTestCase
[INFO] Running org.apache.commons.compress.compressors.DetectCompressorTestCase
[ERROR] Tests run: 8, Failures: 0, Errors: 1, Skipped: 0, Time elapsed: 0.044 s <<< FAILURE! - in org.apache.commons.compress.compressors.DetectCompressorTestCase
[ERROR] testDetection(org.apache.commons.compress.compressors.DetectCompressorTestCase)  Time elapsed: 0.013 s  <<< ERROR!
java.lang.UnsatisfiedLinkError: no libzstd-jni in java.library.path: [/usr/java/packages/lib, /usr/lib/x86_64-linux-gnu/jni, /lib/x86_64-linux-gnu, /usr/lib/x86_64-linux-gnu, /usr/lib/jni, /lib, /usr/lib]
	at org.apache.commons.compress.compressors.DetectCompressorTestCase.getStreamFor(DetectCompressorTestCase.java:274)
	at org.apache.commons.compress.compressors.DetectCompressorTestCase.testDetection(DetectCompressorTestCase.java:117)

[INFO] Running org.apache.commons.compress.compressors.CompressorServiceLoaderTest
[INFO] Tests run: 2, Failures: 0, Errors: 0, Skipped: 0, Time elapsed: 0.003 s - in org.apache.commons.compress.compressors.CompressorServiceLoaderTest
[INFO] Running org.apache.commons.compress.compressors.zstandard.ZstdUtilsTest
[INFO] Tests run: 2, Failures: 0, Errors: 0, Skipped: 0, Time elapsed: 0 s - in org.apache.commons.compress.compressors.zstandard.ZstdUtilsTest
[INFO] Running org.apache.commons.compress.compressors.zstandard.ZstdRoundtripTest
[ERROR] Tests run: 5, Failures: 0, Errors: 5, Skipped: 0, Time elapsed: 0.006 s <<< FAILURE! - in org.apache.commons.compress.compressors.zstandard.ZstdRoundtripTest
[ERROR] roundtripWithCustomLevel(org.apache.commons.compress.compressors.zstandard.ZstdRoundtripTest)  Time elapsed: 0.003 s  <<< ERROR!
java.lang.UnsatisfiedLinkError: no libzstd-jni in java.library.path: [/usr/java/packages/lib, /usr/lib/x86_64-linux-gnu/jni, /lib/x86_64-linux-gnu, /usr/lib/x86_64-linux-gnu, /usr/lib/jni, /lib, /usr/lib]
	at org.apache.commons.compress.compressors.zstandard.ZstdRoundtripTest.roundtrip(ZstdRoundtripTest.java:54)
	at org.apache.commons.compress.compressors.zstandard.ZstdRoundtripTest.roundtripWithCustomLevel(ZstdRoundtripTest.java:91)

[ERROR] directRoundtrip(org.apache.commons.compress.compressors.zstandard.ZstdRoundtripTest)  Time elapsed: 0.001 s  <<< ERROR!
java.lang.NoClassDefFoundError: Could not initialize class com.github.luben.zstd.ZstdOutputStream
	at org.apache.commons.compress.compressors.zstandard.ZstdRoundtripTest.roundtrip(ZstdRoundtripTest.java:54)
	at org.apache.commons.compress.compressors.zstandard.ZstdRoundtripTest.directRoundtrip(ZstdRoundtripTest.java:40)

[ERROR] factoryRoundtrip(org.apache.commons.compress.compressors.zstandard.ZstdRoundtripTest)  Time elapsed: 0 s  <<< ERROR!
java.lang.NoClassDefFoundError: Could not initialize class com.github.luben.zstd.ZstdOutputStream
	at org.apache.commons.compress.compressors.zstandard.ZstdRoundtripTest.factoryRoundtrip(ZstdRoundtripTest.java:76)

[ERROR] roundtripWithChecksum(org.apache.commons.compress.compressors.zstandard.ZstdRoundtripTest)  Time elapsed: 0.001 s  <<< ERROR!
java.lang.NoClassDefFoundError: Could not initialize class com.github.luben.zstd.ZstdOutputStream
	at org.apache.commons.compress.compressors.zstandard.ZstdRoundtripTest.roundtrip(ZstdRoundtripTest.java:54)
	at org.apache.commons.compress.compressors.zstandard.ZstdRoundtripTest.roundtripWithChecksum(ZstdRoundtripTest.java:111)

[ERROR] roundtripWithCloseFrameOnFlush(org.apache.commons.compress.compressors.zstandard.ZstdRoundtripTest)  Time elapsed: 0.001 s  <<< ERROR!
java.lang.NoClassDefFoundError: Could not initialize class com.github.luben.zstd.ZstdOutputStream
	at org.apache.commons.compress.compressors.zstandard.ZstdRoundtripTest.roundtrip(ZstdRoundtripTest.java:54)
	at org.apache.commons.compress.compressors.zstandard.ZstdRoundtripTest.roundtripWithCloseFrameOnFlush(ZstdRoundtripTest.java:101)

[INFO] Running org.apache.commons.compress.compressors.zstandard.ZstdCompressorInputStreamTest
[ERROR] Tests run: 9, Failures: 3, Errors: 6, Skipped: 0, Time elapsed: 0.004 s <<< FAILURE! - in org.apache.commons.compress.compressors.zstandard.ZstdCompressorInputStreamTest
[ERROR] testTurningOnCachingReEvaluatesAvailability(org.apache.commons.compress.compressors.zstandard.ZstdCompressorInputStreamTest)  Time elapsed: 0 s  <<< FAILURE!
java.lang.AssertionError: expected:<CACHED_AVAILABLE> but was:<CACHED_UNAVAILABLE>
	at org.apache.commons.compress.compressors.zstandard.ZstdCompressorInputStreamTest.testTurningOnCachingReEvaluatesAvailability(ZstdCompressorInputStreamTest.java:84)

[ERROR] testCanTurnOffCaching(org.apache.commons.compress.compressors.zstandard.ZstdCompressorInputStreamTest)  Time elapsed: 0 s  <<< FAILURE!
java.lang.AssertionError
	at org.apache.commons.compress.compressors.zstandard.ZstdCompressorInputStreamTest.testCanTurnOffCaching(ZstdCompressorInputStreamTest.java:72)

[ERROR] singleByteReadWorksAsExpected(org.apache.commons.compress.compressors.zstandard.ZstdCompressorInputStreamTest)  Time elapsed: 0.001 s  <<< ERROR!
java.lang.NoClassDefFoundError: Could not initialize class com.github.luben.zstd.ZstdInputStream
	at org.apache.commons.compress.compressors.zstandard.ZstdCompressorInputStreamTest.singleByteReadWorksAsExpected(ZstdCompressorInputStreamTest.java:116)

[ERROR] singleByteReadConsistentlyReturnsMinusOneAtEof(org.apache.commons.compress.compressors.zstandard.ZstdCompressorInputStreamTest)  Time elapsed: 0.001 s  <<< ERROR!
java.lang.NoClassDefFoundError: Could not initialize class com.github.luben.zstd.ZstdInputStream
	at org.apache.commons.compress.compressors.zstandard.ZstdCompressorInputStreamTest.singleByteReadConsistentlyReturnsMinusOneAtEof(ZstdCompressorInputStreamTest.java:128)

[ERROR] testZstdDecode(org.apache.commons.compress.compressors.zstandard.ZstdCompressorInputStreamTest)  Time elapsed: 0 s  <<< ERROR!
java.lang.NoClassDefFoundError: Could not initialize class com.github.luben.zstd.ZstdInputStream
	at org.apache.commons.compress.compressors.zstandard.ZstdCompressorInputStreamTest.testZstdDecode(ZstdCompressorInputStreamTest.java:49)

[ERROR] testCachingIsEnabledByDefaultAndZstdUtilsPresent(org.apache.commons.compress.compressors.zstandard.ZstdCompressorInputStreamTest)  Time elapsed: 0.001 s  <<< FAILURE!
java.lang.AssertionError: expected:<CACHED_AVAILABLE> but was:<CACHED_UNAVAILABLE>
	at org.apache.commons.compress.compressors.zstandard.ZstdCompressorInputStreamTest.testCachingIsEnabledByDefaultAndZstdUtilsPresent(ZstdCompressorInputStreamTest.java:63)

[ERROR] multiByteReadConsistentlyReturnsMinusOneAtEof(org.apache.commons.compress.compressors.zstandard.ZstdCompressorInputStreamTest)  Time elapsed: 0 s  <<< ERROR!
java.lang.NoClassDefFoundError: Could not initialize class com.github.luben.zstd.ZstdInputStream
	at org.apache.commons.compress.compressors.zstandard.ZstdCompressorInputStreamTest.multiByteReadConsistentlyReturnsMinusOneAtEof(ZstdCompressorInputStreamTest.java:142)

[ERROR] shouldBeAbleToSkipAByte(org.apache.commons.compress.compressors.zstandard.ZstdCompressorInputStreamTest)  Time elapsed: 0 s  <<< ERROR!
java.lang.NoClassDefFoundError: Could not initialize class com.github.luben.zstd.ZstdInputStream
	at org.apache.commons.compress.compressors.zstandard.ZstdCompressorInputStreamTest.shouldBeAbleToSkipAByte(ZstdCompressorInputStreamTest.java:94)

[ERROR] testZstandardUnarchive(org.apache.commons.compress.compressors.zstandard.ZstdCompressorInputStreamTest)  Time elapsed: 0.001 s  <<< ERROR!
org.apache.commons.compress.compressors.CompressorException: Zstandard compression is not available. In addition to Apache Commons Compress you need the Zstd JNI library - see https://github.com/luben/zstd-jni
	at org.apache.commons.compress.compressors.zstandard.ZstdCompressorInputStreamTest.testZstandardUnarchive(ZstdCompressorInputStreamTest.java:157)

[INFO] Running org.apache.commons.compress.compressors.ZTestCase
[INFO] Tests run: 4, Failures: 0, Errors: 0, Skipped: 0, Time elapsed: 0.004 s - in org.apache.commons.compress.compressors.ZTestCase
[INFO] Running org.apache.commons.compress.compressors.brotli.BrotliCompressorInputStreamTest
[INFO] Tests run: 10, Failures: 0, Errors: 0, Skipped: 0, Time elapsed: 0.036 s - in org.apache.commons.compress.compressors.brotli.BrotliCompressorInputStreamTest
[INFO] Running org.apache.commons.compress.compressors.lz4.BlockLZ4CompressorOutputStreamTest
[WARNING] Tests run: 20, Failures: 0, Errors: 0, Skipped: 2, Time elapsed: 0.017 s - in org.apache.commons.compress.compressors.lz4.BlockLZ4CompressorOutputStreamTest
[INFO] Running org.apache.commons.compress.compressors.lz4.XXHash32Test
[INFO] Tests run: 3, Failures: 0, Errors: 0, Skipped: 0, Time elapsed: 0.047 s - in org.apache.commons.compress.compressors.lz4.XXHash32Test
[INFO] Running org.apache.commons.compress.compressors.lz4.BlockLZ4CompressorInputStreamTest
[INFO] Tests run: 3, Failures: 0, Errors: 0, Skipped: 0, Time elapsed: 0.005 s - in org.apache.commons.compress.compressors.lz4.BlockLZ4CompressorInputStreamTest
[INFO] Running org.apache.commons.compress.compressors.lz4.BlockLZ4CompressorRoundtripTest
Configuration: default
COMPRESS-256.7z written, uncompressed bytes: 4069842, compressed bytes: 4082684 after 397ms
COMPRESS-256.7z.block.lz4 read after 36ms
Configuration: default
lorem-ipsum.txt.gz written, uncompressed bytes: 38080, compressed bytes: 38231 after 2ms
lorem-ipsum.txt.gz.block.lz4 read after 1ms
Configuration: default
bla.tar written, uncompressed bytes: 10240, compressed bytes: 594 after 2ms
bla.tar.block.lz4 read after 0ms
Configuration: tuned for speed
COMPRESS-256.7z written, uncompressed bytes: 4069842, compressed bytes: 4082689 after 324ms
COMPRESS-256.7z.block.lz4 read after 38ms
Configuration: tuned for speed
lorem-ipsum.txt.gz written, uncompressed bytes: 38080, compressed bytes: 38231 after 1ms
lorem-ipsum.txt.gz.block.lz4 read after 1ms
Configuration: tuned for speed
bla.tar written, uncompressed bytes: 10240, compressed bytes: 600 after 1ms
bla.tar.block.lz4 read after 1ms
Configuration: tuned for compression ratio
COMPRESS-256.7z written, uncompressed bytes: 4069842, compressed bytes: 4082684 after 370ms
COMPRESS-256.7z.block.lz4 read after 34ms
Configuration: tuned for compression ratio
lorem-ipsum.txt.gz written, uncompressed bytes: 38080, compressed bytes: 38231 after 2ms
lorem-ipsum.txt.gz.block.lz4 read after 1ms
Configuration: tuned for compression ratio
bla.tar written, uncompressed bytes: 10240, compressed bytes: 594 after 2ms
bla.tar.block.lz4 read after 0ms
[INFO] Tests run: 9, Failures: 0, Errors: 0, Skipped: 0, Time elapsed: 1.22 s - in org.apache.commons.compress.compressors.lz4.BlockLZ4CompressorRoundtripTest
[INFO] Running org.apache.commons.compress.compressors.lz4.FactoryTest
bla.tar written, uncompressed bytes: 10240, compressed bytes: 594 after 3ms
bla.tar.lz4-block.lz4 read after 0ms
bla.tar written, uncompressed bytes: 10240, compressed bytes: 610 after 3ms
bla.tar.lz4-framed.lz4 read after 1ms
[INFO] Tests run: 2, Failures: 0, Errors: 0, Skipped: 0, Time elapsed: 0.01 s - in org.apache.commons.compress.compressors.lz4.FactoryTest
[INFO] Running org.apache.commons.compress.compressors.lz4.FramedLZ4CompressorRoundtripTest
COMPRESS-256.7z written, uncompressed bytes: 4069842, compressed bytes: 0 after 206ms
COMPRESS-256.7z.framed.lz4 read after 13ms
lorem-ipsum.txt.gz written, uncompressed bytes: 38080, compressed bytes: 0 after 2ms
lorem-ipsum.txt.gz.framed.lz4 read after 0ms
bla.tar written, uncompressed bytes: 10240, compressed bytes: 0 after 1ms
bla.tar.framed.lz4 read after 0ms
COMPRESS-256.7z written, uncompressed bytes: 4069842, compressed bytes: 0 after 296ms
COMPRESS-256.7z.framed.lz4 read after 11ms
lorem-ipsum.txt.gz written, uncompressed bytes: 38080, compressed bytes: 0 after 2ms
lorem-ipsum.txt.gz.framed.lz4 read after 0ms
bla.tar written, uncompressed bytes: 10240, compressed bytes: 0 after 1ms
bla.tar.framed.lz4 read after 1ms
COMPRESS-256.7z written, uncompressed bytes: 4069842, compressed bytes: 0 after 320ms
COMPRESS-256.7z.framed.lz4 read after 11ms
lorem-ipsum.txt.gz written, uncompressed bytes: 38080, compressed bytes: 0 after 3ms
lorem-ipsum.txt.gz.framed.lz4 read after 0ms
bla.tar written, uncompressed bytes: 10240, compressed bytes: 0 after 1ms
bla.tar.framed.lz4 read after 0ms
COMPRESS-256.7z written, uncompressed bytes: 4069842, compressed bytes: 0 after 332ms
COMPRESS-256.7z.framed.lz4 read after 11ms
lorem-ipsum.txt.gz written, uncompressed bytes: 38080, compressed bytes: 0 after 3ms
lorem-ipsum.txt.gz.framed.lz4 read after 0ms
bla.tar written, uncompressed bytes: 10240, compressed bytes: 0 after 2ms
bla.tar.framed.lz4 read after 1ms
COMPRESS-256.7z written, uncompressed bytes: 4069842, compressed bytes: 0 after 300ms
COMPRESS-256.7z.framed.lz4 read after 6ms
lorem-ipsum.txt.gz written, uncompressed bytes: 38080, compressed bytes: 0 after 2ms
lorem-ipsum.txt.gz.framed.lz4 read after 1ms
bla.tar written, uncompressed bytes: 10240, compressed bytes: 0 after 2ms
bla.tar.framed.lz4 read after 0ms
COMPRESS-256.7z written, uncompressed bytes: 4069842, compressed bytes: 0 after 286ms
COMPRESS-256.7z.framed.lz4 read after 10ms
lorem-ipsum.txt.gz written, uncompressed bytes: 38080, compressed bytes: 0 after 1ms
lorem-ipsum.txt.gz.framed.lz4 read after 0ms
bla.tar written, uncompressed bytes: 10240, compressed bytes: 0 after 1ms
bla.tar.framed.lz4 read after 0ms
COMPRESS-256.7z written, uncompressed bytes: 4069842, compressed bytes: 0 after 291ms
COMPRESS-256.7z.framed.lz4 read after 13ms
lorem-ipsum.txt.gz written, uncompressed bytes: 38080, compressed bytes: 0 after 2ms
lorem-ipsum.txt.gz.framed.lz4 read after 0ms
bla.tar written, uncompressed bytes: 10240, compressed bytes: 0 after 1ms
bla.tar.framed.lz4 read after 0ms
COMPRESS-256.7z written, uncompressed bytes: 4069842, compressed bytes: 0 after 202ms
COMPRESS-256.7z.framed.lz4 read after 8ms
lorem-ipsum.txt.gz written, uncompressed bytes: 38080, compressed bytes: 0 after 2ms
lorem-ipsum.txt.gz.framed.lz4 read after 0ms
bla.tar written, uncompressed bytes: 10240, compressed bytes: 0 after 0ms
bla.tar.framed.lz4 read after 0ms
[INFO] Tests run: 24, Failures: 0, Errors: 0, Skipped: 0, Time elapsed: 2.372 s - in org.apache.commons.compress.compressors.lz4.FramedLZ4CompressorRoundtripTest
[INFO] Running org.apache.commons.compress.compressors.lz4.FramedLZ4CompressorInputStreamTest
[INFO] Tests run: 39, Failures: 0, Errors: 0, Skipped: 0, Time elapsed: 0.021 s - in org.apache.commons.compress.compressors.lz4.FramedLZ4CompressorInputStreamTest
[INFO] Running org.apache.commons.compress.compressors.xz.XZCompressorOutputStreamTest
[INFO] Tests run: 1, Failures: 0, Errors: 0, Skipped: 0, Time elapsed: 0.011 s - in org.apache.commons.compress.compressors.xz.XZCompressorOutputStreamTest
[INFO] Running org.apache.commons.compress.compressors.xz.XZUtilsTestCase
[INFO] Tests run: 7, Failures: 0, Errors: 0, Skipped: 0, Time elapsed: 0 s - in org.apache.commons.compress.compressors.xz.XZUtilsTestCase
[INFO] Running org.apache.commons.compress.compressors.xz.XZCompressorInputStreamTest
[INFO] Tests run: 5, Failures: 0, Errors: 0, Skipped: 0, Time elapsed: 0.004 s - in org.apache.commons.compress.compressors.xz.XZCompressorInputStreamTest
[INFO] Running org.apache.commons.compress.compressors.lzma.LZMAUtilsTestCase
[INFO] Tests run: 7, Failures: 0, Errors: 0, Skipped: 0, Time elapsed: 0.001 s - in org.apache.commons.compress.compressors.lzma.LZMAUtilsTestCase
[INFO] Running org.apache.commons.compress.compressors.Pack200TestCase
[INFO] Tests run: 15, Failures: 0, Errors: 0, Skipped: 0, Time elapsed: 0.038 s - in org.apache.commons.compress.compressors.Pack200TestCase
[INFO] Running org.apache.commons.compress.ArchiveUtilsTest
[INFO] Tests run: 11, Failures: 0, Errors: 0, Skipped: 0, Time elapsed: 0.004 s - in org.apache.commons.compress.ArchiveUtilsTest
[INFO] Running org.apache.commons.compress.ArchiveReadTest
[INFO] Tests run: 18, Failures: 0, Errors: 0, Skipped: 0, Time elapsed: 0.031 s - in org.apache.commons.compress.ArchiveReadTest
[INFO] Running org.apache.commons.compress.archivers.ArchiveOutputStreamTest
[INFO] Tests run: 7, Failures: 0, Errors: 0, Skipped: 0, Time elapsed: 0.012 s - in org.apache.commons.compress.archivers.ArchiveOutputStreamTest
[INFO] Running org.apache.commons.compress.archivers.ZipTestCase
[INFO] Tests run: 25, Failures: 0, Errors: 0, Skipped: 0, Time elapsed: 0.398 s - in org.apache.commons.compress.archivers.ZipTestCase
[INFO] Running org.apache.commons.compress.archivers.sevenz.CoverageTest
Analysing /dev/null/not-there
/dev/null/not-there doesn't exist or is a directory
[INFO] Tests run: 2, Failures: 0, Errors: 0, Skipped: 0, Time elapsed: 0.003 s - in org.apache.commons.compress.archivers.sevenz.CoverageTest
[INFO] Running org.apache.commons.compress.archivers.sevenz.SevenZOutputFileTest
[INFO] Tests run: 33, Failures: 0, Errors: 0, Skipped: 0, Time elapsed: 0.36 s - in org.apache.commons.compress.archivers.sevenz.SevenZOutputFileTest
[INFO] Running org.apache.commons.compress.archivers.sevenz.SevenZMethodConfigurationTest
[INFO] Tests run: 9, Failures: 0, Errors: 0, Skipped: 0, Time elapsed: 0 s - in org.apache.commons.compress.archivers.sevenz.SevenZMethodConfigurationTest
[INFO] Running org.apache.commons.compress.archivers.sevenz.AES256SHA256DecoderTest
[INFO] Tests run: 1, Failures: 0, Errors: 0, Skipped: 0, Time elapsed: 0.002 s - in org.apache.commons.compress.archivers.sevenz.AES256SHA256DecoderTest
[INFO] Running org.apache.commons.compress.archivers.sevenz.SevenZArchiveEntryTest
[INFO] Tests run: 8, Failures: 0, Errors: 0, Skipped: 0, Time elapsed: 0 s - in org.apache.commons.compress.archivers.sevenz.SevenZArchiveEntryTest
[INFO] Running org.apache.commons.compress.archivers.sevenz.SevenZFileTest
[INFO] Tests run: 35, Failures: 0, Errors: 0, Skipped: 0, Time elapsed: 51.707 s - in org.apache.commons.compress.archivers.sevenz.SevenZFileTest
[INFO] Running org.apache.commons.compress.archivers.sevenz.FolderTest
[INFO] Tests run: 4, Failures: 0, Errors: 0, Skipped: 0, Time elapsed: 0 s - in org.apache.commons.compress.archivers.sevenz.FolderTest
[INFO] Running org.apache.commons.compress.archivers.sevenz.SevenZNativeHeapTest
[INFO] Tests run: 2, Failures: 0, Errors: 0, Skipped: 0, Time elapsed: 0 s - in org.apache.commons.compress.archivers.sevenz.SevenZNativeHeapTest
[INFO] Running org.apache.commons.compress.archivers.cpio.CpioUtilTest
[INFO] Tests run: 7, Failures: 0, Errors: 0, Skipped: 0, Time elapsed: 0 s - in org.apache.commons.compress.archivers.cpio.CpioUtilTest
[INFO] Running org.apache.commons.compress.archivers.cpio.CpioArchiveInputStreamTest
[INFO] Tests run: 5, Failures: 0, Errors: 0, Skipped: 0, Time elapsed: 0.003 s - in org.apache.commons.compress.archivers.cpio.CpioArchiveInputStreamTest
[INFO] Running org.apache.commons.compress.archivers.cpio.CpioArchiveTest
[INFO] Tests run: 4, Failures: 0, Errors: 0, Skipped: 0, Time elapsed: 0.001 s - in org.apache.commons.compress.archivers.cpio.CpioArchiveTest
[INFO] Running org.apache.commons.compress.archivers.cpio.CpioArchiveOutputStreamTest
[INFO] Tests run: 1, Failures: 0, Errors: 0, Skipped: 0, Time elapsed: 0 s - in org.apache.commons.compress.archivers.cpio.CpioArchiveOutputStreamTest
[INFO] Running org.apache.commons.compress.archivers.arj.CoverageTest
[INFO] Tests run: 3, Failures: 0, Errors: 0, Skipped: 0, Time elapsed: 0.001 s - in org.apache.commons.compress.archivers.arj.CoverageTest
[INFO] Running org.apache.commons.compress.archivers.arj.ArjArchiveInputStreamTest
[INFO] Tests run: 5, Failures: 0, Errors: 0, Skipped: 0, Time elapsed: 0.003 s - in org.apache.commons.compress.archivers.arj.ArjArchiveInputStreamTest
[INFO] Running org.apache.commons.compress.archivers.tar.TarMemoryFileSystemTest
[INFO] Tests run: 3, Failures: 0, Errors: 0, Skipped: 0, Time elapsed: 0.093 s - in org.apache.commons.compress.archivers.tar.TarMemoryFileSystemTest
[INFO] Running org.apache.commons.compress.archivers.tar.TarUtilsTest
[INFO] Tests run: 18, Failures: 0, Errors: 0, Skipped: 0, Time elapsed: 0.008 s - in org.apache.commons.compress.archivers.tar.TarUtilsTest
[INFO] Running org.apache.commons.compress.archivers.tar.SparseFilesTest
[INFO] Tests run: 6, Failures: 0, Errors: 0, Skipped: 0, Time elapsed: 0.106 s - in org.apache.commons.compress.archivers.tar.SparseFilesTest
[INFO] Running org.apache.commons.compress.archivers.tar.TarArchiveOutputStreamTest
[INFO] Tests run: 31, Failures: 0, Errors: 0, Skipped: 0, Time elapsed: 2.044 s - in org.apache.commons.compress.archivers.tar.TarArchiveOutputStreamTest
[INFO] Running org.apache.commons.compress.archivers.tar.TarArchiveInputStreamTest
[INFO] Tests run: 28, Failures: 0, Errors: 0, Skipped: 0, Time elapsed: 0.055 s - in org.apache.commons.compress.archivers.tar.TarArchiveInputStreamTest
[INFO] Running org.apache.commons.compress.archivers.tar.TarArchiveEntryTest
[WARNING] Tests run: 13, Failures: 0, Errors: 0, Skipped: 3, Time elapsed: 0.004 s - in org.apache.commons.compress.archivers.tar.TarArchiveEntryTest
[INFO] Running org.apache.commons.compress.archivers.ArchiveServiceLoaderTest
[INFO] Tests run: 2, Failures: 0, Errors: 0, Skipped: 0, Time elapsed: 0 s - in org.apache.commons.compress.archivers.ArchiveServiceLoaderTest
[INFO] Running org.apache.commons.compress.archivers.ar.ArArchiveOutputStreamTest
[INFO] Tests run: 2, Failures: 0, Errors: 0, Skipped: 0, Time elapsed: 0 s - in org.apache.commons.compress.archivers.ar.ArArchiveOutputStreamTest
[INFO] Running org.apache.commons.compress.archivers.ar.ArArchiveInputStreamTest
[INFO] Tests run: 7, Failures: 0, Errors: 0, Skipped: 0, Time elapsed: 0.001 s - in org.apache.commons.compress.archivers.ar.ArArchiveInputStreamTest
[INFO] Running org.apache.commons.compress.archivers.ArchiveStreamFactoryTest
[INFO] Tests run: 13, Failures: 0, Errors: 0, Skipped: 0, Time elapsed: 0.01 s - in org.apache.commons.compress.archivers.ArchiveStreamFactoryTest
[INFO] Running org.apache.commons.compress.archivers.DumpTestCase
[INFO] Tests run: 6, Failures: 0, Errors: 0, Skipped: 0, Time elapsed: 0.005 s - in org.apache.commons.compress.archivers.DumpTestCase
[INFO] Running org.apache.commons.compress.archivers.jar.JarMarkerTest
[INFO] Tests run: 1, Failures: 0, Errors: 0, Skipped: 0, Time elapsed: 0 s - in org.apache.commons.compress.archivers.jar.JarMarkerTest
[INFO] Running org.apache.commons.compress.archivers.jar.JarArchiveOutputStreamTest
[INFO] Tests run: 1, Failures: 0, Errors: 0, Skipped: 0, Time elapsed: 0 s - in org.apache.commons.compress.archivers.jar.JarArchiveOutputStreamTest
[INFO] Running org.apache.commons.compress.archivers.examples.ParameterizedArchiverTest
[INFO] Tests run: 12, Failures: 0, Errors: 0, Skipped: 0, Time elapsed: 0.024 s - in org.apache.commons.compress.archivers.examples.ParameterizedArchiverTest
[INFO] Running org.apache.commons.compress.archivers.examples.ExpanderTest
[INFO] Tests run: 10, Failures: 0, Errors: 0, Skipped: 0, Time elapsed: 0.236 s - in org.apache.commons.compress.archivers.examples.ExpanderTest
[INFO] Running org.apache.commons.compress.archivers.examples.ParameterizedExpanderTest
[INFO] Tests run: 18, Failures: 0, Errors: 0, Skipped: 0, Time elapsed: 0.04 s - in org.apache.commons.compress.archivers.examples.ParameterizedExpanderTest
[INFO] Running org.apache.commons.compress.archivers.examples.SevenZArchiverTest
[INFO] Tests run: 4, Failures: 0, Errors: 0, Skipped: 0, Time elapsed: 0.025 s - in org.apache.commons.compress.archivers.examples.SevenZArchiverTest
[INFO] Running org.apache.commons.compress.archivers.zip.X7875_NewUnixTest
[INFO] Tests run: 5, Failures: 0, Errors: 0, Skipped: 0, Time elapsed: 0.001 s - in org.apache.commons.compress.archivers.zip.X7875_NewUnixTest
[INFO] Running org.apache.commons.compress.archivers.zip.ExplodeSupportTest
[INFO] Tests run: 7, Failures: 0, Errors: 0, Skipped: 0, Time elapsed: 0.017 s - in org.apache.commons.compress.archivers.zip.ExplodeSupportTest
[INFO] Running org.apache.commons.compress.archivers.zip.ParallelScatterZipCreatorTest
[INFO] Tests run: 7, Failures: 0, Errors: 0, Skipped: 0, Time elapsed: 0.845 s - in org.apache.commons.compress.archivers.zip.ParallelScatterZipCreatorTest
[INFO] Running org.apache.commons.compress.archivers.zip.PkWareExtraHeaderTest
[INFO] Tests run: 2, Failures: 0, Errors: 0, Skipped: 0, Time elapsed: 0.001 s - in org.apache.commons.compress.archivers.zip.PkWareExtraHeaderTest
[INFO] Running org.apache.commons.compress.archivers.zip.BinaryTreeTest
[INFO] Tests run: 2, Failures: 0, Errors: 0, Skipped: 0, Time elapsed: 0 s - in org.apache.commons.compress.archivers.zip.BinaryTreeTest
[INFO] Running org.apache.commons.compress.archivers.zip.ZipEightByteIntegerTest
[INFO] Tests run: 6, Failures: 0, Errors: 0, Skipped: 0, Time elapsed: 0 s - in org.apache.commons.compress.archivers.zip.ZipEightByteIntegerTest
[INFO] Running org.apache.commons.compress.archivers.zip.NioZipEncodingTest
[INFO] Tests run: 7, Failures: 0, Errors: 0, Skipped: 0, Time elapsed: 0.001 s - in org.apache.commons.compress.archivers.zip.NioZipEncodingTest
[INFO] Running org.apache.commons.compress.archivers.zip.ExtraFieldUtilsTest
[INFO] Tests run: 7, Failures: 0, Errors: 0, Skipped: 0, Time elapsed: 0.004 s - in org.apache.commons.compress.archivers.zip.ExtraFieldUtilsTest
[INFO] Running org.apache.commons.compress.archivers.zip.ZipEncodingTest
[INFO] Tests run: 7, Failures: 0, Errors: 0, Skipped: 0, Time elapsed: 0.048 s - in org.apache.commons.compress.archivers.zip.ZipEncodingTest
[INFO] Running org.apache.commons.compress.archivers.zip.Zip64ExtendedInformationExtraFieldTest
[INFO] Tests run: 12, Failures: 0, Errors: 0, Skipped: 0, Time elapsed: 0 s - in org.apache.commons.compress.archivers.zip.Zip64ExtendedInformationExtraFieldTest
[INFO] Running org.apache.commons.compress.archivers.zip.Maven221MultiVolumeTest
[INFO] Tests run: 2, Failures: 0, Errors: 0, Skipped: 0, Time elapsed: 0.122 s - in org.apache.commons.compress.archivers.zip.Maven221MultiVolumeTest
[INFO] Running org.apache.commons.compress.archivers.zip.ScatterZipOutputStreamTest
[INFO] Tests run: 1, Failures: 0, Errors: 0, Skipped: 0, Time elapsed: 0.001 s - in org.apache.commons.compress.archivers.zip.ScatterZipOutputStreamTest
[INFO] Running org.apache.commons.compress.archivers.zip.GeneralPurposeBitTest
[INFO] Tests run: 7, Failures: 0, Errors: 0, Skipped: 0, Time elapsed: 0 s - in org.apache.commons.compress.archivers.zip.GeneralPurposeBitTest
[INFO] Running org.apache.commons.compress.archivers.zip.ZipSplitOutputStreamTest
[INFO] Tests run: 5, Failures: 0, Errors: 0, Skipped: 0, Time elapsed: 0.002 s - in org.apache.commons.compress.archivers.zip.ZipSplitOutputStreamTest
[INFO] Running org.apache.commons.compress.archivers.zip.BitStreamTest
[INFO] Tests run: 5, Failures: 0, Errors: 0, Skipped: 0, Time elapsed: 0 s - in org.apache.commons.compress.archivers.zip.BitStreamTest
[INFO] Running org.apache.commons.compress.archivers.zip.UTF8ZipFilesTest
[INFO] Tests run: 19, Failures: 0, Errors: 0, Skipped: 0, Time elapsed: 0.026 s - in org.apache.commons.compress.archivers.zip.UTF8ZipFilesTest
[INFO] Running org.apache.commons.compress.archivers.zip.X5455_ExtendedTimestampTest
[INFO] Tests run: 8, Failures: 0, Errors: 0, Skipped: 0, Time elapsed: 0.01 s - in org.apache.commons.compress.archivers.zip.X5455_ExtendedTimestampTest
[INFO] Running org.apache.commons.compress.archivers.zip.ZipClassCoverageTest
[INFO] Tests run: 3, Failures: 0, Errors: 0, Skipped: 0, Time elapsed: 0 s - in org.apache.commons.compress.archivers.zip.ZipClassCoverageTest
[INFO] Running org.apache.commons.compress.archivers.zip.ZipArchiveInputStreamTest
[INFO] Tests run: 46, Failures: 0, Errors: 0, Skipped: 0, Time elapsed: 0.381 s - in org.apache.commons.compress.archivers.zip.ZipArchiveInputStreamTest
[INFO] Running org.apache.commons.compress.archivers.zip.ScatterSampleTest
[INFO] Tests run: 1, Failures: 0, Errors: 0, Skipped: 0, Time elapsed: 0.002 s - in org.apache.commons.compress.archivers.zip.ScatterSampleTest
[INFO] Running org.apache.commons.compress.archivers.zip.EncryptedArchiveTest
[INFO] Tests run: 2, Failures: 0, Errors: 0, Skipped: 0, Time elapsed: 0 s - in org.apache.commons.compress.archivers.zip.EncryptedArchiveTest
[INFO] Running org.apache.commons.compress.archivers.zip.X000A_NTFSTest
[INFO] Tests run: 1, Failures: 0, Errors: 0, Skipped: 0, Time elapsed: 0 s - in org.apache.commons.compress.archivers.zip.X000A_NTFSTest
[INFO] Running org.apache.commons.compress.archivers.zip.ZipLongTest
[INFO] Tests run: 6, Failures: 0, Errors: 0, Skipped: 0, Time elapsed: 0 s - in org.apache.commons.compress.archivers.zip.ZipLongTest
[INFO] Running org.apache.commons.compress.archivers.zip.DataDescriptorTest
[INFO] Tests run: 3, Failures: 0, Errors: 0, Skipped: 0, Time elapsed: 0.001 s - in org.apache.commons.compress.archivers.zip.DataDescriptorTest
[INFO] Running org.apache.commons.compress.archivers.zip.CircularBufferTest
[INFO] Tests run: 2, Failures: 0, Errors: 0, Skipped: 0, Time elapsed: 0.001 s - in org.apache.commons.compress.archivers.zip.CircularBufferTest
[INFO] Running org.apache.commons.compress.archivers.zip.ZipFileIgnoringLocalFileHeaderTest
[INFO] Tests run: 5, Failures: 0, Errors: 0, Skipped: 0, Time elapsed: 0.002 s - in org.apache.commons.compress.archivers.zip.ZipFileIgnoringLocalFileHeaderTest
[INFO] Running org.apache.commons.compress.archivers.zip.ZipArchiveEntryTest
[INFO] Tests run: 17, Failures: 0, Errors: 0, Skipped: 0, Time elapsed: 0.004 s - in org.apache.commons.compress.archivers.zip.ZipArchiveEntryTest
[INFO] Running org.apache.commons.compress.archivers.zip.ZipFileTest
[INFO] Tests run: 44, Failures: 0, Errors: 0, Skipped: 0, Time elapsed: 0.11 s - in org.apache.commons.compress.archivers.zip.ZipFileTest
[INFO] Running org.apache.commons.compress.archivers.zip.AsiExtraFieldTest
[INFO] Tests run: 4, Failures: 0, Errors: 0, Skipped: 0, Time elapsed: 0.002 s - in org.apache.commons.compress.archivers.zip.AsiExtraFieldTest
[INFO] Running org.apache.commons.compress.archivers.zip.ZipUtilTest
[INFO] Tests run: 13, Failures: 0, Errors: 0, Skipped: 0, Time elapsed: 0.004 s - in org.apache.commons.compress.archivers.zip.ZipUtilTest
[INFO] Running org.apache.commons.compress.archivers.zip.ZipShortTest
[INFO] Tests run: 6, Failures: 0, Errors: 0, Skipped: 0, Time elapsed: 0 s - in org.apache.commons.compress.archivers.zip.ZipShortTest
[INFO] Running org.apache.commons.compress.archivers.zip.StreamCompressorTest
[INFO] Tests run: 3, Failures: 0, Errors: 0, Skipped: 0, Time elapsed: 0 s - in org.apache.commons.compress.archivers.zip.StreamCompressorTest
[INFO] Running org.apache.commons.compress.archivers.memory.MemoryArchiveTestCase
[INFO] Tests run: 1, Failures: 0, Errors: 0, Skipped: 0, Time elapsed: 0 s - in org.apache.commons.compress.archivers.memory.MemoryArchiveTestCase
[INFO] Running org.apache.commons.compress.archivers.CpioTestCase
[INFO] Tests run: 6, Failures: 0, Errors: 0, Skipped: 0, Time elapsed: 0.005 s - in org.apache.commons.compress.archivers.CpioTestCase
[INFO] Running org.apache.commons.compress.archivers.ArTestCase
[WARNING] Tests run: 8, Failures: 0, Errors: 0, Skipped: 2, Time elapsed: 0.003 s - in org.apache.commons.compress.archivers.ArTestCase
[INFO] Running org.apache.commons.compress.archivers.LongPathTest
[INFO] Tests run: 24, Failures: 0, Errors: 0, Skipped: 0, Time elapsed: 0.041 s - in org.apache.commons.compress.archivers.LongPathTest
[INFO] Running org.apache.commons.compress.archivers.TarTestCase
[INFO] Tests run: 10, Failures: 0, Errors: 0, Skipped: 0, Time elapsed: 0.006 s - in org.apache.commons.compress.archivers.TarTestCase
[INFO] Running org.apache.commons.compress.archivers.dump.DumpArchiveUtilTest
[INFO] Tests run: 3, Failures: 0, Errors: 0, Skipped: 0, Time elapsed: 0 s - in org.apache.commons.compress.archivers.dump.DumpArchiveUtilTest
[INFO] Running org.apache.commons.compress.archivers.dump.DumpArchiveInputStreamTest
[INFO] Tests run: 5, Failures: 0, Errors: 0, Skipped: 0, Time elapsed: 0.001 s - in org.apache.commons.compress.archivers.dump.DumpArchiveInputStreamTest
[INFO] Running org.apache.commons.compress.archivers.dump.DumpArchiveEntryTest
[INFO] Tests run: 2, Failures: 0, Errors: 0, Skipped: 0, Time elapsed: 0 s - in org.apache.commons.compress.archivers.dump.DumpArchiveEntryTest
[INFO] Running org.apache.commons.compress.archivers.LongSymLinkTest
[INFO] Tests run: 1, Failures: 0, Errors: 0, Skipped: 0, Time elapsed: 0 s - in org.apache.commons.compress.archivers.LongSymLinkTest
[INFO] Running org.apache.commons.compress.archivers.SevenZTestCase
[INFO] Tests run: 16, Failures: 0, Errors: 0, Skipped: 0, Time elapsed: 0.308 s - in org.apache.commons.compress.archivers.SevenZTestCase
[INFO] Running org.apache.commons.compress.archivers.JarTestCase
[INFO] Tests run: 3, Failures: 0, Errors: 0, Skipped: 0, Time elapsed: 0.004 s - in org.apache.commons.compress.archivers.JarTestCase
Cleaning up unclosed ZipFile for archive unknown archive
[INFO] Running org.apache.commons.compress.archivers.ExceptionMessageTest
[INFO] Tests run: 4, Failures: 0, Errors: 0, Skipped: 0, Time elapsed: 0 s - in org.apache.commons.compress.archivers.ExceptionMessageTest
[INFO] Running org.apache.commons.compress.IOMethodsTest
[INFO] Tests run: 10, Failures: 0, Errors: 0, Skipped: 0, Time elapsed: 0.012 s - in org.apache.commons.compress.IOMethodsTest
[INFO] Running org.apache.commons.compress.changes.ChangeSetTestCase
[INFO] Tests run: 28, Failures: 0, Errors: 0, Skipped: 0, Time elapsed: 0.07 s - in org.apache.commons.compress.changes.ChangeSetTestCase
[INFO] Running org.apache.commons.compress.changes.ChangeTest
[INFO] Tests run: 3, Failures: 0, Errors: 0, Skipped: 0, Time elapsed: 0 s - in org.apache.commons.compress.changes.ChangeTest
[INFO] Running org.apache.commons.compress.OsgiITest
SLF4J: Failed to load class "org.slf4j.impl.StaticLoggerBinder".
SLF4J: Defaulting to no-operation (NOP) logger implementation
SLF4J: See http://www.slf4j.org/codes.html#StaticLoggerBinder for further details.
[org.ops4j.pax.swissbox.extender.BundleWatcher] : Creating bundle watcher with scanner [org.ops4j.pax.swissbox.extender.BundleManifestScanner@3fb8be3d]...
[org.ops4j.pax.swissbox.extender.BundleWatcher] : Scanning bundle [org.apache.felix.framework]
[org.ops4j.pax.swissbox.extender.BundleWatcher] : Scanning bundle [org.ops4j.pax.exam]
[org.ops4j.pax.swissbox.extender.BundleWatcher] : Scanning bundle [org.ops4j.pax.exam.inject]
[org.ops4j.pax.swissbox.extender.BundleWatcher] : Scanning bundle [org.ops4j.pax.exam.extender.service]
[org.ops4j.pax.swissbox.extender.BundleWatcher] : Scanning bundle [osgi.cmpn]
org.ops4j.pax.logging.pax-logging-api[org.ops4j.pax.logging.internal.Activator] : Enabling SLF4J API support.
org.ops4j.pax.logging.pax-logging-api[org.ops4j.pax.logging.internal.Activator] : Enabling Jakarta Commons Logging API support.
org.ops4j.pax.logging.pax-logging-api[org.ops4j.pax.logging.internal.Activator] : Enabling Log4J API support.
org.ops4j.pax.logging.pax-logging-api[org.ops4j.pax.logging.internal.Activator] : Enabling Avalon Logger API support.
org.ops4j.pax.logging.pax-logging-api[org.ops4j.pax.logging.internal.Activator] : Enabling JULI Logger API support.
org.ops4j.pax.logging.pax-logging-api[org.ops4j.pax.logging.internal.Activator] : Enabling Log4J v2 API support. Ignored FQCN: org.apache.logging.log4j.spi.AbstractLogger
org.ops4j.pax.logging.pax-logging-api[org.ops4j.pax.swissbox.extender.BundleWatcher] : Scanning bundle [org.ops4j.pax.logging.pax-logging-api]
org.ops4j.pax.logging.pax-logging-api[org.ops4j.pax.swissbox.extender.BundleWatcher] : Scanning bundle [org.ops4j.base]
org.ops4j.pax.logging.pax-logging-api[org.ops4j.pax.swissbox.extender.BundleWatcher] : Scanning bundle [org.ops4j.pax.swissbox.core]
org.ops4j.pax.logging.pax-logging-api[org.ops4j.pax.swissbox.extender.BundleWatcher] : Scanning bundle [org.ops4j.pax.swissbox.extender]
org.ops4j.pax.logging.pax-logging-api[org.ops4j.pax.swissbox.extender.BundleWatcher] : Scanning bundle [org.ops4j.pax.swissbox.framework]
org.ops4j.pax.logging.pax-logging-api[org.ops4j.pax.swissbox.extender.BundleWatcher] : Scanning bundle [org.ops4j.pax.swissbox.lifecycle]
org.ops4j.pax.logging.pax-logging-api[org.ops4j.pax.swissbox.extender.BundleWatcher] : Scanning bundle [org.ops4j.pax.swissbox.tracker]
org.ops4j.pax.logging.pax-logging-api[org.ops4j.pax.swissbox.extender.BundleWatcher] : Scanning bundle [org.apache.geronimo.specs.geronimo-atinject_1.0_spec]
org.ops4j.pax.logging.pax-logging-api[org.ops4j.pax.swissbox.extender.BundleWatcher] : Scanning bundle [org.apache.felix.scr]
org.ops4j.pax.logging.pax-logging-api[org.ops4j.pax.swissbox.extender.BundleWatcher] : Scanning bundle [org.apache.felix.configadmin]
org.ops4j.pax.logging.pax-logging-api[org.ops4j.pax.swissbox.extender.BundleWatcher] : Scanning bundle [org.ops4j.pax.tipi.junit]
org.ops4j.pax.logging.pax-logging-api[org.ops4j.pax.swissbox.extender.BundleWatcher] : Scanning bundle [org.ops4j.pax.exam.invoker.junit]
org.ops4j.pax.logging.pax-logging-api[org.ops4j.pax.swissbox.extender.BundleWatcher] : Scanning bundle [org.apache.servicemix.bundles.hamcrest]
org.ops4j.pax.logging.pax-logging-api[org.ops4j.pax.swissbox.extender.BundleWatcher] : Scanning bundle [org.apache.commons.commons-compress]
org.ops4j.pax.logging.pax-logging-api[org.ops4j.pax.swissbox.extender.BundleWatcher] : Scanning bundle [PAXEXAM-PROBE-2c38de54-d985-419f-832e-a3029f1a303c]
org.ops4j.pax.logging.pax-logging-api[org.ops4j.pax.swissbox.extender.BundleWatcher] : Found resources [ManifestEntry{ key=PaxExam-Executable, value=PaxExam-8c0a7c7e-66a1-432c-9b52-48739c42f7e8, }, ManifestEntry{ key=PaxExam-8c0a7c7e-66a1-432c-9b52-48739c42f7e8, value=org.apache.commons.compress.OsgiITest;loadBundle }]
org.ops4j.pax.exam.extender.service[org.ops4j.pax.exam.raw.extender.intern.Probe] : Test PaxExam-Executable to be in PaxExam-8c0a7c7e-66a1-432c-9b52-48739c42f7e8,
org.ops4j.pax.exam.extender.service[org.ops4j.pax.exam.raw.extender.intern.Probe] : Test PaxExam-8c0a7c7e-66a1-432c-9b52-48739c42f7e8 to be in PaxExam-8c0a7c7e-66a1-432c-9b52-48739c42f7e8,
org.ops4j.pax.exam.extender.service[org.ops4j.pax.exam.raw.extender.intern.Probe] : Registering Service: org.ops4j.pax.exam.ProbeInvoker with Probe-Signature="PaxExam-8c0a7c7e-66a1-432c-9b52-48739c42f7e8" and expression="org.apache.commons.compress.OsgiITest;loadBundle"
org.ops4j.pax.exam.invoker.junit[org.ops4j.pax.exam.invoker.junit.internal.ContainerTestRunner] : running loadBundle in reactor
org.ops4j.pax.logging.pax-logging-api[org.ops4j.pax.swissbox.extender.BundleWatcher] : Releasing bundle [PAXEXAM-PROBE-2c38de54-d985-419f-832e-a3029f1a303c]
org.ops4j.pax.logging.pax-logging-api[org.ops4j.pax.swissbox.extender.BundleWatcher] : Un-registering [ManifestEntry{ key=PaxExam-Executable, value=PaxExam-8c0a7c7e-66a1-432c-9b52-48739c42f7e8, }, ManifestEntry{ key=PaxExam-8c0a7c7e-66a1-432c-9b52-48739c42f7e8, value=org.apache.commons.compress.OsgiITest;loadBundle }]
org.ops4j.pax.logging.pax-logging-api[org.ops4j.pax.exam.raw.extender.intern.TestBundleObserver] : Unregistered testcase [org.ops4j.pax.exam.raw.extender.intern.Probe@7764237.]
org.ops4j.pax.logging.pax-logging-api[org.ops4j.pax.swissbox.extender.BundleWatcher] : Releasing bundle [org.apache.commons.commons-compress]
org.ops4j.pax.logging.pax-logging-api[org.ops4j.pax.swissbox.extender.BundleWatcher] : Releasing bundle [org.apache.servicemix.bundles.hamcrest]
org.ops4j.pax.logging.pax-logging-api[org.ops4j.pax.swissbox.extender.BundleWatcher] : Releasing bundle [org.ops4j.pax.exam.invoker.junit]
org.ops4j.pax.logging.pax-logging-api[org.ops4j.pax.swissbox.extender.BundleWatcher] : Releasing bundle [org.ops4j.pax.tipi.junit]
org.ops4j.pax.logging.pax-logging-api[org.ops4j.pax.swissbox.extender.BundleWatcher] : Releasing bundle [org.apache.felix.configadmin]
org.ops4j.pax.logging.pax-logging-api[org.ops4j.pax.swissbox.extender.BundleWatcher] : Releasing bundle [org.apache.felix.scr]
org.ops4j.pax.logging.pax-logging-api[org.ops4j.pax.swissbox.extender.BundleWatcher] : Releasing bundle [org.apache.geronimo.specs.geronimo-atinject_1.0_spec]
org.ops4j.pax.logging.pax-logging-api[org.ops4j.pax.swissbox.extender.BundleWatcher] : Releasing bundle [org.ops4j.pax.swissbox.tracker]
org.ops4j.pax.logging.pax-logging-api[org.ops4j.pax.swissbox.extender.BundleWatcher] : Releasing bundle [org.ops4j.pax.swissbox.lifecycle]
org.ops4j.pax.logging.pax-logging-api[org.ops4j.pax.swissbox.extender.BundleWatcher] : Releasing bundle [org.ops4j.pax.swissbox.framework]
org.ops4j.pax.logging.pax-logging-api[org.ops4j.pax.swissbox.extender.BundleWatcher] : Releasing bundle [org.ops4j.pax.swissbox.extender]
org.ops4j.pax.logging.pax-logging-api[org.ops4j.pax.swissbox.extender.BundleWatcher] : Releasing bundle [org.ops4j.pax.swissbox.core]
org.ops4j.pax.logging.pax-logging-api[org.ops4j.pax.swissbox.extender.BundleWatcher] : Releasing bundle [org.ops4j.base]
org.ops4j.pax.logging.pax-logging-api[org.ops4j.pax.logging.internal.Activator] : Disabling SLF4J API support.
org.ops4j.pax.logging.pax-logging-api[org.ops4j.pax.logging.internal.Activator] : Disabling Jakarta Commons Logging API support.
org.ops4j.pax.logging.pax-logging-api[org.ops4j.pax.logging.internal.Activator] : Disabling Log4J API support.
org.ops4j.pax.logging.pax-logging-api[org.ops4j.pax.logging.internal.Activator] : Disabling Avalon Logger API support.
org.ops4j.pax.logging.pax-logging-api[org.ops4j.pax.logging.internal.Activator] : Disabling JULI Logger API support.
org.ops4j.pax.logging.pax-logging-api[org.ops4j.pax.logging.internal.Activator] : Disabling Log4J v2 API support. Ignored FQCN: org.apache.logging.log4j.spi.AbstractLogger
org.ops4j.pax.logging.pax-logging-api[org.ops4j.pax.swissbox.extender.BundleWatcher] : Releasing bundle [org.ops4j.pax.logging.pax-logging-api]
org.ops4j.pax.logging.pax-logging-api[org.ops4j.pax.swissbox.extender.BundleWatcher] : Releasing bundle [osgi.cmpn]
org.ops4j.pax.logging.pax-logging-api[org.ops4j.pax.swissbox.extender.BundleWatcher] : Releasing bundle [org.ops4j.pax.exam]
org.ops4j.pax.logging.pax-logging-api[org.ops4j.pax.swissbox.extender.BundleWatcher] : Releasing bundle [org.ops4j.pax.exam.inject]
org.ops4j.pax.logging.pax-logging-api[org.ops4j.pax.swissbox.extender.BundleWatcher] : Releasing bundle [org.ops4j.pax.exam.extender.service]
org.ops4j.pax.logging.pax-logging-api[org.ops4j.pax.swissbox.extender.BundleWatcher] : Releasing bundle [org.apache.felix.framework]
[INFO] Tests run: 1, Failures: 0, Errors: 0, Skipped: 0, Time elapsed: 2.522 s - in org.apache.commons.compress.OsgiITest
[INFO] 
[INFO] Results:
[INFO] 
[ERROR] Failures: 
[ERROR]   ZstdCompressorInputStreamTest.testCachingIsEnabledByDefaultAndZstdUtilsPresent:63 expected:<CACHED_AVAILABLE> but was:<CACHED_UNAVAILABLE>
[ERROR]   ZstdCompressorInputStreamTest.testCanTurnOffCaching:72
[ERROR]   ZstdCompressorInputStreamTest.testTurningOnCachingReEvaluatesAvailability:84 expected:<CACHED_AVAILABLE> but was:<CACHED_UNAVAILABLE>
[ERROR] Errors: 
[ERROR]   DetectCompressorTestCase.testDetection:117->getStreamFor:274  UnsatisfiedLink
[ERROR]   ZstdCompressorInputStreamTest.multiByteReadConsistentlyReturnsMinusOneAtEof:142  NoClassDefFound
[ERROR]   ZstdCompressorInputStreamTest.shouldBeAbleToSkipAByte:94  NoClassDefFound Cou...
[ERROR]   ZstdCompressorInputStreamTest.singleByteReadConsistentlyReturnsMinusOneAtEof:128  NoClassDefFound
[ERROR]   ZstdCompressorInputStreamTest.singleByteReadWorksAsExpected:116  NoClassDefFound
[ERROR]   ZstdCompressorInputStreamTest.testZstandardUnarchive:157  Compressor Zstandar...
[ERROR]   ZstdCompressorInputStreamTest.testZstdDecode:49  NoClassDefFound Could not in...
[ERROR]   ZstdRoundtripTest.directRoundtrip:40->roundtrip:54  NoClassDefFound Could not...
[ERROR]   ZstdRoundtripTest.factoryRoundtrip:76  NoClassDefFound Could not initialize c...
[ERROR]   ZstdRoundtripTest.roundtripWithChecksum:111->roundtrip:54  NoClassDefFound Co...
[ERROR]   ZstdRoundtripTest.roundtripWithCloseFrameOnFlush:101->roundtrip:54  NoClassDefFound
[ERROR]   ZstdRoundtripTest.roundtripWithCustomLevel:91->roundtrip:54  UnsatisfiedLink ...
[INFO] 
[ERROR] Tests run: 1220, Failures: 3, Errors: 12, Skipped: 11
[INFO] 
[INFO] ------------------------------------------------------------------------
[INFO] BUILD FAILURE
[INFO] ------------------------------------------------------------------------
[INFO] Total time:  01:15 min
[INFO] Finished at: 2023-02-01T11:40:22Z
[INFO] ------------------------------------------------------------------------
[ERROR] Failed to execute goal org.apache.maven.plugins:maven-surefire-plugin:2.22.2:test (default-test) on project commons-compress: There are test failures.
[ERROR] 
[ERROR] Please refer to /home/gabsko/breaking-updates/target/surefire-reports for the individual test results.
[ERROR] Please refer to dump files (if any exist) [date].dump, [date]-jvmRun[N].dump and [date].dumpstream.
[ERROR] -> [Help 1]
[ERROR] 
[ERROR] To see the full stack trace of the errors, re-run Maven with the -e switch.
[ERROR] Re-run Maven using the -X switch to enable full debug logging.
[ERROR] 
[ERROR] For more information about the errors and possible solutions, please read the following articles:
[ERROR] [Help 1] http://cwiki.apache.org/confluence/display/MAVEN/MojoFailureException
