[INFO] Scanning for projects...
[INFO] Inspecting build with total of 1 modules...
[INFO] Installing Nexus Staging features:
[INFO]   ... total of 1 executions of maven-deploy-plugin replaced with nexus-staging-maven-plugin
[INFO] 
[INFO] ------------------< fr.inria.gforge.spoon:spoon-core >------------------
[INFO] Building Spoon Core 10.2.0-SNAPSHOT
[INFO] --------------------------------[ jar ]---------------------------------
[INFO] 
[INFO] --- maven-clean-plugin:3.2.0:clean (default-clean) @ spoon-core ---
[INFO] Deleting /home/gabsko/breaking-updates/target
[INFO] 
[INFO] --- jacoco-maven-plugin:0.8.8:prepare-agent (default) @ spoon-core ---
[INFO] argLine set to -javaagent:/home/gabsko/.m2/repository/org/jacoco/org.jacoco.agent/0.8.8/org.jacoco.agent-0.8.8-runtime.jar=destfile=/home/gabsko/breaking-updates/target/jacoco.exec
[INFO] 
[INFO] --- maven-resources-plugin:3.3.0:resources (default-resources) @ spoon-core ---
[INFO] Copying 3 resources
[INFO] 
[INFO] --- maven-compiler-plugin:3.10.1:compile (default-compile) @ spoon-core ---
[INFO] Compiling 705 source files to /home/gabsko/breaking-updates/target/classes
[WARNING] /home/gabsko/breaking-updates/src/main/java/spoon/reflect/reference/CtTypeReference.java:[61,18] deprecated item is not annotated with @Deprecated
[WARNING] /home/gabsko/breaking-updates/src/main/java/spoon/reflect/cu/SourcePosition.java:[43,9] spoon.reflect.cu.CompilationUnit in spoon.reflect.cu has been deprecated
[WARNING] /home/gabsko/breaking-updates/src/main/java/spoon/reflect/cu/SourcePosition.java:[43,9] spoon.reflect.cu.CompilationUnit in spoon.reflect.cu has been deprecated
[WARNING] /home/gabsko/breaking-updates/src/main/java/spoon/reflect/cu/SourcePosition.java:[43,9] spoon.reflect.cu.CompilationUnit in spoon.reflect.cu has been deprecated
[WARNING] /home/gabsko/breaking-updates/src/main/java/spoon/reflect/visitor/CtScanner.java:[230,70] unchecked cast
  required: java.util.Collection<? extends spoon.reflect.declaration.CtElement>
  found:    java.lang.Object
[WARNING] /home/gabsko/breaking-updates/src/main/java/spoon/reflect/visitor/CtScanner.java:[233,71] unchecked cast
  required: java.util.Map<java.lang.String,? extends spoon.reflect.declaration.CtElement>
  found:    java.lang.Object
[WARNING] /home/gabsko/breaking-updates/src/main/java/spoon/reflect/visitor/EarlyTerminatingScanner.java:[183,70] unchecked cast
  required: java.util.Collection<? extends spoon.reflect.declaration.CtElement>
  found:    java.lang.Object
[WARNING] /home/gabsko/breaking-updates/src/main/java/spoon/support/sniper/internal/ElementSourceFragment.java:[755,17] spoon.reflect.cu.CompilationUnit in spoon.reflect.cu has been deprecated
[WARNING] /home/gabsko/breaking-updates/src/main/java/spoon/support/sniper/internal/ElementSourceFragment.java:[883,59] unchecked cast
  required: T
  found:    spoon.support.sniper.internal.SourceFragment
[WARNING] /home/gabsko/breaking-updates/src/main/java/spoon/reflect/declaration/CtType.java:[69,18] deprecated item is not annotated with @Deprecated
[WARNING] /home/gabsko/breaking-updates/src/main/java/spoon/support/reflect/declaration/CtElementImpl.java:[203,36] unchecked cast
  required: E
  found:    spoon.support.reflect.declaration.CtElementImpl
[WARNING] /home/gabsko/breaking-updates/src/main/java/spoon/support/reflect/declaration/CtElementImpl.java:[210,28] unchecked cast
  required: E
  found:    spoon.support.reflect.declaration.CtElementImpl
[WARNING] /home/gabsko/breaking-updates/src/main/java/spoon/support/reflect/declaration/CtElementImpl.java:[226,36] unchecked cast
  required: E
  found:    spoon.support.reflect.declaration.CtElementImpl
[WARNING] /home/gabsko/breaking-updates/src/main/java/spoon/support/reflect/declaration/CtElementImpl.java:[234,28] unchecked cast
  required: E
  found:    spoon.support.reflect.declaration.CtElementImpl
[WARNING] /home/gabsko/breaking-updates/src/main/java/spoon/support/reflect/declaration/CtElementImpl.java:[251,44] unchecked cast
  required: E
  found:    spoon.support.reflect.declaration.CtElementImpl
[WARNING] /home/gabsko/breaking-updates/src/main/java/spoon/support/reflect/declaration/CtElementImpl.java:[255,28] unchecked cast
  required: E
  found:    spoon.support.reflect.declaration.CtElementImpl
[WARNING] /home/gabsko/breaking-updates/src/main/java/spoon/support/reflect/declaration/CtElementImpl.java:[265,28] unchecked cast
  required: E
  found:    spoon.support.reflect.declaration.CtElementImpl
[WARNING] /home/gabsko/breaking-updates/src/main/java/spoon/support/reflect/declaration/CtElementImpl.java:[276,28] unchecked cast
  required: E
  found:    spoon.support.reflect.declaration.CtElementImpl
[WARNING] /home/gabsko/breaking-updates/src/main/java/spoon/support/reflect/declaration/CtElementImpl.java:[316,28] unchecked cast
  required: E
  found:    spoon.support.reflect.declaration.CtElementImpl
[WARNING] /home/gabsko/breaking-updates/src/main/java/spoon/support/reflect/declaration/CtElementImpl.java:[370,28] unchecked cast
  required: E
  found:    spoon.support.reflect.declaration.CtElementImpl
[WARNING] /home/gabsko/breaking-updates/src/main/java/spoon/support/reflect/declaration/CtElementImpl.java:[469,36] unchecked cast
  required: E
  found:    spoon.support.reflect.declaration.CtElementImpl
[WARNING] /home/gabsko/breaking-updates/src/main/java/spoon/support/reflect/declaration/CtElementImpl.java:[477,28] unchecked cast
  required: E
  found:    spoon.support.reflect.declaration.CtElementImpl
[WARNING] /home/gabsko/breaking-updates/src/main/java/spoon/support/reflect/declaration/CtElementImpl.java:[486,28] unchecked cast
  required: E
  found:    spoon.support.reflect.declaration.CtElementImpl
[WARNING] /home/gabsko/breaking-updates/src/main/java/spoon/support/reflect/declaration/CtElementImpl.java:[521,36] unchecked cast
  required: E
  found:    spoon.support.reflect.declaration.CtElementImpl
[WARNING] /home/gabsko/breaking-updates/src/main/java/spoon/support/reflect/declaration/CtElementImpl.java:[529,28] unchecked cast
  required: E
  found:    spoon.support.reflect.declaration.CtElementImpl
[WARNING] /home/gabsko/breaking-updates/src/main/java/spoon/support/reflect/declaration/CtElementImpl.java:[535,36] unchecked cast
  required: E
  found:    spoon.support.reflect.declaration.CtElementImpl
[WARNING] /home/gabsko/breaking-updates/src/main/java/spoon/support/reflect/declaration/CtElementImpl.java:[539,28] unchecked cast
  required: E
  found:    spoon.support.reflect.declaration.CtElementImpl
[WARNING] /home/gabsko/breaking-updates/src/main/java/spoon/support/reflect/declaration/CtElementImpl.java:[546,36] unchecked cast
  required: E
  found:    spoon.support.reflect.declaration.CtElementImpl
[WARNING] /home/gabsko/breaking-updates/src/main/java/spoon/support/reflect/declaration/CtElementImpl.java:[553,28] unchecked cast
  required: E
  found:    spoon.support.reflect.declaration.CtElementImpl
[WARNING] /home/gabsko/breaking-updates/src/main/java/spoon/support/reflect/declaration/CtElementImpl.java:[571,28] unchecked cast
  required: E
  found:    spoon.support.reflect.declaration.CtElementImpl
[WARNING] /home/gabsko/breaking-updates/src/main/java/spoon/reflect/declaration/CtEnumValue.java:[30,21] clone() in spoon.reflect.declaration.CtEnumValue overrides clone() in spoon.reflect.declaration.CtField
  return type requires unchecked conversion from spoon.reflect.declaration.CtEnumValue to spoon.reflect.declaration.CtField<T>
[WARNING] /home/gabsko/breaking-updates/src/main/java/spoon/reflect/factory/Factory.java:[743,9] spoon.reflect.cu.CompilationUnit in spoon.reflect.cu has been deprecated
[WARNING] /home/gabsko/breaking-updates/src/main/java/spoon/reflect/factory/Factory.java:[743,9] spoon.reflect.cu.CompilationUnit in spoon.reflect.cu has been deprecated
[WARNING] /home/gabsko/breaking-updates/src/main/java/spoon/reflect/factory/Factory.java:[743,9] spoon.reflect.cu.CompilationUnit in spoon.reflect.cu has been deprecated
[WARNING] /home/gabsko/breaking-updates/src/main/java/spoon/reflect/factory/Factory.java:[748,45] spoon.reflect.cu.CompilationUnit in spoon.reflect.cu has been deprecated
[WARNING] /home/gabsko/breaking-updates/src/main/java/spoon/reflect/factory/Factory.java:[748,45] spoon.reflect.cu.CompilationUnit in spoon.reflect.cu has been deprecated
[WARNING] /home/gabsko/breaking-updates/src/main/java/spoon/reflect/factory/Factory.java:[748,45] spoon.reflect.cu.CompilationUnit in spoon.reflect.cu has been deprecated
[WARNING] /home/gabsko/breaking-updates/src/main/java/spoon/reflect/factory/Factory.java:[753,65] spoon.reflect.cu.CompilationUnit in spoon.reflect.cu has been deprecated
[WARNING] /home/gabsko/breaking-updates/src/main/java/spoon/reflect/factory/Factory.java:[753,65] spoon.reflect.cu.CompilationUnit in spoon.reflect.cu has been deprecated
[WARNING] /home/gabsko/breaking-updates/src/main/java/spoon/reflect/factory/Factory.java:[753,65] spoon.reflect.cu.CompilationUnit in spoon.reflect.cu has been deprecated
[WARNING] /home/gabsko/breaking-updates/src/main/java/spoon/reflect/factory/Factory.java:[758,67] spoon.reflect.cu.CompilationUnit in spoon.reflect.cu has been deprecated
[WARNING] /home/gabsko/breaking-updates/src/main/java/spoon/reflect/factory/Factory.java:[758,67] spoon.reflect.cu.CompilationUnit in spoon.reflect.cu has been deprecated
[WARNING] /home/gabsko/breaking-updates/src/main/java/spoon/reflect/factory/Factory.java:[758,67] spoon.reflect.cu.CompilationUnit in spoon.reflect.cu has been deprecated
[WARNING] /home/gabsko/breaking-updates/src/main/java/spoon/reflect/factory/Factory.java:[1049,52] spoon.reflect.cu.CompilationUnit in spoon.reflect.cu has been deprecated
[WARNING] /home/gabsko/breaking-updates/src/main/java/spoon/reflect/factory/Factory.java:[1049,52] spoon.reflect.cu.CompilationUnit in spoon.reflect.cu has been deprecated
[WARNING] /home/gabsko/breaking-updates/src/main/java/spoon/reflect/factory/Factory.java:[1049,52] spoon.reflect.cu.CompilationUnit in spoon.reflect.cu has been deprecated
[WARNING] /home/gabsko/breaking-updates/src/main/java/spoon/reflect/factory/CoreFactory.java:[400,25] spoon.reflect.cu.CompilationUnit in spoon.reflect.cu has been deprecated
[WARNING] /home/gabsko/breaking-updates/src/main/java/spoon/reflect/factory/CoreFactory.java:[400,25] spoon.reflect.cu.CompilationUnit in spoon.reflect.cu has been deprecated
[WARNING] /home/gabsko/breaking-updates/src/main/java/spoon/reflect/factory/CoreFactory.java:[400,25] spoon.reflect.cu.CompilationUnit in spoon.reflect.cu has been deprecated
[WARNING] /home/gabsko/breaking-updates/src/main/java/spoon/reflect/factory/CoreFactory.java:[404,52] spoon.reflect.cu.CompilationUnit in spoon.reflect.cu has been deprecated
[WARNING] /home/gabsko/breaking-updates/src/main/java/spoon/reflect/factory/CoreFactory.java:[404,52] spoon.reflect.cu.CompilationUnit in spoon.reflect.cu has been deprecated
[WARNING] /home/gabsko/breaking-updates/src/main/java/spoon/reflect/factory/CoreFactory.java:[404,52] spoon.reflect.cu.CompilationUnit in spoon.reflect.cu has been deprecated
[WARNING] /home/gabsko/breaking-updates/src/main/java/spoon/reflect/factory/CoreFactory.java:[410,25] spoon.reflect.cu.CompilationUnit in spoon.reflect.cu has been deprecated
[WARNING] /home/gabsko/breaking-updates/src/main/java/spoon/reflect/factory/CoreFactory.java:[410,25] spoon.reflect.cu.CompilationUnit in spoon.reflect.cu has been deprecated
[WARNING] /home/gabsko/breaking-updates/src/main/java/spoon/reflect/factory/CoreFactory.java:[410,25] spoon.reflect.cu.CompilationUnit in spoon.reflect.cu has been deprecated
[WARNING] /home/gabsko/breaking-updates/src/main/java/spoon/reflect/factory/CoreFactory.java:[419,25] spoon.reflect.cu.CompilationUnit in spoon.reflect.cu has been deprecated
[WARNING] /home/gabsko/breaking-updates/src/main/java/spoon/reflect/factory/CoreFactory.java:[419,25] spoon.reflect.cu.CompilationUnit in spoon.reflect.cu has been deprecated
[WARNING] /home/gabsko/breaking-updates/src/main/java/spoon/reflect/factory/CoreFactory.java:[419,25] spoon.reflect.cu.CompilationUnit in spoon.reflect.cu has been deprecated
[WARNING] /home/gabsko/breaking-updates/src/main/java/spoon/reflect/factory/CoreFactory.java:[429,25] spoon.reflect.cu.CompilationUnit in spoon.reflect.cu has been deprecated
[WARNING] /home/gabsko/breaking-updates/src/main/java/spoon/reflect/factory/CoreFactory.java:[429,25] spoon.reflect.cu.CompilationUnit in spoon.reflect.cu has been deprecated
[WARNING] /home/gabsko/breaking-updates/src/main/java/spoon/reflect/factory/CoreFactory.java:[429,25] spoon.reflect.cu.CompilationUnit in spoon.reflect.cu has been deprecated
[WARNING] /home/gabsko/breaking-updates/src/main/java/spoon/reflect/factory/CoreFactory.java:[570,9] spoon.reflect.cu.CompilationUnit in spoon.reflect.cu has been deprecated
[WARNING] /home/gabsko/breaking-updates/src/main/java/spoon/reflect/factory/CoreFactory.java:[570,9] spoon.reflect.cu.CompilationUnit in spoon.reflect.cu has been deprecated
[WARNING] /home/gabsko/breaking-updates/src/main/java/spoon/reflect/factory/CoreFactory.java:[570,9] spoon.reflect.cu.CompilationUnit in spoon.reflect.cu has been deprecated
[WARNING] /home/gabsko/breaking-updates/src/main/java/spoon/reflect/factory/TypeFactory.java:[335,24] unchecked conversion
  required: spoon.reflect.reference.CtTypeReference<T>
  found:    spoon.reflect.reference.CtTypeReference
[WARNING] /home/gabsko/breaking-updates/src/main/java/spoon/reflect/factory/TypeFactory.java:[412,24] unchecked conversion
  required: spoon.reflect.reference.CtTypeReference<T>
  found:    spoon.reflect.reference.CtTypeReference
[WARNING] /home/gabsko/breaking-updates/src/main/java/spoon/reflect/factory/TypeFactory.java:[489,66] unchecked cast
  required: java.util.Map<K,T>
  found:    java.lang.Object
[WARNING] /home/gabsko/breaking-updates/src/main/java/spoon/reflect/factory/CodeFactory.java:[202,85] unchecked call to getConstructor(spoon.reflect.reference.CtTypeReference<?>...) as a member of the raw type spoon.reflect.declaration.CtClass
[WARNING] /home/gabsko/breaking-updates/src/main/java/spoon/reflect/factory/CodeFactory.java:[202,85] unchecked conversion
  required: spoon.reflect.declaration.CtConstructor<T>
  found:    spoon.reflect.declaration.CtConstructor
[WARNING] /home/gabsko/breaking-updates/src/main/java/spoon/reflect/factory/CodeFactory.java:[210,32] unchecked call to <C>setSuperclass(spoon.reflect.reference.CtTypeReference<?>) as a member of the raw type spoon.reflect.declaration.CtType
[WARNING] /home/gabsko/breaking-updates/src/main/java/spoon/reflect/factory/CodeFactory.java:[265,121] unchecked cast
  required: java.lang.Class<T>
  found:    java.lang.Class<capture#1 of ? extends java.lang.Object>
[WARNING] /home/gabsko/breaking-updates/src/main/java/spoon/reflect/factory/CodeFactory.java:[265,130] unchecked cast
  required: spoon.reflect.reference.CtTypeReference<T>
  found:    spoon.reflect.reference.CtTypeReference<capture#2 of ?>
[WARNING] /home/gabsko/breaking-updates/src/main/java/spoon/reflect/factory/CodeFactory.java:[267,85] unchecked cast
  required: spoon.reflect.reference.CtTypeReference<T>
  found:    spoon.reflect.reference.CtTypeReference<capture#3 of ?>
[WARNING] /home/gabsko/breaking-updates/src/main/java/spoon/reflect/factory/ExecutableFactory.java:[112,86] unchecked conversion
  required: spoon.reflect.declaration.CtMethod<T>
  found:    spoon.reflect.declaration.CtMethod
[WARNING] /home/gabsko/breaking-updates/src/main/java/spoon/reflect/factory/CompilationUnitFactory.java:[45,39] spoon.reflect.cu.CompilationUnit in spoon.reflect.cu has been deprecated
[WARNING] /home/gabsko/breaking-updates/src/main/java/spoon/reflect/factory/CompilationUnitFactory.java:[45,39] spoon.reflect.cu.CompilationUnit in spoon.reflect.cu has been deprecated
[WARNING] /home/gabsko/breaking-updates/src/main/java/spoon/reflect/factory/CompilationUnitFactory.java:[45,39] spoon.reflect.cu.CompilationUnit in spoon.reflect.cu has been deprecated
[WARNING] /home/gabsko/breaking-updates/src/main/java/spoon/reflect/factory/CompilationUnitFactory.java:[54,28] spoon.reflect.cu.CompilationUnit in spoon.reflect.cu has been deprecated
[WARNING] /home/gabsko/breaking-updates/src/main/java/spoon/reflect/factory/CompilationUnitFactory.java:[54,28] spoon.reflect.cu.CompilationUnit in spoon.reflect.cu has been deprecated
[WARNING] /home/gabsko/breaking-updates/src/main/java/spoon/reflect/factory/CompilationUnitFactory.java:[54,28] spoon.reflect.cu.CompilationUnit in spoon.reflect.cu has been deprecated
[WARNING] /home/gabsko/breaking-updates/src/main/java/spoon/reflect/factory/CompilationUnitFactory.java:[64,16] spoon.reflect.cu.CompilationUnit in spoon.reflect.cu has been deprecated
[WARNING] /home/gabsko/breaking-updates/src/main/java/spoon/reflect/factory/CompilationUnitFactory.java:[64,16] spoon.reflect.cu.CompilationUnit in spoon.reflect.cu has been deprecated
[WARNING] /home/gabsko/breaking-updates/src/main/java/spoon/reflect/factory/CompilationUnitFactory.java:[64,16] spoon.reflect.cu.CompilationUnit in spoon.reflect.cu has been deprecated
[WARNING] /home/gabsko/breaking-updates/src/main/java/spoon/reflect/factory/CompilationUnitFactory.java:[68,16] spoon.reflect.cu.CompilationUnit in spoon.reflect.cu has been deprecated
[WARNING] /home/gabsko/breaking-updates/src/main/java/spoon/reflect/factory/CompilationUnitFactory.java:[68,16] spoon.reflect.cu.CompilationUnit in spoon.reflect.cu has been deprecated
[WARNING] /home/gabsko/breaking-updates/src/main/java/spoon/reflect/factory/CompilationUnitFactory.java:[68,16] spoon.reflect.cu.CompilationUnit in spoon.reflect.cu has been deprecated
[WARNING] /home/gabsko/breaking-updates/src/main/java/spoon/reflect/factory/CompilationUnitFactory.java:[82,33] spoon.reflect.cu.CompilationUnit in spoon.reflect.cu has been deprecated
[WARNING] /home/gabsko/breaking-updates/src/main/java/spoon/reflect/factory/CompilationUnitFactory.java:[102,16] spoon.reflect.cu.CompilationUnit in spoon.reflect.cu has been deprecated
[WARNING] /home/gabsko/breaking-updates/src/main/java/spoon/reflect/factory/CompilationUnitFactory.java:[102,16] spoon.reflect.cu.CompilationUnit in spoon.reflect.cu has been deprecated
[WARNING] /home/gabsko/breaking-updates/src/main/java/spoon/reflect/factory/CompilationUnitFactory.java:[102,16] spoon.reflect.cu.CompilationUnit in spoon.reflect.cu has been deprecated
[WARNING] /home/gabsko/breaking-updates/src/main/java/spoon/reflect/factory/CompilationUnitFactory.java:[113,33] spoon.reflect.cu.CompilationUnit in spoon.reflect.cu has been deprecated
[WARNING] /home/gabsko/breaking-updates/src/main/java/spoon/reflect/factory/CompilationUnitFactory.java:[130,16] spoon.reflect.cu.CompilationUnit in spoon.reflect.cu has been deprecated
[WARNING] /home/gabsko/breaking-updates/src/main/java/spoon/reflect/factory/CompilationUnitFactory.java:[130,16] spoon.reflect.cu.CompilationUnit in spoon.reflect.cu has been deprecated
[WARNING] /home/gabsko/breaking-updates/src/main/java/spoon/reflect/factory/CompilationUnitFactory.java:[130,16] spoon.reflect.cu.CompilationUnit in spoon.reflect.cu has been deprecated
[WARNING] /home/gabsko/breaking-updates/src/main/java/spoon/reflect/factory/CompilationUnitFactory.java:[137,17] spoon.reflect.cu.CompilationUnit in spoon.reflect.cu has been deprecated
[WARNING] /home/gabsko/breaking-updates/src/main/java/spoon/reflect/factory/CompilationUnitFactory.java:[142,16] spoon.reflect.cu.CompilationUnit in spoon.reflect.cu has been deprecated
[WARNING] /home/gabsko/breaking-updates/src/main/java/spoon/reflect/factory/CompilationUnitFactory.java:[142,16] spoon.reflect.cu.CompilationUnit in spoon.reflect.cu has been deprecated
[WARNING] /home/gabsko/breaking-updates/src/main/java/spoon/reflect/factory/CompilationUnitFactory.java:[142,16] spoon.reflect.cu.CompilationUnit in spoon.reflect.cu has been deprecated
[WARNING] /home/gabsko/breaking-updates/src/main/java/spoon/reflect/factory/CompilationUnitFactory.java:[149,33] spoon.reflect.cu.CompilationUnit in spoon.reflect.cu has been deprecated
[WARNING] /home/gabsko/breaking-updates/src/main/java/spoon/reflect/factory/CompilationUnitFactory.java:[162,16] spoon.reflect.cu.CompilationUnit in spoon.reflect.cu has been deprecated
[INFO] /home/gabsko/breaking-updates/src/main/java/spoon/reflect/factory/CompilationUnitFactory.java: Some input files additionally use or override a deprecated API.
[INFO] /home/gabsko/breaking-updates/src/main/java/spoon/support/reflect/declaration/CtNamedElementImpl.java: Some input files additionally use unchecked or unsafe operations.
[INFO] 
[INFO] --- maven-resources-plugin:3.3.0:testResources (default-testResources) @ spoon-core ---
[INFO] Copying 359 resources
[INFO] 
[INFO] --- maven-compiler-plugin:3.10.1:testCompile (default-testCompile) @ spoon-core ---
[INFO] Compiling 859 source files to /home/gabsko/breaking-updates/target/test-classes
[WARNING] /home/gabsko/breaking-updates/src/test/java/spoon/test/imports/ImportTest.java:[97,32] org.hamcrest.core.IsCollectionContaining in org.hamcrest.core has been deprecated
[WARNING] /home/gabsko/breaking-updates/src/test/java/spoon/test/sealedclasses/SealedClassesTest.java:[18,32] org.hamcrest.core.IsCollectionContaining in org.hamcrest.core has been deprecated
[WARNING] /home/gabsko/breaking-updates/src/test/java/spoon/test/sealedclasses/SealedClassesTest.java:[19,32] org.hamcrest.core.IsCollectionContaining in org.hamcrest.core has been deprecated
[INFO] Writing META-INF/services/org.junit.platform.launcher.TestExecutionListener
[WARNING] /home/gabsko/breaking-updates/src/test/java/spoon/test/imports/ImportTest.java:[97,32] org.hamcrest.core.IsCollectionContaining in org.hamcrest.core has been deprecated
[WARNING] /home/gabsko/breaking-updates/src/test/java/spoon/test/comment/CommentTest.java:[74,26] spoon.test.comment.testclasses in spoon.test.comment has been deprecated
[WARNING] /home/gabsko/breaking-updates/src/test/java/spoon/test/comment/CommentTest.java:[75,26] spoon.test.comment.testclasses in spoon.test.comment has been deprecated
[WARNING] /home/gabsko/breaking-updates/src/test/java/spoon/test/comment/CommentTest.java:[76,26] spoon.test.comment.testclasses in spoon.test.comment has been deprecated
[WARNING] /home/gabsko/breaking-updates/src/test/java/spoon/test/comment/CommentTest.java:[77,26] spoon.test.comment.testclasses in spoon.test.comment has been deprecated
[WARNING] /home/gabsko/breaking-updates/src/test/java/spoon/test/comment/CommentTest.java:[78,26] spoon.test.comment.testclasses in spoon.test.comment has been deprecated
[WARNING] /home/gabsko/breaking-updates/src/test/java/spoon/test/comment/CommentTest.java:[79,26] spoon.test.comment.testclasses in spoon.test.comment has been deprecated
[WARNING] /home/gabsko/breaking-updates/src/test/java/spoon/test/comment/CommentTest.java:[80,26] spoon.test.comment.testclasses in spoon.test.comment has been deprecated
[WARNING] /home/gabsko/breaking-updates/src/test/java/spoon/test/comment/CommentTest.java:[81,26] spoon.test.comment.testclasses in spoon.test.comment has been deprecated
[WARNING] /home/gabsko/breaking-updates/src/test/java/spoon/test/comment/CommentTest.java:[82,26] spoon.test.comment.testclasses in spoon.test.comment has been deprecated
[WARNING] /home/gabsko/breaking-updates/src/test/java/spoon/test/comment/CommentTest.java:[83,26] spoon.test.comment.testclasses in spoon.test.comment has been deprecated
[WARNING] /home/gabsko/breaking-updates/src/test/java/spoon/test/comment/CommentTest.java:[84,26] spoon.test.comment.testclasses in spoon.test.comment has been deprecated
[WARNING] /home/gabsko/breaking-updates/src/test/java/spoon/test/comment/CommentTest.java:[85,26] spoon.test.comment.testclasses in spoon.test.comment has been deprecated
[WARNING] /home/gabsko/breaking-updates/src/test/java/spoon/support/visitor/java/JavaReflectionTreeBuilderTest.java:[106,18] spoon.test.pkg in spoon.test has been deprecated
[WARNING] /home/gabsko/breaking-updates/src/test/java/spoon/support/visitor/java/JavaReflectionTreeBuilderTest.java:[107,18] spoon.test.pkg in spoon.test has been deprecated
[WARNING] /home/gabsko/breaking-updates/src/test/java/spoon/support/visitor/java/JavaReflectionTreeBuilderTest.java:[108,18] spoon.test.pkg in spoon.test has been deprecated
[WARNING] /home/gabsko/breaking-updates/src/test/java/spoon/support/visitor/java/JavaReflectionTreeBuilderTest.java:[109,18] spoon.test.pkg in spoon.test has been deprecated
[WARNING] /home/gabsko/breaking-updates/src/test/java/spoon/test/position/PositionTest.java:[77,26] spoon.test.comment.testclasses in spoon.test.comment has been deprecated
[WARNING] /home/gabsko/breaking-updates/src/test/java/spoon/test/position/PositionTest.java:[78,26] spoon.test.comment.testclasses in spoon.test.comment has been deprecated
[WARNING] /home/gabsko/breaking-updates/src/test/java/spoon/test/pkg/cyclic/Outside.java:[3,18] spoon.test.pkg in spoon.test has been deprecated
[WARNING] /home/gabsko/breaking-updates/src/test/java/spoon/test/pkg/cyclic/Outside.java:[4,18] spoon.test.pkg in spoon.test has been deprecated
[WARNING] /home/gabsko/breaking-updates/src/test/java/spoon/test/sealedclasses/SealedClassesTest.java:[18,32] org.hamcrest.core.IsCollectionContaining in org.hamcrest.core has been deprecated
[WARNING] /home/gabsko/breaking-updates/src/test/java/spoon/test/sealedclasses/SealedClassesTest.java:[19,32] org.hamcrest.core.IsCollectionContaining in org.hamcrest.core has been deprecated
[WARNING] /home/gabsko/breaking-updates/src/test/java/spoon/test/pkg/cyclic/indirect/package-info.java:[4,18] spoon.test.pkg in spoon.test has been deprecated
[WARNING] /home/gabsko/breaking-updates/src/test/java/spoon/test/pkg/cyclic/direct/package-info.java:[5,18] spoon.test.pkg in spoon.test has been deprecated
[WARNING] /home/gabsko/breaking-updates/src/test/java/spoon/test/imports/ImportTest.java:[97,32] org.hamcrest.core.IsCollectionContaining in org.hamcrest.core has been deprecated
[WARNING] /home/gabsko/breaking-updates/src/test/java/spoon/test/comment/CommentTest.java:[74,26] spoon.test.comment.testclasses in spoon.test.comment has been deprecated
[WARNING] /home/gabsko/breaking-updates/src/test/java/spoon/test/comment/CommentTest.java:[75,26] spoon.test.comment.testclasses in spoon.test.comment has been deprecated
[WARNING] /home/gabsko/breaking-updates/src/test/java/spoon/test/comment/CommentTest.java:[76,26] spoon.test.comment.testclasses in spoon.test.comment has been deprecated
[WARNING] /home/gabsko/breaking-updates/src/test/java/spoon/test/comment/CommentTest.java:[77,26] spoon.test.comment.testclasses in spoon.test.comment has been deprecated
[WARNING] /home/gabsko/breaking-updates/src/test/java/spoon/test/comment/CommentTest.java:[78,26] spoon.test.comment.testclasses in spoon.test.comment has been deprecated
[WARNING] /home/gabsko/breaking-updates/src/test/java/spoon/test/comment/CommentTest.java:[79,26] spoon.test.comment.testclasses in spoon.test.comment has been deprecated
[WARNING] /home/gabsko/breaking-updates/src/test/java/spoon/test/comment/CommentTest.java:[80,26] spoon.test.comment.testclasses in spoon.test.comment has been deprecated
[WARNING] /home/gabsko/breaking-updates/src/test/java/spoon/test/comment/CommentTest.java:[81,26] spoon.test.comment.testclasses in spoon.test.comment has been deprecated
[WARNING] /home/gabsko/breaking-updates/src/test/java/spoon/test/comment/CommentTest.java:[82,26] spoon.test.comment.testclasses in spoon.test.comment has been deprecated
[WARNING] /home/gabsko/breaking-updates/src/test/java/spoon/test/comment/CommentTest.java:[83,26] spoon.test.comment.testclasses in spoon.test.comment has been deprecated
[WARNING] /home/gabsko/breaking-updates/src/test/java/spoon/test/comment/CommentTest.java:[84,26] spoon.test.comment.testclasses in spoon.test.comment has been deprecated
[WARNING] /home/gabsko/breaking-updates/src/test/java/spoon/test/comment/CommentTest.java:[85,26] spoon.test.comment.testclasses in spoon.test.comment has been deprecated
[WARNING] /home/gabsko/breaking-updates/src/test/java/spoon/support/visitor/java/JavaReflectionTreeBuilderTest.java:[106,18] spoon.test.pkg in spoon.test has been deprecated
[WARNING] /home/gabsko/breaking-updates/src/test/java/spoon/support/visitor/java/JavaReflectionTreeBuilderTest.java:[107,18] spoon.test.pkg in spoon.test has been deprecated
[WARNING] /home/gabsko/breaking-updates/src/test/java/spoon/support/visitor/java/JavaReflectionTreeBuilderTest.java:[108,18] spoon.test.pkg in spoon.test has been deprecated
[WARNING] /home/gabsko/breaking-updates/src/test/java/spoon/support/visitor/java/JavaReflectionTreeBuilderTest.java:[109,18] spoon.test.pkg in spoon.test has been deprecated
[WARNING] /home/gabsko/breaking-updates/src/test/java/spoon/test/position/PositionTest.java:[77,26] spoon.test.comment.testclasses in spoon.test.comment has been deprecated
[WARNING] /home/gabsko/breaking-updates/src/test/java/spoon/test/position/PositionTest.java:[78,26] spoon.test.comment.testclasses in spoon.test.comment has been deprecated
[WARNING] /home/gabsko/breaking-updates/src/test/java/spoon/test/pkg/cyclic/Outside.java:[3,18] spoon.test.pkg in spoon.test has been deprecated
[WARNING] /home/gabsko/breaking-updates/src/test/java/spoon/test/pkg/cyclic/Outside.java:[4,18] spoon.test.pkg in spoon.test has been deprecated
[WARNING] /home/gabsko/breaking-updates/src/test/java/spoon/test/sealedclasses/SealedClassesTest.java:[18,32] org.hamcrest.core.IsCollectionContaining in org.hamcrest.core has been deprecated
[WARNING] /home/gabsko/breaking-updates/src/test/java/spoon/test/sealedclasses/SealedClassesTest.java:[19,32] org.hamcrest.core.IsCollectionContaining in org.hamcrest.core has been deprecated
[WARNING] /home/gabsko/breaking-updates/src/test/java/spoon/test/pkg/cyclic/indirect/package-info.java:[4,18] spoon.test.pkg in spoon.test has been deprecated
[WARNING] /home/gabsko/breaking-updates/src/test/java/spoon/test/pkg/cyclic/direct/package-info.java:[5,18] spoon.test.pkg in spoon.test has been deprecated
[WARNING] /home/gabsko/breaking-updates/src/test/java/spoon/test/comment/testclasses/package-info.java:[10,27] @Deprecated annotation has no effect on this package declaration
[WARNING] /home/gabsko/breaking-updates/src/test/java/spoon/test/pkg/package-info.java:[6,19] @Deprecated annotation has no effect on this package declaration
[WARNING] /home/gabsko/breaking-updates/src/test/java/spoon/test/pkg/testclasses/internal/package-info.java:[9,35] @Deprecated annotation has no effect on this package declaration
[WARNING] /home/gabsko/breaking-updates/src/test/java/spoon/test/pkg/testclasses/package-info.java:[2,23] @Deprecated annotation has no effect on this package declaration
[WARNING] /home/gabsko/breaking-updates/src/test/java/spoon/test/refactoring/CtRenameLocalVariableRefactoringTest.java:[181,49] unchecked call to getMethod(java.lang.String,java.lang.Class<?>...) as a member of the raw type java.lang.Class
[WARNING] /home/gabsko/breaking-updates/src/test/java/spoon/test/refactoring/CtRenameLocalVariableRefactoringTest.java:[181,96] newInstance() in java.lang.Class has been deprecated
[WARNING] /home/gabsko/breaking-updates/src/test/java/spoon/test/refactoring/CtRenameLocalVariableRefactoringTest.java:[191,105] toURL() in java.io.File has been deprecated
[WARNING] /home/gabsko/breaking-updates/src/test/java/spoon/test/arrays/ArraysTest.java:[62,82] getActualClass() in spoon.reflect.reference.CtTypeReference has been deprecated
[WARNING] /home/gabsko/breaking-updates/src/test/java/spoon/test/arrays/ArraysTest.java:[80,35] getActualClass() in spoon.reflect.reference.CtTypeReference has been deprecated
[WARNING] /home/gabsko/breaking-updates/src/test/java/spoon/test/arrays/ArraysTest.java:[81,34] getActualClass() in spoon.reflect.declaration.CtType has been deprecated
[WARNING] /home/gabsko/breaking-updates/src/test/java/spoon/test/arrays/ArraysTest.java:[86,48] getActualClass() in spoon.reflect.reference.CtTypeReference has been deprecated
[WARNING] /home/gabsko/breaking-updates/src/test/java/spoon/test/arrays/ArraysTest.java:[87,49] getActualClass() in spoon.reflect.declaration.CtType has been deprecated
[WARNING] /home/gabsko/breaking-updates/src/test/java/spoon/test/arrays/ArraysTest.java:[88,47] getActualClass() in spoon.reflect.declaration.CtType has been deprecated
[WARNING] /home/gabsko/breaking-updates/src/test/java/spoon/test/arrays/ArraysTest.java:[89,45] getActualClass() in spoon.reflect.declaration.CtType has been deprecated
[WARNING] /home/gabsko/breaking-updates/src/test/java/spoon/generating/clone/CloneVisitorTemplate.java:[30,28] unchecked cast
  required: T
  found:    spoon.reflect.declaration.CtElement
[WARNING] /home/gabsko/breaking-updates/src/test/java/spoon/test/refactoring/parameter/testclasses/TypeS.java:[14,31] unchecked call to method1(T) as a member of the raw type spoon.test.refactoring.parameter.testclasses.IFaceB
[WARNING] /home/gabsko/breaking-updates/src/test/java/spoon/reflect/visitor/CtInheritanceScannerTest.java:[60,82] unchecked cast
  required: T
  found:    java.lang.Object
[WARNING] /home/gabsko/breaking-updates/src/test/java/spoon/test/secondaryclasses/ClassesTest.java:[111,61] getActualClass() in spoon.reflect.reference.CtTypeReference has been deprecated
[WARNING] /home/gabsko/breaking-updates/src/test/java/spoon/test/constructorcallnewclass/ConstructorCallTest.java:[63,30] unchecked call to TreeSet(java.util.Comparator<? super E>) as a member of the raw type java.util.TreeSet
[WARNING] /home/gabsko/breaking-updates/src/test/java/spoon/test/constructorcallnewclass/ConstructorCallTest.java:[64,26] unchecked call to addAll(java.util.Collection<? extends E>) as a member of the raw type java.util.TreeSet
[WARNING] /home/gabsko/breaking-updates/src/test/java/spoon/test/constructorcallnewclass/ConstructorCallTest.java:[70,36] unchecked call to ArrayList(java.util.Collection<? extends E>) as a member of the raw type java.util.ArrayList
[WARNING] /home/gabsko/breaking-updates/src/test/java/spoon/test/constructorcallnewclass/ConstructorCallTest.java:[70,36] unchecked conversion
  required: java.util.List<spoon.reflect.code.CtConstructorCall<?>>
  found:    java.util.ArrayList
[WARNING] /home/gabsko/breaking-updates/src/test/java/spoon/test/constructorcallnewclass/ConstructorCallTest.java:[135,67] getActualClass() in spoon.reflect.reference.CtTypeReference has been deprecated
[WARNING] /home/gabsko/breaking-updates/src/test/java/spoon/generating/clone/SetterTemplateMatcher.java:[17,28] unchecked cast
  required: E
  found:    spoon.generating.clone.SetterTemplateMatcher
[WARNING] /home/gabsko/breaking-updates/src/test/java/spoon/test/intercession/IntercessionTest.java:[205,46] unchecked call to add(E) as a member of the raw type java.util.ArrayList
[WARNING] /home/gabsko/breaking-updates/src/test/java/spoon/test/intercession/IntercessionTest.java:[212,91] unchecked call to <T>toArray(T[]) as a member of the raw type java.util.ArrayList
[WARNING] /home/gabsko/breaking-updates/src/test/java/spoon/generating/MetamodelGenerator.java:[61,17] org.apache.commons.lang3.text.StrSubstitutor in org.apache.commons.lang3.text has been deprecated
[WARNING] /home/gabsko/breaking-updates/src/test/java/spoon/generating/MetamodelGenerator.java:[61,47] org.apache.commons.lang3.text.StrSubstitutor in org.apache.commons.lang3.text has been deprecated
[WARNING] /home/gabsko/breaking-updates/src/test/java/spoon/generating/MetamodelGenerator.java:[70,119] getActualClass() in spoon.reflect.declaration.CtType has been deprecated
[WARNING] /home/gabsko/breaking-updates/src/test/java/spoon/generating/MetamodelGenerator.java:[70,73] unchecked method invocation: method getRoleScanningOrderOfType in class spoon.generating.MetamodelGenerator is applied to given types
  required: spoon.reflect.factory.Factory,java.lang.Class<? extends spoon.reflect.declaration.CtElement>
  found: spoon.reflect.factory.Factory,java.lang.Class
[WARNING] /home/gabsko/breaking-updates/src/test/java/spoon/generating/MetamodelGenerator.java:[70,83] unchecked conversion
  required: java.lang.Class<? extends spoon.reflect.declaration.CtElement>
  found:    java.lang.Class
[WARNING] /home/gabsko/breaking-updates/src/test/java/spoon/generating/MetamodelGenerator.java:[70,73] unchecked conversion
  required: java.util.List<spoon.reflect.path.CtRole>
  found:    java.util.List
[WARNING] /home/gabsko/breaking-updates/src/test/java/spoon/generating/MetamodelGenerator.java:[78,17] unchecked call to ArrayList(java.util.Collection<? extends E>) as a member of the raw type java.util.ArrayList
[WARNING] /home/gabsko/breaking-updates/src/test/java/spoon/generating/MetamodelGenerator.java:[78,76] unchecked call to forEach(java.util.function.Consumer<? super T>) as a member of the raw type java.util.stream.Stream
[WARNING] /home/gabsko/breaking-updates/src/test/java/spoon/generating/MetamodelGenerator.java:[97,17] org.apache.commons.lang3.text.StrSubstitutor in org.apache.commons.lang3.text has been deprecated
[WARNING] /home/gabsko/breaking-updates/src/test/java/spoon/generating/MetamodelGenerator.java:[97,47] org.apache.commons.lang3.text.StrSubstitutor in org.apache.commons.lang3.text has been deprecated
[WARNING] /home/gabsko/breaking-updates/src/test/java/spoon/support/compiler/jdt/JDTImportBuilderTest.java:[54,17] spoon.reflect.cu.CompilationUnit in spoon.reflect.cu has been deprecated
[WARNING] /home/gabsko/breaking-updates/src/test/java/spoon/support/compiler/jdt/JDTImportBuilderTest.java:[54,17] spoon.reflect.cu.CompilationUnit in spoon.reflect.cu has been deprecated
[WARNING] /home/gabsko/breaking-updates/src/test/java/spoon/support/compiler/jdt/JDTImportBuilderTest.java:[54,17] spoon.reflect.cu.CompilationUnit in spoon.reflect.cu has been deprecated
[WARNING] /home/gabsko/breaking-updates/src/test/java/spoon/support/compiler/jdt/JDTImportBuilderTest.java:[60,35] initMocks(java.lang.Object) in org.mockito.MockitoAnnotations has been deprecated
[WARNING] /home/gabsko/breaking-updates/src/test/java/spoon/test/trycatch/TryCatchTest.java:[116,86] getActualClass() in spoon.reflect.reference.CtTypeReference has been deprecated
[WARNING] /home/gabsko/breaking-updates/src/test/java/spoon/test/trycatch/TryCatchTest.java:[121,86] getActualClass() in spoon.reflect.reference.CtTypeReference has been deprecated
[WARNING] /home/gabsko/breaking-updates/src/test/java/spoon/test/trycatch/TryCatchTest.java:[139,73] getActualClass() in spoon.reflect.reference.CtTypeReference has been deprecated
[WARNING] /home/gabsko/breaking-updates/src/test/java/spoon/test/trycatch/TryCatchTest.java:[145,86] getActualClass() in spoon.reflect.reference.CtTypeReference has been deprecated
[WARNING] /home/gabsko/breaking-updates/src/test/java/spoon/test/trycatch/TryCatchTest.java:[148,86] getActualClass() in spoon.reflect.reference.CtTypeReference has been deprecated
[WARNING] /home/gabsko/breaking-updates/src/test/java/spoon/test/trycatch/TryCatchTest.java:[254,56] getActualClass() in spoon.reflect.reference.CtTypeReference has been deprecated
[WARNING] /home/gabsko/breaking-updates/src/test/java/spoon/test/trycatch/TryCatchTest.java:[260,69] getActualClass() in spoon.reflect.reference.CtTypeReference has been deprecated
[INFO] /home/gabsko/breaking-updates/src/test/java/spoon/test/trycatch/TryCatchTest.java: Some input files additionally use or override a deprecated API.
[INFO] /home/gabsko/breaking-updates/src/test/java/spoon/test/generics/GenericsTest.java: Some input files additionally use unchecked or unsafe operations.
[INFO] 
[INFO] --- maven-surefire-plugin:3.0.0-M7:test (default-test) @ spoon-core ---
[INFO] Using auto detected provider org.apache.maven.surefire.junitplatform.JUnitPlatformProvider
[INFO] Using auto detected provider org.apache.maven.surefire.junitplatform.JUnitPlatformProvider
[INFO] 
[INFO] -------------------------------------------------------
[INFO]  T E S T S
[INFO] -------------------------------------------------------
SLF4J: No SLF4J providers were found.
SLF4J: Defaulting to no-operation (NOP) logger implementation
SLF4J: See https://www.slf4j.org/codes.html#noProviders for further details.
SLF4J: Class path contains SLF4J bindings targeting slf4j-api versions 1.7.x or earlier.
SLF4J: Ignoring binding found at [jar:file:/home/gabsko/.m2/repository/uk/org/lidalia/slf4j-test/1.2.0/slf4j-test-1.2.0.jar!/org/slf4j/impl/StaticLoggerBinder.class]
SLF4J: See https://www.slf4j.org/codes.html#ignoredBindings for an explanation.
[INFO] Running spoon.LauncherTest
[INFO] Tests run: 6, Failures: 0, Errors: 0, Skipped: 0, Time elapsed: 197.696 s - in spoon.LauncherTest
[INFO] Running spoon.FluentLauncherTest
[INFO] Tests run: 5, Failures: 0, Errors: 0, Skipped: 0, Time elapsed: 30.91 s - in spoon.FluentLauncherTest
[INFO] Running spoon.CompilationUnitPrintTest
[INFO] Tests run: 1, Failures: 0, Errors: 0, Skipped: 0, Time elapsed: 0.191 s - in spoon.CompilationUnitPrintTest
[INFO] Running spoon.toStringBugTest.ToStringBugTest
[INFO] Tests run: 1, Failures: 0, Errors: 0, Skipped: 0, Time elapsed: 0.322 s - in spoon.toStringBugTest.ToStringBugTest
[INFO] Running spoon.testing.utils.CheckTest
[INFO] Tests run: 7, Failures: 0, Errors: 0, Skipped: 0, Time elapsed: 0.012 s - in spoon.testing.utils.CheckTest
[INFO] Running spoon.testing.CtPackageAssertTest
[INFO] Tests run: 4, Failures: 0, Errors: 0, Skipped: 0, Time elapsed: 0.043 s - in spoon.testing.CtPackageAssertTest
[INFO] Running spoon.testing.FileAssertTest
[INFO] Tests run: 2, Failures: 0, Errors: 0, Skipped: 0, Time elapsed: 0.051 s - in spoon.testing.FileAssertTest
[INFO] Running spoon.testing.CtElementAssertTest
[INFO] Tests run: 5, Failures: 0, Errors: 0, Skipped: 0, Time elapsed: 0.304 s - in spoon.testing.CtElementAssertTest
[INFO] Running spoon.testing.AbstractAssertTest
[INFO] Tests run: 4, Failures: 0, Errors: 0, Skipped: 0, Time elapsed: 0.126 s - in spoon.testing.AbstractAssertTest
[INFO] Running spoon.reflect.factory.PackageFactoryTest
[INFO] Tests run: 1, Failures: 0, Errors: 0, Skipped: 0, Time elapsed: 0.004 s - in spoon.reflect.factory.PackageFactoryTest
[INFO] Running spoon.reflect.factory.GenerateParentlessPackageTest
[INFO] Tests run: 1, Failures: 0, Errors: 0, Skipped: 0, Time elapsed: 0.002 s - in spoon.reflect.factory.GenerateParentlessPackageTest
[INFO] Running spoon.reflect.visitor.CtVisitorTest
[INFO] Tests run: 1, Failures: 0, Errors: 0, Skipped: 0, Time elapsed: 0.939 s - in spoon.reflect.visitor.CtVisitorTest
[INFO] Running spoon.reflect.visitor.CtInheritanceScannerMethodsTest
[INFO] Tests run: 1, Failures: 0, Errors: 0, Skipped: 0, Time elapsed: 0.861 s - in spoon.reflect.visitor.CtInheritanceScannerMethodsTest
[INFO] Running spoon.reflect.visitor.CtScannerTest
[INFO] Tests run: 4, Failures: 0, Errors: 0, Skipped: 0, Time elapsed: 8.626 s - in spoon.reflect.visitor.CtScannerTest
[INFO] Running spoon.reflect.visitor.CtInheritanceScannerTest
[INFO] Tests run: 90, Failures: 0, Errors: 0, Skipped: 0, Time elapsed: 1.079 s - in spoon.reflect.visitor.CtInheritanceScannerTest
[INFO] Running spoon.reflect.visitor.ImportCleanerTest
[INFO] Tests run: 6, Failures: 0, Errors: 0, Skipped: 0, Time elapsed: 0.128 s - in spoon.reflect.visitor.ImportCleanerTest
[INFO] Running spoon.reflect.visitor.DefaultJavaPrettyPrinterTest
[INFO] Running spoon.reflect.visitor.DefaultJavaPrettyPrinterTest$SquareBracketsForArrayInitialization_ArrayIsBuiltUsingFactoryMethods
[INFO] Tests run: 39, Failures: 0, Errors: 0, Skipped: 0, Time elapsed: 0.005 s - in spoon.reflect.visitor.DefaultJavaPrettyPrinterTest$SquareBracketsForArrayInitialization_ArrayIsBuiltUsingFactoryMethods
[INFO] Tests run: 0, Failures: 0, Errors: 0, Skipped: 0, Time elapsed: 0.563 s - in spoon.reflect.visitor.DefaultJavaPrettyPrinterTest
[INFO] Running spoon.reflect.visitor.CtIteratorTest
[INFO] Tests run: 1, Failures: 0, Errors: 0, Skipped: 0, Time elapsed: 0.154 s - in spoon.reflect.visitor.CtIteratorTest
[INFO] Running spoon.reflect.visitor.CacheBasedConflictFinderTest
[INFO] Tests run: 4, Failures: 0, Errors: 0, Skipped: 0, Time elapsed: 0.007 s - in spoon.reflect.visitor.CacheBasedConflictFinderTest
[INFO] Running spoon.reflect.visitor.CtBFSIteratorTest
[INFO] Tests run: 1, Failures: 0, Errors: 0, Skipped: 0, Time elapsed: 0.155 s - in spoon.reflect.visitor.CtBFSIteratorTest
[INFO] Running spoon.reflect.reference.CtTypeReferenceTest
[INFO] Tests run: 2, Failures: 0, Errors: 0, Skipped: 0, Time elapsed: 0.251 s - in spoon.reflect.reference.CtTypeReferenceTest
[INFO] Running spoon.reflect.declaration.CtTypeInformationTest
[INFO] Tests run: 4, Failures: 0, Errors: 0, Skipped: 0, Time elapsed: 0.128 s - in spoon.reflect.declaration.CtTypeInformationTest
[INFO] Running spoon.reflect.declaration.UnknownDeclarationTest
[INFO] Tests run: 1, Failures: 0, Errors: 0, Skipped: 0, Time elapsed: 0.012 s - in spoon.reflect.declaration.UnknownDeclarationTest
[INFO] Running spoon.reflect.ast.CloneTest
[INFO] Tests run: 8, Failures: 0, Errors: 0, Skipped: 0, Time elapsed: 5.802 s - in spoon.reflect.ast.CloneTest
[INFO] Running spoon.reflect.ast.AstCheckerTest
[INFO] Tests run: 5, Failures: 0, Errors: 0, Skipped: 0, Time elapsed: 4.585 s - in spoon.reflect.ast.AstCheckerTest
[INFO] Running spoon.generating.CorrectIdentifierTest
[WARNING] Tests run: 12, Failures: 0, Errors: 0, Skipped: 3, Time elapsed: 0.158 s - in spoon.generating.CorrectIdentifierTest
[INFO] Running spoon.processing.CtGenerationTest
[INFO] Tests run: 4, Failures: 0, Errors: 0, Skipped: 0, Time elapsed: 10.293 s - in spoon.processing.CtGenerationTest
[INFO] Running spoon.processing.ProcessingTest
[INFO] Tests run: 6, Failures: 0, Errors: 0, Skipped: 0, Time elapsed: 0.345 s - in spoon.processing.ProcessingTest
[INFO] Running spoon.test.methodreference.MethodReferenceTest
[INFO] Tests run: 14, Failures: 0, Errors: 0, Skipped: 0, Time elapsed: 1.193 s - in spoon.test.methodreference.MethodReferenceTest
[INFO] Running spoon.test.model.IncrementalLauncherTest
[INFO] Tests run: 5, Failures: 0, Errors: 0, Skipped: 0, Time elapsed: 2.457 s - in spoon.test.model.IncrementalLauncherTest
[INFO] Running spoon.test.model.AnonymousExecutableTest
[INFO] Tests run: 1, Failures: 0, Errors: 0, Skipped: 0, Time elapsed: 0.024 s - in spoon.test.model.AnonymousExecutableTest
[INFO] Running spoon.test.model.TypeTest
[INFO] Tests run: 12, Failures: 0, Errors: 0, Skipped: 0, Time elapsed: 0.15 s - in spoon.test.model.TypeTest
[INFO] Running spoon.test.model.BlockTest
[INFO] Tests run: 2, Failures: 0, Errors: 0, Skipped: 0, Time elapsed: 0.024 s - in spoon.test.model.BlockTest
[INFO] Running spoon.test.model.SwitchCaseTest
[INFO] Running spoon.test.model.SwitchCaseTest$CaseExpressionInSwitchCasesBeforeJava12
[INFO] Tests run: 3, Failures: 0, Errors: 0, Skipped: 0, Time elapsed: 0.013 s - in spoon.test.model.SwitchCaseTest$CaseExpressionInSwitchCasesBeforeJava12
[INFO] Running spoon.test.model.SwitchCaseTest$InsertCaseInSwitchExpression
[INFO] Tests run: 2, Failures: 0, Errors: 0, Skipped: 0, Time elapsed: 0.003 s - in spoon.test.model.SwitchCaseTest$InsertCaseInSwitchExpression
[INFO] Running spoon.test.model.SwitchCaseTest$InsertCaseInSwitch
[INFO] Tests run: 2, Failures: 0, Errors: 0, Skipped: 0, Time elapsed: 0.003 s - in spoon.test.model.SwitchCaseTest$InsertCaseInSwitch
[INFO] Running spoon.test.model.SwitchCaseTest$Yield
[INFO] Tests run: 1, Failures: 0, Errors: 0, Skipped: 0, Time elapsed: 0.013 s - in spoon.test.model.SwitchCaseTest$Yield
[INFO] Running spoon.test.model.SwitchCaseTest$SwitchColons
[INFO] Tests run: 2, Failures: 0, Errors: 0, Skipped: 0, Time elapsed: 0.022 s - in spoon.test.model.SwitchCaseTest$SwitchColons
[INFO] Running spoon.test.model.SwitchCaseTest$SwitchArrows
[INFO] Tests run: 5, Failures: 0, Errors: 0, Skipped: 0, Time elapsed: 0.059 s - in spoon.test.model.SwitchCaseTest$SwitchArrows
[INFO] Running spoon.test.model.SwitchCaseTest$Misc
[INFO] Tests run: 3, Failures: 0, Errors: 0, Skipped: 0, Time elapsed: 0.035 s - in spoon.test.model.SwitchCaseTest$Misc
[INFO] Tests run: 0, Failures: 0, Errors: 0, Skipped: 0, Time elapsed: 0.151 s - in spoon.test.model.SwitchCaseTest
[INFO] Running spoon.test.architecture.SpoonArchitectureEnforcerTest
[INFO] Tests run: 8, Failures: 0, Errors: 0, Skipped: 0, Time elapsed: 25.135 s - in spoon.test.architecture.SpoonArchitectureEnforcerTest
[INFO] Running spoon.test.change.ChangeCollectorTest
[INFO] Tests run: 1, Failures: 0, Errors: 0, Skipped: 0, Time elapsed: 0.012 s - in spoon.test.change.ChangeCollectorTest
[INFO] Running spoon.test.invocations.InvocationTest
[INFO] Tests run: 4, Failures: 0, Errors: 0, Skipped: 0, Time elapsed: 0.133 s - in spoon.test.invocations.InvocationTest
[INFO] Running spoon.test.loop.LoopTest
[INFO] Tests run: 3, Failures: 0, Errors: 0, Skipped: 0, Time elapsed: 0.059 s - in spoon.test.loop.LoopTest
[INFO] Running spoon.test.path.PathTest
[INFO] Tests run: 16, Failures: 0, Errors: 0, Skipped: 0, Time elapsed: 0.263 s - in spoon.test.path.PathTest
[INFO] Running spoon.test.ctBodyHolder.CtBodyHolderTest
[INFO] Tests run: 6, Failures: 0, Errors: 0, Skipped: 0, Time elapsed: 0.111 s - in spoon.test.ctBodyHolder.CtBodyHolderTest
[INFO] Running spoon.test.targeted.TargetedExpressionTest
[INFO] Tests run: 20, Failures: 0, Errors: 0, Skipped: 0, Time elapsed: 0.261 s - in spoon.test.targeted.TargetedExpressionTest
[INFO] Running spoon.test.constructorcallnewclass.ConstructorCallTest
[INFO] Tests run: 11, Failures: 0, Errors: 0, Skipped: 0, Time elapsed: 0.274 s - in spoon.test.constructorcallnewclass.ConstructorCallTest
[INFO] Running spoon.test.constructorcallnewclass.NewClassTest
[INFO] Tests run: 8, Failures: 0, Errors: 0, Skipped: 0, Time elapsed: 0.175 s - in spoon.test.constructorcallnewclass.NewClassTest
[INFO] Running spoon.test.imports.ImportScannerTest
[INFO] Tests run: 6, Failures: 0, Errors: 0, Skipped: 0, Time elapsed: 6.549 s - in spoon.test.imports.ImportScannerTest
[INFO] Running spoon.test.imports.CtUnresolvedImportTest
[INFO] Tests run: 1, Failures: 0, Errors: 0, Skipped: 0, Time elapsed: 0.011 s - in spoon.test.imports.CtUnresolvedImportTest
[INFO] Running spoon.test.imports.ImportTest
[INFO] Tests run: 51, Failures: 0, Errors: 0, Skipped: 0, Time elapsed: 7.182 s - in spoon.test.imports.ImportTest
[INFO] Running spoon.test.imports.name_scope.NameScopeTest
[INFO] Tests run: 1, Failures: 0, Errors: 0, Skipped: 0, Time elapsed: 0.018 s - in spoon.test.imports.name_scope.NameScopeTest
[INFO] Running spoon.test.imports.ImportAndExtendWithPackageNameTest
[INFO] Tests run: 1, Failures: 0, Errors: 0, Skipped: 0, Time elapsed: 0.01 s - in spoon.test.imports.ImportAndExtendWithPackageNameTest
[INFO] Running spoon.test.query_function.testclasses.VariableReferencesModelTest
[INFO] Tests run: 15, Failures: 0, Errors: 0, Skipped: 0, Time elapsed: 0.009 s - in spoon.test.query_function.testclasses.VariableReferencesModelTest
[INFO] Running spoon.test.query_function.VariableReferencesTest
[INFO] Tests run: 9, Failures: 0, Errors: 0, Skipped: 0, Time elapsed: 0.59 s - in spoon.test.query_function.VariableReferencesTest
[INFO] Running spoon.test.serializable.SerializableTest
[INFO] Tests run: 3, Failures: 0, Errors: 0, Skipped: 0, Time elapsed: 0.038 s - in spoon.test.serializable.SerializableTest
[INFO] Running spoon.test.serializable.ModelStreamerTest
[INFO] Tests run: 5, Failures: 0, Errors: 0, Skipped: 0, Time elapsed: 3.981 s - in spoon.test.serializable.ModelStreamerTest
[INFO] Running spoon.test.serializable.SourcePositionTest
[INFO] Tests run: 2, Failures: 0, Errors: 0, Skipped: 0, Time elapsed: 0.022 s - in spoon.test.serializable.SourcePositionTest
[INFO] Running spoon.test.comparison.EqualTest
[INFO] Tests run: 5, Failures: 0, Errors: 0, Skipped: 0, Time elapsed: 0.062 s - in spoon.test.comparison.EqualTest
[INFO] Running spoon.test.ctCase.CtCaseTest
[INFO] Tests run: 7, Failures: 0, Errors: 0, Skipped: 0, Time elapsed: 0.115 s - in spoon.test.ctCase.CtCaseTest
[INFO] Running spoon.test.role.TestCtRole
[INFO] Tests run: 7, Failures: 0, Errors: 0, Skipped: 0, Time elapsed: 0.032 s - in spoon.test.role.TestCtRole
[INFO] Running spoon.test.refactoring.MethodsRefactoringTest
[INFO] Tests run: 5, Failures: 0, Errors: 0, Skipped: 0, Time elapsed: 0.225 s - in spoon.test.refactoring.MethodsRefactoringTest
[INFO] Running spoon.test.refactoring.RefactoringTest
[INFO] Tests run: 5, Failures: 0, Errors: 0, Skipped: 0, Time elapsed: 0.404 s - in spoon.test.refactoring.RefactoringTest
[INFO] Running spoon.test.refactoring.CtRenameGenericVariableRefactoringTest
[INFO] Tests run: 1, Failures: 0, Errors: 0, Skipped: 0, Time elapsed: 0.014 s - in spoon.test.refactoring.CtRenameGenericVariableRefactoringTest
[INFO] Running spoon.test.refactoring.CtRenameLocalVariableRefactoringTest
[INFO] Tests run: 4, Failures: 0, Errors: 0, Skipped: 0, Time elapsed: 4.001 s - in spoon.test.refactoring.CtRenameLocalVariableRefactoringTest
[INFO] Running spoon.test.trycatch.TryCatchTest
[INFO] Tests run: 18, Failures: 0, Errors: 0, Skipped: 0, Time elapsed: 0.268 s - in spoon.test.trycatch.TryCatchTest
[INFO] Running spoon.test.compilationunit.TestCompilationUnit
[INFO] Tests run: 12, Failures: 0, Errors: 0, Skipped: 0, Time elapsed: 0.135 s - in spoon.test.compilationunit.TestCompilationUnit
[INFO] Running spoon.test.compilationunit.GetBinaryFilesTest
[INFO] Tests run: 5, Failures: 0, Errors: 0, Skipped: 0, Time elapsed: 0.117 s - in spoon.test.compilationunit.GetBinaryFilesTest
[INFO] Running spoon.test.parent.ContractOnSettersParametrizedTest
[INFO] Tests run: 75, Failures: 0, Errors: 0, Skipped: 0, Time elapsed: 0.409 s - in spoon.test.parent.ContractOnSettersParametrizedTest
[INFO] Running spoon.test.parent.TopLevelTypeTest
[INFO] Tests run: 1, Failures: 0, Errors: 0, Skipped: 0, Time elapsed: 0.011 s - in spoon.test.parent.TopLevelTypeTest
[INFO] Running spoon.test.parent.SetParentTest
[INFO] Tests run: 75, Failures: 0, Errors: 0, Skipped: 0, Time elapsed: 0.045 s - in spoon.test.parent.SetParentTest
[INFO] Running spoon.test.parent.NullParentTest
[INFO] Tests run: 8, Failures: 0, Errors: 0, Skipped: 0, Time elapsed: 0.098 s - in spoon.test.parent.NullParentTest
[INFO] Running spoon.test.parent.ParentTest
[WARNING] Tests run: 14, Failures: 0, Errors: 0, Skipped: 1, Time elapsed: 0.256 s - in spoon.test.parent.ParentTest
[INFO] Running spoon.test.main.MainTest
[INFO] Tests run: 4, Failures: 0, Errors: 0, Skipped: 0, Time elapsed: 25.679 s - in spoon.test.main.MainTest
[INFO] Running spoon.test.exceptions.ExceptionTest
[INFO] Tests run: 7, Failures: 0, Errors: 0, Skipped: 0, Time elapsed: 0.123 s - in spoon.test.exceptions.ExceptionTest
[INFO] Running spoon.test.executable.ExecutableTest
[INFO] Tests run: 4, Failures: 0, Errors: 0, Skipped: 0, Time elapsed: 0.044 s - in spoon.test.executable.ExecutableTest
[INFO] Running spoon.test.executable.ExecutableRefTest
[INFO] Tests run: 5, Failures: 0, Errors: 0, Skipped: 0, Time elapsed: 0.074 s - in spoon.test.executable.ExecutableRefTest
[INFO] Running spoon.test.factory.MethodFactoryTest
[INFO] Tests run: 2, Failures: 0, Errors: 0, Skipped: 0, Time elapsed: 0.003 s - in spoon.test.factory.MethodFactoryTest
[INFO] Running spoon.test.factory.CodeFactoryTest
[INFO] Tests run: 3, Failures: 0, Errors: 0, Skipped: 0, Time elapsed: 0.002 s - in spoon.test.factory.CodeFactoryTest
[INFO] Running spoon.test.factory.TypeFactoryTest
[INFO] Tests run: 5, Failures: 0, Errors: 0, Skipped: 0, Time elapsed: 0.031 s - in spoon.test.factory.TypeFactoryTest
[INFO] Running spoon.test.factory.FieldFactoryTest
[INFO] Tests run: 2, Failures: 0, Errors: 0, Skipped: 0, Time elapsed: 0.03 s - in spoon.test.factory.FieldFactoryTest
[INFO] Running spoon.test.factory.ExecutableFactoryTest
[INFO] Tests run: 1, Failures: 0, Errors: 0, Skipped: 0, Time elapsed: 0.001 s - in spoon.test.factory.ExecutableFactoryTest
[INFO] Running spoon.test.factory.FactoryTest
[INFO] Tests run: 7, Failures: 0, Errors: 0, Skipped: 0, Time elapsed: 0.193 s - in spoon.test.factory.FactoryTest
[INFO] Running spoon.test.factory.ClassFactoryTest
[INFO] Tests run: 2, Failures: 0, Errors: 0, Skipped: 0, Time elapsed: 0.001 s - in spoon.test.factory.ClassFactoryTest
[INFO] Running spoon.test.factory.AnnotationFactoryTest
[INFO] Tests run: 1, Failures: 0, Errors: 0, Skipped: 0, Time elapsed: 0.011 s - in spoon.test.factory.AnnotationFactoryTest
[INFO] Running spoon.test.factory.ConstructorFactoryTest
[INFO] Tests run: 2, Failures: 0, Errors: 0, Skipped: 0, Time elapsed: 0.012 s - in spoon.test.factory.ConstructorFactoryTest
[INFO] Running spoon.test.record.CtRecordTest
[INFO] Tests run: 12, Failures: 0, Errors: 0, Skipped: 0, Time elapsed: 0.17 s - in spoon.test.record.CtRecordTest
[INFO] Running spoon.test.generics.GenericsTest
[INFO] Tests run: 54, Failures: 0, Errors: 0, Skipped: 0, Time elapsed: 1.298 s - in spoon.test.generics.GenericsTest
[INFO] Running spoon.test.parameters.ParameterTest
[INFO] Tests run: 4, Failures: 0, Errors: 0, Skipped: 0, Time elapsed: 0.065 s - in spoon.test.parameters.ParameterTest
[INFO] Running spoon.test.snippets.SnippetTest
[INFO] Tests run: 14, Failures: 0, Errors: 0, Skipped: 0, Time elapsed: 0.152 s - in spoon.test.snippets.SnippetTest
[INFO] Running spoon.test.reflect.visitor.ReferenceQueryTest
[INFO] Tests run: 1, Failures: 0, Errors: 0, Skipped: 0, Time elapsed: 0.011 s - in spoon.test.reflect.visitor.ReferenceQueryTest
[INFO] Running spoon.test.filters.FilterTest
[INFO] Tests run: 49, Failures: 0, Errors: 0, Skipped: 0, Time elapsed: 1.218 s - in spoon.test.filters.FilterTest
[INFO] Running spoon.test.filters.CUFilterTest
[INFO] Tests run: 3, Failures: 0, Errors: 0, Skipped: 0, Time elapsed: 0.028 s - in spoon.test.filters.CUFilterTest
[INFO] Running spoon.test.enums.EnumsTest
[INFO] Tests run: 17, Failures: 0, Errors: 0, Skipped: 0, Time elapsed: 0.153 s - in spoon.test.enums.EnumsTest
[INFO] Running spoon.test.enums.EnumsTypeTest
[INFO] Tests run: 2, Failures: 0, Errors: 0, Skipped: 0, Time elapsed: 0.011 s - in spoon.test.enums.EnumsTypeTest
[INFO] Running spoon.test.visitor.AssignmentsEqualsTest
[INFO] Tests run: 1, Failures: 0, Errors: 0, Skipped: 0, Time elapsed: 0.01 s - in spoon.test.visitor.AssignmentsEqualsTest
[INFO] Running spoon.test.visitor.VisitorTest
[INFO] Tests run: 1, Failures: 0, Errors: 0, Skipped: 0, Time elapsed: 0.011 s - in spoon.test.visitor.VisitorTest
[INFO] Running spoon.test.properties.PropertiesTest
[INFO] Tests run: 1, Failures: 0, Errors: 0, Skipped: 0, Time elapsed: 0.011 s - in spoon.test.properties.PropertiesTest
[INFO] Running spoon.test.lambda.LambdaTest
[INFO] Tests run: 28, Failures: 0, Errors: 0, Skipped: 0, Time elapsed: 1.989 s - in spoon.test.lambda.LambdaTest
[INFO] Running spoon.test.lambda.AnonymousInLambdaTest
[INFO] Tests run: 1, Failures: 0, Errors: 0, Skipped: 0, Time elapsed: 0.021 s - in spoon.test.lambda.AnonymousInLambdaTest
[INFO] Running spoon.test.api.APITest
./target/nooutput_9fb536fe-34c6-4373-b65b-75a47ddedff2
[INFO] Tests run: 23, Failures: 0, Errors: 0, Skipped: 0, Time elapsed: 5.944 s - in spoon.test.api.APITest
[INFO] Running spoon.test.api.FileSystemFolderTest
[INFO] Tests run: 2, Failures: 0, Errors: 0, Skipped: 0, Time elapsed: 0.002 s - in spoon.test.api.FileSystemFolderTest
[INFO] Running spoon.test.api.NoClasspathTest
[INFO] Tests run: 5, Failures: 0, Errors: 0, Skipped: 0, Time elapsed: 0.08 s - in spoon.test.api.NoClasspathTest
[INFO] Running spoon.test.api.MetamodelTest
[INFO] Tests run: 16, Failures: 0, Errors: 0, Skipped: 0, Time elapsed: 4.759 s - in spoon.test.api.MetamodelTest
[INFO] Running spoon.test.method.MethodTest
[INFO] Tests run: 11, Failures: 0, Errors: 0, Skipped: 0, Time elapsed: 0.147 s - in spoon.test.method.MethodTest
[INFO] Running spoon.test.prettyprinter.LinesTest
[INFO] Tests run: 3, Failures: 0, Errors: 0, Skipped: 0, Time elapsed: 0.126 s - in spoon.test.prettyprinter.LinesTest
[INFO] Running spoon.test.prettyprinter.SniperInnerTypeTest
[INFO] Tests run: 3, Failures: 0, Errors: 0, Skipped: 0, Time elapsed: 0.043 s - in spoon.test.prettyprinter.SniperInnerTypeTest
[INFO] Running spoon.test.prettyprinter.DefaultPrettyPrinterTest
[WARNING] Tests run: 17, Failures: 0, Errors: 0, Skipped: 1, Time elapsed: 0.735 s - in spoon.test.prettyprinter.DefaultPrettyPrinterTest
[INFO] Running spoon.test.prettyprinter.SniperDefaultMethodTest
[INFO] Tests run: 1, Failures: 0, Errors: 0, Skipped: 0, Time elapsed: 0.015 s - in spoon.test.prettyprinter.SniperDefaultMethodTest
[INFO] Running spoon.test.prettyprinter.TestSniperPrinter
[INFO] Running spoon.test.prettyprinter.TestSniperPrinter$SquareBracketPrintingInArrayInitialisation
[INFO] Tests run: 56, Failures: 0, Errors: 0, Skipped: 0, Time elapsed: 0.069 s - in spoon.test.prettyprinter.TestSniperPrinter$SquareBracketPrintingInArrayInitialisation
[INFO] Running spoon.test.prettyprinter.TestSniperPrinter$ResourcePrintingInTryWithResourceStatement
[INFO] Tests run: 2, Failures: 0, Errors: 0, Skipped: 0, Time elapsed: 0.04 s - in spoon.test.prettyprinter.TestSniperPrinter$ResourcePrintingInTryWithResourceStatement
[INFO] Tests run: 0, Failures: 0, Errors: 0, Skipped: 0, Time elapsed: 1.224 s - in spoon.test.prettyprinter.TestSniperPrinter
[INFO] Running spoon.test.prettyprinter.QualifiedThisRefTest
[INFO] Tests run: 3, Failures: 0, Errors: 0, Skipped: 0, Time elapsed: 0.046 s - in spoon.test.prettyprinter.QualifiedThisRefTest
[INFO] Running spoon.test.prettyprinter.SniperAnnotatedEnumTest
[INFO] Tests run: 1, Failures: 0, Errors: 0, Skipped: 0, Time elapsed: 0.014 s - in spoon.test.prettyprinter.SniperAnnotatedEnumTest
[INFO] Running spoon.test.prettyprinter.PrinterTest
[INFO] Tests run: 18, Failures: 0, Errors: 0, Skipped: 0, Time elapsed: 2.201 s - in spoon.test.prettyprinter.PrinterTest
[INFO] Running spoon.test.prettyprinter.SniperDoubleBoundTest
[INFO] Tests run: 1, Failures: 0, Errors: 0, Skipped: 0, Time elapsed: 0.012 s - in spoon.test.prettyprinter.SniperDoubleBoundTest
[INFO] Running spoon.test.prettyprinter.LoopSniperJavaPrettyPrinterTest
[WARNING] Tests run: 4, Failures: 0, Errors: 0, Skipped: 1, Time elapsed: 0.065 s - in spoon.test.prettyprinter.LoopSniperJavaPrettyPrinterTest
[INFO] Running spoon.test.prettyprinter.SniperAssertTest
[INFO] Tests run: 2, Failures: 0, Errors: 0, Skipped: 0, Time elapsed: 0.03 s - in spoon.test.prettyprinter.SniperAssertTest
[INFO] Running spoon.test.prettyprinter.SniperDoubleForInitializerTest
[INFO] Tests run: 1, Failures: 0, Errors: 0, Skipped: 0, Time elapsed: 0.013 s - in spoon.test.prettyprinter.SniperDoubleForInitializerTest
[INFO] Running spoon.test.reference.ExecutableReferenceTest
[INFO] Tests run: 9, Failures: 0, Errors: 0, Skipped: 0, Time elapsed: 0.209 s - in spoon.test.reference.ExecutableReferenceTest
[INFO] Running spoon.test.reference.ExecutableReferenceGenericTest
[INFO] Tests run: 12, Failures: 0, Errors: 0, Skipped: 0, Time elapsed: 0.137 s - in spoon.test.reference.ExecutableReferenceGenericTest
[INFO] Running spoon.test.reference.TypeReferenceTest
[INFO] Tests run: 42, Failures: 0, Errors: 0, Skipped: 0, Time elapsed: 0.601 s - in spoon.test.reference.TypeReferenceTest
[INFO] Running spoon.test.reference.VariableAccessTest
[INFO] Tests run: 11, Failures: 0, Errors: 0, Skipped: 0, Time elapsed: 0.186 s - in spoon.test.reference.VariableAccessTest
[INFO] Running spoon.test.reference.AnnotationFieldReferenceTest
[INFO] Tests run: 1, Failures: 0, Errors: 0, Skipped: 0, Time elapsed: 0.014 s - in spoon.test.reference.AnnotationFieldReferenceTest
[INFO] Running spoon.test.reference.CloneReferenceTest
[INFO] Tests run: 2, Failures: 0, Errors: 0, Skipped: 0, Time elapsed: 0.022 s - in spoon.test.reference.CloneReferenceTest
[INFO] Running spoon.test.reference.ElasticsearchStackoverflowTest
[INFO] Tests run: 1, Failures: 0, Errors: 0, Skipped: 0, Time elapsed: 0.047 s - in spoon.test.reference.ElasticsearchStackoverflowTest
[INFO] Running spoon.test.template.SubstitutionTest
[INFO] Tests run: 8, Failures: 0, Errors: 0, Skipped: 0, Time elapsed: 0.683 s - in spoon.test.template.SubstitutionTest
[INFO] Running spoon.test.template.PatternTest
[INFO] Tests run: 35, Failures: 0, Errors: 0, Skipped: 0, Time elapsed: 0.968 s - in spoon.test.template.PatternTest
[INFO] Running spoon.test.template.TemplateInvocationSubstitutionTest
[INFO] Tests run: 3, Failures: 0, Errors: 0, Skipped: 0, Time elapsed: 0.06 s - in spoon.test.template.TemplateInvocationSubstitutionTest
[INFO] Running spoon.test.template.TemplateReplaceReturnTest
[INFO] Tests run: 2, Failures: 0, Errors: 0, Skipped: 0, Time elapsed: 0.059 s - in spoon.test.template.TemplateReplaceReturnTest
[INFO] Running spoon.test.template.core.ParameterInfoTest
[INFO] Tests run: 21, Failures: 0, Errors: 0, Skipped: 0, Time elapsed: 0.014 s - in spoon.test.template.core.ParameterInfoTest
[INFO] Running spoon.test.template.TemplateTest
0
[INFO] Tests run: 25, Failures: 0, Errors: 0, Skipped: 0, Time elapsed: 0.843 s - in spoon.test.template.TemplateTest
[INFO] Running spoon.test.template.TemplateEnumAccessTest
[INFO] Tests run: 1, Failures: 0, Errors: 0, Skipped: 0, Time elapsed: 0.044 s - in spoon.test.template.TemplateEnumAccessTest
[INFO] Running spoon.test.template.TemplateArrayAccessTest
[INFO] Tests run: 2, Failures: 0, Errors: 0, Skipped: 0, Time elapsed: 0.039 s - in spoon.test.template.TemplateArrayAccessTest
[INFO] Running spoon.test.template.TemplateClassAccessTest
[INFO] Tests run: 1, Failures: 0, Errors: 0, Skipped: 0, Time elapsed: 0.023 s - in spoon.test.template.TemplateClassAccessTest
[INFO] Running spoon.test.casts.CastTest
[INFO] Tests run: 5, Failures: 0, Errors: 0, Skipped: 0, Time elapsed: 0.092 s - in spoon.test.casts.CastTest
[INFO] Running spoon.test.ctType.CtTypeTest
[INFO] Tests run: 14, Failures: 0, Errors: 0, Skipped: 0, Time elapsed: 0.184 s - in spoon.test.ctType.CtTypeTest
[INFO] Running spoon.test.ctType.CtTypeParameterTest
[INFO] Tests run: 3, Failures: 0, Errors: 0, Skipped: 0, Time elapsed: 0.073 s - in spoon.test.ctType.CtTypeParameterTest
[INFO] Running spoon.test.issue3321.SniperPrettyPrinterJavaxTest
[INFO] Tests run: 1, Failures: 0, Errors: 0, Skipped: 0, Time elapsed: 0.014 s - in spoon.test.issue3321.SniperPrettyPrinterJavaxTest
[INFO] Running spoon.test.issue3321.AnnotationPositionTest
[INFO] Tests run: 2, Failures: 0, Errors: 0, Skipped: 0, Time elapsed: 0.028 s - in spoon.test.issue3321.AnnotationPositionTest
[INFO] Running spoon.test.replace.ReplaceParametrizedTest
[INFO] Tests run: 89, Failures: 0, Errors: 0, Skipped: 0, Time elapsed: 0.127 s - in spoon.test.replace.ReplaceParametrizedTest
[INFO] Running spoon.test.replace.ReplaceTest
[INFO] Tests run: 17, Failures: 0, Errors: 0, Skipped: 0, Time elapsed: 0.253 s - in spoon.test.replace.ReplaceTest
[INFO] Running spoon.test.literal.LiteralTest
[INFO] Tests run: 7, Failures: 0, Errors: 0, Skipped: 0, Time elapsed: 0.445 s - in spoon.test.literal.LiteralTest
[INFO] Running spoon.test.literal.UnicodeBugTest
[INFO] Tests run: 1, Failures: 0, Errors: 0, Skipped: 0, Time elapsed: 0.013 s - in spoon.test.literal.UnicodeBugTest
[INFO] Running spoon.test.processing.processors.ParallelProcessorTest
[INFO] Tests run: 10, Failures: 0, Errors: 0, Skipped: 0, Time elapsed: 1.862 s - in spoon.test.processing.processors.ParallelProcessorTest
[INFO] Running spoon.test.processing.ProcessingTest
[INFO] Tests run: 12, Failures: 0, Errors: 0, Skipped: 0, Time elapsed: 0.396 s - in spoon.test.processing.ProcessingTest
[INFO] Running spoon.test.secondaryclasses.ClassesTest
[INFO] Tests run: 6, Failures: 0, Errors: 0, Skipped: 0, Time elapsed: 0.111 s - in spoon.test.secondaryclasses.ClassesTest
[INFO] Running spoon.test.signature.SignatureTest
[INFO] Tests run: 8, Failures: 0, Errors: 0, Skipped: 0, Time elapsed: 0.195 s - in spoon.test.signature.SignatureTest
[INFO] Running spoon.test.intercession.OneCanCallSetterWithNullParameterizedTest
[INFO] Tests run: 135, Failures: 0, Errors: 0, Skipped: 0, Time elapsed: 0.246 s - in spoon.test.intercession.OneCanCallSetterWithNullParameterizedTest
[INFO] Running spoon.test.intercession.insertBefore.InsertMethodsTest
[INFO] Tests run: 9, Failures: 0, Errors: 0, Skipped: 0, Time elapsed: 0.196 s - in spoon.test.intercession.insertBefore.InsertMethodsTest
[INFO] Running spoon.test.intercession.IntercessionTest
[WARNING] Tests run: 8, Failures: 0, Errors: 0, Skipped: 1, Time elapsed: 3.041 s - in spoon.test.intercession.IntercessionTest
[INFO] Running spoon.test.intercession.RemoveTest
[INFO] Tests run: 1, Failures: 0, Errors: 0, Skipped: 0, Time elapsed: 0.012 s - in spoon.test.intercession.RemoveTest
[INFO] Running spoon.test.sourcePosition.SourcePositionTest
[INFO] Tests run: 4, Failures: 0, Errors: 0, Skipped: 0, Time elapsed: 0.046 s - in spoon.test.sourcePosition.SourcePositionTest
[INFO] Running spoon.test.statementComment.StatementCommentTest
[INFO] Tests run: 14, Failures: 0, Errors: 0, Skipped: 0, Time elapsed: 0.255 s - in spoon.test.statementComment.StatementCommentTest
[INFO] Running spoon.test.jar.JarTest
[INFO] Tests run: 4, Failures: 0, Errors: 0, Skipped: 0, Time elapsed: 0.055 s - in spoon.test.jar.JarTest
[INFO] Running spoon.test.OutputTypeTest
[INFO] Tests run: 1, Failures: 0, Errors: 0, Skipped: 0, Time elapsed: 0 s - in spoon.test.OutputTypeTest
[INFO] Running spoon.test.constructor.ConstructorTest
[INFO] Tests run: 11, Failures: 0, Errors: 0, Skipped: 0, Time elapsed: 0.214 s - in spoon.test.constructor.ConstructorTest
[INFO] Running spoon.test.constructor.CtConstructorCallTest
[INFO] Tests run: 2, Failures: 0, Errors: 0, Skipped: 0, Time elapsed: 0.002 s - in spoon.test.constructor.CtConstructorCallTest
[INFO] Running spoon.test.ctBlock.TestCtBlock
[INFO] Tests run: 3, Failures: 0, Errors: 0, Skipped: 0, Time elapsed: 0.041 s - in spoon.test.ctBlock.TestCtBlock
[INFO] Running spoon.test.sealedclasses.SealedClassesTest
[INFO] Tests run: 4, Failures: 0, Errors: 0, Skipped: 0, Time elapsed: 0.038 s - in spoon.test.sealedclasses.SealedClassesTest
[INFO] Running spoon.test.visibility.VisibilityTest
[INFO] Tests run: 5, Failures: 0, Errors: 0, Skipped: 0, Time elapsed: 0.253 s - in spoon.test.visibility.VisibilityTest
[INFO] Running spoon.test.position.PositionTest
[INFO] Tests run: 45, Failures: 0, Errors: 0, Skipped: 0, Time elapsed: 0.693 s - in spoon.test.position.PositionTest
[INFO] Running spoon.test.position.TestSourceFragment
[INFO] Tests run: 12, Failures: 0, Errors: 0, Skipped: 0, Time elapsed: 0.08 s - in spoon.test.position.TestSourceFragment
[INFO] Running spoon.test.type.TypeTest
[INFO] Tests run: 15, Failures: 0, Errors: 0, Skipped: 0, Time elapsed: 0.282 s - in spoon.test.type.TypeTest
[INFO] Running spoon.test.arrays.ArraysTest
[INFO] Tests run: 8, Failures: 0, Errors: 0, Skipped: 0, Time elapsed: 0.11 s - in spoon.test.arrays.ArraysTest
[INFO] Running spoon.test.jdtimportbuilder.ImportBuilderTest
[INFO] Tests run: 8, Failures: 0, Errors: 0, Skipped: 0, Time elapsed: 0.096 s - in spoon.test.jdtimportbuilder.ImportBuilderTest
[INFO] Running spoon.test.ctStatementList.CtStatementListTest
[INFO] Tests run: 5, Failures: 0, Errors: 0, Skipped: 0, Time elapsed: 0.102 s - in spoon.test.ctStatementList.CtStatementListTest
[INFO] Running spoon.test.eval.EvalTest
[INFO] Tests run: 13, Failures: 0, Errors: 0, Skipped: 0, Time elapsed: 0.296 s - in spoon.test.eval.EvalTest
[INFO] Running spoon.test.labels.TestLabels
[INFO] Tests run: 1, Failures: 0, Errors: 0, Skipped: 0, Time elapsed: 0.013 s - in spoon.test.labels.TestLabels
[INFO] Running spoon.test.module.TestModule
[WARNING] Tests run: 12, Failures: 0, Errors: 0, Skipped: 1, Time elapsed: 0.137 s - in spoon.test.module.TestModule
[INFO] Running spoon.test.logging.LogTest
[ERROR] Tests run: 7, Failures: 2, Errors: 1, Skipped: 0, Time elapsed: 0.815 s <<< FAILURE! - in spoon.test.logging.LogTest
[ERROR] spoon.test.logging.LogTest.testMavenLauncherLogs  Time elapsed: 0.768 s  <<< ERROR!
java.lang.ArrayIndexOutOfBoundsException: Index 0 out of bounds for length 0
	at com.google.common.collect.RegularImmutableList.get(RegularImmutableList.java:77)
	at spoon.test.logging.LogTest.testMavenLauncherLogs(LogTest.java:82)
	at java.base/jdk.internal.reflect.NativeMethodAccessorImpl.invoke0(Native Method)
	at java.base/jdk.internal.reflect.NativeMethodAccessorImpl.invoke(NativeMethodAccessorImpl.java:62)
	at java.base/jdk.internal.reflect.DelegatingMethodAccessorImpl.invoke(DelegatingMethodAccessorImpl.java:43)
	at java.base/java.lang.reflect.Method.invoke(Method.java:566)
	at org.junit.platform.commons.util.ReflectionUtils.invokeMethod(ReflectionUtils.java:727)
	at org.junit.jupiter.engine.execution.MethodInvocation.proceed(MethodInvocation.java:60)
	at org.junit.jupiter.engine.execution.InvocationInterceptorChain$ValidatingInvocation.proceed(InvocationInterceptorChain.java:131)
	at org.junit.jupiter.engine.extension.TimeoutExtension.intercept(TimeoutExtension.java:156)
	at org.junit.jupiter.engine.extension.TimeoutExtension.interceptTestableMethod(TimeoutExtension.java:147)
	at org.junit.jupiter.engine.extension.TimeoutExtension.interceptTestMethod(TimeoutExtension.java:86)
	at org.junit.jupiter.engine.execution.InterceptingExecutableInvoker$ReflectiveInterceptorCall.lambda$ofVoidMethod$0(InterceptingExecutableInvoker.java:103)
	at org.junit.jupiter.engine.execution.InterceptingExecutableInvoker.lambda$invoke$0(InterceptingExecutableInvoker.java:93)
	at org.junit.jupiter.engine.execution.InvocationInterceptorChain$InterceptedInvocation.proceed(InvocationInterceptorChain.java:106)
	at org.junit.jupiter.engine.execution.InvocationInterceptorChain.proceed(InvocationInterceptorChain.java:64)
	at org.junit.jupiter.engine.execution.InvocationInterceptorChain.chainAndInvoke(InvocationInterceptorChain.java:45)
	at org.junit.jupiter.engine.execution.InvocationInterceptorChain.invoke(InvocationInterceptorChain.java:37)
	at org.junit.jupiter.engine.execution.InterceptingExecutableInvoker.invoke(InterceptingExecutableInvoker.java:92)
	at org.junit.jupiter.engine.execution.InterceptingExecutableInvoker.invoke(InterceptingExecutableInvoker.java:86)
	at org.junit.jupiter.engine.descriptor.TestMethodTestDescriptor.lambda$invokeTestMethod$7(TestMethodTestDescriptor.java:217)
	at org.junit.platform.engine.support.hierarchical.ThrowableCollector.execute(ThrowableCollector.java:73)
	at org.junit.jupiter.engine.descriptor.TestMethodTestDescriptor.invokeTestMethod(TestMethodTestDescriptor.java:213)
	at org.junit.jupiter.engine.descriptor.TestMethodTestDescriptor.execute(TestMethodTestDescriptor.java:138)
	at org.junit.jupiter.engine.descriptor.TestMethodTestDescriptor.execute(TestMethodTestDescriptor.java:68)
	at org.junit.platform.engine.support.hierarchical.NodeTestTask.lambda$executeRecursively$6(NodeTestTask.java:151)
	at org.junit.platform.engine.support.hierarchical.ThrowableCollector.execute(ThrowableCollector.java:73)
	at org.junit.platform.engine.support.hierarchical.NodeTestTask.lambda$executeRecursively$8(NodeTestTask.java:141)
	at org.junit.platform.engine.support.hierarchical.Node.around(Node.java:137)
	at org.junit.platform.engine.support.hierarchical.NodeTestTask.lambda$executeRecursively$9(NodeTestTask.java:139)
	at org.junit.platform.engine.support.hierarchical.ThrowableCollector.execute(ThrowableCollector.java:73)
	at org.junit.platform.engine.support.hierarchical.NodeTestTask.executeRecursively(NodeTestTask.java:138)
	at org.junit.platform.engine.support.hierarchical.NodeTestTask.execute(NodeTestTask.java:95)
	at java.base/java.util.ArrayList.forEach(ArrayList.java:1541)
	at org.junit.platform.engine.support.hierarchical.SameThreadHierarchicalTestExecutorService.invokeAll(SameThreadHierarchicalTestExecutorService.java:41)
	at org.junit.platform.engine.support.hierarchical.NodeTestTask.lambda$executeRecursively$6(NodeTestTask.java:155)
	at org.junit.platform.engine.support.hierarchical.ThrowableCollector.execute(ThrowableCollector.java:73)
	at org.junit.platform.engine.support.hierarchical.NodeTestTask.lambda$executeRecursively$8(NodeTestTask.java:141)
	at org.junit.platform.engine.support.hierarchical.Node.around(Node.java:137)
	at org.junit.platform.engine.support.hierarchical.NodeTestTask.lambda$executeRecursively$9(NodeTestTask.java:139)
	at org.junit.platform.engine.support.hierarchical.ThrowableCollector.execute(ThrowableCollector.java:73)
	at org.junit.platform.engine.support.hierarchical.NodeTestTask.executeRecursively(NodeTestTask.java:138)
	at org.junit.platform.engine.support.hierarchical.NodeTestTask.execute(NodeTestTask.java:95)
	at java.base/java.util.ArrayList.forEach(ArrayList.java:1541)
	at org.junit.platform.engine.support.hierarchical.SameThreadHierarchicalTestExecutorService.invokeAll(SameThreadHierarchicalTestExecutorService.java:41)
	at org.junit.platform.engine.support.hierarchical.NodeTestTask.lambda$executeRecursively$6(NodeTestTask.java:155)
	at org.junit.platform.engine.support.hierarchical.ThrowableCollector.execute(ThrowableCollector.java:73)
	at org.junit.platform.engine.support.hierarchical.NodeTestTask.lambda$executeRecursively$8(NodeTestTask.java:141)
	at org.junit.platform.engine.support.hierarchical.Node.around(Node.java:137)
	at org.junit.platform.engine.support.hierarchical.NodeTestTask.lambda$executeRecursively$9(NodeTestTask.java:139)
	at org.junit.platform.engine.support.hierarchical.ThrowableCollector.execute(ThrowableCollector.java:73)
	at org.junit.platform.engine.support.hierarchical.NodeTestTask.executeRecursively(NodeTestTask.java:138)
	at org.junit.platform.engine.support.hierarchical.NodeTestTask.execute(NodeTestTask.java:95)
	at org.junit.platform.engine.support.hierarchical.SameThreadHierarchicalTestExecutorService.submit(SameThreadHierarchicalTestExecutorService.java:35)
	at org.junit.platform.engine.support.hierarchical.HierarchicalTestExecutor.execute(HierarchicalTestExecutor.java:57)
	at org.junit.platform.engine.support.hierarchical.HierarchicalTestEngine.execute(HierarchicalTestEngine.java:54)
	at org.junit.platform.launcher.core.EngineExecutionOrchestrator.execute(EngineExecutionOrchestrator.java:147)
	at org.junit.platform.launcher.core.EngineExecutionOrchestrator.execute(EngineExecutionOrchestrator.java:127)
	at org.junit.platform.launcher.core.EngineExecutionOrchestrator.execute(EngineExecutionOrchestrator.java:90)
	at org.junit.platform.launcher.core.EngineExecutionOrchestrator.lambda$execute$0(EngineExecutionOrchestrator.java:55)
	at org.junit.platform.launcher.core.EngineExecutionOrchestrator.withInterceptedStreams(EngineExecutionOrchestrator.java:102)
	at org.junit.platform.launcher.core.EngineExecutionOrchestrator.execute(EngineExecutionOrchestrator.java:54)
	at org.junit.platform.launcher.core.DefaultLauncher.execute(DefaultLauncher.java:114)
	at org.junit.platform.launcher.core.DefaultLauncher.execute(DefaultLauncher.java:86)
	at org.junit.platform.launcher.core.DefaultLauncherSession$DelegatingLauncher.execute(DefaultLauncherSession.java:86)
	at org.apache.maven.surefire.junitplatform.LazyLauncher.execute(LazyLauncher.java:55)
	at org.apache.maven.surefire.junitplatform.JUnitPlatformProvider.execute(JUnitPlatformProvider.java:223)
	at org.apache.maven.surefire.junitplatform.JUnitPlatformProvider.invokeAllTests(JUnitPlatformProvider.java:175)
	at org.apache.maven.surefire.junitplatform.JUnitPlatformProvider.invoke(JUnitPlatformProvider.java:139)
	at org.apache.maven.surefire.booter.ForkedBooter.runSuitesInProcess(ForkedBooter.java:456)
	at org.apache.maven.surefire.booter.ForkedBooter.execute(ForkedBooter.java:169)
	at org.apache.maven.surefire.booter.ForkedBooter.run(ForkedBooter.java:595)
	at org.apache.maven.surefire.booter.ForkedBooter.main(ForkedBooter.java:581)

[ERROR] spoon.test.logging.LogTest.testAllLevelsForLogs(Pair)[1]  Time elapsed: 0.004 s  <<< FAILURE!
org.opentest4j.AssertionFailedError: expected: <true> but was: <false>
	at org.junit.jupiter.api.AssertionFailureBuilder.build(AssertionFailureBuilder.java:151)
	at org.junit.jupiter.api.AssertionFailureBuilder.buildAndThrow(AssertionFailureBuilder.java:132)
	at org.junit.jupiter.api.AssertTrue.failNotTrue(AssertTrue.java:63)
	at org.junit.jupiter.api.AssertTrue.assertTrue(AssertTrue.java:36)
	at org.junit.jupiter.api.AssertTrue.assertTrue(AssertTrue.java:31)
	at org.junit.jupiter.api.Assertions.assertTrue(Assertions.java:180)
	at spoon.test.logging.LogTest.testAllLevelsForLogs(LogTest.java:58)
	at java.base/jdk.internal.reflect.NativeMethodAccessorImpl.invoke0(Native Method)
	at java.base/jdk.internal.reflect.NativeMethodAccessorImpl.invoke(NativeMethodAccessorImpl.java:62)
	at java.base/jdk.internal.reflect.DelegatingMethodAccessorImpl.invoke(DelegatingMethodAccessorImpl.java:43)
	at java.base/java.lang.reflect.Method.invoke(Method.java:566)
	at org.junit.platform.commons.util.ReflectionUtils.invokeMethod(ReflectionUtils.java:727)
	at org.junit.jupiter.engine.execution.MethodInvocation.proceed(MethodInvocation.java:60)
	at org.junit.jupiter.engine.execution.InvocationInterceptorChain$ValidatingInvocation.proceed(InvocationInterceptorChain.java:131)
	at org.junit.jupiter.engine.extension.TimeoutExtension.intercept(TimeoutExtension.java:156)
	at org.junit.jupiter.engine.extension.TimeoutExtension.interceptTestableMethod(TimeoutExtension.java:147)
	at org.junit.jupiter.engine.extension.TimeoutExtension.interceptTestTemplateMethod(TimeoutExtension.java:94)
	at org.junit.jupiter.engine.execution.InterceptingExecutableInvoker$ReflectiveInterceptorCall.lambda$ofVoidMethod$0(InterceptingExecutableInvoker.java:103)
	at org.junit.jupiter.engine.execution.InterceptingExecutableInvoker.lambda$invoke$0(InterceptingExecutableInvoker.java:93)
	at org.junit.jupiter.engine.execution.InvocationInterceptorChain$InterceptedInvocation.proceed(InvocationInterceptorChain.java:106)
	at org.junit.jupiter.engine.execution.InvocationInterceptorChain.proceed(InvocationInterceptorChain.java:64)
	at org.junit.jupiter.engine.execution.InvocationInterceptorChain.chainAndInvoke(InvocationInterceptorChain.java:45)
	at org.junit.jupiter.engine.execution.InvocationInterceptorChain.invoke(InvocationInterceptorChain.java:37)
	at org.junit.jupiter.engine.execution.InterceptingExecutableInvoker.invoke(InterceptingExecutableInvoker.java:92)
	at org.junit.jupiter.engine.execution.InterceptingExecutableInvoker.invoke(InterceptingExecutableInvoker.java:86)
	at org.junit.jupiter.engine.descriptor.TestMethodTestDescriptor.lambda$invokeTestMethod$7(TestMethodTestDescriptor.java:217)
	at org.junit.platform.engine.support.hierarchical.ThrowableCollector.execute(ThrowableCollector.java:73)
	at org.junit.jupiter.engine.descriptor.TestMethodTestDescriptor.invokeTestMethod(TestMethodTestDescriptor.java:213)
	at org.junit.jupiter.engine.descriptor.TestMethodTestDescriptor.execute(TestMethodTestDescriptor.java:138)
	at org.junit.jupiter.engine.descriptor.TestMethodTestDescriptor.execute(TestMethodTestDescriptor.java:68)
	at org.junit.platform.engine.support.hierarchical.NodeTestTask.lambda$executeRecursively$6(NodeTestTask.java:151)
	at org.junit.platform.engine.support.hierarchical.ThrowableCollector.execute(ThrowableCollector.java:73)
	at org.junit.platform.engine.support.hierarchical.NodeTestTask.lambda$executeRecursively$8(NodeTestTask.java:141)
	at org.junit.platform.engine.support.hierarchical.Node.around(Node.java:137)
	at org.junit.platform.engine.support.hierarchical.NodeTestTask.lambda$executeRecursively$9(NodeTestTask.java:139)
	at org.junit.platform.engine.support.hierarchical.ThrowableCollector.execute(ThrowableCollector.java:73)
	at org.junit.platform.engine.support.hierarchical.NodeTestTask.executeRecursively(NodeTestTask.java:138)
	at org.junit.platform.engine.support.hierarchical.NodeTestTask.execute(NodeTestTask.java:95)
	at org.junit.platform.engine.support.hierarchical.SameThreadHierarchicalTestExecutorService.submit(SameThreadHierarchicalTestExecutorService.java:35)
	at org.junit.platform.engine.support.hierarchical.NodeTestTask$DefaultDynamicTestExecutor.execute(NodeTestTask.java:226)
	at org.junit.platform.engine.support.hierarchical.NodeTestTask$DefaultDynamicTestExecutor.execute(NodeTestTask.java:204)
	at org.junit.jupiter.engine.descriptor.TestTemplateTestDescriptor.execute(TestTemplateTestDescriptor.java:142)
	at org.junit.jupiter.engine.descriptor.TestTemplateTestDescriptor.lambda$execute$2(TestTemplateTestDescriptor.java:110)
	at java.base/java.util.stream.ForEachOps$ForEachOp$OfRef.accept(ForEachOps.java:183)
	at java.base/java.util.stream.ReferencePipeline$3$1.accept(ReferencePipeline.java:195)
	at java.base/java.util.stream.ReferencePipeline$2$1.accept(ReferencePipeline.java:177)
	at java.base/java.util.stream.ReferencePipeline$3$1.accept(ReferencePipeline.java:195)
	at java.base/java.util.stream.ForEachOps$ForEachOp$OfRef.accept(ForEachOps.java:183)
	at java.base/java.util.stream.ReferencePipeline$3$1.accept(ReferencePipeline.java:195)
	at java.base/java.util.stream.ReferencePipeline$3$1.accept(ReferencePipeline.java:195)
	at java.base/java.util.stream.ReferencePipeline$3$1.accept(ReferencePipeline.java:195)
	at java.base/java.util.stream.ForEachOps$ForEachOp$OfRef.accept(ForEachOps.java:183)
	at java.base/java.util.stream.ReferencePipeline$3$1.accept(ReferencePipeline.java:195)
	at java.base/java.util.Spliterators$ArraySpliterator.forEachRemaining(Spliterators.java:948)
	at java.base/java.util.stream.ReferencePipeline$Head.forEach(ReferencePipeline.java:658)
	at java.base/java.util.stream.ReferencePipeline$7$1.accept(ReferencePipeline.java:274)
	at java.base/java.util.stream.ReferencePipeline$3$1.accept(ReferencePipeline.java:195)
	at java.base/java.util.stream.ReferencePipeline$3$1.accept(ReferencePipeline.java:195)
	at java.base/java.util.Spliterators$ArraySpliterator.forEachRemaining(Spliterators.java:948)
	at java.base/java.util.stream.AbstractPipeline.copyInto(AbstractPipeline.java:484)
	at java.base/java.util.stream.AbstractPipeline.wrapAndCopyInto(AbstractPipeline.java:474)
	at java.base/java.util.stream.ForEachOps$ForEachOp.evaluateSequential(ForEachOps.java:150)
	at java.base/java.util.stream.ForEachOps$ForEachOp$OfRef.evaluateSequential(ForEachOps.java:173)
	at java.base/java.util.stream.AbstractPipeline.evaluate(AbstractPipeline.java:234)
	at java.base/java.util.stream.ReferencePipeline.forEach(ReferencePipeline.java:497)
	at java.base/java.util.stream.ReferencePipeline$7$1.accept(ReferencePipeline.java:274)
	at java.base/java.util.stream.ReferencePipeline$3$1.accept(ReferencePipeline.java:195)
	at java.base/java.util.stream.ReferencePipeline$3$1.accept(ReferencePipeline.java:195)
	at java.base/java.util.stream.ReferencePipeline$3$1.accept(ReferencePipeline.java:195)
	at java.base/java.util.ArrayList$ArrayListSpliterator.forEachRemaining(ArrayList.java:1655)
	at java.base/java.util.stream.AbstractPipeline.copyInto(AbstractPipeline.java:484)
	at java.base/java.util.stream.AbstractPipeline.wrapAndCopyInto(AbstractPipeline.java:474)
	at java.base/java.util.stream.ForEachOps$ForEachOp.evaluateSequential(ForEachOps.java:150)
	at java.base/java.util.stream.ForEachOps$ForEachOp$OfRef.evaluateSequential(ForEachOps.java:173)
	at java.base/java.util.stream.AbstractPipeline.evaluate(AbstractPipeline.java:234)
	at java.base/java.util.stream.ReferencePipeline.forEach(ReferencePipeline.java:497)
	at java.base/java.util.stream.ReferencePipeline$7$1.accept(ReferencePipeline.java:274)
	at java.base/java.util.ArrayList$ArrayListSpliterator.forEachRemaining(ArrayList.java:1655)
	at java.base/java.util.stream.AbstractPipeline.copyInto(AbstractPipeline.java:484)
	at java.base/java.util.stream.AbstractPipeline.wrapAndCopyInto(AbstractPipeline.java:474)
	at java.base/java.util.stream.ForEachOps$ForEachOp.evaluateSequential(ForEachOps.java:150)
	at java.base/java.util.stream.ForEachOps$ForEachOp$OfRef.evaluateSequential(ForEachOps.java:173)
	at java.base/java.util.stream.AbstractPipeline.evaluate(AbstractPipeline.java:234)
	at java.base/java.util.stream.ReferencePipeline.forEach(ReferencePipeline.java:497)
	at org.junit.jupiter.engine.descriptor.TestTemplateTestDescriptor.execute(TestTemplateTestDescriptor.java:110)
	at org.junit.jupiter.engine.descriptor.TestTemplateTestDescriptor.execute(TestTemplateTestDescriptor.java:44)
	at org.junit.platform.engine.support.hierarchical.NodeTestTask.lambda$executeRecursively$6(NodeTestTask.java:151)
	at org.junit.platform.engine.support.hierarchical.ThrowableCollector.execute(ThrowableCollector.java:73)
	at org.junit.platform.engine.support.hierarchical.NodeTestTask.lambda$executeRecursively$8(NodeTestTask.java:141)
	at org.junit.platform.engine.support.hierarchical.Node.around(Node.java:137)
	at org.junit.platform.engine.support.hierarchical.NodeTestTask.lambda$executeRecursively$9(NodeTestTask.java:139)
	at org.junit.platform.engine.support.hierarchical.ThrowableCollector.execute(ThrowableCollector.java:73)
	at org.junit.platform.engine.support.hierarchical.NodeTestTask.executeRecursively(NodeTestTask.java:138)
	at org.junit.platform.engine.support.hierarchical.NodeTestTask.execute(NodeTestTask.java:95)
	at java.base/java.util.ArrayList.forEach(ArrayList.java:1541)
	at org.junit.platform.engine.support.hierarchical.SameThreadHierarchicalTestExecutorService.invokeAll(SameThreadHierarchicalTestExecutorService.java:41)
	at org.junit.platform.engine.support.hierarchical.NodeTestTask.lambda$executeRecursively$6(NodeTestTask.java:155)
	at org.junit.platform.engine.support.hierarchical.ThrowableCollector.execute(ThrowableCollector.java:73)
	at org.junit.platform.engine.support.hierarchical.NodeTestTask.lambda$executeRecursively$8(NodeTestTask.java:141)
	at org.junit.platform.engine.support.hierarchical.Node.around(Node.java:137)
	at org.junit.platform.engine.support.hierarchical.NodeTestTask.lambda$executeRecursively$9(NodeTestTask.java:139)
	at org.junit.platform.engine.support.hierarchical.ThrowableCollector.execute(ThrowableCollector.java:73)
	at org.junit.platform.engine.support.hierarchical.NodeTestTask.executeRecursively(NodeTestTask.java:138)
	at org.junit.platform.engine.support.hierarchical.NodeTestTask.execute(NodeTestTask.java:95)
	at java.base/java.util.ArrayList.forEach(ArrayList.java:1541)
	at org.junit.platform.engine.support.hierarchical.SameThreadHierarchicalTestExecutorService.invokeAll(SameThreadHierarchicalTestExecutorService.java:41)
	at org.junit.platform.engine.support.hierarchical.NodeTestTask.lambda$executeRecursively$6(NodeTestTask.java:155)
	at org.junit.platform.engine.support.hierarchical.ThrowableCollector.execute(ThrowableCollector.java:73)
	at org.junit.platform.engine.support.hierarchical.NodeTestTask.lambda$executeRecursively$8(NodeTestTask.java:141)
	at org.junit.platform.engine.support.hierarchical.Node.around(Node.java:137)
	at org.junit.platform.engine.support.hierarchical.NodeTestTask.lambda$executeRecursively$9(NodeTestTask.java:139)
	at org.junit.platform.engine.support.hierarchical.ThrowableCollector.execute(ThrowableCollector.java:73)
	at org.junit.platform.engine.support.hierarchical.NodeTestTask.executeRecursively(NodeTestTask.java:138)
	at org.junit.platform.engine.support.hierarchical.NodeTestTask.execute(NodeTestTask.java:95)
	at org.junit.platform.engine.support.hierarchical.SameThreadHierarchicalTestExecutorService.submit(SameThreadHierarchicalTestExecutorService.java:35)
	at org.junit.platform.engine.support.hierarchical.HierarchicalTestExecutor.execute(HierarchicalTestExecutor.java:57)
	at org.junit.platform.engine.support.hierarchical.HierarchicalTestEngine.execute(HierarchicalTestEngine.java:54)
	at org.junit.platform.launcher.core.EngineExecutionOrchestrator.execute(EngineExecutionOrchestrator.java:147)
	at org.junit.platform.launcher.core.EngineExecutionOrchestrator.execute(EngineExecutionOrchestrator.java:127)
	at org.junit.platform.launcher.core.EngineExecutionOrchestrator.execute(EngineExecutionOrchestrator.java:90)
	at org.junit.platform.launcher.core.EngineExecutionOrchestrator.lambda$execute$0(EngineExecutionOrchestrator.java:55)
	at org.junit.platform.launcher.core.EngineExecutionOrchestrator.withInterceptedStreams(EngineExecutionOrchestrator.java:102)
	at org.junit.platform.launcher.core.EngineExecutionOrchestrator.execute(EngineExecutionOrchestrator.java:54)
	at org.junit.platform.launcher.core.DefaultLauncher.execute(DefaultLauncher.java:114)
	at org.junit.platform.launcher.core.DefaultLauncher.execute(DefaultLauncher.java:86)
	at org.junit.platform.launcher.core.DefaultLauncherSession$DelegatingLauncher.execute(DefaultLauncherSession.java:86)
	at org.apache.maven.surefire.junitplatform.LazyLauncher.execute(LazyLauncher.java:55)
	at org.apache.maven.surefire.junitplatform.JUnitPlatformProvider.execute(JUnitPlatformProvider.java:223)
	at org.apache.maven.surefire.junitplatform.JUnitPlatformProvider.invokeAllTests(JUnitPlatformProvider.java:175)
	at org.apache.maven.surefire.junitplatform.JUnitPlatformProvider.invoke(JUnitPlatformProvider.java:139)
	at org.apache.maven.surefire.booter.ForkedBooter.runSuitesInProcess(ForkedBooter.java:456)
	at org.apache.maven.surefire.booter.ForkedBooter.execute(ForkedBooter.java:169)
	at org.apache.maven.surefire.booter.ForkedBooter.run(ForkedBooter.java:595)
	at org.apache.maven.surefire.booter.ForkedBooter.main(ForkedBooter.java:581)

[ERROR] spoon.test.logging.LogTest.testAllLevelsForLogs(Pair)[2]  Time elapsed: 0.003 s  <<< FAILURE!
org.opentest4j.AssertionFailedError: expected: <true> but was: <false>
	at org.junit.jupiter.api.AssertionFailureBuilder.build(AssertionFailureBuilder.java:151)
	at org.junit.jupiter.api.AssertionFailureBuilder.buildAndThrow(AssertionFailureBuilder.java:132)
	at org.junit.jupiter.api.AssertTrue.failNotTrue(AssertTrue.java:63)
	at org.junit.jupiter.api.AssertTrue.assertTrue(AssertTrue.java:36)
	at org.junit.jupiter.api.AssertTrue.assertTrue(AssertTrue.java:31)
	at org.junit.jupiter.api.Assertions.assertTrue(Assertions.java:180)
	at spoon.test.logging.LogTest.testAllLevelsForLogs(LogTest.java:58)
	at java.base/jdk.internal.reflect.NativeMethodAccessorImpl.invoke0(Native Method)
	at java.base/jdk.internal.reflect.NativeMethodAccessorImpl.invoke(NativeMethodAccessorImpl.java:62)
	at java.base/jdk.internal.reflect.DelegatingMethodAccessorImpl.invoke(DelegatingMethodAccessorImpl.java:43)
	at java.base/java.lang.reflect.Method.invoke(Method.java:566)
	at org.junit.platform.commons.util.ReflectionUtils.invokeMethod(ReflectionUtils.java:727)
	at org.junit.jupiter.engine.execution.MethodInvocation.proceed(MethodInvocation.java:60)
	at org.junit.jupiter.engine.execution.InvocationInterceptorChain$ValidatingInvocation.proceed(InvocationInterceptorChain.java:131)
	at org.junit.jupiter.engine.extension.TimeoutExtension.intercept(TimeoutExtension.java:156)
	at org.junit.jupiter.engine.extension.TimeoutExtension.interceptTestableMethod(TimeoutExtension.java:147)
	at org.junit.jupiter.engine.extension.TimeoutExtension.interceptTestTemplateMethod(TimeoutExtension.java:94)
	at org.junit.jupiter.engine.execution.InterceptingExecutableInvoker$ReflectiveInterceptorCall.lambda$ofVoidMethod$0(InterceptingExecutableInvoker.java:103)
	at org.junit.jupiter.engine.execution.InterceptingExecutableInvoker.lambda$invoke$0(InterceptingExecutableInvoker.java:93)
	at org.junit.jupiter.engine.execution.InvocationInterceptorChain$InterceptedInvocation.proceed(InvocationInterceptorChain.java:106)
	at org.junit.jupiter.engine.execution.InvocationInterceptorChain.proceed(InvocationInterceptorChain.java:64)
	at org.junit.jupiter.engine.execution.InvocationInterceptorChain.chainAndInvoke(InvocationInterceptorChain.java:45)
	at org.junit.jupiter.engine.execution.InvocationInterceptorChain.invoke(InvocationInterceptorChain.java:37)
	at org.junit.jupiter.engine.execution.InterceptingExecutableInvoker.invoke(InterceptingExecutableInvoker.java:92)
	at org.junit.jupiter.engine.execution.InterceptingExecutableInvoker.invoke(InterceptingExecutableInvoker.java:86)
	at org.junit.jupiter.engine.descriptor.TestMethodTestDescriptor.lambda$invokeTestMethod$7(TestMethodTestDescriptor.java:217)
	at org.junit.platform.engine.support.hierarchical.ThrowableCollector.execute(ThrowableCollector.java:73)
	at org.junit.jupiter.engine.descriptor.TestMethodTestDescriptor.invokeTestMethod(TestMethodTestDescriptor.java:213)
	at org.junit.jupiter.engine.descriptor.TestMethodTestDescriptor.execute(TestMethodTestDescriptor.java:138)
	at org.junit.jupiter.engine.descriptor.TestMethodTestDescriptor.execute(TestMethodTestDescriptor.java:68)
	at org.junit.platform.engine.support.hierarchical.NodeTestTask.lambda$executeRecursively$6(NodeTestTask.java:151)
	at org.junit.platform.engine.support.hierarchical.ThrowableCollector.execute(ThrowableCollector.java:73)
	at org.junit.platform.engine.support.hierarchical.NodeTestTask.lambda$executeRecursively$8(NodeTestTask.java:141)
	at org.junit.platform.engine.support.hierarchical.Node.around(Node.java:137)
	at org.junit.platform.engine.support.hierarchical.NodeTestTask.lambda$executeRecursively$9(NodeTestTask.java:139)
	at org.junit.platform.engine.support.hierarchical.ThrowableCollector.execute(ThrowableCollector.java:73)
	at org.junit.platform.engine.support.hierarchical.NodeTestTask.executeRecursively(NodeTestTask.java:138)
	at org.junit.platform.engine.support.hierarchical.NodeTestTask.execute(NodeTestTask.java:95)
	at org.junit.platform.engine.support.hierarchical.SameThreadHierarchicalTestExecutorService.submit(SameThreadHierarchicalTestExecutorService.java:35)
	at org.junit.platform.engine.support.hierarchical.NodeTestTask$DefaultDynamicTestExecutor.execute(NodeTestTask.java:226)
	at org.junit.platform.engine.support.hierarchical.NodeTestTask$DefaultDynamicTestExecutor.execute(NodeTestTask.java:204)
	at org.junit.jupiter.engine.descriptor.TestTemplateTestDescriptor.execute(TestTemplateTestDescriptor.java:142)
	at org.junit.jupiter.engine.descriptor.TestTemplateTestDescriptor.lambda$execute$2(TestTemplateTestDescriptor.java:110)
	at java.base/java.util.stream.ForEachOps$ForEachOp$OfRef.accept(ForEachOps.java:183)
	at java.base/java.util.stream.ReferencePipeline$3$1.accept(ReferencePipeline.java:195)
	at java.base/java.util.stream.ReferencePipeline$2$1.accept(ReferencePipeline.java:177)
	at java.base/java.util.stream.ReferencePipeline$3$1.accept(ReferencePipeline.java:195)
	at java.base/java.util.stream.ForEachOps$ForEachOp$OfRef.accept(ForEachOps.java:183)
	at java.base/java.util.stream.ReferencePipeline$3$1.accept(ReferencePipeline.java:195)
	at java.base/java.util.stream.ReferencePipeline$3$1.accept(ReferencePipeline.java:195)
	at java.base/java.util.stream.ReferencePipeline$3$1.accept(ReferencePipeline.java:195)
	at java.base/java.util.stream.ForEachOps$ForEachOp$OfRef.accept(ForEachOps.java:183)
	at java.base/java.util.stream.ReferencePipeline$3$1.accept(ReferencePipeline.java:195)
	at java.base/java.util.Spliterators$ArraySpliterator.forEachRemaining(Spliterators.java:948)
	at java.base/java.util.stream.ReferencePipeline$Head.forEach(ReferencePipeline.java:658)
	at java.base/java.util.stream.ReferencePipeline$7$1.accept(ReferencePipeline.java:274)
	at java.base/java.util.stream.ReferencePipeline$3$1.accept(ReferencePipeline.java:195)
	at java.base/java.util.stream.ReferencePipeline$3$1.accept(ReferencePipeline.java:195)
	at java.base/java.util.Spliterators$ArraySpliterator.forEachRemaining(Spliterators.java:948)
	at java.base/java.util.stream.AbstractPipeline.copyInto(AbstractPipeline.java:484)
	at java.base/java.util.stream.AbstractPipeline.wrapAndCopyInto(AbstractPipeline.java:474)
	at java.base/java.util.stream.ForEachOps$ForEachOp.evaluateSequential(ForEachOps.java:150)
	at java.base/java.util.stream.ForEachOps$ForEachOp$OfRef.evaluateSequential(ForEachOps.java:173)
	at java.base/java.util.stream.AbstractPipeline.evaluate(AbstractPipeline.java:234)
	at java.base/java.util.stream.ReferencePipeline.forEach(ReferencePipeline.java:497)
	at java.base/java.util.stream.ReferencePipeline$7$1.accept(ReferencePipeline.java:274)
	at java.base/java.util.stream.ReferencePipeline$3$1.accept(ReferencePipeline.java:195)
	at java.base/java.util.stream.ReferencePipeline$3$1.accept(ReferencePipeline.java:195)
	at java.base/java.util.stream.ReferencePipeline$3$1.accept(ReferencePipeline.java:195)
	at java.base/java.util.ArrayList$ArrayListSpliterator.forEachRemaining(ArrayList.java:1655)
	at java.base/java.util.stream.AbstractPipeline.copyInto(AbstractPipeline.java:484)
	at java.base/java.util.stream.AbstractPipeline.wrapAndCopyInto(AbstractPipeline.java:474)
	at java.base/java.util.stream.ForEachOps$ForEachOp.evaluateSequential(ForEachOps.java:150)
	at java.base/java.util.stream.ForEachOps$ForEachOp$OfRef.evaluateSequential(ForEachOps.java:173)
	at java.base/java.util.stream.AbstractPipeline.evaluate(AbstractPipeline.java:234)
	at java.base/java.util.stream.ReferencePipeline.forEach(ReferencePipeline.java:497)
	at java.base/java.util.stream.ReferencePipeline$7$1.accept(ReferencePipeline.java:274)
	at java.base/java.util.ArrayList$ArrayListSpliterator.forEachRemaining(ArrayList.java:1655)
	at java.base/java.util.stream.AbstractPipeline.copyInto(AbstractPipeline.java:484)
	at java.base/java.util.stream.AbstractPipeline.wrapAndCopyInto(AbstractPipeline.java:474)
	at java.base/java.util.stream.ForEachOps$ForEachOp.evaluateSequential(ForEachOps.java:150)
	at java.base/java.util.stream.ForEachOps$ForEachOp$OfRef.evaluateSequential(ForEachOps.java:173)
	at java.base/java.util.stream.AbstractPipeline.evaluate(AbstractPipeline.java:234)
	at java.base/java.util.stream.ReferencePipeline.forEach(ReferencePipeline.java:497)
	at org.junit.jupiter.engine.descriptor.TestTemplateTestDescriptor.execute(TestTemplateTestDescriptor.java:110)
	at org.junit.jupiter.engine.descriptor.TestTemplateTestDescriptor.execute(TestTemplateTestDescriptor.java:44)
	at org.junit.platform.engine.support.hierarchical.NodeTestTask.lambda$executeRecursively$6(NodeTestTask.java:151)
	at org.junit.platform.engine.support.hierarchical.ThrowableCollector.execute(ThrowableCollector.java:73)
	at org.junit.platform.engine.support.hierarchical.NodeTestTask.lambda$executeRecursively$8(NodeTestTask.java:141)
	at org.junit.platform.engine.support.hierarchical.Node.around(Node.java:137)
	at org.junit.platform.engine.support.hierarchical.NodeTestTask.lambda$executeRecursively$9(NodeTestTask.java:139)
	at org.junit.platform.engine.support.hierarchical.ThrowableCollector.execute(ThrowableCollector.java:73)
	at org.junit.platform.engine.support.hierarchical.NodeTestTask.executeRecursively(NodeTestTask.java:138)
	at org.junit.platform.engine.support.hierarchical.NodeTestTask.execute(NodeTestTask.java:95)
	at java.base/java.util.ArrayList.forEach(ArrayList.java:1541)
	at org.junit.platform.engine.support.hierarchical.SameThreadHierarchicalTestExecutorService.invokeAll(SameThreadHierarchicalTestExecutorService.java:41)
	at org.junit.platform.engine.support.hierarchical.NodeTestTask.lambda$executeRecursively$6(NodeTestTask.java:155)
	at org.junit.platform.engine.support.hierarchical.ThrowableCollector.execute(ThrowableCollector.java:73)
	at org.junit.platform.engine.support.hierarchical.NodeTestTask.lambda$executeRecursively$8(NodeTestTask.java:141)
	at org.junit.platform.engine.support.hierarchical.Node.around(Node.java:137)
	at org.junit.platform.engine.support.hierarchical.NodeTestTask.lambda$executeRecursively$9(NodeTestTask.java:139)
	at org.junit.platform.engine.support.hierarchical.ThrowableCollector.execute(ThrowableCollector.java:73)
	at org.junit.platform.engine.support.hierarchical.NodeTestTask.executeRecursively(NodeTestTask.java:138)
	at org.junit.platform.engine.support.hierarchical.NodeTestTask.execute(NodeTestTask.java:95)
	at java.base/java.util.ArrayList.forEach(ArrayList.java:1541)
	at org.junit.platform.engine.support.hierarchical.SameThreadHierarchicalTestExecutorService.invokeAll(SameThreadHierarchicalTestExecutorService.java:41)
	at org.junit.platform.engine.support.hierarchical.NodeTestTask.lambda$executeRecursively$6(NodeTestTask.java:155)
	at org.junit.platform.engine.support.hierarchical.ThrowableCollector.execute(ThrowableCollector.java:73)
	at org.junit.platform.engine.support.hierarchical.NodeTestTask.lambda$executeRecursively$8(NodeTestTask.java:141)
	at org.junit.platform.engine.support.hierarchical.Node.around(Node.java:137)
	at org.junit.platform.engine.support.hierarchical.NodeTestTask.lambda$executeRecursively$9(NodeTestTask.java:139)
	at org.junit.platform.engine.support.hierarchical.ThrowableCollector.execute(ThrowableCollector.java:73)
	at org.junit.platform.engine.support.hierarchical.NodeTestTask.executeRecursively(NodeTestTask.java:138)
	at org.junit.platform.engine.support.hierarchical.NodeTestTask.execute(NodeTestTask.java:95)
	at org.junit.platform.engine.support.hierarchical.SameThreadHierarchicalTestExecutorService.submit(SameThreadHierarchicalTestExecutorService.java:35)
	at org.junit.platform.engine.support.hierarchical.HierarchicalTestExecutor.execute(HierarchicalTestExecutor.java:57)
	at org.junit.platform.engine.support.hierarchical.HierarchicalTestEngine.execute(HierarchicalTestEngine.java:54)
	at org.junit.platform.launcher.core.EngineExecutionOrchestrator.execute(EngineExecutionOrchestrator.java:147)
	at org.junit.platform.launcher.core.EngineExecutionOrchestrator.execute(EngineExecutionOrchestrator.java:127)
	at org.junit.platform.launcher.core.EngineExecutionOrchestrator.execute(EngineExecutionOrchestrator.java:90)
	at org.junit.platform.launcher.core.EngineExecutionOrchestrator.lambda$execute$0(EngineExecutionOrchestrator.java:55)
	at org.junit.platform.launcher.core.EngineExecutionOrchestrator.withInterceptedStreams(EngineExecutionOrchestrator.java:102)
	at org.junit.platform.launcher.core.EngineExecutionOrchestrator.execute(EngineExecutionOrchestrator.java:54)
	at org.junit.platform.launcher.core.DefaultLauncher.execute(DefaultLauncher.java:114)
	at org.junit.platform.launcher.core.DefaultLauncher.execute(DefaultLauncher.java:86)
	at org.junit.platform.launcher.core.DefaultLauncherSession$DelegatingLauncher.execute(DefaultLauncherSession.java:86)
	at org.apache.maven.surefire.junitplatform.LazyLauncher.execute(LazyLauncher.java:55)
	at org.apache.maven.surefire.junitplatform.JUnitPlatformProvider.execute(JUnitPlatformProvider.java:223)
	at org.apache.maven.surefire.junitplatform.JUnitPlatformProvider.invokeAllTests(JUnitPlatformProvider.java:175)
	at org.apache.maven.surefire.junitplatform.JUnitPlatformProvider.invoke(JUnitPlatformProvider.java:139)
	at org.apache.maven.surefire.booter.ForkedBooter.runSuitesInProcess(ForkedBooter.java:456)
	at org.apache.maven.surefire.booter.ForkedBooter.execute(ForkedBooter.java:169)
	at org.apache.maven.surefire.booter.ForkedBooter.run(ForkedBooter.java:595)
	at org.apache.maven.surefire.booter.ForkedBooter.main(ForkedBooter.java:581)

[INFO] Running spoon.test.staticFieldAccess.StaticAccessTest
[INFO] Tests run: 2, Failures: 0, Errors: 0, Skipped: 0, Time elapsed: 0.041 s - in spoon.test.staticFieldAccess.StaticAccessTest
[INFO] Running spoon.test.textBlocks.TextBlockTest
[INFO] Tests run: 6, Failures: 0, Errors: 0, Skipped: 0, Time elapsed: 0.077 s - in spoon.test.textBlocks.TextBlockTest
[INFO] Running spoon.test.pkg.PackageTest
[INFO] Tests run: 20, Failures: 0, Errors: 0, Skipped: 0, Time elapsed: 0.257 s - in spoon.test.pkg.PackageTest
[INFO] Running spoon.test.control.ControlTest
[INFO] Tests run: 2, Failures: 0, Errors: 0, Skipped: 0, Time elapsed: 0.02 s - in spoon.test.control.ControlTest
[INFO] Running spoon.test.comment.CommentTest
[WARNING] Tests run: 31, Failures: 0, Errors: 0, Skipped: 1, Time elapsed: 0.799 s - in spoon.test.comment.CommentTest
[INFO] Running spoon.test.annotation.AnnotationValuesTest
[INFO] Tests run: 7, Failures: 0, Errors: 0, Skipped: 0, Time elapsed: 0.062 s - in spoon.test.annotation.AnnotationValuesTest
[INFO] Running spoon.test.annotation.AnnotationTest
[INFO] Tests run: 56, Failures: 0, Errors: 0, Skipped: 0, Time elapsed: 0.855 s - in spoon.test.annotation.AnnotationTest
[INFO] Running spoon.test.annotation.AnnotationLoopTest
[INFO] Tests run: 1, Failures: 0, Errors: 0, Skipped: 0, Time elapsed: 0.011 s - in spoon.test.annotation.AnnotationLoopTest
[INFO] Running spoon.test.annotation.TypeUseAnnotationTest
[INFO] Running spoon.test.annotation.TypeUseAnnotationTest$TypeContexts
[INFO] Running spoon.test.annotation.TypeUseAnnotationTest$TypeContexts$InDeclarations
[INFO] Tests run: 2, Failures: 0, Errors: 0, Skipped: 0, Time elapsed: 0.026 s - in spoon.test.annotation.TypeUseAnnotationTest$TypeContexts$InDeclarations
[INFO] Tests run: 0, Failures: 0, Errors: 0, Skipped: 0, Time elapsed: 0.027 s - in spoon.test.annotation.TypeUseAnnotationTest$TypeContexts
[INFO] Tests run: 0, Failures: 0, Errors: 0, Skipped: 0, Time elapsed: 0.027 s - in spoon.test.annotation.TypeUseAnnotationTest
[INFO] Running spoon.test.limits.utils.InternalTest
[INFO] Tests run: 2, Failures: 0, Errors: 0, Skipped: 0, Time elapsed: 0.024 s - in spoon.test.limits.utils.InternalTest
[INFO] Running spoon.test.varargs.VarArgsTest
[INFO] Tests run: 1, Failures: 0, Errors: 0, Skipped: 0, Time elapsed: 0.012 s - in spoon.test.varargs.VarArgsTest
[INFO] Running spoon.test.ctClass.CtClassTest
[INFO] Tests run: 12, Failures: 0, Errors: 0, Skipped: 0, Time elapsed: 1.806 s - in spoon.test.ctClass.CtClassTest
[INFO] Running spoon.test.interfaces.TestInterfaceWithoutSetup
[INFO] Tests run: 2, Failures: 0, Errors: 0, Skipped: 0, Time elapsed: 0.03 s - in spoon.test.interfaces.TestInterfaceWithoutSetup
[INFO] Running spoon.test.interfaces.InterfaceTest
[INFO] Tests run: 12, Failures: 0, Errors: 0, Skipped: 0, Time elapsed: 0.249 s - in spoon.test.interfaces.InterfaceTest
[INFO] Running spoon.test.modifiers.ModifiersTest
[INFO] Tests run: 6, Failures: 0, Errors: 0, Skipped: 0, Time elapsed: 0.107 s - in spoon.test.modifiers.ModifiersTest
[INFO] Running spoon.test.staticFieldAccess2.ImplicitStaticFieldReferenceTest
[INFO] Tests run: 16, Failures: 0, Errors: 0, Skipped: 0, Time elapsed: 0.342 s - in spoon.test.staticFieldAccess2.ImplicitStaticFieldReferenceTest
[INFO] Running spoon.test.initializers.InitializerTest
[INFO] Tests run: 3, Failures: 0, Errors: 0, Skipped: 0, Time elapsed: 0.049 s - in spoon.test.initializers.InitializerTest
[INFO] Running spoon.test.javadoc.JavaDocTest
[INFO] Tests run: 6, Failures: 0, Errors: 0, Skipped: 0, Time elapsed: 0.081 s - in spoon.test.javadoc.JavaDocTest
[INFO] Running spoon.test.method_overriding.MethodOverriddingTest
[INFO] Tests run: 4, Failures: 0, Errors: 0, Skipped: 0, Time elapsed: 0.048 s - in spoon.test.method_overriding.MethodOverriddingTest
[INFO] Running spoon.test.ctElement.ElementTest
[INFO] Tests run: 2, Failures: 0, Errors: 0, Skipped: 0, Time elapsed: 0.009 s - in spoon.test.ctElement.ElementTest
[INFO] Running spoon.test.ctElement.MetadataTest
[INFO] Tests run: 1, Failures: 0, Errors: 0, Skipped: 0, Time elapsed: 0.009 s - in spoon.test.ctElement.MetadataTest
[INFO] Running spoon.test.support.ResourceTest
[INFO] Tests run: 4, Failures: 0, Errors: 0, Skipped: 0, Time elapsed: 0.161 s - in spoon.test.support.ResourceTest
[INFO] Running spoon.test.condition.ConditionalTest
[INFO] Tests run: 7, Failures: 0, Errors: 0, Skipped: 0, Time elapsed: 0.069 s - in spoon.test.condition.ConditionalTest
[INFO] Running spoon.test.delete.DeleteTest
[INFO] Tests run: 14, Failures: 0, Errors: 0, Skipped: 0, Time elapsed: 0.141 s - in spoon.test.delete.DeleteTest
[INFO] Running spoon.test.variable.AccessTest
[INFO] Tests run: 8, Failures: 0, Errors: 0, Skipped: 0, Time elapsed: 0.108 s - in spoon.test.variable.AccessTest
[INFO] Running spoon.test.variable.VariableTest
[INFO] Tests run: 5, Failures: 0, Errors: 0, Skipped: 0, Time elapsed: 0.066 s - in spoon.test.variable.VariableTest
[INFO] Running spoon.test.variable.AccessFullyQualifiedFieldTest
[INFO] Tests run: 9, Failures: 0, Errors: 0, Skipped: 0, Time elapsed: 0.211 s - in spoon.test.variable.AccessFullyQualifiedFieldTest
[INFO] Running spoon.test.spoonifier.SpoonifierTest
[WARNING] Tests run: 4, Failures: 0, Errors: 0, Skipped: 2, Time elapsed: 4.004 s - in spoon.test.spoonifier.SpoonifierTest
[INFO] Running spoon.test.compilation.CompilationTest
>> Hello: ClassUsingStaticFields <<
>> Hello: ClassWithStaticFields <<
>> Hello: SimpleProcessor <<
>> Hello: Bar <<
>> Hello: FooEx <<
>> Hello: IBar <<
[INFO] Tests run: 20, Failures: 0, Errors: 0, Skipped: 0, Time elapsed: 3.137 s - in spoon.test.compilation.CompilationTest
[INFO] Running spoon.test.pattern.TypePatternTest
[INFO] Tests run: 3, Failures: 0, Errors: 0, Skipped: 0, Time elapsed: 0.02 s - in spoon.test.pattern.TypePatternTest
[INFO] Running spoon.test.strings.StringLiteralTest
[INFO] Tests run: 1, Failures: 0, Errors: 0, Skipped: 0, Time elapsed: 0.011 s - in spoon.test.strings.StringLiteralTest
[INFO] Running spoon.test.strings.StringTest
[INFO] Tests run: 1, Failures: 0, Errors: 0, Skipped: 0, Time elapsed: 0.009 s - in spoon.test.strings.StringTest
[INFO] Running spoon.test.field.FieldTest
[INFO] Tests run: 7, Failures: 0, Errors: 0, Skipped: 0, Time elapsed: 0.061 s - in spoon.test.field.FieldTest
[INFO] Running spoon.test.fieldaccesses.FieldAccessTest
[INFO] Tests run: 18, Failures: 0, Errors: 0, Skipped: 0, Time elapsed: 0.219 s - in spoon.test.fieldaccesses.FieldAccessTest
[INFO] Running spoon.javadoc.internal.JavadocInlineTagTest
[INFO] Tests run: 16, Failures: 0, Errors: 0, Skipped: 0, Time elapsed: 0.012 s - in spoon.javadoc.internal.JavadocInlineTagTest
[INFO] Running spoon.support.visitor.java.JavaReflectionTreeBuilderTest
This text will be printed
[WARNING] Tests run: 28, Failures: 0, Errors: 0, Skipped: 2, Time elapsed: 3.772 s - in spoon.support.visitor.java.JavaReflectionTreeBuilderTest
[INFO] Running spoon.support.TypeAdaptorTest
[INFO] Tests run: 16, Failures: 0, Errors: 0, Skipped: 0, Time elapsed: 0.06 s - in spoon.support.TypeAdaptorTest
[INFO] Running spoon.support.util.QualifiedNameBasedSortedSetTest
[INFO] Tests run: 1, Failures: 0, Errors: 0, Skipped: 0, Time elapsed: 0.002 s - in spoon.support.util.QualifiedNameBasedSortedSetTest
[INFO] Running spoon.support.util.internal.ElementNameMapTest
[INFO] Tests run: 1, Failures: 0, Errors: 0, Skipped: 0, Time elapsed: 0.001 s - in spoon.support.util.internal.ElementNameMapTest
[INFO] Running spoon.support.compiler.jdt.ExtendedStringLiteralTest
[INFO] Tests run: 1, Failures: 0, Errors: 0, Skipped: 0, Time elapsed: 0.01 s - in spoon.support.compiler.jdt.ExtendedStringLiteralTest
[INFO] Running spoon.support.compiler.jdt.JDTTreeBuilderQueryTest
[INFO] Tests run: 60, Failures: 0, Errors: 0, Skipped: 0, Time elapsed: 0.042 s - in spoon.support.compiler.jdt.JDTTreeBuilderQueryTest
[INFO] Running spoon.support.compiler.jdt.JDTBuilderTest
[INFO] Tests run: 1, Failures: 0, Errors: 0, Skipped: 0, Time elapsed: 0.001 s - in spoon.support.compiler.jdt.JDTBuilderTest
[INFO] Running spoon.support.compiler.jdt.JDTImportBuilderTest
[INFO] Tests run: 2, Failures: 0, Errors: 0, Skipped: 0, Time elapsed: 0.78 s - in spoon.support.compiler.jdt.JDTImportBuilderTest
[INFO] Running spoon.support.compiler.jdt.TreeBuilderCompilerTest
[ERROR] Tests run: 4, Failures: 0, Errors: 1, Skipped: 0, Time elapsed: 0.032 s <<< FAILURE! - in spoon.support.compiler.jdt.TreeBuilderCompilerTest
[ERROR] spoon.support.compiler.jdt.TreeBuilderCompilerTest.testIgnoreSyntaxErrorsLogging  Time elapsed: 0.006 s  <<< ERROR!
java.lang.ArrayIndexOutOfBoundsException: Index 0 out of bounds for length 0
	at com.google.common.collect.RegularImmutableList.get(RegularImmutableList.java:77)
	at spoon.support.compiler.jdt.TreeBuilderCompilerTest.testIgnoreSyntaxErrorsLogging(TreeBuilderCompilerTest.java:30)
	at java.base/jdk.internal.reflect.NativeMethodAccessorImpl.invoke0(Native Method)
	at java.base/jdk.internal.reflect.NativeMethodAccessorImpl.invoke(NativeMethodAccessorImpl.java:62)
	at java.base/jdk.internal.reflect.DelegatingMethodAccessorImpl.invoke(DelegatingMethodAccessorImpl.java:43)
	at java.base/java.lang.reflect.Method.invoke(Method.java:566)
	at org.junit.platform.commons.util.ReflectionUtils.invokeMethod(ReflectionUtils.java:727)
	at org.junit.jupiter.engine.execution.MethodInvocation.proceed(MethodInvocation.java:60)
	at org.junit.jupiter.engine.execution.InvocationInterceptorChain$ValidatingInvocation.proceed(InvocationInterceptorChain.java:131)
	at org.junit.jupiter.engine.extension.TimeoutExtension.intercept(TimeoutExtension.java:156)
	at org.junit.jupiter.engine.extension.TimeoutExtension.interceptTestableMethod(TimeoutExtension.java:147)
	at org.junit.jupiter.engine.extension.TimeoutExtension.interceptTestMethod(TimeoutExtension.java:86)
	at org.junit.jupiter.engine.execution.InterceptingExecutableInvoker$ReflectiveInterceptorCall.lambda$ofVoidMethod$0(InterceptingExecutableInvoker.java:103)
	at org.junit.jupiter.engine.execution.InterceptingExecutableInvoker.lambda$invoke$0(InterceptingExecutableInvoker.java:93)
	at org.junit.jupiter.engine.execution.InvocationInterceptorChain$InterceptedInvocation.proceed(InvocationInterceptorChain.java:106)
	at org.junit.jupiter.engine.execution.InvocationInterceptorChain.proceed(InvocationInterceptorChain.java:64)
	at org.junit.jupiter.engine.execution.InvocationInterceptorChain.chainAndInvoke(InvocationInterceptorChain.java:45)
	at org.junit.jupiter.engine.execution.InvocationInterceptorChain.invoke(InvocationInterceptorChain.java:37)
	at org.junit.jupiter.engine.execution.InterceptingExecutableInvoker.invoke(InterceptingExecutableInvoker.java:92)
	at org.junit.jupiter.engine.execution.InterceptingExecutableInvoker.invoke(InterceptingExecutableInvoker.java:86)
	at org.junit.jupiter.engine.descriptor.TestMethodTestDescriptor.lambda$invokeTestMethod$7(TestMethodTestDescriptor.java:217)
	at org.junit.platform.engine.support.hierarchical.ThrowableCollector.execute(ThrowableCollector.java:73)
	at org.junit.jupiter.engine.descriptor.TestMethodTestDescriptor.invokeTestMethod(TestMethodTestDescriptor.java:213)
	at org.junit.jupiter.engine.descriptor.TestMethodTestDescriptor.execute(TestMethodTestDescriptor.java:138)
	at org.junit.jupiter.engine.descriptor.TestMethodTestDescriptor.execute(TestMethodTestDescriptor.java:68)
	at org.junit.platform.engine.support.hierarchical.NodeTestTask.lambda$executeRecursively$6(NodeTestTask.java:151)
	at org.junit.platform.engine.support.hierarchical.ThrowableCollector.execute(ThrowableCollector.java:73)
	at org.junit.platform.engine.support.hierarchical.NodeTestTask.lambda$executeRecursively$8(NodeTestTask.java:141)
	at org.junit.platform.engine.support.hierarchical.Node.around(Node.java:137)
	at org.junit.platform.engine.support.hierarchical.NodeTestTask.lambda$executeRecursively$9(NodeTestTask.java:139)
	at org.junit.platform.engine.support.hierarchical.ThrowableCollector.execute(ThrowableCollector.java:73)
	at org.junit.platform.engine.support.hierarchical.NodeTestTask.executeRecursively(NodeTestTask.java:138)
	at org.junit.platform.engine.support.hierarchical.NodeTestTask.execute(NodeTestTask.java:95)
	at java.base/java.util.ArrayList.forEach(ArrayList.java:1541)
	at org.junit.platform.engine.support.hierarchical.SameThreadHierarchicalTestExecutorService.invokeAll(SameThreadHierarchicalTestExecutorService.java:41)
	at org.junit.platform.engine.support.hierarchical.NodeTestTask.lambda$executeRecursively$6(NodeTestTask.java:155)
	at org.junit.platform.engine.support.hierarchical.ThrowableCollector.execute(ThrowableCollector.java:73)
	at org.junit.platform.engine.support.hierarchical.NodeTestTask.lambda$executeRecursively$8(NodeTestTask.java:141)
	at org.junit.platform.engine.support.hierarchical.Node.around(Node.java:137)
	at org.junit.platform.engine.support.hierarchical.NodeTestTask.lambda$executeRecursively$9(NodeTestTask.java:139)
	at org.junit.platform.engine.support.hierarchical.ThrowableCollector.execute(ThrowableCollector.java:73)
	at org.junit.platform.engine.support.hierarchical.NodeTestTask.executeRecursively(NodeTestTask.java:138)
	at org.junit.platform.engine.support.hierarchical.NodeTestTask.execute(NodeTestTask.java:95)
	at java.base/java.util.ArrayList.forEach(ArrayList.java:1541)
	at org.junit.platform.engine.support.hierarchical.SameThreadHierarchicalTestExecutorService.invokeAll(SameThreadHierarchicalTestExecutorService.java:41)
	at org.junit.platform.engine.support.hierarchical.NodeTestTask.lambda$executeRecursively$6(NodeTestTask.java:155)
	at org.junit.platform.engine.support.hierarchical.ThrowableCollector.execute(ThrowableCollector.java:73)
	at org.junit.platform.engine.support.hierarchical.NodeTestTask.lambda$executeRecursively$8(NodeTestTask.java:141)
	at org.junit.platform.engine.support.hierarchical.Node.around(Node.java:137)
	at org.junit.platform.engine.support.hierarchical.NodeTestTask.lambda$executeRecursively$9(NodeTestTask.java:139)
	at org.junit.platform.engine.support.hierarchical.ThrowableCollector.execute(ThrowableCollector.java:73)
	at org.junit.platform.engine.support.hierarchical.NodeTestTask.executeRecursively(NodeTestTask.java:138)
	at org.junit.platform.engine.support.hierarchical.NodeTestTask.execute(NodeTestTask.java:95)
	at org.junit.platform.engine.support.hierarchical.SameThreadHierarchicalTestExecutorService.submit(SameThreadHierarchicalTestExecutorService.java:35)
	at org.junit.platform.engine.support.hierarchical.HierarchicalTestExecutor.execute(HierarchicalTestExecutor.java:57)
	at org.junit.platform.engine.support.hierarchical.HierarchicalTestEngine.execute(HierarchicalTestEngine.java:54)
	at org.junit.platform.launcher.core.EngineExecutionOrchestrator.execute(EngineExecutionOrchestrator.java:147)
	at org.junit.platform.launcher.core.EngineExecutionOrchestrator.execute(EngineExecutionOrchestrator.java:127)
	at org.junit.platform.launcher.core.EngineExecutionOrchestrator.execute(EngineExecutionOrchestrator.java:90)
	at org.junit.platform.launcher.core.EngineExecutionOrchestrator.lambda$execute$0(EngineExecutionOrchestrator.java:55)
	at org.junit.platform.launcher.core.EngineExecutionOrchestrator.withInterceptedStreams(EngineExecutionOrchestrator.java:102)
	at org.junit.platform.launcher.core.EngineExecutionOrchestrator.execute(EngineExecutionOrchestrator.java:54)
	at org.junit.platform.launcher.core.DefaultLauncher.execute(DefaultLauncher.java:114)
	at org.junit.platform.launcher.core.DefaultLauncher.execute(DefaultLauncher.java:86)
	at org.junit.platform.launcher.core.DefaultLauncherSession$DelegatingLauncher.execute(DefaultLauncherSession.java:86)
	at org.apache.maven.surefire.junitplatform.LazyLauncher.execute(LazyLauncher.java:55)
	at org.apache.maven.surefire.junitplatform.JUnitPlatformProvider.execute(JUnitPlatformProvider.java:223)
	at org.apache.maven.surefire.junitplatform.JUnitPlatformProvider.invokeAllTests(JUnitPlatformProvider.java:175)
	at org.apache.maven.surefire.junitplatform.JUnitPlatformProvider.invoke(JUnitPlatformProvider.java:139)
	at org.apache.maven.surefire.booter.ForkedBooter.runSuitesInProcess(ForkedBooter.java:456)
	at org.apache.maven.surefire.booter.ForkedBooter.execute(ForkedBooter.java:169)
	at org.apache.maven.surefire.booter.ForkedBooter.run(ForkedBooter.java:595)
	at org.apache.maven.surefire.booter.ForkedBooter.main(ForkedBooter.java:581)

[INFO] Running spoon.support.compiler.jdt.JDTBatchCompilerTest
[INFO] Tests run: 1, Failures: 0, Errors: 0, Skipped: 0, Time elapsed: 0.019 s - in spoon.support.compiler.jdt.JDTBatchCompilerTest
[INFO] Running spoon.support.compiler.jdt.JDTBasedSpoonCompilerTest
[INFO] Tests run: 1, Failures: 0, Errors: 0, Skipped: 0, Time elapsed: 1.536 s - in spoon.support.compiler.jdt.JDTBasedSpoonCompilerTest
[INFO] Running spoon.support.compiler.SpoonPomTest
[INFO] Tests run: 2, Failures: 0, Errors: 0, Skipped: 0, Time elapsed: 0.04 s - in spoon.support.compiler.SpoonPomTest
[INFO] Running spoon.support.compiler.ZipFileTest
[INFO] Tests run: 1, Failures: 0, Errors: 0, Skipped: 0, Time elapsed: 0.015 s - in spoon.support.compiler.ZipFileTest
[INFO] Running spoon.support.compiler.classpath.ComputeClasspathTest
[INFO] Tests run: 1, Failures: 0, Errors: 0, Skipped: 0, Time elapsed: 0.002 s - in spoon.support.compiler.classpath.ComputeClasspathTest
[INFO] Running spoon.support.JavaOutputProcessorTest
[INFO] Tests run: 2, Failures: 0, Errors: 0, Skipped: 0, Time elapsed: 0.003 s - in spoon.support.JavaOutputProcessorTest
[INFO] Running spoon.support.gui.SpoonTreeBuilderTest
[INFO] Tests run: 2, Failures: 0, Errors: 0, Skipped: 0, Time elapsed: 0.002 s - in spoon.support.gui.SpoonTreeBuilderTest
[INFO] Running spoon.MavenLauncherTest
[WARNING] Tests run: 13, Failures: 0, Errors: 0, Skipped: 1, Time elapsed: 293.546 s - in spoon.MavenLauncherTest
[INFO] 
[INFO] Results:
[INFO] 
[ERROR] Failures: 
[ERROR]   LogTest.testAllLevelsForLogs:58 expected: <true> but was: <false>
[ERROR]   LogTest.testAllLevelsForLogs:58 expected: <true> but was: <false>
[ERROR] Errors: 
[ERROR]   TreeBuilderCompilerTest.testIgnoreSyntaxErrorsLogging:30  ArrayIndexOutOfBounds Index 0 out of bounds for length 0
[ERROR]   LogTest.testMavenLauncherLogs:82  ArrayIndexOutOfBounds Index 0 out of bounds for length 0
[INFO] 
[ERROR] Tests run: 2219, Failures: 2, Errors: 2, Skipped: 14
[INFO] 
[INFO] ------------------------------------------------------------------------
[INFO] BUILD FAILURE
[INFO] ------------------------------------------------------------------------
[INFO] Total time:  11:51 min
[INFO] Finished at: 2023-02-01T09:59:55Z
[INFO] ------------------------------------------------------------------------
[INFO] 7 goals, 7 executed
[ERROR] Failed to execute goal org.apache.maven.plugins:maven-surefire-plugin:3.0.0-M7:test (default-test) on project spoon-core: There are test failures.
[ERROR] 
[ERROR] Please refer to /home/gabsko/breaking-updates/target/surefire-reports for the individual test results.
[ERROR] Please refer to dump files (if any exist) [date].dump, [date]-jvmRun[N].dump and [date].dumpstream.
[ERROR] -> [Help 1]
[ERROR] 
[ERROR] To see the full stack trace of the errors, re-run Maven with the -e switch.
[ERROR] Re-run Maven using the -X switch to enable full debug logging.
[ERROR] 
[ERROR] For more information about the errors and possible solutions, please read the following articles:
[ERROR] [Help 1] http://cwiki.apache.org/confluence/display/MAVEN/MojoFailureException
