[INFO] Scanning for projects...
[INFO] 
[INFO] --------------------< org.eclipse.basyx:basyx.sdk >---------------------
[INFO] Building BaSyx SDK 1.3.0-SNAPSHOT
[INFO] --------------------------------[ jar ]---------------------------------
[INFO] 
[INFO] --- maven-clean-plugin:2.5:clean (default-clean) @ basyx.sdk ---
[INFO] Deleting /home/gabsko/breaking-updates/target
[INFO] 
[INFO] --- maven-resources-plugin:2.6:resources (default-resources) @ basyx.sdk ---
[INFO] Using 'UTF-8' encoding to copy filtered resources.
[INFO] skip non existing resourceDirectory /home/gabsko/breaking-updates/src/main/resources
[INFO] 
[INFO] --- maven-compiler-plugin:3.8.1:compile (default-compile) @ basyx.sdk ---
[INFO] Changes detected - recompiling the module!
[INFO] Compiling 434 source files to /home/gabsko/breaking-updates/target/classes
[INFO] /home/gabsko/breaking-updates/src/main/java/org/eclipse/basyx/submodel/metamodel/map/submodelelement/operation/Operation.java: Some input files use or override a deprecated API.
[INFO] /home/gabsko/breaking-updates/src/main/java/org/eclipse/basyx/submodel/metamodel/map/submodelelement/operation/Operation.java: Recompile with -Xlint:deprecation for details.
[INFO] 
[INFO] --- maven-resources-plugin:2.6:testResources (default-testResources) @ basyx.sdk ---
[INFO] Using 'UTF-8' encoding to copy filtered resources.
[INFO] Copying 7 resources
[INFO] 
[INFO] --- maven-compiler-plugin:3.8.1:testCompile (default-testCompile) @ basyx.sdk ---
[INFO] Changes detected - recompiling the module!
[INFO] Compiling 198 source files to /home/gabsko/breaking-updates/target/test-classes
[INFO] /home/gabsko/breaking-updates/src/test/java/org/eclipse/basyx/testsuite/regression/extensions/aas/aggregator/mqtt/TestFullMqttAASAggregator.java: Some input files use or override a deprecated API.
[INFO] /home/gabsko/breaking-updates/src/test/java/org/eclipse/basyx/testsuite/regression/extensions/aas/aggregator/mqtt/TestFullMqttAASAggregator.java: Recompile with -Xlint:deprecation for details.
[INFO] 
[INFO] --- maven-surefire-plugin:3.0.0-M3:test (default-test) @ basyx.sdk ---
[INFO] 
[INFO] -------------------------------------------------------
[INFO]  T E S T S
[INFO] -------------------------------------------------------
[INFO] Running org.eclipse.basyx.testsuite.regression.extensions.submodel.aggregator.mqtt.TestMqttSubmodelAggregatorObserver
[INFO] Tests run: 4, Failures: 0, Errors: 0, Skipped: 0, Time elapsed: 10.588 s - in org.eclipse.basyx.testsuite.regression.extensions.submodel.aggregator.mqtt.TestMqttSubmodelAggregatorObserver
[INFO] Running org.eclipse.basyx.testsuite.regression.extensions.submodel.aggregator.mqtt.TestMqttSubmodelAggregator
[INFO] Tests run: 4, Failures: 0, Errors: 0, Skipped: 0, Time elapsed: 10.172 s - in org.eclipse.basyx.testsuite.regression.extensions.submodel.aggregator.mqtt.TestMqttSubmodelAggregator
[INFO] Running org.eclipse.basyx.testsuite.regression.extensions.submodel.aggregator.authorization.TestAuthorizedSubmodelAggregator
[INFO] Tests run: 30, Failures: 0, Errors: 0, Skipped: 0, Time elapsed: 0.372 s - in org.eclipse.basyx.testsuite.regression.extensions.submodel.aggregator.authorization.TestAuthorizedSubmodelAggregator
[INFO] Running org.eclipse.basyx.testsuite.regression.extensions.submodel.mqtt.TestMqttSubmodelAPI
[INFO] Tests run: 1, Failures: 0, Errors: 0, Skipped: 0, Time elapsed: 3.103 s - in org.eclipse.basyx.testsuite.regression.extensions.submodel.mqtt.TestMqttSubmodelAPI
[INFO] Running org.eclipse.basyx.testsuite.regression.extensions.submodel.mqtt.TestMqttSubmodelAPIPayloadParser
[INFO] Tests run: 6, Failures: 0, Errors: 0, Skipped: 0, Time elapsed: 13.081 s - in org.eclipse.basyx.testsuite.regression.extensions.submodel.mqtt.TestMqttSubmodelAPIPayloadParser
[INFO] Running org.eclipse.basyx.testsuite.regression.extensions.submodel.mqtt.MqttSubmodelAPIObserverTest
[INFO] Tests run: 5, Failures: 0, Errors: 0, Skipped: 0, Time elapsed: 12.125 s - in org.eclipse.basyx.testsuite.regression.extensions.submodel.mqtt.MqttSubmodelAPIObserverTest
[INFO] Running org.eclipse.basyx.testsuite.regression.extensions.submodel.mqtt.TestMqttSubmodelAPIEvents
[INFO] Tests run: 4, Failures: 0, Errors: 0, Skipped: 0, Time elapsed: 10.082 s - in org.eclipse.basyx.testsuite.regression.extensions.submodel.mqtt.TestMqttSubmodelAPIEvents
[INFO] Running org.eclipse.basyx.testsuite.regression.extensions.submodel.authorization.TestAuthorizedSubmodelAPI
[INFO] Tests run: 36, Failures: 0, Errors: 0, Skipped: 0, Time elapsed: 0.051 s - in org.eclipse.basyx.testsuite.regression.extensions.submodel.authorization.TestAuthorizedSubmodelAPI
[INFO] Running org.eclipse.basyx.testsuite.regression.extensions.aas.aggregator.aasxupload.TestAASAggregatorAASXUpload
ERROR StatusLogger Log4j2 could not find a logging implementation. Please add log4j-core to the classpath. Using SimpleLogger to log to the console...
[ERROR] Tests run: 7, Failures: 0, Errors: 1, Skipped: 0, Time elapsed: 0.122 s <<< FAILURE! - in org.eclipse.basyx.testsuite.regression.extensions.aas.aggregator.aasxupload.TestAASAggregatorAASXUpload
[ERROR] testUploadAASX(org.eclipse.basyx.testsuite.regression.extensions.aas.aggregator.aasxupload.TestAASAggregatorAASXUpload)  Time elapsed: 0.11 s  <<< ERROR!
java.lang.NoClassDefFoundError: org/apache/commons/io/output/UnsynchronizedByteArrayOutputStream
Caused by: java.lang.ClassNotFoundException: org.apache.commons.io.output.UnsynchronizedByteArrayOutputStream

[INFO] Running org.eclipse.basyx.testsuite.regression.extensions.aas.aggregator.aasxupload.TestAASAggregatorProxyWithAASXProvider
Feb 01, 2023 6:28:53 PM org.apache.coyote.AbstractProtocol init
INFO: Initializing ProtocolHandler ["http-nio-4000"]
Feb 01, 2023 6:28:53 PM org.apache.catalina.core.StandardService startInternal
INFO: Starting service [Tomcat]
Feb 01, 2023 6:28:53 PM org.apache.catalina.core.StandardEngine startInternal
INFO: Starting Servlet engine: [Apache Tomcat/9.0.64]
Feb 01, 2023 6:28:56 PM org.apache.catalina.util.SessionIdGeneratorBase createSecureRandom
WARNING: Creation of SecureRandom instance for session ID generation using [SHA1PRNG] took [3,771] milliseconds.
Feb 01, 2023 6:28:56 PM org.apache.coyote.AbstractProtocol start
INFO: Starting ProtocolHandler ["http-nio-4000"]
Feb 01, 2023 6:28:57 PM org.apache.catalina.core.StandardWrapperValve invoke
SEVERE: Servlet.service() for servlet [1289454852] in context with path [/aggregator] threw exception [Servlet execution threw an exception] with root cause
java.lang.ClassNotFoundException: org.apache.commons.io.output.UnsynchronizedByteArrayOutputStream
	at java.base/jdk.internal.loader.BuiltinClassLoader.loadClass(BuiltinClassLoader.java:581)
	at java.base/jdk.internal.loader.ClassLoaders$AppClassLoader.loadClass(ClassLoaders.java:178)
	at java.base/java.lang.ClassLoader.loadClass(ClassLoader.java:522)
	at org.apache.poi.poifs.filesystem.FileMagic.valueOf(FileMagic.java:209)
	at org.apache.poi.openxml4j.opc.internal.ZipHelper.verifyZipHeader(ZipHelper.java:143)
	at org.apache.poi.openxml4j.opc.internal.ZipHelper.openZipStream(ZipHelper.java:175)
	at org.apache.poi.openxml4j.opc.ZipPackage.<init>(ZipPackage.java:130)
	at org.apache.poi.openxml4j.opc.OPCPackage.open(OPCPackage.java:319)
	at org.eclipse.basyx.aas.factory.aasx.AASXToMetamodelConverter.loadAASX(AASXToMetamodelConverter.java:145)
	at org.eclipse.basyx.aas.factory.aasx.AASXToMetamodelConverter.retrieveAASBundles(AASXToMetamodelConverter.java:128)
	at org.eclipse.basyx.extensions.aas.aggregator.aasxupload.AASAggregatorAASXUpload.uploadAASX(AASAggregatorAASXUpload.java:66)
	at org.eclipse.basyx.extensions.aas.aggregator.aasxupload.restapi.AASAggregatorAASXUploadProvider.createValue(AASAggregatorAASXUploadProvider.java:60)
	at org.eclipse.basyx.vab.coder.json.provider.JSONProvider.processBaSysUpload(JSONProvider.java:341)
	at org.eclipse.basyx.vab.protocol.http.server.VABHTTPInterface.handleMultipartFormDataRequest(VABHTTPInterface.java:362)
	at org.eclipse.basyx.vab.protocol.http.server.VABHTTPInterface.doPost(VABHTTPInterface.java:173)
	at javax.servlet.http.HttpServlet.service(HttpServlet.java:665)
	at org.eclipse.basyx.vab.protocol.http.server.BasysHTTPServlet.service(BasysHTTPServlet.java:75)
	at javax.servlet.http.HttpServlet.service(HttpServlet.java:750)
	at org.apache.catalina.core.ApplicationFilterChain.internalDoFilter(ApplicationFilterChain.java:227)
	at org.apache.catalina.core.ApplicationFilterChain.doFilter(ApplicationFilterChain.java:162)
	at org.apache.catalina.core.StandardWrapperValve.invoke(StandardWrapperValve.java:197)
	at org.apache.catalina.core.StandardContextValve.invoke(StandardContextValve.java:97)
	at org.apache.catalina.authenticator.AuthenticatorBase.invoke(AuthenticatorBase.java:541)
	at org.apache.catalina.core.StandardHostValve.invoke(StandardHostValve.java:135)
	at org.apache.catalina.valves.ErrorReportValve.invoke(ErrorReportValve.java:92)
	at org.apache.catalina.valves.HealthCheckValve.invoke(HealthCheckValve.java:102)
	at org.apache.catalina.core.StandardEngineValve.invoke(StandardEngineValve.java:78)
	at org.apache.catalina.connector.CoyoteAdapter.service(CoyoteAdapter.java:360)
	at org.apache.coyote.http11.Http11Processor.service(Http11Processor.java:399)
	at org.apache.coyote.AbstractProcessorLight.process(AbstractProcessorLight.java:65)
	at org.apache.coyote.AbstractProtocol$ConnectionHandler.process(AbstractProtocol.java:890)
	at org.apache.tomcat.util.net.NioEndpoint$SocketProcessor.doRun(NioEndpoint.java:1787)
	at org.apache.tomcat.util.net.SocketProcessorBase.run(SocketProcessorBase.java:49)
	at org.apache.tomcat.util.threads.ThreadPoolExecutor.runWorker(ThreadPoolExecutor.java:1191)
	at org.apache.tomcat.util.threads.ThreadPoolExecutor$Worker.run(ThreadPoolExecutor.java:659)
	at org.apache.tomcat.util.threads.TaskThread$WrappingRunnable.run(TaskThread.java:61)
	at java.base/java.lang.Thread.run(Thread.java:829)

Feb 01, 2023 6:28:57 PM org.apache.coyote.AbstractProtocol pause
INFO: Pausing ProtocolHandler ["http-nio-4000"]
Feb 01, 2023 6:28:57 PM org.apache.catalina.core.StandardService stopInternal
INFO: Stopping service [Tomcat]
Feb 01, 2023 6:28:57 PM org.apache.coyote.AbstractProtocol stop
INFO: Stopping ProtocolHandler ["http-nio-4000"]
Feb 01, 2023 6:28:57 PM org.apache.coyote.AbstractProtocol destroy
INFO: Destroying ProtocolHandler ["http-nio-4000"]
Feb 01, 2023 6:28:57 PM org.apache.coyote.AbstractProtocol init
INFO: Initializing ProtocolHandler ["http-nio-4000"]
Feb 01, 2023 6:28:57 PM org.apache.catalina.core.StandardService startInternal
INFO: Starting service [Tomcat]
Feb 01, 2023 6:28:57 PM org.apache.catalina.core.StandardEngine startInternal
INFO: Starting Servlet engine: [Apache Tomcat/9.0.64]
Feb 01, 2023 6:28:57 PM org.apache.coyote.AbstractProtocol start
INFO: Starting ProtocolHandler ["http-nio-4000"]
Feb 01, 2023 6:28:57 PM org.apache.coyote.AbstractProtocol pause
INFO: Pausing ProtocolHandler ["http-nio-4000"]
Feb 01, 2023 6:28:57 PM org.apache.catalina.core.StandardService stopInternal
INFO: Stopping service [Tomcat]
Feb 01, 2023 6:28:57 PM org.apache.coyote.AbstractProtocol stop
INFO: Stopping ProtocolHandler ["http-nio-4000"]
Feb 01, 2023 6:28:57 PM org.apache.coyote.AbstractProtocol destroy
INFO: Destroying ProtocolHandler ["http-nio-4000"]
Feb 01, 2023 6:28:57 PM org.apache.coyote.AbstractProtocol init
INFO: Initializing ProtocolHandler ["http-nio-4000"]
Feb 01, 2023 6:28:57 PM org.apache.catalina.core.StandardService startInternal
INFO: Starting service [Tomcat]
Feb 01, 2023 6:28:57 PM org.apache.catalina.core.StandardEngine startInternal
INFO: Starting Servlet engine: [Apache Tomcat/9.0.64]
Feb 01, 2023 6:28:57 PM org.apache.coyote.AbstractProtocol start
INFO: Starting ProtocolHandler ["http-nio-4000"]
Feb 01, 2023 6:28:57 PM org.apache.coyote.AbstractProtocol pause
INFO: Pausing ProtocolHandler ["http-nio-4000"]
Feb 01, 2023 6:28:57 PM org.apache.catalina.core.StandardService stopInternal
INFO: Stopping service [Tomcat]
Feb 01, 2023 6:28:57 PM org.apache.coyote.AbstractProtocol stop
INFO: Stopping ProtocolHandler ["http-nio-4000"]
Feb 01, 2023 6:28:57 PM org.apache.coyote.AbstractProtocol destroy
INFO: Destroying ProtocolHandler ["http-nio-4000"]
Feb 01, 2023 6:28:57 PM org.apache.coyote.AbstractProtocol init
INFO: Initializing ProtocolHandler ["http-nio-4000"]
Feb 01, 2023 6:28:57 PM org.apache.catalina.core.StandardService startInternal
INFO: Starting service [Tomcat]
Feb 01, 2023 6:28:57 PM org.apache.catalina.core.StandardEngine startInternal
INFO: Starting Servlet engine: [Apache Tomcat/9.0.64]
Feb 01, 2023 6:28:57 PM org.apache.coyote.AbstractProtocol start
INFO: Starting ProtocolHandler ["http-nio-4000"]
Feb 01, 2023 6:28:58 PM org.apache.coyote.AbstractProtocol pause
INFO: Pausing ProtocolHandler ["http-nio-4000"]
Feb 01, 2023 6:28:58 PM org.apache.catalina.core.StandardService stopInternal
INFO: Stopping service [Tomcat]
Feb 01, 2023 6:28:58 PM org.apache.coyote.AbstractProtocol stop
INFO: Stopping ProtocolHandler ["http-nio-4000"]
Feb 01, 2023 6:28:58 PM org.apache.coyote.AbstractProtocol destroy
INFO: Destroying ProtocolHandler ["http-nio-4000"]
Feb 01, 2023 6:28:58 PM org.apache.coyote.AbstractProtocol init
INFO: Initializing ProtocolHandler ["http-nio-4000"]
Feb 01, 2023 6:28:58 PM org.apache.catalina.core.StandardService startInternal
INFO: Starting service [Tomcat]
Feb 01, 2023 6:28:58 PM org.apache.catalina.core.StandardEngine startInternal
INFO: Starting Servlet engine: [Apache Tomcat/9.0.64]
Feb 01, 2023 6:28:58 PM org.apache.coyote.AbstractProtocol start
INFO: Starting ProtocolHandler ["http-nio-4000"]
Feb 01, 2023 6:28:58 PM org.apache.coyote.AbstractProtocol pause
INFO: Pausing ProtocolHandler ["http-nio-4000"]
Feb 01, 2023 6:28:58 PM org.apache.catalina.core.StandardService stopInternal
INFO: Stopping service [Tomcat]
Feb 01, 2023 6:28:58 PM org.apache.coyote.AbstractProtocol stop
INFO: Stopping ProtocolHandler ["http-nio-4000"]
Feb 01, 2023 6:28:58 PM org.apache.coyote.AbstractProtocol destroy
INFO: Destroying ProtocolHandler ["http-nio-4000"]
Feb 01, 2023 6:28:58 PM org.apache.coyote.AbstractProtocol init
INFO: Initializing ProtocolHandler ["http-nio-4000"]
Feb 01, 2023 6:28:58 PM org.apache.catalina.core.StandardService startInternal
INFO: Starting service [Tomcat]
Feb 01, 2023 6:28:58 PM org.apache.catalina.core.StandardEngine startInternal
INFO: Starting Servlet engine: [Apache Tomcat/9.0.64]
Feb 01, 2023 6:28:58 PM org.apache.coyote.AbstractProtocol start
INFO: Starting ProtocolHandler ["http-nio-4000"]
Feb 01, 2023 6:28:58 PM org.apache.coyote.AbstractProtocol pause
INFO: Pausing ProtocolHandler ["http-nio-4000"]
Feb 01, 2023 6:28:58 PM org.apache.catalina.core.StandardService stopInternal
INFO: Stopping service [Tomcat]
Feb 01, 2023 6:28:58 PM org.apache.coyote.AbstractProtocol stop
INFO: Stopping ProtocolHandler ["http-nio-4000"]
Feb 01, 2023 6:28:58 PM org.apache.coyote.AbstractProtocol destroy
INFO: Destroying ProtocolHandler ["http-nio-4000"]
Feb 01, 2023 6:28:58 PM org.apache.coyote.AbstractProtocol init
INFO: Initializing ProtocolHandler ["http-nio-4000"]
Feb 01, 2023 6:28:58 PM org.apache.catalina.core.StandardService startInternal
INFO: Starting service [Tomcat]
Feb 01, 2023 6:28:58 PM org.apache.catalina.core.StandardEngine startInternal
INFO: Starting Servlet engine: [Apache Tomcat/9.0.64]
Feb 01, 2023 6:28:58 PM org.apache.coyote.AbstractProtocol start
INFO: Starting ProtocolHandler ["http-nio-4000"]
Feb 01, 2023 6:28:58 PM org.apache.coyote.AbstractProtocol pause
INFO: Pausing ProtocolHandler ["http-nio-4000"]
Feb 01, 2023 6:28:58 PM org.apache.catalina.core.StandardService stopInternal
INFO: Stopping service [Tomcat]
Feb 01, 2023 6:28:58 PM org.apache.coyote.AbstractProtocol stop
INFO: Stopping ProtocolHandler ["http-nio-4000"]
Feb 01, 2023 6:28:58 PM org.apache.coyote.AbstractProtocol destroy
INFO: Destroying ProtocolHandler ["http-nio-4000"]
Feb 01, 2023 6:28:58 PM org.apache.coyote.AbstractProtocol init
INFO: Initializing ProtocolHandler ["http-nio-4000"]
Feb 01, 2023 6:28:58 PM org.apache.catalina.core.StandardService startInternal
INFO: Starting service [Tomcat]
Feb 01, 2023 6:28:58 PM org.apache.catalina.core.StandardEngine startInternal
INFO: Starting Servlet engine: [Apache Tomcat/9.0.64]
Feb 01, 2023 6:28:58 PM org.apache.coyote.AbstractProtocol start
INFO: Starting ProtocolHandler ["http-nio-4000"]
Feb 01, 2023 6:28:58 PM org.apache.coyote.AbstractProtocol pause
INFO: Pausing ProtocolHandler ["http-nio-4000"]
Feb 01, 2023 6:28:58 PM org.apache.catalina.core.StandardService stopInternal
INFO: Stopping service [Tomcat]
Feb 01, 2023 6:28:58 PM org.apache.coyote.AbstractProtocol stop
INFO: Stopping ProtocolHandler ["http-nio-4000"]
Feb 01, 2023 6:28:58 PM org.apache.coyote.AbstractProtocol destroy
INFO: Destroying ProtocolHandler ["http-nio-4000"]
[ERROR] Tests run: 8, Failures: 1, Errors: 0, Skipped: 0, Time elapsed: 5.557 s <<< FAILURE! - in org.eclipse.basyx.testsuite.regression.extensions.aas.aggregator.aasxupload.TestAASAggregatorProxyWithAASXProvider
[ERROR] testClientUpload(org.eclipse.basyx.testsuite.regression.extensions.aas.aggregator.aasxupload.TestAASAggregatorProxyWithAASXProvider)  Time elapsed: 4.935 s  <<< FAILURE!
java.lang.AssertionError: expected:<2> but was:<0>
	at org.eclipse.basyx.testsuite.regression.extensions.aas.aggregator.aasxupload.TestAASAggregatorProxyWithAASXProvider.testClientUpload(TestAASAggregatorProxyWithAASXProvider.java:76)

[INFO] Running org.eclipse.basyx.testsuite.regression.extensions.aas.aggregator.mqtt.TestFullMqttAASAggregator
[INFO] Tests run: 2, Failures: 0, Errors: 0, Skipped: 0, Time elapsed: 11.119 s - in org.eclipse.basyx.testsuite.regression.extensions.aas.aggregator.mqtt.TestFullMqttAASAggregator
[INFO] Running org.eclipse.basyx.testsuite.regression.extensions.aas.aggregator.mqtt.TestMqttAASAggregatorPayloadParser
[INFO] Tests run: 3, Failures: 0, Errors: 0, Skipped: 0, Time elapsed: 7.132 s - in org.eclipse.basyx.testsuite.regression.extensions.aas.aggregator.mqtt.TestMqttAASAggregatorPayloadParser
[INFO] Running org.eclipse.basyx.testsuite.regression.extensions.aas.aggregator.mqtt.TestMqttAASAggregatorObserver
[INFO] Tests run: 3, Failures: 0, Errors: 0, Skipped: 0, Time elapsed: 8.046 s - in org.eclipse.basyx.testsuite.regression.extensions.aas.aggregator.mqtt.TestMqttAASAggregatorObserver
[INFO] Running org.eclipse.basyx.testsuite.regression.extensions.aas.aggregator.mqtt.TestMqttAASAggregator
[INFO] Tests run: 3, Failures: 0, Errors: 0, Skipped: 0, Time elapsed: 8.149 s - in org.eclipse.basyx.testsuite.regression.extensions.aas.aggregator.mqtt.TestMqttAASAggregator
[INFO] Running org.eclipse.basyx.testsuite.regression.extensions.aas.aggregator.authorization.TestAuthorizedAASAggregator
[INFO] Tests run: 9, Failures: 0, Errors: 0, Skipped: 0, Time elapsed: 0.019 s - in org.eclipse.basyx.testsuite.regression.extensions.aas.aggregator.authorization.TestAuthorizedAASAggregator
[INFO] Running org.eclipse.basyx.testsuite.regression.extensions.aas.directory.tagged.map.TestMapTaggedDirectory
[INFO] Tests run: 26, Failures: 0, Errors: 0, Skipped: 0, Time elapsed: 0.015 s - in org.eclipse.basyx.testsuite.regression.extensions.aas.directory.tagged.map.TestMapTaggedDirectory
[INFO] Running org.eclipse.basyx.testsuite.regression.extensions.aas.directory.tagged.authorized.TestTaggedDirectoryAuthorization
[INFO] Tests run: 8, Failures: 0, Errors: 0, Skipped: 0, Time elapsed: 0.003 s - in org.eclipse.basyx.testsuite.regression.extensions.aas.directory.tagged.authorized.TestTaggedDirectoryAuthorization
[INFO] Running org.eclipse.basyx.testsuite.regression.extensions.aas.directory.tagged.proxy.TestProxyTaggedDirectory
[INFO] Tests run: 26, Failures: 0, Errors: 0, Skipped: 0, Time elapsed: 0.046 s - in org.eclipse.basyx.testsuite.regression.extensions.aas.directory.tagged.proxy.TestProxyTaggedDirectory
[INFO] Running org.eclipse.basyx.testsuite.regression.extensions.aas.registration.mqtt.TestMqttAASRegistryService
[INFO] Tests run: 4, Failures: 0, Errors: 0, Skipped: 0, Time elapsed: 14.079 s - in org.eclipse.basyx.testsuite.regression.extensions.aas.registration.mqtt.TestMqttAASRegistryService
[INFO] Running org.eclipse.basyx.testsuite.regression.extensions.aas.registration.mqtt.TestMqttAASRegistryServiceObserver
[INFO] Tests run: 4, Failures: 0, Errors: 0, Skipped: 0, Time elapsed: 14.136 s - in org.eclipse.basyx.testsuite.regression.extensions.aas.registration.mqtt.TestMqttAASRegistryServiceObserver
[INFO] Running org.eclipse.basyx.testsuite.regression.extensions.aas.registration.mqtt.TestMqttAASRegistryServicePayloadParser
[INFO] Tests run: 5, Failures: 0, Errors: 0, Skipped: 0, Time elapsed: 11.096 s - in org.eclipse.basyx.testsuite.regression.extensions.aas.registration.mqtt.TestMqttAASRegistryServicePayloadParser
[INFO] Running org.eclipse.basyx.testsuite.regression.extensions.aas.registration.authorization.TestAuthorizedAASRegistry
[INFO] Tests run: 17, Failures: 0, Errors: 0, Skipped: 0, Time elapsed: 0.022 s - in org.eclipse.basyx.testsuite.regression.extensions.aas.registration.authorization.TestAuthorizedAASRegistry
[INFO] Running org.eclipse.basyx.testsuite.regression.extensions.aas.api.mqtt.TestMqttAASAPIEvents
[INFO] Tests run: 2, Failures: 0, Errors: 0, Skipped: 0, Time elapsed: 5.066 s - in org.eclipse.basyx.testsuite.regression.extensions.aas.api.mqtt.TestMqttAASAPIEvents
[INFO] Running org.eclipse.basyx.testsuite.regression.extensions.aas.api.mqtt.TestMqttAASAPIObserver
[INFO] Tests run: 2, Failures: 0, Errors: 0, Skipped: 0, Time elapsed: 5.104 s - in org.eclipse.basyx.testsuite.regression.extensions.aas.api.mqtt.TestMqttAASAPIObserver
[INFO] Running org.eclipse.basyx.testsuite.regression.extensions.aas.api.authorization.TestAuthorizedAASAPI
[INFO] Tests run: 9, Failures: 0, Errors: 0, Skipped: 0, Time elapsed: 0.012 s - in org.eclipse.basyx.testsuite.regression.extensions.aas.api.authorization.TestAuthorizedAASAPI
[INFO] Running org.eclipse.basyx.testsuite.regression.submodel.restapi.SubmodelProviderIntegrationTest
[INFO] Tests run: 4, Failures: 0, Errors: 0, Skipped: 0, Time elapsed: 0.001 s - in org.eclipse.basyx.testsuite.regression.submodel.restapi.SubmodelProviderIntegrationTest
[INFO] Running org.eclipse.basyx.testsuite.regression.submodel.restapi.SubmodelProviderTest
[INFO] Tests run: 27, Failures: 0, Errors: 0, Skipped: 0, Time elapsed: 0.25 s - in org.eclipse.basyx.testsuite.regression.submodel.restapi.SubmodelProviderTest
[INFO] Running org.eclipse.basyx.testsuite.regression.submodel.restapi.TestSubmodelElementCollectionProvider
[INFO] Tests run: 4, Failures: 0, Errors: 0, Skipped: 0, Time elapsed: 0 s - in org.eclipse.basyx.testsuite.regression.submodel.restapi.TestSubmodelElementCollectionProvider
[INFO] Running org.eclipse.basyx.testsuite.regression.submodel.restapi.TestPropertyProvider
[INFO] Tests run: 2, Failures: 0, Errors: 0, Skipped: 0, Time elapsed: 0 s - in org.eclipse.basyx.testsuite.regression.submodel.restapi.TestPropertyProvider
[INFO] Running org.eclipse.basyx.testsuite.regression.submodel.restapi.observing.ObservableSubmodelAPITest
[INFO] Tests run: 4, Failures: 0, Errors: 0, Skipped: 0, Time elapsed: 0 s - in org.eclipse.basyx.testsuite.regression.submodel.restapi.observing.ObservableSubmodelAPITest
[INFO] Running org.eclipse.basyx.testsuite.regression.submodel.restapi.OperationProviderTest
Feb 01, 2023 6:30:22 PM org.apache.coyote.AbstractProtocol init
INFO: Initializing ProtocolHandler ["http-nio-4000"]
Feb 01, 2023 6:30:22 PM org.apache.catalina.core.StandardService startInternal
INFO: Starting service [Tomcat]
Feb 01, 2023 6:30:22 PM org.apache.catalina.core.StandardEngine startInternal
INFO: Starting Servlet engine: [Apache Tomcat/9.0.64]
Feb 01, 2023 6:30:22 PM org.apache.coyote.AbstractProtocol start
INFO: Starting ProtocolHandler ["http-nio-4000"]
Feb 01, 2023 6:30:22 PM org.apache.coyote.AbstractProtocol pause
INFO: Pausing ProtocolHandler ["http-nio-4000"]
Feb 01, 2023 6:30:22 PM org.apache.catalina.core.StandardService stopInternal
INFO: Stopping service [Tomcat]
Feb 01, 2023 6:30:22 PM org.apache.coyote.AbstractProtocol stop
INFO: Stopping ProtocolHandler ["http-nio-4000"]
Feb 01, 2023 6:30:22 PM org.apache.coyote.AbstractProtocol destroy
INFO: Destroying ProtocolHandler ["http-nio-4000"]
[INFO] Tests run: 8, Failures: 0, Errors: 0, Skipped: 0, Time elapsed: 0.067 s - in org.eclipse.basyx.testsuite.regression.submodel.restapi.OperationProviderTest
[INFO] Running org.eclipse.basyx.testsuite.regression.submodel.aggregator.TestInMemorySubmodelAggregator
[INFO] Tests run: 9, Failures: 0, Errors: 0, Skipped: 0, Time elapsed: 0.002 s - in org.eclipse.basyx.testsuite.regression.submodel.aggregator.TestInMemorySubmodelAggregator
[INFO] Running org.eclipse.basyx.testsuite.regression.submodel.aggregator.observing.ObservableSubmodelAggregatorTest
[INFO] Tests run: 5, Failures: 0, Errors: 0, Skipped: 0, Time elapsed: 0 s - in org.eclipse.basyx.testsuite.regression.submodel.aggregator.observing.ObservableSubmodelAggregatorTest
[INFO] Running org.eclipse.basyx.testsuite.regression.submodel.factory.xml.converters.submodelelement.operation.TestOperationXMLConverter
[INFO] Tests run: 1, Failures: 0, Errors: 0, Skipped: 0, Time elapsed: 0.006 s - in org.eclipse.basyx.testsuite.regression.submodel.factory.xml.converters.submodelelement.operation.TestOperationXMLConverter
[INFO] Running org.eclipse.basyx.testsuite.regression.submodel.metamodel.connected.TestConnectedSubmodel
[INFO] Tests run: 13, Failures: 0, Errors: 0, Skipped: 0, Time elapsed: 0.029 s - in org.eclipse.basyx.testsuite.regression.submodel.metamodel.connected.TestConnectedSubmodel
[INFO] Running org.eclipse.basyx.testsuite.regression.submodel.metamodel.connected.TestConnectedProperty
[INFO] Tests run: 5, Failures: 0, Errors: 0, Skipped: 0, Time elapsed: 0.002 s - in org.eclipse.basyx.testsuite.regression.submodel.metamodel.connected.TestConnectedProperty
[INFO] Running org.eclipse.basyx.testsuite.regression.submodel.metamodel.connected.submodelelement.event.TestConnectedBasicEvent
[INFO] Tests run: 1, Failures: 0, Errors: 0, Skipped: 0, Time elapsed: 0.014 s - in org.eclipse.basyx.testsuite.regression.submodel.metamodel.connected.submodelelement.event.TestConnectedBasicEvent
[INFO] Running org.eclipse.basyx.testsuite.regression.submodel.metamodel.connected.submodelelement.dataelement.TestConnectedFile
[INFO] Tests run: 4, Failures: 0, Errors: 0, Skipped: 0, Time elapsed: 0.002 s - in org.eclipse.basyx.testsuite.regression.submodel.metamodel.connected.submodelelement.dataelement.TestConnectedFile
[INFO] Running org.eclipse.basyx.testsuite.regression.submodel.metamodel.connected.submodelelement.dataelement.TestConnectedMultiLanguageProperty
[INFO] Tests run: 3, Failures: 0, Errors: 0, Skipped: 0, Time elapsed: 0 s - in org.eclipse.basyx.testsuite.regression.submodel.metamodel.connected.submodelelement.dataelement.TestConnectedMultiLanguageProperty
[INFO] Running org.eclipse.basyx.testsuite.regression.submodel.metamodel.connected.submodelelement.dataelement.TestConnectedReferenceElement
[INFO] Tests run: 2, Failures: 0, Errors: 0, Skipped: 0, Time elapsed: 0 s - in org.eclipse.basyx.testsuite.regression.submodel.metamodel.connected.submodelelement.dataelement.TestConnectedReferenceElement
[INFO] Running org.eclipse.basyx.testsuite.regression.submodel.metamodel.connected.submodelelement.dataelement.TestConnectedRange
[INFO] Tests run: 6, Failures: 0, Errors: 0, Skipped: 0, Time elapsed: 0 s - in org.eclipse.basyx.testsuite.regression.submodel.metamodel.connected.submodelelement.dataelement.TestConnectedRange
[INFO] Running org.eclipse.basyx.testsuite.regression.submodel.metamodel.connected.submodelelement.dataelement.TestConnectedBlob
[INFO] Tests run: 8, Failures: 0, Errors: 0, Skipped: 0, Time elapsed: 0 s - in org.eclipse.basyx.testsuite.regression.submodel.metamodel.connected.submodelelement.dataelement.TestConnectedBlob
[INFO] Running org.eclipse.basyx.testsuite.regression.submodel.metamodel.connected.submodelelement.relationship.TestConnectedAnnotatedRelationshipElement
[INFO] Tests run: 1, Failures: 0, Errors: 0, Skipped: 0, Time elapsed: 0 s - in org.eclipse.basyx.testsuite.regression.submodel.metamodel.connected.submodelelement.relationship.TestConnectedAnnotatedRelationshipElement
[INFO] Running org.eclipse.basyx.testsuite.regression.submodel.metamodel.connected.submodelelement.relationship.TestConnectedRelationshipElement
[INFO] Tests run: 1, Failures: 0, Errors: 0, Skipped: 0, Time elapsed: 0 s - in org.eclipse.basyx.testsuite.regression.submodel.metamodel.connected.submodelelement.relationship.TestConnectedRelationshipElement
[INFO] Running org.eclipse.basyx.testsuite.regression.submodel.metamodel.connected.submodelelement.operation.TestConnectedOperationParameter
[INFO] Tests run: 2, Failures: 0, Errors: 0, Skipped: 0, Time elapsed: 0 s - in org.eclipse.basyx.testsuite.regression.submodel.metamodel.connected.submodelelement.operation.TestConnectedOperationParameter
[INFO] Running org.eclipse.basyx.testsuite.regression.submodel.metamodel.connected.submodelelement.operation.TestConnectedOperation
[INFO] Tests run: 25, Failures: 0, Errors: 0, Skipped: 0, Time elapsed: 0.551 s - in org.eclipse.basyx.testsuite.regression.submodel.metamodel.connected.submodelelement.operation.TestConnectedOperation
[INFO] Running org.eclipse.basyx.testsuite.regression.submodel.metamodel.connected.submodelelement.operation.TestConnectedOperationInput
[INFO] Tests run: 5, Failures: 0, Errors: 0, Skipped: 0, Time elapsed: 0.002 s - in org.eclipse.basyx.testsuite.regression.submodel.metamodel.connected.submodelelement.operation.TestConnectedOperationInput
[INFO] Running org.eclipse.basyx.testsuite.regression.submodel.metamodel.connected.submodelelement.TestConnectedSubmodelElementFactory
[INFO] Tests run: 3, Failures: 0, Errors: 0, Skipped: 0, Time elapsed: 0 s - in org.eclipse.basyx.testsuite.regression.submodel.metamodel.connected.submodelelement.TestConnectedSubmodelElementFactory
[INFO] Running org.eclipse.basyx.testsuite.regression.submodel.metamodel.connected.TestConnectedSubmodelElementCollection
[INFO] Tests run: 7, Failures: 0, Errors: 0, Skipped: 0, Time elapsed: 0 s - in org.eclipse.basyx.testsuite.regression.submodel.metamodel.connected.TestConnectedSubmodelElementCollection
[INFO] Running org.eclipse.basyx.testsuite.regression.submodel.metamodel.map.TestSubmodel
[INFO] Tests run: 13, Failures: 0, Errors: 0, Skipped: 0, Time elapsed: 0 s - in org.eclipse.basyx.testsuite.regression.submodel.metamodel.map.TestSubmodel
[INFO] Running org.eclipse.basyx.testsuite.regression.submodel.metamodel.map.parts.TestConceptDescription
[INFO] Tests run: 9, Failures: 0, Errors: 0, Skipped: 0, Time elapsed: 0 s - in org.eclipse.basyx.testsuite.regression.submodel.metamodel.map.parts.TestConceptDescription
[INFO] Running org.eclipse.basyx.testsuite.regression.submodel.metamodel.map.submodelelement.dataelement.range.TestRange
[INFO] Tests run: 2, Failures: 0, Errors: 0, Skipped: 0, Time elapsed: 0.001 s - in org.eclipse.basyx.testsuite.regression.submodel.metamodel.map.submodelelement.dataelement.range.TestRange
[INFO] Running org.eclipse.basyx.testsuite.regression.submodel.metamodel.map.submodelelement.dataelement.TestBlob
[INFO] Tests run: 5, Failures: 0, Errors: 0, Skipped: 0, Time elapsed: 0 s - in org.eclipse.basyx.testsuite.regression.submodel.metamodel.map.submodelelement.dataelement.TestBlob
[INFO] Running org.eclipse.basyx.testsuite.regression.submodel.metamodel.map.submodelelement.dataelement.property.TestProperty
[INFO] Tests run: 8, Failures: 0, Errors: 0, Skipped: 0, Time elapsed: 0 s - in org.eclipse.basyx.testsuite.regression.submodel.metamodel.map.submodelelement.dataelement.property.TestProperty
[INFO] Running org.eclipse.basyx.testsuite.regression.submodel.metamodel.map.submodelelement.dataelement.TestFile
[INFO] Tests run: 3, Failures: 0, Errors: 0, Skipped: 0, Time elapsed: 0 s - in org.eclipse.basyx.testsuite.regression.submodel.metamodel.map.submodelelement.dataelement.TestFile
[INFO] Running org.eclipse.basyx.testsuite.regression.submodel.metamodel.map.submodelelement.dataelement.TestReferenceElement
[INFO] Tests run: 2, Failures: 0, Errors: 0, Skipped: 0, Time elapsed: 0 s - in org.eclipse.basyx.testsuite.regression.submodel.metamodel.map.submodelelement.dataelement.TestReferenceElement
[INFO] Running org.eclipse.basyx.testsuite.regression.submodel.metamodel.map.submodelelement.TestSubmodelElementCollection
[INFO] Tests run: 16, Failures: 0, Errors: 0, Skipped: 0, Time elapsed: 0 s - in org.eclipse.basyx.testsuite.regression.submodel.metamodel.map.submodelelement.TestSubmodelElementCollection
[INFO] Running org.eclipse.basyx.testsuite.regression.submodel.metamodel.map.submodelelement.TestSubmodelElement
[INFO] Tests run: 10, Failures: 0, Errors: 0, Skipped: 0, Time elapsed: 0 s - in org.eclipse.basyx.testsuite.regression.submodel.metamodel.map.submodelelement.TestSubmodelElement
[INFO] Running org.eclipse.basyx.testsuite.regression.submodel.metamodel.map.submodelelement.relationship.TestAnnotatedRelationshipElement
[INFO] Tests run: 5, Failures: 0, Errors: 0, Skipped: 0, Time elapsed: 0 s - in org.eclipse.basyx.testsuite.regression.submodel.metamodel.map.submodelelement.relationship.TestAnnotatedRelationshipElement
[INFO] Running org.eclipse.basyx.testsuite.regression.submodel.metamodel.map.submodelelement.relationship.TestRelationshipElement
[INFO] Tests run: 4, Failures: 0, Errors: 0, Skipped: 0, Time elapsed: 0 s - in org.eclipse.basyx.testsuite.regression.submodel.metamodel.map.submodelelement.relationship.TestRelationshipElement
[INFO] Running org.eclipse.basyx.testsuite.regression.submodel.metamodel.map.submodelelement.operation.TestOperationInput
[INFO] Tests run: 5, Failures: 0, Errors: 0, Skipped: 0, Time elapsed: 0 s - in org.eclipse.basyx.testsuite.regression.submodel.metamodel.map.submodelelement.operation.TestOperationInput
[INFO] Running org.eclipse.basyx.testsuite.regression.submodel.metamodel.map.submodelelement.operation.TestOperation
[INFO] Tests run: 29, Failures: 0, Errors: 0, Skipped: 0, Time elapsed: 0.509 s - in org.eclipse.basyx.testsuite.regression.submodel.metamodel.map.submodelelement.operation.TestOperation
[INFO] Running org.eclipse.basyx.testsuite.regression.submodel.metamodel.map.submodelelement.operation.TestOperationParameter
[INFO] Tests run: 2, Failures: 0, Errors: 0, Skipped: 0, Time elapsed: 0.001 s - in org.eclipse.basyx.testsuite.regression.submodel.metamodel.map.submodelelement.operation.TestOperationParameter
[INFO] Running org.eclipse.basyx.testsuite.regression.submodel.metamodel.map.submodelelement.operation.TestOperationVariable
[INFO] Tests run: 3, Failures: 0, Errors: 0, Skipped: 0, Time elapsed: 0 s - in org.eclipse.basyx.testsuite.regression.submodel.metamodel.map.submodelelement.operation.TestOperationVariable
[INFO] Running org.eclipse.basyx.testsuite.regression.submodel.metamodel.map.reference.TestReference
[INFO] Tests run: 6, Failures: 0, Errors: 0, Skipped: 0, Time elapsed: 0 s - in org.eclipse.basyx.testsuite.regression.submodel.metamodel.map.reference.TestReference
[INFO] Running org.eclipse.basyx.testsuite.regression.submodel.metamodel.map.reference.TestKey
[INFO] Tests run: 8, Failures: 0, Errors: 0, Skipped: 0, Time elapsed: 0 s - in org.eclipse.basyx.testsuite.regression.submodel.metamodel.map.reference.TestKey
[INFO] Running org.eclipse.basyx.testsuite.regression.submodel.metamodel.map.identifier.TestIdentifier
[INFO] Tests run: 3, Failures: 0, Errors: 0, Skipped: 0, Time elapsed: 0 s - in org.eclipse.basyx.testsuite.regression.submodel.metamodel.map.identifier.TestIdentifier
[INFO] Running org.eclipse.basyx.testsuite.regression.submodel.metamodel.map.dataspecification.TestEmbeddedDataSpecification
[INFO] Tests run: 1, Failures: 0, Errors: 0, Skipped: 0, Time elapsed: 0 s - in org.eclipse.basyx.testsuite.regression.submodel.metamodel.map.dataspecification.TestEmbeddedDataSpecification
[INFO] Running org.eclipse.basyx.testsuite.regression.submodel.metamodel.map.dataspecification.TestValueReferencePair
[INFO] Tests run: 3, Failures: 0, Errors: 0, Skipped: 0, Time elapsed: 0 s - in org.eclipse.basyx.testsuite.regression.submodel.metamodel.map.dataspecification.TestValueReferencePair
[INFO] Running org.eclipse.basyx.testsuite.regression.submodel.metamodel.map.dataspecification.TestDataSpecificationIEC61360
[INFO] Tests run: 14, Failures: 0, Errors: 0, Skipped: 0, Time elapsed: 0 s - in org.eclipse.basyx.testsuite.regression.submodel.metamodel.map.dataspecification.TestDataSpecificationIEC61360
[INFO] Running org.eclipse.basyx.testsuite.regression.submodel.metamodel.map.qualifier.TestLangString
[INFO] Tests run: 1, Failures: 0, Errors: 0, Skipped: 0, Time elapsed: 0 s - in org.eclipse.basyx.testsuite.regression.submodel.metamodel.map.qualifier.TestLangString
[INFO] Running org.eclipse.basyx.testsuite.regression.submodel.metamodel.map.qualifier.TestIdentifiable
[INFO] Tests run: 3, Failures: 0, Errors: 0, Skipped: 0, Time elapsed: 0 s - in org.eclipse.basyx.testsuite.regression.submodel.metamodel.map.qualifier.TestIdentifiable
[INFO] Running org.eclipse.basyx.testsuite.regression.submodel.metamodel.map.qualifier.qualifiable.TestQualifiable
[INFO] Tests run: 5, Failures: 0, Errors: 0, Skipped: 0, Time elapsed: 0 s - in org.eclipse.basyx.testsuite.regression.submodel.metamodel.map.qualifier.qualifiable.TestQualifiable
[INFO] Running org.eclipse.basyx.testsuite.regression.submodel.metamodel.map.qualifier.qualifiable.TestQualifier
[INFO] Tests run: 8, Failures: 0, Errors: 0, Skipped: 0, Time elapsed: 0 s - in org.eclipse.basyx.testsuite.regression.submodel.metamodel.map.qualifier.qualifiable.TestQualifier
[INFO] Running org.eclipse.basyx.testsuite.regression.submodel.metamodel.map.qualifier.qualifiable.TestFormula
[INFO] Tests run: 2, Failures: 0, Errors: 0, Skipped: 0, Time elapsed: 0 s - in org.eclipse.basyx.testsuite.regression.submodel.metamodel.map.qualifier.qualifiable.TestFormula
[INFO] Running org.eclipse.basyx.testsuite.regression.submodel.metamodel.map.qualifier.haskind.TestHasKind
[INFO] Tests run: 3, Failures: 0, Errors: 0, Skipped: 0, Time elapsed: 0.001 s - in org.eclipse.basyx.testsuite.regression.submodel.metamodel.map.qualifier.haskind.TestHasKind
[INFO] Running org.eclipse.basyx.testsuite.regression.submodel.metamodel.map.qualifier.TestAdministrativeInformation
[INFO] Tests run: 7, Failures: 0, Errors: 0, Skipped: 0, Time elapsed: 0.001 s - in org.eclipse.basyx.testsuite.regression.submodel.metamodel.map.qualifier.TestAdministrativeInformation
[INFO] Running org.eclipse.basyx.testsuite.regression.submodel.metamodel.map.qualifier.TestReferable
[INFO] Tests run: 5, Failures: 0, Errors: 0, Skipped: 0, Time elapsed: 0 s - in org.eclipse.basyx.testsuite.regression.submodel.metamodel.map.qualifier.TestReferable
[INFO] Running org.eclipse.basyx.testsuite.regression.submodel.metamodel.map.qualifier.TestHasSemantics
[INFO] Tests run: 2, Failures: 0, Errors: 0, Skipped: 0, Time elapsed: 0 s - in org.eclipse.basyx.testsuite.regression.submodel.metamodel.map.qualifier.TestHasSemantics
[INFO] Running org.eclipse.basyx.testsuite.regression.submodel.metamodel.map.qualifier.TestHasDataSpecification
[INFO] Tests run: 2, Failures: 0, Errors: 0, Skipped: 0, Time elapsed: 0 s - in org.eclipse.basyx.testsuite.regression.submodel.metamodel.map.qualifier.TestHasDataSpecification
[INFO] Running org.eclipse.basyx.testsuite.regression.submodel.metamodel.map.qualifier.TestLangStrings
[INFO] Tests run: 10, Failures: 0, Errors: 0, Skipped: 0, Time elapsed: 0 s - in org.eclipse.basyx.testsuite.regression.submodel.metamodel.map.qualifier.TestLangStrings
[INFO] Running org.eclipse.basyx.testsuite.regression.submodel.metamodel.map.modeltype.TestModelType
[INFO] Tests run: 1, Failures: 0, Errors: 0, Skipped: 0, Time elapsed: 0 s - in org.eclipse.basyx.testsuite.regression.submodel.metamodel.map.modeltype.TestModelType
[INFO] Running org.eclipse.basyx.testsuite.regression.submodel.metamodel.map.support.TestAASLambdaPropertyHelper
[INFO] Tests run: 1, Failures: 0, Errors: 0, Skipped: 0, Time elapsed: 0.001 s - in org.eclipse.basyx.testsuite.regression.submodel.metamodel.map.support.TestAASLambdaPropertyHelper
[INFO] Running org.eclipse.basyx.testsuite.regression.submodel.metamodel.api.submodelelement.TestSubmodelElementIdShortBlacklist
[INFO] Tests run: 1, Failures: 0, Errors: 0, Skipped: 0, Time elapsed: 0.001 s - in org.eclipse.basyx.testsuite.regression.submodel.metamodel.api.submodelelement.TestSubmodelElementIdShortBlacklist
[INFO] Running org.eclipse.basyx.testsuite.regression.submodel.metamodel.api.qualifier.TestIdShortValidator
[INFO] Tests run: 1, Failures: 0, Errors: 0, Skipped: 0, Time elapsed: 0 s - in org.eclipse.basyx.testsuite.regression.submodel.metamodel.api.qualifier.TestIdShortValidator
[INFO] Running org.eclipse.basyx.testsuite.regression.submodel.metamodel.facade.TestSubmodelElementMapCollectionConverter
[INFO] Tests run: 3, Failures: 0, Errors: 0, Skipped: 0, Time elapsed: 0.001 s - in org.eclipse.basyx.testsuite.regression.submodel.metamodel.facade.TestSubmodelElementMapCollectionConverter
[INFO] Running org.eclipse.basyx.testsuite.regression.submodel.types.digitalnameplate.TestDigitalNameplateSubmodel
[INFO] Tests run: 8, Failures: 0, Errors: 0, Skipped: 0, Time elapsed: 0 s - in org.eclipse.basyx.testsuite.regression.submodel.types.digitalnameplate.TestDigitalNameplateSubmodel
[INFO] Running org.eclipse.basyx.testsuite.regression.submodel.types.digitalnameplate.submodelelementcollections.address.TestAddress
[INFO] Tests run: 6, Failures: 0, Errors: 0, Skipped: 0, Time elapsed: 0 s - in org.eclipse.basyx.testsuite.regression.submodel.types.digitalnameplate.submodelelementcollections.address.TestAddress
[INFO] Running org.eclipse.basyx.testsuite.regression.submodel.types.digitalnameplate.submodelelementcollections.address.TestFax
[INFO] Tests run: 3, Failures: 0, Errors: 0, Skipped: 0, Time elapsed: 0 s - in org.eclipse.basyx.testsuite.regression.submodel.types.digitalnameplate.submodelelementcollections.address.TestFax
[INFO] Running org.eclipse.basyx.testsuite.regression.submodel.types.digitalnameplate.submodelelementcollections.address.TestEmail
[INFO] Tests run: 3, Failures: 0, Errors: 0, Skipped: 0, Time elapsed: 0 s - in org.eclipse.basyx.testsuite.regression.submodel.types.digitalnameplate.submodelelementcollections.address.TestEmail
[INFO] Running org.eclipse.basyx.testsuite.regression.submodel.types.digitalnameplate.submodelelementcollections.address.TestPhone
[INFO] Tests run: 3, Failures: 0, Errors: 0, Skipped: 0, Time elapsed: 0 s - in org.eclipse.basyx.testsuite.regression.submodel.types.digitalnameplate.submodelelementcollections.address.TestPhone
[INFO] Running org.eclipse.basyx.testsuite.regression.submodel.types.digitalnameplate.submodelelementcollections.markings.TestMarkings
[INFO] Tests run: 4, Failures: 0, Errors: 0, Skipped: 0, Time elapsed: 0 s - in org.eclipse.basyx.testsuite.regression.submodel.types.digitalnameplate.submodelelementcollections.markings.TestMarkings
[INFO] Running org.eclipse.basyx.testsuite.regression.submodel.types.digitalnameplate.submodelelementcollections.markings.TestMarking
[INFO] Tests run: 4, Failures: 0, Errors: 0, Skipped: 0, Time elapsed: 0 s - in org.eclipse.basyx.testsuite.regression.submodel.types.digitalnameplate.submodelelementcollections.markings.TestMarking
[INFO] Running org.eclipse.basyx.testsuite.regression.submodel.types.digitalnameplate.submodelelementcollections.assetspecificproperties.TestGuidelineSpecificProperties
[INFO] Tests run: 4, Failures: 0, Errors: 0, Skipped: 0, Time elapsed: 0 s - in org.eclipse.basyx.testsuite.regression.submodel.types.digitalnameplate.submodelelementcollections.assetspecificproperties.TestGuidelineSpecificProperties
[INFO] Running org.eclipse.basyx.testsuite.regression.submodel.types.digitalnameplate.submodelelementcollections.assetspecificproperties.TestAssetSpecificProperties
[INFO] Tests run: 3, Failures: 0, Errors: 0, Skipped: 0, Time elapsed: 0 s - in org.eclipse.basyx.testsuite.regression.submodel.types.digitalnameplate.submodelelementcollections.assetspecificproperties.TestAssetSpecificProperties
[INFO] Running org.eclipse.basyx.testsuite.regression.submodel.types.technicaldata.productclassifications.TestProductClassificationItem
[INFO] Tests run: 4, Failures: 0, Errors: 0, Skipped: 0, Time elapsed: 0 s - in org.eclipse.basyx.testsuite.regression.submodel.types.technicaldata.productclassifications.TestProductClassificationItem
[INFO] Running org.eclipse.basyx.testsuite.regression.submodel.types.technicaldata.productclassifications.TestProductClassifications
[INFO] Tests run: 2, Failures: 0, Errors: 0, Skipped: 0, Time elapsed: 0 s - in org.eclipse.basyx.testsuite.regression.submodel.types.technicaldata.productclassifications.TestProductClassifications
[INFO] Running org.eclipse.basyx.testsuite.regression.submodel.types.technicaldata.furtherinformation.TestFurtherInformation
[INFO] Tests run: 3, Failures: 0, Errors: 0, Skipped: 0, Time elapsed: 0 s - in org.eclipse.basyx.testsuite.regression.submodel.types.technicaldata.furtherinformation.TestFurtherInformation
[INFO] Running org.eclipse.basyx.testsuite.regression.submodel.types.technicaldata.generalinformation.TestGeneralInformation
[INFO] Tests run: 6, Failures: 0, Errors: 0, Skipped: 0, Time elapsed: 0 s - in org.eclipse.basyx.testsuite.regression.submodel.types.technicaldata.generalinformation.TestGeneralInformation
[INFO] Running org.eclipse.basyx.testsuite.regression.submodel.types.technicaldata.technicalproperties.TestTechnicalProperties
[INFO] Tests run: 2, Failures: 0, Errors: 0, Skipped: 0, Time elapsed: 0 s - in org.eclipse.basyx.testsuite.regression.submodel.types.technicaldata.technicalproperties.TestTechnicalProperties
[INFO] Running org.eclipse.basyx.testsuite.regression.submodel.types.technicaldata.TestTechnicalDataSubmodel
[INFO] Tests run: 5, Failures: 0, Errors: 0, Skipped: 0, Time elapsed: 0 s - in org.eclipse.basyx.testsuite.regression.submodel.types.technicaldata.TestTechnicalDataSubmodel
[INFO] Running org.eclipse.basyx.testsuite.regression.aas.restapi.MultiSubmodelProviderTest
[INFO] Tests run: 11, Failures: 0, Errors: 0, Skipped: 0, Time elapsed: 0 s - in org.eclipse.basyx.testsuite.regression.aas.restapi.MultiSubmodelProviderTest
[INFO] Running org.eclipse.basyx.testsuite.regression.aas.restapi.MultiSubmodelProviderRemoteInvocationTest
18:30:24.058 [main] ERROR o.e.b.v.p.b.s.BaSyxTCPServer - Exception in BaSyxTCPServer
java.net.BindException: Address already in use
	at java.base/sun.nio.ch.Net.bind0(Native Method)
	at java.base/sun.nio.ch.Net.bind(Net.java:459)
	at java.base/sun.nio.ch.Net.bind(Net.java:448)
	at java.base/sun.nio.ch.ServerSocketChannelImpl.bind(ServerSocketChannelImpl.java:227)
	at java.base/sun.nio.ch.ServerSocketAdaptor.bind(ServerSocketAdaptor.java:80)
	at java.base/sun.nio.ch.ServerSocketAdaptor.bind(ServerSocketAdaptor.java:73)
	at org.eclipse.basyx.vab.protocol.basyx.server.BaSyxTCPServer.<init>(BaSyxTCPServer.java:91)
	at org.eclipse.basyx.testsuite.regression.aas.restapi.MultiSubmodelProviderRemoteInvocationTest.init(MultiSubmodelProviderRemoteInvocationTest.java:119)
	at java.base/jdk.internal.reflect.NativeMethodAccessorImpl.invoke0(Native Method)
	at java.base/jdk.internal.reflect.NativeMethodAccessorImpl.invoke(NativeMethodAccessorImpl.java:62)
	at java.base/jdk.internal.reflect.DelegatingMethodAccessorImpl.invoke(DelegatingMethodAccessorImpl.java:43)
	at java.base/java.lang.reflect.Method.invoke(Method.java:566)
	at org.junit.runners.model.FrameworkMethod$1.runReflectiveCall(FrameworkMethod.java:59)
	at org.junit.internal.runners.model.ReflectiveCallable.run(ReflectiveCallable.java:12)
	at org.junit.runners.model.FrameworkMethod.invokeExplosively(FrameworkMethod.java:56)
	at org.junit.internal.runners.statements.RunBefores.invokeMethod(RunBefores.java:33)
	at org.junit.internal.runners.statements.RunBefores.evaluate(RunBefores.java:24)
	at org.junit.internal.runners.statements.RunAfters.evaluate(RunAfters.java:27)
	at org.junit.runners.ParentRunner$3.evaluate(ParentRunner.java:306)
	at org.junit.runners.BlockJUnit4ClassRunner$1.evaluate(BlockJUnit4ClassRunner.java:100)
	at org.junit.runners.ParentRunner.runLeaf(ParentRunner.java:366)
	at org.junit.runners.BlockJUnit4ClassRunner.runChild(BlockJUnit4ClassRunner.java:103)
	at org.junit.runners.BlockJUnit4ClassRunner.runChild(BlockJUnit4ClassRunner.java:63)
	at org.junit.runners.ParentRunner$4.run(ParentRunner.java:331)
	at org.junit.runners.ParentRunner$1.schedule(ParentRunner.java:79)
	at org.junit.runners.ParentRunner.runChildren(ParentRunner.java:329)
	at org.junit.runners.ParentRunner.access$100(ParentRunner.java:66)
	at org.junit.runners.ParentRunner$2.evaluate(ParentRunner.java:293)
	at org.junit.runners.ParentRunner$3.evaluate(ParentRunner.java:306)
	at org.junit.runners.ParentRunner.run(ParentRunner.java:413)
	at org.apache.maven.surefire.junit4.JUnit4Provider.execute(JUnit4Provider.java:365)
	at org.apache.maven.surefire.junit4.JUnit4Provider.executeWithRerun(JUnit4Provider.java:273)
	at org.apache.maven.surefire.junit4.JUnit4Provider.executeTestSet(JUnit4Provider.java:238)
	at org.apache.maven.surefire.junit4.JUnit4Provider.invoke(JUnit4Provider.java:159)
	at org.apache.maven.surefire.booter.ForkedBooter.invokeProviderInSameClassLoader(ForkedBooter.java:384)
	at org.apache.maven.surefire.booter.ForkedBooter.runSuitesInProcess(ForkedBooter.java:345)
	at org.apache.maven.surefire.booter.ForkedBooter.execute(ForkedBooter.java:126)
	at org.apache.maven.surefire.booter.ForkedBooter.main(ForkedBooter.java:418)
Exception in thread "Thread-89" java.nio.channels.NotYetBoundException
	at java.base/sun.nio.ch.ServerSocketChannelImpl.begin(ServerSocketChannelImpl.java:246)
	at java.base/sun.nio.ch.ServerSocketChannelImpl.accept(ServerSocketChannelImpl.java:283)
	at org.eclipse.basyx.vab.protocol.basyx.server.BaSyxTCPServer.acceptIncomingConnection(BaSyxTCPServer.java:129)
	at org.eclipse.basyx.vab.protocol.basyx.server.BaSyxTCPServer.run(BaSyxTCPServer.java:114)
	at java.base/java.lang.Thread.run(Thread.java:829)
18:30:24.070 [main] ERROR o.e.b.v.p.b.s.BaSyxTCPServer - Exception in BaSyxTCPServer
java.net.BindException: Address already in use
	at java.base/sun.nio.ch.Net.bind0(Native Method)
	at java.base/sun.nio.ch.Net.bind(Net.java:459)
	at java.base/sun.nio.ch.Net.bind(Net.java:448)
	at java.base/sun.nio.ch.ServerSocketChannelImpl.bind(ServerSocketChannelImpl.java:227)
	at java.base/sun.nio.ch.ServerSocketAdaptor.bind(ServerSocketAdaptor.java:80)
	at java.base/sun.nio.ch.ServerSocketAdaptor.bind(ServerSocketAdaptor.java:73)
	at org.eclipse.basyx.vab.protocol.basyx.server.BaSyxTCPServer.<init>(BaSyxTCPServer.java:91)
	at org.eclipse.basyx.testsuite.regression.aas.restapi.MultiSubmodelProviderRemoteInvocationTest.init(MultiSubmodelProviderRemoteInvocationTest.java:119)
	at java.base/jdk.internal.reflect.NativeMethodAccessorImpl.invoke0(Native Method)
	at java.base/jdk.internal.reflect.NativeMethodAccessorImpl.invoke(NativeMethodAccessorImpl.java:62)
	at java.base/jdk.internal.reflect.DelegatingMethodAccessorImpl.invoke(DelegatingMethodAccessorImpl.java:43)
	at java.base/java.lang.reflect.Method.invoke(Method.java:566)
	at org.junit.runners.model.FrameworkMethod$1.runReflectiveCall(FrameworkMethod.java:59)
	at org.junit.internal.runners.model.ReflectiveCallable.run(ReflectiveCallable.java:12)
	at org.junit.runners.model.FrameworkMethod.invokeExplosively(FrameworkMethod.java:56)
	at org.junit.internal.runners.statements.RunBefores.invokeMethod(RunBefores.java:33)
	at org.junit.internal.runners.statements.RunBefores.evaluate(RunBefores.java:24)
	at org.junit.internal.runners.statements.RunAfters.evaluate(RunAfters.java:27)
	at org.junit.runners.ParentRunner$3.evaluate(ParentRunner.java:306)
	at org.junit.runners.BlockJUnit4ClassRunner$1.evaluate(BlockJUnit4ClassRunner.java:100)
	at org.junit.runners.ParentRunner.runLeaf(ParentRunner.java:366)
	at org.junit.runners.BlockJUnit4ClassRunner.runChild(BlockJUnit4ClassRunner.java:103)
	at org.junit.runners.BlockJUnit4ClassRunner.runChild(BlockJUnit4ClassRunner.java:63)
	at org.junit.runners.ParentRunner$4.run(ParentRunner.java:331)
	at org.junit.runners.ParentRunner$1.schedule(ParentRunner.java:79)
	at org.junit.runners.ParentRunner.runChildren(ParentRunner.java:329)
	at org.junit.runners.ParentRunner.access$100(ParentRunner.java:66)
	at org.junit.runners.ParentRunner$2.evaluate(ParentRunner.java:293)
	at org.junit.runners.ParentRunner$3.evaluate(ParentRunner.java:306)
	at org.junit.runners.ParentRunner.run(ParentRunner.java:413)
	at org.apache.maven.surefire.junit4.JUnit4Provider.execute(JUnit4Provider.java:365)
	at org.apache.maven.surefire.junit4.JUnit4Provider.executeWithRerun(JUnit4Provider.java:273)
	at org.apache.maven.surefire.junit4.JUnit4Provider.executeTestSet(JUnit4Provider.java:238)
	at org.apache.maven.surefire.junit4.JUnit4Provider.invoke(JUnit4Provider.java:159)
	at org.apache.maven.surefire.booter.ForkedBooter.invokeProviderInSameClassLoader(ForkedBooter.java:384)
	at org.apache.maven.surefire.booter.ForkedBooter.runSuitesInProcess(ForkedBooter.java:345)
	at org.apache.maven.surefire.booter.ForkedBooter.execute(ForkedBooter.java:126)
	at org.apache.maven.surefire.booter.ForkedBooter.main(ForkedBooter.java:418)
Exception in thread "Thread-92" java.nio.channels.NotYetBoundException
	at java.base/sun.nio.ch.ServerSocketChannelImpl.begin(ServerSocketChannelImpl.java:246)
	at java.base/sun.nio.ch.ServerSocketChannelImpl.accept(ServerSocketChannelImpl.java:283)
	at org.eclipse.basyx.vab.protocol.basyx.server.BaSyxTCPServer.acceptIncomingConnection(BaSyxTCPServer.java:129)
	at org.eclipse.basyx.vab.protocol.basyx.server.BaSyxTCPServer.run(BaSyxTCPServer.java:114)
	at java.base/java.lang.Thread.run(Thread.java:829)
18:30:24.078 [main] ERROR o.e.b.v.p.b.s.BaSyxTCPServer - Exception in BaSyxTCPServer
java.net.BindException: Address already in use
	at java.base/sun.nio.ch.Net.bind0(Native Method)
	at java.base/sun.nio.ch.Net.bind(Net.java:459)
	at java.base/sun.nio.ch.Net.bind(Net.java:448)
	at java.base/sun.nio.ch.ServerSocketChannelImpl.bind(ServerSocketChannelImpl.java:227)
	at java.base/sun.nio.ch.ServerSocketAdaptor.bind(ServerSocketAdaptor.java:80)
	at java.base/sun.nio.ch.ServerSocketAdaptor.bind(ServerSocketAdaptor.java:73)
	at org.eclipse.basyx.vab.protocol.basyx.server.BaSyxTCPServer.<init>(BaSyxTCPServer.java:91)
	at org.eclipse.basyx.testsuite.regression.aas.restapi.MultiSubmodelProviderRemoteInvocationTest.init(MultiSubmodelProviderRemoteInvocationTest.java:119)
	at java.base/jdk.internal.reflect.NativeMethodAccessorImpl.invoke0(Native Method)
	at java.base/jdk.internal.reflect.NativeMethodAccessorImpl.invoke(NativeMethodAccessorImpl.java:62)
	at java.base/jdk.internal.reflect.DelegatingMethodAccessorImpl.invoke(DelegatingMethodAccessorImpl.java:43)
	at java.base/java.lang.reflect.Method.invoke(Method.java:566)
	at org.junit.runners.model.FrameworkMethod$1.runReflectiveCall(FrameworkMethod.java:59)
	at org.junit.internal.runners.model.ReflectiveCallable.run(ReflectiveCallable.java:12)
	at org.junit.runners.model.FrameworkMethod.invokeExplosively(FrameworkMethod.java:56)
	at org.junit.internal.runners.statements.RunBefores.invokeMethod(RunBefores.java:33)
	at org.junit.internal.runners.statements.RunBefores.evaluate(RunBefores.java:24)
	at org.junit.internal.runners.statements.RunAfters.evaluate(RunAfters.java:27)
	at org.junit.runners.ParentRunner$3.evaluate(ParentRunner.java:306)
	at org.junit.runners.BlockJUnit4ClassRunner$1.evaluate(BlockJUnit4ClassRunner.java:100)
	at org.junit.runners.ParentRunner.runLeaf(ParentRunner.java:366)
	at org.junit.runners.BlockJUnit4ClassRunner.runChild(BlockJUnit4ClassRunner.java:103)
	at org.junit.runners.BlockJUnit4ClassRunner.runChild(BlockJUnit4ClassRunner.java:63)
	at org.junit.runners.ParentRunner$4.run(ParentRunner.java:331)
	at org.junit.runners.ParentRunner$1.schedule(ParentRunner.java:79)
	at org.junit.runners.ParentRunner.runChildren(ParentRunner.java:329)
	at org.junit.runners.ParentRunner.access$100(ParentRunner.java:66)
	at org.junit.runners.ParentRunner$2.evaluate(ParentRunner.java:293)
	at org.junit.runners.ParentRunner$3.evaluate(ParentRunner.java:306)
	at org.junit.runners.ParentRunner.run(ParentRunner.java:413)
	at org.apache.maven.surefire.junit4.JUnit4Provider.execute(JUnit4Provider.java:365)
	at org.apache.maven.surefire.junit4.JUnit4Provider.executeWithRerun(JUnit4Provider.java:273)
	at org.apache.maven.surefire.junit4.JUnit4Provider.executeTestSet(JUnit4Provider.java:238)
	at org.apache.maven.surefire.junit4.JUnit4Provider.invoke(JUnit4Provider.java:159)
	at org.apache.maven.surefire.booter.ForkedBooter.invokeProviderInSameClassLoader(ForkedBooter.java:384)
	at org.apache.maven.surefire.booter.ForkedBooter.runSuitesInProcess(ForkedBooter.java:345)
	at org.apache.maven.surefire.booter.ForkedBooter.execute(ForkedBooter.java:126)
	at org.apache.maven.surefire.booter.ForkedBooter.main(ForkedBooter.java:418)
Exception in thread "Thread-95" java.nio.channels.NotYetBoundException
	at java.base/sun.nio.ch.ServerSocketChannelImpl.begin(ServerSocketChannelImpl.java:246)
	at java.base/sun.nio.ch.ServerSocketChannelImpl.accept(ServerSocketChannelImpl.java:283)
	at org.eclipse.basyx.vab.protocol.basyx.server.BaSyxTCPServer.acceptIncomingConnection(BaSyxTCPServer.java:129)
	at org.eclipse.basyx.vab.protocol.basyx.server.BaSyxTCPServer.run(BaSyxTCPServer.java:114)
	at java.base/java.lang.Thread.run(Thread.java:829)
18:30:24.084 [main] ERROR o.e.b.v.p.b.s.BaSyxTCPServer - Exception in BaSyxTCPServer
java.net.BindException: Address already in use
	at java.base/sun.nio.ch.Net.bind0(Native Method)
	at java.base/sun.nio.ch.Net.bind(Net.java:459)
	at java.base/sun.nio.ch.Net.bind(Net.java:448)
	at java.base/sun.nio.ch.ServerSocketChannelImpl.bind(ServerSocketChannelImpl.java:227)
	at java.base/sun.nio.ch.ServerSocketAdaptor.bind(ServerSocketAdaptor.java:80)
	at java.base/sun.nio.ch.ServerSocketAdaptor.bind(ServerSocketAdaptor.java:73)
	at org.eclipse.basyx.vab.protocol.basyx.server.BaSyxTCPServer.<init>(BaSyxTCPServer.java:91)
	at org.eclipse.basyx.testsuite.regression.aas.restapi.MultiSubmodelProviderRemoteInvocationTest.init(MultiSubmodelProviderRemoteInvocationTest.java:119)
	at java.base/jdk.internal.reflect.NativeMethodAccessorImpl.invoke0(Native Method)
	at java.base/jdk.internal.reflect.NativeMethodAccessorImpl.invoke(NativeMethodAccessorImpl.java:62)
	at java.base/jdk.internal.reflect.DelegatingMethodAccessorImpl.invoke(DelegatingMethodAccessorImpl.java:43)
	at java.base/java.lang.reflect.Method.invoke(Method.java:566)
	at org.junit.runners.model.FrameworkMethod$1.runReflectiveCall(FrameworkMethod.java:59)
	at org.junit.internal.runners.model.ReflectiveCallable.run(ReflectiveCallable.java:12)
	at org.junit.runners.model.FrameworkMethod.invokeExplosively(FrameworkMethod.java:56)
	at org.junit.internal.runners.statements.RunBefores.invokeMethod(RunBefores.java:33)
	at org.junit.internal.runners.statements.RunBefores.evaluate(RunBefores.java:24)
	at org.junit.internal.runners.statements.RunAfters.evaluate(RunAfters.java:27)
	at org.junit.runners.ParentRunner$3.evaluate(ParentRunner.java:306)
	at org.junit.runners.BlockJUnit4ClassRunner$1.evaluate(BlockJUnit4ClassRunner.java:100)
	at org.junit.runners.ParentRunner.runLeaf(ParentRunner.java:366)
	at org.junit.runners.BlockJUnit4ClassRunner.runChild(BlockJUnit4ClassRunner.java:103)
	at org.junit.runners.BlockJUnit4ClassRunner.runChild(BlockJUnit4ClassRunner.java:63)
	at org.junit.runners.ParentRunner$4.run(ParentRunner.java:331)
	at org.junit.runners.ParentRunner$1.schedule(ParentRunner.java:79)
	at org.junit.runners.ParentRunner.runChildren(ParentRunner.java:329)
	at org.junit.runners.ParentRunner.access$100(ParentRunner.java:66)
	at org.junit.runners.ParentRunner$2.evaluate(ParentRunner.java:293)
	at org.junit.runners.ParentRunner$3.evaluate(ParentRunner.java:306)
	at org.junit.runners.ParentRunner.run(ParentRunner.java:413)
	at org.apache.maven.surefire.junit4.JUnit4Provider.execute(JUnit4Provider.java:365)
	at org.apache.maven.surefire.junit4.JUnit4Provider.executeWithRerun(JUnit4Provider.java:273)
	at org.apache.maven.surefire.junit4.JUnit4Provider.executeTestSet(JUnit4Provider.java:238)
	at org.apache.maven.surefire.junit4.JUnit4Provider.invoke(JUnit4Provider.java:159)
	at org.apache.maven.surefire.booter.ForkedBooter.invokeProviderInSameClassLoader(ForkedBooter.java:384)
	at org.apache.maven.surefire.booter.ForkedBooter.runSuitesInProcess(ForkedBooter.java:345)
	at org.apache.maven.surefire.booter.ForkedBooter.execute(ForkedBooter.java:126)
	at org.apache.maven.surefire.booter.ForkedBooter.main(ForkedBooter.java:418)
Exception in thread "Thread-99" java.nio.channels.NotYetBoundException
	at java.base/sun.nio.ch.ServerSocketChannelImpl.begin(ServerSocketChannelImpl.java:246)
	at java.base/sun.nio.ch.ServerSocketChannelImpl.accept(ServerSocketChannelImpl.java:283)
	at org.eclipse.basyx.vab.protocol.basyx.server.BaSyxTCPServer.acceptIncomingConnection(BaSyxTCPServer.java:129)
	at org.eclipse.basyx.vab.protocol.basyx.server.BaSyxTCPServer.run(BaSyxTCPServer.java:114)
	at java.base/java.lang.Thread.run(Thread.java:829)
18:30:24.093 [main] ERROR o.e.b.v.p.b.s.BaSyxTCPServer - Exception in BaSyxTCPServer
java.net.BindException: Address already in use
	at java.base/sun.nio.ch.Net.bind0(Native Method)
	at java.base/sun.nio.ch.Net.bind(Net.java:459)
	at java.base/sun.nio.ch.Net.bind(Net.java:448)
	at java.base/sun.nio.ch.ServerSocketChannelImpl.bind(ServerSocketChannelImpl.java:227)
	at java.base/sun.nio.ch.ServerSocketAdaptor.bind(ServerSocketAdaptor.java:80)
	at java.base/sun.nio.ch.ServerSocketAdaptor.bind(ServerSocketAdaptor.java:73)
	at org.eclipse.basyx.vab.protocol.basyx.server.BaSyxTCPServer.<init>(BaSyxTCPServer.java:91)
	at org.eclipse.basyx.testsuite.regression.aas.restapi.MultiSubmodelProviderRemoteInvocationTest.init(MultiSubmodelProviderRemoteInvocationTest.java:119)
	at java.base/jdk.internal.reflect.NativeMethodAccessorImpl.invoke0(Native Method)
	at java.base/jdk.internal.reflect.NativeMethodAccessorImpl.invoke(NativeMethodAccessorImpl.java:62)
	at java.base/jdk.internal.reflect.DelegatingMethodAccessorImpl.invoke(DelegatingMethodAccessorImpl.java:43)
	at java.base/java.lang.reflect.Method.invoke(Method.java:566)
	at org.junit.runners.model.FrameworkMethod$1.runReflectiveCall(FrameworkMethod.java:59)
	at org.junit.internal.runners.model.ReflectiveCallable.run(ReflectiveCallable.java:12)
	at org.junit.runners.model.FrameworkMethod.invokeExplosively(FrameworkMethod.java:56)
	at org.junit.internal.runners.statements.RunBefores.invokeMethod(RunBefores.java:33)
	at org.junit.internal.runners.statements.RunBefores.evaluate(RunBefores.java:24)
	at org.junit.internal.runners.statements.RunAfters.evaluate(RunAfters.java:27)
	at org.junit.runners.ParentRunner$3.evaluate(ParentRunner.java:306)
	at org.junit.runners.BlockJUnit4ClassRunner$1.evaluate(BlockJUnit4ClassRunner.java:100)
	at org.junit.runners.ParentRunner.runLeaf(ParentRunner.java:366)
	at org.junit.runners.BlockJUnit4ClassRunner.runChild(BlockJUnit4ClassRunner.java:103)
	at org.junit.runners.BlockJUnit4ClassRunner.runChild(BlockJUnit4ClassRunner.java:63)
	at org.junit.runners.ParentRunner$4.run(ParentRunner.java:331)
	at org.junit.runners.ParentRunner$1.schedule(ParentRunner.java:79)
	at org.junit.runners.ParentRunner.runChildren(ParentRunner.java:329)
	at org.junit.runners.ParentRunner.access$100(ParentRunner.java:66)
	at org.junit.runners.ParentRunner$2.evaluate(ParentRunner.java:293)
	at org.junit.runners.ParentRunner$3.evaluate(ParentRunner.java:306)
	at org.junit.runners.ParentRunner.run(ParentRunner.java:413)
	at org.apache.maven.surefire.junit4.JUnit4Provider.execute(JUnit4Provider.java:365)
	at org.apache.maven.surefire.junit4.JUnit4Provider.executeWithRerun(JUnit4Provider.java:273)
	at org.apache.maven.surefire.junit4.JUnit4Provider.executeTestSet(JUnit4Provider.java:238)
	at org.apache.maven.surefire.junit4.JUnit4Provider.invoke(JUnit4Provider.java:159)
	at org.apache.maven.surefire.booter.ForkedBooter.invokeProviderInSameClassLoader(ForkedBooter.java:384)
	at org.apache.maven.surefire.booter.ForkedBooter.runSuitesInProcess(ForkedBooter.java:345)
	at org.apache.maven.surefire.booter.ForkedBooter.execute(ForkedBooter.java:126)
	at org.apache.maven.surefire.booter.ForkedBooter.main(ForkedBooter.java:418)
Exception in thread "Thread-101" java.nio.channels.NotYetBoundException
	at java.base/sun.nio.ch.ServerSocketChannelImpl.begin(ServerSocketChannelImpl.java:246)
	at java.base/sun.nio.ch.ServerSocketChannelImpl.accept(ServerSocketChannelImpl.java:283)
	at org.eclipse.basyx.vab.protocol.basyx.server.BaSyxTCPServer.acceptIncomingConnection(BaSyxTCPServer.java:129)
	at org.eclipse.basyx.vab.protocol.basyx.server.BaSyxTCPServer.run(BaSyxTCPServer.java:114)
	at java.base/java.lang.Thread.run(Thread.java:829)
18:30:24.099 [main] ERROR o.e.b.v.p.b.s.BaSyxTCPServer - Exception in BaSyxTCPServer
java.net.BindException: Address already in use
	at java.base/sun.nio.ch.Net.bind0(Native Method)
	at java.base/sun.nio.ch.Net.bind(Net.java:459)
	at java.base/sun.nio.ch.Net.bind(Net.java:448)
	at java.base/sun.nio.ch.ServerSocketChannelImpl.bind(ServerSocketChannelImpl.java:227)
	at java.base/sun.nio.ch.ServerSocketAdaptor.bind(ServerSocketAdaptor.java:80)
	at java.base/sun.nio.ch.ServerSocketAdaptor.bind(ServerSocketAdaptor.java:73)
	at org.eclipse.basyx.vab.protocol.basyx.server.BaSyxTCPServer.<init>(BaSyxTCPServer.java:91)
	at org.eclipse.basyx.testsuite.regression.aas.restapi.MultiSubmodelProviderRemoteInvocationTest.init(MultiSubmodelProviderRemoteInvocationTest.java:119)
	at java.base/jdk.internal.reflect.NativeMethodAccessorImpl.invoke0(Native Method)
	at java.base/jdk.internal.reflect.NativeMethodAccessorImpl.invoke(NativeMethodAccessorImpl.java:62)
	at java.base/jdk.internal.reflect.DelegatingMethodAccessorImpl.invoke(DelegatingMethodAccessorImpl.java:43)
	at java.base/java.lang.reflect.Method.invoke(Method.java:566)
	at org.junit.runners.model.FrameworkMethod$1.runReflectiveCall(FrameworkMethod.java:59)
	at org.junit.internal.runners.model.ReflectiveCallable.run(ReflectiveCallable.java:12)
	at org.junit.runners.model.FrameworkMethod.invokeExplosively(FrameworkMethod.java:56)
	at org.junit.internal.runners.statements.RunBefores.invokeMethod(RunBefores.java:33)
	at org.junit.internal.runners.statements.RunBefores.evaluate(RunBefores.java:24)
	at org.junit.internal.runners.statements.RunAfters.evaluate(RunAfters.java:27)
	at org.junit.runners.ParentRunner$3.evaluate(ParentRunner.java:306)
	at org.junit.runners.BlockJUnit4ClassRunner$1.evaluate(BlockJUnit4ClassRunner.java:100)
	at org.junit.runners.ParentRunner.runLeaf(ParentRunner.java:366)
	at org.junit.runners.BlockJUnit4ClassRunner.runChild(BlockJUnit4ClassRunner.java:103)
	at org.junit.runners.BlockJUnit4ClassRunner.runChild(BlockJUnit4ClassRunner.java:63)
	at org.junit.runners.ParentRunner$4.run(ParentRunner.java:331)
	at org.junit.runners.ParentRunner$1.schedule(ParentRunner.java:79)
	at org.junit.runners.ParentRunner.runChildren(ParentRunner.java:329)
	at org.junit.runners.ParentRunner.access$100(ParentRunner.java:66)
	at org.junit.runners.ParentRunner$2.evaluate(ParentRunner.java:293)
	at org.junit.runners.ParentRunner$3.evaluate(ParentRunner.java:306)
	at org.junit.runners.ParentRunner.run(ParentRunner.java:413)
	at org.apache.maven.surefire.junit4.JUnit4Provider.execute(JUnit4Provider.java:365)
	at org.apache.maven.surefire.junit4.JUnit4Provider.executeWithRerun(JUnit4Provider.java:273)
	at org.apache.maven.surefire.junit4.JUnit4Provider.executeTestSet(JUnit4Provider.java:238)
	at org.apache.maven.surefire.junit4.JUnit4Provider.invoke(JUnit4Provider.java:159)
	at org.apache.maven.surefire.booter.ForkedBooter.invokeProviderInSameClassLoader(ForkedBooter.java:384)
	at org.apache.maven.surefire.booter.ForkedBooter.runSuitesInProcess(ForkedBooter.java:345)
	at org.apache.maven.surefire.booter.ForkedBooter.execute(ForkedBooter.java:126)
	at org.apache.maven.surefire.booter.ForkedBooter.main(ForkedBooter.java:418)
Exception in thread "Thread-105" java.nio.channels.NotYetBoundException
	at java.base/sun.nio.ch.ServerSocketChannelImpl.begin(ServerSocketChannelImpl.java:246)
	at java.base/sun.nio.ch.ServerSocketChannelImpl.accept(ServerSocketChannelImpl.java:283)
	at org.eclipse.basyx.vab.protocol.basyx.server.BaSyxTCPServer.acceptIncomingConnection(BaSyxTCPServer.java:129)
	at org.eclipse.basyx.vab.protocol.basyx.server.BaSyxTCPServer.run(BaSyxTCPServer.java:114)
	at java.base/java.lang.Thread.run(Thread.java:829)
18:30:24.102 [main] ERROR o.e.b.v.p.b.s.BaSyxTCPServer - Exception in BaSyxTCPServer
java.net.BindException: Address already in use
	at java.base/sun.nio.ch.Net.bind0(Native Method)
	at java.base/sun.nio.ch.Net.bind(Net.java:459)
	at java.base/sun.nio.ch.Net.bind(Net.java:448)
	at java.base/sun.nio.ch.ServerSocketChannelImpl.bind(ServerSocketChannelImpl.java:227)
	at java.base/sun.nio.ch.ServerSocketAdaptor.bind(ServerSocketAdaptor.java:80)
	at java.base/sun.nio.ch.ServerSocketAdaptor.bind(ServerSocketAdaptor.java:73)
	at org.eclipse.basyx.vab.protocol.basyx.server.BaSyxTCPServer.<init>(BaSyxTCPServer.java:91)
	at org.eclipse.basyx.testsuite.regression.aas.restapi.MultiSubmodelProviderRemoteInvocationTest.init(MultiSubmodelProviderRemoteInvocationTest.java:119)
	at java.base/jdk.internal.reflect.NativeMethodAccessorImpl.invoke0(Native Method)
	at java.base/jdk.internal.reflect.NativeMethodAccessorImpl.invoke(NativeMethodAccessorImpl.java:62)
	at java.base/jdk.internal.reflect.DelegatingMethodAccessorImpl.invoke(DelegatingMethodAccessorImpl.java:43)
	at java.base/java.lang.reflect.Method.invoke(Method.java:566)
	at org.junit.runners.model.FrameworkMethod$1.runReflectiveCall(FrameworkMethod.java:59)
	at org.junit.internal.runners.model.ReflectiveCallable.run(ReflectiveCallable.java:12)
	at org.junit.runners.model.FrameworkMethod.invokeExplosively(FrameworkMethod.java:56)
	at org.junit.internal.runners.statements.RunBefores.invokeMethod(RunBefores.java:33)
	at org.junit.internal.runners.statements.RunBefores.evaluate(RunBefores.java:24)
	at org.junit.internal.runners.statements.RunAfters.evaluate(RunAfters.java:27)
	at org.junit.runners.ParentRunner$3.evaluate(ParentRunner.java:306)
	at org.junit.runners.BlockJUnit4ClassRunner$1.evaluate(BlockJUnit4ClassRunner.java:100)
	at org.junit.runners.ParentRunner.runLeaf(ParentRunner.java:366)
	at org.junit.runners.BlockJUnit4ClassRunner.runChild(BlockJUnit4ClassRunner.java:103)
	at org.junit.runners.BlockJUnit4ClassRunner.runChild(BlockJUnit4ClassRunner.java:63)
	at org.junit.runners.ParentRunner$4.run(ParentRunner.java:331)
	at org.junit.runners.ParentRunner$1.schedule(ParentRunner.java:79)
	at org.junit.runners.ParentRunner.runChildren(ParentRunner.java:329)
	at org.junit.runners.ParentRunner.access$100(ParentRunner.java:66)
	at org.junit.runners.ParentRunner$2.evaluate(ParentRunner.java:293)
	at org.junit.runners.ParentRunner$3.evaluate(ParentRunner.java:306)
	at org.junit.runners.ParentRunner.run(ParentRunner.java:413)
	at org.apache.maven.surefire.junit4.JUnit4Provider.execute(JUnit4Provider.java:365)
	at org.apache.maven.surefire.junit4.JUnit4Provider.executeWithRerun(JUnit4Provider.java:273)
	at org.apache.maven.surefire.junit4.JUnit4Provider.executeTestSet(JUnit4Provider.java:238)
	at org.apache.maven.surefire.junit4.JUnit4Provider.invoke(JUnit4Provider.java:159)
	at org.apache.maven.surefire.booter.ForkedBooter.invokeProviderInSameClassLoader(ForkedBooter.java:384)
	at org.apache.maven.surefire.booter.ForkedBooter.runSuitesInProcess(ForkedBooter.java:345)
	at org.apache.maven.surefire.booter.ForkedBooter.execute(ForkedBooter.java:126)
	at org.apache.maven.surefire.booter.ForkedBooter.main(ForkedBooter.java:418)
Exception in thread "Thread-108" java.nio.channels.NotYetBoundException
	at java.base/sun.nio.ch.ServerSocketChannelImpl.begin(ServerSocketChannelImpl.java:246)
	at java.base/sun.nio.ch.ServerSocketChannelImpl.accept(ServerSocketChannelImpl.java:283)
	at org.eclipse.basyx.vab.protocol.basyx.server.BaSyxTCPServer.acceptIncomingConnection(BaSyxTCPServer.java:129)
	at org.eclipse.basyx.vab.protocol.basyx.server.BaSyxTCPServer.run(BaSyxTCPServer.java:114)
	at java.base/java.lang.Thread.run(Thread.java:829)
[INFO] Tests run: 7, Failures: 0, Errors: 0, Skipped: 0, Time elapsed: 0.042 s - in org.eclipse.basyx.testsuite.regression.aas.restapi.MultiSubmodelProviderRemoteInvocationTest
[INFO] Running org.eclipse.basyx.testsuite.regression.aas.aggregator.TestAASAggregatorProxy
[INFO] Tests run: 7, Failures: 0, Errors: 0, Skipped: 0, Time elapsed: 0.011 s - in org.eclipse.basyx.testsuite.regression.aas.aggregator.TestAASAggregatorProxy
[INFO] Running org.eclipse.basyx.testsuite.regression.aas.aggregator.observing.ObservableAASAggregatorTest
[INFO] Tests run: 4, Failures: 0, Errors: 0, Skipped: 0, Time elapsed: 0 s - in org.eclipse.basyx.testsuite.regression.aas.aggregator.observing.ObservableAASAggregatorTest
[INFO] Running org.eclipse.basyx.testsuite.regression.aas.aggregator.TestAASAggregator
[INFO] Tests run: 6, Failures: 0, Errors: 0, Skipped: 0, Time elapsed: 0 s - in org.eclipse.basyx.testsuite.regression.aas.aggregator.TestAASAggregator
[INFO] Running org.eclipse.basyx.testsuite.regression.aas.bundle.TestAASBundleFactory
[INFO] Tests run: 1, Failures: 0, Errors: 0, Skipped: 0, Time elapsed: 0 s - in org.eclipse.basyx.testsuite.regression.aas.bundle.TestAASBundleFactory
[INFO] Running org.eclipse.basyx.testsuite.regression.aas.bundle.TestAASBundleDescriptorFactory
[INFO] Tests run: 1, Failures: 0, Errors: 0, Skipped: 0, Time elapsed: 0 s - in org.eclipse.basyx.testsuite.regression.aas.bundle.TestAASBundleDescriptorFactory
[INFO] Running org.eclipse.basyx.testsuite.regression.aas.bundle.TestAASBundleHelper
[INFO] Tests run: 5, Failures: 0, Errors: 0, Skipped: 0, Time elapsed: 0 s - in org.eclipse.basyx.testsuite.regression.aas.bundle.TestAASBundleHelper
[INFO] Running org.eclipse.basyx.testsuite.regression.aas.factory.json.TestJSONConverter
[INFO] Tests run: 5, Failures: 0, Errors: 0, Skipped: 0, Time elapsed: 0.009 s - in org.eclipse.basyx.testsuite.regression.aas.factory.json.TestJSONConverter
[INFO] Running org.eclipse.basyx.testsuite.regression.aas.factory.xml.TestAASXPackageExplorerCompatibility
[INFO] Tests run: 1, Failures: 0, Errors: 0, Skipped: 0, Time elapsed: 0.008 s - in org.eclipse.basyx.testsuite.regression.aas.factory.xml.TestAASXPackageExplorerCompatibility
[INFO] Running org.eclipse.basyx.testsuite.regression.aas.factory.xml.TestXMLConverter
[INFO] Tests run: 6, Failures: 0, Errors: 0, Skipped: 0, Time elapsed: 0.151 s - in org.eclipse.basyx.testsuite.regression.aas.factory.xml.TestXMLConverter
[INFO] Running org.eclipse.basyx.testsuite.regression.aas.factory.aasx.TestMetamodelToAASXConverter
[ERROR] Tests run: 5, Failures: 0, Errors: 5, Skipped: 0, Time elapsed: 0.018 s <<< FAILURE! - in org.eclipse.basyx.testsuite.regression.aas.factory.aasx.TestMetamodelToAASXConverter
[ERROR] testOperationWithVariables(org.eclipse.basyx.testsuite.regression.aas.factory.aasx.TestMetamodelToAASXConverter)  Time elapsed: 0.012 s  <<< ERROR!
java.lang.NoClassDefFoundError: org/apache/commons/io/output/UnsynchronizedByteArrayOutputStream
	at org.eclipse.basyx.testsuite.regression.aas.factory.aasx.TestMetamodelToAASXConverter.testOperationWithVariables(TestMetamodelToAASXConverter.java:203)
Caused by: java.lang.ClassNotFoundException: org.apache.commons.io.output.UnsynchronizedByteArrayOutputStream
	at org.eclipse.basyx.testsuite.regression.aas.factory.aasx.TestMetamodelToAASXConverter.testOperationWithVariables(TestMetamodelToAASXConverter.java:203)

[ERROR] testOperationWithoutVariables(org.eclipse.basyx.testsuite.regression.aas.factory.aasx.TestMetamodelToAASXConverter)  Time elapsed: 0.002 s  <<< ERROR!
java.lang.NoClassDefFoundError: org/apache/commons/io/output/UnsynchronizedByteArrayOutputStream
	at org.eclipse.basyx.testsuite.regression.aas.factory.aasx.TestMetamodelToAASXConverter.testOperationWithoutVariables(TestMetamodelToAASXConverter.java:216)
Caused by: java.lang.ClassNotFoundException: org.apache.commons.io.output.UnsynchronizedByteArrayOutputStream
	at org.eclipse.basyx.testsuite.regression.aas.factory.aasx.TestMetamodelToAASXConverter.testOperationWithoutVariables(TestMetamodelToAASXConverter.java:216)

[ERROR] testBuildAASX(org.eclipse.basyx.testsuite.regression.aas.factory.aasx.TestMetamodelToAASXConverter)  Time elapsed: 0.001 s  <<< ERROR!
java.lang.NoClassDefFoundError: org/apache/commons/io/output/UnsynchronizedByteArrayOutputStream
	at org.eclipse.basyx.testsuite.regression.aas.factory.aasx.TestMetamodelToAASXConverter.testBuildAASX(TestMetamodelToAASXConverter.java:171)
Caused by: java.lang.ClassNotFoundException: org.apache.commons.io.output.UnsynchronizedByteArrayOutputStream
	at org.eclipse.basyx.testsuite.regression.aas.factory.aasx.TestMetamodelToAASXConverter.testBuildAASX(TestMetamodelToAASXConverter.java:171)

[ERROR] buildAASXWithThumbnail(org.eclipse.basyx.testsuite.regression.aas.factory.aasx.TestMetamodelToAASXConverter)  Time elapsed: 0.002 s  <<< ERROR!
java.lang.NoClassDefFoundError: org/apache/commons/io/output/UnsynchronizedByteArrayOutputStream
	at org.eclipse.basyx.testsuite.regression.aas.factory.aasx.TestMetamodelToAASXConverter.buildAASXWithThumbnail(TestMetamodelToAASXConverter.java:183)
Caused by: java.lang.ClassNotFoundException: org.apache.commons.io.output.UnsynchronizedByteArrayOutputStream
	at org.eclipse.basyx.testsuite.regression.aas.factory.aasx.TestMetamodelToAASXConverter.buildAASXWithThumbnail(TestMetamodelToAASXConverter.java:183)

[ERROR] testFilePathsAreCorrectlyChanged(org.eclipse.basyx.testsuite.regression.aas.factory.aasx.TestMetamodelToAASXConverter)  Time elapsed: 0.001 s  <<< ERROR!
java.lang.NoClassDefFoundError: org/apache/commons/io/output/UnsynchronizedByteArrayOutputStream
	at org.eclipse.basyx.testsuite.regression.aas.factory.aasx.TestMetamodelToAASXConverter.testFilePathsAreCorrectlyChanged(TestMetamodelToAASXConverter.java:194)
Caused by: java.lang.ClassNotFoundException: org.apache.commons.io.output.UnsynchronizedByteArrayOutputStream
	at org.eclipse.basyx.testsuite.regression.aas.factory.aasx.TestMetamodelToAASXConverter.testFilePathsAreCorrectlyChanged(TestMetamodelToAASXConverter.java:194)

[INFO] Running org.eclipse.basyx.testsuite.regression.aas.factory.aasx.AASXPackageExplorerConformantHelperTest
[INFO] Tests run: 2, Failures: 0, Errors: 0, Skipped: 0, Time elapsed: 0.001 s - in org.eclipse.basyx.testsuite.regression.aas.factory.aasx.AASXPackageExplorerConformantHelperTest
[INFO] Running org.eclipse.basyx.testsuite.regression.aas.factory.aasx.TestSubmodelFileEndpointerLoader
[INFO] Tests run: 3, Failures: 0, Errors: 0, Skipped: 0, Time elapsed: 0.004 s - in org.eclipse.basyx.testsuite.regression.aas.factory.aasx.TestSubmodelFileEndpointerLoader
[INFO] Running org.eclipse.basyx.testsuite.regression.aas.factory.aasx.TestAASXToMetamodelConverterFromBaSyx
[ERROR] Tests run: 5, Failures: 0, Errors: 5, Skipped: 0, Time elapsed: 0.005 s <<< FAILURE! - in org.eclipse.basyx.testsuite.regression.aas.factory.aasx.TestAASXToMetamodelConverterFromBaSyx
[ERROR] testFilesOfGeneratedAASX(org.eclipse.basyx.testsuite.regression.aas.factory.aasx.TestAASXToMetamodelConverterFromBaSyx)  Time elapsed: 0 s  <<< ERROR!
java.lang.NoClassDefFoundError: org/apache/commons/io/output/UnsynchronizedByteArrayOutputStream
	at org.eclipse.basyx.testsuite.regression.aas.factory.aasx.TestAASXToMetamodelConverterFromBaSyx.createAASXFile(TestAASXToMetamodelConverterFromBaSyx.java:435)
	at org.eclipse.basyx.testsuite.regression.aas.factory.aasx.TestAASXToMetamodelConverterFromBaSyx.setup(TestAASXToMetamodelConverterFromBaSyx.java:132)
Caused by: java.lang.ClassNotFoundException: org.apache.commons.io.output.UnsynchronizedByteArrayOutputStream
	at org.eclipse.basyx.testsuite.regression.aas.factory.aasx.TestAASXToMetamodelConverterFromBaSyx.createAASXFile(TestAASXToMetamodelConverterFromBaSyx.java:435)
	at org.eclipse.basyx.testsuite.regression.aas.factory.aasx.TestAASXToMetamodelConverterFromBaSyx.setup(TestAASXToMetamodelConverterFromBaSyx.java:132)

[ERROR] submodelElementPropertyValues(org.eclipse.basyx.testsuite.regression.aas.factory.aasx.TestAASXToMetamodelConverterFromBaSyx)  Time elapsed: 0.001 s  <<< ERROR!
java.lang.NoClassDefFoundError: org/apache/commons/io/output/UnsynchronizedByteArrayOutputStream
	at org.eclipse.basyx.testsuite.regression.aas.factory.aasx.TestAASXToMetamodelConverterFromBaSyx.createAASXFile(TestAASXToMetamodelConverterFromBaSyx.java:435)
	at org.eclipse.basyx.testsuite.regression.aas.factory.aasx.TestAASXToMetamodelConverterFromBaSyx.setup(TestAASXToMetamodelConverterFromBaSyx.java:132)
Caused by: java.lang.ClassNotFoundException: org.apache.commons.io.output.UnsynchronizedByteArrayOutputStream
	at org.eclipse.basyx.testsuite.regression.aas.factory.aasx.TestAASXToMetamodelConverterFromBaSyx.createAASXFile(TestAASXToMetamodelConverterFromBaSyx.java:435)
	at org.eclipse.basyx.testsuite.regression.aas.factory.aasx.TestAASXToMetamodelConverterFromBaSyx.setup(TestAASXToMetamodelConverterFromBaSyx.java:132)

[ERROR] testRelationshipsOfGeneratedAASX(org.eclipse.basyx.testsuite.regression.aas.factory.aasx.TestAASXToMetamodelConverterFromBaSyx)  Time elapsed: 0.002 s  <<< ERROR!
java.lang.NoClassDefFoundError: org/apache/commons/io/output/UnsynchronizedByteArrayOutputStream
	at org.eclipse.basyx.testsuite.regression.aas.factory.aasx.TestAASXToMetamodelConverterFromBaSyx.createAASXFile(TestAASXToMetamodelConverterFromBaSyx.java:435)
	at org.eclipse.basyx.testsuite.regression.aas.factory.aasx.TestAASXToMetamodelConverterFromBaSyx.setup(TestAASXToMetamodelConverterFromBaSyx.java:132)
Caused by: java.lang.ClassNotFoundException: org.apache.commons.io.output.UnsynchronizedByteArrayOutputStream
	at org.eclipse.basyx.testsuite.regression.aas.factory.aasx.TestAASXToMetamodelConverterFromBaSyx.createAASXFile(TestAASXToMetamodelConverterFromBaSyx.java:435)
	at org.eclipse.basyx.testsuite.regression.aas.factory.aasx.TestAASXToMetamodelConverterFromBaSyx.setup(TestAASXToMetamodelConverterFromBaSyx.java:132)

[ERROR] testLoadGeneratedAASX(org.eclipse.basyx.testsuite.regression.aas.factory.aasx.TestAASXToMetamodelConverterFromBaSyx)  Time elapsed: 0.001 s  <<< ERROR!
java.lang.NoClassDefFoundError: org/apache/commons/io/output/UnsynchronizedByteArrayOutputStream
	at org.eclipse.basyx.testsuite.regression.aas.factory.aasx.TestAASXToMetamodelConverterFromBaSyx.createAASXFile(TestAASXToMetamodelConverterFromBaSyx.java:435)
	at org.eclipse.basyx.testsuite.regression.aas.factory.aasx.TestAASXToMetamodelConverterFromBaSyx.setup(TestAASXToMetamodelConverterFromBaSyx.java:132)
Caused by: java.lang.ClassNotFoundException: org.apache.commons.io.output.UnsynchronizedByteArrayOutputStream
	at org.eclipse.basyx.testsuite.regression.aas.factory.aasx.TestAASXToMetamodelConverterFromBaSyx.createAASXFile(TestAASXToMetamodelConverterFromBaSyx.java:435)
	at org.eclipse.basyx.testsuite.regression.aas.factory.aasx.TestAASXToMetamodelConverterFromBaSyx.setup(TestAASXToMetamodelConverterFromBaSyx.java:132)

[ERROR] thumbnailInPackage(org.eclipse.basyx.testsuite.regression.aas.factory.aasx.TestAASXToMetamodelConverterFromBaSyx)  Time elapsed: 0.001 s  <<< ERROR!
java.lang.NoClassDefFoundError: org/apache/commons/io/output/UnsynchronizedByteArrayOutputStream
	at org.eclipse.basyx.testsuite.regression.aas.factory.aasx.TestAASXToMetamodelConverterFromBaSyx.createAASXFile(TestAASXToMetamodelConverterFromBaSyx.java:435)
	at org.eclipse.basyx.testsuite.regression.aas.factory.aasx.TestAASXToMetamodelConverterFromBaSyx.setup(TestAASXToMetamodelConverterFromBaSyx.java:132)
Caused by: java.lang.ClassNotFoundException: org.apache.commons.io.output.UnsynchronizedByteArrayOutputStream
	at org.eclipse.basyx.testsuite.regression.aas.factory.aasx.TestAASXToMetamodelConverterFromBaSyx.createAASXFile(TestAASXToMetamodelConverterFromBaSyx.java:435)
	at org.eclipse.basyx.testsuite.regression.aas.factory.aasx.TestAASXToMetamodelConverterFromBaSyx.setup(TestAASXToMetamodelConverterFromBaSyx.java:132)

[INFO] Running org.eclipse.basyx.testsuite.regression.aas.factory.aasx.TestAASXToMetamodelConverterFromFile
[ERROR] Tests run: 1, Failures: 0, Errors: 1, Skipped: 0, Time elapsed: 0.001 s <<< FAILURE! - in org.eclipse.basyx.testsuite.regression.aas.factory.aasx.TestAASXToMetamodelConverterFromFile
[ERROR] org.eclipse.basyx.testsuite.regression.aas.factory.aasx.TestAASXToMetamodelConverterFromFile  Time elapsed: 0.001 s  <<< ERROR!
java.lang.NoClassDefFoundError: org/apache/commons/io/output/UnsynchronizedByteArrayOutputStream
	at org.eclipse.basyx.testsuite.regression.aas.factory.aasx.TestAASXToMetamodelConverterFromFile.setup(TestAASXToMetamodelConverterFromFile.java:131)
Caused by: java.lang.ClassNotFoundException: org.apache.commons.io.output.UnsynchronizedByteArrayOutputStream
	at org.eclipse.basyx.testsuite.regression.aas.factory.aasx.TestAASXToMetamodelConverterFromFile.setup(TestAASXToMetamodelConverterFromFile.java:131)

[INFO] Running org.eclipse.basyx.testsuite.regression.aas.registration.restapi.TestDirectoryModelProviderServlet
Feb 01, 2023 6:30:24 PM org.apache.coyote.AbstractProtocol init
INFO: Initializing ProtocolHandler ["http-nio-8080"]
Feb 01, 2023 6:30:24 PM org.apache.catalina.core.StandardService startInternal
INFO: Starting service [Tomcat]
Feb 01, 2023 6:30:24 PM org.apache.catalina.core.StandardEngine startInternal
INFO: Starting Servlet engine: [Apache Tomcat/9.0.64]
Feb 01, 2023 6:30:24 PM org.apache.coyote.AbstractProtocol start
INFO: Starting ProtocolHandler ["http-nio-8080"]
Feb 01, 2023 6:30:24 PM org.apache.coyote.AbstractProtocol pause
INFO: Pausing ProtocolHandler ["http-nio-8080"]
Feb 01, 2023 6:30:24 PM org.apache.catalina.core.StandardService stopInternal
INFO: Stopping service [Tomcat]
Feb 01, 2023 6:30:24 PM org.apache.coyote.AbstractProtocol stop
INFO: Stopping ProtocolHandler ["http-nio-8080"]
Feb 01, 2023 6:30:24 PM org.apache.coyote.AbstractProtocol destroy
INFO: Destroying ProtocolHandler ["http-nio-8080"]
Feb 01, 2023 6:30:24 PM org.apache.coyote.AbstractProtocol init
INFO: Initializing ProtocolHandler ["http-nio-8080"]
Feb 01, 2023 6:30:24 PM org.apache.catalina.core.StandardService startInternal
INFO: Starting service [Tomcat]
Feb 01, 2023 6:30:24 PM org.apache.catalina.core.StandardEngine startInternal
INFO: Starting Servlet engine: [Apache Tomcat/9.0.64]
Feb 01, 2023 6:30:24 PM org.apache.coyote.AbstractProtocol start
INFO: Starting ProtocolHandler ["http-nio-8080"]
Feb 01, 2023 6:30:24 PM org.apache.coyote.AbstractProtocol pause
INFO: Pausing ProtocolHandler ["http-nio-8080"]
Feb 01, 2023 6:30:24 PM org.apache.catalina.core.StandardService stopInternal
INFO: Stopping service [Tomcat]
Feb 01, 2023 6:30:24 PM org.apache.coyote.AbstractProtocol stop
INFO: Stopping ProtocolHandler ["http-nio-8080"]
Feb 01, 2023 6:30:24 PM org.apache.coyote.AbstractProtocol destroy
INFO: Destroying ProtocolHandler ["http-nio-8080"]
Feb 01, 2023 6:30:24 PM org.apache.coyote.AbstractProtocol init
INFO: Initializing ProtocolHandler ["http-nio-8080"]
Feb 01, 2023 6:30:24 PM org.apache.catalina.core.StandardService startInternal
INFO: Starting service [Tomcat]
Feb 01, 2023 6:30:24 PM org.apache.catalina.core.StandardEngine startInternal
INFO: Starting Servlet engine: [Apache Tomcat/9.0.64]
Feb 01, 2023 6:30:24 PM org.apache.coyote.AbstractProtocol start
INFO: Starting ProtocolHandler ["http-nio-8080"]
Feb 01, 2023 6:30:24 PM org.apache.coyote.AbstractProtocol pause
INFO: Pausing ProtocolHandler ["http-nio-8080"]
Feb 01, 2023 6:30:24 PM org.apache.catalina.core.StandardService stopInternal
INFO: Stopping service [Tomcat]
Feb 01, 2023 6:30:24 PM org.apache.coyote.AbstractProtocol stop
INFO: Stopping ProtocolHandler ["http-nio-8080"]
Feb 01, 2023 6:30:24 PM org.apache.coyote.AbstractProtocol destroy
INFO: Destroying ProtocolHandler ["http-nio-8080"]
Feb 01, 2023 6:30:24 PM org.apache.coyote.AbstractProtocol init
INFO: Initializing ProtocolHandler ["http-nio-8080"]
Feb 01, 2023 6:30:24 PM org.apache.catalina.core.StandardService startInternal
INFO: Starting service [Tomcat]
Feb 01, 2023 6:30:24 PM org.apache.catalina.core.StandardEngine startInternal
INFO: Starting Servlet engine: [Apache Tomcat/9.0.64]
Feb 01, 2023 6:30:24 PM org.apache.coyote.AbstractProtocol start
INFO: Starting ProtocolHandler ["http-nio-8080"]
Feb 01, 2023 6:30:24 PM org.apache.coyote.AbstractProtocol pause
INFO: Pausing ProtocolHandler ["http-nio-8080"]
Feb 01, 2023 6:30:24 PM org.apache.catalina.core.StandardService stopInternal
INFO: Stopping service [Tomcat]
Feb 01, 2023 6:30:24 PM org.apache.coyote.AbstractProtocol stop
INFO: Stopping ProtocolHandler ["http-nio-8080"]
Feb 01, 2023 6:30:24 PM org.apache.coyote.AbstractProtocol destroy
INFO: Destroying ProtocolHandler ["http-nio-8080"]
Feb 01, 2023 6:30:24 PM org.apache.coyote.AbstractProtocol init
INFO: Initializing ProtocolHandler ["http-nio-8080"]
Feb 01, 2023 6:30:24 PM org.apache.catalina.core.StandardService startInternal
INFO: Starting service [Tomcat]
Feb 01, 2023 6:30:24 PM org.apache.catalina.core.StandardEngine startInternal
INFO: Starting Servlet engine: [Apache Tomcat/9.0.64]
Feb 01, 2023 6:30:24 PM org.apache.coyote.AbstractProtocol start
INFO: Starting ProtocolHandler ["http-nio-8080"]
Feb 01, 2023 6:30:24 PM org.apache.coyote.AbstractProtocol pause
INFO: Pausing ProtocolHandler ["http-nio-8080"]
Feb 01, 2023 6:30:24 PM org.apache.catalina.core.StandardService stopInternal
INFO: Stopping service [Tomcat]
Feb 01, 2023 6:30:24 PM org.apache.coyote.AbstractProtocol stop
INFO: Stopping ProtocolHandler ["http-nio-8080"]
Feb 01, 2023 6:30:24 PM org.apache.coyote.AbstractProtocol destroy
INFO: Destroying ProtocolHandler ["http-nio-8080"]
Feb 01, 2023 6:30:24 PM org.apache.coyote.AbstractProtocol init
INFO: Initializing ProtocolHandler ["http-nio-8080"]
Feb 01, 2023 6:30:24 PM org.apache.catalina.core.StandardService startInternal
INFO: Starting service [Tomcat]
Feb 01, 2023 6:30:24 PM org.apache.catalina.core.StandardEngine startInternal
INFO: Starting Servlet engine: [Apache Tomcat/9.0.64]
Feb 01, 2023 6:30:24 PM org.apache.coyote.AbstractProtocol start
INFO: Starting ProtocolHandler ["http-nio-8080"]
Feb 01, 2023 6:30:24 PM org.apache.coyote.AbstractProtocol pause
INFO: Pausing ProtocolHandler ["http-nio-8080"]
Feb 01, 2023 6:30:24 PM org.apache.catalina.core.StandardService stopInternal
INFO: Stopping service [Tomcat]
Feb 01, 2023 6:30:24 PM org.apache.coyote.AbstractProtocol stop
INFO: Stopping ProtocolHandler ["http-nio-8080"]
Feb 01, 2023 6:30:24 PM org.apache.coyote.AbstractProtocol destroy
INFO: Destroying ProtocolHandler ["http-nio-8080"]
Feb 01, 2023 6:30:24 PM org.apache.coyote.AbstractProtocol init
INFO: Initializing ProtocolHandler ["http-nio-8080"]
Feb 01, 2023 6:30:24 PM org.apache.catalina.core.StandardService startInternal
INFO: Starting service [Tomcat]
Feb 01, 2023 6:30:24 PM org.apache.catalina.core.StandardEngine startInternal
INFO: Starting Servlet engine: [Apache Tomcat/9.0.64]
Feb 01, 2023 6:30:24 PM org.apache.coyote.AbstractProtocol start
INFO: Starting ProtocolHandler ["http-nio-8080"]
Feb 01, 2023 6:30:24 PM org.apache.coyote.AbstractProtocol pause
INFO: Pausing ProtocolHandler ["http-nio-8080"]
Feb 01, 2023 6:30:24 PM org.apache.catalina.core.StandardService stopInternal
INFO: Stopping service [Tomcat]
Feb 01, 2023 6:30:24 PM org.apache.coyote.AbstractProtocol stop
INFO: Stopping ProtocolHandler ["http-nio-8080"]
Feb 01, 2023 6:30:24 PM org.apache.coyote.AbstractProtocol destroy
INFO: Destroying ProtocolHandler ["http-nio-8080"]
Feb 01, 2023 6:30:24 PM org.apache.coyote.AbstractProtocol init
INFO: Initializing ProtocolHandler ["http-nio-8080"]
Feb 01, 2023 6:30:24 PM org.apache.catalina.core.StandardService startInternal
INFO: Starting service [Tomcat]
Feb 01, 2023 6:30:24 PM org.apache.catalina.core.StandardEngine startInternal
INFO: Starting Servlet engine: [Apache Tomcat/9.0.64]
Feb 01, 2023 6:30:24 PM org.apache.coyote.AbstractProtocol start
INFO: Starting ProtocolHandler ["http-nio-8080"]
Feb 01, 2023 6:30:24 PM org.apache.coyote.AbstractProtocol pause
INFO: Pausing ProtocolHandler ["http-nio-8080"]
Feb 01, 2023 6:30:24 PM org.apache.catalina.core.StandardService stopInternal
INFO: Stopping service [Tomcat]
Feb 01, 2023 6:30:24 PM org.apache.coyote.AbstractProtocol stop
INFO: Stopping ProtocolHandler ["http-nio-8080"]
Feb 01, 2023 6:30:24 PM org.apache.coyote.AbstractProtocol destroy
INFO: Destroying ProtocolHandler ["http-nio-8080"]
Feb 01, 2023 6:30:24 PM org.apache.coyote.AbstractProtocol init
INFO: Initializing ProtocolHandler ["http-nio-8080"]
Feb 01, 2023 6:30:24 PM org.apache.catalina.core.StandardService startInternal
INFO: Starting service [Tomcat]
Feb 01, 2023 6:30:24 PM org.apache.catalina.core.StandardEngine startInternal
INFO: Starting Servlet engine: [Apache Tomcat/9.0.64]
Feb 01, 2023 6:30:24 PM org.apache.coyote.AbstractProtocol start
INFO: Starting ProtocolHandler ["http-nio-8080"]
Feb 01, 2023 6:30:24 PM org.apache.coyote.AbstractProtocol pause
INFO: Pausing ProtocolHandler ["http-nio-8080"]
Feb 01, 2023 6:30:24 PM org.apache.catalina.core.StandardService stopInternal
INFO: Stopping service [Tomcat]
Feb 01, 2023 6:30:24 PM org.apache.coyote.AbstractProtocol stop
INFO: Stopping ProtocolHandler ["http-nio-8080"]
Feb 01, 2023 6:30:24 PM org.apache.coyote.AbstractProtocol destroy
INFO: Destroying ProtocolHandler ["http-nio-8080"]
Feb 01, 2023 6:30:24 PM org.apache.coyote.AbstractProtocol init
INFO: Initializing ProtocolHandler ["http-nio-8080"]
Feb 01, 2023 6:30:24 PM org.apache.catalina.core.StandardService startInternal
INFO: Starting service [Tomcat]
Feb 01, 2023 6:30:24 PM org.apache.catalina.core.StandardEngine startInternal
INFO: Starting Servlet engine: [Apache Tomcat/9.0.64]
Feb 01, 2023 6:30:24 PM org.apache.coyote.AbstractProtocol start
INFO: Starting ProtocolHandler ["http-nio-8080"]
Feb 01, 2023 6:30:24 PM org.apache.coyote.AbstractProtocol pause
INFO: Pausing ProtocolHandler ["http-nio-8080"]
Feb 01, 2023 6:30:24 PM org.apache.catalina.core.StandardService stopInternal
INFO: Stopping service [Tomcat]
Feb 01, 2023 6:30:24 PM org.apache.coyote.AbstractProtocol stop
INFO: Stopping ProtocolHandler ["http-nio-8080"]
Feb 01, 2023 6:30:24 PM org.apache.coyote.AbstractProtocol destroy
INFO: Destroying ProtocolHandler ["http-nio-8080"]
Feb 01, 2023 6:30:24 PM org.apache.coyote.AbstractProtocol init
INFO: Initializing ProtocolHandler ["http-nio-8080"]
Feb 01, 2023 6:30:24 PM org.apache.catalina.core.StandardService startInternal
INFO: Starting service [Tomcat]
Feb 01, 2023 6:30:24 PM org.apache.catalina.core.StandardEngine startInternal
INFO: Starting Servlet engine: [Apache Tomcat/9.0.64]
Feb 01, 2023 6:30:24 PM org.apache.coyote.AbstractProtocol start
INFO: Starting ProtocolHandler ["http-nio-8080"]
Feb 01, 2023 6:30:24 PM org.apache.coyote.AbstractProtocol pause
INFO: Pausing ProtocolHandler ["http-nio-8080"]
Feb 01, 2023 6:30:24 PM org.apache.catalina.core.StandardService stopInternal
INFO: Stopping service [Tomcat]
Feb 01, 2023 6:30:24 PM org.apache.coyote.AbstractProtocol stop
INFO: Stopping ProtocolHandler ["http-nio-8080"]
Feb 01, 2023 6:30:24 PM org.apache.coyote.AbstractProtocol destroy
INFO: Destroying ProtocolHandler ["http-nio-8080"]
Feb 01, 2023 6:30:24 PM org.apache.coyote.AbstractProtocol init
INFO: Initializing ProtocolHandler ["http-nio-8080"]
Feb 01, 2023 6:30:24 PM org.apache.catalina.core.StandardService startInternal
INFO: Starting service [Tomcat]
Feb 01, 2023 6:30:24 PM org.apache.catalina.core.StandardEngine startInternal
INFO: Starting Servlet engine: [Apache Tomcat/9.0.64]
Feb 01, 2023 6:30:24 PM org.apache.coyote.AbstractProtocol start
INFO: Starting ProtocolHandler ["http-nio-8080"]
Feb 01, 2023 6:30:25 PM org.apache.coyote.AbstractProtocol pause
INFO: Pausing ProtocolHandler ["http-nio-8080"]
Feb 01, 2023 6:30:25 PM org.apache.catalina.core.StandardService stopInternal
INFO: Stopping service [Tomcat]
Feb 01, 2023 6:30:25 PM org.apache.coyote.AbstractProtocol stop
INFO: Stopping ProtocolHandler ["http-nio-8080"]
Feb 01, 2023 6:30:25 PM org.apache.coyote.AbstractProtocol destroy
INFO: Destroying ProtocolHandler ["http-nio-8080"]
Feb 01, 2023 6:30:25 PM org.apache.coyote.AbstractProtocol init
INFO: Initializing ProtocolHandler ["http-nio-8080"]
Feb 01, 2023 6:30:25 PM org.apache.catalina.core.StandardService startInternal
INFO: Starting service [Tomcat]
Feb 01, 2023 6:30:25 PM org.apache.catalina.core.StandardEngine startInternal
INFO: Starting Servlet engine: [Apache Tomcat/9.0.64]
Feb 01, 2023 6:30:25 PM org.apache.coyote.AbstractProtocol start
INFO: Starting ProtocolHandler ["http-nio-8080"]
Feb 01, 2023 6:30:25 PM org.apache.coyote.AbstractProtocol pause
INFO: Pausing ProtocolHandler ["http-nio-8080"]
Feb 01, 2023 6:30:25 PM org.apache.catalina.core.StandardService stopInternal
INFO: Stopping service [Tomcat]
Feb 01, 2023 6:30:25 PM org.apache.coyote.AbstractProtocol stop
INFO: Stopping ProtocolHandler ["http-nio-8080"]
Feb 01, 2023 6:30:25 PM org.apache.coyote.AbstractProtocol destroy
INFO: Destroying ProtocolHandler ["http-nio-8080"]
[INFO] Tests run: 13, Failures: 0, Errors: 0, Skipped: 0, Time elapsed: 0.718 s - in org.eclipse.basyx.testsuite.regression.aas.registration.restapi.TestDirectoryModelProviderServlet
[INFO] Running org.eclipse.basyx.testsuite.regression.aas.registration.restapi.TestDirectoryModelProvider
[INFO] Tests run: 13, Failures: 0, Errors: 0, Skipped: 0, Time elapsed: 0.007 s - in org.eclipse.basyx.testsuite.regression.aas.registration.restapi.TestDirectoryModelProvider
[INFO] Running org.eclipse.basyx.testsuite.regression.aas.registration.observing.ObservableAASRegistryServiceTest
[INFO] Tests run: 5, Failures: 0, Errors: 0, Skipped: 0, Time elapsed: 0 s - in org.eclipse.basyx.testsuite.regression.aas.registration.observing.ObservableAASRegistryServiceTest
[INFO] Running org.eclipse.basyx.testsuite.regression.aas.registration.memory.TestMapRegistry
[INFO] Tests run: 13, Failures: 0, Errors: 0, Skipped: 0, Time elapsed: 0.001 s - in org.eclipse.basyx.testsuite.regression.aas.registration.memory.TestMapRegistry
[INFO] Running org.eclipse.basyx.testsuite.regression.aas.metamodel.connected.TestConnectedAssetAdministrationShell
[INFO] Tests run: 10, Failures: 0, Errors: 0, Skipped: 0, Time elapsed: 0 s - in org.eclipse.basyx.testsuite.regression.aas.metamodel.connected.TestConnectedAssetAdministrationShell
[INFO] Running org.eclipse.basyx.testsuite.regression.aas.metamodel.map.policypoints.TestAccessControlPolicyPoints
[INFO] Tests run: 4, Failures: 0, Errors: 0, Skipped: 0, Time elapsed: 0 s - in org.eclipse.basyx.testsuite.regression.aas.metamodel.map.policypoints.TestAccessControlPolicyPoints
[INFO] Running org.eclipse.basyx.testsuite.regression.aas.metamodel.map.parts.TestView
[INFO] Tests run: 9, Failures: 0, Errors: 0, Skipped: 0, Time elapsed: 0 s - in org.eclipse.basyx.testsuite.regression.aas.metamodel.map.parts.TestView
[INFO] Running org.eclipse.basyx.testsuite.regression.aas.metamodel.map.parts.TestConceptDictionary
[INFO] Tests run: 8, Failures: 0, Errors: 0, Skipped: 0, Time elapsed: 0 s - in org.eclipse.basyx.testsuite.regression.aas.metamodel.map.parts.TestConceptDictionary
[INFO] Running org.eclipse.basyx.testsuite.regression.aas.metamodel.map.parts.TestAsset
[INFO] Tests run: 12, Failures: 0, Errors: 0, Skipped: 0, Time elapsed: 0 s - in org.eclipse.basyx.testsuite.regression.aas.metamodel.map.parts.TestAsset
[INFO] Running org.eclipse.basyx.testsuite.regression.aas.metamodel.map.TestAssetAdministrationShell
[INFO] Tests run: 12, Failures: 0, Errors: 0, Skipped: 0, Time elapsed: 0 s - in org.eclipse.basyx.testsuite.regression.aas.metamodel.map.TestAssetAdministrationShell
[INFO] Running org.eclipse.basyx.testsuite.regression.aas.metamodel.map.descriptor.TestAASDescriptor
[INFO] Tests run: 15, Failures: 0, Errors: 0, Skipped: 0, Time elapsed: 0.001 s - in org.eclipse.basyx.testsuite.regression.aas.metamodel.map.descriptor.TestAASDescriptor
[INFO] Running org.eclipse.basyx.testsuite.regression.aas.metamodel.map.descriptor.TestSubmodelDescriptor
[INFO] Tests run: 4, Failures: 0, Errors: 0, Skipped: 0, Time elapsed: 0.001 s - in org.eclipse.basyx.testsuite.regression.aas.metamodel.map.descriptor.TestSubmodelDescriptor
[INFO] Running org.eclipse.basyx.testsuite.regression.aas.metamodel.map.descriptor.TestModelUrn
[INFO] Tests run: 4, Failures: 0, Errors: 0, Skipped: 0, Time elapsed: 0 s - in org.eclipse.basyx.testsuite.regression.aas.metamodel.map.descriptor.TestModelUrn
[INFO] Running org.eclipse.basyx.testsuite.regression.aas.metamodel.map.security.TestSecurity
[INFO] Tests run: 2, Failures: 0, Errors: 0, Skipped: 0, Time elapsed: 0 s - in org.eclipse.basyx.testsuite.regression.aas.metamodel.map.security.TestSecurity
[INFO] Running org.eclipse.basyx.testsuite.regression.aas.metamodel.map.TestAasEnv
[INFO] Tests run: 7, Failures: 0, Errors: 0, Skipped: 0, Time elapsed: 0 s - in org.eclipse.basyx.testsuite.regression.aas.metamodel.map.TestAasEnv
[INFO] Running org.eclipse.basyx.testsuite.regression.aas.manager.TestConnectedAssetAdministrationShellManager
[INFO] Tests run: 10, Failures: 0, Errors: 0, Skipped: 0, Time elapsed: 0.003 s - in org.eclipse.basyx.testsuite.regression.aas.manager.TestConnectedAssetAdministrationShellManager
[INFO] Running org.eclipse.basyx.testsuite.regression.vab.model.VABModelMapTest
[INFO] Tests run: 5, Failures: 0, Errors: 0, Skipped: 0, Time elapsed: 0 s - in org.eclipse.basyx.testsuite.regression.vab.model.VABModelMapTest
[INFO] Running org.eclipse.basyx.testsuite.regression.vab.gateway.TestGateway
Feb 01, 2023 6:30:25 PM org.apache.coyote.AbstractProtocol init
INFO: Initializing ProtocolHandler ["http-nio-5123"]
Feb 01, 2023 6:30:25 PM org.apache.catalina.core.StandardService startInternal
INFO: Starting service [Tomcat]
Feb 01, 2023 6:30:25 PM org.apache.catalina.core.StandardEngine startInternal
INFO: Starting Servlet engine: [Apache Tomcat/9.0.64]
Feb 01, 2023 6:30:25 PM org.apache.coyote.AbstractProtocol start
INFO: Starting ProtocolHandler ["http-nio-5123"]
Feb 01, 2023 6:30:25 PM org.apache.coyote.AbstractProtocol pause
INFO: Pausing ProtocolHandler ["http-nio-5123"]
Feb 01, 2023 6:30:25 PM org.apache.catalina.core.StandardService stopInternal
INFO: Stopping service [Tomcat]
Feb 01, 2023 6:30:25 PM org.apache.coyote.AbstractProtocol stop
INFO: Stopping ProtocolHandler ["http-nio-5123"]
Feb 01, 2023 6:30:25 PM org.apache.coyote.AbstractProtocol destroy
INFO: Destroying ProtocolHandler ["http-nio-5123"]
[INFO] Tests run: 1, Failures: 0, Errors: 0, Skipped: 0, Time elapsed: 0.034 s - in org.eclipse.basyx.testsuite.regression.vab.gateway.TestGateway
[INFO] Running org.eclipse.basyx.testsuite.regression.vab.gateway.TestDelegatingModelProvider
[INFO] Tests run: 1, Failures: 0, Errors: 0, Skipped: 0, Time elapsed: 0 s - in org.eclipse.basyx.testsuite.regression.vab.gateway.TestDelegatingModelProvider
[INFO] Running org.eclipse.basyx.testsuite.regression.vab.gateway.TestConnectorProviderMapper
[INFO] Tests run: 1, Failures: 0, Errors: 0, Skipped: 0, Time elapsed: 0 s - in org.eclipse.basyx.testsuite.regression.vab.gateway.TestConnectorProviderMapper
[INFO] Running org.eclipse.basyx.testsuite.regression.vab.directory.restapi.TestDirectoryProvider
[INFO] Tests run: 2, Failures: 0, Errors: 0, Skipped: 0, Time elapsed: 0 s - in org.eclipse.basyx.testsuite.regression.vab.directory.restapi.TestDirectoryProvider
[INFO] Running org.eclipse.basyx.testsuite.regression.vab.directory.memory.TestInMemoryDirectory
[INFO] Tests run: 4, Failures: 0, Errors: 0, Skipped: 0, Time elapsed: 0 s - in org.eclipse.basyx.testsuite.regression.vab.directory.memory.TestInMemoryDirectory
[INFO] Running org.eclipse.basyx.testsuite.regression.vab.factory.xml.TestVABXmlProviderFactory
[INFO] Tests run: 1, Failures: 0, Errors: 0, Skipped: 0, Time elapsed: 0 s - in org.eclipse.basyx.testsuite.regression.vab.factory.xml.TestVABXmlProviderFactory
[INFO] Running org.eclipse.basyx.testsuite.regression.vab.factory.xml.TestXmlParser
[INFO] Tests run: 5, Failures: 0, Errors: 0, Skipped: 0, Time elapsed: 0.005 s - in org.eclipse.basyx.testsuite.regression.vab.factory.xml.TestXmlParser
[INFO] Running org.eclipse.basyx.testsuite.regression.vab.coder.json.TestJSONConnectorProviderIntegration
[INFO] Tests run: 9, Failures: 0, Errors: 0, Skipped: 0, Time elapsed: 0.016 s - in org.eclipse.basyx.testsuite.regression.vab.coder.json.TestJSONConnectorProviderIntegration
[INFO] Running org.eclipse.basyx.testsuite.regression.vab.coder.json.TestJson
[INFO] Tests run: 16, Failures: 0, Errors: 0, Skipped: 0, Time elapsed: 0.008 s - in org.eclipse.basyx.testsuite.regression.vab.coder.json.TestJson
[INFO] Running org.eclipse.basyx.testsuite.regression.vab.modelprovider.map.TestMapProvider
[INFO] Tests run: 9, Failures: 0, Errors: 0, Skipped: 0, Time elapsed: 0.001 s - in org.eclipse.basyx.testsuite.regression.vab.modelprovider.map.TestMapProvider
[INFO] Running org.eclipse.basyx.testsuite.regression.vab.modelprovider.lambda.TestLambdaProvider
[INFO] Tests run: 9, Failures: 0, Errors: 0, Skipped: 0, Time elapsed: 0.001 s - in org.eclipse.basyx.testsuite.regression.vab.modelprovider.lambda.TestLambdaProvider
[INFO] Running org.eclipse.basyx.testsuite.regression.vab.modelprovider.VABElementProxyTest
[INFO] Tests run: 1, Failures: 0, Errors: 0, Skipped: 0, Time elapsed: 0 s - in org.eclipse.basyx.testsuite.regression.vab.modelprovider.VABElementProxyTest
[INFO] Running org.eclipse.basyx.testsuite.regression.vab.modelprovider.VABPathToolsTest
[INFO] Tests run: 15, Failures: 0, Errors: 0, Skipped: 0, Time elapsed: 0.001 s - in org.eclipse.basyx.testsuite.regression.vab.modelprovider.VABPathToolsTest
[INFO] Running org.eclipse.basyx.testsuite.regression.vab.modelprovider.filesystem.TestFileSystemProvider
[INFO] Tests run: 9, Failures: 0, Errors: 0, Skipped: 0, Time elapsed: 0.064 s - in org.eclipse.basyx.testsuite.regression.vab.modelprovider.filesystem.TestFileSystemProvider
[INFO] Running org.eclipse.basyx.testsuite.regression.vab.protocol.http.TestHttpCors
Feb 01, 2023 6:30:25 PM org.apache.coyote.AbstractProtocol init
INFO: Initializing ProtocolHandler ["http-nio-4001"]
Feb 01, 2023 6:30:25 PM org.apache.catalina.core.StandardService startInternal
INFO: Starting service [Tomcat]
Feb 01, 2023 6:30:25 PM org.apache.catalina.core.StandardEngine startInternal
INFO: Starting Servlet engine: [Apache Tomcat/9.0.64]
Feb 01, 2023 6:30:25 PM org.apache.coyote.AbstractProtocol start
INFO: Starting ProtocolHandler ["http-nio-4001"]
Feb 01, 2023 6:30:25 PM org.apache.coyote.AbstractProtocol pause
INFO: Pausing ProtocolHandler ["http-nio-4001"]
Feb 01, 2023 6:30:25 PM org.apache.catalina.core.StandardService stopInternal
INFO: Stopping service [Tomcat]
Feb 01, 2023 6:30:25 PM org.apache.coyote.AbstractProtocol stop
INFO: Stopping ProtocolHandler ["http-nio-4001"]
Feb 01, 2023 6:30:25 PM org.apache.coyote.AbstractProtocol destroy
INFO: Destroying ProtocolHandler ["http-nio-4001"]
Feb 01, 2023 6:30:25 PM org.apache.coyote.AbstractProtocol init
INFO: Initializing ProtocolHandler ["http-nio-4001"]
Feb 01, 2023 6:30:25 PM org.apache.catalina.core.StandardService startInternal
INFO: Starting service [Tomcat]
Feb 01, 2023 6:30:25 PM org.apache.catalina.core.StandardEngine startInternal
INFO: Starting Servlet engine: [Apache Tomcat/9.0.64]
Feb 01, 2023 6:30:25 PM org.apache.coyote.AbstractProtocol start
INFO: Starting ProtocolHandler ["http-nio-4001"]
Feb 01, 2023 6:30:25 PM org.apache.coyote.AbstractProtocol pause
INFO: Pausing ProtocolHandler ["http-nio-4001"]
Feb 01, 2023 6:30:25 PM org.apache.catalina.core.StandardService stopInternal
INFO: Stopping service [Tomcat]
Feb 01, 2023 6:30:25 PM org.apache.coyote.AbstractProtocol stop
INFO: Stopping ProtocolHandler ["http-nio-4001"]
Feb 01, 2023 6:30:25 PM org.apache.coyote.AbstractProtocol destroy
INFO: Destroying ProtocolHandler ["http-nio-4001"]
Feb 01, 2023 6:30:25 PM org.apache.coyote.AbstractProtocol init
INFO: Initializing ProtocolHandler ["http-nio-4001"]
Feb 01, 2023 6:30:25 PM org.apache.catalina.core.StandardService startInternal
INFO: Starting service [Tomcat]
Feb 01, 2023 6:30:25 PM org.apache.catalina.core.StandardEngine startInternal
INFO: Starting Servlet engine: [Apache Tomcat/9.0.64]
Feb 01, 2023 6:30:25 PM org.apache.coyote.AbstractProtocol start
INFO: Starting ProtocolHandler ["http-nio-4001"]
Feb 01, 2023 6:30:25 PM org.apache.coyote.AbstractProtocol pause
INFO: Pausing ProtocolHandler ["http-nio-4001"]
Feb 01, 2023 6:30:25 PM org.apache.catalina.core.StandardService stopInternal
INFO: Stopping service [Tomcat]
Feb 01, 2023 6:30:25 PM org.apache.coyote.AbstractProtocol stop
INFO: Stopping ProtocolHandler ["http-nio-4001"]
Feb 01, 2023 6:30:25 PM org.apache.coyote.AbstractProtocol destroy
INFO: Destroying ProtocolHandler ["http-nio-4001"]
Feb 01, 2023 6:30:25 PM org.apache.coyote.AbstractProtocol init
INFO: Initializing ProtocolHandler ["http-nio-4001"]
Feb 01, 2023 6:30:25 PM org.apache.catalina.core.StandardService startInternal
INFO: Starting service [Tomcat]
Feb 01, 2023 6:30:25 PM org.apache.catalina.core.StandardEngine startInternal
INFO: Starting Servlet engine: [Apache Tomcat/9.0.64]
Feb 01, 2023 6:30:25 PM org.apache.coyote.AbstractProtocol start
INFO: Starting ProtocolHandler ["http-nio-4001"]
Feb 01, 2023 6:30:25 PM org.apache.coyote.AbstractProtocol pause
INFO: Pausing ProtocolHandler ["http-nio-4001"]
Feb 01, 2023 6:30:25 PM org.apache.catalina.core.StandardService stopInternal
INFO: Stopping service [Tomcat]
Feb 01, 2023 6:30:25 PM org.apache.coyote.AbstractProtocol stop
INFO: Stopping ProtocolHandler ["http-nio-4001"]
Feb 01, 2023 6:30:25 PM org.apache.coyote.AbstractProtocol destroy
INFO: Destroying ProtocolHandler ["http-nio-4001"]
Feb 01, 2023 6:30:25 PM org.apache.coyote.AbstractProtocol init
INFO: Initializing ProtocolHandler ["http-nio-4001"]
Feb 01, 2023 6:30:25 PM org.apache.catalina.core.StandardService startInternal
INFO: Starting service [Tomcat]
Feb 01, 2023 6:30:25 PM org.apache.catalina.core.StandardEngine startInternal
INFO: Starting Servlet engine: [Apache Tomcat/9.0.64]
Feb 01, 2023 6:30:25 PM org.apache.coyote.AbstractProtocol start
INFO: Starting ProtocolHandler ["http-nio-4001"]
Feb 01, 2023 6:30:25 PM org.apache.coyote.AbstractProtocol pause
INFO: Pausing ProtocolHandler ["http-nio-4001"]
Feb 01, 2023 6:30:25 PM org.apache.catalina.core.StandardService stopInternal
INFO: Stopping service [Tomcat]
Feb 01, 2023 6:30:25 PM org.apache.coyote.AbstractProtocol stop
INFO: Stopping ProtocolHandler ["http-nio-4001"]
Feb 01, 2023 6:30:25 PM org.apache.coyote.AbstractProtocol destroy
INFO: Destroying ProtocolHandler ["http-nio-4001"]
[INFO] Tests run: 5, Failures: 0, Errors: 0, Skipped: 0, Time elapsed: 0.194 s - in org.eclipse.basyx.testsuite.regression.vab.protocol.http.TestHttpCors
[INFO] Running org.eclipse.basyx.testsuite.regression.vab.protocol.opcua.BrowsePathHelperTest
[INFO] Tests run: 16, Failures: 0, Errors: 0, Skipped: 0, Time elapsed: 0.176 s - in org.eclipse.basyx.testsuite.regression.vab.protocol.opcua.BrowsePathHelperTest
[INFO] Running org.eclipse.basyx.testsuite.regression.vab.support.TestTypeDestroyer
[INFO] Tests run: 1, Failures: 0, Errors: 0, Skipped: 0, Time elapsed: 0.001 s - in org.eclipse.basyx.testsuite.regression.vab.support.TestTypeDestroyer
[INFO] Running org.eclipse.basyx.testsuite.regression.enumhelper.StandardizedLiteralEnumHelperTests
[INFO] Tests run: 1, Failures: 0, Errors: 0, Skipped: 0, Time elapsed: 0.001 s - in org.eclipse.basyx.testsuite.regression.enumhelper.StandardizedLiteralEnumHelperTests
[INFO] 
[INFO] Results:
[INFO] 
[ERROR] Failures: 
[ERROR]   TestAASAggregatorProxyWithAASXProvider.testClientUpload:76 expected:<2> but was:<0>
[ERROR] Errors: 
[ERROR]   TestAASXToMetamodelConverterFromBaSyx.setup:132->createAASXFile:435  NoClassDefFound
[ERROR]   TestAASXToMetamodelConverterFromBaSyx.setup:132->createAASXFile:435  NoClassDefFound
[ERROR]   TestAASXToMetamodelConverterFromBaSyx.setup:132->createAASXFile:435  NoClassDefFound
[ERROR]   TestAASXToMetamodelConverterFromBaSyx.setup:132->createAASXFile:435  NoClassDefFound
[ERROR]   TestAASXToMetamodelConverterFromBaSyx.setup:132->createAASXFile:435  NoClassDefFound
[ERROR]   TestAASXToMetamodelConverterFromFile.setup:131  NoClassDefFound org/apache/co...
[ERROR]   TestMetamodelToAASXConverter.buildAASXWithThumbnail:183  NoClassDefFound org/...
[ERROR]   TestMetamodelToAASXConverter.testBuildAASX:171  NoClassDefFound org/apache/co...
[ERROR]   TestMetamodelToAASXConverter.testFilePathsAreCorrectlyChanged:194  NoClassDefFound
[ERROR]   TestMetamodelToAASXConverter.testOperationWithVariables:203  NoClassDefFound ...
[ERROR]   TestMetamodelToAASXConverter.testOperationWithoutVariables:216  NoClassDefFound
[ERROR]   TestAASAggregatorAASXUpload>TestAASAggregatorAASXUploadSuite.testUploadAASX:65  NoClassDefFound
[INFO] 
[ERROR] Tests run: 966, Failures: 1, Errors: 12, Skipped: 0
[INFO] 
[INFO] ------------------------------------------------------------------------
[INFO] BUILD FAILURE
[INFO] ------------------------------------------------------------------------
[INFO] Total time:  02:39 min
[INFO] Finished at: 2023-02-01T18:30:26Z
[INFO] ------------------------------------------------------------------------
[ERROR] Failed to execute goal org.apache.maven.plugins:maven-surefire-plugin:3.0.0-M3:test (default-test) on project basyx.sdk: There are test failures.
[ERROR] 
[ERROR] Please refer to /home/gabsko/breaking-updates/target/surefire-reports for the individual test results.
[ERROR] Please refer to dump files (if any exist) [date].dump, [date]-jvmRun[N].dump and [date].dumpstream.
[ERROR] -> [Help 1]
[ERROR] 
[ERROR] To see the full stack trace of the errors, re-run Maven with the -e switch.
[ERROR] Re-run Maven using the -X switch to enable full debug logging.
[ERROR] 
[ERROR] For more information about the errors and possible solutions, please read the following articles:
[ERROR] [Help 1] http://cwiki.apache.org/confluence/display/MAVEN/MojoFailureException
