[INFO] Scanning for projects...
[INFO] 
[INFO] ----------------------< uk.gov.pay:pay-connector >----------------------
[INFO] Building pay-connector 0.1-SNAPSHOT
[INFO] --------------------------------[ jar ]---------------------------------
[INFO] 
[INFO] --- maven-clean-plugin:3.1.0:clean (default-clean) @ pay-connector ---
[INFO] Deleting /home/gabsko/breaking-updates/target
[INFO] 
[INFO] --- maven-resources-plugin:3.2.0:copy-resources (copy-resources) @ pay-connector ---
[INFO] Using 'UTF-8' encoding to copy filtered resources.
[INFO] Using 'UTF-8' encoding to copy filtered properties files.
[INFO] Copying 1 resource
[INFO] 
[INFO] --- maven-resources-plugin:3.2.0:resources (default-resources) @ pay-connector ---
[INFO] Using 'UTF-8' encoding to copy filtered resources.
[INFO] Using 'UTF-8' encoding to copy filtered properties files.
[INFO] Copying 24 resources
[INFO] 
[INFO] --- maven-compiler-plugin:3.8.1:compile (default-compile) @ pay-connector ---
[INFO] Changes detected - recompiling the module!
[INFO] Compiling 640 source files to /home/gabsko/breaking-updates/target/classes
[INFO] /home/gabsko/breaking-updates/src/main/java/uk/gov/pay/connector/events/model/Event.java: Some input files use or override a deprecated API.
[INFO] /home/gabsko/breaking-updates/src/main/java/uk/gov/pay/connector/events/model/Event.java: Recompile with -Xlint:deprecation for details.
[INFO] /home/gabsko/breaking-updates/src/main/java/uk/gov/pay/connector/events/model/EventFactory.java: Some input files use unchecked or unsafe operations.
[INFO] /home/gabsko/breaking-updates/src/main/java/uk/gov/pay/connector/events/model/EventFactory.java: Recompile with -Xlint:unchecked for details.
[INFO] 
[INFO] --- maven-resources-plugin:3.2.0:testResources (default-testResources) @ pay-connector ---
[INFO] Using 'UTF-8' encoding to copy filtered resources.
[INFO] Using 'UTF-8' encoding to copy filtered properties files.
[INFO] Copying 166 resources
[INFO] 
[INFO] --- maven-compiler-plugin:3.8.1:testCompile (default-testCompile) @ pay-connector ---
[INFO] Changes detected - recompiling the module!
[INFO] Compiling 377 source files to /home/gabsko/breaking-updates/target/test-classes
[INFO] /home/gabsko/breaking-updates/src/test/java/uk/gov/pay/connector/model/domain/EmailCollectionModeTest.java: Some input files use or override a deprecated API.
[INFO] /home/gabsko/breaking-updates/src/test/java/uk/gov/pay/connector/model/domain/EmailCollectionModeTest.java: Recompile with -Xlint:deprecation for details.
[INFO] /home/gabsko/breaking-updates/src/test/java/uk/gov/pay/connector/util/DatabaseTestHelper.java: Some input files use unchecked or unsafe operations.
[INFO] /home/gabsko/breaking-updates/src/test/java/uk/gov/pay/connector/util/DatabaseTestHelper.java: Recompile with -Xlint:unchecked for details.
[INFO] 
[INFO] --- maven-surefire-plugin:3.0.0-M5:test (default-test) @ pay-connector ---
[INFO] 
[INFO] -------------------------------------------------------
[INFO]  T E S T S
[INFO] -------------------------------------------------------
[INFO] Running uk.gov.pay.connector.gateway.worldpay.WorldpayRefundHandlerTest
[INFO] Tests run: 1, Failures: 0, Errors: 0, Skipped: 0, Time elapsed: 0.561 s - in uk.gov.pay.connector.gateway.worldpay.WorldpayRefundHandlerTest
[INFO] Running uk.gov.pay.connector.gateway.worldpay.WorldpayAuthorisationRequestSummaryTest
[INFO] Tests run: 6, Failures: 0, Errors: 0, Skipped: 0, Time elapsed: 0.27 s - in uk.gov.pay.connector.gateway.worldpay.WorldpayAuthorisationRequestSummaryTest
[INFO] Running uk.gov.pay.connector.gateway.worldpay.WorldpayCredentialsValidationServiceTest
[INFO] Tests run: 6, Failures: 0, Errors: 0, Skipped: 0, Time elapsed: 0.312 s - in uk.gov.pay.connector.gateway.worldpay.WorldpayCredentialsValidationServiceTest
[INFO] Running uk.gov.pay.connector.gateway.worldpay.WorldpayOrderStatusResponseTest
[INFO] Tests run: 3, Failures: 0, Errors: 0, Skipped: 0, Time elapsed: 0.027 s - in uk.gov.pay.connector.gateway.worldpay.WorldpayOrderStatusResponseTest
[INFO] Running uk.gov.pay.connector.gateway.worldpay.WorldpayNotificationServiceTest
[Fatal Error] :1:8: The element type "not" must be terminated by the matching end-tag "</not>".
[INFO] Tests run: 12, Failures: 0, Errors: 0, Skipped: 0, Time elapsed: 0.207 s - in uk.gov.pay.connector.gateway.worldpay.WorldpayNotificationServiceTest
[INFO] Running uk.gov.pay.connector.gateway.worldpay.Worldpay3dsFlexCredentialsValidationServiceTest
[INFO] Tests run: 11, Failures: 0, Errors: 0, Skipped: 0, Time elapsed: 0.193 s - in uk.gov.pay.connector.gateway.worldpay.Worldpay3dsFlexCredentialsValidationServiceTest
[INFO] Running uk.gov.pay.connector.gateway.worldpay.WorldpayPaymentProviderTest
[INFO] Tests run: 21, Failures: 0, Errors: 0, Skipped: 0, Time elapsed: 0.463 s - in uk.gov.pay.connector.gateway.worldpay.WorldpayPaymentProviderTest
[INFO] Running uk.gov.pay.connector.gateway.worldpay.WorldpayAuthoriseHandlerTest
[INFO] Tests run: 16, Failures: 0, Errors: 0, Skipped: 0, Time elapsed: 0.638 s - in uk.gov.pay.connector.gateway.worldpay.WorldpayAuthoriseHandlerTest
[INFO] Running uk.gov.pay.connector.gateway.util.AuthorisationRequestSummaryStringifierTest
[INFO] Tests run: 2, Failures: 0, Errors: 0, Skipped: 0, Time elapsed: 0.009 s - in uk.gov.pay.connector.gateway.util.AuthorisationRequestSummaryStringifierTest
[INFO] Running uk.gov.pay.connector.gateway.util.AuthorisationRequestSummaryStructuredLoggingTest
[INFO] Tests run: 4, Failures: 0, Errors: 0, Skipped: 0, Time elapsed: 0.008 s - in uk.gov.pay.connector.gateway.util.AuthorisationRequestSummaryStructuredLoggingTest
[INFO] Running uk.gov.pay.connector.gateway.smartpay.SmartpayNotificationServiceTest
[ERROR] WARNING: An illegal reflective access operation has occurred
[ERROR] WARNING: Illegal reflective access by com.fasterxml.jackson.databind.util.ClassUtil (file:/home/gabsko/.m2/repository/com/fasterxml/jackson/core/jackson-databind/2.12.4/jackson-databind-2.12.4.jar) to constructor java.util.Optional()
[ERROR] WARNING: Please consider reporting this to the maintainers of com.fasterxml.jackson.databind.util.ClassUtil
[ERROR] WARNING: Use --illegal-access=warn to enable warnings of further illegal reflective access operations
[ERROR] WARNING: All illegal access operations will be denied in a future release
[INFO] Tests run: 11, Failures: 0, Errors: 0, Skipped: 0, Time elapsed: 0.109 s - in uk.gov.pay.connector.gateway.smartpay.SmartpayNotificationServiceTest
[INFO] Running uk.gov.pay.connector.gateway.smartpay.SmartpayAuthorisationRequestSummaryTest
[INFO] Tests run: 6, Failures: 0, Errors: 0, Skipped: 0, Time elapsed: 0.005 s - in uk.gov.pay.connector.gateway.smartpay.SmartpayAuthorisationRequestSummaryTest
[INFO] Running uk.gov.pay.connector.gateway.stripe.StripeNotificationServiceTest
[INFO] Tests run: 22, Failures: 0, Errors: 0, Skipped: 0, Time elapsed: 1.138 s - in uk.gov.pay.connector.gateway.stripe.StripeNotificationServiceTest
[INFO] Running uk.gov.pay.connector.gateway.stripe.StripeAuthorisationRequestSummaryTest
[INFO] Tests run: 5, Failures: 0, Errors: 0, Skipped: 0, Time elapsed: 0.003 s - in uk.gov.pay.connector.gateway.stripe.StripeAuthorisationRequestSummaryTest
[INFO] Running uk.gov.pay.connector.gateway.epdq.EpdqAuthorisationRequestSummaryTest
[INFO] Tests run: 8, Failures: 0, Errors: 0, Skipped: 0, Time elapsed: 0.007 s - in uk.gov.pay.connector.gateway.epdq.EpdqAuthorisationRequestSummaryTest
[INFO] Running uk.gov.pay.connector.gateway.epdq.EpdqNotificationServiceStatusMapperTest
[INFO] Tests run: 29, Failures: 0, Errors: 0, Skipped: 0, Time elapsed: 0.059 s - in uk.gov.pay.connector.gateway.epdq.EpdqNotificationServiceStatusMapperTest
[INFO] Running uk.gov.pay.connector.gateway.epdq.EpdqNotificationServiceTest
[INFO] Tests run: 10, Failures: 0, Errors: 0, Skipped: 0, Time elapsed: 0.009 s - in uk.gov.pay.connector.gateway.epdq.EpdqNotificationServiceTest
[INFO] Running uk.gov.pay.connector.gateway.sandbox.SandboxNotificationServiceTest
[INFO] Tests run: 2, Failures: 0, Errors: 0, Skipped: 0, Time elapsed: 0.001 s - in uk.gov.pay.connector.gateway.sandbox.SandboxNotificationServiceTest
[INFO] Running uk.gov.pay.connector.gateway.sandbox.SandboxAuthorisationRequestSummaryTest
[INFO] Tests run: 4, Failures: 0, Errors: 0, Skipped: 0, Time elapsed: 0.003 s - in uk.gov.pay.connector.gateway.sandbox.SandboxAuthorisationRequestSummaryTest
[INFO] Running uk.gov.pay.connector.gatewayaccountcredentials.resource.GatewayAccountCredentialsResourceTest
[INFO] Tests run: 21, Failures: 0, Errors: 0, Skipped: 0, Time elapsed: 0.817 s - in uk.gov.pay.connector.gatewayaccountcredentials.resource.GatewayAccountCredentialsResourceTest
[INFO] Running uk.gov.pay.connector.gatewayaccountcredentials.service.GatewayAccountCredentialsServiceTest
ERROR [2023-02-08 14:49:46,428] uk.gov.pay.connector.util.ResponseUtil: [Multiple usable credentials exist for payment provider [%s], unable to determine which to use.]
WARN  [2023-02-08 14:49:46,433] uk.gov.pay.connector.gatewayaccount.model.GatewayAccountEntity: Gateway account [id=1] has multiple credentials but no active credential found
[INFO] Tests run: 21, Failures: 0, Errors: 0, Skipped: 0, Time elapsed: 0.028 s - in uk.gov.pay.connector.gatewayaccountcredentials.service.GatewayAccountCredentialsServiceTest
[INFO] Running uk.gov.pay.connector.charge.model.SourceDeserialiserTest
[INFO] Tests run: 6, Failures: 0, Errors: 0, Skipped: 0, Time elapsed: 0.143 s - in uk.gov.pay.connector.charge.model.SourceDeserialiserTest
[INFO] Running uk.gov.pay.connector.gatewayaccount.model.GatewayAccountEntityTest
WARN  [2023-02-08 14:49:46,588] uk.gov.pay.connector.gatewayaccount.model.GatewayAccountEntity: Gateway account [id=1] has multiple credentials but no active credential found
WARN  [2023-02-08 14:49:46,590] uk.gov.pay.connector.gatewayaccount.model.GatewayAccountEntity: Gateway account [id=1] has multiple credentials but no active credential found
WARN  [2023-02-08 14:49:46,591] uk.gov.pay.connector.gatewayaccount.model.GatewayAccountEntity: Gateway account [id=1] has multiple credentials but no active credential found
[INFO] Tests run: 14, Failures: 0, Errors: 0, Skipped: 0, Time elapsed: 0.008 s - in uk.gov.pay.connector.gatewayaccount.model.GatewayAccountEntityTest
[INFO] Running uk.gov.pay.connector.gatewayaccount.validation.Worldpay3DsFlexIssuerOrOrganisationalUnitIdValidatorTest
[INFO] Tests run: 7, Failures: 0, Errors: 0, Skipped: 0, Time elapsed: 0.003 s - in uk.gov.pay.connector.gatewayaccount.validation.Worldpay3DsFlexIssuerOrOrganisationalUnitIdValidatorTest
[INFO] Running uk.gov.pay.connector.gatewayaccount.validation.Worldpay3dsFlexJwtMacKeyValidatorTest
[INFO] Tests run: 9, Failures: 0, Errors: 0, Skipped: 0, Time elapsed: 0.005 s - in uk.gov.pay.connector.gatewayaccount.validation.Worldpay3dsFlexJwtMacKeyValidatorTest
[INFO] Running uk.gov.pay.connector.events.model.charge.PaymentNotificationCreatedTest
[INFO] Tests run: 3, Failures: 0, Errors: 0, Skipped: 0, Time elapsed: 0.064 s - in uk.gov.pay.connector.events.model.charge.PaymentNotificationCreatedTest
[INFO] Running uk.gov.pay.connector.events.model.charge.Gateway3dsExemptionResultObtainedTest
[INFO] Tests run: 2, Failures: 0, Errors: 0, Skipped: 0, Time elapsed: 0.003 s - in uk.gov.pay.connector.events.model.charge.Gateway3dsExemptionResultObtainedTest
[INFO] Running uk.gov.pay.connector.events.model.charge.PaymentCreatedTest
[INFO] Tests run: 15, Failures: 0, Errors: 0, Skipped: 0, Time elapsed: 0.067 s - in uk.gov.pay.connector.events.model.charge.PaymentCreatedTest
[INFO] Running uk.gov.pay.connector.paymentprocessor.service.WorldpayCardAuthoriseServiceTest
[INFO] Tests run: 7, Failures: 0, Errors: 0, Skipped: 0, Time elapsed: 0.114 s - in uk.gov.pay.connector.paymentprocessor.service.WorldpayCardAuthoriseServiceTest
[INFO] Running uk.gov.pay.connector.util.CidrUtilsTest
[INFO] Tests run: 3, Failures: 0, Errors: 0, Skipped: 0, Time elapsed: 0.002 s - in uk.gov.pay.connector.util.CidrUtilsTest
[INFO] Running uk.gov.pay.connector.util.IpAddressMatcherTest
[INFO] Tests run: 9, Failures: 0, Errors: 0, Skipped: 0, Time elapsed: 0.003 s - in uk.gov.pay.connector.util.IpAddressMatcherTest
[INFO] Running uk.gov.pay.connector.common.validator.JsonPatchRequestValidatorTest
[INFO] Tests run: 16, Failures: 0, Errors: 0, Skipped: 0, Time elapsed: 0.034 s - in uk.gov.pay.connector.common.validator.JsonPatchRequestValidatorTest
[INFO] Running uk.gov.pay.connector.wallets.applepay.ApplePayDecrypterTest
ERROR [2023-02-08 14:49:46,990] uk.gov.pay.connector.wallets.applepay.ApplePayDecrypter: Error while trying to decrypt apple pay payload: Tag mismatch!
ERROR [2023-02-08 14:49:46,995] uk.gov.pay.connector.wallets.applepay.ApplePayDecrypter: Error while trying to decrypt apple pay payload: java.security.InvalidKeyException: IOException: DerInputStream.getLength(): lengthTag=10, too big.
ERROR [2023-02-08 14:49:47,031] uk.gov.pay.connector.wallets.applepay.ApplePayDecrypter: Error while trying to decrypt apple pay payload: Input too short - need tag
[INFO] Tests run: 9, Failures: 0, Errors: 0, Skipped: 0, Time elapsed: 0.125 s - in uk.gov.pay.connector.wallets.applepay.ApplePayDecrypterTest
[INFO] Running uk.gov.pay.connector.it.resources.ChargesApiResourceTest
[WARNING] Tests run: 2, Failures: 0, Errors: 0, Skipped: 1, Time elapsed: 0.122 s - in uk.gov.pay.connector.it.resources.ChargesApiResourceTest
[INFO] Running uk.gov.pay.connector.it.resources.GatewayAccountResourceTest
[INFO] Tests run: 1, Failures: 0, Errors: 0, Skipped: 0, Time elapsed: 0.119 s - in uk.gov.pay.connector.it.resources.GatewayAccountResourceTest
[INFO] Running uk.gov.pay.connector.model.domain.EmailNotificationTypeTest
[INFO] Tests run: 3, Failures: 0, Errors: 0, Skipped: 0, Time elapsed: 0.007 s - in uk.gov.pay.connector.model.domain.EmailNotificationTypeTest
[INFO] Running uk.gov.pay.connector.model.domain.RefundEntityTest
[INFO] Tests run: 4, Failures: 0, Errors: 0, Skipped: 0, Time elapsed: 0.001 s - in uk.gov.pay.connector.model.domain.RefundEntityTest
[INFO] Running uk.gov.pay.connector.model.domain.HistoryCustomizerTest
[INFO] Tests run: 1, Failures: 0, Errors: 0, Skipped: 0, Time elapsed: 0.205 s - in uk.gov.pay.connector.model.domain.HistoryCustomizerTest
[INFO] Running uk.gov.pay.connector.model.domain.EmailCollectionModeTest
[INFO] Tests run: 4, Failures: 0, Errors: 0, Skipped: 0, Time elapsed: 0.001 s - in uk.gov.pay.connector.model.domain.EmailCollectionModeTest
[INFO] Running uk.gov.pay.connector.model.domain.JsonToMapConverterTest
[INFO] Tests run: 4, Failures: 0, Errors: 0, Skipped: 0, Time elapsed: 0.002 s - in uk.gov.pay.connector.model.domain.JsonToMapConverterTest
[INFO] Running uk.gov.pay.connector.model.domain.ChargeEntityTest
WARN  [2023-02-08 14:49:47,518] uk.gov.pay.connector.charge.model.domain.ChargeEntity: Charge with state CREATED cannot proceed to CAPTURED [charge_external_id=mbp2bph03epchu3fokmqbja9lk, charge_status=CAPTURED, event=Event{resourceExternalId='null', eventDetails=uk.gov.pay.connector.events.eventdetails.EmptyEventDetails, timestamp=null}]
[INFO] Tests run: 7, Failures: 0, Errors: 0, Skipped: 0, Time elapsed: 0.002 s - in uk.gov.pay.connector.model.domain.ChargeEntityTest
[INFO] Running uk.gov.pay.connector.model.domain.RefundStatusMapTest
[INFO] Tests run: 5, Failures: 0, Errors: 0, Skipped: 0, Time elapsed: 0.001 s - in uk.gov.pay.connector.model.domain.RefundStatusMapTest
[INFO] Running uk.gov.pay.connector.model.LastDigitsCardNumberTest
[INFO] Tests run: 5, Failures: 0, Errors: 0, Skipped: 0, Time elapsed: 0 s - in uk.gov.pay.connector.model.LastDigitsCardNumberTest
[INFO] Running uk.gov.pay.connector.model.TransactionEventTest
[INFO] Tests run: 5, Failures: 0, Errors: 0, Skipped: 0, Time elapsed: 0.002 s - in uk.gov.pay.connector.model.TransactionEventTest
[INFO] Running uk.gov.pay.connector.model.FirstDigitsCardNumberTest
[INFO] Tests run: 5, Failures: 0, Errors: 0, Skipped: 0, Time elapsed: 0.001 s - in uk.gov.pay.connector.model.FirstDigitsCardNumberTest
[INFO] Running uk.gov.pay.connector.model.RefundResponseTest
[INFO] Tests run: 2, Failures: 0, Errors: 0, Skipped: 0, Time elapsed: 0.022 s - in uk.gov.pay.connector.model.RefundResponseTest
[INFO] Running uk.gov.pay.connector.client.ledger.service.LedgerServiceTest
ERROR [2023-02-08 14:49:47,558] uk.gov.pay.connector.client.ledger.service.LedgerService: Error processing response from ledger for payment refunds: gateway_account_id=152 payment_external_id=external-id
ERROR [2023-02-08 14:49:47,559] uk.gov.pay.connector.client.ledger.service.LedgerService: Received non-success status code for get refunds for payment from Ledger: gateway_account_id=152, payment_external_id=external-id
[INFO] Tests run: 2, Failures: 0, Errors: 0, Skipped: 0, Time elapsed: 0.005 s - in uk.gov.pay.connector.client.ledger.service.LedgerServiceTest
[INFO] Running uk.gov.pay.connector.client.ledger.service.LedgerServiceConsumerTest
WARN  [2023-02-08 14:49:48,440] au.com.dius.pact.model.matchingrules.MatchingRuleGroup: Unrecognised matcher value, defaulting to equality matching
WARN  [2023-02-08 14:49:48,440] au.com.dius.pact.model.matchingrules.MatchingRuleGroup: Unrecognised matcher value, defaulting to equality matching
WARN  [2023-02-08 14:49:49,847] au.com.dius.pact.model.matchingrules.MatchingRuleGroup: Unrecognised matcher value, defaulting to equality matching
WARN  [2023-02-08 14:49:49,847] au.com.dius.pact.model.matchingrules.MatchingRuleGroup: Unrecognised matcher value, defaulting to equality matching
[INFO] Tests run: 3, Failures: 0, Errors: 0, Skipped: 0, Time elapsed: 2.979 s - in uk.gov.pay.connector.client.ledger.service.LedgerServiceConsumerTest
[INFO] Running uk.gov.pay.connector.gateway.model.response.GatewayResponseTest
[WARNING] Tests run: 4, Failures: 0, Errors: 0, Skipped: 1, Time elapsed: 0.002 s - in uk.gov.pay.connector.gateway.model.response.GatewayResponseTest
[INFO] Running uk.gov.pay.connector.gateway.model.request.CardAuthorisationGatewayRequestTest
[INFO] Tests run: 2, Failures: 0, Errors: 0, Skipped: 0, Time elapsed: 0.001 s - in uk.gov.pay.connector.gateway.model.request.CardAuthorisationGatewayRequestTest
[INFO] Running uk.gov.pay.connector.gateway.worldpay.WorldpayCaptureHandlerTest
[INFO] Tests run: 4, Failures: 0, Errors: 0, Skipped: 0, Time elapsed: 0.066 s - in uk.gov.pay.connector.gateway.worldpay.WorldpayCaptureHandlerTest
[INFO] Running uk.gov.pay.connector.gateway.worldpay.WorldpayOrderRequestBuilderTest
[INFO] Tests run: 18, Failures: 0, Errors: 0, Skipped: 0, Time elapsed: 0.688 s - in uk.gov.pay.connector.gateway.worldpay.WorldpayOrderRequestBuilderTest
[INFO] Running uk.gov.pay.connector.gateway.worldpay.wallets.WorldpayWalletAuthorisationHandlerTest
[INFO] Tests run: 14, Failures: 0, Errors: 0, Skipped: 0, Time elapsed: 0.485 s - in uk.gov.pay.connector.gateway.worldpay.wallets.WorldpayWalletAuthorisationHandlerTest
[INFO] Running uk.gov.pay.connector.gateway.smartpay.SmartpayOrderRequestBuilderTest
[INFO] Tests run: 15, Failures: 0, Errors: 0, Skipped: 0, Time elapsed: 0.057 s - in uk.gov.pay.connector.gateway.smartpay.SmartpayOrderRequestBuilderTest
[INFO] Running uk.gov.pay.connector.gateway.smartpay.SmartpayStatusMapperTest
[INFO] Tests run: 8, Failures: 0, Errors: 0, Skipped: 0, Time elapsed: 0 s - in uk.gov.pay.connector.gateway.smartpay.SmartpayStatusMapperTest
[INFO] Running uk.gov.pay.connector.gateway.smartpay.SmartpayPaymentProviderTest
[INFO] Tests run: 7, Failures: 0, Errors: 0, Skipped: 0, Time elapsed: 0.044 s - in uk.gov.pay.connector.gateway.smartpay.SmartpayPaymentProviderTest
[INFO] Running uk.gov.pay.connector.gateway.smartpay.auth.SmartpayAccountSpecificAuthenticatorTest
WARN  [2023-02-08 14:49:51,924] uk.gov.pay.connector.gateway.smartpay.auth.SmartpayAccountSpecificAuthenticator: Authentication failure: failed for smartpay username BasicCredentials{username=MyService, password=**********}
WARN  [2023-02-08 14:49:51,925] uk.gov.pay.connector.gateway.smartpay.auth.SmartpayAccountSpecificAuthenticator: Authentication failure: failed for smartpay username BasicCredentials{username=MyService, password=**********}
[INFO] Tests run: 3, Failures: 0, Errors: 0, Skipped: 0, Time elapsed: 0.026 s - in uk.gov.pay.connector.gateway.smartpay.auth.SmartpayAccountSpecificAuthenticatorTest
[INFO] Running uk.gov.pay.connector.gateway.smartpay.SmartpayCaptureHandlerTest
[INFO] Tests run: 2, Failures: 0, Errors: 0, Skipped: 0, Time elapsed: 0.012 s - in uk.gov.pay.connector.gateway.smartpay.SmartpayCaptureHandlerTest
[INFO] Running uk.gov.pay.connector.gateway.smartpay.SmartpayNotificationTest
[INFO] Tests run: 5, Failures: 0, Errors: 0, Skipped: 0, Time elapsed: 0.005 s - in uk.gov.pay.connector.gateway.smartpay.SmartpayNotificationTest
[INFO] Running uk.gov.pay.connector.gateway.stripe.StripeCaptureHandlerTest
WARN  [2023-02-08 14:49:51,958] uk.gov.pay.connector.gateway.stripe.handler.StripeCaptureHandler: Capture failed for transaction id ch_1231231123123. Reason: uh oh. Status code from Stripe: Optional[500]. Charge External Id: 24dd7glrotut9tkldsgqce68pr
WARN  [2023-02-08 14:49:51,962] uk.gov.pay.connector.gateway.stripe.handler.StripeCaptureHandler: Capture failed for transaction id ch_1231231123123. Reason: uh oh. Status code from Stripe: Optional[500]. Charge External Id: ju7es6aide51e1o21h58r7l1q3
WARN  [2023-02-08 14:49:51,965] uk.gov.pay.connector.gateway.stripe.handler.StripeCaptureHandler: Capture failed for transaction id ch_1231231123123. Failure code from Stripe: resource_missing, failure message from Stripe: No such charge: ch_123456 or something similar. External Charge id: 44c6pp0j4hn401go7tgcisfspu. Response code from Stripe: Optional[401]
WARN  [2023-02-08 14:49:51,969] uk.gov.pay.connector.gateway.stripe.handler.StripeCaptureHandler: Capture failed for transaction id ch_1231231123123. Failure code from Stripe: resource_missing, failure message from Stripe: No such charge: ch_123456 or something similar. External Charge id: 1b4a4te1n3rt6qj5gi9n48tasb. Response code from Stripe: Optional[401]
[INFO] Tests run: 9, Failures: 0, Errors: 0, Skipped: 0, Time elapsed: 0.025 s - in uk.gov.pay.connector.gateway.stripe.StripeCaptureHandlerTest
[INFO] Running uk.gov.pay.connector.gateway.stripe.StripePaymentProviderTest
ERROR [2023-02-08 14:49:51,990] uk.gov.pay.connector.gateway.stripe.handler.StripeAuthoriseHandler: Authorisation failed for charge mq4ht90j2oir6am585afk58kml due to an internal error. Reason: server error. Status code from Stripe: 500.
ERROR [2023-02-08 14:49:52,012] uk.gov.pay.connector.gateway.stripe.handler.StripeAuthoriseHandler: GatewayException occurred for charge external id mq4ht90j2oir6am585afk58kml, error:
 {}
! uk.gov.pay.connector.gateway.GatewayException$GatewayConnectionTimeoutException: javax.ws.rs.ProcessingException: java.io.IOException
! at uk.gov.pay.connector.gateway.stripe.handler.StripeAuthoriseHandler.createPaymentIntent(StripeAuthoriseHandler.java:92)
! at uk.gov.pay.connector.gateway.stripe.handler.StripeAuthoriseHandler.authorise(StripeAuthoriseHandler.java:56)
! at uk.gov.pay.connector.gateway.stripe.StripePaymentProvider.authorise(StripePaymentProvider.java:106)
! at uk.gov.pay.connector.gateway.stripe.StripePaymentProviderTest.shouldNotAuthorise_whenProcessingExceptionIsThrown(StripePaymentProviderTest.java:163)
! at java.base/jdk.internal.reflect.NativeMethodAccessorImpl.invoke0(Native Method)
! at java.base/jdk.internal.reflect.NativeMethodAccessorImpl.invoke(NativeMethodAccessorImpl.java:62)
! at java.base/jdk.internal.reflect.DelegatingMethodAccessorImpl.invoke(DelegatingMethodAccessorImpl.java:43)
! at java.base/java.lang.reflect.Method.invoke(Method.java:566)
! at org.junit.runners.model.FrameworkMethod$1.runReflectiveCall(FrameworkMethod.java:59)
! at org.junit.internal.runners.model.ReflectiveCallable.run(ReflectiveCallable.java:12)
! at org.junit.runners.model.FrameworkMethod.invokeExplosively(FrameworkMethod.java:56)
! at org.junit.internal.runners.statements.InvokeMethod.evaluate(InvokeMethod.java:17)
! at org.junit.internal.runners.statements.RunBefores.evaluate(RunBefores.java:26)
! at org.junit.runners.ParentRunner$3.evaluate(ParentRunner.java:306)
! at org.junit.runners.BlockJUnit4ClassRunner$1.evaluate(BlockJUnit4ClassRunner.java:100)
! at org.junit.runners.ParentRunner.runLeaf(ParentRunner.java:366)
! at org.junit.runners.BlockJUnit4ClassRunner.runChild(BlockJUnit4ClassRunner.java:103)
! at org.junit.runners.BlockJUnit4ClassRunner.runChild(BlockJUnit4ClassRunner.java:63)
! at org.junit.runners.ParentRunner$4.run(ParentRunner.java:331)
! at org.junit.runners.ParentRunner$1.schedule(ParentRunner.java:79)
! at org.junit.runners.ParentRunner.runChildren(ParentRunner.java:329)
! at org.junit.runners.ParentRunner.access$100(ParentRunner.java:66)
! at org.junit.runners.ParentRunner$2.evaluate(ParentRunner.java:293)
! at org.junit.runners.ParentRunner$3.evaluate(ParentRunner.java:306)
! at org.junit.runners.ParentRunner.run(ParentRunner.java:413)
! at org.junit.runner.JUnitCore.run(JUnitCore.java:137)
! at org.junit.runner.JUnitCore.run(JUnitCore.java:115)
! at org.junit.vintage.engine.execution.RunnerExecutor.execute(RunnerExecutor.java:43)
! at java.base/java.util.stream.ForEachOps$ForEachOp$OfRef.accept(ForEachOps.java:183)
! at java.base/java.util.stream.ReferencePipeline$3$1.accept(ReferencePipeline.java:195)
! at java.base/java.util.Iterator.forEachRemaining(Iterator.java:133)
! at java.base/java.util.Spliterators$IteratorSpliterator.forEachRemaining(Spliterators.java:1801)
! at java.base/java.util.stream.AbstractPipeline.copyInto(AbstractPipeline.java:484)
! at java.base/java.util.stream.AbstractPipeline.wrapAndCopyInto(AbstractPipeline.java:474)
! at java.base/java.util.stream.ForEachOps$ForEachOp.evaluateSequential(ForEachOps.java:150)
! at java.base/java.util.stream.ForEachOps$ForEachOp$OfRef.evaluateSequential(ForEachOps.java:173)
! at java.base/java.util.stream.AbstractPipeline.evaluate(AbstractPipeline.java:234)
! at java.base/java.util.stream.ReferencePipeline.forEach(ReferencePipeline.java:497)
! at org.junit.vintage.engine.VintageTestEngine.executeAllChildren(VintageTestEngine.java:82)
! at org.junit.vintage.engine.VintageTestEngine.execute(VintageTestEngine.java:73)
! at org.junit.platform.launcher.core.EngineExecutionOrchestrator.execute(EngineExecutionOrchestrator.java:108)
! at org.junit.platform.launcher.core.EngineExecutionOrchestrator.execute(EngineExecutionOrchestrator.java:88)
! at org.junit.platform.launcher.core.EngineExecutionOrchestrator.lambda$execute$0(EngineExecutionOrchestrator.java:54)
! at org.junit.platform.launcher.core.EngineExecutionOrchestrator.withInterceptedStreams(EngineExecutionOrchestrator.java:67)
! at org.junit.platform.launcher.core.EngineExecutionOrchestrator.execute(EngineExecutionOrchestrator.java:52)
! at org.junit.platform.launcher.core.DefaultLauncher.execute(DefaultLauncher.java:96)
! at org.junit.platform.launcher.core.DefaultLauncher.execute(DefaultLauncher.java:75)
! at org.apache.maven.surefire.junitplatform.JUnitPlatformProvider.execute(JUnitPlatformProvider.java:188)
! at org.apache.maven.surefire.junitplatform.JUnitPlatformProvider.invokeAllTests(JUnitPlatformProvider.java:154)
! at org.apache.maven.surefire.junitplatform.JUnitPlatformProvider.invoke(JUnitPlatformProvider.java:128)
! at org.apache.maven.surefire.booter.ForkedBooter.runSuitesInProcess(ForkedBooter.java:428)
! at org.apache.maven.surefire.booter.ForkedBooter.execute(ForkedBooter.java:162)
! at org.apache.maven.surefire.booter.ForkedBooter.run(ForkedBooter.java:562)
! at org.apache.maven.surefire.booter.ForkedBooter.main(ForkedBooter.java:548)
[INFO] Tests run: 15, Failures: 0, Errors: 0, Skipped: 0, Time elapsed: 0.044 s - in uk.gov.pay.connector.gateway.stripe.StripePaymentProviderTest
[INFO] Running uk.gov.pay.connector.gateway.stripe.json.StripePayoutStatusTest
[INFO] Tests run: 3, Failures: 0, Errors: 0, Skipped: 0, Time elapsed: 0.001 s - in uk.gov.pay.connector.gateway.stripe.json.StripePayoutStatusTest
[INFO] Running uk.gov.pay.connector.gateway.stripe.json.StripePayoutTest
[INFO] Tests run: 2, Failures: 0, Errors: 0, Skipped: 0, Time elapsed: 0 s - in uk.gov.pay.connector.gateway.stripe.json.StripePayoutTest
[INFO] Running uk.gov.pay.connector.gateway.stripe.StripeCancelHandlerTest
ERROR [2023-02-08 14:49:52,027] uk.gov.pay.connector.gateway.stripe.handler.StripeCancelHandler: Cancel failed for gateway transaction id ch_1231231123123. Failure message from Stripe: stripe server error. Charge External Id: a5830psgqpbhfq163sjnfblsng. Response code from Stripe: Optional[503]
ERROR [2023-02-08 14:49:52,029] uk.gov.pay.connector.gateway.stripe.handler.StripeCancelHandler: Cancel failed for gateway transaction id ch_1231231123123. Failure message from Stripe: {
  "error": {
    "charge": "ch_1DX3j5C6H5MjhE5YhPcLhENF",
    "code": "resource_missing",
    "message": "No such charge: ch_123456 or something similar",
    "type": "{{type}}"
  }
}. Charge External Id: 63ras2r2s8rig6gam0u4vlsbbs. Response code from Stripe: Optional[400]
[INFO] Tests run: 5, Failures: 0, Errors: 0, Skipped: 0, Time elapsed: 0.009 s - in uk.gov.pay.connector.gateway.stripe.StripeCancelHandlerTest
[INFO] Running uk.gov.pay.connector.gateway.stripe.request.StripeCaptureRequestTest
[INFO] Tests run: 5, Failures: 0, Errors: 0, Skipped: 0, Time elapsed: 0.008 s - in uk.gov.pay.connector.gateway.stripe.request.StripeCaptureRequestTest
[INFO] Running uk.gov.pay.connector.gateway.stripe.request.StripeRequestTest
[INFO] Tests run: 2, Failures: 0, Errors: 0, Skipped: 0, Time elapsed: 0.044 s - in uk.gov.pay.connector.gateway.stripe.request.StripeRequestTest
[INFO] Running uk.gov.pay.connector.gateway.stripe.request.StripePaymentIntentRequestTest
[INFO] Tests run: 5, Failures: 0, Errors: 0, Skipped: 0, Time elapsed: 0.005 s - in uk.gov.pay.connector.gateway.stripe.request.StripePaymentIntentRequestTest
[INFO] Running uk.gov.pay.connector.gateway.stripe.request.StripeTransferOutRequestTest
[INFO] Tests run: 3, Failures: 0, Errors: 0, Skipped: 0, Time elapsed: 0.002 s - in uk.gov.pay.connector.gateway.stripe.request.StripeTransferOutRequestTest
[INFO] Running uk.gov.pay.connector.gateway.stripe.request.StripeTransferInRequestTest
[INFO] Tests run: 4, Failures: 0, Errors: 0, Skipped: 0, Time elapsed: 0.003 s - in uk.gov.pay.connector.gateway.stripe.request.StripeTransferInRequestTest
[INFO] Running uk.gov.pay.connector.gateway.stripe.request.StripePaymentMethodRequestTest
[INFO] Tests run: 6, Failures: 0, Errors: 0, Skipped: 0, Time elapsed: 0.005 s - in uk.gov.pay.connector.gateway.stripe.request.StripePaymentMethodRequestTest
[INFO] Running uk.gov.pay.connector.gateway.stripe.request.StripeRefundRequestTest
[INFO] Tests run: 3, Failures: 0, Errors: 0, Skipped: 0, Time elapsed: 0.002 s - in uk.gov.pay.connector.gateway.stripe.request.StripeRefundRequestTest
[INFO] Running uk.gov.pay.connector.gateway.stripe.request.StripeAuthoriseRequestTest
[INFO] Tests run: 5, Failures: 0, Errors: 0, Skipped: 0, Time elapsed: 0.004 s - in uk.gov.pay.connector.gateway.stripe.request.StripeAuthoriseRequestTest
[INFO] Running uk.gov.pay.connector.gateway.stripe.request.StripeTransferMetadataTest
[INFO] Tests run: 2, Failures: 0, Errors: 0, Skipped: 0, Time elapsed: 0.001 s - in uk.gov.pay.connector.gateway.stripe.request.StripeTransferMetadataTest
[INFO] Running uk.gov.pay.connector.gateway.stripe.StripeRefundHandlerTest
ERROR [2023-02-08 14:49:52,117] uk.gov.pay.connector.gateway.stripe.handler.StripeRefundHandler: Refund failed for refund gateway request RefundGatewayRequest[
transactionId: gatewayTransactionId
refundExternalId: someExternalId]. Reason: Problem with Stripe servers. Status code from Stripe: Optional[500].
ERROR [2023-02-08 14:49:52,122] uk.gov.pay.connector.gateway.stripe.handler.StripeRefundHandler: Refund failed for refund gateway request RefundGatewayRequest[
transactionId: gatewayTransactionId
refundExternalId: someExternalId]. Failure code from Stripe: resource_missing, failure message from Stripe: No such charge: ch_123456 or something similar. Response code from Stripe: Optional[402]
ERROR [2023-02-08 14:49:52,124] uk.gov.pay.connector.gateway.stripe.handler.StripeRefundHandler: Refund failed for refund gateway request RefundGatewayRequest[
transactionId: gatewayTransactionId
refundExternalId: someExternalId]. Failure code from Stripe: resource_missing, failure message from Stripe: No such charge: ch_123456 or something similar. Response code from Stripe: Optional[402]
ERROR [2023-02-08 14:49:52,127] uk.gov.pay.connector.gateway.stripe.handler.StripeRefundHandler: Refund failed for refund gateway request RefundGatewayRequest[
transactionId: gatewayTransactionId
refundExternalId: someExternalId]. Reason: Problem with Stripe servers. Status code from Stripe: Optional[500].
[INFO] Tests run: 6, Failures: 0, Errors: 0, Skipped: 0, Time elapsed: 0.01 s - in uk.gov.pay.connector.gateway.stripe.StripeRefundHandlerTest
[INFO] Running uk.gov.pay.connector.gateway.stripe.StripeNotificationTypeTest
[INFO] Tests run: 1, Failures: 0, Errors: 0, Skipped: 0, Time elapsed: 0 s - in uk.gov.pay.connector.gateway.stripe.StripeNotificationTypeTest
[INFO] Running uk.gov.pay.connector.gateway.epdq.EpdqPayloadDefinitionForNewOrderTest
[INFO] Tests run: 4, Failures: 0, Errors: 0, Skipped: 0, Time elapsed: 0.006 s - in uk.gov.pay.connector.gateway.epdq.EpdqPayloadDefinitionForNewOrderTest
[INFO] Running uk.gov.pay.connector.gateway.epdq.EpdqPayloadDefinitionForCancelOrderTest
[INFO] Tests run: 2, Failures: 0, Errors: 0, Skipped: 0, Time elapsed: 0.002 s - in uk.gov.pay.connector.gateway.epdq.EpdqPayloadDefinitionForCancelOrderTest
[INFO] Running uk.gov.pay.connector.gateway.epdq.EpdqPayloadDefinitionForCaptureOrderTest
[INFO] Tests run: 1, Failures: 0, Errors: 0, Skipped: 0, Time elapsed: 0.001 s - in uk.gov.pay.connector.gateway.epdq.EpdqPayloadDefinitionForCaptureOrderTest
[INFO] Running uk.gov.pay.connector.gateway.epdq.EpdqSha512SignatureGeneratorTest
[INFO] Tests run: 8, Failures: 0, Errors: 0, Skipped: 0, Time elapsed: 0.002 s - in uk.gov.pay.connector.gateway.epdq.EpdqSha512SignatureGeneratorTest
[INFO] Running uk.gov.pay.connector.gateway.epdq.EpdqPayloadDefinitionForNew3dsOrderTest
[INFO] Tests run: 4, Failures: 0, Errors: 0, Skipped: 0, Time elapsed: 0.007 s - in uk.gov.pay.connector.gateway.epdq.EpdqPayloadDefinitionForNew3dsOrderTest
[INFO] Running uk.gov.pay.connector.gateway.epdq.payload.EpdqPayloadDefinitionForNew3ds2OrderTest
[INFO] Tests run: 80, Failures: 0, Errors: 0, Skipped: 0, Time elapsed: 0.022 s - in uk.gov.pay.connector.gateway.epdq.payload.EpdqPayloadDefinitionForNew3ds2OrderTest
[INFO] Running uk.gov.pay.connector.gateway.epdq.EpdqNotificationTest
[INFO] Tests run: 7, Failures: 0, Errors: 0, Skipped: 0, Time elapsed: 0.002 s - in uk.gov.pay.connector.gateway.epdq.EpdqNotificationTest
[INFO] Running uk.gov.pay.connector.gateway.epdq.EpdqPayloadDefinitionForRefundOrderTest
[INFO] Tests run: 1, Failures: 0, Errors: 0, Skipped: 0, Time elapsed: 0 s - in uk.gov.pay.connector.gateway.epdq.EpdqPayloadDefinitionForRefundOrderTest
[INFO] Running uk.gov.pay.connector.gateway.epdq.EpdqCaptureHandlerTest
[INFO] Tests run: 3, Failures: 0, Errors: 0, Skipped: 0, Time elapsed: 0.078 s - in uk.gov.pay.connector.gateway.epdq.EpdqCaptureHandlerTest
[INFO] Running uk.gov.pay.connector.gateway.sandbox.applepay.SandboxWalletAuthorisationHandlerTest
[INFO] Tests run: 3, Failures: 0, Errors: 0, Skipped: 0, Time elapsed: 0.002 s - in uk.gov.pay.connector.gateway.sandbox.applepay.SandboxWalletAuthorisationHandlerTest
[INFO] Running uk.gov.pay.connector.gateway.sandbox.SandboxWalletCardNumbersTest
[INFO] Tests run: 4, Failures: 0, Errors: 0, Skipped: 0, Time elapsed: 0 s - in uk.gov.pay.connector.gateway.sandbox.SandboxWalletCardNumbersTest
[INFO] Running uk.gov.pay.connector.gateway.sandbox.SandboxCardNumbersTest
[INFO] Tests run: 4, Failures: 0, Errors: 0, Skipped: 0, Time elapsed: 0 s - in uk.gov.pay.connector.gateway.sandbox.SandboxCardNumbersTest
[INFO] Running uk.gov.pay.connector.gateway.sandbox.SandboxPaymentProviderTest
[INFO] Tests run: 8, Failures: 0, Errors: 0, Skipped: 0, Time elapsed: 0.005 s - in uk.gov.pay.connector.gateway.sandbox.SandboxPaymentProviderTest
[INFO] Running uk.gov.pay.connector.gateway.processor.ChargeNotificationProcessorTest
[INFO] Tests run: 1, Failures: 0, Errors: 0, Skipped: 0, Time elapsed: 0.028 s - in uk.gov.pay.connector.gateway.processor.ChargeNotificationProcessorTest
[INFO] Running uk.gov.pay.connector.gateway.processor.RefundNotificationProcessorTest
WARN  [2023-02-08 14:49:52,315] uk.gov.pay.connector.gateway.processor.RefundNotificationProcessor: WORLDPAY refund notification could not be used to update charge [cajuh5vpgcdk55uikodap722fk] (missing reference)
WARN  [2023-02-08 14:49:52,316] uk.gov.pay.connector.gateway.processor.RefundNotificationProcessor: WORLDPAY notification could not be processed as refund [someExternalId] has been expunged from connector
WARN  [2023-02-08 14:49:52,318] uk.gov.pay.connector.gateway.processor.RefundNotificationProcessor: WORLDPAY notification 'unknown' could not be used to update refund (associated refund entity not found) for charge [jfhjhksee6pr48iiahph5a00e2]
[INFO] Tests run: 5, Failures: 0, Errors: 0, Skipped: 0, Time elapsed: 0.01 s - in uk.gov.pay.connector.gateway.processor.RefundNotificationProcessorTest
[INFO] Running uk.gov.pay.connector.gatewayaccountcredentials.resource.GatewayAccountCredentialsRequestValidatorTest
[INFO] Tests run: 15, Failures: 0, Errors: 0, Skipped: 0, Time elapsed: 0.019 s - in uk.gov.pay.connector.gatewayaccountcredentials.resource.GatewayAccountCredentialsRequestValidatorTest
[INFO] Running uk.gov.pay.connector.payout.PayoutEmitterServiceTest
WARN  [2023-02-08 14:49:52,344] uk.gov.pay.connector.payout.PayoutEmitterService: Unsupported payout event class [class uk.gov.pay.connector.events.model.payout.PayoutEvent]
[INFO] Tests run: 7, Failures: 0, Errors: 0, Skipped: 0, Time elapsed: 0.006 s - in uk.gov.pay.connector.payout.PayoutEmitterServiceTest
[INFO] Running uk.gov.pay.connector.payout.PayoutReconcileProcessTest
ERROR [2023-02-08 14:49:52,536] uk.gov.pay.connector.payout.PayoutReconcileProcess: Error processing payout from SQS message [queueMessageId=null] [errorMessage=Transaction external ID missing in metadata on Stripe transfer for balance transaction [null] for payout [po_123dv3RPEC2XwBWpqiQfnJGQ] for gateway account [acct_2RDpWRLXEC2XwBWp]]
ERROR [2023-02-08 14:49:52,539] uk.gov.pay.connector.payout.PayoutReconcileProcess: No payments or refunds retrieved for payout [po_123dv3RPEC2XwBWpqiQfnJGQ]. Requires investigation.
ERROR [2023-02-08 14:49:52,542] uk.gov.pay.connector.payout.PayoutReconcileProcess: Error processing payout from SQS message [queueMessageId=null] [errorMessage=Error sending PAYMENT_INCLUDED_IN_PAYOUT event for transaction [payment-id] included in payout [po_123dv3RPEC2XwBWpqiQfnJGQ] to event queue: null]
[INFO] Tests run: 7, Failures: 0, Errors: 0, Skipped: 0, Time elapsed: 0.198 s - in uk.gov.pay.connector.payout.PayoutReconcileProcessTest
[INFO] Running uk.gov.pay.connector.charge.model.ChargeCreateRequestTest
[INFO] Tests run: 2, Failures: 0, Errors: 0, Skipped: 0, Time elapsed: 0.008 s - in uk.gov.pay.connector.charge.model.ChargeCreateRequestTest
[INFO] Running uk.gov.pay.connector.charge.resource.ChargesFrontendResourceTest
[INFO] Tests run: 3, Failures: 0, Errors: 0, Skipped: 0, Time elapsed: 0.093 s - in uk.gov.pay.connector.charge.resource.ChargesFrontendResourceTest
[INFO] Running uk.gov.pay.connector.charge.validation.telephone.CardBrandValidatorTest
[INFO] Tests run: 3, Failures: 0, Errors: 0, Skipped: 0, Time elapsed: 0.017 s - in uk.gov.pay.connector.charge.validation.telephone.CardBrandValidatorTest
[INFO] Running uk.gov.pay.connector.charge.validation.telephone.ZoneDateTimeValidatorTest
[INFO] Tests run: 3, Failures: 0, Errors: 0, Skipped: 0, Time elapsed: 0.008 s - in uk.gov.pay.connector.charge.validation.telephone.ZoneDateTimeValidatorTest
[INFO] Running uk.gov.pay.connector.charge.validation.telephone.PaymentOutcomeValidatorTest
[INFO] Tests run: 6, Failures: 0, Errors: 0, Skipped: 0, Time elapsed: 0.01 s - in uk.gov.pay.connector.charge.validation.telephone.PaymentOutcomeValidatorTest
[INFO] Running uk.gov.pay.connector.charge.validation.telephone.CardLastFourDigitsValidatorTest
[INFO] Tests run: 4, Failures: 0, Errors: 0, Skipped: 0, Time elapsed: 0.009 s - in uk.gov.pay.connector.charge.validation.telephone.CardLastFourDigitsValidatorTest
[INFO] Running uk.gov.pay.connector.charge.validation.telephone.CardFirstSixDigitsValidatorTest
[INFO] Tests run: 4, Failures: 0, Errors: 0, Skipped: 0, Time elapsed: 0.009 s - in uk.gov.pay.connector.charge.validation.telephone.CardFirstSixDigitsValidatorTest
[INFO] Running uk.gov.pay.connector.charge.service.ChargeExpiryServiceTest
ERROR [2023-02-08 14:49:52,748] uk.gov.pay.connector.charge.service.ChargeExpiryService: Gateway error while cancelling the Charge - charge_external_id=3svov2j2rud5lt3rhteodoqb80, gateway_error=something went wrong
[MockitoHint] ChargeExpiryServiceTest.shouldExpireWithGateway_whenStateIsPostAuthorisationAndCannotCheckStatusWithGateway (see javadoc for MockitoHint):
[MockitoHint] 1. Unused -> at uk.gov.pay.connector.charge.service.ChargeExpiryServiceTest.mockExpiredChargeEntity(ChargeExpiryServiceTest.java:128)

[MockitoHint] ChargeExpiryServiceTest.shouldExpireWithGateway_whenStateIsPostAuthorisationAndCannotCheckStatusWithGateway (see javadoc for MockitoHint):
[MockitoHint] 1. Unused -> at uk.gov.pay.connector.charge.service.ChargeExpiryServiceTest.mockExpiredChargeEntity(ChargeExpiryServiceTest.java:128)

[MockitoHint] ChargeExpiryServiceTest.shouldExpireWithGateway_whenCanCheckWithGatewayAndGatewayStatusIsNotTerminal (see javadoc for MockitoHint):
[MockitoHint] 1. Unused -> at uk.gov.pay.connector.charge.service.ChargeExpiryServiceTest.mockExpiredChargeEntity(ChargeExpiryServiceTest.java:128)

[MockitoHint] ChargeExpiryServiceTest.shouldExpireWithGateway_whenCanCheckWithGatewayAndGatewayStatusIsNotTerminal (see javadoc for MockitoHint):
[MockitoHint] 1. Unused -> at uk.gov.pay.connector.charge.service.ChargeExpiryServiceTest.mockExpiredChargeEntity(ChargeExpiryServiceTest.java:128)

[MockitoHint] ChargeExpiryServiceTest.shouldExpireWithGateway_whenCanCheckWithGatewayAndGatewayStatusIsNotTerminal (see javadoc for MockitoHint):
[MockitoHint] 1. Unused -> at uk.gov.pay.connector.charge.service.ChargeExpiryServiceTest.mockExpiredChargeEntity(ChargeExpiryServiceTest.java:128)

[MockitoHint] ChargeExpiryServiceTest.shouldExpireWithGateway_whenCanCheckWithGatewayAndGatewayStatusIsNotTerminal (see javadoc for MockitoHint):
[MockitoHint] 1. Unused -> at uk.gov.pay.connector.charge.service.ChargeExpiryServiceTest.mockExpiredChargeEntity(ChargeExpiryServiceTest.java:128)

[MockitoHint] ChargeExpiryServiceTest.shouldSweepAndExpireCharges (see javadoc for MockitoHint):
[MockitoHint] 1. Unused -> at uk.gov.pay.connector.charge.service.ChargeExpiryServiceTest.mockExpiredChargeEntity(ChargeExpiryServiceTest.java:128)

[INFO] Tests run: 22, Failures: 0, Errors: 0, Skipped: 0, Time elapsed: 0.06 s - in uk.gov.pay.connector.charge.service.ChargeExpiryServiceTest
[INFO] Running uk.gov.pay.connector.charge.service.EpdqAuthorisationErrorGatewayCleanupServiceTest
ERROR [2023-02-08 14:49:52,788] uk.gov.pay.connector.charge.service.EpdqAuthorisationErrorGatewayCleanupService: Charge is in a mapped status of [AUTHORISATION UNEXPECTED ERROR] with the gateway, which is unexpected and we do not handle. If the gateway status is CAPTURED, it suggests the service has incorrect gateway settings.
ERROR [2023-02-08 14:49:52,790] uk.gov.pay.connector.charge.service.EpdqAuthorisationErrorGatewayCleanupService: Charge does not map to an internal charge state. Raw query response was: mockQueryResponse
[INFO] Tests run: 7, Failures: 0, Errors: 0, Skipped: 0, Time elapsed: 0.017 s - in uk.gov.pay.connector.charge.service.EpdqAuthorisationErrorGatewayCleanupServiceTest
[INFO] Running uk.gov.pay.connector.charge.service.Worldpay3dsFlexJwtServiceTest
[INFO] Tests run: 12, Failures: 0, Errors: 0, Skipped: 0, Time elapsed: 0.055 s - in uk.gov.pay.connector.charge.service.Worldpay3dsFlexJwtServiceTest
[INFO] Running uk.gov.pay.connector.charge.service.ChargeCancelServiceTest
[INFO] Tests run: 21, Failures: 0, Errors: 0, Skipped: 0, Time elapsed: 0.021 s - in uk.gov.pay.connector.charge.service.ChargeCancelServiceTest
[INFO] Running uk.gov.pay.connector.charge.service.ChargeServiceCreateTest
[INFO] Tests run: 51, Failures: 0, Errors: 0, Skipped: 0, Time elapsed: 0.129 s - in uk.gov.pay.connector.charge.service.ChargeServiceCreateTest
[INFO] Running uk.gov.pay.connector.charge.service.ChargeServiceFindTest
[INFO] Tests run: 35, Failures: 0, Errors: 0, Skipped: 0, Time elapsed: 0.059 s - in uk.gov.pay.connector.charge.service.ChargeServiceFindTest
[INFO] Running uk.gov.pay.connector.charge.service.ChargeServiceTest
[INFO] Tests run: 21, Failures: 0, Errors: 0, Skipped: 0, Time elapsed: 0.024 s - in uk.gov.pay.connector.charge.service.ChargeServiceTest
[INFO] Running uk.gov.pay.connector.charge.util.FixedCorporateCardSurchargeCalculatorTest
[INFO] Tests run: 26, Failures: 0, Errors: 0, Skipped: 0, Time elapsed: 0.002 s - in uk.gov.pay.connector.charge.util.FixedCorporateCardSurchargeCalculatorTest
[INFO] Running uk.gov.pay.connector.charge.util.RefundCalculatorTest
[INFO] Tests run: 5, Failures: 0, Errors: 0, Skipped: 0, Time elapsed: 0.004 s - in uk.gov.pay.connector.charge.util.RefundCalculatorTest
[INFO] Running uk.gov.pay.connector.charge.util.CorporateCardSurchargeCalculatorTest
[INFO] Tests run: 5, Failures: 0, Errors: 0, Skipped: 0, Time elapsed: 0.001 s - in uk.gov.pay.connector.charge.util.CorporateCardSurchargeCalculatorTest
[INFO] Running uk.gov.pay.connector.charge.util.JwtGeneratorTest
[INFO] Tests run: 1, Failures: 0, Errors: 0, Skipped: 0, Time elapsed: 0.003 s - in uk.gov.pay.connector.charge.util.JwtGeneratorTest
[INFO] Running uk.gov.pay.connector.service.UnknownStatusTest
[INFO] Tests run: 3, Failures: 0, Errors: 0, Skipped: 0, Time elapsed: 0 s - in uk.gov.pay.connector.service.UnknownStatusTest
[INFO] Running uk.gov.pay.connector.service.GatewayClientFactoryTest
[INFO] Tests run: 1, Failures: 0, Errors: 0, Skipped: 0, Time elapsed: 0 s - in uk.gov.pay.connector.service.GatewayClientFactoryTest
[INFO] Running uk.gov.pay.connector.service.IgnoredStatusTest
[INFO] Tests run: 3, Failures: 0, Errors: 0, Skipped: 0, Time elapsed: 0.001 s - in uk.gov.pay.connector.service.IgnoredStatusTest
[INFO] Running uk.gov.pay.connector.service.GatewayAccountServiceTest
[INFO] Tests run: 34, Failures: 0, Errors: 0, Skipped: 0, Time elapsed: 0.049 s - in uk.gov.pay.connector.service.GatewayAccountServiceTest
[INFO] Running uk.gov.pay.connector.service.MappedChargeStatusTest
[INFO] Tests run: 3, Failures: 0, Errors: 0, Skipped: 0, Time elapsed: 0.001 s - in uk.gov.pay.connector.service.MappedChargeStatusTest
[INFO] Running uk.gov.pay.connector.service.EpdqExternalRefundAvailabilityCalculatorTest
[INFO] Tests run: 7, Failures: 0, Errors: 0, Skipped: 0, Time elapsed: 0.003 s - in uk.gov.pay.connector.service.EpdqExternalRefundAvailabilityCalculatorTest
[INFO] Running uk.gov.pay.connector.service.MappedRefundStatusTest
[INFO] Tests run: 3, Failures: 0, Errors: 0, Skipped: 0, Time elapsed: 0 s - in uk.gov.pay.connector.service.MappedRefundStatusTest
[INFO] Running uk.gov.pay.connector.service.PaymentProvidersTest
[INFO] Tests run: 4, Failures: 0, Errors: 0, Skipped: 0, Time elapsed: 0.051 s - in uk.gov.pay.connector.service.PaymentProvidersTest
[INFO] Running uk.gov.pay.connector.service.RefundServiceTest
[INFO] Tests run: 18, Failures: 0, Errors: 0, Skipped: 0, Time elapsed: 0.069 s - in uk.gov.pay.connector.service.RefundServiceTest
[INFO] Running uk.gov.pay.connector.service.GatewayClientTest
WARN  [2023-02-08 14:49:53,354] uk.gov.pay.connector.gateway.GatewayClient: Exception for gateway url=http://www.example.com/worldpay/order, error message: java.net.SocketException: socket failed
! java.net.SocketException: socket failed
! at uk.gov.pay.connector.service.GatewayClientTest.shouldReturnGatewayErrorWhenProviderFailsWithAProcessingException(GatewayClientTest.java:93)
! ... 56 common frames omitted
! Causing: javax.ws.rs.ProcessingException: java.net.SocketException: socket failed
! at uk.gov.pay.connector.gateway.GatewayClient.postRequestFor(GatewayClient.java:70)
! at uk.gov.pay.connector.gateway.GatewayClient.postRequestFor(GatewayClient.java:44)
! at uk.gov.pay.connector.service.GatewayClientTest.shouldReturnGatewayErrorWhenProviderFailsWithAProcessingException(GatewayClientTest.java:94)
! at java.base/jdk.internal.reflect.NativeMethodAccessorImpl.invoke0(Native Method)
! at java.base/jdk.internal.reflect.NativeMethodAccessorImpl.invoke(NativeMethodAccessorImpl.java:62)
! at java.base/jdk.internal.reflect.DelegatingMethodAccessorImpl.invoke(DelegatingMethodAccessorImpl.java:43)
! at java.base/java.lang.reflect.Method.invoke(Method.java:566)
! at org.junit.runners.model.FrameworkMethod$1.runReflectiveCall(FrameworkMethod.java:59)
! at org.junit.internal.runners.model.ReflectiveCallable.run(ReflectiveCallable.java:12)
! at org.junit.runners.model.FrameworkMethod.invokeExplosively(FrameworkMethod.java:56)
! at org.junit.internal.runners.statements.InvokeMethod.evaluate(InvokeMethod.java:17)
! at org.junit.internal.runners.statements.ExpectException.evaluate(ExpectException.java:19)
! at org.junit.internal.runners.statements.RunBefores.evaluate(RunBefores.java:26)
! at org.mockito.internal.runners.DefaultInternalRunner$1$1.evaluate(DefaultInternalRunner.java:55)
! at org.junit.runners.ParentRunner$3.evaluate(ParentRunner.java:306)
! at org.junit.runners.BlockJUnit4ClassRunner$1.evaluate(BlockJUnit4ClassRunner.java:100)
! at org.junit.runners.ParentRunner.runLeaf(ParentRunner.java:366)
! at org.junit.runners.BlockJUnit4ClassRunner.runChild(BlockJUnit4ClassRunner.java:103)
! at org.junit.runners.BlockJUnit4ClassRunner.runChild(BlockJUnit4ClassRunner.java:63)
! at org.junit.runners.ParentRunner$4.run(ParentRunner.java:331)
! at org.junit.runners.ParentRunner$1.schedule(ParentRunner.java:79)
! at org.junit.runners.ParentRunner.runChildren(ParentRunner.java:329)
! at org.junit.runners.ParentRunner.access$100(ParentRunner.java:66)
! at org.junit.runners.ParentRunner$2.evaluate(ParentRunner.java:293)
! at org.junit.runners.ParentRunner$3.evaluate(ParentRunner.java:306)
! at org.junit.runners.ParentRunner.run(ParentRunner.java:413)
! at org.mockito.internal.runners.DefaultInternalRunner$1.run(DefaultInternalRunner.java:100)
! at org.mockito.internal.runners.DefaultInternalRunner.run(DefaultInternalRunner.java:107)
! at org.mockito.internal.runners.StrictRunner.run(StrictRunner.java:41)
! at org.mockito.junit.MockitoJUnitRunner.run(MockitoJUnitRunner.java:163)
! at org.junit.runner.JUnitCore.run(JUnitCore.java:137)
! at org.junit.runner.JUnitCore.run(JUnitCore.java:115)
! at org.junit.vintage.engine.execution.RunnerExecutor.execute(RunnerExecutor.java:43)
! at java.base/java.util.stream.ForEachOps$ForEachOp$OfRef.accept(ForEachOps.java:183)
! at java.base/java.util.stream.ReferencePipeline$3$1.accept(ReferencePipeline.java:195)
! at java.base/java.util.Iterator.forEachRemaining(Iterator.java:133)
! at java.base/java.util.Spliterators$IteratorSpliterator.forEachRemaining(Spliterators.java:1801)
! at java.base/java.util.stream.AbstractPipeline.copyInto(AbstractPipeline.java:484)
! at java.base/java.util.stream.AbstractPipeline.wrapAndCopyInto(AbstractPipeline.java:474)
! at java.base/java.util.stream.ForEachOps$ForEachOp.evaluateSequential(ForEachOps.java:150)
! at java.base/java.util.stream.ForEachOps$ForEachOp$OfRef.evaluateSequential(ForEachOps.java:173)
! at java.base/java.util.stream.AbstractPipeline.evaluate(AbstractPipeline.java:234)
! at java.base/java.util.stream.ReferencePipeline.forEach(ReferencePipeline.java:497)
! at org.junit.vintage.engine.VintageTestEngine.executeAllChildren(VintageTestEngine.java:82)
! at org.junit.vintage.engine.VintageTestEngine.execute(VintageTestEngine.java:73)
! at org.junit.platform.launcher.core.EngineExecutionOrchestrator.execute(EngineExecutionOrchestrator.java:108)
! at org.junit.platform.launcher.core.EngineExecutionOrchestrator.execute(EngineExecutionOrchestrator.java:88)
! at org.junit.platform.launcher.core.EngineExecutionOrchestrator.lambda$execute$0(EngineExecutionOrchestrator.java:54)
! at org.junit.platform.launcher.core.EngineExecutionOrchestrator.withInterceptedStreams(EngineExecutionOrchestrator.java:67)
! at org.junit.platform.launcher.core.EngineExecutionOrchestrator.execute(EngineExecutionOrchestrator.java:52)
! at org.junit.platform.launcher.core.DefaultLauncher.execute(DefaultLauncher.java:96)
! at org.junit.platform.launcher.core.DefaultLauncher.execute(DefaultLauncher.java:75)
! at org.apache.maven.surefire.junitplatform.JUnitPlatformProvider.execute(JUnitPlatformProvider.java:188)
! at org.apache.maven.surefire.junitplatform.JUnitPlatformProvider.invokeAllTests(JUnitPlatformProvider.java:154)
! at org.apache.maven.surefire.junitplatform.JUnitPlatformProvider.invoke(JUnitPlatformProvider.java:128)
! at org.apache.maven.surefire.booter.ForkedBooter.runSuitesInProcess(ForkedBooter.java:428)
! at org.apache.maven.surefire.booter.ForkedBooter.execute(ForkedBooter.java:162)
! at org.apache.maven.surefire.booter.ForkedBooter.run(ForkedBooter.java:562)
! at org.apache.maven.surefire.booter.ForkedBooter.main(ForkedBooter.java:548)
WARN  [2023-02-08 14:49:53,357] uk.gov.pay.connector.gateway.GatewayClient: Gateway returned unexpected status code: 500, for gateway url=http://www.example.com/worldpay/order with type test with order request type authorise
[INFO] Tests run: 3, Failures: 0, Errors: 0, Skipped: 0, Time elapsed: 0.014 s - in uk.gov.pay.connector.service.GatewayClientTest
[INFO] Running uk.gov.pay.connector.service.DefaultExternalRefundAvailabilityCalculatorTest
[INFO] Tests run: 7, Failures: 0, Errors: 0, Skipped: 0, Time elapsed: 0.002 s - in uk.gov.pay.connector.service.DefaultExternalRefundAvailabilityCalculatorTest
[INFO] Running uk.gov.pay.connector.gatewayaccount.model.GatewayAccountResourceDTOTest
[INFO] Tests run: 1, Failures: 0, Errors: 0, Skipped: 0, Time elapsed: 0 s - in uk.gov.pay.connector.gatewayaccount.model.GatewayAccountResourceDTOTest
[INFO] Running uk.gov.pay.connector.gatewayaccount.model.GatewayAccountSearchParamsTest
[INFO] Tests run: 6, Failures: 0, Errors: 0, Skipped: 0, Time elapsed: 0.002 s - in uk.gov.pay.connector.gatewayaccount.model.GatewayAccountSearchParamsTest
[INFO] Running uk.gov.pay.connector.gatewayaccount.resource.GatewayAccountSwitchPaymentProviderRequestValidatorTest
[INFO] Tests run: 5, Failures: 0, Errors: 0, Skipped: 0, Time elapsed: 0.002 s - in uk.gov.pay.connector.gatewayaccount.resource.GatewayAccountSwitchPaymentProviderRequestValidatorTest
[INFO] Running uk.gov.pay.connector.gatewayaccount.resource.GatewayAccountResourceSwitchPspValidationTest
ERROR [2023-02-08 14:49:53,442] uk.gov.pay.connector.gatewayaccount.resource.GatewayAccountResource: Switching Payment Provider failure: Account credential with id [03b721d5698044ed804dd6b6fac5ba76] not found.
ERROR [2023-02-08 14:49:53,444] uk.gov.pay.connector.gatewayaccount.resource.GatewayAccountResource: Switching Payment Provider failure: Account has no credential to switch to/from
ERROR [2023-02-08 14:49:53,447] uk.gov.pay.connector.gatewayaccount.resource.GatewayAccountResource: Switching Payment Provider failure: Credential with id [98993e8d7fb44a3aa0ac09da20e1769c] is not in correct state.
ERROR [2023-02-08 14:49:53,451] uk.gov.pay.connector.gatewayaccount.resource.GatewayAccountResource: Switching Payment Provider failure: Account credential with ACTIVE state not found.
[INFO] Tests run: 7, Failures: 0, Errors: 0, Skipped: 0, Time elapsed: 0.08 s - in uk.gov.pay.connector.gatewayaccount.resource.GatewayAccountResourceSwitchPspValidationTest
[INFO] Running uk.gov.pay.connector.gatewayaccount.resource.StripeAccountSetupRequestValidatorTest
[INFO] Tests run: 24, Failures: 0, Errors: 0, Skipped: 0, Time elapsed: 0.006 s - in uk.gov.pay.connector.gatewayaccount.resource.StripeAccountSetupRequestValidatorTest
[INFO] Running uk.gov.pay.connector.gatewayaccount.resource.GatewayAccountRequestValidatorTest
[INFO] Tests run: 51, Failures: 0, Errors: 0, Skipped: 0, Time elapsed: 0.02 s - in uk.gov.pay.connector.gatewayaccount.resource.GatewayAccountRequestValidatorTest
[INFO] Running uk.gov.pay.connector.gatewayaccount.resource.GatewayAccountResourceValidationTest
ERROR [2023-02-08 14:49:53,560] uk.gov.pay.connector.common.exception.ValidationExceptionMapper: Value [false] must be of type boolean for path [allow_zero_amount]
ERROR [2023-02-08 14:49:53,580] uk.gov.pay.connector.common.exception.ValidationExceptionMapper: Operation [add] is not valid for path [corporate_debit_card_surcharge_amount]
ERROR [2023-02-08 14:49:53,581] uk.gov.pay.connector.common.exception.ValidationExceptionMapper: Value [] is not valid for path [corporate_credit_card_surcharge_amount]
ERROR [2023-02-08 14:49:53,582] uk.gov.pay.connector.common.exception.ValidationExceptionMapper: Value [-100] is not valid for path [corporate_credit_card_surcharge_amount]
ERROR [2023-02-08 14:49:53,583] uk.gov.pay.connector.common.exception.ValidationExceptionMapper: Field [op] is required
ERROR [2023-02-08 14:49:53,584] uk.gov.pay.connector.common.exception.ValidationExceptionMapper: Field [value] is required
ERROR [2023-02-08 14:49:53,585] uk.gov.pay.connector.common.exception.ValidationExceptionMapper: Field [value] is required
ERROR [2023-02-08 14:49:53,586] uk.gov.pay.connector.common.exception.ValidationExceptionMapper: Field [value] is required
ERROR [2023-02-08 14:49:53,587] uk.gov.pay.connector.common.exception.ValidationExceptionMapper: Value [not zero or a positive number that can be represented as a long] is not valid for path [corporate_debit_card_surcharge_amount]
[INFO] Tests run: 12, Failures: 0, Errors: 0, Skipped: 0, Time elapsed: 0.108 s - in uk.gov.pay.connector.gatewayaccount.resource.GatewayAccountResourceValidationTest
[INFO] Running uk.gov.pay.connector.gatewayaccount.service.StripeAccountSetupServiceTest
[INFO] Tests run: 7, Failures: 0, Errors: 0, Skipped: 0, Time elapsed: 0.015 s - in uk.gov.pay.connector.gatewayaccount.service.StripeAccountSetupServiceTest
[INFO] Running uk.gov.pay.connector.gatewayaccount.service.GatewayAccountSwitchPaymentProviderServiceTest
[INFO] Tests run: 5, Failures: 0, Errors: 0, Skipped: 0, Time elapsed: 0.002 s - in uk.gov.pay.connector.gatewayaccount.service.GatewayAccountSwitchPaymentProviderServiceTest
[INFO] Running uk.gov.pay.connector.gatewayaccount.service.StripeAccountServiceTest
[INFO] Tests run: 3, Failures: 0, Errors: 0, Skipped: 0, Time elapsed: 0.002 s - in uk.gov.pay.connector.gatewayaccount.service.StripeAccountServiceTest
[INFO] Running uk.gov.pay.connector.events.model.EventTest
[INFO] Tests run: 2, Failures: 0, Errors: 0, Skipped: 0, Time elapsed: 0 s - in uk.gov.pay.connector.events.model.EventTest
[INFO] Running uk.gov.pay.connector.events.model.payout.PayoutUpdatedTest
[INFO] Tests run: 1, Failures: 0, Errors: 0, Skipped: 0, Time elapsed: 0.004 s - in uk.gov.pay.connector.events.model.payout.PayoutUpdatedTest
[INFO] Running uk.gov.pay.connector.events.model.payout.PayoutPaidTest
[INFO] Tests run: 1, Failures: 0, Errors: 0, Skipped: 0, Time elapsed: 0.003 s - in uk.gov.pay.connector.events.model.payout.PayoutPaidTest
[INFO] Running uk.gov.pay.connector.events.model.payout.PayoutFailedTest
[INFO] Tests run: 1, Failures: 0, Errors: 0, Skipped: 0, Time elapsed: 0.002 s - in uk.gov.pay.connector.events.model.payout.PayoutFailedTest
[INFO] Running uk.gov.pay.connector.events.model.payout.PayoutCreatedTest
[INFO] Tests run: 1, Failures: 0, Errors: 0, Skipped: 0, Time elapsed: 0.002 s - in uk.gov.pay.connector.events.model.payout.PayoutCreatedTest
[INFO] Running uk.gov.pay.connector.events.model.charge.UserEmailCollectedTest
[INFO] Tests run: 1, Failures: 0, Errors: 0, Skipped: 0, Time elapsed: 0.001 s - in uk.gov.pay.connector.events.model.charge.UserEmailCollectedTest
[INFO] Running uk.gov.pay.connector.events.model.charge.CaptureSubmittedTest
[INFO] Tests run: 1, Failures: 0, Errors: 0, Skipped: 0, Time elapsed: 0.003 s - in uk.gov.pay.connector.events.model.charge.CaptureSubmittedTest
[INFO] Running uk.gov.pay.connector.events.model.charge.BackfillerRecreatedUserEmailCollectedTest
[INFO] Tests run: 1, Failures: 0, Errors: 0, Skipped: 0, Time elapsed: 0.002 s - in uk.gov.pay.connector.events.model.charge.BackfillerRecreatedUserEmailCollectedTest
[INFO] Running uk.gov.pay.connector.events.model.charge.CancelledByUserTest
[INFO] Tests run: 2, Failures: 0, Errors: 0, Skipped: 0, Time elapsed: 0.002 s - in uk.gov.pay.connector.events.model.charge.CancelledByUserTest
[INFO] Running uk.gov.pay.connector.events.model.charge.PaymentDetailsEnteredTest
[INFO] Tests run: 3, Failures: 0, Errors: 0, Skipped: 0, Time elapsed: 0.004 s - in uk.gov.pay.connector.events.model.charge.PaymentDetailsEnteredTest
[INFO] Running uk.gov.pay.connector.events.model.charge.CaptureConfirmedTest
[INFO] Tests run: 2, Failures: 0, Errors: 0, Skipped: 0, Time elapsed: 0.004 s - in uk.gov.pay.connector.events.model.charge.CaptureConfirmedTest
[INFO] Running uk.gov.pay.connector.events.model.charge.RefundAvailabilityUpdatedTest
[INFO] Tests run: 1, Failures: 0, Errors: 0, Skipped: 0, Time elapsed: 0.002 s - in uk.gov.pay.connector.events.model.charge.RefundAvailabilityUpdatedTest
[INFO] Running uk.gov.pay.connector.events.model.charge.PaymentIncludedInPayoutTest
[INFO] Tests run: 1, Failures: 0, Errors: 0, Skipped: 0, Time elapsed: 0.001 s - in uk.gov.pay.connector.events.model.charge.PaymentIncludedInPayoutTest
[INFO] Running uk.gov.pay.connector.events.model.refund.EventFactoryTest
[INFO] Tests run: 29, Failures: 0, Errors: 0, Skipped: 0, Time elapsed: 0.022 s - in uk.gov.pay.connector.events.model.refund.EventFactoryTest
[INFO] Running uk.gov.pay.connector.events.model.refund.RefundIncludedInPayoutTest
[INFO] Tests run: 1, Failures: 0, Errors: 0, Skipped: 0, Time elapsed: 0.001 s - in uk.gov.pay.connector.events.model.refund.RefundIncludedInPayoutTest
[INFO] Running uk.gov.pay.connector.events.model.refund.RefundSucceededTest
[INFO] Tests run: 1, Failures: 0, Errors: 0, Skipped: 0, Time elapsed: 0.002 s - in uk.gov.pay.connector.events.model.refund.RefundSucceededTest
[INFO] Running uk.gov.pay.connector.events.model.refund.RefundCreatedByUserTest
[INFO] Tests run: 1, Failures: 0, Errors: 0, Skipped: 0, Time elapsed: 0 s - in uk.gov.pay.connector.events.model.refund.RefundCreatedByUserTest
[INFO] Running uk.gov.pay.connector.events.model.refund.RefundCreatedByServiceTest
[INFO] Tests run: 1, Failures: 0, Errors: 0, Skipped: 0, Time elapsed: 0 s - in uk.gov.pay.connector.events.model.refund.RefundCreatedByServiceTest
[INFO] Running uk.gov.pay.connector.events.resource.EmittedEventResourceTest
[INFO] Tests run: 5, Failures: 0, Errors: 0, Skipped: 0, Time elapsed: 0.089 s - in uk.gov.pay.connector.events.resource.EmittedEventResourceTest
[INFO] Running uk.gov.pay.connector.events.EmittedEventsBackfillServiceTest
[INFO] Tests run: 4, Failures: 0, Errors: 0, Skipped: 0, Time elapsed: 0.034 s - in uk.gov.pay.connector.events.EmittedEventsBackfillServiceTest
[INFO] Running uk.gov.pay.connector.events.EventQueueTest
[INFO] Tests run: 2, Failures: 0, Errors: 0, Skipped: 0, Time elapsed: 0.021 s - in uk.gov.pay.connector.events.EventQueueTest
[INFO] Running uk.gov.pay.connector.events.StateTransitionEmitterProcessTest
WARN  [2023-02-08 14:49:53,847] uk.gov.pay.connector.events.StateTransitionEmitterProcess: Failed to emit new event for state transition [eventId=100] [eventType=PaymentEvent] [error=null]
WARN  [2023-02-08 14:49:53,847] uk.gov.pay.connector.events.StateTransitionEmitterProcess: Failed to emit new event for state transition [eventId=100] [eventType=PaymentEvent] [error=null]
WARN  [2023-02-08 14:49:53,847] uk.gov.pay.connector.events.StateTransitionEmitterProcess: Failed to emit new event for state transition [eventId=100] [eventType=PaymentEvent] [error=null]
WARN  [2023-02-08 14:49:53,848] uk.gov.pay.connector.events.StateTransitionEmitterProcess: Failed to emit new event for state transition [eventId=100] [eventType=PaymentEvent] [error=null]
WARN  [2023-02-08 14:49:53,848] uk.gov.pay.connector.events.StateTransitionEmitterProcess: Failed to emit new event for state transition [eventId=100] [eventType=PaymentEvent] [error=null]
WARN  [2023-02-08 14:49:53,848] uk.gov.pay.connector.events.StateTransitionEmitterProcess: Failed to emit new event for state transition [eventId=100] [eventType=PaymentEvent] [error=null]
WARN  [2023-02-08 14:49:53,848] uk.gov.pay.connector.events.StateTransitionEmitterProcess: Failed to emit new event for state transition [eventId=100] [eventType=PaymentEvent] [error=null]
WARN  [2023-02-08 14:49:53,848] uk.gov.pay.connector.events.StateTransitionEmitterProcess: Failed to emit new event for state transition [eventId=100] [eventType=PaymentEvent] [error=null]
WARN  [2023-02-08 14:49:53,849] uk.gov.pay.connector.events.StateTransitionEmitterProcess: Failed to emit new event for state transition [eventId=100] [eventType=PaymentEvent] [error=null]
ERROR [2023-02-08 14:49:53,849] uk.gov.pay.connector.events.StateTransitionEmitterProcess: State transition message failed to process beyond max retries [eventId=100] [eventType=PaymentEvent]:
WARN  [2023-02-08 14:49:53,858] uk.gov.pay.connector.events.StateTransitionEmitterProcess: Failed to emit new event for state transition [eventId=100] [eventType=PaymentEvent] [error=null]
WARN  [2023-02-08 14:49:53,859] uk.gov.pay.connector.events.StateTransitionEmitterProcess: Failed to emit new event for state transition [eventId=100] [eventType=PaymentEvent] [error=null]
[INFO] Tests run: 4, Failures: 0, Errors: 0, Skipped: 0, Time elapsed: 0.021 s - in uk.gov.pay.connector.events.StateTransitionEmitterProcessTest
[INFO] Running uk.gov.pay.connector.events.EventServiceTest
ERROR [2023-02-08 14:49:53,862] uk.gov.pay.connector.events.EventService: Failed to emit event PAYMENT_EVENT due to null [externalId=external-id]
ERROR [2023-02-08 14:49:53,862] uk.gov.pay.connector.events.EventService: Failed to emit event PAYMENT_EVENT due to null [externalId=external-id]
ERROR [2023-02-08 14:49:53,863] uk.gov.pay.connector.events.EventService: Failed to emit event PAYMENT_CREATED due to null [externalId=external-id]
[INFO] Tests run: 8, Failures: 0, Errors: 0, Skipped: 0, Time elapsed: 0.005 s - in uk.gov.pay.connector.events.EventServiceTest
[INFO] Running uk.gov.pay.connector.events.HistoricalEventEmitterServiceTest
[INFO] Tests run: 17, Failures: 0, Errors: 0, Skipped: 0, Time elapsed: 0.08 s - in uk.gov.pay.connector.events.HistoricalEventEmitterServiceTest
[INFO] Running uk.gov.pay.connector.paymentprocessor.service.QueryServiceTest
[INFO] Tests run: 2, Failures: 0, Errors: 0, Skipped: 0, Time elapsed: 0.002 s - in uk.gov.pay.connector.paymentprocessor.service.QueryServiceTest
[INFO] Running uk.gov.pay.connector.paymentprocessor.service.Card3dsResponseAuthServiceTest
WARN  [2023-02-08 14:49:53,963] uk.gov.pay.connector.charge.model.domain.ChargeEntity: Charge with state AUTHORISATION READY cannot proceed to AUTHORISATION 3DS READY [charge_external_id=upf8mb9i7cl8g10jc20hdg2ohr, charge_status=AUTHORISATION 3DS READY, event=Event{resourceExternalId='null', eventDetails=uk.gov.pay.connector.events.eventdetails.EmptyEventDetails, timestamp=null}]
WARN  [2023-02-08 14:49:53,965] uk.gov.pay.connector.charge.model.domain.ChargeEntity: Charge with state AUTHORISATION 3DS READY cannot proceed to AUTHORISATION 3DS READY [charge_external_id=lhbsfk0vckm6mjqes9g0jootv2, charge_status=AUTHORISATION 3DS READY, event=Event{resourceExternalId='null', eventDetails=uk.gov.pay.connector.events.eventdetails.EmptyEventDetails, timestamp=null}]
WARN  [2023-02-08 14:49:53,970] uk.gov.pay.connector.charge.model.domain.ChargeEntity: Charge with state EXPIRED cannot proceed to AUTHORISATION 3DS READY [charge_external_id=23qv6pvsj0nep47fet8ojlpa8c, charge_status=AUTHORISATION 3DS READY, event=Event{resourceExternalId='null', eventDetails=uk.gov.pay.connector.events.eventdetails.EmptyEventDetails, timestamp=null}]
[INFO] Tests run: 15, Failures: 0, Errors: 0, Skipped: 0, Time elapsed: 0.023 s - in uk.gov.pay.connector.paymentprocessor.service.Card3dsResponseAuthServiceTest
[INFO] Running uk.gov.pay.connector.paymentprocessor.service.DiscrepancyServiceTest
[INFO] Tests run: 6, Failures: 0, Errors: 0, Skipped: 0, Time elapsed: 0.007 s - in uk.gov.pay.connector.paymentprocessor.service.DiscrepancyServiceTest
[INFO] Running uk.gov.pay.connector.paymentprocessor.service.CardCaptureServiceTest
ERROR [2023-02-08 14:49:54,001] uk.gov.pay.connector.paymentprocessor.service.CardCaptureService: CAPTURE_ERROR for charge [charge_external_id=external-id] - reached maximum number of capture attempts
WARN  [2023-02-08 14:49:54,014] uk.gov.pay.connector.charge.model.domain.ChargeEntity: Charge with state CAPTURE READY cannot proceed to CAPTURE READY [charge_external_id=02gh6edd91m3nkfd6esnmap6rf, charge_status=CAPTURE READY, event=Event{resourceExternalId='null', eventDetails=uk.gov.pay.connector.events.eventdetails.EmptyEventDetails, timestamp=null}]
ERROR [2023-02-08 14:49:54,015] uk.gov.pay.connector.paymentprocessor.service.CardCaptureService: Exception sending charge [p4v0p4dik7end0vv7t0uckl1k8] to capture queue
WARN  [2023-02-08 14:49:54,020] uk.gov.pay.connector.paymentprocessor.service.CardCaptureService: Card capture response received with no transaction id. - charge_external_id=ngdk6fbdrvmvlb28srkbmskilk
WARN  [2023-02-08 14:49:54,024] uk.gov.pay.connector.charge.model.domain.ChargeEntity: Charge with state ENTERING CARD DETAILS cannot proceed to CAPTURE READY [charge_external_id=vilp4raftj9terrs0v6mrtfdl8, charge_status=CAPTURE READY, event=Event{resourceExternalId='null', eventDetails=uk.gov.pay.connector.events.eventdetails.EmptyEventDetails, timestamp=null}]
WARN  [2023-02-08 14:49:54,025] uk.gov.pay.connector.charge.model.domain.ChargeEntity: Charge with state CAPTURE READY cannot proceed to CAPTURE APPROVED [charge_external_id=tdamoaa7icibeqhe9djasoktf1, charge_status=CAPTURE APPROVED, event=Event{resourceExternalId='null', eventDetails=uk.gov.pay.connector.events.eventdetails.EmptyEventDetails, timestamp=null}]
ERROR [2023-02-08 14:49:54,026] uk.gov.pay.connector.paymentprocessor.service.CardCaptureService: CAPTURE_ERROR for charge [charge_external_id=t2vlfgd5av3hv25tu79frrg24g] - reached maximum number of capture attempts
[INFO] Tests run: 23, Failures: 0, Errors: 0, Skipped: 0, Time elapsed: 0.075 s - in uk.gov.pay.connector.paymentprocessor.service.CardCaptureServiceTest
[INFO] Running uk.gov.pay.connector.paymentprocessor.service.CardAuthoriseServiceTest
WARN  [2023-02-08 14:49:54,079] uk.gov.pay.connector.paymentprocessor.service.AuthorisationService: AuthCardDetails authorisation response received with no transaction id. -  charge_external_id=4spvmu5vht74lb7lvvj43dlno5
WARN  [2023-02-08 14:49:54,082] uk.gov.pay.connector.paymentprocessor.service.AuthorisationService: AuthCardDetails authorisation response received with no transaction id. -  charge_external_id=n880jjjgt45d9guk492snl66om
WARN  [2023-02-08 14:49:54,084] uk.gov.pay.connector.charge.model.domain.ChargeEntity: Charge with state CREATED cannot proceed to AUTHORISATION READY [charge_external_id=tgpla02v14hauf2fe2i66oov3e, charge_status=AUTHORISATION READY, event=Event{resourceExternalId='null', eventDetails=uk.gov.pay.connector.events.eventdetails.EmptyEventDetails, timestamp=null}]
WARN  [2023-02-08 14:49:54,100] uk.gov.pay.connector.charge.model.domain.ChargeEntity: Charge with state AUTHORISATION READY cannot proceed to AUTHORISATION READY [charge_external_id=2eqnl5528lbi47a440m1n8nch0, charge_status=AUTHORISATION READY, event=Event{resourceExternalId='null', eventDetails=uk.gov.pay.connector.events.eventdetails.EmptyEventDetails, timestamp=null}]
WARN  [2023-02-08 14:49:54,103] uk.gov.pay.connector.paymentprocessor.service.AuthorisationService: AuthCardDetails authorisation response received with no transaction id. -  charge_external_id=11ij88a1dla2lopdt4snu2fph0
WARN  [2023-02-08 14:49:54,115] uk.gov.pay.connector.paymentprocessor.service.AuthorisationService: AuthCardDetails authorisation response received with no transaction id. -  charge_external_id=bqm3fg3ip6vnj0ulkk5ni9csv6
ERROR [2023-02-08 14:49:54,119] uk.gov.pay.connector.paymentprocessor.service.CardAuthoriseService: AuthCardDetails authorisation failed pre operation. Card brand requires 3ds but Gateway account has 3ds disabled - charge_external_id=vd7qcpsbdr9bou9a8jtf5qqdfr, operation_type=Authorisation, card_brand=visa
WARN  [2023-02-08 14:49:54,121] uk.gov.pay.connector.paymentprocessor.service.AuthorisationService: AuthCardDetails authorisation response received with no transaction id. -  charge_external_id=e409i692a0f4mithqulf5pqdmu
WARN  [2023-02-08 14:49:54,125] uk.gov.pay.connector.paymentprocessor.service.AuthorisationService: AuthCardDetails authorisation response received with no transaction id. -  charge_external_id=e9ruvn3dtbjlnh8qebdao7jm4c
[INFO] Tests run: 25, Failures: 0, Errors: 0, Skipped: 0, Time elapsed: 0.068 s - in uk.gov.pay.connector.paymentprocessor.service.CardAuthoriseServiceTest
[INFO] Running uk.gov.pay.connector.paymentprocessor.service.CardCaptureProcessTest
[INFO] Tests run: 4, Failures: 0, Errors: 0, Skipped: 0, Time elapsed: 0.018 s - in uk.gov.pay.connector.paymentprocessor.service.CardCaptureProcessTest
[INFO] Running uk.gov.pay.connector.report.resource.ParityCheckerResourceTest
[INFO] Tests run: 4, Failures: 0, Errors: 0, Skipped: 0, Time elapsed: 0.059 s - in uk.gov.pay.connector.report.resource.ParityCheckerResourceTest
[INFO] Running uk.gov.pay.connector.report.ParityCheckerServiceTest
[INFO] Tests run: 13, Failures: 0, Errors: 0, Skipped: 0, Time elapsed: 0.026 s - in uk.gov.pay.connector.report.ParityCheckerServiceTest
[INFO] Running uk.gov.pay.connector.filters.SchemeRewriteFilterTest
[INFO] Tests run: 1, Failures: 0, Errors: 0, Skipped: 0, Time elapsed: 0.007 s - in uk.gov.pay.connector.filters.SchemeRewriteFilterTest
[INFO] Running uk.gov.pay.connector.app.RestClientFactoryTest
[INFO] Tests run: 2, Failures: 0, Errors: 0, Skipped: 0, Time elapsed: 0.008 s - in uk.gov.pay.connector.app.RestClientFactoryTest
[INFO] Running uk.gov.pay.connector.app.validator.SqsConfigValidatorTest
[INFO] Tests run: 5, Failures: 0, Errors: 0, Skipped: 0, Time elapsed: 0.008 s - in uk.gov.pay.connector.app.validator.SqsConfigValidatorTest
[INFO] Running uk.gov.pay.connector.expunge.service.ChargeExpungeServiceTest
[INFO] Tests run: 13, Failures: 0, Errors: 0, Skipped: 0, Time elapsed: 0.021 s - in uk.gov.pay.connector.expunge.service.ChargeExpungeServiceTest
[INFO] Running uk.gov.pay.connector.expunge.service.ExpungeServiceTest
[INFO] Tests run: 2, Failures: 0, Errors: 0, Skipped: 0, Time elapsed: 0.007 s - in uk.gov.pay.connector.expunge.service.ExpungeServiceTest
[INFO] Running uk.gov.pay.connector.expunge.service.RefundExpungeServiceTest
[INFO] Tests run: 6, Failures: 0, Errors: 0, Skipped: 0, Time elapsed: 0.006 s - in uk.gov.pay.connector.expunge.service.RefundExpungeServiceTest
[INFO] Running uk.gov.pay.connector.chargeevent.model.domain.LocalDateTimeConverterTest
[INFO] Tests run: 2, Failures: 0, Errors: 0, Skipped: 0, Time elapsed: 0.001 s - in uk.gov.pay.connector.chargeevent.model.domain.LocalDateTimeConverterTest
[INFO] Running uk.gov.pay.connector.northamericaregion.CanadaPostalcodeToProvinceOrTerritoryMapperTest
[INFO] Tests run: 4, Failures: 0, Errors: 0, Skipped: 0, Time elapsed: 0.001 s - in uk.gov.pay.connector.northamericaregion.CanadaPostalcodeToProvinceOrTerritoryMapperTest
[INFO] Running uk.gov.pay.connector.northamericaregion.UsZipCodeToStateMapperTest
[INFO] Tests run: 8, Failures: 0, Errors: 0, Skipped: 0, Time elapsed: 0 s - in uk.gov.pay.connector.northamericaregion.UsZipCodeToStateMapperTest
[INFO] Running uk.gov.pay.connector.northamericaregion.NorthAmericanRegionMapperTest
[INFO] Tests run: 3, Failures: 0, Errors: 0, Skipped: 0, Time elapsed: 0 s - in uk.gov.pay.connector.northamericaregion.NorthAmericanRegionMapperTest
[INFO] Running uk.gov.pay.connector.util.WorldpayXMLUnmarshallerTest
[INFO] Tests run: 13, Failures: 0, Errors: 0, Skipped: 0, Time elapsed: 0.033 s - in uk.gov.pay.connector.util.WorldpayXMLUnmarshallerTest
[INFO] Running uk.gov.pay.connector.util.ReverseDnsLookupTest
[INFO] Tests run: 2, Failures: 0, Errors: 0, Skipped: 0, Time elapsed: 0.017 s - in uk.gov.pay.connector.util.ReverseDnsLookupTest
[INFO] Running uk.gov.pay.connector.util.ApplicationStartupApplicationStartupDependentResourceCheckerTest
[INFO] Tests run: 3, Failures: 0, Errors: 0, Skipped: 0, Time elapsed: 0.019 s - in uk.gov.pay.connector.util.ApplicationStartupApplicationStartupDependentResourceCheckerTest
[INFO] Running uk.gov.pay.connector.util.SmartpayXMLUnmarshallerTest
[INFO] Tests run: 9, Failures: 0, Errors: 0, Skipped: 0, Time elapsed: 0.021 s - in uk.gov.pay.connector.util.SmartpayXMLUnmarshallerTest
[INFO] Running uk.gov.pay.connector.util.XMLUnmarshallerSecurityTest
[INFO] Tests run: 5, Failures: 0, Errors: 0, Skipped: 0, Time elapsed: 0.015 s - in uk.gov.pay.connector.util.XMLUnmarshallerSecurityTest
[INFO] Running uk.gov.pay.connector.util.JsonObjectMapperTest
[INFO] Tests run: 3, Failures: 0, Errors: 0, Skipped: 0, Time elapsed: 0.003 s - in uk.gov.pay.connector.util.JsonObjectMapperTest
[INFO] Running uk.gov.pay.connector.util.DnsPointerResourceRecordTest
[INFO] Tests run: 1, Failures: 0, Errors: 0, Skipped: 0, Time elapsed: 0 s - in uk.gov.pay.connector.util.DnsPointerResourceRecordTest
[INFO] Running uk.gov.pay.connector.util.IpDomainMatcherTest
ERROR [2023-02-08 14:49:54,426] uk.gov.pay.connector.util.IpDomainMatcher: Reverse DNS Lookup failed: Host not found for ip address 'not-an-ip'
ERROR [2023-02-08 14:49:54,426] uk.gov.pay.connector.util.IpDomainMatcher: Reverse DNS Lookup failed: null
ERROR [2023-02-08 14:49:54,428] uk.gov.pay.connector.util.IpDomainMatcher: Reverse DNS lookup on ip '8.8.8.8' - resolved domain 'dns.google.' does not match 'worldpay.com'
[INFO] Tests run: 3, Failures: 0, Errors: 0, Skipped: 0, Time elapsed: 0.005 s - in uk.gov.pay.connector.util.IpDomainMatcherTest
[INFO] Running uk.gov.pay.connector.util.RandomIdGeneratorTest
[INFO] Tests run: 4, Failures: 0, Errors: 0, Skipped: 0, Time elapsed: 0.015 s - in uk.gov.pay.connector.util.RandomIdGeneratorTest
[INFO] Running uk.gov.pay.connector.util.DateTimeUtilsTest
[INFO] Tests run: 7, Failures: 0, Errors: 0, Skipped: 0, Time elapsed: 0.006 s - in uk.gov.pay.connector.util.DateTimeUtilsTest
[INFO] Running uk.gov.pay.connector.util.EpdqXMLUnmarshallerTest
[INFO] Tests run: 11, Failures: 0, Errors: 0, Skipped: 0, Time elapsed: 0.022 s - in uk.gov.pay.connector.util.EpdqXMLUnmarshallerTest
[INFO] Running uk.gov.pay.connector.common.model.domain.PrefilledAddressTest
[INFO] Tests run: 4, Failures: 0, Errors: 0, Skipped: 0, Time elapsed: 0.001 s - in uk.gov.pay.connector.common.model.domain.PrefilledAddressTest
[INFO] Running uk.gov.pay.connector.common.model.domain.PaymentGatewayStateTransitionsTest
[INFO] Tests run: 41, Failures: 0, Errors: 0, Skipped: 0, Time elapsed: 0.004 s - in uk.gov.pay.connector.common.model.domain.PaymentGatewayStateTransitionsTest
[INFO] Running uk.gov.pay.connector.common.model.domain.NumbersInStringsSanitizerTest
[INFO] Tests run: 5, Failures: 0, Errors: 0, Skipped: 0, Time elapsed: 0 s - in uk.gov.pay.connector.common.model.domain.NumbersInStringsSanitizerTest
[INFO] Running uk.gov.pay.connector.common.model.api.ExternalRefundStatusMapTest
[INFO] Tests run: 4, Failures: 0, Errors: 0, Skipped: 0, Time elapsed: 0 s - in uk.gov.pay.connector.common.model.api.ExternalRefundStatusMapTest
[INFO] Running uk.gov.pay.connector.queue.payout.PayoutReconcileQueueTest
[INFO] Tests run: 2, Failures: 0, Errors: 0, Skipped: 0, Time elapsed: 0.015 s - in uk.gov.pay.connector.queue.payout.PayoutReconcileQueueTest
[INFO] Running uk.gov.pay.connector.queue.StateTransitionQueueTest
[INFO] Tests run: 2, Failures: 0, Errors: 0, Skipped: 0, Time elapsed: 0.301 s - in uk.gov.pay.connector.queue.StateTransitionQueueTest
[INFO] Running uk.gov.pay.connector.queue.CaptureQueueTest
[INFO] Tests run: 2, Failures: 0, Errors: 0, Skipped: 0, Time elapsed: 0.01 s - in uk.gov.pay.connector.queue.CaptureQueueTest
[INFO] Running uk.gov.pay.connector.queue.StateTransitionServiceTest
[INFO] Tests run: 4, Failures: 0, Errors: 0, Skipped: 0, Time elapsed: 0.015 s - in uk.gov.pay.connector.queue.StateTransitionServiceTest
[INFO] Running uk.gov.pay.connector.queue.sqs.SqsQueueServiceTest
ERROR [2023-02-08 14:49:54,856] uk.gov.pay.connector.queue.sqs.SqsQueueService: Failed sending message to SQS queue - null (Service: null; Status Code: 0; Error Code: null; Request ID: null)
ERROR [2023-02-08 14:49:54,857] uk.gov.pay.connector.queue.sqs.SqsQueueService: Failed to receive messages from SQS queue - null (Service: null; Status Code: 0; Error Code: null; Request ID: null)
[INFO] Tests run: 5, Failures: 0, Errors: 0, Skipped: 0, Time elapsed: 0.022 s - in uk.gov.pay.connector.queue.sqs.SqsQueueServiceTest
[INFO] Running uk.gov.pay.connector.wallets.applepay.ApplePayServiceTest
[INFO] Tests run: 2, Failures: 0, Errors: 0, Skipped: 0, Time elapsed: 0.01 s - in uk.gov.pay.connector.wallets.applepay.ApplePayServiceTest
[INFO] Running uk.gov.pay.connector.wallets.googlepay.api.GooglePayAuthRequestTest
[INFO] Tests run: 1, Failures: 0, Errors: 0, Skipped: 0, Time elapsed: 0.001 s - in uk.gov.pay.connector.wallets.googlepay.api.GooglePayAuthRequestTest
[INFO] Running uk.gov.pay.connector.wallets.googlepay.GooglePayServiceTest
[INFO] Tests run: 3, Failures: 0, Errors: 0, Skipped: 0, Time elapsed: 0.002 s - in uk.gov.pay.connector.wallets.googlepay.GooglePayServiceTest
[INFO] Running uk.gov.pay.connector.wallets.WalletAuthoriseServiceForGooglePay3dsTest
[INFO] Tests run: 1, Failures: 0, Errors: 0, Skipped: 0, Time elapsed: 0.01 s - in uk.gov.pay.connector.wallets.WalletAuthoriseServiceForGooglePay3dsTest
[INFO] Running uk.gov.pay.connector.wallets.WalletAuthoriseServiceTest
ERROR [2023-02-08 14:49:54,891] uk.gov.pay.connector.wallets.WalletAuthoriseService: Error occurred authorising charge. Charge external id: 810g1vja9qt6lcjet8briac6hc; message: Mock for WorldpayOrderStatusResponse, hashCode: 1501049650
WARN  [2023-02-08 14:49:54,891] uk.gov.pay.connector.paymentprocessor.service.AuthorisationService: AuthCardDetails authorisation response received with no transaction id. -  charge_external_id=810g1vja9qt6lcjet8briac6hc
WARN  [2023-02-08 14:49:54,894] uk.gov.pay.connector.charge.model.domain.ChargeEntity: Charge with state CREATED cannot proceed to AUTHORISATION READY [charge_external_id=6su2o783b0hc611euhln4nfula, charge_status=AUTHORISATION READY, event=Event{resourceExternalId='null', eventDetails=uk.gov.pay.connector.events.eventdetails.EmptyEventDetails, timestamp=null}]
WARN  [2023-02-08 14:49:54,911] uk.gov.pay.connector.charge.model.domain.ChargeEntity: Charge with state AUTHORISATION READY cannot proceed to AUTHORISATION READY [charge_external_id=98j5reqik7jqeq1omp1jfl0oh6, charge_status=AUTHORISATION READY, event=Event{resourceExternalId='null', eventDetails=uk.gov.pay.connector.events.eventdetails.EmptyEventDetails, timestamp=null}]
ERROR [2023-02-08 14:49:54,918] uk.gov.pay.connector.wallets.WalletAuthoriseService: Error occurred authorising charge. Charge external id: 5rcfiu9tdkocsa5ftvl7pgl7oq; message: Malformed response received
ERROR [2023-02-08 14:49:54,918] uk.gov.pay.connector.wallets.WalletAuthoriseService: Response from gateway: null
WARN  [2023-02-08 14:49:54,918] uk.gov.pay.connector.paymentprocessor.service.AuthorisationService: AuthCardDetails authorisation response received with no transaction id. -  charge_external_id=5rcfiu9tdkocsa5ftvl7pgl7oq
ERROR [2023-02-08 14:49:54,929] uk.gov.pay.connector.wallets.WalletAuthoriseService: Error occurred authorising charge. Charge external id: dnbinnilnljkpupl1mlvasja8u; message: Mock for WorldpayOrderStatusResponse, hashCode: 469576646
WARN  [2023-02-08 14:49:54,930] uk.gov.pay.connector.paymentprocessor.service.AuthorisationService: AuthCardDetails authorisation response received with no transaction id. -  charge_external_id=dnbinnilnljkpupl1mlvasja8u
ERROR [2023-02-08 14:49:54,938] uk.gov.pay.connector.wallets.WalletAuthoriseService: Error occurred authorising charge. Charge external id: 640r8jcqpt9n4af7b5jkn3hadb; message: Connection timed out
WARN  [2023-02-08 14:49:54,938] uk.gov.pay.connector.paymentprocessor.service.AuthorisationService: AuthCardDetails authorisation response received with no transaction id. -  charge_external_id=640r8jcqpt9n4af7b5jkn3hadb
ERROR [2023-02-08 14:49:54,945] uk.gov.pay.connector.wallets.WalletAuthoriseService: Error occurred authorising charge. Charge external id: 8mv626k84sgo4s9vlc61qlcce2; message: Mock for WorldpayOrderStatusResponse, hashCode: 553435591
WARN  [2023-02-08 14:49:54,946] uk.gov.pay.connector.paymentprocessor.service.AuthorisationService: AuthCardDetails authorisation response received with no transaction id. -  charge_external_id=8mv626k84sgo4s9vlc61qlcce2
[INFO] Tests run: 19, Failures: 0, Errors: 0, Skipped: 0, Time elapsed: 0.066 s - in uk.gov.pay.connector.wallets.WalletAuthoriseServiceTest
[INFO] Running uk.gov.pay.connector.tasks.service.ChargeParityCheckerTest
[INFO] Tests run: 16, Failures: 0, Errors: 0, Skipped: 0, Time elapsed: 0.012 s - in uk.gov.pay.connector.tasks.service.ChargeParityCheckerTest
[INFO] Running uk.gov.pay.connector.tasks.service.RefundParityCheckerTest
[INFO] Tests run: 8, Failures: 0, Errors: 0, Skipped: 0, Time elapsed: 0.002 s - in uk.gov.pay.connector.tasks.service.RefundParityCheckerTest
[INFO] Running uk.gov.pay.connector.tasks.ParityCheckServiceTest
[INFO] Tests run: 5, Failures: 0, Errors: 0, Skipped: 0, Time elapsed: 0.008 s - in uk.gov.pay.connector.tasks.ParityCheckServiceTest
[INFO] Running uk.gov.pay.connector.usernotification.model.NotificationsTest
[INFO] Tests run: 2, Failures: 0, Errors: 0, Skipped: 0, Time elapsed: 0.002 s - in uk.gov.pay.connector.usernotification.model.NotificationsTest
[INFO] Running uk.gov.pay.connector.usernotification.model.EvaluatedChargeStatusNotificationTest
[INFO] Tests run: 1, Failures: 0, Errors: 0, Skipped: 0, Time elapsed: 0.001 s - in uk.gov.pay.connector.usernotification.model.EvaluatedChargeStatusNotificationTest
[INFO] Running uk.gov.pay.connector.usernotification.model.EvaluatedRefundStatusNotificationTest
[INFO] Tests run: 1, Failures: 0, Errors: 0, Skipped: 0, Time elapsed: 0 s - in uk.gov.pay.connector.usernotification.model.EvaluatedRefundStatusNotificationTest
[INFO] Running uk.gov.pay.connector.usernotification.service.UserNotificationServiceTest
WARN  [2023-02-08 14:49:55,036] uk.gov.pay.connector.usernotification.service.UserNotificationService: Email notifications is disabled by configuration
ERROR [2023-02-08 14:49:55,052] uk.gov.pay.connector.usernotification.service.UserNotificationService: Failed to send PAYMENT_CONFIRMED email - charge_external_id=nurtv2shpnoq903jhjjg2289n1
! uk.gov.service.notify.NotificationClientException: null
WARN  [2023-02-08 14:49:55,078] uk.gov.pay.connector.usernotification.service.UserNotificationService: Cannot send email for charge_external_id = rf6bfoi05hmeofd4r812bnjt7e because the charge does not have an email address
ERROR [2023-02-08 14:49:55,086] uk.gov.pay.connector.usernotification.service.UserNotificationService: Failed to send REFUND_ISSUED email - charge_external_id=s5e6pai26r5gf1tavuhq6937j4
! uk.gov.service.notify.NotificationClientException: null
WARN  [2023-02-08 14:49:55,089] uk.gov.pay.connector.usernotification.service.UserNotificationService: Email notifications is disabled by configuration
[INFO] Tests run: 22, Failures: 0, Errors: 0, Skipped: 0, Time elapsed: 0.099 s - in uk.gov.pay.connector.usernotification.service.UserNotificationServiceTest
[INFO] Running uk.gov.pay.connector.usernotification.service.GatewayAccountNotificationCredentialsServiceTest
[INFO] Tests run: 3, Failures: 0, Errors: 0, Skipped: 0, Time elapsed: 0.002 s - in uk.gov.pay.connector.usernotification.service.GatewayAccountNotificationCredentialsServiceTest
[INFO] Running uk.gov.pay.connector.usernotification.service.UserNotificationServiceEmailCollectionModeTest
[INFO] Tests run: 4, Failures: 0, Errors: 0, Skipped: 0, Time elapsed: 0.006 s - in uk.gov.pay.connector.usernotification.service.UserNotificationServiceEmailCollectionModeTest
[INFO] Running uk.gov.pay.connector.resources.PerformanceReportResourceTest
[INFO] Tests run: 2, Failures: 0, Errors: 0, Skipped: 0, Time elapsed: 0.032 s - in uk.gov.pay.connector.resources.PerformanceReportResourceTest
[INFO] Running uk.gov.pay.connector.resources.ApiValidatorsTest
[INFO] Tests run: 23, Failures: 0, Errors: 0, Skipped: 0, Time elapsed: 0.014 s - in uk.gov.pay.connector.resources.ApiValidatorsTest
[INFO] Running uk.gov.pay.connector.resources.AuthCardDetailsValidatorTest
[INFO] Tests run: 52, Failures: 0, Errors: 0, Skipped: 0, Time elapsed: 0.018 s - in uk.gov.pay.connector.resources.AuthCardDetailsValidatorTest
[INFO] Running uk.gov.pay.connector.resources.GatewayAccountPerformanceReportResourceTest
[INFO] Tests run: 2, Failures: 0, Errors: 0, Skipped: 0, Time elapsed: 0.002 s - in uk.gov.pay.connector.resources.GatewayAccountPerformanceReportResourceTest
[INFO] Running uk.gov.pay.connector.it.util.XMLUnmarshallerTest
[ERROR] Tests run: 1, Failures: 0, Errors: 1, Skipped: 0, Time elapsed: 0.117 s <<< FAILURE! - in uk.gov.pay.connector.it.util.XMLUnmarshallerTest
[ERROR] uk.gov.pay.connector.it.util.XMLUnmarshallerTest.shouldUnmarshallXmlIgnoringDTD  Time elapsed: 0.115 s  <<< ERROR!
java.lang.NoClassDefFoundError: org/eclipse/jetty/io/ChannelEndPoint
	at uk.gov.pay.connector.it.util.XMLUnmarshallerTest.<init>(XMLUnmarshallerTest.java:24)
Caused by: java.lang.ClassNotFoundException: org.eclipse.jetty.io.ChannelEndPoint
	at uk.gov.pay.connector.it.util.XMLUnmarshallerTest.<init>(XMLUnmarshallerTest.java:24)

[INFO] Running uk.gov.pay.connector.it.resources.PayersCardTypesResourceITest
[WARNING] Tests run: 6, Failures: 0, Errors: 0, Skipped: 5, Time elapsed: 0.068 s - in uk.gov.pay.connector.it.resources.PayersCardTypesResourceITest
[INFO] Running uk.gov.pay.connector.healthcheck.PingTest
[INFO] Tests run: 1, Failures: 0, Errors: 0, Skipped: 0, Time elapsed: 0.001 s - in uk.gov.pay.connector.healthcheck.PingTest
[INFO] 
[INFO] Results:
[INFO] 
[ERROR] Errors: 
[ERROR]   XMLUnmarshallerTest.<init>:24  NoClassDefFound org/eclipse/jetty/io/ChannelEn...
[INFO] 
[ERROR] Tests run: 1668, Failures: 0, Errors: 1, Skipped: 7
[INFO] 
[INFO] ------------------------------------------------------------------------
[INFO] BUILD FAILURE
[INFO] ------------------------------------------------------------------------
[INFO] Total time:  25.268 s
[INFO] Finished at: 2023-02-08T14:49:55Z
[INFO] ------------------------------------------------------------------------
[ERROR] Failed to execute goal org.apache.maven.plugins:maven-surefire-plugin:3.0.0-M5:test (default-test) on project pay-connector: There are test failures.
[ERROR] 
[ERROR] Please refer to /home/gabsko/breaking-updates/target/surefire-reports for the individual test results.
[ERROR] Please refer to dump files (if any exist) [date].dump, [date]-jvmRun[N].dump and [date].dumpstream.
[ERROR] -> [Help 1]
[ERROR] 
[ERROR] To see the full stack trace of the errors, re-run Maven with the -e switch.
[ERROR] Re-run Maven using the -X switch to enable full debug logging.
[ERROR] 
[ERROR] For more information about the errors and possible solutions, please read the following articles:
[ERROR] [Help 1] http://cwiki.apache.org/confluence/display/MAVEN/MojoFailureException
