[INFO] Scanning for projects...
[WARNING] The POM for org.jenkins-ci.tools:maven-hpi-plugin:jar:3.15 is missing, no dependency information available
[WARNING] Failed to build parent project for org.jenkins-ci.plugins:config-file-provider:hpi:3.7.1-SNAPSHOT
[INFO] 
[INFO] ------------< org.jenkins-ci.plugins:config-file-provider >-------------
[INFO] Building Config File Provider Plugin 3.7.1-SNAPSHOT
[INFO] --------------------------------[ hpi ]---------------------------------
[INFO] 
[INFO] --- maven-clean-plugin:3.1.0:clean (default-clean) @ config-file-provider ---
[INFO] Deleting /home/gabsko/breaking-updates/target
[INFO] 
[INFO] --- maven-hpi-plugin:2.2:validate (default-validate) @ config-file-provider ---
[INFO] 
[INFO] --- maven-enforcer-plugin:3.0.0-M3:display-info (display-info) @ config-file-provider ---
[INFO] Maven Version: 3.8.6
[INFO] JDK Version: 11.0.17 normalized as: 11.0.17
[INFO] OS Info: Arch: amd64 Family: unix Name: linux Version: 5.4.0-113-generic
[INFO] 
[INFO] --- maven-enforcer-plugin:3.0.0-M3:enforce (display-info) @ config-file-provider ---
[INFO] Adding ignore: module-info
[INFO] Ignoring requireUpperBoundDeps in com.google.guava:guava
[INFO] 
[INFO] --- maven-enforcer-plugin:3.0.0-M3:enforce (no-snapshots-in-release) @ config-file-provider ---
[INFO] 
[INFO] --- gmavenplus-plugin:1.9.0:addTestSources (test-in-groovy) @ config-file-provider ---
[INFO] 
[INFO] --- maven-localizer-plugin:1.26:generate (default) @ config-file-provider ---
[INFO] 
[INFO] --- maven-resources-plugin:3.1.0:resources (default-resources) @ config-file-provider ---
[INFO] Using 'UTF-8' encoding to copy filtered resources.
[INFO] Copying 99 resources
[INFO] 
[INFO] --- maven-compiler-plugin:3.8.1:compile (default-compile) @ config-file-provider ---
[INFO] Changes detected - recompiling the module!
[INFO] Compiling 55 source files to /home/gabsko/breaking-updates/target/classes
[INFO] /home/gabsko/breaking-updates/src/main/java/org/jenkinsci/plugins/configfiles/maven/AbstractMavenSettingsProvider.java: Some input files use or override a deprecated API.
[INFO] /home/gabsko/breaking-updates/src/main/java/org/jenkinsci/plugins/configfiles/maven/AbstractMavenSettingsProvider.java: Recompile with -Xlint:deprecation for details.
[INFO] /home/gabsko/breaking-updates/src/main/java/org/jenkinsci/lib/configprovider/AbstractConfigProviderImpl.java: Some input files use unchecked or unsafe operations.
[INFO] /home/gabsko/breaking-updates/src/main/java/org/jenkinsci/lib/configprovider/AbstractConfigProviderImpl.java: Recompile with -Xlint:unchecked for details.
[INFO] 
[INFO] --- access-modifier-checker:1.16:enforce (default-enforce) @ config-file-provider ---
[INFO] 
[INFO] --- maven-hpi-plugin:2.2:insert-test (default-insert-test) @ config-file-provider ---
[INFO] 
[INFO] --- gmavenplus-plugin:1.9.0:generateTestStubs (test-in-groovy) @ config-file-provider ---
[INFO] No sources specified for stub generation. Skipping.
[INFO] Generated 0 stubs.
[INFO] 
[INFO] --- maven-antrun-plugin:3.0.0:run (createTempDir) @ config-file-provider ---
[INFO] Executing tasks
[INFO]     [mkdir] Created dir: /home/gabsko/breaking-updates/target/tmp
[INFO] Executed tasks
[INFO] 
[INFO] --- maven-resources-plugin:3.1.0:testResources (default-testResources) @ config-file-provider ---
[INFO] Using 'UTF-8' encoding to copy filtered resources.
[INFO] Copying 19 resources
[INFO] 
[INFO] --- maven-compiler-plugin:3.8.1:testCompile (default-testCompile) @ config-file-provider ---
[INFO] Changes detected - recompiling the module!
[INFO] Compiling 18 source files to /home/gabsko/breaking-updates/target/test-classes
[INFO] /home/gabsko/breaking-updates/src/test/java/org/jenkinsci/plugins/configfiles/maven/job/MvnSettingsProviderTest.java: Some input files use or override a deprecated API.
[INFO] /home/gabsko/breaking-updates/src/test/java/org/jenkinsci/plugins/configfiles/maven/job/MvnSettingsProviderTest.java: Recompile with -Xlint:deprecation for details.
[INFO] /home/gabsko/breaking-updates/src/test/java/org/jenkinsci/plugins/configfiles/maven/MavenSettingsConfigTest.java: Some input files use unchecked or unsafe operations.
[INFO] /home/gabsko/breaking-updates/src/test/java/org/jenkinsci/plugins/configfiles/maven/MavenSettingsConfigTest.java: Recompile with -Xlint:unchecked for details.
[INFO] 
[INFO] --- maven-hpi-plugin:2.2:test-hpl (default-test-hpl) @ config-file-provider ---
[INFO] Generating /home/gabsko/breaking-updates/target/test-classes/the.hpl
[INFO] 
[INFO] --- maven-hpi-plugin:2.2:resolve-test-dependencies (default-resolve-test-dependencies) @ config-file-provider ---
[INFO] Downloading from repo.jenkins-ci.org: https://repo.jenkins-ci.org/public/io/jenkins/plugins/snakeyaml-api/1.26.3/snakeyaml-api-1.26.3.hpi
[INFO] Downloaded from repo.jenkins-ci.org: https://repo.jenkins-ci.org/public/io/jenkins/plugins/snakeyaml-api/1.26.3/snakeyaml-api-1.26.3.hpi (277 kB at 147 kB/s)
[INFO] Downloading from repo.jenkins-ci.org: https://repo.jenkins-ci.org/public/io/jenkins/configuration-as-code/1.43/configuration-as-code-1.43.hpi
[INFO] Downloaded from repo.jenkins-ci.org: https://repo.jenkins-ci.org/public/io/jenkins/configuration-as-code/1.43/configuration-as-code-1.43.hpi (2.3 MB at 2.1 MB/s)
[INFO] 
[INFO] --- gmavenplus-plugin:1.9.0:compileTests (test-in-groovy) @ config-file-provider ---
[INFO] No sources specified for compilation. Skipping.
[INFO] 
[INFO] --- maven-surefire-plugin:3.0.0-M5:test (default-test) @ config-file-provider ---
[INFO] 
[INFO] -------------------------------------------------------
[INFO]  T E S T S
[INFO] -------------------------------------------------------
[INFO] Running InjectedTest
[ERROR] WARNING: An illegal reflective access operation has occurred
[ERROR] WARNING: Illegal reflective access by com.thoughtworks.xstream.core.util.Fields (file:/home/gabsko/.m2/repository/org/jvnet/hudson/xstream/1.4.7-jenkins-1/xstream-1.4.7-jenkins-1.jar) to field java.util.TreeMap.comparator
[ERROR] WARNING: Please consider reporting this to the maintainers of com.thoughtworks.xstream.core.util.Fields
[ERROR] WARNING: Use --illegal-access=warn to enable warnings of further illegal reflective access operations
[ERROR] WARNING: All illegal access operations will be denied in a future release
[ERROR] Tests run: 26, Failures: 0, Errors: 1, Skipped: 0, Time elapsed: 2.169 s <<< FAILURE! - in InjectedTest
[ERROR] org.jvnet.hudson.test.junit.FailedTest.org.jvnet.hudson.test.JellyTestSuiteBuilder$JellyTestSuite  Time elapsed: 0.005 s  <<< ERROR!
java.lang.EnumConstantNotPresentException: hudson.init.InitMilestone.SYSTEM_CONFIG_LOADED
	at java.base/sun.reflect.annotation.EnumConstantNotPresentExceptionProxy.generateException(EnumConstantNotPresentExceptionProxy.java:46)
	at java.base/sun.reflect.annotation.AnnotationInvocationHandler.invoke(AnnotationInvocationHandler.java:86)
	at com.sun.proxy.$Proxy45.after(Unknown Source)
	at hudson.init.InitializerFinder.afterOf(InitializerFinder.java:60)
	at hudson.init.InitializerFinder.afterOf(InitializerFinder.java:33)
	at hudson.init.TaskMethodFinder$TaskImpl.<init>(TaskMethodFinder.java:140)
	at hudson.init.TaskMethodFinder$TaskImpl.<init>(TaskMethodFinder.java:131)
	at hudson.init.TaskMethodFinder.discoverTasks(TaskMethodFinder.java:62)
	at hudson.init.InitializerFinder.discoverTasks(InitializerFinder.java:33)
	at hudson.init.TaskMethodFinder.discoverTasks(TaskMethodFinder.java:32)
	at org.jvnet.hudson.reactor.TaskBuilder$2.discoverTasks(TaskBuilder.java:61)
	at org.jvnet.hudson.reactor.Reactor.<init>(Reactor.java:151)
	at org.jvnet.hudson.reactor.Reactor.<init>(Reactor.java:156)
	at jenkins.model.Jenkins$5.<init>(Jenkins.java:1078)
	at jenkins.model.Jenkins.executeReactor(Jenkins.java:1078)
	at jenkins.model.Jenkins.<init>(Jenkins.java:936)
	at hudson.model.Hudson.<init>(Hudson.java:85)
	at org.jvnet.hudson.test.HudsonTestCase.newHudson(HudsonTestCase.java:489)
	at org.jvnet.hudson.test.HudsonTestCase.setUp(HudsonTestCase.java:320)
	at org.jvnet.hudson.test.JellyTestSuiteBuilder$JellyTestSuite.setUp(JellyTestSuiteBuilder.java:143)
	at org.jvnet.hudson.test.junit.GroupedTest.run(GroupedTest.java:49)
	at junit.framework.TestSuite.runTest(TestSuite.java:241)
	at junit.framework.TestSuite.run(TestSuite.java:236)
	at org.junit.internal.runners.JUnit38ClassRunner.run(JUnit38ClassRunner.java:90)
	at org.apache.maven.surefire.junit4.JUnit4Provider.execute(JUnit4Provider.java:364)
	at org.apache.maven.surefire.junit4.JUnit4Provider.executeWithRerun(JUnit4Provider.java:272)
	at org.apache.maven.surefire.junit4.JUnit4Provider.executeTestSet(JUnit4Provider.java:237)
	at org.apache.maven.surefire.junit4.JUnit4Provider.invoke(JUnit4Provider.java:158)
	at org.apache.maven.surefire.booter.ForkedBooter.runSuitesInProcess(ForkedBooter.java:428)
	at org.apache.maven.surefire.booter.ForkedBooter.execute(ForkedBooter.java:162)
	at org.apache.maven.surefire.booter.ForkedBooter.run(ForkedBooter.java:562)
	at org.apache.maven.surefire.booter.ForkedBooter.main(ForkedBooter.java:548)

[INFO] Running org.jenkinsci.lib.configprovider.SystemConfigFilesManagementTest
[ERROR] Tests run: 3, Failures: 0, Errors: 3, Skipped: 0, Time elapsed: 0.303 s <<< FAILURE! - in org.jenkinsci.lib.configprovider.SystemConfigFilesManagementTest
[ERROR] org.jenkinsci.lib.configprovider.SystemConfigFilesManagementTest.testDynamicCreationOfConfigs2  Time elapsed: 0.112 s  <<< ERROR!
java.lang.EnumConstantNotPresentException: hudson.init.InitMilestone.SYSTEM_CONFIG_LOADED
	at java.base/sun.reflect.annotation.EnumConstantNotPresentExceptionProxy.generateException(EnumConstantNotPresentExceptionProxy.java:46)
	at java.base/sun.reflect.annotation.AnnotationInvocationHandler.invoke(AnnotationInvocationHandler.java:86)
	at com.sun.proxy.$Proxy45.after(Unknown Source)
	at hudson.init.InitializerFinder.afterOf(InitializerFinder.java:60)
	at hudson.init.InitializerFinder.afterOf(InitializerFinder.java:33)
	at hudson.init.TaskMethodFinder$TaskImpl.<init>(TaskMethodFinder.java:140)
	at hudson.init.TaskMethodFinder$TaskImpl.<init>(TaskMethodFinder.java:131)
	at hudson.init.TaskMethodFinder.discoverTasks(TaskMethodFinder.java:62)
	at hudson.init.InitializerFinder.discoverTasks(InitializerFinder.java:33)
	at hudson.init.TaskMethodFinder.discoverTasks(TaskMethodFinder.java:32)
	at org.jvnet.hudson.reactor.TaskBuilder$2.discoverTasks(TaskBuilder.java:61)
	at org.jvnet.hudson.reactor.Reactor.<init>(Reactor.java:151)
	at org.jvnet.hudson.reactor.Reactor.<init>(Reactor.java:156)
	at jenkins.model.Jenkins$5.<init>(Jenkins.java:1078)
	at jenkins.model.Jenkins.executeReactor(Jenkins.java:1078)
	at jenkins.model.Jenkins.<init>(Jenkins.java:936)
	at hudson.model.Hudson.<init>(Hudson.java:85)
	at org.jvnet.hudson.test.JenkinsRule.newHudson(JenkinsRule.java:673)
	at org.jvnet.hudson.test.JenkinsRule.before(JenkinsRule.java:402)
	at org.jvnet.hudson.test.JenkinsRule$1.evaluate(JenkinsRule.java:593)
	at org.junit.internal.runners.statements.FailOnTimeout$CallableStatement.call(FailOnTimeout.java:288)
	at org.junit.internal.runners.statements.FailOnTimeout$CallableStatement.call(FailOnTimeout.java:282)
	at java.base/java.util.concurrent.FutureTask.run(FutureTask.java:264)
	at java.base/java.lang.Thread.run(Thread.java:829)

[ERROR] org.jenkinsci.lib.configprovider.SystemConfigFilesManagementTest.testLoadAndMergeOldData  Time elapsed: 0.091 s  <<< ERROR!
java.lang.EnumConstantNotPresentException: hudson.init.InitMilestone.SYSTEM_CONFIG_LOADED
	at java.base/sun.reflect.annotation.EnumConstantNotPresentExceptionProxy.generateException(EnumConstantNotPresentExceptionProxy.java:46)
	at java.base/sun.reflect.annotation.AnnotationInvocationHandler.invoke(AnnotationInvocationHandler.java:86)
	at com.sun.proxy.$Proxy45.after(Unknown Source)
	at hudson.init.InitializerFinder.afterOf(InitializerFinder.java:60)
	at hudson.init.InitializerFinder.afterOf(InitializerFinder.java:33)
	at hudson.init.TaskMethodFinder$TaskImpl.<init>(TaskMethodFinder.java:140)
	at hudson.init.TaskMethodFinder$TaskImpl.<init>(TaskMethodFinder.java:131)
	at hudson.init.TaskMethodFinder.discoverTasks(TaskMethodFinder.java:62)
	at hudson.init.InitializerFinder.discoverTasks(InitializerFinder.java:33)
	at hudson.init.TaskMethodFinder.discoverTasks(TaskMethodFinder.java:32)
	at org.jvnet.hudson.reactor.TaskBuilder$2.discoverTasks(TaskBuilder.java:61)
	at org.jvnet.hudson.reactor.Reactor.<init>(Reactor.java:151)
	at org.jvnet.hudson.reactor.Reactor.<init>(Reactor.java:156)
	at jenkins.model.Jenkins$5.<init>(Jenkins.java:1078)
	at jenkins.model.Jenkins.executeReactor(Jenkins.java:1078)
	at jenkins.model.Jenkins.<init>(Jenkins.java:936)
	at hudson.model.Hudson.<init>(Hudson.java:85)
	at org.jvnet.hudson.test.JenkinsRule.newHudson(JenkinsRule.java:673)
	at org.jvnet.hudson.test.JenkinsRule.before(JenkinsRule.java:402)
	at org.jvnet.hudson.test.JenkinsRule$1.evaluate(JenkinsRule.java:593)
	at org.junit.internal.runners.statements.FailOnTimeout$CallableStatement.call(FailOnTimeout.java:288)
	at org.junit.internal.runners.statements.FailOnTimeout$CallableStatement.call(FailOnTimeout.java:282)
	at java.base/java.util.concurrent.FutureTask.run(FutureTask.java:264)
	at java.base/java.lang.Thread.run(Thread.java:829)

[ERROR] org.jenkinsci.lib.configprovider.SystemConfigFilesManagementTest.testDynamicCreationOfConfigs  Time elapsed: 0.092 s  <<< ERROR!
java.lang.EnumConstantNotPresentException: hudson.init.InitMilestone.SYSTEM_CONFIG_LOADED
	at java.base/sun.reflect.annotation.EnumConstantNotPresentExceptionProxy.generateException(EnumConstantNotPresentExceptionProxy.java:46)
	at java.base/sun.reflect.annotation.AnnotationInvocationHandler.invoke(AnnotationInvocationHandler.java:86)
	at com.sun.proxy.$Proxy45.after(Unknown Source)
	at hudson.init.InitializerFinder.afterOf(InitializerFinder.java:60)
	at hudson.init.InitializerFinder.afterOf(InitializerFinder.java:33)
	at hudson.init.TaskMethodFinder$TaskImpl.<init>(TaskMethodFinder.java:140)
	at hudson.init.TaskMethodFinder$TaskImpl.<init>(TaskMethodFinder.java:131)
	at hudson.init.TaskMethodFinder.discoverTasks(TaskMethodFinder.java:62)
	at hudson.init.InitializerFinder.discoverTasks(InitializerFinder.java:33)
	at hudson.init.TaskMethodFinder.discoverTasks(TaskMethodFinder.java:32)
	at org.jvnet.hudson.reactor.TaskBuilder$2.discoverTasks(TaskBuilder.java:61)
	at org.jvnet.hudson.reactor.Reactor.<init>(Reactor.java:151)
	at org.jvnet.hudson.reactor.Reactor.<init>(Reactor.java:156)
	at jenkins.model.Jenkins$5.<init>(Jenkins.java:1078)
	at jenkins.model.Jenkins.executeReactor(Jenkins.java:1078)
	at jenkins.model.Jenkins.<init>(Jenkins.java:936)
	at hudson.model.Hudson.<init>(Hudson.java:85)
	at org.jvnet.hudson.test.JenkinsRule.newHudson(JenkinsRule.java:673)
	at org.jvnet.hudson.test.JenkinsRule.before(JenkinsRule.java:402)
	at org.jvnet.hudson.test.JenkinsRule$1.evaluate(JenkinsRule.java:593)
	at org.junit.internal.runners.statements.FailOnTimeout$CallableStatement.call(FailOnTimeout.java:288)
	at org.junit.internal.runners.statements.FailOnTimeout$CallableStatement.call(FailOnTimeout.java:282)
	at java.base/java.util.concurrent.FutureTask.run(FutureTask.java:264)
	at java.base/java.lang.Thread.run(Thread.java:829)

[INFO] Running org.jenkinsci.plugins.configfiles.ConfigFileStoreTest
[ERROR] Tests run: 1, Failures: 0, Errors: 1, Skipped: 0, Time elapsed: 0.035 s <<< FAILURE! - in org.jenkinsci.plugins.configfiles.ConfigFileStoreTest
[ERROR] org.jenkinsci.plugins.configfiles.ConfigFileStoreTest.testSaveGlobalConfigFiles  Time elapsed: 0.025 s  <<< ERROR!
java.lang.EnumConstantNotPresentException: hudson.init.InitMilestone.SYSTEM_CONFIG_LOADED
	at java.base/sun.reflect.annotation.EnumConstantNotPresentExceptionProxy.generateException(EnumConstantNotPresentExceptionProxy.java:46)
	at java.base/sun.reflect.annotation.AnnotationInvocationHandler.invoke(AnnotationInvocationHandler.java:86)
	at com.sun.proxy.$Proxy45.after(Unknown Source)
	at hudson.init.InitializerFinder.afterOf(InitializerFinder.java:60)
	at hudson.init.InitializerFinder.afterOf(InitializerFinder.java:33)
	at hudson.init.TaskMethodFinder$TaskImpl.<init>(TaskMethodFinder.java:140)
	at hudson.init.TaskMethodFinder$TaskImpl.<init>(TaskMethodFinder.java:131)
	at hudson.init.TaskMethodFinder.discoverTasks(TaskMethodFinder.java:62)
	at hudson.init.InitializerFinder.discoverTasks(InitializerFinder.java:33)
	at hudson.init.TaskMethodFinder.discoverTasks(TaskMethodFinder.java:32)
	at org.jvnet.hudson.reactor.TaskBuilder$2.discoverTasks(TaskBuilder.java:61)
	at org.jvnet.hudson.reactor.Reactor.<init>(Reactor.java:151)
	at org.jvnet.hudson.reactor.Reactor.<init>(Reactor.java:156)
	at jenkins.model.Jenkins$5.<init>(Jenkins.java:1078)
	at jenkins.model.Jenkins.executeReactor(Jenkins.java:1078)
	at jenkins.model.Jenkins.<init>(Jenkins.java:936)
	at hudson.model.Hudson.<init>(Hudson.java:85)
	at org.jvnet.hudson.test.JenkinsRule.newHudson(JenkinsRule.java:673)
	at org.jvnet.hudson.test.JenkinsRule.before(JenkinsRule.java:402)
	at org.jvnet.hudson.test.JenkinsRule$1.evaluate(JenkinsRule.java:593)
	at org.junit.internal.runners.statements.FailOnTimeout$CallableStatement.call(FailOnTimeout.java:288)
	at org.junit.internal.runners.statements.FailOnTimeout$CallableStatement.call(FailOnTimeout.java:282)
	at java.base/java.util.concurrent.FutureTask.run(FutureTask.java:264)
	at java.base/java.lang.Thread.run(Thread.java:829)

[INFO] Running org.jenkinsci.plugins.configfiles.ConfigFilesSEC1253Test
[ERROR] Tests run: 2, Failures: 0, Errors: 2, Skipped: 0, Time elapsed: 0.091 s <<< FAILURE! - in org.jenkinsci.plugins.configfiles.ConfigFilesSEC1253Test
[ERROR] org.jenkinsci.plugins.configfiles.ConfigFilesSEC1253Test.xssPrevention  Time elapsed: 0.034 s  <<< ERROR!
java.lang.EnumConstantNotPresentException: hudson.init.InitMilestone.SYSTEM_CONFIG_LOADED
	at java.base/sun.reflect.annotation.EnumConstantNotPresentExceptionProxy.generateException(EnumConstantNotPresentExceptionProxy.java:46)
	at java.base/sun.reflect.annotation.AnnotationInvocationHandler.invoke(AnnotationInvocationHandler.java:86)
	at com.sun.proxy.$Proxy45.after(Unknown Source)
	at hudson.init.InitializerFinder.afterOf(InitializerFinder.java:60)
	at hudson.init.InitializerFinder.afterOf(InitializerFinder.java:33)
	at hudson.init.TaskMethodFinder$TaskImpl.<init>(TaskMethodFinder.java:140)
	at hudson.init.TaskMethodFinder$TaskImpl.<init>(TaskMethodFinder.java:131)
	at hudson.init.TaskMethodFinder.discoverTasks(TaskMethodFinder.java:62)
	at hudson.init.InitializerFinder.discoverTasks(InitializerFinder.java:33)
	at hudson.init.TaskMethodFinder.discoverTasks(TaskMethodFinder.java:32)
	at org.jvnet.hudson.reactor.TaskBuilder$2.discoverTasks(TaskBuilder.java:61)
	at org.jvnet.hudson.reactor.Reactor.<init>(Reactor.java:151)
	at org.jvnet.hudson.reactor.Reactor.<init>(Reactor.java:156)
	at jenkins.model.Jenkins$5.<init>(Jenkins.java:1078)
	at jenkins.model.Jenkins.executeReactor(Jenkins.java:1078)
	at jenkins.model.Jenkins.<init>(Jenkins.java:936)
	at hudson.model.Hudson.<init>(Hudson.java:85)
	at org.jvnet.hudson.test.JenkinsRule.newHudson(JenkinsRule.java:673)
	at org.jvnet.hudson.test.JenkinsRule.before(JenkinsRule.java:402)
	at org.jvnet.hudson.test.JenkinsRule$1.evaluate(JenkinsRule.java:593)
	at org.junit.internal.runners.statements.FailOnTimeout$CallableStatement.call(FailOnTimeout.java:288)
	at org.junit.internal.runners.statements.FailOnTimeout$CallableStatement.call(FailOnTimeout.java:282)
	at java.base/java.util.concurrent.FutureTask.run(FutureTask.java:264)
	at java.base/java.lang.Thread.run(Thread.java:829)

[ERROR] org.jenkinsci.plugins.configfiles.ConfigFilesSEC1253Test.regularCaseStillWorking  Time elapsed: 0.048 s  <<< ERROR!
java.lang.EnumConstantNotPresentException: hudson.init.InitMilestone.SYSTEM_CONFIG_LOADED
	at java.base/sun.reflect.annotation.EnumConstantNotPresentExceptionProxy.generateException(EnumConstantNotPresentExceptionProxy.java:46)
	at java.base/sun.reflect.annotation.AnnotationInvocationHandler.invoke(AnnotationInvocationHandler.java:86)
	at com.sun.proxy.$Proxy45.after(Unknown Source)
	at hudson.init.InitializerFinder.afterOf(InitializerFinder.java:60)
	at hudson.init.InitializerFinder.afterOf(InitializerFinder.java:33)
	at hudson.init.TaskMethodFinder$TaskImpl.<init>(TaskMethodFinder.java:140)
	at hudson.init.TaskMethodFinder$TaskImpl.<init>(TaskMethodFinder.java:131)
	at hudson.init.TaskMethodFinder.discoverTasks(TaskMethodFinder.java:62)
	at hudson.init.InitializerFinder.discoverTasks(InitializerFinder.java:33)
	at hudson.init.TaskMethodFinder.discoverTasks(TaskMethodFinder.java:32)
	at org.jvnet.hudson.reactor.TaskBuilder$2.discoverTasks(TaskBuilder.java:61)
	at org.jvnet.hudson.reactor.Reactor.<init>(Reactor.java:151)
	at org.jvnet.hudson.reactor.Reactor.<init>(Reactor.java:156)
	at jenkins.model.Jenkins$5.<init>(Jenkins.java:1078)
	at jenkins.model.Jenkins.executeReactor(Jenkins.java:1078)
	at jenkins.model.Jenkins.<init>(Jenkins.java:936)
	at hudson.model.Hudson.<init>(Hudson.java:85)
	at org.jvnet.hudson.test.JenkinsRule.newHudson(JenkinsRule.java:673)
	at org.jvnet.hudson.test.JenkinsRule.before(JenkinsRule.java:402)
	at org.jvnet.hudson.test.JenkinsRule$1.evaluate(JenkinsRule.java:593)
	at org.junit.internal.runners.statements.FailOnTimeout$CallableStatement.call(FailOnTimeout.java:288)
	at org.junit.internal.runners.statements.FailOnTimeout$CallableStatement.call(FailOnTimeout.java:282)
	at java.base/java.util.concurrent.FutureTask.run(FutureTask.java:264)
	at java.base/java.lang.Thread.run(Thread.java:829)

[INFO] Running org.jenkinsci.plugins.configfiles.ConfigFilesTest
[ERROR] Tests run: 1, Failures: 0, Errors: 1, Skipped: 0, Time elapsed: 0.049 s <<< FAILURE! - in org.jenkinsci.plugins.configfiles.ConfigFilesTest
[ERROR] org.jenkinsci.plugins.configfiles.ConfigFilesTest.testConfigContextResolver  Time elapsed: 0.04 s  <<< ERROR!
java.lang.EnumConstantNotPresentException: hudson.init.InitMilestone.SYSTEM_CONFIG_LOADED
	at java.base/sun.reflect.annotation.EnumConstantNotPresentExceptionProxy.generateException(EnumConstantNotPresentExceptionProxy.java:46)
	at java.base/sun.reflect.annotation.AnnotationInvocationHandler.invoke(AnnotationInvocationHandler.java:86)
	at com.sun.proxy.$Proxy45.after(Unknown Source)
	at hudson.init.InitializerFinder.afterOf(InitializerFinder.java:60)
	at hudson.init.InitializerFinder.afterOf(InitializerFinder.java:33)
	at hudson.init.TaskMethodFinder$TaskImpl.<init>(TaskMethodFinder.java:140)
	at hudson.init.TaskMethodFinder$TaskImpl.<init>(TaskMethodFinder.java:131)
	at hudson.init.TaskMethodFinder.discoverTasks(TaskMethodFinder.java:62)
	at hudson.init.InitializerFinder.discoverTasks(InitializerFinder.java:33)
	at hudson.init.TaskMethodFinder.discoverTasks(TaskMethodFinder.java:32)
	at org.jvnet.hudson.reactor.TaskBuilder$2.discoverTasks(TaskBuilder.java:61)
	at org.jvnet.hudson.reactor.Reactor.<init>(Reactor.java:151)
	at org.jvnet.hudson.reactor.Reactor.<init>(Reactor.java:156)
	at jenkins.model.Jenkins$5.<init>(Jenkins.java:1078)
	at jenkins.model.Jenkins.executeReactor(Jenkins.java:1078)
	at jenkins.model.Jenkins.<init>(Jenkins.java:936)
	at hudson.model.Hudson.<init>(Hudson.java:85)
	at org.jvnet.hudson.test.JenkinsRule.newHudson(JenkinsRule.java:673)
	at org.jvnet.hudson.test.JenkinsRule.before(JenkinsRule.java:402)
	at org.jvnet.hudson.test.JenkinsRule$1.evaluate(JenkinsRule.java:593)
	at org.junit.internal.runners.statements.FailOnTimeout$CallableStatement.call(FailOnTimeout.java:288)
	at org.junit.internal.runners.statements.FailOnTimeout$CallableStatement.call(FailOnTimeout.java:282)
	at java.base/java.util.concurrent.FutureTask.run(FutureTask.java:264)
	at java.base/java.lang.Thread.run(Thread.java:829)

[INFO] Running org.jenkinsci.plugins.configfiles.GlobalConfigFilesConfigAsCodeTest
[ERROR] Tests run: 1, Failures: 0, Errors: 1, Skipped: 0, Time elapsed: 0.049 s <<< FAILURE! - in org.jenkinsci.plugins.configfiles.GlobalConfigFilesConfigAsCodeTest
[ERROR] org.jenkinsci.plugins.configfiles.GlobalConfigFilesConfigAsCodeTest.should_set_config_files  Time elapsed: 0.039 s  <<< ERROR!
java.lang.EnumConstantNotPresentException: hudson.init.InitMilestone.SYSTEM_CONFIG_LOADED
	at java.base/sun.reflect.annotation.EnumConstantNotPresentExceptionProxy.generateException(EnumConstantNotPresentExceptionProxy.java:46)
	at java.base/sun.reflect.annotation.AnnotationInvocationHandler.invoke(AnnotationInvocationHandler.java:86)
	at com.sun.proxy.$Proxy45.after(Unknown Source)
	at hudson.init.InitializerFinder.afterOf(InitializerFinder.java:60)
	at hudson.init.InitializerFinder.afterOf(InitializerFinder.java:33)
	at hudson.init.TaskMethodFinder$TaskImpl.<init>(TaskMethodFinder.java:140)
	at hudson.init.TaskMethodFinder$TaskImpl.<init>(TaskMethodFinder.java:131)
	at hudson.init.TaskMethodFinder.discoverTasks(TaskMethodFinder.java:62)
	at hudson.init.InitializerFinder.discoverTasks(InitializerFinder.java:33)
	at hudson.init.TaskMethodFinder.discoverTasks(TaskMethodFinder.java:32)
	at org.jvnet.hudson.reactor.TaskBuilder$2.discoverTasks(TaskBuilder.java:61)
	at org.jvnet.hudson.reactor.Reactor.<init>(Reactor.java:151)
	at org.jvnet.hudson.reactor.Reactor.<init>(Reactor.java:156)
	at jenkins.model.Jenkins$5.<init>(Jenkins.java:1078)
	at jenkins.model.Jenkins.executeReactor(Jenkins.java:1078)
	at jenkins.model.Jenkins.<init>(Jenkins.java:936)
	at hudson.model.Hudson.<init>(Hudson.java:85)
	at org.jvnet.hudson.test.JenkinsRule.newHudson(JenkinsRule.java:673)
	at org.jvnet.hudson.test.JenkinsRule.before(JenkinsRule.java:402)
	at io.jenkins.plugins.casc.misc.JenkinsConfiguredWithCodeRule.before(JenkinsConfiguredWithCodeRule.java:23)
	at org.jvnet.hudson.test.JenkinsRule$1.evaluate(JenkinsRule.java:593)
	at org.junit.internal.runners.statements.FailOnTimeout$CallableStatement.call(FailOnTimeout.java:288)
	at org.junit.internal.runners.statements.FailOnTimeout$CallableStatement.call(FailOnTimeout.java:282)
	at java.base/java.util.concurrent.FutureTask.run(FutureTask.java:264)
	at java.base/java.lang.Thread.run(Thread.java:829)

[INFO] Running org.jenkinsci.plugins.configfiles.GlobalConfigFilesTest
[ERROR] Tests run: 1, Failures: 0, Errors: 1, Skipped: 0, Time elapsed: 0.059 s <<< FAILURE! - in org.jenkinsci.plugins.configfiles.GlobalConfigFilesTest
[ERROR] org.jenkinsci.plugins.configfiles.GlobalConfigFilesTest.verifyLoadWithAnonymousInnerClassComparatorVar1  Time elapsed: 0.051 s  <<< ERROR!
java.lang.EnumConstantNotPresentException: hudson.init.InitMilestone.SYSTEM_CONFIG_LOADED
	at java.base/sun.reflect.annotation.EnumConstantNotPresentExceptionProxy.generateException(EnumConstantNotPresentExceptionProxy.java:46)
	at java.base/sun.reflect.annotation.AnnotationInvocationHandler.invoke(AnnotationInvocationHandler.java:86)
	at com.sun.proxy.$Proxy45.after(Unknown Source)
	at hudson.init.InitializerFinder.afterOf(InitializerFinder.java:60)
	at hudson.init.InitializerFinder.afterOf(InitializerFinder.java:33)
	at hudson.init.TaskMethodFinder$TaskImpl.<init>(TaskMethodFinder.java:140)
	at hudson.init.TaskMethodFinder$TaskImpl.<init>(TaskMethodFinder.java:131)
	at hudson.init.TaskMethodFinder.discoverTasks(TaskMethodFinder.java:62)
	at hudson.init.InitializerFinder.discoverTasks(InitializerFinder.java:33)
	at hudson.init.TaskMethodFinder.discoverTasks(TaskMethodFinder.java:32)
	at org.jvnet.hudson.reactor.TaskBuilder$2.discoverTasks(TaskBuilder.java:61)
	at org.jvnet.hudson.reactor.Reactor.<init>(Reactor.java:151)
	at org.jvnet.hudson.reactor.Reactor.<init>(Reactor.java:156)
	at jenkins.model.Jenkins$5.<init>(Jenkins.java:1078)
	at jenkins.model.Jenkins.executeReactor(Jenkins.java:1078)
	at jenkins.model.Jenkins.<init>(Jenkins.java:936)
	at hudson.model.Hudson.<init>(Hudson.java:85)
	at org.jvnet.hudson.test.JenkinsRule.newHudson(JenkinsRule.java:673)
	at org.jvnet.hudson.test.JenkinsRule.before(JenkinsRule.java:402)
	at org.jvnet.hudson.test.JenkinsRule$1.evaluate(JenkinsRule.java:593)
	at org.junit.internal.runners.statements.FailOnTimeout$CallableStatement.call(FailOnTimeout.java:288)
	at org.junit.internal.runners.statements.FailOnTimeout$CallableStatement.call(FailOnTimeout.java:282)
	at java.base/java.util.concurrent.FutureTask.run(FutureTask.java:264)
	at java.base/java.lang.Thread.run(Thread.java:829)

[INFO] Running org.jenkinsci.plugins.configfiles.buildwrapper.ConfigFileBuildWrapperTest
[ERROR] Tests run: 4, Failures: 0, Errors: 4, Skipped: 0, Time elapsed: 0.164 s <<< FAILURE! - in org.jenkinsci.plugins.configfiles.buildwrapper.ConfigFileBuildWrapperTest
[ERROR] org.jenkinsci.plugins.configfiles.buildwrapper.ConfigFileBuildWrapperTest.envVariableMustBeReplacedInFileContent  Time elapsed: 0.036 s  <<< ERROR!
java.lang.EnumConstantNotPresentException: hudson.init.InitMilestone.SYSTEM_CONFIG_LOADED
	at java.base/sun.reflect.annotation.EnumConstantNotPresentExceptionProxy.generateException(EnumConstantNotPresentExceptionProxy.java:46)
	at java.base/sun.reflect.annotation.AnnotationInvocationHandler.invoke(AnnotationInvocationHandler.java:86)
	at com.sun.proxy.$Proxy45.after(Unknown Source)
	at hudson.init.InitializerFinder.afterOf(InitializerFinder.java:60)
	at hudson.init.InitializerFinder.afterOf(InitializerFinder.java:33)
	at hudson.init.TaskMethodFinder$TaskImpl.<init>(TaskMethodFinder.java:140)
	at hudson.init.TaskMethodFinder$TaskImpl.<init>(TaskMethodFinder.java:131)
	at hudson.init.TaskMethodFinder.discoverTasks(TaskMethodFinder.java:62)
	at hudson.init.InitializerFinder.discoverTasks(InitializerFinder.java:33)
	at hudson.init.TaskMethodFinder.discoverTasks(TaskMethodFinder.java:32)
	at org.jvnet.hudson.reactor.TaskBuilder$2.discoverTasks(TaskBuilder.java:61)
	at org.jvnet.hudson.reactor.Reactor.<init>(Reactor.java:151)
	at org.jvnet.hudson.reactor.Reactor.<init>(Reactor.java:156)
	at jenkins.model.Jenkins$5.<init>(Jenkins.java:1078)
	at jenkins.model.Jenkins.executeReactor(Jenkins.java:1078)
	at jenkins.model.Jenkins.<init>(Jenkins.java:936)
	at hudson.model.Hudson.<init>(Hudson.java:85)
	at org.jvnet.hudson.test.JenkinsRule.newHudson(JenkinsRule.java:673)
	at org.jvnet.hudson.test.JenkinsRule.before(JenkinsRule.java:402)
	at org.jvnet.hudson.test.JenkinsRule$1.evaluate(JenkinsRule.java:593)
	at org.junit.internal.runners.statements.FailOnTimeout$CallableStatement.call(FailOnTimeout.java:288)
	at org.junit.internal.runners.statements.FailOnTimeout$CallableStatement.call(FailOnTimeout.java:282)
	at java.base/java.util.concurrent.FutureTask.run(FutureTask.java:264)
	at java.base/java.lang.Thread.run(Thread.java:829)

[ERROR] org.jenkinsci.plugins.configfiles.buildwrapper.ConfigFileBuildWrapperTest.envVariableMustNotBeReplacedInFileContentIfNotRequested  Time elapsed: 0.037 s  <<< ERROR!
java.lang.EnumConstantNotPresentException: hudson.init.InitMilestone.SYSTEM_CONFIG_LOADED
	at java.base/sun.reflect.annotation.EnumConstantNotPresentExceptionProxy.generateException(EnumConstantNotPresentExceptionProxy.java:46)
	at java.base/sun.reflect.annotation.AnnotationInvocationHandler.invoke(AnnotationInvocationHandler.java:86)
	at com.sun.proxy.$Proxy45.after(Unknown Source)
	at hudson.init.InitializerFinder.afterOf(InitializerFinder.java:60)
	at hudson.init.InitializerFinder.afterOf(InitializerFinder.java:33)
	at hudson.init.TaskMethodFinder$TaskImpl.<init>(TaskMethodFinder.java:140)
	at hudson.init.TaskMethodFinder$TaskImpl.<init>(TaskMethodFinder.java:131)
	at hudson.init.TaskMethodFinder.discoverTasks(TaskMethodFinder.java:62)
	at hudson.init.InitializerFinder.discoverTasks(InitializerFinder.java:33)
	at hudson.init.TaskMethodFinder.discoverTasks(TaskMethodFinder.java:32)
	at org.jvnet.hudson.reactor.TaskBuilder$2.discoverTasks(TaskBuilder.java:61)
	at org.jvnet.hudson.reactor.Reactor.<init>(Reactor.java:151)
	at org.jvnet.hudson.reactor.Reactor.<init>(Reactor.java:156)
	at jenkins.model.Jenkins$5.<init>(Jenkins.java:1078)
	at jenkins.model.Jenkins.executeReactor(Jenkins.java:1078)
	at jenkins.model.Jenkins.<init>(Jenkins.java:936)
	at hudson.model.Hudson.<init>(Hudson.java:85)
	at org.jvnet.hudson.test.JenkinsRule.newHudson(JenkinsRule.java:673)
	at org.jvnet.hudson.test.JenkinsRule.before(JenkinsRule.java:402)
	at org.jvnet.hudson.test.JenkinsRule$1.evaluate(JenkinsRule.java:593)
	at org.junit.internal.runners.statements.FailOnTimeout$CallableStatement.call(FailOnTimeout.java:288)
	at org.junit.internal.runners.statements.FailOnTimeout$CallableStatement.call(FailOnTimeout.java:282)
	at java.base/java.util.concurrent.FutureTask.run(FutureTask.java:264)
	at java.base/java.lang.Thread.run(Thread.java:829)

[ERROR] org.jenkinsci.plugins.configfiles.buildwrapper.ConfigFileBuildWrapperTest.envVariableMustBeAvailableInMavenModuleSetBuild  Time elapsed: 0.044 s  <<< ERROR!
java.lang.EnumConstantNotPresentException: hudson.init.InitMilestone.SYSTEM_CONFIG_LOADED
	at java.base/sun.reflect.annotation.EnumConstantNotPresentExceptionProxy.generateException(EnumConstantNotPresentExceptionProxy.java:46)
	at java.base/sun.reflect.annotation.AnnotationInvocationHandler.invoke(AnnotationInvocationHandler.java:86)
	at com.sun.proxy.$Proxy45.after(Unknown Source)
	at hudson.init.InitializerFinder.afterOf(InitializerFinder.java:60)
	at hudson.init.InitializerFinder.afterOf(InitializerFinder.java:33)
	at hudson.init.TaskMethodFinder$TaskImpl.<init>(TaskMethodFinder.java:140)
	at hudson.init.TaskMethodFinder$TaskImpl.<init>(TaskMethodFinder.java:131)
	at hudson.init.TaskMethodFinder.discoverTasks(TaskMethodFinder.java:62)
	at hudson.init.InitializerFinder.discoverTasks(InitializerFinder.java:33)
	at hudson.init.TaskMethodFinder.discoverTasks(TaskMethodFinder.java:32)
	at org.jvnet.hudson.reactor.TaskBuilder$2.discoverTasks(TaskBuilder.java:61)
	at org.jvnet.hudson.reactor.Reactor.<init>(Reactor.java:151)
	at org.jvnet.hudson.reactor.Reactor.<init>(Reactor.java:156)
	at jenkins.model.Jenkins$5.<init>(Jenkins.java:1078)
	at jenkins.model.Jenkins.executeReactor(Jenkins.java:1078)
	at jenkins.model.Jenkins.<init>(Jenkins.java:936)
	at hudson.model.Hudson.<init>(Hudson.java:85)
	at org.jvnet.hudson.test.JenkinsRule.newHudson(JenkinsRule.java:673)
	at org.jvnet.hudson.test.JenkinsRule.before(JenkinsRule.java:402)
	at org.jvnet.hudson.test.JenkinsRule$1.evaluate(JenkinsRule.java:593)
	at org.junit.internal.runners.statements.FailOnTimeout$CallableStatement.call(FailOnTimeout.java:288)
	at org.junit.internal.runners.statements.FailOnTimeout$CallableStatement.call(FailOnTimeout.java:282)
	at java.base/java.util.concurrent.FutureTask.run(FutureTask.java:264)
	at java.base/java.lang.Thread.run(Thread.java:829)

[ERROR] org.jenkinsci.plugins.configfiles.buildwrapper.ConfigFileBuildWrapperTest.correctConfigMustBeActiveInDropdown  Time elapsed: 0.039 s  <<< ERROR!
java.lang.EnumConstantNotPresentException: hudson.init.InitMilestone.SYSTEM_CONFIG_LOADED
	at java.base/sun.reflect.annotation.EnumConstantNotPresentExceptionProxy.generateException(EnumConstantNotPresentExceptionProxy.java:46)
	at java.base/sun.reflect.annotation.AnnotationInvocationHandler.invoke(AnnotationInvocationHandler.java:86)
	at com.sun.proxy.$Proxy45.after(Unknown Source)
	at hudson.init.InitializerFinder.afterOf(InitializerFinder.java:60)
	at hudson.init.InitializerFinder.afterOf(InitializerFinder.java:33)
	at hudson.init.TaskMethodFinder$TaskImpl.<init>(TaskMethodFinder.java:140)
	at hudson.init.TaskMethodFinder$TaskImpl.<init>(TaskMethodFinder.java:131)
	at hudson.init.TaskMethodFinder.discoverTasks(TaskMethodFinder.java:62)
	at hudson.init.InitializerFinder.discoverTasks(InitializerFinder.java:33)
	at hudson.init.TaskMethodFinder.discoverTasks(TaskMethodFinder.java:32)
	at org.jvnet.hudson.reactor.TaskBuilder$2.discoverTasks(TaskBuilder.java:61)
	at org.jvnet.hudson.reactor.Reactor.<init>(Reactor.java:151)
	at org.jvnet.hudson.reactor.Reactor.<init>(Reactor.java:156)
	at jenkins.model.Jenkins$5.<init>(Jenkins.java:1078)
	at jenkins.model.Jenkins.executeReactor(Jenkins.java:1078)
	at jenkins.model.Jenkins.<init>(Jenkins.java:936)
	at hudson.model.Hudson.<init>(Hudson.java:85)
	at org.jvnet.hudson.test.JenkinsRule.newHudson(JenkinsRule.java:673)
	at org.jvnet.hudson.test.JenkinsRule.before(JenkinsRule.java:402)
	at org.jvnet.hudson.test.JenkinsRule$1.evaluate(JenkinsRule.java:593)
	at org.junit.internal.runners.statements.FailOnTimeout$CallableStatement.call(FailOnTimeout.java:288)
	at org.junit.internal.runners.statements.FailOnTimeout$CallableStatement.call(FailOnTimeout.java:282)
	at java.base/java.util.concurrent.FutureTask.run(FutureTask.java:264)
	at java.base/java.lang.Thread.run(Thread.java:829)

[INFO] Running org.jenkinsci.plugins.configfiles.buildwrapper.ConfigFileBuildWrapperWorkflowTest
[ERROR] Tests run: 4, Failures: 0, Errors: 4, Skipped: 0, Time elapsed: 0.233 s <<< FAILURE! - in org.jenkinsci.plugins.configfiles.buildwrapper.ConfigFileBuildWrapperWorkflowTest
[ERROR] org.jenkinsci.plugins.configfiles.buildwrapper.ConfigFileBuildWrapperWorkflowTest.withTargetLocation_Pipeline  Time elapsed: 0.041 s  <<< ERROR!
java.lang.EnumConstantNotPresentException: hudson.init.InitMilestone.SYSTEM_CONFIG_LOADED
	at java.base/sun.reflect.annotation.EnumConstantNotPresentExceptionProxy.generateException(EnumConstantNotPresentExceptionProxy.java:46)
	at java.base/sun.reflect.annotation.AnnotationInvocationHandler.invoke(AnnotationInvocationHandler.java:86)
	at com.sun.proxy.$Proxy45.after(Unknown Source)
	at hudson.init.InitializerFinder.afterOf(InitializerFinder.java:60)
	at hudson.init.InitializerFinder.afterOf(InitializerFinder.java:33)
	at hudson.init.TaskMethodFinder$TaskImpl.<init>(TaskMethodFinder.java:140)
	at hudson.init.TaskMethodFinder$TaskImpl.<init>(TaskMethodFinder.java:131)
	at hudson.init.TaskMethodFinder.discoverTasks(TaskMethodFinder.java:62)
	at hudson.init.InitializerFinder.discoverTasks(InitializerFinder.java:33)
	at hudson.init.TaskMethodFinder.discoverTasks(TaskMethodFinder.java:32)
	at org.jvnet.hudson.reactor.TaskBuilder$2.discoverTasks(TaskBuilder.java:61)
	at org.jvnet.hudson.reactor.Reactor.<init>(Reactor.java:151)
	at org.jvnet.hudson.reactor.Reactor.<init>(Reactor.java:156)
	at jenkins.model.Jenkins$5.<init>(Jenkins.java:1078)
	at jenkins.model.Jenkins.executeReactor(Jenkins.java:1078)
	at jenkins.model.Jenkins.<init>(Jenkins.java:936)
	at hudson.model.Hudson.<init>(Hudson.java:85)
	at org.jvnet.hudson.test.JenkinsRule.newHudson(JenkinsRule.java:673)
	at org.jvnet.hudson.test.JenkinsRule.before(JenkinsRule.java:402)
	at org.jvnet.hudson.test.JenkinsRule$1.evaluate(JenkinsRule.java:593)
	at org.junit.internal.runners.statements.FailOnTimeout$CallableStatement.call(FailOnTimeout.java:288)
	at org.junit.internal.runners.statements.FailOnTimeout$CallableStatement.call(FailOnTimeout.java:282)
	at java.base/java.util.concurrent.FutureTask.run(FutureTask.java:264)
	at java.base/java.lang.Thread.run(Thread.java:829)

[ERROR] org.jenkinsci.plugins.configfiles.buildwrapper.ConfigFileBuildWrapperWorkflowTest.symbolWithTargetLocation  Time elapsed: 0.045 s  <<< ERROR!
java.lang.EnumConstantNotPresentException: hudson.init.InitMilestone.SYSTEM_CONFIG_LOADED
	at java.base/sun.reflect.annotation.EnumConstantNotPresentExceptionProxy.generateException(EnumConstantNotPresentExceptionProxy.java:46)
	at java.base/sun.reflect.annotation.AnnotationInvocationHandler.invoke(AnnotationInvocationHandler.java:86)
	at com.sun.proxy.$Proxy45.after(Unknown Source)
	at hudson.init.InitializerFinder.afterOf(InitializerFinder.java:60)
	at hudson.init.InitializerFinder.afterOf(InitializerFinder.java:33)
	at hudson.init.TaskMethodFinder$TaskImpl.<init>(TaskMethodFinder.java:140)
	at hudson.init.TaskMethodFinder$TaskImpl.<init>(TaskMethodFinder.java:131)
	at hudson.init.TaskMethodFinder.discoverTasks(TaskMethodFinder.java:62)
	at hudson.init.InitializerFinder.discoverTasks(InitializerFinder.java:33)
	at hudson.init.TaskMethodFinder.discoverTasks(TaskMethodFinder.java:32)
	at org.jvnet.hudson.reactor.TaskBuilder$2.discoverTasks(TaskBuilder.java:61)
	at org.jvnet.hudson.reactor.Reactor.<init>(Reactor.java:151)
	at org.jvnet.hudson.reactor.Reactor.<init>(Reactor.java:156)
	at jenkins.model.Jenkins$5.<init>(Jenkins.java:1078)
	at jenkins.model.Jenkins.executeReactor(Jenkins.java:1078)
	at jenkins.model.Jenkins.<init>(Jenkins.java:936)
	at hudson.model.Hudson.<init>(Hudson.java:85)
	at org.jvnet.hudson.test.JenkinsRule.newHudson(JenkinsRule.java:673)
	at org.jvnet.hudson.test.JenkinsRule.before(JenkinsRule.java:402)
	at org.jvnet.hudson.test.JenkinsRule$1.evaluate(JenkinsRule.java:593)
	at org.junit.internal.runners.statements.FailOnTimeout$CallableStatement.call(FailOnTimeout.java:288)
	at org.junit.internal.runners.statements.FailOnTimeout$CallableStatement.call(FailOnTimeout.java:282)
	at java.base/java.util.concurrent.FutureTask.run(FutureTask.java:264)
	at java.base/java.lang.Thread.run(Thread.java:829)

[ERROR] org.jenkinsci.plugins.configfiles.buildwrapper.ConfigFileBuildWrapperWorkflowTest.configRoundTrip  Time elapsed: 0.09 s  <<< ERROR!
java.lang.EnumConstantNotPresentException: hudson.init.InitMilestone.SYSTEM_CONFIG_LOADED
	at java.base/sun.reflect.annotation.EnumConstantNotPresentExceptionProxy.generateException(EnumConstantNotPresentExceptionProxy.java:46)
	at java.base/sun.reflect.annotation.AnnotationInvocationHandler.invoke(AnnotationInvocationHandler.java:86)
	at com.sun.proxy.$Proxy45.after(Unknown Source)
	at hudson.init.InitializerFinder.afterOf(InitializerFinder.java:60)
	at hudson.init.InitializerFinder.afterOf(InitializerFinder.java:33)
	at hudson.init.TaskMethodFinder$TaskImpl.<init>(TaskMethodFinder.java:140)
	at hudson.init.TaskMethodFinder$TaskImpl.<init>(TaskMethodFinder.java:131)
	at hudson.init.TaskMethodFinder.discoverTasks(TaskMethodFinder.java:62)
	at hudson.init.InitializerFinder.discoverTasks(InitializerFinder.java:33)
	at hudson.init.TaskMethodFinder.discoverTasks(TaskMethodFinder.java:32)
	at org.jvnet.hudson.reactor.TaskBuilder$2.discoverTasks(TaskBuilder.java:61)
	at org.jvnet.hudson.reactor.Reactor.<init>(Reactor.java:151)
	at org.jvnet.hudson.reactor.Reactor.<init>(Reactor.java:156)
	at jenkins.model.Jenkins$5.<init>(Jenkins.java:1078)
	at jenkins.model.Jenkins.executeReactor(Jenkins.java:1078)
	at jenkins.model.Jenkins.<init>(Jenkins.java:936)
	at hudson.model.Hudson.<init>(Hudson.java:85)
	at org.jvnet.hudson.test.JenkinsRule.newHudson(JenkinsRule.java:673)
	at org.jvnet.hudson.test.JenkinsRule.before(JenkinsRule.java:402)
	at org.jvnet.hudson.test.JenkinsRule$1.evaluate(JenkinsRule.java:593)
	at org.junit.internal.runners.statements.FailOnTimeout$CallableStatement.call(FailOnTimeout.java:288)
	at org.junit.internal.runners.statements.FailOnTimeout$CallableStatement.call(FailOnTimeout.java:282)
	at java.base/java.util.concurrent.FutureTask.run(FutureTask.java:264)
	at java.base/java.lang.Thread.run(Thread.java:829)

[ERROR] org.jenkinsci.plugins.configfiles.buildwrapper.ConfigFileBuildWrapperWorkflowTest.withTempFilesAfterRestart  Time elapsed: 0.046 s  <<< ERROR!
java.lang.EnumConstantNotPresentException: hudson.init.InitMilestone.SYSTEM_CONFIG_LOADED
	at java.base/sun.reflect.annotation.EnumConstantNotPresentExceptionProxy.generateException(EnumConstantNotPresentExceptionProxy.java:46)
	at java.base/sun.reflect.annotation.AnnotationInvocationHandler.invoke(AnnotationInvocationHandler.java:86)
	at com.sun.proxy.$Proxy45.after(Unknown Source)
	at hudson.init.InitializerFinder.afterOf(InitializerFinder.java:60)
	at hudson.init.InitializerFinder.afterOf(InitializerFinder.java:33)
	at hudson.init.TaskMethodFinder$TaskImpl.<init>(TaskMethodFinder.java:140)
	at hudson.init.TaskMethodFinder$TaskImpl.<init>(TaskMethodFinder.java:131)
	at hudson.init.TaskMethodFinder.discoverTasks(TaskMethodFinder.java:62)
	at hudson.init.InitializerFinder.discoverTasks(InitializerFinder.java:33)
	at hudson.init.TaskMethodFinder.discoverTasks(TaskMethodFinder.java:32)
	at org.jvnet.hudson.reactor.TaskBuilder$2.discoverTasks(TaskBuilder.java:61)
	at org.jvnet.hudson.reactor.Reactor.<init>(Reactor.java:151)
	at org.jvnet.hudson.reactor.Reactor.<init>(Reactor.java:156)
	at jenkins.model.Jenkins$5.<init>(Jenkins.java:1078)
	at jenkins.model.Jenkins.executeReactor(Jenkins.java:1078)
	at jenkins.model.Jenkins.<init>(Jenkins.java:936)
	at hudson.model.Hudson.<init>(Hudson.java:85)
	at org.jvnet.hudson.test.JenkinsRule.newHudson(JenkinsRule.java:673)
	at org.jvnet.hudson.test.JenkinsRule.before(JenkinsRule.java:402)
	at org.jvnet.hudson.test.JenkinsRule$1.evaluate(JenkinsRule.java:593)
	at org.junit.internal.runners.statements.FailOnTimeout$CallableStatement.call(FailOnTimeout.java:288)
	at org.junit.internal.runners.statements.FailOnTimeout$CallableStatement.call(FailOnTimeout.java:282)
	at java.base/java.util.concurrent.FutureTask.run(FutureTask.java:264)
	at java.base/java.lang.Thread.run(Thread.java:829)

[INFO] Running org.jenkinsci.plugins.configfiles.folder.FolderConfigFileActionTest
[ERROR] Tests run: 8, Failures: 0, Errors: 8, Skipped: 0, Time elapsed: 1.454 s <<< FAILURE! - in org.jenkinsci.plugins.configfiles.folder.FolderConfigFileActionTest
[ERROR] org.jenkinsci.plugins.configfiles.folder.FolderConfigFileActionTest.correctFileMustBeSelectedInHierarchy  Time elapsed: 0.078 s  <<< ERROR!
java.lang.EnumConstantNotPresentException: hudson.init.InitMilestone.SYSTEM_CONFIG_LOADED
	at java.base/sun.reflect.annotation.EnumConstantNotPresentExceptionProxy.generateException(EnumConstantNotPresentExceptionProxy.java:46)
	at java.base/sun.reflect.annotation.AnnotationInvocationHandler.invoke(AnnotationInvocationHandler.java:86)
	at com.sun.proxy.$Proxy45.after(Unknown Source)
	at hudson.init.InitializerFinder.afterOf(InitializerFinder.java:60)
	at hudson.init.InitializerFinder.afterOf(InitializerFinder.java:33)
	at hudson.init.TaskMethodFinder$TaskImpl.<init>(TaskMethodFinder.java:140)
	at hudson.init.TaskMethodFinder$TaskImpl.<init>(TaskMethodFinder.java:131)
	at hudson.init.TaskMethodFinder.discoverTasks(TaskMethodFinder.java:62)
	at hudson.init.InitializerFinder.discoverTasks(InitializerFinder.java:33)
	at hudson.init.TaskMethodFinder.discoverTasks(TaskMethodFinder.java:32)
	at org.jvnet.hudson.reactor.TaskBuilder$2.discoverTasks(TaskBuilder.java:61)
	at org.jvnet.hudson.reactor.Reactor.<init>(Reactor.java:151)
	at org.jvnet.hudson.reactor.Reactor.<init>(Reactor.java:156)
	at jenkins.model.Jenkins$5.<init>(Jenkins.java:1078)
	at jenkins.model.Jenkins.executeReactor(Jenkins.java:1078)
	at jenkins.model.Jenkins.<init>(Jenkins.java:936)
	at hudson.model.Hudson.<init>(Hudson.java:85)
	at org.jvnet.hudson.test.JenkinsRule.newHudson(JenkinsRule.java:673)
	at org.jvnet.hudson.test.JenkinsRule.before(JenkinsRule.java:402)
	at org.jvnet.hudson.test.JenkinsRule$1.evaluate(JenkinsRule.java:593)
	at org.junit.internal.runners.statements.FailOnTimeout$CallableStatement.call(FailOnTimeout.java:288)
	at org.junit.internal.runners.statements.FailOnTimeout$CallableStatement.call(FailOnTimeout.java:282)
	at java.base/java.util.concurrent.FutureTask.run(FutureTask.java:264)
	at java.base/java.lang.Thread.run(Thread.java:829)

[ERROR] org.jenkinsci.plugins.configfiles.folder.FolderConfigFileActionTest.foldersHaveTheirOwnListOfConfigs  Time elapsed: 0.078 s  <<< ERROR!
java.lang.EnumConstantNotPresentException: hudson.init.InitMilestone.SYSTEM_CONFIG_LOADED
	at java.base/sun.reflect.annotation.EnumConstantNotPresentExceptionProxy.generateException(EnumConstantNotPresentExceptionProxy.java:46)
	at java.base/sun.reflect.annotation.AnnotationInvocationHandler.invoke(AnnotationInvocationHandler.java:86)
	at com.sun.proxy.$Proxy45.after(Unknown Source)
	at hudson.init.InitializerFinder.afterOf(InitializerFinder.java:60)
	at hudson.init.InitializerFinder.afterOf(InitializerFinder.java:33)
	at hudson.init.TaskMethodFinder$TaskImpl.<init>(TaskMethodFinder.java:140)
	at hudson.init.TaskMethodFinder$TaskImpl.<init>(TaskMethodFinder.java:131)
	at hudson.init.TaskMethodFinder.discoverTasks(TaskMethodFinder.java:62)
	at hudson.init.InitializerFinder.discoverTasks(InitializerFinder.java:33)
	at hudson.init.TaskMethodFinder.discoverTasks(TaskMethodFinder.java:32)
	at org.jvnet.hudson.reactor.TaskBuilder$2.discoverTasks(TaskBuilder.java:61)
	at org.jvnet.hudson.reactor.Reactor.<init>(Reactor.java:151)
	at org.jvnet.hudson.reactor.Reactor.<init>(Reactor.java:156)
	at jenkins.model.Jenkins$5.<init>(Jenkins.java:1078)
	at jenkins.model.Jenkins.executeReactor(Jenkins.java:1078)
	at jenkins.model.Jenkins.<init>(Jenkins.java:936)
	at hudson.model.Hudson.<init>(Hudson.java:85)
	at org.jvnet.hudson.test.JenkinsRule.newHudson(JenkinsRule.java:673)
	at org.jvnet.hudson.test.JenkinsRule.before(JenkinsRule.java:402)
	at org.jvnet.hudson.test.JenkinsRule$1.evaluate(JenkinsRule.java:593)
	at org.junit.internal.runners.statements.FailOnTimeout$CallableStatement.call(FailOnTimeout.java:288)
	at org.junit.internal.runners.statements.FailOnTimeout$CallableStatement.call(FailOnTimeout.java:282)
	at java.base/java.util.concurrent.FutureTask.run(FutureTask.java:264)
	at java.base/java.lang.Thread.run(Thread.java:829)

[ERROR] org.jenkinsci.plugins.configfiles.folder.FolderConfigFileActionTest.testSaveFolderConfigFiles  Time elapsed: 0.063 s  <<< ERROR!
java.lang.EnumConstantNotPresentException: hudson.init.InitMilestone.SYSTEM_CONFIG_LOADED
	at java.base/sun.reflect.annotation.EnumConstantNotPresentExceptionProxy.generateException(EnumConstantNotPresentExceptionProxy.java:46)
	at java.base/sun.reflect.annotation.AnnotationInvocationHandler.invoke(AnnotationInvocationHandler.java:86)
	at com.sun.proxy.$Proxy45.after(Unknown Source)
	at hudson.init.InitializerFinder.afterOf(InitializerFinder.java:60)
	at hudson.init.InitializerFinder.afterOf(InitializerFinder.java:33)
	at hudson.init.TaskMethodFinder$TaskImpl.<init>(TaskMethodFinder.java:140)
	at hudson.init.TaskMethodFinder$TaskImpl.<init>(TaskMethodFinder.java:131)
	at hudson.init.TaskMethodFinder.discoverTasks(TaskMethodFinder.java:62)
	at hudson.init.InitializerFinder.discoverTasks(InitializerFinder.java:33)
	at hudson.init.TaskMethodFinder.discoverTasks(TaskMethodFinder.java:32)
	at org.jvnet.hudson.reactor.TaskBuilder$2.discoverTasks(TaskBuilder.java:61)
	at org.jvnet.hudson.reactor.Reactor.<init>(Reactor.java:151)
	at org.jvnet.hudson.reactor.Reactor.<init>(Reactor.java:156)
	at jenkins.model.Jenkins$5.<init>(Jenkins.java:1078)
	at jenkins.model.Jenkins.executeReactor(Jenkins.java:1078)
	at jenkins.model.Jenkins.<init>(Jenkins.java:936)
	at hudson.model.Hudson.<init>(Hudson.java:85)
	at org.jvnet.hudson.test.JenkinsRule.newHudson(JenkinsRule.java:673)
	at org.jvnet.hudson.test.JenkinsRule.before(JenkinsRule.java:402)
	at org.jvnet.hudson.test.JenkinsRule$1.evaluate(JenkinsRule.java:593)
	at org.junit.internal.runners.statements.FailOnTimeout$CallableStatement.call(FailOnTimeout.java:288)
	at org.junit.internal.runners.statements.FailOnTimeout$CallableStatement.call(FailOnTimeout.java:282)
	at java.base/java.util.concurrent.FutureTask.run(FutureTask.java:264)
	at java.base/java.lang.Thread.run(Thread.java:829)

[ERROR] org.jenkinsci.plugins.configfiles.folder.FolderConfigFileActionTest.foldersConfigListIsOrderedByName  Time elapsed: 1.082 s  <<< ERROR!
java.lang.EnumConstantNotPresentException: hudson.init.InitMilestone.SYSTEM_CONFIG_LOADED
	at java.base/sun.reflect.annotation.EnumConstantNotPresentExceptionProxy.generateException(EnumConstantNotPresentExceptionProxy.java:46)
	at java.base/sun.reflect.annotation.AnnotationInvocationHandler.invoke(AnnotationInvocationHandler.java:86)
	at com.sun.proxy.$Proxy45.after(Unknown Source)
	at hudson.init.InitializerFinder.afterOf(InitializerFinder.java:60)
	at hudson.init.InitializerFinder.afterOf(InitializerFinder.java:33)
	at hudson.init.TaskMethodFinder$TaskImpl.<init>(TaskMethodFinder.java:140)
	at hudson.init.TaskMethodFinder$TaskImpl.<init>(TaskMethodFinder.java:131)
	at hudson.init.TaskMethodFinder.discoverTasks(TaskMethodFinder.java:62)
	at hudson.init.InitializerFinder.discoverTasks(InitializerFinder.java:33)
	at hudson.init.TaskMethodFinder.discoverTasks(TaskMethodFinder.java:32)
	at org.jvnet.hudson.reactor.TaskBuilder$2.discoverTasks(TaskBuilder.java:61)
	at org.jvnet.hudson.reactor.Reactor.<init>(Reactor.java:151)
	at org.jvnet.hudson.reactor.Reactor.<init>(Reactor.java:156)
	at jenkins.model.Jenkins$5.<init>(Jenkins.java:1078)
	at jenkins.model.Jenkins.executeReactor(Jenkins.java:1078)
	at jenkins.model.Jenkins.<init>(Jenkins.java:936)
	at hudson.model.Hudson.<init>(Hudson.java:85)
	at org.jvnet.hudson.test.JenkinsRule.newHudson(JenkinsRule.java:673)
	at org.jvnet.hudson.test.JenkinsRule.before(JenkinsRule.java:402)
	at org.jvnet.hudson.test.JenkinsRule$1.evaluate(JenkinsRule.java:593)
	at org.junit.internal.runners.statements.FailOnTimeout$CallableStatement.call(FailOnTimeout.java:288)
	at org.junit.internal.runners.statements.FailOnTimeout$CallableStatement.call(FailOnTimeout.java:282)
	at java.base/java.util.concurrent.FutureTask.run(FutureTask.java:264)
	at java.base/java.lang.Thread.run(Thread.java:829)

[ERROR] org.jenkinsci.plugins.configfiles.folder.FolderConfigFileActionTest.globalConfigListIsOrderedByName  Time elapsed: 0.04 s  <<< ERROR!
java.lang.EnumConstantNotPresentException: hudson.init.InitMilestone.SYSTEM_CONFIG_LOADED
	at java.base/sun.reflect.annotation.EnumConstantNotPresentExceptionProxy.generateException(EnumConstantNotPresentExceptionProxy.java:46)
	at java.base/sun.reflect.annotation.AnnotationInvocationHandler.invoke(AnnotationInvocationHandler.java:86)
	at com.sun.proxy.$Proxy45.after(Unknown Source)
	at hudson.init.InitializerFinder.afterOf(InitializerFinder.java:60)
	at hudson.init.InitializerFinder.afterOf(InitializerFinder.java:33)
	at hudson.init.TaskMethodFinder$TaskImpl.<init>(TaskMethodFinder.java:140)
	at hudson.init.TaskMethodFinder$TaskImpl.<init>(TaskMethodFinder.java:131)
	at hudson.init.TaskMethodFinder.discoverTasks(TaskMethodFinder.java:62)
	at hudson.init.InitializerFinder.discoverTasks(InitializerFinder.java:33)
	at hudson.init.TaskMethodFinder.discoverTasks(TaskMethodFinder.java:32)
	at org.jvnet.hudson.reactor.TaskBuilder$2.discoverTasks(TaskBuilder.java:61)
	at org.jvnet.hudson.reactor.Reactor.<init>(Reactor.java:151)
	at org.jvnet.hudson.reactor.Reactor.<init>(Reactor.java:156)
	at jenkins.model.Jenkins$5.<init>(Jenkins.java:1078)
	at jenkins.model.Jenkins.executeReactor(Jenkins.java:1078)
	at jenkins.model.Jenkins.<init>(Jenkins.java:936)
	at hudson.model.Hudson.<init>(Hudson.java:85)
	at org.jvnet.hudson.test.JenkinsRule.newHudson(JenkinsRule.java:673)
	at org.jvnet.hudson.test.JenkinsRule.before(JenkinsRule.java:402)
	at org.jvnet.hudson.test.JenkinsRule$1.evaluate(JenkinsRule.java:593)
	at org.junit.internal.runners.statements.FailOnTimeout$CallableStatement.call(FailOnTimeout.java:288)
	at org.junit.internal.runners.statements.FailOnTimeout$CallableStatement.call(FailOnTimeout.java:282)
	at java.base/java.util.concurrent.FutureTask.run(FutureTask.java:264)
	at java.base/java.lang.Thread.run(Thread.java:829)

[ERROR] org.jenkinsci.plugins.configfiles.folder.FolderConfigFileActionTest.sameFolderPropertyAfterConfiguration  Time elapsed: 0.039 s  <<< ERROR!
java.lang.EnumConstantNotPresentException: hudson.init.InitMilestone.SYSTEM_CONFIG_LOADED
	at java.base/sun.reflect.annotation.EnumConstantNotPresentExceptionProxy.generateException(EnumConstantNotPresentExceptionProxy.java:46)
	at java.base/sun.reflect.annotation.AnnotationInvocationHandler.invoke(AnnotationInvocationHandler.java:86)
	at com.sun.proxy.$Proxy45.after(Unknown Source)
	at hudson.init.InitializerFinder.afterOf(InitializerFinder.java:60)
	at hudson.init.InitializerFinder.afterOf(InitializerFinder.java:33)
	at hudson.init.TaskMethodFinder$TaskImpl.<init>(TaskMethodFinder.java:140)
	at hudson.init.TaskMethodFinder$TaskImpl.<init>(TaskMethodFinder.java:131)
	at hudson.init.TaskMethodFinder.discoverTasks(TaskMethodFinder.java:62)
	at hudson.init.InitializerFinder.discoverTasks(InitializerFinder.java:33)
	at hudson.init.TaskMethodFinder.discoverTasks(TaskMethodFinder.java:32)
	at org.jvnet.hudson.reactor.TaskBuilder$2.discoverTasks(TaskBuilder.java:61)
	at org.jvnet.hudson.reactor.Reactor.<init>(Reactor.java:151)
	at org.jvnet.hudson.reactor.Reactor.<init>(Reactor.java:156)
	at jenkins.model.Jenkins$5.<init>(Jenkins.java:1078)
	at jenkins.model.Jenkins.executeReactor(Jenkins.java:1078)
	at jenkins.model.Jenkins.<init>(Jenkins.java:936)
	at hudson.model.Hudson.<init>(Hudson.java:85)
	at org.jvnet.hudson.test.JenkinsRule.newHudson(JenkinsRule.java:673)
	at org.jvnet.hudson.test.JenkinsRule.before(JenkinsRule.java:402)
	at org.jvnet.hudson.test.JenkinsRule$1.evaluate(JenkinsRule.java:593)
	at org.junit.internal.runners.statements.FailOnTimeout$CallableStatement.call(FailOnTimeout.java:288)
	at org.junit.internal.runners.statements.FailOnTimeout$CallableStatement.call(FailOnTimeout.java:282)
	at java.base/java.util.concurrent.FutureTask.run(FutureTask.java:264)
	at java.base/java.lang.Thread.run(Thread.java:829)

[ERROR] org.jenkinsci.plugins.configfiles.folder.FolderConfigFileActionTest.configsInContextAreOrderedByName  Time elapsed: 0.025 s  <<< ERROR!
java.lang.EnumConstantNotPresentException: hudson.init.InitMilestone.SYSTEM_CONFIG_LOADED
	at java.base/sun.reflect.annotation.EnumConstantNotPresentExceptionProxy.generateException(EnumConstantNotPresentExceptionProxy.java:46)
	at java.base/sun.reflect.annotation.AnnotationInvocationHandler.invoke(AnnotationInvocationHandler.java:86)
	at com.sun.proxy.$Proxy45.after(Unknown Source)
	at hudson.init.InitializerFinder.afterOf(InitializerFinder.java:60)
	at hudson.init.InitializerFinder.afterOf(InitializerFinder.java:33)
	at hudson.init.TaskMethodFinder$TaskImpl.<init>(TaskMethodFinder.java:140)
	at hudson.init.TaskMethodFinder$TaskImpl.<init>(TaskMethodFinder.java:131)
	at hudson.init.TaskMethodFinder.discoverTasks(TaskMethodFinder.java:62)
	at hudson.init.InitializerFinder.discoverTasks(InitializerFinder.java:33)
	at hudson.init.TaskMethodFinder.discoverTasks(TaskMethodFinder.java:32)
	at org.jvnet.hudson.reactor.TaskBuilder$2.discoverTasks(TaskBuilder.java:61)
	at org.jvnet.hudson.reactor.Reactor.<init>(Reactor.java:151)
	at org.jvnet.hudson.reactor.Reactor.<init>(Reactor.java:156)
	at jenkins.model.Jenkins$5.<init>(Jenkins.java:1078)
	at jenkins.model.Jenkins.executeReactor(Jenkins.java:1078)
	at jenkins.model.Jenkins.<init>(Jenkins.java:936)
	at hudson.model.Hudson.<init>(Hudson.java:85)
	at org.jvnet.hudson.test.JenkinsRule.newHudson(JenkinsRule.java:673)
	at org.jvnet.hudson.test.JenkinsRule.before(JenkinsRule.java:402)
	at org.jvnet.hudson.test.JenkinsRule$1.evaluate(JenkinsRule.java:593)
	at org.junit.internal.runners.statements.FailOnTimeout$CallableStatement.call(FailOnTimeout.java:288)
	at org.junit.internal.runners.statements.FailOnTimeout$CallableStatement.call(FailOnTimeout.java:282)
	at java.base/java.util.concurrent.FutureTask.run(FutureTask.java:264)
	at java.base/java.lang.Thread.run(Thread.java:829)

[ERROR] org.jenkinsci.plugins.configfiles.folder.FolderConfigFileActionTest.accessGlobalFilesFromWithinFolder  Time elapsed: 0.04 s  <<< ERROR!
java.lang.EnumConstantNotPresentException: hudson.init.InitMilestone.SYSTEM_CONFIG_LOADED
	at java.base/sun.reflect.annotation.EnumConstantNotPresentExceptionProxy.generateException(EnumConstantNotPresentExceptionProxy.java:46)
	at java.base/sun.reflect.annotation.AnnotationInvocationHandler.invoke(AnnotationInvocationHandler.java:86)
	at com.sun.proxy.$Proxy45.after(Unknown Source)
	at hudson.init.InitializerFinder.afterOf(InitializerFinder.java:60)
	at hudson.init.InitializerFinder.afterOf(InitializerFinder.java:33)
	at hudson.init.TaskMethodFinder$TaskImpl.<init>(TaskMethodFinder.java:140)
	at hudson.init.TaskMethodFinder$TaskImpl.<init>(TaskMethodFinder.java:131)
	at hudson.init.TaskMethodFinder.discoverTasks(TaskMethodFinder.java:62)
	at hudson.init.InitializerFinder.discoverTasks(InitializerFinder.java:33)
	at hudson.init.TaskMethodFinder.discoverTasks(TaskMethodFinder.java:32)
	at org.jvnet.hudson.reactor.TaskBuilder$2.discoverTasks(TaskBuilder.java:61)
	at org.jvnet.hudson.reactor.Reactor.<init>(Reactor.java:151)
	at org.jvnet.hudson.reactor.Reactor.<init>(Reactor.java:156)
	at jenkins.model.Jenkins$5.<init>(Jenkins.java:1078)
	at jenkins.model.Jenkins.executeReactor(Jenkins.java:1078)
	at jenkins.model.Jenkins.<init>(Jenkins.java:936)
	at hudson.model.Hudson.<init>(Hudson.java:85)
	at org.jvnet.hudson.test.JenkinsRule.newHudson(JenkinsRule.java:673)
	at org.jvnet.hudson.test.JenkinsRule.before(JenkinsRule.java:402)
	at org.jvnet.hudson.test.JenkinsRule$1.evaluate(JenkinsRule.java:593)
	at org.junit.internal.runners.statements.FailOnTimeout$CallableStatement.call(FailOnTimeout.java:288)
	at org.junit.internal.runners.statements.FailOnTimeout$CallableStatement.call(FailOnTimeout.java:282)
	at java.base/java.util.concurrent.FutureTask.run(FutureTask.java:264)
	at java.base/java.lang.Thread.run(Thread.java:829)

[INFO] Running org.jenkinsci.plugins.configfiles.folder.FolderConfigFilesTest
[ERROR] Tests run: 1, Failures: 0, Errors: 1, Skipped: 0, Time elapsed: 0.035 s <<< FAILURE! - in org.jenkinsci.plugins.configfiles.folder.FolderConfigFilesTest
[ERROR] org.jenkinsci.plugins.configfiles.folder.FolderConfigFilesTest.verifyLoadWithAnonymousInnerClassComparatorVar1  Time elapsed: 0.027 s  <<< ERROR!
java.lang.EnumConstantNotPresentException: hudson.init.InitMilestone.SYSTEM_CONFIG_LOADED
	at java.base/sun.reflect.annotation.EnumConstantNotPresentExceptionProxy.generateException(EnumConstantNotPresentExceptionProxy.java:46)
	at java.base/sun.reflect.annotation.AnnotationInvocationHandler.invoke(AnnotationInvocationHandler.java:86)
	at com.sun.proxy.$Proxy45.after(Unknown Source)
	at hudson.init.InitializerFinder.afterOf(InitializerFinder.java:60)
	at hudson.init.InitializerFinder.afterOf(InitializerFinder.java:33)
	at hudson.init.TaskMethodFinder$TaskImpl.<init>(TaskMethodFinder.java:140)
	at hudson.init.TaskMethodFinder$TaskImpl.<init>(TaskMethodFinder.java:131)
	at hudson.init.TaskMethodFinder.discoverTasks(TaskMethodFinder.java:62)
	at hudson.init.InitializerFinder.discoverTasks(InitializerFinder.java:33)
	at hudson.init.TaskMethodFinder.discoverTasks(TaskMethodFinder.java:32)
	at org.jvnet.hudson.reactor.TaskBuilder$2.discoverTasks(TaskBuilder.java:61)
	at org.jvnet.hudson.reactor.Reactor.<init>(Reactor.java:151)
	at org.jvnet.hudson.reactor.Reactor.<init>(Reactor.java:156)
	at jenkins.model.Jenkins$5.<init>(Jenkins.java:1078)
	at jenkins.model.Jenkins.executeReactor(Jenkins.java:1078)
	at jenkins.model.Jenkins.<init>(Jenkins.java:936)
	at hudson.model.Hudson.<init>(Hudson.java:85)
	at org.jvnet.hudson.test.JenkinsRule.newHudson(JenkinsRule.java:673)
	at org.jvnet.hudson.test.JenkinsRule.before(JenkinsRule.java:402)
	at org.jvnet.hudson.test.JenkinsRule$1.evaluate(JenkinsRule.java:593)
	at org.junit.internal.runners.statements.FailOnTimeout$CallableStatement.call(FailOnTimeout.java:288)
	at org.junit.internal.runners.statements.FailOnTimeout$CallableStatement.call(FailOnTimeout.java:282)
	at java.base/java.util.concurrent.FutureTask.run(FutureTask.java:264)
	at java.base/java.lang.Thread.run(Thread.java:829)

[INFO] Running org.jenkinsci.plugins.configfiles.maven.MavenSettingsConfigTest
[ERROR] Tests run: 1, Failures: 0, Errors: 1, Skipped: 0, Time elapsed: 0.044 s <<< FAILURE! - in org.jenkinsci.plugins.configfiles.maven.MavenSettingsConfigTest
[ERROR] org.jenkinsci.plugins.configfiles.maven.MavenSettingsConfigTest.withCredentials  Time elapsed: 0.033 s  <<< ERROR!
java.lang.EnumConstantNotPresentException: hudson.init.InitMilestone.SYSTEM_CONFIG_LOADED
	at java.base/sun.reflect.annotation.EnumConstantNotPresentExceptionProxy.generateException(EnumConstantNotPresentExceptionProxy.java:46)
	at java.base/sun.reflect.annotation.AnnotationInvocationHandler.invoke(AnnotationInvocationHandler.java:86)
	at com.sun.proxy.$Proxy45.after(Unknown Source)
	at hudson.init.InitializerFinder.afterOf(InitializerFinder.java:60)
	at hudson.init.InitializerFinder.afterOf(InitializerFinder.java:33)
	at hudson.init.TaskMethodFinder$TaskImpl.<init>(TaskMethodFinder.java:140)
	at hudson.init.TaskMethodFinder$TaskImpl.<init>(TaskMethodFinder.java:131)
	at hudson.init.TaskMethodFinder.discoverTasks(TaskMethodFinder.java:62)
	at hudson.init.InitializerFinder.discoverTasks(InitializerFinder.java:33)
	at hudson.init.TaskMethodFinder.discoverTasks(TaskMethodFinder.java:32)
	at org.jvnet.hudson.reactor.TaskBuilder$2.discoverTasks(TaskBuilder.java:61)
	at org.jvnet.hudson.reactor.Reactor.<init>(Reactor.java:151)
	at org.jvnet.hudson.reactor.Reactor.<init>(Reactor.java:156)
	at jenkins.model.Jenkins$5.<init>(Jenkins.java:1078)
	at jenkins.model.Jenkins.executeReactor(Jenkins.java:1078)
	at jenkins.model.Jenkins.<init>(Jenkins.java:936)
	at hudson.model.Hudson.<init>(Hudson.java:85)
	at org.jvnet.hudson.test.JenkinsRule.newHudson(JenkinsRule.java:673)
	at org.jvnet.hudson.test.JenkinsRule.before(JenkinsRule.java:402)
	at org.jvnet.hudson.test.JenkinsRule$1.evaluate(JenkinsRule.java:593)
	at org.junit.internal.runners.statements.FailOnTimeout$CallableStatement.call(FailOnTimeout.java:288)
	at org.junit.internal.runners.statements.FailOnTimeout$CallableStatement.call(FailOnTimeout.java:282)
	at java.base/java.util.concurrent.FutureTask.run(FutureTask.java:264)
	at java.base/java.lang.Thread.run(Thread.java:829)

[INFO] Running org.jenkinsci.plugins.configfiles.maven.job.MvnSettingsCredentialsTest
[ERROR] Tests run: 1, Failures: 0, Errors: 1, Skipped: 0, Time elapsed: 0.037 s <<< FAILURE! - in org.jenkinsci.plugins.configfiles.maven.job.MvnSettingsCredentialsTest
[ERROR] org.jenkinsci.plugins.configfiles.maven.job.MvnSettingsCredentialsTest.serverCredentialsMustBeInSettingsXmlAtRuntime  Time elapsed: 0.028 s  <<< ERROR!
java.lang.EnumConstantNotPresentException: hudson.init.InitMilestone.SYSTEM_CONFIG_LOADED
	at java.base/sun.reflect.annotation.EnumConstantNotPresentExceptionProxy.generateException(EnumConstantNotPresentExceptionProxy.java:46)
	at java.base/sun.reflect.annotation.AnnotationInvocationHandler.invoke(AnnotationInvocationHandler.java:86)
	at com.sun.proxy.$Proxy45.after(Unknown Source)
	at hudson.init.InitializerFinder.afterOf(InitializerFinder.java:60)
	at hudson.init.InitializerFinder.afterOf(InitializerFinder.java:33)
	at hudson.init.TaskMethodFinder$TaskImpl.<init>(TaskMethodFinder.java:140)
	at hudson.init.TaskMethodFinder$TaskImpl.<init>(TaskMethodFinder.java:131)
	at hudson.init.TaskMethodFinder.discoverTasks(TaskMethodFinder.java:62)
	at hudson.init.InitializerFinder.discoverTasks(InitializerFinder.java:33)
	at hudson.init.TaskMethodFinder.discoverTasks(TaskMethodFinder.java:32)
	at org.jvnet.hudson.reactor.TaskBuilder$2.discoverTasks(TaskBuilder.java:61)
	at org.jvnet.hudson.reactor.Reactor.<init>(Reactor.java:151)
	at org.jvnet.hudson.reactor.Reactor.<init>(Reactor.java:156)
	at jenkins.model.Jenkins$5.<init>(Jenkins.java:1078)
	at jenkins.model.Jenkins.executeReactor(Jenkins.java:1078)
	at jenkins.model.Jenkins.<init>(Jenkins.java:936)
	at hudson.model.Hudson.<init>(Hudson.java:85)
	at org.jvnet.hudson.test.JenkinsRule.newHudson(JenkinsRule.java:673)
	at org.jvnet.hudson.test.JenkinsRule.before(JenkinsRule.java:402)
	at org.jvnet.hudson.test.JenkinsRule$1.evaluate(JenkinsRule.java:593)
	at org.junit.internal.runners.statements.FailOnTimeout$CallableStatement.call(FailOnTimeout.java:288)
	at org.junit.internal.runners.statements.FailOnTimeout$CallableStatement.call(FailOnTimeout.java:282)
	at java.base/java.util.concurrent.FutureTask.run(FutureTask.java:264)
	at java.base/java.lang.Thread.run(Thread.java:829)

[INFO] Running org.jenkinsci.plugins.configfiles.maven.job.MvnSettingsProviderTest
[ERROR] Tests run: 5, Failures: 0, Errors: 5, Skipped: 0, Time elapsed: 0.247 s <<< FAILURE! - in org.jenkinsci.plugins.configfiles.maven.job.MvnSettingsProviderTest
[ERROR] org.jenkinsci.plugins.configfiles.maven.job.MvnSettingsProviderTest.mavenSettingsMustBeFoundInFreestyleProject  Time elapsed: 0.031 s  <<< ERROR!
java.lang.EnumConstantNotPresentException: hudson.init.InitMilestone.SYSTEM_CONFIG_LOADED
	at java.base/sun.reflect.annotation.EnumConstantNotPresentExceptionProxy.generateException(EnumConstantNotPresentExceptionProxy.java:46)
	at java.base/sun.reflect.annotation.AnnotationInvocationHandler.invoke(AnnotationInvocationHandler.java:86)
	at com.sun.proxy.$Proxy45.after(Unknown Source)
	at hudson.init.InitializerFinder.afterOf(InitializerFinder.java:60)
	at hudson.init.InitializerFinder.afterOf(InitializerFinder.java:33)
	at hudson.init.TaskMethodFinder$TaskImpl.<init>(TaskMethodFinder.java:140)
	at hudson.init.TaskMethodFinder$TaskImpl.<init>(TaskMethodFinder.java:131)
	at hudson.init.TaskMethodFinder.discoverTasks(TaskMethodFinder.java:62)
	at hudson.init.InitializerFinder.discoverTasks(InitializerFinder.java:33)
	at hudson.init.TaskMethodFinder.discoverTasks(TaskMethodFinder.java:32)
	at org.jvnet.hudson.reactor.TaskBuilder$2.discoverTasks(TaskBuilder.java:61)
	at org.jvnet.hudson.reactor.Reactor.<init>(Reactor.java:151)
	at org.jvnet.hudson.reactor.Reactor.<init>(Reactor.java:156)
	at jenkins.model.Jenkins$5.<init>(Jenkins.java:1078)
	at jenkins.model.Jenkins.executeReactor(Jenkins.java:1078)
	at jenkins.model.Jenkins.<init>(Jenkins.java:936)
	at hudson.model.Hudson.<init>(Hudson.java:85)
	at org.jvnet.hudson.test.JenkinsRule.newHudson(JenkinsRule.java:673)
	at org.jvnet.hudson.test.JenkinsRule.before(JenkinsRule.java:402)
	at org.jvnet.hudson.test.JenkinsRule$1.evaluate(JenkinsRule.java:593)
	at org.junit.internal.runners.statements.FailOnTimeout$CallableStatement.call(FailOnTimeout.java:288)
	at org.junit.internal.runners.statements.FailOnTimeout$CallableStatement.call(FailOnTimeout.java:282)
	at java.base/java.util.concurrent.FutureTask.run(FutureTask.java:264)
	at java.base/java.lang.Thread.run(Thread.java:829)

[ERROR] org.jenkinsci.plugins.configfiles.maven.job.MvnSettingsProviderTest.configMustBeVisibleFromConfigPage  Time elapsed: 0.04 s  <<< ERROR!
java.lang.EnumConstantNotPresentException: hudson.init.InitMilestone.SYSTEM_CONFIG_LOADED
	at java.base/sun.reflect.annotation.EnumConstantNotPresentExceptionProxy.generateException(EnumConstantNotPresentExceptionProxy.java:46)
	at java.base/sun.reflect.annotation.AnnotationInvocationHandler.invoke(AnnotationInvocationHandler.java:86)
	at com.sun.proxy.$Proxy45.after(Unknown Source)
	at hudson.init.InitializerFinder.afterOf(InitializerFinder.java:60)
	at hudson.init.InitializerFinder.afterOf(InitializerFinder.java:33)
	at hudson.init.TaskMethodFinder$TaskImpl.<init>(TaskMethodFinder.java:140)
	at hudson.init.TaskMethodFinder$TaskImpl.<init>(TaskMethodFinder.java:131)
	at hudson.init.TaskMethodFinder.discoverTasks(TaskMethodFinder.java:62)
	at hudson.init.InitializerFinder.discoverTasks(InitializerFinder.java:33)
	at hudson.init.TaskMethodFinder.discoverTasks(TaskMethodFinder.java:32)
	at org.jvnet.hudson.reactor.TaskBuilder$2.discoverTasks(TaskBuilder.java:61)
	at org.jvnet.hudson.reactor.Reactor.<init>(Reactor.java:151)
	at org.jvnet.hudson.reactor.Reactor.<init>(Reactor.java:156)
	at jenkins.model.Jenkins$5.<init>(Jenkins.java:1078)
	at jenkins.model.Jenkins.executeReactor(Jenkins.java:1078)
	at jenkins.model.Jenkins.<init>(Jenkins.java:936)
	at hudson.model.Hudson.<init>(Hudson.java:85)
	at org.jvnet.hudson.test.JenkinsRule.newHudson(JenkinsRule.java:673)
	at org.jvnet.hudson.test.JenkinsRule.before(JenkinsRule.java:402)
	at org.jvnet.hudson.test.JenkinsRule$1.evaluate(JenkinsRule.java:593)
	at org.junit.internal.runners.statements.FailOnTimeout$CallableStatement.call(FailOnTimeout.java:288)
	at org.junit.internal.runners.statements.FailOnTimeout$CallableStatement.call(FailOnTimeout.java:282)
	at java.base/java.util.concurrent.FutureTask.run(FutureTask.java:264)
	at java.base/java.lang.Thread.run(Thread.java:829)

[ERROR] org.jenkinsci.plugins.configfiles.maven.job.MvnSettingsProviderTest.testConfigRoundtrip  Time elapsed: 0.077 s  <<< ERROR!
java.lang.EnumConstantNotPresentException: hudson.init.InitMilestone.SYSTEM_CONFIG_LOADED
	at java.base/sun.reflect.annotation.EnumConstantNotPresentExceptionProxy.generateException(EnumConstantNotPresentExceptionProxy.java:46)
	at java.base/sun.reflect.annotation.AnnotationInvocationHandler.invoke(AnnotationInvocationHandler.java:86)
	at com.sun.proxy.$Proxy45.after(Unknown Source)
	at hudson.init.InitializerFinder.afterOf(InitializerFinder.java:60)
	at hudson.init.InitializerFinder.afterOf(InitializerFinder.java:33)
	at hudson.init.TaskMethodFinder$TaskImpl.<init>(TaskMethodFinder.java:140)
	at hudson.init.TaskMethodFinder$TaskImpl.<init>(TaskMethodFinder.java:131)
	at hudson.init.TaskMethodFinder.discoverTasks(TaskMethodFinder.java:62)
	at hudson.init.InitializerFinder.discoverTasks(InitializerFinder.java:33)
	at hudson.init.TaskMethodFinder.discoverTasks(TaskMethodFinder.java:32)
	at org.jvnet.hudson.reactor.TaskBuilder$2.discoverTasks(TaskBuilder.java:61)
	at org.jvnet.hudson.reactor.Reactor.<init>(Reactor.java:151)
	at org.jvnet.hudson.reactor.Reactor.<init>(Reactor.java:156)
	at jenkins.model.Jenkins$5.<init>(Jenkins.java:1078)
	at jenkins.model.Jenkins.executeReactor(Jenkins.java:1078)
	at jenkins.model.Jenkins.<init>(Jenkins.java:936)
	at hudson.model.Hudson.<init>(Hudson.java:85)
	at org.jvnet.hudson.test.JenkinsRule.newHudson(JenkinsRule.java:673)
	at org.jvnet.hudson.test.JenkinsRule.before(JenkinsRule.java:402)
	at org.jvnet.hudson.test.JenkinsRule$1.evaluate(JenkinsRule.java:593)
	at org.junit.internal.runners.statements.FailOnTimeout$CallableStatement.call(FailOnTimeout.java:288)
	at org.junit.internal.runners.statements.FailOnTimeout$CallableStatement.call(FailOnTimeout.java:282)
	at java.base/java.util.concurrent.FutureTask.run(FutureTask.java:264)
	at java.base/java.lang.Thread.run(Thread.java:829)

[ERROR] org.jenkinsci.plugins.configfiles.maven.job.MvnSettingsProviderTest.testConfigRoundtripMavenJob  Time elapsed: 0.045 s  <<< ERROR!
java.lang.EnumConstantNotPresentException: hudson.init.InitMilestone.SYSTEM_CONFIG_LOADED
	at java.base/sun.reflect.annotation.EnumConstantNotPresentExceptionProxy.generateException(EnumConstantNotPresentExceptionProxy.java:46)
	at java.base/sun.reflect.annotation.AnnotationInvocationHandler.invoke(AnnotationInvocationHandler.java:86)
	at com.sun.proxy.$Proxy45.after(Unknown Source)
	at hudson.init.InitializerFinder.afterOf(InitializerFinder.java:60)
	at hudson.init.InitializerFinder.afterOf(InitializerFinder.java:33)
	at hudson.init.TaskMethodFinder$TaskImpl.<init>(TaskMethodFinder.java:140)
	at hudson.init.TaskMethodFinder$TaskImpl.<init>(TaskMethodFinder.java:131)
	at hudson.init.TaskMethodFinder.discoverTasks(TaskMethodFinder.java:62)
	at hudson.init.InitializerFinder.discoverTasks(InitializerFinder.java:33)
	at hudson.init.TaskMethodFinder.discoverTasks(TaskMethodFinder.java:32)
	at org.jvnet.hudson.reactor.TaskBuilder$2.discoverTasks(TaskBuilder.java:61)
	at org.jvnet.hudson.reactor.Reactor.<init>(Reactor.java:151)
	at org.jvnet.hudson.reactor.Reactor.<init>(Reactor.java:156)
	at jenkins.model.Jenkins$5.<init>(Jenkins.java:1078)
	at jenkins.model.Jenkins.executeReactor(Jenkins.java:1078)
	at jenkins.model.Jenkins.<init>(Jenkins.java:936)
	at hudson.model.Hudson.<init>(Hudson.java:85)
	at org.jvnet.hudson.test.JenkinsRule.newHudson(JenkinsRule.java:673)
	at org.jvnet.hudson.test.JenkinsRule.before(JenkinsRule.java:402)
	at org.jvnet.hudson.test.JenkinsRule$1.evaluate(JenkinsRule.java:593)
	at org.junit.internal.runners.statements.FailOnTimeout$CallableStatement.call(FailOnTimeout.java:288)
	at org.junit.internal.runners.statements.FailOnTimeout$CallableStatement.call(FailOnTimeout.java:282)
	at java.base/java.util.concurrent.FutureTask.run(FutureTask.java:264)
	at java.base/java.lang.Thread.run(Thread.java:829)

[ERROR] org.jenkinsci.plugins.configfiles.maven.job.MvnSettingsProviderTest.notFoundMavenSettingsMustCauseBuildToFail  Time elapsed: 0.045 s  <<< ERROR!
java.lang.EnumConstantNotPresentException: hudson.init.InitMilestone.SYSTEM_CONFIG_LOADED
	at java.base/sun.reflect.annotation.EnumConstantNotPresentExceptionProxy.generateException(EnumConstantNotPresentExceptionProxy.java:46)
	at java.base/sun.reflect.annotation.AnnotationInvocationHandler.invoke(AnnotationInvocationHandler.java:86)
	at com.sun.proxy.$Proxy45.after(Unknown Source)
	at hudson.init.InitializerFinder.afterOf(InitializerFinder.java:60)
	at hudson.init.InitializerFinder.afterOf(InitializerFinder.java:33)
	at hudson.init.TaskMethodFinder$TaskImpl.<init>(TaskMethodFinder.java:140)
	at hudson.init.TaskMethodFinder$TaskImpl.<init>(TaskMethodFinder.java:131)
	at hudson.init.TaskMethodFinder.discoverTasks(TaskMethodFinder.java:62)
	at hudson.init.InitializerFinder.discoverTasks(InitializerFinder.java:33)
	at hudson.init.TaskMethodFinder.discoverTasks(TaskMethodFinder.java:32)
	at org.jvnet.hudson.reactor.TaskBuilder$2.discoverTasks(TaskBuilder.java:61)
	at org.jvnet.hudson.reactor.Reactor.<init>(Reactor.java:151)
	at org.jvnet.hudson.reactor.Reactor.<init>(Reactor.java:156)
	at jenkins.model.Jenkins$5.<init>(Jenkins.java:1078)
	at jenkins.model.Jenkins.executeReactor(Jenkins.java:1078)
	at jenkins.model.Jenkins.<init>(Jenkins.java:936)
	at hudson.model.Hudson.<init>(Hudson.java:85)
	at org.jvnet.hudson.test.JenkinsRule.newHudson(JenkinsRule.java:673)
	at org.jvnet.hudson.test.JenkinsRule.before(JenkinsRule.java:402)
	at org.jvnet.hudson.test.JenkinsRule$1.evaluate(JenkinsRule.java:593)
	at org.junit.internal.runners.statements.FailOnTimeout$CallableStatement.call(FailOnTimeout.java:288)
	at org.junit.internal.runners.statements.FailOnTimeout$CallableStatement.call(FailOnTimeout.java:282)
	at java.base/java.util.concurrent.FutureTask.run(FutureTask.java:264)
	at java.base/java.lang.Thread.run(Thread.java:829)

[INFO] Running org.jenkinsci.plugins.configfiles.maven.job.SettingsEnvVarTest
[ERROR] Tests run: 1, Failures: 0, Errors: 1, Skipped: 0, Time elapsed: 0.036 s <<< FAILURE! - in org.jenkinsci.plugins.configfiles.maven.job.SettingsEnvVarTest
[ERROR] org.jenkinsci.plugins.configfiles.maven.job.SettingsEnvVarTest.serverCredentialsMustBeInSettingsXmlAtRuntime  Time elapsed: 0.027 s  <<< ERROR!
java.lang.EnumConstantNotPresentException: hudson.init.InitMilestone.SYSTEM_CONFIG_LOADED
	at java.base/sun.reflect.annotation.EnumConstantNotPresentExceptionProxy.generateException(EnumConstantNotPresentExceptionProxy.java:46)
	at java.base/sun.reflect.annotation.AnnotationInvocationHandler.invoke(AnnotationInvocationHandler.java:86)
	at com.sun.proxy.$Proxy45.after(Unknown Source)
	at hudson.init.InitializerFinder.afterOf(InitializerFinder.java:60)
	at hudson.init.InitializerFinder.afterOf(InitializerFinder.java:33)
	at hudson.init.TaskMethodFinder$TaskImpl.<init>(TaskMethodFinder.java:140)
	at hudson.init.TaskMethodFinder$TaskImpl.<init>(TaskMethodFinder.java:131)
	at hudson.init.TaskMethodFinder.discoverTasks(TaskMethodFinder.java:62)
	at hudson.init.InitializerFinder.discoverTasks(InitializerFinder.java:33)
	at hudson.init.TaskMethodFinder.discoverTasks(TaskMethodFinder.java:32)
	at org.jvnet.hudson.reactor.TaskBuilder$2.discoverTasks(TaskBuilder.java:61)
	at org.jvnet.hudson.reactor.Reactor.<init>(Reactor.java:151)
	at org.jvnet.hudson.reactor.Reactor.<init>(Reactor.java:156)
	at jenkins.model.Jenkins$5.<init>(Jenkins.java:1078)
	at jenkins.model.Jenkins.executeReactor(Jenkins.java:1078)
	at jenkins.model.Jenkins.<init>(Jenkins.java:936)
	at hudson.model.Hudson.<init>(Hudson.java:85)
	at org.jvnet.hudson.test.JenkinsRule.newHudson(JenkinsRule.java:673)
	at org.jvnet.hudson.test.JenkinsRule.before(JenkinsRule.java:402)
	at org.jvnet.hudson.test.JenkinsRule$1.evaluate(JenkinsRule.java:593)
	at org.junit.internal.runners.statements.FailOnTimeout$CallableStatement.call(FailOnTimeout.java:288)
	at org.junit.internal.runners.statements.FailOnTimeout$CallableStatement.call(FailOnTimeout.java:282)
	at java.base/java.util.concurrent.FutureTask.run(FutureTask.java:264)
	at java.base/java.lang.Thread.run(Thread.java:829)

[INFO] Running org.jenkinsci.plugins.configfiles.maven.security.CredentialsHelperTest
[ERROR] Tests run: 6, Failures: 0, Errors: 6, Skipped: 0, Time elapsed: 0.299 s <<< FAILURE! - in org.jenkinsci.plugins.configfiles.maven.security.CredentialsHelperTest
[ERROR] org.jenkinsci.plugins.configfiles.maven.security.CredentialsHelperTest.testSettingsXmlIsNotChangedWithoutCredentialsWhenReplaceTrue  Time elapsed: 0.029 s  <<< ERROR!
java.lang.EnumConstantNotPresentException: hudson.init.InitMilestone.SYSTEM_CONFIG_LOADED
	at java.base/sun.reflect.annotation.EnumConstantNotPresentExceptionProxy.generateException(EnumConstantNotPresentExceptionProxy.java:46)
	at java.base/sun.reflect.annotation.AnnotationInvocationHandler.invoke(AnnotationInvocationHandler.java:86)
	at com.sun.proxy.$Proxy45.after(Unknown Source)
	at hudson.init.InitializerFinder.afterOf(InitializerFinder.java:60)
	at hudson.init.InitializerFinder.afterOf(InitializerFinder.java:33)
	at hudson.init.TaskMethodFinder$TaskImpl.<init>(TaskMethodFinder.java:140)
	at hudson.init.TaskMethodFinder$TaskImpl.<init>(TaskMethodFinder.java:131)
	at hudson.init.TaskMethodFinder.discoverTasks(TaskMethodFinder.java:62)
	at hudson.init.InitializerFinder.discoverTasks(InitializerFinder.java:33)
	at hudson.init.TaskMethodFinder.discoverTasks(TaskMethodFinder.java:32)
	at org.jvnet.hudson.reactor.TaskBuilder$2.discoverTasks(TaskBuilder.java:61)
	at org.jvnet.hudson.reactor.Reactor.<init>(Reactor.java:151)
	at org.jvnet.hudson.reactor.Reactor.<init>(Reactor.java:156)
	at jenkins.model.Jenkins$5.<init>(Jenkins.java:1078)
	at jenkins.model.Jenkins.executeReactor(Jenkins.java:1078)
	at jenkins.model.Jenkins.<init>(Jenkins.java:936)
	at hudson.model.Hudson.<init>(Hudson.java:85)
	at org.jvnet.hudson.test.JenkinsRule.newHudson(JenkinsRule.java:673)
	at org.jvnet.hudson.test.JenkinsRule.before(JenkinsRule.java:402)
	at org.jvnet.hudson.test.JenkinsRule$1.evaluate(JenkinsRule.java:593)
	at org.junit.internal.runners.statements.FailOnTimeout$CallableStatement.call(FailOnTimeout.java:288)
	at org.junit.internal.runners.statements.FailOnTimeout$CallableStatement.call(FailOnTimeout.java:282)
	at java.base/java.util.concurrent.FutureTask.run(FutureTask.java:264)
	at java.base/java.lang.Thread.run(Thread.java:829)

[ERROR] org.jenkinsci.plugins.configfiles.maven.security.CredentialsHelperTest.testSettingsXmlIsNotChangedWithoutCredentialsWhenReplaceFalse  Time elapsed: 0.046 s  <<< ERROR!
java.lang.EnumConstantNotPresentException: hudson.init.InitMilestone.SYSTEM_CONFIG_LOADED
	at java.base/sun.reflect.annotation.EnumConstantNotPresentExceptionProxy.generateException(EnumConstantNotPresentExceptionProxy.java:46)
	at java.base/sun.reflect.annotation.AnnotationInvocationHandler.invoke(AnnotationInvocationHandler.java:86)
	at com.sun.proxy.$Proxy45.after(Unknown Source)
	at hudson.init.InitializerFinder.afterOf(InitializerFinder.java:60)
	at hudson.init.InitializerFinder.afterOf(InitializerFinder.java:33)
	at hudson.init.TaskMethodFinder$TaskImpl.<init>(TaskMethodFinder.java:140)
	at hudson.init.TaskMethodFinder$TaskImpl.<init>(TaskMethodFinder.java:131)
	at hudson.init.TaskMethodFinder.discoverTasks(TaskMethodFinder.java:62)
	at hudson.init.InitializerFinder.discoverTasks(InitializerFinder.java:33)
	at hudson.init.TaskMethodFinder.discoverTasks(TaskMethodFinder.java:32)
	at org.jvnet.hudson.reactor.TaskBuilder$2.discoverTasks(TaskBuilder.java:61)
	at org.jvnet.hudson.reactor.Reactor.<init>(Reactor.java:151)
	at org.jvnet.hudson.reactor.Reactor.<init>(Reactor.java:156)
	at jenkins.model.Jenkins$5.<init>(Jenkins.java:1078)
	at jenkins.model.Jenkins.executeReactor(Jenkins.java:1078)
	at jenkins.model.Jenkins.<init>(Jenkins.java:936)
	at hudson.model.Hudson.<init>(Hudson.java:85)
	at org.jvnet.hudson.test.JenkinsRule.newHudson(JenkinsRule.java:673)
	at org.jvnet.hudson.test.JenkinsRule.before(JenkinsRule.java:402)
	at org.jvnet.hudson.test.JenkinsRule$1.evaluate(JenkinsRule.java:593)
	at org.junit.internal.runners.statements.FailOnTimeout$CallableStatement.call(FailOnTimeout.java:288)
	at org.junit.internal.runners.statements.FailOnTimeout$CallableStatement.call(FailOnTimeout.java:282)
	at java.base/java.util.concurrent.FutureTask.run(FutureTask.java:264)
	at java.base/java.lang.Thread.run(Thread.java:829)

[ERROR] org.jenkinsci.plugins.configfiles.maven.security.CredentialsHelperTest.testIfServerAuthIsReplacedWithinSettingsXmlWhenReplaceTrue  Time elapsed: 0.046 s  <<< ERROR!
java.lang.EnumConstantNotPresentException: hudson.init.InitMilestone.SYSTEM_CONFIG_LOADED
	at java.base/sun.reflect.annotation.EnumConstantNotPresentExceptionProxy.generateException(EnumConstantNotPresentExceptionProxy.java:46)
	at java.base/sun.reflect.annotation.AnnotationInvocationHandler.invoke(AnnotationInvocationHandler.java:86)
	at com.sun.proxy.$Proxy45.after(Unknown Source)
	at hudson.init.InitializerFinder.afterOf(InitializerFinder.java:60)
	at hudson.init.InitializerFinder.afterOf(InitializerFinder.java:33)
	at hudson.init.TaskMethodFinder$TaskImpl.<init>(TaskMethodFinder.java:140)
	at hudson.init.TaskMethodFinder$TaskImpl.<init>(TaskMethodFinder.java:131)
	at hudson.init.TaskMethodFinder.discoverTasks(TaskMethodFinder.java:62)
	at hudson.init.InitializerFinder.discoverTasks(InitializerFinder.java:33)
	at hudson.init.TaskMethodFinder.discoverTasks(TaskMethodFinder.java:32)
	at org.jvnet.hudson.reactor.TaskBuilder$2.discoverTasks(TaskBuilder.java:61)
	at org.jvnet.hudson.reactor.Reactor.<init>(Reactor.java:151)
	at org.jvnet.hudson.reactor.Reactor.<init>(Reactor.java:156)
	at jenkins.model.Jenkins$5.<init>(Jenkins.java:1078)
	at jenkins.model.Jenkins.executeReactor(Jenkins.java:1078)
	at jenkins.model.Jenkins.<init>(Jenkins.java:936)
	at hudson.model.Hudson.<init>(Hudson.java:85)
	at org.jvnet.hudson.test.JenkinsRule.newHudson(JenkinsRule.java:673)
	at org.jvnet.hudson.test.JenkinsRule.before(JenkinsRule.java:402)
	at org.jvnet.hudson.test.JenkinsRule$1.evaluate(JenkinsRule.java:593)
	at org.junit.internal.runners.statements.FailOnTimeout$CallableStatement.call(FailOnTimeout.java:288)
	at org.junit.internal.runners.statements.FailOnTimeout$CallableStatement.call(FailOnTimeout.java:282)
	at java.base/java.util.concurrent.FutureTask.run(FutureTask.java:264)
	at java.base/java.lang.Thread.run(Thread.java:829)

[ERROR] org.jenkinsci.plugins.configfiles.maven.security.CredentialsHelperTest.testIfServerElementAreKeptWhenMatchCredentialsWhenReplaceTrue  Time elapsed: 0.071 s  <<< ERROR!
java.lang.EnumConstantNotPresentException: hudson.init.InitMilestone.SYSTEM_CONFIG_LOADED
	at java.base/sun.reflect.annotation.EnumConstantNotPresentExceptionProxy.generateException(EnumConstantNotPresentExceptionProxy.java:46)
	at java.base/sun.reflect.annotation.AnnotationInvocationHandler.invoke(AnnotationInvocationHandler.java:86)
	at com.sun.proxy.$Proxy45.after(Unknown Source)
	at hudson.init.InitializerFinder.afterOf(InitializerFinder.java:60)
	at hudson.init.InitializerFinder.afterOf(InitializerFinder.java:33)
	at hudson.init.TaskMethodFinder$TaskImpl.<init>(TaskMethodFinder.java:140)
	at hudson.init.TaskMethodFinder$TaskImpl.<init>(TaskMethodFinder.java:131)
	at hudson.init.TaskMethodFinder.discoverTasks(TaskMethodFinder.java:62)
	at hudson.init.InitializerFinder.discoverTasks(InitializerFinder.java:33)
	at hudson.init.TaskMethodFinder.discoverTasks(TaskMethodFinder.java:32)
	at org.jvnet.hudson.reactor.TaskBuilder$2.discoverTasks(TaskBuilder.java:61)
	at org.jvnet.hudson.reactor.Reactor.<init>(Reactor.java:151)
	at org.jvnet.hudson.reactor.Reactor.<init>(Reactor.java:156)
	at jenkins.model.Jenkins$5.<init>(Jenkins.java:1078)
	at jenkins.model.Jenkins.executeReactor(Jenkins.java:1078)
	at jenkins.model.Jenkins.<init>(Jenkins.java:936)
	at hudson.model.Hudson.<init>(Hudson.java:85)
	at org.jvnet.hudson.test.JenkinsRule.newHudson(JenkinsRule.java:673)
	at org.jvnet.hudson.test.JenkinsRule.before(JenkinsRule.java:402)
	at org.jvnet.hudson.test.JenkinsRule$1.evaluate(JenkinsRule.java:593)
	at org.junit.internal.runners.statements.FailOnTimeout$CallableStatement.call(FailOnTimeout.java:288)
	at org.junit.internal.runners.statements.FailOnTimeout$CallableStatement.call(FailOnTimeout.java:282)
	at java.base/java.util.concurrent.FutureTask.run(FutureTask.java:264)
	at java.base/java.lang.Thread.run(Thread.java:829)

[ERROR] org.jenkinsci.plugins.configfiles.maven.security.CredentialsHelperTest.testIfServerAuthIsReplacedWithinSettingsXmlWhenReplaceFalse  Time elapsed: 0.055 s  <<< ERROR!
java.lang.EnumConstantNotPresentException: hudson.init.InitMilestone.SYSTEM_CONFIG_LOADED
	at java.base/sun.reflect.annotation.EnumConstantNotPresentExceptionProxy.generateException(EnumConstantNotPresentExceptionProxy.java:46)
	at java.base/sun.reflect.annotation.AnnotationInvocationHandler.invoke(AnnotationInvocationHandler.java:86)
	at com.sun.proxy.$Proxy45.after(Unknown Source)
	at hudson.init.InitializerFinder.afterOf(InitializerFinder.java:60)
	at hudson.init.InitializerFinder.afterOf(InitializerFinder.java:33)
	at hudson.init.TaskMethodFinder$TaskImpl.<init>(TaskMethodFinder.java:140)
	at hudson.init.TaskMethodFinder$TaskImpl.<init>(TaskMethodFinder.java:131)
	at hudson.init.TaskMethodFinder.discoverTasks(TaskMethodFinder.java:62)
	at hudson.init.InitializerFinder.discoverTasks(InitializerFinder.java:33)
	at hudson.init.TaskMethodFinder.discoverTasks(TaskMethodFinder.java:32)
	at org.jvnet.hudson.reactor.TaskBuilder$2.discoverTasks(TaskBuilder.java:61)
	at org.jvnet.hudson.reactor.Reactor.<init>(Reactor.java:151)
	at org.jvnet.hudson.reactor.Reactor.<init>(Reactor.java:156)
	at jenkins.model.Jenkins$5.<init>(Jenkins.java:1078)
	at jenkins.model.Jenkins.executeReactor(Jenkins.java:1078)
	at jenkins.model.Jenkins.<init>(Jenkins.java:936)
	at hudson.model.Hudson.<init>(Hudson.java:85)
	at org.jvnet.hudson.test.JenkinsRule.newHudson(JenkinsRule.java:673)
	at org.jvnet.hudson.test.JenkinsRule.before(JenkinsRule.java:402)
	at org.jvnet.hudson.test.JenkinsRule$1.evaluate(JenkinsRule.java:593)
	at org.junit.internal.runners.statements.FailOnTimeout$CallableStatement.call(FailOnTimeout.java:288)
	at org.junit.internal.runners.statements.FailOnTimeout$CallableStatement.call(FailOnTimeout.java:282)
	at java.base/java.util.concurrent.FutureTask.run(FutureTask.java:264)
	at java.base/java.lang.Thread.run(Thread.java:829)

[ERROR] org.jenkinsci.plugins.configfiles.maven.security.CredentialsHelperTest.testIfServerElementAreKeptWhenMatchCredentialsWhenReplaceFalse  Time elapsed: 0.042 s  <<< ERROR!
java.lang.EnumConstantNotPresentException: hudson.init.InitMilestone.SYSTEM_CONFIG_LOADED
	at java.base/sun.reflect.annotation.EnumConstantNotPresentExceptionProxy.generateException(EnumConstantNotPresentExceptionProxy.java:46)
	at java.base/sun.reflect.annotation.AnnotationInvocationHandler.invoke(AnnotationInvocationHandler.java:86)
	at com.sun.proxy.$Proxy45.after(Unknown Source)
	at hudson.init.InitializerFinder.afterOf(InitializerFinder.java:60)
	at hudson.init.InitializerFinder.afterOf(InitializerFinder.java:33)
	at hudson.init.TaskMethodFinder$TaskImpl.<init>(TaskMethodFinder.java:140)
	at hudson.init.TaskMethodFinder$TaskImpl.<init>(TaskMethodFinder.java:131)
	at hudson.init.TaskMethodFinder.discoverTasks(TaskMethodFinder.java:62)
	at hudson.init.InitializerFinder.discoverTasks(InitializerFinder.java:33)
	at hudson.init.TaskMethodFinder.discoverTasks(TaskMethodFinder.java:32)
	at org.jvnet.hudson.reactor.TaskBuilder$2.discoverTasks(TaskBuilder.java:61)
	at org.jvnet.hudson.reactor.Reactor.<init>(Reactor.java:151)
	at org.jvnet.hudson.reactor.Reactor.<init>(Reactor.java:156)
	at jenkins.model.Jenkins$5.<init>(Jenkins.java:1078)
	at jenkins.model.Jenkins.executeReactor(Jenkins.java:1078)
	at jenkins.model.Jenkins.<init>(Jenkins.java:936)
	at hudson.model.Hudson.<init>(Hudson.java:85)
	at org.jvnet.hudson.test.JenkinsRule.newHudson(JenkinsRule.java:673)
	at org.jvnet.hudson.test.JenkinsRule.before(JenkinsRule.java:402)
	at org.jvnet.hudson.test.JenkinsRule$1.evaluate(JenkinsRule.java:593)
	at org.junit.internal.runners.statements.FailOnTimeout$CallableStatement.call(FailOnTimeout.java:288)
	at org.junit.internal.runners.statements.FailOnTimeout$CallableStatement.call(FailOnTimeout.java:282)
	at java.base/java.util.concurrent.FutureTask.run(FutureTask.java:264)
	at java.base/java.lang.Thread.run(Thread.java:829)

[INFO] Running org.jenkinsci.plugins.configfiles.properties.PropertiesConfigTest
[ERROR] Tests run: 1, Failures: 0, Errors: 1, Skipped: 0, Time elapsed: 0.034 s <<< FAILURE! - in org.jenkinsci.plugins.configfiles.properties.PropertiesConfigTest
[ERROR] org.jenkinsci.plugins.configfiles.properties.PropertiesConfigTest.withCredentials  Time elapsed: 0.024 s  <<< ERROR!
java.lang.EnumConstantNotPresentException: hudson.init.InitMilestone.SYSTEM_CONFIG_LOADED
	at java.base/sun.reflect.annotation.EnumConstantNotPresentExceptionProxy.generateException(EnumConstantNotPresentExceptionProxy.java:46)
	at java.base/sun.reflect.annotation.AnnotationInvocationHandler.invoke(AnnotationInvocationHandler.java:86)
	at com.sun.proxy.$Proxy45.after(Unknown Source)
	at hudson.init.InitializerFinder.afterOf(InitializerFinder.java:60)
	at hudson.init.InitializerFinder.afterOf(InitializerFinder.java:33)
	at hudson.init.TaskMethodFinder$TaskImpl.<init>(TaskMethodFinder.java:140)
	at hudson.init.TaskMethodFinder$TaskImpl.<init>(TaskMethodFinder.java:131)
	at hudson.init.TaskMethodFinder.discoverTasks(TaskMethodFinder.java:62)
	at hudson.init.InitializerFinder.discoverTasks(InitializerFinder.java:33)
	at hudson.init.TaskMethodFinder.discoverTasks(TaskMethodFinder.java:32)
	at org.jvnet.hudson.reactor.TaskBuilder$2.discoverTasks(TaskBuilder.java:61)
	at org.jvnet.hudson.reactor.Reactor.<init>(Reactor.java:151)
	at org.jvnet.hudson.reactor.Reactor.<init>(Reactor.java:156)
	at jenkins.model.Jenkins$5.<init>(Jenkins.java:1078)
	at jenkins.model.Jenkins.executeReactor(Jenkins.java:1078)
	at jenkins.model.Jenkins.<init>(Jenkins.java:936)
	at hudson.model.Hudson.<init>(Hudson.java:85)
	at org.jvnet.hudson.test.JenkinsRule.newHudson(JenkinsRule.java:673)
	at org.jvnet.hudson.test.JenkinsRule.before(JenkinsRule.java:402)
	at org.jvnet.hudson.test.JenkinsRule$1.evaluate(JenkinsRule.java:593)
	at org.junit.internal.runners.statements.FailOnTimeout$CallableStatement.call(FailOnTimeout.java:288)
	at org.junit.internal.runners.statements.FailOnTimeout$CallableStatement.call(FailOnTimeout.java:282)
	at java.base/java.util.concurrent.FutureTask.run(FutureTask.java:264)
	at java.base/java.lang.Thread.run(Thread.java:829)

[INFO] Running org.jenkinsci.plugins.configfiles.properties.security.CredentialsHelperTest
[ERROR] Tests run: 6, Failures: 0, Errors: 6, Skipped: 0, Time elapsed: 0.305 s <<< FAILURE! - in org.jenkinsci.plugins.configfiles.properties.security.CredentialsHelperTest
[ERROR] org.jenkinsci.plugins.configfiles.properties.security.CredentialsHelperTest.testPropertiesIsNotReplacedWhenReplaceFalse  Time elapsed: 0.072 s  <<< ERROR!
java.lang.EnumConstantNotPresentException: hudson.init.InitMilestone.SYSTEM_CONFIG_LOADED
	at java.base/sun.reflect.annotation.EnumConstantNotPresentExceptionProxy.generateException(EnumConstantNotPresentExceptionProxy.java:46)
	at java.base/sun.reflect.annotation.AnnotationInvocationHandler.invoke(AnnotationInvocationHandler.java:86)
	at com.sun.proxy.$Proxy45.after(Unknown Source)
	at hudson.init.InitializerFinder.afterOf(InitializerFinder.java:60)
	at hudson.init.InitializerFinder.afterOf(InitializerFinder.java:33)
	at hudson.init.TaskMethodFinder$TaskImpl.<init>(TaskMethodFinder.java:140)
	at hudson.init.TaskMethodFinder$TaskImpl.<init>(TaskMethodFinder.java:131)
	at hudson.init.TaskMethodFinder.discoverTasks(TaskMethodFinder.java:62)
	at hudson.init.InitializerFinder.discoverTasks(InitializerFinder.java:33)
	at hudson.init.TaskMethodFinder.discoverTasks(TaskMethodFinder.java:32)
	at org.jvnet.hudson.reactor.TaskBuilder$2.discoverTasks(TaskBuilder.java:61)
	at org.jvnet.hudson.reactor.Reactor.<init>(Reactor.java:151)
	at org.jvnet.hudson.reactor.Reactor.<init>(Reactor.java:156)
	at jenkins.model.Jenkins$5.<init>(Jenkins.java:1078)
	at jenkins.model.Jenkins.executeReactor(Jenkins.java:1078)
	at jenkins.model.Jenkins.<init>(Jenkins.java:936)
	at hudson.model.Hudson.<init>(Hudson.java:85)
	at org.jvnet.hudson.test.JenkinsRule.newHudson(JenkinsRule.java:673)
	at org.jvnet.hudson.test.JenkinsRule.before(JenkinsRule.java:402)
	at org.jvnet.hudson.test.JenkinsRule$1.evaluate(JenkinsRule.java:593)
	at org.junit.internal.runners.statements.FailOnTimeout$CallableStatement.call(FailOnTimeout.java:288)
	at org.junit.internal.runners.statements.FailOnTimeout$CallableStatement.call(FailOnTimeout.java:282)
	at java.base/java.util.concurrent.FutureTask.run(FutureTask.java:264)
	at java.base/java.lang.Thread.run(Thread.java:829)

[ERROR] org.jenkinsci.plugins.configfiles.properties.security.CredentialsHelperTest.testSettingsPropertiesIsNotChangedWithoutCredentialsWhenReplaceTrue  Time elapsed: 0.043 s  <<< ERROR!
java.lang.EnumConstantNotPresentException: hudson.init.InitMilestone.SYSTEM_CONFIG_LOADED
	at java.base/sun.reflect.annotation.EnumConstantNotPresentExceptionProxy.generateException(EnumConstantNotPresentExceptionProxy.java:46)
	at java.base/sun.reflect.annotation.AnnotationInvocationHandler.invoke(AnnotationInvocationHandler.java:86)
	at com.sun.proxy.$Proxy45.after(Unknown Source)
	at hudson.init.InitializerFinder.afterOf(InitializerFinder.java:60)
	at hudson.init.InitializerFinder.afterOf(InitializerFinder.java:33)
	at hudson.init.TaskMethodFinder$TaskImpl.<init>(TaskMethodFinder.java:140)
	at hudson.init.TaskMethodFinder$TaskImpl.<init>(TaskMethodFinder.java:131)
	at hudson.init.TaskMethodFinder.discoverTasks(TaskMethodFinder.java:62)
	at hudson.init.InitializerFinder.discoverTasks(InitializerFinder.java:33)
	at hudson.init.TaskMethodFinder.discoverTasks(TaskMethodFinder.java:32)
	at org.jvnet.hudson.reactor.TaskBuilder$2.discoverTasks(TaskBuilder.java:61)
	at org.jvnet.hudson.reactor.Reactor.<init>(Reactor.java:151)
	at org.jvnet.hudson.reactor.Reactor.<init>(Reactor.java:156)
	at jenkins.model.Jenkins$5.<init>(Jenkins.java:1078)
	at jenkins.model.Jenkins.executeReactor(Jenkins.java:1078)
	at jenkins.model.Jenkins.<init>(Jenkins.java:936)
	at hudson.model.Hudson.<init>(Hudson.java:85)
	at org.jvnet.hudson.test.JenkinsRule.newHudson(JenkinsRule.java:673)
	at org.jvnet.hudson.test.JenkinsRule.before(JenkinsRule.java:402)
	at org.jvnet.hudson.test.JenkinsRule$1.evaluate(JenkinsRule.java:593)
	at org.junit.internal.runners.statements.FailOnTimeout$CallableStatement.call(FailOnTimeout.java:288)
	at org.junit.internal.runners.statements.FailOnTimeout$CallableStatement.call(FailOnTimeout.java:282)
	at java.base/java.util.concurrent.FutureTask.run(FutureTask.java:264)
	at java.base/java.lang.Thread.run(Thread.java:829)

[ERROR] org.jenkinsci.plugins.configfiles.properties.security.CredentialsHelperTest.testPropertiesIsReplacedWhenReplaceTrue  Time elapsed: 0.045 s  <<< ERROR!
java.lang.EnumConstantNotPresentException: hudson.init.InitMilestone.SYSTEM_CONFIG_LOADED
	at java.base/sun.reflect.annotation.EnumConstantNotPresentExceptionProxy.generateException(EnumConstantNotPresentExceptionProxy.java:46)
	at java.base/sun.reflect.annotation.AnnotationInvocationHandler.invoke(AnnotationInvocationHandler.java:86)
	at com.sun.proxy.$Proxy45.after(Unknown Source)
	at hudson.init.InitializerFinder.afterOf(InitializerFinder.java:60)
	at hudson.init.InitializerFinder.afterOf(InitializerFinder.java:33)
	at hudson.init.TaskMethodFinder$TaskImpl.<init>(TaskMethodFinder.java:140)
	at hudson.init.TaskMethodFinder$TaskImpl.<init>(TaskMethodFinder.java:131)
	at hudson.init.TaskMethodFinder.discoverTasks(TaskMethodFinder.java:62)
	at hudson.init.InitializerFinder.discoverTasks(InitializerFinder.java:33)
	at hudson.init.TaskMethodFinder.discoverTasks(TaskMethodFinder.java:32)
	at org.jvnet.hudson.reactor.TaskBuilder$2.discoverTasks(TaskBuilder.java:61)
	at org.jvnet.hudson.reactor.Reactor.<init>(Reactor.java:151)
	at org.jvnet.hudson.reactor.Reactor.<init>(Reactor.java:156)
	at jenkins.model.Jenkins$5.<init>(Jenkins.java:1078)
	at jenkins.model.Jenkins.executeReactor(Jenkins.java:1078)
	at jenkins.model.Jenkins.<init>(Jenkins.java:936)
	at hudson.model.Hudson.<init>(Hudson.java:85)
	at org.jvnet.hudson.test.JenkinsRule.newHudson(JenkinsRule.java:673)
	at org.jvnet.hudson.test.JenkinsRule.before(JenkinsRule.java:402)
	at org.jvnet.hudson.test.JenkinsRule$1.evaluate(JenkinsRule.java:593)
	at org.junit.internal.runners.statements.FailOnTimeout$CallableStatement.call(FailOnTimeout.java:288)
	at org.junit.internal.runners.statements.FailOnTimeout$CallableStatement.call(FailOnTimeout.java:282)
	at java.base/java.util.concurrent.FutureTask.run(FutureTask.java:264)
	at java.base/java.lang.Thread.run(Thread.java:829)

[ERROR] org.jenkinsci.plugins.configfiles.properties.security.CredentialsHelperTest.testSettingsPropertiesIsNotChangedWithoutCredentialsWhenReplaceFalse  Time elapsed: 0.055 s  <<< ERROR!
java.lang.EnumConstantNotPresentException: hudson.init.InitMilestone.SYSTEM_CONFIG_LOADED
	at java.base/sun.reflect.annotation.EnumConstantNotPresentExceptionProxy.generateException(EnumConstantNotPresentExceptionProxy.java:46)
	at java.base/sun.reflect.annotation.AnnotationInvocationHandler.invoke(AnnotationInvocationHandler.java:86)
	at com.sun.proxy.$Proxy45.after(Unknown Source)
	at hudson.init.InitializerFinder.afterOf(InitializerFinder.java:60)
	at hudson.init.InitializerFinder.afterOf(InitializerFinder.java:33)
	at hudson.init.TaskMethodFinder$TaskImpl.<init>(TaskMethodFinder.java:140)
	at hudson.init.TaskMethodFinder$TaskImpl.<init>(TaskMethodFinder.java:131)
	at hudson.init.TaskMethodFinder.discoverTasks(TaskMethodFinder.java:62)
	at hudson.init.InitializerFinder.discoverTasks(InitializerFinder.java:33)
	at hudson.init.TaskMethodFinder.discoverTasks(TaskMethodFinder.java:32)
	at org.jvnet.hudson.reactor.TaskBuilder$2.discoverTasks(TaskBuilder.java:61)
	at org.jvnet.hudson.reactor.Reactor.<init>(Reactor.java:151)
	at org.jvnet.hudson.reactor.Reactor.<init>(Reactor.java:156)
	at jenkins.model.Jenkins$5.<init>(Jenkins.java:1078)
	at jenkins.model.Jenkins.executeReactor(Jenkins.java:1078)
	at jenkins.model.Jenkins.<init>(Jenkins.java:936)
	at hudson.model.Hudson.<init>(Hudson.java:85)
	at org.jvnet.hudson.test.JenkinsRule.newHudson(JenkinsRule.java:673)
	at org.jvnet.hudson.test.JenkinsRule.before(JenkinsRule.java:402)
	at org.jvnet.hudson.test.JenkinsRule$1.evaluate(JenkinsRule.java:593)
	at org.junit.internal.runners.statements.FailOnTimeout$CallableStatement.call(FailOnTimeout.java:288)
	at org.junit.internal.runners.statements.FailOnTimeout$CallableStatement.call(FailOnTimeout.java:282)
	at java.base/java.util.concurrent.FutureTask.run(FutureTask.java:264)
	at java.base/java.lang.Thread.run(Thread.java:829)

[ERROR] org.jenkinsci.plugins.configfiles.properties.security.CredentialsHelperTest.testPropertiesIsAddedWhenReplaceFalse  Time elapsed: 0.052 s  <<< ERROR!
java.lang.EnumConstantNotPresentException: hudson.init.InitMilestone.SYSTEM_CONFIG_LOADED
	at java.base/sun.reflect.annotation.EnumConstantNotPresentExceptionProxy.generateException(EnumConstantNotPresentExceptionProxy.java:46)
	at java.base/sun.reflect.annotation.AnnotationInvocationHandler.invoke(AnnotationInvocationHandler.java:86)
	at com.sun.proxy.$Proxy45.after(Unknown Source)
	at hudson.init.InitializerFinder.afterOf(InitializerFinder.java:60)
	at hudson.init.InitializerFinder.afterOf(InitializerFinder.java:33)
	at hudson.init.TaskMethodFinder$TaskImpl.<init>(TaskMethodFinder.java:140)
	at hudson.init.TaskMethodFinder$TaskImpl.<init>(TaskMethodFinder.java:131)
	at hudson.init.TaskMethodFinder.discoverTasks(TaskMethodFinder.java:62)
	at hudson.init.InitializerFinder.discoverTasks(InitializerFinder.java:33)
	at hudson.init.TaskMethodFinder.discoverTasks(TaskMethodFinder.java:32)
	at org.jvnet.hudson.reactor.TaskBuilder$2.discoverTasks(TaskBuilder.java:61)
	at org.jvnet.hudson.reactor.Reactor.<init>(Reactor.java:151)
	at org.jvnet.hudson.reactor.Reactor.<init>(Reactor.java:156)
	at jenkins.model.Jenkins$5.<init>(Jenkins.java:1078)
	at jenkins.model.Jenkins.executeReactor(Jenkins.java:1078)
	at jenkins.model.Jenkins.<init>(Jenkins.java:936)
	at hudson.model.Hudson.<init>(Hudson.java:85)
	at org.jvnet.hudson.test.JenkinsRule.newHudson(JenkinsRule.java:673)
	at org.jvnet.hudson.test.JenkinsRule.before(JenkinsRule.java:402)
	at org.jvnet.hudson.test.JenkinsRule$1.evaluate(JenkinsRule.java:593)
	at org.junit.internal.runners.statements.FailOnTimeout$CallableStatement.call(FailOnTimeout.java:288)
	at org.junit.internal.runners.statements.FailOnTimeout$CallableStatement.call(FailOnTimeout.java:282)
	at java.base/java.util.concurrent.FutureTask.run(FutureTask.java:264)
	at java.base/java.lang.Thread.run(Thread.java:829)

[ERROR] org.jenkinsci.plugins.configfiles.properties.security.CredentialsHelperTest.testPropertiesIsAddedWhenReplaceTrue  Time elapsed: 0.029 s  <<< ERROR!
java.lang.EnumConstantNotPresentException: hudson.init.InitMilestone.SYSTEM_CONFIG_LOADED
	at java.base/sun.reflect.annotation.EnumConstantNotPresentExceptionProxy.generateException(EnumConstantNotPresentExceptionProxy.java:46)
	at java.base/sun.reflect.annotation.AnnotationInvocationHandler.invoke(AnnotationInvocationHandler.java:86)
	at com.sun.proxy.$Proxy45.after(Unknown Source)
	at hudson.init.InitializerFinder.afterOf(InitializerFinder.java:60)
	at hudson.init.InitializerFinder.afterOf(InitializerFinder.java:33)
	at hudson.init.TaskMethodFinder$TaskImpl.<init>(TaskMethodFinder.java:140)
	at hudson.init.TaskMethodFinder$TaskImpl.<init>(TaskMethodFinder.java:131)
	at hudson.init.TaskMethodFinder.discoverTasks(TaskMethodFinder.java:62)
	at hudson.init.InitializerFinder.discoverTasks(InitializerFinder.java:33)
	at hudson.init.TaskMethodFinder.discoverTasks(TaskMethodFinder.java:32)
	at org.jvnet.hudson.reactor.TaskBuilder$2.discoverTasks(TaskBuilder.java:61)
	at org.jvnet.hudson.reactor.Reactor.<init>(Reactor.java:151)
	at org.jvnet.hudson.reactor.Reactor.<init>(Reactor.java:156)
	at jenkins.model.Jenkins$5.<init>(Jenkins.java:1078)
	at jenkins.model.Jenkins.executeReactor(Jenkins.java:1078)
	at jenkins.model.Jenkins.<init>(Jenkins.java:936)
	at hudson.model.Hudson.<init>(Hudson.java:85)
	at org.jvnet.hudson.test.JenkinsRule.newHudson(JenkinsRule.java:673)
	at org.jvnet.hudson.test.JenkinsRule.before(JenkinsRule.java:402)
	at org.jvnet.hudson.test.JenkinsRule$1.evaluate(JenkinsRule.java:593)
	at org.junit.internal.runners.statements.FailOnTimeout$CallableStatement.call(FailOnTimeout.java:288)
	at org.junit.internal.runners.statements.FailOnTimeout$CallableStatement.call(FailOnTimeout.java:282)
	at java.base/java.util.concurrent.FutureTask.run(FutureTask.java:264)
	at java.base/java.lang.Thread.run(Thread.java:829)

[INFO] 
[INFO] Results:
[INFO] 
[ERROR] Errors: 
[ERROR]   SystemConfigFilesManagementTest.testDynamicCreationOfConfigs  EnumConstantNotPresent
[ERROR]   SystemConfigFilesManagementTest.testDynamicCreationOfConfigs2  EnumConstantNotPresent
[ERROR]   SystemConfigFilesManagementTest.testLoadAndMergeOldData  EnumConstantNotPresent
[ERROR]   ConfigFileStoreTest.testSaveGlobalConfigFiles  EnumConstantNotPresent hudson....
[ERROR]   ConfigFilesSEC1253Test.regularCaseStillWorking  EnumConstantNotPresent hudson...
[ERROR]   ConfigFilesSEC1253Test.xssPrevention  EnumConstantNotPresent hudson.init.Init...
[ERROR]   ConfigFilesTest.testConfigContextResolver  EnumConstantNotPresent hudson.init...
[ERROR]   GlobalConfigFilesConfigAsCodeTest.should_set_config_files  EnumConstantNotPresent
[ERROR]   GlobalConfigFilesTest.verifyLoadWithAnonymousInnerClassComparatorVar1  EnumConstantNotPresent
[ERROR]   ConfigFileBuildWrapperTest.correctConfigMustBeActiveInDropdown  EnumConstantNotPresent
[ERROR]   ConfigFileBuildWrapperTest.envVariableMustBeAvailableInMavenModuleSetBuild  EnumConstantNotPresent
[ERROR]   ConfigFileBuildWrapperTest.envVariableMustBeReplacedInFileContent  EnumConstantNotPresent
[ERROR]   ConfigFileBuildWrapperTest.envVariableMustNotBeReplacedInFileContentIfNotRequested  EnumConstantNotPresent
[ERROR]   ConfigFileBuildWrapperWorkflowTest.configRoundTrip  EnumConstantNotPresent hu...
[ERROR]   ConfigFileBuildWrapperWorkflowTest.symbolWithTargetLocation  EnumConstantNotPresent
[ERROR]   ConfigFileBuildWrapperWorkflowTest.withTargetLocation_Pipeline  EnumConstantNotPresent
[ERROR]   ConfigFileBuildWrapperWorkflowTest.withTempFilesAfterRestart  EnumConstantNotPresent
[ERROR]   FolderConfigFileActionTest.accessGlobalFilesFromWithinFolder  EnumConstantNotPresent
[ERROR]   FolderConfigFileActionTest.configsInContextAreOrderedByName  EnumConstantNotPresent
[ERROR]   FolderConfigFileActionTest.correctFileMustBeSelectedInHierarchy  EnumConstantNotPresent
[ERROR]   FolderConfigFileActionTest.foldersConfigListIsOrderedByName  EnumConstantNotPresent
[ERROR]   FolderConfigFileActionTest.foldersHaveTheirOwnListOfConfigs  EnumConstantNotPresent
[ERROR]   FolderConfigFileActionTest.globalConfigListIsOrderedByName  EnumConstantNotPresent
[ERROR]   FolderConfigFileActionTest.sameFolderPropertyAfterConfiguration  EnumConstantNotPresent
[ERROR]   FolderConfigFileActionTest.testSaveFolderConfigFiles  EnumConstantNotPresent ...
[ERROR]   FolderConfigFilesTest.verifyLoadWithAnonymousInnerClassComparatorVar1  EnumConstantNotPresent
[ERROR]   MavenSettingsConfigTest.withCredentials  EnumConstantNotPresent hudson.init.I...
[ERROR]   MvnSettingsCredentialsTest.serverCredentialsMustBeInSettingsXmlAtRuntime  EnumConstantNotPresent
[ERROR]   MvnSettingsProviderTest.configMustBeVisibleFromConfigPage  EnumConstantNotPresent
[ERROR]   MvnSettingsProviderTest.mavenSettingsMustBeFoundInFreestyleProject  EnumConstantNotPresent
[ERROR]   MvnSettingsProviderTest.notFoundMavenSettingsMustCauseBuildToFail  EnumConstantNotPresent
[ERROR]   MvnSettingsProviderTest.testConfigRoundtrip  EnumConstantNotPresent hudson.in...
[ERROR]   MvnSettingsProviderTest.testConfigRoundtripMavenJob  EnumConstantNotPresent h...
[ERROR]   SettingsEnvVarTest.serverCredentialsMustBeInSettingsXmlAtRuntime  EnumConstantNotPresent
[ERROR]   CredentialsHelperTest.testIfServerAuthIsReplacedWithinSettingsXmlWhenReplaceFalse  EnumConstantNotPresent
[ERROR]   CredentialsHelperTest.testIfServerAuthIsReplacedWithinSettingsXmlWhenReplaceTrue  EnumConstantNotPresent
[ERROR]   CredentialsHelperTest.testIfServerElementAreKeptWhenMatchCredentialsWhenReplaceFalse  EnumConstantNotPresent
[ERROR]   CredentialsHelperTest.testIfServerElementAreKeptWhenMatchCredentialsWhenReplaceTrue  EnumConstantNotPresent
[ERROR]   CredentialsHelperTest.testSettingsXmlIsNotChangedWithoutCredentialsWhenReplaceFalse  EnumConstantNotPresent
[ERROR]   CredentialsHelperTest.testSettingsXmlIsNotChangedWithoutCredentialsWhenReplaceTrue  EnumConstantNotPresent
[ERROR]   PropertiesConfigTest.withCredentials  EnumConstantNotPresent hudson.init.Init...
[ERROR]   CredentialsHelperTest.testPropertiesIsAddedWhenReplaceFalse  EnumConstantNotPresent
[ERROR]   CredentialsHelperTest.testPropertiesIsAddedWhenReplaceTrue  EnumConstantNotPresent
[ERROR]   CredentialsHelperTest.testPropertiesIsNotReplacedWhenReplaceFalse  EnumConstantNotPresent
[ERROR]   CredentialsHelperTest.testPropertiesIsReplacedWhenReplaceTrue  EnumConstantNotPresent
[ERROR]   CredentialsHelperTest.testSettingsPropertiesIsNotChangedWithoutCredentialsWhenReplaceFalse  EnumConstantNotPresent
[ERROR]   CredentialsHelperTest.testSettingsPropertiesIsNotChangedWithoutCredentialsWhenReplaceTrue  EnumConstantNotPresent
[ERROR]   FailedTest.org.jvnet.hudson.test.JellyTestSuiteBuilder$JellyTestSuite  EnumConstantNotPresent
[INFO] 
[ERROR] Tests run: 73, Failures: 0, Errors: 48, Skipped: 0
[INFO] 
[INFO] ------------------------------------------------------------------------
[INFO] BUILD FAILURE
[INFO] ------------------------------------------------------------------------
[INFO] Total time:  17.074 s
[INFO] Finished at: 2023-02-08T22:57:05Z
[INFO] ------------------------------------------------------------------------
[ERROR] Failed to execute goal org.apache.maven.plugins:maven-surefire-plugin:3.0.0-M5:test (default-test) on project config-file-provider: There are test failures.
[ERROR] 
[ERROR] Please refer to /home/gabsko/breaking-updates/target/surefire-reports for the individual test results.
[ERROR] Please refer to dump files (if any exist) [date].dump, [date]-jvmRun[N].dump and [date].dumpstream.
[ERROR] -> [Help 1]
[ERROR] 
[ERROR] To see the full stack trace of the errors, re-run Maven with the -e switch.
[ERROR] Re-run Maven using the -X switch to enable full debug logging.
[ERROR] 
[ERROR] For more information about the errors and possible solutions, please read the following articles:
[ERROR] [Help 1] http://cwiki.apache.org/confluence/display/MAVEN/MojoFailureException
