[INFO] Scanning for projects...
[INFO] 
[INFO] ------------------< org.mybatis.caches:mybatis-redis >------------------
[INFO] Building mybatis-redis 1.0.0-beta3-SNAPSHOT
[INFO] --------------------------------[ jar ]---------------------------------
[INFO] 
[INFO] --- maven-clean-plugin:3.1.0:clean (default-clean) @ mybatis-redis ---
[INFO] Deleting /home/gabsko/breaking-updates/target
[INFO] 
[INFO] --- maven-enforcer-plugin:3.0.0-M1:enforce (enforce-java) @ mybatis-redis ---
[INFO] 
[INFO] --- jacoco-maven-plugin:0.8.7:prepare-agent (prepare-agent) @ mybatis-redis ---
[INFO] argLine set to -javaagent:/home/gabsko/.m2/repository/org/jacoco/org.jacoco.agent/0.8.7/org.jacoco.agent-0.8.7-runtime.jar=destfile=/home/gabsko/breaking-updates/target/jacoco.exec
[INFO] 
[INFO] --- whitespace-maven-plugin:1.0.4:trim (default) @ mybatis-redis ---
[INFO] 
[INFO] --- formatter-maven-plugin:2.15.0:format (default) @ mybatis-redis ---
[INFO] Using 'UTF-8' encoding to format source files.
[INFO] Formatting is skipped for types: XML
[INFO] Number of files to be formatted: 17
[INFO] Successfully formatted:          0 file(s)
[INFO] Fail to format:                  0 file(s)
[INFO] Skipped:                         17 file(s)
[INFO] Read only skipped:               0 file(s)
[INFO] Approximate time taken:          0s
[INFO] 
[INFO] --- impsort-maven-plugin:1.6.0:sort (default) @ mybatis-redis ---
[INFO] Processed 17 files in 00:00.270 (Already Sorted: 17, Needed Sorting: 0)
[INFO] 
[INFO] --- maven-resources-plugin:3.2.0:resources (default-resources) @ mybatis-redis ---
[INFO] Using 'UTF-8' encoding to copy filtered resources.
[INFO] Using 'UTF-8' encoding to copy filtered properties files.
[INFO] skip non existing resourceDirectory /home/gabsko/breaking-updates/src/main/resources
[INFO] Copying 2 resources to META-INF
[INFO] 
[INFO] --- maven-compiler-plugin:3.8.1:compile (default-compile) @ mybatis-redis ---
[INFO] Compiling 9 source files to /home/gabsko/breaking-updates/target/classes
[INFO] /home/gabsko/breaking-updates/src/main/java/org/mybatis/caches/redis/RedisConfigurationBuilder.java: Some input files use or override a deprecated API.
[INFO] /home/gabsko/breaking-updates/src/main/java/org/mybatis/caches/redis/RedisConfigurationBuilder.java: Recompile with -Xlint:deprecation for details.
[INFO] 
[INFO] --- license-maven-plugin:4.1:format (default) @ mybatis-redis ---
[INFO] Updating license headers...
[WARNING] Unknown file extension: /home/gabsko/breaking-updates/baremaps-server/editor/.babelrc
[WARNING] Unknown file extension: /home/gabsko/breaking-updates/baremaps-server/editor/src/components/FieldMinZoom.jsx
[WARNING] Unknown file extension: /home/gabsko/breaking-updates/baremaps-server/editor/src/components/EditorLayout.jsx
[WARNING] Unknown file extension: /home/gabsko/breaking-updates/baremaps-server/editor/.topissuesrc
[WARNING] Unknown file extension: /home/gabsko/breaking-updates/baremaps-server/editor/src/components/InputJson.jsx
[WARNING] Unknown file extension: /home/gabsko/breaking-updates/baremaps-server/editor/src/components/_FieldSourceLayer.jsx
[WARNING] Unknown file extension: /home/gabsko/breaking-updates/baremaps-server/editor/src/components/_FieldType.jsx
[WARNING] Unknown file extension: /home/gabsko/breaking-updates/baremaps-server/editor/src/components/InputFont.jsx
[WARNING] Unknown file extension: /home/gabsko/breaking-updates/baremaps-server/editor/src/components/AppMessagePanel.jsx
[WARNING] Unknown file extension: /home/gabsko/breaking-updates/baremaps-server/editor/src/index.jsx
[WARNING] Unknown file extension: /home/gabsko/breaking-updates/baremaps-server/editor/.dockerignore
[WARNING] Unknown file extension: /home/gabsko/breaking-updates/baremaps-server/editor/src/components/InputUrl.jsx
[WARNING] Unknown file extension: /home/gabsko/breaking-updates/baremaps-server/editor/src/components/_FieldSymbol.jsx
[WARNING] Unknown file extension: /home/gabsko/breaking-updates/baremaps-server/editor/src/components/FieldFunction.jsx
[WARNING] Unknown file extension: /home/gabsko/breaking-updates/baremaps-server/editor/src/components/FieldCheckbox.jsx
[WARNING] Unknown file extension: /home/gabsko/breaking-updates/baremaps-server/editor/src/components/_FieldFont.jsx
[WARNING] Unknown file extension: /home/gabsko/breaking-updates/baremaps-server/editor/src/components/FieldSource.jsx
[WARNING] Unknown file extension: /home/gabsko/breaking-updates/baremaps-server/editor/src/components/FieldArray.jsx
[WARNING] Unknown file extension: /home/gabsko/breaking-updates/baremaps-server/editor/src/components/MapOpenLayers.jsx
[WARNING] Unknown file extension: /home/gabsko/breaking-updates/baremaps-server/editor/src/components/FieldComment.jsx
[WARNING] Unknown file extension: /home/gabsko/breaking-updates/baremaps-server/editor/src/components/IconLayer.jsx
[WARNING] Unknown file extension: /home/gabsko/breaking-updates/baremaps-server/editor/src/components/Collapser.jsx
[WARNING] Unknown file extension: /home/gabsko/breaking-updates/baremaps-server/editor/src/components/FieldDynamicArray.jsx
[WARNING] Unknown file extension: /home/gabsko/breaking-updates/baremaps-server/editor/src/components/IconBackground.jsx
[WARNING] Unknown file extension: /home/gabsko/breaking-updates/baremaps-server/editor/src/components/_FieldComment.jsx
[WARNING] Unknown file extension: /home/gabsko/breaking-updates/baremaps-server/editor/src/components/FilterEditorBlock.jsx
[WARNING] Unknown file extension: /home/gabsko/breaking-updates/baremaps-server/editor/src/components/MapMapboxGlLayerPopup.jsx
[WARNING] Unknown file extension: /home/gabsko/breaking-updates/baremaps-server/editor/src/components/FilterEditor.jsx
[WARNING] Unknown file extension: /home/gabsko/breaking-updates/baremaps-server/editor/src/components/ModalSurvey.jsx
[WARNING] Unknown file extension: /home/gabsko/breaking-updates/baremaps-server/editor/src/components/SpecField.jsx
[WARNING] Unknown file extension: /home/gabsko/breaking-updates/baremaps-server/editor/src/components/_FunctionButtons.jsx
[WARNING] Unknown file extension: /home/gabsko/breaking-updates/baremaps-server/editor/src/components/InputString.jsx
[WARNING] Unknown file extension: /home/gabsko/breaking-updates/baremaps-server/editor/src/components/ModalSources.jsx
[WARNING] Unknown file extension: /home/gabsko/breaking-updates/baremaps-server/editor/src/components/InputEnum.jsx
[WARNING] Unknown file extension: /home/gabsko/breaking-updates/baremaps-server/editor/src/components/ModalSettings.jsx
[WARNING] Unknown file extension: /home/gabsko/breaking-updates/baremaps-server/editor/src/components/FieldType.jsx
[WARNING] Unknown file extension: /home/gabsko/breaking-updates/baremaps-server/editor/src/components/ScrollContainer.jsx
[WARNING] Unknown file extension: /home/gabsko/breaking-updates/baremaps-server/editor/src/components/LayerEditorGroup.jsx
[WARNING] Unknown file extension: /home/gabsko/breaking-updates/baremaps-server/editor/src/components/ModalOpen.jsx
[WARNING] Unknown file extension: /home/gabsko/breaking-updates/baremaps-server/editor/src/components/LayerListGroup.jsx
[WARNING] Unknown file extension: /home/gabsko/breaking-updates/baremaps-server/editor/src/components/Doc.jsx
[WARNING] Unknown file extension: /home/gabsko/breaking-updates/baremaps-server/editor/src/components/FieldId.jsx
[WARNING] Unknown file extension: /home/gabsko/breaking-updates/baremaps-server/editor/src/components/LayerList.jsx
[WARNING] Unknown file extension: /home/gabsko/breaking-updates/baremaps-server/editor/src/components/App.jsx
[WARNING] Unknown file extension: /home/gabsko/breaking-updates/baremaps-server/editor/src/components/FieldString.jsx
[WARNING] Unknown file extension: /home/gabsko/breaking-updates/baremaps-server/editor/src/components/PropertyGroup.jsx
[WARNING] Unknown file extension: /home/gabsko/breaking-updates/baremaps-server/editor/src/components/InputCheckbox.jsx
[WARNING] Unknown file extension: /home/gabsko/breaking-updates/baremaps-server/editor/src/components/MapMapboxGlFeaturePropertyPopup.jsx
[WARNING] Unknown file extension: /home/gabsko/breaking-updates/baremaps-server/editor/src/components/ModalSourcesTypeEditor.jsx
[WARNING] Unknown file extension: /home/gabsko/breaking-updates/baremaps-server/editor/src/components/Fieldset.jsx
[WARNING] Unknown file extension: /home/gabsko/breaking-updates/baremaps-server/editor/src/components/AppToolbar.jsx
[WARNING] Unknown file extension: /home/gabsko/breaking-updates/baremaps-server/editor/src/components/_DataProperty.jsx
[WARNING] Unknown file extension: /home/gabsko/breaking-updates/baremaps-server/editor/src/components/FieldAutocomplete.jsx
[WARNING] Unknown file extension: /home/gabsko/breaking-updates/baremaps-server/editor/src/components/_ExpressionProperty.jsx
[WARNING] Unknown file extension: /home/gabsko/breaking-updates/baremaps-server/editor/src/components/MapMapboxGl.jsx
[WARNING] Unknown file extension: /home/gabsko/breaking-updates/baremaps-server/editor/src/components/InputArray.jsx
[WARNING] Unknown file extension: /home/gabsko/breaking-updates/baremaps-server/editor/src/components/_FieldMaxZoom.jsx
[WARNING] Unknown file extension: /home/gabsko/breaking-updates/baremaps-server/editor/src/components/FieldSourceLayer.jsx
[WARNING] Unknown file extension: /home/gabsko/breaking-updates/baremaps-server/editor/src/components/FieldColor.jsx
[WARNING] Unknown file extension: /home/gabsko/breaking-updates/baremaps-server/editor/src/components/_ZoomProperty.jsx
[WARNING] Unknown file extension: /home/gabsko/breaking-updates/baremaps-server/editor/src/components/InputNumber.jsx
[WARNING] Unknown file extension: /home/gabsko/breaking-updates/baremaps-server/editor/src/components/InputDynamicArray.jsx
[WARNING] Unknown file extension: /home/gabsko/breaking-updates/baremaps-server/editor/src/components/LayerListItem.jsx
[WARNING] Unknown file extension: /home/gabsko/breaking-updates/baremaps-server/editor/src/components/FieldMultiInput.jsx
[WARNING] Unknown file extension: /home/gabsko/breaking-updates/baremaps-server/editor/src/components/IconCircle.jsx
[WARNING] Unknown file extension: /home/gabsko/breaking-updates/baremaps-server/editor/src/components/AppLayout.jsx
[WARNING] Unknown file extension: /home/gabsko/breaking-updates/baremaps-server/editor/src/components/ModalExport.jsx
[WARNING] Unknown file extension: /home/gabsko/breaking-updates/baremaps-server/editor/src/components/_DeleteStopButton.jsx
[WARNING] Unknown file extension: /home/gabsko/breaking-updates/baremaps-server/editor/src/components/ModalDebug.jsx
[WARNING] Unknown file extension: /home/gabsko/breaking-updates/baremaps-server/editor/src/components/FieldUrl.jsx
[WARNING] Unknown file extension: /home/gabsko/breaking-updates/baremaps-server/editor/src/components/FieldMaxZoom.jsx
[WARNING] Unknown file extension: /home/gabsko/breaking-updates/baremaps-server/editor/src/components/FieldDocLabel.jsx
[WARNING] Unknown file extension: /home/gabsko/breaking-updates/baremaps-server/editor/src/components/FieldJson.jsx
[WARNING] Unknown file extension: /home/gabsko/breaking-updates/baremaps-server/editor/src/components/IconLine.jsx
[WARNING] Unknown file extension: /home/gabsko/breaking-updates/baremaps-server/editor/src/components/Editor.jsx
[WARNING] Unknown file extension: /home/gabsko/breaking-updates/baremaps-server/editor/src/components/ModalShortcuts.jsx
[WARNING] Unknown file extension: /home/gabsko/breaking-updates/baremaps-server/editor/src/components/SmallError.jsx
[WARNING] Unknown file extension: /home/gabsko/breaking-updates/baremaps-server/editor/src/components/InputAutocomplete.jsx
[WARNING] Unknown file extension: /home/gabsko/breaking-updates/baremaps-server/editor/src/components/IconSymbol.jsx
[WARNING] Unknown file extension: /home/gabsko/breaking-updates/baremaps-server/editor/src/components/EditorToolbar.jsx
[WARNING] Unknown file extension: /home/gabsko/breaking-updates/baremaps-server/editor/src/components/InputSelect.jsx
[WARNING] Unknown file extension: /home/gabsko/breaking-updates/baremaps-server/editor/src/components/SingleFilterEditor.jsx
[WARNING] Unknown file extension: /home/gabsko/breaking-updates/baremaps-server/editor/src/components/_FieldId.jsx
[WARNING] Unknown file extension: /home/gabsko/breaking-updates/baremaps-server/editor/src/components/_FieldSource.jsx
[WARNING] Unknown file extension: /home/gabsko/breaking-updates/baremaps-server/editor/src/components/IconFill.jsx
[WARNING] Unknown file extension: /home/gabsko/breaking-updates/baremaps-server/editor/src/components/FieldSelect.jsx
[WARNING] Unknown file extension: /home/gabsko/breaking-updates/baremaps-server/editor/src/components/LayerEditor.jsx
[WARNING] Unknown file extension: /home/gabsko/breaking-updates/baremaps-server/editor/src/components/FieldNumber.jsx
[WARNING] Unknown file extension: /home/gabsko/breaking-updates/baremaps-server/editor/src/components/ModalAdd.jsx
[WARNING] Unknown file extension: /home/gabsko/breaking-updates/baremaps-server/editor/src/components/InputMultiInput.jsx
[WARNING] Unknown file extension: /home/gabsko/breaking-updates/baremaps-server/editor/src/components/Collapse.jsx
[WARNING] Unknown file extension: /home/gabsko/breaking-updates/baremaps-server/editor/src/components/ModalLoading.jsx
[WARNING] Unknown file extension: /home/gabsko/breaking-updates/baremaps-server/editor/src/components/Block.jsx
[WARNING] Unknown file extension: /home/gabsko/breaking-updates/baremaps-server/editor/src/components/InputColor.jsx
[WARNING] Unknown file extension: /home/gabsko/breaking-updates/baremaps-server/editor/src/components/IconMissing.jsx
[WARNING] Unknown file extension: /home/gabsko/breaking-updates/baremaps-server/editor/src/components/Modal.jsx
[WARNING] Unknown file extension: /home/gabsko/breaking-updates/baremaps-server/editor/src/components/InputButton.jsx
[WARNING] Unknown file extension: /home/gabsko/breaking-updates/baremaps-server/editor/src/components/InputSpec.jsx
[WARNING] Unknown file extension: /home/gabsko/breaking-updates/baremaps-server/editor/src/components/FieldEnum.jsx
[WARNING] Unknown file extension: /home/gabsko/breaking-updates/baremaps-server/editor/src/components/_SpecProperty.jsx
[WARNING] Unknown file extension: /home/gabsko/breaking-updates/baremaps-server/editor/src/components/_FieldMinZoom.jsx
[WARNING] failure occurred while calling class com.mycila.maven.plugin.license.git.CopyrightRangeProvider
java.lang.RuntimeException: Could not compute the year of the last git commit for file /home/gabsko/breaking-updates/format.xml
    at com.mycila.maven.plugin.license.git.CopyrightRangeProvider.getAdditionalProperties (CopyrightRangeProvider.java:95)
    at com.mycila.maven.plugin.license.AbstractLicenseMojo$1.load (AbstractLicenseMojo.java:490)
    at com.mycila.maven.plugin.license.document.Document.mergeProperties (Document.java:96)
    at com.mycila.maven.plugin.license.header.Header.isMatchForText (Header.java:180)
    at com.mycila.maven.plugin.license.document.Document.hasHeader (Document.java:84)
    at com.mycila.maven.plugin.license.AbstractLicenseMojo$2.run (AbstractLicenseMojo.java:528)
    at java.util.concurrent.Executors$RunnableAdapter.call (Executors.java:515)
    at java.util.concurrent.FutureTask.run (FutureTask.java:264)
    at java.util.concurrent.Executors$RunnableAdapter.call (Executors.java:515)
    at java.util.concurrent.FutureTask.run (FutureTask.java:264)
    at java.util.concurrent.ThreadPoolExecutor.runWorker (ThreadPoolExecutor.java:1128)
    at java.util.concurrent.ThreadPoolExecutor$Worker.run (ThreadPoolExecutor.java:628)
    at java.lang.Thread.run (Thread.java:829)
Caused by: java.lang.RuntimeException: Cannot relativize path '/home/gabsko/breaking-updates/format.xml' to directory '/home/gabsko/breaking-updates/baremaps-server/editor/'
    at com.mycila.maven.plugin.license.git.GitPathResolver.relativize (GitPathResolver.java:62)
    at com.mycila.maven.plugin.license.git.GitPathResolver.relativize (GitPathResolver.java:80)
    at com.mycila.maven.plugin.license.git.GitLookup.getYearOfLastChange (GitLookup.java:117)
    at com.mycila.maven.plugin.license.git.CopyrightRangeProvider.getAdditionalProperties (CopyrightRangeProvider.java:80)
    at com.mycila.maven.plugin.license.AbstractLicenseMojo$1.load (AbstractLicenseMojo.java:490)
    at com.mycila.maven.plugin.license.document.Document.mergeProperties (Document.java:96)
    at com.mycila.maven.plugin.license.header.Header.isMatchForText (Header.java:180)
    at com.mycila.maven.plugin.license.document.Document.hasHeader (Document.java:84)
    at com.mycila.maven.plugin.license.AbstractLicenseMojo$2.run (AbstractLicenseMojo.java:528)
    at java.util.concurrent.Executors$RunnableAdapter.call (Executors.java:515)
    at java.util.concurrent.FutureTask.run (FutureTask.java:264)
    at java.util.concurrent.Executors$RunnableAdapter.call (Executors.java:515)
    at java.util.concurrent.FutureTask.run (FutureTask.java:264)
    at java.util.concurrent.ThreadPoolExecutor.runWorker (ThreadPoolExecutor.java:1128)
    at java.util.concurrent.ThreadPoolExecutor$Worker.run (ThreadPoolExecutor.java:628)
    at java.lang.Thread.run (Thread.java:829)
[INFO] Updating license header in: /home/gabsko/breaking-updates/format.xml
[WARNING] failure occurred while calling class com.mycila.maven.plugin.license.git.CopyrightRangeProvider
java.lang.RuntimeException: Could not compute the year of the last git commit for file /home/gabsko/breaking-updates/format.xml
    at com.mycila.maven.plugin.license.git.CopyrightRangeProvider.getAdditionalProperties (CopyrightRangeProvider.java:95)
    at com.mycila.maven.plugin.license.AbstractLicenseMojo$1.load (AbstractLicenseMojo.java:490)
    at com.mycila.maven.plugin.license.document.Document.mergeProperties (Document.java:96)
    at com.mycila.maven.plugin.license.document.Document.updateHeader (Document.java:92)
    at com.mycila.maven.plugin.license.LicenseFormatMojo$1.onHeaderNotFound (LicenseFormatMojo.java:52)
    at com.mycila.maven.plugin.license.AbstractLicenseMojo$2.run (AbstractLicenseMojo.java:539)
    at java.util.concurrent.Executors$RunnableAdapter.call (Executors.java:515)
    at java.util.concurrent.FutureTask.run (FutureTask.java:264)
    at java.util.concurrent.Executors$RunnableAdapter.call (Executors.java:515)
    at java.util.concurrent.FutureTask.run (FutureTask.java:264)
    at java.util.concurrent.ThreadPoolExecutor.runWorker (ThreadPoolExecutor.java:1128)
    at java.util.concurrent.ThreadPoolExecutor$Worker.run (ThreadPoolExecutor.java:628)
    at java.lang.Thread.run (Thread.java:829)
Caused by: java.lang.RuntimeException: Cannot relativize path '/home/gabsko/breaking-updates/format.xml' to directory '/home/gabsko/breaking-updates/baremaps-server/editor/'
    at com.mycila.maven.plugin.license.git.GitPathResolver.relativize (GitPathResolver.java:62)
    at com.mycila.maven.plugin.license.git.GitPathResolver.relativize (GitPathResolver.java:80)
    at com.mycila.maven.plugin.license.git.GitLookup.getYearOfLastChange (GitLookup.java:117)
    at com.mycila.maven.plugin.license.git.CopyrightRangeProvider.getAdditionalProperties (CopyrightRangeProvider.java:80)
    at com.mycila.maven.plugin.license.AbstractLicenseMojo$1.load (AbstractLicenseMojo.java:490)
    at com.mycila.maven.plugin.license.document.Document.mergeProperties (Document.java:96)
    at com.mycila.maven.plugin.license.document.Document.updateHeader (Document.java:92)
    at com.mycila.maven.plugin.license.LicenseFormatMojo$1.onHeaderNotFound (LicenseFormatMojo.java:52)
    at com.mycila.maven.plugin.license.AbstractLicenseMojo$2.run (AbstractLicenseMojo.java:539)
    at java.util.concurrent.Executors$RunnableAdapter.call (Executors.java:515)
    at java.util.concurrent.FutureTask.run (FutureTask.java:264)
    at java.util.concurrent.Executors$RunnableAdapter.call (Executors.java:515)
    at java.util.concurrent.FutureTask.run (FutureTask.java:264)
    at java.util.concurrent.ThreadPoolExecutor.runWorker (ThreadPoolExecutor.java:1128)
    at java.util.concurrent.ThreadPoolExecutor$Worker.run (ThreadPoolExecutor.java:628)
    at java.lang.Thread.run (Thread.java:829)
[WARNING] failure occurred while calling class com.mycila.maven.plugin.license.git.CopyrightRangeProvider
java.lang.RuntimeException: Could not compute the year of the last git commit for file /home/gabsko/breaking-updates/src/main/java/org/mybatis/caches/redis/JDKSerializer.java
    at com.mycila.maven.plugin.license.git.CopyrightRangeProvider.getAdditionalProperties (CopyrightRangeProvider.java:95)
    at com.mycila.maven.plugin.license.AbstractLicenseMojo$1.load (AbstractLicenseMojo.java:490)
    at com.mycila.maven.plugin.license.document.Document.mergeProperties (Document.java:96)
    at com.mycila.maven.plugin.license.header.Header.isMatchForText (Header.java:180)
    at com.mycila.maven.plugin.license.document.Document.hasHeader (Document.java:84)
    at com.mycila.maven.plugin.license.AbstractLicenseMojo$2.run (AbstractLicenseMojo.java:528)
    at java.util.concurrent.Executors$RunnableAdapter.call (Executors.java:515)
    at java.util.concurrent.FutureTask.run (FutureTask.java:264)
    at java.util.concurrent.Executors$RunnableAdapter.call (Executors.java:515)
    at java.util.concurrent.FutureTask.run (FutureTask.java:264)
    at java.util.concurrent.ThreadPoolExecutor.runWorker (ThreadPoolExecutor.java:1128)
    at java.util.concurrent.ThreadPoolExecutor$Worker.run (ThreadPoolExecutor.java:628)
    at java.lang.Thread.run (Thread.java:829)
Caused by: java.lang.RuntimeException: Cannot relativize path '/home/gabsko/breaking-updates/src/main/java/org/mybatis/caches/redis/JDKSerializer.java' to directory '/home/gabsko/breaking-updates/baremaps-server/editor/'
    at com.mycila.maven.plugin.license.git.GitPathResolver.relativize (GitPathResolver.java:62)
    at com.mycila.maven.plugin.license.git.GitPathResolver.relativize (GitPathResolver.java:80)
    at com.mycila.maven.plugin.license.git.GitLookup.getYearOfLastChange (GitLookup.java:117)
    at com.mycila.maven.plugin.license.git.CopyrightRangeProvider.getAdditionalProperties (CopyrightRangeProvider.java:80)
    at com.mycila.maven.plugin.license.AbstractLicenseMojo$1.load (AbstractLicenseMojo.java:490)
    at com.mycila.maven.plugin.license.document.Document.mergeProperties (Document.java:96)
    at com.mycila.maven.plugin.license.header.Header.isMatchForText (Header.java:180)
    at com.mycila.maven.plugin.license.document.Document.hasHeader (Document.java:84)
    at com.mycila.maven.plugin.license.AbstractLicenseMojo$2.run (AbstractLicenseMojo.java:528)
    at java.util.concurrent.Executors$RunnableAdapter.call (Executors.java:515)
    at java.util.concurrent.FutureTask.run (FutureTask.java:264)
    at java.util.concurrent.Executors$RunnableAdapter.call (Executors.java:515)
    at java.util.concurrent.FutureTask.run (FutureTask.java:264)
    at java.util.concurrent.ThreadPoolExecutor.runWorker (ThreadPoolExecutor.java:1128)
    at java.util.concurrent.ThreadPoolExecutor$Worker.run (ThreadPoolExecutor.java:628)
    at java.lang.Thread.run (Thread.java:829)
[WARNING] failure occurred while calling class com.mycila.maven.plugin.license.git.CopyrightRangeProvider
java.lang.RuntimeException: Could not compute the year of the last git commit for file /home/gabsko/breaking-updates/src/main/java/org/mybatis/caches/redis/RedisConfigurationBuilder.java
    at com.mycila.maven.plugin.license.git.CopyrightRangeProvider.getAdditionalProperties (CopyrightRangeProvider.java:95)
    at com.mycila.maven.plugin.license.AbstractLicenseMojo$1.load (AbstractLicenseMojo.java:490)
    at com.mycila.maven.plugin.license.document.Document.mergeProperties (Document.java:96)
    at com.mycila.maven.plugin.license.header.Header.isMatchForText (Header.java:180)
    at com.mycila.maven.plugin.license.document.Document.hasHeader (Document.java:84)
    at com.mycila.maven.plugin.license.AbstractLicenseMojo$2.run (AbstractLicenseMojo.java:528)
    at java.util.concurrent.Executors$RunnableAdapter.call (Executors.java:515)
    at java.util.concurrent.FutureTask.run (FutureTask.java:264)
    at java.util.concurrent.Executors$RunnableAdapter.call (Executors.java:515)
    at java.util.concurrent.FutureTask.run (FutureTask.java:264)
    at java.util.concurrent.ThreadPoolExecutor.runWorker (ThreadPoolExecutor.java:1128)
    at java.util.concurrent.ThreadPoolExecutor$Worker.run (ThreadPoolExecutor.java:628)
    at java.lang.Thread.run (Thread.java:829)
Caused by: java.lang.RuntimeException: Cannot relativize path '/home/gabsko/breaking-updates/src/main/java/org/mybatis/caches/redis/RedisConfigurationBuilder.java' to directory '/home/gabsko/breaking-updates/baremaps-server/editor/'
    at com.mycila.maven.plugin.license.git.GitPathResolver.relativize (GitPathResolver.java:62)
    at com.mycila.maven.plugin.license.git.GitPathResolver.relativize (GitPathResolver.java:80)
    at com.mycila.maven.plugin.license.git.GitLookup.getYearOfLastChange (GitLookup.java:117)
    at com.mycila.maven.plugin.license.git.CopyrightRangeProvider.getAdditionalProperties (CopyrightRangeProvider.java:80)
    at com.mycila.maven.plugin.license.AbstractLicenseMojo$1.load (AbstractLicenseMojo.java:490)
    at com.mycila.maven.plugin.license.document.Document.mergeProperties (Document.java:96)
    at com.mycila.maven.plugin.license.header.Header.isMatchForText (Header.java:180)
    at com.mycila.maven.plugin.license.document.Document.hasHeader (Document.java:84)
    at com.mycila.maven.plugin.license.AbstractLicenseMojo$2.run (AbstractLicenseMojo.java:528)
    at java.util.concurrent.Executors$RunnableAdapter.call (Executors.java:515)
    at java.util.concurrent.FutureTask.run (FutureTask.java:264)
    at java.util.concurrent.Executors$RunnableAdapter.call (Executors.java:515)
    at java.util.concurrent.FutureTask.run (FutureTask.java:264)
    at java.util.concurrent.ThreadPoolExecutor.runWorker (ThreadPoolExecutor.java:1128)
    at java.util.concurrent.ThreadPoolExecutor$Worker.run (ThreadPoolExecutor.java:628)
    at java.lang.Thread.run (Thread.java:829)
[WARNING] failure occurred while calling class com.mycila.maven.plugin.license.git.CopyrightRangeProvider
java.lang.RuntimeException: Could not compute the year of the last git commit for file /home/gabsko/breaking-updates/src/main/java/org/mybatis/caches/redis/KryoSerializer.java
    at com.mycila.maven.plugin.license.git.CopyrightRangeProvider.getAdditionalProperties (CopyrightRangeProvider.java:95)
    at com.mycila.maven.plugin.license.AbstractLicenseMojo$1.load (AbstractLicenseMojo.java:490)
    at com.mycila.maven.plugin.license.document.Document.mergeProperties (Document.java:96)
    at com.mycila.maven.plugin.license.header.Header.isMatchForText (Header.java:180)
    at com.mycila.maven.plugin.license.document.Document.hasHeader (Document.java:84)
    at com.mycila.maven.plugin.license.AbstractLicenseMojo$2.run (AbstractLicenseMojo.java:528)
    at java.util.concurrent.Executors$RunnableAdapter.call (Executors.java:515)
    at java.util.concurrent.FutureTask.run (FutureTask.java:264)
    at java.util.concurrent.Executors$RunnableAdapter.call (Executors.java:515)
    at java.util.concurrent.FutureTask.run (FutureTask.java:264)
    at java.util.concurrent.ThreadPoolExecutor.runWorker (ThreadPoolExecutor.java:1128)
    at java.util.concurrent.ThreadPoolExecutor$Worker.run (ThreadPoolExecutor.java:628)
    at java.lang.Thread.run (Thread.java:829)
Caused by: java.lang.RuntimeException: Cannot relativize path '/home/gabsko/breaking-updates/src/main/java/org/mybatis/caches/redis/KryoSerializer.java' to directory '/home/gabsko/breaking-updates/baremaps-server/editor/'
    at com.mycila.maven.plugin.license.git.GitPathResolver.relativize (GitPathResolver.java:62)
    at com.mycila.maven.plugin.license.git.GitPathResolver.relativize (GitPathResolver.java:80)
    at com.mycila.maven.plugin.license.git.GitLookup.getYearOfLastChange (GitLookup.java:117)
    at com.mycila.maven.plugin.license.git.CopyrightRangeProvider.getAdditionalProperties (CopyrightRangeProvider.java:80)
    at com.mycila.maven.plugin.license.AbstractLicenseMojo$1.load (AbstractLicenseMojo.java:490)
    at com.mycila.maven.plugin.license.document.Document.mergeProperties (Document.java:96)
    at com.mycila.maven.plugin.license.header.Header.isMatchForText (Header.java:180)
    at com.mycila.maven.plugin.license.document.Document.hasHeader (Document.java:84)
    at com.mycila.maven.plugin.license.AbstractLicenseMojo$2.run (AbstractLicenseMojo.java:528)
    at java.util.concurrent.Executors$RunnableAdapter.call (Executors.java:515)
    at java.util.concurrent.FutureTask.run (FutureTask.java:264)
    at java.util.concurrent.Executors$RunnableAdapter.call (Executors.java:515)
    at java.util.concurrent.FutureTask.run (FutureTask.java:264)
    at java.util.concurrent.ThreadPoolExecutor.runWorker (ThreadPoolExecutor.java:1128)
    at java.util.concurrent.ThreadPoolExecutor$Worker.run (ThreadPoolExecutor.java:628)
    at java.lang.Thread.run (Thread.java:829)
[WARNING] failure occurred while calling class com.mycila.maven.plugin.license.git.CopyrightRangeProvider
java.lang.RuntimeException: Could not compute the year of the last git commit for file /home/gabsko/breaking-updates/src/main/java/org/mybatis/caches/redis/DummyReadWriteLock.java
    at com.mycila.maven.plugin.license.git.CopyrightRangeProvider.getAdditionalProperties (CopyrightRangeProvider.java:95)
    at com.mycila.maven.plugin.license.AbstractLicenseMojo$1.load (AbstractLicenseMojo.java:490)
    at com.mycila.maven.plugin.license.document.Document.mergeProperties (Document.java:96)
    at com.mycila.maven.plugin.license.header.Header.isMatchForText (Header.java:180)
    at com.mycila.maven.plugin.license.document.Document.hasHeader (Document.java:84)
    at com.mycila.maven.plugin.license.AbstractLicenseMojo$2.run (AbstractLicenseMojo.java:528)
    at java.util.concurrent.Executors$RunnableAdapter.call (Executors.java:515)
    at java.util.concurrent.FutureTask.run (FutureTask.java:264)
    at java.util.concurrent.Executors$RunnableAdapter.call (Executors.java:515)
    at java.util.concurrent.FutureTask.run (FutureTask.java:264)
    at java.util.concurrent.ThreadPoolExecutor.runWorker (ThreadPoolExecutor.java:1128)
    at java.util.concurrent.ThreadPoolExecutor$Worker.run (ThreadPoolExecutor.java:628)
    at java.lang.Thread.run (Thread.java:829)
Caused by: java.lang.RuntimeException: Cannot relativize path '/home/gabsko/breaking-updates/src/main/java/org/mybatis/caches/redis/DummyReadWriteLock.java' to directory '/home/gabsko/breaking-updates/baremaps-server/editor/'
    at com.mycila.maven.plugin.license.git.GitPathResolver.relativize (GitPathResolver.java:62)
    at com.mycila.maven.plugin.license.git.GitPathResolver.relativize (GitPathResolver.java:80)
    at com.mycila.maven.plugin.license.git.GitLookup.getYearOfLastChange (GitLookup.java:117)
    at com.mycila.maven.plugin.license.git.CopyrightRangeProvider.getAdditionalProperties (CopyrightRangeProvider.java:80)
    at com.mycila.maven.plugin.license.AbstractLicenseMojo$1.load (AbstractLicenseMojo.java:490)
    at com.mycila.maven.plugin.license.document.Document.mergeProperties (Document.java:96)
    at com.mycila.maven.plugin.license.header.Header.isMatchForText (Header.java:180)
    at com.mycila.maven.plugin.license.document.Document.hasHeader (Document.java:84)
    at com.mycila.maven.plugin.license.AbstractLicenseMojo$2.run (AbstractLicenseMojo.java:528)
    at java.util.concurrent.Executors$RunnableAdapter.call (Executors.java:515)
    at java.util.concurrent.FutureTask.run (FutureTask.java:264)
    at java.util.concurrent.Executors$RunnableAdapter.call (Executors.java:515)
    at java.util.concurrent.FutureTask.run (FutureTask.java:264)
    at java.util.concurrent.ThreadPoolExecutor.runWorker (ThreadPoolExecutor.java:1128)
    at java.util.concurrent.ThreadPoolExecutor$Worker.run (ThreadPoolExecutor.java:628)
    at java.lang.Thread.run (Thread.java:829)
[WARNING] failure occurred while calling class com.mycila.maven.plugin.license.git.CopyrightRangeProvider
java.lang.RuntimeException: Could not compute the year of the last git commit for file /home/gabsko/breaking-updates/src/main/java/org/mybatis/caches/redis/RedisCallback.java
    at com.mycila.maven.plugin.license.git.CopyrightRangeProvider.getAdditionalProperties (CopyrightRangeProvider.java:95)
    at com.mycila.maven.plugin.license.AbstractLicenseMojo$1.load (AbstractLicenseMojo.java:490)
    at com.mycila.maven.plugin.license.document.Document.mergeProperties (Document.java:96)
    at com.mycila.maven.plugin.license.header.Header.isMatchForText (Header.java:180)
    at com.mycila.maven.plugin.license.document.Document.hasHeader (Document.java:84)
    at com.mycila.maven.plugin.license.AbstractLicenseMojo$2.run (AbstractLicenseMojo.java:528)
    at java.util.concurrent.Executors$RunnableAdapter.call (Executors.java:515)
    at java.util.concurrent.FutureTask.run (FutureTask.java:264)
    at java.util.concurrent.Executors$RunnableAdapter.call (Executors.java:515)
    at java.util.concurrent.FutureTask.run (FutureTask.java:264)
    at java.util.concurrent.ThreadPoolExecutor.runWorker (ThreadPoolExecutor.java:1128)
    at java.util.concurrent.ThreadPoolExecutor$Worker.run (ThreadPoolExecutor.java:628)
    at java.lang.Thread.run (Thread.java:829)
Caused by: java.lang.RuntimeException: Cannot relativize path '/home/gabsko/breaking-updates/src/main/java/org/mybatis/caches/redis/RedisCallback.java' to directory '/home/gabsko/breaking-updates/baremaps-server/editor/'
    at com.mycila.maven.plugin.license.git.GitPathResolver.relativize (GitPathResolver.java:62)
    at com.mycila.maven.plugin.license.git.GitPathResolver.relativize (GitPathResolver.java:80)
    at com.mycila.maven.plugin.license.git.GitLookup.getYearOfLastChange (GitLookup.java:117)
    at com.mycila.maven.plugin.license.git.CopyrightRangeProvider.getAdditionalProperties (CopyrightRangeProvider.java:80)
    at com.mycila.maven.plugin.license.AbstractLicenseMojo$1.load (AbstractLicenseMojo.java:490)
    at com.mycila.maven.plugin.license.document.Document.mergeProperties (Document.java:96)
    at com.mycila.maven.plugin.license.header.Header.isMatchForText (Header.java:180)
    at com.mycila.maven.plugin.license.document.Document.hasHeader (Document.java:84)
    at com.mycila.maven.plugin.license.AbstractLicenseMojo$2.run (AbstractLicenseMojo.java:528)
    at java.util.concurrent.Executors$RunnableAdapter.call (Executors.java:515)
    at java.util.concurrent.FutureTask.run (FutureTask.java:264)
    at java.util.concurrent.Executors$RunnableAdapter.call (Executors.java:515)
    at java.util.concurrent.FutureTask.run (FutureTask.java:264)
    at java.util.concurrent.ThreadPoolExecutor.runWorker (ThreadPoolExecutor.java:1128)
    at java.util.concurrent.ThreadPoolExecutor$Worker.run (ThreadPoolExecutor.java:628)
    at java.lang.Thread.run (Thread.java:829)
[WARNING] failure occurred while calling class com.mycila.maven.plugin.license.git.CopyrightRangeProvider
java.lang.RuntimeException: Could not compute the year of the last git commit for file /home/gabsko/breaking-updates/src/main/java/org/mybatis/caches/redis/RedisCache.java
    at com.mycila.maven.plugin.license.git.CopyrightRangeProvider.getAdditionalProperties (CopyrightRangeProvider.java:95)
    at com.mycila.maven.plugin.license.AbstractLicenseMojo$1.load (AbstractLicenseMojo.java:490)
    at com.mycila.maven.plugin.license.document.Document.mergeProperties (Document.java:96)
    at com.mycila.maven.plugin.license.header.Header.isMatchForText (Header.java:180)
    at com.mycila.maven.plugin.license.document.Document.hasHeader (Document.java:84)
    at com.mycila.maven.plugin.license.AbstractLicenseMojo$2.run (AbstractLicenseMojo.java:528)
    at java.util.concurrent.Executors$RunnableAdapter.call (Executors.java:515)
    at java.util.concurrent.FutureTask.run (FutureTask.java:264)
    at java.util.concurrent.Executors$RunnableAdapter.call (Executors.java:515)
    at java.util.concurrent.FutureTask.run (FutureTask.java:264)
    at java.util.concurrent.ThreadPoolExecutor.runWorker (ThreadPoolExecutor.java:1128)
    at java.util.concurrent.ThreadPoolExecutor$Worker.run (ThreadPoolExecutor.java:628)
    at java.lang.Thread.run (Thread.java:829)
Caused by: java.lang.RuntimeException: Cannot relativize path '/home/gabsko/breaking-updates/src/main/java/org/mybatis/caches/redis/RedisCache.java' to directory '/home/gabsko/breaking-updates/baremaps-server/editor/'
    at com.mycila.maven.plugin.license.git.GitPathResolver.relativize (GitPathResolver.java:62)
    at com.mycila.maven.plugin.license.git.GitPathResolver.relativize (GitPathResolver.java:80)
    at com.mycila.maven.plugin.license.git.GitLookup.getYearOfLastChange (GitLookup.java:117)
    at com.mycila.maven.plugin.license.git.CopyrightRangeProvider.getAdditionalProperties (CopyrightRangeProvider.java:80)
    at com.mycila.maven.plugin.license.AbstractLicenseMojo$1.load (AbstractLicenseMojo.java:490)
    at com.mycila.maven.plugin.license.document.Document.mergeProperties (Document.java:96)
    at com.mycila.maven.plugin.license.header.Header.isMatchForText (Header.java:180)
    at com.mycila.maven.plugin.license.document.Document.hasHeader (Document.java:84)
    at com.mycila.maven.plugin.license.AbstractLicenseMojo$2.run (AbstractLicenseMojo.java:528)
    at java.util.concurrent.Executors$RunnableAdapter.call (Executors.java:515)
    at java.util.concurrent.FutureTask.run (FutureTask.java:264)
    at java.util.concurrent.Executors$RunnableAdapter.call (Executors.java:515)
    at java.util.concurrent.FutureTask.run (FutureTask.java:264)
    at java.util.concurrent.ThreadPoolExecutor.runWorker (ThreadPoolExecutor.java:1128)
    at java.util.concurrent.ThreadPoolExecutor$Worker.run (ThreadPoolExecutor.java:628)
    at java.lang.Thread.run (Thread.java:829)
[WARNING] failure occurred while calling class com.mycila.maven.plugin.license.git.CopyrightRangeProvider
java.lang.RuntimeException: Could not compute the year of the last git commit for file /home/gabsko/breaking-updates/src/main/java/org/mybatis/caches/redis/package-info.java
    at com.mycila.maven.plugin.license.git.CopyrightRangeProvider.getAdditionalProperties (CopyrightRangeProvider.java:95)
    at com.mycila.maven.plugin.license.AbstractLicenseMojo$1.load (AbstractLicenseMojo.java:490)
    at com.mycila.maven.plugin.license.document.Document.mergeProperties (Document.java:96)
    at com.mycila.maven.plugin.license.header.Header.isMatchForText (Header.java:180)
    at com.mycila.maven.plugin.license.document.Document.hasHeader (Document.java:84)
    at com.mycila.maven.plugin.license.AbstractLicenseMojo$2.run (AbstractLicenseMojo.java:528)
    at java.util.concurrent.Executors$RunnableAdapter.call (Executors.java:515)
    at java.util.concurrent.FutureTask.run (FutureTask.java:264)
    at java.util.concurrent.Executors$RunnableAdapter.call (Executors.java:515)
    at java.util.concurrent.FutureTask.run (FutureTask.java:264)
    at java.util.concurrent.ThreadPoolExecutor.runWorker (ThreadPoolExecutor.java:1128)
    at java.util.concurrent.ThreadPoolExecutor$Worker.run (ThreadPoolExecutor.java:628)
    at java.lang.Thread.run (Thread.java:829)
Caused by: java.lang.RuntimeException: Cannot relativize path '/home/gabsko/breaking-updates/src/main/java/org/mybatis/caches/redis/package-info.java' to directory '/home/gabsko/breaking-updates/baremaps-server/editor/'
    at com.mycila.maven.plugin.license.git.GitPathResolver.relativize (GitPathResolver.java:62)
    at com.mycila.maven.plugin.license.git.GitPathResolver.relativize (GitPathResolver.java:80)
    at com.mycila.maven.plugin.license.git.GitLookup.getYearOfLastChange (GitLookup.java:117)
    at com.mycila.maven.plugin.license.git.CopyrightRangeProvider.getAdditionalProperties (CopyrightRangeProvider.java:80)
    at com.mycila.maven.plugin.license.AbstractLicenseMojo$1.load (AbstractLicenseMojo.java:490)
    at com.mycila.maven.plugin.license.document.Document.mergeProperties (Document.java:96)
    at com.mycila.maven.plugin.license.header.Header.isMatchForText (Header.java:180)
    at com.mycila.maven.plugin.license.document.Document.hasHeader (Document.java:84)
    at com.mycila.maven.plugin.license.AbstractLicenseMojo$2.run (AbstractLicenseMojo.java:528)
    at java.util.concurrent.Executors$RunnableAdapter.call (Executors.java:515)
    at java.util.concurrent.FutureTask.run (FutureTask.java:264)
    at java.util.concurrent.Executors$RunnableAdapter.call (Executors.java:515)
    at java.util.concurrent.FutureTask.run (FutureTask.java:264)
    at java.util.concurrent.ThreadPoolExecutor.runWorker (ThreadPoolExecutor.java:1128)
    at java.util.concurrent.ThreadPoolExecutor$Worker.run (ThreadPoolExecutor.java:628)
    at java.lang.Thread.run (Thread.java:829)
[WARNING] failure occurred while calling class com.mycila.maven.plugin.license.git.CopyrightRangeProvider
java.lang.RuntimeException: Could not compute the year of the last git commit for file /home/gabsko/breaking-updates/src/main/java/org/mybatis/caches/redis/RedisConfig.java
    at com.mycila.maven.plugin.license.git.CopyrightRangeProvider.getAdditionalProperties (CopyrightRangeProvider.java:95)
    at com.mycila.maven.plugin.license.AbstractLicenseMojo$1.load (AbstractLicenseMojo.java:490)
    at com.mycila.maven.plugin.license.document.Document.mergeProperties (Document.java:96)
    at com.mycila.maven.plugin.license.header.Header.isMatchForText (Header.java:180)
    at com.mycila.maven.plugin.license.document.Document.hasHeader (Document.java:84)
    at com.mycila.maven.plugin.license.AbstractLicenseMojo$2.run (AbstractLicenseMojo.java:528)
    at java.util.concurrent.Executors$RunnableAdapter.call (Executors.java:515)
    at java.util.concurrent.FutureTask.run (FutureTask.java:264)
    at java.util.concurrent.Executors$RunnableAdapter.call (Executors.java:515)
    at java.util.concurrent.FutureTask.run (FutureTask.java:264)
    at java.util.concurrent.ThreadPoolExecutor.runWorker (ThreadPoolExecutor.java:1128)
    at java.util.concurrent.ThreadPoolExecutor$Worker.run (ThreadPoolExecutor.java:628)
    at java.lang.Thread.run (Thread.java:829)
Caused by: java.lang.RuntimeException: Cannot relativize path '/home/gabsko/breaking-updates/src/main/java/org/mybatis/caches/redis/RedisConfig.java' to directory '/home/gabsko/breaking-updates/baremaps-server/editor/'
    at com.mycila.maven.plugin.license.git.GitPathResolver.relativize (GitPathResolver.java:62)
    at com.mycila.maven.plugin.license.git.GitPathResolver.relativize (GitPathResolver.java:80)
    at com.mycila.maven.plugin.license.git.GitLookup.getYearOfLastChange (GitLookup.java:117)
    at com.mycila.maven.plugin.license.git.CopyrightRangeProvider.getAdditionalProperties (CopyrightRangeProvider.java:80)
    at com.mycila.maven.plugin.license.AbstractLicenseMojo$1.load (AbstractLicenseMojo.java:490)
    at com.mycila.maven.plugin.license.document.Document.mergeProperties (Document.java:96)
    at com.mycila.maven.plugin.license.header.Header.isMatchForText (Header.java:180)
    at com.mycila.maven.plugin.license.document.Document.hasHeader (Document.java:84)
    at com.mycila.maven.plugin.license.AbstractLicenseMojo$2.run (AbstractLicenseMojo.java:528)
    at java.util.concurrent.Executors$RunnableAdapter.call (Executors.java:515)
    at java.util.concurrent.FutureTask.run (FutureTask.java:264)
    at java.util.concurrent.Executors$RunnableAdapter.call (Executors.java:515)
    at java.util.concurrent.FutureTask.run (FutureTask.java:264)
    at java.util.concurrent.ThreadPoolExecutor.runWorker (ThreadPoolExecutor.java:1128)
    at java.util.concurrent.ThreadPoolExecutor$Worker.run (ThreadPoolExecutor.java:628)
    at java.lang.Thread.run (Thread.java:829)
[WARNING] failure occurred while calling class com.mycila.maven.plugin.license.git.CopyrightRangeProvider
java.lang.RuntimeException: Could not compute the year of the last git commit for file /home/gabsko/breaking-updates/src/main/java/org/mybatis/caches/redis/Serializer.java
    at com.mycila.maven.plugin.license.git.CopyrightRangeProvider.getAdditionalProperties (CopyrightRangeProvider.java:95)
    at com.mycila.maven.plugin.license.AbstractLicenseMojo$1.load (AbstractLicenseMojo.java:490)
    at com.mycila.maven.plugin.license.document.Document.mergeProperties (Document.java:96)
    at com.mycila.maven.plugin.license.header.Header.isMatchForText (Header.java:180)
    at com.mycila.maven.plugin.license.document.Document.hasHeader (Document.java:84)
    at com.mycila.maven.plugin.license.AbstractLicenseMojo$2.run (AbstractLicenseMojo.java:528)
    at java.util.concurrent.Executors$RunnableAdapter.call (Executors.java:515)
    at java.util.concurrent.FutureTask.run (FutureTask.java:264)
    at java.util.concurrent.Executors$RunnableAdapter.call (Executors.java:515)
    at java.util.concurrent.FutureTask.run (FutureTask.java:264)
    at java.util.concurrent.ThreadPoolExecutor.runWorker (ThreadPoolExecutor.java:1128)
    at java.util.concurrent.ThreadPoolExecutor$Worker.run (ThreadPoolExecutor.java:628)
    at java.lang.Thread.run (Thread.java:829)
Caused by: java.lang.RuntimeException: Cannot relativize path '/home/gabsko/breaking-updates/src/main/java/org/mybatis/caches/redis/Serializer.java' to directory '/home/gabsko/breaking-updates/baremaps-server/editor/'
    at com.mycila.maven.plugin.license.git.GitPathResolver.relativize (GitPathResolver.java:62)
    at com.mycila.maven.plugin.license.git.GitPathResolver.relativize (GitPathResolver.java:80)
    at com.mycila.maven.plugin.license.git.GitLookup.getYearOfLastChange (GitLookup.java:117)
    at com.mycila.maven.plugin.license.git.CopyrightRangeProvider.getAdditionalProperties (CopyrightRangeProvider.java:80)
    at com.mycila.maven.plugin.license.AbstractLicenseMojo$1.load (AbstractLicenseMojo.java:490)
    at com.mycila.maven.plugin.license.document.Document.mergeProperties (Document.java:96)
    at com.mycila.maven.plugin.license.header.Header.isMatchForText (Header.java:180)
    at com.mycila.maven.plugin.license.document.Document.hasHeader (Document.java:84)
    at com.mycila.maven.plugin.license.AbstractLicenseMojo$2.run (AbstractLicenseMojo.java:528)
    at java.util.concurrent.Executors$RunnableAdapter.call (Executors.java:515)
    at java.util.concurrent.FutureTask.run (FutureTask.java:264)
    at java.util.concurrent.Executors$RunnableAdapter.call (Executors.java:515)
    at java.util.concurrent.FutureTask.run (FutureTask.java:264)
    at java.util.concurrent.ThreadPoolExecutor.runWorker (ThreadPoolExecutor.java:1128)
    at java.util.concurrent.ThreadPoolExecutor$Worker.run (ThreadPoolExecutor.java:628)
    at java.lang.Thread.run (Thread.java:829)
[WARNING] failure occurred while calling class com.mycila.maven.plugin.license.git.CopyrightRangeProvider
java.lang.RuntimeException: Could not compute the year of the last git commit for file /home/gabsko/breaking-updates/src/test/java/org/mybatis/caches/redis/RedisTestCase.java
    at com.mycila.maven.plugin.license.git.CopyrightRangeProvider.getAdditionalProperties (CopyrightRangeProvider.java:95)
    at com.mycila.maven.plugin.license.AbstractLicenseMojo$1.load (AbstractLicenseMojo.java:490)
    at com.mycila.maven.plugin.license.document.Document.mergeProperties (Document.java:96)
    at com.mycila.maven.plugin.license.header.Header.isMatchForText (Header.java:180)
    at com.mycila.maven.plugin.license.document.Document.hasHeader (Document.java:84)
    at com.mycila.maven.plugin.license.AbstractLicenseMojo$2.run (AbstractLicenseMojo.java:528)
    at java.util.concurrent.Executors$RunnableAdapter.call (Executors.java:515)
    at java.util.concurrent.FutureTask.run (FutureTask.java:264)
    at java.util.concurrent.Executors$RunnableAdapter.call (Executors.java:515)
    at java.util.concurrent.FutureTask.run (FutureTask.java:264)
    at java.util.concurrent.ThreadPoolExecutor.runWorker (ThreadPoolExecutor.java:1128)
    at java.util.concurrent.ThreadPoolExecutor$Worker.run (ThreadPoolExecutor.java:628)
    at java.lang.Thread.run (Thread.java:829)
Caused by: java.lang.RuntimeException: Cannot relativize path '/home/gabsko/breaking-updates/src/test/java/org/mybatis/caches/redis/RedisTestCase.java' to directory '/home/gabsko/breaking-updates/baremaps-server/editor/'
    at com.mycila.maven.plugin.license.git.GitPathResolver.relativize (GitPathResolver.java:62)
    at com.mycila.maven.plugin.license.git.GitPathResolver.relativize (GitPathResolver.java:80)
    at com.mycila.maven.plugin.license.git.GitLookup.getYearOfLastChange (GitLookup.java:117)
    at com.mycila.maven.plugin.license.git.CopyrightRangeProvider.getAdditionalProperties (CopyrightRangeProvider.java:80)
    at com.mycila.maven.plugin.license.AbstractLicenseMojo$1.load (AbstractLicenseMojo.java:490)
    at com.mycila.maven.plugin.license.document.Document.mergeProperties (Document.java:96)
    at com.mycila.maven.plugin.license.header.Header.isMatchForText (Header.java:180)
    at com.mycila.maven.plugin.license.document.Document.hasHeader (Document.java:84)
    at com.mycila.maven.plugin.license.AbstractLicenseMojo$2.run (AbstractLicenseMojo.java:528)
    at java.util.concurrent.Executors$RunnableAdapter.call (Executors.java:515)
    at java.util.concurrent.FutureTask.run (FutureTask.java:264)
    at java.util.concurrent.Executors$RunnableAdapter.call (Executors.java:515)
    at java.util.concurrent.FutureTask.run (FutureTask.java:264)
    at java.util.concurrent.ThreadPoolExecutor.runWorker (ThreadPoolExecutor.java:1128)
    at java.util.concurrent.ThreadPoolExecutor$Worker.run (ThreadPoolExecutor.java:628)
    at java.lang.Thread.run (Thread.java:829)
[WARNING] failure occurred while calling class com.mycila.maven.plugin.license.git.CopyrightRangeProvider
java.lang.RuntimeException: Could not compute the year of the last git commit for file /home/gabsko/breaking-updates/src/test/java/org/mybatis/caches/redis/SerializerTestCase.java
    at com.mycila.maven.plugin.license.git.CopyrightRangeProvider.getAdditionalProperties (CopyrightRangeProvider.java:95)
    at com.mycila.maven.plugin.license.AbstractLicenseMojo$1.load (AbstractLicenseMojo.java:490)
    at com.mycila.maven.plugin.license.document.Document.mergeProperties (Document.java:96)
    at com.mycila.maven.plugin.license.header.Header.isMatchForText (Header.java:180)
    at com.mycila.maven.plugin.license.document.Document.hasHeader (Document.java:84)
    at com.mycila.maven.plugin.license.AbstractLicenseMojo$2.run (AbstractLicenseMojo.java:528)
    at java.util.concurrent.Executors$RunnableAdapter.call (Executors.java:515)
    at java.util.concurrent.FutureTask.run (FutureTask.java:264)
    at java.util.concurrent.Executors$RunnableAdapter.call (Executors.java:515)
    at java.util.concurrent.FutureTask.run (FutureTask.java:264)
    at java.util.concurrent.ThreadPoolExecutor.runWorker (ThreadPoolExecutor.java:1128)
    at java.util.concurrent.ThreadPoolExecutor$Worker.run (ThreadPoolExecutor.java:628)
    at java.lang.Thread.run (Thread.java:829)
Caused by: java.lang.RuntimeException: Cannot relativize path '/home/gabsko/breaking-updates/src/test/java/org/mybatis/caches/redis/SerializerTestCase.java' to directory '/home/gabsko/breaking-updates/baremaps-server/editor/'
    at com.mycila.maven.plugin.license.git.GitPathResolver.relativize (GitPathResolver.java:62)
    at com.mycila.maven.plugin.license.git.GitPathResolver.relativize (GitPathResolver.java:80)
    at com.mycila.maven.plugin.license.git.GitLookup.getYearOfLastChange (GitLookup.java:117)
    at com.mycila.maven.plugin.license.git.CopyrightRangeProvider.getAdditionalProperties (CopyrightRangeProvider.java:80)
    at com.mycila.maven.plugin.license.AbstractLicenseMojo$1.load (AbstractLicenseMojo.java:490)
    at com.mycila.maven.plugin.license.document.Document.mergeProperties (Document.java:96)
    at com.mycila.maven.plugin.license.header.Header.isMatchForText (Header.java:180)
    at com.mycila.maven.plugin.license.document.Document.hasHeader (Document.java:84)
    at com.mycila.maven.plugin.license.AbstractLicenseMojo$2.run (AbstractLicenseMojo.java:528)
    at java.util.concurrent.Executors$RunnableAdapter.call (Executors.java:515)
    at java.util.concurrent.FutureTask.run (FutureTask.java:264)
    at java.util.concurrent.Executors$RunnableAdapter.call (Executors.java:515)
    at java.util.concurrent.FutureTask.run (FutureTask.java:264)
    at java.util.concurrent.ThreadPoolExecutor.runWorker (ThreadPoolExecutor.java:1128)
    at java.util.concurrent.ThreadPoolExecutor$Worker.run (ThreadPoolExecutor.java:628)
    at java.lang.Thread.run (Thread.java:829)
[WARNING] failure occurred while calling class com.mycila.maven.plugin.license.git.CopyrightRangeProvider
java.lang.RuntimeException: Could not compute the year of the last git commit for file /home/gabsko/breaking-updates/src/test/java/org/mybatis/caches/redis/SimpleBeanStudentInfo.java
    at com.mycila.maven.plugin.license.git.CopyrightRangeProvider.getAdditionalProperties (CopyrightRangeProvider.java:95)
    at com.mycila.maven.plugin.license.AbstractLicenseMojo$1.load (AbstractLicenseMojo.java:490)
    at com.mycila.maven.plugin.license.document.Document.mergeProperties (Document.java:96)
    at com.mycila.maven.plugin.license.header.Header.isMatchForText (Header.java:180)
    at com.mycila.maven.plugin.license.document.Document.hasHeader (Document.java:84)
    at com.mycila.maven.plugin.license.AbstractLicenseMojo$2.run (AbstractLicenseMojo.java:528)
    at java.util.concurrent.Executors$RunnableAdapter.call (Executors.java:515)
    at java.util.concurrent.FutureTask.run (FutureTask.java:264)
    at java.util.concurrent.Executors$RunnableAdapter.call (Executors.java:515)
    at java.util.concurrent.FutureTask.run (FutureTask.java:264)
    at java.util.concurrent.ThreadPoolExecutor.runWorker (ThreadPoolExecutor.java:1128)
    at java.util.concurrent.ThreadPoolExecutor$Worker.run (ThreadPoolExecutor.java:628)
    at java.lang.Thread.run (Thread.java:829)
Caused by: java.lang.RuntimeException: Cannot relativize path '/home/gabsko/breaking-updates/src/test/java/org/mybatis/caches/redis/SimpleBeanStudentInfo.java' to directory '/home/gabsko/breaking-updates/baremaps-server/editor/'
    at com.mycila.maven.plugin.license.git.GitPathResolver.relativize (GitPathResolver.java:62)
    at com.mycila.maven.plugin.license.git.GitPathResolver.relativize (GitPathResolver.java:80)
    at com.mycila.maven.plugin.license.git.GitLookup.getYearOfLastChange (GitLookup.java:117)
    at com.mycila.maven.plugin.license.git.CopyrightRangeProvider.getAdditionalProperties (CopyrightRangeProvider.java:80)
    at com.mycila.maven.plugin.license.AbstractLicenseMojo$1.load (AbstractLicenseMojo.java:490)
    at com.mycila.maven.plugin.license.document.Document.mergeProperties (Document.java:96)
    at com.mycila.maven.plugin.license.header.Header.isMatchForText (Header.java:180)
    at com.mycila.maven.plugin.license.document.Document.hasHeader (Document.java:84)
    at com.mycila.maven.plugin.license.AbstractLicenseMojo$2.run (AbstractLicenseMojo.java:528)
    at java.util.concurrent.Executors$RunnableAdapter.call (Executors.java:515)
    at java.util.concurrent.FutureTask.run (FutureTask.java:264)
    at java.util.concurrent.Executors$RunnableAdapter.call (Executors.java:515)
    at java.util.concurrent.FutureTask.run (FutureTask.java:264)
    at java.util.concurrent.ThreadPoolExecutor.runWorker (ThreadPoolExecutor.java:1128)
    at java.util.concurrent.ThreadPoolExecutor$Worker.run (ThreadPoolExecutor.java:628)
    at java.lang.Thread.run (Thread.java:829)
[WARNING] failure occurred while calling class com.mycila.maven.plugin.license.git.CopyrightRangeProvider
java.lang.RuntimeException: Could not compute the year of the last git commit for file /home/gabsko/breaking-updates/src/test/java/org/mybatis/caches/redis/sslconfig/TestSSLParameters.java
    at com.mycila.maven.plugin.license.git.CopyrightRangeProvider.getAdditionalProperties (CopyrightRangeProvider.java:95)
    at com.mycila.maven.plugin.license.AbstractLicenseMojo$1.load (AbstractLicenseMojo.java:490)
    at com.mycila.maven.plugin.license.document.Document.mergeProperties (Document.java:96)
    at com.mycila.maven.plugin.license.header.Header.isMatchForText (Header.java:180)
    at com.mycila.maven.plugin.license.document.Document.hasHeader (Document.java:84)
    at com.mycila.maven.plugin.license.AbstractLicenseMojo$2.run (AbstractLicenseMojo.java:528)
    at java.util.concurrent.Executors$RunnableAdapter.call (Executors.java:515)
    at java.util.concurrent.FutureTask.run (FutureTask.java:264)
    at java.util.concurrent.Executors$RunnableAdapter.call (Executors.java:515)
    at java.util.concurrent.FutureTask.run (FutureTask.java:264)
    at java.util.concurrent.ThreadPoolExecutor.runWorker (ThreadPoolExecutor.java:1128)
    at java.util.concurrent.ThreadPoolExecutor$Worker.run (ThreadPoolExecutor.java:628)
    at java.lang.Thread.run (Thread.java:829)
Caused by: java.lang.RuntimeException: Cannot relativize path '/home/gabsko/breaking-updates/src/test/java/org/mybatis/caches/redis/sslconfig/TestSSLParameters.java' to directory '/home/gabsko/breaking-updates/baremaps-server/editor/'
    at com.mycila.maven.plugin.license.git.GitPathResolver.relativize (GitPathResolver.java:62)
    at com.mycila.maven.plugin.license.git.GitPathResolver.relativize (GitPathResolver.java:80)
    at com.mycila.maven.plugin.license.git.GitLookup.getYearOfLastChange (GitLookup.java:117)
    at com.mycila.maven.plugin.license.git.CopyrightRangeProvider.getAdditionalProperties (CopyrightRangeProvider.java:80)
    at com.mycila.maven.plugin.license.AbstractLicenseMojo$1.load (AbstractLicenseMojo.java:490)
    at com.mycila.maven.plugin.license.document.Document.mergeProperties (Document.java:96)
    at com.mycila.maven.plugin.license.header.Header.isMatchForText (Header.java:180)
    at com.mycila.maven.plugin.license.document.Document.hasHeader (Document.java:84)
    at com.mycila.maven.plugin.license.AbstractLicenseMojo$2.run (AbstractLicenseMojo.java:528)
    at java.util.concurrent.Executors$RunnableAdapter.call (Executors.java:515)
    at java.util.concurrent.FutureTask.run (FutureTask.java:264)
    at java.util.concurrent.Executors$RunnableAdapter.call (Executors.java:515)
    at java.util.concurrent.FutureTask.run (FutureTask.java:264)
    at java.util.concurrent.ThreadPoolExecutor.runWorker (ThreadPoolExecutor.java:1128)
    at java.util.concurrent.ThreadPoolExecutor$Worker.run (ThreadPoolExecutor.java:628)
    at java.lang.Thread.run (Thread.java:829)
[WARNING] failure occurred while calling class com.mycila.maven.plugin.license.git.CopyrightRangeProvider
java.lang.RuntimeException: Could not compute the year of the last git commit for file /home/gabsko/breaking-updates/src/test/java/org/mybatis/caches/redis/sslconfig/TestHostnameVerifier.java
    at com.mycila.maven.plugin.license.git.CopyrightRangeProvider.getAdditionalProperties (CopyrightRangeProvider.java:95)
    at com.mycila.maven.plugin.license.AbstractLicenseMojo$1.load (AbstractLicenseMojo.java:490)
    at com.mycila.maven.plugin.license.document.Document.mergeProperties (Document.java:96)
    at com.mycila.maven.plugin.license.header.Header.isMatchForText (Header.java:180)
    at com.mycila.maven.plugin.license.document.Document.hasHeader (Document.java:84)
    at com.mycila.maven.plugin.license.AbstractLicenseMojo$2.run (AbstractLicenseMojo.java:528)
    at java.util.concurrent.Executors$RunnableAdapter.call (Executors.java:515)
    at java.util.concurrent.FutureTask.run (FutureTask.java:264)
    at java.util.concurrent.Executors$RunnableAdapter.call (Executors.java:515)
    at java.util.concurrent.FutureTask.run (FutureTask.java:264)
    at java.util.concurrent.ThreadPoolExecutor.runWorker (ThreadPoolExecutor.java:1128)
    at java.util.concurrent.ThreadPoolExecutor$Worker.run (ThreadPoolExecutor.java:628)
    at java.lang.Thread.run (Thread.java:829)
Caused by: java.lang.RuntimeException: Cannot relativize path '/home/gabsko/breaking-updates/src/test/java/org/mybatis/caches/redis/sslconfig/TestHostnameVerifier.java' to directory '/home/gabsko/breaking-updates/baremaps-server/editor/'
    at com.mycila.maven.plugin.license.git.GitPathResolver.relativize (GitPathResolver.java:62)
    at com.mycila.maven.plugin.license.git.GitPathResolver.relativize (GitPathResolver.java:80)
    at com.mycila.maven.plugin.license.git.GitLookup.getYearOfLastChange (GitLookup.java:117)
    at com.mycila.maven.plugin.license.git.CopyrightRangeProvider.getAdditionalProperties (CopyrightRangeProvider.java:80)
    at com.mycila.maven.plugin.license.AbstractLicenseMojo$1.load (AbstractLicenseMojo.java:490)
    at com.mycila.maven.plugin.license.document.Document.mergeProperties (Document.java:96)
    at com.mycila.maven.plugin.license.header.Header.isMatchForText (Header.java:180)
    at com.mycila.maven.plugin.license.document.Document.hasHeader (Document.java:84)
    at com.mycila.maven.plugin.license.AbstractLicenseMojo$2.run (AbstractLicenseMojo.java:528)
    at java.util.concurrent.Executors$RunnableAdapter.call (Executors.java:515)
    at java.util.concurrent.FutureTask.run (FutureTask.java:264)
    at java.util.concurrent.Executors$RunnableAdapter.call (Executors.java:515)
    at java.util.concurrent.FutureTask.run (FutureTask.java:264)
    at java.util.concurrent.ThreadPoolExecutor.runWorker (ThreadPoolExecutor.java:1128)
    at java.util.concurrent.ThreadPoolExecutor$Worker.run (ThreadPoolExecutor.java:628)
    at java.lang.Thread.run (Thread.java:829)
[WARNING] failure occurred while calling class com.mycila.maven.plugin.license.git.CopyrightRangeProvider
java.lang.RuntimeException: Could not compute the year of the last git commit for file /home/gabsko/breaking-updates/src/test/java/org/mybatis/caches/redis/sslconfig/TestSSLSocketFactory.java
    at com.mycila.maven.plugin.license.git.CopyrightRangeProvider.getAdditionalProperties (CopyrightRangeProvider.java:95)
    at com.mycila.maven.plugin.license.AbstractLicenseMojo$1.load (AbstractLicenseMojo.java:490)
    at com.mycila.maven.plugin.license.document.Document.mergeProperties (Document.java:96)
    at com.mycila.maven.plugin.license.header.Header.isMatchForText (Header.java:180)
    at com.mycila.maven.plugin.license.document.Document.hasHeader (Document.java:84)
    at com.mycila.maven.plugin.license.AbstractLicenseMojo$2.run (AbstractLicenseMojo.java:528)
    at java.util.concurrent.Executors$RunnableAdapter.call (Executors.java:515)
    at java.util.concurrent.FutureTask.run (FutureTask.java:264)
    at java.util.concurrent.Executors$RunnableAdapter.call (Executors.java:515)
    at java.util.concurrent.FutureTask.run (FutureTask.java:264)
    at java.util.concurrent.ThreadPoolExecutor.runWorker (ThreadPoolExecutor.java:1128)
    at java.util.concurrent.ThreadPoolExecutor$Worker.run (ThreadPoolExecutor.java:628)
    at java.lang.Thread.run (Thread.java:829)
Caused by: java.lang.RuntimeException: Cannot relativize path '/home/gabsko/breaking-updates/src/test/java/org/mybatis/caches/redis/sslconfig/TestSSLSocketFactory.java' to directory '/home/gabsko/breaking-updates/baremaps-server/editor/'
    at com.mycila.maven.plugin.license.git.GitPathResolver.relativize (GitPathResolver.java:62)
    at com.mycila.maven.plugin.license.git.GitPathResolver.relativize (GitPathResolver.java:80)
    at com.mycila.maven.plugin.license.git.GitLookup.getYearOfLastChange (GitLookup.java:117)
    at com.mycila.maven.plugin.license.git.CopyrightRangeProvider.getAdditionalProperties (CopyrightRangeProvider.java:80)
    at com.mycila.maven.plugin.license.AbstractLicenseMojo$1.load (AbstractLicenseMojo.java:490)
    at com.mycila.maven.plugin.license.document.Document.mergeProperties (Document.java:96)
    at com.mycila.maven.plugin.license.header.Header.isMatchForText (Header.java:180)
    at com.mycila.maven.plugin.license.document.Document.hasHeader (Document.java:84)
    at com.mycila.maven.plugin.license.AbstractLicenseMojo$2.run (AbstractLicenseMojo.java:528)
    at java.util.concurrent.Executors$RunnableAdapter.call (Executors.java:515)
    at java.util.concurrent.FutureTask.run (FutureTask.java:264)
    at java.util.concurrent.Executors$RunnableAdapter.call (Executors.java:515)
    at java.util.concurrent.FutureTask.run (FutureTask.java:264)
    at java.util.concurrent.ThreadPoolExecutor.runWorker (ThreadPoolExecutor.java:1128)
    at java.util.concurrent.ThreadPoolExecutor$Worker.run (ThreadPoolExecutor.java:628)
    at java.lang.Thread.run (Thread.java:829)
[WARNING] failure occurred while calling class com.mycila.maven.plugin.license.git.CopyrightRangeProvider
java.lang.RuntimeException: Could not compute the year of the last git commit for file /home/gabsko/breaking-updates/src/test/java/org/mybatis/caches/redis/RedisConfigurationBuilderTest.java
    at com.mycila.maven.plugin.license.git.CopyrightRangeProvider.getAdditionalProperties (CopyrightRangeProvider.java:95)
    at com.mycila.maven.plugin.license.AbstractLicenseMojo$1.load (AbstractLicenseMojo.java:490)
    at com.mycila.maven.plugin.license.document.Document.mergeProperties (Document.java:96)
    at com.mycila.maven.plugin.license.header.Header.isMatchForText (Header.java:180)
    at com.mycila.maven.plugin.license.document.Document.hasHeader (Document.java:84)
    at com.mycila.maven.plugin.license.AbstractLicenseMojo$2.run (AbstractLicenseMojo.java:528)
    at java.util.concurrent.Executors$RunnableAdapter.call (Executors.java:515)
    at java.util.concurrent.FutureTask.run (FutureTask.java:264)
    at java.util.concurrent.Executors$RunnableAdapter.call (Executors.java:515)
    at java.util.concurrent.FutureTask.run (FutureTask.java:264)
    at java.util.concurrent.ThreadPoolExecutor.runWorker (ThreadPoolExecutor.java:1128)
    at java.util.concurrent.ThreadPoolExecutor$Worker.run (ThreadPoolExecutor.java:628)
    at java.lang.Thread.run (Thread.java:829)
Caused by: java.lang.RuntimeException: Cannot relativize path '/home/gabsko/breaking-updates/src/test/java/org/mybatis/caches/redis/RedisConfigurationBuilderTest.java' to directory '/home/gabsko/breaking-updates/baremaps-server/editor/'
    at com.mycila.maven.plugin.license.git.GitPathResolver.relativize (GitPathResolver.java:62)
    at com.mycila.maven.plugin.license.git.GitPathResolver.relativize (GitPathResolver.java:80)
    at com.mycila.maven.plugin.license.git.GitLookup.getYearOfLastChange (GitLookup.java:117)
    at com.mycila.maven.plugin.license.git.CopyrightRangeProvider.getAdditionalProperties (CopyrightRangeProvider.java:80)
    at com.mycila.maven.plugin.license.AbstractLicenseMojo$1.load (AbstractLicenseMojo.java:490)
    at com.mycila.maven.plugin.license.document.Document.mergeProperties (Document.java:96)
    at com.mycila.maven.plugin.license.header.Header.isMatchForText (Header.java:180)
    at com.mycila.maven.plugin.license.document.Document.hasHeader (Document.java:84)
    at com.mycila.maven.plugin.license.AbstractLicenseMojo$2.run (AbstractLicenseMojo.java:528)
    at java.util.concurrent.Executors$RunnableAdapter.call (Executors.java:515)
    at java.util.concurrent.FutureTask.run (FutureTask.java:264)
    at java.util.concurrent.Executors$RunnableAdapter.call (Executors.java:515)
    at java.util.concurrent.FutureTask.run (FutureTask.java:264)
    at java.util.concurrent.ThreadPoolExecutor.runWorker (ThreadPoolExecutor.java:1128)
    at java.util.concurrent.ThreadPoolExecutor$Worker.run (ThreadPoolExecutor.java:628)
    at java.lang.Thread.run (Thread.java:829)
[WARNING] failure occurred while calling class com.mycila.maven.plugin.license.git.CopyrightRangeProvider
java.lang.RuntimeException: Could not compute the year of the last git commit for file /home/gabsko/breaking-updates/src/test/java/org/mybatis/caches/redis/SimpleBeanCourseInfo.java
    at com.mycila.maven.plugin.license.git.CopyrightRangeProvider.getAdditionalProperties (CopyrightRangeProvider.java:95)
    at com.mycila.maven.plugin.license.AbstractLicenseMojo$1.load (AbstractLicenseMojo.java:490)
    at com.mycila.maven.plugin.license.document.Document.mergeProperties (Document.java:96)
    at com.mycila.maven.plugin.license.header.Header.isMatchForText (Header.java:180)
    at com.mycila.maven.plugin.license.document.Document.hasHeader (Document.java:84)
    at com.mycila.maven.plugin.license.AbstractLicenseMojo$2.run (AbstractLicenseMojo.java:528)
    at java.util.concurrent.Executors$RunnableAdapter.call (Executors.java:515)
    at java.util.concurrent.FutureTask.run (FutureTask.java:264)
    at java.util.concurrent.Executors$RunnableAdapter.call (Executors.java:515)
    at java.util.concurrent.FutureTask.run (FutureTask.java:264)
    at java.util.concurrent.ThreadPoolExecutor.runWorker (ThreadPoolExecutor.java:1128)
    at java.util.concurrent.ThreadPoolExecutor$Worker.run (ThreadPoolExecutor.java:628)
    at java.lang.Thread.run (Thread.java:829)
Caused by: java.lang.RuntimeException: Cannot relativize path '/home/gabsko/breaking-updates/src/test/java/org/mybatis/caches/redis/SimpleBeanCourseInfo.java' to directory '/home/gabsko/breaking-updates/baremaps-server/editor/'
    at com.mycila.maven.plugin.license.git.GitPathResolver.relativize (GitPathResolver.java:62)
    at com.mycila.maven.plugin.license.git.GitPathResolver.relativize (GitPathResolver.java:80)
    at com.mycila.maven.plugin.license.git.GitLookup.getYearOfLastChange (GitLookup.java:117)
    at com.mycila.maven.plugin.license.git.CopyrightRangeProvider.getAdditionalProperties (CopyrightRangeProvider.java:80)
    at com.mycila.maven.plugin.license.AbstractLicenseMojo$1.load (AbstractLicenseMojo.java:490)
    at com.mycila.maven.plugin.license.document.Document.mergeProperties (Document.java:96)
    at com.mycila.maven.plugin.license.header.Header.isMatchForText (Header.java:180)
    at com.mycila.maven.plugin.license.document.Document.hasHeader (Document.java:84)
    at com.mycila.maven.plugin.license.AbstractLicenseMojo$2.run (AbstractLicenseMojo.java:528)
    at java.util.concurrent.Executors$RunnableAdapter.call (Executors.java:515)
    at java.util.concurrent.FutureTask.run (FutureTask.java:264)
    at java.util.concurrent.Executors$RunnableAdapter.call (Executors.java:515)
    at java.util.concurrent.FutureTask.run (FutureTask.java:264)
    at java.util.concurrent.ThreadPoolExecutor.runWorker (ThreadPoolExecutor.java:1128)
    at java.util.concurrent.ThreadPoolExecutor$Worker.run (ThreadPoolExecutor.java:628)
    at java.lang.Thread.run (Thread.java:829)
[INFO] Updating license header in: /home/gabsko/breaking-updates/src/main/java/org/mybatis/caches/redis/KryoSerializer.java
[WARNING] failure occurred while calling class com.mycila.maven.plugin.license.git.CopyrightRangeProvider
java.lang.RuntimeException: Could not compute the year of the last git commit for file /home/gabsko/breaking-updates/src/test/resources/test1.properties
    at com.mycila.maven.plugin.license.git.CopyrightRangeProvider.getAdditionalProperties (CopyrightRangeProvider.java:95)
    at com.mycila.maven.plugin.license.AbstractLicenseMojo$1.load (AbstractLicenseMojo.java:490)
    at com.mycila.maven.plugin.license.document.Document.mergeProperties (Document.java:96)
    at com.mycila.maven.plugin.license.header.Header.isMatchForText (Header.java:180)
    at com.mycila.maven.plugin.license.document.Document.hasHeader (Document.java:84)
    at com.mycila.maven.plugin.license.AbstractLicenseMojo$2.run (AbstractLicenseMojo.java:528)
    at java.util.concurrent.Executors$RunnableAdapter.call (Executors.java:515)
    at java.util.concurrent.FutureTask.run (FutureTask.java:264)
    at java.util.concurrent.Executors$RunnableAdapter.call (Executors.java:515)
    at java.util.concurrent.FutureTask.run (FutureTask.java:264)
    at java.util.concurrent.ThreadPoolExecutor.runWorker (ThreadPoolExecutor.java:1128)
    at java.util.concurrent.ThreadPoolExecutor$Worker.run (ThreadPoolExecutor.java:628)
    at java.lang.Thread.run (Thread.java:829)
Caused by: java.lang.RuntimeException: Cannot relativize path '/home/gabsko/breaking-updates/src/test/resources/test1.properties' to directory '/home/gabsko/breaking-updates/baremaps-server/editor/'
    at com.mycila.maven.plugin.license.git.GitPathResolver.relativize (GitPathResolver.java:62)
    at com.mycila.maven.plugin.license.git.GitPathResolver.relativize (GitPathResolver.java:80)
    at com.mycila.maven.plugin.license.git.GitLookup.getYearOfLastChange (GitLookup.java:117)
    at com.mycila.maven.plugin.license.git.CopyrightRangeProvider.getAdditionalProperties (CopyrightRangeProvider.java:80)
    at com.mycila.maven.plugin.license.AbstractLicenseMojo$1.load (AbstractLicenseMojo.java:490)
    at com.mycila.maven.plugin.license.document.Document.mergeProperties (Document.java:96)
    at com.mycila.maven.plugin.license.header.Header.isMatchForText (Header.java:180)
    at com.mycila.maven.plugin.license.document.Document.hasHeader (Document.java:84)
    at com.mycila.maven.plugin.license.AbstractLicenseMojo$2.run (AbstractLicenseMojo.java:528)
    at java.util.concurrent.Executors$RunnableAdapter.call (Executors.java:515)
    at java.util.concurrent.FutureTask.run (FutureTask.java:264)
    at java.util.concurrent.Executors$RunnableAdapter.call (Executors.java:515)
    at java.util.concurrent.FutureTask.run (FutureTask.java:264)
    at java.util.concurrent.ThreadPoolExecutor.runWorker (ThreadPoolExecutor.java:1128)
    at java.util.concurrent.ThreadPoolExecutor$Worker.run (ThreadPoolExecutor.java:628)
    at java.lang.Thread.run (Thread.java:829)
[WARNING] failure occurred while calling class com.mycila.maven.plugin.license.git.CopyrightRangeProvider
java.lang.RuntimeException: Could not compute the year of the last git commit for file /home/gabsko/breaking-updates/src/test/resources/redis.properties
    at com.mycila.maven.plugin.license.git.CopyrightRangeProvider.getAdditionalProperties (CopyrightRangeProvider.java:95)
    at com.mycila.maven.plugin.license.AbstractLicenseMojo$1.load (AbstractLicenseMojo.java:490)
    at com.mycila.maven.plugin.license.document.Document.mergeProperties (Document.java:96)
    at com.mycila.maven.plugin.license.header.Header.isMatchForText (Header.java:180)
    at com.mycila.maven.plugin.license.document.Document.hasHeader (Document.java:84)
    at com.mycila.maven.plugin.license.AbstractLicenseMojo$2.run (AbstractLicenseMojo.java:528)
    at java.util.concurrent.Executors$RunnableAdapter.call (Executors.java:515)
    at java.util.concurrent.FutureTask.run (FutureTask.java:264)
    at java.util.concurrent.Executors$RunnableAdapter.call (Executors.java:515)
    at java.util.concurrent.FutureTask.run (FutureTask.java:264)
    at java.util.concurrent.ThreadPoolExecutor.runWorker (ThreadPoolExecutor.java:1128)
    at java.util.concurrent.ThreadPoolExecutor$Worker.run (ThreadPoolExecutor.java:628)
    at java.lang.Thread.run (Thread.java:829)
Caused by: java.lang.RuntimeException: Cannot relativize path '/home/gabsko/breaking-updates/src/test/resources/redis.properties' to directory '/home/gabsko/breaking-updates/baremaps-server/editor/'
    at com.mycila.maven.plugin.license.git.GitPathResolver.relativize (GitPathResolver.java:62)
    at com.mycila.maven.plugin.license.git.GitPathResolver.relativize (GitPathResolver.java:80)
    at com.mycila.maven.plugin.license.git.GitLookup.getYearOfLastChange (GitLookup.java:117)
    at com.mycila.maven.plugin.license.git.CopyrightRangeProvider.getAdditionalProperties (CopyrightRangeProvider.java:80)
    at com.mycila.maven.plugin.license.AbstractLicenseMojo$1.load (AbstractLicenseMojo.java:490)
    at com.mycila.maven.plugin.license.document.Document.mergeProperties (Document.java:96)
    at com.mycila.maven.plugin.license.header.Header.isMatchForText (Header.java:180)
    at com.mycila.maven.plugin.license.document.Document.hasHeader (Document.java:84)
    at com.mycila.maven.plugin.license.AbstractLicenseMojo$2.run (AbstractLicenseMojo.java:528)
    at java.util.concurrent.Executors$RunnableAdapter.call (Executors.java:515)
    at java.util.concurrent.FutureTask.run (FutureTask.java:264)
    at java.util.concurrent.Executors$RunnableAdapter.call (Executors.java:515)
    at java.util.concurrent.FutureTask.run (FutureTask.java:264)
    at java.util.concurrent.ThreadPoolExecutor.runWorker (ThreadPoolExecutor.java:1128)
    at java.util.concurrent.ThreadPoolExecutor$Worker.run (ThreadPoolExecutor.java:628)
    at java.lang.Thread.run (Thread.java:829)
[WARNING] failure occurred while calling class com.mycila.maven.plugin.license.git.CopyrightRangeProvider
java.lang.RuntimeException: Could not compute the year of the last git commit for file /home/gabsko/breaking-updates/src/site/xdoc/index.xml.vm
    at com.mycila.maven.plugin.license.git.CopyrightRangeProvider.getAdditionalProperties (CopyrightRangeProvider.java:95)
    at com.mycila.maven.plugin.license.AbstractLicenseMojo$1.load (AbstractLicenseMojo.java:490)
    at com.mycila.maven.plugin.license.document.Document.mergeProperties (Document.java:96)
    at com.mycila.maven.plugin.license.header.Header.isMatchForText (Header.java:180)
    at com.mycila.maven.plugin.license.document.Document.hasHeader (Document.java:84)
    at com.mycila.maven.plugin.license.AbstractLicenseMojo$2.run (AbstractLicenseMojo.java:528)
    at java.util.concurrent.Executors$RunnableAdapter.call (Executors.java:515)
    at java.util.concurrent.FutureTask.run (FutureTask.java:264)
    at java.util.concurrent.Executors$RunnableAdapter.call (Executors.java:515)
    at java.util.concurrent.FutureTask.run (FutureTask.java:264)
    at java.util.concurrent.ThreadPoolExecutor.runWorker (ThreadPoolExecutor.java:1128)
    at java.util.concurrent.ThreadPoolExecutor$Worker.run (ThreadPoolExecutor.java:628)
    at java.lang.Thread.run (Thread.java:829)
Caused by: java.lang.RuntimeException: Cannot relativize path '/home/gabsko/breaking-updates/src/site/xdoc/index.xml.vm' to directory '/home/gabsko/breaking-updates/baremaps-server/editor/'
    at com.mycila.maven.plugin.license.git.GitPathResolver.relativize (GitPathResolver.java:62)
    at com.mycila.maven.plugin.license.git.GitPathResolver.relativize (GitPathResolver.java:80)
    at com.mycila.maven.plugin.license.git.GitLookup.getYearOfLastChange (GitLookup.java:117)
    at com.mycila.maven.plugin.license.git.CopyrightRangeProvider.getAdditionalProperties (CopyrightRangeProvider.java:80)
    at com.mycila.maven.plugin.license.AbstractLicenseMojo$1.load (AbstractLicenseMojo.java:490)
    at com.mycila.maven.plugin.license.document.Document.mergeProperties (Document.java:96)
    at com.mycila.maven.plugin.license.header.Header.isMatchForText (Header.java:180)
    at com.mycila.maven.plugin.license.document.Document.hasHeader (Document.java:84)
    at com.mycila.maven.plugin.license.AbstractLicenseMojo$2.run (AbstractLicenseMojo.java:528)
    at java.util.concurrent.Executors$RunnableAdapter.call (Executors.java:515)
    at java.util.concurrent.FutureTask.run (FutureTask.java:264)
    at java.util.concurrent.Executors$RunnableAdapter.call (Executors.java:515)
    at java.util.concurrent.FutureTask.run (FutureTask.java:264)
    at java.util.concurrent.ThreadPoolExecutor.runWorker (ThreadPoolExecutor.java:1128)
    at java.util.concurrent.ThreadPoolExecutor$Worker.run (ThreadPoolExecutor.java:628)
    at java.lang.Thread.run (Thread.java:829)
[WARNING] Unknown file extension: /home/gabsko/breaking-updates/src/test/resources/simpleBeanCourseInfoSerializedFile
[WARNING] failure occurred while calling class com.mycila.maven.plugin.license.git.CopyrightRangeProvider
java.lang.RuntimeException: Could not compute the year of the last git commit for file /home/gabsko/breaking-updates/src/main/java/org/mybatis/caches/redis/KryoSerializer.java
    at com.mycila.maven.plugin.license.git.CopyrightRangeProvider.getAdditionalProperties (CopyrightRangeProvider.java:95)
    at com.mycila.maven.plugin.license.AbstractLicenseMojo$1.load (AbstractLicenseMojo.java:490)
    at com.mycila.maven.plugin.license.document.Document.mergeProperties (Document.java:96)
    at com.mycila.maven.plugin.license.document.Document.updateHeader (Document.java:92)
    at com.mycila.maven.plugin.license.LicenseFormatMojo$1.onHeaderNotFound (LicenseFormatMojo.java:52)
    at com.mycila.maven.plugin.license.AbstractLicenseMojo$2.run (AbstractLicenseMojo.java:539)
    at java.util.concurrent.Executors$RunnableAdapter.call (Executors.java:515)
    at java.util.concurrent.FutureTask.run (FutureTask.java:264)
    at java.util.concurrent.Executors$RunnableAdapter.call (Executors.java:515)
    at java.util.concurrent.FutureTask.run (FutureTask.java:264)
    at java.util.concurrent.ThreadPoolExecutor.runWorker (ThreadPoolExecutor.java:1128)
    at java.util.concurrent.ThreadPoolExecutor$Worker.run (ThreadPoolExecutor.java:628)
    at java.lang.Thread.run (Thread.java:829)
Caused by: java.lang.RuntimeException: Cannot relativize path '/home/gabsko/breaking-updates/src/main/java/org/mybatis/caches/redis/KryoSerializer.java' to directory '/home/gabsko/breaking-updates/baremaps-server/editor/'
    at com.mycila.maven.plugin.license.git.GitPathResolver.relativize (GitPathResolver.java:62)
    at com.mycila.maven.plugin.license.git.GitPathResolver.relativize (GitPathResolver.java:80)
    at com.mycila.maven.plugin.license.git.GitLookup.getYearOfLastChange (GitLookup.java:117)
    at com.mycila.maven.plugin.license.git.CopyrightRangeProvider.getAdditionalProperties (CopyrightRangeProvider.java:80)
    at com.mycila.maven.plugin.license.AbstractLicenseMojo$1.load (AbstractLicenseMojo.java:490)
    at com.mycila.maven.plugin.license.document.Document.mergeProperties (Document.java:96)
    at com.mycila.maven.plugin.license.document.Document.updateHeader (Document.java:92)
    at com.mycila.maven.plugin.license.LicenseFormatMojo$1.onHeaderNotFound (LicenseFormatMojo.java:52)
    at com.mycila.maven.plugin.license.AbstractLicenseMojo$2.run (AbstractLicenseMojo.java:539)
    at java.util.concurrent.Executors$RunnableAdapter.call (Executors.java:515)
    at java.util.concurrent.FutureTask.run (FutureTask.java:264)
    at java.util.concurrent.Executors$RunnableAdapter.call (Executors.java:515)
    at java.util.concurrent.FutureTask.run (FutureTask.java:264)
    at java.util.concurrent.ThreadPoolExecutor.runWorker (ThreadPoolExecutor.java:1128)
    at java.util.concurrent.ThreadPoolExecutor$Worker.run (ThreadPoolExecutor.java:628)
    at java.lang.Thread.run (Thread.java:829)
[WARNING] failure occurred while calling class com.mycila.maven.plugin.license.git.CopyrightRangeProvider
java.lang.RuntimeException: Could not compute the year of the last git commit for file /home/gabsko/breaking-updates/pom.xml
    at com.mycila.maven.plugin.license.git.CopyrightRangeProvider.getAdditionalProperties (CopyrightRangeProvider.java:95)
    at com.mycila.maven.plugin.license.AbstractLicenseMojo$1.load (AbstractLicenseMojo.java:490)
    at com.mycila.maven.plugin.license.document.Document.mergeProperties (Document.java:96)
    at com.mycila.maven.plugin.license.header.Header.isMatchForText (Header.java:180)
    at com.mycila.maven.plugin.license.document.Document.hasHeader (Document.java:84)
    at com.mycila.maven.plugin.license.AbstractLicenseMojo$2.run (AbstractLicenseMojo.java:528)
    at java.util.concurrent.Executors$RunnableAdapter.call (Executors.java:515)
    at java.util.concurrent.FutureTask.run (FutureTask.java:264)
    at java.util.concurrent.Executors$RunnableAdapter.call (Executors.java:515)
    at java.util.concurrent.FutureTask.run (FutureTask.java:264)
    at java.util.concurrent.ThreadPoolExecutor.runWorker (ThreadPoolExecutor.java:1128)
    at java.util.concurrent.ThreadPoolExecutor$Worker.run (ThreadPoolExecutor.java:628)
    at java.lang.Thread.run (Thread.java:829)
Caused by: java.lang.RuntimeException: Cannot relativize path '/home/gabsko/breaking-updates/pom.xml' to directory '/home/gabsko/breaking-updates/baremaps-server/editor/'
    at com.mycila.maven.plugin.license.git.GitPathResolver.relativize (GitPathResolver.java:62)
    at com.mycila.maven.plugin.license.git.GitPathResolver.relativize (GitPathResolver.java:80)
    at com.mycila.maven.plugin.license.git.GitLookup.getYearOfLastChange (GitLookup.java:117)
    at com.mycila.maven.plugin.license.git.CopyrightRangeProvider.getAdditionalProperties (CopyrightRangeProvider.java:80)
    at com.mycila.maven.plugin.license.AbstractLicenseMojo$1.load (AbstractLicenseMojo.java:490)
    at com.mycila.maven.plugin.license.document.Document.mergeProperties (Document.java:96)
    at com.mycila.maven.plugin.license.header.Header.isMatchForText (Header.java:180)
    at com.mycila.maven.plugin.license.document.Document.hasHeader (Document.java:84)
    at com.mycila.maven.plugin.license.AbstractLicenseMojo$2.run (AbstractLicenseMojo.java:528)
    at java.util.concurrent.Executors$RunnableAdapter.call (Executors.java:515)
    at java.util.concurrent.FutureTask.run (FutureTask.java:264)
    at java.util.concurrent.Executors$RunnableAdapter.call (Executors.java:515)
    at java.util.concurrent.FutureTask.run (FutureTask.java:264)
    at java.util.concurrent.ThreadPoolExecutor.runWorker (ThreadPoolExecutor.java:1128)
    at java.util.concurrent.ThreadPoolExecutor$Worker.run (ThreadPoolExecutor.java:628)
    at java.lang.Thread.run (Thread.java:829)
[WARNING] failure occurred while calling class com.mycila.maven.plugin.license.git.CopyrightRangeProvider
java.lang.RuntimeException: Could not compute the year of the last git commit for file /home/gabsko/breaking-updates/src/site/site.xml
    at com.mycila.maven.plugin.license.git.CopyrightRangeProvider.getAdditionalProperties (CopyrightRangeProvider.java:95)
    at com.mycila.maven.plugin.license.AbstractLicenseMojo$1.load (AbstractLicenseMojo.java:490)
    at com.mycila.maven.plugin.license.document.Document.mergeProperties (Document.java:96)
    at com.mycila.maven.plugin.license.header.Header.isMatchForText (Header.java:180)
    at com.mycila.maven.plugin.license.document.Document.hasHeader (Document.java:84)
    at com.mycila.maven.plugin.license.AbstractLicenseMojo$2.run (AbstractLicenseMojo.java:528)
    at java.util.concurrent.Executors$RunnableAdapter.call (Executors.java:515)
    at java.util.concurrent.FutureTask.run (FutureTask.java:264)
    at java.util.concurrent.Executors$RunnableAdapter.call (Executors.java:515)
    at java.util.concurrent.FutureTask.run (FutureTask.java:264)
    at java.util.concurrent.ThreadPoolExecutor.runWorker (ThreadPoolExecutor.java:1128)
    at java.util.concurrent.ThreadPoolExecutor$Worker.run (ThreadPoolExecutor.java:628)
    at java.lang.Thread.run (Thread.java:829)
Caused by: java.lang.RuntimeException: Cannot relativize path '/home/gabsko/breaking-updates/src/site/site.xml' to directory '/home/gabsko/breaking-updates/baremaps-server/editor/'
    at com.mycila.maven.plugin.license.git.GitPathResolver.relativize (GitPathResolver.java:62)
    at com.mycila.maven.plugin.license.git.GitPathResolver.relativize (GitPathResolver.java:80)
    at com.mycila.maven.plugin.license.git.GitLookup.getYearOfLastChange (GitLookup.java:117)
    at com.mycila.maven.plugin.license.git.CopyrightRangeProvider.getAdditionalProperties (CopyrightRangeProvider.java:80)
    at com.mycila.maven.plugin.license.AbstractLicenseMojo$1.load (AbstractLicenseMojo.java:490)
    at com.mycila.maven.plugin.license.document.Document.mergeProperties (Document.java:96)
    at com.mycila.maven.plugin.license.header.Header.isMatchForText (Header.java:180)
    at com.mycila.maven.plugin.license.document.Document.hasHeader (Document.java:84)
    at com.mycila.maven.plugin.license.AbstractLicenseMojo$2.run (AbstractLicenseMojo.java:528)
    at java.util.concurrent.Executors$RunnableAdapter.call (Executors.java:515)
    at java.util.concurrent.FutureTask.run (FutureTask.java:264)
    at java.util.concurrent.Executors$RunnableAdapter.call (Executors.java:515)
    at java.util.concurrent.FutureTask.run (FutureTask.java:264)
    at java.util.concurrent.ThreadPoolExecutor.runWorker (ThreadPoolExecutor.java:1128)
    at java.util.concurrent.ThreadPoolExecutor$Worker.run (ThreadPoolExecutor.java:628)
    at java.lang.Thread.run (Thread.java:829)
[WARNING] failure occurred while calling class com.mycila.maven.plugin.license.git.CopyrightRangeProvider
java.lang.RuntimeException: Could not compute the year of the last git commit for file /home/gabsko/breaking-updates/.mvn/settings.xml
    at com.mycila.maven.plugin.license.git.CopyrightRangeProvider.getAdditionalProperties (CopyrightRangeProvider.java:95)
    at com.mycila.maven.plugin.license.AbstractLicenseMojo$1.load (AbstractLicenseMojo.java:490)
    at com.mycila.maven.plugin.license.document.Document.mergeProperties (Document.java:96)
    at com.mycila.maven.plugin.license.header.Header.isMatchForText (Header.java:180)
    at com.mycila.maven.plugin.license.document.Document.hasHeader (Document.java:84)
    at com.mycila.maven.plugin.license.AbstractLicenseMojo$2.run (AbstractLicenseMojo.java:528)
    at java.util.concurrent.Executors$RunnableAdapter.call (Executors.java:515)
    at java.util.concurrent.FutureTask.run (FutureTask.java:264)
    at java.util.concurrent.Executors$RunnableAdapter.call (Executors.java:515)
    at java.util.concurrent.FutureTask.run (FutureTask.java:264)
    at java.util.concurrent.ThreadPoolExecutor.runWorker (ThreadPoolExecutor.java:1128)
    at java.util.concurrent.ThreadPoolExecutor$Worker.run (ThreadPoolExecutor.java:628)
    at java.lang.Thread.run (Thread.java:829)
Caused by: java.lang.RuntimeException: Cannot relativize path '/home/gabsko/breaking-updates/.mvn/settings.xml' to directory '/home/gabsko/breaking-updates/baremaps-server/editor/'
    at com.mycila.maven.plugin.license.git.GitPathResolver.relativize (GitPathResolver.java:62)
    at com.mycila.maven.plugin.license.git.GitPathResolver.relativize (GitPathResolver.java:80)
    at com.mycila.maven.plugin.license.git.GitLookup.getYearOfLastChange (GitLookup.java:117)
    at com.mycila.maven.plugin.license.git.CopyrightRangeProvider.getAdditionalProperties (CopyrightRangeProvider.java:80)
    at com.mycila.maven.plugin.license.AbstractLicenseMojo$1.load (AbstractLicenseMojo.java:490)
    at com.mycila.maven.plugin.license.document.Document.mergeProperties (Document.java:96)
    at com.mycila.maven.plugin.license.header.Header.isMatchForText (Header.java:180)
    at com.mycila.maven.plugin.license.document.Document.hasHeader (Document.java:84)
    at com.mycila.maven.plugin.license.AbstractLicenseMojo$2.run (AbstractLicenseMojo.java:528)
    at java.util.concurrent.Executors$RunnableAdapter.call (Executors.java:515)
    at java.util.concurrent.FutureTask.run (FutureTask.java:264)
    at java.util.concurrent.Executors$RunnableAdapter.call (Executors.java:515)
    at java.util.concurrent.FutureTask.run (FutureTask.java:264)
    at java.util.concurrent.ThreadPoolExecutor.runWorker (ThreadPoolExecutor.java:1128)
    at java.util.concurrent.ThreadPoolExecutor$Worker.run (ThreadPoolExecutor.java:628)
    at java.lang.Thread.run (Thread.java:829)
[WARNING] failure occurred while calling class com.mycila.maven.plugin.license.git.CopyrightRangeProvider
java.lang.RuntimeException: Could not compute the year of the last git commit for file /home/gabsko/breaking-updates/.mvn/extensions.xml
    at com.mycila.maven.plugin.license.git.CopyrightRangeProvider.getAdditionalProperties (CopyrightRangeProvider.java:95)
    at com.mycila.maven.plugin.license.AbstractLicenseMojo$1.load (AbstractLicenseMojo.java:490)
    at com.mycila.maven.plugin.license.document.Document.mergeProperties (Document.java:96)
    at com.mycila.maven.plugin.license.header.Header.isMatchForText (Header.java:180)
    at com.mycila.maven.plugin.license.document.Document.hasHeader (Document.java:84)
    at com.mycila.maven.plugin.license.AbstractLicenseMojo$2.run (AbstractLicenseMojo.java:528)
    at java.util.concurrent.Executors$RunnableAdapter.call (Executors.java:515)
    at java.util.concurrent.FutureTask.run (FutureTask.java:264)
    at java.util.concurrent.Executors$RunnableAdapter.call (Executors.java:515)
    at java.util.concurrent.FutureTask.run (FutureTask.java:264)
    at java.util.concurrent.ThreadPoolExecutor.runWorker (ThreadPoolExecutor.java:1128)
    at java.util.concurrent.ThreadPoolExecutor$Worker.run (ThreadPoolExecutor.java:628)
    at java.lang.Thread.run (Thread.java:829)
Caused by: java.lang.RuntimeException: Cannot relativize path '/home/gabsko/breaking-updates/.mvn/extensions.xml' to directory '/home/gabsko/breaking-updates/baremaps-server/editor/'
    at com.mycila.maven.plugin.license.git.GitPathResolver.relativize (GitPathResolver.java:62)
    at com.mycila.maven.plugin.license.git.GitPathResolver.relativize (GitPathResolver.java:80)
    at com.mycila.maven.plugin.license.git.GitLookup.getYearOfLastChange (GitLookup.java:117)
    at com.mycila.maven.plugin.license.git.CopyrightRangeProvider.getAdditionalProperties (CopyrightRangeProvider.java:80)
    at com.mycila.maven.plugin.license.AbstractLicenseMojo$1.load (AbstractLicenseMojo.java:490)
    at com.mycila.maven.plugin.license.document.Document.mergeProperties (Document.java:96)
    at com.mycila.maven.plugin.license.header.Header.isMatchForText (Header.java:180)
    at com.mycila.maven.plugin.license.document.Document.hasHeader (Document.java:84)
    at com.mycila.maven.plugin.license.AbstractLicenseMojo$2.run (AbstractLicenseMojo.java:528)
    at java.util.concurrent.Executors$RunnableAdapter.call (Executors.java:515)
    at java.util.concurrent.FutureTask.run (FutureTask.java:264)
    at java.util.concurrent.Executors$RunnableAdapter.call (Executors.java:515)
    at java.util.concurrent.FutureTask.run (FutureTask.java:264)
    at java.util.concurrent.ThreadPoolExecutor.runWorker (ThreadPoolExecutor.java:1128)
    at java.util.concurrent.ThreadPoolExecutor$Worker.run (ThreadPoolExecutor.java:628)
    at java.lang.Thread.run (Thread.java:829)
[INFO] Updating license header in: /home/gabsko/breaking-updates/pom.xml
[WARNING] failure occurred while calling class com.mycila.maven.plugin.license.git.CopyrightRangeProvider
java.lang.RuntimeException: Could not compute the year of the last git commit for file /home/gabsko/breaking-updates/pom.xml
    at com.mycila.maven.plugin.license.git.CopyrightRangeProvider.getAdditionalProperties (CopyrightRangeProvider.java:95)
    at com.mycila.maven.plugin.license.AbstractLicenseMojo$1.load (AbstractLicenseMojo.java:490)
    at com.mycila.maven.plugin.license.document.Document.mergeProperties (Document.java:96)
    at com.mycila.maven.plugin.license.document.Document.updateHeader (Document.java:92)
    at com.mycila.maven.plugin.license.LicenseFormatMojo$1.onHeaderNotFound (LicenseFormatMojo.java:52)
    at com.mycila.maven.plugin.license.AbstractLicenseMojo$2.run (AbstractLicenseMojo.java:539)
    at java.util.concurrent.Executors$RunnableAdapter.call (Executors.java:515)
    at java.util.concurrent.FutureTask.run (FutureTask.java:264)
    at java.util.concurrent.Executors$RunnableAdapter.call (Executors.java:515)
    at java.util.concurrent.FutureTask.run (FutureTask.java:264)
    at java.util.concurrent.ThreadPoolExecutor.runWorker (ThreadPoolExecutor.java:1128)
    at java.util.concurrent.ThreadPoolExecutor$Worker.run (ThreadPoolExecutor.java:628)
    at java.lang.Thread.run (Thread.java:829)
Caused by: java.lang.RuntimeException: Cannot relativize path '/home/gabsko/breaking-updates/pom.xml' to directory '/home/gabsko/breaking-updates/baremaps-server/editor/'
    at com.mycila.maven.plugin.license.git.GitPathResolver.relativize (GitPathResolver.java:62)
    at com.mycila.maven.plugin.license.git.GitPathResolver.relativize (GitPathResolver.java:80)
    at com.mycila.maven.plugin.license.git.GitLookup.getYearOfLastChange (GitLookup.java:117)
    at com.mycila.maven.plugin.license.git.CopyrightRangeProvider.getAdditionalProperties (CopyrightRangeProvider.java:80)
    at com.mycila.maven.plugin.license.AbstractLicenseMojo$1.load (AbstractLicenseMojo.java:490)
    at com.mycila.maven.plugin.license.document.Document.mergeProperties (Document.java:96)
    at com.mycila.maven.plugin.license.document.Document.updateHeader (Document.java:92)
    at com.mycila.maven.plugin.license.LicenseFormatMojo$1.onHeaderNotFound (LicenseFormatMojo.java:52)
    at com.mycila.maven.plugin.license.AbstractLicenseMojo$2.run (AbstractLicenseMojo.java:539)
    at java.util.concurrent.Executors$RunnableAdapter.call (Executors.java:515)
    at java.util.concurrent.FutureTask.run (FutureTask.java:264)
    at java.util.concurrent.Executors$RunnableAdapter.call (Executors.java:515)
    at java.util.concurrent.FutureTask.run (FutureTask.java:264)
    at java.util.concurrent.ThreadPoolExecutor.runWorker (ThreadPoolExecutor.java:1128)
    at java.util.concurrent.ThreadPoolExecutor$Worker.run (ThreadPoolExecutor.java:628)
    at java.lang.Thread.run (Thread.java:829)
[INFO] Updating license header in: /home/gabsko/breaking-updates/src/test/java/org/mybatis/caches/redis/SerializerTestCase.java
[WARNING] failure occurred while calling class com.mycila.maven.plugin.license.git.CopyrightRangeProvider
java.lang.RuntimeException: Could not compute the year of the last git commit for file /home/gabsko/breaking-updates/src/test/java/org/mybatis/caches/redis/SerializerTestCase.java
    at com.mycila.maven.plugin.license.git.CopyrightRangeProvider.getAdditionalProperties (CopyrightRangeProvider.java:95)
    at com.mycila.maven.plugin.license.AbstractLicenseMojo$1.load (AbstractLicenseMojo.java:490)
    at com.mycila.maven.plugin.license.document.Document.mergeProperties (Document.java:96)
    at com.mycila.maven.plugin.license.document.Document.updateHeader (Document.java:92)
    at com.mycila.maven.plugin.license.LicenseFormatMojo$1.onHeaderNotFound (LicenseFormatMojo.java:52)
    at com.mycila.maven.plugin.license.AbstractLicenseMojo$2.run (AbstractLicenseMojo.java:539)
    at java.util.concurrent.Executors$RunnableAdapter.call (Executors.java:515)
    at java.util.concurrent.FutureTask.run (FutureTask.java:264)
    at java.util.concurrent.Executors$RunnableAdapter.call (Executors.java:515)
    at java.util.concurrent.FutureTask.run (FutureTask.java:264)
    at java.util.concurrent.ThreadPoolExecutor.runWorker (ThreadPoolExecutor.java:1128)
    at java.util.concurrent.ThreadPoolExecutor$Worker.run (ThreadPoolExecutor.java:628)
    at java.lang.Thread.run (Thread.java:829)
Caused by: java.lang.RuntimeException: Cannot relativize path '/home/gabsko/breaking-updates/src/test/java/org/mybatis/caches/redis/SerializerTestCase.java' to directory '/home/gabsko/breaking-updates/baremaps-server/editor/'
    at com.mycila.maven.plugin.license.git.GitPathResolver.relativize (GitPathResolver.java:62)
    at com.mycila.maven.plugin.license.git.GitPathResolver.relativize (GitPathResolver.java:80)
    at com.mycila.maven.plugin.license.git.GitLookup.getYearOfLastChange (GitLookup.java:117)
    at com.mycila.maven.plugin.license.git.CopyrightRangeProvider.getAdditionalProperties (CopyrightRangeProvider.java:80)
    at com.mycila.maven.plugin.license.AbstractLicenseMojo$1.load (AbstractLicenseMojo.java:490)
    at com.mycila.maven.plugin.license.document.Document.mergeProperties (Document.java:96)
    at com.mycila.maven.plugin.license.document.Document.updateHeader (Document.java:92)
    at com.mycila.maven.plugin.license.LicenseFormatMojo$1.onHeaderNotFound (LicenseFormatMojo.java:52)
    at com.mycila.maven.plugin.license.AbstractLicenseMojo$2.run (AbstractLicenseMojo.java:539)
    at java.util.concurrent.Executors$RunnableAdapter.call (Executors.java:515)
    at java.util.concurrent.FutureTask.run (FutureTask.java:264)
    at java.util.concurrent.Executors$RunnableAdapter.call (Executors.java:515)
    at java.util.concurrent.FutureTask.run (FutureTask.java:264)
    at java.util.concurrent.ThreadPoolExecutor.runWorker (ThreadPoolExecutor.java:1128)
    at java.util.concurrent.ThreadPoolExecutor$Worker.run (ThreadPoolExecutor.java:628)
    at java.lang.Thread.run (Thread.java:829)
[INFO] Updating license header in: /home/gabsko/breaking-updates/.mvn/settings.xml
[INFO] Updating license header in: /home/gabsko/breaking-updates/.mvn/extensions.xml
[WARNING] failure occurred while calling class com.mycila.maven.plugin.license.git.CopyrightRangeProvider
java.lang.RuntimeException: Could not compute the year of the last git commit for file /home/gabsko/breaking-updates/.mvn/settings.xml
    at com.mycila.maven.plugin.license.git.CopyrightRangeProvider.getAdditionalProperties (CopyrightRangeProvider.java:95)
    at com.mycila.maven.plugin.license.AbstractLicenseMojo$1.load (AbstractLicenseMojo.java:490)
    at com.mycila.maven.plugin.license.document.Document.mergeProperties (Document.java:96)
    at com.mycila.maven.plugin.license.document.Document.updateHeader (Document.java:92)
    at com.mycila.maven.plugin.license.LicenseFormatMojo$1.onHeaderNotFound (LicenseFormatMojo.java:52)
    at com.mycila.maven.plugin.license.AbstractLicenseMojo$2.run (AbstractLicenseMojo.java:539)
    at java.util.concurrent.Executors$RunnableAdapter.call (Executors.java:515)
    at java.util.concurrent.FutureTask.run (FutureTask.java:264)
    at java.util.concurrent.Executors$RunnableAdapter.call (Executors.java:515)
    at java.util.concurrent.FutureTask.run (FutureTask.java:264)
    at java.util.concurrent.ThreadPoolExecutor.runWorker (ThreadPoolExecutor.java:1128)
    at java.util.concurrent.ThreadPoolExecutor$Worker.run (ThreadPoolExecutor.java:628)
    at java.lang.Thread.run (Thread.java:829)
Caused by: java.lang.RuntimeException: Cannot relativize path '/home/gabsko/breaking-updates/.mvn/settings.xml' to directory '/home/gabsko/breaking-updates/baremaps-server/editor/'
    at com.mycila.maven.plugin.license.git.GitPathResolver.relativize (GitPathResolver.java:62)
    at com.mycila.maven.plugin.license.git.GitPathResolver.relativize (GitPathResolver.java:80)
    at com.mycila.maven.plugin.license.git.GitLookup.getYearOfLastChange (GitLookup.java:117)
    at com.mycila.maven.plugin.license.git.CopyrightRangeProvider.getAdditionalProperties (CopyrightRangeProvider.java:80)
    at com.mycila.maven.plugin.license.AbstractLicenseMojo$1.load (AbstractLicenseMojo.java:490)
    at com.mycila.maven.plugin.license.document.Document.mergeProperties (Document.java:96)
    at com.mycila.maven.plugin.license.document.Document.updateHeader (Document.java:92)
    at com.mycila.maven.plugin.license.LicenseFormatMojo$1.onHeaderNotFound (LicenseFormatMojo.java:52)
    at com.mycila.maven.plugin.license.AbstractLicenseMojo$2.run (AbstractLicenseMojo.java:539)
    at java.util.concurrent.Executors$RunnableAdapter.call (Executors.java:515)
    at java.util.concurrent.FutureTask.run (FutureTask.java:264)
    at java.util.concurrent.Executors$RunnableAdapter.call (Executors.java:515)
    at java.util.concurrent.FutureTask.run (FutureTask.java:264)
    at java.util.concurrent.ThreadPoolExecutor.runWorker (ThreadPoolExecutor.java:1128)
    at java.util.concurrent.ThreadPoolExecutor$Worker.run (ThreadPoolExecutor.java:628)
    at java.lang.Thread.run (Thread.java:829)
[WARNING] failure occurred while calling class com.mycila.maven.plugin.license.git.CopyrightRangeProvider
java.lang.RuntimeException: Could not compute the year of the last git commit for file /home/gabsko/breaking-updates/.mvn/extensions.xml
    at com.mycila.maven.plugin.license.git.CopyrightRangeProvider.getAdditionalProperties (CopyrightRangeProvider.java:95)
    at com.mycila.maven.plugin.license.AbstractLicenseMojo$1.load (AbstractLicenseMojo.java:490)
    at com.mycila.maven.plugin.license.document.Document.mergeProperties (Document.java:96)
    at com.mycila.maven.plugin.license.document.Document.updateHeader (Document.java:92)
    at com.mycila.maven.plugin.license.LicenseFormatMojo$1.onHeaderNotFound (LicenseFormatMojo.java:52)
    at com.mycila.maven.plugin.license.AbstractLicenseMojo$2.run (AbstractLicenseMojo.java:539)
    at java.util.concurrent.Executors$RunnableAdapter.call (Executors.java:515)
    at java.util.concurrent.FutureTask.run (FutureTask.java:264)
    at java.util.concurrent.Executors$RunnableAdapter.call (Executors.java:515)
    at java.util.concurrent.FutureTask.run (FutureTask.java:264)
    at java.util.concurrent.ThreadPoolExecutor.runWorker (ThreadPoolExecutor.java:1128)
    at java.util.concurrent.ThreadPoolExecutor$Worker.run (ThreadPoolExecutor.java:628)
    at java.lang.Thread.run (Thread.java:829)
Caused by: java.lang.RuntimeException: Cannot relativize path '/home/gabsko/breaking-updates/.mvn/extensions.xml' to directory '/home/gabsko/breaking-updates/baremaps-server/editor/'
    at com.mycila.maven.plugin.license.git.GitPathResolver.relativize (GitPathResolver.java:62)
    at com.mycila.maven.plugin.license.git.GitPathResolver.relativize (GitPathResolver.java:80)
    at com.mycila.maven.plugin.license.git.GitLookup.getYearOfLastChange (GitLookup.java:117)
    at com.mycila.maven.plugin.license.git.CopyrightRangeProvider.getAdditionalProperties (CopyrightRangeProvider.java:80)
    at com.mycila.maven.plugin.license.AbstractLicenseMojo$1.load (AbstractLicenseMojo.java:490)
    at com.mycila.maven.plugin.license.document.Document.mergeProperties (Document.java:96)
    at com.mycila.maven.plugin.license.document.Document.updateHeader (Document.java:92)
    at com.mycila.maven.plugin.license.LicenseFormatMojo$1.onHeaderNotFound (LicenseFormatMojo.java:52)
    at com.mycila.maven.plugin.license.AbstractLicenseMojo$2.run (AbstractLicenseMojo.java:539)
    at java.util.concurrent.Executors$RunnableAdapter.call (Executors.java:515)
    at java.util.concurrent.FutureTask.run (FutureTask.java:264)
    at java.util.concurrent.Executors$RunnableAdapter.call (Executors.java:515)
    at java.util.concurrent.FutureTask.run (FutureTask.java:264)
    at java.util.concurrent.ThreadPoolExecutor.runWorker (ThreadPoolExecutor.java:1128)
    at java.util.concurrent.ThreadPoolExecutor$Worker.run (ThreadPoolExecutor.java:628)
    at java.lang.Thread.run (Thread.java:829)
[INFO] Updating license header in: /home/gabsko/breaking-updates/src/main/java/org/mybatis/caches/redis/Serializer.java
[WARNING] failure occurred while calling class com.mycila.maven.plugin.license.git.CopyrightRangeProvider
java.lang.RuntimeException: Could not compute the year of the last git commit for file /home/gabsko/breaking-updates/src/main/java/org/mybatis/caches/redis/Serializer.java
    at com.mycila.maven.plugin.license.git.CopyrightRangeProvider.getAdditionalProperties (CopyrightRangeProvider.java:95)
    at com.mycila.maven.plugin.license.AbstractLicenseMojo$1.load (AbstractLicenseMojo.java:490)
    at com.mycila.maven.plugin.license.document.Document.mergeProperties (Document.java:96)
    at com.mycila.maven.plugin.license.document.Document.updateHeader (Document.java:92)
    at com.mycila.maven.plugin.license.LicenseFormatMojo$1.onHeaderNotFound (LicenseFormatMojo.java:52)
    at com.mycila.maven.plugin.license.AbstractLicenseMojo$2.run (AbstractLicenseMojo.java:539)
    at java.util.concurrent.Executors$RunnableAdapter.call (Executors.java:515)
    at java.util.concurrent.FutureTask.run (FutureTask.java:264)
    at java.util.concurrent.Executors$RunnableAdapter.call (Executors.java:515)
    at java.util.concurrent.FutureTask.run (FutureTask.java:264)
    at java.util.concurrent.ThreadPoolExecutor.runWorker (ThreadPoolExecutor.java:1128)
    at java.util.concurrent.ThreadPoolExecutor$Worker.run (ThreadPoolExecutor.java:628)
    at java.lang.Thread.run (Thread.java:829)
Caused by: java.lang.RuntimeException: Cannot relativize path '/home/gabsko/breaking-updates/src/main/java/org/mybatis/caches/redis/Serializer.java' to directory '/home/gabsko/breaking-updates/baremaps-server/editor/'
    at com.mycila.maven.plugin.license.git.GitPathResolver.relativize (GitPathResolver.java:62)
    at com.mycila.maven.plugin.license.git.GitPathResolver.relativize (GitPathResolver.java:80)
    at com.mycila.maven.plugin.license.git.GitLookup.getYearOfLastChange (GitLookup.java:117)
    at com.mycila.maven.plugin.license.git.CopyrightRangeProvider.getAdditionalProperties (CopyrightRangeProvider.java:80)
    at com.mycila.maven.plugin.license.AbstractLicenseMojo$1.load (AbstractLicenseMojo.java:490)
    at com.mycila.maven.plugin.license.document.Document.mergeProperties (Document.java:96)
    at com.mycila.maven.plugin.license.document.Document.updateHeader (Document.java:92)
    at com.mycila.maven.plugin.license.LicenseFormatMojo$1.onHeaderNotFound (LicenseFormatMojo.java:52)
    at com.mycila.maven.plugin.license.AbstractLicenseMojo$2.run (AbstractLicenseMojo.java:539)
    at java.util.concurrent.Executors$RunnableAdapter.call (Executors.java:515)
    at java.util.concurrent.FutureTask.run (FutureTask.java:264)
    at java.util.concurrent.Executors$RunnableAdapter.call (Executors.java:515)
    at java.util.concurrent.FutureTask.run (FutureTask.java:264)
    at java.util.concurrent.ThreadPoolExecutor.runWorker (ThreadPoolExecutor.java:1128)
    at java.util.concurrent.ThreadPoolExecutor$Worker.run (ThreadPoolExecutor.java:628)
    at java.lang.Thread.run (Thread.java:829)
[INFO] Updating license header in: /home/gabsko/breaking-updates/src/main/java/org/mybatis/caches/redis/RedisConfigurationBuilder.java
[WARNING] failure occurred while calling class com.mycila.maven.plugin.license.git.CopyrightRangeProvider
java.lang.RuntimeException: Could not compute the year of the last git commit for file /home/gabsko/breaking-updates/src/main/java/org/mybatis/caches/redis/RedisConfigurationBuilder.java
    at com.mycila.maven.plugin.license.git.CopyrightRangeProvider.getAdditionalProperties (CopyrightRangeProvider.java:95)
    at com.mycila.maven.plugin.license.AbstractLicenseMojo$1.load (AbstractLicenseMojo.java:490)
    at com.mycila.maven.plugin.license.document.Document.mergeProperties (Document.java:96)
    at com.mycila.maven.plugin.license.document.Document.updateHeader (Document.java:92)
    at com.mycila.maven.plugin.license.LicenseFormatMojo$1.onHeaderNotFound (LicenseFormatMojo.java:52)
    at com.mycila.maven.plugin.license.AbstractLicenseMojo$2.run (AbstractLicenseMojo.java:539)
    at java.util.concurrent.Executors$RunnableAdapter.call (Executors.java:515)
    at java.util.concurrent.FutureTask.run (FutureTask.java:264)
    at java.util.concurrent.Executors$RunnableAdapter.call (Executors.java:515)
    at java.util.concurrent.FutureTask.run (FutureTask.java:264)
    at java.util.concurrent.ThreadPoolExecutor.runWorker (ThreadPoolExecutor.java:1128)
    at java.util.concurrent.ThreadPoolExecutor$Worker.run (ThreadPoolExecutor.java:628)
    at java.lang.Thread.run (Thread.java:829)
Caused by: java.lang.RuntimeException: Cannot relativize path '/home/gabsko/breaking-updates/src/main/java/org/mybatis/caches/redis/RedisConfigurationBuilder.java' to directory '/home/gabsko/breaking-updates/baremaps-server/editor/'
    at com.mycila.maven.plugin.license.git.GitPathResolver.relativize (GitPathResolver.java:62)
    at com.mycila.maven.plugin.license.git.GitPathResolver.relativize (GitPathResolver.java:80)
    at com.mycila.maven.plugin.license.git.GitLookup.getYearOfLastChange (GitLookup.java:117)
    at com.mycila.maven.plugin.license.git.CopyrightRangeProvider.getAdditionalProperties (CopyrightRangeProvider.java:80)
    at com.mycila.maven.plugin.license.AbstractLicenseMojo$1.load (AbstractLicenseMojo.java:490)
    at com.mycila.maven.plugin.license.document.Document.mergeProperties (Document.java:96)
    at com.mycila.maven.plugin.license.document.Document.updateHeader (Document.java:92)
    at com.mycila.maven.plugin.license.LicenseFormatMojo$1.onHeaderNotFound (LicenseFormatMojo.java:52)
    at com.mycila.maven.plugin.license.AbstractLicenseMojo$2.run (AbstractLicenseMojo.java:539)
    at java.util.concurrent.Executors$RunnableAdapter.call (Executors.java:515)
    at java.util.concurrent.FutureTask.run (FutureTask.java:264)
    at java.util.concurrent.Executors$RunnableAdapter.call (Executors.java:515)
    at java.util.concurrent.FutureTask.run (FutureTask.java:264)
    at java.util.concurrent.ThreadPoolExecutor.runWorker (ThreadPoolExecutor.java:1128)
    at java.util.concurrent.ThreadPoolExecutor$Worker.run (ThreadPoolExecutor.java:628)
    at java.lang.Thread.run (Thread.java:829)
[INFO] Updating license header in: /home/gabsko/breaking-updates/src/test/resources/redis.properties
[WARNING] failure occurred while calling class com.mycila.maven.plugin.license.git.CopyrightRangeProvider
java.lang.RuntimeException: Could not compute the year of the last git commit for file /home/gabsko/breaking-updates/src/test/resources/redis.properties
    at com.mycila.maven.plugin.license.git.CopyrightRangeProvider.getAdditionalProperties (CopyrightRangeProvider.java:95)
    at com.mycila.maven.plugin.license.AbstractLicenseMojo$1.load (AbstractLicenseMojo.java:490)
    at com.mycila.maven.plugin.license.document.Document.mergeProperties (Document.java:96)
    at com.mycila.maven.plugin.license.document.Document.updateHeader (Document.java:92)
    at com.mycila.maven.plugin.license.LicenseFormatMojo$1.onHeaderNotFound (LicenseFormatMojo.java:52)
    at com.mycila.maven.plugin.license.AbstractLicenseMojo$2.run (AbstractLicenseMojo.java:539)
    at java.util.concurrent.Executors$RunnableAdapter.call (Executors.java:515)
    at java.util.concurrent.FutureTask.run (FutureTask.java:264)
    at java.util.concurrent.Executors$RunnableAdapter.call (Executors.java:515)
    at java.util.concurrent.FutureTask.run (FutureTask.java:264)
    at java.util.concurrent.ThreadPoolExecutor.runWorker (ThreadPoolExecutor.java:1128)
    at java.util.concurrent.ThreadPoolExecutor$Worker.run (ThreadPoolExecutor.java:628)
    at java.lang.Thread.run (Thread.java:829)
Caused by: java.lang.RuntimeException: Cannot relativize path '/home/gabsko/breaking-updates/src/test/resources/redis.properties' to directory '/home/gabsko/breaking-updates/baremaps-server/editor/'
    at com.mycila.maven.plugin.license.git.GitPathResolver.relativize (GitPathResolver.java:62)
    at com.mycila.maven.plugin.license.git.GitPathResolver.relativize (GitPathResolver.java:80)
    at com.mycila.maven.plugin.license.git.GitLookup.getYearOfLastChange (GitLookup.java:117)
    at com.mycila.maven.plugin.license.git.CopyrightRangeProvider.getAdditionalProperties (CopyrightRangeProvider.java:80)
    at com.mycila.maven.plugin.license.AbstractLicenseMojo$1.load (AbstractLicenseMojo.java:490)
    at com.mycila.maven.plugin.license.document.Document.mergeProperties (Document.java:96)
    at com.mycila.maven.plugin.license.document.Document.updateHeader (Document.java:92)
    at com.mycila.maven.plugin.license.LicenseFormatMojo$1.onHeaderNotFound (LicenseFormatMojo.java:52)
    at com.mycila.maven.plugin.license.AbstractLicenseMojo$2.run (AbstractLicenseMojo.java:539)
    at java.util.concurrent.Executors$RunnableAdapter.call (Executors.java:515)
    at java.util.concurrent.FutureTask.run (FutureTask.java:264)
    at java.util.concurrent.Executors$RunnableAdapter.call (Executors.java:515)
    at java.util.concurrent.FutureTask.run (FutureTask.java:264)
    at java.util.concurrent.ThreadPoolExecutor.runWorker (ThreadPoolExecutor.java:1128)
    at java.util.concurrent.ThreadPoolExecutor$Worker.run (ThreadPoolExecutor.java:628)
    at java.lang.Thread.run (Thread.java:829)
[INFO] Updating license header in: /home/gabsko/breaking-updates/src/main/java/org/mybatis/caches/redis/RedisCallback.java
[WARNING] failure occurred while calling class com.mycila.maven.plugin.license.git.CopyrightRangeProvider
java.lang.RuntimeException: Could not compute the year of the last git commit for file /home/gabsko/breaking-updates/src/main/java/org/mybatis/caches/redis/RedisCallback.java
    at com.mycila.maven.plugin.license.git.CopyrightRangeProvider.getAdditionalProperties (CopyrightRangeProvider.java:95)
    at com.mycila.maven.plugin.license.AbstractLicenseMojo$1.load (AbstractLicenseMojo.java:490)
    at com.mycila.maven.plugin.license.document.Document.mergeProperties (Document.java:96)
    at com.mycila.maven.plugin.license.document.Document.updateHeader (Document.java:92)
    at com.mycila.maven.plugin.license.LicenseFormatMojo$1.onHeaderNotFound (LicenseFormatMojo.java:52)
    at com.mycila.maven.plugin.license.AbstractLicenseMojo$2.run (AbstractLicenseMojo.java:539)
    at java.util.concurrent.Executors$RunnableAdapter.call (Executors.java:515)
    at java.util.concurrent.FutureTask.run (FutureTask.java:264)
    at java.util.concurrent.Executors$RunnableAdapter.call (Executors.java:515)
    at java.util.concurrent.FutureTask.run (FutureTask.java:264)
    at java.util.concurrent.ThreadPoolExecutor.runWorker (ThreadPoolExecutor.java:1128)
    at java.util.concurrent.ThreadPoolExecutor$Worker.run (ThreadPoolExecutor.java:628)
    at java.lang.Thread.run (Thread.java:829)
Caused by: java.lang.RuntimeException: Cannot relativize path '/home/gabsko/breaking-updates/src/main/java/org/mybatis/caches/redis/RedisCallback.java' to directory '/home/gabsko/breaking-updates/baremaps-server/editor/'
    at com.mycila.maven.plugin.license.git.GitPathResolver.relativize (GitPathResolver.java:62)
    at com.mycila.maven.plugin.license.git.GitPathResolver.relativize (GitPathResolver.java:80)
    at com.mycila.maven.plugin.license.git.GitLookup.getYearOfLastChange (GitLookup.java:117)
    at com.mycila.maven.plugin.license.git.CopyrightRangeProvider.getAdditionalProperties (CopyrightRangeProvider.java:80)
    at com.mycila.maven.plugin.license.AbstractLicenseMojo$1.load (AbstractLicenseMojo.java:490)
    at com.mycila.maven.plugin.license.document.Document.mergeProperties (Document.java:96)
    at com.mycila.maven.plugin.license.document.Document.updateHeader (Document.java:92)
    at com.mycila.maven.plugin.license.LicenseFormatMojo$1.onHeaderNotFound (LicenseFormatMojo.java:52)
    at com.mycila.maven.plugin.license.AbstractLicenseMojo$2.run (AbstractLicenseMojo.java:539)
    at java.util.concurrent.Executors$RunnableAdapter.call (Executors.java:515)
    at java.util.concurrent.FutureTask.run (FutureTask.java:264)
    at java.util.concurrent.Executors$RunnableAdapter.call (Executors.java:515)
    at java.util.concurrent.FutureTask.run (FutureTask.java:264)
    at java.util.concurrent.ThreadPoolExecutor.runWorker (ThreadPoolExecutor.java:1128)
    at java.util.concurrent.ThreadPoolExecutor$Worker.run (ThreadPoolExecutor.java:628)
    at java.lang.Thread.run (Thread.java:829)
[INFO] Updating license header in: /home/gabsko/breaking-updates/src/main/java/org/mybatis/caches/redis/package-info.java
[WARNING] failure occurred while calling class com.mycila.maven.plugin.license.git.CopyrightRangeProvider
java.lang.RuntimeException: Could not compute the year of the last git commit for file /home/gabsko/breaking-updates/src/main/java/org/mybatis/caches/redis/package-info.java
    at com.mycila.maven.plugin.license.git.CopyrightRangeProvider.getAdditionalProperties (CopyrightRangeProvider.java:95)
    at com.mycila.maven.plugin.license.AbstractLicenseMojo$1.load (AbstractLicenseMojo.java:490)
    at com.mycila.maven.plugin.license.document.Document.mergeProperties (Document.java:96)
    at com.mycila.maven.plugin.license.document.Document.updateHeader (Document.java:92)
    at com.mycila.maven.plugin.license.LicenseFormatMojo$1.onHeaderNotFound (LicenseFormatMojo.java:52)
    at com.mycila.maven.plugin.license.AbstractLicenseMojo$2.run (AbstractLicenseMojo.java:539)
    at java.util.concurrent.Executors$RunnableAdapter.call (Executors.java:515)
    at java.util.concurrent.FutureTask.run (FutureTask.java:264)
    at java.util.concurrent.Executors$RunnableAdapter.call (Executors.java:515)
    at java.util.concurrent.FutureTask.run (FutureTask.java:264)
    at java.util.concurrent.ThreadPoolExecutor.runWorker (ThreadPoolExecutor.java:1128)
    at java.util.concurrent.ThreadPoolExecutor$Worker.run (ThreadPoolExecutor.java:628)
    at java.lang.Thread.run (Thread.java:829)
Caused by: java.lang.RuntimeException: Cannot relativize path '/home/gabsko/breaking-updates/src/main/java/org/mybatis/caches/redis/package-info.java' to directory '/home/gabsko/breaking-updates/baremaps-server/editor/'
    at com.mycila.maven.plugin.license.git.GitPathResolver.relativize (GitPathResolver.java:62)
    at com.mycila.maven.plugin.license.git.GitPathResolver.relativize (GitPathResolver.java:80)
    at com.mycila.maven.plugin.license.git.GitLookup.getYearOfLastChange (GitLookup.java:117)
    at com.mycila.maven.plugin.license.git.CopyrightRangeProvider.getAdditionalProperties (CopyrightRangeProvider.java:80)
    at com.mycila.maven.plugin.license.AbstractLicenseMojo$1.load (AbstractLicenseMojo.java:490)
    at com.mycila.maven.plugin.license.document.Document.mergeProperties (Document.java:96)
    at com.mycila.maven.plugin.license.document.Document.updateHeader (Document.java:92)
    at com.mycila.maven.plugin.license.LicenseFormatMojo$1.onHeaderNotFound (LicenseFormatMojo.java:52)
    at com.mycila.maven.plugin.license.AbstractLicenseMojo$2.run (AbstractLicenseMojo.java:539)
    at java.util.concurrent.Executors$RunnableAdapter.call (Executors.java:515)
    at java.util.concurrent.FutureTask.run (FutureTask.java:264)
    at java.util.concurrent.Executors$RunnableAdapter.call (Executors.java:515)
    at java.util.concurrent.FutureTask.run (FutureTask.java:264)
    at java.util.concurrent.ThreadPoolExecutor.runWorker (ThreadPoolExecutor.java:1128)
    at java.util.concurrent.ThreadPoolExecutor$Worker.run (ThreadPoolExecutor.java:628)
    at java.lang.Thread.run (Thread.java:829)
[INFO] Updating license header in: /home/gabsko/breaking-updates/src/main/java/org/mybatis/caches/redis/DummyReadWriteLock.java
[WARNING] failure occurred while calling class com.mycila.maven.plugin.license.git.CopyrightRangeProvider
java.lang.RuntimeException: Could not compute the year of the last git commit for file /home/gabsko/breaking-updates/src/main/java/org/mybatis/caches/redis/DummyReadWriteLock.java
    at com.mycila.maven.plugin.license.git.CopyrightRangeProvider.getAdditionalProperties (CopyrightRangeProvider.java:95)
    at com.mycila.maven.plugin.license.AbstractLicenseMojo$1.load (AbstractLicenseMojo.java:490)
    at com.mycila.maven.plugin.license.document.Document.mergeProperties (Document.java:96)
    at com.mycila.maven.plugin.license.document.Document.updateHeader (Document.java:92)
    at com.mycila.maven.plugin.license.LicenseFormatMojo$1.onHeaderNotFound (LicenseFormatMojo.java:52)
    at com.mycila.maven.plugin.license.AbstractLicenseMojo$2.run (AbstractLicenseMojo.java:539)
    at java.util.concurrent.Executors$RunnableAdapter.call (Executors.java:515)
    at java.util.concurrent.FutureTask.run (FutureTask.java:264)
    at java.util.concurrent.Executors$RunnableAdapter.call (Executors.java:515)
    at java.util.concurrent.FutureTask.run (FutureTask.java:264)
    at java.util.concurrent.ThreadPoolExecutor.runWorker (ThreadPoolExecutor.java:1128)
    at java.util.concurrent.ThreadPoolExecutor$Worker.run (ThreadPoolExecutor.java:628)
    at java.lang.Thread.run (Thread.java:829)
Caused by: java.lang.RuntimeException: Cannot relativize path '/home/gabsko/breaking-updates/src/main/java/org/mybatis/caches/redis/DummyReadWriteLock.java' to directory '/home/gabsko/breaking-updates/baremaps-server/editor/'
    at com.mycila.maven.plugin.license.git.GitPathResolver.relativize (GitPathResolver.java:62)
    at com.mycila.maven.plugin.license.git.GitPathResolver.relativize (GitPathResolver.java:80)
    at com.mycila.maven.plugin.license.git.GitLookup.getYearOfLastChange (GitLookup.java:117)
    at com.mycila.maven.plugin.license.git.CopyrightRangeProvider.getAdditionalProperties (CopyrightRangeProvider.java:80)
    at com.mycila.maven.plugin.license.AbstractLicenseMojo$1.load (AbstractLicenseMojo.java:490)
    at com.mycila.maven.plugin.license.document.Document.mergeProperties (Document.java:96)
    at com.mycila.maven.plugin.license.document.Document.updateHeader (Document.java:92)
    at com.mycila.maven.plugin.license.LicenseFormatMojo$1.onHeaderNotFound (LicenseFormatMojo.java:52)
    at com.mycila.maven.plugin.license.AbstractLicenseMojo$2.run (AbstractLicenseMojo.java:539)
    at java.util.concurrent.Executors$RunnableAdapter.call (Executors.java:515)
    at java.util.concurrent.FutureTask.run (FutureTask.java:264)
    at java.util.concurrent.Executors$RunnableAdapter.call (Executors.java:515)
    at java.util.concurrent.FutureTask.run (FutureTask.java:264)
    at java.util.concurrent.ThreadPoolExecutor.runWorker (ThreadPoolExecutor.java:1128)
    at java.util.concurrent.ThreadPoolExecutor$Worker.run (ThreadPoolExecutor.java:628)
    at java.lang.Thread.run (Thread.java:829)
[INFO] Updating license header in: /home/gabsko/breaking-updates/src/site/site.xml
[INFO] Updating license header in: /home/gabsko/breaking-updates/src/test/java/org/mybatis/caches/redis/SimpleBeanCourseInfo.java
[WARNING] failure occurred while calling class com.mycila.maven.plugin.license.git.CopyrightRangeProvider
java.lang.RuntimeException: Could not compute the year of the last git commit for file /home/gabsko/breaking-updates/src/site/site.xml
    at com.mycila.maven.plugin.license.git.CopyrightRangeProvider.getAdditionalProperties (CopyrightRangeProvider.java:95)
    at com.mycila.maven.plugin.license.AbstractLicenseMojo$1.load (AbstractLicenseMojo.java:490)
    at com.mycila.maven.plugin.license.document.Document.mergeProperties (Document.java:96)
    at com.mycila.maven.plugin.license.document.Document.updateHeader (Document.java:92)
    at com.mycila.maven.plugin.license.LicenseFormatMojo$1.onHeaderNotFound (LicenseFormatMojo.java:52)
    at com.mycila.maven.plugin.license.AbstractLicenseMojo$2.run (AbstractLicenseMojo.java:539)
    at java.util.concurrent.Executors$RunnableAdapter.call (Executors.java:515)
    at java.util.concurrent.FutureTask.run (FutureTask.java:264)
    at java.util.concurrent.Executors$RunnableAdapter.call (Executors.java:515)
    at java.util.concurrent.FutureTask.run (FutureTask.java:264)
    at java.util.concurrent.ThreadPoolExecutor.runWorker (ThreadPoolExecutor.java:1128)
    at java.util.concurrent.ThreadPoolExecutor$Worker.run (ThreadPoolExecutor.java:628)
    at java.lang.Thread.run (Thread.java:829)
Caused by: java.lang.RuntimeException: Cannot relativize path '/home/gabsko/breaking-updates/src/site/site.xml' to directory '/home/gabsko/breaking-updates/baremaps-server/editor/'
    at com.mycila.maven.plugin.license.git.GitPathResolver.relativize (GitPathResolver.java:62)
    at com.mycila.maven.plugin.license.git.GitPathResolver.relativize (GitPathResolver.java:80)
    at com.mycila.maven.plugin.license.git.GitLookup.getYearOfLastChange (GitLookup.java:117)
    at com.mycila.maven.plugin.license.git.CopyrightRangeProvider.getAdditionalProperties (CopyrightRangeProvider.java:80)
    at com.mycila.maven.plugin.license.AbstractLicenseMojo$1.load (AbstractLicenseMojo.java:490)
    at com.mycila.maven.plugin.license.document.Document.mergeProperties (Document.java:96)
    at com.mycila.maven.plugin.license.document.Document.updateHeader (Document.java:92)
    at com.mycila.maven.plugin.license.LicenseFormatMojo$1.onHeaderNotFound (LicenseFormatMojo.java:52)
    at com.mycila.maven.plugin.license.AbstractLicenseMojo$2.run (AbstractLicenseMojo.java:539)
    at java.util.concurrent.Executors$RunnableAdapter.call (Executors.java:515)
    at java.util.concurrent.FutureTask.run (FutureTask.java:264)
    at java.util.concurrent.Executors$RunnableAdapter.call (Executors.java:515)
    at java.util.concurrent.FutureTask.run (FutureTask.java:264)
    at java.util.concurrent.ThreadPoolExecutor.runWorker (ThreadPoolExecutor.java:1128)
    at java.util.concurrent.ThreadPoolExecutor$Worker.run (ThreadPoolExecutor.java:628)
    at java.lang.Thread.run (Thread.java:829)
[INFO] Updating license header in: /home/gabsko/breaking-updates/src/main/java/org/mybatis/caches/redis/RedisConfig.java
[INFO] Updating license header in: /home/gabsko/breaking-updates/src/test/resources/test1.properties
[WARNING] failure occurred while calling class com.mycila.maven.plugin.license.git.CopyrightRangeProvider
java.lang.RuntimeException: Could not compute the year of the last git commit for file /home/gabsko/breaking-updates/src/test/java/org/mybatis/caches/redis/SimpleBeanCourseInfo.java
    at com.mycila.maven.plugin.license.git.CopyrightRangeProvider.getAdditionalProperties (CopyrightRangeProvider.java:95)
    at com.mycila.maven.plugin.license.AbstractLicenseMojo$1.load (AbstractLicenseMojo.java:490)
    at com.mycila.maven.plugin.license.document.Document.mergeProperties (Document.java:96)
    at com.mycila.maven.plugin.license.document.Document.updateHeader (Document.java:92)
    at com.mycila.maven.plugin.license.LicenseFormatMojo$1.onHeaderNotFound (LicenseFormatMojo.java:52)
    at com.mycila.maven.plugin.license.AbstractLicenseMojo$2.run (AbstractLicenseMojo.java:539)
    at java.util.concurrent.Executors$RunnableAdapter.call (Executors.java:515)
    at java.util.concurrent.FutureTask.run (FutureTask.java:264)
    at java.util.concurrent.Executors$RunnableAdapter.call (Executors.java:515)
    at java.util.concurrent.FutureTask.run (FutureTask.java:264)
    at java.util.concurrent.ThreadPoolExecutor.runWorker (ThreadPoolExecutor.java:1128)
    at java.util.concurrent.ThreadPoolExecutor$Worker.run (ThreadPoolExecutor.java:628)
    at java.lang.Thread.run (Thread.java:829)
Caused by: java.lang.RuntimeException: Cannot relativize path '/home/gabsko/breaking-updates/src/test/java/org/mybatis/caches/redis/SimpleBeanCourseInfo.java' to directory '/home/gabsko/breaking-updates/baremaps-server/editor/'
    at com.mycila.maven.plugin.license.git.GitPathResolver.relativize (GitPathResolver.java:62)
    at com.mycila.maven.plugin.license.git.GitPathResolver.relativize (GitPathResolver.java:80)
    at com.mycila.maven.plugin.license.git.GitLookup.getYearOfLastChange (GitLookup.java:117)
    at com.mycila.maven.plugin.license.git.CopyrightRangeProvider.getAdditionalProperties (CopyrightRangeProvider.java:80)
    at com.mycila.maven.plugin.license.AbstractLicenseMojo$1.load (AbstractLicenseMojo.java:490)
    at com.mycila.maven.plugin.license.document.Document.mergeProperties (Document.java:96)
    at com.mycila.maven.plugin.license.document.Document.updateHeader (Document.java:92)
    at com.mycila.maven.plugin.license.LicenseFormatMojo$1.onHeaderNotFound (LicenseFormatMojo.java:52)
    at com.mycila.maven.plugin.license.AbstractLicenseMojo$2.run (AbstractLicenseMojo.java:539)
    at java.util.concurrent.Executors$RunnableAdapter.call (Executors.java:515)
    at java.util.concurrent.FutureTask.run (FutureTask.java:264)
    at java.util.concurrent.Executors$RunnableAdapter.call (Executors.java:515)
    at java.util.concurrent.FutureTask.run (FutureTask.java:264)
    at java.util.concurrent.ThreadPoolExecutor.runWorker (ThreadPoolExecutor.java:1128)
    at java.util.concurrent.ThreadPoolExecutor$Worker.run (ThreadPoolExecutor.java:628)
    at java.lang.Thread.run (Thread.java:829)
[INFO] Updating license header in: /home/gabsko/breaking-updates/src/main/java/org/mybatis/caches/redis/JDKSerializer.java
[INFO] Updating license header in: /home/gabsko/breaking-updates/src/site/xdoc/index.xml.vm
[INFO] Updating license header in: /home/gabsko/breaking-updates/src/main/java/org/mybatis/caches/redis/RedisCache.java
[WARNING] failure occurred while calling class com.mycila.maven.plugin.license.git.CopyrightRangeProvider
java.lang.RuntimeException: Could not compute the year of the last git commit for file /home/gabsko/breaking-updates/src/test/resources/test1.properties
    at com.mycila.maven.plugin.license.git.CopyrightRangeProvider.getAdditionalProperties (CopyrightRangeProvider.java:95)
    at com.mycila.maven.plugin.license.AbstractLicenseMojo$1.load (AbstractLicenseMojo.java:490)
    at com.mycila.maven.plugin.license.document.Document.mergeProperties (Document.java:96)
    at com.mycila.maven.plugin.license.document.Document.updateHeader (Document.java:92)
    at com.mycila.maven.plugin.license.LicenseFormatMojo$1.onHeaderNotFound (LicenseFormatMojo.java:52)
    at com.mycila.maven.plugin.license.AbstractLicenseMojo$2.run (AbstractLicenseMojo.java:539)
    at java.util.concurrent.Executors$RunnableAdapter.call (Executors.java:515)
    at java.util.concurrent.FutureTask.run (FutureTask.java:264)
    at java.util.concurrent.Executors$RunnableAdapter.call (Executors.java:515)
    at java.util.concurrent.FutureTask.run (FutureTask.java:264)
    at java.util.concurrent.ThreadPoolExecutor.runWorker (ThreadPoolExecutor.java:1128)
    at java.util.concurrent.ThreadPoolExecutor$Worker.run (ThreadPoolExecutor.java:628)
    at java.lang.Thread.run (Thread.java:829)
Caused by: java.lang.RuntimeException: Cannot relativize path '/home/gabsko/breaking-updates/src/test/resources/test1.properties' to directory '/home/gabsko/breaking-updates/baremaps-server/editor/'
    at com.mycila.maven.plugin.license.git.GitPathResolver.relativize (GitPathResolver.java:62)
    at com.mycila.maven.plugin.license.git.GitPathResolver.relativize (GitPathResolver.java:80)
    at com.mycila.maven.plugin.license.git.GitLookup.getYearOfLastChange (GitLookup.java:117)
    at com.mycila.maven.plugin.license.git.CopyrightRangeProvider.getAdditionalProperties (CopyrightRangeProvider.java:80)
    at com.mycila.maven.plugin.license.AbstractLicenseMojo$1.load (AbstractLicenseMojo.java:490)
    at com.mycila.maven.plugin.license.document.Document.mergeProperties (Document.java:96)
    at com.mycila.maven.plugin.license.document.Document.updateHeader (Document.java:92)
    at com.mycila.maven.plugin.license.LicenseFormatMojo$1.onHeaderNotFound (LicenseFormatMojo.java:52)
    at com.mycila.maven.plugin.license.AbstractLicenseMojo$2.run (AbstractLicenseMojo.java:539)
    at java.util.concurrent.Executors$RunnableAdapter.call (Executors.java:515)
    at java.util.concurrent.FutureTask.run (FutureTask.java:264)
    at java.util.concurrent.Executors$RunnableAdapter.call (Executors.java:515)
    at java.util.concurrent.FutureTask.run (FutureTask.java:264)
    at java.util.concurrent.ThreadPoolExecutor.runWorker (ThreadPoolExecutor.java:1128)
    at java.util.concurrent.ThreadPoolExecutor$Worker.run (ThreadPoolExecutor.java:628)
    at java.lang.Thread.run (Thread.java:829)
[WARNING] failure occurred while calling class com.mycila.maven.plugin.license.git.CopyrightRangeProvider
java.lang.RuntimeException: Could not compute the year of the last git commit for file /home/gabsko/breaking-updates/src/main/java/org/mybatis/caches/redis/RedisConfig.java
    at com.mycila.maven.plugin.license.git.CopyrightRangeProvider.getAdditionalProperties (CopyrightRangeProvider.java:95)
    at com.mycila.maven.plugin.license.AbstractLicenseMojo$1.load (AbstractLicenseMojo.java:490)
    at com.mycila.maven.plugin.license.document.Document.mergeProperties (Document.java:96)
    at com.mycila.maven.plugin.license.document.Document.updateHeader (Document.java:92)
    at com.mycila.maven.plugin.license.LicenseFormatMojo$1.onHeaderNotFound (LicenseFormatMojo.java:52)
    at com.mycila.maven.plugin.license.AbstractLicenseMojo$2.run (AbstractLicenseMojo.java:539)
    at java.util.concurrent.Executors$RunnableAdapter.call (Executors.java:515)
    at java.util.concurrent.FutureTask.run (FutureTask.java:264)
    at java.util.concurrent.Executors$RunnableAdapter.call (Executors.java:515)
    at java.util.concurrent.FutureTask.run (FutureTask.java:264)
    at java.util.concurrent.ThreadPoolExecutor.runWorker (ThreadPoolExecutor.java:1128)
    at java.util.concurrent.ThreadPoolExecutor$Worker.run (ThreadPoolExecutor.java:628)
    at java.lang.Thread.run (Thread.java:829)
Caused by: java.lang.RuntimeException: Cannot relativize path '/home/gabsko/breaking-updates/src/main/java/org/mybatis/caches/redis/RedisConfig.java' to directory '/home/gabsko/breaking-updates/baremaps-server/editor/'
    at com.mycila.maven.plugin.license.git.GitPathResolver.relativize (GitPathResolver.java:62)
    at com.mycila.maven.plugin.license.git.GitPathResolver.relativize (GitPathResolver.java:80)
    at com.mycila.maven.plugin.license.git.GitLookup.getYearOfLastChange (GitLookup.java:117)
    at com.mycila.maven.plugin.license.git.CopyrightRangeProvider.getAdditionalProperties (CopyrightRangeProvider.java:80)
    at com.mycila.maven.plugin.license.AbstractLicenseMojo$1.load (AbstractLicenseMojo.java:490)
    at com.mycila.maven.plugin.license.document.Document.mergeProperties (Document.java:96)
    at com.mycila.maven.plugin.license.document.Document.updateHeader (Document.java:92)
    at com.mycila.maven.plugin.license.LicenseFormatMojo$1.onHeaderNotFound (LicenseFormatMojo.java:52)
    at com.mycila.maven.plugin.license.AbstractLicenseMojo$2.run (AbstractLicenseMojo.java:539)
    at java.util.concurrent.Executors$RunnableAdapter.call (Executors.java:515)
    at java.util.concurrent.FutureTask.run (FutureTask.java:264)
    at java.util.concurrent.Executors$RunnableAdapter.call (Executors.java:515)
    at java.util.concurrent.FutureTask.run (FutureTask.java:264)
    at java.util.concurrent.ThreadPoolExecutor.runWorker (ThreadPoolExecutor.java:1128)
    at java.util.concurrent.ThreadPoolExecutor$Worker.run (ThreadPoolExecutor.java:628)
    at java.lang.Thread.run (Thread.java:829)
[INFO] Updating license header in: /home/gabsko/breaking-updates/src/test/java/org/mybatis/caches/redis/SimpleBeanStudentInfo.java
[WARNING] failure occurred while calling class com.mycila.maven.plugin.license.git.CopyrightRangeProvider
java.lang.RuntimeException: Could not compute the year of the last git commit for file /home/gabsko/breaking-updates/src/main/java/org/mybatis/caches/redis/RedisCache.java
    at com.mycila.maven.plugin.license.git.CopyrightRangeProvider.getAdditionalProperties (CopyrightRangeProvider.java:95)
    at com.mycila.maven.plugin.license.AbstractLicenseMojo$1.load (AbstractLicenseMojo.java:490)
    at com.mycila.maven.plugin.license.document.Document.mergeProperties (Document.java:96)
    at com.mycila.maven.plugin.license.document.Document.updateHeader (Document.java:92)
    at com.mycila.maven.plugin.license.LicenseFormatMojo$1.onHeaderNotFound (LicenseFormatMojo.java:52)
    at com.mycila.maven.plugin.license.AbstractLicenseMojo$2.run (AbstractLicenseMojo.java:539)
    at java.util.concurrent.Executors$RunnableAdapter.call (Executors.java:515)
    at java.util.concurrent.FutureTask.run (FutureTask.java:264)
    at java.util.concurrent.Executors$RunnableAdapter.call (Executors.java:515)
    at java.util.concurrent.FutureTask.run (FutureTask.java:264)
    at java.util.concurrent.ThreadPoolExecutor.runWorker (ThreadPoolExecutor.java:1128)
    at java.util.concurrent.ThreadPoolExecutor$Worker.run (ThreadPoolExecutor.java:628)
    at java.lang.Thread.run (Thread.java:829)
Caused by: java.lang.RuntimeException: Cannot relativize path '/home/gabsko/breaking-updates/src/main/java/org/mybatis/caches/redis/RedisCache.java' to directory '/home/gabsko/breaking-updates/baremaps-server/editor/'
    at com.mycila.maven.plugin.license.git.GitPathResolver.relativize (GitPathResolver.java:62)
    at com.mycila.maven.plugin.license.git.GitPathResolver.relativize (GitPathResolver.java:80)
    at com.mycila.maven.plugin.license.git.GitLookup.getYearOfLastChange (GitLookup.java:117)
    at com.mycila.maven.plugin.license.git.CopyrightRangeProvider.getAdditionalProperties (CopyrightRangeProvider.java:80)
    at com.mycila.maven.plugin.license.AbstractLicenseMojo$1.load (AbstractLicenseMojo.java:490)
    at com.mycila.maven.plugin.license.document.Document.mergeProperties (Document.java:96)
    at com.mycila.maven.plugin.license.document.Document.updateHeader (Document.java:92)
    at com.mycila.maven.plugin.license.LicenseFormatMojo$1.onHeaderNotFound (LicenseFormatMojo.java:52)
    at com.mycila.maven.plugin.license.AbstractLicenseMojo$2.run (AbstractLicenseMojo.java:539)
    at java.util.concurrent.Executors$RunnableAdapter.call (Executors.java:515)
    at java.util.concurrent.FutureTask.run (FutureTask.java:264)
    at java.util.concurrent.Executors$RunnableAdapter.call (Executors.java:515)
    at java.util.concurrent.FutureTask.run (FutureTask.java:264)
    at java.util.concurrent.ThreadPoolExecutor.runWorker (ThreadPoolExecutor.java:1128)
    at java.util.concurrent.ThreadPoolExecutor$Worker.run (ThreadPoolExecutor.java:628)
    at java.lang.Thread.run (Thread.java:829)
[WARNING] failure occurred while calling class com.mycila.maven.plugin.license.git.CopyrightRangeProvider
java.lang.RuntimeException: Could not compute the year of the last git commit for file /home/gabsko/breaking-updates/src/main/java/org/mybatis/caches/redis/JDKSerializer.java
    at com.mycila.maven.plugin.license.git.CopyrightRangeProvider.getAdditionalProperties (CopyrightRangeProvider.java:95)
    at com.mycila.maven.plugin.license.AbstractLicenseMojo$1.load (AbstractLicenseMojo.java:490)
    at com.mycila.maven.plugin.license.document.Document.mergeProperties (Document.java:96)
    at com.mycila.maven.plugin.license.document.Document.updateHeader (Document.java:92)
    at com.mycila.maven.plugin.license.LicenseFormatMojo$1.onHeaderNotFound (LicenseFormatMojo.java:52)
    at com.mycila.maven.plugin.license.AbstractLicenseMojo$2.run (AbstractLicenseMojo.java:539)
    at java.util.concurrent.Executors$RunnableAdapter.call (Executors.java:515)
    at java.util.concurrent.FutureTask.run (FutureTask.java:264)
    at java.util.concurrent.Executors$RunnableAdapter.call (Executors.java:515)
    at java.util.concurrent.FutureTask.run (FutureTask.java:264)
    at java.util.concurrent.ThreadPoolExecutor.runWorker (ThreadPoolExecutor.java:1128)
    at java.util.concurrent.ThreadPoolExecutor$Worker.run (ThreadPoolExecutor.java:628)
    at java.lang.Thread.run (Thread.java:829)
Caused by: java.lang.RuntimeException: Cannot relativize path '/home/gabsko/breaking-updates/src/main/java/org/mybatis/caches/redis/JDKSerializer.java' to directory '/home/gabsko/breaking-updates/baremaps-server/editor/'
    at com.mycila.maven.plugin.license.git.GitPathResolver.relativize (GitPathResolver.java:62)
    at com.mycila.maven.plugin.license.git.GitPathResolver.relativize (GitPathResolver.java:80)
    at com.mycila.maven.plugin.license.git.GitLookup.getYearOfLastChange (GitLookup.java:117)
    at com.mycila.maven.plugin.license.git.CopyrightRangeProvider.getAdditionalProperties (CopyrightRangeProvider.java:80)
    at com.mycila.maven.plugin.license.AbstractLicenseMojo$1.load (AbstractLicenseMojo.java:490)
    at com.mycila.maven.plugin.license.document.Document.mergeProperties (Document.java:96)
    at com.mycila.maven.plugin.license.document.Document.updateHeader (Document.java:92)
    at com.mycila.maven.plugin.license.LicenseFormatMojo$1.onHeaderNotFound (LicenseFormatMojo.java:52)
    at com.mycila.maven.plugin.license.AbstractLicenseMojo$2.run (AbstractLicenseMojo.java:539)
    at java.util.concurrent.Executors$RunnableAdapter.call (Executors.java:515)
    at java.util.concurrent.FutureTask.run (FutureTask.java:264)
    at java.util.concurrent.Executors$RunnableAdapter.call (Executors.java:515)
    at java.util.concurrent.FutureTask.run (FutureTask.java:264)
    at java.util.concurrent.ThreadPoolExecutor.runWorker (ThreadPoolExecutor.java:1128)
    at java.util.concurrent.ThreadPoolExecutor$Worker.run (ThreadPoolExecutor.java:628)
    at java.lang.Thread.run (Thread.java:829)
[INFO] Updating license header in: /home/gabsko/breaking-updates/src/test/java/org/mybatis/caches/redis/sslconfig/TestSSLParameters.java
[WARNING] failure occurred while calling class com.mycila.maven.plugin.license.git.CopyrightRangeProvider
java.lang.RuntimeException: Could not compute the year of the last git commit for file /home/gabsko/breaking-updates/src/site/xdoc/index.xml.vm
    at com.mycila.maven.plugin.license.git.CopyrightRangeProvider.getAdditionalProperties (CopyrightRangeProvider.java:95)
    at com.mycila.maven.plugin.license.AbstractLicenseMojo$1.load (AbstractLicenseMojo.java:490)
    at com.mycila.maven.plugin.license.document.Document.mergeProperties (Document.java:96)
    at com.mycila.maven.plugin.license.document.Document.updateHeader (Document.java:92)
    at com.mycila.maven.plugin.license.LicenseFormatMojo$1.onHeaderNotFound (LicenseFormatMojo.java:52)
    at com.mycila.maven.plugin.license.AbstractLicenseMojo$2.run (AbstractLicenseMojo.java:539)
    at java.util.concurrent.Executors$RunnableAdapter.call (Executors.java:515)
    at java.util.concurrent.FutureTask.run (FutureTask.java:264)
    at java.util.concurrent.Executors$RunnableAdapter.call (Executors.java:515)
    at java.util.concurrent.FutureTask.run (FutureTask.java:264)
    at java.util.concurrent.ThreadPoolExecutor.runWorker (ThreadPoolExecutor.java:1128)
    at java.util.concurrent.ThreadPoolExecutor$Worker.run (ThreadPoolExecutor.java:628)
    at java.lang.Thread.run (Thread.java:829)
Caused by: java.lang.RuntimeException: Cannot relativize path '/home/gabsko/breaking-updates/src/site/xdoc/index.xml.vm' to directory '/home/gabsko/breaking-updates/baremaps-server/editor/'
    at com.mycila.maven.plugin.license.git.GitPathResolver.relativize (GitPathResolver.java:62)
    at com.mycila.maven.plugin.license.git.GitPathResolver.relativize (GitPathResolver.java:80)
    at com.mycila.maven.plugin.license.git.GitLookup.getYearOfLastChange (GitLookup.java:117)
    at com.mycila.maven.plugin.license.git.CopyrightRangeProvider.getAdditionalProperties (CopyrightRangeProvider.java:80)
    at com.mycila.maven.plugin.license.AbstractLicenseMojo$1.load (AbstractLicenseMojo.java:490)
    at com.mycila.maven.plugin.license.document.Document.mergeProperties (Document.java:96)
    at com.mycila.maven.plugin.license.document.Document.updateHeader (Document.java:92)
    at com.mycila.maven.plugin.license.LicenseFormatMojo$1.onHeaderNotFound (LicenseFormatMojo.java:52)
    at com.mycila.maven.plugin.license.AbstractLicenseMojo$2.run (AbstractLicenseMojo.java:539)
    at java.util.concurrent.Executors$RunnableAdapter.call (Executors.java:515)
    at java.util.concurrent.FutureTask.run (FutureTask.java:264)
    at java.util.concurrent.Executors$RunnableAdapter.call (Executors.java:515)
    at java.util.concurrent.FutureTask.run (FutureTask.java:264)
    at java.util.concurrent.ThreadPoolExecutor.runWorker (ThreadPoolExecutor.java:1128)
    at java.util.concurrent.ThreadPoolExecutor$Worker.run (ThreadPoolExecutor.java:628)
    at java.lang.Thread.run (Thread.java:829)
[WARNING] failure occurred while calling class com.mycila.maven.plugin.license.git.CopyrightRangeProvider
java.lang.RuntimeException: Could not compute the year of the last git commit for file /home/gabsko/breaking-updates/src/test/java/org/mybatis/caches/redis/sslconfig/TestSSLParameters.java
    at com.mycila.maven.plugin.license.git.CopyrightRangeProvider.getAdditionalProperties (CopyrightRangeProvider.java:95)
    at com.mycila.maven.plugin.license.AbstractLicenseMojo$1.load (AbstractLicenseMojo.java:490)
    at com.mycila.maven.plugin.license.document.Document.mergeProperties (Document.java:96)
    at com.mycila.maven.plugin.license.document.Document.updateHeader (Document.java:92)
    at com.mycila.maven.plugin.license.LicenseFormatMojo$1.onHeaderNotFound (LicenseFormatMojo.java:52)
    at com.mycila.maven.plugin.license.AbstractLicenseMojo$2.run (AbstractLicenseMojo.java:539)
    at java.util.concurrent.Executors$RunnableAdapter.call (Executors.java:515)
    at java.util.concurrent.FutureTask.run (FutureTask.java:264)
    at java.util.concurrent.Executors$RunnableAdapter.call (Executors.java:515)
    at java.util.concurrent.FutureTask.run (FutureTask.java:264)
    at java.util.concurrent.ThreadPoolExecutor.runWorker (ThreadPoolExecutor.java:1128)
    at java.util.concurrent.ThreadPoolExecutor$Worker.run (ThreadPoolExecutor.java:628)
    at java.lang.Thread.run (Thread.java:829)
Caused by: java.lang.RuntimeException: Cannot relativize path '/home/gabsko/breaking-updates/src/test/java/org/mybatis/caches/redis/sslconfig/TestSSLParameters.java' to directory '/home/gabsko/breaking-updates/baremaps-server/editor/'
    at com.mycila.maven.plugin.license.git.GitPathResolver.relativize (GitPathResolver.java:62)
    at com.mycila.maven.plugin.license.git.GitPathResolver.relativize (GitPathResolver.java:80)
    at com.mycila.maven.plugin.license.git.GitLookup.getYearOfLastChange (GitLookup.java:117)
    at com.mycila.maven.plugin.license.git.CopyrightRangeProvider.getAdditionalProperties (CopyrightRangeProvider.java:80)
    at com.mycila.maven.plugin.license.AbstractLicenseMojo$1.load (AbstractLicenseMojo.java:490)
    at com.mycila.maven.plugin.license.document.Document.mergeProperties (Document.java:96)
    at com.mycila.maven.plugin.license.document.Document.updateHeader (Document.java:92)
    at com.mycila.maven.plugin.license.LicenseFormatMojo$1.onHeaderNotFound (LicenseFormatMojo.java:52)
    at com.mycila.maven.plugin.license.AbstractLicenseMojo$2.run (AbstractLicenseMojo.java:539)
    at java.util.concurrent.Executors$RunnableAdapter.call (Executors.java:515)
    at java.util.concurrent.FutureTask.run (FutureTask.java:264)
    at java.util.concurrent.Executors$RunnableAdapter.call (Executors.java:515)
    at java.util.concurrent.FutureTask.run (FutureTask.java:264)
    at java.util.concurrent.ThreadPoolExecutor.runWorker (ThreadPoolExecutor.java:1128)
    at java.util.concurrent.ThreadPoolExecutor$Worker.run (ThreadPoolExecutor.java:628)
    at java.lang.Thread.run (Thread.java:829)
[INFO] Updating license header in: /home/gabsko/breaking-updates/src/test/java/org/mybatis/caches/redis/sslconfig/TestHostnameVerifier.java
[WARNING] failure occurred while calling class com.mycila.maven.plugin.license.git.CopyrightRangeProvider
java.lang.RuntimeException: Could not compute the year of the last git commit for file /home/gabsko/breaking-updates/src/test/java/org/mybatis/caches/redis/SimpleBeanStudentInfo.java
    at com.mycila.maven.plugin.license.git.CopyrightRangeProvider.getAdditionalProperties (CopyrightRangeProvider.java:95)
    at com.mycila.maven.plugin.license.AbstractLicenseMojo$1.load (AbstractLicenseMojo.java:490)
    at com.mycila.maven.plugin.license.document.Document.mergeProperties (Document.java:96)
    at com.mycila.maven.plugin.license.document.Document.updateHeader (Document.java:92)
    at com.mycila.maven.plugin.license.LicenseFormatMojo$1.onHeaderNotFound (LicenseFormatMojo.java:52)
    at com.mycila.maven.plugin.license.AbstractLicenseMojo$2.run (AbstractLicenseMojo.java:539)
    at java.util.concurrent.Executors$RunnableAdapter.call (Executors.java:515)
    at java.util.concurrent.FutureTask.run (FutureTask.java:264)
    at java.util.concurrent.Executors$RunnableAdapter.call (Executors.java:515)
    at java.util.concurrent.FutureTask.run (FutureTask.java:264)
    at java.util.concurrent.ThreadPoolExecutor.runWorker (ThreadPoolExecutor.java:1128)
    at java.util.concurrent.ThreadPoolExecutor$Worker.run (ThreadPoolExecutor.java:628)
    at java.lang.Thread.run (Thread.java:829)
Caused by: java.lang.RuntimeException: Cannot relativize path '/home/gabsko/breaking-updates/src/test/java/org/mybatis/caches/redis/SimpleBeanStudentInfo.java' to directory '/home/gabsko/breaking-updates/baremaps-server/editor/'
    at com.mycila.maven.plugin.license.git.GitPathResolver.relativize (GitPathResolver.java:62)
    at com.mycila.maven.plugin.license.git.GitPathResolver.relativize (GitPathResolver.java:80)
    at com.mycila.maven.plugin.license.git.GitLookup.getYearOfLastChange (GitLookup.java:117)
    at com.mycila.maven.plugin.license.git.CopyrightRangeProvider.getAdditionalProperties (CopyrightRangeProvider.java:80)
    at com.mycila.maven.plugin.license.AbstractLicenseMojo$1.load (AbstractLicenseMojo.java:490)
    at com.mycila.maven.plugin.license.document.Document.mergeProperties (Document.java:96)
    at com.mycila.maven.plugin.license.document.Document.updateHeader (Document.java:92)
    at com.mycila.maven.plugin.license.LicenseFormatMojo$1.onHeaderNotFound (LicenseFormatMojo.java:52)
    at com.mycila.maven.plugin.license.AbstractLicenseMojo$2.run (AbstractLicenseMojo.java:539)
    at java.util.concurrent.Executors$RunnableAdapter.call (Executors.java:515)
    at java.util.concurrent.FutureTask.run (FutureTask.java:264)
    at java.util.concurrent.Executors$RunnableAdapter.call (Executors.java:515)
    at java.util.concurrent.FutureTask.run (FutureTask.java:264)
    at java.util.concurrent.ThreadPoolExecutor.runWorker (ThreadPoolExecutor.java:1128)
    at java.util.concurrent.ThreadPoolExecutor$Worker.run (ThreadPoolExecutor.java:628)
    at java.lang.Thread.run (Thread.java:829)
[INFO] Updating license header in: /home/gabsko/breaking-updates/src/test/java/org/mybatis/caches/redis/sslconfig/TestSSLSocketFactory.java
[INFO] Updating license header in: /home/gabsko/breaking-updates/src/test/java/org/mybatis/caches/redis/RedisConfigurationBuilderTest.java
[WARNING] failure occurred while calling class com.mycila.maven.plugin.license.git.CopyrightRangeProvider
java.lang.RuntimeException: Could not compute the year of the last git commit for file /home/gabsko/breaking-updates/src/test/java/org/mybatis/caches/redis/sslconfig/TestHostnameVerifier.java
    at com.mycila.maven.plugin.license.git.CopyrightRangeProvider.getAdditionalProperties (CopyrightRangeProvider.java:95)
    at com.mycila.maven.plugin.license.AbstractLicenseMojo$1.load (AbstractLicenseMojo.java:490)
    at com.mycila.maven.plugin.license.document.Document.mergeProperties (Document.java:96)
    at com.mycila.maven.plugin.license.document.Document.updateHeader (Document.java:92)
    at com.mycila.maven.plugin.license.LicenseFormatMojo$1.onHeaderNotFound (LicenseFormatMojo.java:52)
    at com.mycila.maven.plugin.license.AbstractLicenseMojo$2.run (AbstractLicenseMojo.java:539)
    at java.util.concurrent.Executors$RunnableAdapter.call (Executors.java:515)
    at java.util.concurrent.FutureTask.run (FutureTask.java:264)
    at java.util.concurrent.Executors$RunnableAdapter.call (Executors.java:515)
    at java.util.concurrent.FutureTask.run (FutureTask.java:264)
    at java.util.concurrent.ThreadPoolExecutor.runWorker (ThreadPoolExecutor.java:1128)
    at java.util.concurrent.ThreadPoolExecutor$Worker.run (ThreadPoolExecutor.java:628)
    at java.lang.Thread.run (Thread.java:829)
Caused by: java.lang.RuntimeException: Cannot relativize path '/home/gabsko/breaking-updates/src/test/java/org/mybatis/caches/redis/sslconfig/TestHostnameVerifier.java' to directory '/home/gabsko/breaking-updates/baremaps-server/editor/'
    at com.mycila.maven.plugin.license.git.GitPathResolver.relativize (GitPathResolver.java:62)
    at com.mycila.maven.plugin.license.git.GitPathResolver.relativize (GitPathResolver.java:80)
    at com.mycila.maven.plugin.license.git.GitLookup.getYearOfLastChange (GitLookup.java:117)
    at com.mycila.maven.plugin.license.git.CopyrightRangeProvider.getAdditionalProperties (CopyrightRangeProvider.java:80)
    at com.mycila.maven.plugin.license.AbstractLicenseMojo$1.load (AbstractLicenseMojo.java:490)
    at com.mycila.maven.plugin.license.document.Document.mergeProperties (Document.java:96)
    at com.mycila.maven.plugin.license.document.Document.updateHeader (Document.java:92)
    at com.mycila.maven.plugin.license.LicenseFormatMojo$1.onHeaderNotFound (LicenseFormatMojo.java:52)
    at com.mycila.maven.plugin.license.AbstractLicenseMojo$2.run (AbstractLicenseMojo.java:539)
    at java.util.concurrent.Executors$RunnableAdapter.call (Executors.java:515)
    at java.util.concurrent.FutureTask.run (FutureTask.java:264)
    at java.util.concurrent.Executors$RunnableAdapter.call (Executors.java:515)
    at java.util.concurrent.FutureTask.run (FutureTask.java:264)
    at java.util.concurrent.ThreadPoolExecutor.runWorker (ThreadPoolExecutor.java:1128)
    at java.util.concurrent.ThreadPoolExecutor$Worker.run (ThreadPoolExecutor.java:628)
    at java.lang.Thread.run (Thread.java:829)
[INFO] Updating license header in: /home/gabsko/breaking-updates/src/test/java/org/mybatis/caches/redis/RedisTestCase.java
[WARNING] failure occurred while calling class com.mycila.maven.plugin.license.git.CopyrightRangeProvider
java.lang.RuntimeException: Could not compute the year of the last git commit for file /home/gabsko/breaking-updates/src/test/java/org/mybatis/caches/redis/RedisConfigurationBuilderTest.java
    at com.mycila.maven.plugin.license.git.CopyrightRangeProvider.getAdditionalProperties (CopyrightRangeProvider.java:95)
    at com.mycila.maven.plugin.license.AbstractLicenseMojo$1.load (AbstractLicenseMojo.java:490)
    at com.mycila.maven.plugin.license.document.Document.mergeProperties (Document.java:96)
    at com.mycila.maven.plugin.license.document.Document.updateHeader (Document.java:92)
    at com.mycila.maven.plugin.license.LicenseFormatMojo$1.onHeaderNotFound (LicenseFormatMojo.java:52)
    at com.mycila.maven.plugin.license.AbstractLicenseMojo$2.run (AbstractLicenseMojo.java:539)
    at java.util.concurrent.Executors$RunnableAdapter.call (Executors.java:515)
    at java.util.concurrent.FutureTask.run (FutureTask.java:264)
    at java.util.concurrent.Executors$RunnableAdapter.call (Executors.java:515)
    at java.util.concurrent.FutureTask.run (FutureTask.java:264)
    at java.util.concurrent.ThreadPoolExecutor.runWorker (ThreadPoolExecutor.java:1128)
    at java.util.concurrent.ThreadPoolExecutor$Worker.run (ThreadPoolExecutor.java:628)
    at java.lang.Thread.run (Thread.java:829)
Caused by: java.lang.RuntimeException: Cannot relativize path '/home/gabsko/breaking-updates/src/test/java/org/mybatis/caches/redis/RedisConfigurationBuilderTest.java' to directory '/home/gabsko/breaking-updates/baremaps-server/editor/'
    at com.mycila.maven.plugin.license.git.GitPathResolver.relativize (GitPathResolver.java:62)
    at com.mycila.maven.plugin.license.git.GitPathResolver.relativize (GitPathResolver.java:80)
    at com.mycila.maven.plugin.license.git.GitLookup.getYearOfLastChange (GitLookup.java:117)
    at com.mycila.maven.plugin.license.git.CopyrightRangeProvider.getAdditionalProperties (CopyrightRangeProvider.java:80)
    at com.mycila.maven.plugin.license.AbstractLicenseMojo$1.load (AbstractLicenseMojo.java:490)
    at com.mycila.maven.plugin.license.document.Document.mergeProperties (Document.java:96)
    at com.mycila.maven.plugin.license.document.Document.updateHeader (Document.java:92)
    at com.mycila.maven.plugin.license.LicenseFormatMojo$1.onHeaderNotFound (LicenseFormatMojo.java:52)
    at com.mycila.maven.plugin.license.AbstractLicenseMojo$2.run (AbstractLicenseMojo.java:539)
    at java.util.concurrent.Executors$RunnableAdapter.call (Executors.java:515)
    at java.util.concurrent.FutureTask.run (FutureTask.java:264)
    at java.util.concurrent.Executors$RunnableAdapter.call (Executors.java:515)
    at java.util.concurrent.FutureTask.run (FutureTask.java:264)
    at java.util.concurrent.ThreadPoolExecutor.runWorker (ThreadPoolExecutor.java:1128)
    at java.util.concurrent.ThreadPoolExecutor$Worker.run (ThreadPoolExecutor.java:628)
    at java.lang.Thread.run (Thread.java:829)
[WARNING] failure occurred while calling class com.mycila.maven.plugin.license.git.CopyrightRangeProvider
java.lang.RuntimeException: Could not compute the year of the last git commit for file /home/gabsko/breaking-updates/src/test/java/org/mybatis/caches/redis/sslconfig/TestSSLSocketFactory.java
    at com.mycila.maven.plugin.license.git.CopyrightRangeProvider.getAdditionalProperties (CopyrightRangeProvider.java:95)
    at com.mycila.maven.plugin.license.AbstractLicenseMojo$1.load (AbstractLicenseMojo.java:490)
    at com.mycila.maven.plugin.license.document.Document.mergeProperties (Document.java:96)
    at com.mycila.maven.plugin.license.document.Document.updateHeader (Document.java:92)
    at com.mycila.maven.plugin.license.LicenseFormatMojo$1.onHeaderNotFound (LicenseFormatMojo.java:52)
    at com.mycila.maven.plugin.license.AbstractLicenseMojo$2.run (AbstractLicenseMojo.java:539)
    at java.util.concurrent.Executors$RunnableAdapter.call (Executors.java:515)
    at java.util.concurrent.FutureTask.run (FutureTask.java:264)
    at java.util.concurrent.Executors$RunnableAdapter.call (Executors.java:515)
    at java.util.concurrent.FutureTask.run (FutureTask.java:264)
    at java.util.concurrent.ThreadPoolExecutor.runWorker (ThreadPoolExecutor.java:1128)
    at java.util.concurrent.ThreadPoolExecutor$Worker.run (ThreadPoolExecutor.java:628)
    at java.lang.Thread.run (Thread.java:829)
Caused by: java.lang.RuntimeException: Cannot relativize path '/home/gabsko/breaking-updates/src/test/java/org/mybatis/caches/redis/sslconfig/TestSSLSocketFactory.java' to directory '/home/gabsko/breaking-updates/baremaps-server/editor/'
    at com.mycila.maven.plugin.license.git.GitPathResolver.relativize (GitPathResolver.java:62)
    at com.mycila.maven.plugin.license.git.GitPathResolver.relativize (GitPathResolver.java:80)
    at com.mycila.maven.plugin.license.git.GitLookup.getYearOfLastChange (GitLookup.java:117)
    at com.mycila.maven.plugin.license.git.CopyrightRangeProvider.getAdditionalProperties (CopyrightRangeProvider.java:80)
    at com.mycila.maven.plugin.license.AbstractLicenseMojo$1.load (AbstractLicenseMojo.java:490)
    at com.mycila.maven.plugin.license.document.Document.mergeProperties (Document.java:96)
    at com.mycila.maven.plugin.license.document.Document.updateHeader (Document.java:92)
    at com.mycila.maven.plugin.license.LicenseFormatMojo$1.onHeaderNotFound (LicenseFormatMojo.java:52)
    at com.mycila.maven.plugin.license.AbstractLicenseMojo$2.run (AbstractLicenseMojo.java:539)
    at java.util.concurrent.Executors$RunnableAdapter.call (Executors.java:515)
    at java.util.concurrent.FutureTask.run (FutureTask.java:264)
    at java.util.concurrent.Executors$RunnableAdapter.call (Executors.java:515)
    at java.util.concurrent.FutureTask.run (FutureTask.java:264)
    at java.util.concurrent.ThreadPoolExecutor.runWorker (ThreadPoolExecutor.java:1128)
    at java.util.concurrent.ThreadPoolExecutor$Worker.run (ThreadPoolExecutor.java:628)
    at java.lang.Thread.run (Thread.java:829)
[WARNING] failure occurred while calling class com.mycila.maven.plugin.license.git.CopyrightRangeProvider
java.lang.RuntimeException: Could not compute the year of the last git commit for file /home/gabsko/breaking-updates/src/test/java/org/mybatis/caches/redis/RedisTestCase.java
    at com.mycila.maven.plugin.license.git.CopyrightRangeProvider.getAdditionalProperties (CopyrightRangeProvider.java:95)
    at com.mycila.maven.plugin.license.AbstractLicenseMojo$1.load (AbstractLicenseMojo.java:490)
    at com.mycila.maven.plugin.license.document.Document.mergeProperties (Document.java:96)
    at com.mycila.maven.plugin.license.document.Document.updateHeader (Document.java:92)
    at com.mycila.maven.plugin.license.LicenseFormatMojo$1.onHeaderNotFound (LicenseFormatMojo.java:52)
    at com.mycila.maven.plugin.license.AbstractLicenseMojo$2.run (AbstractLicenseMojo.java:539)
    at java.util.concurrent.Executors$RunnableAdapter.call (Executors.java:515)
    at java.util.concurrent.FutureTask.run (FutureTask.java:264)
    at java.util.concurrent.Executors$RunnableAdapter.call (Executors.java:515)
    at java.util.concurrent.FutureTask.run (FutureTask.java:264)
    at java.util.concurrent.ThreadPoolExecutor.runWorker (ThreadPoolExecutor.java:1128)
    at java.util.concurrent.ThreadPoolExecutor$Worker.run (ThreadPoolExecutor.java:628)
    at java.lang.Thread.run (Thread.java:829)
Caused by: java.lang.RuntimeException: Cannot relativize path '/home/gabsko/breaking-updates/src/test/java/org/mybatis/caches/redis/RedisTestCase.java' to directory '/home/gabsko/breaking-updates/baremaps-server/editor/'
    at com.mycila.maven.plugin.license.git.GitPathResolver.relativize (GitPathResolver.java:62)
    at com.mycila.maven.plugin.license.git.GitPathResolver.relativize (GitPathResolver.java:80)
    at com.mycila.maven.plugin.license.git.GitLookup.getYearOfLastChange (GitLookup.java:117)
    at com.mycila.maven.plugin.license.git.CopyrightRangeProvider.getAdditionalProperties (CopyrightRangeProvider.java:80)
    at com.mycila.maven.plugin.license.AbstractLicenseMojo$1.load (AbstractLicenseMojo.java:490)
    at com.mycila.maven.plugin.license.document.Document.mergeProperties (Document.java:96)
    at com.mycila.maven.plugin.license.document.Document.updateHeader (Document.java:92)
    at com.mycila.maven.plugin.license.LicenseFormatMojo$1.onHeaderNotFound (LicenseFormatMojo.java:52)
    at com.mycila.maven.plugin.license.AbstractLicenseMojo$2.run (AbstractLicenseMojo.java:539)
    at java.util.concurrent.Executors$RunnableAdapter.call (Executors.java:515)
    at java.util.concurrent.FutureTask.run (FutureTask.java:264)
    at java.util.concurrent.Executors$RunnableAdapter.call (Executors.java:515)
    at java.util.concurrent.FutureTask.run (FutureTask.java:264)
    at java.util.concurrent.ThreadPoolExecutor.runWorker (ThreadPoolExecutor.java:1128)
    at java.util.concurrent.ThreadPoolExecutor$Worker.run (ThreadPoolExecutor.java:628)
    at java.lang.Thread.run (Thread.java:829)
[WARNING] Unable to find a comment style definition for some files. You may want to add a custom mapping for the relevant file extensions.
[INFO] 
[INFO] --- animal-sniffer-maven-plugin:1.20:check (check-java-compat) @ mybatis-redis ---
[INFO] Checking unresolved references to org.codehaus.mojo.signature:java18:1.0
[INFO] 
[INFO] --- maven-bundle-plugin:5.1.2:manifest (bundle-manifest) @ mybatis-redis ---
[INFO] 
[INFO] --- maven-resources-plugin:3.2.0:testResources (default-testResources) @ mybatis-redis ---
[INFO] Using 'UTF-8' encoding to copy filtered resources.
[INFO] Using 'UTF-8' encoding to copy filtered properties files.
[INFO] Copying 3 resources
[INFO] 
[INFO] --- maven-compiler-plugin:3.8.1:testCompile (default-testCompile) @ mybatis-redis ---
[INFO] Compiling 8 source files to /home/gabsko/breaking-updates/target/test-classes
[INFO] 
[INFO] --- maven-surefire-plugin:3.0.0-M5:test (default-test) @ mybatis-redis ---
[INFO] 
[INFO] -------------------------------------------------------
[INFO]  T E S T S
[INFO] -------------------------------------------------------
[INFO] Running org.mybatis.caches.redis.SerializerTestCase
[ERROR] WARNING: An illegal reflective access operation has occurred
[ERROR] WARNING: Illegal reflective access by com.esotericsoftware.kryo.unsafe.UnsafeUtil (file:/home/gabsko/.m2/repository/com/esotericsoftware/kryo/5.2.1/kryo-5.2.1.jar) to constructor java.nio.DirectByteBuffer(long,int)
[ERROR] WARNING: Please consider reporting this to the maintainers of com.esotericsoftware.kryo.unsafe.UnsafeUtil
[ERROR] WARNING: Use --illegal-access=warn to enable warnings of further illegal reflective access operations
[ERROR] WARNING: All illegal access operations will be denied in a future release
[ERROR] Tests run: 8, Failures: 0, Errors: 1, Skipped: 0, Time elapsed: 9.26 s <<< FAILURE! - in org.mybatis.caches.redis.SerializerTestCase
[ERROR] org.mybatis.caches.redis.SerializerTestCase.testKryoUnserializeWithoutRegistry  Time elapsed: 0.001 s  <<< ERROR!
com.esotericsoftware.kryo.KryoException: Encountered unregistered class ID: 13994
	at org.mybatis.caches.redis.SerializerTestCase.testKryoUnserializeWithoutRegistry(SerializerTestCase.java:107)

[INFO] Running org.mybatis.caches.redis.RedisConfigurationBuilderTest
[INFO] Tests run: 2, Failures: 0, Errors: 0, Skipped: 0, Time elapsed: 0.008 s - in org.mybatis.caches.redis.RedisConfigurationBuilderTest
[INFO] Running org.mybatis.caches.redis.RedisTestCase
[INFO] Tests run: 7, Failures: 0, Errors: 0, Skipped: 0, Time elapsed: 8.443 s - in org.mybatis.caches.redis.RedisTestCase
[INFO] 
[INFO] Results:
[INFO] 
[ERROR] Errors: 
[ERROR]   SerializerTestCase.testKryoUnserializeWithoutRegistry:107  Kryo Encountered u...
[INFO] 
[ERROR] Tests run: 17, Failures: 0, Errors: 1, Skipped: 0
[INFO] 
[INFO] ------------------------------------------------------------------------
[INFO] BUILD FAILURE
[INFO] ------------------------------------------------------------------------
[INFO] Total time:  23.925 s
[INFO] Finished at: 2023-02-09T00:14:28Z
[INFO] ------------------------------------------------------------------------
[ERROR] Failed to execute goal org.apache.maven.plugins:maven-surefire-plugin:3.0.0-M5:test (default-test) on project mybatis-redis: There are test failures.
[ERROR] 
[ERROR] Please refer to /home/gabsko/breaking-updates/target/surefire-reports for the individual test results.
[ERROR] Please refer to dump files (if any exist) [date].dump, [date]-jvmRun[N].dump and [date].dumpstream.
[ERROR] -> [Help 1]
[ERROR] 
[ERROR] To see the full stack trace of the errors, re-run Maven with the -e switch.
[ERROR] Re-run Maven using the -X switch to enable full debug logging.
[ERROR] 
[ERROR] For more information about the errors and possible solutions, please read the following articles:
[ERROR] [Help 1] http://cwiki.apache.org/confluence/display/MAVEN/MojoFailureException
