[INFO] Scanning for projects...
[INFO] ------------------------------------------------------------------------
[INFO] Reactor Build Order:
[INFO] 
[INFO] Apache Commons JCS                                                 [pom]
[INFO] Apache Commons JCS :: Core                                         [jar]
[INFO] Apache Commons JCS :: JCache                                       [jar]
[INFO] Apache Commons JCS :: JCache TCK                                   [jar]
[INFO] Apache Commons JCS :: JCache Extras                                [jar]
[INFO] Apache Commons JCS :: JCache OpenJPA                               [jar]
[INFO] Apache Commons JCS :: Distribution                                 [pom]
[INFO] 
[INFO] ------------------< org.apache.commons:commons-jcs3 >-------------------
[INFO] Building Apache Commons JCS 3.1-SNAPSHOT                           [1/7]
[INFO] --------------------------------[ pom ]---------------------------------
[INFO] 
[INFO] --- maven-clean-plugin:3.1.0:clean (default-clean) @ commons-jcs3 ---
[INFO] Deleting /home/gabsko/breaking-updates/target
[INFO] 
[INFO] --- maven-enforcer-plugin:3.0.0-M2:enforce (enforce-maven-version) @ commons-jcs3 ---
[INFO] 
[INFO] --- maven-enforcer-plugin:3.0.0-M2:enforce (enforce-maven-3) @ commons-jcs3 ---
[INFO] 
[INFO] --- apache-rat-plugin:0.13:check (rat-check) @ commons-jcs3 ---
[INFO] Enabled default license matchers.
[INFO] Will parse SCM ignores for exclusions...
[INFO] Parsing exclusions from /home/gabsko/breaking-updates/.gitignore
[INFO] Finished adding exclusions from SCM ignore files.
[INFO] 72 implicit excludes (use -debug for more details).
[INFO] 9 explicit excludes (use -debug for more details).
[INFO] 195 resources included (use -debug for more details)
[INFO] Rat check: Summary over all files. Unapproved: 0, unknown: 0, generated: 0, approved: 190 licenses.
[INFO] 
[INFO] --- build-helper-maven-plugin:3.0.0:parse-version (parse-version) @ commons-jcs3 ---
[INFO] 
[INFO] --- maven-antrun-plugin:1.8:run (javadoc.resources) @ commons-jcs3 ---
[INFO] Skipping Antrun execution
[INFO] 
[INFO] --- maven-remote-resources-plugin:1.5:process (process-resource-bundles) @ commons-jcs3 ---
[INFO] 
[INFO] --- buildnumber-maven-plugin:1.4:create (default) @ commons-jcs3 ---
[INFO] Executing: /bin/sh -c cd '/home/gabsko/breaking-updates' && 'git' 'rev-parse' '--verify' 'HEAD'
[INFO] Working directory: /home/gabsko/breaking-updates
[INFO] Storing buildNumber: 838220ccf17a36b9e8c5746e80479fd01f8b55ed at timestamp: 1676043163575
[INFO] Storing buildScmBranch: branch-apache/commons-jcs-838220ccf17a36b9e8c5746e80479fd01f8b55ed
[INFO] 
[INFO] --- maven-bundle-plugin:4.2.1:manifest (bundle-manifest) @ commons-jcs3 ---
[WARNING] Ignoring project type pom - supportedProjectTypes = [jar, bundle]
[INFO] 
[INFO] --- animal-sniffer-maven-plugin:1.18:check (checkAPIcompatibility) @ commons-jcs3 ---
[INFO] Checking unresolved references to org.codehaus.mojo.signature:java18:1.0
[INFO] 
[INFO] ----------------< org.apache.commons:commons-jcs3-core >----------------
[INFO] Building Apache Commons JCS :: Core 3.1-SNAPSHOT                   [2/7]
[INFO] --------------------------------[ jar ]---------------------------------
[INFO] 
[INFO] --- maven-clean-plugin:3.1.0:clean (default-clean) @ commons-jcs3-core ---
[INFO] Deleting /home/gabsko/breaking-updates/commons-jcs-core/target
[INFO] 
[INFO] --- maven-enforcer-plugin:3.0.0-M2:enforce (enforce-maven-version) @ commons-jcs3-core ---
[INFO] 
[INFO] --- maven-enforcer-plugin:3.0.0-M2:enforce (enforce-maven-3) @ commons-jcs3-core ---
[INFO] 
[INFO] --- apache-rat-plugin:0.13:check (rat-check) @ commons-jcs3-core ---
[INFO] Enabled default license matchers.
[INFO] Will parse SCM ignores for exclusions...
[INFO] Finished adding exclusions from SCM ignore files.
[INFO] 62 implicit excludes (use -debug for more details).
[INFO] 9 explicit excludes (use -debug for more details).
[INFO] 493 resources included (use -debug for more details)
[INFO] Rat check: Summary over all files. Unapproved: 0, unknown: 0, generated: 0, approved: 493 licenses.
[INFO] 
[INFO] --- build-helper-maven-plugin:3.0.0:parse-version (parse-version) @ commons-jcs3-core ---
[INFO] 
[INFO] --- maven-antrun-plugin:1.8:run (javadoc.resources) @ commons-jcs3-core ---
[INFO] Skipping Antrun execution
[INFO] 
[INFO] --- maven-remote-resources-plugin:1.5:process (process-resource-bundles) @ commons-jcs3-core ---
[INFO] 
[INFO] --- buildnumber-maven-plugin:1.4:create (default) @ commons-jcs3-core ---
[INFO] Executing: /bin/sh -c cd '/home/gabsko/breaking-updates/commons-jcs-core' && 'git' 'rev-parse' '--verify' 'HEAD'
[INFO] Working directory: /home/gabsko/breaking-updates/commons-jcs-core
[INFO] Storing buildNumber: 838220ccf17a36b9e8c5746e80479fd01f8b55ed at timestamp: 1676043164642
[INFO] Storing buildScmBranch: branch-apache/commons-jcs-838220ccf17a36b9e8c5746e80479fd01f8b55ed
[INFO] 
[INFO] --- maven-resources-plugin:3.1.0:resources (default-resources) @ commons-jcs3-core ---
[INFO] Using 'UTF-8' encoding to copy filtered resources.
[INFO] Copying 1 resource
[INFO] Copying 0 resource to META-INF
[INFO] Copying 3 resources
[INFO] 
[INFO] --- maven-compiler-plugin:3.8.1:compile (default-compile) @ commons-jcs3-core ---
[INFO] Changes detected - recompiling the module!
[INFO] Compiling 233 source files to /home/gabsko/breaking-updates/commons-jcs-core/target/classes
[INFO] /home/gabsko/breaking-updates/commons-jcs-core/src/main/java/org/apache/commons/jcs3/engine/control/CompositeCache.java: Some input files use or override a deprecated API.
[INFO] /home/gabsko/breaking-updates/commons-jcs-core/src/main/java/org/apache/commons/jcs3/engine/control/CompositeCache.java: Recompile with -Xlint:deprecation for details.
[INFO] /home/gabsko/breaking-updates/commons-jcs-core/src/main/java/org/apache/commons/jcs3/auxiliary/remote/RemoteCacheManager.java: Some input files use unchecked or unsafe operations.
[INFO] /home/gabsko/breaking-updates/commons-jcs-core/src/main/java/org/apache/commons/jcs3/auxiliary/remote/RemoteCacheManager.java: Recompile with -Xlint:unchecked for details.
[INFO] 
[INFO] --- maven-bundle-plugin:4.2.1:manifest (bundle-manifest) @ commons-jcs3-core ---
[INFO] 
[INFO] --- maven-resources-plugin:3.1.0:testResources (default-testResources) @ commons-jcs3-core ---
[INFO] Using 'UTF-8' encoding to copy filtered resources.
[INFO] Copying 49 resources
[INFO] Copying 3 resources
[INFO] 
[INFO] --- maven-compiler-plugin:3.8.1:testCompile (default-testCompile) @ commons-jcs3-core ---
[INFO] Changes detected - recompiling the module!
[INFO] Compiling 145 source files to /home/gabsko/breaking-updates/commons-jcs-core/target/test-classes
[INFO] /home/gabsko/breaking-updates/commons-jcs-core/src/test/java/org/apache/commons/jcs3/auxiliary/disk/jdbc/JDBCDiskCacheRemovalUnitTest.java: Some input files use or override a deprecated API.
[INFO] /home/gabsko/breaking-updates/commons-jcs-core/src/test/java/org/apache/commons/jcs3/auxiliary/disk/jdbc/JDBCDiskCacheRemovalUnitTest.java: Recompile with -Xlint:deprecation for details.
[INFO] 
[INFO] --- maven-surefire-plugin:2.22.2:test (default-test) @ commons-jcs3-core ---
[INFO] 
[INFO] -------------------------------------------------------
[INFO]  T E S T S
[INFO] -------------------------------------------------------
[INFO] Running org.apache.commons.jcs3.JCSUnitTest
[INFO] Tests run: 1, Failures: 0, Errors: 0, Skipped: 0, Time elapsed: 0.162 s - in org.apache.commons.jcs3.JCSUnitTest
[INFO] Running org.apache.commons.jcs3.engine.match.KeyMatcherPatternImpllUnitTest
[INFO] Tests run: 3, Failures: 0, Errors: 0, Skipped: 0, Time elapsed: 0.024 s - in org.apache.commons.jcs3.engine.match.KeyMatcherPatternImpllUnitTest
[INFO] Running org.apache.commons.jcs3.engine.ZombieCacheServiceNonLocalUnitTest
[INFO] Tests run: 4, Failures: 0, Errors: 0, Skipped: 0, Time elapsed: 0.061 s - in org.apache.commons.jcs3.engine.ZombieCacheServiceNonLocalUnitTest
[INFO] Running org.apache.commons.jcs3.engine.logging.CacheEventLoggerDebugLoggerUnitTest
[INFO] Tests run: 3, Failures: 0, Errors: 0, Skipped: 0, Time elapsed: 0.061 s - in org.apache.commons.jcs3.engine.logging.CacheEventLoggerDebugLoggerUnitTest
[INFO] Running org.apache.commons.jcs3.engine.memory.soft.SoftReferenceMemoryCacheUnitTest
[INFO] Tests run: 6, Failures: 0, Errors: 0, Skipped: 0, Time elapsed: 0.176 s - in org.apache.commons.jcs3.engine.memory.soft.SoftReferenceMemoryCacheUnitTest
[INFO] Running org.apache.commons.jcs3.engine.memory.mru.MRUMemoryCacheUnitTest
[INFO] Tests run: 8, Failures: 0, Errors: 0, Skipped: 0, Time elapsed: 0.334 s - in org.apache.commons.jcs3.engine.memory.mru.MRUMemoryCacheUnitTest
[INFO] Running org.apache.commons.jcs3.engine.memory.shrinking.ShrinkerThreadUnitTest
[INFO] Tests run: 7, Failures: 0, Errors: 0, Skipped: 0, Time elapsed: 1.581 s - in org.apache.commons.jcs3.engine.memory.shrinking.ShrinkerThreadUnitTest
[INFO] Running org.apache.commons.jcs3.engine.memory.lru.LHMLRUMemoryCacheConcurrentUnitTest
[INFO] Tests run: 1, Failures: 0, Errors: 0, Skipped: 0, Time elapsed: 0.175 s - in org.apache.commons.jcs3.engine.memory.lru.LHMLRUMemoryCacheConcurrentUnitTest
[INFO] Running org.apache.commons.jcs3.engine.memory.lru.LHMLRUMemoryCacheUnitTest
[INFO] Tests run: 8, Failures: 0, Errors: 0, Skipped: 0, Time elapsed: 0.21 s - in org.apache.commons.jcs3.engine.memory.lru.LHMLRUMemoryCacheUnitTest
[INFO] Running org.apache.commons.jcs3.engine.memory.lru.LRUMemoryCacheConcurrentUnitTest
[INFO] Tests run: 1, Failures: 0, Errors: 0, Skipped: 0, Time elapsed: 0.22 s - in org.apache.commons.jcs3.engine.memory.lru.LRUMemoryCacheConcurrentUnitTest
[INFO] Running org.apache.commons.jcs3.engine.memory.fifo.FIFOMemoryCacheUnitTest
[onemore, key2, key5, key6, key3, key4, key9, key7, key8, key10]
[INFO] Tests run: 2, Failures: 0, Errors: 0, Skipped: 0, Time elapsed: 0.066 s - in org.apache.commons.jcs3.engine.memory.fifo.FIFOMemoryCacheUnitTest
[INFO] Running org.apache.commons.jcs3.engine.control.event.SimpleEventHandlingUnitTest
[INFO] Tests run: 7, Failures: 0, Errors: 0, Skipped: 0, Time elapsed: 9.365 s - in org.apache.commons.jcs3.engine.control.event.SimpleEventHandlingUnitTest
[INFO] Running org.apache.commons.jcs3.engine.control.CompositeCacheUnitTest
[INFO] Tests run: 5, Failures: 0, Errors: 0, Skipped: 0, Time elapsed: 0.081 s - in org.apache.commons.jcs3.engine.control.CompositeCacheUnitTest
[INFO] Running org.apache.commons.jcs3.engine.control.CompositeCacheDiskUsageUnitTest
[INFO] Tests run: 8, Failures: 0, Errors: 0, Skipped: 0, Time elapsed: 0.201 s - in org.apache.commons.jcs3.engine.control.CompositeCacheDiskUsageUnitTest
[INFO] Running org.apache.commons.jcs3.engine.control.CompositeCacheConfiguratorUnitTest
[INFO] Tests run: 2, Failures: 0, Errors: 0, Skipped: 0, Time elapsed: 0.186 s - in org.apache.commons.jcs3.engine.control.CompositeCacheConfiguratorUnitTest
[INFO] Running org.apache.commons.jcs3.engine.control.CacheManagerStatsUnitTest
[INFO] Tests run: 1, Failures: 0, Errors: 0, Skipped: 0, Time elapsed: 0.159 s - in org.apache.commons.jcs3.engine.control.CacheManagerStatsUnitTest
[INFO] Running org.apache.commons.jcs3.engine.CacheEventQueueFactoryUnitTest
[INFO] Tests run: 2, Failures: 0, Errors: 0, Skipped: 0, Time elapsed: 0.071 s - in org.apache.commons.jcs3.engine.CacheEventQueueFactoryUnitTest
[INFO] Running org.apache.commons.jcs3.engine.SystemPropertyUsageUnitTest
[INFO] Tests run: 2, Failures: 0, Errors: 0, Skipped: 0, Time elapsed: 0.181 s - in org.apache.commons.jcs3.engine.SystemPropertyUsageUnitTest
[INFO] Running org.apache.commons.jcs3.JCSLightLoadUnitTest
[INFO] Tests run: 1, Failures: 0, Errors: 0, Skipped: 0, Time elapsed: 0.225 s - in org.apache.commons.jcs3.JCSLightLoadUnitTest
[INFO] Running org.apache.commons.jcs3.utils.config.PropertySetterUnitTest
[INFO] Tests run: 1, Failures: 0, Errors: 0, Skipped: 0, Time elapsed: 0.061 s - in org.apache.commons.jcs3.utils.config.PropertySetterUnitTest
[INFO] Running org.apache.commons.jcs3.utils.net.HostNameUtilUnitTest
[INFO] Tests run: 1, Failures: 0, Errors: 0, Skipped: 0, Time elapsed: 0.037 s - in org.apache.commons.jcs3.utils.net.HostNameUtilUnitTest
[INFO] Running org.apache.commons.jcs3.utils.discovery.UDPDiscoveryServiceUnitTest
[INFO] Tests run: 4, Failures: 0, Errors: 0, Skipped: 0, Time elapsed: 0.084 s - in org.apache.commons.jcs3.utils.discovery.UDPDiscoveryServiceUnitTest
[INFO] Running org.apache.commons.jcs3.utils.threadpool.ThreadPoolManagerUnitTest
[INFO] Tests run: 3, Failures: 0, Errors: 0, Skipped: 0, Time elapsed: 0.075 s - in org.apache.commons.jcs3.utils.threadpool.ThreadPoolManagerUnitTest
[INFO] Running org.apache.commons.jcs3.utils.zip.CompressionUtilUnitTest
[INFO] Tests run: 3, Failures: 0, Errors: 0, Skipped: 0, Time elapsed: 0.048 s - in org.apache.commons.jcs3.utils.zip.CompressionUtilUnitTest
[INFO] Running org.apache.commons.jcs3.utils.access.JCSWorkerUnitTest
[INFO] Tests run: 1, Failures: 0, Errors: 0, Skipped: 0, Time elapsed: 0.148 s - in org.apache.commons.jcs3.utils.access.JCSWorkerUnitTest
[INFO] Running org.apache.commons.jcs3.utils.struct.DoubleLinkedListDumpUnitTest
[INFO] Tests run: 1, Failures: 0, Errors: 0, Skipped: 0, Time elapsed: 0.037 s - in org.apache.commons.jcs3.utils.struct.DoubleLinkedListDumpUnitTest
[INFO] Running org.apache.commons.jcs3.utils.struct.LRUMapConcurrentUnitTest
[INFO] Tests run: 8, Failures: 0, Errors: 0, Skipped: 0, Time elapsed: 0.163 s - in org.apache.commons.jcs3.utils.struct.LRUMapConcurrentUnitTest
[INFO] Running org.apache.commons.jcs3.utils.struct.DoubleLinkedListUnitTest
[INFO] Tests run: 6, Failures: 0, Errors: 0, Skipped: 0, Time elapsed: 0.047 s - in org.apache.commons.jcs3.utils.struct.DoubleLinkedListUnitTest
[INFO] Running org.apache.commons.jcs3.utils.struct.LRUMapUnitTest
[INFO] Tests run: 5, Failures: 0, Errors: 0, Skipped: 0, Time elapsed: 0.039 s - in org.apache.commons.jcs3.utils.struct.LRUMapUnitTest
[INFO] Running org.apache.commons.jcs3.utils.serialization.StandardSerializerUnitTest
[INFO] Tests run: 3, Failures: 0, Errors: 0, Skipped: 0, Time elapsed: 0.029 s - in org.apache.commons.jcs3.utils.serialization.StandardSerializerUnitTest
[INFO] Running org.apache.commons.jcs3.utils.serialization.SerializerUnitTest
[INFO] Tests run: 1, Failures: 0, Errors: 0, Skipped: 0, Time elapsed: 0.321 s - in org.apache.commons.jcs3.utils.serialization.SerializerUnitTest
[INFO] Running org.apache.commons.jcs3.utils.serialization.CompressingSerializerUnitTest
[INFO] Tests run: 4, Failures: 0, Errors: 0, Skipped: 0, Time elapsed: 0.04 s - in org.apache.commons.jcs3.utils.serialization.CompressingSerializerUnitTest
[INFO] Running org.apache.commons.jcs3.utils.serialization.SerializationConversionUtilUnitTest
[INFO] Tests run: 5, Failures: 0, Errors: 0, Skipped: 0, Time elapsed: 0.04 s - in org.apache.commons.jcs3.utils.serialization.SerializationConversionUtilUnitTest
[INFO] Running org.apache.commons.jcs3.utils.serialization.EncryptingSerializerUnitTest
[INFO] Tests run: 3, Failures: 0, Errors: 0, Skipped: 0, Time elapsed: 0.07 s - in org.apache.commons.jcs3.utils.serialization.EncryptingSerializerUnitTest
[INFO] Running org.apache.commons.jcs3.auxiliary.disk.block.BlockDiskUnitTest
[INFO] Tests run: 12, Failures: 0, Errors: 0, Skipped: 0, Time elapsed: 0.188 s - in org.apache.commons.jcs3.auxiliary.disk.block.BlockDiskUnitTest
[INFO] Running org.apache.commons.jcs3.auxiliary.disk.block.BlockDiskCacheSizeUnitTest
[INFO] Tests run: 12, Failures: 0, Errors: 0, Skipped: 0, Time elapsed: 9.712 s - in org.apache.commons.jcs3.auxiliary.disk.block.BlockDiskCacheSizeUnitTest
[INFO] Running org.apache.commons.jcs3.auxiliary.disk.block.BlockDiskCacheSameRegionConcurrentUnitTest
[INFO] Tests run: 4, Failures: 0, Errors: 0, Skipped: 0, Time elapsed: 0.525 s - in org.apache.commons.jcs3.auxiliary.disk.block.BlockDiskCacheSameRegionConcurrentUnitTest
[INFO] Running org.apache.commons.jcs3.auxiliary.disk.block.BlockDiskCacheKeyStoreUnitTest
[INFO] Tests run: 5, Failures: 0, Errors: 0, Skipped: 0, Time elapsed: 0.884 s - in org.apache.commons.jcs3.auxiliary.disk.block.BlockDiskCacheKeyStoreUnitTest
[INFO] Running org.apache.commons.jcs3.auxiliary.disk.block.BlockDiskCacheCountUnitTest
[INFO] Tests run: 12, Failures: 0, Errors: 0, Skipped: 0, Time elapsed: 9.753 s - in org.apache.commons.jcs3.auxiliary.disk.block.BlockDiskCacheCountUnitTest
[INFO] Running org.apache.commons.jcs3.auxiliary.disk.block.BlockDiskCacheConcurrentUnitTest
[INFO] Tests run: 4, Failures: 0, Errors: 0, Skipped: 0, Time elapsed: 0.378 s - in org.apache.commons.jcs3.auxiliary.disk.block.BlockDiskCacheConcurrentUnitTest
[INFO] Running org.apache.commons.jcs3.auxiliary.disk.PurgatoryElementUnitTest
[INFO] Tests run: 3, Failures: 0, Errors: 0, Skipped: 0, Time elapsed: 0.022 s - in org.apache.commons.jcs3.auxiliary.disk.PurgatoryElementUnitTest
[INFO] Running org.apache.commons.jcs3.auxiliary.disk.indexed.IndexedDiskCacheSameRegionConcurrentUnitTest
[INFO] Tests run: 5, Failures: 0, Errors: 0, Skipped: 0, Time elapsed: 0.596 s - in org.apache.commons.jcs3.auxiliary.disk.indexed.IndexedDiskCacheSameRegionConcurrentUnitTest
[INFO] Running org.apache.commons.jcs3.auxiliary.disk.indexed.IndexedDiskCacheKeyStoreUnitTest
[INFO] Tests run: 2, Failures: 0, Errors: 0, Skipped: 0, Time elapsed: 0.112 s - in org.apache.commons.jcs3.auxiliary.disk.indexed.IndexedDiskCacheKeyStoreUnitTest
[INFO] Running org.apache.commons.jcs3.auxiliary.disk.indexed.IndexedDiskCacheConcurrentNoDeadLockUnitTest
[INFO] Tests run: 5, Failures: 0, Errors: 0, Skipped: 0, Time elapsed: 1.629 s - in org.apache.commons.jcs3.auxiliary.disk.indexed.IndexedDiskCacheConcurrentNoDeadLockUnitTest
[INFO] Running org.apache.commons.jcs3.auxiliary.disk.indexed.IndexDiskCacheCountUnitTest
[INFO] Tests run: 25, Failures: 0, Errors: 0, Skipped: 0, Time elapsed: 5.496 s - in org.apache.commons.jcs3.auxiliary.disk.indexed.IndexDiskCacheCountUnitTest
[INFO] Running org.apache.commons.jcs3.auxiliary.disk.indexed.IndexedDiskCacheNoMemoryUnitTest
[INFO] Tests run: 3, Failures: 0, Errors: 0, Skipped: 0, Time elapsed: 0.665 s - in org.apache.commons.jcs3.auxiliary.disk.indexed.IndexedDiskCacheNoMemoryUnitTest
[INFO] Running org.apache.commons.jcs3.auxiliary.disk.indexed.IndexedDiskCacheConcurrentUnitTest
[INFO] Tests run: 4, Failures: 0, Errors: 0, Skipped: 0, Time elapsed: 0.273 s - in org.apache.commons.jcs3.auxiliary.disk.indexed.IndexedDiskCacheConcurrentUnitTest
[INFO] Running org.apache.commons.jcs3.auxiliary.disk.indexed.IndexedDiskCacheOptimizationUnitTest
[INFO] Tests run: 1, Failures: 0, Errors: 0, Skipped: 0, Time elapsed: 3.14 s - in org.apache.commons.jcs3.auxiliary.disk.indexed.IndexedDiskCacheOptimizationUnitTest
[INFO] Running org.apache.commons.jcs3.auxiliary.disk.indexed.IndexDiskCacheSizeUnitTest
[INFO] Tests run: 25, Failures: 0, Errors: 0, Skipped: 0, Time elapsed: 5.564 s - in org.apache.commons.jcs3.auxiliary.disk.indexed.IndexDiskCacheSizeUnitTest
[INFO] Running org.apache.commons.jcs3.auxiliary.disk.jdbc.JDBCDiskCacheUnitTest
[INFO] Tests run: 2, Failures: 0, Errors: 0, Skipped: 0, Time elapsed: 1.678 s - in org.apache.commons.jcs3.auxiliary.disk.jdbc.JDBCDiskCacheUnitTest
[INFO] Running org.apache.commons.jcs3.auxiliary.disk.jdbc.JDBCDiskCacheSharedPoolUnitTest
[INFO] Tests run: 1, Failures: 0, Errors: 0, Skipped: 0, Time elapsed: 1.638 s - in org.apache.commons.jcs3.auxiliary.disk.jdbc.JDBCDiskCacheSharedPoolUnitTest
[INFO] Running org.apache.commons.jcs3.auxiliary.disk.jdbc.JDBCDataSourceFactoryUnitTest
[INFO] Tests run: 3, Failures: 0, Errors: 0, Skipped: 0, Time elapsed: 0.142 s - in org.apache.commons.jcs3.auxiliary.disk.jdbc.JDBCDataSourceFactoryUnitTest
[INFO] Running org.apache.commons.jcs3.auxiliary.disk.jdbc.mysql.MySQLDiskCacheHsqlBackedUnitTest
[INFO] Tests run: 2, Failures: 0, Errors: 0, Skipped: 0, Time elapsed: 2.56 s - in org.apache.commons.jcs3.auxiliary.disk.jdbc.mysql.MySQLDiskCacheHsqlBackedUnitTest
[INFO] Running org.apache.commons.jcs3.auxiliary.disk.jdbc.mysql.MySQLDiskCacheUnitTest
[INFO] Tests run: 1, Failures: 0, Errors: 0, Skipped: 0, Time elapsed: 0.11 s - in org.apache.commons.jcs3.auxiliary.disk.jdbc.mysql.MySQLDiskCacheUnitTest
[INFO] Running org.apache.commons.jcs3.auxiliary.disk.jdbc.mysql.util.ScheduleParserUtilUnitTest
[INFO] Tests run: 6, Failures: 0, Errors: 0, Skipped: 0, Time elapsed: 0.037 s - in org.apache.commons.jcs3.auxiliary.disk.jdbc.mysql.util.ScheduleParserUtilUnitTest
[INFO] Running org.apache.commons.jcs3.auxiliary.disk.jdbc.JDBCDiskCacheShrinkUnitTest
[INFO] Tests run: 3, Failures: 0, Errors: 0, Skipped: 0, Time elapsed: 7.655 s - in org.apache.commons.jcs3.auxiliary.disk.jdbc.JDBCDiskCacheShrinkUnitTest
[INFO] Running org.apache.commons.jcs3.auxiliary.disk.jdbc.hsql.HSQLDiskCacheUnitTest
[INFO] Tests run: 3, Failures: 0, Errors: 0, Skipped: 0, Time elapsed: 0.564 s - in org.apache.commons.jcs3.auxiliary.disk.jdbc.hsql.HSQLDiskCacheUnitTest
[INFO] Running org.apache.commons.jcs3.auxiliary.disk.jdbc.hsql.HSQLDiskCacheConcurrentUnitTest
[INFO] Tests run: 3, Failures: 0, Errors: 0, Skipped: 0, Time elapsed: 0.82 s - in org.apache.commons.jcs3.auxiliary.disk.jdbc.hsql.HSQLDiskCacheConcurrentUnitTest
[INFO] Running org.apache.commons.jcs3.auxiliary.disk.jdbc.JDBCDiskCacheRemovalUnitTest
[INFO] Tests run: 1, Failures: 0, Errors: 0, Skipped: 0, Time elapsed: 1.389 s - in org.apache.commons.jcs3.auxiliary.disk.jdbc.JDBCDiskCacheRemovalUnitTest
[INFO] Running org.apache.commons.jcs3.auxiliary.disk.AbstractDiskCacheUnitTest
[INFO] Tests run: 4, Failures: 0, Errors: 0, Skipped: 0, Time elapsed: 0.181 s - in org.apache.commons.jcs3.auxiliary.disk.AbstractDiskCacheUnitTest
[INFO] Running org.apache.commons.jcs3.auxiliary.AuxiliaryCacheConfiguratorUnitTest
[INFO] Tests run: 5, Failures: 0, Errors: 0, Skipped: 0, Time elapsed: 0.086 s - in org.apache.commons.jcs3.auxiliary.AuxiliaryCacheConfiguratorUnitTest
[INFO] Running org.apache.commons.jcs3.auxiliary.lateral.LateralCacheNoWaitFacadeUnitTest
[INFO] Tests run: 4, Failures: 0, Errors: 0, Skipped: 0, Time elapsed: 0.092 s - in org.apache.commons.jcs3.auxiliary.lateral.LateralCacheNoWaitFacadeUnitTest
[INFO] Running org.apache.commons.jcs3.auxiliary.lateral.socket.tcp.TestTCPLateralUnitTest
[INFO] Tests run: 7, Failures: 0, Errors: 0, Skipped: 0, Time elapsed: 9.819 s - in org.apache.commons.jcs3.auxiliary.lateral.socket.tcp.TestTCPLateralUnitTest
[INFO] Running org.apache.commons.jcs3.auxiliary.lateral.socket.tcp.LateralTCPFilterRemoveHashCodeUnitTest
[INFO] Tests run: 1, Failures: 0, Errors: 0, Skipped: 0, Time elapsed: 0.727 s - in org.apache.commons.jcs3.auxiliary.lateral.socket.tcp.LateralTCPFilterRemoveHashCodeUnitTest
[INFO] Running org.apache.commons.jcs3.auxiliary.lateral.socket.tcp.LateralTCPIssueRemoveOnPutUnitTest
[INFO] Tests run: 2, Failures: 0, Errors: 0, Skipped: 0, Time elapsed: 1.628 s - in org.apache.commons.jcs3.auxiliary.lateral.socket.tcp.LateralTCPIssueRemoveOnPutUnitTest
[INFO] Running org.apache.commons.jcs3.auxiliary.lateral.socket.tcp.LateralTCPDiscoveryListenerUnitTest
[INFO] Tests run: 8, Failures: 0, Errors: 0, Skipped: 0, Time elapsed: 0.218 s - in org.apache.commons.jcs3.auxiliary.lateral.socket.tcp.LateralTCPDiscoveryListenerUnitTest
[INFO] Running org.apache.commons.jcs3.auxiliary.remote.RemoteCacheNoWaitFacadeUnitTest
[INFO] Tests run: 1, Failures: 0, Errors: 0, Skipped: 0, Time elapsed: 0.067 s - in org.apache.commons.jcs3.auxiliary.remote.RemoteCacheNoWaitFacadeUnitTest
[INFO] Running org.apache.commons.jcs3.auxiliary.remote.ZombieRemoteCacheServiceUnitTest
[INFO] Tests run: 4, Failures: 0, Errors: 0, Skipped: 0, Time elapsed: 0.06 s - in org.apache.commons.jcs3.auxiliary.remote.ZombieRemoteCacheServiceUnitTest
[INFO] Running org.apache.commons.jcs3.auxiliary.remote.http.client.RemoteHttpCacheFactoryUnitTest
[INFO] Tests run: 3, Failures: 0, Errors: 0, Skipped: 0, Time elapsed: 0.239 s - in org.apache.commons.jcs3.auxiliary.remote.http.client.RemoteHttpCacheFactoryUnitTest
[INFO] Running org.apache.commons.jcs3.auxiliary.remote.http.client.RemoteHttpCacheClientUnitTest
[INFO] Tests run: 8, Failures: 0, Errors: 0, Skipped: 0, Time elapsed: 0.354 s - in org.apache.commons.jcs3.auxiliary.remote.http.client.RemoteHttpCacheClientUnitTest
[INFO] Running org.apache.commons.jcs3.auxiliary.remote.http.server.RemoteHttpCacheServletUnitTest
[INFO] Tests run: 7, Failures: 0, Errors: 0, Skipped: 0, Time elapsed: 0.236 s - in org.apache.commons.jcs3.auxiliary.remote.http.server.RemoteHttpCacheServletUnitTest
[INFO] Running org.apache.commons.jcs3.auxiliary.remote.http.server.RemoteHttpCacheServiceUnitTest
[INFO] Tests run: 6, Failures: 0, Errors: 0, Skipped: 0, Time elapsed: 0.096 s - in org.apache.commons.jcs3.auxiliary.remote.http.server.RemoteHttpCacheServiceUnitTest
[INFO] Running org.apache.commons.jcs3.auxiliary.remote.server.RemoteCacheServerUnitTest
[INFO] Tests run: 13, Failures: 0, Errors: 0, Skipped: 0, Time elapsed: 1.471 s - in org.apache.commons.jcs3.auxiliary.remote.server.RemoteCacheServerUnitTest
[INFO] Running org.apache.commons.jcs3.auxiliary.remote.server.BasicRemoteCacheClientServerUnitTest
localhost=localhost/127.0.0.1
InetAddress.getLocalHost()=repairnator/127.0.1.1
Found: /fe80:0:0:0:4c8e:d5ff:fe3a:9b3e%veth3686a56 isLoopback: false isSiteLocal: false
Found: /fe80:0:0:0:d085:3bff:fef5:da8a%vethdffbab3 isLoopback: false isSiteLocal: false
Found: /fe80:0:0:0:ecee:eeff:feee:eeee%cali6d94c70c663 isLoopback: false isSiteLocal: false
Found: /fe80:0:0:0:ecee:eeff:feee:eeee%cali784f4284df0 isLoopback: false isSiteLocal: false
Found: /fe80:0:0:0:ecee:eeff:feee:eeee%cali8b36ed6a686 isLoopback: false isSiteLocal: false
Found: /fe80:0:0:0:f822:aeff:fecc:4c2f%vetha72107e isLoopback: false isSiteLocal: false
Found: /fe80:0:0:0:e431:76ff:fef5:69a0%vethf1ec9e7 isLoopback: false isSiteLocal: false
Found: /fe80:0:0:0:94b8:64ff:fe1d:346c%vxlan-6784 isLoopback: false isSiteLocal: false
Found: /fe80:0:0:0:a4db:79ff:fe71:bedf%veth78bd252 isLoopback: false isSiteLocal: false
Found: /fe80:0:0:0:ac3b:a4ff:fe97:4bc5%vethwe-bridge isLoopback: false isSiteLocal: false
Found: /fe80:0:0:0:a403:99ff:fe26:fbf9%veth70377b5 isLoopback: false isSiteLocal: false
Found: /fe80:0:0:0:4cf6:cff:fe7f:2b31%vetheee7871 isLoopback: false isSiteLocal: false
Found: /fe80:0:0:0:50a7:70ff:feca:b777%vethwe-datapath isLoopback: false isSiteLocal: false
Found: /fe80:0:0:0:7462:4bff:fe20:54af%datapath isLoopback: false isSiteLocal: false
Found: /fe80:0:0:0:42:d2ff:fe75:8104%br-cee0c3bc9efd isLoopback: false isSiteLocal: false
Found: /172.22.0.1 isLoopback: false isSiteLocal: true *
Found: /fe80:0:0:0:42:beff:fe13:ca60%br-e4e840885e9c isLoopback: false isSiteLocal: false
Found: /172.18.0.1 isLoopback: false isSiteLocal: true *
Found: /192.168.12.128 isLoopback: false isSiteLocal: true *
Found: /fe80:0:0:0:9014:9cff:fee8:2249%weave isLoopback: false isSiteLocal: false
Found: /10.42.0.0 isLoopback: false isSiteLocal: true *
Found: /fe80:0:0:0:42:6aff:fe75:8c4d%docker0 isLoopback: false isSiteLocal: false
Found: /172.17.0.1 isLoopback: false isSiteLocal: true *
Found: /fe80:0:0:0:6d4:c4ff:fe5b:94c0%enp180s0f0 isLoopback: false isSiteLocal: false
Found: /2001:6b0:1:1de0:6d4:c4ff:fe5b:94c0%enp180s0f0 isLoopback: false isSiteLocal: false
Found: /130.237.222.185 isLoopback: false isSiteLocal: false
Found: /0:0:0:0:0:0:0:1%lo isLoopback: true isSiteLocal: false
Found: /127.0.0.1 isLoopback: true isSiteLocal: false
Renamed log file? false
[INFO] Tests run: 5, Failures: 0, Errors: 0, Skipped: 0, Time elapsed: 2.505 s - in org.apache.commons.jcs3.auxiliary.remote.server.BasicRemoteCacheClientServerUnitTest
[INFO] Running org.apache.commons.jcs3.auxiliary.remote.server.RemoteCacheServerFactoryUnitTest
[INFO] Tests run: 10, Failures: 0, Errors: 0, Skipped: 0, Time elapsed: 0.084 s - in org.apache.commons.jcs3.auxiliary.remote.server.RemoteCacheServerFactoryUnitTest
[INFO] Running org.apache.commons.jcs3.auxiliary.remote.server.TimeoutConfigurableRMISocketFactoryUnitTest
[INFO] Tests run: 1, Failures: 0, Errors: 0, Skipped: 0, Time elapsed: 0.021 s - in org.apache.commons.jcs3.auxiliary.remote.server.TimeoutConfigurableRMISocketFactoryUnitTest
[INFO] Running org.apache.commons.jcs3.auxiliary.remote.server.RemoteCacheServerAttributesUnitTest
[INFO] Tests run: 3, Failures: 0, Errors: 0, Skipped: 0, Time elapsed: 0.02 s - in org.apache.commons.jcs3.auxiliary.remote.server.RemoteCacheServerAttributesUnitTest
[INFO] Running org.apache.commons.jcs3.auxiliary.remote.RemoteCacheNoWaitUnitTest
[INFO] Tests run: 7, Failures: 0, Errors: 0, Skipped: 0, Time elapsed: 0.157 s - in org.apache.commons.jcs3.auxiliary.remote.RemoteCacheNoWaitUnitTest
[INFO] Running org.apache.commons.jcs3.auxiliary.remote.util.RemoteCacheRequestFactoryUnitTest
[INFO] Tests run: 6, Failures: 0, Errors: 0, Skipped: 0, Time elapsed: 0.054 s - in org.apache.commons.jcs3.auxiliary.remote.util.RemoteCacheRequestFactoryUnitTest
[INFO] Running org.apache.commons.jcs3.auxiliary.remote.RemoteUtilsUnitTest
[INFO] Tests run: 3, Failures: 0, Errors: 0, Skipped: 0, Time elapsed: 0.127 s - in org.apache.commons.jcs3.auxiliary.remote.RemoteUtilsUnitTest
[INFO] Running org.apache.commons.jcs3.auxiliary.remote.RemoteCacheUnitTest
[INFO] Tests run: 10, Failures: 0, Errors: 0, Skipped: 0, Time elapsed: 0.099 s - in org.apache.commons.jcs3.auxiliary.remote.RemoteCacheUnitTest
[INFO] Running org.apache.commons.jcs3.auxiliary.remote.RemoteCacheListenerUnitTest
[INFO] Tests run: 2, Failures: 0, Errors: 0, Skipped: 0, Time elapsed: 0.12 s - in org.apache.commons.jcs3.auxiliary.remote.RemoteCacheListenerUnitTest
[INFO] Running org.apache.commons.jcs3.JCSConcurrentCacheAccessUnitTest
[INFO] Tests run: 1, Failures: 0, Errors: 0, Skipped: 0, Time elapsed: 1.119 s - in org.apache.commons.jcs3.JCSConcurrentCacheAccessUnitTest
[INFO] Running org.apache.commons.jcs3.ZeroSizeCacheUnitTest
[INFO] Tests run: 1, Failures: 0, Errors: 0, Skipped: 0, Time elapsed: 0.728 s - in org.apache.commons.jcs3.ZeroSizeCacheUnitTest
[INFO] Running org.apache.commons.jcs3.access.GroupCacheAccessUnitTest
[INFO] Tests run: 6, Failures: 0, Errors: 0, Skipped: 0, Time elapsed: 0.168 s - in org.apache.commons.jcs3.access.GroupCacheAccessUnitTest
[INFO] Running org.apache.commons.jcs3.access.SystemPropertyUnitTest
[INFO] Tests run: 2, Failures: 0, Errors: 0, Skipped: 0, Time elapsed: 0.179 s - in org.apache.commons.jcs3.access.SystemPropertyUnitTest
[INFO] Running org.apache.commons.jcs3.access.CacheAccessUnitTest
[INFO] Tests run: 10, Failures: 0, Errors: 0, Skipped: 0, Time elapsed: 0.177 s - in org.apache.commons.jcs3.access.CacheAccessUnitTest
[INFO] Running org.apache.commons.jcs3.admin.AdminBeanUnitTest
[INFO] Tests run: 4, Failures: 0, Errors: 0, Skipped: 0, Time elapsed: 0.16 s - in org.apache.commons.jcs3.admin.AdminBeanUnitTest
[INFO] Running org.apache.commons.jcs3.admin.CountingStreamUnitTest
[INFO] Tests run: 3, Failures: 0, Errors: 0, Skipped: 0, Time elapsed: 0.019 s - in org.apache.commons.jcs3.admin.CountingStreamUnitTest
[INFO] Running org.apache.commons.jcs3.JCSCacheElementRetrievalUnitTest
[INFO] Tests run: 1, Failures: 0, Errors: 0, Skipped: 0, Time elapsed: 0.165 s - in org.apache.commons.jcs3.JCSCacheElementRetrievalUnitTest
[INFO] 
[INFO] Results:
[INFO] 
[INFO] Tests run: 416, Failures: 0, Errors: 0, Skipped: 0
[INFO] 
[INFO] 
[INFO] ---------------< org.apache.commons:commons-jcs3-jcache >---------------
[INFO] Building Apache Commons JCS :: JCache 3.1-SNAPSHOT                 [3/7]
[INFO] --------------------------------[ jar ]---------------------------------
[INFO] 
[INFO] --- maven-clean-plugin:3.1.0:clean (default-clean) @ commons-jcs3-jcache ---
[INFO] Deleting /home/gabsko/breaking-updates/commons-jcs-jcache/target
[INFO] 
[INFO] --- maven-enforcer-plugin:3.0.0-M2:enforce (enforce-maven-version) @ commons-jcs3-jcache ---
[INFO] 
[INFO] --- maven-enforcer-plugin:3.0.0-M2:enforce (enforce-maven-3) @ commons-jcs3-jcache ---
[INFO] 
[INFO] --- apache-rat-plugin:0.13:check (rat-check) @ commons-jcs3-jcache ---
[INFO] Enabled default license matchers.
[INFO] Will parse SCM ignores for exclusions...
[INFO] Finished adding exclusions from SCM ignore files.
[INFO] 62 implicit excludes (use -debug for more details).
[INFO] 9 explicit excludes (use -debug for more details).
[INFO] 51 resources included (use -debug for more details)
[INFO] Rat check: Summary over all files. Unapproved: 0, unknown: 0, generated: 0, approved: 51 licenses.
[INFO] 
[INFO] --- build-helper-maven-plugin:3.0.0:parse-version (parse-version) @ commons-jcs3-jcache ---
[INFO] 
[INFO] --- maven-antrun-plugin:1.8:run (javadoc.resources) @ commons-jcs3-jcache ---
[INFO] Skipping Antrun execution
[INFO] 
[INFO] --- maven-remote-resources-plugin:1.5:process (process-resource-bundles) @ commons-jcs3-jcache ---
[INFO] 
[INFO] --- buildnumber-maven-plugin:1.4:create (default) @ commons-jcs3-jcache ---
[INFO] Executing: /bin/sh -c cd '/home/gabsko/breaking-updates/commons-jcs-jcache' && 'git' 'rev-parse' '--verify' 'HEAD'
[INFO] Working directory: /home/gabsko/breaking-updates/commons-jcs-jcache
[INFO] Storing buildNumber: 838220ccf17a36b9e8c5746e80479fd01f8b55ed at timestamp: 1676043332430
[INFO] Storing buildScmBranch: branch-apache/commons-jcs-838220ccf17a36b9e8c5746e80479fd01f8b55ed
[INFO] 
[INFO] --- maven-resources-plugin:3.1.0:resources (default-resources) @ commons-jcs3-jcache ---
[INFO] Using 'UTF-8' encoding to copy filtered resources.
[INFO] Copying 2 resources
[INFO] Copying 0 resource to META-INF
[INFO] Copying 3 resources
[INFO] 
[INFO] --- maven-compiler-plugin:3.8.1:compile (default-compile) @ commons-jcs3-jcache ---
[INFO] Changes detected - recompiling the module!
[INFO] Compiling 44 source files to /home/gabsko/breaking-updates/commons-jcs-jcache/target/classes
[INFO] /home/gabsko/breaking-updates/commons-jcs-jcache/src/main/java/org/apache/commons/jcs3/jcache/lang/Lang3Substitutor.java: Some input files use or override a deprecated API.
[INFO] /home/gabsko/breaking-updates/commons-jcs-jcache/src/main/java/org/apache/commons/jcs3/jcache/lang/Lang3Substitutor.java: Recompile with -Xlint:deprecation for details.
[INFO] /home/gabsko/breaking-updates/commons-jcs-jcache/src/main/java/org/apache/commons/jcs3/jcache/TempStateCacheView.java: Some input files use unchecked or unsafe operations.
[INFO] /home/gabsko/breaking-updates/commons-jcs-jcache/src/main/java/org/apache/commons/jcs3/jcache/TempStateCacheView.java: Recompile with -Xlint:unchecked for details.
[INFO] 
[INFO] --- maven-bundle-plugin:4.2.1:manifest (bundle-manifest) @ commons-jcs3-jcache ---
[INFO] 
[INFO] --- animal-sniffer-maven-plugin:1.18:check (checkAPIcompatibility) @ commons-jcs3-jcache ---
[INFO] Checking unresolved references to org.codehaus.mojo.signature:java18:1.0
[INFO] 
[INFO] --- maven-resources-plugin:3.1.0:testResources (default-testResources) @ commons-jcs3-jcache ---
[INFO] Using 'UTF-8' encoding to copy filtered resources.
[INFO] skip non existing resourceDirectory /home/gabsko/breaking-updates/commons-jcs-jcache/src/test/resources
[INFO] Copying 0 resource to META-INF
[INFO] Copying 3 resources
[INFO] 
[INFO] --- maven-compiler-plugin:3.8.1:testCompile (default-testCompile) @ commons-jcs3-jcache ---
[INFO] Changes detected - recompiling the module!
[INFO] Compiling 6 source files to /home/gabsko/breaking-updates/commons-jcs-jcache/target/test-classes
[INFO] 
[INFO] --- maven-surefire-plugin:2.22.2:test (default-test) @ commons-jcs3-jcache ---
[INFO] 
[INFO] -------------------------------------------------------
[INFO]  T E S T S
[INFO] -------------------------------------------------------
[INFO] Running org.apache.commons.jcs3.jcache.ExpiryListenerTest
Feb 10, 2023 3:35:33 PM org.apache.commons.jcs3.engine.control.CompositeCacheManager 
INFO: Setting default auxiliaries to "null"
Feb 10, 2023 3:35:33 PM org.apache.commons.jcs3.engine.control.CompositeCacheConfigurator 
INFO: No special CompositeCacheAttributes class defined for key [jcs.default.cacheattributes], using default class.
Feb 10, 2023 3:35:33 PM org.apache.commons.jcs3.engine.control.CompositeCacheManager 
INFO: setting defaultCompositeCacheAttributes to [ useLateral = true, useRemote = true, useDisk = true, maxObjs = 100, maxSpoolPerRun = -1, diskUsagePattern = SWAP, spoolChunkSize = 2 ]
Feb 10, 2023 3:35:33 PM org.apache.commons.jcs3.engine.control.CompositeCacheConfigurator 
INFO: No special ElementAttribute class defined for key [jcs.default.elementattributes], using default class.
Feb 10, 2023 3:35:33 PM org.apache.commons.jcs3.engine.control.CompositeCacheManager 
INFO: setting defaultElementAttributes to [ IS_LATERAL = true, IS_SPOOL = true, IS_REMOTE = true, IS_ETERNAL = true, MaxLifeSeconds = -1, IdleTime = -1, CreateTime = 1676043333607, LastAccessTime = 1676043333607, getTimeToLiveSeconds() = -1, createTime = 1676043333607 ]
Feb 10, 2023 3:35:33 PM org.apache.commons.jcs3.engine.control.CompositeCacheConfigurator 
INFO: Parsed regions []
Feb 10, 2023 3:35:33 PM org.apache.commons.jcs3.engine.control.CompositeCacheManager 
INFO: Finished configuration in 12 ms.
Feb 10, 2023 3:35:33 PM org.apache.commons.jcs3.engine.control.CompositeCacheConfigurator 
INFO: No special ElementAttribute class defined for key [jcs.region.default.elementattributes], using default class.
Feb 10, 2023 3:35:33 PM org.apache.commons.jcs3.engine.memory.AbstractDoubleLinkedListMemoryCache 
INFO: initialized MemoryCache for default
Feb 10, 2023 3:35:33 PM org.apache.commons.jcs3.engine.control.CompositeCache 
INFO: Constructed cache with name [default] and cache attributes [ useLateral = true, useRemote = true, useDisk = true, maxObjs = 100, maxSpoolPerRun = -1, diskUsagePattern = SWAP, spoolChunkSize = 2 ]
Feb 10, 2023 3:35:33 PM org.apache.commons.jcs3.engine.control.event.ElementEventQueue 
INFO: Element event queue destroyed: org.apache.commons.jcs3.engine.control.event.ElementEventQueue@4445629
Feb 10, 2023 3:35:33 PM org.apache.commons.jcs3.engine.control.CompositeCache 
INFO: In DISPOSE, [default] fromRemote [false]
Feb 10, 2023 3:35:33 PM org.apache.commons.jcs3.engine.control.CompositeCache 
INFO: In DISPOSE, [default] disposing of memory cache.
Feb 10, 2023 3:35:33 PM org.apache.commons.jcs3.engine.memory.AbstractMemoryCache 
INFO: Memory Cache dispose called.
[INFO] Tests run: 1, Failures: 0, Errors: 0, Skipped: 0, Time elapsed: 0.2 s - in org.apache.commons.jcs3.jcache.ExpiryListenerTest
[INFO] Running org.apache.commons.jcs3.jcache.ImmediateExpiryTest
Feb 10, 2023 3:35:33 PM org.apache.commons.jcs3.engine.control.CompositeCacheManager 
INFO: Setting default auxiliaries to "null"
Feb 10, 2023 3:35:33 PM org.apache.commons.jcs3.engine.control.CompositeCacheConfigurator 
INFO: No special CompositeCacheAttributes class defined for key [jcs.default.cacheattributes], using default class.
Feb 10, 2023 3:35:33 PM org.apache.commons.jcs3.engine.control.CompositeCacheManager 
INFO: setting defaultCompositeCacheAttributes to [ useLateral = true, useRemote = true, useDisk = true, maxObjs = 100, maxSpoolPerRun = -1, diskUsagePattern = SWAP, spoolChunkSize = 2 ]
Feb 10, 2023 3:35:33 PM org.apache.commons.jcs3.engine.control.CompositeCacheConfigurator 
INFO: No special ElementAttribute class defined for key [jcs.default.elementattributes], using default class.
Feb 10, 2023 3:35:33 PM org.apache.commons.jcs3.engine.control.CompositeCacheManager 
INFO: setting defaultElementAttributes to [ IS_LATERAL = true, IS_SPOOL = true, IS_REMOTE = true, IS_ETERNAL = true, MaxLifeSeconds = -1, IdleTime = -1, CreateTime = 1676043333646, LastAccessTime = 1676043333646, getTimeToLiveSeconds() = -1, createTime = 1676043333646 ]
Feb 10, 2023 3:35:33 PM org.apache.commons.jcs3.engine.control.CompositeCacheConfigurator 
INFO: Parsed regions []
Feb 10, 2023 3:35:33 PM org.apache.commons.jcs3.engine.control.CompositeCacheManager 
INFO: Finished configuration in 4 ms.
Feb 10, 2023 3:35:33 PM org.apache.commons.jcs3.engine.control.CompositeCacheConfigurator 
INFO: No special ElementAttribute class defined for key [jcs.region.default.elementattributes], using default class.
Feb 10, 2023 3:35:33 PM org.apache.commons.jcs3.engine.memory.AbstractDoubleLinkedListMemoryCache 
INFO: initialized MemoryCache for default
Feb 10, 2023 3:35:33 PM org.apache.commons.jcs3.engine.control.CompositeCache 
INFO: Constructed cache with name [default] and cache attributes [ useLateral = true, useRemote = true, useDisk = true, maxObjs = 100, maxSpoolPerRun = -1, diskUsagePattern = SWAP, spoolChunkSize = 2 ]
Feb 10, 2023 3:35:33 PM org.apache.commons.jcs3.engine.control.event.ElementEventQueue 
INFO: Element event queue destroyed: org.apache.commons.jcs3.engine.control.event.ElementEventQueue@56de5251
Feb 10, 2023 3:35:33 PM org.apache.commons.jcs3.engine.control.CompositeCache 
INFO: In DISPOSE, [default] fromRemote [false]
Feb 10, 2023 3:35:33 PM org.apache.commons.jcs3.engine.control.CompositeCache 
INFO: In DISPOSE, [default] disposing of memory cache.
Feb 10, 2023 3:35:33 PM org.apache.commons.jcs3.engine.memory.AbstractMemoryCache 
INFO: Memory Cache dispose called.
[INFO] Tests run: 1, Failures: 0, Errors: 0, Skipped: 0, Time elapsed: 0.011 s - in org.apache.commons.jcs3.jcache.ImmediateExpiryTest
[INFO] Running org.apache.commons.jcs3.jcache.CachingProviderTest
Feb 10, 2023 3:35:33 PM org.apache.commons.jcs3.engine.control.CompositeCacheManager 
INFO: Setting default auxiliaries to "null"
Feb 10, 2023 3:35:33 PM org.apache.commons.jcs3.engine.control.CompositeCacheConfigurator 
INFO: No special CompositeCacheAttributes class defined for key [jcs.default.cacheattributes], using default class.
Feb 10, 2023 3:35:33 PM org.apache.commons.jcs3.engine.control.CompositeCacheManager 
INFO: setting defaultCompositeCacheAttributes to [ useLateral = true, useRemote = true, useDisk = true, maxObjs = 100, maxSpoolPerRun = -1, diskUsagePattern = SWAP, spoolChunkSize = 2 ]
Feb 10, 2023 3:35:33 PM org.apache.commons.jcs3.engine.control.CompositeCacheConfigurator 
INFO: No special ElementAttribute class defined for key [jcs.default.elementattributes], using default class.
Feb 10, 2023 3:35:33 PM org.apache.commons.jcs3.engine.control.CompositeCacheManager 
INFO: setting defaultElementAttributes to [ IS_LATERAL = true, IS_SPOOL = true, IS_REMOTE = true, IS_ETERNAL = true, MaxLifeSeconds = -1, IdleTime = -1, CreateTime = 1676043333661, LastAccessTime = 1676043333661, getTimeToLiveSeconds() = -1, createTime = 1676043333661 ]
Feb 10, 2023 3:35:33 PM org.apache.commons.jcs3.engine.control.CompositeCacheConfigurator 
INFO: Parsed regions []
Feb 10, 2023 3:35:33 PM org.apache.commons.jcs3.engine.control.CompositeCacheManager 
INFO: Finished configuration in 3 ms.
Feb 10, 2023 3:35:33 PM org.apache.commons.jcs3.engine.control.event.ElementEventQueue 
INFO: Element event queue destroyed: org.apache.commons.jcs3.engine.control.event.ElementEventQueue@5276e6b0
[INFO] Tests run: 2, Failures: 0, Errors: 0, Skipped: 0, Time elapsed: 0.007 s - in org.apache.commons.jcs3.jcache.CachingProviderTest
[INFO] Running org.apache.commons.jcs3.jcache.CacheTest
Feb 10, 2023 3:35:33 PM org.apache.commons.jcs3.engine.control.CompositeCacheManager 
INFO: Setting default auxiliaries to "null"
Feb 10, 2023 3:35:33 PM org.apache.commons.jcs3.engine.control.CompositeCacheConfigurator 
INFO: No special CompositeCacheAttributes class defined for key [jcs.default.cacheattributes], using default class.
Feb 10, 2023 3:35:33 PM org.apache.commons.jcs3.engine.control.CompositeCacheManager 
INFO: setting defaultCompositeCacheAttributes to [ useLateral = true, useRemote = true, useDisk = true, maxObjs = 100, maxSpoolPerRun = -1, diskUsagePattern = SWAP, spoolChunkSize = 2 ]
Feb 10, 2023 3:35:33 PM org.apache.commons.jcs3.engine.control.CompositeCacheConfigurator 
INFO: No special ElementAttribute class defined for key [jcs.default.elementattributes], using default class.
Feb 10, 2023 3:35:33 PM org.apache.commons.jcs3.engine.control.CompositeCacheManager 
INFO: setting defaultElementAttributes to [ IS_LATERAL = true, IS_SPOOL = true, IS_REMOTE = true, IS_ETERNAL = true, MaxLifeSeconds = -1, IdleTime = -1, CreateTime = 1676043333667, LastAccessTime = 1676043333667, getTimeToLiveSeconds() = -1, createTime = 1676043333667 ]
Feb 10, 2023 3:35:33 PM org.apache.commons.jcs3.engine.control.CompositeCacheConfigurator 
INFO: Parsed regions []
Feb 10, 2023 3:35:33 PM org.apache.commons.jcs3.engine.control.CompositeCacheManager 
INFO: Finished configuration in 2 ms.
Feb 10, 2023 3:35:33 PM org.apache.commons.jcs3.engine.control.CompositeCacheConfigurator 
INFO: No special ElementAttribute class defined for key [jcs.region.default.elementattributes], using default class.
Feb 10, 2023 3:35:33 PM org.apache.commons.jcs3.engine.memory.AbstractDoubleLinkedListMemoryCache 
INFO: initialized MemoryCache for default
Feb 10, 2023 3:35:33 PM org.apache.commons.jcs3.engine.control.CompositeCache 
INFO: Constructed cache with name [default] and cache attributes [ useLateral = true, useRemote = true, useDisk = true, maxObjs = 100, maxSpoolPerRun = -1, diskUsagePattern = SWAP, spoolChunkSize = 2 ]
Feb 10, 2023 3:35:33 PM org.apache.commons.jcs3.engine.control.event.ElementEventQueue 
INFO: Element event queue destroyed: org.apache.commons.jcs3.engine.control.event.ElementEventQueue@78aab498
Feb 10, 2023 3:35:33 PM org.apache.commons.jcs3.engine.control.CompositeCache 
INFO: In DISPOSE, [default] fromRemote [false]
Feb 10, 2023 3:35:33 PM org.apache.commons.jcs3.engine.control.CompositeCache 
INFO: In DISPOSE, [default] disposing of memory cache.
Feb 10, 2023 3:35:33 PM org.apache.commons.jcs3.engine.memory.AbstractMemoryCache 
INFO: Memory Cache dispose called.
Feb 10, 2023 3:35:33 PM org.apache.commons.jcs3.engine.control.CompositeCacheManager 
INFO: Setting default auxiliaries to "null"
Feb 10, 2023 3:35:33 PM org.apache.commons.jcs3.engine.control.CompositeCacheConfigurator 
INFO: No special CompositeCacheAttributes class defined for key [jcs.default.cacheattributes], using default class.
Feb 10, 2023 3:35:33 PM org.apache.commons.jcs3.engine.control.CompositeCacheManager 
INFO: setting defaultCompositeCacheAttributes to [ useLateral = true, useRemote = true, useDisk = true, maxObjs = 100, maxSpoolPerRun = -1, diskUsagePattern = SWAP, spoolChunkSize = 2 ]
Feb 10, 2023 3:35:33 PM org.apache.commons.jcs3.engine.control.CompositeCacheConfigurator 
INFO: No special ElementAttribute class defined for key [jcs.default.elementattributes], using default class.
Feb 10, 2023 3:35:33 PM org.apache.commons.jcs3.engine.control.CompositeCacheManager 
INFO: setting defaultElementAttributes to [ IS_LATERAL = true, IS_SPOOL = true, IS_REMOTE = true, IS_ETERNAL = true, MaxLifeSeconds = -1, IdleTime = -1, CreateTime = 1676043333673, LastAccessTime = 1676043333673, getTimeToLiveSeconds() = -1, createTime = 1676043333673 ]
Feb 10, 2023 3:35:33 PM org.apache.commons.jcs3.engine.control.CompositeCacheConfigurator 
INFO: Parsed regions []
Feb 10, 2023 3:35:33 PM org.apache.commons.jcs3.engine.control.CompositeCacheManager 
INFO: Finished configuration in 2 ms.
Feb 10, 2023 3:35:33 PM org.apache.commons.jcs3.engine.control.CompositeCacheConfigurator 
INFO: No special ElementAttribute class defined for key [jcs.region.default.elementattributes], using default class.
Feb 10, 2023 3:35:33 PM org.apache.commons.jcs3.engine.memory.AbstractDoubleLinkedListMemoryCache 
INFO: initialized MemoryCache for default
Feb 10, 2023 3:35:33 PM org.apache.commons.jcs3.engine.control.CompositeCache 
INFO: Constructed cache with name [default] and cache attributes [ useLateral = true, useRemote = true, useDisk = true, maxObjs = 100, maxSpoolPerRun = -1, diskUsagePattern = SWAP, spoolChunkSize = 2 ]
Feb 10, 2023 3:35:33 PM org.apache.commons.jcs3.engine.control.event.ElementEventQueue 
INFO: Element event queue destroyed: org.apache.commons.jcs3.engine.control.event.ElementEventQueue@670002
Feb 10, 2023 3:35:33 PM org.apache.commons.jcs3.engine.control.CompositeCache 
INFO: In DISPOSE, [default] fromRemote [false]
Feb 10, 2023 3:35:33 PM org.apache.commons.jcs3.engine.control.CompositeCache 
INFO: In DISPOSE, [default] disposing of memory cache.
Feb 10, 2023 3:35:33 PM org.apache.commons.jcs3.engine.memory.AbstractMemoryCache 
INFO: Memory Cache dispose called.
Feb 10, 2023 3:35:33 PM org.apache.commons.jcs3.engine.control.CompositeCacheManager 
INFO: Setting default auxiliaries to "null"
Feb 10, 2023 3:35:33 PM org.apache.commons.jcs3.engine.control.CompositeCacheConfigurator 
INFO: No special CompositeCacheAttributes class defined for key [jcs.default.cacheattributes], using default class.
Feb 10, 2023 3:35:33 PM org.apache.commons.jcs3.engine.control.CompositeCacheManager 
INFO: setting defaultCompositeCacheAttributes to [ useLateral = true, useRemote = true, useDisk = true, maxObjs = 100, maxSpoolPerRun = -1, diskUsagePattern = SWAP, spoolChunkSize = 2 ]
Feb 10, 2023 3:35:33 PM org.apache.commons.jcs3.engine.control.CompositeCacheConfigurator 
INFO: No special ElementAttribute class defined for key [jcs.default.elementattributes], using default class.
Feb 10, 2023 3:35:33 PM org.apache.commons.jcs3.engine.control.CompositeCacheManager 
INFO: setting defaultElementAttributes to [ IS_LATERAL = true, IS_SPOOL = true, IS_REMOTE = true, IS_ETERNAL = true, MaxLifeSeconds = -1, IdleTime = -1, CreateTime = 1676043333680, LastAccessTime = 1676043333680, getTimeToLiveSeconds() = -1, createTime = 1676043333680 ]
Feb 10, 2023 3:35:33 PM org.apache.commons.jcs3.engine.control.CompositeCacheConfigurator 
INFO: Parsed regions []
Feb 10, 2023 3:35:33 PM org.apache.commons.jcs3.engine.control.CompositeCacheManager 
INFO: Finished configuration in 1 ms.
Feb 10, 2023 3:35:33 PM org.apache.commons.jcs3.engine.control.CompositeCacheConfigurator 
INFO: No special ElementAttribute class defined for key [jcs.region.default.elementattributes], using default class.
Feb 10, 2023 3:35:33 PM org.apache.commons.jcs3.engine.memory.AbstractDoubleLinkedListMemoryCache 
INFO: initialized MemoryCache for default
Feb 10, 2023 3:35:33 PM org.apache.commons.jcs3.engine.control.CompositeCache 
INFO: Constructed cache with name [default] and cache attributes [ useLateral = true, useRemote = true, useDisk = true, maxObjs = 100, maxSpoolPerRun = -1, diskUsagePattern = SWAP, spoolChunkSize = 2 ]
Feb 10, 2023 3:35:33 PM org.apache.commons.jcs3.engine.control.event.ElementEventQueue 
INFO: Element event queue destroyed: org.apache.commons.jcs3.engine.control.event.ElementEventQueue@20d28811
Feb 10, 2023 3:35:33 PM org.apache.commons.jcs3.engine.control.CompositeCache 
INFO: In DISPOSE, [default] fromRemote [false]
Feb 10, 2023 3:35:33 PM org.apache.commons.jcs3.engine.control.CompositeCache 
INFO: In DISPOSE, [default] disposing of memory cache.
Feb 10, 2023 3:35:33 PM org.apache.commons.jcs3.engine.memory.AbstractMemoryCache 
INFO: Memory Cache dispose called.
Feb 10, 2023 3:35:33 PM org.apache.commons.jcs3.engine.control.CompositeCacheManager 
INFO: Setting default auxiliaries to "null"
Feb 10, 2023 3:35:33 PM org.apache.commons.jcs3.engine.control.CompositeCacheConfigurator 
INFO: No special CompositeCacheAttributes class defined for key [jcs.default.cacheattributes], using default class.
Feb 10, 2023 3:35:33 PM org.apache.commons.jcs3.engine.control.CompositeCacheManager 
INFO: setting defaultCompositeCacheAttributes to [ useLateral = true, useRemote = true, useDisk = true, maxObjs = 100, maxSpoolPerRun = -1, diskUsagePattern = SWAP, spoolChunkSize = 2 ]
Feb 10, 2023 3:35:33 PM org.apache.commons.jcs3.engine.control.CompositeCacheConfigurator 
INFO: No special ElementAttribute class defined for key [jcs.default.elementattributes], using default class.
Feb 10, 2023 3:35:33 PM org.apache.commons.jcs3.engine.control.CompositeCacheManager 
INFO: setting defaultElementAttributes to [ IS_LATERAL = true, IS_SPOOL = true, IS_REMOTE = true, IS_ETERNAL = true, MaxLifeSeconds = -1, IdleTime = -1, CreateTime = 1676043333685, LastAccessTime = 1676043333685, getTimeToLiveSeconds() = -1, createTime = 1676043333685 ]
Feb 10, 2023 3:35:33 PM org.apache.commons.jcs3.engine.control.CompositeCacheConfigurator 
INFO: Parsed regions []
Feb 10, 2023 3:35:33 PM org.apache.commons.jcs3.engine.control.CompositeCacheManager 
INFO: Finished configuration in 1 ms.
Feb 10, 2023 3:35:33 PM org.apache.commons.jcs3.engine.control.CompositeCacheConfigurator 
INFO: No special ElementAttribute class defined for key [jcs.region.test.elementattributes], using default class.
Feb 10, 2023 3:35:33 PM org.apache.commons.jcs3.engine.memory.AbstractDoubleLinkedListMemoryCache 
INFO: initialized MemoryCache for test
Feb 10, 2023 3:35:33 PM org.apache.commons.jcs3.engine.control.CompositeCache 
INFO: Constructed cache with name [test] and cache attributes [ useLateral = true, useRemote = true, useDisk = true, maxObjs = 100, maxSpoolPerRun = -1, diskUsagePattern = SWAP, spoolChunkSize = 2 ]
Feb 10, 2023 3:35:35 PM org.apache.commons.jcs3.engine.control.event.ElementEventQueue 
INFO: Element event queue destroyed: org.apache.commons.jcs3.engine.control.event.ElementEventQueue@10e92f8f
Feb 10, 2023 3:35:35 PM org.apache.commons.jcs3.engine.control.CompositeCache 
INFO: In DISPOSE, [test] fromRemote [false]
Feb 10, 2023 3:35:35 PM org.apache.commons.jcs3.engine.control.CompositeCache 
INFO: In DISPOSE, [test] disposing of memory cache.
Feb 10, 2023 3:35:35 PM org.apache.commons.jcs3.engine.memory.AbstractMemoryCache 
INFO: Memory Cache dispose called.
[INFO] Tests run: 4, Failures: 0, Errors: 0, Skipped: 0, Time elapsed: 2.078 s - in org.apache.commons.jcs3.jcache.CacheTest
[INFO] Running org.apache.commons.jcs3.jcache.cdi.CDIJCacheHelperTest
Feb 10, 2023 3:35:35 PM org.apache.commons.jcs3.engine.control.CompositeCacheManager 
INFO: Setting default auxiliaries to "null"
Feb 10, 2023 3:35:35 PM org.apache.commons.jcs3.engine.control.CompositeCacheConfigurator 
INFO: No special CompositeCacheAttributes class defined for key [jcs.default.cacheattributes], using default class.
Feb 10, 2023 3:35:35 PM org.apache.commons.jcs3.engine.control.CompositeCacheManager 
INFO: setting defaultCompositeCacheAttributes to [ useLateral = true, useRemote = true, useDisk = true, maxObjs = 100, maxSpoolPerRun = -1, diskUsagePattern = SWAP, spoolChunkSize = 2 ]
Feb 10, 2023 3:35:35 PM org.apache.commons.jcs3.engine.control.CompositeCacheConfigurator 
INFO: No special ElementAttribute class defined for key [jcs.default.elementattributes], using default class.
Feb 10, 2023 3:35:35 PM org.apache.commons.jcs3.engine.control.CompositeCacheManager 
INFO: setting defaultElementAttributes to [ IS_LATERAL = true, IS_SPOOL = true, IS_REMOTE = true, IS_ETERNAL = true, MaxLifeSeconds = -1, IdleTime = -1, CreateTime = 1676043335758, LastAccessTime = 1676043335758, getTimeToLiveSeconds() = -1, createTime = 1676043335758 ]
Feb 10, 2023 3:35:35 PM org.apache.commons.jcs3.engine.control.CompositeCacheConfigurator 
INFO: Parsed regions []
Feb 10, 2023 3:35:35 PM org.apache.commons.jcs3.engine.control.CompositeCacheManager 
INFO: Finished configuration in 1 ms.
[INFO] Tests run: 1, Failures: 0, Errors: 0, Skipped: 0, Time elapsed: 0.018 s - in org.apache.commons.jcs3.jcache.cdi.CDIJCacheHelperTest
[INFO] Running org.apache.commons.jcs3.jcache.NotSerializableTest
Feb 10, 2023 3:35:35 PM org.apache.commons.jcs3.engine.control.CompositeCacheConfigurator 
INFO: No special ElementAttribute class defined for key [jcs.region.default.elementattributes], using default class.
Feb 10, 2023 3:35:35 PM org.apache.commons.jcs3.engine.memory.AbstractDoubleLinkedListMemoryCache 
INFO: initialized MemoryCache for default
Feb 10, 2023 3:35:35 PM org.apache.commons.jcs3.engine.control.CompositeCache 
INFO: Constructed cache with name [default] and cache attributes [ useLateral = true, useRemote = true, useDisk = true, maxObjs = 100, maxSpoolPerRun = -1, diskUsagePattern = SWAP, spoolChunkSize = 2 ]
Feb 10, 2023 3:35:35 PM org.apache.commons.jcs3.engine.control.event.ElementEventQueue 
INFO: Element event queue destroyed: org.apache.commons.jcs3.engine.control.event.ElementEventQueue@6580cfdd
Feb 10, 2023 3:35:35 PM org.apache.commons.jcs3.engine.control.CompositeCache 
INFO: In DISPOSE, [default] fromRemote [false]
Feb 10, 2023 3:35:35 PM org.apache.commons.jcs3.engine.control.CompositeCache 
INFO: In DISPOSE, [default] disposing of memory cache.
Feb 10, 2023 3:35:35 PM org.apache.commons.jcs3.engine.memory.AbstractMemoryCache 
INFO: Memory Cache dispose called.
[INFO] Tests run: 1, Failures: 0, Errors: 0, Skipped: 0, Time elapsed: 0.003 s - in org.apache.commons.jcs3.jcache.NotSerializableTest
[INFO] 
[INFO] Results:
[INFO] 
[INFO] Tests run: 10, Failures: 0, Errors: 0, Skipped: 0
[INFO] 
[INFO] 
[INFO] -------------< org.apache.commons:commons-jcs3-jcache-tck >-------------
[INFO] Building Apache Commons JCS :: JCache TCK 3.1-SNAPSHOT             [4/7]
[INFO] --------------------------------[ jar ]---------------------------------
[INFO] 
[INFO] --- maven-clean-plugin:3.1.0:clean (default-clean) @ commons-jcs3-jcache-tck ---
[INFO] Deleting /home/gabsko/breaking-updates/commons-jcs-tck-tests/target
[INFO] 
[INFO] --- maven-enforcer-plugin:3.0.0-M2:enforce (enforce-maven-version) @ commons-jcs3-jcache-tck ---
[INFO] 
[INFO] --- maven-enforcer-plugin:3.0.0-M2:enforce (enforce-maven-3) @ commons-jcs3-jcache-tck ---
[INFO] 
[INFO] --- apache-rat-plugin:0.13:check (rat-check) @ commons-jcs3-jcache-tck ---
[INFO] Enabled default license matchers.
[INFO] Will parse SCM ignores for exclusions...
[INFO] Finished adding exclusions from SCM ignore files.
[INFO] 62 implicit excludes (use -debug for more details).
[INFO] 9 explicit excludes (use -debug for more details).
[INFO] 5 resources included (use -debug for more details)
[INFO] Rat check: Summary over all files. Unapproved: 0, unknown: 0, generated: 0, approved: 5 licenses.
[INFO] 
[INFO] --- build-helper-maven-plugin:3.0.0:parse-version (parse-version) @ commons-jcs3-jcache-tck ---
[INFO] 
[INFO] --- maven-antrun-plugin:1.8:run (javadoc.resources) @ commons-jcs3-jcache-tck ---
[INFO] Skipping Antrun execution
[INFO] 
[INFO] --- maven-remote-resources-plugin:1.5:process (process-resource-bundles) @ commons-jcs3-jcache-tck ---
[INFO] 
[INFO] --- buildnumber-maven-plugin:1.4:create (default) @ commons-jcs3-jcache-tck ---
[INFO] Executing: /bin/sh -c cd '/home/gabsko/breaking-updates/commons-jcs-tck-tests' && 'git' 'rev-parse' '--verify' 'HEAD'
[INFO] Working directory: /home/gabsko/breaking-updates/commons-jcs-tck-tests
[INFO] Storing buildNumber: 838220ccf17a36b9e8c5746e80479fd01f8b55ed at timestamp: 1676043336218
[INFO] Storing buildScmBranch: branch-apache/commons-jcs-838220ccf17a36b9e8c5746e80479fd01f8b55ed
[INFO] 
[INFO] --- maven-resources-plugin:3.1.0:resources (default-resources) @ commons-jcs3-jcache-tck ---
[INFO] Using 'UTF-8' encoding to copy filtered resources.
[INFO] skip non existing resourceDirectory /home/gabsko/breaking-updates/commons-jcs-tck-tests/src/main/resources
[INFO] Copying 0 resource to META-INF
[INFO] Copying 3 resources
[INFO] 
[INFO] --- maven-compiler-plugin:3.8.1:compile (default-compile) @ commons-jcs3-jcache-tck ---
[INFO] No sources to compile
[INFO] 
[INFO] --- maven-bundle-plugin:4.2.1:manifest (bundle-manifest) @ commons-jcs3-jcache-tck ---
[WARNING] Manifest org.apache.commons:commons-jcs3-jcache-tck:jar:3.1-SNAPSHOT : Unused Export-Package instructions: [org.apache.commons.*] 
[INFO] 
[INFO] --- animal-sniffer-maven-plugin:1.18:check (checkAPIcompatibility) @ commons-jcs3-jcache-tck ---
[INFO] Checking unresolved references to org.codehaus.mojo.signature:java18:1.0
[INFO] 
[INFO] --- maven-resources-plugin:3.1.0:testResources (default-testResources) @ commons-jcs3-jcache-tck ---
[INFO] Using 'UTF-8' encoding to copy filtered resources.
[INFO] Copying 2 resources
[INFO] Copying 3 resources
[INFO] 
[INFO] --- maven-compiler-plugin:3.8.1:testCompile (default-testCompile) @ commons-jcs3-jcache-tck ---
[INFO] Changes detected - recompiling the module!
[INFO] Compiling 2 source files to /home/gabsko/breaking-updates/commons-jcs-tck-tests/target/test-classes
[INFO] /home/gabsko/breaking-updates/commons-jcs-tck-tests/src/test/java/org/apache/commons/jcs3/jcache/EnsureCDIIsTestedWhenTCKsRunTest.java: /home/gabsko/breaking-updates/commons-jcs-tck-tests/src/test/java/org/apache/commons/jcs3/jcache/EnsureCDIIsTestedWhenTCKsRunTest.java uses or overrides a deprecated API.
[INFO] /home/gabsko/breaking-updates/commons-jcs-tck-tests/src/test/java/org/apache/commons/jcs3/jcache/EnsureCDIIsTestedWhenTCKsRunTest.java: Recompile with -Xlint:deprecation for details.
[INFO] /home/gabsko/breaking-updates/commons-jcs-tck-tests/src/test/java/org/apache/commons/jcs3/jcache/OWBBeanProvider.java: /home/gabsko/breaking-updates/commons-jcs-tck-tests/src/test/java/org/apache/commons/jcs3/jcache/OWBBeanProvider.java uses unchecked or unsafe operations.
[INFO] /home/gabsko/breaking-updates/commons-jcs-tck-tests/src/test/java/org/apache/commons/jcs3/jcache/OWBBeanProvider.java: Recompile with -Xlint:unchecked for details.
[INFO] 
[INFO] --- maven-surefire-plugin:2.22.2:test (default-test) @ commons-jcs3-jcache-tck ---
[INFO] 
[INFO] -------------------------------------------------------
[INFO]  T E S T S
[INFO] -------------------------------------------------------
[INFO] Running org.apache.commons.jcs3.jcache.EnsureCDIIsTestedWhenTCKsRunTest
Feb 10, 2023 3:35:37 PM org.apache.webbeans.lifecycle.AbstractLifeCycle bootstrapApplication
INFO: OpenWebBeans Container is starting...
Feb 10, 2023 3:35:37 PM org.apache.webbeans.corespi.scanner.AbstractMetaDataDiscovery addWebBeansXmlLocation
INFO: added beans archive URL: jar:file:/home/gabsko/.m2/repository/javax/cache/test-domain/1.0.1/test-domain-1.0.1.jar!/META-INF/beans.xml
Feb 10, 2023 3:35:37 PM org.apache.webbeans.corespi.scanner.AbstractMetaDataDiscovery addWebBeansXmlLocation
INFO: added beans archive URL: file:/home/gabsko/breaking-updates/commons-jcs-tck-tests/target/test-classes/
Feb 10, 2023 3:35:37 PM org.apache.webbeans.corespi.scanner.AbstractMetaDataDiscovery addWebBeansXmlLocation
INFO: added beans archive URL: jar:file:/usr/share/java/java-atk-wrapper.jar!/
Feb 10, 2023 3:35:37 PM org.apache.webbeans.corespi.scanner.AbstractMetaDataDiscovery addWebBeansXmlLocation
INFO: added beans archive URL: file:/home/gabsko/breaking-updates/commons-jcs-jcache/target/classes/
Feb 10, 2023 3:35:37 PM org.apache.webbeans.corespi.scanner.AbstractMetaDataDiscovery addWebBeansXmlLocation
INFO: added beans archive URL: jar:file:/home/gabsko/.m2/repository/org/apache/maven/surefire/surefire-booter/2.22.2/surefire-booter-2.22.2.jar!/
Feb 10, 2023 3:35:37 PM org.apache.webbeans.corespi.scanner.AbstractMetaDataDiscovery addWebBeansXmlLocation
INFO: added beans archive URL: jar:file:/home/gabsko/.m2/repository/org/apache/maven/surefire/surefire-junit4/2.22.2/surefire-junit4-2.22.2.jar!/
Feb 10, 2023 3:35:37 PM org.apache.webbeans.corespi.scanner.AbstractMetaDataDiscovery addWebBeansXmlLocation
INFO: added beans archive URL: jar:file:/home/gabsko/.m2/repository/org/apache/maven/surefire/surefire-api/2.22.2/surefire-api-2.22.2.jar!/
Feb 10, 2023 3:35:37 PM org.apache.webbeans.corespi.scanner.AbstractMetaDataDiscovery addWebBeansXmlLocation
INFO: added beans archive URL: file:/home/gabsko/breaking-updates/commons-jcs-core/target/classes/
Feb 10, 2023 3:35:37 PM org.apache.webbeans.corespi.scanner.AbstractMetaDataDiscovery addWebBeansXmlLocation
INFO: added beans archive URL: file:/home/gabsko/breaking-updates/commons-jcs-tck-tests/target/classes/
Feb 10, 2023 3:35:37 PM org.apache.webbeans.corespi.scanner.AbstractMetaDataDiscovery addWebBeansXmlLocation
INFO: added beans archive URL: jar:file:/home/gabsko/.m2/repository/org/apache/maven/surefire/surefire-logger-api/2.22.2/surefire-logger-api-2.22.2.jar!/
Feb 10, 2023 3:35:37 PM org.apache.webbeans.config.BeansDeployer validateInjectionPoints
INFO: All injection points were validated successfully.
Feb 10, 2023 3:35:37 PM org.apache.webbeans.lifecycle.AbstractLifeCycle bootstrapApplication
INFO: OpenWebBeans Container has started, it took [269] ms.
[INFO] Tests run: 1, Failures: 0, Errors: 0, Skipped: 0, Time elapsed: 0.399 s - in org.apache.commons.jcs3.jcache.EnsureCDIIsTestedWhenTCKsRunTest
[INFO] 
[INFO] Results:
[INFO] 
[INFO] Tests run: 1, Failures: 0, Errors: 0, Skipped: 0
[INFO] 
[INFO] 
[INFO] -----------< org.apache.commons:commons-jcs3-jcache-extras >------------
[INFO] Building Apache Commons JCS :: JCache Extras 3.1-SNAPSHOT          [5/7]
[INFO] --------------------------------[ jar ]---------------------------------
[INFO] 
[INFO] --- maven-clean-plugin:3.1.0:clean (default-clean) @ commons-jcs3-jcache-extras ---
[INFO] Deleting /home/gabsko/breaking-updates/commons-jcs-jcache-extras/target
[INFO] 
[INFO] --- maven-enforcer-plugin:3.0.0-M2:enforce (enforce-maven-version) @ commons-jcs3-jcache-extras ---
[INFO] 
[INFO] --- maven-enforcer-plugin:3.0.0-M2:enforce (enforce-maven-3) @ commons-jcs3-jcache-extras ---
[INFO] 
[INFO] --- apache-rat-plugin:0.13:check (rat-check) @ commons-jcs3-jcache-extras ---
[INFO] Enabled default license matchers.
[INFO] Will parse SCM ignores for exclusions...
[INFO] Finished adding exclusions from SCM ignore files.
[INFO] 62 implicit excludes (use -debug for more details).
[INFO] 9 explicit excludes (use -debug for more details).
[INFO] 22 resources included (use -debug for more details)
[INFO] Rat check: Summary over all files. Unapproved: 0, unknown: 0, generated: 0, approved: 22 licenses.
[INFO] 
[INFO] --- build-helper-maven-plugin:3.0.0:parse-version (parse-version) @ commons-jcs3-jcache-extras ---
[INFO] 
[INFO] --- maven-antrun-plugin:1.8:run (javadoc.resources) @ commons-jcs3-jcache-extras ---
[INFO] Skipping Antrun execution
[INFO] 
[INFO] --- maven-remote-resources-plugin:1.5:process (process-resource-bundles) @ commons-jcs3-jcache-extras ---
[INFO] 
[INFO] --- buildnumber-maven-plugin:1.4:create (default) @ commons-jcs3-jcache-extras ---
[INFO] Executing: /bin/sh -c cd '/home/gabsko/breaking-updates/commons-jcs-jcache-extras' && 'git' 'rev-parse' '--verify' 'HEAD'
[INFO] Working directory: /home/gabsko/breaking-updates/commons-jcs-jcache-extras
[INFO] Storing buildNumber: 838220ccf17a36b9e8c5746e80479fd01f8b55ed at timestamp: 1676043337755
[INFO] Storing buildScmBranch: branch-apache/commons-jcs-838220ccf17a36b9e8c5746e80479fd01f8b55ed
[INFO] 
[INFO] --- maven-resources-plugin:3.1.0:resources (default-resources) @ commons-jcs3-jcache-extras ---
[INFO] Using 'UTF-8' encoding to copy filtered resources.
[INFO] Copying 1 resource
[INFO] Copying 0 resource to META-INF
[INFO] Copying 3 resources
[INFO] 
[INFO] --- maven-compiler-plugin:3.8.1:compile (default-compile) @ commons-jcs3-jcache-extras ---
[INFO] Changes detected - recompiling the module!
[INFO] Compiling 13 source files to /home/gabsko/breaking-updates/commons-jcs-jcache-extras/target/classes
[INFO] /home/gabsko/breaking-updates/commons-jcs-jcache-extras/src/main/java/org/apache/commons/jcs3/jcache/extras/cdi/CacheManagerBean.java: Some input files use or override a deprecated API.
[INFO] /home/gabsko/breaking-updates/commons-jcs-jcache-extras/src/main/java/org/apache/commons/jcs3/jcache/extras/cdi/CacheManagerBean.java: Recompile with -Xlint:deprecation for details.
[INFO] /home/gabsko/breaking-updates/commons-jcs-jcache-extras/src/main/java/org/apache/commons/jcs3/jcache/extras/writer/CompositeCacheWriter.java: Some input files use unchecked or unsafe operations.
[INFO] /home/gabsko/breaking-updates/commons-jcs-jcache-extras/src/main/java/org/apache/commons/jcs3/jcache/extras/writer/CompositeCacheWriter.java: Recompile with -Xlint:unchecked for details.
[INFO] 
[INFO] --- maven-bundle-plugin:4.2.1:manifest (bundle-manifest) @ commons-jcs3-jcache-extras ---
[INFO] 
[INFO] --- animal-sniffer-maven-plugin:1.18:check (checkAPIcompatibility) @ commons-jcs3-jcache-extras ---
[INFO] Checking unresolved references to org.codehaus.mojo.signature:java18:1.0
[INFO] 
[INFO] --- maven-resources-plugin:3.1.0:testResources (default-testResources) @ commons-jcs3-jcache-extras ---
[INFO] Using 'UTF-8' encoding to copy filtered resources.
[INFO] Copying 1 resource
[INFO] Copying 0 resource to META-INF
[INFO] Copying 3 resources
[INFO] 
[INFO] --- maven-compiler-plugin:3.8.1:testCompile (default-testCompile) @ commons-jcs3-jcache-extras ---
[INFO] Changes detected - recompiling the module!
[INFO] Compiling 7 source files to /home/gabsko/breaking-updates/commons-jcs-jcache-extras/target/test-classes
[INFO] /home/gabsko/breaking-updates/commons-jcs-jcache-extras/src/test/java/org/apache/commons/jcs3/jcache/extras/web/JCacheFilterTest.java: /home/gabsko/breaking-updates/commons-jcs-jcache-extras/src/test/java/org/apache/commons/jcs3/jcache/extras/web/JCacheFilterTest.java uses or overrides a deprecated API.
[INFO] /home/gabsko/breaking-updates/commons-jcs-jcache-extras/src/test/java/org/apache/commons/jcs3/jcache/extras/web/JCacheFilterTest.java: Recompile with -Xlint:deprecation for details.
[INFO] /home/gabsko/breaking-updates/commons-jcs-jcache-extras/src/test/java/org/apache/commons/jcs3/jcache/extras/writer/CompositeCacheWriterTest.java: Some input files use unchecked or unsafe operations.
[INFO] /home/gabsko/breaking-updates/commons-jcs-jcache-extras/src/test/java/org/apache/commons/jcs3/jcache/extras/writer/CompositeCacheWriterTest.java: Recompile with -Xlint:unchecked for details.
[INFO] 
[INFO] --- maven-surefire-plugin:2.22.2:test (default-test) @ commons-jcs3-jcache-extras ---
[INFO] 
[INFO] -------------------------------------------------------
[INFO]  T E S T S
[INFO] -------------------------------------------------------
[INFO] Running org.apache.commons.jcs3.jcache.extras.loader.CompositeCacheLoaderTest
Feb 10, 2023 3:35:38 PM org.apache.commons.jcs3.engine.control.CompositeCacheManager 
INFO: Setting default auxiliaries to "null"
Feb 10, 2023 3:35:38 PM org.apache.commons.jcs3.engine.control.CompositeCacheConfigurator 
INFO: No special CompositeCacheAttributes class defined for key [jcs.default.cacheattributes], using default class.
Feb 10, 2023 3:35:38 PM org.apache.commons.jcs3.engine.control.CompositeCacheManager 
INFO: setting defaultCompositeCacheAttributes to [ useLateral = true, useRemote = true, useDisk = true, maxObjs = 100, maxSpoolPerRun = -1, diskUsagePattern = SWAP, spoolChunkSize = 2 ]
Feb 10, 2023 3:35:38 PM org.apache.commons.jcs3.engine.control.CompositeCacheConfigurator 
INFO: No special ElementAttribute class defined for key [jcs.default.elementattributes], using default class.
Feb 10, 2023 3:35:38 PM org.apache.commons.jcs3.engine.control.CompositeCacheManager 
INFO: setting defaultElementAttributes to [ IS_LATERAL = true, IS_SPOOL = true, IS_REMOTE = true, IS_ETERNAL = true, MaxLifeSeconds = -1, IdleTime = -1, CreateTime = 1676043338640, LastAccessTime = 1676043338640, getTimeToLiveSeconds() = -1, createTime = 1676043338640 ]
Feb 10, 2023 3:35:38 PM org.apache.commons.jcs3.engine.control.CompositeCacheConfigurator 
INFO: Parsed regions []
Feb 10, 2023 3:35:38 PM org.apache.commons.jcs3.engine.control.CompositeCacheManager 
INFO: Finished configuration in 13 ms.
Feb 10, 2023 3:35:38 PM org.apache.commons.jcs3.engine.control.CompositeCacheConfigurator 
INFO: No special ElementAttribute class defined for key [jcs.region.cache.elementattributes], using default class.
Feb 10, 2023 3:35:38 PM org.apache.commons.jcs3.engine.memory.AbstractDoubleLinkedListMemoryCache 
INFO: initialized MemoryCache for cache
Feb 10, 2023 3:35:38 PM org.apache.commons.jcs3.engine.control.CompositeCache 
INFO: Constructed cache with name [cache] and cache attributes [ useLateral = true, useRemote = true, useDisk = true, maxObjs = 100, maxSpoolPerRun = -1, diskUsagePattern = SWAP, spoolChunkSize = 2 ]
Feb 10, 2023 3:35:38 PM org.apache.commons.jcs3.engine.control.event.ElementEventQueue 
INFO: Element event queue destroyed: org.apache.commons.jcs3.engine.control.event.ElementEventQueue@6293abcc
Feb 10, 2023 3:35:38 PM org.apache.commons.jcs3.engine.control.CompositeCache 
INFO: In DISPOSE, [cache] fromRemote [false]
Feb 10, 2023 3:35:38 PM org.apache.commons.jcs3.engine.control.CompositeCache 
INFO: In DISPOSE, [cache] disposing of memory cache.
Feb 10, 2023 3:35:38 PM org.apache.commons.jcs3.engine.memory.AbstractMemoryCache 
INFO: Memory Cache dispose called.
[INFO] Tests run: 1, Failures: 0, Errors: 0, Skipped: 0, Time elapsed: 0.177 s - in org.apache.commons.jcs3.jcache.extras.loader.CompositeCacheLoaderTest
[INFO] Running org.apache.commons.jcs3.jcache.extras.loader.CacheLoaderAdapterTest
Feb 10, 2023 3:35:38 PM org.apache.commons.jcs3.engine.control.CompositeCacheManager 
INFO: Setting default auxiliaries to "null"
Feb 10, 2023 3:35:38 PM org.apache.commons.jcs3.engine.control.CompositeCacheConfigurator 
INFO: No special CompositeCacheAttributes class defined for key [jcs.default.cacheattributes], using default class.
Feb 10, 2023 3:35:38 PM org.apache.commons.jcs3.engine.control.CompositeCacheManager 
INFO: setting defaultCompositeCacheAttributes to [ useLateral = true, useRemote = true, useDisk = true, maxObjs = 100, maxSpoolPerRun = -1, diskUsagePattern = SWAP, spoolChunkSize = 2 ]
Feb 10, 2023 3:35:38 PM org.apache.commons.jcs3.engine.control.CompositeCacheConfigurator 
INFO: No special ElementAttribute class defined for key [jcs.default.elementattributes], using default class.
Feb 10, 2023 3:35:38 PM org.apache.commons.jcs3.engine.control.CompositeCacheManager 
INFO: setting defaultElementAttributes to [ IS_LATERAL = true, IS_SPOOL = true, IS_REMOTE = true, IS_ETERNAL = true, MaxLifeSeconds = -1, IdleTime = -1, CreateTime = 1676043338660, LastAccessTime = 1676043338660, getTimeToLiveSeconds() = -1, createTime = 1676043338660 ]
Feb 10, 2023 3:35:38 PM org.apache.commons.jcs3.engine.control.CompositeCacheConfigurator 
INFO: Parsed regions []
Feb 10, 2023 3:35:38 PM org.apache.commons.jcs3.engine.control.CompositeCacheManager 
INFO: Finished configuration in 1 ms.
Feb 10, 2023 3:35:38 PM org.apache.commons.jcs3.engine.control.CompositeCacheConfigurator 
INFO: No special ElementAttribute class defined for key [jcs.region.cache.elementattributes], using default class.
Feb 10, 2023 3:35:38 PM org.apache.commons.jcs3.engine.memory.AbstractDoubleLinkedListMemoryCache 
INFO: initialized MemoryCache for cache
Feb 10, 2023 3:35:38 PM org.apache.commons.jcs3.engine.control.CompositeCache 
INFO: Constructed cache with name [cache] and cache attributes [ useLateral = true, useRemote = true, useDisk = true, maxObjs = 100, maxSpoolPerRun = -1, diskUsagePattern = SWAP, spoolChunkSize = 2 ]
Feb 10, 2023 3:35:38 PM org.apache.commons.jcs3.engine.control.event.ElementEventQueue 
INFO: Element event queue destroyed: org.apache.commons.jcs3.engine.control.event.ElementEventQueue@2f177a4b
Feb 10, 2023 3:35:38 PM org.apache.commons.jcs3.engine.control.CompositeCache 
INFO: In DISPOSE, [cache] fromRemote [false]
Feb 10, 2023 3:35:38 PM org.apache.commons.jcs3.engine.control.CompositeCache 
INFO: In DISPOSE, [cache] disposing of memory cache.
Feb 10, 2023 3:35:38 PM org.apache.commons.jcs3.engine.memory.AbstractMemoryCache 
INFO: Memory Cache dispose called.
[INFO] Tests run: 1, Failures: 0, Errors: 0, Skipped: 0, Time elapsed: 0.03 s - in org.apache.commons.jcs3.jcache.extras.loader.CacheLoaderAdapterTest
[INFO] Running org.apache.commons.jcs3.jcache.extras.web.JCacheFilterTest
[ERROR] Tests run: 2, Failures: 0, Errors: 2, Skipped: 0, Time elapsed: 0.086 s <<< FAILURE! - in org.apache.commons.jcs3.jcache.extras.web.JCacheFilterTest
[ERROR] testFilterNoOutput(org.apache.commons.jcs3.jcache.extras.web.JCacheFilterTest)  Time elapsed: 0.084 s  <<< ERROR!
org.apache.catalina.LifecycleException: Failed to initialize component [StandardServer[-1]]
	at org.apache.commons.jcs3.jcache.extras.web.JCacheFilterTest.testFilterNoOutput(JCacheFilterTest.java:64)
Caused by: java.lang.NoClassDefFoundError: org/apache/tomcat/util/IntrospectionUtils$SecurePropertySource
	at org.apache.commons.jcs3.jcache.extras.web.JCacheFilterTest.testFilterNoOutput(JCacheFilterTest.java:64)
Caused by: java.lang.ClassNotFoundException: org.apache.tomcat.util.IntrospectionUtils$SecurePropertySource
	at org.apache.commons.jcs3.jcache.extras.web.JCacheFilterTest.testFilterNoOutput(JCacheFilterTest.java:64)

[ERROR] testFilter(org.apache.commons.jcs3.jcache.extras.web.JCacheFilterTest)  Time elapsed: 0.001 s  <<< ERROR!
org.apache.catalina.LifecycleException: Failed to initialize component [StandardServer[-1]]
	at org.apache.commons.jcs3.jcache.extras.web.JCacheFilterTest.testFilter(JCacheFilterTest.java:91)
Caused by: java.lang.NoClassDefFoundError: Could not initialize class org.apache.catalina.mbeans.MBeanUtils
	at org.apache.commons.jcs3.jcache.extras.web.JCacheFilterTest.testFilter(JCacheFilterTest.java:91)

[INFO] Running org.apache.commons.jcs3.jcache.extras.writer.CacheWriterAdapterTest
Feb 10, 2023 3:35:38 PM org.apache.commons.jcs3.engine.control.CompositeCacheManager 
INFO: Setting default auxiliaries to "null"
Feb 10, 2023 3:35:38 PM org.apache.commons.jcs3.engine.control.CompositeCacheConfigurator 
INFO: No special CompositeCacheAttributes class defined for key [jcs.default.cacheattributes], using default class.
Feb 10, 2023 3:35:38 PM org.apache.commons.jcs3.engine.control.CompositeCacheManager 
INFO: setting defaultCompositeCacheAttributes to [ useLateral = true, useRemote = true, useDisk = true, maxObjs = 100, maxSpoolPerRun = -1, diskUsagePattern = SWAP, spoolChunkSize = 2 ]
Feb 10, 2023 3:35:38 PM org.apache.commons.jcs3.engine.control.CompositeCacheConfigurator 
INFO: No special ElementAttribute class defined for key [jcs.default.elementattributes], using default class.
Feb 10, 2023 3:35:38 PM org.apache.commons.jcs3.engine.control.CompositeCacheManager 
INFO: setting defaultElementAttributes to [ IS_LATERAL = true, IS_SPOOL = true, IS_REMOTE = true, IS_ETERNAL = true, MaxLifeSeconds = -1, IdleTime = -1, CreateTime = 1676043338779, LastAccessTime = 1676043338779, getTimeToLiveSeconds() = -1, createTime = 1676043338779 ]
Feb 10, 2023 3:35:38 PM org.apache.commons.jcs3.engine.control.CompositeCacheConfigurator 
INFO: Parsed regions []
Feb 10, 2023 3:35:38 PM org.apache.commons.jcs3.engine.control.CompositeCacheManager 
INFO: Finished configuration in 1 ms.
Feb 10, 2023 3:35:38 PM org.apache.commons.jcs3.engine.control.CompositeCacheConfigurator 
INFO: No special ElementAttribute class defined for key [jcs.region.cache.elementattributes], using default class.
Feb 10, 2023 3:35:38 PM org.apache.commons.jcs3.engine.memory.AbstractDoubleLinkedListMemoryCache 
INFO: initialized MemoryCache for cache
Feb 10, 2023 3:35:38 PM org.apache.commons.jcs3.engine.control.CompositeCache 
INFO: Constructed cache with name [cache] and cache attributes [ useLateral = true, useRemote = true, useDisk = true, maxObjs = 100, maxSpoolPerRun = -1, diskUsagePattern = SWAP, spoolChunkSize = 2 ]
Feb 10, 2023 3:35:38 PM org.apache.commons.jcs3.engine.control.event.ElementEventQueue 
INFO: Element event queue destroyed: org.apache.commons.jcs3.engine.control.event.ElementEventQueue@77c2494c
Feb 10, 2023 3:35:38 PM org.apache.commons.jcs3.engine.control.CompositeCache 
INFO: In DISPOSE, [cache] fromRemote [false]
Feb 10, 2023 3:35:38 PM org.apache.commons.jcs3.engine.control.CompositeCache 
INFO: In DISPOSE, [cache] disposing of memory cache.
Feb 10, 2023 3:35:38 PM org.apache.commons.jcs3.engine.memory.AbstractMemoryCache 
INFO: Memory Cache dispose called.
[INFO] Tests run: 1, Failures: 0, Errors: 0, Skipped: 0, Time elapsed: 0.006 s - in org.apache.commons.jcs3.jcache.extras.writer.CacheWriterAdapterTest
[INFO] Running org.apache.commons.jcs3.jcache.extras.writer.CompositeCacheWriterTest
Feb 10, 2023 3:35:38 PM org.apache.commons.jcs3.engine.control.CompositeCacheManager 
INFO: Setting default auxiliaries to "null"
Feb 10, 2023 3:35:38 PM org.apache.commons.jcs3.engine.control.CompositeCacheConfigurator 
INFO: No special CompositeCacheAttributes class defined for key [jcs.default.cacheattributes], using default class.
Feb 10, 2023 3:35:38 PM org.apache.commons.jcs3.engine.control.CompositeCacheManager 
INFO: setting defaultCompositeCacheAttributes to [ useLateral = true, useRemote = true, useDisk = true, maxObjs = 100, maxSpoolPerRun = -1, diskUsagePattern = SWAP, spoolChunkSize = 2 ]
Feb 10, 2023 3:35:38 PM org.apache.commons.jcs3.engine.control.CompositeCacheConfigurator 
INFO: No special ElementAttribute class defined for key [jcs.default.elementattributes], using default class.
Feb 10, 2023 3:35:38 PM org.apache.commons.jcs3.engine.control.CompositeCacheManager 
INFO: setting defaultElementAttributes to [ IS_LATERAL = true, IS_SPOOL = true, IS_REMOTE = true, IS_ETERNAL = true, MaxLifeSeconds = -1, IdleTime = -1, CreateTime = 1676043338786, LastAccessTime = 1676043338786, getTimeToLiveSeconds() = -1, createTime = 1676043338786 ]
Feb 10, 2023 3:35:38 PM org.apache.commons.jcs3.engine.control.CompositeCacheConfigurator 
INFO: Parsed regions []
Feb 10, 2023 3:35:38 PM org.apache.commons.jcs3.engine.control.CompositeCacheManager 
INFO: Finished configuration in 1 ms.
Feb 10, 2023 3:35:38 PM org.apache.commons.jcs3.engine.control.CompositeCacheConfigurator 
INFO: No special ElementAttribute class defined for key [jcs.region.cache.elementattributes], using default class.
Feb 10, 2023 3:35:38 PM org.apache.commons.jcs3.engine.memory.AbstractDoubleLinkedListMemoryCache 
INFO: initialized MemoryCache for cache
Feb 10, 2023 3:35:38 PM org.apache.commons.jcs3.engine.control.CompositeCache 
INFO: Constructed cache with name [cache] and cache attributes [ useLateral = true, useRemote = true, useDisk = true, maxObjs = 100, maxSpoolPerRun = -1, diskUsagePattern = SWAP, spoolChunkSize = 2 ]
Feb 10, 2023 3:35:38 PM org.apache.commons.jcs3.engine.control.event.ElementEventQueue 
INFO: Element event queue destroyed: org.apache.commons.jcs3.engine.control.event.ElementEventQueue@179ece50
Feb 10, 2023 3:35:38 PM org.apache.commons.jcs3.engine.control.CompositeCache 
INFO: In DISPOSE, [cache] fromRemote [false]
Feb 10, 2023 3:35:38 PM org.apache.commons.jcs3.engine.control.CompositeCache 
INFO: In DISPOSE, [cache] disposing of memory cache.
Feb 10, 2023 3:35:38 PM org.apache.commons.jcs3.engine.memory.AbstractMemoryCache 
INFO: Memory Cache dispose called.
[INFO] Tests run: 1, Failures: 0, Errors: 0, Skipped: 0, Time elapsed: 0.004 s - in org.apache.commons.jcs3.jcache.extras.writer.CompositeCacheWriterTest
[INFO] Running org.apache.commons.jcs3.jcache.extras.cdi.ExtraJCacheExtensionTest
Feb 10, 2023 3:35:38 PM org.apache.webbeans.lifecycle.AbstractLifeCycle bootstrapApplication
INFO: OpenWebBeans Container is starting...
Feb 10, 2023 3:35:38 PM org.apache.webbeans.corespi.scanner.AbstractMetaDataDiscovery addWebBeansXmlLocation
INFO: added beans archive URL: file:/home/gabsko/breaking-updates/commons-jcs-jcache-extras/target/test-classes/META-INF/beans.xml
Feb 10, 2023 3:35:38 PM org.apache.webbeans.corespi.scanner.AbstractMetaDataDiscovery addWebBeansXmlLocation
INFO: added beans archive URL: jar:file:/usr/share/java/java-atk-wrapper.jar!/
Feb 10, 2023 3:35:38 PM org.apache.webbeans.corespi.scanner.AbstractMetaDataDiscovery addWebBeansXmlLocation
INFO: added beans archive URL: file:/home/gabsko/breaking-updates/commons-jcs-jcache-extras/target/classes/
Feb 10, 2023 3:35:38 PM org.apache.webbeans.corespi.scanner.AbstractMetaDataDiscovery addWebBeansXmlLocation
INFO: added beans archive URL: file:/home/gabsko/breaking-updates/commons-jcs-jcache/target/classes/
Feb 10, 2023 3:35:38 PM org.apache.webbeans.corespi.scanner.AbstractMetaDataDiscovery addWebBeansXmlLocation
INFO: added beans archive URL: jar:file:/home/gabsko/.m2/repository/org/apache/maven/surefire/surefire-booter/2.22.2/surefire-booter-2.22.2.jar!/
Feb 10, 2023 3:35:38 PM org.apache.webbeans.corespi.scanner.AbstractMetaDataDiscovery addWebBeansXmlLocation
INFO: added beans archive URL: jar:file:/home/gabsko/.m2/repository/org/apache/maven/surefire/surefire-junit4/2.22.2/surefire-junit4-2.22.2.jar!/
Feb 10, 2023 3:35:38 PM org.apache.webbeans.corespi.scanner.AbstractMetaDataDiscovery addWebBeansXmlLocation
INFO: added beans archive URL: jar:file:/home/gabsko/.m2/repository/org/apache/maven/surefire/surefire-api/2.22.2/surefire-api-2.22.2.jar!/
Feb 10, 2023 3:35:38 PM org.apache.webbeans.corespi.scanner.AbstractMetaDataDiscovery addWebBeansXmlLocation
INFO: added beans archive URL: file:/home/gabsko/breaking-updates/commons-jcs-core/target/classes/
Feb 10, 2023 3:35:38 PM org.apache.webbeans.corespi.scanner.AbstractMetaDataDiscovery addWebBeansXmlLocation
INFO: added beans archive URL: jar:file:/home/gabsko/.m2/repository/org/apache/maven/surefire/surefire-logger-api/2.22.2/surefire-logger-api-2.22.2.jar!/
Feb 10, 2023 3:35:39 PM org.apache.commons.jcs3.engine.control.CompositeCacheManager 
INFO: Setting default auxiliaries to "null"
Feb 10, 2023 3:35:39 PM org.apache.commons.jcs3.engine.control.CompositeCacheConfigurator 
INFO: No special CompositeCacheAttributes class defined for key [jcs.default.cacheattributes], using default class.
Feb 10, 2023 3:35:39 PM org.apache.commons.jcs3.engine.control.CompositeCacheManager 
INFO: setting defaultCompositeCacheAttributes to [ useLateral = true, useRemote = true, useDisk = true, maxObjs = 100, maxSpoolPerRun = -1, diskUsagePattern = SWAP, spoolChunkSize = 2 ]
Feb 10, 2023 3:35:39 PM org.apache.commons.jcs3.engine.control.CompositeCacheConfigurator 
INFO: No special ElementAttribute class defined for key [jcs.default.elementattributes], using default class.
Feb 10, 2023 3:35:39 PM org.apache.commons.jcs3.engine.control.CompositeCacheManager 
INFO: setting defaultElementAttributes to [ IS_LATERAL = true, IS_SPOOL = true, IS_REMOTE = true, IS_ETERNAL = true, MaxLifeSeconds = -1, IdleTime = -1, CreateTime = 1676043339027, LastAccessTime = 1676043339027, getTimeToLiveSeconds() = -1, createTime = 1676043339027 ]
Feb 10, 2023 3:35:39 PM org.apache.commons.jcs3.engine.control.CompositeCacheConfigurator 
INFO: Parsed regions []
Feb 10, 2023 3:35:39 PM org.apache.commons.jcs3.engine.control.CompositeCacheManager 
INFO: Finished configuration in 2 ms.
Feb 10, 2023 3:35:39 PM org.apache.webbeans.config.BeansDeployer validateInjectionPoints
INFO: All injection points were validated successfully.
Feb 10, 2023 3:35:39 PM org.apache.webbeans.lifecycle.AbstractLifeCycle bootstrapApplication
INFO: OpenWebBeans Container has started, it took [209] ms.
Feb 10, 2023 3:35:39 PM org.apache.commons.jcs3.engine.control.event.ElementEventQueue 
INFO: Element event queue destroyed: org.apache.commons.jcs3.engine.control.event.ElementEventQueue@40cb698e
[INFO] Tests run: 2, Failures: 0, Errors: 0, Skipped: 0, Time elapsed: 0.266 s - in org.apache.commons.jcs3.jcache.extras.cdi.ExtraJCacheExtensionTest
[INFO] 
[INFO] Results:
[INFO] 
[ERROR] Errors: 
[ERROR]   JCacheFilterTest.testFilter:91  Lifecycle Failed to initialize component [Sta...
[ERROR]   JCacheFilterTest.testFilterNoOutput:64  Lifecycle Failed to initialize compon...
[INFO] 
[ERROR] Tests run: 8, Failures: 0, Errors: 2, Skipped: 0
[INFO] 
[INFO] ------------------------------------------------------------------------
[INFO] Reactor Summary for Apache Commons JCS 3.1-SNAPSHOT:
[INFO] 
[INFO] Apache Commons JCS ................................. SUCCESS [  1.915 s]
[INFO] Apache Commons JCS :: Core ......................... SUCCESS [02:47 min]
[INFO] Apache Commons JCS :: JCache ....................... SUCCESS [  3.782 s]
[INFO] Apache Commons JCS :: JCache TCK ................... SUCCESS [  1.586 s]
[INFO] Apache Commons JCS :: JCache Extras ................ FAILURE [  1.712 s]
[INFO] Apache Commons JCS :: JCache OpenJPA ............... SKIPPED
[INFO] Apache Commons JCS :: Distribution ................. SKIPPED
[INFO] ------------------------------------------------------------------------
[INFO] BUILD FAILURE
[INFO] ------------------------------------------------------------------------
[INFO] Total time:  02:57 min
[INFO] Finished at: 2023-02-10T15:35:39Z
[INFO] ------------------------------------------------------------------------
[ERROR] Failed to execute goal org.apache.maven.plugins:maven-surefire-plugin:2.22.2:test (default-test) on project commons-jcs3-jcache-extras: There are test failures.
[ERROR] 
[ERROR] Please refer to /home/gabsko/breaking-updates/commons-jcs-jcache-extras/target/surefire-reports for the individual test results.
[ERROR] Please refer to dump files (if any exist) [date].dump, [date]-jvmRun[N].dump and [date].dumpstream.
[ERROR] -> [Help 1]
[ERROR] 
[ERROR] To see the full stack trace of the errors, re-run Maven with the -e switch.
[ERROR] Re-run Maven using the -X switch to enable full debug logging.
[ERROR] 
[ERROR] For more information about the errors and possible solutions, please read the following articles:
[ERROR] [Help 1] http://cwiki.apache.org/confluence/display/MAVEN/MojoFailureException
[ERROR] 
[ERROR] After correcting the problems, you can resume the build with the command
[ERROR]   mvn <args> -rf :commons-jcs3-jcache-extras
