[INFO] Scanning for projects...
[INFO] ------------------------------------------------------------------------
[INFO] Reactor Build Order:
[INFO] 
[INFO] SmallRye Service Discovery : Parent                                [pom]
[INFO] SmallRye Stork : Main API classes                                  [jar]
[INFO] SmallRye Service Discovery : BOM                                   [pom]
[INFO] SmallRye Stork : Configuration Generator                           [jar]
[INFO] SmallRye Stork : Core                                              [jar]
[INFO] SmallRye Stork : Test Utilities                                    [jar]
[INFO] SmallRye Stork : MicroProfile Config integration                   [jar]
[INFO] SmallRye Stork Service Discovery : Static List                     [jar]
[INFO] SmallRye Stork Service Discovery : Consul List                     [jar]
[INFO] SmallRye Stork Service Discovery : Kubernetes DNS                  [jar]
[INFO] SmallRye Stork Service Discovery : Eureka                          [jar]
[INFO] SmallRye Stork Service Discovery : Composite                       [jar]
[INFO] SmallRye Stork Load Balancer : Least Response Time                 [jar]
[INFO] SmallRye Stork Load Balancer : Random                              [jar]
[INFO] SmallRye Stork Load Balancer : Least Requests                      [jar]
[INFO] SmallRye Stork Load Balancer : Power Of Two Choices                [jar]
[INFO] SmallRye Stork : Doc                                               [jar]
[INFO] 
[INFO] -------------------< io.smallrye.stork:stork-parent >-------------------
[INFO] Building SmallRye Service Discovery : Parent 1.1.1-SNAPSHOT       [1/17]
[INFO] --------------------------------[ pom ]---------------------------------
[INFO] 
[INFO] --- maven-clean-plugin:2.5:clean (default-clean) @ stork-parent ---
[INFO] Deleting /home/gabsko/breaking-updates/target
[INFO] 
[INFO] --- build-helper-maven-plugin:3.3.0:add-source (add-generated-sources) @ stork-parent ---
[INFO] Source directory: /home/gabsko/breaking-updates/target/generated-sources/annotations added.
[INFO] 
[INFO] --- formatter-maven-plugin:2.16.0:format (default) @ stork-parent ---
[INFO] Using 'UTF-8' encoding to format source files.
[INFO] Number of files to be formatted: 0
[INFO] 
[INFO] --- impsort-maven-plugin:1.6.2:sort (sort-imports) @ stork-parent ---
[INFO] Processed 0 files in 00:00.001 (Already Sorted: 0, Needed Sorting: 0)
[INFO] 
[INFO] --- maven-compiler-plugin:3.10.0:compile (default-compile) @ stork-parent ---
[INFO] No sources to compile
[INFO] 
[INFO] --- jandex-maven-plugin:1.2.2:jandex (make-index) @ stork-parent ---
[INFO] [SKIP] Cannot process fileset in directory: /home/gabsko/breaking-updates/target/classes. Directory does not exist!
[INFO] 
[INFO] --------------------< io.smallrye.stork:stork-api >---------------------
[INFO] Building SmallRye Stork : Main API classes 1.1.1-SNAPSHOT         [2/17]
[INFO] --------------------------------[ jar ]---------------------------------
[INFO] 
[INFO] --- maven-clean-plugin:2.5:clean (default-clean) @ stork-api ---
[INFO] Deleting /home/gabsko/breaking-updates/api/target
[INFO] 
[INFO] --- build-helper-maven-plugin:3.3.0:add-source (add-generated-sources) @ stork-api ---
[INFO] Source directory: /home/gabsko/breaking-updates/api/target/generated-sources/annotations added.
[INFO] 
[INFO] --- formatter-maven-plugin:2.16.0:format (default) @ stork-api ---
[INFO] Using 'UTF-8' encoding to format source files.
[INFO] Number of files to be formatted: 31
[INFO] Successfully formatted:          0 file(s)
[INFO] Fail to format:                  0 file(s)
[INFO] Skipped:                         31 file(s)
[INFO] Read only skipped:               0 file(s)
[INFO] Approximate time taken:          0s
[INFO] 
[INFO] --- impsort-maven-plugin:1.6.2:sort (sort-imports) @ stork-api ---
[INFO] Processed 31 files in 00:00.282 (Already Sorted: 31, Needed Sorting: 0)
[INFO] 
[INFO] --- maven-resources-plugin:2.6:resources (default-resources) @ stork-api ---
[INFO] Using 'UTF-8' encoding to copy filtered resources.
[INFO] skip non existing resourceDirectory /home/gabsko/breaking-updates/api/src/main/resources
[INFO] 
[INFO] --- maven-compiler-plugin:3.10.0:compile (default-compile) @ stork-api ---
[INFO] Changes detected - recompiling the module!
[INFO] Compiling 27 source files to /home/gabsko/breaking-updates/api/target/classes
[INFO] 
[INFO] --- jandex-maven-plugin:1.2.2:jandex (make-index) @ stork-api ---
[INFO] Saving Jandex index: /home/gabsko/breaking-updates/api/target/classes/META-INF/jandex.idx
[INFO] 
[INFO] --- maven-resources-plugin:2.6:testResources (default-testResources) @ stork-api ---
[INFO] Using 'UTF-8' encoding to copy filtered resources.
[INFO] skip non existing resourceDirectory /home/gabsko/breaking-updates/api/src/test/resources
[INFO] 
[INFO] --- maven-compiler-plugin:3.10.0:testCompile (default-testCompile) @ stork-api ---
[INFO] Changes detected - recompiling the module!
[INFO] Compiling 4 source files to /home/gabsko/breaking-updates/api/target/test-classes
[INFO] 
[INFO] --- maven-surefire-plugin:2.22.2:test (default-test) @ stork-api ---
[INFO] 
[INFO] -------------------------------------------------------
[INFO]  T E S T S
[INFO] -------------------------------------------------------
[INFO] Running io.smallrye.stork.api.NoAcceptableServiceInstanceFoundExceptionTest
[INFO] Tests run: 1, Failures: 0, Errors: 0, Skipped: 0, Time elapsed: 0.011 s - in io.smallrye.stork.api.NoAcceptableServiceInstanceFoundExceptionTest
[INFO] Running io.smallrye.stork.api.NoServiceInstanceFoundExceptionTest
[INFO] Tests run: 1, Failures: 0, Errors: 0, Skipped: 0, Time elapsed: 0 s - in io.smallrye.stork.api.NoServiceInstanceFoundExceptionTest
[INFO] Running io.smallrye.stork.api.MetadataTest
[INFO] Tests run: 5, Failures: 0, Errors: 0, Skipped: 0, Time elapsed: 0 s - in io.smallrye.stork.api.MetadataTest
[INFO] Running io.smallrye.stork.api.ServiceInstanceTest
[INFO] Tests run: 3, Failures: 0, Errors: 0, Skipped: 0, Time elapsed: 0 s - in io.smallrye.stork.api.ServiceInstanceTest
[INFO] 
[INFO] Results:
[INFO] 
[INFO] Tests run: 10, Failures: 0, Errors: 0, Skipped: 0
[INFO] 
[INFO] 
[INFO] --------------------< io.smallrye.stork:stork-bom >---------------------
[INFO] Building SmallRye Service Discovery : BOM 1.1.1-SNAPSHOT          [3/17]
[INFO] --------------------------------[ pom ]---------------------------------
[INFO] 
[INFO] --- maven-clean-plugin:2.5:clean (default-clean) @ stork-bom ---
[INFO] Deleting /home/gabsko/breaking-updates/bom/target
[INFO] 
[INFO] --- formatter-maven-plugin:2.16.0:format (default) @ stork-bom ---
[INFO] Using 'UTF-8' encoding to format source files.
[INFO] Number of files to be formatted: 0
[INFO] 
[INFO] --- impsort-maven-plugin:1.6.2:sort (sort-imports) @ stork-bom ---
[INFO] Processed 0 files in 00:00.000 (Already Sorted: 0, Needed Sorting: 0)
[INFO] 
[INFO] --- maven-compiler-plugin:3.10.0:compile (default-compile) @ stork-bom ---
[INFO] No sources to compile
[INFO] 
[INFO] ----------< io.smallrye.stork:stork-configuration-generator >-----------
[INFO] Building SmallRye Stork : Configuration Generator 1.1.1-SNAPSHOT  [4/17]
[INFO] --------------------------------[ jar ]---------------------------------
[INFO] 
[INFO] --- maven-clean-plugin:2.5:clean (default-clean) @ stork-configuration-generator ---
[INFO] Deleting /home/gabsko/breaking-updates/config-generator/target
[INFO] 
[INFO] --- build-helper-maven-plugin:3.3.0:add-source (add-generated-sources) @ stork-configuration-generator ---
[INFO] Source directory: /home/gabsko/breaking-updates/config-generator/target/generated-sources/annotations added.
[INFO] 
[INFO] --- formatter-maven-plugin:2.16.0:format (default) @ stork-configuration-generator ---
[INFO] Using 'UTF-8' encoding to format source files.
[INFO] Number of files to be formatted: 3
[INFO] Successfully formatted:          0 file(s)
[INFO] Fail to format:                  0 file(s)
[INFO] Skipped:                         3 file(s)
[INFO] Read only skipped:               0 file(s)
[INFO] Approximate time taken:          0s
[INFO] 
[INFO] --- impsort-maven-plugin:1.6.2:sort (sort-imports) @ stork-configuration-generator ---
[INFO] Processed 3 files in 00:00.065 (Already Sorted: 3, Needed Sorting: 0)
[INFO] 
[INFO] --- maven-resources-plugin:2.6:resources (default-resources) @ stork-configuration-generator ---
[INFO] Using 'UTF-8' encoding to copy filtered resources.
[INFO] skip non existing resourceDirectory /home/gabsko/breaking-updates/config-generator/src/main/resources
[INFO] 
[INFO] --- maven-compiler-plugin:3.10.0:compile (default-compile) @ stork-configuration-generator ---
[INFO] Changes detected - recompiling the module!
[INFO] Compiling 3 source files to /home/gabsko/breaking-updates/config-generator/target/classes
[INFO] 
[INFO] --- jandex-maven-plugin:1.2.2:jandex (make-index) @ stork-configuration-generator ---
[INFO] Saving Jandex index: /home/gabsko/breaking-updates/config-generator/target/classes/META-INF/jandex.idx
[INFO] 
[INFO] --- maven-resources-plugin:2.6:testResources (default-testResources) @ stork-configuration-generator ---
[INFO] Using 'UTF-8' encoding to copy filtered resources.
[INFO] skip non existing resourceDirectory /home/gabsko/breaking-updates/config-generator/src/test/resources
[INFO] 
[INFO] --- maven-compiler-plugin:3.10.0:testCompile (default-testCompile) @ stork-configuration-generator ---
[INFO] No sources to compile
[INFO] 
[INFO] --- maven-surefire-plugin:2.22.2:test (default-test) @ stork-configuration-generator ---
[INFO] No tests to run.
[INFO] 
[INFO] --------------------< io.smallrye.stork:stork-core >--------------------
[INFO] Building SmallRye Stork : Core 1.1.1-SNAPSHOT                     [5/17]
[INFO] --------------------------------[ jar ]---------------------------------
[INFO] 
[INFO] --- maven-clean-plugin:2.5:clean (default-clean) @ stork-core ---
[INFO] Deleting /home/gabsko/breaking-updates/core/target
[INFO] 
[INFO] --- build-helper-maven-plugin:3.3.0:add-source (add-generated-sources) @ stork-core ---
[INFO] Source directory: /home/gabsko/breaking-updates/core/target/generated-sources/annotations added.
[INFO] 
[INFO] --- formatter-maven-plugin:2.16.0:format (default) @ stork-core ---
[INFO] Using 'UTF-8' encoding to format source files.
[INFO] Number of files to be formatted: 23
[INFO] Successfully formatted:          0 file(s)
[INFO] Fail to format:                  0 file(s)
[INFO] Skipped:                         23 file(s)
[INFO] Read only skipped:               0 file(s)
[INFO] Approximate time taken:          0s
[INFO] 
[INFO] --- impsort-maven-plugin:1.6.2:sort (sort-imports) @ stork-core ---
[INFO] Processed 23 files in 00:00.064 (Already Sorted: 23, Needed Sorting: 0)
[INFO] 
[INFO] --- maven-resources-plugin:2.6:resources (default-resources) @ stork-core ---
[INFO] Using 'UTF-8' encoding to copy filtered resources.
[INFO] skip non existing resourceDirectory /home/gabsko/breaking-updates/core/src/main/resources
[INFO] 
[INFO] --- maven-compiler-plugin:3.10.0:compile (default-compile) @ stork-core ---
[INFO] Changes detected - recompiling the module!
[INFO] Compiling 12 source files to /home/gabsko/breaking-updates/core/target/classes
[INFO] 
[INFO] --- jandex-maven-plugin:1.2.2:jandex (make-index) @ stork-core ---
[INFO] Saving Jandex index: /home/gabsko/breaking-updates/core/target/classes/META-INF/jandex.idx
[INFO] 
[INFO] --- maven-resources-plugin:2.6:testResources (default-testResources) @ stork-core ---
[INFO] Using 'UTF-8' encoding to copy filtered resources.
[INFO] skip non existing resourceDirectory /home/gabsko/breaking-updates/core/src/test/resources
[INFO] 
[INFO] --- maven-compiler-plugin:3.10.0:testCompile (default-testCompile) @ stork-core ---
[INFO] Changes detected - recompiling the module!
[INFO] Compiling 11 source files to /home/gabsko/breaking-updates/core/target/test-classes
[INFO] /home/gabsko/breaking-updates/core/src/test/java/io/smallrye/stork/test/StorkTest.java: /home/gabsko/breaking-updates/core/src/test/java/io/smallrye/stork/test/StorkTest.java uses unchecked or unsafe operations.
[INFO] /home/gabsko/breaking-updates/core/src/test/java/io/smallrye/stork/test/StorkTest.java: Recompile with -Xlint:unchecked for details.
[INFO] 
[INFO] --- maven-surefire-plugin:2.22.2:test (default-test) @ stork-core ---
[INFO] 
[INFO] -------------------------------------------------------
[INFO]  T E S T S
[INFO] -------------------------------------------------------
[INFO] Running io.smallrye.stork.utils.StorkAddressUtilsTest
[INFO] Tests run: 7, Failures: 0, Errors: 0, Skipped: 0, Time elapsed: 0.061 s - in io.smallrye.stork.utils.StorkAddressUtilsTest
[INFO] Running io.smallrye.stork.utils.DurationUtilsTest
[INFO] Tests run: 3, Failures: 0, Errors: 0, Skipped: 0, Time elapsed: 0.003 s - in io.smallrye.stork.utils.DurationUtilsTest
[INFO] Running io.smallrye.stork.impl.CachingServiceDiscoveryRefreshTest
[INFO] Tests run: 4, Failures: 0, Errors: 0, Skipped: 0, Time elapsed: 8.849 s - in io.smallrye.stork.impl.CachingServiceDiscoveryRefreshTest
[INFO] Running io.smallrye.stork.impl.RoundRobinLoadBalancerProviderTest
[INFO] Tests run: 4, Failures: 0, Errors: 0, Skipped: 0, Time elapsed: 1.064 s - in io.smallrye.stork.impl.RoundRobinLoadBalancerProviderTest
[INFO] Running io.smallrye.stork.test.StorkTest
[main] INFO io.smallrye.stork.Stork - No load balancer configured for type fake, using round-robin
[main] INFO io.smallrye.stork.Stork - No load balancer configured for type fake, using round-robin
[main] INFO io.smallrye.stork.Stork - No load balancer configured for type fake, using round-robin
[main] INFO io.smallrye.stork.Stork - No load balancer configured for type fake, using round-robin
[INFO] Tests run: 12, Failures: 0, Errors: 0, Skipped: 0, Time elapsed: 0.115 s - in io.smallrye.stork.test.StorkTest
[INFO] 
[INFO] Results:
[INFO] 
[INFO] Tests run: 30, Failures: 0, Errors: 0, Skipped: 0
[INFO] 
[INFO] 
[INFO] -----------------< io.smallrye.stork:stork-test-utils >-----------------
[INFO] Building SmallRye Stork : Test Utilities 1.1.1-SNAPSHOT           [6/17]
[INFO] --------------------------------[ jar ]---------------------------------
[INFO] 
[INFO] --- maven-clean-plugin:2.5:clean (default-clean) @ stork-test-utils ---
[INFO] Deleting /home/gabsko/breaking-updates/test-utils/target
[INFO] 
[INFO] --- build-helper-maven-plugin:3.3.0:add-source (add-generated-sources) @ stork-test-utils ---
[INFO] Source directory: /home/gabsko/breaking-updates/test-utils/target/generated-sources/annotations added.
[INFO] 
[INFO] --- formatter-maven-plugin:2.16.0:format (default) @ stork-test-utils ---
[INFO] Using 'UTF-8' encoding to format source files.
[INFO] Number of files to be formatted: 10
[INFO] Successfully formatted:          0 file(s)
[INFO] Fail to format:                  0 file(s)
[INFO] Skipped:                         10 file(s)
[INFO] Read only skipped:               0 file(s)
[INFO] Approximate time taken:          0s
[INFO] 
[INFO] --- impsort-maven-plugin:1.6.2:sort (sort-imports) @ stork-test-utils ---
[INFO] Processed 10 files in 00:00.030 (Already Sorted: 10, Needed Sorting: 0)
[INFO] 
[INFO] --- maven-resources-plugin:2.6:resources (default-resources) @ stork-test-utils ---
[INFO] Using 'UTF-8' encoding to copy filtered resources.
[INFO] Copying 1 resource
[INFO] 
[INFO] --- maven-compiler-plugin:3.10.0:compile (default-compile) @ stork-test-utils ---
[INFO] Changes detected - recompiling the module!
[INFO] Compiling 10 source files to /home/gabsko/breaking-updates/test-utils/target/classes
[INFO] 
[INFO] --- jandex-maven-plugin:1.2.2:jandex (make-index) @ stork-test-utils ---
[INFO] Saving Jandex index: /home/gabsko/breaking-updates/test-utils/target/classes/META-INF/jandex.idx
[INFO] 
[INFO] --- maven-resources-plugin:2.6:testResources (default-testResources) @ stork-test-utils ---
[INFO] Using 'UTF-8' encoding to copy filtered resources.
[INFO] skip non existing resourceDirectory /home/gabsko/breaking-updates/test-utils/src/test/resources
[INFO] 
[INFO] --- maven-compiler-plugin:3.10.0:testCompile (default-testCompile) @ stork-test-utils ---
[INFO] No sources to compile
[INFO] 
[INFO] --- maven-surefire-plugin:2.22.2:test (default-test) @ stork-test-utils ---
[INFO] No tests to run.
[INFO] 
[INFO] ------------< io.smallrye.stork:stork-microprofile-config >-------------
[INFO] Building SmallRye Stork : MicroProfile Config integration 1.1.1-SNAPSHOT [7/17]
[INFO] --------------------------------[ jar ]---------------------------------
[INFO] 
[INFO] --- maven-clean-plugin:2.5:clean (default-clean) @ stork-microprofile-config ---
[INFO] Deleting /home/gabsko/breaking-updates/microprofile/target
[INFO] 
[INFO] --- build-helper-maven-plugin:3.3.0:add-source (add-generated-sources) @ stork-microprofile-config ---
[INFO] Source directory: /home/gabsko/breaking-updates/microprofile/target/generated-sources/annotations added.
[INFO] 
[INFO] --- formatter-maven-plugin:2.16.0:format (default) @ stork-microprofile-config ---
[INFO] Using 'UTF-8' encoding to format source files.
[INFO] Number of files to be formatted: 3
[INFO] Successfully formatted:          0 file(s)
[INFO] Fail to format:                  0 file(s)
[INFO] Skipped:                         3 file(s)
[INFO] Read only skipped:               0 file(s)
[INFO] Approximate time taken:          0s
[INFO] 
[INFO] --- impsort-maven-plugin:1.6.2:sort (sort-imports) @ stork-microprofile-config ---
[INFO] Processed 3 files in 00:00.022 (Already Sorted: 3, Needed Sorting: 0)
[INFO] 
[INFO] --- maven-resources-plugin:2.6:resources (default-resources) @ stork-microprofile-config ---
[INFO] Using 'UTF-8' encoding to copy filtered resources.
[INFO] Copying 1 resource
[INFO] 
[INFO] --- maven-compiler-plugin:3.10.0:compile (default-compile) @ stork-microprofile-config ---
[INFO] Changes detected - recompiling the module!
[INFO] Compiling 1 source file to /home/gabsko/breaking-updates/microprofile/target/classes
[INFO] 
[INFO] --- jandex-maven-plugin:1.2.2:jandex (make-index) @ stork-microprofile-config ---
[INFO] Saving Jandex index: /home/gabsko/breaking-updates/microprofile/target/classes/META-INF/jandex.idx
[INFO] 
[INFO] --- maven-resources-plugin:2.6:testResources (default-testResources) @ stork-microprofile-config ---
[INFO] Using 'UTF-8' encoding to copy filtered resources.
[INFO] skip non existing resourceDirectory /home/gabsko/breaking-updates/microprofile/src/test/resources
[INFO] 
[INFO] --- maven-compiler-plugin:3.10.0:testCompile (default-testCompile) @ stork-microprofile-config ---
[INFO] Changes detected - recompiling the module!
[INFO] Compiling 2 source files to /home/gabsko/breaking-updates/microprofile/target/test-classes
[INFO] 
[INFO] --- maven-surefire-plugin:2.22.2:test (default-test) @ stork-microprofile-config ---
[INFO] 
[INFO] -------------------------------------------------------
[INFO]  T E S T S
[INFO] -------------------------------------------------------
[INFO] Running io.smallrye.stork.microprofile.MicroProfileConfigProviderTest
[main] INFO io.smallrye.stork.Stork - No load balancer configured for type test-sd-1, using round-robin
[main] INFO io.smallrye.stork.Stork - No load balancer configured for type test-sd-1, using round-robin
[INFO] Tests run: 5, Failures: 0, Errors: 0, Skipped: 0, Time elapsed: 0.105 s - in io.smallrye.stork.microprofile.MicroProfileConfigProviderTest
[INFO] 
[INFO] Results:
[INFO] 
[INFO] Tests run: 5, Failures: 0, Errors: 0, Skipped: 0
[INFO] 
[INFO] 
[INFO] -------< io.smallrye.stork:stork-service-discovery-static-list >--------
[INFO] Building SmallRye Stork Service Discovery : Static List 1.1.1-SNAPSHOT [8/17]
[INFO] --------------------------------[ jar ]---------------------------------
[INFO] 
[INFO] --- maven-clean-plugin:2.5:clean (default-clean) @ stork-service-discovery-static-list ---
[INFO] Deleting /home/gabsko/breaking-updates/service-discovery/static-list/target
[INFO] 
[INFO] --- build-helper-maven-plugin:3.3.0:add-source (add-generated-sources) @ stork-service-discovery-static-list ---
[INFO] Source directory: /home/gabsko/breaking-updates/service-discovery/static-list/target/generated-sources/annotations added.
[INFO] 
[INFO] --- formatter-maven-plugin:2.16.0:format (default) @ stork-service-discovery-static-list ---
[INFO] Using 'UTF-8' encoding to format source files.
[INFO] Number of files to be formatted: 3
[INFO] Successfully formatted:          0 file(s)
[INFO] Fail to format:                  0 file(s)
[INFO] Skipped:                         3 file(s)
[INFO] Read only skipped:               0 file(s)
[INFO] Approximate time taken:          0s
[INFO] 
[INFO] --- impsort-maven-plugin:1.6.2:sort (sort-imports) @ stork-service-discovery-static-list ---
[INFO] Processed 3 files in 00:00.011 (Already Sorted: 3, Needed Sorting: 0)
[INFO] 
[INFO] --- maven-resources-plugin:2.6:resources (default-resources) @ stork-service-discovery-static-list ---
[INFO] Using 'UTF-8' encoding to copy filtered resources.
[INFO] Copying 1 resource
[INFO] 
[INFO] --- maven-compiler-plugin:3.10.0:compile (default-compile) @ stork-service-discovery-static-list ---
[INFO] Changes detected - recompiling the module!
[INFO] Compiling 2 source files to /home/gabsko/breaking-updates/service-discovery/static-list/target/classes
[INFO] 
[INFO] --- jandex-maven-plugin:1.2.2:jandex (make-index) @ stork-service-discovery-static-list ---
[INFO] Saving Jandex index: /home/gabsko/breaking-updates/service-discovery/static-list/target/classes/META-INF/jandex.idx
[INFO] 
[INFO] --- maven-resources-plugin:2.6:testResources (default-testResources) @ stork-service-discovery-static-list ---
[INFO] Using 'UTF-8' encoding to copy filtered resources.
[INFO] skip non existing resourceDirectory /home/gabsko/breaking-updates/service-discovery/static-list/src/test/resources
[INFO] 
[INFO] --- maven-compiler-plugin:3.10.0:testCompile (default-testCompile) @ stork-service-discovery-static-list ---
[INFO] Changes detected - recompiling the module!
[INFO] Compiling 1 source file to /home/gabsko/breaking-updates/service-discovery/static-list/target/test-classes
[INFO] 
[INFO] --- maven-surefire-plugin:2.22.2:test (default-test) @ stork-service-discovery-static-list ---
[INFO] 
[INFO] -------------------------------------------------------
[INFO]  T E S T S
[INFO] -------------------------------------------------------
[INFO] Running io.smallrye.stork.servicediscovery.staticlist.StaticListServiceDiscoveryTest
[main] INFO io.smallrye.stork.Stork - No load balancer configured for type static, using round-robin
[main] INFO io.smallrye.stork.Stork - No load balancer configured for type static, using round-robin
[main] INFO io.smallrye.stork.Stork - No load balancer configured for type static, using round-robin
[main] INFO io.smallrye.stork.Stork - No load balancer configured for type static, using round-robin
[main] INFO io.smallrye.stork.Stork - No load balancer configured for type static, using round-robin
[main] INFO io.smallrye.stork.Stork - No load balancer configured for type static, using round-robin
[main] INFO io.smallrye.stork.Stork - No load balancer configured for type static, using round-robin
[main] INFO io.smallrye.stork.Stork - No load balancer configured for type static, using round-robin
[main] INFO io.smallrye.stork.Stork - No load balancer configured for type static, using round-robin
[INFO] Tests run: 3, Failures: 0, Errors: 0, Skipped: 0, Time elapsed: 0.137 s - in io.smallrye.stork.servicediscovery.staticlist.StaticListServiceDiscoveryTest
[INFO] 
[INFO] Results:
[INFO] 
[INFO] Tests run: 3, Failures: 0, Errors: 0, Skipped: 0
[INFO] 
[INFO] 
[INFO] ----------< io.smallrye.stork:stork-service-discovery-consul >----------
[INFO] Building SmallRye Stork Service Discovery : Consul List 1.1.1-SNAPSHOT [9/17]
[INFO] --------------------------------[ jar ]---------------------------------
[INFO] 
[INFO] --- maven-clean-plugin:2.5:clean (default-clean) @ stork-service-discovery-consul ---
[INFO] Deleting /home/gabsko/breaking-updates/service-discovery/consul/target
[INFO] 
[INFO] --- build-helper-maven-plugin:3.3.0:add-source (add-generated-sources) @ stork-service-discovery-consul ---
[INFO] Source directory: /home/gabsko/breaking-updates/service-discovery/consul/target/generated-sources/annotations added.
[INFO] 
[INFO] --- formatter-maven-plugin:2.16.0:format (default) @ stork-service-discovery-consul ---
[INFO] Using 'UTF-8' encoding to format source files.
[INFO] Number of files to be formatted: 4
[INFO] Successfully formatted:          0 file(s)
[INFO] Fail to format:                  0 file(s)
[INFO] Skipped:                         4 file(s)
[INFO] Read only skipped:               0 file(s)
[INFO] Approximate time taken:          0s
[INFO] 
[INFO] --- impsort-maven-plugin:1.6.2:sort (sort-imports) @ stork-service-discovery-consul ---
[INFO] Processed 4 files in 00:00.018 (Already Sorted: 4, Needed Sorting: 0)
[INFO] 
[INFO] --- maven-resources-plugin:2.6:resources (default-resources) @ stork-service-discovery-consul ---
[INFO] Using 'UTF-8' encoding to copy filtered resources.
[INFO] Copying 1 resource
[INFO] 
[INFO] --- maven-compiler-plugin:3.10.0:compile (default-compile) @ stork-service-discovery-consul ---
[INFO] Changes detected - recompiling the module!
[INFO] Compiling 3 source files to /home/gabsko/breaking-updates/service-discovery/consul/target/classes
[INFO] 
[INFO] --- jandex-maven-plugin:1.2.2:jandex (make-index) @ stork-service-discovery-consul ---
[INFO] Saving Jandex index: /home/gabsko/breaking-updates/service-discovery/consul/target/classes/META-INF/jandex.idx
[INFO] 
[INFO] --- maven-resources-plugin:2.6:testResources (default-testResources) @ stork-service-discovery-consul ---
[INFO] Using 'UTF-8' encoding to copy filtered resources.
[INFO] skip non existing resourceDirectory /home/gabsko/breaking-updates/service-discovery/consul/src/test/resources
[INFO] 
[INFO] --- maven-compiler-plugin:3.10.0:testCompile (default-testCompile) @ stork-service-discovery-consul ---
[INFO] Changes detected - recompiling the module!
[INFO] Compiling 1 source file to /home/gabsko/breaking-updates/service-discovery/consul/target/test-classes
[INFO] /home/gabsko/breaking-updates/service-discovery/consul/src/test/java/io/smallrye/stork/servicediscovery/consul/ConsulServiceDiscoveryIT.java: /home/gabsko/breaking-updates/service-discovery/consul/src/test/java/io/smallrye/stork/servicediscovery/consul/ConsulServiceDiscoveryIT.java uses unchecked or unsafe operations.
[INFO] /home/gabsko/breaking-updates/service-discovery/consul/src/test/java/io/smallrye/stork/servicediscovery/consul/ConsulServiceDiscoveryIT.java: Recompile with -Xlint:unchecked for details.
[INFO] 
[INFO] --- maven-surefire-plugin:2.22.2:test (default-test) @ stork-service-discovery-consul ---
[INFO] 
[INFO] --------< io.smallrye.stork:stork-service-discovery-kubernetes >--------
[INFO] Building SmallRye Stork Service Discovery : Kubernetes DNS 1.1.1-SNAPSHOT [10/17]
[INFO] --------------------------------[ jar ]---------------------------------
[INFO] 
[INFO] --- maven-clean-plugin:2.5:clean (default-clean) @ stork-service-discovery-kubernetes ---
[INFO] Deleting /home/gabsko/breaking-updates/service-discovery/kubernetes/target
[INFO] 
[INFO] --- build-helper-maven-plugin:3.3.0:add-source (add-generated-sources) @ stork-service-discovery-kubernetes ---
[INFO] Source directory: /home/gabsko/breaking-updates/service-discovery/kubernetes/target/generated-sources/annotations added.
[INFO] 
[INFO] --- formatter-maven-plugin:2.16.0:format (default) @ stork-service-discovery-kubernetes ---
[INFO] Using 'UTF-8' encoding to format source files.
[INFO] Number of files to be formatted: 5
[INFO] Successfully formatted:          0 file(s)
[INFO] Fail to format:                  0 file(s)
[INFO] Skipped:                         5 file(s)
[INFO] Read only skipped:               0 file(s)
[INFO] Approximate time taken:          0s
[INFO] 
[INFO] --- impsort-maven-plugin:1.6.2:sort (sort-imports) @ stork-service-discovery-kubernetes ---
[INFO] Processed 5 files in 00:00.024 (Already Sorted: 5, Needed Sorting: 0)
[INFO] 
[INFO] --- maven-resources-plugin:2.6:resources (default-resources) @ stork-service-discovery-kubernetes ---
[INFO] Using 'UTF-8' encoding to copy filtered resources.
[INFO] Copying 1 resource
[INFO] 
[INFO] --- maven-compiler-plugin:3.10.0:compile (default-compile) @ stork-service-discovery-kubernetes ---
[INFO] Changes detected - recompiling the module!
[INFO] Compiling 3 source files to /home/gabsko/breaking-updates/service-discovery/kubernetes/target/classes
[INFO] 
[INFO] --- jandex-maven-plugin:1.2.2:jandex (make-index) @ stork-service-discovery-kubernetes ---
[INFO] Saving Jandex index: /home/gabsko/breaking-updates/service-discovery/kubernetes/target/classes/META-INF/jandex.idx
[INFO] 
[INFO] --- maven-resources-plugin:2.6:testResources (default-testResources) @ stork-service-discovery-kubernetes ---
[INFO] Using 'UTF-8' encoding to copy filtered resources.
[INFO] skip non existing resourceDirectory /home/gabsko/breaking-updates/service-discovery/kubernetes/src/test/resources
[INFO] 
[INFO] --- maven-compiler-plugin:3.10.0:testCompile (default-testCompile) @ stork-service-discovery-kubernetes ---
[INFO] Changes detected - recompiling the module!
[INFO] Compiling 2 source files to /home/gabsko/breaking-updates/service-discovery/kubernetes/target/test-classes
[INFO] /home/gabsko/breaking-updates/service-discovery/kubernetes/src/test/java/io/smallrye/stork/servicediscovery/kubernetes/KubernetesServiceDiscoveryTest.java: /home/gabsko/breaking-updates/service-discovery/kubernetes/src/test/java/io/smallrye/stork/servicediscovery/kubernetes/KubernetesServiceDiscoveryTest.java uses unchecked or unsafe operations.
[INFO] /home/gabsko/breaking-updates/service-discovery/kubernetes/src/test/java/io/smallrye/stork/servicediscovery/kubernetes/KubernetesServiceDiscoveryTest.java: Recompile with -Xlint:unchecked for details.
[INFO] 
[INFO] --- maven-surefire-plugin:2.22.2:test (default-test) @ stork-service-discovery-kubernetes ---
[INFO] 
[INFO] -------------------------------------------------------
[INFO]  T E S T S
[INFO] -------------------------------------------------------
[INFO] Running io.smallrye.stork.servicediscovery.kubernetes.KubernetesServiceDiscoveryTest
Feb 12, 2023 12:53:58 AM okhttp3.mockwebserver.MockWebServer$2 execute
INFO: MockWebServer[49653] starting to accept connections
Feb 12, 2023 12:53:58 AM okhttp3.mockwebserver.MockWebServer$2 execute
INFO: MockWebServer[57277] starting to accept connections
[main] WARN io.fabric8.kubernetes.client.Config - Error reading service account token from: [/var/run/secrets/kubernetes.io/serviceaccount/token]. Ignoring.
[main] INFO io.smallrye.stork.Stork - No load balancer configured for type kubernetes, using round-robin
Feb 12, 2023 12:53:59 AM okhttp3.mockwebserver.MockWebServer$3 processOneRequest
INFO: MockWebServer[57277] received request: POST /api/v1/namespaces/test/pods HTTP/1.1 and responded: HTTP/1.1 200 OK
Feb 12, 2023 12:53:59 AM okhttp3.mockwebserver.MockWebServer$3 processOneRequest
INFO: MockWebServer[57277] received request: POST /api/v1/namespaces/test/pods HTTP/1.1 and responded: HTTP/1.1 200 OK
Feb 12, 2023 12:53:59 AM okhttp3.mockwebserver.MockWebServer$3 processOneRequest
INFO: MockWebServer[57277] received request: POST /api/v1/namespaces/test/pods HTTP/1.1 and responded: HTTP/1.1 200 OK
Feb 12, 2023 12:53:59 AM okhttp3.mockwebserver.MockWebServer$3 processOneRequest
INFO: MockWebServer[57277] received request: POST /api/v1/namespaces/test/endpoints HTTP/1.1 and responded: HTTP/1.1 200 OK
Feb 12, 2023 12:53:59 AM okhttp3.mockwebserver.MockWebServer$Http2SocketHandler onStream
INFO: MockWebServer[57277] received request: GET /api/v1/namespaces/test/endpoints?fieldSelector=metadata.name%3Dsvc HTTP/1.1 and responded: HTTP/1.1 200 OK protocol is h2
Feb 12, 2023 12:53:59 AM okhttp3.mockwebserver.MockWebServer$Http2SocketHandler onStream
INFO: MockWebServer[57277] received request: GET /api/v1/namespaces/test/pods/svc-109696231 HTTP/1.1 and responded: HTTP/1.1 200 OK protocol is h2
Feb 12, 2023 12:53:59 AM okhttp3.mockwebserver.MockWebServer$Http2SocketHandler onStream
INFO: MockWebServer[57277] received request: GET /api/v1/namespaces/test/pods/svc-109696232 HTTP/1.1 and responded: HTTP/1.1 200 OK protocol is h2
Feb 12, 2023 12:53:59 AM okhttp3.mockwebserver.MockWebServer$Http2SocketHandler onStream
INFO: MockWebServer[57277] received request: GET /api/v1/namespaces/test/pods/svc-109696233 HTTP/1.1 and responded: HTTP/1.1 200 OK protocol is h2
Feb 12, 2023 12:53:59 AM okhttp3.mockwebserver.MockWebServer$3 processOneRequest
INFO: MockWebServer[57277] received request: DELETE /api/v1/namespaces/test/endpoints/svc HTTP/1.1 and responded: HTTP/1.1 200 OK
Feb 12, 2023 12:53:59 AM okhttp3.mockwebserver.MockWebServer$2 acceptConnections
INFO: MockWebServer[57277] done accepting connections: Socket closed
Feb 12, 2023 12:54:00 AM okhttp3.mockwebserver.MockWebServer$2 execute
INFO: MockWebServer[32879] starting to accept connections
[main] WARN io.fabric8.kubernetes.client.Config - Error reading service account token from: [/var/run/secrets/kubernetes.io/serviceaccount/token]. Ignoring.
[main] INFO io.smallrye.stork.Stork - No load balancer configured for type kubernetes, using round-robin
Feb 12, 2023 12:54:00 AM okhttp3.mockwebserver.MockWebServer$3 processOneRequest
INFO: MockWebServer[32879] received request: POST /api/v1/namespaces/test/pods HTTP/1.1 and responded: HTTP/1.1 200 OK
Feb 12, 2023 12:54:00 AM okhttp3.mockwebserver.MockWebServer$3 processOneRequest
INFO: MockWebServer[32879] received request: POST /api/v1/namespaces/test/pods HTTP/1.1 and responded: HTTP/1.1 200 OK
Feb 12, 2023 12:54:00 AM okhttp3.mockwebserver.MockWebServer$3 processOneRequest
INFO: MockWebServer[32879] received request: POST /api/v1/namespaces/test/pods HTTP/1.1 and responded: HTTP/1.1 200 OK
Feb 12, 2023 12:54:00 AM okhttp3.mockwebserver.MockWebServer$3 processOneRequest
INFO: MockWebServer[32879] received request: POST /api/v1/namespaces/test/endpoints HTTP/1.1 and responded: HTTP/1.1 200 OK
Feb 12, 2023 12:54:00 AM okhttp3.mockwebserver.MockWebServer$Http2SocketHandler onStream
INFO: MockWebServer[32879] received request: GET /api/v1/namespaces/test/endpoints?fieldSelector=metadata.name%3Dsvc HTTP/1.1 and responded: HTTP/1.1 200 OK protocol is h2
Feb 12, 2023 12:54:00 AM okhttp3.mockwebserver.MockWebServer$Http2SocketHandler onStream
INFO: MockWebServer[32879] received request: GET /api/v1/namespaces/test/pods/svc-109696231 HTTP/1.1 and responded: HTTP/1.1 200 OK protocol is h2
Feb 12, 2023 12:54:00 AM okhttp3.mockwebserver.MockWebServer$Http2SocketHandler onStream
INFO: MockWebServer[32879] received request: GET /api/v1/namespaces/test/pods/svc-109696232 HTTP/1.1 and responded: HTTP/1.1 200 OK protocol is h2
Feb 12, 2023 12:54:00 AM okhttp3.mockwebserver.MockWebServer$Http2SocketHandler onStream
INFO: MockWebServer[32879] received request: GET /api/v1/namespaces/test/pods/svc-109696233 HTTP/1.1 and responded: HTTP/1.1 200 OK protocol is h2
Feb 12, 2023 12:54:00 AM okhttp3.mockwebserver.MockWebServer$2 acceptConnections
INFO: MockWebServer[32879] done accepting connections: Socket closed
Feb 12, 2023 12:54:00 AM okhttp3.mockwebserver.MockWebServer$2 execute
INFO: MockWebServer[58459] starting to accept connections
[main] WARN io.fabric8.kubernetes.client.Config - Error reading service account token from: [/var/run/secrets/kubernetes.io/serviceaccount/token]. Ignoring.
[main] INFO io.smallrye.stork.Stork - No load balancer configured for type kubernetes, using round-robin
Feb 12, 2023 12:54:00 AM okhttp3.mockwebserver.MockWebServer$3 processOneRequest
INFO: MockWebServer[58459] received request: POST /api/v1/namespaces/test/pods HTTP/1.1 and responded: HTTP/1.1 200 OK
Feb 12, 2023 12:54:00 AM okhttp3.mockwebserver.MockWebServer$3 processOneRequest
INFO: MockWebServer[58459] received request: POST /api/v1/namespaces/test/pods HTTP/1.1 and responded: HTTP/1.1 200 OK
Feb 12, 2023 12:54:00 AM okhttp3.mockwebserver.MockWebServer$3 processOneRequest
INFO: MockWebServer[58459] received request: POST /api/v1/namespaces/test/pods HTTP/1.1 and responded: HTTP/1.1 200 OK
Feb 12, 2023 12:54:00 AM okhttp3.mockwebserver.MockWebServer$3 processOneRequest
INFO: MockWebServer[58459] received request: POST /api/v1/namespaces/test/endpoints HTTP/1.1 and responded: HTTP/1.1 200 OK
Feb 12, 2023 12:54:00 AM okhttp3.mockwebserver.MockWebServer$3 processOneRequest
INFO: MockWebServer[58459] received request: POST /api/v1/namespaces/test/pods HTTP/1.1 and responded: HTTP/1.1 200 OK
Feb 12, 2023 12:54:00 AM okhttp3.mockwebserver.MockWebServer$3 processOneRequest
INFO: MockWebServer[58459] received request: POST /api/v1/namespaces/test/endpoints HTTP/1.1 and responded: HTTP/1.1 200 OK
Feb 12, 2023 12:54:00 AM okhttp3.mockwebserver.MockWebServer$Http2SocketHandler onStream
INFO: MockWebServer[58459] received request: GET /api/v1/namespaces/test/endpoints?fieldSelector=metadata.name%3Drest-service HTTP/1.1 and responded: HTTP/1.1 200 OK protocol is h2
Feb 12, 2023 12:54:00 AM okhttp3.mockwebserver.MockWebServer$Http2SocketHandler onStream
INFO: MockWebServer[58459] received request: GET /api/v1/namespaces/test/pods/rest-service-109696231 HTTP/1.1 and responded: HTTP/1.1 200 OK protocol is h2
Feb 12, 2023 12:54:00 AM okhttp3.mockwebserver.MockWebServer$Http2SocketHandler onStream
INFO: MockWebServer[58459] received request: GET /api/v1/namespaces/test/pods/rest-service-109696232 HTTP/1.1 and responded: HTTP/1.1 200 OK protocol is h2
Feb 12, 2023 12:54:00 AM okhttp3.mockwebserver.MockWebServer$Http2SocketHandler onStream
INFO: MockWebServer[58459] received request: GET /api/v1/namespaces/test/pods/rest-service-109696233 HTTP/1.1 and responded: HTTP/1.1 200 OK protocol is h2
Feb 12, 2023 12:54:00 AM okhttp3.mockwebserver.MockWebServer$2 acceptConnections
INFO: MockWebServer[58459] done accepting connections: Socket closed
Feb 12, 2023 12:54:00 AM okhttp3.mockwebserver.MockWebServer$2 execute
INFO: MockWebServer[47849] starting to accept connections
[main] WARN io.fabric8.kubernetes.client.Config - Error reading service account token from: [/var/run/secrets/kubernetes.io/serviceaccount/token]. Ignoring.
[main] INFO io.smallrye.stork.Stork - No load balancer configured for type kubernetes, using round-robin
Feb 12, 2023 12:54:00 AM okhttp3.mockwebserver.MockWebServer$3 processOneRequest
INFO: MockWebServer[47849] received request: POST /api/v1/namespaces/ns1/pods HTTP/1.1 and responded: HTTP/1.1 200 OK
Feb 12, 2023 12:54:00 AM okhttp3.mockwebserver.MockWebServer$3 processOneRequest
INFO: MockWebServer[47849] received request: POST /api/v1/namespaces/ns1/pods HTTP/1.1 and responded: HTTP/1.1 200 OK
Feb 12, 2023 12:54:00 AM okhttp3.mockwebserver.MockWebServer$3 processOneRequest
INFO: MockWebServer[47849] received request: POST /api/v1/namespaces/ns1/pods HTTP/1.1 and responded: HTTP/1.1 200 OK
Feb 12, 2023 12:54:00 AM okhttp3.mockwebserver.MockWebServer$3 processOneRequest
INFO: MockWebServer[47849] received request: POST /api/v1/namespaces/ns1/endpoints HTTP/1.1 and responded: HTTP/1.1 200 OK
Feb 12, 2023 12:54:00 AM okhttp3.mockwebserver.MockWebServer$Http2SocketHandler onStream
INFO: MockWebServer[47849] received request: GET /api/v1/namespaces/ns1/endpoints?fieldSelector=metadata.name%3Dsvc HTTP/1.1 and responded: HTTP/1.1 200 OK protocol is h2
Feb 12, 2023 12:54:00 AM okhttp3.mockwebserver.MockWebServer$Http2SocketHandler onStream
INFO: MockWebServer[47849] received request: GET /api/v1/namespaces/ns1/pods/svc-109696231 HTTP/1.1 and responded: HTTP/1.1 200 OK protocol is h2
Feb 12, 2023 12:54:00 AM okhttp3.mockwebserver.MockWebServer$Http2SocketHandler onStream
INFO: MockWebServer[47849] received request: GET /api/v1/namespaces/ns1/pods/svc-109696232 HTTP/1.1 and responded: HTTP/1.1 200 OK protocol is h2
Feb 12, 2023 12:54:00 AM okhttp3.mockwebserver.MockWebServer$Http2SocketHandler onStream
INFO: MockWebServer[47849] received request: GET /api/v1/namespaces/ns1/pods/svc-109696233 HTTP/1.1 and responded: HTTP/1.1 200 OK protocol is h2
Feb 12, 2023 12:54:00 AM okhttp3.mockwebserver.MockWebServer$2 acceptConnections
INFO: MockWebServer[47849] done accepting connections: Socket closed
Feb 12, 2023 12:54:00 AM okhttp3.mockwebserver.MockWebServer$2 execute
INFO: MockWebServer[43901] starting to accept connections
[main] WARN io.fabric8.kubernetes.client.Config - Error reading service account token from: [/var/run/secrets/kubernetes.io/serviceaccount/token]. Ignoring.
[main] INFO io.smallrye.stork.Stork - No load balancer configured for type kubernetes, using round-robin
Feb 12, 2023 12:54:00 AM okhttp3.mockwebserver.MockWebServer$3 processOneRequest
INFO: MockWebServer[43901] received request: POST /api/v1/namespaces/ns1/pods HTTP/1.1 and responded: HTTP/1.1 200 OK
Feb 12, 2023 12:54:00 AM okhttp3.mockwebserver.MockWebServer$3 processOneRequest
INFO: MockWebServer[43901] received request: POST /api/v1/namespaces/ns1/pods HTTP/1.1 and responded: HTTP/1.1 200 OK
Feb 12, 2023 12:54:00 AM okhttp3.mockwebserver.MockWebServer$3 processOneRequest
INFO: MockWebServer[43901] received request: POST /api/v1/namespaces/ns1/pods HTTP/1.1 and responded: HTTP/1.1 200 OK
Feb 12, 2023 12:54:00 AM okhttp3.mockwebserver.MockWebServer$3 processOneRequest
INFO: MockWebServer[43901] received request: POST /api/v1/namespaces/ns1/endpoints HTTP/1.1 and responded: HTTP/1.1 200 OK
Feb 12, 2023 12:54:00 AM okhttp3.mockwebserver.MockWebServer$3 processOneRequest
INFO: MockWebServer[43901] received request: POST /api/v1/namespaces/ns2/pods HTTP/1.1 and responded: HTTP/1.1 200 OK
Feb 12, 2023 12:54:01 AM okhttp3.mockwebserver.MockWebServer$3 processOneRequest
INFO: MockWebServer[43901] received request: POST /api/v1/namespaces/ns2/pods HTTP/1.1 and responded: HTTP/1.1 200 OK
Feb 12, 2023 12:54:01 AM okhttp3.mockwebserver.MockWebServer$3 processOneRequest
INFO: MockWebServer[43901] received request: POST /api/v1/namespaces/ns2/pods HTTP/1.1 and responded: HTTP/1.1 200 OK
Feb 12, 2023 12:54:01 AM okhttp3.mockwebserver.MockWebServer$3 processOneRequest
INFO: MockWebServer[43901] received request: POST /api/v1/namespaces/ns2/endpoints HTTP/1.1 and responded: HTTP/1.1 200 OK
Feb 12, 2023 12:54:01 AM okhttp3.mockwebserver.MockWebServer$Http2SocketHandler onStream
INFO: MockWebServer[43901] received request: GET /api/v1/endpoints?fieldSelector=metadata.name%3Dsvc HTTP/1.1 and responded: HTTP/1.1 200 OK protocol is h2
Feb 12, 2023 12:54:01 AM okhttp3.mockwebserver.MockWebServer$Http2SocketHandler onStream
INFO: MockWebServer[43901] received request: GET /api/v1/pods?fieldSelector=metadata.name%3Dsvc-109696231 HTTP/1.1 and responded: HTTP/1.1 200 OK protocol is h2
Feb 12, 2023 12:54:01 AM okhttp3.mockwebserver.MockWebServer$Http2SocketHandler onStream
INFO: MockWebServer[43901] received request: GET /api/v1/pods?fieldSelector=metadata.name%3Dsvc-109696232 HTTP/1.1 and responded: HTTP/1.1 200 OK protocol is h2
Feb 12, 2023 12:54:01 AM okhttp3.mockwebserver.MockWebServer$Http2SocketHandler onStream
INFO: MockWebServer[43901] received request: GET /api/v1/pods?fieldSelector=metadata.name%3Dsvc-109696233 HTTP/1.1 and responded: HTTP/1.1 200 OK protocol is h2
Feb 12, 2023 12:54:01 AM okhttp3.mockwebserver.MockWebServer$Http2SocketHandler onStream
INFO: MockWebServer[43901] received request: GET /api/v1/pods?fieldSelector=metadata.name%3Dsvc-109999241 HTTP/1.1 and responded: HTTP/1.1 200 OK protocol is h2
Feb 12, 2023 12:54:01 AM okhttp3.mockwebserver.MockWebServer$Http2SocketHandler onStream
INFO: MockWebServer[43901] received request: GET /api/v1/pods?fieldSelector=metadata.name%3Dsvc-109999242 HTTP/1.1 and responded: HTTP/1.1 200 OK protocol is h2
Feb 12, 2023 12:54:01 AM okhttp3.mockwebserver.MockWebServer$Http2SocketHandler onStream
INFO: MockWebServer[43901] received request: GET /api/v1/pods?fieldSelector=metadata.name%3Dsvc-109999243 HTTP/1.1 and responded: HTTP/1.1 200 OK protocol is h2
Feb 12, 2023 12:54:01 AM okhttp3.mockwebserver.MockWebServer$2 acceptConnections
INFO: MockWebServer[43901] done accepting connections: Socket closed
Feb 12, 2023 12:54:01 AM okhttp3.mockwebserver.MockWebServer$2 execute
INFO: MockWebServer[52115] starting to accept connections
[main] WARN io.fabric8.kubernetes.client.Config - Error reading service account token from: [/var/run/secrets/kubernetes.io/serviceaccount/token]. Ignoring.
[main] INFO io.smallrye.stork.Stork - No load balancer configured for type kubernetes, using round-robin
Feb 12, 2023 12:54:01 AM okhttp3.mockwebserver.MockWebServer$3 processOneRequest
INFO: MockWebServer[52115] received request: POST /api/v1/namespaces/test/pods HTTP/1.1 and responded: HTTP/1.1 200 OK
Feb 12, 2023 12:54:01 AM okhttp3.mockwebserver.MockWebServer$3 processOneRequest
INFO: MockWebServer[52115] received request: POST /api/v1/namespaces/test/pods HTTP/1.1 and responded: HTTP/1.1 200 OK
Feb 12, 2023 12:54:01 AM okhttp3.mockwebserver.MockWebServer$3 processOneRequest
INFO: MockWebServer[52115] received request: POST /api/v1/namespaces/test/pods HTTP/1.1 and responded: HTTP/1.1 200 OK
Feb 12, 2023 12:54:01 AM okhttp3.mockwebserver.MockWebServer$3 processOneRequest
INFO: MockWebServer[52115] received request: POST /api/v1/namespaces/test/endpoints HTTP/1.1 and responded: HTTP/1.1 200 OK
Feb 12, 2023 12:54:01 AM okhttp3.mockwebserver.MockWebServer$Http2SocketHandler onStream
INFO: MockWebServer[52115] received request: GET /api/v1/namespaces/test/endpoints?fieldSelector=metadata.name%3Dsvc HTTP/1.1 and responded: HTTP/1.1 200 OK protocol is h2
Feb 12, 2023 12:54:01 AM okhttp3.mockwebserver.MockWebServer$Http2SocketHandler onStream
INFO: MockWebServer[52115] received request: GET /api/v1/namespaces/test/pods/svc-109696231 HTTP/1.1 and responded: HTTP/1.1 200 OK protocol is h2
Feb 12, 2023 12:54:01 AM okhttp3.mockwebserver.MockWebServer$Http2SocketHandler onStream
INFO: MockWebServer[52115] received request: GET /api/v1/namespaces/test/pods/svc-109696232 HTTP/1.1 and responded: HTTP/1.1 200 OK protocol is h2
Feb 12, 2023 12:54:01 AM okhttp3.mockwebserver.MockWebServer$Http2SocketHandler onStream
INFO: MockWebServer[52115] received request: GET /api/v1/namespaces/test/pods/svc-109696233 HTTP/1.1 and responded: HTTP/1.1 200 OK protocol is h2
Feb 12, 2023 12:54:01 AM okhttp3.mockwebserver.MockWebServer$3 processOneRequest
INFO: MockWebServer[52115] received request: DELETE /api/v1/namespaces/test/endpoints/svc HTTP/1.1 and responded: HTTP/1.1 200 OK
Feb 12, 2023 12:54:06 AM okhttp3.mockwebserver.MockWebServer$Http2SocketHandler onStream
INFO: MockWebServer[52115] received request: GET /api/v1/namespaces/test/endpoints?fieldSelector=metadata.name%3Dsvc HTTP/1.1 and responded: HTTP/1.1 200 OK protocol is h2
Feb 12, 2023 12:54:06 AM okhttp3.mockwebserver.MockWebServer$2 acceptConnections
INFO: MockWebServer[52115] done accepting connections: Socket closed
Feb 12, 2023 12:54:06 AM okhttp3.mockwebserver.MockWebServer$2 execute
INFO: MockWebServer[52633] starting to accept connections
[main] WARN io.fabric8.kubernetes.client.Config - Error reading service account token from: [/var/run/secrets/kubernetes.io/serviceaccount/token]. Ignoring.
[main] INFO io.smallrye.stork.Stork - No load balancer configured for type kubernetes, using round-robin
Feb 12, 2023 12:54:06 AM okhttp3.mockwebserver.MockWebServer$3 processOneRequest
INFO: MockWebServer[52633] received request: POST /api/v1/namespaces/test/pods HTTP/1.1 and responded: HTTP/1.1 200 OK
Feb 12, 2023 12:54:06 AM okhttp3.mockwebserver.MockWebServer$3 processOneRequest
INFO: MockWebServer[52633] received request: POST /api/v1/namespaces/test/pods HTTP/1.1 and responded: HTTP/1.1 200 OK
Feb 12, 2023 12:54:06 AM okhttp3.mockwebserver.MockWebServer$3 processOneRequest
INFO: MockWebServer[52633] received request: POST /api/v1/namespaces/test/pods HTTP/1.1 and responded: HTTP/1.1 200 OK
Feb 12, 2023 12:54:06 AM okhttp3.mockwebserver.MockWebServer$3 processOneRequest
INFO: MockWebServer[52633] received request: POST /api/v1/namespaces/test/endpoints HTTP/1.1 and responded: HTTP/1.1 200 OK
Feb 12, 2023 12:54:06 AM okhttp3.mockwebserver.MockWebServer$Http2SocketHandler onStream
INFO: MockWebServer[52633] received request: GET /api/v1/namespaces/test/endpoints?fieldSelector=metadata.name%3Dsvc HTTP/1.1 and responded: HTTP/1.1 200 OK protocol is h2
Feb 12, 2023 12:54:06 AM okhttp3.mockwebserver.MockWebServer$Http2SocketHandler onStream
INFO: MockWebServer[52633] received request: GET /api/v1/namespaces/test/pods/svc-109696231 HTTP/1.1 and responded: HTTP/1.1 200 OK protocol is h2
Feb 12, 2023 12:54:06 AM okhttp3.mockwebserver.MockWebServer$Http2SocketHandler onStream
INFO: MockWebServer[52633] received request: GET /api/v1/namespaces/test/pods/svc-109696232 HTTP/1.1 and responded: HTTP/1.1 200 OK protocol is h2
Feb 12, 2023 12:54:06 AM okhttp3.mockwebserver.MockWebServer$Http2SocketHandler onStream
INFO: MockWebServer[52633] received request: GET /api/v1/namespaces/test/pods/svc-109696233 HTTP/1.1 and responded: HTTP/1.1 200 OK protocol is h2
Feb 12, 2023 12:54:06 AM okhttp3.mockwebserver.MockWebServer$3 processOneRequest
INFO: MockWebServer[52633] received request: DELETE /api/v1/namespaces/test/endpoints/svc HTTP/1.1 and responded: HTTP/1.1 200 OK
Feb 12, 2023 12:54:06 AM okhttp3.mockwebserver.MockWebServer$3 processOneRequest
INFO: MockWebServer[52633] received request: DELETE /api/v1/namespaces/test/pods/svc-109696231 HTTP/1.1 and responded: HTTP/1.1 200 OK
Feb 12, 2023 12:54:06 AM okhttp3.mockwebserver.MockWebServer$3 processOneRequest
INFO: MockWebServer[52633] received request: DELETE /api/v1/namespaces/test/pods/svc-109696232 HTTP/1.1 and responded: HTTP/1.1 200 OK
Feb 12, 2023 12:54:06 AM okhttp3.mockwebserver.MockWebServer$3 processOneRequest
INFO: MockWebServer[52633] received request: DELETE /api/v1/namespaces/test/pods/svc-109696233 HTTP/1.1 and responded: HTTP/1.1 200 OK
Feb 12, 2023 12:54:06 AM okhttp3.mockwebserver.MockWebServer$3 processOneRequest
INFO: MockWebServer[52633] received request: POST /api/v1/namespaces/test/pods HTTP/1.1 and responded: HTTP/1.1 200 OK
Feb 12, 2023 12:54:06 AM okhttp3.mockwebserver.MockWebServer$3 processOneRequest
INFO: MockWebServer[52633] received request: POST /api/v1/namespaces/test/pods HTTP/1.1 and responded: HTTP/1.1 200 OK
Feb 12, 2023 12:54:06 AM okhttp3.mockwebserver.MockWebServer$3 processOneRequest
INFO: MockWebServer[52633] received request: POST /api/v1/namespaces/test/endpoints HTTP/1.1 and responded: HTTP/1.1 200 OK
Feb 12, 2023 12:54:11 AM okhttp3.mockwebserver.MockWebServer$Http2SocketHandler onStream
INFO: MockWebServer[52633] received request: GET /api/v1/namespaces/test/endpoints?fieldSelector=metadata.name%3Dsvc HTTP/1.1 and responded: HTTP/1.1 200 OK protocol is h2
Feb 12, 2023 12:54:11 AM okhttp3.mockwebserver.MockWebServer$Http2SocketHandler onStream
INFO: MockWebServer[52633] received request: GET /api/v1/namespaces/test/pods/svc-109696231 HTTP/1.1 and responded: HTTP/1.1 200 OK protocol is h2
Feb 12, 2023 12:54:11 AM okhttp3.mockwebserver.MockWebServer$Http2SocketHandler onStream
INFO: MockWebServer[52633] received request: GET /api/v1/namespaces/test/pods/svc-109696232 HTTP/1.1 and responded: HTTP/1.1 200 OK protocol is h2
Feb 12, 2023 12:54:11 AM okhttp3.mockwebserver.MockWebServer$3 processOneRequest
INFO: MockWebServer[52633] received request: DELETE /api/v1/namespaces/test/endpoints/svc HTTP/1.1 and responded: HTTP/1.1 200 OK
Feb 12, 2023 12:54:11 AM okhttp3.mockwebserver.MockWebServer$3 processOneRequest
INFO: MockWebServer[52633] received request: DELETE /api/v1/namespaces/test/pods/svc-109696231 HTTP/1.1 and responded: HTTP/1.1 200 OK
Feb 12, 2023 12:54:11 AM okhttp3.mockwebserver.MockWebServer$3 processOneRequest
INFO: MockWebServer[52633] received request: DELETE /api/v1/namespaces/test/pods/svc-109696232 HTTP/1.1 and responded: HTTP/1.1 200 OK
Feb 12, 2023 12:54:11 AM okhttp3.mockwebserver.MockWebServer$3 processOneRequest
INFO: MockWebServer[52633] received request: POST /api/v1/namespaces/test/pods HTTP/1.1 and responded: HTTP/1.1 200 OK
Feb 12, 2023 12:54:11 AM okhttp3.mockwebserver.MockWebServer$3 processOneRequest
INFO: MockWebServer[52633] received request: POST /api/v1/namespaces/test/pods HTTP/1.1 and responded: HTTP/1.1 200 OK
Feb 12, 2023 12:54:11 AM okhttp3.mockwebserver.MockWebServer$3 processOneRequest
INFO: MockWebServer[52633] received request: POST /api/v1/namespaces/test/pods HTTP/1.1 and responded: HTTP/1.1 200 OK
Feb 12, 2023 12:54:11 AM okhttp3.mockwebserver.MockWebServer$3 processOneRequest
INFO: MockWebServer[52633] received request: POST /api/v1/namespaces/test/endpoints HTTP/1.1 and responded: HTTP/1.1 200 OK
Feb 12, 2023 12:54:16 AM okhttp3.mockwebserver.MockWebServer$Http2SocketHandler onStream
INFO: MockWebServer[52633] received request: GET /api/v1/namespaces/test/endpoints?fieldSelector=metadata.name%3Dsvc HTTP/1.1 and responded: HTTP/1.1 200 OK protocol is h2
Feb 12, 2023 12:54:16 AM okhttp3.mockwebserver.MockWebServer$Http2SocketHandler onStream
INFO: MockWebServer[52633] received request: GET /api/v1/namespaces/test/pods/svc-109696231 HTTP/1.1 and responded: HTTP/1.1 200 OK protocol is h2
Feb 12, 2023 12:54:16 AM okhttp3.mockwebserver.MockWebServer$Http2SocketHandler onStream
INFO: MockWebServer[52633] received request: GET /api/v1/namespaces/test/pods/svc-109696232 HTTP/1.1 and responded: HTTP/1.1 200 OK protocol is h2
Feb 12, 2023 12:54:16 AM okhttp3.mockwebserver.MockWebServer$Http2SocketHandler onStream
INFO: MockWebServer[52633] received request: GET /api/v1/namespaces/test/pods/svc-109696234 HTTP/1.1 and responded: HTTP/1.1 200 OK protocol is h2
Feb 12, 2023 12:54:17 AM okhttp3.mockwebserver.MockWebServer$2 acceptConnections
INFO: MockWebServer[52633] done accepting connections: Socket closed
[INFO] Tests run: 7, Failures: 0, Errors: 0, Skipped: 0, Time elapsed: 18.746 s - in io.smallrye.stork.servicediscovery.kubernetes.KubernetesServiceDiscoveryTest
[INFO] 
[INFO] Results:
[INFO] 
[INFO] Tests run: 7, Failures: 0, Errors: 0, Skipped: 0
[INFO] 
[INFO] 
[INFO] ----------< io.smallrye.stork:stork-service-discovery-eureka >----------
[INFO] Building SmallRye Stork Service Discovery : Eureka 1.1.1-SNAPSHOT [11/17]
[INFO] --------------------------------[ jar ]---------------------------------
[INFO] Downloading from central: https://repo.maven.apache.org/maven2/org/apache/tomcat/embed/tomcat-embed-core/10.0.17/tomcat-embed-core-10.0.17.jar
[INFO] Downloading from central: https://repo.maven.apache.org/maven2/org/apache/tomcat/tomcat-annotations-api/10.0.17/tomcat-annotations-api-10.0.17.jar
[INFO] Downloaded from central: https://repo.maven.apache.org/maven2/org/apache/tomcat/tomcat-annotations-api/10.0.17/tomcat-annotations-api-10.0.17.jar (13 kB at 48 kB/s)
[INFO] Downloaded from central: https://repo.maven.apache.org/maven2/org/apache/tomcat/embed/tomcat-embed-core/10.0.17/tomcat-embed-core-10.0.17.jar (3.4 MB at 8.1 MB/s)
[INFO] 
[INFO] --- maven-clean-plugin:2.5:clean (default-clean) @ stork-service-discovery-eureka ---
[INFO] Deleting /home/gabsko/breaking-updates/service-discovery/eureka/target
[INFO] 
[INFO] --- build-helper-maven-plugin:3.3.0:add-source (add-generated-sources) @ stork-service-discovery-eureka ---
[INFO] Source directory: /home/gabsko/breaking-updates/service-discovery/eureka/target/generated-sources/annotations added.
[INFO] 
[INFO] --- formatter-maven-plugin:2.16.0:format (default) @ stork-service-discovery-eureka ---
[INFO] Using 'UTF-8' encoding to format source files.
[INFO] Number of files to be formatted: 6
[INFO] Successfully formatted:          0 file(s)
[INFO] Fail to format:                  0 file(s)
[INFO] Skipped:                         6 file(s)
[INFO] Read only skipped:               0 file(s)
[INFO] Approximate time taken:          0s
[INFO] 
[INFO] --- impsort-maven-plugin:1.6.2:sort (sort-imports) @ stork-service-discovery-eureka ---
[INFO] Processed 6 files in 00:00.028 (Already Sorted: 6, Needed Sorting: 0)
[INFO] 
[INFO] --- maven-resources-plugin:2.6:resources (default-resources) @ stork-service-discovery-eureka ---
[INFO] Using 'UTF-8' encoding to copy filtered resources.
[INFO] Copying 1 resource
[INFO] 
[INFO] --- maven-compiler-plugin:3.10.0:compile (default-compile) @ stork-service-discovery-eureka ---
[INFO] Changes detected - recompiling the module!
[INFO] Compiling 3 source files to /home/gabsko/breaking-updates/service-discovery/eureka/target/classes
[INFO] 
[INFO] --- jandex-maven-plugin:1.2.2:jandex (make-index) @ stork-service-discovery-eureka ---
[INFO] Saving Jandex index: /home/gabsko/breaking-updates/service-discovery/eureka/target/classes/META-INF/jandex.idx
[INFO] 
[INFO] --- maven-resources-plugin:2.6:testResources (default-testResources) @ stork-service-discovery-eureka ---
[INFO] Using 'UTF-8' encoding to copy filtered resources.
[INFO] Copying 1 resource
[INFO] 
[INFO] --- maven-compiler-plugin:3.10.0:testCompile (default-testCompile) @ stork-service-discovery-eureka ---
[INFO] Changes detected - recompiling the module!
[INFO] Compiling 3 source files to /home/gabsko/breaking-updates/service-discovery/eureka/target/test-classes
[INFO] 
[INFO] --- maven-surefire-plugin:2.22.2:test (default-test) @ stork-service-discovery-eureka ---
[INFO] 
[INFO] -------------------------------------------------------
[INFO]  T E S T S
[INFO] -------------------------------------------------------
[INFO] Running io.smallrye.stork.servicediscovery.eureka.EurekaDiscoveryTest
00:54:19.246 [main] DEBUG io.vertx.core.logging.LoggerFactory - Using io.vertx.core.logging.SLF4JLogDelegateFactory
00:54:19.272 [main] DEBUG io.netty.util.internal.logging.InternalLoggerFactory - Using SLF4J as the default logging framework
00:54:19.273 [main] DEBUG io.netty.util.internal.PlatformDependent0 - -Dio.netty.noUnsafe: false
00:54:19.273 [main] DEBUG io.netty.util.internal.PlatformDependent0 - Java version: 11
00:54:19.275 [main] DEBUG io.netty.util.internal.PlatformDependent0 - sun.misc.Unsafe.theUnsafe: available
00:54:19.275 [main] DEBUG io.netty.util.internal.PlatformDependent0 - sun.misc.Unsafe.copyMemory: available
00:54:19.275 [main] DEBUG io.netty.util.internal.PlatformDependent0 - java.nio.Buffer.address: available
00:54:19.276 [main] DEBUG io.netty.util.internal.PlatformDependent0 - direct buffer constructor: unavailable: Reflective setAccessible(true) disabled
00:54:19.276 [main] DEBUG io.netty.util.internal.PlatformDependent0 - java.nio.Bits.unaligned: available, true
00:54:19.277 [main] DEBUG io.netty.util.internal.PlatformDependent0 - jdk.internal.misc.Unsafe.allocateUninitializedArray(int): unavailable: class io.netty.util.internal.PlatformDependent0$6 cannot access class jdk.internal.misc.Unsafe (in module java.base) because module java.base does not export jdk.internal.misc to unnamed module @2abf4075
00:54:19.277 [main] DEBUG io.netty.util.internal.PlatformDependent0 - java.nio.DirectByteBuffer.<init>(long, int): unavailable
00:54:19.277 [main] DEBUG io.netty.util.internal.PlatformDependent - sun.misc.Unsafe: available
00:54:19.278 [main] DEBUG io.netty.util.internal.PlatformDependent - maxDirectMemory: 32178700288 bytes (maybe)
00:54:19.278 [main] DEBUG io.netty.util.internal.PlatformDependent - -Dio.netty.tmpdir: /tmp (java.io.tmpdir)
00:54:19.279 [main] DEBUG io.netty.util.internal.PlatformDependent - -Dio.netty.bitMode: 64 (sun.arch.data.model)
00:54:19.279 [main] DEBUG io.netty.util.internal.PlatformDependent - -Dio.netty.maxDirectMemory: -1 bytes
00:54:19.279 [main] DEBUG io.netty.util.internal.PlatformDependent - -Dio.netty.uninitializedArrayAllocationThreshold: -1
00:54:19.280 [main] DEBUG io.netty.util.internal.CleanerJava9 - java.nio.ByteBuffer.cleaner(): available
00:54:19.280 [main] DEBUG io.netty.util.internal.PlatformDependent - -Dio.netty.noPreferDirect: false
00:54:19.290 [main] DEBUG io.netty.util.ResourceLeakDetector - -Dio.netty.leakDetection.level: simple
00:54:19.290 [main] DEBUG io.netty.util.ResourceLeakDetector - -Dio.netty.leakDetection.targetRecords: 4
00:54:19.309 [main] DEBUG io.netty.channel.MultithreadEventLoopGroup - -Dio.netty.eventLoopThreads: 72
00:54:19.328 [main] DEBUG io.netty.util.internal.InternalThreadLocalMap - -Dio.netty.threadLocalMap.stringBuilder.initialSize: 1024
00:54:19.328 [main] DEBUG io.netty.util.internal.InternalThreadLocalMap - -Dio.netty.threadLocalMap.stringBuilder.maxSize: 4096
00:54:19.334 [main] DEBUG io.netty.channel.nio.NioEventLoop - -Dio.netty.noKeySetOptimization: false
00:54:19.334 [main] DEBUG io.netty.channel.nio.NioEventLoop - -Dio.netty.selectorAutoRebuildThreshold: 512
00:54:19.340 [main] DEBUG io.netty.util.internal.PlatformDependent - org.jctools-core.MpscChunkedArrayQueue: available
00:54:19.413 [main] DEBUG io.netty.resolver.dns.DefaultDnsServerAddressStreamProvider - Default DNS servers: [/127.0.0.53:53] (sun.net.dns.ResolverConfiguration)
00:54:19.417 [main] DEBUG io.netty.util.NetUtil - -Djava.net.preferIPv4Stack: false
00:54:19.417 [main] DEBUG io.netty.util.NetUtil - -Djava.net.preferIPv6Addresses: false
00:54:19.419 [main] DEBUG io.netty.util.NetUtilInitializations - Loopback interface: lo (lo, 0:0:0:0:0:0:0:1%lo)
00:54:19.420 [main] DEBUG io.netty.util.NetUtil - /proc/sys/net/core/somaxconn: 4096
2023-02-12 00:54:19.803  INFO 14931 --- [           main] o.a.maven.surefire.booter.ForkedBooter   : Starting ForkedBooter v2.22.2 using Java 11.0.17 on repairnator with PID 14931 (started by gabsko in /home/gabsko/breaking-updates/service-discovery/eureka)
2023-02-12 00:54:19.804  INFO 14931 --- [           main] o.a.maven.surefire.booter.ForkedBooter   : No active profile set, falling back to default profiles: default
2023-02-12 00:54:20.613 ERROR 14931 --- [           main] o.s.boot.SpringApplication               : Application run failed

java.lang.IllegalStateException: Error processing condition on org.springframework.cloud.netflix.eureka.server.EurekaServerAutoConfiguration.replicationClientAdditionalFilters
	at org.springframework.boot.autoconfigure.condition.SpringBootCondition.matches(SpringBootCondition.java:60) ~[spring-boot-autoconfigure-2.6.3.jar:2.6.3]
	at org.springframework.context.annotation.ConditionEvaluator.shouldSkip(ConditionEvaluator.java:108) ~[spring-context-5.3.15.jar:5.3.15]
	at org.springframework.context.annotation.ConfigurationClassBeanDefinitionReader.loadBeanDefinitionsForBeanMethod(ConfigurationClassBeanDefinitionReader.java:193) ~[spring-context-5.3.15.jar:5.3.15]
	at org.springframework.context.annotation.ConfigurationClassBeanDefinitionReader.loadBeanDefinitionsForConfigurationClass(ConfigurationClassBeanDefinitionReader.java:153) ~[spring-context-5.3.15.jar:5.3.15]
	at org.springframework.context.annotation.ConfigurationClassBeanDefinitionReader.loadBeanDefinitions(ConfigurationClassBeanDefinitionReader.java:129) ~[spring-context-5.3.15.jar:5.3.15]
	at org.springframework.context.annotation.ConfigurationClassPostProcessor.processConfigBeanDefinitions(ConfigurationClassPostProcessor.java:343) ~[spring-context-5.3.15.jar:5.3.15]
	at org.springframework.context.annotation.ConfigurationClassPostProcessor.postProcessBeanDefinitionRegistry(ConfigurationClassPostProcessor.java:247) ~[spring-context-5.3.15.jar:5.3.15]
	at org.springframework.context.support.PostProcessorRegistrationDelegate.invokeBeanDefinitionRegistryPostProcessors(PostProcessorRegistrationDelegate.java:311) ~[spring-context-5.3.15.jar:5.3.15]
	at org.springframework.context.support.PostProcessorRegistrationDelegate.invokeBeanFactoryPostProcessors(PostProcessorRegistrationDelegate.java:112) ~[spring-context-5.3.15.jar:5.3.15]
	at org.springframework.context.support.AbstractApplicationContext.invokeBeanFactoryPostProcessors(AbstractApplicationContext.java:746) ~[spring-context-5.3.15.jar:5.3.15]
	at org.springframework.context.support.AbstractApplicationContext.refresh(AbstractApplicationContext.java:564) ~[spring-context-5.3.15.jar:5.3.15]
	at org.springframework.boot.SpringApplication.refresh(SpringApplication.java:732) ~[spring-boot-2.6.3.jar:2.6.3]
	at org.springframework.boot.SpringApplication.refreshContext(SpringApplication.java:414) ~[spring-boot-2.6.3.jar:2.6.3]
	at org.springframework.boot.SpringApplication.run(SpringApplication.java:302) ~[spring-boot-2.6.3.jar:2.6.3]
	at org.springframework.boot.SpringApplication.run(SpringApplication.java:1303) ~[spring-boot-2.6.3.jar:2.6.3]
	at org.springframework.boot.SpringApplication.run(SpringApplication.java:1292) ~[spring-boot-2.6.3.jar:2.6.3]
	at io.smallrye.stork.servicediscovery.eureka.EurekaServer.start(EurekaServer.java:45) ~[test-classes/:na]
	at io.smallrye.stork.servicediscovery.eureka.EurekaDiscoveryTest.startEureka(EurekaDiscoveryTest.java:42) ~[test-classes/:na]
	at java.base/jdk.internal.reflect.NativeMethodAccessorImpl.invoke0(Native Method) ~[na:na]
	at java.base/jdk.internal.reflect.NativeMethodAccessorImpl.invoke(NativeMethodAccessorImpl.java:62) ~[na:na]
	at java.base/jdk.internal.reflect.DelegatingMethodAccessorImpl.invoke(DelegatingMethodAccessorImpl.java:43) ~[na:na]
	at java.base/java.lang.reflect.Method.invoke(Method.java:566) ~[na:na]
	at org.junit.platform.commons.util.ReflectionUtils.invokeMethod(ReflectionUtils.java:725) ~[junit-platform-commons-1.8.2.jar:1.8.2]
	at org.junit.jupiter.engine.execution.MethodInvocation.proceed(MethodInvocation.java:60) ~[junit-jupiter-engine-5.8.2.jar:5.8.2]
	at org.junit.jupiter.engine.execution.InvocationInterceptorChain$ValidatingInvocation.proceed(InvocationInterceptorChain.java:131) ~[junit-jupiter-engine-5.8.2.jar:5.8.2]
	at org.junit.jupiter.engine.extension.TimeoutExtension.intercept(TimeoutExtension.java:149) ~[junit-jupiter-engine-5.8.2.jar:5.8.2]
	at org.junit.jupiter.engine.extension.TimeoutExtension.interceptLifecycleMethod(TimeoutExtension.java:126) ~[junit-jupiter-engine-5.8.2.jar:5.8.2]
	at org.junit.jupiter.engine.extension.TimeoutExtension.interceptBeforeAllMethod(TimeoutExtension.java:68) ~[junit-jupiter-engine-5.8.2.jar:5.8.2]
	at org.junit.jupiter.engine.execution.ExecutableInvoker$ReflectiveInterceptorCall.lambda$ofVoidMethod$0(ExecutableInvoker.java:115) ~[junit-jupiter-engine-5.8.2.jar:5.8.2]
	at org.junit.jupiter.engine.execution.ExecutableInvoker.lambda$invoke$0(ExecutableInvoker.java:105) ~[junit-jupiter-engine-5.8.2.jar:5.8.2]
	at org.junit.jupiter.engine.execution.InvocationInterceptorChain$InterceptedInvocation.proceed(InvocationInterceptorChain.java:106) ~[junit-jupiter-engine-5.8.2.jar:5.8.2]
	at org.junit.jupiter.engine.execution.InvocationInterceptorChain.proceed(InvocationInterceptorChain.java:64) ~[junit-jupiter-engine-5.8.2.jar:5.8.2]
	at org.junit.jupiter.engine.execution.InvocationInterceptorChain.chainAndInvoke(InvocationInterceptorChain.java:45) ~[junit-jupiter-engine-5.8.2.jar:5.8.2]
	at org.junit.jupiter.engine.execution.InvocationInterceptorChain.invoke(InvocationInterceptorChain.java:37) ~[junit-jupiter-engine-5.8.2.jar:5.8.2]
	at org.junit.jupiter.engine.execution.ExecutableInvoker.invoke(ExecutableInvoker.java:104) ~[junit-jupiter-engine-5.8.2.jar:5.8.2]
	at org.junit.jupiter.engine.execution.ExecutableInvoker.invoke(ExecutableInvoker.java:98) ~[junit-jupiter-engine-5.8.2.jar:5.8.2]
	at org.junit.jupiter.engine.descriptor.ClassBasedTestDescriptor.lambda$invokeBeforeAllMethods$11(ClassBasedTestDescriptor.java:397) ~[junit-jupiter-engine-5.8.2.jar:5.8.2]
	at org.junit.platform.engine.support.hierarchical.ThrowableCollector.execute(ThrowableCollector.java:73) ~[junit-platform-engine-1.8.2.jar:1.8.2]
	at org.junit.jupiter.engine.descriptor.ClassBasedTestDescriptor.invokeBeforeAllMethods(ClassBasedTestDescriptor.java:395) ~[junit-jupiter-engine-5.8.2.jar:5.8.2]
	at org.junit.jupiter.engine.descriptor.ClassBasedTestDescriptor.before(ClassBasedTestDescriptor.java:209) ~[junit-jupiter-engine-5.8.2.jar:5.8.2]
	at org.junit.jupiter.engine.descriptor.ClassBasedTestDescriptor.before(ClassBasedTestDescriptor.java:80) ~[junit-jupiter-engine-5.8.2.jar:5.8.2]
	at org.junit.platform.engine.support.hierarchical.NodeTestTask.lambda$executeRecursively$6(NodeTestTask.java:148) ~[junit-platform-engine-1.8.2.jar:1.8.2]
	at org.junit.platform.engine.support.hierarchical.ThrowableCollector.execute(ThrowableCollector.java:73) ~[junit-platform-engine-1.8.2.jar:1.8.2]
	at org.junit.platform.engine.support.hierarchical.NodeTestTask.lambda$executeRecursively$8(NodeTestTask.java:141) ~[junit-platform-engine-1.8.2.jar:1.8.2]
	at org.junit.platform.engine.support.hierarchical.Node.around(Node.java:137) ~[junit-platform-engine-1.8.2.jar:1.8.2]
	at org.junit.platform.engine.support.hierarchical.NodeTestTask.lambda$executeRecursively$9(NodeTestTask.java:139) ~[junit-platform-engine-1.8.2.jar:1.8.2]
	at org.junit.platform.engine.support.hierarchical.ThrowableCollector.execute(ThrowableCollector.java:73) ~[junit-platform-engine-1.8.2.jar:1.8.2]
	at org.junit.platform.engine.support.hierarchical.NodeTestTask.executeRecursively(NodeTestTask.java:138) ~[junit-platform-engine-1.8.2.jar:1.8.2]
	at org.junit.platform.engine.support.hierarchical.NodeTestTask.execute(NodeTestTask.java:95) ~[junit-platform-engine-1.8.2.jar:1.8.2]
	at java.base/java.util.ArrayList.forEach(ArrayList.java:1541) ~[na:na]
	at org.junit.platform.engine.support.hierarchical.SameThreadHierarchicalTestExecutorService.invokeAll(SameThreadHierarchicalTestExecutorService.java:41) ~[junit-platform-engine-1.8.2.jar:1.8.2]
	at org.junit.platform.engine.support.hierarchical.NodeTestTask.lambda$executeRecursively$6(NodeTestTask.java:155) ~[junit-platform-engine-1.8.2.jar:1.8.2]
	at org.junit.platform.engine.support.hierarchical.ThrowableCollector.execute(ThrowableCollector.java:73) ~[junit-platform-engine-1.8.2.jar:1.8.2]
	at org.junit.platform.engine.support.hierarchical.NodeTestTask.lambda$executeRecursively$8(NodeTestTask.java:141) ~[junit-platform-engine-1.8.2.jar:1.8.2]
	at org.junit.platform.engine.support.hierarchical.Node.around(Node.java:137) ~[junit-platform-engine-1.8.2.jar:1.8.2]
	at org.junit.platform.engine.support.hierarchical.NodeTestTask.lambda$executeRecursively$9(NodeTestTask.java:139) ~[junit-platform-engine-1.8.2.jar:1.8.2]
	at org.junit.platform.engine.support.hierarchical.ThrowableCollector.execute(ThrowableCollector.java:73) ~[junit-platform-engine-1.8.2.jar:1.8.2]
	at org.junit.platform.engine.support.hierarchical.NodeTestTask.executeRecursively(NodeTestTask.java:138) ~[junit-platform-engine-1.8.2.jar:1.8.2]
	at org.junit.platform.engine.support.hierarchical.NodeTestTask.execute(NodeTestTask.java:95) ~[junit-platform-engine-1.8.2.jar:1.8.2]
	at org.junit.platform.engine.support.hierarchical.SameThreadHierarchicalTestExecutorService.submit(SameThreadHierarchicalTestExecutorService.java:35) ~[junit-platform-engine-1.8.2.jar:1.8.2]
	at org.junit.platform.engine.support.hierarchical.HierarchicalTestExecutor.execute(HierarchicalTestExecutor.java:57) ~[junit-platform-engine-1.8.2.jar:1.8.2]
	at org.junit.platform.engine.support.hierarchical.HierarchicalTestEngine.execute(HierarchicalTestEngine.java:54) ~[junit-platform-engine-1.8.2.jar:1.8.2]
	at org.junit.platform.launcher.core.DefaultLauncher.execute(DefaultLauncher.java:220) ~[junit-platform-launcher-1.3.1.jar:1.3.1]
	at org.junit.platform.launcher.core.DefaultLauncher.lambda$execute$6(DefaultLauncher.java:188) ~[junit-platform-launcher-1.3.1.jar:1.3.1]
	at org.junit.platform.launcher.core.DefaultLauncher.withInterceptedStreams(DefaultLauncher.java:202) ~[junit-platform-launcher-1.3.1.jar:1.3.1]
	at org.junit.platform.launcher.core.DefaultLauncher.execute(DefaultLauncher.java:181) ~[junit-platform-launcher-1.3.1.jar:1.3.1]
	at org.junit.platform.launcher.core.DefaultLauncher.execute(DefaultLauncher.java:128) ~[junit-platform-launcher-1.3.1.jar:1.3.1]
	at org.apache.maven.surefire.junitplatform.JUnitPlatformProvider.invokeAllTests(JUnitPlatformProvider.java:150) ~[surefire-junit-platform-2.22.2.jar:2.22.2]
	at org.apache.maven.surefire.junitplatform.JUnitPlatformProvider.invoke(JUnitPlatformProvider.java:124) ~[surefire-junit-platform-2.22.2.jar:2.22.2]
	at org.apache.maven.surefire.booter.ForkedBooter.invokeProviderInSameClassLoader(ForkedBooter.java:384) ~[surefire-booter-2.22.2.jar:2.22.2]
	at org.apache.maven.surefire.booter.ForkedBooter.runSuitesInProcess(ForkedBooter.java:345) ~[surefire-booter-2.22.2.jar:2.22.2]
	at org.apache.maven.surefire.booter.ForkedBooter.execute(ForkedBooter.java:126) ~[surefire-booter-2.22.2.jar:2.22.2]
	at org.apache.maven.surefire.booter.ForkedBooter.main(ForkedBooter.java:418) ~[surefire-booter-2.22.2.jar:2.22.2]
Caused by: java.lang.IllegalStateException: Failed to introspect Class [org.springframework.cloud.netflix.eureka.server.EurekaServerAutoConfiguration] from ClassLoader [jdk.internal.loader.ClassLoaders$AppClassLoader@55054057]
	at org.springframework.util.ReflectionUtils.getDeclaredMethods(ReflectionUtils.java:481) ~[spring-core-5.3.15.jar:5.3.15]
	at org.springframework.util.ReflectionUtils.doWithMethods(ReflectionUtils.java:358) ~[spring-core-5.3.15.jar:5.3.15]
	at org.springframework.util.ReflectionUtils.getUniqueDeclaredMethods(ReflectionUtils.java:414) ~[spring-core-5.3.15.jar:5.3.15]
	at org.springframework.beans.factory.support.AbstractAutowireCapableBeanFactory.lambda$getTypeForFactoryMethod$2(AbstractAutowireCapableBeanFactory.java:765) ~[spring-beans-5.3.15.jar:5.3.15]
	at java.base/java.util.concurrent.ConcurrentHashMap.computeIfAbsent(ConcurrentHashMap.java:1705) ~[na:na]
	at org.springframework.beans.factory.support.AbstractAutowireCapableBeanFactory.getTypeForFactoryMethod(AbstractAutowireCapableBeanFactory.java:764) ~[spring-beans-5.3.15.jar:5.3.15]
	at org.springframework.beans.factory.support.AbstractAutowireCapableBeanFactory.determineTargetType(AbstractAutowireCapableBeanFactory.java:703) ~[spring-beans-5.3.15.jar:5.3.15]
	at org.springframework.beans.factory.support.AbstractAutowireCapableBeanFactory.predictBeanType(AbstractAutowireCapableBeanFactory.java:674) ~[spring-beans-5.3.15.jar:5.3.15]
	at org.springframework.beans.factory.support.AbstractBeanFactory.isFactoryBean(AbstractBeanFactory.java:1670) ~[spring-beans-5.3.15.jar:5.3.15]
	at org.springframework.beans.factory.support.DefaultListableBeanFactory.doGetBeanNamesForType(DefaultListableBeanFactory.java:570) ~[spring-beans-5.3.15.jar:5.3.15]
	at org.springframework.beans.factory.support.DefaultListableBeanFactory.getBeanNamesForType(DefaultListableBeanFactory.java:542) ~[spring-beans-5.3.15.jar:5.3.15]
	at org.springframework.boot.autoconfigure.condition.OnBeanCondition.collectBeanNamesForType(OnBeanCondition.java:238) ~[spring-boot-autoconfigure-2.6.3.jar:2.6.3]
	at org.springframework.boot.autoconfigure.condition.OnBeanCondition.getBeanNamesForType(OnBeanCondition.java:231) ~[spring-boot-autoconfigure-2.6.3.jar:2.6.3]
	at org.springframework.boot.autoconfigure.condition.OnBeanCondition.getBeanNamesForType(OnBeanCondition.java:221) ~[spring-boot-autoconfigure-2.6.3.jar:2.6.3]
	at org.springframework.boot.autoconfigure.condition.OnBeanCondition.getMatchingBeans(OnBeanCondition.java:169) ~[spring-boot-autoconfigure-2.6.3.jar:2.6.3]
	at org.springframework.boot.autoconfigure.condition.OnBeanCondition.getMatchOutcome(OnBeanCondition.java:144) ~[spring-boot-autoconfigure-2.6.3.jar:2.6.3]
	at org.springframework.boot.autoconfigure.condition.SpringBootCondition.matches(SpringBootCondition.java:47) ~[spring-boot-autoconfigure-2.6.3.jar:2.6.3]
	... 72 common frames omitted
Caused by: java.lang.NoClassDefFoundError: javax/servlet/Filter
	at java.base/java.lang.Class.getDeclaredMethods0(Native Method) ~[na:na]
	at java.base/java.lang.Class.privateGetDeclaredMethods(Class.java:3166) ~[na:na]
	at java.base/java.lang.Class.getDeclaredMethods(Class.java:2309) ~[na:na]
	at org.springframework.util.ReflectionUtils.getDeclaredMethods(ReflectionUtils.java:463) ~[spring-core-5.3.15.jar:5.3.15]
	... 88 common frames omitted
Caused by: java.lang.ClassNotFoundException: javax.servlet.Filter
	at java.base/jdk.internal.loader.BuiltinClassLoader.loadClass(BuiltinClassLoader.java:581) ~[na:na]
	at java.base/jdk.internal.loader.ClassLoaders$AppClassLoader.loadClass(ClassLoaders.java:178) ~[na:na]
	at java.base/java.lang.ClassLoader.loadClass(ClassLoader.java:522) ~[na:na]
	... 92 common frames omitted

2023-02-12 00:54:20.620  WARN 14931 --- [           main] o.s.boot.SpringApplication               : Unable to close ApplicationContext

java.lang.IllegalStateException: Failed to introspect Class [org.springframework.cloud.netflix.eureka.server.EurekaServerAutoConfiguration] from ClassLoader [jdk.internal.loader.ClassLoaders$AppClassLoader@55054057]
	at org.springframework.util.ReflectionUtils.getDeclaredMethods(ReflectionUtils.java:481) ~[spring-core-5.3.15.jar:5.3.15]
	at org.springframework.util.ReflectionUtils.doWithMethods(ReflectionUtils.java:358) ~[spring-core-5.3.15.jar:5.3.15]
	at org.springframework.util.ReflectionUtils.getUniqueDeclaredMethods(ReflectionUtils.java:414) ~[spring-core-5.3.15.jar:5.3.15]
	at org.springframework.beans.factory.support.AbstractAutowireCapableBeanFactory.lambda$getTypeForFactoryMethod$2(AbstractAutowireCapableBeanFactory.java:765) ~[spring-beans-5.3.15.jar:5.3.15]
	at java.base/java.util.concurrent.ConcurrentHashMap.computeIfAbsent(ConcurrentHashMap.java:1705) ~[na:na]
	at org.springframework.beans.factory.support.AbstractAutowireCapableBeanFactory.getTypeForFactoryMethod(AbstractAutowireCapableBeanFactory.java:764) ~[spring-beans-5.3.15.jar:5.3.15]
	at org.springframework.beans.factory.support.AbstractAutowireCapableBeanFactory.determineTargetType(AbstractAutowireCapableBeanFactory.java:703) ~[spring-beans-5.3.15.jar:5.3.15]
	at org.springframework.beans.factory.support.AbstractAutowireCapableBeanFactory.predictBeanType(AbstractAutowireCapableBeanFactory.java:674) ~[spring-beans-5.3.15.jar:5.3.15]
	at org.springframework.beans.factory.support.AbstractBeanFactory.isFactoryBean(AbstractBeanFactory.java:1670) ~[spring-beans-5.3.15.jar:5.3.15]
	at org.springframework.beans.factory.support.DefaultListableBeanFactory.doGetBeanNamesForType(DefaultListableBeanFactory.java:570) ~[spring-beans-5.3.15.jar:5.3.15]
	at org.springframework.beans.factory.support.DefaultListableBeanFactory.getBeanNamesForType(DefaultListableBeanFactory.java:542) ~[spring-beans-5.3.15.jar:5.3.15]
	at org.springframework.beans.factory.support.DefaultListableBeanFactory.getBeansOfType(DefaultListableBeanFactory.java:667) ~[spring-beans-5.3.15.jar:5.3.15]
	at org.springframework.beans.factory.support.DefaultListableBeanFactory.getBeansOfType(DefaultListableBeanFactory.java:659) ~[spring-beans-5.3.15.jar:5.3.15]
	at org.springframework.context.support.AbstractApplicationContext.getBeansOfType(AbstractApplicationContext.java:1300) ~[spring-context-5.3.15.jar:5.3.15]
	at org.springframework.boot.SpringApplication.getExitCodeFromMappedException(SpringApplication.java:864) ~[spring-boot-2.6.3.jar:2.6.3]
	at org.springframework.boot.SpringApplication.getExitCodeFromException(SpringApplication.java:852) ~[spring-boot-2.6.3.jar:2.6.3]
	at org.springframework.boot.SpringApplication.handleExitCode(SpringApplication.java:839) ~[spring-boot-2.6.3.jar:2.6.3]
	at org.springframework.boot.SpringApplication.handleRunFailure(SpringApplication.java:780) ~[spring-boot-2.6.3.jar:2.6.3]
	at org.springframework.boot.SpringApplication.run(SpringApplication.java:312) ~[spring-boot-2.6.3.jar:2.6.3]
	at org.springframework.boot.SpringApplication.run(SpringApplication.java:1303) ~[spring-boot-2.6.3.jar:2.6.3]
	at org.springframework.boot.SpringApplication.run(SpringApplication.java:1292) ~[spring-boot-2.6.3.jar:2.6.3]
	at io.smallrye.stork.servicediscovery.eureka.EurekaServer.start(EurekaServer.java:45) ~[test-classes/:na]
	at io.smallrye.stork.servicediscovery.eureka.EurekaDiscoveryTest.startEureka(EurekaDiscoveryTest.java:42) ~[test-classes/:na]
	at java.base/jdk.internal.reflect.NativeMethodAccessorImpl.invoke0(Native Method) ~[na:na]
	at java.base/jdk.internal.reflect.NativeMethodAccessorImpl.invoke(NativeMethodAccessorImpl.java:62) ~[na:na]
	at java.base/jdk.internal.reflect.DelegatingMethodAccessorImpl.invoke(DelegatingMethodAccessorImpl.java:43) ~[na:na]
	at java.base/java.lang.reflect.Method.invoke(Method.java:566) ~[na:na]
	at org.junit.platform.commons.util.ReflectionUtils.invokeMethod(ReflectionUtils.java:725) ~[junit-platform-commons-1.8.2.jar:1.8.2]
	at org.junit.jupiter.engine.execution.MethodInvocation.proceed(MethodInvocation.java:60) ~[junit-jupiter-engine-5.8.2.jar:5.8.2]
	at org.junit.jupiter.engine.execution.InvocationInterceptorChain$ValidatingInvocation.proceed(InvocationInterceptorChain.java:131) ~[junit-jupiter-engine-5.8.2.jar:5.8.2]
	at org.junit.jupiter.engine.extension.TimeoutExtension.intercept(TimeoutExtension.java:149) ~[junit-jupiter-engine-5.8.2.jar:5.8.2]
	at org.junit.jupiter.engine.extension.TimeoutExtension.interceptLifecycleMethod(TimeoutExtension.java:126) ~[junit-jupiter-engine-5.8.2.jar:5.8.2]
	at org.junit.jupiter.engine.extension.TimeoutExtension.interceptBeforeAllMethod(TimeoutExtension.java:68) ~[junit-jupiter-engine-5.8.2.jar:5.8.2]
	at org.junit.jupiter.engine.execution.ExecutableInvoker$ReflectiveInterceptorCall.lambda$ofVoidMethod$0(ExecutableInvoker.java:115) ~[junit-jupiter-engine-5.8.2.jar:5.8.2]
	at org.junit.jupiter.engine.execution.ExecutableInvoker.lambda$invoke$0(ExecutableInvoker.java:105) ~[junit-jupiter-engine-5.8.2.jar:5.8.2]
	at org.junit.jupiter.engine.execution.InvocationInterceptorChain$InterceptedInvocation.proceed(InvocationInterceptorChain.java:106) ~[junit-jupiter-engine-5.8.2.jar:5.8.2]
	at org.junit.jupiter.engine.execution.InvocationInterceptorChain.proceed(InvocationInterceptorChain.java:64) ~[junit-jupiter-engine-5.8.2.jar:5.8.2]
	at org.junit.jupiter.engine.execution.InvocationInterceptorChain.chainAndInvoke(InvocationInterceptorChain.java:45) ~[junit-jupiter-engine-5.8.2.jar:5.8.2]
	at org.junit.jupiter.engine.execution.InvocationInterceptorChain.invoke(InvocationInterceptorChain.java:37) ~[junit-jupiter-engine-5.8.2.jar:5.8.2]
	at org.junit.jupiter.engine.execution.ExecutableInvoker.invoke(ExecutableInvoker.java:104) ~[junit-jupiter-engine-5.8.2.jar:5.8.2]
	at org.junit.jupiter.engine.execution.ExecutableInvoker.invoke(ExecutableInvoker.java:98) ~[junit-jupiter-engine-5.8.2.jar:5.8.2]
	at org.junit.jupiter.engine.descriptor.ClassBasedTestDescriptor.lambda$invokeBeforeAllMethods$11(ClassBasedTestDescriptor.java:397) ~[junit-jupiter-engine-5.8.2.jar:5.8.2]
	at org.junit.platform.engine.support.hierarchical.ThrowableCollector.execute(ThrowableCollector.java:73) ~[junit-platform-engine-1.8.2.jar:1.8.2]
	at org.junit.jupiter.engine.descriptor.ClassBasedTestDescriptor.invokeBeforeAllMethods(ClassBasedTestDescriptor.java:395) ~[junit-jupiter-engine-5.8.2.jar:5.8.2]
	at org.junit.jupiter.engine.descriptor.ClassBasedTestDescriptor.before(ClassBasedTestDescriptor.java:209) ~[junit-jupiter-engine-5.8.2.jar:5.8.2]
	at org.junit.jupiter.engine.descriptor.ClassBasedTestDescriptor.before(ClassBasedTestDescriptor.java:80) ~[junit-jupiter-engine-5.8.2.jar:5.8.2]
	at org.junit.platform.engine.support.hierarchical.NodeTestTask.lambda$executeRecursively$6(NodeTestTask.java:148) ~[junit-platform-engine-1.8.2.jar:1.8.2]
	at org.junit.platform.engine.support.hierarchical.ThrowableCollector.execute(ThrowableCollector.java:73) ~[junit-platform-engine-1.8.2.jar:1.8.2]
	at org.junit.platform.engine.support.hierarchical.NodeTestTask.lambda$executeRecursively$8(NodeTestTask.java:141) ~[junit-platform-engine-1.8.2.jar:1.8.2]
	at org.junit.platform.engine.support.hierarchical.Node.around(Node.java:137) ~[junit-platform-engine-1.8.2.jar:1.8.2]
	at org.junit.platform.engine.support.hierarchical.NodeTestTask.lambda$executeRecursively$9(NodeTestTask.java:139) ~[junit-platform-engine-1.8.2.jar:1.8.2]
	at org.junit.platform.engine.support.hierarchical.ThrowableCollector.execute(ThrowableCollector.java:73) ~[junit-platform-engine-1.8.2.jar:1.8.2]
	at org.junit.platform.engine.support.hierarchical.NodeTestTask.executeRecursively(NodeTestTask.java:138) ~[junit-platform-engine-1.8.2.jar:1.8.2]
	at org.junit.platform.engine.support.hierarchical.NodeTestTask.execute(NodeTestTask.java:95) ~[junit-platform-engine-1.8.2.jar:1.8.2]
	at java.base/java.util.ArrayList.forEach(ArrayList.java:1541) ~[na:na]
	at org.junit.platform.engine.support.hierarchical.SameThreadHierarchicalTestExecutorService.invokeAll(SameThreadHierarchicalTestExecutorService.java:41) ~[junit-platform-engine-1.8.2.jar:1.8.2]
	at org.junit.platform.engine.support.hierarchical.NodeTestTask.lambda$executeRecursively$6(NodeTestTask.java:155) ~[junit-platform-engine-1.8.2.jar:1.8.2]
	at org.junit.platform.engine.support.hierarchical.ThrowableCollector.execute(ThrowableCollector.java:73) ~[junit-platform-engine-1.8.2.jar:1.8.2]
	at org.junit.platform.engine.support.hierarchical.NodeTestTask.lambda$executeRecursively$8(NodeTestTask.java:141) ~[junit-platform-engine-1.8.2.jar:1.8.2]
	at org.junit.platform.engine.support.hierarchical.Node.around(Node.java:137) ~[junit-platform-engine-1.8.2.jar:1.8.2]
	at org.junit.platform.engine.support.hierarchical.NodeTestTask.lambda$executeRecursively$9(NodeTestTask.java:139) ~[junit-platform-engine-1.8.2.jar:1.8.2]
	at org.junit.platform.engine.support.hierarchical.ThrowableCollector.execute(ThrowableCollector.java:73) ~[junit-platform-engine-1.8.2.jar:1.8.2]
	at org.junit.platform.engine.support.hierarchical.NodeTestTask.executeRecursively(NodeTestTask.java:138) ~[junit-platform-engine-1.8.2.jar:1.8.2]
	at org.junit.platform.engine.support.hierarchical.NodeTestTask.execute(NodeTestTask.java:95) ~[junit-platform-engine-1.8.2.jar:1.8.2]
	at org.junit.platform.engine.support.hierarchical.SameThreadHierarchicalTestExecutorService.submit(SameThreadHierarchicalTestExecutorService.java:35) ~[junit-platform-engine-1.8.2.jar:1.8.2]
	at org.junit.platform.engine.support.hierarchical.HierarchicalTestExecutor.execute(HierarchicalTestExecutor.java:57) ~[junit-platform-engine-1.8.2.jar:1.8.2]
	at org.junit.platform.engine.support.hierarchical.HierarchicalTestEngine.execute(HierarchicalTestEngine.java:54) ~[junit-platform-engine-1.8.2.jar:1.8.2]
	at org.junit.platform.launcher.core.DefaultLauncher.execute(DefaultLauncher.java:220) ~[junit-platform-launcher-1.3.1.jar:1.3.1]
	at org.junit.platform.launcher.core.DefaultLauncher.lambda$execute$6(DefaultLauncher.java:188) ~[junit-platform-launcher-1.3.1.jar:1.3.1]
	at org.junit.platform.launcher.core.DefaultLauncher.withInterceptedStreams(DefaultLauncher.java:202) ~[junit-platform-launcher-1.3.1.jar:1.3.1]
	at org.junit.platform.launcher.core.DefaultLauncher.execute(DefaultLauncher.java:181) ~[junit-platform-launcher-1.3.1.jar:1.3.1]
	at org.junit.platform.launcher.core.DefaultLauncher.execute(DefaultLauncher.java:128) ~[junit-platform-launcher-1.3.1.jar:1.3.1]
	at org.apache.maven.surefire.junitplatform.JUnitPlatformProvider.invokeAllTests(JUnitPlatformProvider.java:150) ~[surefire-junit-platform-2.22.2.jar:2.22.2]
	at org.apache.maven.surefire.junitplatform.JUnitPlatformProvider.invoke(JUnitPlatformProvider.java:124) ~[surefire-junit-platform-2.22.2.jar:2.22.2]
	at org.apache.maven.surefire.booter.ForkedBooter.invokeProviderInSameClassLoader(ForkedBooter.java:384) ~[surefire-booter-2.22.2.jar:2.22.2]
	at org.apache.maven.surefire.booter.ForkedBooter.runSuitesInProcess(ForkedBooter.java:345) ~[surefire-booter-2.22.2.jar:2.22.2]
	at org.apache.maven.surefire.booter.ForkedBooter.execute(ForkedBooter.java:126) ~[surefire-booter-2.22.2.jar:2.22.2]
	at org.apache.maven.surefire.booter.ForkedBooter.main(ForkedBooter.java:418) ~[surefire-booter-2.22.2.jar:2.22.2]
Caused by: java.lang.NoClassDefFoundError: javax/servlet/Filter
	at java.base/java.lang.Class.getDeclaredMethods0(Native Method) ~[na:na]
	at java.base/java.lang.Class.privateGetDeclaredMethods(Class.java:3166) ~[na:na]
	at java.base/java.lang.Class.getDeclaredMethods(Class.java:2309) ~[na:na]
	at org.springframework.util.ReflectionUtils.getDeclaredMethods(ReflectionUtils.java:463) ~[spring-core-5.3.15.jar:5.3.15]
	... 77 common frames omitted
Caused by: java.lang.ClassNotFoundException: javax.servlet.Filter
	at java.base/jdk.internal.loader.BuiltinClassLoader.loadClass(BuiltinClassLoader.java:581) ~[na:na]
	at java.base/jdk.internal.loader.ClassLoaders$AppClassLoader.loadClass(ClassLoaders.java:178) ~[na:na]
	at java.base/java.lang.ClassLoader.loadClass(ClassLoader.java:522) ~[na:na]
	... 81 common frames omitted

[ERROR] Tests run: 1, Failures: 0, Errors: 1, Skipped: 0, Time elapsed: 1.526 s <<< FAILURE! - in io.smallrye.stork.servicediscovery.eureka.EurekaDiscoveryTest
[ERROR] io.smallrye.stork.servicediscovery.eureka.EurekaDiscoveryTest  Time elapsed: 1.526 s  <<< ERROR!
java.lang.IllegalStateException: Error processing condition on org.springframework.cloud.netflix.eureka.server.EurekaServerAutoConfiguration.replicationClientAdditionalFilters
	at io.smallrye.stork.servicediscovery.eureka.EurekaDiscoveryTest.startEureka(EurekaDiscoveryTest.java:42)
Caused by: java.lang.IllegalStateException: Failed to introspect Class [org.springframework.cloud.netflix.eureka.server.EurekaServerAutoConfiguration] from ClassLoader [jdk.internal.loader.ClassLoaders$AppClassLoader@55054057]
	at io.smallrye.stork.servicediscovery.eureka.EurekaDiscoveryTest.startEureka(EurekaDiscoveryTest.java:42)
Caused by: java.lang.NoClassDefFoundError: javax/servlet/Filter
	at io.smallrye.stork.servicediscovery.eureka.EurekaDiscoveryTest.startEureka(EurekaDiscoveryTest.java:42)
Caused by: java.lang.ClassNotFoundException: javax.servlet.Filter
	at io.smallrye.stork.servicediscovery.eureka.EurekaDiscoveryTest.startEureka(EurekaDiscoveryTest.java:42)

[INFO] Running io.smallrye.stork.servicediscovery.eureka.EurekaDownTest
2023-02-12 00:54:20.765  INFO 14931 --- [           main] io.smallrye.stork.Stork                  : No load balancer configured for type eureka, using round-robin
2023-02-12 00:54:20.941 ERROR 14931 --- [ntloop-thread-1] i.s.stork.impl.CachingServiceDiscovery   : Failed to fetch service instances

io.netty.channel.AbstractChannel$AnnotatedConnectException: Connection refused: localhost/127.0.0.1:8761
Caused by: java.net.ConnectException: Connection refused
	at java.base/sun.nio.ch.SocketChannelImpl.checkConnect(Native Method) ~[na:na]
	at java.base/sun.nio.ch.SocketChannelImpl.finishConnect(SocketChannelImpl.java:777) ~[na:na]
	at io.netty.channel.socket.nio.NioSocketChannel.doFinishConnect(NioSocketChannel.java:330) ~[netty-transport-4.1.72.Final.jar:4.1.72.Final]
	at io.netty.channel.nio.AbstractNioChannel$AbstractNioUnsafe.finishConnect(AbstractNioChannel.java:334) ~[netty-transport-4.1.72.Final.jar:4.1.72.Final]
	at io.netty.channel.nio.NioEventLoop.processSelectedKey(NioEventLoop.java:710) ~[netty-transport-4.1.72.Final.jar:4.1.72.Final]
	at io.netty.channel.nio.NioEventLoop.processSelectedKeysOptimized(NioEventLoop.java:658) ~[netty-transport-4.1.72.Final.jar:4.1.72.Final]
	at io.netty.channel.nio.NioEventLoop.processSelectedKeys(NioEventLoop.java:584) ~[netty-transport-4.1.72.Final.jar:4.1.72.Final]
	at io.netty.channel.nio.NioEventLoop.run(NioEventLoop.java:496) ~[netty-transport-4.1.72.Final.jar:4.1.72.Final]
	at io.netty.util.concurrent.SingleThreadEventExecutor$4.run(SingleThreadEventExecutor.java:986) ~[netty-common-4.1.72.Final.jar:4.1.72.Final]
	at io.netty.util.internal.ThreadExecutorMap$2.run(ThreadExecutorMap.java:74) ~[netty-common-4.1.72.Final.jar:4.1.72.Final]
	at io.netty.util.concurrent.FastThreadLocalRunnable.run(FastThreadLocalRunnable.java:30) ~[netty-common-4.1.72.Final.jar:4.1.72.Final]
	at java.base/java.lang.Thread.run(Thread.java:829) ~[na:na]

[INFO] Tests run: 1, Failures: 0, Errors: 0, Skipped: 0, Time elapsed: 0.332 s - in io.smallrye.stork.servicediscovery.eureka.EurekaDownTest
[INFO] 
[INFO] Results:
[INFO] 
[ERROR] Errors: 
[ERROR]   EurekaDiscoveryTest.startEureka:42  IllegalState Error processing condition o...
[INFO] 
[ERROR] Tests run: 2, Failures: 0, Errors: 1, Skipped: 0
[INFO] 
[INFO] ------------------------------------------------------------------------
[INFO] Reactor Summary for SmallRye Service Discovery : Parent 1.1.1-SNAPSHOT:
[INFO] 
[INFO] SmallRye Service Discovery : Parent ................ SUCCESS [  0.556 s]
[INFO] SmallRye Stork : Main API classes .................. SUCCESS [  2.875 s]
[INFO] SmallRye Service Discovery : BOM ................... SUCCESS [  0.009 s]
[INFO] SmallRye Stork : Configuration Generator ........... SUCCESS [  0.367 s]
[INFO] SmallRye Stork : Core .............................. SUCCESS [ 11.750 s]
[INFO] SmallRye Stork : Test Utilities .................... SUCCESS [  0.223 s]
[INFO] SmallRye Stork : MicroProfile Config integration ... SUCCESS [  1.066 s]
[INFO] SmallRye Stork Service Discovery : Static List ..... SUCCESS [  1.026 s]
[INFO] SmallRye Stork Service Discovery : Consul List ..... SUCCESS [  0.417 s]
[INFO] SmallRye Stork Service Discovery : Kubernetes DNS .. SUCCESS [ 20.132 s]
[INFO] SmallRye Stork Service Discovery : Eureka .......... FAILURE [  4.020 s]
[INFO] SmallRye Stork Service Discovery : Composite ....... SKIPPED
[INFO] SmallRye Stork Load Balancer : Least Response Time . SKIPPED
[INFO] SmallRye Stork Load Balancer : Random .............. SKIPPED
[INFO] SmallRye Stork Load Balancer : Least Requests ...... SKIPPED
[INFO] SmallRye Stork Load Balancer : Power Of Two Choices  SKIPPED
[INFO] SmallRye Stork : Doc ............................... SKIPPED
[INFO] ------------------------------------------------------------------------
[INFO] BUILD FAILURE
[INFO] ------------------------------------------------------------------------
[INFO] Total time:  42.674 s
[INFO] Finished at: 2023-02-12T00:54:21Z
[INFO] ------------------------------------------------------------------------
[ERROR] Failed to execute goal org.apache.maven.plugins:maven-surefire-plugin:2.22.2:test (default-test) on project stork-service-discovery-eureka: There are test failures.
[ERROR] 
[ERROR] Please refer to /home/gabsko/breaking-updates/service-discovery/eureka/target/surefire-reports for the individual test results.
[ERROR] Please refer to dump files (if any exist) [date].dump, [date]-jvmRun[N].dump and [date].dumpstream.
[ERROR] -> [Help 1]
[ERROR] 
[ERROR] To see the full stack trace of the errors, re-run Maven with the -e switch.
[ERROR] Re-run Maven using the -X switch to enable full debug logging.
[ERROR] 
[ERROR] For more information about the errors and possible solutions, please read the following articles:
[ERROR] [Help 1] http://cwiki.apache.org/confluence/display/MAVEN/MojoFailureException
[ERROR] 
[ERROR] After correcting the problems, you can resume the build with the command
[ERROR]   mvn <args> -rf :stork-service-discovery-eureka
